[2026-02-18T01:38:51.386+0000] {taskinstance.py:1956} INFO - Dependencies all met for dep_context=non-requeueable deps ti=<TaskInstance: boston_api_to_s3.fetch_and_convert manual__2026-02-18T01:38:49.198250+00:00 [queued]>
[2026-02-18T01:38:51.388+0000] {taskinstance.py:1956} INFO - Dependencies all met for dep_context=requeueable deps ti=<TaskInstance: boston_api_to_s3.fetch_and_convert manual__2026-02-18T01:38:49.198250+00:00 [queued]>
[2026-02-18T01:38:51.388+0000] {taskinstance.py:2170} INFO - Starting attempt 1 of 2
[2026-02-18T01:38:51.392+0000] {taskinstance.py:2191} INFO - Executing <Task(PythonOperator): fetch_and_convert> on 2026-02-18 01:38:49.198250+00:00
[2026-02-18T01:38:51.395+0000] {standard_task_runner.py:60} INFO - Started process 291 to run task
[2026-02-18T01:38:51.396+0000] {standard_task_runner.py:87} INFO - Running: ['***', 'tasks', 'run', 'boston_api_to_s3', 'fetch_and_convert', 'manual__2026-02-18T01:38:49.198250+00:00', '--job-id', '17', '--raw', '--subdir', 'DAGS_FOLDER/boston_api_to_s3.py', '--cfg-path', '/tmp/tmptgil3ggf']
[2026-02-18T01:38:51.397+0000] {standard_task_runner.py:88} INFO - Job 17: Subtask fetch_and_convert
[2026-02-18T01:38:51.414+0000] {task_command.py:423} INFO - Running <TaskInstance: boston_api_to_s3.fetch_and_convert manual__2026-02-18T01:38:49.198250+00:00 [running]> on host 3adb4400ce58
[2026-02-18T01:38:51.440+0000] {taskinstance.py:2480} INFO - Exporting env vars: AIRFLOW_CTX_DAG_OWNER='***' AIRFLOW_CTX_DAG_ID='boston_api_to_s3' AIRFLOW_CTX_TASK_ID='fetch_and_convert' AIRFLOW_CTX_EXECUTION_DATE='2026-02-18T01:38:49.198250+00:00' AIRFLOW_CTX_TRY_NUMBER='1' AIRFLOW_CTX_DAG_RUN_ID='manual__2026-02-18T01:38:49.198250+00:00'
[2026-02-18T01:38:51.443+0000] {logging_mixin.py:188} INFO - Fetching data from https://data.boston.gov/api/3/action/datastore_search?resource_id=b973d8cb-eeb2-4e7e-99da-c92938efc9c0&limit=1000000
[2026-02-18T01:38:55.449+0000] {taskinstance.py:2698} ERROR - Task failed with exception
Traceback (most recent call last):
  File "/home/airflow/.local/lib/python3.8/site-packages/urllib3/connection.py", line 174, in _new_conn
    conn = connection.create_connection(
  File "/home/airflow/.local/lib/python3.8/site-packages/urllib3/util/connection.py", line 72, in create_connection
    for res in socket.getaddrinfo(host, port, family, socket.SOCK_STREAM):
  File "/usr/local/lib/python3.8/socket.py", line 918, in getaddrinfo
    for res in _socket.getaddrinfo(host, port, family, type, proto, flags):
socket.gaierror: [Errno -5] No address associated with hostname

During handling of the above exception, another exception occurred:

Traceback (most recent call last):
  File "/home/airflow/.local/lib/python3.8/site-packages/urllib3/connectionpool.py", line 715, in urlopen
    httplib_response = self._make_request(
  File "/home/airflow/.local/lib/python3.8/site-packages/urllib3/connectionpool.py", line 404, in _make_request
    self._validate_conn(conn)
  File "/home/airflow/.local/lib/python3.8/site-packages/urllib3/connectionpool.py", line 1058, in _validate_conn
    conn.connect()
  File "/home/airflow/.local/lib/python3.8/site-packages/urllib3/connection.py", line 363, in connect
    self.sock = conn = self._new_conn()
  File "/home/airflow/.local/lib/python3.8/site-packages/urllib3/connection.py", line 186, in _new_conn
    raise NewConnectionError(
urllib3.exceptions.NewConnectionError: <urllib3.connection.HTTPSConnection object at 0xffff63ba90a0>: Failed to establish a new connection: [Errno -5] No address associated with hostname

During handling of the above exception, another exception occurred:

Traceback (most recent call last):
  File "/home/airflow/.local/lib/python3.8/site-packages/requests/adapters.py", line 486, in send
    resp = conn.urlopen(
  File "/home/airflow/.local/lib/python3.8/site-packages/urllib3/connectionpool.py", line 799, in urlopen
    retries = retries.increment(
  File "/home/airflow/.local/lib/python3.8/site-packages/urllib3/util/retry.py", line 592, in increment
    raise MaxRetryError(_pool, url, error or ResponseError(cause))
urllib3.exceptions.MaxRetryError: HTTPSConnectionPool(host='data.boston.gov', port=443): Max retries exceeded with url: /api/3/action/datastore_search?resource_id=b973d8cb-eeb2-4e7e-99da-c92938efc9c0&limit=1000000 (Caused by NewConnectionError('<urllib3.connection.HTTPSConnection object at 0xffff63ba90a0>: Failed to establish a new connection: [Errno -5] No address associated with hostname'))

During handling of the above exception, another exception occurred:

Traceback (most recent call last):
  File "/home/airflow/.local/lib/python3.8/site-packages/airflow/models/taskinstance.py", line 433, in _execute_task
    result = execute_callable(context=context, **execute_callable_kwargs)
  File "/home/airflow/.local/lib/python3.8/site-packages/airflow/operators/python.py", line 199, in execute
    return_value = self.execute_callable()
  File "/home/airflow/.local/lib/python3.8/site-packages/airflow/operators/python.py", line 216, in execute_callable
    return self.python_callable(*self.op_args, **self.op_kwargs)
  File "/opt/airflow/dags/boston_api_to_s3.py", line 41, in fetch_and_convert_to_csv
    resp = requests.get(api_url, timeout=60)
  File "/home/airflow/.local/lib/python3.8/site-packages/requests/api.py", line 73, in get
    return request("get", url, params=params, **kwargs)
  File "/home/airflow/.local/lib/python3.8/site-packages/requests/api.py", line 59, in request
    return session.request(method=method, url=url, **kwargs)
  File "/home/airflow/.local/lib/python3.8/site-packages/requests/sessions.py", line 589, in request
    resp = self.send(prep, **send_kwargs)
  File "/home/airflow/.local/lib/python3.8/site-packages/requests/sessions.py", line 703, in send
    r = adapter.send(request, **kwargs)
  File "/home/airflow/.local/lib/python3.8/site-packages/requests/adapters.py", line 519, in send
    raise ConnectionError(e, request=request)
requests.exceptions.ConnectionError: HTTPSConnectionPool(host='data.boston.gov', port=443): Max retries exceeded with url: /api/3/action/datastore_search?resource_id=b973d8cb-eeb2-4e7e-99da-c92938efc9c0&limit=1000000 (Caused by NewConnectionError('<urllib3.connection.HTTPSConnection object at 0xffff63ba90a0>: Failed to establish a new connection: [Errno -5] No address associated with hostname'))
[2026-02-18T01:38:55.466+0000] {taskinstance.py:1138} INFO - Marking task as UP_FOR_RETRY. dag_id=boston_api_to_s3, task_id=fetch_and_convert, execution_date=20260218T013849, start_date=20260218T013851, end_date=20260218T013855
[2026-02-18T01:38:55.477+0000] {standard_task_runner.py:107} ERROR - Failed to execute job 17 for task fetch_and_convert (HTTPSConnectionPool(host='data.boston.gov', port=443): Max retries exceeded with url: /api/3/action/datastore_search?resource_id=b973d8cb-eeb2-4e7e-99da-c92938efc9c0&limit=1000000 (Caused by NewConnectionError('<urllib3.connection.HTTPSConnection object at 0xffff63ba90a0>: Failed to establish a new connection: [Errno -5] No address associated with hostname')); 291)
[2026-02-18T01:38:55.511+0000] {local_task_job_runner.py:234} INFO - Task exited with return code 1
[2026-02-18T01:38:55.538+0000] {taskinstance.py:3280} INFO - 0 downstream tasks scheduled from follow-on schedule check
