[2026-02-18T01:43:56.059+0000] {taskinstance.py:1956} INFO - Dependencies all met for dep_context=non-requeueable deps ti=<TaskInstance: boston_api_to_s3.fetch_and_convert manual__2026-02-18T01:38:49.198250+00:00 [queued]>
[2026-02-18T01:43:56.062+0000] {taskinstance.py:1956} INFO - Dependencies all met for dep_context=requeueable deps ti=<TaskInstance: boston_api_to_s3.fetch_and_convert manual__2026-02-18T01:38:49.198250+00:00 [queued]>
[2026-02-18T01:43:56.062+0000] {taskinstance.py:2170} INFO - Starting attempt 2 of 2
[2026-02-18T01:43:56.066+0000] {taskinstance.py:2191} INFO - Executing <Task(PythonOperator): fetch_and_convert> on 2026-02-18 01:38:49.198250+00:00
[2026-02-18T01:43:56.068+0000] {standard_task_runner.py:60} INFO - Started process 366 to run task
[2026-02-18T01:43:56.070+0000] {standard_task_runner.py:87} INFO - Running: ['***', 'tasks', 'run', 'boston_api_to_s3', 'fetch_and_convert', 'manual__2026-02-18T01:38:49.198250+00:00', '--job-id', '19', '--raw', '--subdir', 'DAGS_FOLDER/boston_api_to_s3.py', '--cfg-path', '/tmp/tmpky1m6b7h']
[2026-02-18T01:43:56.070+0000] {standard_task_runner.py:88} INFO - Job 19: Subtask fetch_and_convert
[2026-02-18T01:43:56.086+0000] {task_command.py:423} INFO - Running <TaskInstance: boston_api_to_s3.fetch_and_convert manual__2026-02-18T01:38:49.198250+00:00 [running]> on host 3adb4400ce58
[2026-02-18T01:43:56.109+0000] {taskinstance.py:2480} INFO - Exporting env vars: AIRFLOW_CTX_DAG_OWNER='***' AIRFLOW_CTX_DAG_ID='boston_api_to_s3' AIRFLOW_CTX_TASK_ID='fetch_and_convert' AIRFLOW_CTX_EXECUTION_DATE='2026-02-18T01:38:49.198250+00:00' AIRFLOW_CTX_TRY_NUMBER='2' AIRFLOW_CTX_DAG_RUN_ID='manual__2026-02-18T01:38:49.198250+00:00'
[2026-02-18T01:43:56.112+0000] {logging_mixin.py:188} INFO - Fetching data from https://data.boston.gov/api/3/action/datastore_search?resource_id=b973d8cb-eeb2-4e7e-99da-c92938efc9c0&limit=1000000
[2026-02-18T01:43:56.968+0000] {logging_mixin.py:188} INFO - Saving JSON to /opt/***/boston_crime_20260218T013849.json
[2026-02-18T01:43:56.987+0000] {logging_mixin.py:188} INFO - Converting JSON to CSV
[2026-02-18T01:43:57.057+0000] {logging_mixin.py:188} INFO - Found 32000 records
[2026-02-18T01:43:57.146+0000] {logging_mixin.py:188} INFO - CSV saved to /opt/***/boston_crime_20260218T013849.csv
[2026-02-18T01:43:57.147+0000] {logging_mixin.py:188} INFO - JSON and CSV files saved in ***-project directory
[2026-02-18T01:43:57.156+0000] {taskinstance.py:2698} ERROR - Task failed with exception
Traceback (most recent call last):
  File "/home/airflow/.local/lib/python3.8/site-packages/airflow/models/taskinstance.py", line 433, in _execute_task
    result = execute_callable(context=context, **execute_callable_kwargs)
  File "/home/airflow/.local/lib/python3.8/site-packages/airflow/operators/python.py", line 199, in execute
    return_value = self.execute_callable()
  File "/home/airflow/.local/lib/python3.8/site-packages/airflow/operators/python.py", line 216, in execute_callable
    return self.python_callable(*self.op_args, **self.op_kwargs)
  File "/opt/airflow/dags/boston_api_to_s3.py", line 74, in fetch_and_convert_to_csv
    context['task_instance'].xcom_push(key='s3_key', value=s3_key)
NameError: name 's3_key' is not defined
[2026-02-18T01:43:57.159+0000] {taskinstance.py:1138} INFO - Marking task as FAILED. dag_id=boston_api_to_s3, task_id=fetch_and_convert, execution_date=20260218T013849, start_date=20260218T014356, end_date=20260218T014357
[2026-02-18T01:43:57.162+0000] {standard_task_runner.py:107} ERROR - Failed to execute job 19 for task fetch_and_convert (name 's3_key' is not defined; 366)
[2026-02-18T01:43:57.175+0000] {local_task_job_runner.py:234} INFO - Task exited with return code 1
[2026-02-18T01:43:57.185+0000] {taskinstance.py:3280} INFO - 0 downstream tasks scheduled from follow-on schedule check
