[2026-03-12T02:19:43.508+0000] {taskinstance.py:1956} INFO - Dependencies all met for dep_context=non-requeueable deps ti=<TaskInstance: boston_api_to_s3_to_snowflake.fetch_and_convert manual__2026-03-12T02:19:41.563512+00:00 [queued]>
[2026-03-12T02:19:43.510+0000] {taskinstance.py:1956} INFO - Dependencies all met for dep_context=requeueable deps ti=<TaskInstance: boston_api_to_s3_to_snowflake.fetch_and_convert manual__2026-03-12T02:19:41.563512+00:00 [queued]>
[2026-03-12T02:19:43.511+0000] {taskinstance.py:2170} INFO - Starting attempt 1 of 2
[2026-03-12T02:19:43.514+0000] {taskinstance.py:2191} INFO - Executing <Task(PythonOperator): fetch_and_convert> on 2026-03-12 02:19:41.563512+00:00
[2026-03-12T02:19:43.517+0000] {standard_task_runner.py:60} INFO - Started process 153 to run task
[2026-03-12T02:19:43.519+0000] {standard_task_runner.py:87} INFO - Running: ['***', 'tasks', 'run', 'boston_api_to_s3_to_snowflake', 'fetch_and_convert', 'manual__2026-03-12T02:19:41.563512+00:00', '--job-id', '325', '--raw', '--subdir', 'DAGS_FOLDER/boston_api_to_s3.py', '--cfg-path', '/tmp/tmp92_3wful']
[2026-03-12T02:19:43.519+0000] {standard_task_runner.py:88} INFO - Job 325: Subtask fetch_and_convert
[2026-03-12T02:19:43.541+0000] {task_command.py:423} INFO - Running <TaskInstance: boston_api_to_s3_to_snowflake.fetch_and_convert manual__2026-03-12T02:19:41.563512+00:00 [running]> on host 11d3f54025a0
[2026-03-12T02:19:43.571+0000] {taskinstance.py:2480} INFO - Exporting env vars: AIRFLOW_CTX_DAG_OWNER='***' AIRFLOW_CTX_DAG_ID='boston_api_to_s3_to_snowflake' AIRFLOW_CTX_TASK_ID='fetch_and_convert' AIRFLOW_CTX_EXECUTION_DATE='2026-03-12T02:19:41.563512+00:00' AIRFLOW_CTX_TRY_NUMBER='1' AIRFLOW_CTX_DAG_RUN_ID='manual__2026-03-12T02:19:41.563512+00:00'
[2026-03-12T02:19:43.574+0000] {logging_mixin.py:188} INFO - Fetching ALL data from https://data.boston.gov/api/3/action/datastore_search?resource_id=b973d8cb-eeb2-4e7e-99da-c92938efc9c0 with pagination
[2026-03-12T02:19:43.575+0000] {logging_mixin.py:188} INFO - Fetching records 0 to 10000...
[2026-03-12T02:19:44.067+0000] {logging_mixin.py:188} INFO - Fetched 10000 records. Total so far: 10000
[2026-03-12T02:19:44.067+0000] {logging_mixin.py:188} INFO - Fetching records 10000 to 20000...
[2026-03-12T02:19:44.479+0000] {logging_mixin.py:188} INFO - Fetched 10000 records. Total so far: 20000
[2026-03-12T02:19:44.479+0000] {logging_mixin.py:188} INFO - Fetching records 20000 to 30000...
[2026-03-12T02:19:44.880+0000] {logging_mixin.py:188} INFO - Fetched 10000 records. Total so far: 30000
[2026-03-12T02:19:44.880+0000] {logging_mixin.py:188} INFO - Fetching records 30000 to 40000...
[2026-03-12T02:19:45.382+0000] {logging_mixin.py:188} INFO - Fetched 10000 records. Total so far: 40000
[2026-03-12T02:19:45.382+0000] {logging_mixin.py:188} INFO - Fetching records 40000 to 50000...
[2026-03-12T02:19:45.749+0000] {logging_mixin.py:188} INFO - Fetched 10000 records. Total so far: 50000
[2026-03-12T02:19:45.750+0000] {logging_mixin.py:188} INFO - Fetching records 50000 to 60000...
[2026-03-12T02:19:46.191+0000] {logging_mixin.py:188} INFO - Fetched 10000 records. Total so far: 60000
[2026-03-12T02:19:46.192+0000] {logging_mixin.py:188} INFO - Fetching records 60000 to 70000...
[2026-03-12T02:19:46.500+0000] {logging_mixin.py:188} INFO - Fetched 10000 records. Total so far: 70000
[2026-03-12T02:19:46.500+0000] {logging_mixin.py:188} INFO - Fetching records 70000 to 80000...
[2026-03-12T02:19:46.822+0000] {logging_mixin.py:188} INFO - Fetched 10000 records. Total so far: 80000
[2026-03-12T02:19:46.822+0000] {logging_mixin.py:188} INFO - Fetching records 80000 to 90000...
[2026-03-12T02:19:47.235+0000] {logging_mixin.py:188} INFO - Fetched 10000 records. Total so far: 90000
[2026-03-12T02:19:47.236+0000] {logging_mixin.py:188} INFO - Fetching records 90000 to 100000...
[2026-03-12T02:19:47.616+0000] {logging_mixin.py:188} INFO - Fetched 10000 records. Total so far: 100000
[2026-03-12T02:19:47.616+0000] {logging_mixin.py:188} INFO - Fetching records 100000 to 110000...
[2026-03-12T02:19:47.973+0000] {logging_mixin.py:188} INFO - Fetched 10000 records. Total so far: 110000
[2026-03-12T02:19:47.973+0000] {logging_mixin.py:188} INFO - Fetching records 110000 to 120000...
[2026-03-12T02:19:48.344+0000] {logging_mixin.py:188} INFO - Fetched 10000 records. Total so far: 120000
[2026-03-12T02:19:48.344+0000] {logging_mixin.py:188} INFO - Fetching records 120000 to 130000...
[2026-03-12T02:19:48.693+0000] {logging_mixin.py:188} INFO - Fetched 10000 records. Total so far: 130000
[2026-03-12T02:19:48.693+0000] {logging_mixin.py:188} INFO - Fetching records 130000 to 140000...
[2026-03-12T02:19:49.054+0000] {logging_mixin.py:188} INFO - Fetched 10000 records. Total so far: 140000
[2026-03-12T02:19:49.054+0000] {logging_mixin.py:188} INFO - Fetching records 140000 to 150000...
[2026-03-12T02:19:49.446+0000] {logging_mixin.py:188} INFO - Fetched 10000 records. Total so far: 150000
[2026-03-12T02:19:49.447+0000] {logging_mixin.py:188} INFO - Fetching records 150000 to 160000...
[2026-03-12T02:19:49.825+0000] {logging_mixin.py:188} INFO - Fetched 10000 records. Total so far: 160000
[2026-03-12T02:19:49.825+0000] {logging_mixin.py:188} INFO - Fetching records 160000 to 170000...
[2026-03-12T02:19:50.252+0000] {logging_mixin.py:188} INFO - Fetched 10000 records. Total so far: 170000
[2026-03-12T02:19:50.253+0000] {logging_mixin.py:188} INFO - Fetching records 170000 to 180000...
[2026-03-12T02:19:50.633+0000] {logging_mixin.py:188} INFO - Fetched 10000 records. Total so far: 180000
[2026-03-12T02:19:50.634+0000] {logging_mixin.py:188} INFO - Fetching records 180000 to 190000...
[2026-03-12T02:19:50.987+0000] {logging_mixin.py:188} INFO - Fetched 10000 records. Total so far: 190000
[2026-03-12T02:19:50.987+0000] {logging_mixin.py:188} INFO - Fetching records 190000 to 200000...
[2026-03-12T02:19:51.396+0000] {logging_mixin.py:188} INFO - Fetched 10000 records. Total so far: 200000
[2026-03-12T02:19:51.396+0000] {logging_mixin.py:188} INFO - Fetching records 200000 to 210000...
[2026-03-12T02:19:51.805+0000] {logging_mixin.py:188} INFO - Fetched 10000 records. Total so far: 210000
[2026-03-12T02:19:51.805+0000] {logging_mixin.py:188} INFO - Fetching records 210000 to 220000...
[2026-03-12T02:19:52.208+0000] {logging_mixin.py:188} INFO - Fetched 10000 records. Total so far: 220000
[2026-03-12T02:19:52.208+0000] {logging_mixin.py:188} INFO - Fetching records 220000 to 230000...
[2026-03-12T02:19:52.617+0000] {logging_mixin.py:188} INFO - Fetched 10000 records. Total so far: 230000
[2026-03-12T02:19:52.618+0000] {logging_mixin.py:188} INFO - Fetching records 230000 to 240000...
[2026-03-12T02:19:53.047+0000] {logging_mixin.py:188} INFO - Fetched 10000 records. Total so far: 240000
[2026-03-12T02:19:53.048+0000] {logging_mixin.py:188} INFO - Fetching records 240000 to 250000...
[2026-03-12T02:19:53.459+0000] {logging_mixin.py:188} INFO - Fetched 10000 records. Total so far: 250000
[2026-03-12T02:19:53.459+0000] {logging_mixin.py:188} INFO - Fetching records 250000 to 260000...
[2026-03-12T02:19:53.717+0000] {logging_mixin.py:188} INFO - Fetched 2370 records. Total so far: 252370
[2026-03-12T02:19:53.718+0000] {logging_mixin.py:188} INFO - Reached last page
[2026-03-12T02:19:53.718+0000] {logging_mixin.py:188} INFO - Finished fetching. Total records: 252370
[2026-03-12T02:19:53.719+0000] {logging_mixin.py:188} INFO - Saving JSON to /opt/***/boston_crime_20260312T021941.json
[2026-03-12T02:19:55.789+0000] {logging_mixin.py:188} INFO - Converting 252370 records to CSV
[2026-03-12T02:19:56.568+0000] {logging_mixin.py:188} INFO - CSV saved to /opt/***/boston_crime_20260312T021941.csv
[2026-03-12T02:19:56.627+0000] {python.py:201} INFO - Done. Returned value was: {'csv_path': '/opt/***/boston_crime_20260312T021941.csv', 'json_path': '/opt/***/boston_crime_20260312T021941.json', 'record_count': 252370}
[2026-03-12T02:19:56.633+0000] {taskinstance.py:1138} INFO - Marking task as SUCCESS. dag_id=boston_api_to_s3_to_snowflake, task_id=fetch_and_convert, execution_date=20260312T021941, start_date=20260312T021943, end_date=20260312T021956
[2026-03-12T02:19:56.690+0000] {local_task_job_runner.py:234} INFO - Task exited with return code 0
[2026-03-12T02:19:56.703+0000] {taskinstance.py:3280} INFO - 1 downstream tasks scheduled from follow-on schedule check
