[2026-02-19T03:31:25.849+0000] {taskinstance.py:1956} INFO - Dependencies all met for dep_context=non-requeueable deps ti=<TaskInstance: mbta_api_to_s3_to_snowflake.create_snowflake_tables manual__2026-02-19T03:30:30.168344+00:00 [queued]>
[2026-02-19T03:31:25.852+0000] {taskinstance.py:1956} INFO - Dependencies all met for dep_context=requeueable deps ti=<TaskInstance: mbta_api_to_s3_to_snowflake.create_snowflake_tables manual__2026-02-19T03:30:30.168344+00:00 [queued]>
[2026-02-19T03:31:25.852+0000] {taskinstance.py:2170} INFO - Starting attempt 1 of 2
[2026-02-19T03:31:25.856+0000] {taskinstance.py:2191} INFO - Executing <Task(PythonOperator): create_snowflake_tables> on 2026-02-19 03:30:30.168344+00:00
[2026-02-19T03:31:25.858+0000] {standard_task_runner.py:60} INFO - Started process 206 to run task
[2026-02-19T03:31:25.859+0000] {standard_task_runner.py:87} INFO - Running: ['***', 'tasks', 'run', 'mbta_api_to_s3_to_snowflake', 'create_snowflake_tables', 'manual__2026-02-19T03:30:30.168344+00:00', '--job-id', '73', '--raw', '--subdir', 'DAGS_FOLDER/mbta_api_s3_snowflake.py', '--cfg-path', '/tmp/tmpk1x3xnrt']
[2026-02-19T03:31:25.860+0000] {standard_task_runner.py:88} INFO - Job 73: Subtask create_snowflake_tables
[2026-02-19T03:31:25.876+0000] {task_command.py:423} INFO - Running <TaskInstance: mbta_api_to_s3_to_snowflake.create_snowflake_tables manual__2026-02-19T03:30:30.168344+00:00 [running]> on host 68ec4590c1d2
[2026-02-19T03:31:25.897+0000] {taskinstance.py:2480} INFO - Exporting env vars: AIRFLOW_CTX_DAG_OWNER='***' AIRFLOW_CTX_DAG_ID='mbta_api_to_s3_to_snowflake' AIRFLOW_CTX_TASK_ID='create_snowflake_tables' AIRFLOW_CTX_EXECUTION_DATE='2026-02-19T03:30:30.168344+00:00' AIRFLOW_CTX_TRY_NUMBER='1' AIRFLOW_CTX_DAG_RUN_ID='manual__2026-02-19T03:30:30.168344+00:00'
[2026-02-19T03:31:25.897+0000] {connection.py:370} INFO - Snowflake Connector for Python Version: 3.6.0, Python Version: 3.8.18, Platform: Linux-6.12.67-linuxkit-aarch64-with-glibc2.34
[2026-02-19T03:31:25.898+0000] {connection.py:1171} INFO - This connection is in OCSP Fail Open Mode. TLS Certificates would be checked for validity and revocation status. Any other Certificate Revocation related exceptions or OCSP Responder failures would be disregarded in favor of connectivity.
[2026-02-19T03:31:25.898+0000] {connection.py:1181} INFO - THIS CONNECTION IS IN INSECURE MODE. IT MEANS THE CERTIFICATE WILL BE VALIDATED BUT THE CERTIFICATE REVOCATION STATUS WILL NOT BE CHECKED.
[2026-02-19T03:31:26.266+0000] {ssl_wrap_socket.py:100} INFO - THIS CONNECTION IS IN INSECURE MODE. IT MEANS THE CERTIFICATE WILL BE VALIDATED BUT THE CERTIFICATE REVOCATION STATUS WILL NOT BE CHECKED.
[2026-02-19T03:31:26.633+0000] {logging_mixin.py:188} INFO - Creating STG_BOSTON_MBTA_ROUTES table in STAGE schema...
[2026-02-19T03:31:26.634+0000] {cursor.py:1028} INFO - query: [CREATE TABLE IF NOT EXISTS NEIGHBOURWISE_DOMAINS.STAGE.STG_BOSTON_MBTA_ROUTES ( ...]
[2026-02-19T03:31:27.166+0000] {cursor.py:1041} INFO - query execution done
[2026-02-19T03:31:27.168+0000] {cursor.py:1205} INFO - Number of results in first chunk: 1
[2026-02-19T03:31:27.169+0000] {logging_mixin.py:188} INFO - Creating STG_BOSTON_MBTA_STOPS table in STAGE schema...
[2026-02-19T03:31:27.169+0000] {cursor.py:1028} INFO - query: [CREATE TABLE IF NOT EXISTS NEIGHBOURWISE_DOMAINS.STAGE.STG_BOSTON_MBTA_STOPS ( S...]
[2026-02-19T03:31:27.729+0000] {cursor.py:1041} INFO - query execution done
[2026-02-19T03:31:27.730+0000] {cursor.py:1205} INFO - Number of results in first chunk: 1
[2026-02-19T03:31:27.731+0000] {logging_mixin.py:188} INFO - Creating INT_BOSTON_MBTA_MAPPING table in INTERMEDIATE schema...
[2026-02-19T03:31:27.731+0000] {cursor.py:1028} INFO - query: [CREATE TABLE IF NOT EXISTS NEIGHBOURWISE_DOMAINS.INTERMEDIATE.INT_BOSTON_MBTA_MA...]
[2026-02-19T03:31:28.646+0000] {cursor.py:1041} INFO - query execution done
[2026-02-19T03:31:28.646+0000] {cursor.py:1205} INFO - Number of results in first chunk: 1
[2026-02-19T03:31:28.646+0000] {logging_mixin.py:188} INFO - All MBTA tables created successfully
[2026-02-19T03:31:28.647+0000] {connection.py:718} INFO - closed
[2026-02-19T03:31:28.770+0000] {connection.py:724} INFO - No async queries seem to be running, deleting session
[2026-02-19T03:31:28.913+0000] {python.py:201} INFO - Done. Returned value was: Tables ready
[2026-02-19T03:31:28.930+0000] {taskinstance.py:1138} INFO - Marking task as SUCCESS. dag_id=mbta_api_to_s3_to_snowflake, task_id=create_snowflake_tables, execution_date=20260219T033030, start_date=20260219T033125, end_date=20260219T033128
[2026-02-19T03:31:28.968+0000] {local_task_job_runner.py:234} INFO - Task exited with return code 0
[2026-02-19T03:31:28.983+0000] {taskinstance.py:3280} INFO - 1 downstream tasks scheduled from follow-on schedule check
