[2026-02-18T02:37:18.690+0000] {taskinstance.py:1956} INFO - Dependencies all met for dep_context=non-requeueable deps ti=<TaskInstance: boston_api_to_s3_to_snowflake.fetch_and_convert manual__2026-02-18T02:37:17.882806+00:00 [queued]>
[2026-02-18T02:37:18.693+0000] {taskinstance.py:1956} INFO - Dependencies all met for dep_context=requeueable deps ti=<TaskInstance: boston_api_to_s3_to_snowflake.fetch_and_convert manual__2026-02-18T02:37:17.882806+00:00 [queued]>
[2026-02-18T02:37:18.693+0000] {taskinstance.py:2170} INFO - Starting attempt 1 of 2
[2026-02-18T02:37:18.697+0000] {taskinstance.py:2191} INFO - Executing <Task(PythonOperator): fetch_and_convert> on 2026-02-18 02:37:17.882806+00:00
[2026-02-18T02:37:18.699+0000] {standard_task_runner.py:60} INFO - Started process 386 to run task
[2026-02-18T02:37:18.702+0000] {standard_task_runner.py:87} INFO - Running: ['***', 'tasks', 'run', 'boston_api_to_s3_to_snowflake', 'fetch_and_convert', 'manual__2026-02-18T02:37:17.882806+00:00', '--job-id', '43', '--raw', '--subdir', 'DAGS_FOLDER/boston_api_to_s3.py', '--cfg-path', '/tmp/tmp9bo4cf22']
[2026-02-18T02:37:18.702+0000] {standard_task_runner.py:88} INFO - Job 43: Subtask fetch_and_convert
[2026-02-18T02:37:18.717+0000] {task_command.py:423} INFO - Running <TaskInstance: boston_api_to_s3_to_snowflake.fetch_and_convert manual__2026-02-18T02:37:17.882806+00:00 [running]> on host 0469b07bdd65
[2026-02-18T02:37:18.741+0000] {taskinstance.py:2480} INFO - Exporting env vars: AIRFLOW_CTX_DAG_OWNER='***' AIRFLOW_CTX_DAG_ID='boston_api_to_s3_to_snowflake' AIRFLOW_CTX_TASK_ID='fetch_and_convert' AIRFLOW_CTX_EXECUTION_DATE='2026-02-18T02:37:17.882806+00:00' AIRFLOW_CTX_TRY_NUMBER='1' AIRFLOW_CTX_DAG_RUN_ID='manual__2026-02-18T02:37:17.882806+00:00'
[2026-02-18T02:37:18.744+0000] {logging_mixin.py:188} INFO - Fetching ALL data from https://data.boston.gov/api/3/action/datastore_search?resource_id=b973d8cb-eeb2-4e7e-99da-c92938efc9c0&limit=1000000 with pagination
[2026-02-18T02:37:18.744+0000] {logging_mixin.py:188} INFO - Fetching records 0 to 10000...
[2026-02-18T02:37:18.885+0000] {taskinstance.py:2698} ERROR - Task failed with exception
Traceback (most recent call last):
  File "/home/airflow/.local/lib/python3.8/site-packages/airflow/models/taskinstance.py", line 433, in _execute_task
    result = execute_callable(context=context, **execute_callable_kwargs)
  File "/home/airflow/.local/lib/python3.8/site-packages/airflow/operators/python.py", line 199, in execute
    return_value = self.execute_callable()
  File "/home/airflow/.local/lib/python3.8/site-packages/airflow/operators/python.py", line 216, in execute_callable
    return self.python_callable(*self.op_args, **self.op_kwargs)
  File "/opt/airflow/dags/boston_api_to_s3.py", line 52, in fetch_and_convert_to_csv
    resp.raise_for_status()
  File "/home/airflow/.local/lib/python3.8/site-packages/requests/models.py", line 1021, in raise_for_status
    raise HTTPError(http_error_msg, response=self)
requests.exceptions.HTTPError: 500 Server Error: Internal Server Error for url: https://data.boston.gov/api/3/action/datastore_search?resource_id=b973d8cb-eeb2-4e7e-99da-c92938efc9c0&limit=1000000&limit=10000&offset=0
[2026-02-18T02:37:18.890+0000] {taskinstance.py:1138} INFO - Marking task as UP_FOR_RETRY. dag_id=boston_api_to_s3_to_snowflake, task_id=fetch_and_convert, execution_date=20260218T023717, start_date=20260218T023718, end_date=20260218T023718
[2026-02-18T02:37:18.894+0000] {standard_task_runner.py:107} ERROR - Failed to execute job 43 for task fetch_and_convert (500 Server Error: Internal Server Error for url: https://data.boston.gov/api/3/action/datastore_search?resource_id=b973d8cb-eeb2-4e7e-99da-c92938efc9c0&limit=1000000&limit=10000&offset=0; 386)
[2026-02-18T02:37:18.926+0000] {local_task_job_runner.py:234} INFO - Task exited with return code 1
[2026-02-18T02:37:18.939+0000] {taskinstance.py:3280} INFO - 0 downstream tasks scheduled from follow-on schedule check
