[2026-02-20T20:30:51.427+0000] {taskinstance.py:1956} INFO - Dependencies all met for dep_context=non-requeueable deps ti=<TaskInstance: boston_api_to_s3_to_snowflake.fetch_and_convert manual__2026-02-20T20:30:49.183609+00:00 [queued]>
[2026-02-20T20:30:51.429+0000] {taskinstance.py:1956} INFO - Dependencies all met for dep_context=requeueable deps ti=<TaskInstance: boston_api_to_s3_to_snowflake.fetch_and_convert manual__2026-02-20T20:30:49.183609+00:00 [queued]>
[2026-02-20T20:30:51.429+0000] {taskinstance.py:2170} INFO - Starting attempt 1 of 2
[2026-02-20T20:30:51.433+0000] {taskinstance.py:2191} INFO - Executing <Task(PythonOperator): fetch_and_convert> on 2026-02-20 20:30:49.183609+00:00
[2026-02-20T20:30:51.436+0000] {standard_task_runner.py:60} INFO - Started process 100 to run task
[2026-02-20T20:30:51.438+0000] {standard_task_runner.py:87} INFO - Running: ['***', 'tasks', 'run', 'boston_api_to_s3_to_snowflake', 'fetch_and_convert', 'manual__2026-02-20T20:30:49.183609+00:00', '--job-id', '212', '--raw', '--subdir', 'DAGS_FOLDER/boston_api_to_s3.py', '--cfg-path', '/tmp/tmpyj2qionp']
[2026-02-20T20:30:51.439+0000] {standard_task_runner.py:88} INFO - Job 212: Subtask fetch_and_convert
[2026-02-20T20:30:51.462+0000] {task_command.py:423} INFO - Running <TaskInstance: boston_api_to_s3_to_snowflake.fetch_and_convert manual__2026-02-20T20:30:49.183609+00:00 [running]> on host 752849e84fbc
[2026-02-20T20:30:51.493+0000] {taskinstance.py:2480} INFO - Exporting env vars: AIRFLOW_CTX_DAG_OWNER='***' AIRFLOW_CTX_DAG_ID='boston_api_to_s3_to_snowflake' AIRFLOW_CTX_TASK_ID='fetch_and_convert' AIRFLOW_CTX_EXECUTION_DATE='2026-02-20T20:30:49.183609+00:00' AIRFLOW_CTX_TRY_NUMBER='1' AIRFLOW_CTX_DAG_RUN_ID='manual__2026-02-20T20:30:49.183609+00:00'
[2026-02-20T20:30:51.496+0000] {logging_mixin.py:188} INFO - Fetching ALL data from https://data.boston.gov/api/3/action/datastore_search?resource_id=b973d8cb-eeb2-4e7e-99da-c92938efc9c0 with pagination
[2026-02-20T20:30:51.496+0000] {logging_mixin.py:188} INFO - Fetching records 0 to 10000...
[2026-02-20T20:30:51.929+0000] {logging_mixin.py:188} INFO - Fetched 10000 records. Total so far: 10000
[2026-02-20T20:30:51.929+0000] {logging_mixin.py:188} INFO - Fetching records 10000 to 20000...
[2026-02-20T20:30:52.304+0000] {logging_mixin.py:188} INFO - Fetched 10000 records. Total so far: 20000
[2026-02-20T20:30:52.304+0000] {logging_mixin.py:188} INFO - Fetching records 20000 to 30000...
[2026-02-20T20:30:52.754+0000] {logging_mixin.py:188} INFO - Fetched 10000 records. Total so far: 30000
[2026-02-20T20:30:52.754+0000] {logging_mixin.py:188} INFO - Fetching records 30000 to 40000...
[2026-02-20T20:30:53.121+0000] {logging_mixin.py:188} INFO - Fetched 10000 records. Total so far: 40000
[2026-02-20T20:30:53.122+0000] {logging_mixin.py:188} INFO - Fetching records 40000 to 50000...
[2026-02-20T20:30:53.558+0000] {logging_mixin.py:188} INFO - Fetched 10000 records. Total so far: 50000
[2026-02-20T20:30:53.558+0000] {logging_mixin.py:188} INFO - Fetching records 50000 to 60000...
[2026-02-20T20:30:53.956+0000] {logging_mixin.py:188} INFO - Fetched 10000 records. Total so far: 60000
[2026-02-20T20:30:53.956+0000] {logging_mixin.py:188} INFO - Fetching records 60000 to 70000...
[2026-02-20T20:30:54.353+0000] {logging_mixin.py:188} INFO - Fetched 10000 records. Total so far: 70000
[2026-02-20T20:30:54.353+0000] {logging_mixin.py:188} INFO - Fetching records 70000 to 80000...
[2026-02-20T20:30:54.816+0000] {logging_mixin.py:188} INFO - Fetched 10000 records. Total so far: 80000
[2026-02-20T20:30:54.816+0000] {logging_mixin.py:188} INFO - Fetching records 80000 to 90000...
[2026-02-20T20:30:55.207+0000] {logging_mixin.py:188} INFO - Fetched 10000 records. Total so far: 90000
[2026-02-20T20:30:55.207+0000] {logging_mixin.py:188} INFO - Fetching records 90000 to 100000...
[2026-02-20T20:30:55.602+0000] {logging_mixin.py:188} INFO - Fetched 10000 records. Total so far: 100000
[2026-02-20T20:30:55.603+0000] {logging_mixin.py:188} INFO - Fetching records 100000 to 110000...
[2026-02-20T20:30:56.017+0000] {logging_mixin.py:188} INFO - Fetched 10000 records. Total so far: 110000
[2026-02-20T20:30:56.017+0000] {logging_mixin.py:188} INFO - Fetching records 110000 to 120000...
[2026-02-20T20:30:56.412+0000] {logging_mixin.py:188} INFO - Fetched 10000 records. Total so far: 120000
[2026-02-20T20:30:56.412+0000] {logging_mixin.py:188} INFO - Fetching records 120000 to 130000...
[2026-02-20T20:30:56.880+0000] {logging_mixin.py:188} INFO - Fetched 10000 records. Total so far: 130000
[2026-02-20T20:30:56.881+0000] {logging_mixin.py:188} INFO - Fetching records 130000 to 140000...
[2026-02-20T20:30:57.350+0000] {logging_mixin.py:188} INFO - Fetched 10000 records. Total so far: 140000
[2026-02-20T20:30:57.351+0000] {logging_mixin.py:188} INFO - Fetching records 140000 to 150000...
[2026-02-20T20:30:57.809+0000] {logging_mixin.py:188} INFO - Fetched 10000 records. Total so far: 150000
[2026-02-20T20:30:57.809+0000] {logging_mixin.py:188} INFO - Fetching records 150000 to 160000...
[2026-02-20T20:30:58.240+0000] {logging_mixin.py:188} INFO - Fetched 10000 records. Total so far: 160000
[2026-02-20T20:30:58.240+0000] {logging_mixin.py:188} INFO - Fetching records 160000 to 170000...
[2026-02-20T20:30:58.690+0000] {logging_mixin.py:188} INFO - Fetched 10000 records. Total so far: 170000
[2026-02-20T20:30:58.690+0000] {logging_mixin.py:188} INFO - Fetching records 170000 to 180000...
[2026-02-20T20:30:59.132+0000] {logging_mixin.py:188} INFO - Fetched 10000 records. Total so far: 180000
[2026-02-20T20:30:59.132+0000] {logging_mixin.py:188} INFO - Fetching records 180000 to 190000...
[2026-02-20T20:30:59.605+0000] {logging_mixin.py:188} INFO - Fetched 10000 records. Total so far: 190000
[2026-02-20T20:30:59.605+0000] {logging_mixin.py:188} INFO - Fetching records 190000 to 200000...
[2026-02-20T20:31:00.054+0000] {logging_mixin.py:188} INFO - Fetched 10000 records. Total so far: 200000
[2026-02-20T20:31:00.054+0000] {logging_mixin.py:188} INFO - Fetching records 200000 to 210000...
[2026-02-20T20:31:00.522+0000] {logging_mixin.py:188} INFO - Fetched 10000 records. Total so far: 210000
[2026-02-20T20:31:00.522+0000] {logging_mixin.py:188} INFO - Fetching records 210000 to 220000...
[2026-02-20T20:31:00.977+0000] {logging_mixin.py:188} INFO - Fetched 10000 records. Total so far: 220000
[2026-02-20T20:31:00.977+0000] {logging_mixin.py:188} INFO - Fetching records 220000 to 230000...
[2026-02-20T20:31:01.474+0000] {logging_mixin.py:188} INFO - Fetched 10000 records. Total so far: 230000
[2026-02-20T20:31:01.475+0000] {logging_mixin.py:188} INFO - Fetching records 230000 to 240000...
[2026-02-20T20:31:01.955+0000] {logging_mixin.py:188} INFO - Fetched 10000 records. Total so far: 240000
[2026-02-20T20:31:01.955+0000] {logging_mixin.py:188} INFO - Fetching records 240000 to 250000...
[2026-02-20T20:31:02.416+0000] {logging_mixin.py:188} INFO - Fetched 8050 records. Total so far: 248050
[2026-02-20T20:31:02.417+0000] {logging_mixin.py:188} INFO - Reached last page
[2026-02-20T20:31:02.417+0000] {logging_mixin.py:188} INFO - Finished fetching. Total records: 248050
[2026-02-20T20:31:02.417+0000] {logging_mixin.py:188} INFO - Saving JSON to /opt/***/boston_crime_20260220T203049.json
[2026-02-20T20:31:04.473+0000] {logging_mixin.py:188} INFO - Converting 248050 records to CSV
[2026-02-20T20:31:05.230+0000] {logging_mixin.py:188} INFO - CSV saved to /opt/***/boston_crime_20260220T203049.csv
[2026-02-20T20:31:05.230+0000] {logging_mixin.py:188} INFO - JSON and CSV files saved in ***-project directory
[2026-02-20T20:31:05.298+0000] {python.py:201} INFO - Done. Returned value was: {'csv_path': '/opt/***/boston_crime_20260220T203049.csv', 'json_path': '/opt/***/boston_crime_20260220T203049.json', 'record_count': 248050}
[2026-02-20T20:31:05.305+0000] {taskinstance.py:1138} INFO - Marking task as SUCCESS. dag_id=boston_api_to_s3_to_snowflake, task_id=fetch_and_convert, execution_date=20260220T203049, start_date=20260220T203051, end_date=20260220T203105
[2026-02-20T20:31:05.330+0000] {local_task_job_runner.py:234} INFO - Task exited with return code 0
[2026-02-20T20:31:05.345+0000] {taskinstance.py:3280} INFO - 1 downstream tasks scheduled from follow-on schedule check
