[2026-03-12T02:34:07.653+0000] {taskinstance.py:1956} INFO - Dependencies all met for dep_context=non-requeueable deps ti=<TaskInstance: boston_api_to_s3_to_snowflake.fetch_and_convert manual__2026-03-12T02:34:06.757384+00:00 [queued]>
[2026-03-12T02:34:07.655+0000] {taskinstance.py:1956} INFO - Dependencies all met for dep_context=requeueable deps ti=<TaskInstance: boston_api_to_s3_to_snowflake.fetch_and_convert manual__2026-03-12T02:34:06.757384+00:00 [queued]>
[2026-03-12T02:34:07.655+0000] {taskinstance.py:2170} INFO - Starting attempt 1 of 2
[2026-03-12T02:34:07.659+0000] {taskinstance.py:2191} INFO - Executing <Task(PythonOperator): fetch_and_convert> on 2026-03-12 02:34:06.757384+00:00
[2026-03-12T02:34:07.663+0000] {standard_task_runner.py:60} INFO - Started process 398 to run task
[2026-03-12T02:34:07.665+0000] {standard_task_runner.py:87} INFO - Running: ['***', 'tasks', 'run', 'boston_api_to_s3_to_snowflake', 'fetch_and_convert', 'manual__2026-03-12T02:34:06.757384+00:00', '--job-id', '329', '--raw', '--subdir', 'DAGS_FOLDER/boston_api_to_s3.py', '--cfg-path', '/tmp/tmpszzkj38l']
[2026-03-12T02:34:07.668+0000] {standard_task_runner.py:88} INFO - Job 329: Subtask fetch_and_convert
[2026-03-12T02:34:07.693+0000] {task_command.py:423} INFO - Running <TaskInstance: boston_api_to_s3_to_snowflake.fetch_and_convert manual__2026-03-12T02:34:06.757384+00:00 [running]> on host 11d3f54025a0
[2026-03-12T02:34:07.757+0000] {taskinstance.py:2480} INFO - Exporting env vars: AIRFLOW_CTX_DAG_OWNER='***' AIRFLOW_CTX_DAG_ID='boston_api_to_s3_to_snowflake' AIRFLOW_CTX_TASK_ID='fetch_and_convert' AIRFLOW_CTX_EXECUTION_DATE='2026-03-12T02:34:06.757384+00:00' AIRFLOW_CTX_TRY_NUMBER='1' AIRFLOW_CTX_DAG_RUN_ID='manual__2026-03-12T02:34:06.757384+00:00'
[2026-03-12T02:34:07.764+0000] {logging_mixin.py:188} INFO - Fetching ALL data from https://data.boston.gov/api/3/action/datastore_search?resource_id=b973d8cb-eeb2-4e7e-99da-c92938efc9c0 with pagination
[2026-03-12T02:34:07.765+0000] {logging_mixin.py:188} INFO - Fetching records 0 to 10000...
[2026-03-12T02:34:08.332+0000] {logging_mixin.py:188} INFO - Fetched 10000 records. Total so far: 10000
[2026-03-12T02:34:08.332+0000] {logging_mixin.py:188} INFO - Fetching records 10000 to 20000...
[2026-03-12T02:34:08.655+0000] {logging_mixin.py:188} INFO - Fetched 10000 records. Total so far: 20000
[2026-03-12T02:34:08.655+0000] {logging_mixin.py:188} INFO - Fetching records 20000 to 30000...
[2026-03-12T02:34:08.996+0000] {logging_mixin.py:188} INFO - Fetched 10000 records. Total so far: 30000
[2026-03-12T02:34:08.996+0000] {logging_mixin.py:188} INFO - Fetching records 30000 to 40000...
[2026-03-12T02:34:09.353+0000] {logging_mixin.py:188} INFO - Fetched 10000 records. Total so far: 40000
[2026-03-12T02:34:09.353+0000] {logging_mixin.py:188} INFO - Fetching records 40000 to 50000...
[2026-03-12T02:34:09.742+0000] {logging_mixin.py:188} INFO - Fetched 10000 records. Total so far: 50000
[2026-03-12T02:34:09.743+0000] {logging_mixin.py:188} INFO - Fetching records 50000 to 60000...
[2026-03-12T02:34:10.216+0000] {logging_mixin.py:188} INFO - Fetched 10000 records. Total so far: 60000
[2026-03-12T02:34:10.216+0000] {logging_mixin.py:188} INFO - Fetching records 60000 to 70000...
[2026-03-12T02:34:10.541+0000] {logging_mixin.py:188} INFO - Fetched 10000 records. Total so far: 70000
[2026-03-12T02:34:10.542+0000] {logging_mixin.py:188} INFO - Fetching records 70000 to 80000...
[2026-03-12T02:34:10.885+0000] {logging_mixin.py:188} INFO - Fetched 10000 records. Total so far: 80000
[2026-03-12T02:34:10.885+0000] {logging_mixin.py:188} INFO - Fetching records 80000 to 90000...
[2026-03-12T02:34:11.256+0000] {logging_mixin.py:188} INFO - Fetched 10000 records. Total so far: 90000
[2026-03-12T02:34:11.257+0000] {logging_mixin.py:188} INFO - Fetching records 90000 to 100000...
[2026-03-12T02:34:11.646+0000] {logging_mixin.py:188} INFO - Fetched 10000 records. Total so far: 100000
[2026-03-12T02:34:11.647+0000] {logging_mixin.py:188} INFO - Fetching records 100000 to 110000...
[2026-03-12T02:34:12.031+0000] {logging_mixin.py:188} INFO - Fetched 10000 records. Total so far: 110000
[2026-03-12T02:34:12.032+0000] {logging_mixin.py:188} INFO - Fetching records 110000 to 120000...
[2026-03-12T02:34:12.417+0000] {logging_mixin.py:188} INFO - Fetched 10000 records. Total so far: 120000
[2026-03-12T02:34:12.418+0000] {logging_mixin.py:188} INFO - Fetching records 120000 to 130000...
[2026-03-12T02:34:12.820+0000] {logging_mixin.py:188} INFO - Fetched 10000 records. Total so far: 130000
[2026-03-12T02:34:12.821+0000] {logging_mixin.py:188} INFO - Fetching records 130000 to 140000...
[2026-03-12T02:34:13.223+0000] {logging_mixin.py:188} INFO - Fetched 10000 records. Total so far: 140000
[2026-03-12T02:34:13.223+0000] {logging_mixin.py:188} INFO - Fetching records 140000 to 150000...
[2026-03-12T02:34:13.587+0000] {logging_mixin.py:188} INFO - Fetched 10000 records. Total so far: 150000
[2026-03-12T02:34:13.587+0000] {logging_mixin.py:188} INFO - Fetching records 150000 to 160000...
[2026-03-12T02:34:13.964+0000] {logging_mixin.py:188} INFO - Fetched 10000 records. Total so far: 160000
[2026-03-12T02:34:13.965+0000] {logging_mixin.py:188} INFO - Fetching records 160000 to 170000...
[2026-03-12T02:34:14.459+0000] {logging_mixin.py:188} INFO - Fetched 10000 records. Total so far: 170000
[2026-03-12T02:34:14.459+0000] {logging_mixin.py:188} INFO - Fetching records 170000 to 180000...
[2026-03-12T02:34:14.868+0000] {logging_mixin.py:188} INFO - Fetched 10000 records. Total so far: 180000
[2026-03-12T02:34:14.868+0000] {logging_mixin.py:188} INFO - Fetching records 180000 to 190000...
[2026-03-12T02:34:15.288+0000] {logging_mixin.py:188} INFO - Fetched 10000 records. Total so far: 190000
[2026-03-12T02:34:15.288+0000] {logging_mixin.py:188} INFO - Fetching records 190000 to 200000...
[2026-03-12T02:34:15.710+0000] {logging_mixin.py:188} INFO - Fetched 10000 records. Total so far: 200000
[2026-03-12T02:34:15.711+0000] {logging_mixin.py:188} INFO - Fetching records 200000 to 210000...
[2026-03-12T02:34:16.102+0000] {logging_mixin.py:188} INFO - Fetched 10000 records. Total so far: 210000
[2026-03-12T02:34:16.103+0000] {logging_mixin.py:188} INFO - Fetching records 210000 to 220000...
[2026-03-12T02:34:16.517+0000] {logging_mixin.py:188} INFO - Fetched 10000 records. Total so far: 220000
[2026-03-12T02:34:16.517+0000] {logging_mixin.py:188} INFO - Fetching records 220000 to 230000...
[2026-03-12T02:34:16.966+0000] {logging_mixin.py:188} INFO - Fetched 10000 records. Total so far: 230000
[2026-03-12T02:34:16.966+0000] {logging_mixin.py:188} INFO - Fetching records 230000 to 240000...
[2026-03-12T02:34:17.365+0000] {logging_mixin.py:188} INFO - Fetched 10000 records. Total so far: 240000
[2026-03-12T02:34:17.365+0000] {logging_mixin.py:188} INFO - Fetching records 240000 to 250000...
[2026-03-12T02:34:17.818+0000] {logging_mixin.py:188} INFO - Fetched 10000 records. Total so far: 250000
[2026-03-12T02:34:17.818+0000] {logging_mixin.py:188} INFO - Fetching records 250000 to 260000...
[2026-03-12T02:34:18.073+0000] {logging_mixin.py:188} INFO - Fetched 2370 records. Total so far: 252370
[2026-03-12T02:34:18.074+0000] {logging_mixin.py:188} INFO - Reached last page
[2026-03-12T02:34:18.074+0000] {logging_mixin.py:188} INFO - Finished fetching. Total records: 252370
[2026-03-12T02:34:18.074+0000] {logging_mixin.py:188} INFO - Saving JSON to /opt/***/boston_crime_20260312T023406.json
[2026-03-12T02:34:20.377+0000] {logging_mixin.py:188} INFO - Converting 252370 records to CSV
[2026-03-12T02:34:21.180+0000] {logging_mixin.py:188} INFO - CSV saved to /opt/***/boston_crime_20260312T023406.csv
[2026-03-12T02:34:21.263+0000] {python.py:201} INFO - Done. Returned value was: {'csv_path': '/opt/***/boston_crime_20260312T023406.csv', 'json_path': '/opt/***/boston_crime_20260312T023406.json', 'record_count': 252370}
[2026-03-12T02:34:21.271+0000] {taskinstance.py:1138} INFO - Marking task as SUCCESS. dag_id=boston_api_to_s3_to_snowflake, task_id=fetch_and_convert, execution_date=20260312T023406, start_date=20260312T023407, end_date=20260312T023421
[2026-03-12T02:34:21.321+0000] {local_task_job_runner.py:234} INFO - Task exited with return code 0
[2026-03-12T02:34:21.335+0000] {taskinstance.py:3280} INFO - 1 downstream tasks scheduled from follow-on schedule check
