[2026-03-08T00:58:56.405+0000] {taskinstance.py:1956} INFO - Dependencies all met for dep_context=non-requeueable deps ti=<TaskInstance: cambridge_crime_to_s3_to_snowflake.fetch_and_convert scheduled__2026-03-01T00:00:00+00:00 [queued]>
[2026-03-08T00:58:56.412+0000] {taskinstance.py:1956} INFO - Dependencies all met for dep_context=requeueable deps ti=<TaskInstance: cambridge_crime_to_s3_to_snowflake.fetch_and_convert scheduled__2026-03-01T00:00:00+00:00 [queued]>
[2026-03-08T00:58:56.413+0000] {taskinstance.py:2170} INFO - Starting attempt 1 of 2
[2026-03-08T00:58:56.420+0000] {taskinstance.py:2191} INFO - Executing <Task(PythonOperator): fetch_and_convert> on 2026-03-01 00:00:00+00:00
[2026-03-08T00:58:56.424+0000] {standard_task_runner.py:60} INFO - Started process 5110 to run task
[2026-03-08T00:58:56.427+0000] {standard_task_runner.py:87} INFO - Running: ['***', 'tasks', 'run', 'cambridge_crime_to_s3_to_snowflake', 'fetch_and_convert', 'scheduled__2026-03-01T00:00:00+00:00', '--job-id', '320', '--raw', '--subdir', 'DAGS_FOLDER/cambridge_api_to_s3_to_snowflake.py', '--cfg-path', '/tmp/tmpzx5dei0n']
[2026-03-08T00:58:56.428+0000] {standard_task_runner.py:88} INFO - Job 320: Subtask fetch_and_convert
[2026-03-08T00:58:56.462+0000] {task_command.py:423} INFO - Running <TaskInstance: cambridge_crime_to_s3_to_snowflake.fetch_and_convert scheduled__2026-03-01T00:00:00+00:00 [running]> on host f173573a5167
[2026-03-08T00:58:56.507+0000] {taskinstance.py:2480} INFO - Exporting env vars: AIRFLOW_CTX_DAG_OWNER='***' AIRFLOW_CTX_DAG_ID='cambridge_crime_to_s3_to_snowflake' AIRFLOW_CTX_TASK_ID='fetch_and_convert' AIRFLOW_CTX_EXECUTION_DATE='2026-03-01T00:00:00+00:00' AIRFLOW_CTX_TRY_NUMBER='1' AIRFLOW_CTX_DAG_RUN_ID='scheduled__2026-03-01T00:00:00+00:00'
[2026-03-08T00:58:56.509+0000] {logging_mixin.py:188} INFO - Fetching Cambridge crime data from https://data.cambridgema.gov/resource/xuad-73uj.json
[2026-03-08T00:59:12.232+0000] {taskinstance.py:2698} ERROR - Task failed with exception
Traceback (most recent call last):
  File "/home/airflow/.local/lib/python3.8/site-packages/urllib3/connectionpool.py", line 715, in urlopen
    httplib_response = self._make_request(
  File "/home/airflow/.local/lib/python3.8/site-packages/urllib3/connectionpool.py", line 467, in _make_request
    six.raise_from(e, None)
  File "<string>", line 3, in raise_from
  File "/home/airflow/.local/lib/python3.8/site-packages/urllib3/connectionpool.py", line 462, in _make_request
    httplib_response = conn.getresponse()
  File "/usr/local/lib/python3.8/http/client.py", line 1348, in getresponse
    response.begin()
  File "/usr/local/lib/python3.8/http/client.py", line 316, in begin
    version, status, reason = self._read_status()
  File "/usr/local/lib/python3.8/http/client.py", line 285, in _read_status
    raise RemoteDisconnected("Remote end closed connection without"
http.client.RemoteDisconnected: Remote end closed connection without response

During handling of the above exception, another exception occurred:

Traceback (most recent call last):
  File "/home/airflow/.local/lib/python3.8/site-packages/requests/adapters.py", line 486, in send
    resp = conn.urlopen(
  File "/home/airflow/.local/lib/python3.8/site-packages/urllib3/connectionpool.py", line 799, in urlopen
    retries = retries.increment(
  File "/home/airflow/.local/lib/python3.8/site-packages/urllib3/util/retry.py", line 550, in increment
    raise six.reraise(type(error), error, _stacktrace)
  File "/home/airflow/.local/lib/python3.8/site-packages/urllib3/packages/six.py", line 769, in reraise
    raise value.with_traceback(tb)
  File "/home/airflow/.local/lib/python3.8/site-packages/urllib3/connectionpool.py", line 715, in urlopen
    httplib_response = self._make_request(
  File "/home/airflow/.local/lib/python3.8/site-packages/urllib3/connectionpool.py", line 467, in _make_request
    six.raise_from(e, None)
  File "<string>", line 3, in raise_from
  File "/home/airflow/.local/lib/python3.8/site-packages/urllib3/connectionpool.py", line 462, in _make_request
    httplib_response = conn.getresponse()
  File "/usr/local/lib/python3.8/http/client.py", line 1348, in getresponse
    response.begin()
  File "/usr/local/lib/python3.8/http/client.py", line 316, in begin
    version, status, reason = self._read_status()
  File "/usr/local/lib/python3.8/http/client.py", line 285, in _read_status
    raise RemoteDisconnected("Remote end closed connection without"
urllib3.exceptions.ProtocolError: ('Connection aborted.', RemoteDisconnected('Remote end closed connection without response'))

During handling of the above exception, another exception occurred:

Traceback (most recent call last):
  File "/home/airflow/.local/lib/python3.8/site-packages/airflow/models/taskinstance.py", line 433, in _execute_task
    result = execute_callable(context=context, **execute_callable_kwargs)
  File "/home/airflow/.local/lib/python3.8/site-packages/airflow/operators/python.py", line 199, in execute
    return_value = self.execute_callable()
  File "/home/airflow/.local/lib/python3.8/site-packages/airflow/operators/python.py", line 216, in execute_callable
    return self.python_callable(*self.op_args, **self.op_kwargs)
  File "/opt/airflow/dags/cambridge_api_to_s3_to_snowflake.py", line 40, in fetch_and_convert_to_csv
    resp = requests.get(
  File "/home/airflow/.local/lib/python3.8/site-packages/requests/api.py", line 73, in get
    return request("get", url, params=params, **kwargs)
  File "/home/airflow/.local/lib/python3.8/site-packages/requests/api.py", line 59, in request
    return session.request(method=method, url=url, **kwargs)
  File "/home/airflow/.local/lib/python3.8/site-packages/requests/sessions.py", line 589, in request
    resp = self.send(prep, **send_kwargs)
  File "/home/airflow/.local/lib/python3.8/site-packages/requests/sessions.py", line 703, in send
    r = adapter.send(request, **kwargs)
  File "/home/airflow/.local/lib/python3.8/site-packages/requests/adapters.py", line 501, in send
    raise ConnectionError(err, request=request)
requests.exceptions.ConnectionError: ('Connection aborted.', RemoteDisconnected('Remote end closed connection without response'))
[2026-03-08T00:59:12.254+0000] {taskinstance.py:1138} INFO - Marking task as UP_FOR_RETRY. dag_id=cambridge_crime_to_s3_to_snowflake, task_id=fetch_and_convert, execution_date=20260301T000000, start_date=20260308T005856, end_date=20260308T005912
[2026-03-08T00:59:12.267+0000] {standard_task_runner.py:107} ERROR - Failed to execute job 320 for task fetch_and_convert (('Connection aborted.', RemoteDisconnected('Remote end closed connection without response')); 5110)
[2026-03-08T00:59:12.312+0000] {local_task_job_runner.py:234} INFO - Task exited with return code 1
[2026-03-08T00:59:12.329+0000] {taskinstance.py:3280} INFO - 0 downstream tasks scheduled from follow-on schedule check
