[2026-02-27T22:53:24.316+0000] {taskinstance.py:1956} INFO - Dependencies all met for dep_context=non-requeueable deps ti=<TaskInstance: schools_geocoded_to_s3_to_snowflake.read_checkpoint_and_convert manual__2026-02-27T22:53:22.569895+00:00 [queued]>
[2026-02-27T22:53:24.319+0000] {taskinstance.py:1956} INFO - Dependencies all met for dep_context=requeueable deps ti=<TaskInstance: schools_geocoded_to_s3_to_snowflake.read_checkpoint_and_convert manual__2026-02-27T22:53:22.569895+00:00 [queued]>
[2026-02-27T22:53:24.319+0000] {taskinstance.py:2170} INFO - Starting attempt 1 of 2
[2026-02-27T22:53:24.324+0000] {taskinstance.py:2191} INFO - Executing <Task(PythonOperator): read_checkpoint_and_convert> on 2026-02-27 22:53:22.569895+00:00
[2026-02-27T22:53:24.327+0000] {standard_task_runner.py:60} INFO - Started process 100 to run task
[2026-02-27T22:53:24.329+0000] {standard_task_runner.py:87} INFO - Running: ['***', 'tasks', 'run', 'schools_geocoded_to_s3_to_snowflake', 'read_checkpoint_and_convert', 'manual__2026-02-27T22:53:22.569895+00:00', '--job-id', '284', '--raw', '--subdir', 'DAGS_FOLDER/schools_geocoded_s3_to_snowflake.py', '--cfg-path', '/tmp/tmpxf6_jvrb']
[2026-02-27T22:53:24.329+0000] {standard_task_runner.py:88} INFO - Job 284: Subtask read_checkpoint_and_convert
[2026-02-27T22:53:24.349+0000] {task_command.py:423} INFO - Running <TaskInstance: schools_geocoded_to_s3_to_snowflake.read_checkpoint_and_convert manual__2026-02-27T22:53:22.569895+00:00 [running]> on host 70ac4d860894
[2026-02-27T22:53:24.376+0000] {taskinstance.py:2480} INFO - Exporting env vars: AIRFLOW_CTX_DAG_OWNER='***' AIRFLOW_CTX_DAG_ID='schools_geocoded_to_s3_to_snowflake' AIRFLOW_CTX_TASK_ID='read_checkpoint_and_convert' AIRFLOW_CTX_EXECUTION_DATE='2026-02-27T22:53:22.569895+00:00' AIRFLOW_CTX_TRY_NUMBER='1' AIRFLOW_CTX_DAG_RUN_ID='manual__2026-02-27T22:53:22.569895+00:00'
[2026-02-27T22:53:24.377+0000] {taskinstance.py:2698} ERROR - Task failed with exception
Traceback (most recent call last):
  File "/home/airflow/.local/lib/python3.8/site-packages/airflow/models/taskinstance.py", line 433, in _execute_task
    result = execute_callable(context=context, **execute_callable_kwargs)
  File "/home/airflow/.local/lib/python3.8/site-packages/airflow/operators/python.py", line 199, in execute
    return_value = self.execute_callable()
  File "/home/airflow/.local/lib/python3.8/site-packages/airflow/operators/python.py", line 216, in execute_callable
    return self.python_callable(*self.op_args, **self.op_kwargs)
  File "/opt/airflow/dags/schools_geocoded_s3_to_snowflake.py", line 29, in read_checkpoint_and_convert
    raise FileNotFoundError(f"Checkpoint file not found at {CHECKPOINT_FILE}. "
FileNotFoundError: Checkpoint file not found at /opt/***/scripts/schools_geocode_checkpoint.json. Run geocode_schools.py first.
[2026-02-27T22:53:24.379+0000] {taskinstance.py:1138} INFO - Marking task as UP_FOR_RETRY. dag_id=schools_geocoded_to_s3_to_snowflake, task_id=read_checkpoint_and_convert, execution_date=20260227T225322, start_date=20260227T225324, end_date=20260227T225324
[2026-02-27T22:53:24.383+0000] {standard_task_runner.py:107} ERROR - Failed to execute job 284 for task read_checkpoint_and_convert (Checkpoint file not found at /opt/***/scripts/schools_geocode_checkpoint.json. Run geocode_schools.py first.; 100)
[2026-02-27T22:53:24.392+0000] {local_task_job_runner.py:234} INFO - Task exited with return code 1
[2026-02-27T22:53:24.400+0000] {taskinstance.py:3280} INFO - 0 downstream tasks scheduled from follow-on schedule check
