[2026-03-05T02:14:51.484+0000] {processor.py:161} INFO - Started process (PID=67) to work on /opt/airflow/dags/cambridge_api_to_s3_to_snowflake.py
[2026-03-05T02:14:51.485+0000] {processor.py:830} INFO - Processing file /opt/airflow/dags/cambridge_api_to_s3_to_snowflake.py for tasks to queue
[2026-03-05T02:14:51.486+0000] {logging_mixin.py:188} INFO - [2026-03-05T02:14:51.485+0000] {dagbag.py:538} INFO - Filling up the DagBag from /opt/airflow/dags/cambridge_api_to_s3_to_snowflake.py
[2026-03-05T02:14:52.568+0000] {processor.py:840} INFO - DAG(s) 'cambridge_crime_to_s3_to_snowflake' retrieved from /opt/airflow/dags/cambridge_api_to_s3_to_snowflake.py
[2026-03-05T02:14:52.723+0000] {logging_mixin.py:188} INFO - [2026-03-05T02:14:52.722+0000] {override.py:1769} INFO - Created Permission View: can delete on DAG:cambridge_crime_to_s3_to_snowflake
[2026-03-05T02:14:52.728+0000] {logging_mixin.py:188} INFO - [2026-03-05T02:14:52.728+0000] {override.py:1769} INFO - Created Permission View: can read on DAG:cambridge_crime_to_s3_to_snowflake
[2026-03-05T02:14:52.733+0000] {logging_mixin.py:188} INFO - [2026-03-05T02:14:52.733+0000] {override.py:1769} INFO - Created Permission View: can edit on DAG:cambridge_crime_to_s3_to_snowflake
[2026-03-05T02:14:52.734+0000] {logging_mixin.py:188} INFO - [2026-03-05T02:14:52.734+0000] {dag.py:3036} INFO - Sync 1 DAGs
[2026-03-05T02:14:52.741+0000] {logging_mixin.py:188} INFO - [2026-03-05T02:14:52.741+0000] {dag.py:3058} INFO - Creating ORM DAG for cambridge_crime_to_s3_to_snowflake
[2026-03-05T02:14:52.751+0000] {logging_mixin.py:188} INFO - [2026-03-05T02:14:52.750+0000] {dag.py:3823} INFO - Setting next_dagrun for cambridge_crime_to_s3_to_snowflake to 2026-03-01 00:00:00+00:00, run_after=2026-03-08 00:00:00+00:00
[2026-03-05T02:14:52.769+0000] {processor.py:183} INFO - Processing /opt/airflow/dags/cambridge_api_to_s3_to_snowflake.py took 1.288 seconds
[2026-03-05T02:15:23.412+0000] {processor.py:161} INFO - Started process (PID=143) to work on /opt/airflow/dags/cambridge_api_to_s3_to_snowflake.py
[2026-03-05T02:15:23.415+0000] {processor.py:830} INFO - Processing file /opt/airflow/dags/cambridge_api_to_s3_to_snowflake.py for tasks to queue
[2026-03-05T02:15:23.418+0000] {logging_mixin.py:188} INFO - [2026-03-05T02:15:23.417+0000] {dagbag.py:538} INFO - Filling up the DagBag from /opt/airflow/dags/cambridge_api_to_s3_to_snowflake.py
[2026-03-05T02:15:23.895+0000] {processor.py:840} INFO - DAG(s) 'cambridge_crime_to_s3_to_snowflake' retrieved from /opt/airflow/dags/cambridge_api_to_s3_to_snowflake.py
[2026-03-05T02:15:23.905+0000] {logging_mixin.py:188} INFO - [2026-03-05T02:15:23.905+0000] {dag.py:3036} INFO - Sync 1 DAGs
[2026-03-05T02:15:23.915+0000] {logging_mixin.py:188} INFO - [2026-03-05T02:15:23.915+0000] {dag.py:3823} INFO - Setting next_dagrun for cambridge_crime_to_s3_to_snowflake to 2026-03-01 00:00:00+00:00, run_after=2026-03-08 00:00:00+00:00
[2026-03-05T02:15:23.926+0000] {processor.py:183} INFO - Processing /opt/airflow/dags/cambridge_api_to_s3_to_snowflake.py took 0.527 seconds
[2026-03-05T02:15:54.238+0000] {processor.py:161} INFO - Started process (PID=219) to work on /opt/airflow/dags/cambridge_api_to_s3_to_snowflake.py
[2026-03-05T02:15:54.242+0000] {processor.py:830} INFO - Processing file /opt/airflow/dags/cambridge_api_to_s3_to_snowflake.py for tasks to queue
[2026-03-05T02:15:54.256+0000] {logging_mixin.py:188} INFO - [2026-03-05T02:15:54.253+0000] {dagbag.py:538} INFO - Filling up the DagBag from /opt/airflow/dags/cambridge_api_to_s3_to_snowflake.py
[2026-03-05T02:15:54.786+0000] {processor.py:840} INFO - DAG(s) 'cambridge_crime_to_s3_to_snowflake' retrieved from /opt/airflow/dags/cambridge_api_to_s3_to_snowflake.py
[2026-03-05T02:15:54.797+0000] {logging_mixin.py:188} INFO - [2026-03-05T02:15:54.796+0000] {dag.py:3036} INFO - Sync 1 DAGs
[2026-03-05T02:15:54.812+0000] {logging_mixin.py:188} INFO - [2026-03-05T02:15:54.812+0000] {dag.py:3823} INFO - Setting next_dagrun for cambridge_crime_to_s3_to_snowflake to 2026-03-01 00:00:00+00:00, run_after=2026-03-08 00:00:00+00:00
[2026-03-05T02:15:54.827+0000] {processor.py:183} INFO - Processing /opt/airflow/dags/cambridge_api_to_s3_to_snowflake.py took 0.598 seconds
[2026-03-05T02:16:25.114+0000] {processor.py:161} INFO - Started process (PID=295) to work on /opt/airflow/dags/cambridge_api_to_s3_to_snowflake.py
[2026-03-05T02:16:25.116+0000] {processor.py:830} INFO - Processing file /opt/airflow/dags/cambridge_api_to_s3_to_snowflake.py for tasks to queue
[2026-03-05T02:16:25.119+0000] {logging_mixin.py:188} INFO - [2026-03-05T02:16:25.118+0000] {dagbag.py:538} INFO - Filling up the DagBag from /opt/airflow/dags/cambridge_api_to_s3_to_snowflake.py
[2026-03-05T02:16:25.527+0000] {processor.py:840} INFO - DAG(s) 'cambridge_crime_to_s3_to_snowflake' retrieved from /opt/airflow/dags/cambridge_api_to_s3_to_snowflake.py
[2026-03-05T02:16:25.541+0000] {logging_mixin.py:188} INFO - [2026-03-05T02:16:25.541+0000] {dag.py:3036} INFO - Sync 1 DAGs
[2026-03-05T02:16:25.552+0000] {logging_mixin.py:188} INFO - [2026-03-05T02:16:25.552+0000] {dag.py:3823} INFO - Setting next_dagrun for cambridge_crime_to_s3_to_snowflake to 2026-03-01 00:00:00+00:00, run_after=2026-03-08 00:00:00+00:00
[2026-03-05T02:16:25.560+0000] {processor.py:183} INFO - Processing /opt/airflow/dags/cambridge_api_to_s3_to_snowflake.py took 0.452 seconds
[2026-03-05T02:16:55.628+0000] {processor.py:161} INFO - Started process (PID=371) to work on /opt/airflow/dags/cambridge_api_to_s3_to_snowflake.py
[2026-03-05T02:16:55.630+0000] {processor.py:830} INFO - Processing file /opt/airflow/dags/cambridge_api_to_s3_to_snowflake.py for tasks to queue
[2026-03-05T02:16:55.633+0000] {logging_mixin.py:188} INFO - [2026-03-05T02:16:55.632+0000] {dagbag.py:538} INFO - Filling up the DagBag from /opt/airflow/dags/cambridge_api_to_s3_to_snowflake.py
[2026-03-05T02:16:56.290+0000] {processor.py:840} INFO - DAG(s) 'cambridge_crime_to_s3_to_snowflake' retrieved from /opt/airflow/dags/cambridge_api_to_s3_to_snowflake.py
[2026-03-05T02:16:56.301+0000] {logging_mixin.py:188} INFO - [2026-03-05T02:16:56.301+0000] {dag.py:3036} INFO - Sync 1 DAGs
[2026-03-05T02:16:56.313+0000] {logging_mixin.py:188} INFO - [2026-03-05T02:16:56.312+0000] {dag.py:3823} INFO - Setting next_dagrun for cambridge_crime_to_s3_to_snowflake to 2026-03-01 00:00:00+00:00, run_after=2026-03-08 00:00:00+00:00
[2026-03-05T02:16:56.321+0000] {processor.py:183} INFO - Processing /opt/airflow/dags/cambridge_api_to_s3_to_snowflake.py took 0.699 seconds
[2026-03-05T02:17:26.413+0000] {processor.py:161} INFO - Started process (PID=447) to work on /opt/airflow/dags/cambridge_api_to_s3_to_snowflake.py
[2026-03-05T02:17:26.415+0000] {processor.py:830} INFO - Processing file /opt/airflow/dags/cambridge_api_to_s3_to_snowflake.py for tasks to queue
[2026-03-05T02:17:26.419+0000] {logging_mixin.py:188} INFO - [2026-03-05T02:17:26.418+0000] {dagbag.py:538} INFO - Filling up the DagBag from /opt/airflow/dags/cambridge_api_to_s3_to_snowflake.py
[2026-03-05T02:17:26.664+0000] {processor.py:840} INFO - DAG(s) 'cambridge_crime_to_s3_to_snowflake' retrieved from /opt/airflow/dags/cambridge_api_to_s3_to_snowflake.py
[2026-03-05T02:17:26.681+0000] {logging_mixin.py:188} INFO - [2026-03-05T02:17:26.680+0000] {dag.py:3036} INFO - Sync 1 DAGs
[2026-03-05T02:17:26.708+0000] {logging_mixin.py:188} INFO - [2026-03-05T02:17:26.707+0000] {dag.py:3823} INFO - Setting next_dagrun for cambridge_crime_to_s3_to_snowflake to 2026-03-01 00:00:00+00:00, run_after=2026-03-08 00:00:00+00:00
[2026-03-05T02:17:26.731+0000] {processor.py:183} INFO - Processing /opt/airflow/dags/cambridge_api_to_s3_to_snowflake.py took 0.326 seconds
[2026-03-05T02:17:57.368+0000] {processor.py:161} INFO - Started process (PID=523) to work on /opt/airflow/dags/cambridge_api_to_s3_to_snowflake.py
[2026-03-05T02:17:57.370+0000] {processor.py:830} INFO - Processing file /opt/airflow/dags/cambridge_api_to_s3_to_snowflake.py for tasks to queue
[2026-03-05T02:17:57.372+0000] {logging_mixin.py:188} INFO - [2026-03-05T02:17:57.372+0000] {dagbag.py:538} INFO - Filling up the DagBag from /opt/airflow/dags/cambridge_api_to_s3_to_snowflake.py
[2026-03-05T02:17:57.654+0000] {processor.py:840} INFO - DAG(s) 'cambridge_crime_to_s3_to_snowflake' retrieved from /opt/airflow/dags/cambridge_api_to_s3_to_snowflake.py
[2026-03-05T02:17:57.666+0000] {logging_mixin.py:188} INFO - [2026-03-05T02:17:57.666+0000] {dag.py:3036} INFO - Sync 1 DAGs
[2026-03-05T02:17:57.684+0000] {logging_mixin.py:188} INFO - [2026-03-05T02:17:57.683+0000] {dag.py:3823} INFO - Setting next_dagrun for cambridge_crime_to_s3_to_snowflake to 2026-03-01 00:00:00+00:00, run_after=2026-03-08 00:00:00+00:00
[2026-03-05T02:17:57.694+0000] {processor.py:183} INFO - Processing /opt/airflow/dags/cambridge_api_to_s3_to_snowflake.py took 0.332 seconds
[2026-03-05T02:18:28.200+0000] {processor.py:161} INFO - Started process (PID=599) to work on /opt/airflow/dags/cambridge_api_to_s3_to_snowflake.py
[2026-03-05T02:18:28.201+0000] {processor.py:830} INFO - Processing file /opt/airflow/dags/cambridge_api_to_s3_to_snowflake.py for tasks to queue
[2026-03-05T02:18:28.208+0000] {logging_mixin.py:188} INFO - [2026-03-05T02:18:28.207+0000] {dagbag.py:538} INFO - Filling up the DagBag from /opt/airflow/dags/cambridge_api_to_s3_to_snowflake.py
[2026-03-05T02:18:28.539+0000] {processor.py:840} INFO - DAG(s) 'cambridge_crime_to_s3_to_snowflake' retrieved from /opt/airflow/dags/cambridge_api_to_s3_to_snowflake.py
[2026-03-05T02:18:28.557+0000] {logging_mixin.py:188} INFO - [2026-03-05T02:18:28.556+0000] {dag.py:3036} INFO - Sync 1 DAGs
[2026-03-05T02:18:28.571+0000] {logging_mixin.py:188} INFO - [2026-03-05T02:18:28.570+0000] {dag.py:3823} INFO - Setting next_dagrun for cambridge_crime_to_s3_to_snowflake to 2026-03-01 00:00:00+00:00, run_after=2026-03-08 00:00:00+00:00
[2026-03-05T02:18:28.580+0000] {processor.py:183} INFO - Processing /opt/airflow/dags/cambridge_api_to_s3_to_snowflake.py took 0.388 seconds
[2026-03-05T02:18:58.718+0000] {processor.py:161} INFO - Started process (PID=675) to work on /opt/airflow/dags/cambridge_api_to_s3_to_snowflake.py
[2026-03-05T02:18:58.720+0000] {processor.py:830} INFO - Processing file /opt/airflow/dags/cambridge_api_to_s3_to_snowflake.py for tasks to queue
[2026-03-05T02:18:58.724+0000] {logging_mixin.py:188} INFO - [2026-03-05T02:18:58.724+0000] {dagbag.py:538} INFO - Filling up the DagBag from /opt/airflow/dags/cambridge_api_to_s3_to_snowflake.py
[2026-03-05T02:18:58.953+0000] {processor.py:840} INFO - DAG(s) 'cambridge_crime_to_s3_to_snowflake' retrieved from /opt/airflow/dags/cambridge_api_to_s3_to_snowflake.py
[2026-03-05T02:18:58.965+0000] {logging_mixin.py:188} INFO - [2026-03-05T02:18:58.964+0000] {dag.py:3036} INFO - Sync 1 DAGs
[2026-03-05T02:18:58.977+0000] {logging_mixin.py:188} INFO - [2026-03-05T02:18:58.977+0000] {dag.py:3823} INFO - Setting next_dagrun for cambridge_crime_to_s3_to_snowflake to 2026-03-01 00:00:00+00:00, run_after=2026-03-08 00:00:00+00:00
[2026-03-05T02:18:58.986+0000] {processor.py:183} INFO - Processing /opt/airflow/dags/cambridge_api_to_s3_to_snowflake.py took 0.276 seconds
[2026-03-05T02:19:29.409+0000] {processor.py:161} INFO - Started process (PID=751) to work on /opt/airflow/dags/cambridge_api_to_s3_to_snowflake.py
[2026-03-05T02:19:29.413+0000] {processor.py:830} INFO - Processing file /opt/airflow/dags/cambridge_api_to_s3_to_snowflake.py for tasks to queue
[2026-03-05T02:19:29.419+0000] {logging_mixin.py:188} INFO - [2026-03-05T02:19:29.419+0000] {dagbag.py:538} INFO - Filling up the DagBag from /opt/airflow/dags/cambridge_api_to_s3_to_snowflake.py
[2026-03-05T02:19:29.611+0000] {processor.py:840} INFO - DAG(s) 'cambridge_crime_to_s3_to_snowflake' retrieved from /opt/airflow/dags/cambridge_api_to_s3_to_snowflake.py
[2026-03-05T02:19:29.621+0000] {logging_mixin.py:188} INFO - [2026-03-05T02:19:29.621+0000] {dag.py:3036} INFO - Sync 1 DAGs
[2026-03-05T02:19:29.630+0000] {logging_mixin.py:188} INFO - [2026-03-05T02:19:29.630+0000] {dag.py:3823} INFO - Setting next_dagrun for cambridge_crime_to_s3_to_snowflake to 2026-03-01 00:00:00+00:00, run_after=2026-03-08 00:00:00+00:00
[2026-03-05T02:19:29.642+0000] {processor.py:183} INFO - Processing /opt/airflow/dags/cambridge_api_to_s3_to_snowflake.py took 0.239 seconds
[2026-03-05T02:20:00.226+0000] {processor.py:161} INFO - Started process (PID=827) to work on /opt/airflow/dags/cambridge_api_to_s3_to_snowflake.py
[2026-03-05T02:20:00.229+0000] {processor.py:830} INFO - Processing file /opt/airflow/dags/cambridge_api_to_s3_to_snowflake.py for tasks to queue
[2026-03-05T02:20:00.236+0000] {logging_mixin.py:188} INFO - [2026-03-05T02:20:00.236+0000] {dagbag.py:538} INFO - Filling up the DagBag from /opt/airflow/dags/cambridge_api_to_s3_to_snowflake.py
[2026-03-05T02:20:00.493+0000] {processor.py:840} INFO - DAG(s) 'cambridge_crime_to_s3_to_snowflake' retrieved from /opt/airflow/dags/cambridge_api_to_s3_to_snowflake.py
[2026-03-05T02:20:00.509+0000] {logging_mixin.py:188} INFO - [2026-03-05T02:20:00.509+0000] {dag.py:3036} INFO - Sync 1 DAGs
[2026-03-05T02:20:00.524+0000] {logging_mixin.py:188} INFO - [2026-03-05T02:20:00.524+0000] {dag.py:3823} INFO - Setting next_dagrun for cambridge_crime_to_s3_to_snowflake to 2026-03-01 00:00:00+00:00, run_after=2026-03-08 00:00:00+00:00
[2026-03-05T02:20:00.533+0000] {processor.py:183} INFO - Processing /opt/airflow/dags/cambridge_api_to_s3_to_snowflake.py took 0.313 seconds
[2026-03-05T02:20:11.575+0000] {processor.py:161} INFO - Started process (PID=897) to work on /opt/airflow/dags/cambridge_api_to_s3_to_snowflake.py
[2026-03-05T02:20:11.579+0000] {processor.py:830} INFO - Processing file /opt/airflow/dags/cambridge_api_to_s3_to_snowflake.py for tasks to queue
[2026-03-05T02:20:11.583+0000] {logging_mixin.py:188} INFO - [2026-03-05T02:20:11.582+0000] {dagbag.py:538} INFO - Filling up the DagBag from /opt/airflow/dags/cambridge_api_to_s3_to_snowflake.py
[2026-03-05T02:20:11.764+0000] {processor.py:840} INFO - DAG(s) 'cambridge_crime_to_s3_to_snowflake' retrieved from /opt/airflow/dags/cambridge_api_to_s3_to_snowflake.py
[2026-03-05T02:20:11.882+0000] {logging_mixin.py:188} INFO - [2026-03-05T02:20:11.882+0000] {dag.py:3036} INFO - Sync 1 DAGs
[2026-03-05T02:20:11.889+0000] {logging_mixin.py:188} INFO - [2026-03-05T02:20:11.889+0000] {dag.py:3823} INFO - Setting next_dagrun for cambridge_crime_to_s3_to_snowflake to 2026-03-01 00:00:00+00:00, run_after=2026-03-08 00:00:00+00:00
[2026-03-05T02:20:11.896+0000] {processor.py:183} INFO - Processing /opt/airflow/dags/cambridge_api_to_s3_to_snowflake.py took 0.326 seconds
[2026-03-05T02:20:41.987+0000] {processor.py:161} INFO - Started process (PID=973) to work on /opt/airflow/dags/cambridge_api_to_s3_to_snowflake.py
[2026-03-05T02:20:41.990+0000] {processor.py:830} INFO - Processing file /opt/airflow/dags/cambridge_api_to_s3_to_snowflake.py for tasks to queue
[2026-03-05T02:20:41.992+0000] {logging_mixin.py:188} INFO - [2026-03-05T02:20:41.992+0000] {dagbag.py:538} INFO - Filling up the DagBag from /opt/airflow/dags/cambridge_api_to_s3_to_snowflake.py
[2026-03-05T02:20:42.195+0000] {processor.py:840} INFO - DAG(s) 'cambridge_crime_to_s3_to_snowflake' retrieved from /opt/airflow/dags/cambridge_api_to_s3_to_snowflake.py
[2026-03-05T02:20:42.210+0000] {logging_mixin.py:188} INFO - [2026-03-05T02:20:42.210+0000] {dag.py:3036} INFO - Sync 1 DAGs
[2026-03-05T02:20:42.221+0000] {logging_mixin.py:188} INFO - [2026-03-05T02:20:42.221+0000] {dag.py:3823} INFO - Setting next_dagrun for cambridge_crime_to_s3_to_snowflake to 2026-03-01 00:00:00+00:00, run_after=2026-03-08 00:00:00+00:00
[2026-03-05T02:20:42.371+0000] {processor.py:183} INFO - Processing /opt/airflow/dags/cambridge_api_to_s3_to_snowflake.py took 0.388 seconds
[2026-03-05T02:21:12.504+0000] {processor.py:161} INFO - Started process (PID=1049) to work on /opt/airflow/dags/cambridge_api_to_s3_to_snowflake.py
[2026-03-05T02:21:12.506+0000] {processor.py:830} INFO - Processing file /opt/airflow/dags/cambridge_api_to_s3_to_snowflake.py for tasks to queue
[2026-03-05T02:21:12.508+0000] {logging_mixin.py:188} INFO - [2026-03-05T02:21:12.508+0000] {dagbag.py:538} INFO - Filling up the DagBag from /opt/airflow/dags/cambridge_api_to_s3_to_snowflake.py
[2026-03-05T02:21:12.877+0000] {processor.py:840} INFO - DAG(s) 'cambridge_crime_to_s3_to_snowflake' retrieved from /opt/airflow/dags/cambridge_api_to_s3_to_snowflake.py
[2026-03-05T02:21:12.885+0000] {logging_mixin.py:188} INFO - [2026-03-05T02:21:12.885+0000] {dag.py:3036} INFO - Sync 1 DAGs
[2026-03-05T02:21:12.893+0000] {logging_mixin.py:188} INFO - [2026-03-05T02:21:12.892+0000] {dag.py:3823} INFO - Setting next_dagrun for cambridge_crime_to_s3_to_snowflake to 2026-03-01 00:00:00+00:00, run_after=2026-03-08 00:00:00+00:00
[2026-03-05T02:21:12.898+0000] {processor.py:183} INFO - Processing /opt/airflow/dags/cambridge_api_to_s3_to_snowflake.py took 0.404 seconds
[2026-03-05T02:21:42.919+0000] {processor.py:161} INFO - Started process (PID=1125) to work on /opt/airflow/dags/cambridge_api_to_s3_to_snowflake.py
[2026-03-05T02:21:42.920+0000] {processor.py:830} INFO - Processing file /opt/airflow/dags/cambridge_api_to_s3_to_snowflake.py for tasks to queue
[2026-03-05T02:21:42.922+0000] {logging_mixin.py:188} INFO - [2026-03-05T02:21:42.921+0000] {dagbag.py:538} INFO - Filling up the DagBag from /opt/airflow/dags/cambridge_api_to_s3_to_snowflake.py
[2026-03-05T02:21:43.157+0000] {processor.py:840} INFO - DAG(s) 'cambridge_crime_to_s3_to_snowflake' retrieved from /opt/airflow/dags/cambridge_api_to_s3_to_snowflake.py
[2026-03-05T02:21:43.164+0000] {logging_mixin.py:188} INFO - [2026-03-05T02:21:43.163+0000] {dag.py:3036} INFO - Sync 1 DAGs
[2026-03-05T02:21:43.170+0000] {logging_mixin.py:188} INFO - [2026-03-05T02:21:43.170+0000] {dag.py:3823} INFO - Setting next_dagrun for cambridge_crime_to_s3_to_snowflake to 2026-03-01 00:00:00+00:00, run_after=2026-03-08 00:00:00+00:00
[2026-03-05T02:21:43.176+0000] {processor.py:183} INFO - Processing /opt/airflow/dags/cambridge_api_to_s3_to_snowflake.py took 0.259 seconds
[2026-03-05T02:22:13.809+0000] {processor.py:161} INFO - Started process (PID=1201) to work on /opt/airflow/dags/cambridge_api_to_s3_to_snowflake.py
[2026-03-05T02:22:13.810+0000] {processor.py:830} INFO - Processing file /opt/airflow/dags/cambridge_api_to_s3_to_snowflake.py for tasks to queue
[2026-03-05T02:22:13.812+0000] {logging_mixin.py:188} INFO - [2026-03-05T02:22:13.812+0000] {dagbag.py:538} INFO - Filling up the DagBag from /opt/airflow/dags/cambridge_api_to_s3_to_snowflake.py
[2026-03-05T02:22:14.043+0000] {processor.py:840} INFO - DAG(s) 'cambridge_crime_to_s3_to_snowflake' retrieved from /opt/airflow/dags/cambridge_api_to_s3_to_snowflake.py
[2026-03-05T02:22:14.048+0000] {logging_mixin.py:188} INFO - [2026-03-05T02:22:14.048+0000] {dag.py:3036} INFO - Sync 1 DAGs
[2026-03-05T02:22:14.055+0000] {logging_mixin.py:188} INFO - [2026-03-05T02:22:14.055+0000] {dag.py:3823} INFO - Setting next_dagrun for cambridge_crime_to_s3_to_snowflake to 2026-03-01 00:00:00+00:00, run_after=2026-03-08 00:00:00+00:00
[2026-03-05T02:22:14.060+0000] {processor.py:183} INFO - Processing /opt/airflow/dags/cambridge_api_to_s3_to_snowflake.py took 0.255 seconds
[2026-03-05T02:22:44.699+0000] {processor.py:161} INFO - Started process (PID=1277) to work on /opt/airflow/dags/cambridge_api_to_s3_to_snowflake.py
[2026-03-05T02:22:44.701+0000] {processor.py:830} INFO - Processing file /opt/airflow/dags/cambridge_api_to_s3_to_snowflake.py for tasks to queue
[2026-03-05T02:22:44.703+0000] {logging_mixin.py:188} INFO - [2026-03-05T02:22:44.703+0000] {dagbag.py:538} INFO - Filling up the DagBag from /opt/airflow/dags/cambridge_api_to_s3_to_snowflake.py
[2026-03-05T02:22:44.958+0000] {processor.py:840} INFO - DAG(s) 'cambridge_crime_to_s3_to_snowflake' retrieved from /opt/airflow/dags/cambridge_api_to_s3_to_snowflake.py
[2026-03-05T02:22:44.964+0000] {logging_mixin.py:188} INFO - [2026-03-05T02:22:44.964+0000] {dag.py:3036} INFO - Sync 1 DAGs
[2026-03-05T02:22:44.971+0000] {logging_mixin.py:188} INFO - [2026-03-05T02:22:44.971+0000] {dag.py:3823} INFO - Setting next_dagrun for cambridge_crime_to_s3_to_snowflake to 2026-03-01 00:00:00+00:00, run_after=2026-03-08 00:00:00+00:00
[2026-03-05T02:22:44.977+0000] {processor.py:183} INFO - Processing /opt/airflow/dags/cambridge_api_to_s3_to_snowflake.py took 0.283 seconds
[2026-03-05T02:23:15.805+0000] {processor.py:161} INFO - Started process (PID=1353) to work on /opt/airflow/dags/cambridge_api_to_s3_to_snowflake.py
[2026-03-05T02:23:15.807+0000] {processor.py:830} INFO - Processing file /opt/airflow/dags/cambridge_api_to_s3_to_snowflake.py for tasks to queue
[2026-03-05T02:23:15.809+0000] {logging_mixin.py:188} INFO - [2026-03-05T02:23:15.808+0000] {dagbag.py:538} INFO - Filling up the DagBag from /opt/airflow/dags/cambridge_api_to_s3_to_snowflake.py
[2026-03-05T02:23:16.079+0000] {processor.py:840} INFO - DAG(s) 'cambridge_crime_to_s3_to_snowflake' retrieved from /opt/airflow/dags/cambridge_api_to_s3_to_snowflake.py
[2026-03-05T02:23:16.086+0000] {logging_mixin.py:188} INFO - [2026-03-05T02:23:16.086+0000] {dag.py:3036} INFO - Sync 1 DAGs
[2026-03-05T02:23:16.093+0000] {logging_mixin.py:188} INFO - [2026-03-05T02:23:16.093+0000] {dag.py:3823} INFO - Setting next_dagrun for cambridge_crime_to_s3_to_snowflake to 2026-03-01 00:00:00+00:00, run_after=2026-03-08 00:00:00+00:00
[2026-03-05T02:23:16.098+0000] {processor.py:183} INFO - Processing /opt/airflow/dags/cambridge_api_to_s3_to_snowflake.py took 0.298 seconds
[2026-03-05T02:23:46.368+0000] {processor.py:161} INFO - Started process (PID=1429) to work on /opt/airflow/dags/cambridge_api_to_s3_to_snowflake.py
[2026-03-05T02:23:46.370+0000] {processor.py:830} INFO - Processing file /opt/airflow/dags/cambridge_api_to_s3_to_snowflake.py for tasks to queue
[2026-03-05T02:23:46.373+0000] {logging_mixin.py:188} INFO - [2026-03-05T02:23:46.372+0000] {dagbag.py:538} INFO - Filling up the DagBag from /opt/airflow/dags/cambridge_api_to_s3_to_snowflake.py
[2026-03-05T02:23:46.647+0000] {processor.py:840} INFO - DAG(s) 'cambridge_crime_to_s3_to_snowflake' retrieved from /opt/airflow/dags/cambridge_api_to_s3_to_snowflake.py
[2026-03-05T02:23:46.654+0000] {logging_mixin.py:188} INFO - [2026-03-05T02:23:46.654+0000] {dag.py:3036} INFO - Sync 1 DAGs
[2026-03-05T02:23:46.661+0000] {logging_mixin.py:188} INFO - [2026-03-05T02:23:46.660+0000] {dag.py:3823} INFO - Setting next_dagrun for cambridge_crime_to_s3_to_snowflake to 2026-03-01 00:00:00+00:00, run_after=2026-03-08 00:00:00+00:00
[2026-03-05T02:23:46.666+0000] {processor.py:183} INFO - Processing /opt/airflow/dags/cambridge_api_to_s3_to_snowflake.py took 0.304 seconds
[2026-03-05T02:24:17.556+0000] {processor.py:161} INFO - Started process (PID=1505) to work on /opt/airflow/dags/cambridge_api_to_s3_to_snowflake.py
[2026-03-05T02:24:17.557+0000] {processor.py:830} INFO - Processing file /opt/airflow/dags/cambridge_api_to_s3_to_snowflake.py for tasks to queue
[2026-03-05T02:24:17.561+0000] {logging_mixin.py:188} INFO - [2026-03-05T02:24:17.560+0000] {dagbag.py:538} INFO - Filling up the DagBag from /opt/airflow/dags/cambridge_api_to_s3_to_snowflake.py
[2026-03-05T02:24:17.922+0000] {processor.py:840} INFO - DAG(s) 'cambridge_crime_to_s3_to_snowflake' retrieved from /opt/airflow/dags/cambridge_api_to_s3_to_snowflake.py
[2026-03-05T02:24:17.930+0000] {logging_mixin.py:188} INFO - [2026-03-05T02:24:17.929+0000] {dag.py:3036} INFO - Sync 1 DAGs
[2026-03-05T02:24:17.938+0000] {logging_mixin.py:188} INFO - [2026-03-05T02:24:17.937+0000] {dag.py:3823} INFO - Setting next_dagrun for cambridge_crime_to_s3_to_snowflake to 2026-03-01 00:00:00+00:00, run_after=2026-03-08 00:00:00+00:00
[2026-03-05T02:24:17.944+0000] {processor.py:183} INFO - Processing /opt/airflow/dags/cambridge_api_to_s3_to_snowflake.py took 0.393 seconds
[2026-03-05T02:24:48.155+0000] {processor.py:161} INFO - Started process (PID=1581) to work on /opt/airflow/dags/cambridge_api_to_s3_to_snowflake.py
[2026-03-05T02:24:48.158+0000] {processor.py:830} INFO - Processing file /opt/airflow/dags/cambridge_api_to_s3_to_snowflake.py for tasks to queue
[2026-03-05T02:24:48.161+0000] {logging_mixin.py:188} INFO - [2026-03-05T02:24:48.161+0000] {dagbag.py:538} INFO - Filling up the DagBag from /opt/airflow/dags/cambridge_api_to_s3_to_snowflake.py
[2026-03-05T02:24:48.524+0000] {processor.py:840} INFO - DAG(s) 'cambridge_crime_to_s3_to_snowflake' retrieved from /opt/airflow/dags/cambridge_api_to_s3_to_snowflake.py
[2026-03-05T02:24:48.531+0000] {logging_mixin.py:188} INFO - [2026-03-05T02:24:48.530+0000] {dag.py:3036} INFO - Sync 1 DAGs
[2026-03-05T02:24:48.538+0000] {logging_mixin.py:188} INFO - [2026-03-05T02:24:48.538+0000] {dag.py:3823} INFO - Setting next_dagrun for cambridge_crime_to_s3_to_snowflake to 2026-03-01 00:00:00+00:00, run_after=2026-03-08 00:00:00+00:00
[2026-03-05T02:24:48.543+0000] {processor.py:183} INFO - Processing /opt/airflow/dags/cambridge_api_to_s3_to_snowflake.py took 0.395 seconds
[2026-03-05T02:25:18.814+0000] {processor.py:161} INFO - Started process (PID=1657) to work on /opt/airflow/dags/cambridge_api_to_s3_to_snowflake.py
[2026-03-05T02:25:18.816+0000] {processor.py:830} INFO - Processing file /opt/airflow/dags/cambridge_api_to_s3_to_snowflake.py for tasks to queue
[2026-03-05T02:25:18.818+0000] {logging_mixin.py:188} INFO - [2026-03-05T02:25:18.818+0000] {dagbag.py:538} INFO - Filling up the DagBag from /opt/airflow/dags/cambridge_api_to_s3_to_snowflake.py
[2026-03-05T02:25:19.076+0000] {processor.py:840} INFO - DAG(s) 'cambridge_crime_to_s3_to_snowflake' retrieved from /opt/airflow/dags/cambridge_api_to_s3_to_snowflake.py
[2026-03-05T02:25:19.089+0000] {logging_mixin.py:188} INFO - [2026-03-05T02:25:19.089+0000] {dag.py:3036} INFO - Sync 1 DAGs
[2026-03-05T02:25:19.101+0000] {logging_mixin.py:188} INFO - [2026-03-05T02:25:19.101+0000] {dag.py:3823} INFO - Setting next_dagrun for cambridge_crime_to_s3_to_snowflake to 2026-03-01 00:00:00+00:00, run_after=2026-03-08 00:00:00+00:00
[2026-03-05T02:25:19.111+0000] {processor.py:183} INFO - Processing /opt/airflow/dags/cambridge_api_to_s3_to_snowflake.py took 0.298 seconds
[2026-03-05T02:25:49.273+0000] {processor.py:161} INFO - Started process (PID=1733) to work on /opt/airflow/dags/cambridge_api_to_s3_to_snowflake.py
[2026-03-05T02:25:49.275+0000] {processor.py:830} INFO - Processing file /opt/airflow/dags/cambridge_api_to_s3_to_snowflake.py for tasks to queue
[2026-03-05T02:25:49.277+0000] {logging_mixin.py:188} INFO - [2026-03-05T02:25:49.277+0000] {dagbag.py:538} INFO - Filling up the DagBag from /opt/airflow/dags/cambridge_api_to_s3_to_snowflake.py
[2026-03-05T02:25:49.514+0000] {processor.py:840} INFO - DAG(s) 'cambridge_crime_to_s3_to_snowflake' retrieved from /opt/airflow/dags/cambridge_api_to_s3_to_snowflake.py
[2026-03-05T02:25:49.520+0000] {logging_mixin.py:188} INFO - [2026-03-05T02:25:49.520+0000] {dag.py:3036} INFO - Sync 1 DAGs
[2026-03-05T02:25:49.527+0000] {logging_mixin.py:188} INFO - [2026-03-05T02:25:49.527+0000] {dag.py:3823} INFO - Setting next_dagrun for cambridge_crime_to_s3_to_snowflake to 2026-03-01 00:00:00+00:00, run_after=2026-03-08 00:00:00+00:00
[2026-03-05T02:25:49.532+0000] {processor.py:183} INFO - Processing /opt/airflow/dags/cambridge_api_to_s3_to_snowflake.py took 0.263 seconds
[2026-03-05T02:26:20.230+0000] {processor.py:161} INFO - Started process (PID=1809) to work on /opt/airflow/dags/cambridge_api_to_s3_to_snowflake.py
[2026-03-05T02:26:20.232+0000] {processor.py:830} INFO - Processing file /opt/airflow/dags/cambridge_api_to_s3_to_snowflake.py for tasks to queue
[2026-03-05T02:26:20.233+0000] {logging_mixin.py:188} INFO - [2026-03-05T02:26:20.233+0000] {dagbag.py:538} INFO - Filling up the DagBag from /opt/airflow/dags/cambridge_api_to_s3_to_snowflake.py
[2026-03-05T02:26:20.406+0000] {processor.py:840} INFO - DAG(s) 'cambridge_crime_to_s3_to_snowflake' retrieved from /opt/airflow/dags/cambridge_api_to_s3_to_snowflake.py
[2026-03-05T02:26:20.413+0000] {logging_mixin.py:188} INFO - [2026-03-05T02:26:20.412+0000] {dag.py:3036} INFO - Sync 1 DAGs
[2026-03-05T02:26:20.420+0000] {logging_mixin.py:188} INFO - [2026-03-05T02:26:20.420+0000] {dag.py:3823} INFO - Setting next_dagrun for cambridge_crime_to_s3_to_snowflake to 2026-03-01 00:00:00+00:00, run_after=2026-03-08 00:00:00+00:00
[2026-03-05T02:26:20.426+0000] {processor.py:183} INFO - Processing /opt/airflow/dags/cambridge_api_to_s3_to_snowflake.py took 0.199 seconds
[2026-03-05T02:26:51.307+0000] {processor.py:161} INFO - Started process (PID=1885) to work on /opt/airflow/dags/cambridge_api_to_s3_to_snowflake.py
[2026-03-05T02:26:51.310+0000] {processor.py:830} INFO - Processing file /opt/airflow/dags/cambridge_api_to_s3_to_snowflake.py for tasks to queue
[2026-03-05T02:26:51.311+0000] {logging_mixin.py:188} INFO - [2026-03-05T02:26:51.311+0000] {dagbag.py:538} INFO - Filling up the DagBag from /opt/airflow/dags/cambridge_api_to_s3_to_snowflake.py
[2026-03-05T02:26:51.505+0000] {processor.py:840} INFO - DAG(s) 'cambridge_crime_to_s3_to_snowflake' retrieved from /opt/airflow/dags/cambridge_api_to_s3_to_snowflake.py
[2026-03-05T02:26:51.514+0000] {logging_mixin.py:188} INFO - [2026-03-05T02:26:51.514+0000] {dag.py:3036} INFO - Sync 1 DAGs
[2026-03-05T02:26:51.523+0000] {logging_mixin.py:188} INFO - [2026-03-05T02:26:51.523+0000] {dag.py:3823} INFO - Setting next_dagrun for cambridge_crime_to_s3_to_snowflake to 2026-03-01 00:00:00+00:00, run_after=2026-03-08 00:00:00+00:00
[2026-03-05T02:26:51.529+0000] {processor.py:183} INFO - Processing /opt/airflow/dags/cambridge_api_to_s3_to_snowflake.py took 0.226 seconds
[2026-03-05T02:27:22.358+0000] {processor.py:161} INFO - Started process (PID=1961) to work on /opt/airflow/dags/cambridge_api_to_s3_to_snowflake.py
[2026-03-05T02:27:22.360+0000] {processor.py:830} INFO - Processing file /opt/airflow/dags/cambridge_api_to_s3_to_snowflake.py for tasks to queue
[2026-03-05T02:27:22.362+0000] {logging_mixin.py:188} INFO - [2026-03-05T02:27:22.362+0000] {dagbag.py:538} INFO - Filling up the DagBag from /opt/airflow/dags/cambridge_api_to_s3_to_snowflake.py
[2026-03-05T02:27:22.562+0000] {processor.py:840} INFO - DAG(s) 'cambridge_crime_to_s3_to_snowflake' retrieved from /opt/airflow/dags/cambridge_api_to_s3_to_snowflake.py
[2026-03-05T02:27:22.570+0000] {logging_mixin.py:188} INFO - [2026-03-05T02:27:22.570+0000] {dag.py:3036} INFO - Sync 1 DAGs
[2026-03-05T02:27:22.579+0000] {logging_mixin.py:188} INFO - [2026-03-05T02:27:22.579+0000] {dag.py:3823} INFO - Setting next_dagrun for cambridge_crime_to_s3_to_snowflake to 2026-03-01 00:00:00+00:00, run_after=2026-03-08 00:00:00+00:00
[2026-03-05T02:27:22.585+0000] {processor.py:183} INFO - Processing /opt/airflow/dags/cambridge_api_to_s3_to_snowflake.py took 0.232 seconds
[2026-03-05T02:27:52.763+0000] {processor.py:161} INFO - Started process (PID=2037) to work on /opt/airflow/dags/cambridge_api_to_s3_to_snowflake.py
[2026-03-05T02:27:52.765+0000] {processor.py:830} INFO - Processing file /opt/airflow/dags/cambridge_api_to_s3_to_snowflake.py for tasks to queue
[2026-03-05T02:27:52.768+0000] {logging_mixin.py:188} INFO - [2026-03-05T02:27:52.768+0000] {dagbag.py:538} INFO - Filling up the DagBag from /opt/airflow/dags/cambridge_api_to_s3_to_snowflake.py
[2026-03-05T02:27:53.002+0000] {processor.py:840} INFO - DAG(s) 'cambridge_crime_to_s3_to_snowflake' retrieved from /opt/airflow/dags/cambridge_api_to_s3_to_snowflake.py
[2026-03-05T02:27:53.016+0000] {logging_mixin.py:188} INFO - [2026-03-05T02:27:53.016+0000] {dag.py:3036} INFO - Sync 1 DAGs
[2026-03-05T02:27:53.024+0000] {logging_mixin.py:188} INFO - [2026-03-05T02:27:53.024+0000] {dag.py:3823} INFO - Setting next_dagrun for cambridge_crime_to_s3_to_snowflake to 2026-03-01 00:00:00+00:00, run_after=2026-03-08 00:00:00+00:00
[2026-03-05T02:27:53.031+0000] {processor.py:183} INFO - Processing /opt/airflow/dags/cambridge_api_to_s3_to_snowflake.py took 0.274 seconds
[2026-03-05T02:28:23.356+0000] {processor.py:161} INFO - Started process (PID=2119) to work on /opt/airflow/dags/cambridge_api_to_s3_to_snowflake.py
[2026-03-05T02:28:23.358+0000] {processor.py:830} INFO - Processing file /opt/airflow/dags/cambridge_api_to_s3_to_snowflake.py for tasks to queue
[2026-03-05T02:28:23.359+0000] {logging_mixin.py:188} INFO - [2026-03-05T02:28:23.359+0000] {dagbag.py:538} INFO - Filling up the DagBag from /opt/airflow/dags/cambridge_api_to_s3_to_snowflake.py
[2026-03-05T02:28:23.532+0000] {processor.py:840} INFO - DAG(s) 'cambridge_crime_to_s3_to_snowflake' retrieved from /opt/airflow/dags/cambridge_api_to_s3_to_snowflake.py
[2026-03-05T02:28:23.540+0000] {logging_mixin.py:188} INFO - [2026-03-05T02:28:23.540+0000] {dag.py:3036} INFO - Sync 1 DAGs
[2026-03-05T02:28:23.547+0000] {logging_mixin.py:188} INFO - [2026-03-05T02:28:23.547+0000] {dag.py:3823} INFO - Setting next_dagrun for cambridge_crime_to_s3_to_snowflake to 2026-03-01 00:00:00+00:00, run_after=2026-03-08 00:00:00+00:00
[2026-03-05T02:28:23.552+0000] {processor.py:183} INFO - Processing /opt/airflow/dags/cambridge_api_to_s3_to_snowflake.py took 0.200 seconds
[2026-03-05T02:28:54.053+0000] {processor.py:161} INFO - Started process (PID=2195) to work on /opt/airflow/dags/cambridge_api_to_s3_to_snowflake.py
[2026-03-05T02:28:54.057+0000] {processor.py:830} INFO - Processing file /opt/airflow/dags/cambridge_api_to_s3_to_snowflake.py for tasks to queue
[2026-03-05T02:28:54.060+0000] {logging_mixin.py:188} INFO - [2026-03-05T02:28:54.060+0000] {dagbag.py:538} INFO - Filling up the DagBag from /opt/airflow/dags/cambridge_api_to_s3_to_snowflake.py
[2026-03-05T02:28:54.255+0000] {processor.py:840} INFO - DAG(s) 'cambridge_crime_to_s3_to_snowflake' retrieved from /opt/airflow/dags/cambridge_api_to_s3_to_snowflake.py
[2026-03-05T02:28:54.264+0000] {logging_mixin.py:188} INFO - [2026-03-05T02:28:54.264+0000] {dag.py:3036} INFO - Sync 1 DAGs
[2026-03-05T02:28:54.274+0000] {logging_mixin.py:188} INFO - [2026-03-05T02:28:54.273+0000] {dag.py:3823} INFO - Setting next_dagrun for cambridge_crime_to_s3_to_snowflake to 2026-03-01 00:00:00+00:00, run_after=2026-03-08 00:00:00+00:00
[2026-03-05T02:28:54.280+0000] {processor.py:183} INFO - Processing /opt/airflow/dags/cambridge_api_to_s3_to_snowflake.py took 0.231 seconds
[2026-03-05T02:29:24.734+0000] {processor.py:161} INFO - Started process (PID=2271) to work on /opt/airflow/dags/cambridge_api_to_s3_to_snowflake.py
[2026-03-05T02:29:24.736+0000] {processor.py:830} INFO - Processing file /opt/airflow/dags/cambridge_api_to_s3_to_snowflake.py for tasks to queue
[2026-03-05T02:29:24.737+0000] {logging_mixin.py:188} INFO - [2026-03-05T02:29:24.737+0000] {dagbag.py:538} INFO - Filling up the DagBag from /opt/airflow/dags/cambridge_api_to_s3_to_snowflake.py
[2026-03-05T02:29:24.909+0000] {processor.py:840} INFO - DAG(s) 'cambridge_crime_to_s3_to_snowflake' retrieved from /opt/airflow/dags/cambridge_api_to_s3_to_snowflake.py
[2026-03-05T02:29:24.916+0000] {logging_mixin.py:188} INFO - [2026-03-05T02:29:24.915+0000] {dag.py:3036} INFO - Sync 1 DAGs
[2026-03-05T02:29:24.923+0000] {logging_mixin.py:188} INFO - [2026-03-05T02:29:24.923+0000] {dag.py:3823} INFO - Setting next_dagrun for cambridge_crime_to_s3_to_snowflake to 2026-03-01 00:00:00+00:00, run_after=2026-03-08 00:00:00+00:00
[2026-03-05T02:29:24.928+0000] {processor.py:183} INFO - Processing /opt/airflow/dags/cambridge_api_to_s3_to_snowflake.py took 0.197 seconds
