[2026-02-27T22:55:14.369+0000] {taskinstance.py:1956} INFO - Dependencies all met for dep_context=non-requeueable deps ti=<TaskInstance: schools_geocoded_to_s3_to_snowflake.load_to_snowflake manual__2026-02-27T22:55:00.259974+00:00 [queued]>
[2026-02-27T22:55:14.371+0000] {taskinstance.py:1956} INFO - Dependencies all met for dep_context=requeueable deps ti=<TaskInstance: schools_geocoded_to_s3_to_snowflake.load_to_snowflake manual__2026-02-27T22:55:00.259974+00:00 [queued]>
[2026-02-27T22:55:14.371+0000] {taskinstance.py:2170} INFO - Starting attempt 1 of 2
[2026-02-27T22:55:14.375+0000] {taskinstance.py:2191} INFO - Executing <Task(PythonOperator): load_to_snowflake> on 2026-02-27 22:55:00.259974+00:00
[2026-02-27T22:55:14.377+0000] {standard_task_runner.py:60} INFO - Started process 146 to run task
[2026-02-27T22:55:14.378+0000] {standard_task_runner.py:87} INFO - Running: ['***', 'tasks', 'run', 'schools_geocoded_to_s3_to_snowflake', 'load_to_snowflake', 'manual__2026-02-27T22:55:00.259974+00:00', '--job-id', '288', '--raw', '--subdir', 'DAGS_FOLDER/schools_geocoded_s3_to_snowflake.py', '--cfg-path', '/tmp/tmpwkb8agts']
[2026-02-27T22:55:14.379+0000] {standard_task_runner.py:88} INFO - Job 288: Subtask load_to_snowflake
[2026-02-27T22:55:14.393+0000] {task_command.py:423} INFO - Running <TaskInstance: schools_geocoded_to_s3_to_snowflake.load_to_snowflake manual__2026-02-27T22:55:00.259974+00:00 [running]> on host 70ac4d860894
[2026-02-27T22:55:14.413+0000] {taskinstance.py:2480} INFO - Exporting env vars: AIRFLOW_CTX_DAG_OWNER='***' AIRFLOW_CTX_DAG_ID='schools_geocoded_to_s3_to_snowflake' AIRFLOW_CTX_TASK_ID='load_to_snowflake' AIRFLOW_CTX_EXECUTION_DATE='2026-02-27T22:55:00.259974+00:00' AIRFLOW_CTX_TRY_NUMBER='1' AIRFLOW_CTX_DAG_RUN_ID='manual__2026-02-27T22:55:00.259974+00:00'
[2026-02-27T22:55:14.421+0000] {base.py:83} INFO - Using connection ID 'aws_default' for task execution.
[2026-02-27T22:55:14.421+0000] {connection.py:370} INFO - Snowflake Connector for Python Version: 3.6.0, Python Version: 3.8.18, Platform: Linux-6.12.67-linuxkit-aarch64-with-glibc2.34
[2026-02-27T22:55:14.421+0000] {connection.py:1171} INFO - This connection is in OCSP Fail Open Mode. TLS Certificates would be checked for validity and revocation status. Any other Certificate Revocation related exceptions or OCSP Responder failures would be disregarded in favor of connectivity.
[2026-02-27T22:55:14.421+0000] {connection.py:1181} INFO - THIS CONNECTION IS IN INSECURE MODE. IT MEANS THE CERTIFICATE WILL BE VALIDATED BUT THE CERTIFICATE REVOCATION STATUS WILL NOT BE CHECKED.
[2026-02-27T22:55:14.690+0000] {ssl_wrap_socket.py:100} INFO - THIS CONNECTION IS IN INSECURE MODE. IT MEANS THE CERTIFICATE WILL BE VALIDATED BUT THE CERTIFICATE REVOCATION STATUS WILL NOT BE CHECKED.
[2026-02-27T22:55:15.353+0000] {cursor.py:1028} INFO - query: [USE SCHEMA NEIGHBOURWISE_DOMAINS.STAGE]
[2026-02-27T22:55:15.539+0000] {cursor.py:1041} INFO - query execution done
[2026-02-27T22:55:15.541+0000] {cursor.py:1205} INFO - Number of results in first chunk: 1
[2026-02-27T22:55:15.541+0000] {logging_mixin.py:188} INFO - Truncating STG_BOSTON_SCHOOLS_GEOCODED
[2026-02-27T22:55:15.542+0000] {cursor.py:1028} INFO - query: [TRUNCATE TABLE NEIGHBOURWISE_DOMAINS.STAGE.STG_BOSTON_SCHOOLS_GEOCODED]
[2026-02-27T22:55:15.994+0000] {cursor.py:1041} INFO - query execution done
[2026-02-27T22:55:15.995+0000] {cursor.py:1205} INFO - Number of results in first chunk: 1
[2026-02-27T22:55:15.996+0000] {logging_mixin.py:188} INFO - Loading from s3://neighborwise-ai-s3-bucket/schools/schools_geocoded.csv
[2026-02-27T22:55:15.996+0000] {cursor.py:1028} INFO - query: [COPY INTO NEIGHBOURWISE_DOMAINS.STAGE.STG_BOSTON_SCHOOLS_GEOCODED (SCHID, LAT, L...]
[2026-02-27T22:55:19.015+0000] {cursor.py:1041} INFO - query execution done
[2026-02-27T22:55:19.018+0000] {cursor.py:1205} INFO - Number of results in first chunk: 1
[2026-02-27T22:55:19.019+0000] {cursor.py:1028} INFO - query: [SELECT GEOCODE_STATUS, COUNT(*) FROM NEIGHBOURWISE_DOMAINS.STAGE.STG_BOSTON_SCHO...]
[2026-02-27T22:55:19.500+0000] {cursor.py:1041} INFO - query execution done
[2026-02-27T22:55:19.501+0000] {cursor.py:1205} INFO - Number of results in first chunk: 2
[2026-02-27T22:55:19.505+0000] {logging_mixin.py:188} INFO -   FAILED: 1636 records
[2026-02-27T22:55:19.505+0000] {logging_mixin.py:188} INFO -   GEOCODED: 802 records
[2026-02-27T22:55:19.505+0000] {cursor.py:1028} INFO - query: [SELECT COUNT(*) FROM NEIGHBOURWISE_DOMAINS.STAGE.STG_BOSTON_SCHOOLS_GEOCODED]
[2026-02-27T22:55:19.771+0000] {cursor.py:1041} INFO - query execution done
[2026-02-27T22:55:19.771+0000] {cursor.py:1205} INFO - Number of results in first chunk: 1
[2026-02-27T22:55:19.772+0000] {logging_mixin.py:188} INFO - Total records loaded: 2438
[2026-02-27T22:55:19.772+0000] {connection.py:718} INFO - closed
[2026-02-27T22:55:19.901+0000] {connection.py:724} INFO - No async queries seem to be running, deleting session
[2026-02-27T22:55:20.170+0000] {python.py:201} INFO - Done. Returned value was: {'status': 'success', 'records_loaded': 2438}
[2026-02-27T22:55:20.205+0000] {taskinstance.py:1138} INFO - Marking task as SUCCESS. dag_id=schools_geocoded_to_s3_to_snowflake, task_id=load_to_snowflake, execution_date=20260227T225500, start_date=20260227T225514, end_date=20260227T225520
[2026-02-27T22:55:20.268+0000] {local_task_job_runner.py:234} INFO - Task exited with return code 0
[2026-02-27T22:55:20.279+0000] {taskinstance.py:3280} INFO - 0 downstream tasks scheduled from follow-on schedule check
