[2026-04-09T22:44:08.425+0000] {taskinstance.py:1956} INFO - Dependencies all met for dep_context=non-requeueable deps ti=<TaskInstance: boston_api_to_s3_to_snowflake.load_to_snowflake manual__2026-04-09T22:43:44.870700+00:00 [queued]>
[2026-04-09T22:44:08.427+0000] {taskinstance.py:1956} INFO - Dependencies all met for dep_context=requeueable deps ti=<TaskInstance: boston_api_to_s3_to_snowflake.load_to_snowflake manual__2026-04-09T22:43:44.870700+00:00 [queued]>
[2026-04-09T22:44:08.428+0000] {taskinstance.py:2170} INFO - Starting attempt 1 of 2
[2026-04-09T22:44:08.431+0000] {taskinstance.py:2191} INFO - Executing <Task(PythonOperator): load_to_snowflake> on 2026-04-09 22:43:44.870700+00:00
[2026-04-09T22:44:08.433+0000] {standard_task_runner.py:60} INFO - Started process 262 to run task
[2026-04-09T22:44:08.435+0000] {standard_task_runner.py:87} INFO - Running: ['***', 'tasks', 'run', 'boston_api_to_s3_to_snowflake', 'load_to_snowflake', 'manual__2026-04-09T22:43:44.870700+00:00', '--job-id', '398', '--raw', '--subdir', 'DAGS_FOLDER/boston_api_to_s3.py', '--cfg-path', '/tmp/tmps7mrc2a7']
[2026-04-09T22:44:08.435+0000] {standard_task_runner.py:88} INFO - Job 398: Subtask load_to_snowflake
[2026-04-09T22:44:08.449+0000] {task_command.py:423} INFO - Running <TaskInstance: boston_api_to_s3_to_snowflake.load_to_snowflake manual__2026-04-09T22:43:44.870700+00:00 [running]> on host fc1f5ec42310
[2026-04-09T22:44:08.470+0000] {taskinstance.py:2480} INFO - Exporting env vars: AIRFLOW_CTX_DAG_OWNER='***' AIRFLOW_CTX_DAG_ID='boston_api_to_s3_to_snowflake' AIRFLOW_CTX_TASK_ID='load_to_snowflake' AIRFLOW_CTX_EXECUTION_DATE='2026-04-09T22:43:44.870700+00:00' AIRFLOW_CTX_TRY_NUMBER='1' AIRFLOW_CTX_DAG_RUN_ID='manual__2026-04-09T22:43:44.870700+00:00'
[2026-04-09T22:44:08.477+0000] {base.py:83} INFO - Using connection ID 'aws_default' for task execution.
[2026-04-09T22:44:08.477+0000] {connection.py:370} INFO - Snowflake Connector for Python Version: 3.6.0, Python Version: 3.8.18, Platform: Linux-6.12.67-linuxkit-aarch64-with-glibc2.34
[2026-04-09T22:44:08.478+0000] {connection.py:1171} INFO - This connection is in OCSP Fail Open Mode. TLS Certificates would be checked for validity and revocation status. Any other Certificate Revocation related exceptions or OCSP Responder failures would be disregarded in favor of connectivity.
[2026-04-09T22:44:08.478+0000] {connection.py:1181} INFO - THIS CONNECTION IS IN INSECURE MODE. IT MEANS THE CERTIFICATE WILL BE VALIDATED BUT THE CERTIFICATE REVOCATION STATUS WILL NOT BE CHECKED.
[2026-04-09T22:44:08.700+0000] {ssl_wrap_socket.py:100} INFO - THIS CONNECTION IS IN INSECURE MODE. IT MEANS THE CERTIFICATE WILL BE VALIDATED BUT THE CERTIFICATE REVOCATION STATUS WILL NOT BE CHECKED.
[2026-04-09T22:44:08.997+0000] {logging_mixin.py:188} INFO - Truncating STG_BOSTON_CRIME before fresh load
[2026-04-09T22:44:08.998+0000] {cursor.py:1028} INFO - query: [TRUNCATE TABLE NEIGHBOURWISE_DOMAINS.STAGE.STG_BOSTON_CRIME]
[2026-04-09T22:44:09.450+0000] {cursor.py:1041} INFO - query execution done
[2026-04-09T22:44:09.452+0000] {cursor.py:1205} INFO - Number of results in first chunk: 1
[2026-04-09T22:44:09.452+0000] {logging_mixin.py:188} INFO - Loading data from s3://neighborwise-ai-s3-bucket/crime-safety/boston_crime_20260409T224344.csv to Snowflake
[2026-04-09T22:44:09.452+0000] {cursor.py:1028} INFO - query: [COPY INTO NEIGHBOURWISE_DOMAINS.STAGE.STG_BOSTON_CRIME FROM 's3://neighborwise-a...]
[2026-04-09T22:44:13.593+0000] {cursor.py:1041} INFO - query execution done
[2026-04-09T22:44:13.595+0000] {cursor.py:1205} INFO - Number of results in first chunk: 1
[2026-04-09T22:44:13.595+0000] {cursor.py:1028} INFO - query: [SELECT COUNT(*) FROM STG_BOSTON_CRIME]
[2026-04-09T22:44:13.809+0000] {cursor.py:1041} INFO - query execution done
[2026-04-09T22:44:13.810+0000] {cursor.py:1205} INFO - Number of results in first chunk: 1
[2026-04-09T22:44:13.812+0000] {logging_mixin.py:188} INFO - Total records in table: 257954
[2026-04-09T22:44:13.812+0000] {connection.py:718} INFO - closed
[2026-04-09T22:44:13.921+0000] {connection.py:724} INFO - No async queries seem to be running, deleting session
[2026-04-09T22:44:14.047+0000] {python.py:201} INFO - Done. Returned value was: {'status': 'success', 'records_loaded': 257954}
[2026-04-09T22:44:14.074+0000] {taskinstance.py:1138} INFO - Marking task as SUCCESS. dag_id=boston_api_to_s3_to_snowflake, task_id=load_to_snowflake, execution_date=20260409T224344, start_date=20260409T224408, end_date=20260409T224414
[2026-04-09T22:44:14.098+0000] {local_task_job_runner.py:234} INFO - Task exited with return code 0
[2026-04-09T22:44:14.106+0000] {taskinstance.py:3280} INFO - 0 downstream tasks scheduled from follow-on schedule check
