[2026-02-26T19:55:09.800+0000] {taskinstance.py:1956} INFO - Dependencies all met for dep_context=non-requeueable deps ti=<TaskInstance: neighborhoods_to_s3_to_snowflake.load_to_snowflake manual__2026-02-26T19:54:47.985274+00:00 [queued]>
[2026-02-26T19:55:09.803+0000] {taskinstance.py:1956} INFO - Dependencies all met for dep_context=requeueable deps ti=<TaskInstance: neighborhoods_to_s3_to_snowflake.load_to_snowflake manual__2026-02-26T19:54:47.985274+00:00 [queued]>
[2026-02-26T19:55:09.803+0000] {taskinstance.py:2170} INFO - Starting attempt 1 of 2
[2026-02-26T19:55:09.807+0000] {taskinstance.py:2191} INFO - Executing <Task(PythonOperator): load_to_snowflake> on 2026-02-26 19:54:47.985274+00:00
[2026-02-26T19:55:09.810+0000] {standard_task_runner.py:60} INFO - Started process 111 to run task
[2026-02-26T19:55:09.812+0000] {standard_task_runner.py:87} INFO - Running: ['***', 'tasks', 'run', 'neighborhoods_to_s3_to_snowflake', 'load_to_snowflake', 'manual__2026-02-26T19:54:47.985274+00:00', '--job-id', '243', '--raw', '--subdir', 'DAGS_FOLDER/neighborhoods_to_s3_to_snowflake.py', '--cfg-path', '/tmp/tmpe72m3c2s']
[2026-02-26T19:55:09.812+0000] {standard_task_runner.py:88} INFO - Job 243: Subtask load_to_snowflake
[2026-02-26T19:55:09.835+0000] {task_command.py:423} INFO - Running <TaskInstance: neighborhoods_to_s3_to_snowflake.load_to_snowflake manual__2026-02-26T19:54:47.985274+00:00 [running]> on host d398a380d6c2
[2026-02-26T19:55:09.861+0000] {taskinstance.py:2480} INFO - Exporting env vars: AIRFLOW_CTX_DAG_OWNER='***' AIRFLOW_CTX_DAG_ID='neighborhoods_to_s3_to_snowflake' AIRFLOW_CTX_TASK_ID='load_to_snowflake' AIRFLOW_CTX_EXECUTION_DATE='2026-02-26T19:54:47.985274+00:00' AIRFLOW_CTX_TRY_NUMBER='1' AIRFLOW_CTX_DAG_RUN_ID='manual__2026-02-26T19:54:47.985274+00:00'
[2026-02-26T19:55:09.869+0000] {base.py:83} INFO - Using connection ID 'aws_default' for task execution.
[2026-02-26T19:55:09.869+0000] {connection.py:370} INFO - Snowflake Connector for Python Version: 3.6.0, Python Version: 3.8.18, Platform: Linux-6.12.67-linuxkit-aarch64-with-glibc2.34
[2026-02-26T19:55:09.869+0000] {connection.py:1171} INFO - This connection is in OCSP Fail Open Mode. TLS Certificates would be checked for validity and revocation status. Any other Certificate Revocation related exceptions or OCSP Responder failures would be disregarded in favor of connectivity.
[2026-02-26T19:55:09.869+0000] {connection.py:1181} INFO - THIS CONNECTION IS IN INSECURE MODE. IT MEANS THE CERTIFICATE WILL BE VALIDATED BUT THE CERTIFICATE REVOCATION STATUS WILL NOT BE CHECKED.
[2026-02-26T19:55:10.112+0000] {ssl_wrap_socket.py:100} INFO - THIS CONNECTION IS IN INSECURE MODE. IT MEANS THE CERTIFICATE WILL BE VALIDATED BUT THE CERTIFICATE REVOCATION STATUS WILL NOT BE CHECKED.
[2026-02-26T19:55:10.545+0000] {cursor.py:1028} INFO - query: [USE SCHEMA NEIGHBOURWISE_DOMAINS.STAGE]
[2026-02-26T19:55:10.752+0000] {cursor.py:1041} INFO - query execution done
[2026-02-26T19:55:10.753+0000] {cursor.py:1205} INFO - Number of results in first chunk: 1
[2026-02-26T19:55:10.754+0000] {logging_mixin.py:188} INFO - Truncating STG_BOSTON_NEIGHBORHOODS
[2026-02-26T19:55:10.754+0000] {cursor.py:1028} INFO - query: [TRUNCATE TABLE NEIGHBOURWISE_DOMAINS.STAGE.STG_BOSTON_NEIGHBORHOODS]
[2026-02-26T19:55:11.260+0000] {cursor.py:1041} INFO - query execution done
[2026-02-26T19:55:11.260+0000] {cursor.py:1205} INFO - Number of results in first chunk: 1
[2026-02-26T19:55:11.261+0000] {logging_mixin.py:188} INFO - Loading data from s3://neighborwise-ai-s3-bucket/neighborhoods/boston_neighborhoods_20260226T195447.csv to Snowflake
[2026-02-26T19:55:11.261+0000] {cursor.py:1028} INFO - query: [COPY INTO NEIGHBOURWISE_DOMAINS.STAGE.STG_BOSTON_NEIGHBORHOODS (NAME, NEIGHBORHO...]
[2026-02-26T19:55:13.517+0000] {cursor.py:1041} INFO - query execution done
[2026-02-26T19:55:13.519+0000] {cursor.py:1205} INFO - Number of results in first chunk: 1
[2026-02-26T19:55:13.519+0000] {cursor.py:1028} INFO - query: [SELECT COUNT(*) FROM NEIGHBOURWISE_DOMAINS.STAGE.STG_BOSTON_NEIGHBORHOODS]
[2026-02-26T19:55:13.815+0000] {cursor.py:1041} INFO - query execution done
[2026-02-26T19:55:13.816+0000] {cursor.py:1205} INFO - Number of results in first chunk: 1
[2026-02-26T19:55:13.819+0000] {logging_mixin.py:188} INFO - Total records in STG_BOSTON_NEIGHBORHOODS: 26
[2026-02-26T19:55:13.820+0000] {connection.py:718} INFO - closed
[2026-02-26T19:55:13.935+0000] {connection.py:724} INFO - No async queries seem to be running, deleting session
[2026-02-26T19:55:14.178+0000] {python.py:201} INFO - Done. Returned value was: {'status': 'success', 'records_loaded': 26}
[2026-02-26T19:55:14.204+0000] {taskinstance.py:1138} INFO - Marking task as SUCCESS. dag_id=neighborhoods_to_s3_to_snowflake, task_id=load_to_snowflake, execution_date=20260226T195447, start_date=20260226T195509, end_date=20260226T195514
[2026-02-26T19:55:14.230+0000] {local_task_job_runner.py:234} INFO - Task exited with return code 0
[2026-02-26T19:55:14.245+0000] {taskinstance.py:3280} INFO - 0 downstream tasks scheduled from follow-on schedule check
