[2026-02-18T02:21:38.134+0000] {taskinstance.py:1956} INFO - Dependencies all met for dep_context=non-requeueable deps ti=<TaskInstance: boston_api_to_s3_to_snowflake.load_to_snowflake manual__2026-02-18T02:21:25.056966+00:00 [queued]>
[2026-02-18T02:21:38.137+0000] {taskinstance.py:1956} INFO - Dependencies all met for dep_context=requeueable deps ti=<TaskInstance: boston_api_to_s3_to_snowflake.load_to_snowflake manual__2026-02-18T02:21:25.056966+00:00 [queued]>
[2026-02-18T02:21:38.137+0000] {taskinstance.py:2170} INFO - Starting attempt 1 of 2
[2026-02-18T02:21:38.141+0000] {taskinstance.py:2191} INFO - Executing <Task(PythonOperator): load_to_snowflake> on 2026-02-18 02:21:25.056966+00:00
[2026-02-18T02:21:38.145+0000] {standard_task_runner.py:60} INFO - Started process 127 to run task
[2026-02-18T02:21:38.147+0000] {standard_task_runner.py:87} INFO - Running: ['***', 'tasks', 'run', 'boston_api_to_s3_to_snowflake', 'load_to_snowflake', 'manual__2026-02-18T02:21:25.056966+00:00', '--job-id', '37', '--raw', '--subdir', 'DAGS_FOLDER/boston_api_to_s3.py', '--cfg-path', '/tmp/tmpwty26cdr']
[2026-02-18T02:21:38.149+0000] {standard_task_runner.py:88} INFO - Job 37: Subtask load_to_snowflake
[2026-02-18T02:21:38.165+0000] {task_command.py:423} INFO - Running <TaskInstance: boston_api_to_s3_to_snowflake.load_to_snowflake manual__2026-02-18T02:21:25.056966+00:00 [running]> on host 0469b07bdd65
[2026-02-18T02:21:38.186+0000] {taskinstance.py:2480} INFO - Exporting env vars: AIRFLOW_CTX_DAG_OWNER='***' AIRFLOW_CTX_DAG_ID='boston_api_to_s3_to_snowflake' AIRFLOW_CTX_TASK_ID='load_to_snowflake' AIRFLOW_CTX_EXECUTION_DATE='2026-02-18T02:21:25.056966+00:00' AIRFLOW_CTX_TRY_NUMBER='1' AIRFLOW_CTX_DAG_RUN_ID='manual__2026-02-18T02:21:25.056966+00:00'
[2026-02-18T02:21:38.193+0000] {base.py:83} INFO - Using connection ID 'aws_default' for task execution.
[2026-02-18T02:21:38.193+0000] {taskinstance.py:2698} ERROR - Task failed with exception
Traceback (most recent call last):
  File "/home/airflow/.local/lib/python3.8/site-packages/airflow/models/taskinstance.py", line 433, in _execute_task
    result = execute_callable(context=context, **execute_callable_kwargs)
  File "/home/airflow/.local/lib/python3.8/site-packages/airflow/operators/python.py", line 199, in execute
    return_value = self.execute_callable()
  File "/home/airflow/.local/lib/python3.8/site-packages/airflow/operators/python.py", line 216, in execute_callable
    return self.python_callable(*self.op_args, **self.op_kwargs)
  File "/opt/airflow/dags/boston_api_to_s3.py", line 184, in load_s3_to_snowflake
    conn = snowflake.connector.connect(
NameError: name 'snowflake' is not defined
[2026-02-18T02:21:38.196+0000] {taskinstance.py:1138} INFO - Marking task as UP_FOR_RETRY. dag_id=boston_api_to_s3_to_snowflake, task_id=load_to_snowflake, execution_date=20260218T022125, start_date=20260218T022138, end_date=20260218T022138
[2026-02-18T02:21:38.199+0000] {standard_task_runner.py:107} ERROR - Failed to execute job 37 for task load_to_snowflake (name 'snowflake' is not defined; 127)
[2026-02-18T02:21:38.202+0000] {local_task_job_runner.py:234} INFO - Task exited with return code 1
[2026-02-18T02:21:38.208+0000] {taskinstance.py:3280} INFO - 0 downstream tasks scheduled from follow-on schedule check
