[2026-02-26T22:41:26.351+0000] {taskinstance.py:1956} INFO - Dependencies all met for dep_context=non-requeueable deps ti=<TaskInstance: master_location_to_s3_to_snowflake.fetch_and_convert manual__2026-02-26T22:41:24.698779+00:00 [queued]>
[2026-02-26T22:41:26.353+0000] {taskinstance.py:1956} INFO - Dependencies all met for dep_context=requeueable deps ti=<TaskInstance: master_location_to_s3_to_snowflake.fetch_and_convert manual__2026-02-26T22:41:24.698779+00:00 [queued]>
[2026-02-26T22:41:26.353+0000] {taskinstance.py:2170} INFO - Starting attempt 1 of 2
[2026-02-26T22:41:26.357+0000] {taskinstance.py:2191} INFO - Executing <Task(PythonOperator): fetch_and_convert> on 2026-02-26 22:41:24.698779+00:00
[2026-02-26T22:41:26.360+0000] {standard_task_runner.py:60} INFO - Started process 1531 to run task
[2026-02-26T22:41:26.362+0000] {standard_task_runner.py:87} INFO - Running: ['***', 'tasks', 'run', 'master_location_to_s3_to_snowflake', 'fetch_and_convert', 'manual__2026-02-26T22:41:24.698779+00:00', '--job-id', '258', '--raw', '--subdir', 'DAGS_FOLDER/master_location_to_s3_to_snowflake.py', '--cfg-path', '/tmp/tmp91hwajgy']
[2026-02-26T22:41:26.362+0000] {standard_task_runner.py:88} INFO - Job 258: Subtask fetch_and_convert
[2026-02-26T22:41:26.384+0000] {task_command.py:423} INFO - Running <TaskInstance: master_location_to_s3_to_snowflake.fetch_and_convert manual__2026-02-26T22:41:24.698779+00:00 [running]> on host 3c05600bc10c
[2026-02-26T22:41:26.409+0000] {taskinstance.py:2480} INFO - Exporting env vars: AIRFLOW_CTX_DAG_OWNER='***' AIRFLOW_CTX_DAG_ID='master_location_to_s3_to_snowflake' AIRFLOW_CTX_TASK_ID='fetch_and_convert' AIRFLOW_CTX_EXECUTION_DATE='2026-02-26T22:41:24.698779+00:00' AIRFLOW_CTX_TRY_NUMBER='1' AIRFLOW_CTX_DAG_RUN_ID='manual__2026-02-26T22:41:24.698779+00:00'
[2026-02-26T22:41:26.417+0000] {logging_mixin.py:188} INFO - Fetching Boston neighborhood GeoJSON from https://data.boston.gov/dataset/bf1a7b50-4c72-4637-b0fa-11d632e3aff1/resource/e5849875-a6f6-4c9c-9d8a-5048b0fbd03e/download/boston_neighborhood_boundaries.geojson
[2026-02-26T22:41:27.004+0000] {logging_mixin.py:188} INFO -   Boston - ROSLINDALE: (42.282515, -71.126662)
[2026-02-26T22:41:27.005+0000] {logging_mixin.py:188} INFO -   Boston - JAMAICA PLAIN: (42.307761, -71.115096)
[2026-02-26T22:41:27.005+0000] {logging_mixin.py:188} INFO -   Boston - MISSION HILL: (42.331733, -71.102606)
[2026-02-26T22:41:27.005+0000] {logging_mixin.py:188} INFO -   Boston - LONGWOOD: (42.3386, -71.105102)
[2026-02-26T22:41:27.005+0000] {logging_mixin.py:188} INFO -   Boston - BAY VILLAGE: (42.349095, -71.069031)
[2026-02-26T22:41:27.006+0000] {logging_mixin.py:188} INFO -   Boston - LEATHER DISTRICT: (42.350974, -71.057828)
[2026-02-26T22:41:27.006+0000] {logging_mixin.py:188} INFO -   Boston - CHINATOWN: (42.349019, -71.061661)
[2026-02-26T22:41:27.006+0000] {logging_mixin.py:188} INFO -   Boston - NORTH END: (42.365456, -71.053857)
[2026-02-26T22:41:27.007+0000] {logging_mixin.py:188} INFO -   Boston - ROXBURY: (42.31851, -71.086643)
[2026-02-26T22:41:27.007+0000] {logging_mixin.py:188} INFO -   Boston - SOUTH END: (42.341342, -71.071369)
[2026-02-26T22:41:27.007+0000] {logging_mixin.py:188} INFO -   Boston - BACK BAY: (42.349852, -71.080535)
[2026-02-26T22:41:27.136+0000] {logging_mixin.py:188} INFO -   Boston - EAST BOSTON: (42.37267, -71.015695)
[2026-02-26T22:41:27.136+0000] {logging_mixin.py:188} INFO -   Boston - CHARLESTOWN: (42.379301, -71.063766)
[2026-02-26T22:41:27.137+0000] {logging_mixin.py:188} INFO -   Boston - WEST END: (42.36466, -71.06559)
[2026-02-26T22:41:27.137+0000] {logging_mixin.py:188} INFO -   Boston - BEACON HILL: (42.357041, -71.068262)
[2026-02-26T22:41:27.137+0000] {logging_mixin.py:188} INFO -   Boston - DOWNTOWN: (42.355585, -71.05765)
[2026-02-26T22:41:27.138+0000] {logging_mixin.py:188} INFO -   Boston - FENWAY: (42.344758, -71.096114)
[2026-02-26T22:41:27.138+0000] {logging_mixin.py:188} INFO -   Boston - BRIGHTON: (42.348348, -71.154935)
[2026-02-26T22:41:27.139+0000] {logging_mixin.py:188} INFO -   Boston - WEST ROXBURY: (42.280634, -71.160026)
[2026-02-26T22:41:27.139+0000] {logging_mixin.py:188} INFO -   Boston - HYDE PARK: (42.255026, -71.126298)
[2026-02-26T22:41:27.140+0000] {logging_mixin.py:188} INFO -   Boston - MATTAPAN: (42.276996, -71.091446)
[2026-02-26T22:41:27.141+0000] {logging_mixin.py:188} INFO -   Boston - DORCHESTER: (42.298454, -71.063456)
[2026-02-26T22:41:27.141+0000] {logging_mixin.py:188} INFO -   Boston - SOUTH BOSTON WATERFRONT: (42.346408, -71.041726)
[2026-02-26T22:41:27.142+0000] {logging_mixin.py:188} INFO -   Boston - SOUTH BOSTON: (42.3349, -71.044643)
[2026-02-26T22:41:27.142+0000] {logging_mixin.py:188} INFO -   Boston - ALLSTON: (42.358397, -71.128562)
[2026-02-26T22:41:27.143+0000] {logging_mixin.py:188} INFO -   Boston - HARBOR ISLANDS: (42.327932, -70.968775)
[2026-02-26T22:41:27.143+0000] {logging_mixin.py:188} INFO - Boston: 26 neighborhoods loaded
[2026-02-26T22:41:27.143+0000] {logging_mixin.py:188} INFO - 
Fetching Cambridge neighborhood GeoJSON from https://raw.githubusercontent.com/cambridgegis/cambridgegis_data_boundary/main/CDD_Neighborhoods/BOUNDARY_CDDNeighborhoods.geojson
[2026-02-26T22:41:28.363+0000] {logging_mixin.py:188} INFO -   Cambridge - THE PORT: (42.365754, -71.096823)
[2026-02-26T22:41:28.364+0000] {logging_mixin.py:188} INFO -   Cambridge - NEIGHBORHOOD NINE: (42.385157, -71.128291)
[2026-02-26T22:41:28.364+0000] {logging_mixin.py:188} INFO -   Cambridge - WELLINGTON-HARRINGTON: (42.371027, -71.093036)
[2026-02-26T22:41:28.365+0000] {logging_mixin.py:188} INFO -   Cambridge - MID-CAMBRIDGE: (42.372506, -71.108359)
[2026-02-26T22:41:28.366+0000] {logging_mixin.py:188} INFO -   Cambridge - NORTH CAMBRIDGE: (42.395315, -71.13607)
[2026-02-26T22:41:28.367+0000] {logging_mixin.py:188} INFO -   Cambridge - CAMBRIDGE HIGHLANDS: (42.390044, -71.149909)
[2026-02-26T22:41:28.367+0000] {logging_mixin.py:188} INFO -   Cambridge - STRAWBERRY HILL: (42.38067, -71.152822)
[2026-02-26T22:41:28.368+0000] {logging_mixin.py:188} INFO -   Cambridge - WEST CAMBRIDGE: (42.376682, -71.136168)
[2026-02-26T22:41:28.368+0000] {logging_mixin.py:188} INFO -   Cambridge - RIVERSIDE: (42.367352, -71.114047)
[2026-02-26T22:41:28.368+0000] {logging_mixin.py:188} INFO -   Cambridge - CAMBRIDGEPORT: (42.359186, -71.107799)
[2026-02-26T22:41:28.369+0000] {logging_mixin.py:188} INFO -   Cambridge - AREA 2/MIT: (42.357979, -71.091379)
[2026-02-26T22:41:28.370+0000] {logging_mixin.py:188} INFO -   Cambridge - EAST CAMBRIDGE: (42.368232, -71.079074)
[2026-02-26T22:41:28.370+0000] {logging_mixin.py:188} INFO -   Cambridge - BALDWIN: (42.380721, -71.115351)
[2026-02-26T22:41:28.370+0000] {logging_mixin.py:188} INFO - Cambridge: 13 neighborhoods loaded
[2026-02-26T22:41:28.370+0000] {logging_mixin.py:188} INFO - 
Adding 12 Greater Boston cities
[2026-02-26T22:41:28.371+0000] {logging_mixin.py:188} INFO -   SOMERVILLE: (42.3876, -71.0995)
[2026-02-26T22:41:28.371+0000] {logging_mixin.py:188} INFO -   ARLINGTON: (42.4154, -71.1565)
[2026-02-26T22:41:28.371+0000] {logging_mixin.py:188} INFO -   BROOKLINE: (42.3318, -71.1212)
[2026-02-26T22:41:28.371+0000] {logging_mixin.py:188} INFO -   NEWTON: (42.337, -71.2092)
[2026-02-26T22:41:28.371+0000] {logging_mixin.py:188} INFO -   WATERTOWN: (42.3654, -71.182)
[2026-02-26T22:41:28.371+0000] {logging_mixin.py:188} INFO -   MEDFORD: (42.4184, -71.1062)
[2026-02-26T22:41:28.371+0000] {logging_mixin.py:188} INFO -   MALDEN: (42.4251, -71.0662)
[2026-02-26T22:41:28.372+0000] {logging_mixin.py:188} INFO -   REVERE: (42.4084, -71.012)
[2026-02-26T22:41:28.372+0000] {logging_mixin.py:188} INFO -   CHELSEA: (42.3918, -71.0328)
[2026-02-26T22:41:28.372+0000] {logging_mixin.py:188} INFO -   EVERETT: (42.4084, -71.0537)
[2026-02-26T22:41:28.372+0000] {logging_mixin.py:188} INFO -   SALEM: (42.5195, -70.8967)
[2026-02-26T22:41:28.372+0000] {logging_mixin.py:188} INFO -   QUINCY: (42.2529, -71.0023)
[2026-02-26T22:41:28.372+0000] {logging_mixin.py:188} INFO - 
Total records: 51
[2026-02-26T22:41:28.373+0000] {taskinstance.py:2698} ERROR - Task failed with exception
Traceback (most recent call last):
  File "/home/airflow/.local/lib/python3.8/site-packages/airflow/models/taskinstance.py", line 433, in _execute_task
    result = execute_callable(context=context, **execute_callable_kwargs)
  File "/home/airflow/.local/lib/python3.8/site-packages/airflow/operators/python.py", line 199, in execute
    return_value = self.execute_callable()
  File "/home/airflow/.local/lib/python3.8/site-packages/airflow/operators/python.py", line 216, in execute_callable
    return self.python_callable(*self.op_args, **self.op_kwargs)
  File "/opt/airflow/dags/master_location_to_s3_to_snowflake.py", line 195, in fetch_and_convert_to_csv
    writer.writerows(records)
  File "/usr/local/lib/python3.8/csv.py", line 157, in writerows
    return self.writer.writerows(map(self._dict_to_list, rowdicts))
  File "/usr/local/lib/python3.8/csv.py", line 149, in _dict_to_list
    raise ValueError("dict contains fields not in fieldnames: "
ValueError: dict contains fields not in fieldnames: 'GEOMETRY_WKT'
[2026-02-26T22:41:28.382+0000] {taskinstance.py:1138} INFO - Marking task as UP_FOR_RETRY. dag_id=master_location_to_s3_to_snowflake, task_id=fetch_and_convert, execution_date=20260226T224124, start_date=20260226T224126, end_date=20260226T224128
[2026-02-26T22:41:28.390+0000] {standard_task_runner.py:107} ERROR - Failed to execute job 258 for task fetch_and_convert (dict contains fields not in fieldnames: 'GEOMETRY_WKT'; 1531)
[2026-02-26T22:41:28.411+0000] {local_task_job_runner.py:234} INFO - Task exited with return code 1
[2026-02-26T22:41:28.424+0000] {taskinstance.py:3280} INFO - 0 downstream tasks scheduled from follow-on schedule check
