[2026-02-20T02:22:32.795+0000] {taskinstance.py:1956} INFO - Dependencies all met for dep_context=non-requeueable deps ti=<TaskInstance: housing_api_to_s3_to_snowflake.fetch_and_convert manual__2026-02-20T02:22:31.251499+00:00 [queued]>
[2026-02-20T02:22:32.797+0000] {taskinstance.py:1956} INFO - Dependencies all met for dep_context=requeueable deps ti=<TaskInstance: housing_api_to_s3_to_snowflake.fetch_and_convert manual__2026-02-20T02:22:31.251499+00:00 [queued]>
[2026-02-20T02:22:32.797+0000] {taskinstance.py:2170} INFO - Starting attempt 1 of 2
[2026-02-20T02:22:32.801+0000] {taskinstance.py:2191} INFO - Executing <Task(PythonOperator): fetch_and_convert> on 2026-02-20 02:22:31.251499+00:00
[2026-02-20T02:22:32.803+0000] {standard_task_runner.py:60} INFO - Started process 3102 to run task
[2026-02-20T02:22:32.805+0000] {standard_task_runner.py:87} INFO - Running: ['***', 'tasks', 'run', 'housing_api_to_s3_to_snowflake', 'fetch_and_convert', 'manual__2026-02-20T02:22:31.251499+00:00', '--job-id', '125', '--raw', '--subdir', 'DAGS_FOLDER/housing_api_ro_s3_to_snowflake.py', '--cfg-path', '/tmp/tmpgt8g1ays']
[2026-02-20T02:22:32.806+0000] {standard_task_runner.py:88} INFO - Job 125: Subtask fetch_and_convert
[2026-02-20T02:22:32.826+0000] {task_command.py:423} INFO - Running <TaskInstance: housing_api_to_s3_to_snowflake.fetch_and_convert manual__2026-02-20T02:22:31.251499+00:00 [running]> on host 6f9247237071
[2026-02-20T02:22:32.850+0000] {taskinstance.py:2480} INFO - Exporting env vars: AIRFLOW_CTX_DAG_OWNER='***' AIRFLOW_CTX_DAG_ID='housing_api_to_s3_to_snowflake' AIRFLOW_CTX_TASK_ID='fetch_and_convert' AIRFLOW_CTX_EXECUTION_DATE='2026-02-20T02:22:31.251499+00:00' AIRFLOW_CTX_TRY_NUMBER='1' AIRFLOW_CTX_DAG_RUN_ID='manual__2026-02-20T02:22:31.251499+00:00'
[2026-02-20T02:22:32.854+0000] {logging_mixin.py:188} INFO - Fetching ALL housing data from https://data.boston.gov/api/3/action/datastore_search?resource_id=ee73430d-96c0-423e-ad21-c4cfb54c8961 with pagination
[2026-02-20T02:22:32.854+0000] {logging_mixin.py:188} INFO - Fetching records 0 to 10000...
[2026-02-20T02:22:34.127+0000] {logging_mixin.py:188} INFO - Fetched 10000 records. Total so far: 10000
[2026-02-20T02:22:34.127+0000] {logging_mixin.py:188} INFO - Fetching records 10000 to 20000...
[2026-02-20T02:22:35.281+0000] {logging_mixin.py:188} INFO - Fetched 10000 records. Total so far: 20000
[2026-02-20T02:22:35.282+0000] {logging_mixin.py:188} INFO - Fetching records 20000 to 30000...
[2026-02-20T02:22:36.266+0000] {logging_mixin.py:188} INFO - Fetched 10000 records. Total so far: 30000
[2026-02-20T02:22:36.266+0000] {logging_mixin.py:188} INFO - Fetching records 30000 to 40000...
[2026-02-20T02:22:37.280+0000] {logging_mixin.py:188} INFO - Fetched 10000 records. Total so far: 40000
[2026-02-20T02:22:37.280+0000] {logging_mixin.py:188} INFO - Fetching records 40000 to 50000...
[2026-02-20T02:22:38.327+0000] {logging_mixin.py:188} INFO - Fetched 10000 records. Total so far: 50000
[2026-02-20T02:22:38.327+0000] {logging_mixin.py:188} INFO - Fetching records 50000 to 60000...
[2026-02-20T02:22:39.456+0000] {logging_mixin.py:188} INFO - Fetched 10000 records. Total so far: 60000
[2026-02-20T02:22:39.457+0000] {logging_mixin.py:188} INFO - Fetching records 60000 to 70000...
[2026-02-20T02:22:40.486+0000] {logging_mixin.py:188} INFO - Fetched 10000 records. Total so far: 70000
[2026-02-20T02:22:40.486+0000] {logging_mixin.py:188} INFO - Fetching records 70000 to 80000...
[2026-02-20T02:22:41.564+0000] {logging_mixin.py:188} INFO - Fetched 10000 records. Total so far: 80000
[2026-02-20T02:22:41.564+0000] {logging_mixin.py:188} INFO - Fetching records 80000 to 90000...
[2026-02-20T02:22:42.622+0000] {logging_mixin.py:188} INFO - Fetched 10000 records. Total so far: 90000
[2026-02-20T02:22:42.622+0000] {logging_mixin.py:188} INFO - Fetching records 90000 to 100000...
[2026-02-20T02:22:43.656+0000] {logging_mixin.py:188} INFO - Fetched 10000 records. Total so far: 100000
[2026-02-20T02:22:43.656+0000] {logging_mixin.py:188} INFO - Fetching records 100000 to 110000...
[2026-02-20T02:22:44.704+0000] {logging_mixin.py:188} INFO - Fetched 10000 records. Total so far: 110000
[2026-02-20T02:22:44.705+0000] {logging_mixin.py:188} INFO - Fetching records 110000 to 120000...
[2026-02-20T02:22:45.821+0000] {logging_mixin.py:188} INFO - Fetched 10000 records. Total so far: 120000
[2026-02-20T02:22:45.821+0000] {logging_mixin.py:188} INFO - Fetching records 120000 to 130000...
[2026-02-20T02:22:46.844+0000] {logging_mixin.py:188} INFO - Fetched 10000 records. Total so far: 130000
[2026-02-20T02:22:46.844+0000] {logging_mixin.py:188} INFO - Fetching records 130000 to 140000...
[2026-02-20T02:22:47.892+0000] {logging_mixin.py:188} INFO - Fetched 10000 records. Total so far: 140000
[2026-02-20T02:22:47.892+0000] {logging_mixin.py:188} INFO - Fetching records 140000 to 150000...
[2026-02-20T02:22:49.003+0000] {logging_mixin.py:188} INFO - Fetched 10000 records. Total so far: 150000
[2026-02-20T02:22:49.003+0000] {logging_mixin.py:188} INFO - Fetching records 150000 to 160000...
[2026-02-20T02:22:50.241+0000] {logging_mixin.py:188} INFO - Fetched 10000 records. Total so far: 160000
[2026-02-20T02:22:50.241+0000] {logging_mixin.py:188} INFO - Fetching records 160000 to 170000...
[2026-02-20T02:22:51.400+0000] {logging_mixin.py:188} INFO - Fetched 10000 records. Total so far: 170000
[2026-02-20T02:22:51.401+0000] {logging_mixin.py:188} INFO - Fetching records 170000 to 180000...
[2026-02-20T02:22:52.548+0000] {logging_mixin.py:188} INFO - Fetched 10000 records. Total so far: 180000
[2026-02-20T02:22:52.548+0000] {logging_mixin.py:188} INFO - Fetching records 180000 to 190000...
[2026-02-20T02:22:53.347+0000] {logging_mixin.py:188} INFO - Fetched 4552 records. Total so far: 184552
[2026-02-20T02:22:53.347+0000] {logging_mixin.py:188} INFO - Reached last page
[2026-02-20T02:22:53.348+0000] {logging_mixin.py:188} INFO - Finished fetching. Total records: 184552
[2026-02-20T02:22:53.348+0000] {logging_mixin.py:188} INFO - Saving JSON to /opt/***/housing_20260220T022231.json
[2026-02-20T02:22:59.111+0000] {logging_mixin.py:188} INFO - Converting 184552 records to CSV
[2026-02-20T02:23:01.115+0000] {logging_mixin.py:188} INFO - CSV saved to /opt/***/housing_20260220T022231.csv
[2026-02-20T02:23:01.116+0000] {logging_mixin.py:188} INFO - JSON and CSV files saved in ***-project directory
[2026-02-20T02:23:01.246+0000] {python.py:201} INFO - Done. Returned value was: {'csv_path': '/opt/***/housing_20260220T022231.csv', 'json_path': '/opt/***/housing_20260220T022231.json', 'record_count': 184552}
[2026-02-20T02:23:01.253+0000] {taskinstance.py:1138} INFO - Marking task as SUCCESS. dag_id=housing_api_to_s3_to_snowflake, task_id=fetch_and_convert, execution_date=20260220T022231, start_date=20260220T022232, end_date=20260220T022301
[2026-02-20T02:23:01.304+0000] {local_task_job_runner.py:234} INFO - Task exited with return code 0
[2026-02-20T02:23:01.323+0000] {taskinstance.py:3280} INFO - 1 downstream tasks scheduled from follow-on schedule check
