[2026-02-20T03:11:55.925+0000] {taskinstance.py:1956} INFO - Dependencies all met for dep_context=non-requeueable deps ti=<TaskInstance: housing_api_to_s3_to_snowflake.load_to_snowflake manual__2026-02-20T03:00:56.090839+00:00 [queued]>
[2026-02-20T03:11:55.929+0000] {taskinstance.py:1956} INFO - Dependencies all met for dep_context=requeueable deps ti=<TaskInstance: housing_api_to_s3_to_snowflake.load_to_snowflake manual__2026-02-20T03:00:56.090839+00:00 [queued]>
[2026-02-20T03:11:55.929+0000] {taskinstance.py:2170} INFO - Starting attempt 2 of 2
[2026-02-20T03:11:55.933+0000] {taskinstance.py:2191} INFO - Executing <Task(PythonOperator): load_to_snowflake> on 2026-02-20 03:00:56.090839+00:00
[2026-02-20T03:11:55.936+0000] {standard_task_runner.py:60} INFO - Started process 4285 to run task
[2026-02-20T03:11:55.937+0000] {standard_task_runner.py:87} INFO - Running: ['***', 'tasks', 'run', 'housing_api_to_s3_to_snowflake', 'load_to_snowflake', 'manual__2026-02-20T03:00:56.090839+00:00', '--job-id', '202', '--raw', '--subdir', 'DAGS_FOLDER/housing_api_ro_s3_to_snowflake.py', '--cfg-path', '/tmp/tmp1odkwd6a']
[2026-02-20T03:11:55.938+0000] {standard_task_runner.py:88} INFO - Job 202: Subtask load_to_snowflake
[2026-02-20T03:11:55.962+0000] {task_command.py:423} INFO - Running <TaskInstance: housing_api_to_s3_to_snowflake.load_to_snowflake manual__2026-02-20T03:00:56.090839+00:00 [running]> on host 6f9247237071
[2026-02-20T03:11:55.995+0000] {taskinstance.py:2480} INFO - Exporting env vars: AIRFLOW_CTX_DAG_OWNER='***' AIRFLOW_CTX_DAG_ID='housing_api_to_s3_to_snowflake' AIRFLOW_CTX_TASK_ID='load_to_snowflake' AIRFLOW_CTX_EXECUTION_DATE='2026-02-20T03:00:56.090839+00:00' AIRFLOW_CTX_TRY_NUMBER='2' AIRFLOW_CTX_DAG_RUN_ID='manual__2026-02-20T03:00:56.090839+00:00'
[2026-02-20T03:11:56.005+0000] {base.py:83} INFO - Using connection ID 'aws_default' for task execution.
[2026-02-20T03:11:56.005+0000] {connection.py:370} INFO - Snowflake Connector for Python Version: 3.6.0, Python Version: 3.8.18, Platform: Linux-6.12.67-linuxkit-aarch64-with-glibc2.34
[2026-02-20T03:11:56.006+0000] {connection.py:1171} INFO - This connection is in OCSP Fail Open Mode. TLS Certificates would be checked for validity and revocation status. Any other Certificate Revocation related exceptions or OCSP Responder failures would be disregarded in favor of connectivity.
[2026-02-20T03:11:56.006+0000] {connection.py:1181} INFO - THIS CONNECTION IS IN INSECURE MODE. IT MEANS THE CERTIFICATE WILL BE VALIDATED BUT THE CERTIFICATE REVOCATION STATUS WILL NOT BE CHECKED.
[2026-02-20T03:11:56.259+0000] {ssl_wrap_socket.py:100} INFO - THIS CONNECTION IS IN INSECURE MODE. IT MEANS THE CERTIFICATE WILL BE VALIDATED BUT THE CERTIFICATE REVOCATION STATUS WILL NOT BE CHECKED.
[2026-02-20T03:11:56.486+0000] {logging_mixin.py:188} INFO - Setting schema to STAGE...
[2026-02-20T03:11:56.487+0000] {cursor.py:1028} INFO - query: [USE SCHEMA NEIGHBOURWISE_DOMAINS.STAGE]
[2026-02-20T03:11:56.659+0000] {cursor.py:1041} INFO - query execution done
[2026-02-20T03:11:56.661+0000] {cursor.py:1205} INFO - Number of results in first chunk: 1
[2026-02-20T03:11:56.661+0000] {logging_mixin.py:188} INFO - Creating temporary staging table...
[2026-02-20T03:11:56.661+0000] {cursor.py:1028} INFO - query: [CREATE OR REPLACE TEMPORARY TABLE HOUSING_TEMP LIKE NEIGHBOURWISE_DOMAINS.STAGE....]
[2026-02-20T03:11:57.180+0000] {cursor.py:1041} INFO - query execution done
[2026-02-20T03:11:57.181+0000] {cursor.py:1205} INFO - Number of results in first chunk: 1
[2026-02-20T03:11:57.181+0000] {logging_mixin.py:188} INFO - Loading data from s3://neighborwise-ai-s3-bucket/housing/housing_20260220T030056.csv into temp table
[2026-02-20T03:11:57.181+0000] {cursor.py:1028} INFO - query: [COPY INTO HOUSING_TEMP FROM 's3://neighborwise-ai-s3-bucket/housing/housing_2026...]
[2026-02-20T03:12:02.278+0000] {cursor.py:1041} INFO - query execution done
[2026-02-20T03:12:02.280+0000] {cursor.py:1205} INFO - Number of results in first chunk: 1
[2026-02-20T03:12:02.280+0000] {cursor.py:1028} INFO - query: [SELECT COUNT(*) FROM HOUSING_TEMP]
[2026-02-20T03:12:02.572+0000] {cursor.py:1041} INFO - query execution done
[2026-02-20T03:12:02.573+0000] {cursor.py:1205} INFO - Number of results in first chunk: 1
[2026-02-20T03:12:02.574+0000] {logging_mixin.py:188} INFO - Records loaded into HOUSING_TEMP: 184552
[2026-02-20T03:12:02.574+0000] {cursor.py:1028} INFO - query: [SELECT * FROM HOUSING_TEMP LIMIT 5]
[2026-02-20T03:12:03.026+0000] {cursor.py:1041} INFO - query execution done
[2026-02-20T03:12:03.026+0000] {cursor.py:1205} INFO - Number of results in first chunk: 5
[2026-02-20T03:12:03.027+0000] {logging_mixin.py:188} INFO - Sample from HOUSING_TEMP: [('50649', '0502698004', '0502698000', '0502698000', '219', None, 'BEACON ST', 'B-F', 'BOSTON', '02116', '1', '1', '102', 'CD', 'RESIDENTIAL CONDO', 'MR - Mid Rise', 'N', 'CUNNINGHAM SHANE A', None, '219 BEACON ST #B-F', 'BOSTON', 'MA', '02116', '1', '1', None, None, None, '330', '330', '330', '0', '450,100', '0', '450,100', ' $5,581.24 ', '1910', '1985', None, 'M - Mansard', 'A - Asphalt Shingl', 'N - Normal', 'B - Brick/Stone', 'A - Average', 'A - Average', 'A - Average', '1', '1', '0', '1', '2', 'A - Average', 'S - Semi-Modern', None, None, 'P - Pullman', 'S - Semi-Modern', None, None, 'W - Ht Water/Steam', 'I - Indiv. Cntrl', 'N - None', '0', 'F - Front/Street', '0', 'A - Average', 'N - No'), ('50656', '0502698018', '0502698000', '0502698000', '219', None, 'BEACON ST', '4-R', 'BOSTON', '02116', '1', '1', '102', 'CD', 'RESIDENTIAL CONDO', 'MR - Mid Rise', 'N', 'CUNNINGHAM SHANE A', None, '219 BEACON ST #4-R', 'BOSTON', 'MA', '02116', '1', '4', None, None, None, '435', '435', '435', '0', '509,300', '0', '509,300', ' $6,315.32 ', '1910', '1985', None, 'M - Mansard', 'A - Asphalt Shingl', 'N - Normal', 'B - Brick/Stone', 'A - Average', 'A - Average', 'A - Average', '1', '1', '0', '1', '2', 'A - Average', 'S - Semi-Modern', None, None, 'P - Pullman', 'S - Semi-Modern', None, None, 'W - Ht Water/Steam', 'I - Indiv. Cntrl', 'N - None', '0', 'A - Rear Above', '0', 'A - Average', 'N - No'), ('50663', '0502702000', None, '0502702000', '211', None, 'BEACON ST', None, 'BOSTON', '02116', '1', '1', '112', 'A', 'APT 7-30 UNITS', '112 - APT 7-30 UNITS', 'N', 'TWO 11 BEACON ST LP MASS LP', None, '83 CENTRAL ST', 'BOSTON', 'MA', '02109', '5', None, None, None, None, '2,240', '8388', '6990', '870,900', '1,749,900', '0', '2,620,800', ' $32,497.92 ', '1910', '1980', 'C - Brick/Concr', None, None, None, '01 - Brick', None, None, 'G - Good', None, '0', '0', '0', None, None, None, None, None, None, None, None, None, None, None, None, '0', None, None, None, None), ('50670', '0502704010', '0502704001', '0502704001', '278', None, 'Clarendon ST', '4', 'BOSTON', '02116', '1', '1', '102', 'CD', 'RESIDENTIAL CONDO', 'LR - Low Rise', 'N', 'BEACON & CLARENDON LLC', None, '28 REYNOLDS WAY', 'DUXBURY', 'MA', '02332', '3', '1', None, None, None, '636', '636', '636', '0', '653,000', '0', '653,000', ' $8,097.20 ', '1910', '1980', None, 'M - Mansard', 'S - Slate', 'E - Elaborate', 'B - Brick/Stone', 'A - Average', 'A - Average', 'A - Average', '1', '1', '0', '1', '2', 'A - Average', 'S - Semi-Modern', None, None, 'P - Pullman', 'S - Semi-Modern', None, None, 'W - Ht Water/Steam', 'I - Indiv. Cntrl', 'N - None', '0', 'T - Through', '0', 'A - Average', 'N - No'), ('50677', '0502705000', '0502705000', '0502705000', '274', None, 'Clarendon ST', None, 'BOSTON', '02116', '1', '1', '995', 'CM', 'CONDO MAIN', 'RE - Row End', 'N', '274 CLARENDON CONDO TRUST', 'C/O LIGHTHOUSE REALTY MANAGEMENT LLC', '561 BOYLSTON ST 4TH FL', 'BOSTON', 'MA', '02116', '3.0', None, '10', '0', '0', '3,360', None, None, '0', '0', '0', '0', '$-', '1999', None, None, 'M - Mansard', 'S - Slate', None, 'B - Brick/Stone', None, 'G - Good', 'A - Average', None, None, None, None, None, None, None, None, None, None, None, None, None, None, None, None, None, None, None, None, None)]
[2026-02-20T03:12:03.027+0000] {logging_mixin.py:188} INFO - Truncating main table for full reload...
[2026-02-20T03:12:03.028+0000] {cursor.py:1028} INFO - query: [TRUNCATE TABLE STG_BOSTON_HOUSING]
[2026-02-20T03:12:03.547+0000] {cursor.py:1041} INFO - query execution done
[2026-02-20T03:12:03.548+0000] {cursor.py:1205} INFO - Number of results in first chunk: 1
[2026-02-20T03:12:03.548+0000] {logging_mixin.py:188} INFO - Inserting housing records into main table...
[2026-02-20T03:12:03.548+0000] {cursor.py:1028} INFO - query: [INSERT INTO STG_BOSTON_HOUSING SELECT * FROM HOUSING_TEMP;]
[2026-02-20T03:12:05.523+0000] {cursor.py:1041} INFO - query execution done
[2026-02-20T03:12:05.524+0000] {cursor.py:1028} INFO - query: [SELECT COUNT(*) FROM NEIGHBOURWISE_DOMAINS.STAGE.STG_BOSTON_HOUSING]
[2026-02-20T03:12:05.772+0000] {cursor.py:1041} INFO - query execution done
[2026-02-20T03:12:05.773+0000] {cursor.py:1205} INFO - Number of results in first chunk: 1
[2026-02-20T03:12:05.774+0000] {logging_mixin.py:188} INFO - Total housing records in table: 184552
[2026-02-20T03:12:05.775+0000] {connection.py:718} INFO - closed
[2026-02-20T03:12:05.891+0000] {connection.py:724} INFO - No async queries seem to be running, deleting session
[2026-02-20T03:12:06.031+0000] {python.py:201} INFO - Done. Returned value was: {'status': 'success', 'total_records': 184552}
[2026-02-20T03:12:06.054+0000] {taskinstance.py:1138} INFO - Marking task as SUCCESS. dag_id=housing_api_to_s3_to_snowflake, task_id=load_to_snowflake, execution_date=20260220T030056, start_date=20260220T031155, end_date=20260220T031206
[2026-02-20T03:12:06.081+0000] {local_task_job_runner.py:234} INFO - Task exited with return code 0
[2026-02-20T03:12:06.092+0000] {taskinstance.py:3280} INFO - 0 downstream tasks scheduled from follow-on schedule check
