[2026-03-12T02:15:11.025+0000] {processor.py:161} INFO - Started process (PID=112) to work on /home/airflow/.local/lib/python3.8/site-packages/airflow/example_dags/example_short_circuit_operator.py
[2026-03-12T02:15:11.026+0000] {processor.py:830} INFO - Processing file /home/airflow/.local/lib/python3.8/site-packages/airflow/example_dags/example_short_circuit_operator.py for tasks to queue
[2026-03-12T02:15:11.029+0000] {logging_mixin.py:188} INFO - [2026-03-12T02:15:11.028+0000] {dagbag.py:538} INFO - Filling up the DagBag from /home/airflow/.local/lib/python3.8/site-packages/airflow/example_dags/example_short_circuit_operator.py
[2026-03-12T02:15:11.034+0000] {processor.py:840} INFO - DAG(s) 'example_short_circuit_operator' retrieved from /home/airflow/.local/lib/python3.8/site-packages/airflow/example_dags/example_short_circuit_operator.py
[2026-03-12T02:15:11.038+0000] {logging_mixin.py:188} INFO - [2026-03-12T02:15:11.038+0000] {dag.py:3036} INFO - Sync 1 DAGs
[2026-03-12T02:15:11.048+0000] {logging_mixin.py:188} INFO - [2026-03-12T02:15:11.048+0000] {dag.py:3823} INFO - Setting next_dagrun for example_short_circuit_operator to 2026-03-11 00:00:00+00:00, run_after=2026-03-12 00:00:00+00:00
[2026-03-12T02:15:11.054+0000] {processor.py:183} INFO - Processing /home/airflow/.local/lib/python3.8/site-packages/airflow/example_dags/example_short_circuit_operator.py took 0.031 seconds
[2026-03-12T02:15:43.086+0000] {processor.py:161} INFO - Started process (PID=188) to work on /home/airflow/.local/lib/python3.8/site-packages/airflow/example_dags/example_short_circuit_operator.py
[2026-03-12T02:15:43.087+0000] {processor.py:830} INFO - Processing file /home/airflow/.local/lib/python3.8/site-packages/airflow/example_dags/example_short_circuit_operator.py for tasks to queue
[2026-03-12T02:15:43.088+0000] {logging_mixin.py:188} INFO - [2026-03-12T02:15:43.088+0000] {dagbag.py:538} INFO - Filling up the DagBag from /home/airflow/.local/lib/python3.8/site-packages/airflow/example_dags/example_short_circuit_operator.py
[2026-03-12T02:15:43.092+0000] {processor.py:840} INFO - DAG(s) 'example_short_circuit_operator' retrieved from /home/airflow/.local/lib/python3.8/site-packages/airflow/example_dags/example_short_circuit_operator.py
[2026-03-12T02:15:43.220+0000] {logging_mixin.py:188} INFO - [2026-03-12T02:15:43.220+0000] {dag.py:3036} INFO - Sync 1 DAGs
[2026-03-12T02:15:43.228+0000] {logging_mixin.py:188} INFO - [2026-03-12T02:15:43.228+0000] {dag.py:3823} INFO - Setting next_dagrun for example_short_circuit_operator to 2026-03-11 00:00:00+00:00, run_after=2026-03-12 00:00:00+00:00
[2026-03-12T02:15:43.238+0000] {processor.py:183} INFO - Processing /home/airflow/.local/lib/python3.8/site-packages/airflow/example_dags/example_short_circuit_operator.py took 0.154 seconds
[2026-03-12T02:16:13.319+0000] {processor.py:161} INFO - Started process (PID=264) to work on /home/airflow/.local/lib/python3.8/site-packages/airflow/example_dags/example_short_circuit_operator.py
[2026-03-12T02:16:13.320+0000] {processor.py:830} INFO - Processing file /home/airflow/.local/lib/python3.8/site-packages/airflow/example_dags/example_short_circuit_operator.py for tasks to queue
[2026-03-12T02:16:13.322+0000] {logging_mixin.py:188} INFO - [2026-03-12T02:16:13.322+0000] {dagbag.py:538} INFO - Filling up the DagBag from /home/airflow/.local/lib/python3.8/site-packages/airflow/example_dags/example_short_circuit_operator.py
[2026-03-12T02:16:13.326+0000] {processor.py:840} INFO - DAG(s) 'example_short_circuit_operator' retrieved from /home/airflow/.local/lib/python3.8/site-packages/airflow/example_dags/example_short_circuit_operator.py
[2026-03-12T02:16:13.336+0000] {logging_mixin.py:188} INFO - [2026-03-12T02:16:13.335+0000] {dag.py:3036} INFO - Sync 1 DAGs
[2026-03-12T02:16:13.346+0000] {logging_mixin.py:188} INFO - [2026-03-12T02:16:13.346+0000] {dag.py:3823} INFO - Setting next_dagrun for example_short_circuit_operator to 2026-03-11 00:00:00+00:00, run_after=2026-03-12 00:00:00+00:00
[2026-03-12T02:16:13.355+0000] {processor.py:183} INFO - Processing /home/airflow/.local/lib/python3.8/site-packages/airflow/example_dags/example_short_circuit_operator.py took 0.037 seconds
[2026-03-12T02:16:44.301+0000] {processor.py:161} INFO - Started process (PID=340) to work on /home/airflow/.local/lib/python3.8/site-packages/airflow/example_dags/example_short_circuit_operator.py
[2026-03-12T02:16:44.302+0000] {processor.py:830} INFO - Processing file /home/airflow/.local/lib/python3.8/site-packages/airflow/example_dags/example_short_circuit_operator.py for tasks to queue
[2026-03-12T02:16:44.302+0000] {logging_mixin.py:188} INFO - [2026-03-12T02:16:44.302+0000] {dagbag.py:538} INFO - Filling up the DagBag from /home/airflow/.local/lib/python3.8/site-packages/airflow/example_dags/example_short_circuit_operator.py
[2026-03-12T02:16:44.305+0000] {processor.py:840} INFO - DAG(s) 'example_short_circuit_operator' retrieved from /home/airflow/.local/lib/python3.8/site-packages/airflow/example_dags/example_short_circuit_operator.py
[2026-03-12T02:16:44.317+0000] {logging_mixin.py:188} INFO - [2026-03-12T02:16:44.317+0000] {dag.py:3036} INFO - Sync 1 DAGs
[2026-03-12T02:16:44.325+0000] {logging_mixin.py:188} INFO - [2026-03-12T02:16:44.325+0000] {dag.py:3823} INFO - Setting next_dagrun for example_short_circuit_operator to 2026-03-11 00:00:00+00:00, run_after=2026-03-12 00:00:00+00:00
[2026-03-12T02:16:44.336+0000] {processor.py:183} INFO - Processing /home/airflow/.local/lib/python3.8/site-packages/airflow/example_dags/example_short_circuit_operator.py took 0.037 seconds
[2026-03-12T02:17:15.272+0000] {processor.py:161} INFO - Started process (PID=416) to work on /home/airflow/.local/lib/python3.8/site-packages/airflow/example_dags/example_short_circuit_operator.py
[2026-03-12T02:17:15.273+0000] {processor.py:830} INFO - Processing file /home/airflow/.local/lib/python3.8/site-packages/airflow/example_dags/example_short_circuit_operator.py for tasks to queue
[2026-03-12T02:17:15.274+0000] {logging_mixin.py:188} INFO - [2026-03-12T02:17:15.274+0000] {dagbag.py:538} INFO - Filling up the DagBag from /home/airflow/.local/lib/python3.8/site-packages/airflow/example_dags/example_short_circuit_operator.py
[2026-03-12T02:17:15.278+0000] {processor.py:840} INFO - DAG(s) 'example_short_circuit_operator' retrieved from /home/airflow/.local/lib/python3.8/site-packages/airflow/example_dags/example_short_circuit_operator.py
[2026-03-12T02:17:15.294+0000] {logging_mixin.py:188} INFO - [2026-03-12T02:17:15.294+0000] {dag.py:3036} INFO - Sync 1 DAGs
[2026-03-12T02:17:15.308+0000] {logging_mixin.py:188} INFO - [2026-03-12T02:17:15.308+0000] {dag.py:3823} INFO - Setting next_dagrun for example_short_circuit_operator to 2026-03-11 00:00:00+00:00, run_after=2026-03-12 00:00:00+00:00
[2026-03-12T02:17:15.318+0000] {processor.py:183} INFO - Processing /home/airflow/.local/lib/python3.8/site-packages/airflow/example_dags/example_short_circuit_operator.py took 0.049 seconds
[2026-03-12T02:17:45.639+0000] {processor.py:161} INFO - Started process (PID=492) to work on /home/airflow/.local/lib/python3.8/site-packages/airflow/example_dags/example_short_circuit_operator.py
[2026-03-12T02:17:45.641+0000] {processor.py:830} INFO - Processing file /home/airflow/.local/lib/python3.8/site-packages/airflow/example_dags/example_short_circuit_operator.py for tasks to queue
[2026-03-12T02:17:45.642+0000] {logging_mixin.py:188} INFO - [2026-03-12T02:17:45.642+0000] {dagbag.py:538} INFO - Filling up the DagBag from /home/airflow/.local/lib/python3.8/site-packages/airflow/example_dags/example_short_circuit_operator.py
[2026-03-12T02:17:45.645+0000] {processor.py:840} INFO - DAG(s) 'example_short_circuit_operator' retrieved from /home/airflow/.local/lib/python3.8/site-packages/airflow/example_dags/example_short_circuit_operator.py
[2026-03-12T02:17:45.659+0000] {logging_mixin.py:188} INFO - [2026-03-12T02:17:45.659+0000] {dag.py:3036} INFO - Sync 1 DAGs
[2026-03-12T02:17:45.670+0000] {logging_mixin.py:188} INFO - [2026-03-12T02:17:45.670+0000] {dag.py:3823} INFO - Setting next_dagrun for example_short_circuit_operator to 2026-03-11 00:00:00+00:00, run_after=2026-03-12 00:00:00+00:00
[2026-03-12T02:17:45.683+0000] {processor.py:183} INFO - Processing /home/airflow/.local/lib/python3.8/site-packages/airflow/example_dags/example_short_circuit_operator.py took 0.046 seconds
[2026-03-12T02:18:16.443+0000] {processor.py:161} INFO - Started process (PID=568) to work on /home/airflow/.local/lib/python3.8/site-packages/airflow/example_dags/example_short_circuit_operator.py
[2026-03-12T02:18:16.444+0000] {processor.py:830} INFO - Processing file /home/airflow/.local/lib/python3.8/site-packages/airflow/example_dags/example_short_circuit_operator.py for tasks to queue
[2026-03-12T02:18:16.445+0000] {logging_mixin.py:188} INFO - [2026-03-12T02:18:16.445+0000] {dagbag.py:538} INFO - Filling up the DagBag from /home/airflow/.local/lib/python3.8/site-packages/airflow/example_dags/example_short_circuit_operator.py
[2026-03-12T02:18:16.448+0000] {processor.py:840} INFO - DAG(s) 'example_short_circuit_operator' retrieved from /home/airflow/.local/lib/python3.8/site-packages/airflow/example_dags/example_short_circuit_operator.py
[2026-03-12T02:18:16.465+0000] {logging_mixin.py:188} INFO - [2026-03-12T02:18:16.465+0000] {dag.py:3036} INFO - Sync 1 DAGs
[2026-03-12T02:18:16.475+0000] {logging_mixin.py:188} INFO - [2026-03-12T02:18:16.475+0000] {dag.py:3823} INFO - Setting next_dagrun for example_short_circuit_operator to 2026-03-11 00:00:00+00:00, run_after=2026-03-12 00:00:00+00:00
[2026-03-12T02:18:16.484+0000] {processor.py:183} INFO - Processing /home/airflow/.local/lib/python3.8/site-packages/airflow/example_dags/example_short_circuit_operator.py took 0.043 seconds
[2026-03-12T02:18:47.371+0000] {processor.py:161} INFO - Started process (PID=644) to work on /home/airflow/.local/lib/python3.8/site-packages/airflow/example_dags/example_short_circuit_operator.py
[2026-03-12T02:18:47.373+0000] {processor.py:830} INFO - Processing file /home/airflow/.local/lib/python3.8/site-packages/airflow/example_dags/example_short_circuit_operator.py for tasks to queue
[2026-03-12T02:18:47.374+0000] {logging_mixin.py:188} INFO - [2026-03-12T02:18:47.374+0000] {dagbag.py:538} INFO - Filling up the DagBag from /home/airflow/.local/lib/python3.8/site-packages/airflow/example_dags/example_short_circuit_operator.py
[2026-03-12T02:18:47.377+0000] {processor.py:840} INFO - DAG(s) 'example_short_circuit_operator' retrieved from /home/airflow/.local/lib/python3.8/site-packages/airflow/example_dags/example_short_circuit_operator.py
[2026-03-12T02:18:47.387+0000] {logging_mixin.py:188} INFO - [2026-03-12T02:18:47.387+0000] {dag.py:3036} INFO - Sync 1 DAGs
[2026-03-12T02:18:47.399+0000] {logging_mixin.py:188} INFO - [2026-03-12T02:18:47.399+0000] {dag.py:3823} INFO - Setting next_dagrun for example_short_circuit_operator to 2026-03-11 00:00:00+00:00, run_after=2026-03-12 00:00:00+00:00
[2026-03-12T02:18:47.411+0000] {processor.py:183} INFO - Processing /home/airflow/.local/lib/python3.8/site-packages/airflow/example_dags/example_short_circuit_operator.py took 0.042 seconds
[2026-03-12T02:19:17.493+0000] {processor.py:161} INFO - Started process (PID=720) to work on /home/airflow/.local/lib/python3.8/site-packages/airflow/example_dags/example_short_circuit_operator.py
[2026-03-12T02:19:17.493+0000] {processor.py:830} INFO - Processing file /home/airflow/.local/lib/python3.8/site-packages/airflow/example_dags/example_short_circuit_operator.py for tasks to queue
[2026-03-12T02:19:17.494+0000] {logging_mixin.py:188} INFO - [2026-03-12T02:19:17.494+0000] {dagbag.py:538} INFO - Filling up the DagBag from /home/airflow/.local/lib/python3.8/site-packages/airflow/example_dags/example_short_circuit_operator.py
[2026-03-12T02:19:17.498+0000] {processor.py:840} INFO - DAG(s) 'example_short_circuit_operator' retrieved from /home/airflow/.local/lib/python3.8/site-packages/airflow/example_dags/example_short_circuit_operator.py
[2026-03-12T02:19:17.510+0000] {logging_mixin.py:188} INFO - [2026-03-12T02:19:17.510+0000] {dag.py:3036} INFO - Sync 1 DAGs
[2026-03-12T02:19:17.521+0000] {logging_mixin.py:188} INFO - [2026-03-12T02:19:17.520+0000] {dag.py:3823} INFO - Setting next_dagrun for example_short_circuit_operator to 2026-03-11 00:00:00+00:00, run_after=2026-03-12 00:00:00+00:00
[2026-03-12T02:19:17.533+0000] {processor.py:183} INFO - Processing /home/airflow/.local/lib/python3.8/site-packages/airflow/example_dags/example_short_circuit_operator.py took 0.041 seconds
[2026-03-12T02:19:48.536+0000] {processor.py:161} INFO - Started process (PID=796) to work on /home/airflow/.local/lib/python3.8/site-packages/airflow/example_dags/example_short_circuit_operator.py
[2026-03-12T02:19:48.536+0000] {processor.py:830} INFO - Processing file /home/airflow/.local/lib/python3.8/site-packages/airflow/example_dags/example_short_circuit_operator.py for tasks to queue
[2026-03-12T02:19:48.537+0000] {logging_mixin.py:188} INFO - [2026-03-12T02:19:48.537+0000] {dagbag.py:538} INFO - Filling up the DagBag from /home/airflow/.local/lib/python3.8/site-packages/airflow/example_dags/example_short_circuit_operator.py
[2026-03-12T02:19:48.540+0000] {processor.py:840} INFO - DAG(s) 'example_short_circuit_operator' retrieved from /home/airflow/.local/lib/python3.8/site-packages/airflow/example_dags/example_short_circuit_operator.py
[2026-03-12T02:19:48.549+0000] {logging_mixin.py:188} INFO - [2026-03-12T02:19:48.549+0000] {dag.py:3036} INFO - Sync 1 DAGs
[2026-03-12T02:19:48.557+0000] {logging_mixin.py:188} INFO - [2026-03-12T02:19:48.557+0000] {dag.py:3823} INFO - Setting next_dagrun for example_short_circuit_operator to 2026-03-11 00:00:00+00:00, run_after=2026-03-12 00:00:00+00:00
[2026-03-12T02:19:48.563+0000] {processor.py:183} INFO - Processing /home/airflow/.local/lib/python3.8/site-packages/airflow/example_dags/example_short_circuit_operator.py took 0.029 seconds
[2026-03-12T02:20:19.540+0000] {processor.py:161} INFO - Started process (PID=872) to work on /home/airflow/.local/lib/python3.8/site-packages/airflow/example_dags/example_short_circuit_operator.py
[2026-03-12T02:20:19.541+0000] {processor.py:830} INFO - Processing file /home/airflow/.local/lib/python3.8/site-packages/airflow/example_dags/example_short_circuit_operator.py for tasks to queue
[2026-03-12T02:20:19.541+0000] {logging_mixin.py:188} INFO - [2026-03-12T02:20:19.541+0000] {dagbag.py:538} INFO - Filling up the DagBag from /home/airflow/.local/lib/python3.8/site-packages/airflow/example_dags/example_short_circuit_operator.py
[2026-03-12T02:20:19.545+0000] {processor.py:840} INFO - DAG(s) 'example_short_circuit_operator' retrieved from /home/airflow/.local/lib/python3.8/site-packages/airflow/example_dags/example_short_circuit_operator.py
[2026-03-12T02:20:19.555+0000] {logging_mixin.py:188} INFO - [2026-03-12T02:20:19.554+0000] {dag.py:3036} INFO - Sync 1 DAGs
[2026-03-12T02:20:19.564+0000] {logging_mixin.py:188} INFO - [2026-03-12T02:20:19.563+0000] {dag.py:3823} INFO - Setting next_dagrun for example_short_circuit_operator to 2026-03-11 00:00:00+00:00, run_after=2026-03-12 00:00:00+00:00
[2026-03-12T02:20:19.570+0000] {processor.py:183} INFO - Processing /home/airflow/.local/lib/python3.8/site-packages/airflow/example_dags/example_short_circuit_operator.py took 0.031 seconds
[2026-03-12T02:20:52.269+0000] {processor.py:161} INFO - Started process (PID=948) to work on /home/airflow/.local/lib/python3.8/site-packages/airflow/example_dags/example_short_circuit_operator.py
[2026-03-12T02:20:52.269+0000] {processor.py:830} INFO - Processing file /home/airflow/.local/lib/python3.8/site-packages/airflow/example_dags/example_short_circuit_operator.py for tasks to queue
[2026-03-12T02:20:52.270+0000] {logging_mixin.py:188} INFO - [2026-03-12T02:20:52.270+0000] {dagbag.py:538} INFO - Filling up the DagBag from /home/airflow/.local/lib/python3.8/site-packages/airflow/example_dags/example_short_circuit_operator.py
[2026-03-12T02:20:52.273+0000] {processor.py:840} INFO - DAG(s) 'example_short_circuit_operator' retrieved from /home/airflow/.local/lib/python3.8/site-packages/airflow/example_dags/example_short_circuit_operator.py
[2026-03-12T02:20:52.285+0000] {logging_mixin.py:188} INFO - [2026-03-12T02:20:52.285+0000] {dag.py:3036} INFO - Sync 1 DAGs
[2026-03-12T02:20:52.296+0000] {logging_mixin.py:188} INFO - [2026-03-12T02:20:52.295+0000] {dag.py:3823} INFO - Setting next_dagrun for example_short_circuit_operator to 2026-03-11 00:00:00+00:00, run_after=2026-03-12 00:00:00+00:00
[2026-03-12T02:20:52.307+0000] {processor.py:183} INFO - Processing /home/airflow/.local/lib/python3.8/site-packages/airflow/example_dags/example_short_circuit_operator.py took 0.039 seconds
[2026-03-12T02:21:22.808+0000] {processor.py:161} INFO - Started process (PID=1024) to work on /home/airflow/.local/lib/python3.8/site-packages/airflow/example_dags/example_short_circuit_operator.py
[2026-03-12T02:21:22.808+0000] {processor.py:830} INFO - Processing file /home/airflow/.local/lib/python3.8/site-packages/airflow/example_dags/example_short_circuit_operator.py for tasks to queue
[2026-03-12T02:21:22.809+0000] {logging_mixin.py:188} INFO - [2026-03-12T02:21:22.809+0000] {dagbag.py:538} INFO - Filling up the DagBag from /home/airflow/.local/lib/python3.8/site-packages/airflow/example_dags/example_short_circuit_operator.py
[2026-03-12T02:21:22.813+0000] {processor.py:840} INFO - DAG(s) 'example_short_circuit_operator' retrieved from /home/airflow/.local/lib/python3.8/site-packages/airflow/example_dags/example_short_circuit_operator.py
[2026-03-12T02:21:22.823+0000] {logging_mixin.py:188} INFO - [2026-03-12T02:21:22.823+0000] {dag.py:3036} INFO - Sync 1 DAGs
[2026-03-12T02:21:22.833+0000] {logging_mixin.py:188} INFO - [2026-03-12T02:21:22.833+0000] {dag.py:3823} INFO - Setting next_dagrun for example_short_circuit_operator to 2026-03-11 00:00:00+00:00, run_after=2026-03-12 00:00:00+00:00
[2026-03-12T02:21:22.843+0000] {processor.py:183} INFO - Processing /home/airflow/.local/lib/python3.8/site-packages/airflow/example_dags/example_short_circuit_operator.py took 0.038 seconds
[2026-03-12T02:21:53.254+0000] {processor.py:161} INFO - Started process (PID=1100) to work on /home/airflow/.local/lib/python3.8/site-packages/airflow/example_dags/example_short_circuit_operator.py
[2026-03-12T02:21:53.254+0000] {processor.py:830} INFO - Processing file /home/airflow/.local/lib/python3.8/site-packages/airflow/example_dags/example_short_circuit_operator.py for tasks to queue
[2026-03-12T02:21:53.255+0000] {logging_mixin.py:188} INFO - [2026-03-12T02:21:53.255+0000] {dagbag.py:538} INFO - Filling up the DagBag from /home/airflow/.local/lib/python3.8/site-packages/airflow/example_dags/example_short_circuit_operator.py
[2026-03-12T02:21:53.259+0000] {processor.py:840} INFO - DAG(s) 'example_short_circuit_operator' retrieved from /home/airflow/.local/lib/python3.8/site-packages/airflow/example_dags/example_short_circuit_operator.py
[2026-03-12T02:21:53.273+0000] {logging_mixin.py:188} INFO - [2026-03-12T02:21:53.273+0000] {dag.py:3036} INFO - Sync 1 DAGs
[2026-03-12T02:21:53.282+0000] {logging_mixin.py:188} INFO - [2026-03-12T02:21:53.282+0000] {dag.py:3823} INFO - Setting next_dagrun for example_short_circuit_operator to 2026-03-11 00:00:00+00:00, run_after=2026-03-12 00:00:00+00:00
[2026-03-12T02:21:53.292+0000] {processor.py:183} INFO - Processing /home/airflow/.local/lib/python3.8/site-packages/airflow/example_dags/example_short_circuit_operator.py took 0.040 seconds
[2026-03-12T02:22:23.534+0000] {processor.py:161} INFO - Started process (PID=1176) to work on /home/airflow/.local/lib/python3.8/site-packages/airflow/example_dags/example_short_circuit_operator.py
[2026-03-12T02:22:23.535+0000] {processor.py:830} INFO - Processing file /home/airflow/.local/lib/python3.8/site-packages/airflow/example_dags/example_short_circuit_operator.py for tasks to queue
[2026-03-12T02:22:23.535+0000] {logging_mixin.py:188} INFO - [2026-03-12T02:22:23.535+0000] {dagbag.py:538} INFO - Filling up the DagBag from /home/airflow/.local/lib/python3.8/site-packages/airflow/example_dags/example_short_circuit_operator.py
[2026-03-12T02:22:23.539+0000] {processor.py:840} INFO - DAG(s) 'example_short_circuit_operator' retrieved from /home/airflow/.local/lib/python3.8/site-packages/airflow/example_dags/example_short_circuit_operator.py
[2026-03-12T02:22:23.552+0000] {logging_mixin.py:188} INFO - [2026-03-12T02:22:23.552+0000] {dag.py:3036} INFO - Sync 1 DAGs
[2026-03-12T02:22:23.564+0000] {logging_mixin.py:188} INFO - [2026-03-12T02:22:23.564+0000] {dag.py:3823} INFO - Setting next_dagrun for example_short_circuit_operator to 2026-03-11 00:00:00+00:00, run_after=2026-03-12 00:00:00+00:00
[2026-03-12T02:22:23.574+0000] {processor.py:183} INFO - Processing /home/airflow/.local/lib/python3.8/site-packages/airflow/example_dags/example_short_circuit_operator.py took 0.041 seconds
[2026-03-12T02:22:54.742+0000] {processor.py:161} INFO - Started process (PID=1252) to work on /home/airflow/.local/lib/python3.8/site-packages/airflow/example_dags/example_short_circuit_operator.py
[2026-03-12T02:22:54.742+0000] {processor.py:830} INFO - Processing file /home/airflow/.local/lib/python3.8/site-packages/airflow/example_dags/example_short_circuit_operator.py for tasks to queue
[2026-03-12T02:22:54.743+0000] {logging_mixin.py:188} INFO - [2026-03-12T02:22:54.743+0000] {dagbag.py:538} INFO - Filling up the DagBag from /home/airflow/.local/lib/python3.8/site-packages/airflow/example_dags/example_short_circuit_operator.py
[2026-03-12T02:22:54.746+0000] {processor.py:840} INFO - DAG(s) 'example_short_circuit_operator' retrieved from /home/airflow/.local/lib/python3.8/site-packages/airflow/example_dags/example_short_circuit_operator.py
[2026-03-12T02:22:54.757+0000] {logging_mixin.py:188} INFO - [2026-03-12T02:22:54.757+0000] {dag.py:3036} INFO - Sync 1 DAGs
[2026-03-12T02:22:54.765+0000] {logging_mixin.py:188} INFO - [2026-03-12T02:22:54.765+0000] {dag.py:3823} INFO - Setting next_dagrun for example_short_circuit_operator to 2026-03-11 00:00:00+00:00, run_after=2026-03-12 00:00:00+00:00
[2026-03-12T02:22:54.778+0000] {processor.py:183} INFO - Processing /home/airflow/.local/lib/python3.8/site-packages/airflow/example_dags/example_short_circuit_operator.py took 0.038 seconds
[2026-03-12T02:23:25.957+0000] {processor.py:161} INFO - Started process (PID=1328) to work on /home/airflow/.local/lib/python3.8/site-packages/airflow/example_dags/example_short_circuit_operator.py
[2026-03-12T02:23:25.957+0000] {processor.py:830} INFO - Processing file /home/airflow/.local/lib/python3.8/site-packages/airflow/example_dags/example_short_circuit_operator.py for tasks to queue
[2026-03-12T02:23:25.958+0000] {logging_mixin.py:188} INFO - [2026-03-12T02:23:25.958+0000] {dagbag.py:538} INFO - Filling up the DagBag from /home/airflow/.local/lib/python3.8/site-packages/airflow/example_dags/example_short_circuit_operator.py
[2026-03-12T02:23:25.961+0000] {processor.py:840} INFO - DAG(s) 'example_short_circuit_operator' retrieved from /home/airflow/.local/lib/python3.8/site-packages/airflow/example_dags/example_short_circuit_operator.py
[2026-03-12T02:23:25.972+0000] {logging_mixin.py:188} INFO - [2026-03-12T02:23:25.972+0000] {dag.py:3036} INFO - Sync 1 DAGs
[2026-03-12T02:23:25.981+0000] {logging_mixin.py:188} INFO - [2026-03-12T02:23:25.981+0000] {dag.py:3823} INFO - Setting next_dagrun for example_short_circuit_operator to 2026-03-11 00:00:00+00:00, run_after=2026-03-12 00:00:00+00:00
[2026-03-12T02:23:25.994+0000] {processor.py:183} INFO - Processing /home/airflow/.local/lib/python3.8/site-packages/airflow/example_dags/example_short_circuit_operator.py took 0.039 seconds
[2026-03-12T02:23:57.157+0000] {processor.py:161} INFO - Started process (PID=1404) to work on /home/airflow/.local/lib/python3.8/site-packages/airflow/example_dags/example_short_circuit_operator.py
[2026-03-12T02:23:57.158+0000] {processor.py:830} INFO - Processing file /home/airflow/.local/lib/python3.8/site-packages/airflow/example_dags/example_short_circuit_operator.py for tasks to queue
[2026-03-12T02:23:57.159+0000] {logging_mixin.py:188} INFO - [2026-03-12T02:23:57.159+0000] {dagbag.py:538} INFO - Filling up the DagBag from /home/airflow/.local/lib/python3.8/site-packages/airflow/example_dags/example_short_circuit_operator.py
[2026-03-12T02:23:57.163+0000] {processor.py:840} INFO - DAG(s) 'example_short_circuit_operator' retrieved from /home/airflow/.local/lib/python3.8/site-packages/airflow/example_dags/example_short_circuit_operator.py
[2026-03-12T02:23:57.175+0000] {logging_mixin.py:188} INFO - [2026-03-12T02:23:57.175+0000] {dag.py:3036} INFO - Sync 1 DAGs
[2026-03-12T02:23:57.183+0000] {logging_mixin.py:188} INFO - [2026-03-12T02:23:57.183+0000] {dag.py:3823} INFO - Setting next_dagrun for example_short_circuit_operator to 2026-03-11 00:00:00+00:00, run_after=2026-03-12 00:00:00+00:00
[2026-03-12T02:23:57.196+0000] {processor.py:183} INFO - Processing /home/airflow/.local/lib/python3.8/site-packages/airflow/example_dags/example_short_circuit_operator.py took 0.041 seconds
[2026-03-12T02:24:27.588+0000] {processor.py:161} INFO - Started process (PID=1480) to work on /home/airflow/.local/lib/python3.8/site-packages/airflow/example_dags/example_short_circuit_operator.py
[2026-03-12T02:24:27.589+0000] {processor.py:830} INFO - Processing file /home/airflow/.local/lib/python3.8/site-packages/airflow/example_dags/example_short_circuit_operator.py for tasks to queue
[2026-03-12T02:24:27.590+0000] {logging_mixin.py:188} INFO - [2026-03-12T02:24:27.590+0000] {dagbag.py:538} INFO - Filling up the DagBag from /home/airflow/.local/lib/python3.8/site-packages/airflow/example_dags/example_short_circuit_operator.py
[2026-03-12T02:24:27.596+0000] {processor.py:840} INFO - DAG(s) 'example_short_circuit_operator' retrieved from /home/airflow/.local/lib/python3.8/site-packages/airflow/example_dags/example_short_circuit_operator.py
[2026-03-12T02:24:27.608+0000] {logging_mixin.py:188} INFO - [2026-03-12T02:24:27.608+0000] {dag.py:3036} INFO - Sync 1 DAGs
[2026-03-12T02:24:27.616+0000] {logging_mixin.py:188} INFO - [2026-03-12T02:24:27.615+0000] {dag.py:3823} INFO - Setting next_dagrun for example_short_circuit_operator to 2026-03-11 00:00:00+00:00, run_after=2026-03-12 00:00:00+00:00
[2026-03-12T02:24:27.622+0000] {processor.py:183} INFO - Processing /home/airflow/.local/lib/python3.8/site-packages/airflow/example_dags/example_short_circuit_operator.py took 0.035 seconds
[2026-03-12T02:24:58.201+0000] {processor.py:161} INFO - Started process (PID=1556) to work on /home/airflow/.local/lib/python3.8/site-packages/airflow/example_dags/example_short_circuit_operator.py
[2026-03-12T02:24:58.202+0000] {processor.py:830} INFO - Processing file /home/airflow/.local/lib/python3.8/site-packages/airflow/example_dags/example_short_circuit_operator.py for tasks to queue
[2026-03-12T02:24:58.203+0000] {logging_mixin.py:188} INFO - [2026-03-12T02:24:58.203+0000] {dagbag.py:538} INFO - Filling up the DagBag from /home/airflow/.local/lib/python3.8/site-packages/airflow/example_dags/example_short_circuit_operator.py
[2026-03-12T02:24:58.206+0000] {processor.py:840} INFO - DAG(s) 'example_short_circuit_operator' retrieved from /home/airflow/.local/lib/python3.8/site-packages/airflow/example_dags/example_short_circuit_operator.py
[2026-03-12T02:24:58.216+0000] {logging_mixin.py:188} INFO - [2026-03-12T02:24:58.216+0000] {dag.py:3036} INFO - Sync 1 DAGs
[2026-03-12T02:24:58.225+0000] {logging_mixin.py:188} INFO - [2026-03-12T02:24:58.225+0000] {dag.py:3823} INFO - Setting next_dagrun for example_short_circuit_operator to 2026-03-11 00:00:00+00:00, run_after=2026-03-12 00:00:00+00:00
[2026-03-12T02:24:58.233+0000] {processor.py:183} INFO - Processing /home/airflow/.local/lib/python3.8/site-packages/airflow/example_dags/example_short_circuit_operator.py took 0.033 seconds
[2026-03-12T02:25:29.020+0000] {processor.py:161} INFO - Started process (PID=1632) to work on /home/airflow/.local/lib/python3.8/site-packages/airflow/example_dags/example_short_circuit_operator.py
[2026-03-12T02:25:29.021+0000] {processor.py:830} INFO - Processing file /home/airflow/.local/lib/python3.8/site-packages/airflow/example_dags/example_short_circuit_operator.py for tasks to queue
[2026-03-12T02:25:29.022+0000] {logging_mixin.py:188} INFO - [2026-03-12T02:25:29.021+0000] {dagbag.py:538} INFO - Filling up the DagBag from /home/airflow/.local/lib/python3.8/site-packages/airflow/example_dags/example_short_circuit_operator.py
[2026-03-12T02:25:29.025+0000] {processor.py:840} INFO - DAG(s) 'example_short_circuit_operator' retrieved from /home/airflow/.local/lib/python3.8/site-packages/airflow/example_dags/example_short_circuit_operator.py
[2026-03-12T02:25:29.037+0000] {logging_mixin.py:188} INFO - [2026-03-12T02:25:29.037+0000] {dag.py:3036} INFO - Sync 1 DAGs
[2026-03-12T02:25:29.046+0000] {logging_mixin.py:188} INFO - [2026-03-12T02:25:29.046+0000] {dag.py:3823} INFO - Setting next_dagrun for example_short_circuit_operator to 2026-03-11 00:00:00+00:00, run_after=2026-03-12 00:00:00+00:00
[2026-03-12T02:25:29.053+0000] {processor.py:183} INFO - Processing /home/airflow/.local/lib/python3.8/site-packages/airflow/example_dags/example_short_circuit_operator.py took 0.034 seconds
[2026-03-12T02:25:59.760+0000] {processor.py:161} INFO - Started process (PID=1708) to work on /home/airflow/.local/lib/python3.8/site-packages/airflow/example_dags/example_short_circuit_operator.py
[2026-03-12T02:25:59.760+0000] {processor.py:830} INFO - Processing file /home/airflow/.local/lib/python3.8/site-packages/airflow/example_dags/example_short_circuit_operator.py for tasks to queue
[2026-03-12T02:25:59.763+0000] {logging_mixin.py:188} INFO - [2026-03-12T02:25:59.763+0000] {dagbag.py:538} INFO - Filling up the DagBag from /home/airflow/.local/lib/python3.8/site-packages/airflow/example_dags/example_short_circuit_operator.py
[2026-03-12T02:25:59.766+0000] {processor.py:840} INFO - DAG(s) 'example_short_circuit_operator' retrieved from /home/airflow/.local/lib/python3.8/site-packages/airflow/example_dags/example_short_circuit_operator.py
[2026-03-12T02:25:59.774+0000] {logging_mixin.py:188} INFO - [2026-03-12T02:25:59.774+0000] {dag.py:3036} INFO - Sync 1 DAGs
[2026-03-12T02:25:59.785+0000] {logging_mixin.py:188} INFO - [2026-03-12T02:25:59.785+0000] {dag.py:3823} INFO - Setting next_dagrun for example_short_circuit_operator to 2026-03-11 00:00:00+00:00, run_after=2026-03-12 00:00:00+00:00
[2026-03-12T02:25:59.795+0000] {processor.py:183} INFO - Processing /home/airflow/.local/lib/python3.8/site-packages/airflow/example_dags/example_short_circuit_operator.py took 0.037 seconds
[2026-03-12T02:26:30.581+0000] {processor.py:161} INFO - Started process (PID=1784) to work on /home/airflow/.local/lib/python3.8/site-packages/airflow/example_dags/example_short_circuit_operator.py
[2026-03-12T02:26:30.581+0000] {processor.py:830} INFO - Processing file /home/airflow/.local/lib/python3.8/site-packages/airflow/example_dags/example_short_circuit_operator.py for tasks to queue
[2026-03-12T02:26:30.582+0000] {logging_mixin.py:188} INFO - [2026-03-12T02:26:30.582+0000] {dagbag.py:538} INFO - Filling up the DagBag from /home/airflow/.local/lib/python3.8/site-packages/airflow/example_dags/example_short_circuit_operator.py
[2026-03-12T02:26:30.584+0000] {processor.py:840} INFO - DAG(s) 'example_short_circuit_operator' retrieved from /home/airflow/.local/lib/python3.8/site-packages/airflow/example_dags/example_short_circuit_operator.py
[2026-03-12T02:26:30.592+0000] {logging_mixin.py:188} INFO - [2026-03-12T02:26:30.592+0000] {dag.py:3036} INFO - Sync 1 DAGs
[2026-03-12T02:26:30.599+0000] {logging_mixin.py:188} INFO - [2026-03-12T02:26:30.599+0000] {dag.py:3823} INFO - Setting next_dagrun for example_short_circuit_operator to 2026-03-11 00:00:00+00:00, run_after=2026-03-12 00:00:00+00:00
[2026-03-12T02:26:30.604+0000] {processor.py:183} INFO - Processing /home/airflow/.local/lib/python3.8/site-packages/airflow/example_dags/example_short_circuit_operator.py took 0.025 seconds
[2026-03-12T02:27:01.290+0000] {processor.py:161} INFO - Started process (PID=1860) to work on /home/airflow/.local/lib/python3.8/site-packages/airflow/example_dags/example_short_circuit_operator.py
[2026-03-12T02:27:01.291+0000] {processor.py:830} INFO - Processing file /home/airflow/.local/lib/python3.8/site-packages/airflow/example_dags/example_short_circuit_operator.py for tasks to queue
[2026-03-12T02:27:01.293+0000] {logging_mixin.py:188} INFO - [2026-03-12T02:27:01.293+0000] {dagbag.py:538} INFO - Filling up the DagBag from /home/airflow/.local/lib/python3.8/site-packages/airflow/example_dags/example_short_circuit_operator.py
[2026-03-12T02:27:01.296+0000] {processor.py:840} INFO - DAG(s) 'example_short_circuit_operator' retrieved from /home/airflow/.local/lib/python3.8/site-packages/airflow/example_dags/example_short_circuit_operator.py
[2026-03-12T02:27:01.314+0000] {logging_mixin.py:188} INFO - [2026-03-12T02:27:01.314+0000] {dag.py:3036} INFO - Sync 1 DAGs
[2026-03-12T02:27:01.322+0000] {logging_mixin.py:188} INFO - [2026-03-12T02:27:01.322+0000] {dag.py:3823} INFO - Setting next_dagrun for example_short_circuit_operator to 2026-03-11 00:00:00+00:00, run_after=2026-03-12 00:00:00+00:00
[2026-03-12T02:27:01.329+0000] {processor.py:183} INFO - Processing /home/airflow/.local/lib/python3.8/site-packages/airflow/example_dags/example_short_circuit_operator.py took 0.040 seconds
[2026-03-12T02:27:32.110+0000] {processor.py:161} INFO - Started process (PID=1936) to work on /home/airflow/.local/lib/python3.8/site-packages/airflow/example_dags/example_short_circuit_operator.py
[2026-03-12T02:27:32.111+0000] {processor.py:830} INFO - Processing file /home/airflow/.local/lib/python3.8/site-packages/airflow/example_dags/example_short_circuit_operator.py for tasks to queue
[2026-03-12T02:27:32.111+0000] {logging_mixin.py:188} INFO - [2026-03-12T02:27:32.111+0000] {dagbag.py:538} INFO - Filling up the DagBag from /home/airflow/.local/lib/python3.8/site-packages/airflow/example_dags/example_short_circuit_operator.py
[2026-03-12T02:27:32.114+0000] {processor.py:840} INFO - DAG(s) 'example_short_circuit_operator' retrieved from /home/airflow/.local/lib/python3.8/site-packages/airflow/example_dags/example_short_circuit_operator.py
[2026-03-12T02:27:32.124+0000] {logging_mixin.py:188} INFO - [2026-03-12T02:27:32.123+0000] {dag.py:3036} INFO - Sync 1 DAGs
[2026-03-12T02:27:32.132+0000] {logging_mixin.py:188} INFO - [2026-03-12T02:27:32.132+0000] {dag.py:3823} INFO - Setting next_dagrun for example_short_circuit_operator to 2026-03-11 00:00:00+00:00, run_after=2026-03-12 00:00:00+00:00
[2026-03-12T02:27:32.141+0000] {processor.py:183} INFO - Processing /home/airflow/.local/lib/python3.8/site-packages/airflow/example_dags/example_short_circuit_operator.py took 0.033 seconds
[2026-03-12T02:28:02.864+0000] {processor.py:161} INFO - Started process (PID=2012) to work on /home/airflow/.local/lib/python3.8/site-packages/airflow/example_dags/example_short_circuit_operator.py
[2026-03-12T02:28:02.865+0000] {processor.py:830} INFO - Processing file /home/airflow/.local/lib/python3.8/site-packages/airflow/example_dags/example_short_circuit_operator.py for tasks to queue
[2026-03-12T02:28:02.865+0000] {logging_mixin.py:188} INFO - [2026-03-12T02:28:02.865+0000] {dagbag.py:538} INFO - Filling up the DagBag from /home/airflow/.local/lib/python3.8/site-packages/airflow/example_dags/example_short_circuit_operator.py
[2026-03-12T02:28:02.868+0000] {processor.py:840} INFO - DAG(s) 'example_short_circuit_operator' retrieved from /home/airflow/.local/lib/python3.8/site-packages/airflow/example_dags/example_short_circuit_operator.py
[2026-03-12T02:28:02.876+0000] {logging_mixin.py:188} INFO - [2026-03-12T02:28:02.876+0000] {dag.py:3036} INFO - Sync 1 DAGs
[2026-03-12T02:28:02.884+0000] {logging_mixin.py:188} INFO - [2026-03-12T02:28:02.884+0000] {dag.py:3823} INFO - Setting next_dagrun for example_short_circuit_operator to 2026-03-11 00:00:00+00:00, run_after=2026-03-12 00:00:00+00:00
[2026-03-12T02:28:02.892+0000] {processor.py:183} INFO - Processing /home/airflow/.local/lib/python3.8/site-packages/airflow/example_dags/example_short_circuit_operator.py took 0.030 seconds
[2026-03-12T02:28:33.571+0000] {processor.py:161} INFO - Started process (PID=2088) to work on /home/airflow/.local/lib/python3.8/site-packages/airflow/example_dags/example_short_circuit_operator.py
[2026-03-12T02:28:33.572+0000] {processor.py:830} INFO - Processing file /home/airflow/.local/lib/python3.8/site-packages/airflow/example_dags/example_short_circuit_operator.py for tasks to queue
[2026-03-12T02:28:33.573+0000] {logging_mixin.py:188} INFO - [2026-03-12T02:28:33.573+0000] {dagbag.py:538} INFO - Filling up the DagBag from /home/airflow/.local/lib/python3.8/site-packages/airflow/example_dags/example_short_circuit_operator.py
[2026-03-12T02:28:33.577+0000] {processor.py:840} INFO - DAG(s) 'example_short_circuit_operator' retrieved from /home/airflow/.local/lib/python3.8/site-packages/airflow/example_dags/example_short_circuit_operator.py
[2026-03-12T02:28:33.590+0000] {logging_mixin.py:188} INFO - [2026-03-12T02:28:33.590+0000] {dag.py:3036} INFO - Sync 1 DAGs
[2026-03-12T02:28:33.598+0000] {logging_mixin.py:188} INFO - [2026-03-12T02:28:33.598+0000] {dag.py:3823} INFO - Setting next_dagrun for example_short_circuit_operator to 2026-03-11 00:00:00+00:00, run_after=2026-03-12 00:00:00+00:00
[2026-03-12T02:28:33.606+0000] {processor.py:183} INFO - Processing /home/airflow/.local/lib/python3.8/site-packages/airflow/example_dags/example_short_circuit_operator.py took 0.037 seconds
[2026-03-12T02:29:04.588+0000] {processor.py:161} INFO - Started process (PID=2164) to work on /home/airflow/.local/lib/python3.8/site-packages/airflow/example_dags/example_short_circuit_operator.py
[2026-03-12T02:29:04.588+0000] {processor.py:830} INFO - Processing file /home/airflow/.local/lib/python3.8/site-packages/airflow/example_dags/example_short_circuit_operator.py for tasks to queue
[2026-03-12T02:29:04.589+0000] {logging_mixin.py:188} INFO - [2026-03-12T02:29:04.589+0000] {dagbag.py:538} INFO - Filling up the DagBag from /home/airflow/.local/lib/python3.8/site-packages/airflow/example_dags/example_short_circuit_operator.py
[2026-03-12T02:29:04.592+0000] {processor.py:840} INFO - DAG(s) 'example_short_circuit_operator' retrieved from /home/airflow/.local/lib/python3.8/site-packages/airflow/example_dags/example_short_circuit_operator.py
[2026-03-12T02:29:04.603+0000] {logging_mixin.py:188} INFO - [2026-03-12T02:29:04.603+0000] {dag.py:3036} INFO - Sync 1 DAGs
[2026-03-12T02:29:04.614+0000] {logging_mixin.py:188} INFO - [2026-03-12T02:29:04.614+0000] {dag.py:3823} INFO - Setting next_dagrun for example_short_circuit_operator to 2026-03-11 00:00:00+00:00, run_after=2026-03-12 00:00:00+00:00
[2026-03-12T02:29:04.624+0000] {processor.py:183} INFO - Processing /home/airflow/.local/lib/python3.8/site-packages/airflow/example_dags/example_short_circuit_operator.py took 0.038 seconds
[2026-03-12T02:29:35.620+0000] {processor.py:161} INFO - Started process (PID=2240) to work on /home/airflow/.local/lib/python3.8/site-packages/airflow/example_dags/example_short_circuit_operator.py
[2026-03-12T02:29:35.620+0000] {processor.py:830} INFO - Processing file /home/airflow/.local/lib/python3.8/site-packages/airflow/example_dags/example_short_circuit_operator.py for tasks to queue
[2026-03-12T02:29:35.621+0000] {logging_mixin.py:188} INFO - [2026-03-12T02:29:35.621+0000] {dagbag.py:538} INFO - Filling up the DagBag from /home/airflow/.local/lib/python3.8/site-packages/airflow/example_dags/example_short_circuit_operator.py
[2026-03-12T02:29:35.624+0000] {processor.py:840} INFO - DAG(s) 'example_short_circuit_operator' retrieved from /home/airflow/.local/lib/python3.8/site-packages/airflow/example_dags/example_short_circuit_operator.py
[2026-03-12T02:29:35.640+0000] {logging_mixin.py:188} INFO - [2026-03-12T02:29:35.640+0000] {dag.py:3036} INFO - Sync 1 DAGs
[2026-03-12T02:29:35.648+0000] {logging_mixin.py:188} INFO - [2026-03-12T02:29:35.648+0000] {dag.py:3823} INFO - Setting next_dagrun for example_short_circuit_operator to 2026-03-11 00:00:00+00:00, run_after=2026-03-12 00:00:00+00:00
[2026-03-12T02:29:35.658+0000] {processor.py:183} INFO - Processing /home/airflow/.local/lib/python3.8/site-packages/airflow/example_dags/example_short_circuit_operator.py took 0.040 seconds
[2026-03-12T02:30:06.718+0000] {processor.py:161} INFO - Started process (PID=2316) to work on /home/airflow/.local/lib/python3.8/site-packages/airflow/example_dags/example_short_circuit_operator.py
[2026-03-12T02:30:06.719+0000] {processor.py:830} INFO - Processing file /home/airflow/.local/lib/python3.8/site-packages/airflow/example_dags/example_short_circuit_operator.py for tasks to queue
[2026-03-12T02:30:06.719+0000] {logging_mixin.py:188} INFO - [2026-03-12T02:30:06.719+0000] {dagbag.py:538} INFO - Filling up the DagBag from /home/airflow/.local/lib/python3.8/site-packages/airflow/example_dags/example_short_circuit_operator.py
[2026-03-12T02:30:06.723+0000] {processor.py:840} INFO - DAG(s) 'example_short_circuit_operator' retrieved from /home/airflow/.local/lib/python3.8/site-packages/airflow/example_dags/example_short_circuit_operator.py
[2026-03-12T02:30:06.735+0000] {logging_mixin.py:188} INFO - [2026-03-12T02:30:06.734+0000] {dag.py:3036} INFO - Sync 1 DAGs
[2026-03-12T02:30:06.745+0000] {logging_mixin.py:188} INFO - [2026-03-12T02:30:06.745+0000] {dag.py:3823} INFO - Setting next_dagrun for example_short_circuit_operator to 2026-03-11 00:00:00+00:00, run_after=2026-03-12 00:00:00+00:00
[2026-03-12T02:30:06.756+0000] {processor.py:183} INFO - Processing /home/airflow/.local/lib/python3.8/site-packages/airflow/example_dags/example_short_circuit_operator.py took 0.039 seconds
[2026-03-12T02:30:37.614+0000] {processor.py:161} INFO - Started process (PID=2392) to work on /home/airflow/.local/lib/python3.8/site-packages/airflow/example_dags/example_short_circuit_operator.py
[2026-03-12T02:30:37.614+0000] {processor.py:830} INFO - Processing file /home/airflow/.local/lib/python3.8/site-packages/airflow/example_dags/example_short_circuit_operator.py for tasks to queue
[2026-03-12T02:30:37.615+0000] {logging_mixin.py:188} INFO - [2026-03-12T02:30:37.615+0000] {dagbag.py:538} INFO - Filling up the DagBag from /home/airflow/.local/lib/python3.8/site-packages/airflow/example_dags/example_short_circuit_operator.py
[2026-03-12T02:30:37.618+0000] {processor.py:840} INFO - DAG(s) 'example_short_circuit_operator' retrieved from /home/airflow/.local/lib/python3.8/site-packages/airflow/example_dags/example_short_circuit_operator.py
[2026-03-12T02:30:37.631+0000] {logging_mixin.py:188} INFO - [2026-03-12T02:30:37.631+0000] {dag.py:3036} INFO - Sync 1 DAGs
[2026-03-12T02:30:37.639+0000] {logging_mixin.py:188} INFO - [2026-03-12T02:30:37.639+0000] {dag.py:3823} INFO - Setting next_dagrun for example_short_circuit_operator to 2026-03-11 00:00:00+00:00, run_after=2026-03-12 00:00:00+00:00
[2026-03-12T02:30:37.648+0000] {processor.py:183} INFO - Processing /home/airflow/.local/lib/python3.8/site-packages/airflow/example_dags/example_short_circuit_operator.py took 0.036 seconds
[2026-03-12T02:31:08.610+0000] {processor.py:161} INFO - Started process (PID=2468) to work on /home/airflow/.local/lib/python3.8/site-packages/airflow/example_dags/example_short_circuit_operator.py
[2026-03-12T02:31:08.611+0000] {processor.py:830} INFO - Processing file /home/airflow/.local/lib/python3.8/site-packages/airflow/example_dags/example_short_circuit_operator.py for tasks to queue
[2026-03-12T02:31:08.613+0000] {logging_mixin.py:188} INFO - [2026-03-12T02:31:08.613+0000] {dagbag.py:538} INFO - Filling up the DagBag from /home/airflow/.local/lib/python3.8/site-packages/airflow/example_dags/example_short_circuit_operator.py
[2026-03-12T02:31:08.616+0000] {processor.py:840} INFO - DAG(s) 'example_short_circuit_operator' retrieved from /home/airflow/.local/lib/python3.8/site-packages/airflow/example_dags/example_short_circuit_operator.py
[2026-03-12T02:31:08.628+0000] {logging_mixin.py:188} INFO - [2026-03-12T02:31:08.628+0000] {dag.py:3036} INFO - Sync 1 DAGs
[2026-03-12T02:31:08.640+0000] {logging_mixin.py:188} INFO - [2026-03-12T02:31:08.640+0000] {dag.py:3823} INFO - Setting next_dagrun for example_short_circuit_operator to 2026-03-11 00:00:00+00:00, run_after=2026-03-12 00:00:00+00:00
[2026-03-12T02:31:08.649+0000] {processor.py:183} INFO - Processing /home/airflow/.local/lib/python3.8/site-packages/airflow/example_dags/example_short_circuit_operator.py took 0.040 seconds
[2026-03-12T02:31:39.581+0000] {processor.py:161} INFO - Started process (PID=2544) to work on /home/airflow/.local/lib/python3.8/site-packages/airflow/example_dags/example_short_circuit_operator.py
[2026-03-12T02:31:39.582+0000] {processor.py:830} INFO - Processing file /home/airflow/.local/lib/python3.8/site-packages/airflow/example_dags/example_short_circuit_operator.py for tasks to queue
[2026-03-12T02:31:39.583+0000] {logging_mixin.py:188} INFO - [2026-03-12T02:31:39.583+0000] {dagbag.py:538} INFO - Filling up the DagBag from /home/airflow/.local/lib/python3.8/site-packages/airflow/example_dags/example_short_circuit_operator.py
[2026-03-12T02:31:39.586+0000] {processor.py:840} INFO - DAG(s) 'example_short_circuit_operator' retrieved from /home/airflow/.local/lib/python3.8/site-packages/airflow/example_dags/example_short_circuit_operator.py
[2026-03-12T02:31:39.598+0000] {logging_mixin.py:188} INFO - [2026-03-12T02:31:39.598+0000] {dag.py:3036} INFO - Sync 1 DAGs
[2026-03-12T02:31:39.609+0000] {logging_mixin.py:188} INFO - [2026-03-12T02:31:39.609+0000] {dag.py:3823} INFO - Setting next_dagrun for example_short_circuit_operator to 2026-03-11 00:00:00+00:00, run_after=2026-03-12 00:00:00+00:00
[2026-03-12T02:31:39.619+0000] {processor.py:183} INFO - Processing /home/airflow/.local/lib/python3.8/site-packages/airflow/example_dags/example_short_circuit_operator.py took 0.039 seconds
[2026-03-12T02:32:10.722+0000] {processor.py:161} INFO - Started process (PID=2626) to work on /home/airflow/.local/lib/python3.8/site-packages/airflow/example_dags/example_short_circuit_operator.py
[2026-03-12T02:32:10.722+0000] {processor.py:830} INFO - Processing file /home/airflow/.local/lib/python3.8/site-packages/airflow/example_dags/example_short_circuit_operator.py for tasks to queue
[2026-03-12T02:32:10.723+0000] {logging_mixin.py:188} INFO - [2026-03-12T02:32:10.723+0000] {dagbag.py:538} INFO - Filling up the DagBag from /home/airflow/.local/lib/python3.8/site-packages/airflow/example_dags/example_short_circuit_operator.py
[2026-03-12T02:32:10.726+0000] {processor.py:840} INFO - DAG(s) 'example_short_circuit_operator' retrieved from /home/airflow/.local/lib/python3.8/site-packages/airflow/example_dags/example_short_circuit_operator.py
[2026-03-12T02:32:10.739+0000] {logging_mixin.py:188} INFO - [2026-03-12T02:32:10.739+0000] {dag.py:3036} INFO - Sync 1 DAGs
[2026-03-12T02:32:10.749+0000] {logging_mixin.py:188} INFO - [2026-03-12T02:32:10.749+0000] {dag.py:3823} INFO - Setting next_dagrun for example_short_circuit_operator to 2026-03-11 00:00:00+00:00, run_after=2026-03-12 00:00:00+00:00
[2026-03-12T02:32:10.758+0000] {processor.py:183} INFO - Processing /home/airflow/.local/lib/python3.8/site-packages/airflow/example_dags/example_short_circuit_operator.py took 0.038 seconds
[2026-03-12T02:32:42.457+0000] {processor.py:161} INFO - Started process (PID=2702) to work on /home/airflow/.local/lib/python3.8/site-packages/airflow/example_dags/example_short_circuit_operator.py
[2026-03-12T02:32:42.458+0000] {processor.py:830} INFO - Processing file /home/airflow/.local/lib/python3.8/site-packages/airflow/example_dags/example_short_circuit_operator.py for tasks to queue
[2026-03-12T02:32:42.461+0000] {logging_mixin.py:188} INFO - [2026-03-12T02:32:42.460+0000] {dagbag.py:538} INFO - Filling up the DagBag from /home/airflow/.local/lib/python3.8/site-packages/airflow/example_dags/example_short_circuit_operator.py
[2026-03-12T02:32:42.465+0000] {processor.py:840} INFO - DAG(s) 'example_short_circuit_operator' retrieved from /home/airflow/.local/lib/python3.8/site-packages/airflow/example_dags/example_short_circuit_operator.py
[2026-03-12T02:32:42.482+0000] {logging_mixin.py:188} INFO - [2026-03-12T02:32:42.482+0000] {dag.py:3036} INFO - Sync 1 DAGs
[2026-03-12T02:32:42.494+0000] {logging_mixin.py:188} INFO - [2026-03-12T02:32:42.494+0000] {dag.py:3823} INFO - Setting next_dagrun for example_short_circuit_operator to 2026-03-11 00:00:00+00:00, run_after=2026-03-12 00:00:00+00:00
[2026-03-12T02:32:42.509+0000] {processor.py:183} INFO - Processing /home/airflow/.local/lib/python3.8/site-packages/airflow/example_dags/example_short_circuit_operator.py took 0.054 seconds
[2026-03-12T02:33:13.404+0000] {processor.py:161} INFO - Started process (PID=2778) to work on /home/airflow/.local/lib/python3.8/site-packages/airflow/example_dags/example_short_circuit_operator.py
[2026-03-12T02:33:13.405+0000] {processor.py:830} INFO - Processing file /home/airflow/.local/lib/python3.8/site-packages/airflow/example_dags/example_short_circuit_operator.py for tasks to queue
[2026-03-12T02:33:13.405+0000] {logging_mixin.py:188} INFO - [2026-03-12T02:33:13.405+0000] {dagbag.py:538} INFO - Filling up the DagBag from /home/airflow/.local/lib/python3.8/site-packages/airflow/example_dags/example_short_circuit_operator.py
[2026-03-12T02:33:13.408+0000] {processor.py:840} INFO - DAG(s) 'example_short_circuit_operator' retrieved from /home/airflow/.local/lib/python3.8/site-packages/airflow/example_dags/example_short_circuit_operator.py
[2026-03-12T02:33:13.419+0000] {logging_mixin.py:188} INFO - [2026-03-12T02:33:13.418+0000] {dag.py:3036} INFO - Sync 1 DAGs
[2026-03-12T02:33:13.428+0000] {logging_mixin.py:188} INFO - [2026-03-12T02:33:13.428+0000] {dag.py:3823} INFO - Setting next_dagrun for example_short_circuit_operator to 2026-03-11 00:00:00+00:00, run_after=2026-03-12 00:00:00+00:00
[2026-03-12T02:33:13.435+0000] {processor.py:183} INFO - Processing /home/airflow/.local/lib/python3.8/site-packages/airflow/example_dags/example_short_circuit_operator.py took 0.032 seconds
[2026-03-12T02:33:44.355+0000] {processor.py:161} INFO - Started process (PID=2854) to work on /home/airflow/.local/lib/python3.8/site-packages/airflow/example_dags/example_short_circuit_operator.py
[2026-03-12T02:33:44.356+0000] {processor.py:830} INFO - Processing file /home/airflow/.local/lib/python3.8/site-packages/airflow/example_dags/example_short_circuit_operator.py for tasks to queue
[2026-03-12T02:33:44.357+0000] {logging_mixin.py:188} INFO - [2026-03-12T02:33:44.356+0000] {dagbag.py:538} INFO - Filling up the DagBag from /home/airflow/.local/lib/python3.8/site-packages/airflow/example_dags/example_short_circuit_operator.py
[2026-03-12T02:33:44.360+0000] {processor.py:840} INFO - DAG(s) 'example_short_circuit_operator' retrieved from /home/airflow/.local/lib/python3.8/site-packages/airflow/example_dags/example_short_circuit_operator.py
[2026-03-12T02:33:44.374+0000] {logging_mixin.py:188} INFO - [2026-03-12T02:33:44.374+0000] {dag.py:3036} INFO - Sync 1 DAGs
[2026-03-12T02:33:44.385+0000] {logging_mixin.py:188} INFO - [2026-03-12T02:33:44.385+0000] {dag.py:3823} INFO - Setting next_dagrun for example_short_circuit_operator to 2026-03-11 00:00:00+00:00, run_after=2026-03-12 00:00:00+00:00
[2026-03-12T02:33:44.394+0000] {processor.py:183} INFO - Processing /home/airflow/.local/lib/python3.8/site-packages/airflow/example_dags/example_short_circuit_operator.py took 0.040 seconds
[2026-03-12T02:34:15.278+0000] {processor.py:161} INFO - Started process (PID=2930) to work on /home/airflow/.local/lib/python3.8/site-packages/airflow/example_dags/example_short_circuit_operator.py
[2026-03-12T02:34:15.278+0000] {processor.py:830} INFO - Processing file /home/airflow/.local/lib/python3.8/site-packages/airflow/example_dags/example_short_circuit_operator.py for tasks to queue
[2026-03-12T02:34:15.279+0000] {logging_mixin.py:188} INFO - [2026-03-12T02:34:15.279+0000] {dagbag.py:538} INFO - Filling up the DagBag from /home/airflow/.local/lib/python3.8/site-packages/airflow/example_dags/example_short_circuit_operator.py
[2026-03-12T02:34:15.284+0000] {processor.py:840} INFO - DAG(s) 'example_short_circuit_operator' retrieved from /home/airflow/.local/lib/python3.8/site-packages/airflow/example_dags/example_short_circuit_operator.py
[2026-03-12T02:34:15.295+0000] {logging_mixin.py:188} INFO - [2026-03-12T02:34:15.295+0000] {dag.py:3036} INFO - Sync 1 DAGs
[2026-03-12T02:34:15.304+0000] {logging_mixin.py:188} INFO - [2026-03-12T02:34:15.304+0000] {dag.py:3823} INFO - Setting next_dagrun for example_short_circuit_operator to 2026-03-11 00:00:00+00:00, run_after=2026-03-12 00:00:00+00:00
[2026-03-12T02:34:15.312+0000] {processor.py:183} INFO - Processing /home/airflow/.local/lib/python3.8/site-packages/airflow/example_dags/example_short_circuit_operator.py took 0.035 seconds
[2026-03-12T02:34:46.117+0000] {processor.py:161} INFO - Started process (PID=3006) to work on /home/airflow/.local/lib/python3.8/site-packages/airflow/example_dags/example_short_circuit_operator.py
[2026-03-12T02:34:46.118+0000] {processor.py:830} INFO - Processing file /home/airflow/.local/lib/python3.8/site-packages/airflow/example_dags/example_short_circuit_operator.py for tasks to queue
[2026-03-12T02:34:46.119+0000] {logging_mixin.py:188} INFO - [2026-03-12T02:34:46.119+0000] {dagbag.py:538} INFO - Filling up the DagBag from /home/airflow/.local/lib/python3.8/site-packages/airflow/example_dags/example_short_circuit_operator.py
[2026-03-12T02:34:46.122+0000] {processor.py:840} INFO - DAG(s) 'example_short_circuit_operator' retrieved from /home/airflow/.local/lib/python3.8/site-packages/airflow/example_dags/example_short_circuit_operator.py
[2026-03-12T02:34:46.132+0000] {logging_mixin.py:188} INFO - [2026-03-12T02:34:46.132+0000] {dag.py:3036} INFO - Sync 1 DAGs
[2026-03-12T02:34:46.141+0000] {logging_mixin.py:188} INFO - [2026-03-12T02:34:46.140+0000] {dag.py:3823} INFO - Setting next_dagrun for example_short_circuit_operator to 2026-03-11 00:00:00+00:00, run_after=2026-03-12 00:00:00+00:00
[2026-03-12T02:34:46.147+0000] {processor.py:183} INFO - Processing /home/airflow/.local/lib/python3.8/site-packages/airflow/example_dags/example_short_circuit_operator.py took 0.031 seconds
[2026-03-12T02:35:16.932+0000] {processor.py:161} INFO - Started process (PID=3082) to work on /home/airflow/.local/lib/python3.8/site-packages/airflow/example_dags/example_short_circuit_operator.py
[2026-03-12T02:35:16.932+0000] {processor.py:830} INFO - Processing file /home/airflow/.local/lib/python3.8/site-packages/airflow/example_dags/example_short_circuit_operator.py for tasks to queue
[2026-03-12T02:35:16.933+0000] {logging_mixin.py:188} INFO - [2026-03-12T02:35:16.933+0000] {dagbag.py:538} INFO - Filling up the DagBag from /home/airflow/.local/lib/python3.8/site-packages/airflow/example_dags/example_short_circuit_operator.py
[2026-03-12T02:35:16.936+0000] {processor.py:840} INFO - DAG(s) 'example_short_circuit_operator' retrieved from /home/airflow/.local/lib/python3.8/site-packages/airflow/example_dags/example_short_circuit_operator.py
[2026-03-12T02:35:16.945+0000] {logging_mixin.py:188} INFO - [2026-03-12T02:35:16.945+0000] {dag.py:3036} INFO - Sync 1 DAGs
[2026-03-12T02:35:16.955+0000] {logging_mixin.py:188} INFO - [2026-03-12T02:35:16.955+0000] {dag.py:3823} INFO - Setting next_dagrun for example_short_circuit_operator to 2026-03-11 00:00:00+00:00, run_after=2026-03-12 00:00:00+00:00
[2026-03-12T02:35:16.965+0000] {processor.py:183} INFO - Processing /home/airflow/.local/lib/python3.8/site-packages/airflow/example_dags/example_short_circuit_operator.py took 0.035 seconds
[2026-03-12T02:35:47.682+0000] {processor.py:161} INFO - Started process (PID=3158) to work on /home/airflow/.local/lib/python3.8/site-packages/airflow/example_dags/example_short_circuit_operator.py
[2026-03-12T02:35:47.683+0000] {processor.py:830} INFO - Processing file /home/airflow/.local/lib/python3.8/site-packages/airflow/example_dags/example_short_circuit_operator.py for tasks to queue
[2026-03-12T02:35:47.684+0000] {logging_mixin.py:188} INFO - [2026-03-12T02:35:47.684+0000] {dagbag.py:538} INFO - Filling up the DagBag from /home/airflow/.local/lib/python3.8/site-packages/airflow/example_dags/example_short_circuit_operator.py
[2026-03-12T02:35:47.687+0000] {processor.py:840} INFO - DAG(s) 'example_short_circuit_operator' retrieved from /home/airflow/.local/lib/python3.8/site-packages/airflow/example_dags/example_short_circuit_operator.py
[2026-03-12T02:35:47.697+0000] {logging_mixin.py:188} INFO - [2026-03-12T02:35:47.697+0000] {dag.py:3036} INFO - Sync 1 DAGs
[2026-03-12T02:35:47.708+0000] {logging_mixin.py:188} INFO - [2026-03-12T02:35:47.708+0000] {dag.py:3823} INFO - Setting next_dagrun for example_short_circuit_operator to 2026-03-11 00:00:00+00:00, run_after=2026-03-12 00:00:00+00:00
[2026-03-12T02:35:47.722+0000] {processor.py:183} INFO - Processing /home/airflow/.local/lib/python3.8/site-packages/airflow/example_dags/example_short_circuit_operator.py took 0.041 seconds
[2026-03-12T02:36:18.579+0000] {processor.py:161} INFO - Started process (PID=3234) to work on /home/airflow/.local/lib/python3.8/site-packages/airflow/example_dags/example_short_circuit_operator.py
[2026-03-12T02:36:18.579+0000] {processor.py:830} INFO - Processing file /home/airflow/.local/lib/python3.8/site-packages/airflow/example_dags/example_short_circuit_operator.py for tasks to queue
[2026-03-12T02:36:18.580+0000] {logging_mixin.py:188} INFO - [2026-03-12T02:36:18.580+0000] {dagbag.py:538} INFO - Filling up the DagBag from /home/airflow/.local/lib/python3.8/site-packages/airflow/example_dags/example_short_circuit_operator.py
[2026-03-12T02:36:18.583+0000] {processor.py:840} INFO - DAG(s) 'example_short_circuit_operator' retrieved from /home/airflow/.local/lib/python3.8/site-packages/airflow/example_dags/example_short_circuit_operator.py
[2026-03-12T02:36:18.592+0000] {logging_mixin.py:188} INFO - [2026-03-12T02:36:18.592+0000] {dag.py:3036} INFO - Sync 1 DAGs
[2026-03-12T02:36:18.600+0000] {logging_mixin.py:188} INFO - [2026-03-12T02:36:18.600+0000] {dag.py:3823} INFO - Setting next_dagrun for example_short_circuit_operator to 2026-03-11 00:00:00+00:00, run_after=2026-03-12 00:00:00+00:00
[2026-03-12T02:36:18.607+0000] {processor.py:183} INFO - Processing /home/airflow/.local/lib/python3.8/site-packages/airflow/example_dags/example_short_circuit_operator.py took 0.030 seconds
[2026-03-12T02:36:49.167+0000] {processor.py:161} INFO - Started process (PID=3310) to work on /home/airflow/.local/lib/python3.8/site-packages/airflow/example_dags/example_short_circuit_operator.py
[2026-03-12T02:36:49.167+0000] {processor.py:830} INFO - Processing file /home/airflow/.local/lib/python3.8/site-packages/airflow/example_dags/example_short_circuit_operator.py for tasks to queue
[2026-03-12T02:36:49.168+0000] {logging_mixin.py:188} INFO - [2026-03-12T02:36:49.168+0000] {dagbag.py:538} INFO - Filling up the DagBag from /home/airflow/.local/lib/python3.8/site-packages/airflow/example_dags/example_short_circuit_operator.py
[2026-03-12T02:36:49.171+0000] {processor.py:840} INFO - DAG(s) 'example_short_circuit_operator' retrieved from /home/airflow/.local/lib/python3.8/site-packages/airflow/example_dags/example_short_circuit_operator.py
[2026-03-12T02:36:49.180+0000] {logging_mixin.py:188} INFO - [2026-03-12T02:36:49.179+0000] {dag.py:3036} INFO - Sync 1 DAGs
[2026-03-12T02:36:49.188+0000] {logging_mixin.py:188} INFO - [2026-03-12T02:36:49.188+0000] {dag.py:3823} INFO - Setting next_dagrun for example_short_circuit_operator to 2026-03-11 00:00:00+00:00, run_after=2026-03-12 00:00:00+00:00
[2026-03-12T02:36:49.196+0000] {processor.py:183} INFO - Processing /home/airflow/.local/lib/python3.8/site-packages/airflow/example_dags/example_short_circuit_operator.py took 0.031 seconds
[2026-03-12T02:37:19.949+0000] {processor.py:161} INFO - Started process (PID=3386) to work on /home/airflow/.local/lib/python3.8/site-packages/airflow/example_dags/example_short_circuit_operator.py
[2026-03-12T02:37:19.950+0000] {processor.py:830} INFO - Processing file /home/airflow/.local/lib/python3.8/site-packages/airflow/example_dags/example_short_circuit_operator.py for tasks to queue
[2026-03-12T02:37:19.951+0000] {logging_mixin.py:188} INFO - [2026-03-12T02:37:19.951+0000] {dagbag.py:538} INFO - Filling up the DagBag from /home/airflow/.local/lib/python3.8/site-packages/airflow/example_dags/example_short_circuit_operator.py
[2026-03-12T02:37:19.954+0000] {processor.py:840} INFO - DAG(s) 'example_short_circuit_operator' retrieved from /home/airflow/.local/lib/python3.8/site-packages/airflow/example_dags/example_short_circuit_operator.py
[2026-03-12T02:37:19.966+0000] {logging_mixin.py:188} INFO - [2026-03-12T02:37:19.966+0000] {dag.py:3036} INFO - Sync 1 DAGs
[2026-03-12T02:37:19.975+0000] {logging_mixin.py:188} INFO - [2026-03-12T02:37:19.975+0000] {dag.py:3823} INFO - Setting next_dagrun for example_short_circuit_operator to 2026-03-11 00:00:00+00:00, run_after=2026-03-12 00:00:00+00:00
[2026-03-12T02:37:19.986+0000] {processor.py:183} INFO - Processing /home/airflow/.local/lib/python3.8/site-packages/airflow/example_dags/example_short_circuit_operator.py took 0.039 seconds
[2026-03-12T02:37:50.751+0000] {processor.py:161} INFO - Started process (PID=3462) to work on /home/airflow/.local/lib/python3.8/site-packages/airflow/example_dags/example_short_circuit_operator.py
[2026-03-12T02:37:50.751+0000] {processor.py:830} INFO - Processing file /home/airflow/.local/lib/python3.8/site-packages/airflow/example_dags/example_short_circuit_operator.py for tasks to queue
[2026-03-12T02:37:50.753+0000] {logging_mixin.py:188} INFO - [2026-03-12T02:37:50.753+0000] {dagbag.py:538} INFO - Filling up the DagBag from /home/airflow/.local/lib/python3.8/site-packages/airflow/example_dags/example_short_circuit_operator.py
[2026-03-12T02:37:50.758+0000] {processor.py:840} INFO - DAG(s) 'example_short_circuit_operator' retrieved from /home/airflow/.local/lib/python3.8/site-packages/airflow/example_dags/example_short_circuit_operator.py
[2026-03-12T02:37:50.766+0000] {logging_mixin.py:188} INFO - [2026-03-12T02:37:50.766+0000] {dag.py:3036} INFO - Sync 1 DAGs
[2026-03-12T02:37:50.774+0000] {logging_mixin.py:188} INFO - [2026-03-12T02:37:50.774+0000] {dag.py:3823} INFO - Setting next_dagrun for example_short_circuit_operator to 2026-03-11 00:00:00+00:00, run_after=2026-03-12 00:00:00+00:00
[2026-03-12T02:37:50.780+0000] {processor.py:183} INFO - Processing /home/airflow/.local/lib/python3.8/site-packages/airflow/example_dags/example_short_circuit_operator.py took 0.030 seconds
[2026-03-12T02:38:21.111+0000] {processor.py:161} INFO - Started process (PID=3538) to work on /home/airflow/.local/lib/python3.8/site-packages/airflow/example_dags/example_short_circuit_operator.py
[2026-03-12T02:38:21.111+0000] {processor.py:830} INFO - Processing file /home/airflow/.local/lib/python3.8/site-packages/airflow/example_dags/example_short_circuit_operator.py for tasks to queue
[2026-03-12T02:38:21.112+0000] {logging_mixin.py:188} INFO - [2026-03-12T02:38:21.112+0000] {dagbag.py:538} INFO - Filling up the DagBag from /home/airflow/.local/lib/python3.8/site-packages/airflow/example_dags/example_short_circuit_operator.py
[2026-03-12T02:38:21.116+0000] {processor.py:840} INFO - DAG(s) 'example_short_circuit_operator' retrieved from /home/airflow/.local/lib/python3.8/site-packages/airflow/example_dags/example_short_circuit_operator.py
[2026-03-12T02:38:21.134+0000] {logging_mixin.py:188} INFO - [2026-03-12T02:38:21.133+0000] {dag.py:3036} INFO - Sync 1 DAGs
[2026-03-12T02:38:21.141+0000] {logging_mixin.py:188} INFO - [2026-03-12T02:38:21.141+0000] {dag.py:3823} INFO - Setting next_dagrun for example_short_circuit_operator to 2026-03-11 00:00:00+00:00, run_after=2026-03-12 00:00:00+00:00
[2026-03-12T02:38:21.159+0000] {processor.py:183} INFO - Processing /home/airflow/.local/lib/python3.8/site-packages/airflow/example_dags/example_short_circuit_operator.py took 0.050 seconds
[2026-03-12T02:38:51.282+0000] {processor.py:161} INFO - Started process (PID=3614) to work on /home/airflow/.local/lib/python3.8/site-packages/airflow/example_dags/example_short_circuit_operator.py
[2026-03-12T02:38:51.283+0000] {processor.py:830} INFO - Processing file /home/airflow/.local/lib/python3.8/site-packages/airflow/example_dags/example_short_circuit_operator.py for tasks to queue
[2026-03-12T02:38:51.283+0000] {logging_mixin.py:188} INFO - [2026-03-12T02:38:51.283+0000] {dagbag.py:538} INFO - Filling up the DagBag from /home/airflow/.local/lib/python3.8/site-packages/airflow/example_dags/example_short_circuit_operator.py
[2026-03-12T02:38:51.287+0000] {processor.py:840} INFO - DAG(s) 'example_short_circuit_operator' retrieved from /home/airflow/.local/lib/python3.8/site-packages/airflow/example_dags/example_short_circuit_operator.py
[2026-03-12T02:38:51.298+0000] {logging_mixin.py:188} INFO - [2026-03-12T02:38:51.298+0000] {dag.py:3036} INFO - Sync 1 DAGs
[2026-03-12T02:38:51.308+0000] {logging_mixin.py:188} INFO - [2026-03-12T02:38:51.308+0000] {dag.py:3823} INFO - Setting next_dagrun for example_short_circuit_operator to 2026-03-11 00:00:00+00:00, run_after=2026-03-12 00:00:00+00:00
[2026-03-12T02:38:51.320+0000] {processor.py:183} INFO - Processing /home/airflow/.local/lib/python3.8/site-packages/airflow/example_dags/example_short_circuit_operator.py took 0.039 seconds
[2026-03-12T02:39:21.607+0000] {processor.py:161} INFO - Started process (PID=3690) to work on /home/airflow/.local/lib/python3.8/site-packages/airflow/example_dags/example_short_circuit_operator.py
[2026-03-12T02:39:21.607+0000] {processor.py:830} INFO - Processing file /home/airflow/.local/lib/python3.8/site-packages/airflow/example_dags/example_short_circuit_operator.py for tasks to queue
[2026-03-12T02:39:21.608+0000] {logging_mixin.py:188} INFO - [2026-03-12T02:39:21.608+0000] {dagbag.py:538} INFO - Filling up the DagBag from /home/airflow/.local/lib/python3.8/site-packages/airflow/example_dags/example_short_circuit_operator.py
[2026-03-12T02:39:21.611+0000] {processor.py:840} INFO - DAG(s) 'example_short_circuit_operator' retrieved from /home/airflow/.local/lib/python3.8/site-packages/airflow/example_dags/example_short_circuit_operator.py
[2026-03-12T02:39:21.620+0000] {logging_mixin.py:188} INFO - [2026-03-12T02:39:21.620+0000] {dag.py:3036} INFO - Sync 1 DAGs
[2026-03-12T02:39:21.632+0000] {logging_mixin.py:188} INFO - [2026-03-12T02:39:21.632+0000] {dag.py:3823} INFO - Setting next_dagrun for example_short_circuit_operator to 2026-03-11 00:00:00+00:00, run_after=2026-03-12 00:00:00+00:00
[2026-03-12T02:39:21.641+0000] {processor.py:183} INFO - Processing /home/airflow/.local/lib/python3.8/site-packages/airflow/example_dags/example_short_circuit_operator.py took 0.036 seconds
[2026-03-12T02:39:52.728+0000] {processor.py:161} INFO - Started process (PID=3766) to work on /home/airflow/.local/lib/python3.8/site-packages/airflow/example_dags/example_short_circuit_operator.py
[2026-03-12T02:39:52.731+0000] {processor.py:830} INFO - Processing file /home/airflow/.local/lib/python3.8/site-packages/airflow/example_dags/example_short_circuit_operator.py for tasks to queue
[2026-03-12T02:39:52.733+0000] {logging_mixin.py:188} INFO - [2026-03-12T02:39:52.733+0000] {dagbag.py:538} INFO - Filling up the DagBag from /home/airflow/.local/lib/python3.8/site-packages/airflow/example_dags/example_short_circuit_operator.py
[2026-03-12T02:39:52.742+0000] {processor.py:840} INFO - DAG(s) 'example_short_circuit_operator' retrieved from /home/airflow/.local/lib/python3.8/site-packages/airflow/example_dags/example_short_circuit_operator.py
[2026-03-12T02:39:52.762+0000] {logging_mixin.py:188} INFO - [2026-03-12T02:39:52.761+0000] {dag.py:3036} INFO - Sync 1 DAGs
[2026-03-12T02:39:52.781+0000] {logging_mixin.py:188} INFO - [2026-03-12T02:39:52.780+0000] {dag.py:3823} INFO - Setting next_dagrun for example_short_circuit_operator to 2026-03-11 00:00:00+00:00, run_after=2026-03-12 00:00:00+00:00
[2026-03-12T02:39:52.794+0000] {processor.py:183} INFO - Processing /home/airflow/.local/lib/python3.8/site-packages/airflow/example_dags/example_short_circuit_operator.py took 0.069 seconds
[2026-03-12T02:40:23.893+0000] {processor.py:161} INFO - Started process (PID=3842) to work on /home/airflow/.local/lib/python3.8/site-packages/airflow/example_dags/example_short_circuit_operator.py
[2026-03-12T02:40:23.895+0000] {processor.py:830} INFO - Processing file /home/airflow/.local/lib/python3.8/site-packages/airflow/example_dags/example_short_circuit_operator.py for tasks to queue
[2026-03-12T02:40:23.895+0000] {logging_mixin.py:188} INFO - [2026-03-12T02:40:23.895+0000] {dagbag.py:538} INFO - Filling up the DagBag from /home/airflow/.local/lib/python3.8/site-packages/airflow/example_dags/example_short_circuit_operator.py
[2026-03-12T02:40:23.899+0000] {processor.py:840} INFO - DAG(s) 'example_short_circuit_operator' retrieved from /home/airflow/.local/lib/python3.8/site-packages/airflow/example_dags/example_short_circuit_operator.py
[2026-03-12T02:40:23.916+0000] {logging_mixin.py:188} INFO - [2026-03-12T02:40:23.916+0000] {dag.py:3036} INFO - Sync 1 DAGs
[2026-03-12T02:40:23.927+0000] {logging_mixin.py:188} INFO - [2026-03-12T02:40:23.926+0000] {dag.py:3823} INFO - Setting next_dagrun for example_short_circuit_operator to 2026-03-11 00:00:00+00:00, run_after=2026-03-12 00:00:00+00:00
[2026-03-12T02:40:23.937+0000] {processor.py:183} INFO - Processing /home/airflow/.local/lib/python3.8/site-packages/airflow/example_dags/example_short_circuit_operator.py took 0.045 seconds
[2026-03-12T02:40:54.899+0000] {processor.py:161} INFO - Started process (PID=3918) to work on /home/airflow/.local/lib/python3.8/site-packages/airflow/example_dags/example_short_circuit_operator.py
[2026-03-12T02:40:54.900+0000] {processor.py:830} INFO - Processing file /home/airflow/.local/lib/python3.8/site-packages/airflow/example_dags/example_short_circuit_operator.py for tasks to queue
[2026-03-12T02:40:54.900+0000] {logging_mixin.py:188} INFO - [2026-03-12T02:40:54.900+0000] {dagbag.py:538} INFO - Filling up the DagBag from /home/airflow/.local/lib/python3.8/site-packages/airflow/example_dags/example_short_circuit_operator.py
[2026-03-12T02:40:54.903+0000] {processor.py:840} INFO - DAG(s) 'example_short_circuit_operator' retrieved from /home/airflow/.local/lib/python3.8/site-packages/airflow/example_dags/example_short_circuit_operator.py
[2026-03-12T02:40:54.914+0000] {logging_mixin.py:188} INFO - [2026-03-12T02:40:54.914+0000] {dag.py:3036} INFO - Sync 1 DAGs
[2026-03-12T02:40:54.924+0000] {logging_mixin.py:188} INFO - [2026-03-12T02:40:54.924+0000] {dag.py:3823} INFO - Setting next_dagrun for example_short_circuit_operator to 2026-03-11 00:00:00+00:00, run_after=2026-03-12 00:00:00+00:00
[2026-03-12T02:40:54.935+0000] {processor.py:183} INFO - Processing /home/airflow/.local/lib/python3.8/site-packages/airflow/example_dags/example_short_circuit_operator.py took 0.037 seconds
[2026-03-12T02:41:25.729+0000] {processor.py:161} INFO - Started process (PID=3994) to work on /home/airflow/.local/lib/python3.8/site-packages/airflow/example_dags/example_short_circuit_operator.py
[2026-03-12T02:41:25.729+0000] {processor.py:830} INFO - Processing file /home/airflow/.local/lib/python3.8/site-packages/airflow/example_dags/example_short_circuit_operator.py for tasks to queue
[2026-03-12T02:41:25.730+0000] {logging_mixin.py:188} INFO - [2026-03-12T02:41:25.730+0000] {dagbag.py:538} INFO - Filling up the DagBag from /home/airflow/.local/lib/python3.8/site-packages/airflow/example_dags/example_short_circuit_operator.py
[2026-03-12T02:41:25.733+0000] {processor.py:840} INFO - DAG(s) 'example_short_circuit_operator' retrieved from /home/airflow/.local/lib/python3.8/site-packages/airflow/example_dags/example_short_circuit_operator.py
[2026-03-12T02:41:25.745+0000] {logging_mixin.py:188} INFO - [2026-03-12T02:41:25.744+0000] {dag.py:3036} INFO - Sync 1 DAGs
[2026-03-12T02:41:25.759+0000] {logging_mixin.py:188} INFO - [2026-03-12T02:41:25.758+0000] {dag.py:3823} INFO - Setting next_dagrun for example_short_circuit_operator to 2026-03-11 00:00:00+00:00, run_after=2026-03-12 00:00:00+00:00
[2026-03-12T02:41:25.769+0000] {processor.py:183} INFO - Processing /home/airflow/.local/lib/python3.8/site-packages/airflow/example_dags/example_short_circuit_operator.py took 0.042 seconds
[2026-03-12T02:41:56.537+0000] {processor.py:161} INFO - Started process (PID=4070) to work on /home/airflow/.local/lib/python3.8/site-packages/airflow/example_dags/example_short_circuit_operator.py
[2026-03-12T02:41:56.538+0000] {processor.py:830} INFO - Processing file /home/airflow/.local/lib/python3.8/site-packages/airflow/example_dags/example_short_circuit_operator.py for tasks to queue
[2026-03-12T02:41:56.539+0000] {logging_mixin.py:188} INFO - [2026-03-12T02:41:56.539+0000] {dagbag.py:538} INFO - Filling up the DagBag from /home/airflow/.local/lib/python3.8/site-packages/airflow/example_dags/example_short_circuit_operator.py
[2026-03-12T02:41:56.542+0000] {processor.py:840} INFO - DAG(s) 'example_short_circuit_operator' retrieved from /home/airflow/.local/lib/python3.8/site-packages/airflow/example_dags/example_short_circuit_operator.py
[2026-03-12T02:41:56.555+0000] {logging_mixin.py:188} INFO - [2026-03-12T02:41:56.555+0000] {dag.py:3036} INFO - Sync 1 DAGs
[2026-03-12T02:41:56.563+0000] {logging_mixin.py:188} INFO - [2026-03-12T02:41:56.563+0000] {dag.py:3823} INFO - Setting next_dagrun for example_short_circuit_operator to 2026-03-11 00:00:00+00:00, run_after=2026-03-12 00:00:00+00:00
[2026-03-12T02:41:56.573+0000] {processor.py:183} INFO - Processing /home/airflow/.local/lib/python3.8/site-packages/airflow/example_dags/example_short_circuit_operator.py took 0.037 seconds
[2026-03-12T02:42:27.694+0000] {processor.py:161} INFO - Started process (PID=4146) to work on /home/airflow/.local/lib/python3.8/site-packages/airflow/example_dags/example_short_circuit_operator.py
[2026-03-12T02:42:27.695+0000] {processor.py:830} INFO - Processing file /home/airflow/.local/lib/python3.8/site-packages/airflow/example_dags/example_short_circuit_operator.py for tasks to queue
[2026-03-12T02:42:27.698+0000] {logging_mixin.py:188} INFO - [2026-03-12T02:42:27.698+0000] {dagbag.py:538} INFO - Filling up the DagBag from /home/airflow/.local/lib/python3.8/site-packages/airflow/example_dags/example_short_circuit_operator.py
[2026-03-12T02:42:27.707+0000] {processor.py:840} INFO - DAG(s) 'example_short_circuit_operator' retrieved from /home/airflow/.local/lib/python3.8/site-packages/airflow/example_dags/example_short_circuit_operator.py
[2026-03-12T02:42:27.723+0000] {logging_mixin.py:188} INFO - [2026-03-12T02:42:27.723+0000] {dag.py:3036} INFO - Sync 1 DAGs
[2026-03-12T02:42:27.736+0000] {logging_mixin.py:188} INFO - [2026-03-12T02:42:27.736+0000] {dag.py:3823} INFO - Setting next_dagrun for example_short_circuit_operator to 2026-03-11 00:00:00+00:00, run_after=2026-03-12 00:00:00+00:00
[2026-03-12T02:42:27.747+0000] {processor.py:183} INFO - Processing /home/airflow/.local/lib/python3.8/site-packages/airflow/example_dags/example_short_circuit_operator.py took 0.056 seconds
[2026-03-12T02:42:58.621+0000] {processor.py:161} INFO - Started process (PID=4222) to work on /home/airflow/.local/lib/python3.8/site-packages/airflow/example_dags/example_short_circuit_operator.py
[2026-03-12T02:42:58.621+0000] {processor.py:830} INFO - Processing file /home/airflow/.local/lib/python3.8/site-packages/airflow/example_dags/example_short_circuit_operator.py for tasks to queue
[2026-03-12T02:42:58.622+0000] {logging_mixin.py:188} INFO - [2026-03-12T02:42:58.622+0000] {dagbag.py:538} INFO - Filling up the DagBag from /home/airflow/.local/lib/python3.8/site-packages/airflow/example_dags/example_short_circuit_operator.py
[2026-03-12T02:42:58.625+0000] {processor.py:840} INFO - DAG(s) 'example_short_circuit_operator' retrieved from /home/airflow/.local/lib/python3.8/site-packages/airflow/example_dags/example_short_circuit_operator.py
[2026-03-12T02:42:58.635+0000] {logging_mixin.py:188} INFO - [2026-03-12T02:42:58.635+0000] {dag.py:3036} INFO - Sync 1 DAGs
[2026-03-12T02:42:58.643+0000] {logging_mixin.py:188} INFO - [2026-03-12T02:42:58.643+0000] {dag.py:3823} INFO - Setting next_dagrun for example_short_circuit_operator to 2026-03-11 00:00:00+00:00, run_after=2026-03-12 00:00:00+00:00
[2026-03-12T02:42:58.657+0000] {processor.py:183} INFO - Processing /home/airflow/.local/lib/python3.8/site-packages/airflow/example_dags/example_short_circuit_operator.py took 0.038 seconds
[2026-03-12T02:43:29.056+0000] {processor.py:161} INFO - Started process (PID=4298) to work on /home/airflow/.local/lib/python3.8/site-packages/airflow/example_dags/example_short_circuit_operator.py
[2026-03-12T02:43:29.057+0000] {processor.py:830} INFO - Processing file /home/airflow/.local/lib/python3.8/site-packages/airflow/example_dags/example_short_circuit_operator.py for tasks to queue
[2026-03-12T02:43:29.057+0000] {logging_mixin.py:188} INFO - [2026-03-12T02:43:29.057+0000] {dagbag.py:538} INFO - Filling up the DagBag from /home/airflow/.local/lib/python3.8/site-packages/airflow/example_dags/example_short_circuit_operator.py
[2026-03-12T02:43:29.060+0000] {processor.py:840} INFO - DAG(s) 'example_short_circuit_operator' retrieved from /home/airflow/.local/lib/python3.8/site-packages/airflow/example_dags/example_short_circuit_operator.py
[2026-03-12T02:43:29.072+0000] {logging_mixin.py:188} INFO - [2026-03-12T02:43:29.072+0000] {dag.py:3036} INFO - Sync 1 DAGs
[2026-03-12T02:43:29.082+0000] {logging_mixin.py:188} INFO - [2026-03-12T02:43:29.082+0000] {dag.py:3823} INFO - Setting next_dagrun for example_short_circuit_operator to 2026-03-11 00:00:00+00:00, run_after=2026-03-12 00:00:00+00:00
[2026-03-12T02:43:29.092+0000] {processor.py:183} INFO - Processing /home/airflow/.local/lib/python3.8/site-packages/airflow/example_dags/example_short_circuit_operator.py took 0.037 seconds
[2026-03-12T02:43:59.482+0000] {processor.py:161} INFO - Started process (PID=4374) to work on /home/airflow/.local/lib/python3.8/site-packages/airflow/example_dags/example_short_circuit_operator.py
[2026-03-12T02:43:59.483+0000] {processor.py:830} INFO - Processing file /home/airflow/.local/lib/python3.8/site-packages/airflow/example_dags/example_short_circuit_operator.py for tasks to queue
[2026-03-12T02:43:59.484+0000] {logging_mixin.py:188} INFO - [2026-03-12T02:43:59.484+0000] {dagbag.py:538} INFO - Filling up the DagBag from /home/airflow/.local/lib/python3.8/site-packages/airflow/example_dags/example_short_circuit_operator.py
[2026-03-12T02:43:59.487+0000] {processor.py:840} INFO - DAG(s) 'example_short_circuit_operator' retrieved from /home/airflow/.local/lib/python3.8/site-packages/airflow/example_dags/example_short_circuit_operator.py
[2026-03-12T02:43:59.495+0000] {logging_mixin.py:188} INFO - [2026-03-12T02:43:59.495+0000] {dag.py:3036} INFO - Sync 1 DAGs
[2026-03-12T02:43:59.504+0000] {logging_mixin.py:188} INFO - [2026-03-12T02:43:59.504+0000] {dag.py:3823} INFO - Setting next_dagrun for example_short_circuit_operator to 2026-03-11 00:00:00+00:00, run_after=2026-03-12 00:00:00+00:00
[2026-03-12T02:43:59.515+0000] {processor.py:183} INFO - Processing /home/airflow/.local/lib/python3.8/site-packages/airflow/example_dags/example_short_circuit_operator.py took 0.035 seconds
[2026-03-12T02:44:29.849+0000] {processor.py:161} INFO - Started process (PID=4450) to work on /home/airflow/.local/lib/python3.8/site-packages/airflow/example_dags/example_short_circuit_operator.py
[2026-03-12T02:44:29.849+0000] {processor.py:830} INFO - Processing file /home/airflow/.local/lib/python3.8/site-packages/airflow/example_dags/example_short_circuit_operator.py for tasks to queue
[2026-03-12T02:44:29.850+0000] {logging_mixin.py:188} INFO - [2026-03-12T02:44:29.850+0000] {dagbag.py:538} INFO - Filling up the DagBag from /home/airflow/.local/lib/python3.8/site-packages/airflow/example_dags/example_short_circuit_operator.py
[2026-03-12T02:44:29.853+0000] {processor.py:840} INFO - DAG(s) 'example_short_circuit_operator' retrieved from /home/airflow/.local/lib/python3.8/site-packages/airflow/example_dags/example_short_circuit_operator.py
[2026-03-12T02:44:29.865+0000] {logging_mixin.py:188} INFO - [2026-03-12T02:44:29.864+0000] {dag.py:3036} INFO - Sync 1 DAGs
[2026-03-12T02:44:29.875+0000] {logging_mixin.py:188} INFO - [2026-03-12T02:44:29.875+0000] {dag.py:3823} INFO - Setting next_dagrun for example_short_circuit_operator to 2026-03-11 00:00:00+00:00, run_after=2026-03-12 00:00:00+00:00
[2026-03-12T02:44:29.885+0000] {processor.py:183} INFO - Processing /home/airflow/.local/lib/python3.8/site-packages/airflow/example_dags/example_short_circuit_operator.py took 0.038 seconds
[2026-03-12T02:45:00.304+0000] {processor.py:161} INFO - Started process (PID=4526) to work on /home/airflow/.local/lib/python3.8/site-packages/airflow/example_dags/example_short_circuit_operator.py
[2026-03-12T02:45:00.305+0000] {processor.py:830} INFO - Processing file /home/airflow/.local/lib/python3.8/site-packages/airflow/example_dags/example_short_circuit_operator.py for tasks to queue
[2026-03-12T02:45:00.307+0000] {logging_mixin.py:188} INFO - [2026-03-12T02:45:00.307+0000] {dagbag.py:538} INFO - Filling up the DagBag from /home/airflow/.local/lib/python3.8/site-packages/airflow/example_dags/example_short_circuit_operator.py
[2026-03-12T02:45:00.311+0000] {processor.py:840} INFO - DAG(s) 'example_short_circuit_operator' retrieved from /home/airflow/.local/lib/python3.8/site-packages/airflow/example_dags/example_short_circuit_operator.py
[2026-03-12T02:45:00.322+0000] {logging_mixin.py:188} INFO - [2026-03-12T02:45:00.322+0000] {dag.py:3036} INFO - Sync 1 DAGs
[2026-03-12T02:45:00.330+0000] {logging_mixin.py:188} INFO - [2026-03-12T02:45:00.330+0000] {dag.py:3823} INFO - Setting next_dagrun for example_short_circuit_operator to 2026-03-11 00:00:00+00:00, run_after=2026-03-12 00:00:00+00:00
[2026-03-12T02:45:00.337+0000] {processor.py:183} INFO - Processing /home/airflow/.local/lib/python3.8/site-packages/airflow/example_dags/example_short_circuit_operator.py took 0.035 seconds
[2026-03-12T02:45:30.665+0000] {processor.py:161} INFO - Started process (PID=4602) to work on /home/airflow/.local/lib/python3.8/site-packages/airflow/example_dags/example_short_circuit_operator.py
[2026-03-12T02:45:30.666+0000] {processor.py:830} INFO - Processing file /home/airflow/.local/lib/python3.8/site-packages/airflow/example_dags/example_short_circuit_operator.py for tasks to queue
[2026-03-12T02:45:30.667+0000] {logging_mixin.py:188} INFO - [2026-03-12T02:45:30.667+0000] {dagbag.py:538} INFO - Filling up the DagBag from /home/airflow/.local/lib/python3.8/site-packages/airflow/example_dags/example_short_circuit_operator.py
[2026-03-12T02:45:30.670+0000] {processor.py:840} INFO - DAG(s) 'example_short_circuit_operator' retrieved from /home/airflow/.local/lib/python3.8/site-packages/airflow/example_dags/example_short_circuit_operator.py
[2026-03-12T02:45:30.682+0000] {logging_mixin.py:188} INFO - [2026-03-12T02:45:30.682+0000] {dag.py:3036} INFO - Sync 1 DAGs
[2026-03-12T02:45:30.690+0000] {logging_mixin.py:188} INFO - [2026-03-12T02:45:30.690+0000] {dag.py:3823} INFO - Setting next_dagrun for example_short_circuit_operator to 2026-03-11 00:00:00+00:00, run_after=2026-03-12 00:00:00+00:00
[2026-03-12T02:45:30.700+0000] {processor.py:183} INFO - Processing /home/airflow/.local/lib/python3.8/site-packages/airflow/example_dags/example_short_circuit_operator.py took 0.036 seconds
[2026-03-12T02:46:01.178+0000] {processor.py:161} INFO - Started process (PID=4678) to work on /home/airflow/.local/lib/python3.8/site-packages/airflow/example_dags/example_short_circuit_operator.py
[2026-03-12T02:46:01.179+0000] {processor.py:830} INFO - Processing file /home/airflow/.local/lib/python3.8/site-packages/airflow/example_dags/example_short_circuit_operator.py for tasks to queue
[2026-03-12T02:46:01.180+0000] {logging_mixin.py:188} INFO - [2026-03-12T02:46:01.180+0000] {dagbag.py:538} INFO - Filling up the DagBag from /home/airflow/.local/lib/python3.8/site-packages/airflow/example_dags/example_short_circuit_operator.py
[2026-03-12T02:46:01.183+0000] {processor.py:840} INFO - DAG(s) 'example_short_circuit_operator' retrieved from /home/airflow/.local/lib/python3.8/site-packages/airflow/example_dags/example_short_circuit_operator.py
[2026-03-12T02:46:01.193+0000] {logging_mixin.py:188} INFO - [2026-03-12T02:46:01.193+0000] {dag.py:3036} INFO - Sync 1 DAGs
[2026-03-12T02:46:01.201+0000] {logging_mixin.py:188} INFO - [2026-03-12T02:46:01.201+0000] {dag.py:3823} INFO - Setting next_dagrun for example_short_circuit_operator to 2026-03-11 00:00:00+00:00, run_after=2026-03-12 00:00:00+00:00
[2026-03-12T02:46:01.212+0000] {processor.py:183} INFO - Processing /home/airflow/.local/lib/python3.8/site-packages/airflow/example_dags/example_short_circuit_operator.py took 0.036 seconds
[2026-03-12T02:46:31.812+0000] {processor.py:161} INFO - Started process (PID=4754) to work on /home/airflow/.local/lib/python3.8/site-packages/airflow/example_dags/example_short_circuit_operator.py
[2026-03-12T02:46:31.813+0000] {processor.py:830} INFO - Processing file /home/airflow/.local/lib/python3.8/site-packages/airflow/example_dags/example_short_circuit_operator.py for tasks to queue
[2026-03-12T02:46:31.814+0000] {logging_mixin.py:188} INFO - [2026-03-12T02:46:31.814+0000] {dagbag.py:538} INFO - Filling up the DagBag from /home/airflow/.local/lib/python3.8/site-packages/airflow/example_dags/example_short_circuit_operator.py
[2026-03-12T02:46:31.819+0000] {processor.py:840} INFO - DAG(s) 'example_short_circuit_operator' retrieved from /home/airflow/.local/lib/python3.8/site-packages/airflow/example_dags/example_short_circuit_operator.py
[2026-03-12T02:46:31.830+0000] {logging_mixin.py:188} INFO - [2026-03-12T02:46:31.830+0000] {dag.py:3036} INFO - Sync 1 DAGs
[2026-03-12T02:46:31.839+0000] {logging_mixin.py:188} INFO - [2026-03-12T02:46:31.839+0000] {dag.py:3823} INFO - Setting next_dagrun for example_short_circuit_operator to 2026-03-11 00:00:00+00:00, run_after=2026-03-12 00:00:00+00:00
[2026-03-12T02:46:31.847+0000] {processor.py:183} INFO - Processing /home/airflow/.local/lib/python3.8/site-packages/airflow/example_dags/example_short_circuit_operator.py took 0.037 seconds
[2026-03-12T02:47:02.613+0000] {processor.py:161} INFO - Started process (PID=4830) to work on /home/airflow/.local/lib/python3.8/site-packages/airflow/example_dags/example_short_circuit_operator.py
[2026-03-12T02:47:02.614+0000] {processor.py:830} INFO - Processing file /home/airflow/.local/lib/python3.8/site-packages/airflow/example_dags/example_short_circuit_operator.py for tasks to queue
[2026-03-12T02:47:02.615+0000] {logging_mixin.py:188} INFO - [2026-03-12T02:47:02.615+0000] {dagbag.py:538} INFO - Filling up the DagBag from /home/airflow/.local/lib/python3.8/site-packages/airflow/example_dags/example_short_circuit_operator.py
[2026-03-12T02:47:02.618+0000] {processor.py:840} INFO - DAG(s) 'example_short_circuit_operator' retrieved from /home/airflow/.local/lib/python3.8/site-packages/airflow/example_dags/example_short_circuit_operator.py
[2026-03-12T02:47:02.630+0000] {logging_mixin.py:188} INFO - [2026-03-12T02:47:02.630+0000] {dag.py:3036} INFO - Sync 1 DAGs
[2026-03-12T02:47:02.641+0000] {logging_mixin.py:188} INFO - [2026-03-12T02:47:02.641+0000] {dag.py:3823} INFO - Setting next_dagrun for example_short_circuit_operator to 2026-03-11 00:00:00+00:00, run_after=2026-03-12 00:00:00+00:00
[2026-03-12T02:47:02.650+0000] {processor.py:183} INFO - Processing /home/airflow/.local/lib/python3.8/site-packages/airflow/example_dags/example_short_circuit_operator.py took 0.038 seconds
[2026-03-12T02:47:33.332+0000] {processor.py:161} INFO - Started process (PID=4906) to work on /home/airflow/.local/lib/python3.8/site-packages/airflow/example_dags/example_short_circuit_operator.py
[2026-03-12T02:47:33.333+0000] {processor.py:830} INFO - Processing file /home/airflow/.local/lib/python3.8/site-packages/airflow/example_dags/example_short_circuit_operator.py for tasks to queue
[2026-03-12T02:47:33.335+0000] {logging_mixin.py:188} INFO - [2026-03-12T02:47:33.334+0000] {dagbag.py:538} INFO - Filling up the DagBag from /home/airflow/.local/lib/python3.8/site-packages/airflow/example_dags/example_short_circuit_operator.py
[2026-03-12T02:47:33.338+0000] {processor.py:840} INFO - DAG(s) 'example_short_circuit_operator' retrieved from /home/airflow/.local/lib/python3.8/site-packages/airflow/example_dags/example_short_circuit_operator.py
[2026-03-12T02:47:33.346+0000] {logging_mixin.py:188} INFO - [2026-03-12T02:47:33.346+0000] {dag.py:3036} INFO - Sync 1 DAGs
[2026-03-12T02:47:33.355+0000] {logging_mixin.py:188} INFO - [2026-03-12T02:47:33.355+0000] {dag.py:3823} INFO - Setting next_dagrun for example_short_circuit_operator to 2026-03-11 00:00:00+00:00, run_after=2026-03-12 00:00:00+00:00
[2026-03-12T02:47:33.369+0000] {processor.py:183} INFO - Processing /home/airflow/.local/lib/python3.8/site-packages/airflow/example_dags/example_short_circuit_operator.py took 0.038 seconds
[2026-03-12T02:48:03.865+0000] {processor.py:161} INFO - Started process (PID=4982) to work on /home/airflow/.local/lib/python3.8/site-packages/airflow/example_dags/example_short_circuit_operator.py
[2026-03-12T02:48:03.867+0000] {processor.py:830} INFO - Processing file /home/airflow/.local/lib/python3.8/site-packages/airflow/example_dags/example_short_circuit_operator.py for tasks to queue
[2026-03-12T02:48:03.868+0000] {logging_mixin.py:188} INFO - [2026-03-12T02:48:03.868+0000] {dagbag.py:538} INFO - Filling up the DagBag from /home/airflow/.local/lib/python3.8/site-packages/airflow/example_dags/example_short_circuit_operator.py
[2026-03-12T02:48:03.872+0000] {processor.py:840} INFO - DAG(s) 'example_short_circuit_operator' retrieved from /home/airflow/.local/lib/python3.8/site-packages/airflow/example_dags/example_short_circuit_operator.py
[2026-03-12T02:48:03.882+0000] {logging_mixin.py:188} INFO - [2026-03-12T02:48:03.882+0000] {dag.py:3036} INFO - Sync 1 DAGs
[2026-03-12T02:48:03.895+0000] {logging_mixin.py:188} INFO - [2026-03-12T02:48:03.895+0000] {dag.py:3823} INFO - Setting next_dagrun for example_short_circuit_operator to 2026-03-11 00:00:00+00:00, run_after=2026-03-12 00:00:00+00:00
[2026-03-12T02:48:03.903+0000] {processor.py:183} INFO - Processing /home/airflow/.local/lib/python3.8/site-packages/airflow/example_dags/example_short_circuit_operator.py took 0.040 seconds
[2026-03-12T02:48:35.022+0000] {processor.py:161} INFO - Started process (PID=5060) to work on /home/airflow/.local/lib/python3.8/site-packages/airflow/example_dags/example_short_circuit_operator.py
[2026-03-12T02:48:35.022+0000] {processor.py:830} INFO - Processing file /home/airflow/.local/lib/python3.8/site-packages/airflow/example_dags/example_short_circuit_operator.py for tasks to queue
[2026-03-12T02:48:35.023+0000] {logging_mixin.py:188} INFO - [2026-03-12T02:48:35.023+0000] {dagbag.py:538} INFO - Filling up the DagBag from /home/airflow/.local/lib/python3.8/site-packages/airflow/example_dags/example_short_circuit_operator.py
[2026-03-12T02:48:35.026+0000] {processor.py:840} INFO - DAG(s) 'example_short_circuit_operator' retrieved from /home/airflow/.local/lib/python3.8/site-packages/airflow/example_dags/example_short_circuit_operator.py
[2026-03-12T02:48:35.036+0000] {logging_mixin.py:188} INFO - [2026-03-12T02:48:35.036+0000] {dag.py:3036} INFO - Sync 1 DAGs
[2026-03-12T02:48:35.045+0000] {logging_mixin.py:188} INFO - [2026-03-12T02:48:35.045+0000] {dag.py:3823} INFO - Setting next_dagrun for example_short_circuit_operator to 2026-03-11 00:00:00+00:00, run_after=2026-03-12 00:00:00+00:00
[2026-03-12T02:48:35.057+0000] {processor.py:183} INFO - Processing /home/airflow/.local/lib/python3.8/site-packages/airflow/example_dags/example_short_circuit_operator.py took 0.036 seconds
[2026-03-12T02:49:05.477+0000] {processor.py:161} INFO - Started process (PID=5136) to work on /home/airflow/.local/lib/python3.8/site-packages/airflow/example_dags/example_short_circuit_operator.py
[2026-03-12T02:49:05.478+0000] {processor.py:830} INFO - Processing file /home/airflow/.local/lib/python3.8/site-packages/airflow/example_dags/example_short_circuit_operator.py for tasks to queue
[2026-03-12T02:49:05.479+0000] {logging_mixin.py:188} INFO - [2026-03-12T02:49:05.479+0000] {dagbag.py:538} INFO - Filling up the DagBag from /home/airflow/.local/lib/python3.8/site-packages/airflow/example_dags/example_short_circuit_operator.py
[2026-03-12T02:49:05.482+0000] {processor.py:840} INFO - DAG(s) 'example_short_circuit_operator' retrieved from /home/airflow/.local/lib/python3.8/site-packages/airflow/example_dags/example_short_circuit_operator.py
[2026-03-12T02:49:05.493+0000] {logging_mixin.py:188} INFO - [2026-03-12T02:49:05.493+0000] {dag.py:3036} INFO - Sync 1 DAGs
[2026-03-12T02:49:05.502+0000] {logging_mixin.py:188} INFO - [2026-03-12T02:49:05.502+0000] {dag.py:3823} INFO - Setting next_dagrun for example_short_circuit_operator to 2026-03-11 00:00:00+00:00, run_after=2026-03-12 00:00:00+00:00
[2026-03-12T02:49:05.508+0000] {processor.py:183} INFO - Processing /home/airflow/.local/lib/python3.8/site-packages/airflow/example_dags/example_short_circuit_operator.py took 0.032 seconds
[2026-03-12T02:49:35.775+0000] {processor.py:161} INFO - Started process (PID=5212) to work on /home/airflow/.local/lib/python3.8/site-packages/airflow/example_dags/example_short_circuit_operator.py
[2026-03-12T02:49:35.776+0000] {processor.py:830} INFO - Processing file /home/airflow/.local/lib/python3.8/site-packages/airflow/example_dags/example_short_circuit_operator.py for tasks to queue
[2026-03-12T02:49:35.777+0000] {logging_mixin.py:188} INFO - [2026-03-12T02:49:35.777+0000] {dagbag.py:538} INFO - Filling up the DagBag from /home/airflow/.local/lib/python3.8/site-packages/airflow/example_dags/example_short_circuit_operator.py
[2026-03-12T02:49:35.780+0000] {processor.py:840} INFO - DAG(s) 'example_short_circuit_operator' retrieved from /home/airflow/.local/lib/python3.8/site-packages/airflow/example_dags/example_short_circuit_operator.py
[2026-03-12T02:49:35.788+0000] {logging_mixin.py:188} INFO - [2026-03-12T02:49:35.788+0000] {dag.py:3036} INFO - Sync 1 DAGs
[2026-03-12T02:49:35.796+0000] {logging_mixin.py:188} INFO - [2026-03-12T02:49:35.796+0000] {dag.py:3823} INFO - Setting next_dagrun for example_short_circuit_operator to 2026-03-11 00:00:00+00:00, run_after=2026-03-12 00:00:00+00:00
[2026-03-12T02:49:35.802+0000] {processor.py:183} INFO - Processing /home/airflow/.local/lib/python3.8/site-packages/airflow/example_dags/example_short_circuit_operator.py took 0.028 seconds
