[2026-03-12T02:15:10.740+0000] {processor.py:161} INFO - Started process (PID=102) to work on /home/airflow/.local/lib/python3.8/site-packages/airflow/example_dags/example_branch_day_of_week_operator.py
[2026-03-12T02:15:10.742+0000] {processor.py:830} INFO - Processing file /home/airflow/.local/lib/python3.8/site-packages/airflow/example_dags/example_branch_day_of_week_operator.py for tasks to queue
[2026-03-12T02:15:10.742+0000] {logging_mixin.py:188} INFO - [2026-03-12T02:15:10.742+0000] {dagbag.py:538} INFO - Filling up the DagBag from /home/airflow/.local/lib/python3.8/site-packages/airflow/example_dags/example_branch_day_of_week_operator.py
[2026-03-12T02:15:10.747+0000] {processor.py:840} INFO - DAG(s) 'example_weekday_branch_operator' retrieved from /home/airflow/.local/lib/python3.8/site-packages/airflow/example_dags/example_branch_day_of_week_operator.py
[2026-03-12T02:15:10.753+0000] {logging_mixin.py:188} INFO - [2026-03-12T02:15:10.753+0000] {dag.py:3036} INFO - Sync 1 DAGs
[2026-03-12T02:15:10.763+0000] {logging_mixin.py:188} INFO - [2026-03-12T02:15:10.762+0000] {dag.py:3823} INFO - Setting next_dagrun for example_weekday_branch_operator to 2026-03-11 00:00:00+00:00, run_after=2026-03-12 00:00:00+00:00
[2026-03-12T02:15:10.770+0000] {processor.py:183} INFO - Processing /home/airflow/.local/lib/python3.8/site-packages/airflow/example_dags/example_branch_day_of_week_operator.py took 0.031 seconds
[2026-03-12T02:15:42.213+0000] {processor.py:161} INFO - Started process (PID=178) to work on /home/airflow/.local/lib/python3.8/site-packages/airflow/example_dags/example_branch_day_of_week_operator.py
[2026-03-12T02:15:42.214+0000] {processor.py:830} INFO - Processing file /home/airflow/.local/lib/python3.8/site-packages/airflow/example_dags/example_branch_day_of_week_operator.py for tasks to queue
[2026-03-12T02:15:42.214+0000] {logging_mixin.py:188} INFO - [2026-03-12T02:15:42.214+0000] {dagbag.py:538} INFO - Filling up the DagBag from /home/airflow/.local/lib/python3.8/site-packages/airflow/example_dags/example_branch_day_of_week_operator.py
[2026-03-12T02:15:42.218+0000] {processor.py:840} INFO - DAG(s) 'example_weekday_branch_operator' retrieved from /home/airflow/.local/lib/python3.8/site-packages/airflow/example_dags/example_branch_day_of_week_operator.py
[2026-03-12T02:15:42.357+0000] {logging_mixin.py:188} INFO - [2026-03-12T02:15:42.357+0000] {dag.py:3036} INFO - Sync 1 DAGs
[2026-03-12T02:15:42.372+0000] {logging_mixin.py:188} INFO - [2026-03-12T02:15:42.372+0000] {dag.py:3823} INFO - Setting next_dagrun for example_weekday_branch_operator to 2026-03-11 00:00:00+00:00, run_after=2026-03-12 00:00:00+00:00
[2026-03-12T02:15:42.381+0000] {processor.py:183} INFO - Processing /home/airflow/.local/lib/python3.8/site-packages/airflow/example_dags/example_branch_day_of_week_operator.py took 0.170 seconds
[2026-03-12T02:16:13.076+0000] {processor.py:161} INFO - Started process (PID=254) to work on /home/airflow/.local/lib/python3.8/site-packages/airflow/example_dags/example_branch_day_of_week_operator.py
[2026-03-12T02:16:13.076+0000] {processor.py:830} INFO - Processing file /home/airflow/.local/lib/python3.8/site-packages/airflow/example_dags/example_branch_day_of_week_operator.py for tasks to queue
[2026-03-12T02:16:13.077+0000] {logging_mixin.py:188} INFO - [2026-03-12T02:16:13.077+0000] {dagbag.py:538} INFO - Filling up the DagBag from /home/airflow/.local/lib/python3.8/site-packages/airflow/example_dags/example_branch_day_of_week_operator.py
[2026-03-12T02:16:13.081+0000] {processor.py:840} INFO - DAG(s) 'example_weekday_branch_operator' retrieved from /home/airflow/.local/lib/python3.8/site-packages/airflow/example_dags/example_branch_day_of_week_operator.py
[2026-03-12T02:16:13.091+0000] {logging_mixin.py:188} INFO - [2026-03-12T02:16:13.091+0000] {dag.py:3036} INFO - Sync 1 DAGs
[2026-03-12T02:16:13.099+0000] {logging_mixin.py:188} INFO - [2026-03-12T02:16:13.099+0000] {dag.py:3823} INFO - Setting next_dagrun for example_weekday_branch_operator to 2026-03-11 00:00:00+00:00, run_after=2026-03-12 00:00:00+00:00
[2026-03-12T02:16:13.105+0000] {processor.py:183} INFO - Processing /home/airflow/.local/lib/python3.8/site-packages/airflow/example_dags/example_branch_day_of_week_operator.py took 0.030 seconds
[2026-03-12T02:16:44.040+0000] {processor.py:161} INFO - Started process (PID=330) to work on /home/airflow/.local/lib/python3.8/site-packages/airflow/example_dags/example_branch_day_of_week_operator.py
[2026-03-12T02:16:44.041+0000] {processor.py:830} INFO - Processing file /home/airflow/.local/lib/python3.8/site-packages/airflow/example_dags/example_branch_day_of_week_operator.py for tasks to queue
[2026-03-12T02:16:44.041+0000] {logging_mixin.py:188} INFO - [2026-03-12T02:16:44.041+0000] {dagbag.py:538} INFO - Filling up the DagBag from /home/airflow/.local/lib/python3.8/site-packages/airflow/example_dags/example_branch_day_of_week_operator.py
[2026-03-12T02:16:44.045+0000] {processor.py:840} INFO - DAG(s) 'example_weekday_branch_operator' retrieved from /home/airflow/.local/lib/python3.8/site-packages/airflow/example_dags/example_branch_day_of_week_operator.py
[2026-03-12T02:16:44.060+0000] {logging_mixin.py:188} INFO - [2026-03-12T02:16:44.060+0000] {dag.py:3036} INFO - Sync 1 DAGs
[2026-03-12T02:16:44.067+0000] {logging_mixin.py:188} INFO - [2026-03-12T02:16:44.067+0000] {dag.py:3823} INFO - Setting next_dagrun for example_weekday_branch_operator to 2026-03-11 00:00:00+00:00, run_after=2026-03-12 00:00:00+00:00
[2026-03-12T02:16:44.073+0000] {processor.py:183} INFO - Processing /home/airflow/.local/lib/python3.8/site-packages/airflow/example_dags/example_branch_day_of_week_operator.py took 0.034 seconds
[2026-03-12T02:17:14.924+0000] {processor.py:161} INFO - Started process (PID=406) to work on /home/airflow/.local/lib/python3.8/site-packages/airflow/example_dags/example_branch_day_of_week_operator.py
[2026-03-12T02:17:14.925+0000] {processor.py:830} INFO - Processing file /home/airflow/.local/lib/python3.8/site-packages/airflow/example_dags/example_branch_day_of_week_operator.py for tasks to queue
[2026-03-12T02:17:14.925+0000] {logging_mixin.py:188} INFO - [2026-03-12T02:17:14.925+0000] {dagbag.py:538} INFO - Filling up the DagBag from /home/airflow/.local/lib/python3.8/site-packages/airflow/example_dags/example_branch_day_of_week_operator.py
[2026-03-12T02:17:14.930+0000] {processor.py:840} INFO - DAG(s) 'example_weekday_branch_operator' retrieved from /home/airflow/.local/lib/python3.8/site-packages/airflow/example_dags/example_branch_day_of_week_operator.py
[2026-03-12T02:17:14.947+0000] {logging_mixin.py:188} INFO - [2026-03-12T02:17:14.947+0000] {dag.py:3036} INFO - Sync 1 DAGs
[2026-03-12T02:17:14.962+0000] {logging_mixin.py:188} INFO - [2026-03-12T02:17:14.962+0000] {dag.py:3823} INFO - Setting next_dagrun for example_weekday_branch_operator to 2026-03-11 00:00:00+00:00, run_after=2026-03-12 00:00:00+00:00
[2026-03-12T02:17:14.973+0000] {processor.py:183} INFO - Processing /home/airflow/.local/lib/python3.8/site-packages/airflow/example_dags/example_branch_day_of_week_operator.py took 0.051 seconds
[2026-03-12T02:17:45.359+0000] {processor.py:161} INFO - Started process (PID=482) to work on /home/airflow/.local/lib/python3.8/site-packages/airflow/example_dags/example_branch_day_of_week_operator.py
[2026-03-12T02:17:45.360+0000] {processor.py:830} INFO - Processing file /home/airflow/.local/lib/python3.8/site-packages/airflow/example_dags/example_branch_day_of_week_operator.py for tasks to queue
[2026-03-12T02:17:45.361+0000] {logging_mixin.py:188} INFO - [2026-03-12T02:17:45.361+0000] {dagbag.py:538} INFO - Filling up the DagBag from /home/airflow/.local/lib/python3.8/site-packages/airflow/example_dags/example_branch_day_of_week_operator.py
[2026-03-12T02:17:45.365+0000] {processor.py:840} INFO - DAG(s) 'example_weekday_branch_operator' retrieved from /home/airflow/.local/lib/python3.8/site-packages/airflow/example_dags/example_branch_day_of_week_operator.py
[2026-03-12T02:17:45.373+0000] {logging_mixin.py:188} INFO - [2026-03-12T02:17:45.373+0000] {dag.py:3036} INFO - Sync 1 DAGs
[2026-03-12T02:17:45.383+0000] {logging_mixin.py:188} INFO - [2026-03-12T02:17:45.383+0000] {dag.py:3823} INFO - Setting next_dagrun for example_weekday_branch_operator to 2026-03-11 00:00:00+00:00, run_after=2026-03-12 00:00:00+00:00
[2026-03-12T02:17:45.388+0000] {processor.py:183} INFO - Processing /home/airflow/.local/lib/python3.8/site-packages/airflow/example_dags/example_branch_day_of_week_operator.py took 0.030 seconds
[2026-03-12T02:18:16.153+0000] {processor.py:161} INFO - Started process (PID=558) to work on /home/airflow/.local/lib/python3.8/site-packages/airflow/example_dags/example_branch_day_of_week_operator.py
[2026-03-12T02:18:16.154+0000] {processor.py:830} INFO - Processing file /home/airflow/.local/lib/python3.8/site-packages/airflow/example_dags/example_branch_day_of_week_operator.py for tasks to queue
[2026-03-12T02:18:16.156+0000] {logging_mixin.py:188} INFO - [2026-03-12T02:18:16.156+0000] {dagbag.py:538} INFO - Filling up the DagBag from /home/airflow/.local/lib/python3.8/site-packages/airflow/example_dags/example_branch_day_of_week_operator.py
[2026-03-12T02:18:16.160+0000] {processor.py:840} INFO - DAG(s) 'example_weekday_branch_operator' retrieved from /home/airflow/.local/lib/python3.8/site-packages/airflow/example_dags/example_branch_day_of_week_operator.py
[2026-03-12T02:18:16.171+0000] {logging_mixin.py:188} INFO - [2026-03-12T02:18:16.171+0000] {dag.py:3036} INFO - Sync 1 DAGs
[2026-03-12T02:18:16.179+0000] {logging_mixin.py:188} INFO - [2026-03-12T02:18:16.179+0000] {dag.py:3823} INFO - Setting next_dagrun for example_weekday_branch_operator to 2026-03-11 00:00:00+00:00, run_after=2026-03-12 00:00:00+00:00
[2026-03-12T02:18:16.185+0000] {processor.py:183} INFO - Processing /home/airflow/.local/lib/python3.8/site-packages/airflow/example_dags/example_branch_day_of_week_operator.py took 0.034 seconds
[2026-03-12T02:18:47.071+0000] {processor.py:161} INFO - Started process (PID=634) to work on /home/airflow/.local/lib/python3.8/site-packages/airflow/example_dags/example_branch_day_of_week_operator.py
[2026-03-12T02:18:47.072+0000] {processor.py:830} INFO - Processing file /home/airflow/.local/lib/python3.8/site-packages/airflow/example_dags/example_branch_day_of_week_operator.py for tasks to queue
[2026-03-12T02:18:47.073+0000] {logging_mixin.py:188} INFO - [2026-03-12T02:18:47.073+0000] {dagbag.py:538} INFO - Filling up the DagBag from /home/airflow/.local/lib/python3.8/site-packages/airflow/example_dags/example_branch_day_of_week_operator.py
[2026-03-12T02:18:47.077+0000] {processor.py:840} INFO - DAG(s) 'example_weekday_branch_operator' retrieved from /home/airflow/.local/lib/python3.8/site-packages/airflow/example_dags/example_branch_day_of_week_operator.py
[2026-03-12T02:18:47.087+0000] {logging_mixin.py:188} INFO - [2026-03-12T02:18:47.087+0000] {dag.py:3036} INFO - Sync 1 DAGs
[2026-03-12T02:18:47.102+0000] {logging_mixin.py:188} INFO - [2026-03-12T02:18:47.102+0000] {dag.py:3823} INFO - Setting next_dagrun for example_weekday_branch_operator to 2026-03-11 00:00:00+00:00, run_after=2026-03-12 00:00:00+00:00
[2026-03-12T02:18:47.110+0000] {processor.py:183} INFO - Processing /home/airflow/.local/lib/python3.8/site-packages/airflow/example_dags/example_branch_day_of_week_operator.py took 0.041 seconds
[2026-03-12T02:19:17.210+0000] {processor.py:161} INFO - Started process (PID=710) to work on /home/airflow/.local/lib/python3.8/site-packages/airflow/example_dags/example_branch_day_of_week_operator.py
[2026-03-12T02:19:17.211+0000] {processor.py:830} INFO - Processing file /home/airflow/.local/lib/python3.8/site-packages/airflow/example_dags/example_branch_day_of_week_operator.py for tasks to queue
[2026-03-12T02:19:17.212+0000] {logging_mixin.py:188} INFO - [2026-03-12T02:19:17.212+0000] {dagbag.py:538} INFO - Filling up the DagBag from /home/airflow/.local/lib/python3.8/site-packages/airflow/example_dags/example_branch_day_of_week_operator.py
[2026-03-12T02:19:17.215+0000] {processor.py:840} INFO - DAG(s) 'example_weekday_branch_operator' retrieved from /home/airflow/.local/lib/python3.8/site-packages/airflow/example_dags/example_branch_day_of_week_operator.py
[2026-03-12T02:19:17.225+0000] {logging_mixin.py:188} INFO - [2026-03-12T02:19:17.225+0000] {dag.py:3036} INFO - Sync 1 DAGs
[2026-03-12T02:19:17.234+0000] {logging_mixin.py:188} INFO - [2026-03-12T02:19:17.233+0000] {dag.py:3823} INFO - Setting next_dagrun for example_weekday_branch_operator to 2026-03-11 00:00:00+00:00, run_after=2026-03-12 00:00:00+00:00
[2026-03-12T02:19:17.240+0000] {processor.py:183} INFO - Processing /home/airflow/.local/lib/python3.8/site-packages/airflow/example_dags/example_branch_day_of_week_operator.py took 0.031 seconds
[2026-03-12T02:19:48.261+0000] {processor.py:161} INFO - Started process (PID=786) to work on /home/airflow/.local/lib/python3.8/site-packages/airflow/example_dags/example_branch_day_of_week_operator.py
[2026-03-12T02:19:48.262+0000] {processor.py:830} INFO - Processing file /home/airflow/.local/lib/python3.8/site-packages/airflow/example_dags/example_branch_day_of_week_operator.py for tasks to queue
[2026-03-12T02:19:48.262+0000] {logging_mixin.py:188} INFO - [2026-03-12T02:19:48.262+0000] {dagbag.py:538} INFO - Filling up the DagBag from /home/airflow/.local/lib/python3.8/site-packages/airflow/example_dags/example_branch_day_of_week_operator.py
[2026-03-12T02:19:48.266+0000] {processor.py:840} INFO - DAG(s) 'example_weekday_branch_operator' retrieved from /home/airflow/.local/lib/python3.8/site-packages/airflow/example_dags/example_branch_day_of_week_operator.py
[2026-03-12T02:19:48.274+0000] {logging_mixin.py:188} INFO - [2026-03-12T02:19:48.274+0000] {dag.py:3036} INFO - Sync 1 DAGs
[2026-03-12T02:19:48.285+0000] {logging_mixin.py:188} INFO - [2026-03-12T02:19:48.285+0000] {dag.py:3823} INFO - Setting next_dagrun for example_weekday_branch_operator to 2026-03-11 00:00:00+00:00, run_after=2026-03-12 00:00:00+00:00
[2026-03-12T02:19:48.294+0000] {processor.py:183} INFO - Processing /home/airflow/.local/lib/python3.8/site-packages/airflow/example_dags/example_branch_day_of_week_operator.py took 0.035 seconds
[2026-03-12T02:20:19.277+0000] {processor.py:161} INFO - Started process (PID=862) to work on /home/airflow/.local/lib/python3.8/site-packages/airflow/example_dags/example_branch_day_of_week_operator.py
[2026-03-12T02:20:19.278+0000] {processor.py:830} INFO - Processing file /home/airflow/.local/lib/python3.8/site-packages/airflow/example_dags/example_branch_day_of_week_operator.py for tasks to queue
[2026-03-12T02:20:19.279+0000] {logging_mixin.py:188} INFO - [2026-03-12T02:20:19.279+0000] {dagbag.py:538} INFO - Filling up the DagBag from /home/airflow/.local/lib/python3.8/site-packages/airflow/example_dags/example_branch_day_of_week_operator.py
[2026-03-12T02:20:19.283+0000] {processor.py:840} INFO - DAG(s) 'example_weekday_branch_operator' retrieved from /home/airflow/.local/lib/python3.8/site-packages/airflow/example_dags/example_branch_day_of_week_operator.py
[2026-03-12T02:20:19.292+0000] {logging_mixin.py:188} INFO - [2026-03-12T02:20:19.292+0000] {dag.py:3036} INFO - Sync 1 DAGs
[2026-03-12T02:20:19.300+0000] {logging_mixin.py:188} INFO - [2026-03-12T02:20:19.300+0000] {dag.py:3823} INFO - Setting next_dagrun for example_weekday_branch_operator to 2026-03-11 00:00:00+00:00, run_after=2026-03-12 00:00:00+00:00
[2026-03-12T02:20:19.306+0000] {processor.py:183} INFO - Processing /home/airflow/.local/lib/python3.8/site-packages/airflow/example_dags/example_branch_day_of_week_operator.py took 0.030 seconds
[2026-03-12T02:20:51.986+0000] {processor.py:161} INFO - Started process (PID=938) to work on /home/airflow/.local/lib/python3.8/site-packages/airflow/example_dags/example_branch_day_of_week_operator.py
[2026-03-12T02:20:51.987+0000] {processor.py:830} INFO - Processing file /home/airflow/.local/lib/python3.8/site-packages/airflow/example_dags/example_branch_day_of_week_operator.py for tasks to queue
[2026-03-12T02:20:51.988+0000] {logging_mixin.py:188} INFO - [2026-03-12T02:20:51.988+0000] {dagbag.py:538} INFO - Filling up the DagBag from /home/airflow/.local/lib/python3.8/site-packages/airflow/example_dags/example_branch_day_of_week_operator.py
[2026-03-12T02:20:51.995+0000] {processor.py:840} INFO - DAG(s) 'example_weekday_branch_operator' retrieved from /home/airflow/.local/lib/python3.8/site-packages/airflow/example_dags/example_branch_day_of_week_operator.py
[2026-03-12T02:20:52.011+0000] {logging_mixin.py:188} INFO - [2026-03-12T02:20:52.011+0000] {dag.py:3036} INFO - Sync 1 DAGs
[2026-03-12T02:20:52.023+0000] {logging_mixin.py:188} INFO - [2026-03-12T02:20:52.023+0000] {dag.py:3823} INFO - Setting next_dagrun for example_weekday_branch_operator to 2026-03-11 00:00:00+00:00, run_after=2026-03-12 00:00:00+00:00
[2026-03-12T02:20:52.031+0000] {processor.py:183} INFO - Processing /home/airflow/.local/lib/python3.8/site-packages/airflow/example_dags/example_branch_day_of_week_operator.py took 0.047 seconds
[2026-03-12T02:21:22.480+0000] {processor.py:161} INFO - Started process (PID=1014) to work on /home/airflow/.local/lib/python3.8/site-packages/airflow/example_dags/example_branch_day_of_week_operator.py
[2026-03-12T02:21:22.481+0000] {processor.py:830} INFO - Processing file /home/airflow/.local/lib/python3.8/site-packages/airflow/example_dags/example_branch_day_of_week_operator.py for tasks to queue
[2026-03-12T02:21:22.482+0000] {logging_mixin.py:188} INFO - [2026-03-12T02:21:22.481+0000] {dagbag.py:538} INFO - Filling up the DagBag from /home/airflow/.local/lib/python3.8/site-packages/airflow/example_dags/example_branch_day_of_week_operator.py
[2026-03-12T02:21:22.485+0000] {processor.py:840} INFO - DAG(s) 'example_weekday_branch_operator' retrieved from /home/airflow/.local/lib/python3.8/site-packages/airflow/example_dags/example_branch_day_of_week_operator.py
[2026-03-12T02:21:22.495+0000] {logging_mixin.py:188} INFO - [2026-03-12T02:21:22.495+0000] {dag.py:3036} INFO - Sync 1 DAGs
[2026-03-12T02:21:22.503+0000] {logging_mixin.py:188} INFO - [2026-03-12T02:21:22.503+0000] {dag.py:3823} INFO - Setting next_dagrun for example_weekday_branch_operator to 2026-03-11 00:00:00+00:00, run_after=2026-03-12 00:00:00+00:00
[2026-03-12T02:21:22.510+0000] {processor.py:183} INFO - Processing /home/airflow/.local/lib/python3.8/site-packages/airflow/example_dags/example_branch_day_of_week_operator.py took 0.031 seconds
[2026-03-12T02:21:52.921+0000] {processor.py:161} INFO - Started process (PID=1090) to work on /home/airflow/.local/lib/python3.8/site-packages/airflow/example_dags/example_branch_day_of_week_operator.py
[2026-03-12T02:21:52.921+0000] {processor.py:830} INFO - Processing file /home/airflow/.local/lib/python3.8/site-packages/airflow/example_dags/example_branch_day_of_week_operator.py for tasks to queue
[2026-03-12T02:21:52.922+0000] {logging_mixin.py:188} INFO - [2026-03-12T02:21:52.922+0000] {dagbag.py:538} INFO - Filling up the DagBag from /home/airflow/.local/lib/python3.8/site-packages/airflow/example_dags/example_branch_day_of_week_operator.py
[2026-03-12T02:21:52.926+0000] {processor.py:840} INFO - DAG(s) 'example_weekday_branch_operator' retrieved from /home/airflow/.local/lib/python3.8/site-packages/airflow/example_dags/example_branch_day_of_week_operator.py
[2026-03-12T02:21:52.937+0000] {logging_mixin.py:188} INFO - [2026-03-12T02:21:52.937+0000] {dag.py:3036} INFO - Sync 1 DAGs
[2026-03-12T02:21:52.945+0000] {logging_mixin.py:188} INFO - [2026-03-12T02:21:52.945+0000] {dag.py:3823} INFO - Setting next_dagrun for example_weekday_branch_operator to 2026-03-11 00:00:00+00:00, run_after=2026-03-12 00:00:00+00:00
[2026-03-12T02:21:52.955+0000] {processor.py:183} INFO - Processing /home/airflow/.local/lib/python3.8/site-packages/airflow/example_dags/example_branch_day_of_week_operator.py took 0.035 seconds
[2026-03-12T02:22:23.272+0000] {processor.py:161} INFO - Started process (PID=1166) to work on /home/airflow/.local/lib/python3.8/site-packages/airflow/example_dags/example_branch_day_of_week_operator.py
[2026-03-12T02:22:23.273+0000] {processor.py:830} INFO - Processing file /home/airflow/.local/lib/python3.8/site-packages/airflow/example_dags/example_branch_day_of_week_operator.py for tasks to queue
[2026-03-12T02:22:23.273+0000] {logging_mixin.py:188} INFO - [2026-03-12T02:22:23.273+0000] {dagbag.py:538} INFO - Filling up the DagBag from /home/airflow/.local/lib/python3.8/site-packages/airflow/example_dags/example_branch_day_of_week_operator.py
[2026-03-12T02:22:23.277+0000] {processor.py:840} INFO - DAG(s) 'example_weekday_branch_operator' retrieved from /home/airflow/.local/lib/python3.8/site-packages/airflow/example_dags/example_branch_day_of_week_operator.py
[2026-03-12T02:22:23.285+0000] {logging_mixin.py:188} INFO - [2026-03-12T02:22:23.285+0000] {dag.py:3036} INFO - Sync 1 DAGs
[2026-03-12T02:22:23.295+0000] {logging_mixin.py:188} INFO - [2026-03-12T02:22:23.295+0000] {dag.py:3823} INFO - Setting next_dagrun for example_weekday_branch_operator to 2026-03-11 00:00:00+00:00, run_after=2026-03-12 00:00:00+00:00
[2026-03-12T02:22:23.309+0000] {processor.py:183} INFO - Processing /home/airflow/.local/lib/python3.8/site-packages/airflow/example_dags/example_branch_day_of_week_operator.py took 0.039 seconds
[2026-03-12T02:22:54.478+0000] {processor.py:161} INFO - Started process (PID=1242) to work on /home/airflow/.local/lib/python3.8/site-packages/airflow/example_dags/example_branch_day_of_week_operator.py
[2026-03-12T02:22:54.479+0000] {processor.py:830} INFO - Processing file /home/airflow/.local/lib/python3.8/site-packages/airflow/example_dags/example_branch_day_of_week_operator.py for tasks to queue
[2026-03-12T02:22:54.480+0000] {logging_mixin.py:188} INFO - [2026-03-12T02:22:54.480+0000] {dagbag.py:538} INFO - Filling up the DagBag from /home/airflow/.local/lib/python3.8/site-packages/airflow/example_dags/example_branch_day_of_week_operator.py
[2026-03-12T02:22:54.484+0000] {processor.py:840} INFO - DAG(s) 'example_weekday_branch_operator' retrieved from /home/airflow/.local/lib/python3.8/site-packages/airflow/example_dags/example_branch_day_of_week_operator.py
[2026-03-12T02:22:54.492+0000] {logging_mixin.py:188} INFO - [2026-03-12T02:22:54.492+0000] {dag.py:3036} INFO - Sync 1 DAGs
[2026-03-12T02:22:54.501+0000] {logging_mixin.py:188} INFO - [2026-03-12T02:22:54.501+0000] {dag.py:3823} INFO - Setting next_dagrun for example_weekday_branch_operator to 2026-03-11 00:00:00+00:00, run_after=2026-03-12 00:00:00+00:00
[2026-03-12T02:22:54.507+0000] {processor.py:183} INFO - Processing /home/airflow/.local/lib/python3.8/site-packages/airflow/example_dags/example_branch_day_of_week_operator.py took 0.030 seconds
[2026-03-12T02:23:25.623+0000] {processor.py:161} INFO - Started process (PID=1318) to work on /home/airflow/.local/lib/python3.8/site-packages/airflow/example_dags/example_branch_day_of_week_operator.py
[2026-03-12T02:23:25.624+0000] {processor.py:830} INFO - Processing file /home/airflow/.local/lib/python3.8/site-packages/airflow/example_dags/example_branch_day_of_week_operator.py for tasks to queue
[2026-03-12T02:23:25.625+0000] {logging_mixin.py:188} INFO - [2026-03-12T02:23:25.625+0000] {dagbag.py:538} INFO - Filling up the DagBag from /home/airflow/.local/lib/python3.8/site-packages/airflow/example_dags/example_branch_day_of_week_operator.py
[2026-03-12T02:23:25.629+0000] {processor.py:840} INFO - DAG(s) 'example_weekday_branch_operator' retrieved from /home/airflow/.local/lib/python3.8/site-packages/airflow/example_dags/example_branch_day_of_week_operator.py
[2026-03-12T02:23:25.640+0000] {logging_mixin.py:188} INFO - [2026-03-12T02:23:25.640+0000] {dag.py:3036} INFO - Sync 1 DAGs
[2026-03-12T02:23:25.649+0000] {logging_mixin.py:188} INFO - [2026-03-12T02:23:25.649+0000] {dag.py:3823} INFO - Setting next_dagrun for example_weekday_branch_operator to 2026-03-11 00:00:00+00:00, run_after=2026-03-12 00:00:00+00:00
[2026-03-12T02:23:25.657+0000] {processor.py:183} INFO - Processing /home/airflow/.local/lib/python3.8/site-packages/airflow/example_dags/example_branch_day_of_week_operator.py took 0.035 seconds
[2026-03-12T02:23:56.857+0000] {processor.py:161} INFO - Started process (PID=1394) to work on /home/airflow/.local/lib/python3.8/site-packages/airflow/example_dags/example_branch_day_of_week_operator.py
[2026-03-12T02:23:56.859+0000] {processor.py:830} INFO - Processing file /home/airflow/.local/lib/python3.8/site-packages/airflow/example_dags/example_branch_day_of_week_operator.py for tasks to queue
[2026-03-12T02:23:56.860+0000] {logging_mixin.py:188} INFO - [2026-03-12T02:23:56.860+0000] {dagbag.py:538} INFO - Filling up the DagBag from /home/airflow/.local/lib/python3.8/site-packages/airflow/example_dags/example_branch_day_of_week_operator.py
[2026-03-12T02:23:56.868+0000] {processor.py:840} INFO - DAG(s) 'example_weekday_branch_operator' retrieved from /home/airflow/.local/lib/python3.8/site-packages/airflow/example_dags/example_branch_day_of_week_operator.py
[2026-03-12T02:23:56.879+0000] {logging_mixin.py:188} INFO - [2026-03-12T02:23:56.879+0000] {dag.py:3036} INFO - Sync 1 DAGs
[2026-03-12T02:23:56.888+0000] {logging_mixin.py:188} INFO - [2026-03-12T02:23:56.888+0000] {dag.py:3823} INFO - Setting next_dagrun for example_weekday_branch_operator to 2026-03-11 00:00:00+00:00, run_after=2026-03-12 00:00:00+00:00
[2026-03-12T02:23:56.894+0000] {processor.py:183} INFO - Processing /home/airflow/.local/lib/python3.8/site-packages/airflow/example_dags/example_branch_day_of_week_operator.py took 0.039 seconds
[2026-03-12T02:24:27.256+0000] {processor.py:161} INFO - Started process (PID=1470) to work on /home/airflow/.local/lib/python3.8/site-packages/airflow/example_dags/example_branch_day_of_week_operator.py
[2026-03-12T02:24:27.256+0000] {processor.py:830} INFO - Processing file /home/airflow/.local/lib/python3.8/site-packages/airflow/example_dags/example_branch_day_of_week_operator.py for tasks to queue
[2026-03-12T02:24:27.257+0000] {logging_mixin.py:188} INFO - [2026-03-12T02:24:27.257+0000] {dagbag.py:538} INFO - Filling up the DagBag from /home/airflow/.local/lib/python3.8/site-packages/airflow/example_dags/example_branch_day_of_week_operator.py
[2026-03-12T02:24:27.261+0000] {processor.py:840} INFO - DAG(s) 'example_weekday_branch_operator' retrieved from /home/airflow/.local/lib/python3.8/site-packages/airflow/example_dags/example_branch_day_of_week_operator.py
[2026-03-12T02:24:27.272+0000] {logging_mixin.py:188} INFO - [2026-03-12T02:24:27.272+0000] {dag.py:3036} INFO - Sync 1 DAGs
[2026-03-12T02:24:27.279+0000] {logging_mixin.py:188} INFO - [2026-03-12T02:24:27.279+0000] {dag.py:3823} INFO - Setting next_dagrun for example_weekday_branch_operator to 2026-03-11 00:00:00+00:00, run_after=2026-03-12 00:00:00+00:00
[2026-03-12T02:24:27.285+0000] {processor.py:183} INFO - Processing /home/airflow/.local/lib/python3.8/site-packages/airflow/example_dags/example_branch_day_of_week_operator.py took 0.031 seconds
[2026-03-12T02:24:57.942+0000] {processor.py:161} INFO - Started process (PID=1546) to work on /home/airflow/.local/lib/python3.8/site-packages/airflow/example_dags/example_branch_day_of_week_operator.py
[2026-03-12T02:24:57.943+0000] {processor.py:830} INFO - Processing file /home/airflow/.local/lib/python3.8/site-packages/airflow/example_dags/example_branch_day_of_week_operator.py for tasks to queue
[2026-03-12T02:24:57.944+0000] {logging_mixin.py:188} INFO - [2026-03-12T02:24:57.944+0000] {dagbag.py:538} INFO - Filling up the DagBag from /home/airflow/.local/lib/python3.8/site-packages/airflow/example_dags/example_branch_day_of_week_operator.py
[2026-03-12T02:24:57.948+0000] {processor.py:840} INFO - DAG(s) 'example_weekday_branch_operator' retrieved from /home/airflow/.local/lib/python3.8/site-packages/airflow/example_dags/example_branch_day_of_week_operator.py
[2026-03-12T02:24:57.957+0000] {logging_mixin.py:188} INFO - [2026-03-12T02:24:57.957+0000] {dag.py:3036} INFO - Sync 1 DAGs
[2026-03-12T02:24:57.966+0000] {logging_mixin.py:188} INFO - [2026-03-12T02:24:57.966+0000] {dag.py:3823} INFO - Setting next_dagrun for example_weekday_branch_operator to 2026-03-11 00:00:00+00:00, run_after=2026-03-12 00:00:00+00:00
[2026-03-12T02:24:57.980+0000] {processor.py:183} INFO - Processing /home/airflow/.local/lib/python3.8/site-packages/airflow/example_dags/example_branch_day_of_week_operator.py took 0.039 seconds
[2026-03-12T02:25:28.753+0000] {processor.py:161} INFO - Started process (PID=1622) to work on /home/airflow/.local/lib/python3.8/site-packages/airflow/example_dags/example_branch_day_of_week_operator.py
[2026-03-12T02:25:28.754+0000] {processor.py:830} INFO - Processing file /home/airflow/.local/lib/python3.8/site-packages/airflow/example_dags/example_branch_day_of_week_operator.py for tasks to queue
[2026-03-12T02:25:28.755+0000] {logging_mixin.py:188} INFO - [2026-03-12T02:25:28.755+0000] {dagbag.py:538} INFO - Filling up the DagBag from /home/airflow/.local/lib/python3.8/site-packages/airflow/example_dags/example_branch_day_of_week_operator.py
[2026-03-12T02:25:28.758+0000] {processor.py:840} INFO - DAG(s) 'example_weekday_branch_operator' retrieved from /home/airflow/.local/lib/python3.8/site-packages/airflow/example_dags/example_branch_day_of_week_operator.py
[2026-03-12T02:25:28.772+0000] {logging_mixin.py:188} INFO - [2026-03-12T02:25:28.772+0000] {dag.py:3036} INFO - Sync 1 DAGs
[2026-03-12T02:25:28.782+0000] {logging_mixin.py:188} INFO - [2026-03-12T02:25:28.782+0000] {dag.py:3823} INFO - Setting next_dagrun for example_weekday_branch_operator to 2026-03-11 00:00:00+00:00, run_after=2026-03-12 00:00:00+00:00
[2026-03-12T02:25:28.792+0000] {processor.py:183} INFO - Processing /home/airflow/.local/lib/python3.8/site-packages/airflow/example_dags/example_branch_day_of_week_operator.py took 0.040 seconds
[2026-03-12T02:25:59.506+0000] {processor.py:161} INFO - Started process (PID=1698) to work on /home/airflow/.local/lib/python3.8/site-packages/airflow/example_dags/example_branch_day_of_week_operator.py
[2026-03-12T02:25:59.507+0000] {processor.py:830} INFO - Processing file /home/airflow/.local/lib/python3.8/site-packages/airflow/example_dags/example_branch_day_of_week_operator.py for tasks to queue
[2026-03-12T02:25:59.508+0000] {logging_mixin.py:188} INFO - [2026-03-12T02:25:59.508+0000] {dagbag.py:538} INFO - Filling up the DagBag from /home/airflow/.local/lib/python3.8/site-packages/airflow/example_dags/example_branch_day_of_week_operator.py
[2026-03-12T02:25:59.513+0000] {processor.py:840} INFO - DAG(s) 'example_weekday_branch_operator' retrieved from /home/airflow/.local/lib/python3.8/site-packages/airflow/example_dags/example_branch_day_of_week_operator.py
[2026-03-12T02:25:59.526+0000] {logging_mixin.py:188} INFO - [2026-03-12T02:25:59.526+0000] {dag.py:3036} INFO - Sync 1 DAGs
[2026-03-12T02:25:59.534+0000] {logging_mixin.py:188} INFO - [2026-03-12T02:25:59.534+0000] {dag.py:3823} INFO - Setting next_dagrun for example_weekday_branch_operator to 2026-03-11 00:00:00+00:00, run_after=2026-03-12 00:00:00+00:00
[2026-03-12T02:25:59.542+0000] {processor.py:183} INFO - Processing /home/airflow/.local/lib/python3.8/site-packages/airflow/example_dags/example_branch_day_of_week_operator.py took 0.037 seconds
[2026-03-12T02:26:30.328+0000] {processor.py:161} INFO - Started process (PID=1774) to work on /home/airflow/.local/lib/python3.8/site-packages/airflow/example_dags/example_branch_day_of_week_operator.py
[2026-03-12T02:26:30.329+0000] {processor.py:830} INFO - Processing file /home/airflow/.local/lib/python3.8/site-packages/airflow/example_dags/example_branch_day_of_week_operator.py for tasks to queue
[2026-03-12T02:26:30.330+0000] {logging_mixin.py:188} INFO - [2026-03-12T02:26:30.330+0000] {dagbag.py:538} INFO - Filling up the DagBag from /home/airflow/.local/lib/python3.8/site-packages/airflow/example_dags/example_branch_day_of_week_operator.py
[2026-03-12T02:26:30.334+0000] {processor.py:840} INFO - DAG(s) 'example_weekday_branch_operator' retrieved from /home/airflow/.local/lib/python3.8/site-packages/airflow/example_dags/example_branch_day_of_week_operator.py
[2026-03-12T02:26:30.341+0000] {logging_mixin.py:188} INFO - [2026-03-12T02:26:30.341+0000] {dag.py:3036} INFO - Sync 1 DAGs
[2026-03-12T02:26:30.350+0000] {logging_mixin.py:188} INFO - [2026-03-12T02:26:30.350+0000] {dag.py:3823} INFO - Setting next_dagrun for example_weekday_branch_operator to 2026-03-11 00:00:00+00:00, run_after=2026-03-12 00:00:00+00:00
[2026-03-12T02:26:30.356+0000] {processor.py:183} INFO - Processing /home/airflow/.local/lib/python3.8/site-packages/airflow/example_dags/example_branch_day_of_week_operator.py took 0.029 seconds
[2026-03-12T02:27:01.055+0000] {processor.py:161} INFO - Started process (PID=1850) to work on /home/airflow/.local/lib/python3.8/site-packages/airflow/example_dags/example_branch_day_of_week_operator.py
[2026-03-12T02:27:01.056+0000] {processor.py:830} INFO - Processing file /home/airflow/.local/lib/python3.8/site-packages/airflow/example_dags/example_branch_day_of_week_operator.py for tasks to queue
[2026-03-12T02:27:01.057+0000] {logging_mixin.py:188} INFO - [2026-03-12T02:27:01.057+0000] {dagbag.py:538} INFO - Filling up the DagBag from /home/airflow/.local/lib/python3.8/site-packages/airflow/example_dags/example_branch_day_of_week_operator.py
[2026-03-12T02:27:01.062+0000] {processor.py:840} INFO - DAG(s) 'example_weekday_branch_operator' retrieved from /home/airflow/.local/lib/python3.8/site-packages/airflow/example_dags/example_branch_day_of_week_operator.py
[2026-03-12T02:27:01.069+0000] {logging_mixin.py:188} INFO - [2026-03-12T02:27:01.069+0000] {dag.py:3036} INFO - Sync 1 DAGs
[2026-03-12T02:27:01.077+0000] {logging_mixin.py:188} INFO - [2026-03-12T02:27:01.077+0000] {dag.py:3823} INFO - Setting next_dagrun for example_weekday_branch_operator to 2026-03-11 00:00:00+00:00, run_after=2026-03-12 00:00:00+00:00
[2026-03-12T02:27:01.082+0000] {processor.py:183} INFO - Processing /home/airflow/.local/lib/python3.8/site-packages/airflow/example_dags/example_branch_day_of_week_operator.py took 0.028 seconds
[2026-03-12T02:27:31.883+0000] {processor.py:161} INFO - Started process (PID=1926) to work on /home/airflow/.local/lib/python3.8/site-packages/airflow/example_dags/example_branch_day_of_week_operator.py
[2026-03-12T02:27:31.884+0000] {processor.py:830} INFO - Processing file /home/airflow/.local/lib/python3.8/site-packages/airflow/example_dags/example_branch_day_of_week_operator.py for tasks to queue
[2026-03-12T02:27:31.884+0000] {logging_mixin.py:188} INFO - [2026-03-12T02:27:31.884+0000] {dagbag.py:538} INFO - Filling up the DagBag from /home/airflow/.local/lib/python3.8/site-packages/airflow/example_dags/example_branch_day_of_week_operator.py
[2026-03-12T02:27:31.889+0000] {processor.py:840} INFO - DAG(s) 'example_weekday_branch_operator' retrieved from /home/airflow/.local/lib/python3.8/site-packages/airflow/example_dags/example_branch_day_of_week_operator.py
[2026-03-12T02:27:31.898+0000] {logging_mixin.py:188} INFO - [2026-03-12T02:27:31.898+0000] {dag.py:3036} INFO - Sync 1 DAGs
[2026-03-12T02:27:31.906+0000] {logging_mixin.py:188} INFO - [2026-03-12T02:27:31.906+0000] {dag.py:3823} INFO - Setting next_dagrun for example_weekday_branch_operator to 2026-03-11 00:00:00+00:00, run_after=2026-03-12 00:00:00+00:00
[2026-03-12T02:27:31.912+0000] {processor.py:183} INFO - Processing /home/airflow/.local/lib/python3.8/site-packages/airflow/example_dags/example_branch_day_of_week_operator.py took 0.031 seconds
[2026-03-12T02:28:02.651+0000] {processor.py:161} INFO - Started process (PID=2002) to work on /home/airflow/.local/lib/python3.8/site-packages/airflow/example_dags/example_branch_day_of_week_operator.py
[2026-03-12T02:28:02.652+0000] {processor.py:830} INFO - Processing file /home/airflow/.local/lib/python3.8/site-packages/airflow/example_dags/example_branch_day_of_week_operator.py for tasks to queue
[2026-03-12T02:28:02.653+0000] {logging_mixin.py:188} INFO - [2026-03-12T02:28:02.653+0000] {dagbag.py:538} INFO - Filling up the DagBag from /home/airflow/.local/lib/python3.8/site-packages/airflow/example_dags/example_branch_day_of_week_operator.py
[2026-03-12T02:28:02.657+0000] {processor.py:840} INFO - DAG(s) 'example_weekday_branch_operator' retrieved from /home/airflow/.local/lib/python3.8/site-packages/airflow/example_dags/example_branch_day_of_week_operator.py
[2026-03-12T02:28:02.665+0000] {logging_mixin.py:188} INFO - [2026-03-12T02:28:02.665+0000] {dag.py:3036} INFO - Sync 1 DAGs
[2026-03-12T02:28:02.673+0000] {logging_mixin.py:188} INFO - [2026-03-12T02:28:02.673+0000] {dag.py:3823} INFO - Setting next_dagrun for example_weekday_branch_operator to 2026-03-11 00:00:00+00:00, run_after=2026-03-12 00:00:00+00:00
[2026-03-12T02:28:02.679+0000] {processor.py:183} INFO - Processing /home/airflow/.local/lib/python3.8/site-packages/airflow/example_dags/example_branch_day_of_week_operator.py took 0.030 seconds
[2026-03-12T02:28:33.356+0000] {processor.py:161} INFO - Started process (PID=2078) to work on /home/airflow/.local/lib/python3.8/site-packages/airflow/example_dags/example_branch_day_of_week_operator.py
[2026-03-12T02:28:33.357+0000] {processor.py:830} INFO - Processing file /home/airflow/.local/lib/python3.8/site-packages/airflow/example_dags/example_branch_day_of_week_operator.py for tasks to queue
[2026-03-12T02:28:33.358+0000] {logging_mixin.py:188} INFO - [2026-03-12T02:28:33.358+0000] {dagbag.py:538} INFO - Filling up the DagBag from /home/airflow/.local/lib/python3.8/site-packages/airflow/example_dags/example_branch_day_of_week_operator.py
[2026-03-12T02:28:33.363+0000] {processor.py:840} INFO - DAG(s) 'example_weekday_branch_operator' retrieved from /home/airflow/.local/lib/python3.8/site-packages/airflow/example_dags/example_branch_day_of_week_operator.py
[2026-03-12T02:28:33.372+0000] {logging_mixin.py:188} INFO - [2026-03-12T02:28:33.372+0000] {dag.py:3036} INFO - Sync 1 DAGs
[2026-03-12T02:28:33.380+0000] {logging_mixin.py:188} INFO - [2026-03-12T02:28:33.380+0000] {dag.py:3823} INFO - Setting next_dagrun for example_weekday_branch_operator to 2026-03-11 00:00:00+00:00, run_after=2026-03-12 00:00:00+00:00
[2026-03-12T02:28:33.388+0000] {processor.py:183} INFO - Processing /home/airflow/.local/lib/python3.8/site-packages/airflow/example_dags/example_branch_day_of_week_operator.py took 0.033 seconds
[2026-03-12T02:29:04.326+0000] {processor.py:161} INFO - Started process (PID=2154) to work on /home/airflow/.local/lib/python3.8/site-packages/airflow/example_dags/example_branch_day_of_week_operator.py
[2026-03-12T02:29:04.327+0000] {processor.py:830} INFO - Processing file /home/airflow/.local/lib/python3.8/site-packages/airflow/example_dags/example_branch_day_of_week_operator.py for tasks to queue
[2026-03-12T02:29:04.328+0000] {logging_mixin.py:188} INFO - [2026-03-12T02:29:04.328+0000] {dagbag.py:538} INFO - Filling up the DagBag from /home/airflow/.local/lib/python3.8/site-packages/airflow/example_dags/example_branch_day_of_week_operator.py
[2026-03-12T02:29:04.332+0000] {processor.py:840} INFO - DAG(s) 'example_weekday_branch_operator' retrieved from /home/airflow/.local/lib/python3.8/site-packages/airflow/example_dags/example_branch_day_of_week_operator.py
[2026-03-12T02:29:04.348+0000] {logging_mixin.py:188} INFO - [2026-03-12T02:29:04.347+0000] {dag.py:3036} INFO - Sync 1 DAGs
[2026-03-12T02:29:04.356+0000] {logging_mixin.py:188} INFO - [2026-03-12T02:29:04.356+0000] {dag.py:3823} INFO - Setting next_dagrun for example_weekday_branch_operator to 2026-03-11 00:00:00+00:00, run_after=2026-03-12 00:00:00+00:00
[2026-03-12T02:29:04.362+0000] {processor.py:183} INFO - Processing /home/airflow/.local/lib/python3.8/site-packages/airflow/example_dags/example_branch_day_of_week_operator.py took 0.038 seconds
[2026-03-12T02:29:35.348+0000] {processor.py:161} INFO - Started process (PID=2230) to work on /home/airflow/.local/lib/python3.8/site-packages/airflow/example_dags/example_branch_day_of_week_operator.py
[2026-03-12T02:29:35.349+0000] {processor.py:830} INFO - Processing file /home/airflow/.local/lib/python3.8/site-packages/airflow/example_dags/example_branch_day_of_week_operator.py for tasks to queue
[2026-03-12T02:29:35.350+0000] {logging_mixin.py:188} INFO - [2026-03-12T02:29:35.350+0000] {dagbag.py:538} INFO - Filling up the DagBag from /home/airflow/.local/lib/python3.8/site-packages/airflow/example_dags/example_branch_day_of_week_operator.py
[2026-03-12T02:29:35.353+0000] {processor.py:840} INFO - DAG(s) 'example_weekday_branch_operator' retrieved from /home/airflow/.local/lib/python3.8/site-packages/airflow/example_dags/example_branch_day_of_week_operator.py
[2026-03-12T02:29:35.361+0000] {logging_mixin.py:188} INFO - [2026-03-12T02:29:35.361+0000] {dag.py:3036} INFO - Sync 1 DAGs
[2026-03-12T02:29:35.370+0000] {logging_mixin.py:188} INFO - [2026-03-12T02:29:35.370+0000] {dag.py:3823} INFO - Setting next_dagrun for example_weekday_branch_operator to 2026-03-11 00:00:00+00:00, run_after=2026-03-12 00:00:00+00:00
[2026-03-12T02:29:35.376+0000] {processor.py:183} INFO - Processing /home/airflow/.local/lib/python3.8/site-packages/airflow/example_dags/example_branch_day_of_week_operator.py took 0.029 seconds
[2026-03-12T02:30:06.454+0000] {processor.py:161} INFO - Started process (PID=2306) to work on /home/airflow/.local/lib/python3.8/site-packages/airflow/example_dags/example_branch_day_of_week_operator.py
[2026-03-12T02:30:06.455+0000] {processor.py:830} INFO - Processing file /home/airflow/.local/lib/python3.8/site-packages/airflow/example_dags/example_branch_day_of_week_operator.py for tasks to queue
[2026-03-12T02:30:06.455+0000] {logging_mixin.py:188} INFO - [2026-03-12T02:30:06.455+0000] {dagbag.py:538} INFO - Filling up the DagBag from /home/airflow/.local/lib/python3.8/site-packages/airflow/example_dags/example_branch_day_of_week_operator.py
[2026-03-12T02:30:06.459+0000] {processor.py:840} INFO - DAG(s) 'example_weekday_branch_operator' retrieved from /home/airflow/.local/lib/python3.8/site-packages/airflow/example_dags/example_branch_day_of_week_operator.py
[2026-03-12T02:30:06.473+0000] {logging_mixin.py:188} INFO - [2026-03-12T02:30:06.473+0000] {dag.py:3036} INFO - Sync 1 DAGs
[2026-03-12T02:30:06.483+0000] {logging_mixin.py:188} INFO - [2026-03-12T02:30:06.483+0000] {dag.py:3823} INFO - Setting next_dagrun for example_weekday_branch_operator to 2026-03-11 00:00:00+00:00, run_after=2026-03-12 00:00:00+00:00
[2026-03-12T02:30:06.490+0000] {processor.py:183} INFO - Processing /home/airflow/.local/lib/python3.8/site-packages/airflow/example_dags/example_branch_day_of_week_operator.py took 0.037 seconds
[2026-03-12T02:30:37.364+0000] {processor.py:161} INFO - Started process (PID=2382) to work on /home/airflow/.local/lib/python3.8/site-packages/airflow/example_dags/example_branch_day_of_week_operator.py
[2026-03-12T02:30:37.365+0000] {processor.py:830} INFO - Processing file /home/airflow/.local/lib/python3.8/site-packages/airflow/example_dags/example_branch_day_of_week_operator.py for tasks to queue
[2026-03-12T02:30:37.366+0000] {logging_mixin.py:188} INFO - [2026-03-12T02:30:37.365+0000] {dagbag.py:538} INFO - Filling up the DagBag from /home/airflow/.local/lib/python3.8/site-packages/airflow/example_dags/example_branch_day_of_week_operator.py
[2026-03-12T02:30:37.369+0000] {processor.py:840} INFO - DAG(s) 'example_weekday_branch_operator' retrieved from /home/airflow/.local/lib/python3.8/site-packages/airflow/example_dags/example_branch_day_of_week_operator.py
[2026-03-12T02:30:37.378+0000] {logging_mixin.py:188} INFO - [2026-03-12T02:30:37.378+0000] {dag.py:3036} INFO - Sync 1 DAGs
[2026-03-12T02:30:37.385+0000] {logging_mixin.py:188} INFO - [2026-03-12T02:30:37.385+0000] {dag.py:3823} INFO - Setting next_dagrun for example_weekday_branch_operator to 2026-03-11 00:00:00+00:00, run_after=2026-03-12 00:00:00+00:00
[2026-03-12T02:30:37.392+0000] {processor.py:183} INFO - Processing /home/airflow/.local/lib/python3.8/site-packages/airflow/example_dags/example_branch_day_of_week_operator.py took 0.029 seconds
[2026-03-12T02:31:08.380+0000] {processor.py:161} INFO - Started process (PID=2458) to work on /home/airflow/.local/lib/python3.8/site-packages/airflow/example_dags/example_branch_day_of_week_operator.py
[2026-03-12T02:31:08.381+0000] {processor.py:830} INFO - Processing file /home/airflow/.local/lib/python3.8/site-packages/airflow/example_dags/example_branch_day_of_week_operator.py for tasks to queue
[2026-03-12T02:31:08.382+0000] {logging_mixin.py:188} INFO - [2026-03-12T02:31:08.381+0000] {dagbag.py:538} INFO - Filling up the DagBag from /home/airflow/.local/lib/python3.8/site-packages/airflow/example_dags/example_branch_day_of_week_operator.py
[2026-03-12T02:31:08.385+0000] {processor.py:840} INFO - DAG(s) 'example_weekday_branch_operator' retrieved from /home/airflow/.local/lib/python3.8/site-packages/airflow/example_dags/example_branch_day_of_week_operator.py
[2026-03-12T02:31:08.394+0000] {logging_mixin.py:188} INFO - [2026-03-12T02:31:08.394+0000] {dag.py:3036} INFO - Sync 1 DAGs
[2026-03-12T02:31:08.401+0000] {logging_mixin.py:188} INFO - [2026-03-12T02:31:08.401+0000] {dag.py:3823} INFO - Setting next_dagrun for example_weekday_branch_operator to 2026-03-11 00:00:00+00:00, run_after=2026-03-12 00:00:00+00:00
[2026-03-12T02:31:08.407+0000] {processor.py:183} INFO - Processing /home/airflow/.local/lib/python3.8/site-packages/airflow/example_dags/example_branch_day_of_week_operator.py took 0.028 seconds
[2026-03-12T02:31:39.308+0000] {processor.py:161} INFO - Started process (PID=2534) to work on /home/airflow/.local/lib/python3.8/site-packages/airflow/example_dags/example_branch_day_of_week_operator.py
[2026-03-12T02:31:39.309+0000] {processor.py:830} INFO - Processing file /home/airflow/.local/lib/python3.8/site-packages/airflow/example_dags/example_branch_day_of_week_operator.py for tasks to queue
[2026-03-12T02:31:39.310+0000] {logging_mixin.py:188} INFO - [2026-03-12T02:31:39.310+0000] {dagbag.py:538} INFO - Filling up the DagBag from /home/airflow/.local/lib/python3.8/site-packages/airflow/example_dags/example_branch_day_of_week_operator.py
[2026-03-12T02:31:39.314+0000] {processor.py:840} INFO - DAG(s) 'example_weekday_branch_operator' retrieved from /home/airflow/.local/lib/python3.8/site-packages/airflow/example_dags/example_branch_day_of_week_operator.py
[2026-03-12T02:31:39.324+0000] {logging_mixin.py:188} INFO - [2026-03-12T02:31:39.324+0000] {dag.py:3036} INFO - Sync 1 DAGs
[2026-03-12T02:31:39.332+0000] {logging_mixin.py:188} INFO - [2026-03-12T02:31:39.331+0000] {dag.py:3823} INFO - Setting next_dagrun for example_weekday_branch_operator to 2026-03-11 00:00:00+00:00, run_after=2026-03-12 00:00:00+00:00
[2026-03-12T02:31:39.340+0000] {processor.py:183} INFO - Processing /home/airflow/.local/lib/python3.8/site-packages/airflow/example_dags/example_branch_day_of_week_operator.py took 0.033 seconds
[2026-03-12T02:32:10.390+0000] {processor.py:161} INFO - Started process (PID=2616) to work on /home/airflow/.local/lib/python3.8/site-packages/airflow/example_dags/example_branch_day_of_week_operator.py
[2026-03-12T02:32:10.392+0000] {processor.py:830} INFO - Processing file /home/airflow/.local/lib/python3.8/site-packages/airflow/example_dags/example_branch_day_of_week_operator.py for tasks to queue
[2026-03-12T02:32:10.392+0000] {logging_mixin.py:188} INFO - [2026-03-12T02:32:10.392+0000] {dagbag.py:538} INFO - Filling up the DagBag from /home/airflow/.local/lib/python3.8/site-packages/airflow/example_dags/example_branch_day_of_week_operator.py
[2026-03-12T02:32:10.396+0000] {processor.py:840} INFO - DAG(s) 'example_weekday_branch_operator' retrieved from /home/airflow/.local/lib/python3.8/site-packages/airflow/example_dags/example_branch_day_of_week_operator.py
[2026-03-12T02:32:10.407+0000] {logging_mixin.py:188} INFO - [2026-03-12T02:32:10.407+0000] {dag.py:3036} INFO - Sync 1 DAGs
[2026-03-12T02:32:10.415+0000] {logging_mixin.py:188} INFO - [2026-03-12T02:32:10.415+0000] {dag.py:3823} INFO - Setting next_dagrun for example_weekday_branch_operator to 2026-03-11 00:00:00+00:00, run_after=2026-03-12 00:00:00+00:00
[2026-03-12T02:32:10.423+0000] {processor.py:183} INFO - Processing /home/airflow/.local/lib/python3.8/site-packages/airflow/example_dags/example_branch_day_of_week_operator.py took 0.034 seconds
[2026-03-12T02:32:42.117+0000] {processor.py:161} INFO - Started process (PID=2692) to work on /home/airflow/.local/lib/python3.8/site-packages/airflow/example_dags/example_branch_day_of_week_operator.py
[2026-03-12T02:32:42.120+0000] {processor.py:830} INFO - Processing file /home/airflow/.local/lib/python3.8/site-packages/airflow/example_dags/example_branch_day_of_week_operator.py for tasks to queue
[2026-03-12T02:32:42.120+0000] {logging_mixin.py:188} INFO - [2026-03-12T02:32:42.120+0000] {dagbag.py:538} INFO - Filling up the DagBag from /home/airflow/.local/lib/python3.8/site-packages/airflow/example_dags/example_branch_day_of_week_operator.py
[2026-03-12T02:32:42.128+0000] {processor.py:840} INFO - DAG(s) 'example_weekday_branch_operator' retrieved from /home/airflow/.local/lib/python3.8/site-packages/airflow/example_dags/example_branch_day_of_week_operator.py
[2026-03-12T02:32:42.140+0000] {logging_mixin.py:188} INFO - [2026-03-12T02:32:42.140+0000] {dag.py:3036} INFO - Sync 1 DAGs
[2026-03-12T02:32:42.149+0000] {logging_mixin.py:188} INFO - [2026-03-12T02:32:42.149+0000] {dag.py:3823} INFO - Setting next_dagrun for example_weekday_branch_operator to 2026-03-11 00:00:00+00:00, run_after=2026-03-12 00:00:00+00:00
[2026-03-12T02:32:42.156+0000] {processor.py:183} INFO - Processing /home/airflow/.local/lib/python3.8/site-packages/airflow/example_dags/example_branch_day_of_week_operator.py took 0.041 seconds
[2026-03-12T02:33:13.031+0000] {processor.py:161} INFO - Started process (PID=2768) to work on /home/airflow/.local/lib/python3.8/site-packages/airflow/example_dags/example_branch_day_of_week_operator.py
[2026-03-12T02:33:13.032+0000] {processor.py:830} INFO - Processing file /home/airflow/.local/lib/python3.8/site-packages/airflow/example_dags/example_branch_day_of_week_operator.py for tasks to queue
[2026-03-12T02:33:13.033+0000] {logging_mixin.py:188} INFO - [2026-03-12T02:33:13.033+0000] {dagbag.py:538} INFO - Filling up the DagBag from /home/airflow/.local/lib/python3.8/site-packages/airflow/example_dags/example_branch_day_of_week_operator.py
[2026-03-12T02:33:13.038+0000] {processor.py:840} INFO - DAG(s) 'example_weekday_branch_operator' retrieved from /home/airflow/.local/lib/python3.8/site-packages/airflow/example_dags/example_branch_day_of_week_operator.py
[2026-03-12T02:33:13.052+0000] {logging_mixin.py:188} INFO - [2026-03-12T02:33:13.052+0000] {dag.py:3036} INFO - Sync 1 DAGs
[2026-03-12T02:33:13.069+0000] {logging_mixin.py:188} INFO - [2026-03-12T02:33:13.069+0000] {dag.py:3823} INFO - Setting next_dagrun for example_weekday_branch_operator to 2026-03-11 00:00:00+00:00, run_after=2026-03-12 00:00:00+00:00
[2026-03-12T02:33:13.078+0000] {processor.py:183} INFO - Processing /home/airflow/.local/lib/python3.8/site-packages/airflow/example_dags/example_branch_day_of_week_operator.py took 0.050 seconds
[2026-03-12T02:33:44.047+0000] {processor.py:161} INFO - Started process (PID=2844) to work on /home/airflow/.local/lib/python3.8/site-packages/airflow/example_dags/example_branch_day_of_week_operator.py
[2026-03-12T02:33:44.048+0000] {processor.py:830} INFO - Processing file /home/airflow/.local/lib/python3.8/site-packages/airflow/example_dags/example_branch_day_of_week_operator.py for tasks to queue
[2026-03-12T02:33:44.050+0000] {logging_mixin.py:188} INFO - [2026-03-12T02:33:44.050+0000] {dagbag.py:538} INFO - Filling up the DagBag from /home/airflow/.local/lib/python3.8/site-packages/airflow/example_dags/example_branch_day_of_week_operator.py
[2026-03-12T02:33:44.054+0000] {processor.py:840} INFO - DAG(s) 'example_weekday_branch_operator' retrieved from /home/airflow/.local/lib/python3.8/site-packages/airflow/example_dags/example_branch_day_of_week_operator.py
[2026-03-12T02:33:44.063+0000] {logging_mixin.py:188} INFO - [2026-03-12T02:33:44.063+0000] {dag.py:3036} INFO - Sync 1 DAGs
[2026-03-12T02:33:44.072+0000] {logging_mixin.py:188} INFO - [2026-03-12T02:33:44.072+0000] {dag.py:3823} INFO - Setting next_dagrun for example_weekday_branch_operator to 2026-03-11 00:00:00+00:00, run_after=2026-03-12 00:00:00+00:00
[2026-03-12T02:33:44.078+0000] {processor.py:183} INFO - Processing /home/airflow/.local/lib/python3.8/site-packages/airflow/example_dags/example_branch_day_of_week_operator.py took 0.032 seconds
[2026-03-12T02:34:15.036+0000] {processor.py:161} INFO - Started process (PID=2920) to work on /home/airflow/.local/lib/python3.8/site-packages/airflow/example_dags/example_branch_day_of_week_operator.py
[2026-03-12T02:34:15.037+0000] {processor.py:830} INFO - Processing file /home/airflow/.local/lib/python3.8/site-packages/airflow/example_dags/example_branch_day_of_week_operator.py for tasks to queue
[2026-03-12T02:34:15.037+0000] {logging_mixin.py:188} INFO - [2026-03-12T02:34:15.037+0000] {dagbag.py:538} INFO - Filling up the DagBag from /home/airflow/.local/lib/python3.8/site-packages/airflow/example_dags/example_branch_day_of_week_operator.py
[2026-03-12T02:34:15.041+0000] {processor.py:840} INFO - DAG(s) 'example_weekday_branch_operator' retrieved from /home/airflow/.local/lib/python3.8/site-packages/airflow/example_dags/example_branch_day_of_week_operator.py
[2026-03-12T02:34:15.050+0000] {logging_mixin.py:188} INFO - [2026-03-12T02:34:15.050+0000] {dag.py:3036} INFO - Sync 1 DAGs
[2026-03-12T02:34:15.059+0000] {logging_mixin.py:188} INFO - [2026-03-12T02:34:15.059+0000] {dag.py:3823} INFO - Setting next_dagrun for example_weekday_branch_operator to 2026-03-11 00:00:00+00:00, run_after=2026-03-12 00:00:00+00:00
[2026-03-12T02:34:15.065+0000] {processor.py:183} INFO - Processing /home/airflow/.local/lib/python3.8/site-packages/airflow/example_dags/example_branch_day_of_week_operator.py took 0.031 seconds
[2026-03-12T02:34:45.903+0000] {processor.py:161} INFO - Started process (PID=2996) to work on /home/airflow/.local/lib/python3.8/site-packages/airflow/example_dags/example_branch_day_of_week_operator.py
[2026-03-12T02:34:45.904+0000] {processor.py:830} INFO - Processing file /home/airflow/.local/lib/python3.8/site-packages/airflow/example_dags/example_branch_day_of_week_operator.py for tasks to queue
[2026-03-12T02:34:45.904+0000] {logging_mixin.py:188} INFO - [2026-03-12T02:34:45.904+0000] {dagbag.py:538} INFO - Filling up the DagBag from /home/airflow/.local/lib/python3.8/site-packages/airflow/example_dags/example_branch_day_of_week_operator.py
[2026-03-12T02:34:45.908+0000] {processor.py:840} INFO - DAG(s) 'example_weekday_branch_operator' retrieved from /home/airflow/.local/lib/python3.8/site-packages/airflow/example_dags/example_branch_day_of_week_operator.py
[2026-03-12T02:34:45.916+0000] {logging_mixin.py:188} INFO - [2026-03-12T02:34:45.916+0000] {dag.py:3036} INFO - Sync 1 DAGs
[2026-03-12T02:34:45.924+0000] {logging_mixin.py:188} INFO - [2026-03-12T02:34:45.924+0000] {dag.py:3823} INFO - Setting next_dagrun for example_weekday_branch_operator to 2026-03-11 00:00:00+00:00, run_after=2026-03-12 00:00:00+00:00
[2026-03-12T02:34:45.930+0000] {processor.py:183} INFO - Processing /home/airflow/.local/lib/python3.8/site-packages/airflow/example_dags/example_branch_day_of_week_operator.py took 0.028 seconds
[2026-03-12T02:35:16.629+0000] {processor.py:161} INFO - Started process (PID=3072) to work on /home/airflow/.local/lib/python3.8/site-packages/airflow/example_dags/example_branch_day_of_week_operator.py
[2026-03-12T02:35:16.630+0000] {processor.py:830} INFO - Processing file /home/airflow/.local/lib/python3.8/site-packages/airflow/example_dags/example_branch_day_of_week_operator.py for tasks to queue
[2026-03-12T02:35:16.632+0000] {logging_mixin.py:188} INFO - [2026-03-12T02:35:16.631+0000] {dagbag.py:538} INFO - Filling up the DagBag from /home/airflow/.local/lib/python3.8/site-packages/airflow/example_dags/example_branch_day_of_week_operator.py
[2026-03-12T02:35:16.637+0000] {processor.py:840} INFO - DAG(s) 'example_weekday_branch_operator' retrieved from /home/airflow/.local/lib/python3.8/site-packages/airflow/example_dags/example_branch_day_of_week_operator.py
[2026-03-12T02:35:16.652+0000] {logging_mixin.py:188} INFO - [2026-03-12T02:35:16.652+0000] {dag.py:3036} INFO - Sync 1 DAGs
[2026-03-12T02:35:16.660+0000] {logging_mixin.py:188} INFO - [2026-03-12T02:35:16.660+0000] {dag.py:3823} INFO - Setting next_dagrun for example_weekday_branch_operator to 2026-03-11 00:00:00+00:00, run_after=2026-03-12 00:00:00+00:00
[2026-03-12T02:35:16.669+0000] {processor.py:183} INFO - Processing /home/airflow/.local/lib/python3.8/site-packages/airflow/example_dags/example_branch_day_of_week_operator.py took 0.041 seconds
[2026-03-12T02:35:47.418+0000] {processor.py:161} INFO - Started process (PID=3148) to work on /home/airflow/.local/lib/python3.8/site-packages/airflow/example_dags/example_branch_day_of_week_operator.py
[2026-03-12T02:35:47.418+0000] {processor.py:830} INFO - Processing file /home/airflow/.local/lib/python3.8/site-packages/airflow/example_dags/example_branch_day_of_week_operator.py for tasks to queue
[2026-03-12T02:35:47.419+0000] {logging_mixin.py:188} INFO - [2026-03-12T02:35:47.419+0000] {dagbag.py:538} INFO - Filling up the DagBag from /home/airflow/.local/lib/python3.8/site-packages/airflow/example_dags/example_branch_day_of_week_operator.py
[2026-03-12T02:35:47.423+0000] {processor.py:840} INFO - DAG(s) 'example_weekday_branch_operator' retrieved from /home/airflow/.local/lib/python3.8/site-packages/airflow/example_dags/example_branch_day_of_week_operator.py
[2026-03-12T02:35:47.433+0000] {logging_mixin.py:188} INFO - [2026-03-12T02:35:47.433+0000] {dag.py:3036} INFO - Sync 1 DAGs
[2026-03-12T02:35:47.441+0000] {logging_mixin.py:188} INFO - [2026-03-12T02:35:47.441+0000] {dag.py:3823} INFO - Setting next_dagrun for example_weekday_branch_operator to 2026-03-11 00:00:00+00:00, run_after=2026-03-12 00:00:00+00:00
[2026-03-12T02:35:47.450+0000] {processor.py:183} INFO - Processing /home/airflow/.local/lib/python3.8/site-packages/airflow/example_dags/example_branch_day_of_week_operator.py took 0.034 seconds
[2026-03-12T02:36:18.312+0000] {processor.py:161} INFO - Started process (PID=3224) to work on /home/airflow/.local/lib/python3.8/site-packages/airflow/example_dags/example_branch_day_of_week_operator.py
[2026-03-12T02:36:18.312+0000] {processor.py:830} INFO - Processing file /home/airflow/.local/lib/python3.8/site-packages/airflow/example_dags/example_branch_day_of_week_operator.py for tasks to queue
[2026-03-12T02:36:18.314+0000] {logging_mixin.py:188} INFO - [2026-03-12T02:36:18.314+0000] {dagbag.py:538} INFO - Filling up the DagBag from /home/airflow/.local/lib/python3.8/site-packages/airflow/example_dags/example_branch_day_of_week_operator.py
[2026-03-12T02:36:18.319+0000] {processor.py:840} INFO - DAG(s) 'example_weekday_branch_operator' retrieved from /home/airflow/.local/lib/python3.8/site-packages/airflow/example_dags/example_branch_day_of_week_operator.py
[2026-03-12T02:36:18.332+0000] {logging_mixin.py:188} INFO - [2026-03-12T02:36:18.332+0000] {dag.py:3036} INFO - Sync 1 DAGs
[2026-03-12T02:36:18.340+0000] {logging_mixin.py:188} INFO - [2026-03-12T02:36:18.340+0000] {dag.py:3823} INFO - Setting next_dagrun for example_weekday_branch_operator to 2026-03-11 00:00:00+00:00, run_after=2026-03-12 00:00:00+00:00
[2026-03-12T02:36:18.348+0000] {processor.py:183} INFO - Processing /home/airflow/.local/lib/python3.8/site-packages/airflow/example_dags/example_branch_day_of_week_operator.py took 0.038 seconds
[2026-03-12T02:36:48.928+0000] {processor.py:161} INFO - Started process (PID=3300) to work on /home/airflow/.local/lib/python3.8/site-packages/airflow/example_dags/example_branch_day_of_week_operator.py
[2026-03-12T02:36:48.929+0000] {processor.py:830} INFO - Processing file /home/airflow/.local/lib/python3.8/site-packages/airflow/example_dags/example_branch_day_of_week_operator.py for tasks to queue
[2026-03-12T02:36:48.930+0000] {logging_mixin.py:188} INFO - [2026-03-12T02:36:48.929+0000] {dagbag.py:538} INFO - Filling up the DagBag from /home/airflow/.local/lib/python3.8/site-packages/airflow/example_dags/example_branch_day_of_week_operator.py
[2026-03-12T02:36:48.933+0000] {processor.py:840} INFO - DAG(s) 'example_weekday_branch_operator' retrieved from /home/airflow/.local/lib/python3.8/site-packages/airflow/example_dags/example_branch_day_of_week_operator.py
[2026-03-12T02:36:48.944+0000] {logging_mixin.py:188} INFO - [2026-03-12T02:36:48.944+0000] {dag.py:3036} INFO - Sync 1 DAGs
[2026-03-12T02:36:48.952+0000] {logging_mixin.py:188} INFO - [2026-03-12T02:36:48.952+0000] {dag.py:3823} INFO - Setting next_dagrun for example_weekday_branch_operator to 2026-03-11 00:00:00+00:00, run_after=2026-03-12 00:00:00+00:00
[2026-03-12T02:36:48.958+0000] {processor.py:183} INFO - Processing /home/airflow/.local/lib/python3.8/site-packages/airflow/example_dags/example_branch_day_of_week_operator.py took 0.031 seconds
[2026-03-12T02:37:19.697+0000] {processor.py:161} INFO - Started process (PID=3376) to work on /home/airflow/.local/lib/python3.8/site-packages/airflow/example_dags/example_branch_day_of_week_operator.py
[2026-03-12T02:37:19.698+0000] {processor.py:830} INFO - Processing file /home/airflow/.local/lib/python3.8/site-packages/airflow/example_dags/example_branch_day_of_week_operator.py for tasks to queue
[2026-03-12T02:37:19.699+0000] {logging_mixin.py:188} INFO - [2026-03-12T02:37:19.699+0000] {dagbag.py:538} INFO - Filling up the DagBag from /home/airflow/.local/lib/python3.8/site-packages/airflow/example_dags/example_branch_day_of_week_operator.py
[2026-03-12T02:37:19.702+0000] {processor.py:840} INFO - DAG(s) 'example_weekday_branch_operator' retrieved from /home/airflow/.local/lib/python3.8/site-packages/airflow/example_dags/example_branch_day_of_week_operator.py
[2026-03-12T02:37:19.718+0000] {logging_mixin.py:188} INFO - [2026-03-12T02:37:19.717+0000] {dag.py:3036} INFO - Sync 1 DAGs
[2026-03-12T02:37:19.725+0000] {logging_mixin.py:188} INFO - [2026-03-12T02:37:19.725+0000] {dag.py:3823} INFO - Setting next_dagrun for example_weekday_branch_operator to 2026-03-11 00:00:00+00:00, run_after=2026-03-12 00:00:00+00:00
[2026-03-12T02:37:19.731+0000] {processor.py:183} INFO - Processing /home/airflow/.local/lib/python3.8/site-packages/airflow/example_dags/example_branch_day_of_week_operator.py took 0.035 seconds
[2026-03-12T02:37:50.499+0000] {processor.py:161} INFO - Started process (PID=3452) to work on /home/airflow/.local/lib/python3.8/site-packages/airflow/example_dags/example_branch_day_of_week_operator.py
[2026-03-12T02:37:50.500+0000] {processor.py:830} INFO - Processing file /home/airflow/.local/lib/python3.8/site-packages/airflow/example_dags/example_branch_day_of_week_operator.py for tasks to queue
[2026-03-12T02:37:50.501+0000] {logging_mixin.py:188} INFO - [2026-03-12T02:37:50.500+0000] {dagbag.py:538} INFO - Filling up the DagBag from /home/airflow/.local/lib/python3.8/site-packages/airflow/example_dags/example_branch_day_of_week_operator.py
[2026-03-12T02:37:50.504+0000] {processor.py:840} INFO - DAG(s) 'example_weekday_branch_operator' retrieved from /home/airflow/.local/lib/python3.8/site-packages/airflow/example_dags/example_branch_day_of_week_operator.py
[2026-03-12T02:37:50.517+0000] {logging_mixin.py:188} INFO - [2026-03-12T02:37:50.517+0000] {dag.py:3036} INFO - Sync 1 DAGs
[2026-03-12T02:37:50.528+0000] {logging_mixin.py:188} INFO - [2026-03-12T02:37:50.527+0000] {dag.py:3823} INFO - Setting next_dagrun for example_weekday_branch_operator to 2026-03-11 00:00:00+00:00, run_after=2026-03-12 00:00:00+00:00
[2026-03-12T02:37:50.535+0000] {processor.py:183} INFO - Processing /home/airflow/.local/lib/python3.8/site-packages/airflow/example_dags/example_branch_day_of_week_operator.py took 0.038 seconds
[2026-03-12T02:38:20.856+0000] {processor.py:161} INFO - Started process (PID=3528) to work on /home/airflow/.local/lib/python3.8/site-packages/airflow/example_dags/example_branch_day_of_week_operator.py
[2026-03-12T02:38:20.856+0000] {processor.py:830} INFO - Processing file /home/airflow/.local/lib/python3.8/site-packages/airflow/example_dags/example_branch_day_of_week_operator.py for tasks to queue
[2026-03-12T02:38:20.857+0000] {logging_mixin.py:188} INFO - [2026-03-12T02:38:20.857+0000] {dagbag.py:538} INFO - Filling up the DagBag from /home/airflow/.local/lib/python3.8/site-packages/airflow/example_dags/example_branch_day_of_week_operator.py
[2026-03-12T02:38:20.861+0000] {processor.py:840} INFO - DAG(s) 'example_weekday_branch_operator' retrieved from /home/airflow/.local/lib/python3.8/site-packages/airflow/example_dags/example_branch_day_of_week_operator.py
[2026-03-12T02:38:20.872+0000] {logging_mixin.py:188} INFO - [2026-03-12T02:38:20.872+0000] {dag.py:3036} INFO - Sync 1 DAGs
[2026-03-12T02:38:20.882+0000] {logging_mixin.py:188} INFO - [2026-03-12T02:38:20.882+0000] {dag.py:3823} INFO - Setting next_dagrun for example_weekday_branch_operator to 2026-03-11 00:00:00+00:00, run_after=2026-03-12 00:00:00+00:00
[2026-03-12T02:38:20.889+0000] {processor.py:183} INFO - Processing /home/airflow/.local/lib/python3.8/site-packages/airflow/example_dags/example_branch_day_of_week_operator.py took 0.035 seconds
[2026-03-12T02:38:51.007+0000] {processor.py:161} INFO - Started process (PID=3604) to work on /home/airflow/.local/lib/python3.8/site-packages/airflow/example_dags/example_branch_day_of_week_operator.py
[2026-03-12T02:38:51.008+0000] {processor.py:830} INFO - Processing file /home/airflow/.local/lib/python3.8/site-packages/airflow/example_dags/example_branch_day_of_week_operator.py for tasks to queue
[2026-03-12T02:38:51.009+0000] {logging_mixin.py:188} INFO - [2026-03-12T02:38:51.008+0000] {dagbag.py:538} INFO - Filling up the DagBag from /home/airflow/.local/lib/python3.8/site-packages/airflow/example_dags/example_branch_day_of_week_operator.py
[2026-03-12T02:38:51.012+0000] {processor.py:840} INFO - DAG(s) 'example_weekday_branch_operator' retrieved from /home/airflow/.local/lib/python3.8/site-packages/airflow/example_dags/example_branch_day_of_week_operator.py
[2026-03-12T02:38:51.020+0000] {logging_mixin.py:188} INFO - [2026-03-12T02:38:51.020+0000] {dag.py:3036} INFO - Sync 1 DAGs
[2026-03-12T02:38:51.028+0000] {logging_mixin.py:188} INFO - [2026-03-12T02:38:51.028+0000] {dag.py:3823} INFO - Setting next_dagrun for example_weekday_branch_operator to 2026-03-11 00:00:00+00:00, run_after=2026-03-12 00:00:00+00:00
[2026-03-12T02:38:51.036+0000] {processor.py:183} INFO - Processing /home/airflow/.local/lib/python3.8/site-packages/airflow/example_dags/example_branch_day_of_week_operator.py took 0.030 seconds
[2026-03-12T02:39:21.331+0000] {processor.py:161} INFO - Started process (PID=3680) to work on /home/airflow/.local/lib/python3.8/site-packages/airflow/example_dags/example_branch_day_of_week_operator.py
[2026-03-12T02:39:21.332+0000] {processor.py:830} INFO - Processing file /home/airflow/.local/lib/python3.8/site-packages/airflow/example_dags/example_branch_day_of_week_operator.py for tasks to queue
[2026-03-12T02:39:21.333+0000] {logging_mixin.py:188} INFO - [2026-03-12T02:39:21.333+0000] {dagbag.py:538} INFO - Filling up the DagBag from /home/airflow/.local/lib/python3.8/site-packages/airflow/example_dags/example_branch_day_of_week_operator.py
[2026-03-12T02:39:21.337+0000] {processor.py:840} INFO - DAG(s) 'example_weekday_branch_operator' retrieved from /home/airflow/.local/lib/python3.8/site-packages/airflow/example_dags/example_branch_day_of_week_operator.py
[2026-03-12T02:39:21.347+0000] {logging_mixin.py:188} INFO - [2026-03-12T02:39:21.347+0000] {dag.py:3036} INFO - Sync 1 DAGs
[2026-03-12T02:39:21.356+0000] {logging_mixin.py:188} INFO - [2026-03-12T02:39:21.356+0000] {dag.py:3823} INFO - Setting next_dagrun for example_weekday_branch_operator to 2026-03-11 00:00:00+00:00, run_after=2026-03-12 00:00:00+00:00
[2026-03-12T02:39:21.361+0000] {processor.py:183} INFO - Processing /home/airflow/.local/lib/python3.8/site-packages/airflow/example_dags/example_branch_day_of_week_operator.py took 0.032 seconds
[2026-03-12T02:39:52.424+0000] {processor.py:161} INFO - Started process (PID=3756) to work on /home/airflow/.local/lib/python3.8/site-packages/airflow/example_dags/example_branch_day_of_week_operator.py
[2026-03-12T02:39:52.426+0000] {processor.py:830} INFO - Processing file /home/airflow/.local/lib/python3.8/site-packages/airflow/example_dags/example_branch_day_of_week_operator.py for tasks to queue
[2026-03-12T02:39:52.427+0000] {logging_mixin.py:188} INFO - [2026-03-12T02:39:52.427+0000] {dagbag.py:538} INFO - Filling up the DagBag from /home/airflow/.local/lib/python3.8/site-packages/airflow/example_dags/example_branch_day_of_week_operator.py
[2026-03-12T02:39:52.432+0000] {processor.py:840} INFO - DAG(s) 'example_weekday_branch_operator' retrieved from /home/airflow/.local/lib/python3.8/site-packages/airflow/example_dags/example_branch_day_of_week_operator.py
[2026-03-12T02:39:52.443+0000] {logging_mixin.py:188} INFO - [2026-03-12T02:39:52.442+0000] {dag.py:3036} INFO - Sync 1 DAGs
[2026-03-12T02:39:52.453+0000] {logging_mixin.py:188} INFO - [2026-03-12T02:39:52.453+0000] {dag.py:3823} INFO - Setting next_dagrun for example_weekday_branch_operator to 2026-03-11 00:00:00+00:00, run_after=2026-03-12 00:00:00+00:00
[2026-03-12T02:39:52.460+0000] {processor.py:183} INFO - Processing /home/airflow/.local/lib/python3.8/site-packages/airflow/example_dags/example_branch_day_of_week_operator.py took 0.038 seconds
[2026-03-12T02:40:23.598+0000] {processor.py:161} INFO - Started process (PID=3832) to work on /home/airflow/.local/lib/python3.8/site-packages/airflow/example_dags/example_branch_day_of_week_operator.py
[2026-03-12T02:40:23.600+0000] {processor.py:830} INFO - Processing file /home/airflow/.local/lib/python3.8/site-packages/airflow/example_dags/example_branch_day_of_week_operator.py for tasks to queue
[2026-03-12T02:40:23.601+0000] {logging_mixin.py:188} INFO - [2026-03-12T02:40:23.601+0000] {dagbag.py:538} INFO - Filling up the DagBag from /home/airflow/.local/lib/python3.8/site-packages/airflow/example_dags/example_branch_day_of_week_operator.py
[2026-03-12T02:40:23.604+0000] {processor.py:840} INFO - DAG(s) 'example_weekday_branch_operator' retrieved from /home/airflow/.local/lib/python3.8/site-packages/airflow/example_dags/example_branch_day_of_week_operator.py
[2026-03-12T02:40:23.618+0000] {logging_mixin.py:188} INFO - [2026-03-12T02:40:23.618+0000] {dag.py:3036} INFO - Sync 1 DAGs
[2026-03-12T02:40:23.630+0000] {logging_mixin.py:188} INFO - [2026-03-12T02:40:23.630+0000] {dag.py:3823} INFO - Setting next_dagrun for example_weekday_branch_operator to 2026-03-11 00:00:00+00:00, run_after=2026-03-12 00:00:00+00:00
[2026-03-12T02:40:23.636+0000] {processor.py:183} INFO - Processing /home/airflow/.local/lib/python3.8/site-packages/airflow/example_dags/example_branch_day_of_week_operator.py took 0.039 seconds
[2026-03-12T02:40:54.622+0000] {processor.py:161} INFO - Started process (PID=3908) to work on /home/airflow/.local/lib/python3.8/site-packages/airflow/example_dags/example_branch_day_of_week_operator.py
[2026-03-12T02:40:54.624+0000] {processor.py:830} INFO - Processing file /home/airflow/.local/lib/python3.8/site-packages/airflow/example_dags/example_branch_day_of_week_operator.py for tasks to queue
[2026-03-12T02:40:54.624+0000] {logging_mixin.py:188} INFO - [2026-03-12T02:40:54.624+0000] {dagbag.py:538} INFO - Filling up the DagBag from /home/airflow/.local/lib/python3.8/site-packages/airflow/example_dags/example_branch_day_of_week_operator.py
[2026-03-12T02:40:54.628+0000] {processor.py:840} INFO - DAG(s) 'example_weekday_branch_operator' retrieved from /home/airflow/.local/lib/python3.8/site-packages/airflow/example_dags/example_branch_day_of_week_operator.py
[2026-03-12T02:40:54.636+0000] {logging_mixin.py:188} INFO - [2026-03-12T02:40:54.636+0000] {dag.py:3036} INFO - Sync 1 DAGs
[2026-03-12T02:40:54.645+0000] {logging_mixin.py:188} INFO - [2026-03-12T02:40:54.645+0000] {dag.py:3823} INFO - Setting next_dagrun for example_weekday_branch_operator to 2026-03-11 00:00:00+00:00, run_after=2026-03-12 00:00:00+00:00
[2026-03-12T02:40:54.650+0000] {processor.py:183} INFO - Processing /home/airflow/.local/lib/python3.8/site-packages/airflow/example_dags/example_branch_day_of_week_operator.py took 0.030 seconds
[2026-03-12T02:41:25.424+0000] {processor.py:161} INFO - Started process (PID=3984) to work on /home/airflow/.local/lib/python3.8/site-packages/airflow/example_dags/example_branch_day_of_week_operator.py
[2026-03-12T02:41:25.425+0000] {processor.py:830} INFO - Processing file /home/airflow/.local/lib/python3.8/site-packages/airflow/example_dags/example_branch_day_of_week_operator.py for tasks to queue
[2026-03-12T02:41:25.426+0000] {logging_mixin.py:188} INFO - [2026-03-12T02:41:25.425+0000] {dagbag.py:538} INFO - Filling up the DagBag from /home/airflow/.local/lib/python3.8/site-packages/airflow/example_dags/example_branch_day_of_week_operator.py
[2026-03-12T02:41:25.430+0000] {processor.py:840} INFO - DAG(s) 'example_weekday_branch_operator' retrieved from /home/airflow/.local/lib/python3.8/site-packages/airflow/example_dags/example_branch_day_of_week_operator.py
[2026-03-12T02:41:25.440+0000] {logging_mixin.py:188} INFO - [2026-03-12T02:41:25.440+0000] {dag.py:3036} INFO - Sync 1 DAGs
[2026-03-12T02:41:25.449+0000] {logging_mixin.py:188} INFO - [2026-03-12T02:41:25.449+0000] {dag.py:3823} INFO - Setting next_dagrun for example_weekday_branch_operator to 2026-03-11 00:00:00+00:00, run_after=2026-03-12 00:00:00+00:00
[2026-03-12T02:41:25.459+0000] {processor.py:183} INFO - Processing /home/airflow/.local/lib/python3.8/site-packages/airflow/example_dags/example_branch_day_of_week_operator.py took 0.036 seconds
[2026-03-12T02:41:56.246+0000] {processor.py:161} INFO - Started process (PID=4060) to work on /home/airflow/.local/lib/python3.8/site-packages/airflow/example_dags/example_branch_day_of_week_operator.py
[2026-03-12T02:41:56.246+0000] {processor.py:830} INFO - Processing file /home/airflow/.local/lib/python3.8/site-packages/airflow/example_dags/example_branch_day_of_week_operator.py for tasks to queue
[2026-03-12T02:41:56.248+0000] {logging_mixin.py:188} INFO - [2026-03-12T02:41:56.248+0000] {dagbag.py:538} INFO - Filling up the DagBag from /home/airflow/.local/lib/python3.8/site-packages/airflow/example_dags/example_branch_day_of_week_operator.py
[2026-03-12T02:41:56.251+0000] {processor.py:840} INFO - DAG(s) 'example_weekday_branch_operator' retrieved from /home/airflow/.local/lib/python3.8/site-packages/airflow/example_dags/example_branch_day_of_week_operator.py
[2026-03-12T02:41:56.266+0000] {logging_mixin.py:188} INFO - [2026-03-12T02:41:56.266+0000] {dag.py:3036} INFO - Sync 1 DAGs
[2026-03-12T02:41:56.275+0000] {logging_mixin.py:188} INFO - [2026-03-12T02:41:56.275+0000] {dag.py:3823} INFO - Setting next_dagrun for example_weekday_branch_operator to 2026-03-11 00:00:00+00:00, run_after=2026-03-12 00:00:00+00:00
[2026-03-12T02:41:56.283+0000] {processor.py:183} INFO - Processing /home/airflow/.local/lib/python3.8/site-packages/airflow/example_dags/example_branch_day_of_week_operator.py took 0.039 seconds
[2026-03-12T02:42:27.177+0000] {processor.py:161} INFO - Started process (PID=4136) to work on /home/airflow/.local/lib/python3.8/site-packages/airflow/example_dags/example_branch_day_of_week_operator.py
[2026-03-12T02:42:27.178+0000] {processor.py:830} INFO - Processing file /home/airflow/.local/lib/python3.8/site-packages/airflow/example_dags/example_branch_day_of_week_operator.py for tasks to queue
[2026-03-12T02:42:27.179+0000] {logging_mixin.py:188} INFO - [2026-03-12T02:42:27.179+0000] {dagbag.py:538} INFO - Filling up the DagBag from /home/airflow/.local/lib/python3.8/site-packages/airflow/example_dags/example_branch_day_of_week_operator.py
[2026-03-12T02:42:27.183+0000] {processor.py:840} INFO - DAG(s) 'example_weekday_branch_operator' retrieved from /home/airflow/.local/lib/python3.8/site-packages/airflow/example_dags/example_branch_day_of_week_operator.py
[2026-03-12T02:42:27.191+0000] {logging_mixin.py:188} INFO - [2026-03-12T02:42:27.191+0000] {dag.py:3036} INFO - Sync 1 DAGs
[2026-03-12T02:42:27.199+0000] {logging_mixin.py:188} INFO - [2026-03-12T02:42:27.199+0000] {dag.py:3823} INFO - Setting next_dagrun for example_weekday_branch_operator to 2026-03-11 00:00:00+00:00, run_after=2026-03-12 00:00:00+00:00
[2026-03-12T02:42:27.271+0000] {processor.py:183} INFO - Processing /home/airflow/.local/lib/python3.8/site-packages/airflow/example_dags/example_branch_day_of_week_operator.py took 0.095 seconds
[2026-03-12T02:42:57.344+0000] {processor.py:161} INFO - Started process (PID=4212) to work on /home/airflow/.local/lib/python3.8/site-packages/airflow/example_dags/example_branch_day_of_week_operator.py
[2026-03-12T02:42:57.344+0000] {processor.py:830} INFO - Processing file /home/airflow/.local/lib/python3.8/site-packages/airflow/example_dags/example_branch_day_of_week_operator.py for tasks to queue
[2026-03-12T02:42:57.345+0000] {logging_mixin.py:188} INFO - [2026-03-12T02:42:57.345+0000] {dagbag.py:538} INFO - Filling up the DagBag from /home/airflow/.local/lib/python3.8/site-packages/airflow/example_dags/example_branch_day_of_week_operator.py
[2026-03-12T02:42:57.348+0000] {processor.py:840} INFO - DAG(s) 'example_weekday_branch_operator' retrieved from /home/airflow/.local/lib/python3.8/site-packages/airflow/example_dags/example_branch_day_of_week_operator.py
[2026-03-12T02:42:57.355+0000] {logging_mixin.py:188} INFO - [2026-03-12T02:42:57.355+0000] {dag.py:3036} INFO - Sync 1 DAGs
[2026-03-12T02:42:57.362+0000] {logging_mixin.py:188} INFO - [2026-03-12T02:42:57.362+0000] {dag.py:3823} INFO - Setting next_dagrun for example_weekday_branch_operator to 2026-03-11 00:00:00+00:00, run_after=2026-03-12 00:00:00+00:00
[2026-03-12T02:42:57.367+0000] {processor.py:183} INFO - Processing /home/airflow/.local/lib/python3.8/site-packages/airflow/example_dags/example_branch_day_of_week_operator.py took 0.025 seconds
[2026-03-12T02:43:27.767+0000] {processor.py:161} INFO - Started process (PID=4288) to work on /home/airflow/.local/lib/python3.8/site-packages/airflow/example_dags/example_branch_day_of_week_operator.py
[2026-03-12T02:43:27.768+0000] {processor.py:830} INFO - Processing file /home/airflow/.local/lib/python3.8/site-packages/airflow/example_dags/example_branch_day_of_week_operator.py for tasks to queue
[2026-03-12T02:43:27.769+0000] {logging_mixin.py:188} INFO - [2026-03-12T02:43:27.769+0000] {dagbag.py:538} INFO - Filling up the DagBag from /home/airflow/.local/lib/python3.8/site-packages/airflow/example_dags/example_branch_day_of_week_operator.py
[2026-03-12T02:43:27.773+0000] {processor.py:840} INFO - DAG(s) 'example_weekday_branch_operator' retrieved from /home/airflow/.local/lib/python3.8/site-packages/airflow/example_dags/example_branch_day_of_week_operator.py
[2026-03-12T02:43:27.781+0000] {logging_mixin.py:188} INFO - [2026-03-12T02:43:27.781+0000] {dag.py:3036} INFO - Sync 1 DAGs
[2026-03-12T02:43:27.788+0000] {logging_mixin.py:188} INFO - [2026-03-12T02:43:27.788+0000] {dag.py:3823} INFO - Setting next_dagrun for example_weekday_branch_operator to 2026-03-11 00:00:00+00:00, run_after=2026-03-12 00:00:00+00:00
[2026-03-12T02:43:27.793+0000] {processor.py:183} INFO - Processing /home/airflow/.local/lib/python3.8/site-packages/airflow/example_dags/example_branch_day_of_week_operator.py took 0.027 seconds
[2026-03-12T02:43:58.210+0000] {processor.py:161} INFO - Started process (PID=4364) to work on /home/airflow/.local/lib/python3.8/site-packages/airflow/example_dags/example_branch_day_of_week_operator.py
[2026-03-12T02:43:58.211+0000] {processor.py:830} INFO - Processing file /home/airflow/.local/lib/python3.8/site-packages/airflow/example_dags/example_branch_day_of_week_operator.py for tasks to queue
[2026-03-12T02:43:58.212+0000] {logging_mixin.py:188} INFO - [2026-03-12T02:43:58.211+0000] {dagbag.py:538} INFO - Filling up the DagBag from /home/airflow/.local/lib/python3.8/site-packages/airflow/example_dags/example_branch_day_of_week_operator.py
[2026-03-12T02:43:58.215+0000] {processor.py:840} INFO - DAG(s) 'example_weekday_branch_operator' retrieved from /home/airflow/.local/lib/python3.8/site-packages/airflow/example_dags/example_branch_day_of_week_operator.py
[2026-03-12T02:43:58.223+0000] {logging_mixin.py:188} INFO - [2026-03-12T02:43:58.223+0000] {dag.py:3036} INFO - Sync 1 DAGs
[2026-03-12T02:43:58.230+0000] {logging_mixin.py:188} INFO - [2026-03-12T02:43:58.230+0000] {dag.py:3823} INFO - Setting next_dagrun for example_weekday_branch_operator to 2026-03-11 00:00:00+00:00, run_after=2026-03-12 00:00:00+00:00
[2026-03-12T02:43:58.239+0000] {processor.py:183} INFO - Processing /home/airflow/.local/lib/python3.8/site-packages/airflow/example_dags/example_branch_day_of_week_operator.py took 0.031 seconds
[2026-03-12T02:44:28.571+0000] {processor.py:161} INFO - Started process (PID=4440) to work on /home/airflow/.local/lib/python3.8/site-packages/airflow/example_dags/example_branch_day_of_week_operator.py
[2026-03-12T02:44:28.572+0000] {processor.py:830} INFO - Processing file /home/airflow/.local/lib/python3.8/site-packages/airflow/example_dags/example_branch_day_of_week_operator.py for tasks to queue
[2026-03-12T02:44:28.573+0000] {logging_mixin.py:188} INFO - [2026-03-12T02:44:28.573+0000] {dagbag.py:538} INFO - Filling up the DagBag from /home/airflow/.local/lib/python3.8/site-packages/airflow/example_dags/example_branch_day_of_week_operator.py
[2026-03-12T02:44:28.576+0000] {processor.py:840} INFO - DAG(s) 'example_weekday_branch_operator' retrieved from /home/airflow/.local/lib/python3.8/site-packages/airflow/example_dags/example_branch_day_of_week_operator.py
[2026-03-12T02:44:28.583+0000] {logging_mixin.py:188} INFO - [2026-03-12T02:44:28.582+0000] {dag.py:3036} INFO - Sync 1 DAGs
[2026-03-12T02:44:28.590+0000] {logging_mixin.py:188} INFO - [2026-03-12T02:44:28.589+0000] {dag.py:3823} INFO - Setting next_dagrun for example_weekday_branch_operator to 2026-03-11 00:00:00+00:00, run_after=2026-03-12 00:00:00+00:00
[2026-03-12T02:44:28.595+0000] {processor.py:183} INFO - Processing /home/airflow/.local/lib/python3.8/site-packages/airflow/example_dags/example_branch_day_of_week_operator.py took 0.025 seconds
[2026-03-12T02:44:59.029+0000] {processor.py:161} INFO - Started process (PID=4516) to work on /home/airflow/.local/lib/python3.8/site-packages/airflow/example_dags/example_branch_day_of_week_operator.py
[2026-03-12T02:44:59.029+0000] {processor.py:830} INFO - Processing file /home/airflow/.local/lib/python3.8/site-packages/airflow/example_dags/example_branch_day_of_week_operator.py for tasks to queue
[2026-03-12T02:44:59.031+0000] {logging_mixin.py:188} INFO - [2026-03-12T02:44:59.030+0000] {dagbag.py:538} INFO - Filling up the DagBag from /home/airflow/.local/lib/python3.8/site-packages/airflow/example_dags/example_branch_day_of_week_operator.py
[2026-03-12T02:44:59.035+0000] {processor.py:840} INFO - DAG(s) 'example_weekday_branch_operator' retrieved from /home/airflow/.local/lib/python3.8/site-packages/airflow/example_dags/example_branch_day_of_week_operator.py
[2026-03-12T02:44:59.043+0000] {logging_mixin.py:188} INFO - [2026-03-12T02:44:59.043+0000] {dag.py:3036} INFO - Sync 1 DAGs
[2026-03-12T02:44:59.050+0000] {logging_mixin.py:188} INFO - [2026-03-12T02:44:59.050+0000] {dag.py:3823} INFO - Setting next_dagrun for example_weekday_branch_operator to 2026-03-11 00:00:00+00:00, run_after=2026-03-12 00:00:00+00:00
[2026-03-12T02:44:59.055+0000] {processor.py:183} INFO - Processing /home/airflow/.local/lib/python3.8/site-packages/airflow/example_dags/example_branch_day_of_week_operator.py took 0.028 seconds
[2026-03-12T02:45:29.384+0000] {processor.py:161} INFO - Started process (PID=4592) to work on /home/airflow/.local/lib/python3.8/site-packages/airflow/example_dags/example_branch_day_of_week_operator.py
[2026-03-12T02:45:29.385+0000] {processor.py:830} INFO - Processing file /home/airflow/.local/lib/python3.8/site-packages/airflow/example_dags/example_branch_day_of_week_operator.py for tasks to queue
[2026-03-12T02:45:29.387+0000] {logging_mixin.py:188} INFO - [2026-03-12T02:45:29.387+0000] {dagbag.py:538} INFO - Filling up the DagBag from /home/airflow/.local/lib/python3.8/site-packages/airflow/example_dags/example_branch_day_of_week_operator.py
[2026-03-12T02:45:29.392+0000] {processor.py:840} INFO - DAG(s) 'example_weekday_branch_operator' retrieved from /home/airflow/.local/lib/python3.8/site-packages/airflow/example_dags/example_branch_day_of_week_operator.py
[2026-03-12T02:45:29.403+0000] {logging_mixin.py:188} INFO - [2026-03-12T02:45:29.403+0000] {dag.py:3036} INFO - Sync 1 DAGs
[2026-03-12T02:45:29.410+0000] {logging_mixin.py:188} INFO - [2026-03-12T02:45:29.410+0000] {dag.py:3823} INFO - Setting next_dagrun for example_weekday_branch_operator to 2026-03-11 00:00:00+00:00, run_after=2026-03-12 00:00:00+00:00
[2026-03-12T02:45:29.418+0000] {processor.py:183} INFO - Processing /home/airflow/.local/lib/python3.8/site-packages/airflow/example_dags/example_branch_day_of_week_operator.py took 0.035 seconds
[2026-03-12T02:45:59.928+0000] {processor.py:161} INFO - Started process (PID=4668) to work on /home/airflow/.local/lib/python3.8/site-packages/airflow/example_dags/example_branch_day_of_week_operator.py
[2026-03-12T02:45:59.929+0000] {processor.py:830} INFO - Processing file /home/airflow/.local/lib/python3.8/site-packages/airflow/example_dags/example_branch_day_of_week_operator.py for tasks to queue
[2026-03-12T02:45:59.930+0000] {logging_mixin.py:188} INFO - [2026-03-12T02:45:59.930+0000] {dagbag.py:538} INFO - Filling up the DagBag from /home/airflow/.local/lib/python3.8/site-packages/airflow/example_dags/example_branch_day_of_week_operator.py
[2026-03-12T02:45:59.934+0000] {processor.py:840} INFO - DAG(s) 'example_weekday_branch_operator' retrieved from /home/airflow/.local/lib/python3.8/site-packages/airflow/example_dags/example_branch_day_of_week_operator.py
[2026-03-12T02:45:59.944+0000] {logging_mixin.py:188} INFO - [2026-03-12T02:45:59.944+0000] {dag.py:3036} INFO - Sync 1 DAGs
[2026-03-12T02:45:59.952+0000] {logging_mixin.py:188} INFO - [2026-03-12T02:45:59.952+0000] {dag.py:3823} INFO - Setting next_dagrun for example_weekday_branch_operator to 2026-03-11 00:00:00+00:00, run_after=2026-03-12 00:00:00+00:00
[2026-03-12T02:45:59.957+0000] {processor.py:183} INFO - Processing /home/airflow/.local/lib/python3.8/site-packages/airflow/example_dags/example_branch_day_of_week_operator.py took 0.030 seconds
[2026-03-12T02:46:30.543+0000] {processor.py:161} INFO - Started process (PID=4744) to work on /home/airflow/.local/lib/python3.8/site-packages/airflow/example_dags/example_branch_day_of_week_operator.py
[2026-03-12T02:46:30.543+0000] {processor.py:830} INFO - Processing file /home/airflow/.local/lib/python3.8/site-packages/airflow/example_dags/example_branch_day_of_week_operator.py for tasks to queue
[2026-03-12T02:46:30.545+0000] {logging_mixin.py:188} INFO - [2026-03-12T02:46:30.545+0000] {dagbag.py:538} INFO - Filling up the DagBag from /home/airflow/.local/lib/python3.8/site-packages/airflow/example_dags/example_branch_day_of_week_operator.py
[2026-03-12T02:46:30.549+0000] {processor.py:840} INFO - DAG(s) 'example_weekday_branch_operator' retrieved from /home/airflow/.local/lib/python3.8/site-packages/airflow/example_dags/example_branch_day_of_week_operator.py
[2026-03-12T02:46:30.560+0000] {logging_mixin.py:188} INFO - [2026-03-12T02:46:30.559+0000] {dag.py:3036} INFO - Sync 1 DAGs
[2026-03-12T02:46:30.567+0000] {logging_mixin.py:188} INFO - [2026-03-12T02:46:30.566+0000] {dag.py:3823} INFO - Setting next_dagrun for example_weekday_branch_operator to 2026-03-11 00:00:00+00:00, run_after=2026-03-12 00:00:00+00:00
[2026-03-12T02:46:30.572+0000] {processor.py:183} INFO - Processing /home/airflow/.local/lib/python3.8/site-packages/airflow/example_dags/example_branch_day_of_week_operator.py took 0.030 seconds
[2026-03-12T02:47:01.324+0000] {processor.py:161} INFO - Started process (PID=4820) to work on /home/airflow/.local/lib/python3.8/site-packages/airflow/example_dags/example_branch_day_of_week_operator.py
[2026-03-12T02:47:01.325+0000] {processor.py:830} INFO - Processing file /home/airflow/.local/lib/python3.8/site-packages/airflow/example_dags/example_branch_day_of_week_operator.py for tasks to queue
[2026-03-12T02:47:01.326+0000] {logging_mixin.py:188} INFO - [2026-03-12T02:47:01.326+0000] {dagbag.py:538} INFO - Filling up the DagBag from /home/airflow/.local/lib/python3.8/site-packages/airflow/example_dags/example_branch_day_of_week_operator.py
[2026-03-12T02:47:01.331+0000] {processor.py:840} INFO - DAG(s) 'example_weekday_branch_operator' retrieved from /home/airflow/.local/lib/python3.8/site-packages/airflow/example_dags/example_branch_day_of_week_operator.py
[2026-03-12T02:47:01.344+0000] {logging_mixin.py:188} INFO - [2026-03-12T02:47:01.344+0000] {dag.py:3036} INFO - Sync 1 DAGs
[2026-03-12T02:47:01.353+0000] {logging_mixin.py:188} INFO - [2026-03-12T02:47:01.353+0000] {dag.py:3823} INFO - Setting next_dagrun for example_weekday_branch_operator to 2026-03-11 00:00:00+00:00, run_after=2026-03-12 00:00:00+00:00
[2026-03-12T02:47:01.359+0000] {processor.py:183} INFO - Processing /home/airflow/.local/lib/python3.8/site-packages/airflow/example_dags/example_branch_day_of_week_operator.py took 0.036 seconds
[2026-03-12T02:47:32.068+0000] {processor.py:161} INFO - Started process (PID=4896) to work on /home/airflow/.local/lib/python3.8/site-packages/airflow/example_dags/example_branch_day_of_week_operator.py
[2026-03-12T02:47:32.070+0000] {processor.py:830} INFO - Processing file /home/airflow/.local/lib/python3.8/site-packages/airflow/example_dags/example_branch_day_of_week_operator.py for tasks to queue
[2026-03-12T02:47:32.071+0000] {logging_mixin.py:188} INFO - [2026-03-12T02:47:32.071+0000] {dagbag.py:538} INFO - Filling up the DagBag from /home/airflow/.local/lib/python3.8/site-packages/airflow/example_dags/example_branch_day_of_week_operator.py
[2026-03-12T02:47:32.074+0000] {processor.py:840} INFO - DAG(s) 'example_weekday_branch_operator' retrieved from /home/airflow/.local/lib/python3.8/site-packages/airflow/example_dags/example_branch_day_of_week_operator.py
[2026-03-12T02:47:32.081+0000] {logging_mixin.py:188} INFO - [2026-03-12T02:47:32.081+0000] {dag.py:3036} INFO - Sync 1 DAGs
[2026-03-12T02:47:32.088+0000] {logging_mixin.py:188} INFO - [2026-03-12T02:47:32.088+0000] {dag.py:3823} INFO - Setting next_dagrun for example_weekday_branch_operator to 2026-03-11 00:00:00+00:00, run_after=2026-03-12 00:00:00+00:00
[2026-03-12T02:47:32.093+0000] {processor.py:183} INFO - Processing /home/airflow/.local/lib/python3.8/site-packages/airflow/example_dags/example_branch_day_of_week_operator.py took 0.026 seconds
[2026-03-12T02:48:02.494+0000] {processor.py:161} INFO - Started process (PID=4972) to work on /home/airflow/.local/lib/python3.8/site-packages/airflow/example_dags/example_branch_day_of_week_operator.py
[2026-03-12T02:48:02.495+0000] {processor.py:830} INFO - Processing file /home/airflow/.local/lib/python3.8/site-packages/airflow/example_dags/example_branch_day_of_week_operator.py for tasks to queue
[2026-03-12T02:48:02.496+0000] {logging_mixin.py:188} INFO - [2026-03-12T02:48:02.495+0000] {dagbag.py:538} INFO - Filling up the DagBag from /home/airflow/.local/lib/python3.8/site-packages/airflow/example_dags/example_branch_day_of_week_operator.py
[2026-03-12T02:48:02.499+0000] {processor.py:840} INFO - DAG(s) 'example_weekday_branch_operator' retrieved from /home/airflow/.local/lib/python3.8/site-packages/airflow/example_dags/example_branch_day_of_week_operator.py
[2026-03-12T02:48:02.506+0000] {logging_mixin.py:188} INFO - [2026-03-12T02:48:02.506+0000] {dag.py:3036} INFO - Sync 1 DAGs
[2026-03-12T02:48:02.513+0000] {logging_mixin.py:188} INFO - [2026-03-12T02:48:02.513+0000] {dag.py:3823} INFO - Setting next_dagrun for example_weekday_branch_operator to 2026-03-11 00:00:00+00:00, run_after=2026-03-12 00:00:00+00:00
[2026-03-12T02:48:02.518+0000] {processor.py:183} INFO - Processing /home/airflow/.local/lib/python3.8/site-packages/airflow/example_dags/example_branch_day_of_week_operator.py took 0.025 seconds
[2026-03-12T02:48:33.599+0000] {processor.py:161} INFO - Started process (PID=5048) to work on /home/airflow/.local/lib/python3.8/site-packages/airflow/example_dags/example_branch_day_of_week_operator.py
[2026-03-12T02:48:33.599+0000] {processor.py:830} INFO - Processing file /home/airflow/.local/lib/python3.8/site-packages/airflow/example_dags/example_branch_day_of_week_operator.py for tasks to queue
[2026-03-12T02:48:33.600+0000] {logging_mixin.py:188} INFO - [2026-03-12T02:48:33.600+0000] {dagbag.py:538} INFO - Filling up the DagBag from /home/airflow/.local/lib/python3.8/site-packages/airflow/example_dags/example_branch_day_of_week_operator.py
[2026-03-12T02:48:33.604+0000] {processor.py:840} INFO - DAG(s) 'example_weekday_branch_operator' retrieved from /home/airflow/.local/lib/python3.8/site-packages/airflow/example_dags/example_branch_day_of_week_operator.py
[2026-03-12T02:48:33.612+0000] {logging_mixin.py:188} INFO - [2026-03-12T02:48:33.612+0000] {dag.py:3036} INFO - Sync 1 DAGs
[2026-03-12T02:48:33.619+0000] {logging_mixin.py:188} INFO - [2026-03-12T02:48:33.619+0000] {dag.py:3823} INFO - Setting next_dagrun for example_weekday_branch_operator to 2026-03-11 00:00:00+00:00, run_after=2026-03-12 00:00:00+00:00
[2026-03-12T02:48:33.624+0000] {processor.py:183} INFO - Processing /home/airflow/.local/lib/python3.8/site-packages/airflow/example_dags/example_branch_day_of_week_operator.py took 0.027 seconds
[2026-03-12T02:49:05.019+0000] {processor.py:161} INFO - Started process (PID=5124) to work on /home/airflow/.local/lib/python3.8/site-packages/airflow/example_dags/example_branch_day_of_week_operator.py
[2026-03-12T02:49:05.020+0000] {processor.py:830} INFO - Processing file /home/airflow/.local/lib/python3.8/site-packages/airflow/example_dags/example_branch_day_of_week_operator.py for tasks to queue
[2026-03-12T02:49:05.022+0000] {logging_mixin.py:188} INFO - [2026-03-12T02:49:05.022+0000] {dagbag.py:538} INFO - Filling up the DagBag from /home/airflow/.local/lib/python3.8/site-packages/airflow/example_dags/example_branch_day_of_week_operator.py
[2026-03-12T02:49:05.031+0000] {processor.py:840} INFO - DAG(s) 'example_weekday_branch_operator' retrieved from /home/airflow/.local/lib/python3.8/site-packages/airflow/example_dags/example_branch_day_of_week_operator.py
[2026-03-12T02:49:05.046+0000] {logging_mixin.py:188} INFO - [2026-03-12T02:49:05.046+0000] {dag.py:3036} INFO - Sync 1 DAGs
[2026-03-12T02:49:05.058+0000] {logging_mixin.py:188} INFO - [2026-03-12T02:49:05.058+0000] {dag.py:3823} INFO - Setting next_dagrun for example_weekday_branch_operator to 2026-03-11 00:00:00+00:00, run_after=2026-03-12 00:00:00+00:00
[2026-03-12T02:49:05.070+0000] {processor.py:183} INFO - Processing /home/airflow/.local/lib/python3.8/site-packages/airflow/example_dags/example_branch_day_of_week_operator.py took 0.054 seconds
[2026-03-12T02:49:35.396+0000] {processor.py:161} INFO - Started process (PID=5200) to work on /home/airflow/.local/lib/python3.8/site-packages/airflow/example_dags/example_branch_day_of_week_operator.py
[2026-03-12T02:49:35.397+0000] {processor.py:830} INFO - Processing file /home/airflow/.local/lib/python3.8/site-packages/airflow/example_dags/example_branch_day_of_week_operator.py for tasks to queue
[2026-03-12T02:49:35.398+0000] {logging_mixin.py:188} INFO - [2026-03-12T02:49:35.398+0000] {dagbag.py:538} INFO - Filling up the DagBag from /home/airflow/.local/lib/python3.8/site-packages/airflow/example_dags/example_branch_day_of_week_operator.py
[2026-03-12T02:49:35.404+0000] {processor.py:840} INFO - DAG(s) 'example_weekday_branch_operator' retrieved from /home/airflow/.local/lib/python3.8/site-packages/airflow/example_dags/example_branch_day_of_week_operator.py
[2026-03-12T02:49:35.413+0000] {logging_mixin.py:188} INFO - [2026-03-12T02:49:35.413+0000] {dag.py:3036} INFO - Sync 1 DAGs
[2026-03-12T02:49:35.425+0000] {logging_mixin.py:188} INFO - [2026-03-12T02:49:35.425+0000] {dag.py:3823} INFO - Setting next_dagrun for example_weekday_branch_operator to 2026-03-11 00:00:00+00:00, run_after=2026-03-12 00:00:00+00:00
[2026-03-12T02:49:35.435+0000] {processor.py:183} INFO - Processing /home/airflow/.local/lib/python3.8/site-packages/airflow/example_dags/example_branch_day_of_week_operator.py took 0.040 seconds
