[2026-03-12T02:15:11.093+0000] {processor.py:161} INFO - Started process (PID=115) to work on /home/airflow/.local/lib/python3.8/site-packages/airflow/example_dags/example_task_group.py
[2026-03-12T02:15:11.095+0000] {processor.py:830} INFO - Processing file /home/airflow/.local/lib/python3.8/site-packages/airflow/example_dags/example_task_group.py for tasks to queue
[2026-03-12T02:15:11.096+0000] {logging_mixin.py:188} INFO - [2026-03-12T02:15:11.096+0000] {dagbag.py:538} INFO - Filling up the DagBag from /home/airflow/.local/lib/python3.8/site-packages/airflow/example_dags/example_task_group.py
[2026-03-12T02:15:11.101+0000] {processor.py:840} INFO - DAG(s) 'example_task_group' retrieved from /home/airflow/.local/lib/python3.8/site-packages/airflow/example_dags/example_task_group.py
[2026-03-12T02:15:11.105+0000] {logging_mixin.py:188} INFO - [2026-03-12T02:15:11.105+0000] {dag.py:3036} INFO - Sync 1 DAGs
[2026-03-12T02:15:11.116+0000] {logging_mixin.py:188} INFO - [2026-03-12T02:15:11.115+0000] {dag.py:3823} INFO - Setting next_dagrun for example_task_group to 2026-03-11 00:00:00+00:00, run_after=2026-03-12 00:00:00+00:00
[2026-03-12T02:15:11.123+0000] {processor.py:183} INFO - Processing /home/airflow/.local/lib/python3.8/site-packages/airflow/example_dags/example_task_group.py took 0.031 seconds
[2026-03-12T02:15:43.264+0000] {processor.py:161} INFO - Started process (PID=191) to work on /home/airflow/.local/lib/python3.8/site-packages/airflow/example_dags/example_task_group.py
[2026-03-12T02:15:43.264+0000] {processor.py:830} INFO - Processing file /home/airflow/.local/lib/python3.8/site-packages/airflow/example_dags/example_task_group.py for tasks to queue
[2026-03-12T02:15:43.266+0000] {logging_mixin.py:188} INFO - [2026-03-12T02:15:43.266+0000] {dagbag.py:538} INFO - Filling up the DagBag from /home/airflow/.local/lib/python3.8/site-packages/airflow/example_dags/example_task_group.py
[2026-03-12T02:15:43.269+0000] {processor.py:840} INFO - DAG(s) 'example_task_group' retrieved from /home/airflow/.local/lib/python3.8/site-packages/airflow/example_dags/example_task_group.py
[2026-03-12T02:15:43.410+0000] {logging_mixin.py:188} INFO - [2026-03-12T02:15:43.410+0000] {dag.py:3036} INFO - Sync 1 DAGs
[2026-03-12T02:15:43.418+0000] {logging_mixin.py:188} INFO - [2026-03-12T02:15:43.418+0000] {dag.py:3823} INFO - Setting next_dagrun for example_task_group to 2026-03-11 00:00:00+00:00, run_after=2026-03-12 00:00:00+00:00
[2026-03-12T02:15:43.430+0000] {processor.py:183} INFO - Processing /home/airflow/.local/lib/python3.8/site-packages/airflow/example_dags/example_task_group.py took 0.168 seconds
[2026-03-12T02:16:14.375+0000] {processor.py:161} INFO - Started process (PID=267) to work on /home/airflow/.local/lib/python3.8/site-packages/airflow/example_dags/example_task_group.py
[2026-03-12T02:16:14.375+0000] {processor.py:830} INFO - Processing file /home/airflow/.local/lib/python3.8/site-packages/airflow/example_dags/example_task_group.py for tasks to queue
[2026-03-12T02:16:14.380+0000] {logging_mixin.py:188} INFO - [2026-03-12T02:16:14.379+0000] {dagbag.py:538} INFO - Filling up the DagBag from /home/airflow/.local/lib/python3.8/site-packages/airflow/example_dags/example_task_group.py
[2026-03-12T02:16:14.382+0000] {processor.py:840} INFO - DAG(s) 'example_task_group' retrieved from /home/airflow/.local/lib/python3.8/site-packages/airflow/example_dags/example_task_group.py
[2026-03-12T02:16:14.396+0000] {logging_mixin.py:188} INFO - [2026-03-12T02:16:14.396+0000] {dag.py:3036} INFO - Sync 1 DAGs
[2026-03-12T02:16:14.408+0000] {logging_mixin.py:188} INFO - [2026-03-12T02:16:14.408+0000] {dag.py:3823} INFO - Setting next_dagrun for example_task_group to 2026-03-11 00:00:00+00:00, run_after=2026-03-12 00:00:00+00:00
[2026-03-12T02:16:14.418+0000] {processor.py:183} INFO - Processing /home/airflow/.local/lib/python3.8/site-packages/airflow/example_dags/example_task_group.py took 0.044 seconds
[2026-03-12T02:16:45.352+0000] {processor.py:161} INFO - Started process (PID=343) to work on /home/airflow/.local/lib/python3.8/site-packages/airflow/example_dags/example_task_group.py
[2026-03-12T02:16:45.354+0000] {processor.py:830} INFO - Processing file /home/airflow/.local/lib/python3.8/site-packages/airflow/example_dags/example_task_group.py for tasks to queue
[2026-03-12T02:16:45.356+0000] {logging_mixin.py:188} INFO - [2026-03-12T02:16:45.356+0000] {dagbag.py:538} INFO - Filling up the DagBag from /home/airflow/.local/lib/python3.8/site-packages/airflow/example_dags/example_task_group.py
[2026-03-12T02:16:45.358+0000] {processor.py:840} INFO - DAG(s) 'example_task_group' retrieved from /home/airflow/.local/lib/python3.8/site-packages/airflow/example_dags/example_task_group.py
[2026-03-12T02:16:45.373+0000] {logging_mixin.py:188} INFO - [2026-03-12T02:16:45.373+0000] {dag.py:3036} INFO - Sync 1 DAGs
[2026-03-12T02:16:45.385+0000] {logging_mixin.py:188} INFO - [2026-03-12T02:16:45.385+0000] {dag.py:3823} INFO - Setting next_dagrun for example_task_group to 2026-03-11 00:00:00+00:00, run_after=2026-03-12 00:00:00+00:00
[2026-03-12T02:16:45.396+0000] {processor.py:183} INFO - Processing /home/airflow/.local/lib/python3.8/site-packages/airflow/example_dags/example_task_group.py took 0.045 seconds
[2026-03-12T02:17:16.363+0000] {processor.py:161} INFO - Started process (PID=419) to work on /home/airflow/.local/lib/python3.8/site-packages/airflow/example_dags/example_task_group.py
[2026-03-12T02:17:16.367+0000] {processor.py:830} INFO - Processing file /home/airflow/.local/lib/python3.8/site-packages/airflow/example_dags/example_task_group.py for tasks to queue
[2026-03-12T02:17:16.371+0000] {logging_mixin.py:188} INFO - [2026-03-12T02:17:16.371+0000] {dagbag.py:538} INFO - Filling up the DagBag from /home/airflow/.local/lib/python3.8/site-packages/airflow/example_dags/example_task_group.py
[2026-03-12T02:17:16.386+0000] {processor.py:840} INFO - DAG(s) 'example_task_group' retrieved from /home/airflow/.local/lib/python3.8/site-packages/airflow/example_dags/example_task_group.py
[2026-03-12T02:17:16.420+0000] {logging_mixin.py:188} INFO - [2026-03-12T02:17:16.420+0000] {dag.py:3036} INFO - Sync 1 DAGs
[2026-03-12T02:17:16.446+0000] {logging_mixin.py:188} INFO - [2026-03-12T02:17:16.445+0000] {dag.py:3823} INFO - Setting next_dagrun for example_task_group to 2026-03-11 00:00:00+00:00, run_after=2026-03-12 00:00:00+00:00
[2026-03-12T02:17:16.466+0000] {processor.py:183} INFO - Processing /home/airflow/.local/lib/python3.8/site-packages/airflow/example_dags/example_task_group.py took 0.107 seconds
[2026-03-12T02:17:46.722+0000] {processor.py:161} INFO - Started process (PID=495) to work on /home/airflow/.local/lib/python3.8/site-packages/airflow/example_dags/example_task_group.py
[2026-03-12T02:17:46.724+0000] {processor.py:830} INFO - Processing file /home/airflow/.local/lib/python3.8/site-packages/airflow/example_dags/example_task_group.py for tasks to queue
[2026-03-12T02:17:46.727+0000] {logging_mixin.py:188} INFO - [2026-03-12T02:17:46.727+0000] {dagbag.py:538} INFO - Filling up the DagBag from /home/airflow/.local/lib/python3.8/site-packages/airflow/example_dags/example_task_group.py
[2026-03-12T02:17:46.734+0000] {processor.py:840} INFO - DAG(s) 'example_task_group' retrieved from /home/airflow/.local/lib/python3.8/site-packages/airflow/example_dags/example_task_group.py
[2026-03-12T02:17:46.748+0000] {logging_mixin.py:188} INFO - [2026-03-12T02:17:46.747+0000] {dag.py:3036} INFO - Sync 1 DAGs
[2026-03-12T02:17:46.760+0000] {logging_mixin.py:188} INFO - [2026-03-12T02:17:46.760+0000] {dag.py:3823} INFO - Setting next_dagrun for example_task_group to 2026-03-11 00:00:00+00:00, run_after=2026-03-12 00:00:00+00:00
[2026-03-12T02:17:46.769+0000] {processor.py:183} INFO - Processing /home/airflow/.local/lib/python3.8/site-packages/airflow/example_dags/example_task_group.py took 0.051 seconds
[2026-03-12T02:18:17.503+0000] {processor.py:161} INFO - Started process (PID=571) to work on /home/airflow/.local/lib/python3.8/site-packages/airflow/example_dags/example_task_group.py
[2026-03-12T02:18:17.506+0000] {processor.py:830} INFO - Processing file /home/airflow/.local/lib/python3.8/site-packages/airflow/example_dags/example_task_group.py for tasks to queue
[2026-03-12T02:18:17.507+0000] {logging_mixin.py:188} INFO - [2026-03-12T02:18:17.507+0000] {dagbag.py:538} INFO - Filling up the DagBag from /home/airflow/.local/lib/python3.8/site-packages/airflow/example_dags/example_task_group.py
[2026-03-12T02:18:17.510+0000] {processor.py:840} INFO - DAG(s) 'example_task_group' retrieved from /home/airflow/.local/lib/python3.8/site-packages/airflow/example_dags/example_task_group.py
[2026-03-12T02:18:17.526+0000] {logging_mixin.py:188} INFO - [2026-03-12T02:18:17.526+0000] {dag.py:3036} INFO - Sync 1 DAGs
[2026-03-12T02:18:17.537+0000] {logging_mixin.py:188} INFO - [2026-03-12T02:18:17.537+0000] {dag.py:3823} INFO - Setting next_dagrun for example_task_group to 2026-03-11 00:00:00+00:00, run_after=2026-03-12 00:00:00+00:00
[2026-03-12T02:18:17.545+0000] {processor.py:183} INFO - Processing /home/airflow/.local/lib/python3.8/site-packages/airflow/example_dags/example_task_group.py took 0.044 seconds
[2026-03-12T02:18:48.451+0000] {processor.py:161} INFO - Started process (PID=647) to work on /home/airflow/.local/lib/python3.8/site-packages/airflow/example_dags/example_task_group.py
[2026-03-12T02:18:48.452+0000] {processor.py:830} INFO - Processing file /home/airflow/.local/lib/python3.8/site-packages/airflow/example_dags/example_task_group.py for tasks to queue
[2026-03-12T02:18:48.453+0000] {logging_mixin.py:188} INFO - [2026-03-12T02:18:48.453+0000] {dagbag.py:538} INFO - Filling up the DagBag from /home/airflow/.local/lib/python3.8/site-packages/airflow/example_dags/example_task_group.py
[2026-03-12T02:18:48.459+0000] {processor.py:840} INFO - DAG(s) 'example_task_group' retrieved from /home/airflow/.local/lib/python3.8/site-packages/airflow/example_dags/example_task_group.py
[2026-03-12T02:18:48.483+0000] {logging_mixin.py:188} INFO - [2026-03-12T02:18:48.483+0000] {dag.py:3036} INFO - Sync 1 DAGs
[2026-03-12T02:18:48.498+0000] {logging_mixin.py:188} INFO - [2026-03-12T02:18:48.498+0000] {dag.py:3823} INFO - Setting next_dagrun for example_task_group to 2026-03-11 00:00:00+00:00, run_after=2026-03-12 00:00:00+00:00
[2026-03-12T02:18:48.515+0000] {processor.py:183} INFO - Processing /home/airflow/.local/lib/python3.8/site-packages/airflow/example_dags/example_task_group.py took 0.066 seconds
[2026-03-12T02:19:18.578+0000] {processor.py:161} INFO - Started process (PID=723) to work on /home/airflow/.local/lib/python3.8/site-packages/airflow/example_dags/example_task_group.py
[2026-03-12T02:19:18.579+0000] {processor.py:830} INFO - Processing file /home/airflow/.local/lib/python3.8/site-packages/airflow/example_dags/example_task_group.py for tasks to queue
[2026-03-12T02:19:18.580+0000] {logging_mixin.py:188} INFO - [2026-03-12T02:19:18.580+0000] {dagbag.py:538} INFO - Filling up the DagBag from /home/airflow/.local/lib/python3.8/site-packages/airflow/example_dags/example_task_group.py
[2026-03-12T02:19:18.585+0000] {processor.py:840} INFO - DAG(s) 'example_task_group' retrieved from /home/airflow/.local/lib/python3.8/site-packages/airflow/example_dags/example_task_group.py
[2026-03-12T02:19:18.601+0000] {logging_mixin.py:188} INFO - [2026-03-12T02:19:18.601+0000] {dag.py:3036} INFO - Sync 1 DAGs
[2026-03-12T02:19:18.611+0000] {logging_mixin.py:188} INFO - [2026-03-12T02:19:18.611+0000] {dag.py:3823} INFO - Setting next_dagrun for example_task_group to 2026-03-11 00:00:00+00:00, run_after=2026-03-12 00:00:00+00:00
[2026-03-12T02:19:18.623+0000] {processor.py:183} INFO - Processing /home/airflow/.local/lib/python3.8/site-packages/airflow/example_dags/example_task_group.py took 0.048 seconds
[2026-03-12T02:19:49.599+0000] {processor.py:161} INFO - Started process (PID=799) to work on /home/airflow/.local/lib/python3.8/site-packages/airflow/example_dags/example_task_group.py
[2026-03-12T02:19:49.600+0000] {processor.py:830} INFO - Processing file /home/airflow/.local/lib/python3.8/site-packages/airflow/example_dags/example_task_group.py for tasks to queue
[2026-03-12T02:19:49.601+0000] {logging_mixin.py:188} INFO - [2026-03-12T02:19:49.601+0000] {dagbag.py:538} INFO - Filling up the DagBag from /home/airflow/.local/lib/python3.8/site-packages/airflow/example_dags/example_task_group.py
[2026-03-12T02:19:49.606+0000] {processor.py:840} INFO - DAG(s) 'example_task_group' retrieved from /home/airflow/.local/lib/python3.8/site-packages/airflow/example_dags/example_task_group.py
[2026-03-12T02:19:49.617+0000] {logging_mixin.py:188} INFO - [2026-03-12T02:19:49.616+0000] {dag.py:3036} INFO - Sync 1 DAGs
[2026-03-12T02:19:49.626+0000] {logging_mixin.py:188} INFO - [2026-03-12T02:19:49.626+0000] {dag.py:3823} INFO - Setting next_dagrun for example_task_group to 2026-03-11 00:00:00+00:00, run_after=2026-03-12 00:00:00+00:00
[2026-03-12T02:19:49.633+0000] {processor.py:183} INFO - Processing /home/airflow/.local/lib/python3.8/site-packages/airflow/example_dags/example_task_group.py took 0.037 seconds
[2026-03-12T02:20:20.569+0000] {processor.py:161} INFO - Started process (PID=875) to work on /home/airflow/.local/lib/python3.8/site-packages/airflow/example_dags/example_task_group.py
[2026-03-12T02:20:20.571+0000] {processor.py:830} INFO - Processing file /home/airflow/.local/lib/python3.8/site-packages/airflow/example_dags/example_task_group.py for tasks to queue
[2026-03-12T02:20:20.572+0000] {logging_mixin.py:188} INFO - [2026-03-12T02:20:20.572+0000] {dagbag.py:538} INFO - Filling up the DagBag from /home/airflow/.local/lib/python3.8/site-packages/airflow/example_dags/example_task_group.py
[2026-03-12T02:20:20.578+0000] {processor.py:840} INFO - DAG(s) 'example_task_group' retrieved from /home/airflow/.local/lib/python3.8/site-packages/airflow/example_dags/example_task_group.py
[2026-03-12T02:20:20.588+0000] {logging_mixin.py:188} INFO - [2026-03-12T02:20:20.588+0000] {dag.py:3036} INFO - Sync 1 DAGs
[2026-03-12T02:20:20.597+0000] {logging_mixin.py:188} INFO - [2026-03-12T02:20:20.597+0000] {dag.py:3823} INFO - Setting next_dagrun for example_task_group to 2026-03-11 00:00:00+00:00, run_after=2026-03-12 00:00:00+00:00
[2026-03-12T02:20:20.604+0000] {processor.py:183} INFO - Processing /home/airflow/.local/lib/python3.8/site-packages/airflow/example_dags/example_task_group.py took 0.038 seconds
[2026-03-12T02:20:52.320+0000] {processor.py:161} INFO - Started process (PID=951) to work on /home/airflow/.local/lib/python3.8/site-packages/airflow/example_dags/example_task_group.py
[2026-03-12T02:20:52.320+0000] {processor.py:830} INFO - Processing file /home/airflow/.local/lib/python3.8/site-packages/airflow/example_dags/example_task_group.py for tasks to queue
[2026-03-12T02:20:52.321+0000] {logging_mixin.py:188} INFO - [2026-03-12T02:20:52.321+0000] {dagbag.py:538} INFO - Filling up the DagBag from /home/airflow/.local/lib/python3.8/site-packages/airflow/example_dags/example_task_group.py
[2026-03-12T02:20:52.325+0000] {processor.py:840} INFO - DAG(s) 'example_task_group' retrieved from /home/airflow/.local/lib/python3.8/site-packages/airflow/example_dags/example_task_group.py
[2026-03-12T02:20:52.339+0000] {logging_mixin.py:188} INFO - [2026-03-12T02:20:52.339+0000] {dag.py:3036} INFO - Sync 1 DAGs
[2026-03-12T02:20:52.347+0000] {logging_mixin.py:188} INFO - [2026-03-12T02:20:52.347+0000] {dag.py:3823} INFO - Setting next_dagrun for example_task_group to 2026-03-11 00:00:00+00:00, run_after=2026-03-12 00:00:00+00:00
[2026-03-12T02:20:52.356+0000] {processor.py:183} INFO - Processing /home/airflow/.local/lib/python3.8/site-packages/airflow/example_dags/example_task_group.py took 0.038 seconds
[2026-03-12T02:21:22.897+0000] {processor.py:161} INFO - Started process (PID=1027) to work on /home/airflow/.local/lib/python3.8/site-packages/airflow/example_dags/example_task_group.py
[2026-03-12T02:21:22.899+0000] {processor.py:830} INFO - Processing file /home/airflow/.local/lib/python3.8/site-packages/airflow/example_dags/example_task_group.py for tasks to queue
[2026-03-12T02:21:22.900+0000] {logging_mixin.py:188} INFO - [2026-03-12T02:21:22.900+0000] {dagbag.py:538} INFO - Filling up the DagBag from /home/airflow/.local/lib/python3.8/site-packages/airflow/example_dags/example_task_group.py
[2026-03-12T02:21:22.904+0000] {processor.py:840} INFO - DAG(s) 'example_task_group' retrieved from /home/airflow/.local/lib/python3.8/site-packages/airflow/example_dags/example_task_group.py
[2026-03-12T02:21:22.916+0000] {logging_mixin.py:188} INFO - [2026-03-12T02:21:22.916+0000] {dag.py:3036} INFO - Sync 1 DAGs
[2026-03-12T02:21:22.928+0000] {logging_mixin.py:188} INFO - [2026-03-12T02:21:22.928+0000] {dag.py:3823} INFO - Setting next_dagrun for example_task_group to 2026-03-11 00:00:00+00:00, run_after=2026-03-12 00:00:00+00:00
[2026-03-12T02:21:22.942+0000] {processor.py:183} INFO - Processing /home/airflow/.local/lib/python3.8/site-packages/airflow/example_dags/example_task_group.py took 0.047 seconds
[2026-03-12T02:21:53.342+0000] {processor.py:161} INFO - Started process (PID=1103) to work on /home/airflow/.local/lib/python3.8/site-packages/airflow/example_dags/example_task_group.py
[2026-03-12T02:21:53.343+0000] {processor.py:830} INFO - Processing file /home/airflow/.local/lib/python3.8/site-packages/airflow/example_dags/example_task_group.py for tasks to queue
[2026-03-12T02:21:53.343+0000] {logging_mixin.py:188} INFO - [2026-03-12T02:21:53.343+0000] {dagbag.py:538} INFO - Filling up the DagBag from /home/airflow/.local/lib/python3.8/site-packages/airflow/example_dags/example_task_group.py
[2026-03-12T02:21:53.346+0000] {processor.py:840} INFO - DAG(s) 'example_task_group' retrieved from /home/airflow/.local/lib/python3.8/site-packages/airflow/example_dags/example_task_group.py
[2026-03-12T02:21:53.354+0000] {logging_mixin.py:188} INFO - [2026-03-12T02:21:53.354+0000] {dag.py:3036} INFO - Sync 1 DAGs
[2026-03-12T02:21:53.362+0000] {logging_mixin.py:188} INFO - [2026-03-12T02:21:53.362+0000] {dag.py:3823} INFO - Setting next_dagrun for example_task_group to 2026-03-11 00:00:00+00:00, run_after=2026-03-12 00:00:00+00:00
[2026-03-12T02:21:53.368+0000] {processor.py:183} INFO - Processing /home/airflow/.local/lib/python3.8/site-packages/airflow/example_dags/example_task_group.py took 0.027 seconds
[2026-03-12T02:22:23.613+0000] {processor.py:161} INFO - Started process (PID=1179) to work on /home/airflow/.local/lib/python3.8/site-packages/airflow/example_dags/example_task_group.py
[2026-03-12T02:22:23.614+0000] {processor.py:830} INFO - Processing file /home/airflow/.local/lib/python3.8/site-packages/airflow/example_dags/example_task_group.py for tasks to queue
[2026-03-12T02:22:23.615+0000] {logging_mixin.py:188} INFO - [2026-03-12T02:22:23.615+0000] {dagbag.py:538} INFO - Filling up the DagBag from /home/airflow/.local/lib/python3.8/site-packages/airflow/example_dags/example_task_group.py
[2026-03-12T02:22:23.618+0000] {processor.py:840} INFO - DAG(s) 'example_task_group' retrieved from /home/airflow/.local/lib/python3.8/site-packages/airflow/example_dags/example_task_group.py
[2026-03-12T02:22:23.630+0000] {logging_mixin.py:188} INFO - [2026-03-12T02:22:23.630+0000] {dag.py:3036} INFO - Sync 1 DAGs
[2026-03-12T02:22:23.638+0000] {logging_mixin.py:188} INFO - [2026-03-12T02:22:23.638+0000] {dag.py:3823} INFO - Setting next_dagrun for example_task_group to 2026-03-11 00:00:00+00:00, run_after=2026-03-12 00:00:00+00:00
[2026-03-12T02:22:23.648+0000] {processor.py:183} INFO - Processing /home/airflow/.local/lib/python3.8/site-packages/airflow/example_dags/example_task_group.py took 0.037 seconds
[2026-03-12T02:22:54.794+0000] {processor.py:161} INFO - Started process (PID=1255) to work on /home/airflow/.local/lib/python3.8/site-packages/airflow/example_dags/example_task_group.py
[2026-03-12T02:22:54.795+0000] {processor.py:830} INFO - Processing file /home/airflow/.local/lib/python3.8/site-packages/airflow/example_dags/example_task_group.py for tasks to queue
[2026-03-12T02:22:54.795+0000] {logging_mixin.py:188} INFO - [2026-03-12T02:22:54.795+0000] {dagbag.py:538} INFO - Filling up the DagBag from /home/airflow/.local/lib/python3.8/site-packages/airflow/example_dags/example_task_group.py
[2026-03-12T02:22:54.798+0000] {processor.py:840} INFO - DAG(s) 'example_task_group' retrieved from /home/airflow/.local/lib/python3.8/site-packages/airflow/example_dags/example_task_group.py
[2026-03-12T02:22:54.810+0000] {logging_mixin.py:188} INFO - [2026-03-12T02:22:54.810+0000] {dag.py:3036} INFO - Sync 1 DAGs
[2026-03-12T02:22:54.818+0000] {logging_mixin.py:188} INFO - [2026-03-12T02:22:54.818+0000] {dag.py:3823} INFO - Setting next_dagrun for example_task_group to 2026-03-11 00:00:00+00:00, run_after=2026-03-12 00:00:00+00:00
[2026-03-12T02:22:54.828+0000] {processor.py:183} INFO - Processing /home/airflow/.local/lib/python3.8/site-packages/airflow/example_dags/example_task_group.py took 0.036 seconds
[2026-03-12T02:23:26.013+0000] {processor.py:161} INFO - Started process (PID=1331) to work on /home/airflow/.local/lib/python3.8/site-packages/airflow/example_dags/example_task_group.py
[2026-03-12T02:23:26.014+0000] {processor.py:830} INFO - Processing file /home/airflow/.local/lib/python3.8/site-packages/airflow/example_dags/example_task_group.py for tasks to queue
[2026-03-12T02:23:26.014+0000] {logging_mixin.py:188} INFO - [2026-03-12T02:23:26.014+0000] {dagbag.py:538} INFO - Filling up the DagBag from /home/airflow/.local/lib/python3.8/site-packages/airflow/example_dags/example_task_group.py
[2026-03-12T02:23:26.018+0000] {processor.py:840} INFO - DAG(s) 'example_task_group' retrieved from /home/airflow/.local/lib/python3.8/site-packages/airflow/example_dags/example_task_group.py
[2026-03-12T02:23:26.029+0000] {logging_mixin.py:188} INFO - [2026-03-12T02:23:26.029+0000] {dag.py:3036} INFO - Sync 1 DAGs
[2026-03-12T02:23:26.038+0000] {logging_mixin.py:188} INFO - [2026-03-12T02:23:26.038+0000] {dag.py:3823} INFO - Setting next_dagrun for example_task_group to 2026-03-11 00:00:00+00:00, run_after=2026-03-12 00:00:00+00:00
[2026-03-12T02:23:26.045+0000] {processor.py:183} INFO - Processing /home/airflow/.local/lib/python3.8/site-packages/airflow/example_dags/example_task_group.py took 0.034 seconds
[2026-03-12T02:23:57.217+0000] {processor.py:161} INFO - Started process (PID=1407) to work on /home/airflow/.local/lib/python3.8/site-packages/airflow/example_dags/example_task_group.py
[2026-03-12T02:23:57.217+0000] {processor.py:830} INFO - Processing file /home/airflow/.local/lib/python3.8/site-packages/airflow/example_dags/example_task_group.py for tasks to queue
[2026-03-12T02:23:57.218+0000] {logging_mixin.py:188} INFO - [2026-03-12T02:23:57.218+0000] {dagbag.py:538} INFO - Filling up the DagBag from /home/airflow/.local/lib/python3.8/site-packages/airflow/example_dags/example_task_group.py
[2026-03-12T02:23:57.221+0000] {processor.py:840} INFO - DAG(s) 'example_task_group' retrieved from /home/airflow/.local/lib/python3.8/site-packages/airflow/example_dags/example_task_group.py
[2026-03-12T02:23:57.229+0000] {logging_mixin.py:188} INFO - [2026-03-12T02:23:57.229+0000] {dag.py:3036} INFO - Sync 1 DAGs
[2026-03-12T02:23:57.236+0000] {logging_mixin.py:188} INFO - [2026-03-12T02:23:57.236+0000] {dag.py:3823} INFO - Setting next_dagrun for example_task_group to 2026-03-11 00:00:00+00:00, run_after=2026-03-12 00:00:00+00:00
[2026-03-12T02:23:57.245+0000] {processor.py:183} INFO - Processing /home/airflow/.local/lib/python3.8/site-packages/airflow/example_dags/example_task_group.py took 0.030 seconds
[2026-03-12T02:24:27.675+0000] {processor.py:161} INFO - Started process (PID=1483) to work on /home/airflow/.local/lib/python3.8/site-packages/airflow/example_dags/example_task_group.py
[2026-03-12T02:24:27.677+0000] {processor.py:830} INFO - Processing file /home/airflow/.local/lib/python3.8/site-packages/airflow/example_dags/example_task_group.py for tasks to queue
[2026-03-12T02:24:27.678+0000] {logging_mixin.py:188} INFO - [2026-03-12T02:24:27.678+0000] {dagbag.py:538} INFO - Filling up the DagBag from /home/airflow/.local/lib/python3.8/site-packages/airflow/example_dags/example_task_group.py
[2026-03-12T02:24:27.681+0000] {processor.py:840} INFO - DAG(s) 'example_task_group' retrieved from /home/airflow/.local/lib/python3.8/site-packages/airflow/example_dags/example_task_group.py
[2026-03-12T02:24:27.690+0000] {logging_mixin.py:188} INFO - [2026-03-12T02:24:27.690+0000] {dag.py:3036} INFO - Sync 1 DAGs
[2026-03-12T02:24:27.702+0000] {logging_mixin.py:188} INFO - [2026-03-12T02:24:27.701+0000] {dag.py:3823} INFO - Setting next_dagrun for example_task_group to 2026-03-11 00:00:00+00:00, run_after=2026-03-12 00:00:00+00:00
[2026-03-12T02:24:27.791+0000] {processor.py:183} INFO - Processing /home/airflow/.local/lib/python3.8/site-packages/airflow/example_dags/example_task_group.py took 0.118 seconds
[2026-03-12T02:24:58.280+0000] {processor.py:161} INFO - Started process (PID=1559) to work on /home/airflow/.local/lib/python3.8/site-packages/airflow/example_dags/example_task_group.py
[2026-03-12T02:24:58.281+0000] {processor.py:830} INFO - Processing file /home/airflow/.local/lib/python3.8/site-packages/airflow/example_dags/example_task_group.py for tasks to queue
[2026-03-12T02:24:58.281+0000] {logging_mixin.py:188} INFO - [2026-03-12T02:24:58.281+0000] {dagbag.py:538} INFO - Filling up the DagBag from /home/airflow/.local/lib/python3.8/site-packages/airflow/example_dags/example_task_group.py
[2026-03-12T02:24:58.284+0000] {processor.py:840} INFO - DAG(s) 'example_task_group' retrieved from /home/airflow/.local/lib/python3.8/site-packages/airflow/example_dags/example_task_group.py
[2026-03-12T02:24:58.295+0000] {logging_mixin.py:188} INFO - [2026-03-12T02:24:58.295+0000] {dag.py:3036} INFO - Sync 1 DAGs
[2026-03-12T02:24:58.306+0000] {logging_mixin.py:188} INFO - [2026-03-12T02:24:58.306+0000] {dag.py:3823} INFO - Setting next_dagrun for example_task_group to 2026-03-11 00:00:00+00:00, run_after=2026-03-12 00:00:00+00:00
[2026-03-12T02:24:58.317+0000] {processor.py:183} INFO - Processing /home/airflow/.local/lib/python3.8/site-packages/airflow/example_dags/example_task_group.py took 0.039 seconds
[2026-03-12T02:25:29.069+0000] {processor.py:161} INFO - Started process (PID=1635) to work on /home/airflow/.local/lib/python3.8/site-packages/airflow/example_dags/example_task_group.py
[2026-03-12T02:25:29.070+0000] {processor.py:830} INFO - Processing file /home/airflow/.local/lib/python3.8/site-packages/airflow/example_dags/example_task_group.py for tasks to queue
[2026-03-12T02:25:29.071+0000] {logging_mixin.py:188} INFO - [2026-03-12T02:25:29.071+0000] {dagbag.py:538} INFO - Filling up the DagBag from /home/airflow/.local/lib/python3.8/site-packages/airflow/example_dags/example_task_group.py
[2026-03-12T02:25:29.074+0000] {processor.py:840} INFO - DAG(s) 'example_task_group' retrieved from /home/airflow/.local/lib/python3.8/site-packages/airflow/example_dags/example_task_group.py
[2026-03-12T02:25:29.081+0000] {logging_mixin.py:188} INFO - [2026-03-12T02:25:29.081+0000] {dag.py:3036} INFO - Sync 1 DAGs
[2026-03-12T02:25:29.090+0000] {logging_mixin.py:188} INFO - [2026-03-12T02:25:29.090+0000] {dag.py:3823} INFO - Setting next_dagrun for example_task_group to 2026-03-11 00:00:00+00:00, run_after=2026-03-12 00:00:00+00:00
[2026-03-12T02:25:29.099+0000] {processor.py:183} INFO - Processing /home/airflow/.local/lib/python3.8/site-packages/airflow/example_dags/example_task_group.py took 0.031 seconds
[2026-03-12T02:25:59.808+0000] {processor.py:161} INFO - Started process (PID=1711) to work on /home/airflow/.local/lib/python3.8/site-packages/airflow/example_dags/example_task_group.py
[2026-03-12T02:25:59.809+0000] {processor.py:830} INFO - Processing file /home/airflow/.local/lib/python3.8/site-packages/airflow/example_dags/example_task_group.py for tasks to queue
[2026-03-12T02:25:59.810+0000] {logging_mixin.py:188} INFO - [2026-03-12T02:25:59.810+0000] {dagbag.py:538} INFO - Filling up the DagBag from /home/airflow/.local/lib/python3.8/site-packages/airflow/example_dags/example_task_group.py
[2026-03-12T02:25:59.813+0000] {processor.py:840} INFO - DAG(s) 'example_task_group' retrieved from /home/airflow/.local/lib/python3.8/site-packages/airflow/example_dags/example_task_group.py
[2026-03-12T02:25:59.828+0000] {logging_mixin.py:188} INFO - [2026-03-12T02:25:59.828+0000] {dag.py:3036} INFO - Sync 1 DAGs
[2026-03-12T02:25:59.837+0000] {logging_mixin.py:188} INFO - [2026-03-12T02:25:59.837+0000] {dag.py:3823} INFO - Setting next_dagrun for example_task_group to 2026-03-11 00:00:00+00:00, run_after=2026-03-12 00:00:00+00:00
[2026-03-12T02:25:59.844+0000] {processor.py:183} INFO - Processing /home/airflow/.local/lib/python3.8/site-packages/airflow/example_dags/example_task_group.py took 0.037 seconds
[2026-03-12T02:26:30.652+0000] {processor.py:161} INFO - Started process (PID=1787) to work on /home/airflow/.local/lib/python3.8/site-packages/airflow/example_dags/example_task_group.py
[2026-03-12T02:26:30.653+0000] {processor.py:830} INFO - Processing file /home/airflow/.local/lib/python3.8/site-packages/airflow/example_dags/example_task_group.py for tasks to queue
[2026-03-12T02:26:30.653+0000] {logging_mixin.py:188} INFO - [2026-03-12T02:26:30.653+0000] {dagbag.py:538} INFO - Filling up the DagBag from /home/airflow/.local/lib/python3.8/site-packages/airflow/example_dags/example_task_group.py
[2026-03-12T02:26:30.656+0000] {processor.py:840} INFO - DAG(s) 'example_task_group' retrieved from /home/airflow/.local/lib/python3.8/site-packages/airflow/example_dags/example_task_group.py
[2026-03-12T02:26:30.666+0000] {logging_mixin.py:188} INFO - [2026-03-12T02:26:30.666+0000] {dag.py:3036} INFO - Sync 1 DAGs
[2026-03-12T02:26:30.677+0000] {logging_mixin.py:188} INFO - [2026-03-12T02:26:30.676+0000] {dag.py:3823} INFO - Setting next_dagrun for example_task_group to 2026-03-11 00:00:00+00:00, run_after=2026-03-12 00:00:00+00:00
[2026-03-12T02:26:30.686+0000] {processor.py:183} INFO - Processing /home/airflow/.local/lib/python3.8/site-packages/airflow/example_dags/example_task_group.py took 0.036 seconds
[2026-03-12T02:27:01.380+0000] {processor.py:161} INFO - Started process (PID=1863) to work on /home/airflow/.local/lib/python3.8/site-packages/airflow/example_dags/example_task_group.py
[2026-03-12T02:27:01.380+0000] {processor.py:830} INFO - Processing file /home/airflow/.local/lib/python3.8/site-packages/airflow/example_dags/example_task_group.py for tasks to queue
[2026-03-12T02:27:01.381+0000] {logging_mixin.py:188} INFO - [2026-03-12T02:27:01.381+0000] {dagbag.py:538} INFO - Filling up the DagBag from /home/airflow/.local/lib/python3.8/site-packages/airflow/example_dags/example_task_group.py
[2026-03-12T02:27:01.384+0000] {processor.py:840} INFO - DAG(s) 'example_task_group' retrieved from /home/airflow/.local/lib/python3.8/site-packages/airflow/example_dags/example_task_group.py
[2026-03-12T02:27:01.393+0000] {logging_mixin.py:188} INFO - [2026-03-12T02:27:01.393+0000] {dag.py:3036} INFO - Sync 1 DAGs
[2026-03-12T02:27:01.402+0000] {logging_mixin.py:188} INFO - [2026-03-12T02:27:01.402+0000] {dag.py:3823} INFO - Setting next_dagrun for example_task_group to 2026-03-11 00:00:00+00:00, run_after=2026-03-12 00:00:00+00:00
[2026-03-12T02:27:01.414+0000] {processor.py:183} INFO - Processing /home/airflow/.local/lib/python3.8/site-packages/airflow/example_dags/example_task_group.py took 0.036 seconds
[2026-03-12T02:27:32.177+0000] {processor.py:161} INFO - Started process (PID=1939) to work on /home/airflow/.local/lib/python3.8/site-packages/airflow/example_dags/example_task_group.py
[2026-03-12T02:27:32.179+0000] {processor.py:830} INFO - Processing file /home/airflow/.local/lib/python3.8/site-packages/airflow/example_dags/example_task_group.py for tasks to queue
[2026-03-12T02:27:32.180+0000] {logging_mixin.py:188} INFO - [2026-03-12T02:27:32.179+0000] {dagbag.py:538} INFO - Filling up the DagBag from /home/airflow/.local/lib/python3.8/site-packages/airflow/example_dags/example_task_group.py
[2026-03-12T02:27:32.183+0000] {processor.py:840} INFO - DAG(s) 'example_task_group' retrieved from /home/airflow/.local/lib/python3.8/site-packages/airflow/example_dags/example_task_group.py
[2026-03-12T02:27:32.191+0000] {logging_mixin.py:188} INFO - [2026-03-12T02:27:32.190+0000] {dag.py:3036} INFO - Sync 1 DAGs
[2026-03-12T02:27:32.198+0000] {logging_mixin.py:188} INFO - [2026-03-12T02:27:32.198+0000] {dag.py:3823} INFO - Setting next_dagrun for example_task_group to 2026-03-11 00:00:00+00:00, run_after=2026-03-12 00:00:00+00:00
[2026-03-12T02:27:32.208+0000] {processor.py:183} INFO - Processing /home/airflow/.local/lib/python3.8/site-packages/airflow/example_dags/example_task_group.py took 0.033 seconds
[2026-03-12T02:28:02.937+0000] {processor.py:161} INFO - Started process (PID=2015) to work on /home/airflow/.local/lib/python3.8/site-packages/airflow/example_dags/example_task_group.py
[2026-03-12T02:28:02.938+0000] {processor.py:830} INFO - Processing file /home/airflow/.local/lib/python3.8/site-packages/airflow/example_dags/example_task_group.py for tasks to queue
[2026-03-12T02:28:02.939+0000] {logging_mixin.py:188} INFO - [2026-03-12T02:28:02.939+0000] {dagbag.py:538} INFO - Filling up the DagBag from /home/airflow/.local/lib/python3.8/site-packages/airflow/example_dags/example_task_group.py
[2026-03-12T02:28:02.942+0000] {processor.py:840} INFO - DAG(s) 'example_task_group' retrieved from /home/airflow/.local/lib/python3.8/site-packages/airflow/example_dags/example_task_group.py
[2026-03-12T02:28:02.950+0000] {logging_mixin.py:188} INFO - [2026-03-12T02:28:02.950+0000] {dag.py:3036} INFO - Sync 1 DAGs
[2026-03-12T02:28:02.959+0000] {logging_mixin.py:188} INFO - [2026-03-12T02:28:02.959+0000] {dag.py:3823} INFO - Setting next_dagrun for example_task_group to 2026-03-11 00:00:00+00:00, run_after=2026-03-12 00:00:00+00:00
[2026-03-12T02:28:02.968+0000] {processor.py:183} INFO - Processing /home/airflow/.local/lib/python3.8/site-packages/airflow/example_dags/example_task_group.py took 0.033 seconds
[2026-03-12T02:28:33.642+0000] {processor.py:161} INFO - Started process (PID=2091) to work on /home/airflow/.local/lib/python3.8/site-packages/airflow/example_dags/example_task_group.py
[2026-03-12T02:28:33.644+0000] {processor.py:830} INFO - Processing file /home/airflow/.local/lib/python3.8/site-packages/airflow/example_dags/example_task_group.py for tasks to queue
[2026-03-12T02:28:33.645+0000] {logging_mixin.py:188} INFO - [2026-03-12T02:28:33.645+0000] {dagbag.py:538} INFO - Filling up the DagBag from /home/airflow/.local/lib/python3.8/site-packages/airflow/example_dags/example_task_group.py
[2026-03-12T02:28:33.649+0000] {processor.py:840} INFO - DAG(s) 'example_task_group' retrieved from /home/airflow/.local/lib/python3.8/site-packages/airflow/example_dags/example_task_group.py
[2026-03-12T02:28:33.661+0000] {logging_mixin.py:188} INFO - [2026-03-12T02:28:33.661+0000] {dag.py:3036} INFO - Sync 1 DAGs
[2026-03-12T02:28:33.670+0000] {logging_mixin.py:188} INFO - [2026-03-12T02:28:33.670+0000] {dag.py:3823} INFO - Setting next_dagrun for example_task_group to 2026-03-11 00:00:00+00:00, run_after=2026-03-12 00:00:00+00:00
[2026-03-12T02:28:33.680+0000] {processor.py:183} INFO - Processing /home/airflow/.local/lib/python3.8/site-packages/airflow/example_dags/example_task_group.py took 0.039 seconds
[2026-03-12T02:29:04.664+0000] {processor.py:161} INFO - Started process (PID=2167) to work on /home/airflow/.local/lib/python3.8/site-packages/airflow/example_dags/example_task_group.py
[2026-03-12T02:29:04.664+0000] {processor.py:830} INFO - Processing file /home/airflow/.local/lib/python3.8/site-packages/airflow/example_dags/example_task_group.py for tasks to queue
[2026-03-12T02:29:04.665+0000] {logging_mixin.py:188} INFO - [2026-03-12T02:29:04.665+0000] {dagbag.py:538} INFO - Filling up the DagBag from /home/airflow/.local/lib/python3.8/site-packages/airflow/example_dags/example_task_group.py
[2026-03-12T02:29:04.668+0000] {processor.py:840} INFO - DAG(s) 'example_task_group' retrieved from /home/airflow/.local/lib/python3.8/site-packages/airflow/example_dags/example_task_group.py
[2026-03-12T02:29:04.678+0000] {logging_mixin.py:188} INFO - [2026-03-12T02:29:04.678+0000] {dag.py:3036} INFO - Sync 1 DAGs
[2026-03-12T02:29:04.689+0000] {logging_mixin.py:188} INFO - [2026-03-12T02:29:04.689+0000] {dag.py:3823} INFO - Setting next_dagrun for example_task_group to 2026-03-11 00:00:00+00:00, run_after=2026-03-12 00:00:00+00:00
[2026-03-12T02:29:04.699+0000] {processor.py:183} INFO - Processing /home/airflow/.local/lib/python3.8/site-packages/airflow/example_dags/example_task_group.py took 0.037 seconds
[2026-03-12T02:29:35.666+0000] {processor.py:161} INFO - Started process (PID=2243) to work on /home/airflow/.local/lib/python3.8/site-packages/airflow/example_dags/example_task_group.py
[2026-03-12T02:29:35.667+0000] {processor.py:830} INFO - Processing file /home/airflow/.local/lib/python3.8/site-packages/airflow/example_dags/example_task_group.py for tasks to queue
[2026-03-12T02:29:35.668+0000] {logging_mixin.py:188} INFO - [2026-03-12T02:29:35.667+0000] {dagbag.py:538} INFO - Filling up the DagBag from /home/airflow/.local/lib/python3.8/site-packages/airflow/example_dags/example_task_group.py
[2026-03-12T02:29:35.670+0000] {processor.py:840} INFO - DAG(s) 'example_task_group' retrieved from /home/airflow/.local/lib/python3.8/site-packages/airflow/example_dags/example_task_group.py
[2026-03-12T02:29:35.684+0000] {logging_mixin.py:188} INFO - [2026-03-12T02:29:35.684+0000] {dag.py:3036} INFO - Sync 1 DAGs
[2026-03-12T02:29:35.692+0000] {logging_mixin.py:188} INFO - [2026-03-12T02:29:35.692+0000] {dag.py:3823} INFO - Setting next_dagrun for example_task_group to 2026-03-11 00:00:00+00:00, run_after=2026-03-12 00:00:00+00:00
[2026-03-12T02:29:35.699+0000] {processor.py:183} INFO - Processing /home/airflow/.local/lib/python3.8/site-packages/airflow/example_dags/example_task_group.py took 0.035 seconds
[2026-03-12T02:30:06.768+0000] {processor.py:161} INFO - Started process (PID=2319) to work on /home/airflow/.local/lib/python3.8/site-packages/airflow/example_dags/example_task_group.py
[2026-03-12T02:30:06.769+0000] {processor.py:830} INFO - Processing file /home/airflow/.local/lib/python3.8/site-packages/airflow/example_dags/example_task_group.py for tasks to queue
[2026-03-12T02:30:06.770+0000] {logging_mixin.py:188} INFO - [2026-03-12T02:30:06.770+0000] {dagbag.py:538} INFO - Filling up the DagBag from /home/airflow/.local/lib/python3.8/site-packages/airflow/example_dags/example_task_group.py
[2026-03-12T02:30:06.774+0000] {processor.py:840} INFO - DAG(s) 'example_task_group' retrieved from /home/airflow/.local/lib/python3.8/site-packages/airflow/example_dags/example_task_group.py
[2026-03-12T02:30:06.784+0000] {logging_mixin.py:188} INFO - [2026-03-12T02:30:06.784+0000] {dag.py:3036} INFO - Sync 1 DAGs
[2026-03-12T02:30:06.792+0000] {logging_mixin.py:188} INFO - [2026-03-12T02:30:06.792+0000] {dag.py:3823} INFO - Setting next_dagrun for example_task_group to 2026-03-11 00:00:00+00:00, run_after=2026-03-12 00:00:00+00:00
[2026-03-12T02:30:06.803+0000] {processor.py:183} INFO - Processing /home/airflow/.local/lib/python3.8/site-packages/airflow/example_dags/example_task_group.py took 0.036 seconds
[2026-03-12T02:30:37.684+0000] {processor.py:161} INFO - Started process (PID=2395) to work on /home/airflow/.local/lib/python3.8/site-packages/airflow/example_dags/example_task_group.py
[2026-03-12T02:30:37.684+0000] {processor.py:830} INFO - Processing file /home/airflow/.local/lib/python3.8/site-packages/airflow/example_dags/example_task_group.py for tasks to queue
[2026-03-12T02:30:37.686+0000] {logging_mixin.py:188} INFO - [2026-03-12T02:30:37.685+0000] {dagbag.py:538} INFO - Filling up the DagBag from /home/airflow/.local/lib/python3.8/site-packages/airflow/example_dags/example_task_group.py
[2026-03-12T02:30:37.689+0000] {processor.py:840} INFO - DAG(s) 'example_task_group' retrieved from /home/airflow/.local/lib/python3.8/site-packages/airflow/example_dags/example_task_group.py
[2026-03-12T02:30:37.701+0000] {logging_mixin.py:188} INFO - [2026-03-12T02:30:37.701+0000] {dag.py:3036} INFO - Sync 1 DAGs
[2026-03-12T02:30:37.713+0000] {logging_mixin.py:188} INFO - [2026-03-12T02:30:37.713+0000] {dag.py:3823} INFO - Setting next_dagrun for example_task_group to 2026-03-11 00:00:00+00:00, run_after=2026-03-12 00:00:00+00:00
[2026-03-12T02:30:37.719+0000] {processor.py:183} INFO - Processing /home/airflow/.local/lib/python3.8/site-packages/airflow/example_dags/example_task_group.py took 0.037 seconds
[2026-03-12T02:31:08.696+0000] {processor.py:161} INFO - Started process (PID=2471) to work on /home/airflow/.local/lib/python3.8/site-packages/airflow/example_dags/example_task_group.py
[2026-03-12T02:31:08.696+0000] {processor.py:830} INFO - Processing file /home/airflow/.local/lib/python3.8/site-packages/airflow/example_dags/example_task_group.py for tasks to queue
[2026-03-12T02:31:08.697+0000] {logging_mixin.py:188} INFO - [2026-03-12T02:31:08.697+0000] {dagbag.py:538} INFO - Filling up the DagBag from /home/airflow/.local/lib/python3.8/site-packages/airflow/example_dags/example_task_group.py
[2026-03-12T02:31:08.700+0000] {processor.py:840} INFO - DAG(s) 'example_task_group' retrieved from /home/airflow/.local/lib/python3.8/site-packages/airflow/example_dags/example_task_group.py
[2026-03-12T02:31:08.711+0000] {logging_mixin.py:188} INFO - [2026-03-12T02:31:08.711+0000] {dag.py:3036} INFO - Sync 1 DAGs
[2026-03-12T02:31:08.721+0000] {logging_mixin.py:188} INFO - [2026-03-12T02:31:08.721+0000] {dag.py:3823} INFO - Setting next_dagrun for example_task_group to 2026-03-11 00:00:00+00:00, run_after=2026-03-12 00:00:00+00:00
[2026-03-12T02:31:08.732+0000] {processor.py:183} INFO - Processing /home/airflow/.local/lib/python3.8/site-packages/airflow/example_dags/example_task_group.py took 0.037 seconds
[2026-03-12T02:31:39.628+0000] {processor.py:161} INFO - Started process (PID=2547) to work on /home/airflow/.local/lib/python3.8/site-packages/airflow/example_dags/example_task_group.py
[2026-03-12T02:31:39.629+0000] {processor.py:830} INFO - Processing file /home/airflow/.local/lib/python3.8/site-packages/airflow/example_dags/example_task_group.py for tasks to queue
[2026-03-12T02:31:39.629+0000] {logging_mixin.py:188} INFO - [2026-03-12T02:31:39.629+0000] {dagbag.py:538} INFO - Filling up the DagBag from /home/airflow/.local/lib/python3.8/site-packages/airflow/example_dags/example_task_group.py
[2026-03-12T02:31:39.633+0000] {processor.py:840} INFO - DAG(s) 'example_task_group' retrieved from /home/airflow/.local/lib/python3.8/site-packages/airflow/example_dags/example_task_group.py
[2026-03-12T02:31:39.643+0000] {logging_mixin.py:188} INFO - [2026-03-12T02:31:39.642+0000] {dag.py:3036} INFO - Sync 1 DAGs
[2026-03-12T02:31:39.651+0000] {logging_mixin.py:188} INFO - [2026-03-12T02:31:39.651+0000] {dag.py:3823} INFO - Setting next_dagrun for example_task_group to 2026-03-11 00:00:00+00:00, run_after=2026-03-12 00:00:00+00:00
[2026-03-12T02:31:39.661+0000] {processor.py:183} INFO - Processing /home/airflow/.local/lib/python3.8/site-packages/airflow/example_dags/example_task_group.py took 0.035 seconds
[2026-03-12T02:32:10.798+0000] {processor.py:161} INFO - Started process (PID=2629) to work on /home/airflow/.local/lib/python3.8/site-packages/airflow/example_dags/example_task_group.py
[2026-03-12T02:32:10.798+0000] {processor.py:830} INFO - Processing file /home/airflow/.local/lib/python3.8/site-packages/airflow/example_dags/example_task_group.py for tasks to queue
[2026-03-12T02:32:10.799+0000] {logging_mixin.py:188} INFO - [2026-03-12T02:32:10.799+0000] {dagbag.py:538} INFO - Filling up the DagBag from /home/airflow/.local/lib/python3.8/site-packages/airflow/example_dags/example_task_group.py
[2026-03-12T02:32:10.802+0000] {processor.py:840} INFO - DAG(s) 'example_task_group' retrieved from /home/airflow/.local/lib/python3.8/site-packages/airflow/example_dags/example_task_group.py
[2026-03-12T02:32:10.814+0000] {logging_mixin.py:188} INFO - [2026-03-12T02:32:10.814+0000] {dag.py:3036} INFO - Sync 1 DAGs
[2026-03-12T02:32:10.826+0000] {logging_mixin.py:188} INFO - [2026-03-12T02:32:10.826+0000] {dag.py:3823} INFO - Setting next_dagrun for example_task_group to 2026-03-11 00:00:00+00:00, run_after=2026-03-12 00:00:00+00:00
[2026-03-12T02:32:10.837+0000] {processor.py:183} INFO - Processing /home/airflow/.local/lib/python3.8/site-packages/airflow/example_dags/example_task_group.py took 0.041 seconds
[2026-03-12T02:32:42.535+0000] {processor.py:161} INFO - Started process (PID=2705) to work on /home/airflow/.local/lib/python3.8/site-packages/airflow/example_dags/example_task_group.py
[2026-03-12T02:32:42.536+0000] {processor.py:830} INFO - Processing file /home/airflow/.local/lib/python3.8/site-packages/airflow/example_dags/example_task_group.py for tasks to queue
[2026-03-12T02:32:42.538+0000] {logging_mixin.py:188} INFO - [2026-03-12T02:32:42.538+0000] {dagbag.py:538} INFO - Filling up the DagBag from /home/airflow/.local/lib/python3.8/site-packages/airflow/example_dags/example_task_group.py
[2026-03-12T02:32:42.542+0000] {processor.py:840} INFO - DAG(s) 'example_task_group' retrieved from /home/airflow/.local/lib/python3.8/site-packages/airflow/example_dags/example_task_group.py
[2026-03-12T02:32:42.563+0000] {logging_mixin.py:188} INFO - [2026-03-12T02:32:42.563+0000] {dag.py:3036} INFO - Sync 1 DAGs
[2026-03-12T02:32:42.576+0000] {logging_mixin.py:188} INFO - [2026-03-12T02:32:42.576+0000] {dag.py:3823} INFO - Setting next_dagrun for example_task_group to 2026-03-11 00:00:00+00:00, run_after=2026-03-12 00:00:00+00:00
[2026-03-12T02:32:42.587+0000] {processor.py:183} INFO - Processing /home/airflow/.local/lib/python3.8/site-packages/airflow/example_dags/example_task_group.py took 0.055 seconds
[2026-03-12T02:33:13.499+0000] {processor.py:161} INFO - Started process (PID=2781) to work on /home/airflow/.local/lib/python3.8/site-packages/airflow/example_dags/example_task_group.py
[2026-03-12T02:33:13.500+0000] {processor.py:830} INFO - Processing file /home/airflow/.local/lib/python3.8/site-packages/airflow/example_dags/example_task_group.py for tasks to queue
[2026-03-12T02:33:13.501+0000] {logging_mixin.py:188} INFO - [2026-03-12T02:33:13.500+0000] {dagbag.py:538} INFO - Filling up the DagBag from /home/airflow/.local/lib/python3.8/site-packages/airflow/example_dags/example_task_group.py
[2026-03-12T02:33:13.504+0000] {processor.py:840} INFO - DAG(s) 'example_task_group' retrieved from /home/airflow/.local/lib/python3.8/site-packages/airflow/example_dags/example_task_group.py
[2026-03-12T02:33:13.516+0000] {logging_mixin.py:188} INFO - [2026-03-12T02:33:13.516+0000] {dag.py:3036} INFO - Sync 1 DAGs
[2026-03-12T02:33:13.529+0000] {logging_mixin.py:188} INFO - [2026-03-12T02:33:13.529+0000] {dag.py:3823} INFO - Setting next_dagrun for example_task_group to 2026-03-11 00:00:00+00:00, run_after=2026-03-12 00:00:00+00:00
[2026-03-12T02:33:13.542+0000] {processor.py:183} INFO - Processing /home/airflow/.local/lib/python3.8/site-packages/airflow/example_dags/example_task_group.py took 0.044 seconds
[2026-03-12T02:33:44.412+0000] {processor.py:161} INFO - Started process (PID=2857) to work on /home/airflow/.local/lib/python3.8/site-packages/airflow/example_dags/example_task_group.py
[2026-03-12T02:33:44.412+0000] {processor.py:830} INFO - Processing file /home/airflow/.local/lib/python3.8/site-packages/airflow/example_dags/example_task_group.py for tasks to queue
[2026-03-12T02:33:44.413+0000] {logging_mixin.py:188} INFO - [2026-03-12T02:33:44.413+0000] {dagbag.py:538} INFO - Filling up the DagBag from /home/airflow/.local/lib/python3.8/site-packages/airflow/example_dags/example_task_group.py
[2026-03-12T02:33:44.417+0000] {processor.py:840} INFO - DAG(s) 'example_task_group' retrieved from /home/airflow/.local/lib/python3.8/site-packages/airflow/example_dags/example_task_group.py
[2026-03-12T02:33:44.434+0000] {logging_mixin.py:188} INFO - [2026-03-12T02:33:44.434+0000] {dag.py:3036} INFO - Sync 1 DAGs
[2026-03-12T02:33:44.447+0000] {logging_mixin.py:188} INFO - [2026-03-12T02:33:44.447+0000] {dag.py:3823} INFO - Setting next_dagrun for example_task_group to 2026-03-11 00:00:00+00:00, run_after=2026-03-12 00:00:00+00:00
[2026-03-12T02:33:44.460+0000] {processor.py:183} INFO - Processing /home/airflow/.local/lib/python3.8/site-packages/airflow/example_dags/example_task_group.py took 0.050 seconds
[2026-03-12T02:34:15.335+0000] {processor.py:161} INFO - Started process (PID=2933) to work on /home/airflow/.local/lib/python3.8/site-packages/airflow/example_dags/example_task_group.py
[2026-03-12T02:34:15.336+0000] {processor.py:830} INFO - Processing file /home/airflow/.local/lib/python3.8/site-packages/airflow/example_dags/example_task_group.py for tasks to queue
[2026-03-12T02:34:15.337+0000] {logging_mixin.py:188} INFO - [2026-03-12T02:34:15.337+0000] {dagbag.py:538} INFO - Filling up the DagBag from /home/airflow/.local/lib/python3.8/site-packages/airflow/example_dags/example_task_group.py
[2026-03-12T02:34:15.340+0000] {processor.py:840} INFO - DAG(s) 'example_task_group' retrieved from /home/airflow/.local/lib/python3.8/site-packages/airflow/example_dags/example_task_group.py
[2026-03-12T02:34:15.349+0000] {logging_mixin.py:188} INFO - [2026-03-12T02:34:15.349+0000] {dag.py:3036} INFO - Sync 1 DAGs
[2026-03-12T02:34:15.359+0000] {logging_mixin.py:188} INFO - [2026-03-12T02:34:15.358+0000] {dag.py:3823} INFO - Setting next_dagrun for example_task_group to 2026-03-11 00:00:00+00:00, run_after=2026-03-12 00:00:00+00:00
[2026-03-12T02:34:15.368+0000] {processor.py:183} INFO - Processing /home/airflow/.local/lib/python3.8/site-packages/airflow/example_dags/example_task_group.py took 0.034 seconds
[2026-03-12T02:34:46.168+0000] {processor.py:161} INFO - Started process (PID=3009) to work on /home/airflow/.local/lib/python3.8/site-packages/airflow/example_dags/example_task_group.py
[2026-03-12T02:34:46.168+0000] {processor.py:830} INFO - Processing file /home/airflow/.local/lib/python3.8/site-packages/airflow/example_dags/example_task_group.py for tasks to queue
[2026-03-12T02:34:46.169+0000] {logging_mixin.py:188} INFO - [2026-03-12T02:34:46.169+0000] {dagbag.py:538} INFO - Filling up the DagBag from /home/airflow/.local/lib/python3.8/site-packages/airflow/example_dags/example_task_group.py
[2026-03-12T02:34:46.172+0000] {processor.py:840} INFO - DAG(s) 'example_task_group' retrieved from /home/airflow/.local/lib/python3.8/site-packages/airflow/example_dags/example_task_group.py
[2026-03-12T02:34:46.180+0000] {logging_mixin.py:188} INFO - [2026-03-12T02:34:46.180+0000] {dag.py:3036} INFO - Sync 1 DAGs
[2026-03-12T02:34:46.188+0000] {logging_mixin.py:188} INFO - [2026-03-12T02:34:46.188+0000] {dag.py:3823} INFO - Setting next_dagrun for example_task_group to 2026-03-11 00:00:00+00:00, run_after=2026-03-12 00:00:00+00:00
[2026-03-12T02:34:46.194+0000] {processor.py:183} INFO - Processing /home/airflow/.local/lib/python3.8/site-packages/airflow/example_dags/example_task_group.py took 0.028 seconds
[2026-03-12T02:35:16.980+0000] {processor.py:161} INFO - Started process (PID=3085) to work on /home/airflow/.local/lib/python3.8/site-packages/airflow/example_dags/example_task_group.py
[2026-03-12T02:35:16.981+0000] {processor.py:830} INFO - Processing file /home/airflow/.local/lib/python3.8/site-packages/airflow/example_dags/example_task_group.py for tasks to queue
[2026-03-12T02:35:16.982+0000] {logging_mixin.py:188} INFO - [2026-03-12T02:35:16.982+0000] {dagbag.py:538} INFO - Filling up the DagBag from /home/airflow/.local/lib/python3.8/site-packages/airflow/example_dags/example_task_group.py
[2026-03-12T02:35:16.987+0000] {processor.py:840} INFO - DAG(s) 'example_task_group' retrieved from /home/airflow/.local/lib/python3.8/site-packages/airflow/example_dags/example_task_group.py
[2026-03-12T02:35:17.004+0000] {logging_mixin.py:188} INFO - [2026-03-12T02:35:17.004+0000] {dag.py:3036} INFO - Sync 1 DAGs
[2026-03-12T02:35:17.015+0000] {logging_mixin.py:188} INFO - [2026-03-12T02:35:17.015+0000] {dag.py:3823} INFO - Setting next_dagrun for example_task_group to 2026-03-11 00:00:00+00:00, run_after=2026-03-12 00:00:00+00:00
[2026-03-12T02:35:17.026+0000] {processor.py:183} INFO - Processing /home/airflow/.local/lib/python3.8/site-packages/airflow/example_dags/example_task_group.py took 0.048 seconds
[2026-03-12T02:35:47.773+0000] {processor.py:161} INFO - Started process (PID=3161) to work on /home/airflow/.local/lib/python3.8/site-packages/airflow/example_dags/example_task_group.py
[2026-03-12T02:35:47.774+0000] {processor.py:830} INFO - Processing file /home/airflow/.local/lib/python3.8/site-packages/airflow/example_dags/example_task_group.py for tasks to queue
[2026-03-12T02:35:47.776+0000] {logging_mixin.py:188} INFO - [2026-03-12T02:35:47.775+0000] {dagbag.py:538} INFO - Filling up the DagBag from /home/airflow/.local/lib/python3.8/site-packages/airflow/example_dags/example_task_group.py
[2026-03-12T02:35:47.779+0000] {processor.py:840} INFO - DAG(s) 'example_task_group' retrieved from /home/airflow/.local/lib/python3.8/site-packages/airflow/example_dags/example_task_group.py
[2026-03-12T02:35:47.788+0000] {logging_mixin.py:188} INFO - [2026-03-12T02:35:47.788+0000] {dag.py:3036} INFO - Sync 1 DAGs
[2026-03-12T02:35:47.799+0000] {logging_mixin.py:188} INFO - [2026-03-12T02:35:47.799+0000] {dag.py:3823} INFO - Setting next_dagrun for example_task_group to 2026-03-11 00:00:00+00:00, run_after=2026-03-12 00:00:00+00:00
[2026-03-12T02:35:47.812+0000] {processor.py:183} INFO - Processing /home/airflow/.local/lib/python3.8/site-packages/airflow/example_dags/example_task_group.py took 0.040 seconds
[2026-03-12T02:36:18.620+0000] {processor.py:161} INFO - Started process (PID=3237) to work on /home/airflow/.local/lib/python3.8/site-packages/airflow/example_dags/example_task_group.py
[2026-03-12T02:36:18.621+0000] {processor.py:830} INFO - Processing file /home/airflow/.local/lib/python3.8/site-packages/airflow/example_dags/example_task_group.py for tasks to queue
[2026-03-12T02:36:18.622+0000] {logging_mixin.py:188} INFO - [2026-03-12T02:36:18.622+0000] {dagbag.py:538} INFO - Filling up the DagBag from /home/airflow/.local/lib/python3.8/site-packages/airflow/example_dags/example_task_group.py
[2026-03-12T02:36:18.625+0000] {processor.py:840} INFO - DAG(s) 'example_task_group' retrieved from /home/airflow/.local/lib/python3.8/site-packages/airflow/example_dags/example_task_group.py
[2026-03-12T02:36:18.638+0000] {logging_mixin.py:188} INFO - [2026-03-12T02:36:18.638+0000] {dag.py:3036} INFO - Sync 1 DAGs
[2026-03-12T02:36:18.646+0000] {logging_mixin.py:188} INFO - [2026-03-12T02:36:18.646+0000] {dag.py:3823} INFO - Setting next_dagrun for example_task_group to 2026-03-11 00:00:00+00:00, run_after=2026-03-12 00:00:00+00:00
[2026-03-12T02:36:18.654+0000] {processor.py:183} INFO - Processing /home/airflow/.local/lib/python3.8/site-packages/airflow/example_dags/example_task_group.py took 0.035 seconds
[2026-03-12T02:36:49.228+0000] {processor.py:161} INFO - Started process (PID=3313) to work on /home/airflow/.local/lib/python3.8/site-packages/airflow/example_dags/example_task_group.py
[2026-03-12T02:36:49.230+0000] {processor.py:830} INFO - Processing file /home/airflow/.local/lib/python3.8/site-packages/airflow/example_dags/example_task_group.py for tasks to queue
[2026-03-12T02:36:49.232+0000] {logging_mixin.py:188} INFO - [2026-03-12T02:36:49.232+0000] {dagbag.py:538} INFO - Filling up the DagBag from /home/airflow/.local/lib/python3.8/site-packages/airflow/example_dags/example_task_group.py
[2026-03-12T02:36:49.235+0000] {processor.py:840} INFO - DAG(s) 'example_task_group' retrieved from /home/airflow/.local/lib/python3.8/site-packages/airflow/example_dags/example_task_group.py
[2026-03-12T02:36:49.245+0000] {logging_mixin.py:188} INFO - [2026-03-12T02:36:49.245+0000] {dag.py:3036} INFO - Sync 1 DAGs
[2026-03-12T02:36:49.254+0000] {logging_mixin.py:188} INFO - [2026-03-12T02:36:49.254+0000] {dag.py:3823} INFO - Setting next_dagrun for example_task_group to 2026-03-11 00:00:00+00:00, run_after=2026-03-12 00:00:00+00:00
[2026-03-12T02:36:49.264+0000] {processor.py:183} INFO - Processing /home/airflow/.local/lib/python3.8/site-packages/airflow/example_dags/example_task_group.py took 0.037 seconds
[2026-03-12T02:37:20.018+0000] {processor.py:161} INFO - Started process (PID=3389) to work on /home/airflow/.local/lib/python3.8/site-packages/airflow/example_dags/example_task_group.py
[2026-03-12T02:37:20.020+0000] {processor.py:830} INFO - Processing file /home/airflow/.local/lib/python3.8/site-packages/airflow/example_dags/example_task_group.py for tasks to queue
[2026-03-12T02:37:20.021+0000] {logging_mixin.py:188} INFO - [2026-03-12T02:37:20.021+0000] {dagbag.py:538} INFO - Filling up the DagBag from /home/airflow/.local/lib/python3.8/site-packages/airflow/example_dags/example_task_group.py
[2026-03-12T02:37:20.024+0000] {processor.py:840} INFO - DAG(s) 'example_task_group' retrieved from /home/airflow/.local/lib/python3.8/site-packages/airflow/example_dags/example_task_group.py
[2026-03-12T02:37:20.034+0000] {logging_mixin.py:188} INFO - [2026-03-12T02:37:20.034+0000] {dag.py:3036} INFO - Sync 1 DAGs
[2026-03-12T02:37:20.042+0000] {logging_mixin.py:188} INFO - [2026-03-12T02:37:20.042+0000] {dag.py:3823} INFO - Setting next_dagrun for example_task_group to 2026-03-11 00:00:00+00:00, run_after=2026-03-12 00:00:00+00:00
[2026-03-12T02:37:20.053+0000] {processor.py:183} INFO - Processing /home/airflow/.local/lib/python3.8/site-packages/airflow/example_dags/example_task_group.py took 0.036 seconds
[2026-03-12T02:37:50.814+0000] {processor.py:161} INFO - Started process (PID=3465) to work on /home/airflow/.local/lib/python3.8/site-packages/airflow/example_dags/example_task_group.py
[2026-03-12T02:37:50.815+0000] {processor.py:830} INFO - Processing file /home/airflow/.local/lib/python3.8/site-packages/airflow/example_dags/example_task_group.py for tasks to queue
[2026-03-12T02:37:50.816+0000] {logging_mixin.py:188} INFO - [2026-03-12T02:37:50.816+0000] {dagbag.py:538} INFO - Filling up the DagBag from /home/airflow/.local/lib/python3.8/site-packages/airflow/example_dags/example_task_group.py
[2026-03-12T02:37:50.820+0000] {processor.py:840} INFO - DAG(s) 'example_task_group' retrieved from /home/airflow/.local/lib/python3.8/site-packages/airflow/example_dags/example_task_group.py
[2026-03-12T02:37:50.828+0000] {logging_mixin.py:188} INFO - [2026-03-12T02:37:50.828+0000] {dag.py:3036} INFO - Sync 1 DAGs
[2026-03-12T02:37:50.837+0000] {logging_mixin.py:188} INFO - [2026-03-12T02:37:50.837+0000] {dag.py:3823} INFO - Setting next_dagrun for example_task_group to 2026-03-11 00:00:00+00:00, run_after=2026-03-12 00:00:00+00:00
[2026-03-12T02:37:50.846+0000] {processor.py:183} INFO - Processing /home/airflow/.local/lib/python3.8/site-packages/airflow/example_dags/example_task_group.py took 0.033 seconds
[2026-03-12T02:38:21.217+0000] {processor.py:161} INFO - Started process (PID=3541) to work on /home/airflow/.local/lib/python3.8/site-packages/airflow/example_dags/example_task_group.py
[2026-03-12T02:38:21.218+0000] {processor.py:830} INFO - Processing file /home/airflow/.local/lib/python3.8/site-packages/airflow/example_dags/example_task_group.py for tasks to queue
[2026-03-12T02:38:21.219+0000] {logging_mixin.py:188} INFO - [2026-03-12T02:38:21.219+0000] {dagbag.py:538} INFO - Filling up the DagBag from /home/airflow/.local/lib/python3.8/site-packages/airflow/example_dags/example_task_group.py
[2026-03-12T02:38:21.222+0000] {processor.py:840} INFO - DAG(s) 'example_task_group' retrieved from /home/airflow/.local/lib/python3.8/site-packages/airflow/example_dags/example_task_group.py
[2026-03-12T02:38:21.231+0000] {logging_mixin.py:188} INFO - [2026-03-12T02:38:21.231+0000] {dag.py:3036} INFO - Sync 1 DAGs
[2026-03-12T02:38:21.238+0000] {logging_mixin.py:188} INFO - [2026-03-12T02:38:21.238+0000] {dag.py:3823} INFO - Setting next_dagrun for example_task_group to 2026-03-11 00:00:00+00:00, run_after=2026-03-12 00:00:00+00:00
[2026-03-12T02:38:21.248+0000] {processor.py:183} INFO - Processing /home/airflow/.local/lib/python3.8/site-packages/airflow/example_dags/example_task_group.py took 0.033 seconds
[2026-03-12T02:38:51.332+0000] {processor.py:161} INFO - Started process (PID=3617) to work on /home/airflow/.local/lib/python3.8/site-packages/airflow/example_dags/example_task_group.py
[2026-03-12T02:38:51.333+0000] {processor.py:830} INFO - Processing file /home/airflow/.local/lib/python3.8/site-packages/airflow/example_dags/example_task_group.py for tasks to queue
[2026-03-12T02:38:51.334+0000] {logging_mixin.py:188} INFO - [2026-03-12T02:38:51.334+0000] {dagbag.py:538} INFO - Filling up the DagBag from /home/airflow/.local/lib/python3.8/site-packages/airflow/example_dags/example_task_group.py
[2026-03-12T02:38:51.337+0000] {processor.py:840} INFO - DAG(s) 'example_task_group' retrieved from /home/airflow/.local/lib/python3.8/site-packages/airflow/example_dags/example_task_group.py
[2026-03-12T02:38:51.349+0000] {logging_mixin.py:188} INFO - [2026-03-12T02:38:51.349+0000] {dag.py:3036} INFO - Sync 1 DAGs
[2026-03-12T02:38:51.358+0000] {logging_mixin.py:188} INFO - [2026-03-12T02:38:51.358+0000] {dag.py:3823} INFO - Setting next_dagrun for example_task_group to 2026-03-11 00:00:00+00:00, run_after=2026-03-12 00:00:00+00:00
[2026-03-12T02:38:51.367+0000] {processor.py:183} INFO - Processing /home/airflow/.local/lib/python3.8/site-packages/airflow/example_dags/example_task_group.py took 0.036 seconds
[2026-03-12T02:39:21.650+0000] {processor.py:161} INFO - Started process (PID=3693) to work on /home/airflow/.local/lib/python3.8/site-packages/airflow/example_dags/example_task_group.py
[2026-03-12T02:39:21.651+0000] {processor.py:830} INFO - Processing file /home/airflow/.local/lib/python3.8/site-packages/airflow/example_dags/example_task_group.py for tasks to queue
[2026-03-12T02:39:21.652+0000] {logging_mixin.py:188} INFO - [2026-03-12T02:39:21.652+0000] {dagbag.py:538} INFO - Filling up the DagBag from /home/airflow/.local/lib/python3.8/site-packages/airflow/example_dags/example_task_group.py
[2026-03-12T02:39:21.655+0000] {processor.py:840} INFO - DAG(s) 'example_task_group' retrieved from /home/airflow/.local/lib/python3.8/site-packages/airflow/example_dags/example_task_group.py
[2026-03-12T02:39:21.666+0000] {logging_mixin.py:188} INFO - [2026-03-12T02:39:21.666+0000] {dag.py:3036} INFO - Sync 1 DAGs
[2026-03-12T02:39:21.675+0000] {logging_mixin.py:188} INFO - [2026-03-12T02:39:21.675+0000] {dag.py:3823} INFO - Setting next_dagrun for example_task_group to 2026-03-11 00:00:00+00:00, run_after=2026-03-12 00:00:00+00:00
[2026-03-12T02:39:21.684+0000] {processor.py:183} INFO - Processing /home/airflow/.local/lib/python3.8/site-packages/airflow/example_dags/example_task_group.py took 0.035 seconds
[2026-03-12T02:39:52.856+0000] {processor.py:161} INFO - Started process (PID=3769) to work on /home/airflow/.local/lib/python3.8/site-packages/airflow/example_dags/example_task_group.py
[2026-03-12T02:39:52.857+0000] {processor.py:830} INFO - Processing file /home/airflow/.local/lib/python3.8/site-packages/airflow/example_dags/example_task_group.py for tasks to queue
[2026-03-12T02:39:52.858+0000] {logging_mixin.py:188} INFO - [2026-03-12T02:39:52.858+0000] {dagbag.py:538} INFO - Filling up the DagBag from /home/airflow/.local/lib/python3.8/site-packages/airflow/example_dags/example_task_group.py
[2026-03-12T02:39:52.862+0000] {processor.py:840} INFO - DAG(s) 'example_task_group' retrieved from /home/airflow/.local/lib/python3.8/site-packages/airflow/example_dags/example_task_group.py
[2026-03-12T02:39:52.870+0000] {logging_mixin.py:188} INFO - [2026-03-12T02:39:52.870+0000] {dag.py:3036} INFO - Sync 1 DAGs
[2026-03-12T02:39:52.881+0000] {logging_mixin.py:188} INFO - [2026-03-12T02:39:52.881+0000] {dag.py:3823} INFO - Setting next_dagrun for example_task_group to 2026-03-11 00:00:00+00:00, run_after=2026-03-12 00:00:00+00:00
[2026-03-12T02:39:52.892+0000] {processor.py:183} INFO - Processing /home/airflow/.local/lib/python3.8/site-packages/airflow/example_dags/example_task_group.py took 0.038 seconds
[2026-03-12T02:40:23.992+0000] {processor.py:161} INFO - Started process (PID=3845) to work on /home/airflow/.local/lib/python3.8/site-packages/airflow/example_dags/example_task_group.py
[2026-03-12T02:40:23.993+0000] {processor.py:830} INFO - Processing file /home/airflow/.local/lib/python3.8/site-packages/airflow/example_dags/example_task_group.py for tasks to queue
[2026-03-12T02:40:23.994+0000] {logging_mixin.py:188} INFO - [2026-03-12T02:40:23.994+0000] {dagbag.py:538} INFO - Filling up the DagBag from /home/airflow/.local/lib/python3.8/site-packages/airflow/example_dags/example_task_group.py
[2026-03-12T02:40:23.997+0000] {processor.py:840} INFO - DAG(s) 'example_task_group' retrieved from /home/airflow/.local/lib/python3.8/site-packages/airflow/example_dags/example_task_group.py
[2026-03-12T02:40:24.006+0000] {logging_mixin.py:188} INFO - [2026-03-12T02:40:24.006+0000] {dag.py:3036} INFO - Sync 1 DAGs
[2026-03-12T02:40:24.016+0000] {logging_mixin.py:188} INFO - [2026-03-12T02:40:24.016+0000] {dag.py:3823} INFO - Setting next_dagrun for example_task_group to 2026-03-11 00:00:00+00:00, run_after=2026-03-12 00:00:00+00:00
[2026-03-12T02:40:24.032+0000] {processor.py:183} INFO - Processing /home/airflow/.local/lib/python3.8/site-packages/airflow/example_dags/example_task_group.py took 0.043 seconds
[2026-03-12T02:40:54.948+0000] {processor.py:161} INFO - Started process (PID=3921) to work on /home/airflow/.local/lib/python3.8/site-packages/airflow/example_dags/example_task_group.py
[2026-03-12T02:40:54.948+0000] {processor.py:830} INFO - Processing file /home/airflow/.local/lib/python3.8/site-packages/airflow/example_dags/example_task_group.py for tasks to queue
[2026-03-12T02:40:54.950+0000] {logging_mixin.py:188} INFO - [2026-03-12T02:40:54.950+0000] {dagbag.py:538} INFO - Filling up the DagBag from /home/airflow/.local/lib/python3.8/site-packages/airflow/example_dags/example_task_group.py
[2026-03-12T02:40:54.953+0000] {processor.py:840} INFO - DAG(s) 'example_task_group' retrieved from /home/airflow/.local/lib/python3.8/site-packages/airflow/example_dags/example_task_group.py
[2026-03-12T02:40:54.967+0000] {logging_mixin.py:188} INFO - [2026-03-12T02:40:54.967+0000] {dag.py:3036} INFO - Sync 1 DAGs
[2026-03-12T02:40:54.975+0000] {logging_mixin.py:188} INFO - [2026-03-12T02:40:54.974+0000] {dag.py:3823} INFO - Setting next_dagrun for example_task_group to 2026-03-11 00:00:00+00:00, run_after=2026-03-12 00:00:00+00:00
[2026-03-12T02:40:54.984+0000] {processor.py:183} INFO - Processing /home/airflow/.local/lib/python3.8/site-packages/airflow/example_dags/example_task_group.py took 0.038 seconds
[2026-03-12T02:41:25.778+0000] {processor.py:161} INFO - Started process (PID=3997) to work on /home/airflow/.local/lib/python3.8/site-packages/airflow/example_dags/example_task_group.py
[2026-03-12T02:41:25.779+0000] {processor.py:830} INFO - Processing file /home/airflow/.local/lib/python3.8/site-packages/airflow/example_dags/example_task_group.py for tasks to queue
[2026-03-12T02:41:25.780+0000] {logging_mixin.py:188} INFO - [2026-03-12T02:41:25.780+0000] {dagbag.py:538} INFO - Filling up the DagBag from /home/airflow/.local/lib/python3.8/site-packages/airflow/example_dags/example_task_group.py
[2026-03-12T02:41:25.784+0000] {processor.py:840} INFO - DAG(s) 'example_task_group' retrieved from /home/airflow/.local/lib/python3.8/site-packages/airflow/example_dags/example_task_group.py
[2026-03-12T02:41:25.796+0000] {logging_mixin.py:188} INFO - [2026-03-12T02:41:25.796+0000] {dag.py:3036} INFO - Sync 1 DAGs
[2026-03-12T02:41:25.806+0000] {logging_mixin.py:188} INFO - [2026-03-12T02:41:25.806+0000] {dag.py:3823} INFO - Setting next_dagrun for example_task_group to 2026-03-11 00:00:00+00:00, run_after=2026-03-12 00:00:00+00:00
[2026-03-12T02:41:25.816+0000] {processor.py:183} INFO - Processing /home/airflow/.local/lib/python3.8/site-packages/airflow/example_dags/example_task_group.py took 0.039 seconds
[2026-03-12T02:41:56.585+0000] {processor.py:161} INFO - Started process (PID=4073) to work on /home/airflow/.local/lib/python3.8/site-packages/airflow/example_dags/example_task_group.py
[2026-03-12T02:41:56.586+0000] {processor.py:830} INFO - Processing file /home/airflow/.local/lib/python3.8/site-packages/airflow/example_dags/example_task_group.py for tasks to queue
[2026-03-12T02:41:56.587+0000] {logging_mixin.py:188} INFO - [2026-03-12T02:41:56.587+0000] {dagbag.py:538} INFO - Filling up the DagBag from /home/airflow/.local/lib/python3.8/site-packages/airflow/example_dags/example_task_group.py
[2026-03-12T02:41:56.590+0000] {processor.py:840} INFO - DAG(s) 'example_task_group' retrieved from /home/airflow/.local/lib/python3.8/site-packages/airflow/example_dags/example_task_group.py
[2026-03-12T02:41:56.603+0000] {logging_mixin.py:188} INFO - [2026-03-12T02:41:56.603+0000] {dag.py:3036} INFO - Sync 1 DAGs
[2026-03-12T02:41:56.613+0000] {logging_mixin.py:188} INFO - [2026-03-12T02:41:56.613+0000] {dag.py:3823} INFO - Setting next_dagrun for example_task_group to 2026-03-11 00:00:00+00:00, run_after=2026-03-12 00:00:00+00:00
[2026-03-12T02:41:56.621+0000] {processor.py:183} INFO - Processing /home/airflow/.local/lib/python3.8/site-packages/airflow/example_dags/example_task_group.py took 0.037 seconds
[2026-03-12T02:42:27.785+0000] {processor.py:161} INFO - Started process (PID=4149) to work on /home/airflow/.local/lib/python3.8/site-packages/airflow/example_dags/example_task_group.py
[2026-03-12T02:42:27.787+0000] {processor.py:830} INFO - Processing file /home/airflow/.local/lib/python3.8/site-packages/airflow/example_dags/example_task_group.py for tasks to queue
[2026-03-12T02:42:27.787+0000] {logging_mixin.py:188} INFO - [2026-03-12T02:42:27.787+0000] {dagbag.py:538} INFO - Filling up the DagBag from /home/airflow/.local/lib/python3.8/site-packages/airflow/example_dags/example_task_group.py
[2026-03-12T02:42:27.790+0000] {processor.py:840} INFO - DAG(s) 'example_task_group' retrieved from /home/airflow/.local/lib/python3.8/site-packages/airflow/example_dags/example_task_group.py
[2026-03-12T02:42:27.800+0000] {logging_mixin.py:188} INFO - [2026-03-12T02:42:27.800+0000] {dag.py:3036} INFO - Sync 1 DAGs
[2026-03-12T02:42:27.809+0000] {logging_mixin.py:188} INFO - [2026-03-12T02:42:27.809+0000] {dag.py:3823} INFO - Setting next_dagrun for example_task_group to 2026-03-11 00:00:00+00:00, run_after=2026-03-12 00:00:00+00:00
[2026-03-12T02:42:27.822+0000] {processor.py:183} INFO - Processing /home/airflow/.local/lib/python3.8/site-packages/airflow/example_dags/example_task_group.py took 0.039 seconds
[2026-03-12T02:42:58.671+0000] {processor.py:161} INFO - Started process (PID=4225) to work on /home/airflow/.local/lib/python3.8/site-packages/airflow/example_dags/example_task_group.py
[2026-03-12T02:42:58.671+0000] {processor.py:830} INFO - Processing file /home/airflow/.local/lib/python3.8/site-packages/airflow/example_dags/example_task_group.py for tasks to queue
[2026-03-12T02:42:58.672+0000] {logging_mixin.py:188} INFO - [2026-03-12T02:42:58.672+0000] {dagbag.py:538} INFO - Filling up the DagBag from /home/airflow/.local/lib/python3.8/site-packages/airflow/example_dags/example_task_group.py
[2026-03-12T02:42:58.675+0000] {processor.py:840} INFO - DAG(s) 'example_task_group' retrieved from /home/airflow/.local/lib/python3.8/site-packages/airflow/example_dags/example_task_group.py
[2026-03-12T02:42:58.686+0000] {logging_mixin.py:188} INFO - [2026-03-12T02:42:58.686+0000] {dag.py:3036} INFO - Sync 1 DAGs
[2026-03-12T02:42:58.692+0000] {logging_mixin.py:188} INFO - [2026-03-12T02:42:58.692+0000] {dag.py:3823} INFO - Setting next_dagrun for example_task_group to 2026-03-11 00:00:00+00:00, run_after=2026-03-12 00:00:00+00:00
[2026-03-12T02:42:58.701+0000] {processor.py:183} INFO - Processing /home/airflow/.local/lib/python3.8/site-packages/airflow/example_dags/example_task_group.py took 0.031 seconds
[2026-03-12T02:43:29.131+0000] {processor.py:161} INFO - Started process (PID=4301) to work on /home/airflow/.local/lib/python3.8/site-packages/airflow/example_dags/example_task_group.py
[2026-03-12T02:43:29.132+0000] {processor.py:830} INFO - Processing file /home/airflow/.local/lib/python3.8/site-packages/airflow/example_dags/example_task_group.py for tasks to queue
[2026-03-12T02:43:29.133+0000] {logging_mixin.py:188} INFO - [2026-03-12T02:43:29.133+0000] {dagbag.py:538} INFO - Filling up the DagBag from /home/airflow/.local/lib/python3.8/site-packages/airflow/example_dags/example_task_group.py
[2026-03-12T02:43:29.135+0000] {processor.py:840} INFO - DAG(s) 'example_task_group' retrieved from /home/airflow/.local/lib/python3.8/site-packages/airflow/example_dags/example_task_group.py
[2026-03-12T02:43:29.146+0000] {logging_mixin.py:188} INFO - [2026-03-12T02:43:29.145+0000] {dag.py:3036} INFO - Sync 1 DAGs
[2026-03-12T02:43:29.155+0000] {logging_mixin.py:188} INFO - [2026-03-12T02:43:29.155+0000] {dag.py:3823} INFO - Setting next_dagrun for example_task_group to 2026-03-11 00:00:00+00:00, run_after=2026-03-12 00:00:00+00:00
[2026-03-12T02:43:29.166+0000] {processor.py:183} INFO - Processing /home/airflow/.local/lib/python3.8/site-packages/airflow/example_dags/example_task_group.py took 0.036 seconds
[2026-03-12T02:43:59.531+0000] {processor.py:161} INFO - Started process (PID=4377) to work on /home/airflow/.local/lib/python3.8/site-packages/airflow/example_dags/example_task_group.py
[2026-03-12T02:43:59.531+0000] {processor.py:830} INFO - Processing file /home/airflow/.local/lib/python3.8/site-packages/airflow/example_dags/example_task_group.py for tasks to queue
[2026-03-12T02:43:59.532+0000] {logging_mixin.py:188} INFO - [2026-03-12T02:43:59.532+0000] {dagbag.py:538} INFO - Filling up the DagBag from /home/airflow/.local/lib/python3.8/site-packages/airflow/example_dags/example_task_group.py
[2026-03-12T02:43:59.535+0000] {processor.py:840} INFO - DAG(s) 'example_task_group' retrieved from /home/airflow/.local/lib/python3.8/site-packages/airflow/example_dags/example_task_group.py
[2026-03-12T02:43:59.546+0000] {logging_mixin.py:188} INFO - [2026-03-12T02:43:59.546+0000] {dag.py:3036} INFO - Sync 1 DAGs
[2026-03-12T02:43:59.554+0000] {logging_mixin.py:188} INFO - [2026-03-12T02:43:59.554+0000] {dag.py:3823} INFO - Setting next_dagrun for example_task_group to 2026-03-11 00:00:00+00:00, run_after=2026-03-12 00:00:00+00:00
[2026-03-12T02:43:59.564+0000] {processor.py:183} INFO - Processing /home/airflow/.local/lib/python3.8/site-packages/airflow/example_dags/example_task_group.py took 0.034 seconds
[2026-03-12T02:44:29.894+0000] {processor.py:161} INFO - Started process (PID=4453) to work on /home/airflow/.local/lib/python3.8/site-packages/airflow/example_dags/example_task_group.py
[2026-03-12T02:44:29.895+0000] {processor.py:830} INFO - Processing file /home/airflow/.local/lib/python3.8/site-packages/airflow/example_dags/example_task_group.py for tasks to queue
[2026-03-12T02:44:29.896+0000] {logging_mixin.py:188} INFO - [2026-03-12T02:44:29.896+0000] {dagbag.py:538} INFO - Filling up the DagBag from /home/airflow/.local/lib/python3.8/site-packages/airflow/example_dags/example_task_group.py
[2026-03-12T02:44:29.900+0000] {processor.py:840} INFO - DAG(s) 'example_task_group' retrieved from /home/airflow/.local/lib/python3.8/site-packages/airflow/example_dags/example_task_group.py
[2026-03-12T02:44:29.915+0000] {logging_mixin.py:188} INFO - [2026-03-12T02:44:29.915+0000] {dag.py:3036} INFO - Sync 1 DAGs
[2026-03-12T02:44:29.925+0000] {logging_mixin.py:188} INFO - [2026-03-12T02:44:29.925+0000] {dag.py:3823} INFO - Setting next_dagrun for example_task_group to 2026-03-11 00:00:00+00:00, run_after=2026-03-12 00:00:00+00:00
[2026-03-12T02:44:29.932+0000] {processor.py:183} INFO - Processing /home/airflow/.local/lib/python3.8/site-packages/airflow/example_dags/example_task_group.py took 0.039 seconds
[2026-03-12T02:45:00.373+0000] {processor.py:161} INFO - Started process (PID=4529) to work on /home/airflow/.local/lib/python3.8/site-packages/airflow/example_dags/example_task_group.py
[2026-03-12T02:45:00.373+0000] {processor.py:830} INFO - Processing file /home/airflow/.local/lib/python3.8/site-packages/airflow/example_dags/example_task_group.py for tasks to queue
[2026-03-12T02:45:00.375+0000] {logging_mixin.py:188} INFO - [2026-03-12T02:45:00.375+0000] {dagbag.py:538} INFO - Filling up the DagBag from /home/airflow/.local/lib/python3.8/site-packages/airflow/example_dags/example_task_group.py
[2026-03-12T02:45:00.378+0000] {processor.py:840} INFO - DAG(s) 'example_task_group' retrieved from /home/airflow/.local/lib/python3.8/site-packages/airflow/example_dags/example_task_group.py
[2026-03-12T02:45:00.389+0000] {logging_mixin.py:188} INFO - [2026-03-12T02:45:00.389+0000] {dag.py:3036} INFO - Sync 1 DAGs
[2026-03-12T02:45:00.397+0000] {logging_mixin.py:188} INFO - [2026-03-12T02:45:00.397+0000] {dag.py:3823} INFO - Setting next_dagrun for example_task_group to 2026-03-11 00:00:00+00:00, run_after=2026-03-12 00:00:00+00:00
[2026-03-12T02:45:00.404+0000] {processor.py:183} INFO - Processing /home/airflow/.local/lib/python3.8/site-packages/airflow/example_dags/example_task_group.py took 0.032 seconds
[2026-03-12T02:45:30.713+0000] {processor.py:161} INFO - Started process (PID=4605) to work on /home/airflow/.local/lib/python3.8/site-packages/airflow/example_dags/example_task_group.py
[2026-03-12T02:45:30.714+0000] {processor.py:830} INFO - Processing file /home/airflow/.local/lib/python3.8/site-packages/airflow/example_dags/example_task_group.py for tasks to queue
[2026-03-12T02:45:30.714+0000] {logging_mixin.py:188} INFO - [2026-03-12T02:45:30.714+0000] {dagbag.py:538} INFO - Filling up the DagBag from /home/airflow/.local/lib/python3.8/site-packages/airflow/example_dags/example_task_group.py
[2026-03-12T02:45:30.717+0000] {processor.py:840} INFO - DAG(s) 'example_task_group' retrieved from /home/airflow/.local/lib/python3.8/site-packages/airflow/example_dags/example_task_group.py
[2026-03-12T02:45:30.728+0000] {logging_mixin.py:188} INFO - [2026-03-12T02:45:30.728+0000] {dag.py:3036} INFO - Sync 1 DAGs
[2026-03-12T02:45:30.735+0000] {logging_mixin.py:188} INFO - [2026-03-12T02:45:30.735+0000] {dag.py:3823} INFO - Setting next_dagrun for example_task_group to 2026-03-11 00:00:00+00:00, run_after=2026-03-12 00:00:00+00:00
[2026-03-12T02:45:30.746+0000] {processor.py:183} INFO - Processing /home/airflow/.local/lib/python3.8/site-packages/airflow/example_dags/example_task_group.py took 0.035 seconds
[2026-03-12T02:46:01.232+0000] {processor.py:161} INFO - Started process (PID=4681) to work on /home/airflow/.local/lib/python3.8/site-packages/airflow/example_dags/example_task_group.py
[2026-03-12T02:46:01.233+0000] {processor.py:830} INFO - Processing file /home/airflow/.local/lib/python3.8/site-packages/airflow/example_dags/example_task_group.py for tasks to queue
[2026-03-12T02:46:01.234+0000] {logging_mixin.py:188} INFO - [2026-03-12T02:46:01.234+0000] {dagbag.py:538} INFO - Filling up the DagBag from /home/airflow/.local/lib/python3.8/site-packages/airflow/example_dags/example_task_group.py
[2026-03-12T02:46:01.237+0000] {processor.py:840} INFO - DAG(s) 'example_task_group' retrieved from /home/airflow/.local/lib/python3.8/site-packages/airflow/example_dags/example_task_group.py
[2026-03-12T02:46:01.246+0000] {logging_mixin.py:188} INFO - [2026-03-12T02:46:01.246+0000] {dag.py:3036} INFO - Sync 1 DAGs
[2026-03-12T02:46:01.254+0000] {logging_mixin.py:188} INFO - [2026-03-12T02:46:01.254+0000] {dag.py:3823} INFO - Setting next_dagrun for example_task_group to 2026-03-11 00:00:00+00:00, run_after=2026-03-12 00:00:00+00:00
[2026-03-12T02:46:01.260+0000] {processor.py:183} INFO - Processing /home/airflow/.local/lib/python3.8/site-packages/airflow/example_dags/example_task_group.py took 0.029 seconds
[2026-03-12T02:46:31.896+0000] {processor.py:161} INFO - Started process (PID=4757) to work on /home/airflow/.local/lib/python3.8/site-packages/airflow/example_dags/example_task_group.py
[2026-03-12T02:46:31.896+0000] {processor.py:830} INFO - Processing file /home/airflow/.local/lib/python3.8/site-packages/airflow/example_dags/example_task_group.py for tasks to queue
[2026-03-12T02:46:31.897+0000] {logging_mixin.py:188} INFO - [2026-03-12T02:46:31.897+0000] {dagbag.py:538} INFO - Filling up the DagBag from /home/airflow/.local/lib/python3.8/site-packages/airflow/example_dags/example_task_group.py
[2026-03-12T02:46:31.900+0000] {processor.py:840} INFO - DAG(s) 'example_task_group' retrieved from /home/airflow/.local/lib/python3.8/site-packages/airflow/example_dags/example_task_group.py
[2026-03-12T02:46:31.908+0000] {logging_mixin.py:188} INFO - [2026-03-12T02:46:31.908+0000] {dag.py:3036} INFO - Sync 1 DAGs
[2026-03-12T02:46:31.916+0000] {logging_mixin.py:188} INFO - [2026-03-12T02:46:31.916+0000] {dag.py:3823} INFO - Setting next_dagrun for example_task_group to 2026-03-11 00:00:00+00:00, run_after=2026-03-12 00:00:00+00:00
[2026-03-12T02:46:31.926+0000] {processor.py:183} INFO - Processing /home/airflow/.local/lib/python3.8/site-packages/airflow/example_dags/example_task_group.py took 0.032 seconds
[2026-03-12T02:47:02.685+0000] {processor.py:161} INFO - Started process (PID=4833) to work on /home/airflow/.local/lib/python3.8/site-packages/airflow/example_dags/example_task_group.py
[2026-03-12T02:47:02.686+0000] {processor.py:830} INFO - Processing file /home/airflow/.local/lib/python3.8/site-packages/airflow/example_dags/example_task_group.py for tasks to queue
[2026-03-12T02:47:02.687+0000] {logging_mixin.py:188} INFO - [2026-03-12T02:47:02.686+0000] {dagbag.py:538} INFO - Filling up the DagBag from /home/airflow/.local/lib/python3.8/site-packages/airflow/example_dags/example_task_group.py
[2026-03-12T02:47:02.689+0000] {processor.py:840} INFO - DAG(s) 'example_task_group' retrieved from /home/airflow/.local/lib/python3.8/site-packages/airflow/example_dags/example_task_group.py
[2026-03-12T02:47:02.698+0000] {logging_mixin.py:188} INFO - [2026-03-12T02:47:02.698+0000] {dag.py:3036} INFO - Sync 1 DAGs
[2026-03-12T02:47:02.710+0000] {logging_mixin.py:188} INFO - [2026-03-12T02:47:02.710+0000] {dag.py:3823} INFO - Setting next_dagrun for example_task_group to 2026-03-11 00:00:00+00:00, run_after=2026-03-12 00:00:00+00:00
[2026-03-12T02:47:02.720+0000] {processor.py:183} INFO - Processing /home/airflow/.local/lib/python3.8/site-packages/airflow/example_dags/example_task_group.py took 0.036 seconds
[2026-03-12T02:47:33.385+0000] {processor.py:161} INFO - Started process (PID=4909) to work on /home/airflow/.local/lib/python3.8/site-packages/airflow/example_dags/example_task_group.py
[2026-03-12T02:47:33.386+0000] {processor.py:830} INFO - Processing file /home/airflow/.local/lib/python3.8/site-packages/airflow/example_dags/example_task_group.py for tasks to queue
[2026-03-12T02:47:33.386+0000] {logging_mixin.py:188} INFO - [2026-03-12T02:47:33.386+0000] {dagbag.py:538} INFO - Filling up the DagBag from /home/airflow/.local/lib/python3.8/site-packages/airflow/example_dags/example_task_group.py
[2026-03-12T02:47:33.389+0000] {processor.py:840} INFO - DAG(s) 'example_task_group' retrieved from /home/airflow/.local/lib/python3.8/site-packages/airflow/example_dags/example_task_group.py
[2026-03-12T02:47:33.397+0000] {logging_mixin.py:188} INFO - [2026-03-12T02:47:33.396+0000] {dag.py:3036} INFO - Sync 1 DAGs
[2026-03-12T02:47:33.405+0000] {logging_mixin.py:188} INFO - [2026-03-12T02:47:33.405+0000] {dag.py:3823} INFO - Setting next_dagrun for example_task_group to 2026-03-11 00:00:00+00:00, run_after=2026-03-12 00:00:00+00:00
[2026-03-12T02:47:33.413+0000] {processor.py:183} INFO - Processing /home/airflow/.local/lib/python3.8/site-packages/airflow/example_dags/example_task_group.py took 0.030 seconds
[2026-03-12T02:48:03.917+0000] {processor.py:161} INFO - Started process (PID=4985) to work on /home/airflow/.local/lib/python3.8/site-packages/airflow/example_dags/example_task_group.py
[2026-03-12T02:48:03.918+0000] {processor.py:830} INFO - Processing file /home/airflow/.local/lib/python3.8/site-packages/airflow/example_dags/example_task_group.py for tasks to queue
[2026-03-12T02:48:03.920+0000] {logging_mixin.py:188} INFO - [2026-03-12T02:48:03.919+0000] {dagbag.py:538} INFO - Filling up the DagBag from /home/airflow/.local/lib/python3.8/site-packages/airflow/example_dags/example_task_group.py
[2026-03-12T02:48:03.923+0000] {processor.py:840} INFO - DAG(s) 'example_task_group' retrieved from /home/airflow/.local/lib/python3.8/site-packages/airflow/example_dags/example_task_group.py
[2026-03-12T02:48:03.934+0000] {logging_mixin.py:188} INFO - [2026-03-12T02:48:03.934+0000] {dag.py:3036} INFO - Sync 1 DAGs
[2026-03-12T02:48:03.943+0000] {logging_mixin.py:188} INFO - [2026-03-12T02:48:03.943+0000] {dag.py:3823} INFO - Setting next_dagrun for example_task_group to 2026-03-11 00:00:00+00:00, run_after=2026-03-12 00:00:00+00:00
[2026-03-12T02:48:03.955+0000] {processor.py:183} INFO - Processing /home/airflow/.local/lib/python3.8/site-packages/airflow/example_dags/example_task_group.py took 0.039 seconds
[2026-03-12T02:48:35.072+0000] {processor.py:161} INFO - Started process (PID=5063) to work on /home/airflow/.local/lib/python3.8/site-packages/airflow/example_dags/example_task_group.py
[2026-03-12T02:48:35.073+0000] {processor.py:830} INFO - Processing file /home/airflow/.local/lib/python3.8/site-packages/airflow/example_dags/example_task_group.py for tasks to queue
[2026-03-12T02:48:35.074+0000] {logging_mixin.py:188} INFO - [2026-03-12T02:48:35.074+0000] {dagbag.py:538} INFO - Filling up the DagBag from /home/airflow/.local/lib/python3.8/site-packages/airflow/example_dags/example_task_group.py
[2026-03-12T02:48:35.077+0000] {processor.py:840} INFO - DAG(s) 'example_task_group' retrieved from /home/airflow/.local/lib/python3.8/site-packages/airflow/example_dags/example_task_group.py
[2026-03-12T02:48:35.093+0000] {logging_mixin.py:188} INFO - [2026-03-12T02:48:35.093+0000] {dag.py:3036} INFO - Sync 1 DAGs
[2026-03-12T02:48:35.102+0000] {logging_mixin.py:188} INFO - [2026-03-12T02:48:35.102+0000] {dag.py:3823} INFO - Setting next_dagrun for example_task_group to 2026-03-11 00:00:00+00:00, run_after=2026-03-12 00:00:00+00:00
[2026-03-12T02:48:35.109+0000] {processor.py:183} INFO - Processing /home/airflow/.local/lib/python3.8/site-packages/airflow/example_dags/example_task_group.py took 0.038 seconds
[2026-03-12T02:49:05.559+0000] {processor.py:161} INFO - Started process (PID=5139) to work on /home/airflow/.local/lib/python3.8/site-packages/airflow/example_dags/example_task_group.py
[2026-03-12T02:49:05.560+0000] {processor.py:830} INFO - Processing file /home/airflow/.local/lib/python3.8/site-packages/airflow/example_dags/example_task_group.py for tasks to queue
[2026-03-12T02:49:05.560+0000] {logging_mixin.py:188} INFO - [2026-03-12T02:49:05.560+0000] {dagbag.py:538} INFO - Filling up the DagBag from /home/airflow/.local/lib/python3.8/site-packages/airflow/example_dags/example_task_group.py
[2026-03-12T02:49:05.563+0000] {processor.py:840} INFO - DAG(s) 'example_task_group' retrieved from /home/airflow/.local/lib/python3.8/site-packages/airflow/example_dags/example_task_group.py
[2026-03-12T02:49:05.571+0000] {logging_mixin.py:188} INFO - [2026-03-12T02:49:05.570+0000] {dag.py:3036} INFO - Sync 1 DAGs
[2026-03-12T02:49:05.578+0000] {logging_mixin.py:188} INFO - [2026-03-12T02:49:05.577+0000] {dag.py:3823} INFO - Setting next_dagrun for example_task_group to 2026-03-11 00:00:00+00:00, run_after=2026-03-12 00:00:00+00:00
[2026-03-12T02:49:05.583+0000] {processor.py:183} INFO - Processing /home/airflow/.local/lib/python3.8/site-packages/airflow/example_dags/example_task_group.py took 0.025 seconds
[2026-03-12T02:49:35.884+0000] {processor.py:161} INFO - Started process (PID=5215) to work on /home/airflow/.local/lib/python3.8/site-packages/airflow/example_dags/example_task_group.py
[2026-03-12T02:49:35.884+0000] {processor.py:830} INFO - Processing file /home/airflow/.local/lib/python3.8/site-packages/airflow/example_dags/example_task_group.py for tasks to queue
[2026-03-12T02:49:35.885+0000] {logging_mixin.py:188} INFO - [2026-03-12T02:49:35.885+0000] {dagbag.py:538} INFO - Filling up the DagBag from /home/airflow/.local/lib/python3.8/site-packages/airflow/example_dags/example_task_group.py
[2026-03-12T02:49:35.888+0000] {processor.py:840} INFO - DAG(s) 'example_task_group' retrieved from /home/airflow/.local/lib/python3.8/site-packages/airflow/example_dags/example_task_group.py
[2026-03-12T02:49:35.896+0000] {logging_mixin.py:188} INFO - [2026-03-12T02:49:35.896+0000] {dag.py:3036} INFO - Sync 1 DAGs
[2026-03-12T02:49:35.903+0000] {logging_mixin.py:188} INFO - [2026-03-12T02:49:35.903+0000] {dag.py:3823} INFO - Setting next_dagrun for example_task_group to 2026-03-11 00:00:00+00:00, run_after=2026-03-12 00:00:00+00:00
[2026-03-12T02:49:35.908+0000] {processor.py:183} INFO - Processing /home/airflow/.local/lib/python3.8/site-packages/airflow/example_dags/example_task_group.py took 0.026 seconds
