[2026-03-12T02:15:11.064+0000] {processor.py:161} INFO - Started process (PID=114) to work on /home/airflow/.local/lib/python3.8/site-packages/airflow/example_dags/example_branch_labels.py
[2026-03-12T02:15:11.065+0000] {processor.py:830} INFO - Processing file /home/airflow/.local/lib/python3.8/site-packages/airflow/example_dags/example_branch_labels.py for tasks to queue
[2026-03-12T02:15:11.066+0000] {logging_mixin.py:188} INFO - [2026-03-12T02:15:11.066+0000] {dagbag.py:538} INFO - Filling up the DagBag from /home/airflow/.local/lib/python3.8/site-packages/airflow/example_dags/example_branch_labels.py
[2026-03-12T02:15:11.070+0000] {processor.py:840} INFO - DAG(s) 'example_branch_labels' retrieved from /home/airflow/.local/lib/python3.8/site-packages/airflow/example_dags/example_branch_labels.py
[2026-03-12T02:15:11.076+0000] {logging_mixin.py:188} INFO - [2026-03-12T02:15:11.076+0000] {dag.py:3036} INFO - Sync 1 DAGs
[2026-03-12T02:15:11.087+0000] {logging_mixin.py:188} INFO - [2026-03-12T02:15:11.087+0000] {dag.py:3823} INFO - Setting next_dagrun for example_branch_labels to 2026-03-11 00:00:00+00:00, run_after=2026-03-12 00:00:00+00:00
[2026-03-12T02:15:11.093+0000] {processor.py:183} INFO - Processing /home/airflow/.local/lib/python3.8/site-packages/airflow/example_dags/example_branch_labels.py took 0.030 seconds
[2026-03-12T02:15:43.249+0000] {processor.py:161} INFO - Started process (PID=190) to work on /home/airflow/.local/lib/python3.8/site-packages/airflow/example_dags/example_branch_labels.py
[2026-03-12T02:15:43.251+0000] {processor.py:830} INFO - Processing file /home/airflow/.local/lib/python3.8/site-packages/airflow/example_dags/example_branch_labels.py for tasks to queue
[2026-03-12T02:15:43.253+0000] {logging_mixin.py:188} INFO - [2026-03-12T02:15:43.253+0000] {dagbag.py:538} INFO - Filling up the DagBag from /home/airflow/.local/lib/python3.8/site-packages/airflow/example_dags/example_branch_labels.py
[2026-03-12T02:15:43.259+0000] {processor.py:840} INFO - DAG(s) 'example_branch_labels' retrieved from /home/airflow/.local/lib/python3.8/site-packages/airflow/example_dags/example_branch_labels.py
[2026-03-12T02:15:43.396+0000] {logging_mixin.py:188} INFO - [2026-03-12T02:15:43.395+0000] {dag.py:3036} INFO - Sync 1 DAGs
[2026-03-12T02:15:43.407+0000] {logging_mixin.py:188} INFO - [2026-03-12T02:15:43.407+0000] {dag.py:3823} INFO - Setting next_dagrun for example_branch_labels to 2026-03-11 00:00:00+00:00, run_after=2026-03-12 00:00:00+00:00
[2026-03-12T02:15:43.416+0000] {processor.py:183} INFO - Processing /home/airflow/.local/lib/python3.8/site-packages/airflow/example_dags/example_branch_labels.py took 0.169 seconds
[2026-03-12T02:16:14.373+0000] {processor.py:161} INFO - Started process (PID=266) to work on /home/airflow/.local/lib/python3.8/site-packages/airflow/example_dags/example_branch_labels.py
[2026-03-12T02:16:14.374+0000] {processor.py:830} INFO - Processing file /home/airflow/.local/lib/python3.8/site-packages/airflow/example_dags/example_branch_labels.py for tasks to queue
[2026-03-12T02:16:14.375+0000] {logging_mixin.py:188} INFO - [2026-03-12T02:16:14.375+0000] {dagbag.py:538} INFO - Filling up the DagBag from /home/airflow/.local/lib/python3.8/site-packages/airflow/example_dags/example_branch_labels.py
[2026-03-12T02:16:14.383+0000] {processor.py:840} INFO - DAG(s) 'example_branch_labels' retrieved from /home/airflow/.local/lib/python3.8/site-packages/airflow/example_dags/example_branch_labels.py
[2026-03-12T02:16:14.396+0000] {logging_mixin.py:188} INFO - [2026-03-12T02:16:14.396+0000] {dag.py:3036} INFO - Sync 1 DAGs
[2026-03-12T02:16:14.410+0000] {logging_mixin.py:188} INFO - [2026-03-12T02:16:14.410+0000] {dag.py:3823} INFO - Setting next_dagrun for example_branch_labels to 2026-03-11 00:00:00+00:00, run_after=2026-03-12 00:00:00+00:00
[2026-03-12T02:16:14.421+0000] {processor.py:183} INFO - Processing /home/airflow/.local/lib/python3.8/site-packages/airflow/example_dags/example_branch_labels.py took 0.050 seconds
[2026-03-12T02:16:45.350+0000] {processor.py:161} INFO - Started process (PID=342) to work on /home/airflow/.local/lib/python3.8/site-packages/airflow/example_dags/example_branch_labels.py
[2026-03-12T02:16:45.352+0000] {processor.py:830} INFO - Processing file /home/airflow/.local/lib/python3.8/site-packages/airflow/example_dags/example_branch_labels.py for tasks to queue
[2026-03-12T02:16:45.352+0000] {logging_mixin.py:188} INFO - [2026-03-12T02:16:45.352+0000] {dagbag.py:538} INFO - Filling up the DagBag from /home/airflow/.local/lib/python3.8/site-packages/airflow/example_dags/example_branch_labels.py
[2026-03-12T02:16:45.359+0000] {processor.py:840} INFO - DAG(s) 'example_branch_labels' retrieved from /home/airflow/.local/lib/python3.8/site-packages/airflow/example_dags/example_branch_labels.py
[2026-03-12T02:16:45.373+0000] {logging_mixin.py:188} INFO - [2026-03-12T02:16:45.373+0000] {dag.py:3036} INFO - Sync 1 DAGs
[2026-03-12T02:16:45.383+0000] {logging_mixin.py:188} INFO - [2026-03-12T02:16:45.383+0000] {dag.py:3823} INFO - Setting next_dagrun for example_branch_labels to 2026-03-11 00:00:00+00:00, run_after=2026-03-12 00:00:00+00:00
[2026-03-12T02:16:45.393+0000] {processor.py:183} INFO - Processing /home/airflow/.local/lib/python3.8/site-packages/airflow/example_dags/example_branch_labels.py took 0.044 seconds
[2026-03-12T02:17:16.357+0000] {processor.py:161} INFO - Started process (PID=418) to work on /home/airflow/.local/lib/python3.8/site-packages/airflow/example_dags/example_branch_labels.py
[2026-03-12T02:17:16.360+0000] {processor.py:830} INFO - Processing file /home/airflow/.local/lib/python3.8/site-packages/airflow/example_dags/example_branch_labels.py for tasks to queue
[2026-03-12T02:17:16.365+0000] {logging_mixin.py:188} INFO - [2026-03-12T02:17:16.363+0000] {dagbag.py:538} INFO - Filling up the DagBag from /home/airflow/.local/lib/python3.8/site-packages/airflow/example_dags/example_branch_labels.py
[2026-03-12T02:17:16.387+0000] {processor.py:840} INFO - DAG(s) 'example_branch_labels' retrieved from /home/airflow/.local/lib/python3.8/site-packages/airflow/example_dags/example_branch_labels.py
[2026-03-12T02:17:16.419+0000] {logging_mixin.py:188} INFO - [2026-03-12T02:17:16.419+0000] {dag.py:3036} INFO - Sync 1 DAGs
[2026-03-12T02:17:16.447+0000] {logging_mixin.py:188} INFO - [2026-03-12T02:17:16.447+0000] {dag.py:3823} INFO - Setting next_dagrun for example_branch_labels to 2026-03-11 00:00:00+00:00, run_after=2026-03-12 00:00:00+00:00
[2026-03-12T02:17:16.466+0000] {processor.py:183} INFO - Processing /home/airflow/.local/lib/python3.8/site-packages/airflow/example_dags/example_branch_labels.py took 0.115 seconds
[2026-03-12T02:17:46.715+0000] {processor.py:161} INFO - Started process (PID=494) to work on /home/airflow/.local/lib/python3.8/site-packages/airflow/example_dags/example_branch_labels.py
[2026-03-12T02:17:46.717+0000] {processor.py:830} INFO - Processing file /home/airflow/.local/lib/python3.8/site-packages/airflow/example_dags/example_branch_labels.py for tasks to queue
[2026-03-12T02:17:46.719+0000] {logging_mixin.py:188} INFO - [2026-03-12T02:17:46.718+0000] {dagbag.py:538} INFO - Filling up the DagBag from /home/airflow/.local/lib/python3.8/site-packages/airflow/example_dags/example_branch_labels.py
[2026-03-12T02:17:46.729+0000] {processor.py:840} INFO - DAG(s) 'example_branch_labels' retrieved from /home/airflow/.local/lib/python3.8/site-packages/airflow/example_dags/example_branch_labels.py
[2026-03-12T02:17:46.745+0000] {logging_mixin.py:188} INFO - [2026-03-12T02:17:46.745+0000] {dag.py:3036} INFO - Sync 1 DAGs
[2026-03-12T02:17:46.758+0000] {logging_mixin.py:188} INFO - [2026-03-12T02:17:46.758+0000] {dag.py:3823} INFO - Setting next_dagrun for example_branch_labels to 2026-03-11 00:00:00+00:00, run_after=2026-03-12 00:00:00+00:00
[2026-03-12T02:17:46.770+0000] {processor.py:183} INFO - Processing /home/airflow/.local/lib/python3.8/site-packages/airflow/example_dags/example_branch_labels.py took 0.059 seconds
[2026-03-12T02:18:17.500+0000] {processor.py:161} INFO - Started process (PID=570) to work on /home/airflow/.local/lib/python3.8/site-packages/airflow/example_dags/example_branch_labels.py
[2026-03-12T02:18:17.501+0000] {processor.py:830} INFO - Processing file /home/airflow/.local/lib/python3.8/site-packages/airflow/example_dags/example_branch_labels.py for tasks to queue
[2026-03-12T02:18:17.503+0000] {logging_mixin.py:188} INFO - [2026-03-12T02:18:17.502+0000] {dagbag.py:538} INFO - Filling up the DagBag from /home/airflow/.local/lib/python3.8/site-packages/airflow/example_dags/example_branch_labels.py
[2026-03-12T02:18:17.509+0000] {processor.py:840} INFO - DAG(s) 'example_branch_labels' retrieved from /home/airflow/.local/lib/python3.8/site-packages/airflow/example_dags/example_branch_labels.py
[2026-03-12T02:18:17.522+0000] {logging_mixin.py:188} INFO - [2026-03-12T02:18:17.522+0000] {dag.py:3036} INFO - Sync 1 DAGs
[2026-03-12T02:18:17.532+0000] {logging_mixin.py:188} INFO - [2026-03-12T02:18:17.532+0000] {dag.py:3823} INFO - Setting next_dagrun for example_branch_labels to 2026-03-11 00:00:00+00:00, run_after=2026-03-12 00:00:00+00:00
[2026-03-12T02:18:17.543+0000] {processor.py:183} INFO - Processing /home/airflow/.local/lib/python3.8/site-packages/airflow/example_dags/example_branch_labels.py took 0.046 seconds
[2026-03-12T02:18:48.443+0000] {processor.py:161} INFO - Started process (PID=646) to work on /home/airflow/.local/lib/python3.8/site-packages/airflow/example_dags/example_branch_labels.py
[2026-03-12T02:18:48.445+0000] {processor.py:830} INFO - Processing file /home/airflow/.local/lib/python3.8/site-packages/airflow/example_dags/example_branch_labels.py for tasks to queue
[2026-03-12T02:18:48.448+0000] {logging_mixin.py:188} INFO - [2026-03-12T02:18:48.447+0000] {dagbag.py:538} INFO - Filling up the DagBag from /home/airflow/.local/lib/python3.8/site-packages/airflow/example_dags/example_branch_labels.py
[2026-03-12T02:18:48.454+0000] {processor.py:840} INFO - DAG(s) 'example_branch_labels' retrieved from /home/airflow/.local/lib/python3.8/site-packages/airflow/example_dags/example_branch_labels.py
[2026-03-12T02:18:48.478+0000] {logging_mixin.py:188} INFO - [2026-03-12T02:18:48.477+0000] {dag.py:3036} INFO - Sync 1 DAGs
[2026-03-12T02:18:48.498+0000] {logging_mixin.py:188} INFO - [2026-03-12T02:18:48.497+0000] {dag.py:3823} INFO - Setting next_dagrun for example_branch_labels to 2026-03-11 00:00:00+00:00, run_after=2026-03-12 00:00:00+00:00
[2026-03-12T02:18:48.512+0000] {processor.py:183} INFO - Processing /home/airflow/.local/lib/python3.8/site-packages/airflow/example_dags/example_branch_labels.py took 0.073 seconds
[2026-03-12T02:19:18.571+0000] {processor.py:161} INFO - Started process (PID=722) to work on /home/airflow/.local/lib/python3.8/site-packages/airflow/example_dags/example_branch_labels.py
[2026-03-12T02:19:18.573+0000] {processor.py:830} INFO - Processing file /home/airflow/.local/lib/python3.8/site-packages/airflow/example_dags/example_branch_labels.py for tasks to queue
[2026-03-12T02:19:18.576+0000] {logging_mixin.py:188} INFO - [2026-03-12T02:19:18.576+0000] {dagbag.py:538} INFO - Filling up the DagBag from /home/airflow/.local/lib/python3.8/site-packages/airflow/example_dags/example_branch_labels.py
[2026-03-12T02:19:18.584+0000] {processor.py:840} INFO - DAG(s) 'example_branch_labels' retrieved from /home/airflow/.local/lib/python3.8/site-packages/airflow/example_dags/example_branch_labels.py
[2026-03-12T02:19:18.598+0000] {logging_mixin.py:188} INFO - [2026-03-12T02:19:18.598+0000] {dag.py:3036} INFO - Sync 1 DAGs
[2026-03-12T02:19:18.611+0000] {logging_mixin.py:188} INFO - [2026-03-12T02:19:18.611+0000] {dag.py:3823} INFO - Setting next_dagrun for example_branch_labels to 2026-03-11 00:00:00+00:00, run_after=2026-03-12 00:00:00+00:00
[2026-03-12T02:19:18.621+0000] {processor.py:183} INFO - Processing /home/airflow/.local/lib/python3.8/site-packages/airflow/example_dags/example_branch_labels.py took 0.054 seconds
[2026-03-12T02:19:49.595+0000] {processor.py:161} INFO - Started process (PID=798) to work on /home/airflow/.local/lib/python3.8/site-packages/airflow/example_dags/example_branch_labels.py
[2026-03-12T02:19:49.597+0000] {processor.py:830} INFO - Processing file /home/airflow/.local/lib/python3.8/site-packages/airflow/example_dags/example_branch_labels.py for tasks to queue
[2026-03-12T02:19:49.599+0000] {logging_mixin.py:188} INFO - [2026-03-12T02:19:49.599+0000] {dagbag.py:538} INFO - Filling up the DagBag from /home/airflow/.local/lib/python3.8/site-packages/airflow/example_dags/example_branch_labels.py
[2026-03-12T02:19:49.605+0000] {processor.py:840} INFO - DAG(s) 'example_branch_labels' retrieved from /home/airflow/.local/lib/python3.8/site-packages/airflow/example_dags/example_branch_labels.py
[2026-03-12T02:19:49.616+0000] {logging_mixin.py:188} INFO - [2026-03-12T02:19:49.616+0000] {dag.py:3036} INFO - Sync 1 DAGs
[2026-03-12T02:19:49.626+0000] {logging_mixin.py:188} INFO - [2026-03-12T02:19:49.626+0000] {dag.py:3823} INFO - Setting next_dagrun for example_branch_labels to 2026-03-11 00:00:00+00:00, run_after=2026-03-12 00:00:00+00:00
[2026-03-12T02:19:49.633+0000] {processor.py:183} INFO - Processing /home/airflow/.local/lib/python3.8/site-packages/airflow/example_dags/example_branch_labels.py took 0.041 seconds
[2026-03-12T02:20:20.565+0000] {processor.py:161} INFO - Started process (PID=874) to work on /home/airflow/.local/lib/python3.8/site-packages/airflow/example_dags/example_branch_labels.py
[2026-03-12T02:20:20.568+0000] {processor.py:830} INFO - Processing file /home/airflow/.local/lib/python3.8/site-packages/airflow/example_dags/example_branch_labels.py for tasks to queue
[2026-03-12T02:20:20.570+0000] {logging_mixin.py:188} INFO - [2026-03-12T02:20:20.569+0000] {dagbag.py:538} INFO - Filling up the DagBag from /home/airflow/.local/lib/python3.8/site-packages/airflow/example_dags/example_branch_labels.py
[2026-03-12T02:20:20.577+0000] {processor.py:840} INFO - DAG(s) 'example_branch_labels' retrieved from /home/airflow/.local/lib/python3.8/site-packages/airflow/example_dags/example_branch_labels.py
[2026-03-12T02:20:20.588+0000] {logging_mixin.py:188} INFO - [2026-03-12T02:20:20.588+0000] {dag.py:3036} INFO - Sync 1 DAGs
[2026-03-12T02:20:20.597+0000] {logging_mixin.py:188} INFO - [2026-03-12T02:20:20.597+0000] {dag.py:3823} INFO - Setting next_dagrun for example_branch_labels to 2026-03-11 00:00:00+00:00, run_after=2026-03-12 00:00:00+00:00
[2026-03-12T02:20:20.604+0000] {processor.py:183} INFO - Processing /home/airflow/.local/lib/python3.8/site-packages/airflow/example_dags/example_branch_labels.py took 0.042 seconds
[2026-03-12T02:20:52.315+0000] {processor.py:161} INFO - Started process (PID=950) to work on /home/airflow/.local/lib/python3.8/site-packages/airflow/example_dags/example_branch_labels.py
[2026-03-12T02:20:52.316+0000] {processor.py:830} INFO - Processing file /home/airflow/.local/lib/python3.8/site-packages/airflow/example_dags/example_branch_labels.py for tasks to queue
[2026-03-12T02:20:52.317+0000] {logging_mixin.py:188} INFO - [2026-03-12T02:20:52.317+0000] {dagbag.py:538} INFO - Filling up the DagBag from /home/airflow/.local/lib/python3.8/site-packages/airflow/example_dags/example_branch_labels.py
[2026-03-12T02:20:52.320+0000] {processor.py:840} INFO - DAG(s) 'example_branch_labels' retrieved from /home/airflow/.local/lib/python3.8/site-packages/airflow/example_dags/example_branch_labels.py
[2026-03-12T02:20:52.331+0000] {logging_mixin.py:188} INFO - [2026-03-12T02:20:52.331+0000] {dag.py:3036} INFO - Sync 1 DAGs
[2026-03-12T02:20:52.343+0000] {logging_mixin.py:188} INFO - [2026-03-12T02:20:52.343+0000] {dag.py:3823} INFO - Setting next_dagrun for example_branch_labels to 2026-03-11 00:00:00+00:00, run_after=2026-03-12 00:00:00+00:00
[2026-03-12T02:20:52.351+0000] {processor.py:183} INFO - Processing /home/airflow/.local/lib/python3.8/site-packages/airflow/example_dags/example_branch_labels.py took 0.037 seconds
[2026-03-12T02:21:22.855+0000] {processor.py:161} INFO - Started process (PID=1026) to work on /home/airflow/.local/lib/python3.8/site-packages/airflow/example_dags/example_branch_labels.py
[2026-03-12T02:21:22.856+0000] {processor.py:830} INFO - Processing file /home/airflow/.local/lib/python3.8/site-packages/airflow/example_dags/example_branch_labels.py for tasks to queue
[2026-03-12T02:21:22.858+0000] {logging_mixin.py:188} INFO - [2026-03-12T02:21:22.858+0000] {dagbag.py:538} INFO - Filling up the DagBag from /home/airflow/.local/lib/python3.8/site-packages/airflow/example_dags/example_branch_labels.py
[2026-03-12T02:21:22.866+0000] {processor.py:840} INFO - DAG(s) 'example_branch_labels' retrieved from /home/airflow/.local/lib/python3.8/site-packages/airflow/example_dags/example_branch_labels.py
[2026-03-12T02:21:22.879+0000] {logging_mixin.py:188} INFO - [2026-03-12T02:21:22.879+0000] {dag.py:3036} INFO - Sync 1 DAGs
[2026-03-12T02:21:22.889+0000] {logging_mixin.py:188} INFO - [2026-03-12T02:21:22.889+0000] {dag.py:3823} INFO - Setting next_dagrun for example_branch_labels to 2026-03-11 00:00:00+00:00, run_after=2026-03-12 00:00:00+00:00
[2026-03-12T02:21:22.897+0000] {processor.py:183} INFO - Processing /home/airflow/.local/lib/python3.8/site-packages/airflow/example_dags/example_branch_labels.py took 0.043 seconds
[2026-03-12T02:21:53.302+0000] {processor.py:161} INFO - Started process (PID=1102) to work on /home/airflow/.local/lib/python3.8/site-packages/airflow/example_dags/example_branch_labels.py
[2026-03-12T02:21:53.303+0000] {processor.py:830} INFO - Processing file /home/airflow/.local/lib/python3.8/site-packages/airflow/example_dags/example_branch_labels.py for tasks to queue
[2026-03-12T02:21:53.303+0000] {logging_mixin.py:188} INFO - [2026-03-12T02:21:53.303+0000] {dagbag.py:538} INFO - Filling up the DagBag from /home/airflow/.local/lib/python3.8/site-packages/airflow/example_dags/example_branch_labels.py
[2026-03-12T02:21:53.307+0000] {processor.py:840} INFO - DAG(s) 'example_branch_labels' retrieved from /home/airflow/.local/lib/python3.8/site-packages/airflow/example_dags/example_branch_labels.py
[2026-03-12T02:21:53.316+0000] {logging_mixin.py:188} INFO - [2026-03-12T02:21:53.316+0000] {dag.py:3036} INFO - Sync 1 DAGs
[2026-03-12T02:21:53.325+0000] {logging_mixin.py:188} INFO - [2026-03-12T02:21:53.325+0000] {dag.py:3823} INFO - Setting next_dagrun for example_branch_labels to 2026-03-11 00:00:00+00:00, run_after=2026-03-12 00:00:00+00:00
[2026-03-12T02:21:53.336+0000] {processor.py:183} INFO - Processing /home/airflow/.local/lib/python3.8/site-packages/airflow/example_dags/example_branch_labels.py took 0.036 seconds
[2026-03-12T02:22:23.581+0000] {processor.py:161} INFO - Started process (PID=1178) to work on /home/airflow/.local/lib/python3.8/site-packages/airflow/example_dags/example_branch_labels.py
[2026-03-12T02:22:23.582+0000] {processor.py:830} INFO - Processing file /home/airflow/.local/lib/python3.8/site-packages/airflow/example_dags/example_branch_labels.py for tasks to queue
[2026-03-12T02:22:23.583+0000] {logging_mixin.py:188} INFO - [2026-03-12T02:22:23.582+0000] {dagbag.py:538} INFO - Filling up the DagBag from /home/airflow/.local/lib/python3.8/site-packages/airflow/example_dags/example_branch_labels.py
[2026-03-12T02:22:23.585+0000] {processor.py:840} INFO - DAG(s) 'example_branch_labels' retrieved from /home/airflow/.local/lib/python3.8/site-packages/airflow/example_dags/example_branch_labels.py
[2026-03-12T02:22:23.593+0000] {logging_mixin.py:188} INFO - [2026-03-12T02:22:23.592+0000] {dag.py:3036} INFO - Sync 1 DAGs
[2026-03-12T02:22:23.600+0000] {logging_mixin.py:188} INFO - [2026-03-12T02:22:23.600+0000] {dag.py:3823} INFO - Setting next_dagrun for example_branch_labels to 2026-03-11 00:00:00+00:00, run_after=2026-03-12 00:00:00+00:00
[2026-03-12T02:22:23.605+0000] {processor.py:183} INFO - Processing /home/airflow/.local/lib/python3.8/site-packages/airflow/example_dags/example_branch_labels.py took 0.025 seconds
[2026-03-12T02:22:54.787+0000] {processor.py:161} INFO - Started process (PID=1254) to work on /home/airflow/.local/lib/python3.8/site-packages/airflow/example_dags/example_branch_labels.py
[2026-03-12T02:22:54.788+0000] {processor.py:830} INFO - Processing file /home/airflow/.local/lib/python3.8/site-packages/airflow/example_dags/example_branch_labels.py for tasks to queue
[2026-03-12T02:22:54.789+0000] {logging_mixin.py:188} INFO - [2026-03-12T02:22:54.789+0000] {dagbag.py:538} INFO - Filling up the DagBag from /home/airflow/.local/lib/python3.8/site-packages/airflow/example_dags/example_branch_labels.py
[2026-03-12T02:22:54.793+0000] {processor.py:840} INFO - DAG(s) 'example_branch_labels' retrieved from /home/airflow/.local/lib/python3.8/site-packages/airflow/example_dags/example_branch_labels.py
[2026-03-12T02:22:54.805+0000] {logging_mixin.py:188} INFO - [2026-03-12T02:22:54.804+0000] {dag.py:3036} INFO - Sync 1 DAGs
[2026-03-12T02:22:54.816+0000] {logging_mixin.py:188} INFO - [2026-03-12T02:22:54.816+0000] {dag.py:3823} INFO - Setting next_dagrun for example_branch_labels to 2026-03-11 00:00:00+00:00, run_after=2026-03-12 00:00:00+00:00
[2026-03-12T02:22:54.825+0000] {processor.py:183} INFO - Processing /home/airflow/.local/lib/python3.8/site-packages/airflow/example_dags/example_branch_labels.py took 0.039 seconds
[2026-03-12T02:23:26.004+0000] {processor.py:161} INFO - Started process (PID=1330) to work on /home/airflow/.local/lib/python3.8/site-packages/airflow/example_dags/example_branch_labels.py
[2026-03-12T02:23:26.005+0000] {processor.py:830} INFO - Processing file /home/airflow/.local/lib/python3.8/site-packages/airflow/example_dags/example_branch_labels.py for tasks to queue
[2026-03-12T02:23:26.006+0000] {logging_mixin.py:188} INFO - [2026-03-12T02:23:26.006+0000] {dagbag.py:538} INFO - Filling up the DagBag from /home/airflow/.local/lib/python3.8/site-packages/airflow/example_dags/example_branch_labels.py
[2026-03-12T02:23:26.010+0000] {processor.py:840} INFO - DAG(s) 'example_branch_labels' retrieved from /home/airflow/.local/lib/python3.8/site-packages/airflow/example_dags/example_branch_labels.py
[2026-03-12T02:23:26.019+0000] {logging_mixin.py:188} INFO - [2026-03-12T02:23:26.019+0000] {dag.py:3036} INFO - Sync 1 DAGs
[2026-03-12T02:23:26.027+0000] {logging_mixin.py:188} INFO - [2026-03-12T02:23:26.027+0000] {dag.py:3823} INFO - Setting next_dagrun for example_branch_labels to 2026-03-11 00:00:00+00:00, run_after=2026-03-12 00:00:00+00:00
[2026-03-12T02:23:26.033+0000] {processor.py:183} INFO - Processing /home/airflow/.local/lib/python3.8/site-packages/airflow/example_dags/example_branch_labels.py took 0.031 seconds
[2026-03-12T02:23:57.207+0000] {processor.py:161} INFO - Started process (PID=1406) to work on /home/airflow/.local/lib/python3.8/site-packages/airflow/example_dags/example_branch_labels.py
[2026-03-12T02:23:57.207+0000] {processor.py:830} INFO - Processing file /home/airflow/.local/lib/python3.8/site-packages/airflow/example_dags/example_branch_labels.py for tasks to queue
[2026-03-12T02:23:57.210+0000] {logging_mixin.py:188} INFO - [2026-03-12T02:23:57.210+0000] {dagbag.py:538} INFO - Filling up the DagBag from /home/airflow/.local/lib/python3.8/site-packages/airflow/example_dags/example_branch_labels.py
[2026-03-12T02:23:57.214+0000] {processor.py:840} INFO - DAG(s) 'example_branch_labels' retrieved from /home/airflow/.local/lib/python3.8/site-packages/airflow/example_dags/example_branch_labels.py
[2026-03-12T02:23:57.223+0000] {logging_mixin.py:188} INFO - [2026-03-12T02:23:57.223+0000] {dag.py:3036} INFO - Sync 1 DAGs
[2026-03-12T02:23:57.230+0000] {logging_mixin.py:188} INFO - [2026-03-12T02:23:57.230+0000] {dag.py:3823} INFO - Setting next_dagrun for example_branch_labels to 2026-03-11 00:00:00+00:00, run_after=2026-03-12 00:00:00+00:00
[2026-03-12T02:23:57.240+0000] {processor.py:183} INFO - Processing /home/airflow/.local/lib/python3.8/site-packages/airflow/example_dags/example_branch_labels.py took 0.035 seconds
[2026-03-12T02:24:27.636+0000] {processor.py:161} INFO - Started process (PID=1482) to work on /home/airflow/.local/lib/python3.8/site-packages/airflow/example_dags/example_branch_labels.py
[2026-03-12T02:24:27.637+0000] {processor.py:830} INFO - Processing file /home/airflow/.local/lib/python3.8/site-packages/airflow/example_dags/example_branch_labels.py for tasks to queue
[2026-03-12T02:24:27.638+0000] {logging_mixin.py:188} INFO - [2026-03-12T02:24:27.638+0000] {dagbag.py:538} INFO - Filling up the DagBag from /home/airflow/.local/lib/python3.8/site-packages/airflow/example_dags/example_branch_labels.py
[2026-03-12T02:24:27.643+0000] {processor.py:840} INFO - DAG(s) 'example_branch_labels' retrieved from /home/airflow/.local/lib/python3.8/site-packages/airflow/example_dags/example_branch_labels.py
[2026-03-12T02:24:27.655+0000] {logging_mixin.py:188} INFO - [2026-03-12T02:24:27.655+0000] {dag.py:3036} INFO - Sync 1 DAGs
[2026-03-12T02:24:27.665+0000] {logging_mixin.py:188} INFO - [2026-03-12T02:24:27.665+0000] {dag.py:3823} INFO - Setting next_dagrun for example_branch_labels to 2026-03-11 00:00:00+00:00, run_after=2026-03-12 00:00:00+00:00
[2026-03-12T02:24:27.674+0000] {processor.py:183} INFO - Processing /home/airflow/.local/lib/python3.8/site-packages/airflow/example_dags/example_branch_labels.py took 0.040 seconds
[2026-03-12T02:24:58.242+0000] {processor.py:161} INFO - Started process (PID=1558) to work on /home/airflow/.local/lib/python3.8/site-packages/airflow/example_dags/example_branch_labels.py
[2026-03-12T02:24:58.243+0000] {processor.py:830} INFO - Processing file /home/airflow/.local/lib/python3.8/site-packages/airflow/example_dags/example_branch_labels.py for tasks to queue
[2026-03-12T02:24:58.244+0000] {logging_mixin.py:188} INFO - [2026-03-12T02:24:58.244+0000] {dagbag.py:538} INFO - Filling up the DagBag from /home/airflow/.local/lib/python3.8/site-packages/airflow/example_dags/example_branch_labels.py
[2026-03-12T02:24:58.247+0000] {processor.py:840} INFO - DAG(s) 'example_branch_labels' retrieved from /home/airflow/.local/lib/python3.8/site-packages/airflow/example_dags/example_branch_labels.py
[2026-03-12T02:24:58.260+0000] {logging_mixin.py:188} INFO - [2026-03-12T02:24:58.260+0000] {dag.py:3036} INFO - Sync 1 DAGs
[2026-03-12T02:24:58.269+0000] {logging_mixin.py:188} INFO - [2026-03-12T02:24:58.269+0000] {dag.py:3823} INFO - Setting next_dagrun for example_branch_labels to 2026-03-11 00:00:00+00:00, run_after=2026-03-12 00:00:00+00:00
[2026-03-12T02:24:58.277+0000] {processor.py:183} INFO - Processing /home/airflow/.local/lib/python3.8/site-packages/airflow/example_dags/example_branch_labels.py took 0.036 seconds
[2026-03-12T02:25:29.062+0000] {processor.py:161} INFO - Started process (PID=1634) to work on /home/airflow/.local/lib/python3.8/site-packages/airflow/example_dags/example_branch_labels.py
[2026-03-12T02:25:29.063+0000] {processor.py:830} INFO - Processing file /home/airflow/.local/lib/python3.8/site-packages/airflow/example_dags/example_branch_labels.py for tasks to queue
[2026-03-12T02:25:29.064+0000] {logging_mixin.py:188} INFO - [2026-03-12T02:25:29.064+0000] {dagbag.py:538} INFO - Filling up the DagBag from /home/airflow/.local/lib/python3.8/site-packages/airflow/example_dags/example_branch_labels.py
[2026-03-12T02:25:29.067+0000] {processor.py:840} INFO - DAG(s) 'example_branch_labels' retrieved from /home/airflow/.local/lib/python3.8/site-packages/airflow/example_dags/example_branch_labels.py
[2026-03-12T02:25:29.076+0000] {logging_mixin.py:188} INFO - [2026-03-12T02:25:29.075+0000] {dag.py:3036} INFO - Sync 1 DAGs
[2026-03-12T02:25:29.086+0000] {logging_mixin.py:188} INFO - [2026-03-12T02:25:29.086+0000] {dag.py:3823} INFO - Setting next_dagrun for example_branch_labels to 2026-03-11 00:00:00+00:00, run_after=2026-03-12 00:00:00+00:00
[2026-03-12T02:25:29.096+0000] {processor.py:183} INFO - Processing /home/airflow/.local/lib/python3.8/site-packages/airflow/example_dags/example_branch_labels.py took 0.035 seconds
[2026-03-12T02:25:59.804+0000] {processor.py:161} INFO - Started process (PID=1710) to work on /home/airflow/.local/lib/python3.8/site-packages/airflow/example_dags/example_branch_labels.py
[2026-03-12T02:25:59.804+0000] {processor.py:830} INFO - Processing file /home/airflow/.local/lib/python3.8/site-packages/airflow/example_dags/example_branch_labels.py for tasks to queue
[2026-03-12T02:25:59.805+0000] {logging_mixin.py:188} INFO - [2026-03-12T02:25:59.805+0000] {dagbag.py:538} INFO - Filling up the DagBag from /home/airflow/.local/lib/python3.8/site-packages/airflow/example_dags/example_branch_labels.py
[2026-03-12T02:25:59.808+0000] {processor.py:840} INFO - DAG(s) 'example_branch_labels' retrieved from /home/airflow/.local/lib/python3.8/site-packages/airflow/example_dags/example_branch_labels.py
[2026-03-12T02:25:59.819+0000] {logging_mixin.py:188} INFO - [2026-03-12T02:25:59.819+0000] {dag.py:3036} INFO - Sync 1 DAGs
[2026-03-12T02:25:59.827+0000] {logging_mixin.py:188} INFO - [2026-03-12T02:25:59.827+0000] {dag.py:3823} INFO - Setting next_dagrun for example_branch_labels to 2026-03-11 00:00:00+00:00, run_after=2026-03-12 00:00:00+00:00
[2026-03-12T02:25:59.839+0000] {processor.py:183} INFO - Processing /home/airflow/.local/lib/python3.8/site-packages/airflow/example_dags/example_branch_labels.py took 0.036 seconds
[2026-03-12T02:26:30.614+0000] {processor.py:161} INFO - Started process (PID=1786) to work on /home/airflow/.local/lib/python3.8/site-packages/airflow/example_dags/example_branch_labels.py
[2026-03-12T02:26:30.615+0000] {processor.py:830} INFO - Processing file /home/airflow/.local/lib/python3.8/site-packages/airflow/example_dags/example_branch_labels.py for tasks to queue
[2026-03-12T02:26:30.617+0000] {logging_mixin.py:188} INFO - [2026-03-12T02:26:30.617+0000] {dagbag.py:538} INFO - Filling up the DagBag from /home/airflow/.local/lib/python3.8/site-packages/airflow/example_dags/example_branch_labels.py
[2026-03-12T02:26:30.621+0000] {processor.py:840} INFO - DAG(s) 'example_branch_labels' retrieved from /home/airflow/.local/lib/python3.8/site-packages/airflow/example_dags/example_branch_labels.py
[2026-03-12T02:26:30.633+0000] {logging_mixin.py:188} INFO - [2026-03-12T02:26:30.633+0000] {dag.py:3036} INFO - Sync 1 DAGs
[2026-03-12T02:26:30.643+0000] {logging_mixin.py:188} INFO - [2026-03-12T02:26:30.643+0000] {dag.py:3823} INFO - Setting next_dagrun for example_branch_labels to 2026-03-11 00:00:00+00:00, run_after=2026-03-12 00:00:00+00:00
[2026-03-12T02:26:30.650+0000] {processor.py:183} INFO - Processing /home/airflow/.local/lib/python3.8/site-packages/airflow/example_dags/example_branch_labels.py took 0.038 seconds
[2026-03-12T02:27:01.339+0000] {processor.py:161} INFO - Started process (PID=1862) to work on /home/airflow/.local/lib/python3.8/site-packages/airflow/example_dags/example_branch_labels.py
[2026-03-12T02:27:01.341+0000] {processor.py:830} INFO - Processing file /home/airflow/.local/lib/python3.8/site-packages/airflow/example_dags/example_branch_labels.py for tasks to queue
[2026-03-12T02:27:01.341+0000] {logging_mixin.py:188} INFO - [2026-03-12T02:27:01.341+0000] {dagbag.py:538} INFO - Filling up the DagBag from /home/airflow/.local/lib/python3.8/site-packages/airflow/example_dags/example_branch_labels.py
[2026-03-12T02:27:01.345+0000] {processor.py:840} INFO - DAG(s) 'example_branch_labels' retrieved from /home/airflow/.local/lib/python3.8/site-packages/airflow/example_dags/example_branch_labels.py
[2026-03-12T02:27:01.358+0000] {logging_mixin.py:188} INFO - [2026-03-12T02:27:01.358+0000] {dag.py:3036} INFO - Sync 1 DAGs
[2026-03-12T02:27:01.368+0000] {logging_mixin.py:188} INFO - [2026-03-12T02:27:01.368+0000] {dag.py:3823} INFO - Setting next_dagrun for example_branch_labels to 2026-03-11 00:00:00+00:00, run_after=2026-03-12 00:00:00+00:00
[2026-03-12T02:27:01.377+0000] {processor.py:183} INFO - Processing /home/airflow/.local/lib/python3.8/site-packages/airflow/example_dags/example_branch_labels.py took 0.039 seconds
[2026-03-12T02:27:32.150+0000] {processor.py:161} INFO - Started process (PID=1938) to work on /home/airflow/.local/lib/python3.8/site-packages/airflow/example_dags/example_branch_labels.py
[2026-03-12T02:27:32.151+0000] {processor.py:830} INFO - Processing file /home/airflow/.local/lib/python3.8/site-packages/airflow/example_dags/example_branch_labels.py for tasks to queue
[2026-03-12T02:27:32.152+0000] {logging_mixin.py:188} INFO - [2026-03-12T02:27:32.152+0000] {dagbag.py:538} INFO - Filling up the DagBag from /home/airflow/.local/lib/python3.8/site-packages/airflow/example_dags/example_branch_labels.py
[2026-03-12T02:27:32.155+0000] {processor.py:840} INFO - DAG(s) 'example_branch_labels' retrieved from /home/airflow/.local/lib/python3.8/site-packages/airflow/example_dags/example_branch_labels.py
[2026-03-12T02:27:32.162+0000] {logging_mixin.py:188} INFO - [2026-03-12T02:27:32.162+0000] {dag.py:3036} INFO - Sync 1 DAGs
[2026-03-12T02:27:32.170+0000] {logging_mixin.py:188} INFO - [2026-03-12T02:27:32.170+0000] {dag.py:3823} INFO - Setting next_dagrun for example_branch_labels to 2026-03-11 00:00:00+00:00, run_after=2026-03-12 00:00:00+00:00
[2026-03-12T02:27:32.177+0000] {processor.py:183} INFO - Processing /home/airflow/.local/lib/python3.8/site-packages/airflow/example_dags/example_branch_labels.py took 0.028 seconds
[2026-03-12T02:28:02.901+0000] {processor.py:161} INFO - Started process (PID=2014) to work on /home/airflow/.local/lib/python3.8/site-packages/airflow/example_dags/example_branch_labels.py
[2026-03-12T02:28:02.902+0000] {processor.py:830} INFO - Processing file /home/airflow/.local/lib/python3.8/site-packages/airflow/example_dags/example_branch_labels.py for tasks to queue
[2026-03-12T02:28:02.903+0000] {logging_mixin.py:188} INFO - [2026-03-12T02:28:02.903+0000] {dagbag.py:538} INFO - Filling up the DagBag from /home/airflow/.local/lib/python3.8/site-packages/airflow/example_dags/example_branch_labels.py
[2026-03-12T02:28:02.907+0000] {processor.py:840} INFO - DAG(s) 'example_branch_labels' retrieved from /home/airflow/.local/lib/python3.8/site-packages/airflow/example_dags/example_branch_labels.py
[2026-03-12T02:28:02.920+0000] {logging_mixin.py:188} INFO - [2026-03-12T02:28:02.920+0000] {dag.py:3036} INFO - Sync 1 DAGs
[2026-03-12T02:28:02.928+0000] {logging_mixin.py:188} INFO - [2026-03-12T02:28:02.928+0000] {dag.py:3823} INFO - Setting next_dagrun for example_branch_labels to 2026-03-11 00:00:00+00:00, run_after=2026-03-12 00:00:00+00:00
[2026-03-12T02:28:02.935+0000] {processor.py:183} INFO - Processing /home/airflow/.local/lib/python3.8/site-packages/airflow/example_dags/example_branch_labels.py took 0.036 seconds
[2026-03-12T02:28:33.641+0000] {processor.py:161} INFO - Started process (PID=2090) to work on /home/airflow/.local/lib/python3.8/site-packages/airflow/example_dags/example_branch_labels.py
[2026-03-12T02:28:33.641+0000] {processor.py:830} INFO - Processing file /home/airflow/.local/lib/python3.8/site-packages/airflow/example_dags/example_branch_labels.py for tasks to queue
[2026-03-12T02:28:33.642+0000] {logging_mixin.py:188} INFO - [2026-03-12T02:28:33.642+0000] {dagbag.py:538} INFO - Filling up the DagBag from /home/airflow/.local/lib/python3.8/site-packages/airflow/example_dags/example_branch_labels.py
[2026-03-12T02:28:33.645+0000] {processor.py:840} INFO - DAG(s) 'example_branch_labels' retrieved from /home/airflow/.local/lib/python3.8/site-packages/airflow/example_dags/example_branch_labels.py
[2026-03-12T02:28:33.656+0000] {logging_mixin.py:188} INFO - [2026-03-12T02:28:33.656+0000] {dag.py:3036} INFO - Sync 1 DAGs
[2026-03-12T02:28:33.668+0000] {logging_mixin.py:188} INFO - [2026-03-12T02:28:33.668+0000] {dag.py:3823} INFO - Setting next_dagrun for example_branch_labels to 2026-03-11 00:00:00+00:00, run_after=2026-03-12 00:00:00+00:00
[2026-03-12T02:28:33.677+0000] {processor.py:183} INFO - Processing /home/airflow/.local/lib/python3.8/site-packages/airflow/example_dags/example_branch_labels.py took 0.037 seconds
[2026-03-12T02:29:04.633+0000] {processor.py:161} INFO - Started process (PID=2166) to work on /home/airflow/.local/lib/python3.8/site-packages/airflow/example_dags/example_branch_labels.py
[2026-03-12T02:29:04.633+0000] {processor.py:830} INFO - Processing file /home/airflow/.local/lib/python3.8/site-packages/airflow/example_dags/example_branch_labels.py for tasks to queue
[2026-03-12T02:29:04.634+0000] {logging_mixin.py:188} INFO - [2026-03-12T02:29:04.634+0000] {dagbag.py:538} INFO - Filling up the DagBag from /home/airflow/.local/lib/python3.8/site-packages/airflow/example_dags/example_branch_labels.py
[2026-03-12T02:29:04.637+0000] {processor.py:840} INFO - DAG(s) 'example_branch_labels' retrieved from /home/airflow/.local/lib/python3.8/site-packages/airflow/example_dags/example_branch_labels.py
[2026-03-12T02:29:04.644+0000] {logging_mixin.py:188} INFO - [2026-03-12T02:29:04.644+0000] {dag.py:3036} INFO - Sync 1 DAGs
[2026-03-12T02:29:04.651+0000] {logging_mixin.py:188} INFO - [2026-03-12T02:29:04.651+0000] {dag.py:3823} INFO - Setting next_dagrun for example_branch_labels to 2026-03-11 00:00:00+00:00, run_after=2026-03-12 00:00:00+00:00
[2026-03-12T02:29:04.656+0000] {processor.py:183} INFO - Processing /home/airflow/.local/lib/python3.8/site-packages/airflow/example_dags/example_branch_labels.py took 0.025 seconds
[2026-03-12T02:29:35.662+0000] {processor.py:161} INFO - Started process (PID=2242) to work on /home/airflow/.local/lib/python3.8/site-packages/airflow/example_dags/example_branch_labels.py
[2026-03-12T02:29:35.663+0000] {processor.py:830} INFO - Processing file /home/airflow/.local/lib/python3.8/site-packages/airflow/example_dags/example_branch_labels.py for tasks to queue
[2026-03-12T02:29:35.664+0000] {logging_mixin.py:188} INFO - [2026-03-12T02:29:35.664+0000] {dagbag.py:538} INFO - Filling up the DagBag from /home/airflow/.local/lib/python3.8/site-packages/airflow/example_dags/example_branch_labels.py
[2026-03-12T02:29:35.667+0000] {processor.py:840} INFO - DAG(s) 'example_branch_labels' retrieved from /home/airflow/.local/lib/python3.8/site-packages/airflow/example_dags/example_branch_labels.py
[2026-03-12T02:29:35.677+0000] {logging_mixin.py:188} INFO - [2026-03-12T02:29:35.676+0000] {dag.py:3036} INFO - Sync 1 DAGs
[2026-03-12T02:29:35.687+0000] {logging_mixin.py:188} INFO - [2026-03-12T02:29:35.687+0000] {dag.py:3823} INFO - Setting next_dagrun for example_branch_labels to 2026-03-11 00:00:00+00:00, run_after=2026-03-12 00:00:00+00:00
[2026-03-12T02:29:35.695+0000] {processor.py:183} INFO - Processing /home/airflow/.local/lib/python3.8/site-packages/airflow/example_dags/example_branch_labels.py took 0.034 seconds
[2026-03-12T02:30:06.764+0000] {processor.py:161} INFO - Started process (PID=2318) to work on /home/airflow/.local/lib/python3.8/site-packages/airflow/example_dags/example_branch_labels.py
[2026-03-12T02:30:06.765+0000] {processor.py:830} INFO - Processing file /home/airflow/.local/lib/python3.8/site-packages/airflow/example_dags/example_branch_labels.py for tasks to queue
[2026-03-12T02:30:06.765+0000] {logging_mixin.py:188} INFO - [2026-03-12T02:30:06.765+0000] {dagbag.py:538} INFO - Filling up the DagBag from /home/airflow/.local/lib/python3.8/site-packages/airflow/example_dags/example_branch_labels.py
[2026-03-12T02:30:06.769+0000] {processor.py:840} INFO - DAG(s) 'example_branch_labels' retrieved from /home/airflow/.local/lib/python3.8/site-packages/airflow/example_dags/example_branch_labels.py
[2026-03-12T02:30:06.781+0000] {logging_mixin.py:188} INFO - [2026-03-12T02:30:06.780+0000] {dag.py:3036} INFO - Sync 1 DAGs
[2026-03-12T02:30:06.791+0000] {logging_mixin.py:188} INFO - [2026-03-12T02:30:06.791+0000] {dag.py:3823} INFO - Setting next_dagrun for example_branch_labels to 2026-03-11 00:00:00+00:00, run_after=2026-03-12 00:00:00+00:00
[2026-03-12T02:30:06.800+0000] {processor.py:183} INFO - Processing /home/airflow/.local/lib/python3.8/site-packages/airflow/example_dags/example_branch_labels.py took 0.037 seconds
[2026-03-12T02:30:37.658+0000] {processor.py:161} INFO - Started process (PID=2394) to work on /home/airflow/.local/lib/python3.8/site-packages/airflow/example_dags/example_branch_labels.py
[2026-03-12T02:30:37.658+0000] {processor.py:830} INFO - Processing file /home/airflow/.local/lib/python3.8/site-packages/airflow/example_dags/example_branch_labels.py for tasks to queue
[2026-03-12T02:30:37.662+0000] {logging_mixin.py:188} INFO - [2026-03-12T02:30:37.661+0000] {dagbag.py:538} INFO - Filling up the DagBag from /home/airflow/.local/lib/python3.8/site-packages/airflow/example_dags/example_branch_labels.py
[2026-03-12T02:30:37.665+0000] {processor.py:840} INFO - DAG(s) 'example_branch_labels' retrieved from /home/airflow/.local/lib/python3.8/site-packages/airflow/example_dags/example_branch_labels.py
[2026-03-12T02:30:37.676+0000] {logging_mixin.py:188} INFO - [2026-03-12T02:30:37.675+0000] {dag.py:3036} INFO - Sync 1 DAGs
[2026-03-12T02:30:37.685+0000] {logging_mixin.py:188} INFO - [2026-03-12T02:30:37.685+0000] {dag.py:3823} INFO - Setting next_dagrun for example_branch_labels to 2026-03-11 00:00:00+00:00, run_after=2026-03-12 00:00:00+00:00
[2026-03-12T02:30:37.693+0000] {processor.py:183} INFO - Processing /home/airflow/.local/lib/python3.8/site-packages/airflow/example_dags/example_branch_labels.py took 0.037 seconds
[2026-03-12T02:31:08.658+0000] {processor.py:161} INFO - Started process (PID=2470) to work on /home/airflow/.local/lib/python3.8/site-packages/airflow/example_dags/example_branch_labels.py
[2026-03-12T02:31:08.659+0000] {processor.py:830} INFO - Processing file /home/airflow/.local/lib/python3.8/site-packages/airflow/example_dags/example_branch_labels.py for tasks to queue
[2026-03-12T02:31:08.660+0000] {logging_mixin.py:188} INFO - [2026-03-12T02:31:08.660+0000] {dagbag.py:538} INFO - Filling up the DagBag from /home/airflow/.local/lib/python3.8/site-packages/airflow/example_dags/example_branch_labels.py
[2026-03-12T02:31:08.664+0000] {processor.py:840} INFO - DAG(s) 'example_branch_labels' retrieved from /home/airflow/.local/lib/python3.8/site-packages/airflow/example_dags/example_branch_labels.py
[2026-03-12T02:31:08.673+0000] {logging_mixin.py:188} INFO - [2026-03-12T02:31:08.672+0000] {dag.py:3036} INFO - Sync 1 DAGs
[2026-03-12T02:31:08.683+0000] {logging_mixin.py:188} INFO - [2026-03-12T02:31:08.683+0000] {dag.py:3823} INFO - Setting next_dagrun for example_branch_labels to 2026-03-11 00:00:00+00:00, run_after=2026-03-12 00:00:00+00:00
[2026-03-12T02:31:08.691+0000] {processor.py:183} INFO - Processing /home/airflow/.local/lib/python3.8/site-packages/airflow/example_dags/example_branch_labels.py took 0.035 seconds
[2026-03-12T02:31:39.624+0000] {processor.py:161} INFO - Started process (PID=2546) to work on /home/airflow/.local/lib/python3.8/site-packages/airflow/example_dags/example_branch_labels.py
[2026-03-12T02:31:39.624+0000] {processor.py:830} INFO - Processing file /home/airflow/.local/lib/python3.8/site-packages/airflow/example_dags/example_branch_labels.py for tasks to queue
[2026-03-12T02:31:39.625+0000] {logging_mixin.py:188} INFO - [2026-03-12T02:31:39.625+0000] {dagbag.py:538} INFO - Filling up the DagBag from /home/airflow/.local/lib/python3.8/site-packages/airflow/example_dags/example_branch_labels.py
[2026-03-12T02:31:39.629+0000] {processor.py:840} INFO - DAG(s) 'example_branch_labels' retrieved from /home/airflow/.local/lib/python3.8/site-packages/airflow/example_dags/example_branch_labels.py
[2026-03-12T02:31:39.638+0000] {logging_mixin.py:188} INFO - [2026-03-12T02:31:39.638+0000] {dag.py:3036} INFO - Sync 1 DAGs
[2026-03-12T02:31:39.649+0000] {logging_mixin.py:188} INFO - [2026-03-12T02:31:39.649+0000] {dag.py:3823} INFO - Setting next_dagrun for example_branch_labels to 2026-03-11 00:00:00+00:00, run_after=2026-03-12 00:00:00+00:00
[2026-03-12T02:31:39.658+0000] {processor.py:183} INFO - Processing /home/airflow/.local/lib/python3.8/site-packages/airflow/example_dags/example_branch_labels.py took 0.036 seconds
[2026-03-12T02:32:10.766+0000] {processor.py:161} INFO - Started process (PID=2628) to work on /home/airflow/.local/lib/python3.8/site-packages/airflow/example_dags/example_branch_labels.py
[2026-03-12T02:32:10.767+0000] {processor.py:830} INFO - Processing file /home/airflow/.local/lib/python3.8/site-packages/airflow/example_dags/example_branch_labels.py for tasks to queue
[2026-03-12T02:32:10.767+0000] {logging_mixin.py:188} INFO - [2026-03-12T02:32:10.767+0000] {dagbag.py:538} INFO - Filling up the DagBag from /home/airflow/.local/lib/python3.8/site-packages/airflow/example_dags/example_branch_labels.py
[2026-03-12T02:32:10.770+0000] {processor.py:840} INFO - DAG(s) 'example_branch_labels' retrieved from /home/airflow/.local/lib/python3.8/site-packages/airflow/example_dags/example_branch_labels.py
[2026-03-12T02:32:10.778+0000] {logging_mixin.py:188} INFO - [2026-03-12T02:32:10.778+0000] {dag.py:3036} INFO - Sync 1 DAGs
[2026-03-12T02:32:10.785+0000] {logging_mixin.py:188} INFO - [2026-03-12T02:32:10.785+0000] {dag.py:3823} INFO - Setting next_dagrun for example_branch_labels to 2026-03-11 00:00:00+00:00, run_after=2026-03-12 00:00:00+00:00
[2026-03-12T02:32:10.790+0000] {processor.py:183} INFO - Processing /home/airflow/.local/lib/python3.8/site-packages/airflow/example_dags/example_branch_labels.py took 0.025 seconds
[2026-03-12T02:32:42.524+0000] {processor.py:161} INFO - Started process (PID=2704) to work on /home/airflow/.local/lib/python3.8/site-packages/airflow/example_dags/example_branch_labels.py
[2026-03-12T02:32:42.525+0000] {processor.py:830} INFO - Processing file /home/airflow/.local/lib/python3.8/site-packages/airflow/example_dags/example_branch_labels.py for tasks to queue
[2026-03-12T02:32:42.526+0000] {logging_mixin.py:188} INFO - [2026-03-12T02:32:42.525+0000] {dagbag.py:538} INFO - Filling up the DagBag from /home/airflow/.local/lib/python3.8/site-packages/airflow/example_dags/example_branch_labels.py
[2026-03-12T02:32:42.531+0000] {processor.py:840} INFO - DAG(s) 'example_branch_labels' retrieved from /home/airflow/.local/lib/python3.8/site-packages/airflow/example_dags/example_branch_labels.py
[2026-03-12T02:32:42.544+0000] {logging_mixin.py:188} INFO - [2026-03-12T02:32:42.544+0000] {dag.py:3036} INFO - Sync 1 DAGs
[2026-03-12T02:32:42.556+0000] {logging_mixin.py:188} INFO - [2026-03-12T02:32:42.556+0000] {dag.py:3823} INFO - Setting next_dagrun for example_branch_labels to 2026-03-11 00:00:00+00:00, run_after=2026-03-12 00:00:00+00:00
[2026-03-12T02:32:42.573+0000] {processor.py:183} INFO - Processing /home/airflow/.local/lib/python3.8/site-packages/airflow/example_dags/example_branch_labels.py took 0.051 seconds
[2026-03-12T02:33:13.449+0000] {processor.py:161} INFO - Started process (PID=2780) to work on /home/airflow/.local/lib/python3.8/site-packages/airflow/example_dags/example_branch_labels.py
[2026-03-12T02:33:13.451+0000] {processor.py:830} INFO - Processing file /home/airflow/.local/lib/python3.8/site-packages/airflow/example_dags/example_branch_labels.py for tasks to queue
[2026-03-12T02:33:13.452+0000] {logging_mixin.py:188} INFO - [2026-03-12T02:33:13.451+0000] {dagbag.py:538} INFO - Filling up the DagBag from /home/airflow/.local/lib/python3.8/site-packages/airflow/example_dags/example_branch_labels.py
[2026-03-12T02:33:13.456+0000] {processor.py:840} INFO - DAG(s) 'example_branch_labels' retrieved from /home/airflow/.local/lib/python3.8/site-packages/airflow/example_dags/example_branch_labels.py
[2026-03-12T02:33:13.472+0000] {logging_mixin.py:188} INFO - [2026-03-12T02:33:13.472+0000] {dag.py:3036} INFO - Sync 1 DAGs
[2026-03-12T02:33:13.485+0000] {logging_mixin.py:188} INFO - [2026-03-12T02:33:13.485+0000] {dag.py:3823} INFO - Setting next_dagrun for example_branch_labels to 2026-03-11 00:00:00+00:00, run_after=2026-03-12 00:00:00+00:00
[2026-03-12T02:33:13.494+0000] {processor.py:183} INFO - Processing /home/airflow/.local/lib/python3.8/site-packages/airflow/example_dags/example_branch_labels.py took 0.047 seconds
[2026-03-12T02:33:44.404+0000] {processor.py:161} INFO - Started process (PID=2856) to work on /home/airflow/.local/lib/python3.8/site-packages/airflow/example_dags/example_branch_labels.py
[2026-03-12T02:33:44.404+0000] {processor.py:830} INFO - Processing file /home/airflow/.local/lib/python3.8/site-packages/airflow/example_dags/example_branch_labels.py for tasks to queue
[2026-03-12T02:33:44.405+0000] {logging_mixin.py:188} INFO - [2026-03-12T02:33:44.405+0000] {dagbag.py:538} INFO - Filling up the DagBag from /home/airflow/.local/lib/python3.8/site-packages/airflow/example_dags/example_branch_labels.py
[2026-03-12T02:33:44.409+0000] {processor.py:840} INFO - DAG(s) 'example_branch_labels' retrieved from /home/airflow/.local/lib/python3.8/site-packages/airflow/example_dags/example_branch_labels.py
[2026-03-12T02:33:44.423+0000] {logging_mixin.py:188} INFO - [2026-03-12T02:33:44.423+0000] {dag.py:3036} INFO - Sync 1 DAGs
[2026-03-12T02:33:44.437+0000] {logging_mixin.py:188} INFO - [2026-03-12T02:33:44.437+0000] {dag.py:3823} INFO - Setting next_dagrun for example_branch_labels to 2026-03-11 00:00:00+00:00, run_after=2026-03-12 00:00:00+00:00
[2026-03-12T02:33:44.450+0000] {processor.py:183} INFO - Processing /home/airflow/.local/lib/python3.8/site-packages/airflow/example_dags/example_branch_labels.py took 0.048 seconds
[2026-03-12T02:34:15.321+0000] {processor.py:161} INFO - Started process (PID=2932) to work on /home/airflow/.local/lib/python3.8/site-packages/airflow/example_dags/example_branch_labels.py
[2026-03-12T02:34:15.322+0000] {processor.py:830} INFO - Processing file /home/airflow/.local/lib/python3.8/site-packages/airflow/example_dags/example_branch_labels.py for tasks to queue
[2026-03-12T02:34:15.323+0000] {logging_mixin.py:188} INFO - [2026-03-12T02:34:15.323+0000] {dagbag.py:538} INFO - Filling up the DagBag from /home/airflow/.local/lib/python3.8/site-packages/airflow/example_dags/example_branch_labels.py
[2026-03-12T02:34:15.326+0000] {processor.py:840} INFO - DAG(s) 'example_branch_labels' retrieved from /home/airflow/.local/lib/python3.8/site-packages/airflow/example_dags/example_branch_labels.py
[2026-03-12T02:34:15.336+0000] {logging_mixin.py:188} INFO - [2026-03-12T02:34:15.336+0000] {dag.py:3036} INFO - Sync 1 DAGs
[2026-03-12T02:34:15.346+0000] {logging_mixin.py:188} INFO - [2026-03-12T02:34:15.346+0000] {dag.py:3823} INFO - Setting next_dagrun for example_branch_labels to 2026-03-11 00:00:00+00:00, run_after=2026-03-12 00:00:00+00:00
[2026-03-12T02:34:15.353+0000] {processor.py:183} INFO - Processing /home/airflow/.local/lib/python3.8/site-packages/airflow/example_dags/example_branch_labels.py took 0.034 seconds
[2026-03-12T02:34:46.156+0000] {processor.py:161} INFO - Started process (PID=3008) to work on /home/airflow/.local/lib/python3.8/site-packages/airflow/example_dags/example_branch_labels.py
[2026-03-12T02:34:46.157+0000] {processor.py:830} INFO - Processing file /home/airflow/.local/lib/python3.8/site-packages/airflow/example_dags/example_branch_labels.py for tasks to queue
[2026-03-12T02:34:46.157+0000] {logging_mixin.py:188} INFO - [2026-03-12T02:34:46.157+0000] {dagbag.py:538} INFO - Filling up the DagBag from /home/airflow/.local/lib/python3.8/site-packages/airflow/example_dags/example_branch_labels.py
[2026-03-12T02:34:46.161+0000] {processor.py:840} INFO - DAG(s) 'example_branch_labels' retrieved from /home/airflow/.local/lib/python3.8/site-packages/airflow/example_dags/example_branch_labels.py
[2026-03-12T02:34:46.170+0000] {logging_mixin.py:188} INFO - [2026-03-12T02:34:46.170+0000] {dag.py:3036} INFO - Sync 1 DAGs
[2026-03-12T02:34:46.178+0000] {logging_mixin.py:188} INFO - [2026-03-12T02:34:46.178+0000] {dag.py:3823} INFO - Setting next_dagrun for example_branch_labels to 2026-03-11 00:00:00+00:00, run_after=2026-03-12 00:00:00+00:00
[2026-03-12T02:34:46.184+0000] {processor.py:183} INFO - Processing /home/airflow/.local/lib/python3.8/site-packages/airflow/example_dags/example_branch_labels.py took 0.029 seconds
[2026-03-12T02:35:16.974+0000] {processor.py:161} INFO - Started process (PID=3084) to work on /home/airflow/.local/lib/python3.8/site-packages/airflow/example_dags/example_branch_labels.py
[2026-03-12T02:35:16.974+0000] {processor.py:830} INFO - Processing file /home/airflow/.local/lib/python3.8/site-packages/airflow/example_dags/example_branch_labels.py for tasks to queue
[2026-03-12T02:35:16.975+0000] {logging_mixin.py:188} INFO - [2026-03-12T02:35:16.975+0000] {dagbag.py:538} INFO - Filling up the DagBag from /home/airflow/.local/lib/python3.8/site-packages/airflow/example_dags/example_branch_labels.py
[2026-03-12T02:35:16.979+0000] {processor.py:840} INFO - DAG(s) 'example_branch_labels' retrieved from /home/airflow/.local/lib/python3.8/site-packages/airflow/example_dags/example_branch_labels.py
[2026-03-12T02:35:16.993+0000] {logging_mixin.py:188} INFO - [2026-03-12T02:35:16.993+0000] {dag.py:3036} INFO - Sync 1 DAGs
[2026-03-12T02:35:17.003+0000] {logging_mixin.py:188} INFO - [2026-03-12T02:35:17.003+0000] {dag.py:3823} INFO - Setting next_dagrun for example_branch_labels to 2026-03-11 00:00:00+00:00, run_after=2026-03-12 00:00:00+00:00
[2026-03-12T02:35:17.017+0000] {processor.py:183} INFO - Processing /home/airflow/.local/lib/python3.8/site-packages/airflow/example_dags/example_branch_labels.py took 0.045 seconds
[2026-03-12T02:35:47.771+0000] {processor.py:161} INFO - Started process (PID=3160) to work on /home/airflow/.local/lib/python3.8/site-packages/airflow/example_dags/example_branch_labels.py
[2026-03-12T02:35:47.772+0000] {processor.py:830} INFO - Processing file /home/airflow/.local/lib/python3.8/site-packages/airflow/example_dags/example_branch_labels.py for tasks to queue
[2026-03-12T02:35:47.772+0000] {logging_mixin.py:188} INFO - [2026-03-12T02:35:47.772+0000] {dagbag.py:538} INFO - Filling up the DagBag from /home/airflow/.local/lib/python3.8/site-packages/airflow/example_dags/example_branch_labels.py
[2026-03-12T02:35:47.778+0000] {processor.py:840} INFO - DAG(s) 'example_branch_labels' retrieved from /home/airflow/.local/lib/python3.8/site-packages/airflow/example_dags/example_branch_labels.py
[2026-03-12T02:35:47.789+0000] {logging_mixin.py:188} INFO - [2026-03-12T02:35:47.789+0000] {dag.py:3036} INFO - Sync 1 DAGs
[2026-03-12T02:35:47.799+0000] {logging_mixin.py:188} INFO - [2026-03-12T02:35:47.799+0000] {dag.py:3823} INFO - Setting next_dagrun for example_branch_labels to 2026-03-11 00:00:00+00:00, run_after=2026-03-12 00:00:00+00:00
[2026-03-12T02:35:47.809+0000] {processor.py:183} INFO - Processing /home/airflow/.local/lib/python3.8/site-packages/airflow/example_dags/example_branch_labels.py took 0.040 seconds
[2026-03-12T02:36:18.616+0000] {processor.py:161} INFO - Started process (PID=3236) to work on /home/airflow/.local/lib/python3.8/site-packages/airflow/example_dags/example_branch_labels.py
[2026-03-12T02:36:18.616+0000] {processor.py:830} INFO - Processing file /home/airflow/.local/lib/python3.8/site-packages/airflow/example_dags/example_branch_labels.py for tasks to queue
[2026-03-12T02:36:18.617+0000] {logging_mixin.py:188} INFO - [2026-03-12T02:36:18.617+0000] {dagbag.py:538} INFO - Filling up the DagBag from /home/airflow/.local/lib/python3.8/site-packages/airflow/example_dags/example_branch_labels.py
[2026-03-12T02:36:18.621+0000] {processor.py:840} INFO - DAG(s) 'example_branch_labels' retrieved from /home/airflow/.local/lib/python3.8/site-packages/airflow/example_dags/example_branch_labels.py
[2026-03-12T02:36:18.630+0000] {logging_mixin.py:188} INFO - [2026-03-12T02:36:18.630+0000] {dag.py:3036} INFO - Sync 1 DAGs
[2026-03-12T02:36:18.639+0000] {logging_mixin.py:188} INFO - [2026-03-12T02:36:18.639+0000] {dag.py:3823} INFO - Setting next_dagrun for example_branch_labels to 2026-03-11 00:00:00+00:00, run_after=2026-03-12 00:00:00+00:00
[2026-03-12T02:36:18.648+0000] {processor.py:183} INFO - Processing /home/airflow/.local/lib/python3.8/site-packages/airflow/example_dags/example_branch_labels.py took 0.034 seconds
[2026-03-12T02:36:49.209+0000] {processor.py:161} INFO - Started process (PID=3312) to work on /home/airflow/.local/lib/python3.8/site-packages/airflow/example_dags/example_branch_labels.py
[2026-03-12T02:36:49.210+0000] {processor.py:830} INFO - Processing file /home/airflow/.local/lib/python3.8/site-packages/airflow/example_dags/example_branch_labels.py for tasks to queue
[2026-03-12T02:36:49.211+0000] {logging_mixin.py:188} INFO - [2026-03-12T02:36:49.211+0000] {dagbag.py:538} INFO - Filling up the DagBag from /home/airflow/.local/lib/python3.8/site-packages/airflow/example_dags/example_branch_labels.py
[2026-03-12T02:36:49.215+0000] {processor.py:840} INFO - DAG(s) 'example_branch_labels' retrieved from /home/airflow/.local/lib/python3.8/site-packages/airflow/example_dags/example_branch_labels.py
[2026-03-12T02:36:49.224+0000] {logging_mixin.py:188} INFO - [2026-03-12T02:36:49.224+0000] {dag.py:3036} INFO - Sync 1 DAGs
[2026-03-12T02:36:49.234+0000] {logging_mixin.py:188} INFO - [2026-03-12T02:36:49.234+0000] {dag.py:3823} INFO - Setting next_dagrun for example_branch_labels to 2026-03-11 00:00:00+00:00, run_after=2026-03-12 00:00:00+00:00
[2026-03-12T02:36:49.245+0000] {processor.py:183} INFO - Processing /home/airflow/.local/lib/python3.8/site-packages/airflow/example_dags/example_branch_labels.py took 0.038 seconds
[2026-03-12T02:37:19.995+0000] {processor.py:161} INFO - Started process (PID=3388) to work on /home/airflow/.local/lib/python3.8/site-packages/airflow/example_dags/example_branch_labels.py
[2026-03-12T02:37:19.996+0000] {processor.py:830} INFO - Processing file /home/airflow/.local/lib/python3.8/site-packages/airflow/example_dags/example_branch_labels.py for tasks to queue
[2026-03-12T02:37:19.997+0000] {logging_mixin.py:188} INFO - [2026-03-12T02:37:19.997+0000] {dagbag.py:538} INFO - Filling up the DagBag from /home/airflow/.local/lib/python3.8/site-packages/airflow/example_dags/example_branch_labels.py
[2026-03-12T02:37:20.001+0000] {processor.py:840} INFO - DAG(s) 'example_branch_labels' retrieved from /home/airflow/.local/lib/python3.8/site-packages/airflow/example_dags/example_branch_labels.py
[2026-03-12T02:37:20.011+0000] {logging_mixin.py:188} INFO - [2026-03-12T02:37:20.010+0000] {dag.py:3036} INFO - Sync 1 DAGs
[2026-03-12T02:37:20.019+0000] {logging_mixin.py:188} INFO - [2026-03-12T02:37:20.019+0000] {dag.py:3823} INFO - Setting next_dagrun for example_branch_labels to 2026-03-11 00:00:00+00:00, run_after=2026-03-12 00:00:00+00:00
[2026-03-12T02:37:20.030+0000] {processor.py:183} INFO - Processing /home/airflow/.local/lib/python3.8/site-packages/airflow/example_dags/example_branch_labels.py took 0.037 seconds
[2026-03-12T02:37:50.788+0000] {processor.py:161} INFO - Started process (PID=3464) to work on /home/airflow/.local/lib/python3.8/site-packages/airflow/example_dags/example_branch_labels.py
[2026-03-12T02:37:50.789+0000] {processor.py:830} INFO - Processing file /home/airflow/.local/lib/python3.8/site-packages/airflow/example_dags/example_branch_labels.py for tasks to queue
[2026-03-12T02:37:50.789+0000] {logging_mixin.py:188} INFO - [2026-03-12T02:37:50.789+0000] {dagbag.py:538} INFO - Filling up the DagBag from /home/airflow/.local/lib/python3.8/site-packages/airflow/example_dags/example_branch_labels.py
[2026-03-12T02:37:50.793+0000] {processor.py:840} INFO - DAG(s) 'example_branch_labels' retrieved from /home/airflow/.local/lib/python3.8/site-packages/airflow/example_dags/example_branch_labels.py
[2026-03-12T02:37:50.800+0000] {logging_mixin.py:188} INFO - [2026-03-12T02:37:50.800+0000] {dag.py:3036} INFO - Sync 1 DAGs
[2026-03-12T02:37:50.809+0000] {logging_mixin.py:188} INFO - [2026-03-12T02:37:50.809+0000] {dag.py:3823} INFO - Setting next_dagrun for example_branch_labels to 2026-03-11 00:00:00+00:00, run_after=2026-03-12 00:00:00+00:00
[2026-03-12T02:37:50.815+0000] {processor.py:183} INFO - Processing /home/airflow/.local/lib/python3.8/site-packages/airflow/example_dags/example_branch_labels.py took 0.029 seconds
[2026-03-12T02:38:21.183+0000] {processor.py:161} INFO - Started process (PID=3540) to work on /home/airflow/.local/lib/python3.8/site-packages/airflow/example_dags/example_branch_labels.py
[2026-03-12T02:38:21.184+0000] {processor.py:830} INFO - Processing file /home/airflow/.local/lib/python3.8/site-packages/airflow/example_dags/example_branch_labels.py for tasks to queue
[2026-03-12T02:38:21.185+0000] {logging_mixin.py:188} INFO - [2026-03-12T02:38:21.185+0000] {dagbag.py:538} INFO - Filling up the DagBag from /home/airflow/.local/lib/python3.8/site-packages/airflow/example_dags/example_branch_labels.py
[2026-03-12T02:38:21.190+0000] {processor.py:840} INFO - DAG(s) 'example_branch_labels' retrieved from /home/airflow/.local/lib/python3.8/site-packages/airflow/example_dags/example_branch_labels.py
[2026-03-12T02:38:21.203+0000] {logging_mixin.py:188} INFO - [2026-03-12T02:38:21.203+0000] {dag.py:3036} INFO - Sync 1 DAGs
[2026-03-12T02:38:21.211+0000] {logging_mixin.py:188} INFO - [2026-03-12T02:38:21.211+0000] {dag.py:3823} INFO - Setting next_dagrun for example_branch_labels to 2026-03-11 00:00:00+00:00, run_after=2026-03-12 00:00:00+00:00
[2026-03-12T02:38:21.217+0000] {processor.py:183} INFO - Processing /home/airflow/.local/lib/python3.8/site-packages/airflow/example_dags/example_branch_labels.py took 0.037 seconds
[2026-03-12T02:38:51.328+0000] {processor.py:161} INFO - Started process (PID=3616) to work on /home/airflow/.local/lib/python3.8/site-packages/airflow/example_dags/example_branch_labels.py
[2026-03-12T02:38:51.328+0000] {processor.py:830} INFO - Processing file /home/airflow/.local/lib/python3.8/site-packages/airflow/example_dags/example_branch_labels.py for tasks to queue
[2026-03-12T02:38:51.329+0000] {logging_mixin.py:188} INFO - [2026-03-12T02:38:51.329+0000] {dagbag.py:538} INFO - Filling up the DagBag from /home/airflow/.local/lib/python3.8/site-packages/airflow/example_dags/example_branch_labels.py
[2026-03-12T02:38:51.332+0000] {processor.py:840} INFO - DAG(s) 'example_branch_labels' retrieved from /home/airflow/.local/lib/python3.8/site-packages/airflow/example_dags/example_branch_labels.py
[2026-03-12T02:38:51.345+0000] {logging_mixin.py:188} INFO - [2026-03-12T02:38:51.344+0000] {dag.py:3036} INFO - Sync 1 DAGs
[2026-03-12T02:38:51.354+0000] {logging_mixin.py:188} INFO - [2026-03-12T02:38:51.354+0000] {dag.py:3823} INFO - Setting next_dagrun for example_branch_labels to 2026-03-11 00:00:00+00:00, run_after=2026-03-12 00:00:00+00:00
[2026-03-12T02:38:51.362+0000] {processor.py:183} INFO - Processing /home/airflow/.local/lib/python3.8/site-packages/airflow/example_dags/example_branch_labels.py took 0.036 seconds
[2026-03-12T02:39:21.646+0000] {processor.py:161} INFO - Started process (PID=3692) to work on /home/airflow/.local/lib/python3.8/site-packages/airflow/example_dags/example_branch_labels.py
[2026-03-12T02:39:21.647+0000] {processor.py:830} INFO - Processing file /home/airflow/.local/lib/python3.8/site-packages/airflow/example_dags/example_branch_labels.py for tasks to queue
[2026-03-12T02:39:21.647+0000] {logging_mixin.py:188} INFO - [2026-03-12T02:39:21.647+0000] {dagbag.py:538} INFO - Filling up the DagBag from /home/airflow/.local/lib/python3.8/site-packages/airflow/example_dags/example_branch_labels.py
[2026-03-12T02:39:21.651+0000] {processor.py:840} INFO - DAG(s) 'example_branch_labels' retrieved from /home/airflow/.local/lib/python3.8/site-packages/airflow/example_dags/example_branch_labels.py
[2026-03-12T02:39:21.661+0000] {logging_mixin.py:188} INFO - [2026-03-12T02:39:21.661+0000] {dag.py:3036} INFO - Sync 1 DAGs
[2026-03-12T02:39:21.670+0000] {logging_mixin.py:188} INFO - [2026-03-12T02:39:21.670+0000] {dag.py:3823} INFO - Setting next_dagrun for example_branch_labels to 2026-03-11 00:00:00+00:00, run_after=2026-03-12 00:00:00+00:00
[2026-03-12T02:39:21.680+0000] {processor.py:183} INFO - Processing /home/airflow/.local/lib/python3.8/site-packages/airflow/example_dags/example_branch_labels.py took 0.035 seconds
[2026-03-12T02:39:52.809+0000] {processor.py:161} INFO - Started process (PID=3768) to work on /home/airflow/.local/lib/python3.8/site-packages/airflow/example_dags/example_branch_labels.py
[2026-03-12T02:39:52.810+0000] {processor.py:830} INFO - Processing file /home/airflow/.local/lib/python3.8/site-packages/airflow/example_dags/example_branch_labels.py for tasks to queue
[2026-03-12T02:39:52.811+0000] {logging_mixin.py:188} INFO - [2026-03-12T02:39:52.811+0000] {dagbag.py:538} INFO - Filling up the DagBag from /home/airflow/.local/lib/python3.8/site-packages/airflow/example_dags/example_branch_labels.py
[2026-03-12T02:39:52.817+0000] {processor.py:840} INFO - DAG(s) 'example_branch_labels' retrieved from /home/airflow/.local/lib/python3.8/site-packages/airflow/example_dags/example_branch_labels.py
[2026-03-12T02:39:52.837+0000] {logging_mixin.py:188} INFO - [2026-03-12T02:39:52.836+0000] {dag.py:3036} INFO - Sync 1 DAGs
[2026-03-12T02:39:52.846+0000] {logging_mixin.py:188} INFO - [2026-03-12T02:39:52.846+0000] {dag.py:3823} INFO - Setting next_dagrun for example_branch_labels to 2026-03-11 00:00:00+00:00, run_after=2026-03-12 00:00:00+00:00
[2026-03-12T02:39:52.854+0000] {processor.py:183} INFO - Processing /home/airflow/.local/lib/python3.8/site-packages/airflow/example_dags/example_branch_labels.py took 0.048 seconds
[2026-03-12T02:40:23.947+0000] {processor.py:161} INFO - Started process (PID=3844) to work on /home/airflow/.local/lib/python3.8/site-packages/airflow/example_dags/example_branch_labels.py
[2026-03-12T02:40:23.948+0000] {processor.py:830} INFO - Processing file /home/airflow/.local/lib/python3.8/site-packages/airflow/example_dags/example_branch_labels.py for tasks to queue
[2026-03-12T02:40:23.949+0000] {logging_mixin.py:188} INFO - [2026-03-12T02:40:23.949+0000] {dagbag.py:538} INFO - Filling up the DagBag from /home/airflow/.local/lib/python3.8/site-packages/airflow/example_dags/example_branch_labels.py
[2026-03-12T02:40:23.952+0000] {processor.py:840} INFO - DAG(s) 'example_branch_labels' retrieved from /home/airflow/.local/lib/python3.8/site-packages/airflow/example_dags/example_branch_labels.py
[2026-03-12T02:40:23.964+0000] {logging_mixin.py:188} INFO - [2026-03-12T02:40:23.964+0000] {dag.py:3036} INFO - Sync 1 DAGs
[2026-03-12T02:40:23.977+0000] {logging_mixin.py:188} INFO - [2026-03-12T02:40:23.977+0000] {dag.py:3823} INFO - Setting next_dagrun for example_branch_labels to 2026-03-11 00:00:00+00:00, run_after=2026-03-12 00:00:00+00:00
[2026-03-12T02:40:23.987+0000] {processor.py:183} INFO - Processing /home/airflow/.local/lib/python3.8/site-packages/airflow/example_dags/example_branch_labels.py took 0.041 seconds
[2026-03-12T02:40:54.943+0000] {processor.py:161} INFO - Started process (PID=3920) to work on /home/airflow/.local/lib/python3.8/site-packages/airflow/example_dags/example_branch_labels.py
[2026-03-12T02:40:54.944+0000] {processor.py:830} INFO - Processing file /home/airflow/.local/lib/python3.8/site-packages/airflow/example_dags/example_branch_labels.py for tasks to queue
[2026-03-12T02:40:54.945+0000] {logging_mixin.py:188} INFO - [2026-03-12T02:40:54.945+0000] {dagbag.py:538} INFO - Filling up the DagBag from /home/airflow/.local/lib/python3.8/site-packages/airflow/example_dags/example_branch_labels.py
[2026-03-12T02:40:54.948+0000] {processor.py:840} INFO - DAG(s) 'example_branch_labels' retrieved from /home/airflow/.local/lib/python3.8/site-packages/airflow/example_dags/example_branch_labels.py
[2026-03-12T02:40:54.960+0000] {logging_mixin.py:188} INFO - [2026-03-12T02:40:54.960+0000] {dag.py:3036} INFO - Sync 1 DAGs
[2026-03-12T02:40:54.971+0000] {logging_mixin.py:188} INFO - [2026-03-12T02:40:54.970+0000] {dag.py:3823} INFO - Setting next_dagrun for example_branch_labels to 2026-03-11 00:00:00+00:00, run_after=2026-03-12 00:00:00+00:00
[2026-03-12T02:40:54.981+0000] {processor.py:183} INFO - Processing /home/airflow/.local/lib/python3.8/site-packages/airflow/example_dags/example_branch_labels.py took 0.039 seconds
[2026-03-12T02:41:25.774+0000] {processor.py:161} INFO - Started process (PID=3996) to work on /home/airflow/.local/lib/python3.8/site-packages/airflow/example_dags/example_branch_labels.py
[2026-03-12T02:41:25.775+0000] {processor.py:830} INFO - Processing file /home/airflow/.local/lib/python3.8/site-packages/airflow/example_dags/example_branch_labels.py for tasks to queue
[2026-03-12T02:41:25.776+0000] {logging_mixin.py:188} INFO - [2026-03-12T02:41:25.775+0000] {dagbag.py:538} INFO - Filling up the DagBag from /home/airflow/.local/lib/python3.8/site-packages/airflow/example_dags/example_branch_labels.py
[2026-03-12T02:41:25.780+0000] {processor.py:840} INFO - DAG(s) 'example_branch_labels' retrieved from /home/airflow/.local/lib/python3.8/site-packages/airflow/example_dags/example_branch_labels.py
[2026-03-12T02:41:25.793+0000] {logging_mixin.py:188} INFO - [2026-03-12T02:41:25.792+0000] {dag.py:3036} INFO - Sync 1 DAGs
[2026-03-12T02:41:25.804+0000] {logging_mixin.py:188} INFO - [2026-03-12T02:41:25.804+0000] {dag.py:3823} INFO - Setting next_dagrun for example_branch_labels to 2026-03-11 00:00:00+00:00, run_after=2026-03-12 00:00:00+00:00
[2026-03-12T02:41:25.813+0000] {processor.py:183} INFO - Processing /home/airflow/.local/lib/python3.8/site-packages/airflow/example_dags/example_branch_labels.py took 0.041 seconds
[2026-03-12T02:41:56.581+0000] {processor.py:161} INFO - Started process (PID=4072) to work on /home/airflow/.local/lib/python3.8/site-packages/airflow/example_dags/example_branch_labels.py
[2026-03-12T02:41:56.581+0000] {processor.py:830} INFO - Processing file /home/airflow/.local/lib/python3.8/site-packages/airflow/example_dags/example_branch_labels.py for tasks to queue
[2026-03-12T02:41:56.582+0000] {logging_mixin.py:188} INFO - [2026-03-12T02:41:56.582+0000] {dagbag.py:538} INFO - Filling up the DagBag from /home/airflow/.local/lib/python3.8/site-packages/airflow/example_dags/example_branch_labels.py
[2026-03-12T02:41:56.586+0000] {processor.py:840} INFO - DAG(s) 'example_branch_labels' retrieved from /home/airflow/.local/lib/python3.8/site-packages/airflow/example_dags/example_branch_labels.py
[2026-03-12T02:41:56.596+0000] {logging_mixin.py:188} INFO - [2026-03-12T02:41:56.596+0000] {dag.py:3036} INFO - Sync 1 DAGs
[2026-03-12T02:41:56.608+0000] {logging_mixin.py:188} INFO - [2026-03-12T02:41:56.608+0000] {dag.py:3823} INFO - Setting next_dagrun for example_branch_labels to 2026-03-11 00:00:00+00:00, run_after=2026-03-12 00:00:00+00:00
[2026-03-12T02:41:56.617+0000] {processor.py:183} INFO - Processing /home/airflow/.local/lib/python3.8/site-packages/airflow/example_dags/example_branch_labels.py took 0.037 seconds
[2026-03-12T02:42:27.753+0000] {processor.py:161} INFO - Started process (PID=4148) to work on /home/airflow/.local/lib/python3.8/site-packages/airflow/example_dags/example_branch_labels.py
[2026-03-12T02:42:27.753+0000] {processor.py:830} INFO - Processing file /home/airflow/.local/lib/python3.8/site-packages/airflow/example_dags/example_branch_labels.py for tasks to queue
[2026-03-12T02:42:27.754+0000] {logging_mixin.py:188} INFO - [2026-03-12T02:42:27.754+0000] {dagbag.py:538} INFO - Filling up the DagBag from /home/airflow/.local/lib/python3.8/site-packages/airflow/example_dags/example_branch_labels.py
[2026-03-12T02:42:27.757+0000] {processor.py:840} INFO - DAG(s) 'example_branch_labels' retrieved from /home/airflow/.local/lib/python3.8/site-packages/airflow/example_dags/example_branch_labels.py
[2026-03-12T02:42:27.765+0000] {logging_mixin.py:188} INFO - [2026-03-12T02:42:27.765+0000] {dag.py:3036} INFO - Sync 1 DAGs
[2026-03-12T02:42:27.772+0000] {logging_mixin.py:188} INFO - [2026-03-12T02:42:27.772+0000] {dag.py:3823} INFO - Setting next_dagrun for example_branch_labels to 2026-03-11 00:00:00+00:00, run_after=2026-03-12 00:00:00+00:00
[2026-03-12T02:42:27.777+0000] {processor.py:183} INFO - Processing /home/airflow/.local/lib/python3.8/site-packages/airflow/example_dags/example_branch_labels.py took 0.026 seconds
[2026-03-12T02:42:58.666+0000] {processor.py:161} INFO - Started process (PID=4224) to work on /home/airflow/.local/lib/python3.8/site-packages/airflow/example_dags/example_branch_labels.py
[2026-03-12T02:42:58.668+0000] {processor.py:830} INFO - Processing file /home/airflow/.local/lib/python3.8/site-packages/airflow/example_dags/example_branch_labels.py for tasks to queue
[2026-03-12T02:42:58.669+0000] {logging_mixin.py:188} INFO - [2026-03-12T02:42:58.669+0000] {dagbag.py:538} INFO - Filling up the DagBag from /home/airflow/.local/lib/python3.8/site-packages/airflow/example_dags/example_branch_labels.py
[2026-03-12T02:42:58.673+0000] {processor.py:840} INFO - DAG(s) 'example_branch_labels' retrieved from /home/airflow/.local/lib/python3.8/site-packages/airflow/example_dags/example_branch_labels.py
[2026-03-12T02:42:58.682+0000] {logging_mixin.py:188} INFO - [2026-03-12T02:42:58.682+0000] {dag.py:3036} INFO - Sync 1 DAGs
[2026-03-12T02:42:58.692+0000] {logging_mixin.py:188} INFO - [2026-03-12T02:42:58.692+0000] {dag.py:3823} INFO - Setting next_dagrun for example_branch_labels to 2026-03-11 00:00:00+00:00, run_after=2026-03-12 00:00:00+00:00
[2026-03-12T02:42:58.700+0000] {processor.py:183} INFO - Processing /home/airflow/.local/lib/python3.8/site-packages/airflow/example_dags/example_branch_labels.py took 0.036 seconds
[2026-03-12T02:43:29.100+0000] {processor.py:161} INFO - Started process (PID=4300) to work on /home/airflow/.local/lib/python3.8/site-packages/airflow/example_dags/example_branch_labels.py
[2026-03-12T02:43:29.100+0000] {processor.py:830} INFO - Processing file /home/airflow/.local/lib/python3.8/site-packages/airflow/example_dags/example_branch_labels.py for tasks to queue
[2026-03-12T02:43:29.101+0000] {logging_mixin.py:188} INFO - [2026-03-12T02:43:29.101+0000] {dagbag.py:538} INFO - Filling up the DagBag from /home/airflow/.local/lib/python3.8/site-packages/airflow/example_dags/example_branch_labels.py
[2026-03-12T02:43:29.104+0000] {processor.py:840} INFO - DAG(s) 'example_branch_labels' retrieved from /home/airflow/.local/lib/python3.8/site-packages/airflow/example_dags/example_branch_labels.py
[2026-03-12T02:43:29.111+0000] {logging_mixin.py:188} INFO - [2026-03-12T02:43:29.111+0000] {dag.py:3036} INFO - Sync 1 DAGs
[2026-03-12T02:43:29.118+0000] {logging_mixin.py:188} INFO - [2026-03-12T02:43:29.117+0000] {dag.py:3823} INFO - Setting next_dagrun for example_branch_labels to 2026-03-11 00:00:00+00:00, run_after=2026-03-12 00:00:00+00:00
[2026-03-12T02:43:29.123+0000] {processor.py:183} INFO - Processing /home/airflow/.local/lib/python3.8/site-packages/airflow/example_dags/example_branch_labels.py took 0.025 seconds
[2026-03-12T02:43:59.525+0000] {processor.py:161} INFO - Started process (PID=4376) to work on /home/airflow/.local/lib/python3.8/site-packages/airflow/example_dags/example_branch_labels.py
[2026-03-12T02:43:59.526+0000] {processor.py:830} INFO - Processing file /home/airflow/.local/lib/python3.8/site-packages/airflow/example_dags/example_branch_labels.py for tasks to queue
[2026-03-12T02:43:59.526+0000] {logging_mixin.py:188} INFO - [2026-03-12T02:43:59.526+0000] {dagbag.py:538} INFO - Filling up the DagBag from /home/airflow/.local/lib/python3.8/site-packages/airflow/example_dags/example_branch_labels.py
[2026-03-12T02:43:59.530+0000] {processor.py:840} INFO - DAG(s) 'example_branch_labels' retrieved from /home/airflow/.local/lib/python3.8/site-packages/airflow/example_dags/example_branch_labels.py
[2026-03-12T02:43:59.541+0000] {logging_mixin.py:188} INFO - [2026-03-12T02:43:59.541+0000] {dag.py:3036} INFO - Sync 1 DAGs
[2026-03-12T02:43:59.552+0000] {logging_mixin.py:188} INFO - [2026-03-12T02:43:59.552+0000] {dag.py:3823} INFO - Setting next_dagrun for example_branch_labels to 2026-03-11 00:00:00+00:00, run_after=2026-03-12 00:00:00+00:00
[2026-03-12T02:43:59.560+0000] {processor.py:183} INFO - Processing /home/airflow/.local/lib/python3.8/site-packages/airflow/example_dags/example_branch_labels.py took 0.037 seconds
[2026-03-12T02:44:29.889+0000] {processor.py:161} INFO - Started process (PID=4452) to work on /home/airflow/.local/lib/python3.8/site-packages/airflow/example_dags/example_branch_labels.py
[2026-03-12T02:44:29.890+0000] {processor.py:830} INFO - Processing file /home/airflow/.local/lib/python3.8/site-packages/airflow/example_dags/example_branch_labels.py for tasks to queue
[2026-03-12T02:44:29.891+0000] {logging_mixin.py:188} INFO - [2026-03-12T02:44:29.890+0000] {dagbag.py:538} INFO - Filling up the DagBag from /home/airflow/.local/lib/python3.8/site-packages/airflow/example_dags/example_branch_labels.py
[2026-03-12T02:44:29.894+0000] {processor.py:840} INFO - DAG(s) 'example_branch_labels' retrieved from /home/airflow/.local/lib/python3.8/site-packages/airflow/example_dags/example_branch_labels.py
[2026-03-12T02:44:29.905+0000] {logging_mixin.py:188} INFO - [2026-03-12T02:44:29.904+0000] {dag.py:3036} INFO - Sync 1 DAGs
[2026-03-12T02:44:29.913+0000] {logging_mixin.py:188} INFO - [2026-03-12T02:44:29.913+0000] {dag.py:3823} INFO - Setting next_dagrun for example_branch_labels to 2026-03-11 00:00:00+00:00, run_after=2026-03-12 00:00:00+00:00
[2026-03-12T02:44:29.925+0000] {processor.py:183} INFO - Processing /home/airflow/.local/lib/python3.8/site-packages/airflow/example_dags/example_branch_labels.py took 0.037 seconds
[2026-03-12T02:45:00.347+0000] {processor.py:161} INFO - Started process (PID=4528) to work on /home/airflow/.local/lib/python3.8/site-packages/airflow/example_dags/example_branch_labels.py
[2026-03-12T02:45:00.349+0000] {processor.py:830} INFO - Processing file /home/airflow/.local/lib/python3.8/site-packages/airflow/example_dags/example_branch_labels.py for tasks to queue
[2026-03-12T02:45:00.350+0000] {logging_mixin.py:188} INFO - [2026-03-12T02:45:00.350+0000] {dagbag.py:538} INFO - Filling up the DagBag from /home/airflow/.local/lib/python3.8/site-packages/airflow/example_dags/example_branch_labels.py
[2026-03-12T02:45:00.356+0000] {processor.py:840} INFO - DAG(s) 'example_branch_labels' retrieved from /home/airflow/.local/lib/python3.8/site-packages/airflow/example_dags/example_branch_labels.py
[2026-03-12T02:45:00.365+0000] {logging_mixin.py:188} INFO - [2026-03-12T02:45:00.364+0000] {dag.py:3036} INFO - Sync 1 DAGs
[2026-03-12T02:45:00.373+0000] {logging_mixin.py:188} INFO - [2026-03-12T02:45:00.373+0000] {dag.py:3823} INFO - Setting next_dagrun for example_branch_labels to 2026-03-11 00:00:00+00:00, run_after=2026-03-12 00:00:00+00:00
[2026-03-12T02:45:00.382+0000] {processor.py:183} INFO - Processing /home/airflow/.local/lib/python3.8/site-packages/airflow/example_dags/example_branch_labels.py took 0.037 seconds
[2026-03-12T02:45:30.709+0000] {processor.py:161} INFO - Started process (PID=4604) to work on /home/airflow/.local/lib/python3.8/site-packages/airflow/example_dags/example_branch_labels.py
[2026-03-12T02:45:30.709+0000] {processor.py:830} INFO - Processing file /home/airflow/.local/lib/python3.8/site-packages/airflow/example_dags/example_branch_labels.py for tasks to queue
[2026-03-12T02:45:30.710+0000] {logging_mixin.py:188} INFO - [2026-03-12T02:45:30.710+0000] {dagbag.py:538} INFO - Filling up the DagBag from /home/airflow/.local/lib/python3.8/site-packages/airflow/example_dags/example_branch_labels.py
[2026-03-12T02:45:30.713+0000] {processor.py:840} INFO - DAG(s) 'example_branch_labels' retrieved from /home/airflow/.local/lib/python3.8/site-packages/airflow/example_dags/example_branch_labels.py
[2026-03-12T02:45:30.723+0000] {logging_mixin.py:188} INFO - [2026-03-12T02:45:30.723+0000] {dag.py:3036} INFO - Sync 1 DAGs
[2026-03-12T02:45:30.734+0000] {logging_mixin.py:188} INFO - [2026-03-12T02:45:30.734+0000] {dag.py:3823} INFO - Setting next_dagrun for example_branch_labels to 2026-03-11 00:00:00+00:00, run_after=2026-03-12 00:00:00+00:00
[2026-03-12T02:45:30.743+0000] {processor.py:183} INFO - Processing /home/airflow/.local/lib/python3.8/site-packages/airflow/example_dags/example_branch_labels.py took 0.036 seconds
[2026-03-12T02:46:01.222+0000] {processor.py:161} INFO - Started process (PID=4680) to work on /home/airflow/.local/lib/python3.8/site-packages/airflow/example_dags/example_branch_labels.py
[2026-03-12T02:46:01.223+0000] {processor.py:830} INFO - Processing file /home/airflow/.local/lib/python3.8/site-packages/airflow/example_dags/example_branch_labels.py for tasks to queue
[2026-03-12T02:46:01.224+0000] {logging_mixin.py:188} INFO - [2026-03-12T02:46:01.224+0000] {dagbag.py:538} INFO - Filling up the DagBag from /home/airflow/.local/lib/python3.8/site-packages/airflow/example_dags/example_branch_labels.py
[2026-03-12T02:46:01.229+0000] {processor.py:840} INFO - DAG(s) 'example_branch_labels' retrieved from /home/airflow/.local/lib/python3.8/site-packages/airflow/example_dags/example_branch_labels.py
[2026-03-12T02:46:01.237+0000] {logging_mixin.py:188} INFO - [2026-03-12T02:46:01.237+0000] {dag.py:3036} INFO - Sync 1 DAGs
[2026-03-12T02:46:01.245+0000] {logging_mixin.py:188} INFO - [2026-03-12T02:46:01.245+0000] {dag.py:3823} INFO - Setting next_dagrun for example_branch_labels to 2026-03-11 00:00:00+00:00, run_after=2026-03-12 00:00:00+00:00
[2026-03-12T02:46:01.254+0000] {processor.py:183} INFO - Processing /home/airflow/.local/lib/python3.8/site-packages/airflow/example_dags/example_branch_labels.py took 0.034 seconds
[2026-03-12T02:46:31.856+0000] {processor.py:161} INFO - Started process (PID=4756) to work on /home/airflow/.local/lib/python3.8/site-packages/airflow/example_dags/example_branch_labels.py
[2026-03-12T02:46:31.857+0000] {processor.py:830} INFO - Processing file /home/airflow/.local/lib/python3.8/site-packages/airflow/example_dags/example_branch_labels.py for tasks to queue
[2026-03-12T02:46:31.858+0000] {logging_mixin.py:188} INFO - [2026-03-12T02:46:31.858+0000] {dagbag.py:538} INFO - Filling up the DagBag from /home/airflow/.local/lib/python3.8/site-packages/airflow/example_dags/example_branch_labels.py
[2026-03-12T02:46:31.862+0000] {processor.py:840} INFO - DAG(s) 'example_branch_labels' retrieved from /home/airflow/.local/lib/python3.8/site-packages/airflow/example_dags/example_branch_labels.py
[2026-03-12T02:46:31.876+0000] {logging_mixin.py:188} INFO - [2026-03-12T02:46:31.876+0000] {dag.py:3036} INFO - Sync 1 DAGs
[2026-03-12T02:46:31.886+0000] {logging_mixin.py:188} INFO - [2026-03-12T02:46:31.886+0000] {dag.py:3823} INFO - Setting next_dagrun for example_branch_labels to 2026-03-11 00:00:00+00:00, run_after=2026-03-12 00:00:00+00:00
[2026-03-12T02:46:31.894+0000] {processor.py:183} INFO - Processing /home/airflow/.local/lib/python3.8/site-packages/airflow/example_dags/example_branch_labels.py took 0.039 seconds
[2026-03-12T02:47:02.659+0000] {processor.py:161} INFO - Started process (PID=4832) to work on /home/airflow/.local/lib/python3.8/site-packages/airflow/example_dags/example_branch_labels.py
[2026-03-12T02:47:02.661+0000] {processor.py:830} INFO - Processing file /home/airflow/.local/lib/python3.8/site-packages/airflow/example_dags/example_branch_labels.py for tasks to queue
[2026-03-12T02:47:02.662+0000] {logging_mixin.py:188} INFO - [2026-03-12T02:47:02.662+0000] {dagbag.py:538} INFO - Filling up the DagBag from /home/airflow/.local/lib/python3.8/site-packages/airflow/example_dags/example_branch_labels.py
[2026-03-12T02:47:02.667+0000] {processor.py:840} INFO - DAG(s) 'example_branch_labels' retrieved from /home/airflow/.local/lib/python3.8/site-packages/airflow/example_dags/example_branch_labels.py
[2026-03-12T02:47:02.676+0000] {logging_mixin.py:188} INFO - [2026-03-12T02:47:02.676+0000] {dag.py:3036} INFO - Sync 1 DAGs
[2026-03-12T02:47:02.687+0000] {logging_mixin.py:188} INFO - [2026-03-12T02:47:02.687+0000] {dag.py:3823} INFO - Setting next_dagrun for example_branch_labels to 2026-03-11 00:00:00+00:00, run_after=2026-03-12 00:00:00+00:00
[2026-03-12T02:47:02.698+0000] {processor.py:183} INFO - Processing /home/airflow/.local/lib/python3.8/site-packages/airflow/example_dags/example_branch_labels.py took 0.040 seconds
[2026-03-12T02:47:33.378+0000] {processor.py:161} INFO - Started process (PID=4908) to work on /home/airflow/.local/lib/python3.8/site-packages/airflow/example_dags/example_branch_labels.py
[2026-03-12T02:47:33.378+0000] {processor.py:830} INFO - Processing file /home/airflow/.local/lib/python3.8/site-packages/airflow/example_dags/example_branch_labels.py for tasks to queue
[2026-03-12T02:47:33.379+0000] {logging_mixin.py:188} INFO - [2026-03-12T02:47:33.379+0000] {dagbag.py:538} INFO - Filling up the DagBag from /home/airflow/.local/lib/python3.8/site-packages/airflow/example_dags/example_branch_labels.py
[2026-03-12T02:47:33.383+0000] {processor.py:840} INFO - DAG(s) 'example_branch_labels' retrieved from /home/airflow/.local/lib/python3.8/site-packages/airflow/example_dags/example_branch_labels.py
[2026-03-12T02:47:33.391+0000] {logging_mixin.py:188} INFO - [2026-03-12T02:47:33.391+0000] {dag.py:3036} INFO - Sync 1 DAGs
[2026-03-12T02:47:33.399+0000] {logging_mixin.py:188} INFO - [2026-03-12T02:47:33.399+0000] {dag.py:3823} INFO - Setting next_dagrun for example_branch_labels to 2026-03-11 00:00:00+00:00, run_after=2026-03-12 00:00:00+00:00
[2026-03-12T02:47:33.408+0000] {processor.py:183} INFO - Processing /home/airflow/.local/lib/python3.8/site-packages/airflow/example_dags/example_branch_labels.py took 0.032 seconds
[2026-03-12T02:48:03.913+0000] {processor.py:161} INFO - Started process (PID=4984) to work on /home/airflow/.local/lib/python3.8/site-packages/airflow/example_dags/example_branch_labels.py
[2026-03-12T02:48:03.913+0000] {processor.py:830} INFO - Processing file /home/airflow/.local/lib/python3.8/site-packages/airflow/example_dags/example_branch_labels.py for tasks to queue
[2026-03-12T02:48:03.914+0000] {logging_mixin.py:188} INFO - [2026-03-12T02:48:03.914+0000] {dagbag.py:538} INFO - Filling up the DagBag from /home/airflow/.local/lib/python3.8/site-packages/airflow/example_dags/example_branch_labels.py
[2026-03-12T02:48:03.918+0000] {processor.py:840} INFO - DAG(s) 'example_branch_labels' retrieved from /home/airflow/.local/lib/python3.8/site-packages/airflow/example_dags/example_branch_labels.py
[2026-03-12T02:48:03.930+0000] {logging_mixin.py:188} INFO - [2026-03-12T02:48:03.929+0000] {dag.py:3036} INFO - Sync 1 DAGs
[2026-03-12T02:48:03.941+0000] {logging_mixin.py:188} INFO - [2026-03-12T02:48:03.941+0000] {dag.py:3823} INFO - Setting next_dagrun for example_branch_labels to 2026-03-11 00:00:00+00:00, run_after=2026-03-12 00:00:00+00:00
[2026-03-12T02:48:03.952+0000] {processor.py:183} INFO - Processing /home/airflow/.local/lib/python3.8/site-packages/airflow/example_dags/example_branch_labels.py took 0.040 seconds
[2026-03-12T02:48:35.066+0000] {processor.py:161} INFO - Started process (PID=5062) to work on /home/airflow/.local/lib/python3.8/site-packages/airflow/example_dags/example_branch_labels.py
[2026-03-12T02:48:35.066+0000] {processor.py:830} INFO - Processing file /home/airflow/.local/lib/python3.8/site-packages/airflow/example_dags/example_branch_labels.py for tasks to queue
[2026-03-12T02:48:35.067+0000] {logging_mixin.py:188} INFO - [2026-03-12T02:48:35.067+0000] {dagbag.py:538} INFO - Filling up the DagBag from /home/airflow/.local/lib/python3.8/site-packages/airflow/example_dags/example_branch_labels.py
[2026-03-12T02:48:35.071+0000] {processor.py:840} INFO - DAG(s) 'example_branch_labels' retrieved from /home/airflow/.local/lib/python3.8/site-packages/airflow/example_dags/example_branch_labels.py
[2026-03-12T02:48:35.082+0000] {logging_mixin.py:188} INFO - [2026-03-12T02:48:35.082+0000] {dag.py:3036} INFO - Sync 1 DAGs
[2026-03-12T02:48:35.090+0000] {logging_mixin.py:188} INFO - [2026-03-12T02:48:35.090+0000] {dag.py:3823} INFO - Setting next_dagrun for example_branch_labels to 2026-03-11 00:00:00+00:00, run_after=2026-03-12 00:00:00+00:00
[2026-03-12T02:48:35.102+0000] {processor.py:183} INFO - Processing /home/airflow/.local/lib/python3.8/site-packages/airflow/example_dags/example_branch_labels.py took 0.038 seconds
[2026-03-12T02:49:05.518+0000] {processor.py:161} INFO - Started process (PID=5138) to work on /home/airflow/.local/lib/python3.8/site-packages/airflow/example_dags/example_branch_labels.py
[2026-03-12T02:49:05.519+0000] {processor.py:830} INFO - Processing file /home/airflow/.local/lib/python3.8/site-packages/airflow/example_dags/example_branch_labels.py for tasks to queue
[2026-03-12T02:49:05.521+0000] {logging_mixin.py:188} INFO - [2026-03-12T02:49:05.521+0000] {dagbag.py:538} INFO - Filling up the DagBag from /home/airflow/.local/lib/python3.8/site-packages/airflow/example_dags/example_branch_labels.py
[2026-03-12T02:49:05.525+0000] {processor.py:840} INFO - DAG(s) 'example_branch_labels' retrieved from /home/airflow/.local/lib/python3.8/site-packages/airflow/example_dags/example_branch_labels.py
[2026-03-12T02:49:05.536+0000] {logging_mixin.py:188} INFO - [2026-03-12T02:49:05.536+0000] {dag.py:3036} INFO - Sync 1 DAGs
[2026-03-12T02:49:05.545+0000] {logging_mixin.py:188} INFO - [2026-03-12T02:49:05.545+0000] {dag.py:3823} INFO - Setting next_dagrun for example_branch_labels to 2026-03-11 00:00:00+00:00, run_after=2026-03-12 00:00:00+00:00
[2026-03-12T02:49:05.554+0000] {processor.py:183} INFO - Processing /home/airflow/.local/lib/python3.8/site-packages/airflow/example_dags/example_branch_labels.py took 0.038 seconds
[2026-03-12T02:49:35.844+0000] {processor.py:161} INFO - Started process (PID=5214) to work on /home/airflow/.local/lib/python3.8/site-packages/airflow/example_dags/example_branch_labels.py
[2026-03-12T02:49:35.844+0000] {processor.py:830} INFO - Processing file /home/airflow/.local/lib/python3.8/site-packages/airflow/example_dags/example_branch_labels.py for tasks to queue
[2026-03-12T02:49:35.845+0000] {logging_mixin.py:188} INFO - [2026-03-12T02:49:35.845+0000] {dagbag.py:538} INFO - Filling up the DagBag from /home/airflow/.local/lib/python3.8/site-packages/airflow/example_dags/example_branch_labels.py
[2026-03-12T02:49:35.849+0000] {processor.py:840} INFO - DAG(s) 'example_branch_labels' retrieved from /home/airflow/.local/lib/python3.8/site-packages/airflow/example_dags/example_branch_labels.py
[2026-03-12T02:49:35.861+0000] {logging_mixin.py:188} INFO - [2026-03-12T02:49:35.861+0000] {dag.py:3036} INFO - Sync 1 DAGs
[2026-03-12T02:49:35.870+0000] {logging_mixin.py:188} INFO - [2026-03-12T02:49:35.870+0000] {dag.py:3823} INFO - Setting next_dagrun for example_branch_labels to 2026-03-11 00:00:00+00:00, run_after=2026-03-12 00:00:00+00:00
[2026-03-12T02:49:35.876+0000] {processor.py:183} INFO - Processing /home/airflow/.local/lib/python3.8/site-packages/airflow/example_dags/example_branch_labels.py took 0.034 seconds
