[2026-03-12T02:15:10.451+0000] {processor.py:161} INFO - Started process (PID=92) to work on /home/airflow/.local/lib/python3.8/site-packages/airflow/example_dags/example_sla_dag.py
[2026-03-12T02:15:10.454+0000] {processor.py:830} INFO - Processing file /home/airflow/.local/lib/python3.8/site-packages/airflow/example_dags/example_sla_dag.py for tasks to queue
[2026-03-12T02:15:10.455+0000] {logging_mixin.py:188} INFO - [2026-03-12T02:15:10.455+0000] {dagbag.py:538} INFO - Filling up the DagBag from /home/airflow/.local/lib/python3.8/site-packages/airflow/example_dags/example_sla_dag.py
[2026-03-12T02:15:10.460+0000] {processor.py:840} INFO - DAG(s) 'example_sla_dag' retrieved from /home/airflow/.local/lib/python3.8/site-packages/airflow/example_dags/example_sla_dag.py
[2026-03-12T02:15:10.468+0000] {logging_mixin.py:188} INFO - [2026-03-12T02:15:10.468+0000] {dag.py:3036} INFO - Sync 1 DAGs
[2026-03-12T02:15:10.478+0000] {logging_mixin.py:188} INFO - [2026-03-12T02:15:10.478+0000] {dag.py:3823} INFO - Setting next_dagrun for example_sla_dag to 2026-03-12 02:12:00+00:00, run_after=2026-03-12 02:14:00+00:00
[2026-03-12T02:15:10.490+0000] {processor.py:183} INFO - Processing /home/airflow/.local/lib/python3.8/site-packages/airflow/example_dags/example_sla_dag.py took 0.041 seconds
[2026-03-12T02:15:41.225+0000] {processor.py:161} INFO - Started process (PID=168) to work on /home/airflow/.local/lib/python3.8/site-packages/airflow/example_dags/example_sla_dag.py
[2026-03-12T02:15:41.226+0000] {processor.py:830} INFO - Processing file /home/airflow/.local/lib/python3.8/site-packages/airflow/example_dags/example_sla_dag.py for tasks to queue
[2026-03-12T02:15:41.227+0000] {logging_mixin.py:188} INFO - [2026-03-12T02:15:41.227+0000] {dagbag.py:538} INFO - Filling up the DagBag from /home/airflow/.local/lib/python3.8/site-packages/airflow/example_dags/example_sla_dag.py
[2026-03-12T02:15:41.233+0000] {processor.py:840} INFO - DAG(s) 'example_sla_dag' retrieved from /home/airflow/.local/lib/python3.8/site-packages/airflow/example_dags/example_sla_dag.py
[2026-03-12T02:15:41.363+0000] {logging_mixin.py:188} INFO - [2026-03-12T02:15:41.363+0000] {dag.py:3036} INFO - Sync 1 DAGs
[2026-03-12T02:15:41.372+0000] {logging_mixin.py:188} INFO - [2026-03-12T02:15:41.372+0000] {dag.py:3823} INFO - Setting next_dagrun for example_sla_dag to 2026-03-12 02:12:00+00:00, run_after=2026-03-12 02:14:00+00:00
[2026-03-12T02:15:41.382+0000] {processor.py:183} INFO - Processing /home/airflow/.local/lib/python3.8/site-packages/airflow/example_dags/example_sla_dag.py took 0.160 seconds
[2026-03-12T02:16:11.800+0000] {processor.py:161} INFO - Started process (PID=244) to work on /home/airflow/.local/lib/python3.8/site-packages/airflow/example_dags/example_sla_dag.py
[2026-03-12T02:16:11.801+0000] {processor.py:830} INFO - Processing file /home/airflow/.local/lib/python3.8/site-packages/airflow/example_dags/example_sla_dag.py for tasks to queue
[2026-03-12T02:16:11.802+0000] {logging_mixin.py:188} INFO - [2026-03-12T02:16:11.802+0000] {dagbag.py:538} INFO - Filling up the DagBag from /home/airflow/.local/lib/python3.8/site-packages/airflow/example_dags/example_sla_dag.py
[2026-03-12T02:16:11.806+0000] {processor.py:840} INFO - DAG(s) 'example_sla_dag' retrieved from /home/airflow/.local/lib/python3.8/site-packages/airflow/example_dags/example_sla_dag.py
[2026-03-12T02:16:11.822+0000] {logging_mixin.py:188} INFO - [2026-03-12T02:16:11.822+0000] {dag.py:3036} INFO - Sync 1 DAGs
[2026-03-12T02:16:11.834+0000] {logging_mixin.py:188} INFO - [2026-03-12T02:16:11.834+0000] {dag.py:3823} INFO - Setting next_dagrun for example_sla_dag to 2026-03-12 02:14:00+00:00, run_after=2026-03-12 02:16:00+00:00
[2026-03-12T02:16:11.844+0000] {processor.py:183} INFO - Processing /home/airflow/.local/lib/python3.8/site-packages/airflow/example_dags/example_sla_dag.py took 0.046 seconds
[2026-03-12T02:16:42.729+0000] {processor.py:161} INFO - Started process (PID=320) to work on /home/airflow/.local/lib/python3.8/site-packages/airflow/example_dags/example_sla_dag.py
[2026-03-12T02:16:42.729+0000] {processor.py:830} INFO - Processing file /home/airflow/.local/lib/python3.8/site-packages/airflow/example_dags/example_sla_dag.py for tasks to queue
[2026-03-12T02:16:42.730+0000] {logging_mixin.py:188} INFO - [2026-03-12T02:16:42.730+0000] {dagbag.py:538} INFO - Filling up the DagBag from /home/airflow/.local/lib/python3.8/site-packages/airflow/example_dags/example_sla_dag.py
[2026-03-12T02:16:42.737+0000] {processor.py:840} INFO - DAG(s) 'example_sla_dag' retrieved from /home/airflow/.local/lib/python3.8/site-packages/airflow/example_dags/example_sla_dag.py
[2026-03-12T02:16:42.747+0000] {logging_mixin.py:188} INFO - [2026-03-12T02:16:42.747+0000] {dag.py:3036} INFO - Sync 1 DAGs
[2026-03-12T02:16:42.759+0000] {logging_mixin.py:188} INFO - [2026-03-12T02:16:42.759+0000] {dag.py:3823} INFO - Setting next_dagrun for example_sla_dag to 2026-03-12 02:14:00+00:00, run_after=2026-03-12 02:16:00+00:00
[2026-03-12T02:16:42.769+0000] {processor.py:183} INFO - Processing /home/airflow/.local/lib/python3.8/site-packages/airflow/example_dags/example_sla_dag.py took 0.042 seconds
[2026-03-12T02:17:13.647+0000] {processor.py:161} INFO - Started process (PID=396) to work on /home/airflow/.local/lib/python3.8/site-packages/airflow/example_dags/example_sla_dag.py
[2026-03-12T02:17:13.648+0000] {processor.py:830} INFO - Processing file /home/airflow/.local/lib/python3.8/site-packages/airflow/example_dags/example_sla_dag.py for tasks to queue
[2026-03-12T02:17:13.649+0000] {logging_mixin.py:188} INFO - [2026-03-12T02:17:13.649+0000] {dagbag.py:538} INFO - Filling up the DagBag from /home/airflow/.local/lib/python3.8/site-packages/airflow/example_dags/example_sla_dag.py
[2026-03-12T02:17:13.654+0000] {processor.py:840} INFO - DAG(s) 'example_sla_dag' retrieved from /home/airflow/.local/lib/python3.8/site-packages/airflow/example_dags/example_sla_dag.py
[2026-03-12T02:17:13.665+0000] {logging_mixin.py:188} INFO - [2026-03-12T02:17:13.665+0000] {dag.py:3036} INFO - Sync 1 DAGs
[2026-03-12T02:17:13.678+0000] {logging_mixin.py:188} INFO - [2026-03-12T02:17:13.678+0000] {dag.py:3823} INFO - Setting next_dagrun for example_sla_dag to 2026-03-12 02:14:00+00:00, run_after=2026-03-12 02:16:00+00:00
[2026-03-12T02:17:13.688+0000] {processor.py:183} INFO - Processing /home/airflow/.local/lib/python3.8/site-packages/airflow/example_dags/example_sla_dag.py took 0.042 seconds
[2026-03-12T02:17:44.030+0000] {processor.py:161} INFO - Started process (PID=472) to work on /home/airflow/.local/lib/python3.8/site-packages/airflow/example_dags/example_sla_dag.py
[2026-03-12T02:17:44.030+0000] {processor.py:830} INFO - Processing file /home/airflow/.local/lib/python3.8/site-packages/airflow/example_dags/example_sla_dag.py for tasks to queue
[2026-03-12T02:17:44.031+0000] {logging_mixin.py:188} INFO - [2026-03-12T02:17:44.031+0000] {dagbag.py:538} INFO - Filling up the DagBag from /home/airflow/.local/lib/python3.8/site-packages/airflow/example_dags/example_sla_dag.py
[2026-03-12T02:17:44.035+0000] {processor.py:840} INFO - DAG(s) 'example_sla_dag' retrieved from /home/airflow/.local/lib/python3.8/site-packages/airflow/example_dags/example_sla_dag.py
[2026-03-12T02:17:44.042+0000] {logging_mixin.py:188} INFO - [2026-03-12T02:17:44.042+0000] {dag.py:3036} INFO - Sync 1 DAGs
[2026-03-12T02:17:44.051+0000] {logging_mixin.py:188} INFO - [2026-03-12T02:17:44.051+0000] {dag.py:3823} INFO - Setting next_dagrun for example_sla_dag to 2026-03-12 02:14:00+00:00, run_after=2026-03-12 02:16:00+00:00
[2026-03-12T02:17:44.057+0000] {processor.py:183} INFO - Processing /home/airflow/.local/lib/python3.8/site-packages/airflow/example_dags/example_sla_dag.py took 0.028 seconds
[2026-03-12T02:18:14.810+0000] {processor.py:161} INFO - Started process (PID=546) to work on /home/airflow/.local/lib/python3.8/site-packages/airflow/example_dags/example_sla_dag.py
[2026-03-12T02:18:14.811+0000] {processor.py:830} INFO - Processing file /home/airflow/.local/lib/python3.8/site-packages/airflow/example_dags/example_sla_dag.py for tasks to queue
[2026-03-12T02:18:14.812+0000] {logging_mixin.py:188} INFO - [2026-03-12T02:18:14.812+0000] {dagbag.py:538} INFO - Filling up the DagBag from /home/airflow/.local/lib/python3.8/site-packages/airflow/example_dags/example_sla_dag.py
[2026-03-12T02:18:14.815+0000] {processor.py:840} INFO - DAG(s) 'example_sla_dag' retrieved from /home/airflow/.local/lib/python3.8/site-packages/airflow/example_dags/example_sla_dag.py
[2026-03-12T02:18:14.828+0000] {logging_mixin.py:188} INFO - [2026-03-12T02:18:14.828+0000] {dag.py:3036} INFO - Sync 1 DAGs
[2026-03-12T02:18:14.837+0000] {logging_mixin.py:188} INFO - [2026-03-12T02:18:14.837+0000] {dag.py:3823} INFO - Setting next_dagrun for example_sla_dag to 2026-03-12 02:16:00+00:00, run_after=2026-03-12 02:18:00+00:00
[2026-03-12T02:18:14.845+0000] {processor.py:183} INFO - Processing /home/airflow/.local/lib/python3.8/site-packages/airflow/example_dags/example_sla_dag.py took 0.037 seconds
[2026-03-12T02:18:45.751+0000] {processor.py:161} INFO - Started process (PID=622) to work on /home/airflow/.local/lib/python3.8/site-packages/airflow/example_dags/example_sla_dag.py
[2026-03-12T02:18:45.752+0000] {processor.py:830} INFO - Processing file /home/airflow/.local/lib/python3.8/site-packages/airflow/example_dags/example_sla_dag.py for tasks to queue
[2026-03-12T02:18:45.753+0000] {logging_mixin.py:188} INFO - [2026-03-12T02:18:45.752+0000] {dagbag.py:538} INFO - Filling up the DagBag from /home/airflow/.local/lib/python3.8/site-packages/airflow/example_dags/example_sla_dag.py
[2026-03-12T02:18:45.756+0000] {processor.py:840} INFO - DAG(s) 'example_sla_dag' retrieved from /home/airflow/.local/lib/python3.8/site-packages/airflow/example_dags/example_sla_dag.py
[2026-03-12T02:18:45.769+0000] {logging_mixin.py:188} INFO - [2026-03-12T02:18:45.769+0000] {dag.py:3036} INFO - Sync 1 DAGs
[2026-03-12T02:18:45.779+0000] {logging_mixin.py:188} INFO - [2026-03-12T02:18:45.779+0000] {dag.py:3823} INFO - Setting next_dagrun for example_sla_dag to 2026-03-12 02:16:00+00:00, run_after=2026-03-12 02:18:00+00:00
[2026-03-12T02:18:45.788+0000] {processor.py:183} INFO - Processing /home/airflow/.local/lib/python3.8/site-packages/airflow/example_dags/example_sla_dag.py took 0.039 seconds
[2026-03-12T02:19:16.698+0000] {processor.py:161} INFO - Started process (PID=698) to work on /home/airflow/.local/lib/python3.8/site-packages/airflow/example_dags/example_sla_dag.py
[2026-03-12T02:19:16.698+0000] {processor.py:830} INFO - Processing file /home/airflow/.local/lib/python3.8/site-packages/airflow/example_dags/example_sla_dag.py for tasks to queue
[2026-03-12T02:19:16.700+0000] {logging_mixin.py:188} INFO - [2026-03-12T02:19:16.700+0000] {dagbag.py:538} INFO - Filling up the DagBag from /home/airflow/.local/lib/python3.8/site-packages/airflow/example_dags/example_sla_dag.py
[2026-03-12T02:19:16.704+0000] {processor.py:840} INFO - DAG(s) 'example_sla_dag' retrieved from /home/airflow/.local/lib/python3.8/site-packages/airflow/example_dags/example_sla_dag.py
[2026-03-12T02:19:16.715+0000] {logging_mixin.py:188} INFO - [2026-03-12T02:19:16.715+0000] {dag.py:3036} INFO - Sync 1 DAGs
[2026-03-12T02:19:16.727+0000] {logging_mixin.py:188} INFO - [2026-03-12T02:19:16.727+0000] {dag.py:3823} INFO - Setting next_dagrun for example_sla_dag to 2026-03-12 02:16:00+00:00, run_after=2026-03-12 02:18:00+00:00
[2026-03-12T02:19:16.738+0000] {processor.py:183} INFO - Processing /home/airflow/.local/lib/python3.8/site-packages/airflow/example_dags/example_sla_dag.py took 0.042 seconds
[2026-03-12T02:19:48.049+0000] {processor.py:161} INFO - Started process (PID=776) to work on /home/airflow/.local/lib/python3.8/site-packages/airflow/example_dags/example_sla_dag.py
[2026-03-12T02:19:48.052+0000] {processor.py:830} INFO - Processing file /home/airflow/.local/lib/python3.8/site-packages/airflow/example_dags/example_sla_dag.py for tasks to queue
[2026-03-12T02:19:48.053+0000] {logging_mixin.py:188} INFO - [2026-03-12T02:19:48.053+0000] {dagbag.py:538} INFO - Filling up the DagBag from /home/airflow/.local/lib/python3.8/site-packages/airflow/example_dags/example_sla_dag.py
[2026-03-12T02:19:48.057+0000] {processor.py:840} INFO - DAG(s) 'example_sla_dag' retrieved from /home/airflow/.local/lib/python3.8/site-packages/airflow/example_dags/example_sla_dag.py
[2026-03-12T02:19:48.066+0000] {logging_mixin.py:188} INFO - [2026-03-12T02:19:48.065+0000] {dag.py:3036} INFO - Sync 1 DAGs
[2026-03-12T02:19:48.074+0000] {logging_mixin.py:188} INFO - [2026-03-12T02:19:48.074+0000] {dag.py:3823} INFO - Setting next_dagrun for example_sla_dag to 2026-03-12 02:16:00+00:00, run_after=2026-03-12 02:18:00+00:00
[2026-03-12T02:19:48.085+0000] {processor.py:183} INFO - Processing /home/airflow/.local/lib/python3.8/site-packages/airflow/example_dags/example_sla_dag.py took 0.038 seconds
[2026-03-12T02:20:19.046+0000] {processor.py:161} INFO - Started process (PID=852) to work on /home/airflow/.local/lib/python3.8/site-packages/airflow/example_dags/example_sla_dag.py
[2026-03-12T02:20:19.046+0000] {processor.py:830} INFO - Processing file /home/airflow/.local/lib/python3.8/site-packages/airflow/example_dags/example_sla_dag.py for tasks to queue
[2026-03-12T02:20:19.047+0000] {logging_mixin.py:188} INFO - [2026-03-12T02:20:19.047+0000] {dagbag.py:538} INFO - Filling up the DagBag from /home/airflow/.local/lib/python3.8/site-packages/airflow/example_dags/example_sla_dag.py
[2026-03-12T02:20:19.052+0000] {processor.py:840} INFO - DAG(s) 'example_sla_dag' retrieved from /home/airflow/.local/lib/python3.8/site-packages/airflow/example_dags/example_sla_dag.py
[2026-03-12T02:20:19.061+0000] {logging_mixin.py:188} INFO - [2026-03-12T02:20:19.061+0000] {dag.py:3036} INFO - Sync 1 DAGs
[2026-03-12T02:20:19.069+0000] {logging_mixin.py:188} INFO - [2026-03-12T02:20:19.069+0000] {dag.py:3823} INFO - Setting next_dagrun for example_sla_dag to 2026-03-12 02:18:00+00:00, run_after=2026-03-12 02:20:00+00:00
[2026-03-12T02:20:19.074+0000] {processor.py:183} INFO - Processing /home/airflow/.local/lib/python3.8/site-packages/airflow/example_dags/example_sla_dag.py took 0.030 seconds
[2026-03-12T02:20:51.685+0000] {processor.py:161} INFO - Started process (PID=928) to work on /home/airflow/.local/lib/python3.8/site-packages/airflow/example_dags/example_sla_dag.py
[2026-03-12T02:20:51.685+0000] {processor.py:830} INFO - Processing file /home/airflow/.local/lib/python3.8/site-packages/airflow/example_dags/example_sla_dag.py for tasks to queue
[2026-03-12T02:20:51.686+0000] {logging_mixin.py:188} INFO - [2026-03-12T02:20:51.686+0000] {dagbag.py:538} INFO - Filling up the DagBag from /home/airflow/.local/lib/python3.8/site-packages/airflow/example_dags/example_sla_dag.py
[2026-03-12T02:20:51.692+0000] {processor.py:840} INFO - DAG(s) 'example_sla_dag' retrieved from /home/airflow/.local/lib/python3.8/site-packages/airflow/example_dags/example_sla_dag.py
[2026-03-12T02:20:51.702+0000] {logging_mixin.py:188} INFO - [2026-03-12T02:20:51.702+0000] {dag.py:3036} INFO - Sync 1 DAGs
[2026-03-12T02:20:51.717+0000] {logging_mixin.py:188} INFO - [2026-03-12T02:20:51.717+0000] {dag.py:3823} INFO - Setting next_dagrun for example_sla_dag to 2026-03-12 02:18:00+00:00, run_after=2026-03-12 02:20:00+00:00
[2026-03-12T02:20:51.731+0000] {processor.py:183} INFO - Processing /home/airflow/.local/lib/python3.8/site-packages/airflow/example_dags/example_sla_dag.py took 0.048 seconds
[2026-03-12T02:21:22.185+0000] {processor.py:161} INFO - Started process (PID=1004) to work on /home/airflow/.local/lib/python3.8/site-packages/airflow/example_dags/example_sla_dag.py
[2026-03-12T02:21:22.185+0000] {processor.py:830} INFO - Processing file /home/airflow/.local/lib/python3.8/site-packages/airflow/example_dags/example_sla_dag.py for tasks to queue
[2026-03-12T02:21:22.186+0000] {logging_mixin.py:188} INFO - [2026-03-12T02:21:22.186+0000] {dagbag.py:538} INFO - Filling up the DagBag from /home/airflow/.local/lib/python3.8/site-packages/airflow/example_dags/example_sla_dag.py
[2026-03-12T02:21:22.191+0000] {processor.py:840} INFO - DAG(s) 'example_sla_dag' retrieved from /home/airflow/.local/lib/python3.8/site-packages/airflow/example_dags/example_sla_dag.py
[2026-03-12T02:21:22.205+0000] {logging_mixin.py:188} INFO - [2026-03-12T02:21:22.204+0000] {dag.py:3036} INFO - Sync 1 DAGs
[2026-03-12T02:21:22.215+0000] {logging_mixin.py:188} INFO - [2026-03-12T02:21:22.215+0000] {dag.py:3823} INFO - Setting next_dagrun for example_sla_dag to 2026-03-12 02:18:00+00:00, run_after=2026-03-12 02:20:00+00:00
[2026-03-12T02:21:22.227+0000] {processor.py:183} INFO - Processing /home/airflow/.local/lib/python3.8/site-packages/airflow/example_dags/example_sla_dag.py took 0.043 seconds
[2026-03-12T02:21:52.682+0000] {processor.py:161} INFO - Started process (PID=1080) to work on /home/airflow/.local/lib/python3.8/site-packages/airflow/example_dags/example_sla_dag.py
[2026-03-12T02:21:52.682+0000] {processor.py:830} INFO - Processing file /home/airflow/.local/lib/python3.8/site-packages/airflow/example_dags/example_sla_dag.py for tasks to queue
[2026-03-12T02:21:52.683+0000] {logging_mixin.py:188} INFO - [2026-03-12T02:21:52.683+0000] {dagbag.py:538} INFO - Filling up the DagBag from /home/airflow/.local/lib/python3.8/site-packages/airflow/example_dags/example_sla_dag.py
[2026-03-12T02:21:52.686+0000] {processor.py:840} INFO - DAG(s) 'example_sla_dag' retrieved from /home/airflow/.local/lib/python3.8/site-packages/airflow/example_dags/example_sla_dag.py
[2026-03-12T02:21:52.693+0000] {logging_mixin.py:188} INFO - [2026-03-12T02:21:52.693+0000] {dag.py:3036} INFO - Sync 1 DAGs
[2026-03-12T02:21:52.703+0000] {logging_mixin.py:188} INFO - [2026-03-12T02:21:52.703+0000] {dag.py:3823} INFO - Setting next_dagrun for example_sla_dag to 2026-03-12 02:18:00+00:00, run_after=2026-03-12 02:20:00+00:00
[2026-03-12T02:21:52.709+0000] {processor.py:183} INFO - Processing /home/airflow/.local/lib/python3.8/site-packages/airflow/example_dags/example_sla_dag.py took 0.029 seconds
[2026-03-12T02:22:23.027+0000] {processor.py:161} INFO - Started process (PID=1156) to work on /home/airflow/.local/lib/python3.8/site-packages/airflow/example_dags/example_sla_dag.py
[2026-03-12T02:22:23.028+0000] {processor.py:830} INFO - Processing file /home/airflow/.local/lib/python3.8/site-packages/airflow/example_dags/example_sla_dag.py for tasks to queue
[2026-03-12T02:22:23.029+0000] {logging_mixin.py:188} INFO - [2026-03-12T02:22:23.029+0000] {dagbag.py:538} INFO - Filling up the DagBag from /home/airflow/.local/lib/python3.8/site-packages/airflow/example_dags/example_sla_dag.py
[2026-03-12T02:22:23.032+0000] {processor.py:840} INFO - DAG(s) 'example_sla_dag' retrieved from /home/airflow/.local/lib/python3.8/site-packages/airflow/example_dags/example_sla_dag.py
[2026-03-12T02:22:23.039+0000] {logging_mixin.py:188} INFO - [2026-03-12T02:22:23.038+0000] {dag.py:3036} INFO - Sync 1 DAGs
[2026-03-12T02:22:23.047+0000] {logging_mixin.py:188} INFO - [2026-03-12T02:22:23.047+0000] {dag.py:3823} INFO - Setting next_dagrun for example_sla_dag to 2026-03-12 02:20:00+00:00, run_after=2026-03-12 02:22:00+00:00
[2026-03-12T02:22:23.052+0000] {processor.py:183} INFO - Processing /home/airflow/.local/lib/python3.8/site-packages/airflow/example_dags/example_sla_dag.py took 0.026 seconds
[2026-03-12T02:22:54.242+0000] {processor.py:161} INFO - Started process (PID=1232) to work on /home/airflow/.local/lib/python3.8/site-packages/airflow/example_dags/example_sla_dag.py
[2026-03-12T02:22:54.243+0000] {processor.py:830} INFO - Processing file /home/airflow/.local/lib/python3.8/site-packages/airflow/example_dags/example_sla_dag.py for tasks to queue
[2026-03-12T02:22:54.245+0000] {logging_mixin.py:188} INFO - [2026-03-12T02:22:54.245+0000] {dagbag.py:538} INFO - Filling up the DagBag from /home/airflow/.local/lib/python3.8/site-packages/airflow/example_dags/example_sla_dag.py
[2026-03-12T02:22:54.250+0000] {processor.py:840} INFO - DAG(s) 'example_sla_dag' retrieved from /home/airflow/.local/lib/python3.8/site-packages/airflow/example_dags/example_sla_dag.py
[2026-03-12T02:22:54.259+0000] {logging_mixin.py:188} INFO - [2026-03-12T02:22:54.259+0000] {dag.py:3036} INFO - Sync 1 DAGs
[2026-03-12T02:22:54.269+0000] {logging_mixin.py:188} INFO - [2026-03-12T02:22:54.268+0000] {dag.py:3823} INFO - Setting next_dagrun for example_sla_dag to 2026-03-12 02:20:00+00:00, run_after=2026-03-12 02:22:00+00:00
[2026-03-12T02:22:54.274+0000] {processor.py:183} INFO - Processing /home/airflow/.local/lib/python3.8/site-packages/airflow/example_dags/example_sla_dag.py took 0.034 seconds
[2026-03-12T02:23:25.401+0000] {processor.py:161} INFO - Started process (PID=1308) to work on /home/airflow/.local/lib/python3.8/site-packages/airflow/example_dags/example_sla_dag.py
[2026-03-12T02:23:25.401+0000] {processor.py:830} INFO - Processing file /home/airflow/.local/lib/python3.8/site-packages/airflow/example_dags/example_sla_dag.py for tasks to queue
[2026-03-12T02:23:25.402+0000] {logging_mixin.py:188} INFO - [2026-03-12T02:23:25.402+0000] {dagbag.py:538} INFO - Filling up the DagBag from /home/airflow/.local/lib/python3.8/site-packages/airflow/example_dags/example_sla_dag.py
[2026-03-12T02:23:25.406+0000] {processor.py:840} INFO - DAG(s) 'example_sla_dag' retrieved from /home/airflow/.local/lib/python3.8/site-packages/airflow/example_dags/example_sla_dag.py
[2026-03-12T02:23:25.414+0000] {logging_mixin.py:188} INFO - [2026-03-12T02:23:25.414+0000] {dag.py:3036} INFO - Sync 1 DAGs
[2026-03-12T02:23:25.423+0000] {logging_mixin.py:188} INFO - [2026-03-12T02:23:25.423+0000] {dag.py:3823} INFO - Setting next_dagrun for example_sla_dag to 2026-03-12 02:20:00+00:00, run_after=2026-03-12 02:22:00+00:00
[2026-03-12T02:23:25.428+0000] {processor.py:183} INFO - Processing /home/airflow/.local/lib/python3.8/site-packages/airflow/example_dags/example_sla_dag.py took 0.029 seconds
[2026-03-12T02:23:56.593+0000] {processor.py:161} INFO - Started process (PID=1384) to work on /home/airflow/.local/lib/python3.8/site-packages/airflow/example_dags/example_sla_dag.py
[2026-03-12T02:23:56.594+0000] {processor.py:830} INFO - Processing file /home/airflow/.local/lib/python3.8/site-packages/airflow/example_dags/example_sla_dag.py for tasks to queue
[2026-03-12T02:23:56.594+0000] {logging_mixin.py:188} INFO - [2026-03-12T02:23:56.594+0000] {dagbag.py:538} INFO - Filling up the DagBag from /home/airflow/.local/lib/python3.8/site-packages/airflow/example_dags/example_sla_dag.py
[2026-03-12T02:23:56.598+0000] {processor.py:840} INFO - DAG(s) 'example_sla_dag' retrieved from /home/airflow/.local/lib/python3.8/site-packages/airflow/example_dags/example_sla_dag.py
[2026-03-12T02:23:56.608+0000] {logging_mixin.py:188} INFO - [2026-03-12T02:23:56.608+0000] {dag.py:3036} INFO - Sync 1 DAGs
[2026-03-12T02:23:56.619+0000] {logging_mixin.py:188} INFO - [2026-03-12T02:23:56.619+0000] {dag.py:3823} INFO - Setting next_dagrun for example_sla_dag to 2026-03-12 02:20:00+00:00, run_after=2026-03-12 02:22:00+00:00
[2026-03-12T02:23:56.631+0000] {processor.py:183} INFO - Processing /home/airflow/.local/lib/python3.8/site-packages/airflow/example_dags/example_sla_dag.py took 0.039 seconds
[2026-03-12T02:24:27.011+0000] {processor.py:161} INFO - Started process (PID=1460) to work on /home/airflow/.local/lib/python3.8/site-packages/airflow/example_dags/example_sla_dag.py
[2026-03-12T02:24:27.011+0000] {processor.py:830} INFO - Processing file /home/airflow/.local/lib/python3.8/site-packages/airflow/example_dags/example_sla_dag.py for tasks to queue
[2026-03-12T02:24:27.012+0000] {logging_mixin.py:188} INFO - [2026-03-12T02:24:27.012+0000] {dagbag.py:538} INFO - Filling up the DagBag from /home/airflow/.local/lib/python3.8/site-packages/airflow/example_dags/example_sla_dag.py
[2026-03-12T02:24:27.015+0000] {processor.py:840} INFO - DAG(s) 'example_sla_dag' retrieved from /home/airflow/.local/lib/python3.8/site-packages/airflow/example_dags/example_sla_dag.py
[2026-03-12T02:24:27.022+0000] {logging_mixin.py:188} INFO - [2026-03-12T02:24:27.022+0000] {dag.py:3036} INFO - Sync 1 DAGs
[2026-03-12T02:24:27.030+0000] {logging_mixin.py:188} INFO - [2026-03-12T02:24:27.030+0000] {dag.py:3823} INFO - Setting next_dagrun for example_sla_dag to 2026-03-12 02:22:00+00:00, run_after=2026-03-12 02:24:00+00:00
[2026-03-12T02:24:27.045+0000] {processor.py:183} INFO - Processing /home/airflow/.local/lib/python3.8/site-packages/airflow/example_dags/example_sla_dag.py took 0.036 seconds
[2026-03-12T02:24:57.734+0000] {processor.py:161} INFO - Started process (PID=1536) to work on /home/airflow/.local/lib/python3.8/site-packages/airflow/example_dags/example_sla_dag.py
[2026-03-12T02:24:57.734+0000] {processor.py:830} INFO - Processing file /home/airflow/.local/lib/python3.8/site-packages/airflow/example_dags/example_sla_dag.py for tasks to queue
[2026-03-12T02:24:57.735+0000] {logging_mixin.py:188} INFO - [2026-03-12T02:24:57.735+0000] {dagbag.py:538} INFO - Filling up the DagBag from /home/airflow/.local/lib/python3.8/site-packages/airflow/example_dags/example_sla_dag.py
[2026-03-12T02:24:57.739+0000] {processor.py:840} INFO - DAG(s) 'example_sla_dag' retrieved from /home/airflow/.local/lib/python3.8/site-packages/airflow/example_dags/example_sla_dag.py
[2026-03-12T02:24:57.747+0000] {logging_mixin.py:188} INFO - [2026-03-12T02:24:57.747+0000] {dag.py:3036} INFO - Sync 1 DAGs
[2026-03-12T02:24:57.756+0000] {logging_mixin.py:188} INFO - [2026-03-12T02:24:57.756+0000] {dag.py:3823} INFO - Setting next_dagrun for example_sla_dag to 2026-03-12 02:22:00+00:00, run_after=2026-03-12 02:24:00+00:00
[2026-03-12T02:24:57.764+0000] {processor.py:183} INFO - Processing /home/airflow/.local/lib/python3.8/site-packages/airflow/example_dags/example_sla_dag.py took 0.032 seconds
[2026-03-12T02:25:28.528+0000] {processor.py:161} INFO - Started process (PID=1612) to work on /home/airflow/.local/lib/python3.8/site-packages/airflow/example_dags/example_sla_dag.py
[2026-03-12T02:25:28.528+0000] {processor.py:830} INFO - Processing file /home/airflow/.local/lib/python3.8/site-packages/airflow/example_dags/example_sla_dag.py for tasks to queue
[2026-03-12T02:25:28.529+0000] {logging_mixin.py:188} INFO - [2026-03-12T02:25:28.529+0000] {dagbag.py:538} INFO - Filling up the DagBag from /home/airflow/.local/lib/python3.8/site-packages/airflow/example_dags/example_sla_dag.py
[2026-03-12T02:25:28.536+0000] {processor.py:840} INFO - DAG(s) 'example_sla_dag' retrieved from /home/airflow/.local/lib/python3.8/site-packages/airflow/example_dags/example_sla_dag.py
[2026-03-12T02:25:28.545+0000] {logging_mixin.py:188} INFO - [2026-03-12T02:25:28.545+0000] {dag.py:3036} INFO - Sync 1 DAGs
[2026-03-12T02:25:28.554+0000] {logging_mixin.py:188} INFO - [2026-03-12T02:25:28.554+0000] {dag.py:3823} INFO - Setting next_dagrun for example_sla_dag to 2026-03-12 02:22:00+00:00, run_after=2026-03-12 02:24:00+00:00
[2026-03-12T02:25:28.560+0000] {processor.py:183} INFO - Processing /home/airflow/.local/lib/python3.8/site-packages/airflow/example_dags/example_sla_dag.py took 0.034 seconds
[2026-03-12T02:25:59.283+0000] {processor.py:161} INFO - Started process (PID=1688) to work on /home/airflow/.local/lib/python3.8/site-packages/airflow/example_dags/example_sla_dag.py
[2026-03-12T02:25:59.285+0000] {processor.py:830} INFO - Processing file /home/airflow/.local/lib/python3.8/site-packages/airflow/example_dags/example_sla_dag.py for tasks to queue
[2026-03-12T02:25:59.286+0000] {logging_mixin.py:188} INFO - [2026-03-12T02:25:59.286+0000] {dagbag.py:538} INFO - Filling up the DagBag from /home/airflow/.local/lib/python3.8/site-packages/airflow/example_dags/example_sla_dag.py
[2026-03-12T02:25:59.290+0000] {processor.py:840} INFO - DAG(s) 'example_sla_dag' retrieved from /home/airflow/.local/lib/python3.8/site-packages/airflow/example_dags/example_sla_dag.py
[2026-03-12T02:25:59.302+0000] {logging_mixin.py:188} INFO - [2026-03-12T02:25:59.302+0000] {dag.py:3036} INFO - Sync 1 DAGs
[2026-03-12T02:25:59.311+0000] {logging_mixin.py:188} INFO - [2026-03-12T02:25:59.311+0000] {dag.py:3823} INFO - Setting next_dagrun for example_sla_dag to 2026-03-12 02:22:00+00:00, run_after=2026-03-12 02:24:00+00:00
[2026-03-12T02:25:59.322+0000] {processor.py:183} INFO - Processing /home/airflow/.local/lib/python3.8/site-packages/airflow/example_dags/example_sla_dag.py took 0.040 seconds
[2026-03-12T02:26:30.085+0000] {processor.py:161} INFO - Started process (PID=1764) to work on /home/airflow/.local/lib/python3.8/site-packages/airflow/example_dags/example_sla_dag.py
[2026-03-12T02:26:30.086+0000] {processor.py:830} INFO - Processing file /home/airflow/.local/lib/python3.8/site-packages/airflow/example_dags/example_sla_dag.py for tasks to queue
[2026-03-12T02:26:30.087+0000] {logging_mixin.py:188} INFO - [2026-03-12T02:26:30.086+0000] {dagbag.py:538} INFO - Filling up the DagBag from /home/airflow/.local/lib/python3.8/site-packages/airflow/example_dags/example_sla_dag.py
[2026-03-12T02:26:30.090+0000] {processor.py:840} INFO - DAG(s) 'example_sla_dag' retrieved from /home/airflow/.local/lib/python3.8/site-packages/airflow/example_dags/example_sla_dag.py
[2026-03-12T02:26:30.100+0000] {logging_mixin.py:188} INFO - [2026-03-12T02:26:30.100+0000] {dag.py:3036} INFO - Sync 1 DAGs
[2026-03-12T02:26:30.110+0000] {logging_mixin.py:188} INFO - [2026-03-12T02:26:30.110+0000] {dag.py:3823} INFO - Setting next_dagrun for example_sla_dag to 2026-03-12 02:24:00+00:00, run_after=2026-03-12 02:26:00+00:00
[2026-03-12T02:26:30.120+0000] {processor.py:183} INFO - Processing /home/airflow/.local/lib/python3.8/site-packages/airflow/example_dags/example_sla_dag.py took 0.036 seconds
[2026-03-12T02:27:00.841+0000] {processor.py:161} INFO - Started process (PID=1840) to work on /home/airflow/.local/lib/python3.8/site-packages/airflow/example_dags/example_sla_dag.py
[2026-03-12T02:27:00.841+0000] {processor.py:830} INFO - Processing file /home/airflow/.local/lib/python3.8/site-packages/airflow/example_dags/example_sla_dag.py for tasks to queue
[2026-03-12T02:27:00.842+0000] {logging_mixin.py:188} INFO - [2026-03-12T02:27:00.842+0000] {dagbag.py:538} INFO - Filling up the DagBag from /home/airflow/.local/lib/python3.8/site-packages/airflow/example_dags/example_sla_dag.py
[2026-03-12T02:27:00.845+0000] {processor.py:840} INFO - DAG(s) 'example_sla_dag' retrieved from /home/airflow/.local/lib/python3.8/site-packages/airflow/example_dags/example_sla_dag.py
[2026-03-12T02:27:00.856+0000] {logging_mixin.py:188} INFO - [2026-03-12T02:27:00.856+0000] {dag.py:3036} INFO - Sync 1 DAGs
[2026-03-12T02:27:00.868+0000] {logging_mixin.py:188} INFO - [2026-03-12T02:27:00.868+0000] {dag.py:3823} INFO - Setting next_dagrun for example_sla_dag to 2026-03-12 02:24:00+00:00, run_after=2026-03-12 02:26:00+00:00
[2026-03-12T02:27:00.879+0000] {processor.py:183} INFO - Processing /home/airflow/.local/lib/python3.8/site-packages/airflow/example_dags/example_sla_dag.py took 0.040 seconds
[2026-03-12T02:27:31.668+0000] {processor.py:161} INFO - Started process (PID=1916) to work on /home/airflow/.local/lib/python3.8/site-packages/airflow/example_dags/example_sla_dag.py
[2026-03-12T02:27:31.669+0000] {processor.py:830} INFO - Processing file /home/airflow/.local/lib/python3.8/site-packages/airflow/example_dags/example_sla_dag.py for tasks to queue
[2026-03-12T02:27:31.670+0000] {logging_mixin.py:188} INFO - [2026-03-12T02:27:31.670+0000] {dagbag.py:538} INFO - Filling up the DagBag from /home/airflow/.local/lib/python3.8/site-packages/airflow/example_dags/example_sla_dag.py
[2026-03-12T02:27:31.675+0000] {processor.py:840} INFO - DAG(s) 'example_sla_dag' retrieved from /home/airflow/.local/lib/python3.8/site-packages/airflow/example_dags/example_sla_dag.py
[2026-03-12T02:27:31.688+0000] {logging_mixin.py:188} INFO - [2026-03-12T02:27:31.685+0000] {dag.py:3036} INFO - Sync 1 DAGs
[2026-03-12T02:27:31.696+0000] {logging_mixin.py:188} INFO - [2026-03-12T02:27:31.696+0000] {dag.py:3823} INFO - Setting next_dagrun for example_sla_dag to 2026-03-12 02:24:00+00:00, run_after=2026-03-12 02:26:00+00:00
[2026-03-12T02:27:31.705+0000] {processor.py:183} INFO - Processing /home/airflow/.local/lib/python3.8/site-packages/airflow/example_dags/example_sla_dag.py took 0.038 seconds
[2026-03-12T02:28:02.418+0000] {processor.py:161} INFO - Started process (PID=1992) to work on /home/airflow/.local/lib/python3.8/site-packages/airflow/example_dags/example_sla_dag.py
[2026-03-12T02:28:02.419+0000] {processor.py:830} INFO - Processing file /home/airflow/.local/lib/python3.8/site-packages/airflow/example_dags/example_sla_dag.py for tasks to queue
[2026-03-12T02:28:02.420+0000] {logging_mixin.py:188} INFO - [2026-03-12T02:28:02.420+0000] {dagbag.py:538} INFO - Filling up the DagBag from /home/airflow/.local/lib/python3.8/site-packages/airflow/example_dags/example_sla_dag.py
[2026-03-12T02:28:02.425+0000] {processor.py:840} INFO - DAG(s) 'example_sla_dag' retrieved from /home/airflow/.local/lib/python3.8/site-packages/airflow/example_dags/example_sla_dag.py
[2026-03-12T02:28:02.434+0000] {logging_mixin.py:188} INFO - [2026-03-12T02:28:02.433+0000] {dag.py:3036} INFO - Sync 1 DAGs
[2026-03-12T02:28:02.443+0000] {logging_mixin.py:188} INFO - [2026-03-12T02:28:02.443+0000] {dag.py:3823} INFO - Setting next_dagrun for example_sla_dag to 2026-03-12 02:26:00+00:00, run_after=2026-03-12 02:28:00+00:00
[2026-03-12T02:28:02.452+0000] {processor.py:183} INFO - Processing /home/airflow/.local/lib/python3.8/site-packages/airflow/example_dags/example_sla_dag.py took 0.035 seconds
[2026-03-12T02:28:33.126+0000] {processor.py:161} INFO - Started process (PID=2068) to work on /home/airflow/.local/lib/python3.8/site-packages/airflow/example_dags/example_sla_dag.py
[2026-03-12T02:28:33.127+0000] {processor.py:830} INFO - Processing file /home/airflow/.local/lib/python3.8/site-packages/airflow/example_dags/example_sla_dag.py for tasks to queue
[2026-03-12T02:28:33.128+0000] {logging_mixin.py:188} INFO - [2026-03-12T02:28:33.127+0000] {dagbag.py:538} INFO - Filling up the DagBag from /home/airflow/.local/lib/python3.8/site-packages/airflow/example_dags/example_sla_dag.py
[2026-03-12T02:28:33.131+0000] {processor.py:840} INFO - DAG(s) 'example_sla_dag' retrieved from /home/airflow/.local/lib/python3.8/site-packages/airflow/example_dags/example_sla_dag.py
[2026-03-12T02:28:33.144+0000] {logging_mixin.py:188} INFO - [2026-03-12T02:28:33.144+0000] {dag.py:3036} INFO - Sync 1 DAGs
[2026-03-12T02:28:33.153+0000] {logging_mixin.py:188} INFO - [2026-03-12T02:28:33.153+0000] {dag.py:3823} INFO - Setting next_dagrun for example_sla_dag to 2026-03-12 02:26:00+00:00, run_after=2026-03-12 02:28:00+00:00
[2026-03-12T02:28:33.161+0000] {processor.py:183} INFO - Processing /home/airflow/.local/lib/python3.8/site-packages/airflow/example_dags/example_sla_dag.py took 0.037 seconds
[2026-03-12T02:29:04.110+0000] {processor.py:161} INFO - Started process (PID=2144) to work on /home/airflow/.local/lib/python3.8/site-packages/airflow/example_dags/example_sla_dag.py
[2026-03-12T02:29:04.111+0000] {processor.py:830} INFO - Processing file /home/airflow/.local/lib/python3.8/site-packages/airflow/example_dags/example_sla_dag.py for tasks to queue
[2026-03-12T02:29:04.111+0000] {logging_mixin.py:188} INFO - [2026-03-12T02:29:04.111+0000] {dagbag.py:538} INFO - Filling up the DagBag from /home/airflow/.local/lib/python3.8/site-packages/airflow/example_dags/example_sla_dag.py
[2026-03-12T02:29:04.115+0000] {processor.py:840} INFO - DAG(s) 'example_sla_dag' retrieved from /home/airflow/.local/lib/python3.8/site-packages/airflow/example_dags/example_sla_dag.py
[2026-03-12T02:29:04.130+0000] {logging_mixin.py:188} INFO - [2026-03-12T02:29:04.127+0000] {dag.py:3036} INFO - Sync 1 DAGs
[2026-03-12T02:29:04.141+0000] {logging_mixin.py:188} INFO - [2026-03-12T02:29:04.141+0000] {dag.py:3823} INFO - Setting next_dagrun for example_sla_dag to 2026-03-12 02:26:00+00:00, run_after=2026-03-12 02:28:00+00:00
[2026-03-12T02:29:04.152+0000] {processor.py:183} INFO - Processing /home/airflow/.local/lib/python3.8/site-packages/airflow/example_dags/example_sla_dag.py took 0.043 seconds
[2026-03-12T02:29:35.100+0000] {processor.py:161} INFO - Started process (PID=2220) to work on /home/airflow/.local/lib/python3.8/site-packages/airflow/example_dags/example_sla_dag.py
[2026-03-12T02:29:35.100+0000] {processor.py:830} INFO - Processing file /home/airflow/.local/lib/python3.8/site-packages/airflow/example_dags/example_sla_dag.py for tasks to queue
[2026-03-12T02:29:35.101+0000] {logging_mixin.py:188} INFO - [2026-03-12T02:29:35.101+0000] {dagbag.py:538} INFO - Filling up the DagBag from /home/airflow/.local/lib/python3.8/site-packages/airflow/example_dags/example_sla_dag.py
[2026-03-12T02:29:35.105+0000] {processor.py:840} INFO - DAG(s) 'example_sla_dag' retrieved from /home/airflow/.local/lib/python3.8/site-packages/airflow/example_dags/example_sla_dag.py
[2026-03-12T02:29:35.113+0000] {logging_mixin.py:188} INFO - [2026-03-12T02:29:35.112+0000] {dag.py:3036} INFO - Sync 1 DAGs
[2026-03-12T02:29:35.121+0000] {logging_mixin.py:188} INFO - [2026-03-12T02:29:35.121+0000] {dag.py:3823} INFO - Setting next_dagrun for example_sla_dag to 2026-03-12 02:26:00+00:00, run_after=2026-03-12 02:28:00+00:00
[2026-03-12T02:29:35.130+0000] {processor.py:183} INFO - Processing /home/airflow/.local/lib/python3.8/site-packages/airflow/example_dags/example_sla_dag.py took 0.031 seconds
[2026-03-12T02:30:06.238+0000] {processor.py:161} INFO - Started process (PID=2296) to work on /home/airflow/.local/lib/python3.8/site-packages/airflow/example_dags/example_sla_dag.py
[2026-03-12T02:30:06.239+0000] {processor.py:830} INFO - Processing file /home/airflow/.local/lib/python3.8/site-packages/airflow/example_dags/example_sla_dag.py for tasks to queue
[2026-03-12T02:30:06.239+0000] {logging_mixin.py:188} INFO - [2026-03-12T02:30:06.239+0000] {dagbag.py:538} INFO - Filling up the DagBag from /home/airflow/.local/lib/python3.8/site-packages/airflow/example_dags/example_sla_dag.py
[2026-03-12T02:30:06.243+0000] {processor.py:840} INFO - DAG(s) 'example_sla_dag' retrieved from /home/airflow/.local/lib/python3.8/site-packages/airflow/example_dags/example_sla_dag.py
[2026-03-12T02:30:06.254+0000] {logging_mixin.py:188} INFO - [2026-03-12T02:30:06.254+0000] {dag.py:3036} INFO - Sync 1 DAGs
[2026-03-12T02:30:06.266+0000] {logging_mixin.py:188} INFO - [2026-03-12T02:30:06.266+0000] {dag.py:3823} INFO - Setting next_dagrun for example_sla_dag to 2026-03-12 02:28:00+00:00, run_after=2026-03-12 02:30:00+00:00
[2026-03-12T02:30:06.275+0000] {processor.py:183} INFO - Processing /home/airflow/.local/lib/python3.8/site-packages/airflow/example_dags/example_sla_dag.py took 0.038 seconds
[2026-03-12T02:30:37.121+0000] {processor.py:161} INFO - Started process (PID=2372) to work on /home/airflow/.local/lib/python3.8/site-packages/airflow/example_dags/example_sla_dag.py
[2026-03-12T02:30:37.121+0000] {processor.py:830} INFO - Processing file /home/airflow/.local/lib/python3.8/site-packages/airflow/example_dags/example_sla_dag.py for tasks to queue
[2026-03-12T02:30:37.122+0000] {logging_mixin.py:188} INFO - [2026-03-12T02:30:37.122+0000] {dagbag.py:538} INFO - Filling up the DagBag from /home/airflow/.local/lib/python3.8/site-packages/airflow/example_dags/example_sla_dag.py
[2026-03-12T02:30:37.126+0000] {processor.py:840} INFO - DAG(s) 'example_sla_dag' retrieved from /home/airflow/.local/lib/python3.8/site-packages/airflow/example_dags/example_sla_dag.py
[2026-03-12T02:30:37.133+0000] {logging_mixin.py:188} INFO - [2026-03-12T02:30:37.133+0000] {dag.py:3036} INFO - Sync 1 DAGs
[2026-03-12T02:30:37.140+0000] {logging_mixin.py:188} INFO - [2026-03-12T02:30:37.140+0000] {dag.py:3823} INFO - Setting next_dagrun for example_sla_dag to 2026-03-12 02:28:00+00:00, run_after=2026-03-12 02:30:00+00:00
[2026-03-12T02:30:37.146+0000] {processor.py:183} INFO - Processing /home/airflow/.local/lib/python3.8/site-packages/airflow/example_dags/example_sla_dag.py took 0.027 seconds
[2026-03-12T02:31:08.139+0000] {processor.py:161} INFO - Started process (PID=2448) to work on /home/airflow/.local/lib/python3.8/site-packages/airflow/example_dags/example_sla_dag.py
[2026-03-12T02:31:08.140+0000] {processor.py:830} INFO - Processing file /home/airflow/.local/lib/python3.8/site-packages/airflow/example_dags/example_sla_dag.py for tasks to queue
[2026-03-12T02:31:08.140+0000] {logging_mixin.py:188} INFO - [2026-03-12T02:31:08.140+0000] {dagbag.py:538} INFO - Filling up the DagBag from /home/airflow/.local/lib/python3.8/site-packages/airflow/example_dags/example_sla_dag.py
[2026-03-12T02:31:08.144+0000] {processor.py:840} INFO - DAG(s) 'example_sla_dag' retrieved from /home/airflow/.local/lib/python3.8/site-packages/airflow/example_dags/example_sla_dag.py
[2026-03-12T02:31:08.152+0000] {logging_mixin.py:188} INFO - [2026-03-12T02:31:08.151+0000] {dag.py:3036} INFO - Sync 1 DAGs
[2026-03-12T02:31:08.161+0000] {logging_mixin.py:188} INFO - [2026-03-12T02:31:08.161+0000] {dag.py:3823} INFO - Setting next_dagrun for example_sla_dag to 2026-03-12 02:28:00+00:00, run_after=2026-03-12 02:30:00+00:00
[2026-03-12T02:31:08.170+0000] {processor.py:183} INFO - Processing /home/airflow/.local/lib/python3.8/site-packages/airflow/example_dags/example_sla_dag.py took 0.032 seconds
[2026-03-12T02:31:39.076+0000] {processor.py:161} INFO - Started process (PID=2524) to work on /home/airflow/.local/lib/python3.8/site-packages/airflow/example_dags/example_sla_dag.py
[2026-03-12T02:31:39.076+0000] {processor.py:830} INFO - Processing file /home/airflow/.local/lib/python3.8/site-packages/airflow/example_dags/example_sla_dag.py for tasks to queue
[2026-03-12T02:31:39.077+0000] {logging_mixin.py:188} INFO - [2026-03-12T02:31:39.077+0000] {dagbag.py:538} INFO - Filling up the DagBag from /home/airflow/.local/lib/python3.8/site-packages/airflow/example_dags/example_sla_dag.py
[2026-03-12T02:31:39.081+0000] {processor.py:840} INFO - DAG(s) 'example_sla_dag' retrieved from /home/airflow/.local/lib/python3.8/site-packages/airflow/example_dags/example_sla_dag.py
[2026-03-12T02:31:39.092+0000] {logging_mixin.py:188} INFO - [2026-03-12T02:31:39.092+0000] {dag.py:3036} INFO - Sync 1 DAGs
[2026-03-12T02:31:39.101+0000] {logging_mixin.py:188} INFO - [2026-03-12T02:31:39.100+0000] {dag.py:3823} INFO - Setting next_dagrun for example_sla_dag to 2026-03-12 02:28:00+00:00, run_after=2026-03-12 02:30:00+00:00
[2026-03-12T02:31:39.109+0000] {processor.py:183} INFO - Processing /home/airflow/.local/lib/python3.8/site-packages/airflow/example_dags/example_sla_dag.py took 0.034 seconds
[2026-03-12T02:32:10.157+0000] {processor.py:161} INFO - Started process (PID=2606) to work on /home/airflow/.local/lib/python3.8/site-packages/airflow/example_dags/example_sla_dag.py
[2026-03-12T02:32:10.158+0000] {processor.py:830} INFO - Processing file /home/airflow/.local/lib/python3.8/site-packages/airflow/example_dags/example_sla_dag.py for tasks to queue
[2026-03-12T02:32:10.161+0000] {logging_mixin.py:188} INFO - [2026-03-12T02:32:10.159+0000] {dagbag.py:538} INFO - Filling up the DagBag from /home/airflow/.local/lib/python3.8/site-packages/airflow/example_dags/example_sla_dag.py
[2026-03-12T02:32:10.165+0000] {processor.py:840} INFO - DAG(s) 'example_sla_dag' retrieved from /home/airflow/.local/lib/python3.8/site-packages/airflow/example_dags/example_sla_dag.py
[2026-03-12T02:32:10.176+0000] {logging_mixin.py:188} INFO - [2026-03-12T02:32:10.175+0000] {dag.py:3036} INFO - Sync 1 DAGs
[2026-03-12T02:32:10.184+0000] {logging_mixin.py:188} INFO - [2026-03-12T02:32:10.184+0000] {dag.py:3823} INFO - Setting next_dagrun for example_sla_dag to 2026-03-12 02:30:00+00:00, run_after=2026-03-12 02:32:00+00:00
[2026-03-12T02:32:10.190+0000] {processor.py:183} INFO - Processing /home/airflow/.local/lib/python3.8/site-packages/airflow/example_dags/example_sla_dag.py took 0.034 seconds
[2026-03-12T02:32:41.806+0000] {processor.py:161} INFO - Started process (PID=2682) to work on /home/airflow/.local/lib/python3.8/site-packages/airflow/example_dags/example_sla_dag.py
[2026-03-12T02:32:41.807+0000] {processor.py:830} INFO - Processing file /home/airflow/.local/lib/python3.8/site-packages/airflow/example_dags/example_sla_dag.py for tasks to queue
[2026-03-12T02:32:41.808+0000] {logging_mixin.py:188} INFO - [2026-03-12T02:32:41.807+0000] {dagbag.py:538} INFO - Filling up the DagBag from /home/airflow/.local/lib/python3.8/site-packages/airflow/example_dags/example_sla_dag.py
[2026-03-12T02:32:41.812+0000] {processor.py:840} INFO - DAG(s) 'example_sla_dag' retrieved from /home/airflow/.local/lib/python3.8/site-packages/airflow/example_dags/example_sla_dag.py
[2026-03-12T02:32:41.820+0000] {logging_mixin.py:188} INFO - [2026-03-12T02:32:41.820+0000] {dag.py:3036} INFO - Sync 1 DAGs
[2026-03-12T02:32:41.835+0000] {logging_mixin.py:188} INFO - [2026-03-12T02:32:41.835+0000] {dag.py:3823} INFO - Setting next_dagrun for example_sla_dag to 2026-03-12 02:30:00+00:00, run_after=2026-03-12 02:32:00+00:00
[2026-03-12T02:32:41.847+0000] {processor.py:183} INFO - Processing /home/airflow/.local/lib/python3.8/site-packages/airflow/example_dags/example_sla_dag.py took 0.042 seconds
[2026-03-12T02:33:12.617+0000] {processor.py:161} INFO - Started process (PID=2758) to work on /home/airflow/.local/lib/python3.8/site-packages/airflow/example_dags/example_sla_dag.py
[2026-03-12T02:33:12.619+0000] {processor.py:830} INFO - Processing file /home/airflow/.local/lib/python3.8/site-packages/airflow/example_dags/example_sla_dag.py for tasks to queue
[2026-03-12T02:33:12.619+0000] {logging_mixin.py:188} INFO - [2026-03-12T02:33:12.619+0000] {dagbag.py:538} INFO - Filling up the DagBag from /home/airflow/.local/lib/python3.8/site-packages/airflow/example_dags/example_sla_dag.py
[2026-03-12T02:33:12.625+0000] {processor.py:840} INFO - DAG(s) 'example_sla_dag' retrieved from /home/airflow/.local/lib/python3.8/site-packages/airflow/example_dags/example_sla_dag.py
[2026-03-12T02:33:12.637+0000] {logging_mixin.py:188} INFO - [2026-03-12T02:33:12.637+0000] {dag.py:3036} INFO - Sync 1 DAGs
[2026-03-12T02:33:12.648+0000] {logging_mixin.py:188} INFO - [2026-03-12T02:33:12.648+0000] {dag.py:3823} INFO - Setting next_dagrun for example_sla_dag to 2026-03-12 02:30:00+00:00, run_after=2026-03-12 02:32:00+00:00
[2026-03-12T02:33:12.655+0000] {processor.py:183} INFO - Processing /home/airflow/.local/lib/python3.8/site-packages/airflow/example_dags/example_sla_dag.py took 0.040 seconds
[2026-03-12T02:33:43.493+0000] {processor.py:161} INFO - Started process (PID=2834) to work on /home/airflow/.local/lib/python3.8/site-packages/airflow/example_dags/example_sla_dag.py
[2026-03-12T02:33:43.494+0000] {processor.py:830} INFO - Processing file /home/airflow/.local/lib/python3.8/site-packages/airflow/example_dags/example_sla_dag.py for tasks to queue
[2026-03-12T02:33:43.495+0000] {logging_mixin.py:188} INFO - [2026-03-12T02:33:43.495+0000] {dagbag.py:538} INFO - Filling up the DagBag from /home/airflow/.local/lib/python3.8/site-packages/airflow/example_dags/example_sla_dag.py
[2026-03-12T02:33:43.499+0000] {processor.py:840} INFO - DAG(s) 'example_sla_dag' retrieved from /home/airflow/.local/lib/python3.8/site-packages/airflow/example_dags/example_sla_dag.py
[2026-03-12T02:33:43.507+0000] {logging_mixin.py:188} INFO - [2026-03-12T02:33:43.507+0000] {dag.py:3036} INFO - Sync 1 DAGs
[2026-03-12T02:33:43.594+0000] {logging_mixin.py:188} INFO - [2026-03-12T02:33:43.594+0000] {dag.py:3823} INFO - Setting next_dagrun for example_sla_dag to 2026-03-12 02:30:00+00:00, run_after=2026-03-12 02:32:00+00:00
[2026-03-12T02:33:43.600+0000] {processor.py:183} INFO - Processing /home/airflow/.local/lib/python3.8/site-packages/airflow/example_dags/example_sla_dag.py took 0.108 seconds
[2026-03-12T02:34:13.751+0000] {processor.py:161} INFO - Started process (PID=2910) to work on /home/airflow/.local/lib/python3.8/site-packages/airflow/example_dags/example_sla_dag.py
[2026-03-12T02:34:13.752+0000] {processor.py:830} INFO - Processing file /home/airflow/.local/lib/python3.8/site-packages/airflow/example_dags/example_sla_dag.py for tasks to queue
[2026-03-12T02:34:13.753+0000] {logging_mixin.py:188} INFO - [2026-03-12T02:34:13.752+0000] {dagbag.py:538} INFO - Filling up the DagBag from /home/airflow/.local/lib/python3.8/site-packages/airflow/example_dags/example_sla_dag.py
[2026-03-12T02:34:13.756+0000] {processor.py:840} INFO - DAG(s) 'example_sla_dag' retrieved from /home/airflow/.local/lib/python3.8/site-packages/airflow/example_dags/example_sla_dag.py
[2026-03-12T02:34:13.764+0000] {logging_mixin.py:188} INFO - [2026-03-12T02:34:13.764+0000] {dag.py:3036} INFO - Sync 1 DAGs
[2026-03-12T02:34:13.772+0000] {logging_mixin.py:188} INFO - [2026-03-12T02:34:13.772+0000] {dag.py:3823} INFO - Setting next_dagrun for example_sla_dag to 2026-03-12 02:32:00+00:00, run_after=2026-03-12 02:34:00+00:00
[2026-03-12T02:34:13.778+0000] {processor.py:183} INFO - Processing /home/airflow/.local/lib/python3.8/site-packages/airflow/example_dags/example_sla_dag.py took 0.028 seconds
[2026-03-12T02:34:44.668+0000] {processor.py:161} INFO - Started process (PID=2986) to work on /home/airflow/.local/lib/python3.8/site-packages/airflow/example_dags/example_sla_dag.py
[2026-03-12T02:34:44.669+0000] {processor.py:830} INFO - Processing file /home/airflow/.local/lib/python3.8/site-packages/airflow/example_dags/example_sla_dag.py for tasks to queue
[2026-03-12T02:34:44.670+0000] {logging_mixin.py:188} INFO - [2026-03-12T02:34:44.669+0000] {dagbag.py:538} INFO - Filling up the DagBag from /home/airflow/.local/lib/python3.8/site-packages/airflow/example_dags/example_sla_dag.py
[2026-03-12T02:34:44.673+0000] {processor.py:840} INFO - DAG(s) 'example_sla_dag' retrieved from /home/airflow/.local/lib/python3.8/site-packages/airflow/example_dags/example_sla_dag.py
[2026-03-12T02:34:44.680+0000] {logging_mixin.py:188} INFO - [2026-03-12T02:34:44.680+0000] {dag.py:3036} INFO - Sync 1 DAGs
[2026-03-12T02:34:44.688+0000] {logging_mixin.py:188} INFO - [2026-03-12T02:34:44.688+0000] {dag.py:3823} INFO - Setting next_dagrun for example_sla_dag to 2026-03-12 02:32:00+00:00, run_after=2026-03-12 02:34:00+00:00
[2026-03-12T02:34:44.693+0000] {processor.py:183} INFO - Processing /home/airflow/.local/lib/python3.8/site-packages/airflow/example_dags/example_sla_dag.py took 0.026 seconds
[2026-03-12T02:35:15.387+0000] {processor.py:161} INFO - Started process (PID=3062) to work on /home/airflow/.local/lib/python3.8/site-packages/airflow/example_dags/example_sla_dag.py
[2026-03-12T02:35:15.387+0000] {processor.py:830} INFO - Processing file /home/airflow/.local/lib/python3.8/site-packages/airflow/example_dags/example_sla_dag.py for tasks to queue
[2026-03-12T02:35:15.388+0000] {logging_mixin.py:188} INFO - [2026-03-12T02:35:15.388+0000] {dagbag.py:538} INFO - Filling up the DagBag from /home/airflow/.local/lib/python3.8/site-packages/airflow/example_dags/example_sla_dag.py
[2026-03-12T02:35:15.392+0000] {processor.py:840} INFO - DAG(s) 'example_sla_dag' retrieved from /home/airflow/.local/lib/python3.8/site-packages/airflow/example_dags/example_sla_dag.py
[2026-03-12T02:35:15.400+0000] {logging_mixin.py:188} INFO - [2026-03-12T02:35:15.400+0000] {dag.py:3036} INFO - Sync 1 DAGs
[2026-03-12T02:35:15.411+0000] {logging_mixin.py:188} INFO - [2026-03-12T02:35:15.410+0000] {dag.py:3823} INFO - Setting next_dagrun for example_sla_dag to 2026-03-12 02:32:00+00:00, run_after=2026-03-12 02:34:00+00:00
[2026-03-12T02:35:15.416+0000] {processor.py:183} INFO - Processing /home/airflow/.local/lib/python3.8/site-packages/airflow/example_dags/example_sla_dag.py took 0.031 seconds
[2026-03-12T02:35:46.167+0000] {processor.py:161} INFO - Started process (PID=3138) to work on /home/airflow/.local/lib/python3.8/site-packages/airflow/example_dags/example_sla_dag.py
[2026-03-12T02:35:46.170+0000] {processor.py:830} INFO - Processing file /home/airflow/.local/lib/python3.8/site-packages/airflow/example_dags/example_sla_dag.py for tasks to queue
[2026-03-12T02:35:46.170+0000] {logging_mixin.py:188} INFO - [2026-03-12T02:35:46.170+0000] {dagbag.py:538} INFO - Filling up the DagBag from /home/airflow/.local/lib/python3.8/site-packages/airflow/example_dags/example_sla_dag.py
[2026-03-12T02:35:46.174+0000] {processor.py:840} INFO - DAG(s) 'example_sla_dag' retrieved from /home/airflow/.local/lib/python3.8/site-packages/airflow/example_dags/example_sla_dag.py
[2026-03-12T02:35:46.183+0000] {logging_mixin.py:188} INFO - [2026-03-12T02:35:46.183+0000] {dag.py:3036} INFO - Sync 1 DAGs
[2026-03-12T02:35:46.192+0000] {logging_mixin.py:188} INFO - [2026-03-12T02:35:46.192+0000] {dag.py:3823} INFO - Setting next_dagrun for example_sla_dag to 2026-03-12 02:32:00+00:00, run_after=2026-03-12 02:34:00+00:00
[2026-03-12T02:35:46.197+0000] {processor.py:183} INFO - Processing /home/airflow/.local/lib/python3.8/site-packages/airflow/example_dags/example_sla_dag.py took 0.031 seconds
[2026-03-12T02:36:17.046+0000] {processor.py:161} INFO - Started process (PID=3214) to work on /home/airflow/.local/lib/python3.8/site-packages/airflow/example_dags/example_sla_dag.py
[2026-03-12T02:36:17.048+0000] {processor.py:830} INFO - Processing file /home/airflow/.local/lib/python3.8/site-packages/airflow/example_dags/example_sla_dag.py for tasks to queue
[2026-03-12T02:36:17.048+0000] {logging_mixin.py:188} INFO - [2026-03-12T02:36:17.048+0000] {dagbag.py:538} INFO - Filling up the DagBag from /home/airflow/.local/lib/python3.8/site-packages/airflow/example_dags/example_sla_dag.py
[2026-03-12T02:36:17.052+0000] {processor.py:840} INFO - DAG(s) 'example_sla_dag' retrieved from /home/airflow/.local/lib/python3.8/site-packages/airflow/example_dags/example_sla_dag.py
[2026-03-12T02:36:17.060+0000] {logging_mixin.py:188} INFO - [2026-03-12T02:36:17.059+0000] {dag.py:3036} INFO - Sync 1 DAGs
[2026-03-12T02:36:17.070+0000] {logging_mixin.py:188} INFO - [2026-03-12T02:36:17.070+0000] {dag.py:3823} INFO - Setting next_dagrun for example_sla_dag to 2026-03-12 02:34:00+00:00, run_after=2026-03-12 02:36:00+00:00
[2026-03-12T02:36:17.076+0000] {processor.py:183} INFO - Processing /home/airflow/.local/lib/python3.8/site-packages/airflow/example_dags/example_sla_dag.py took 0.031 seconds
[2026-03-12T02:36:47.650+0000] {processor.py:161} INFO - Started process (PID=3290) to work on /home/airflow/.local/lib/python3.8/site-packages/airflow/example_dags/example_sla_dag.py
[2026-03-12T02:36:47.651+0000] {processor.py:830} INFO - Processing file /home/airflow/.local/lib/python3.8/site-packages/airflow/example_dags/example_sla_dag.py for tasks to queue
[2026-03-12T02:36:47.652+0000] {logging_mixin.py:188} INFO - [2026-03-12T02:36:47.652+0000] {dagbag.py:538} INFO - Filling up the DagBag from /home/airflow/.local/lib/python3.8/site-packages/airflow/example_dags/example_sla_dag.py
[2026-03-12T02:36:47.656+0000] {processor.py:840} INFO - DAG(s) 'example_sla_dag' retrieved from /home/airflow/.local/lib/python3.8/site-packages/airflow/example_dags/example_sla_dag.py
[2026-03-12T02:36:47.664+0000] {logging_mixin.py:188} INFO - [2026-03-12T02:36:47.664+0000] {dag.py:3036} INFO - Sync 1 DAGs
[2026-03-12T02:36:47.674+0000] {logging_mixin.py:188} INFO - [2026-03-12T02:36:47.673+0000] {dag.py:3823} INFO - Setting next_dagrun for example_sla_dag to 2026-03-12 02:34:00+00:00, run_after=2026-03-12 02:36:00+00:00
[2026-03-12T02:36:47.685+0000] {processor.py:183} INFO - Processing /home/airflow/.local/lib/python3.8/site-packages/airflow/example_dags/example_sla_dag.py took 0.037 seconds
[2026-03-12T02:37:18.412+0000] {processor.py:161} INFO - Started process (PID=3366) to work on /home/airflow/.local/lib/python3.8/site-packages/airflow/example_dags/example_sla_dag.py
[2026-03-12T02:37:18.413+0000] {processor.py:830} INFO - Processing file /home/airflow/.local/lib/python3.8/site-packages/airflow/example_dags/example_sla_dag.py for tasks to queue
[2026-03-12T02:37:18.414+0000] {logging_mixin.py:188} INFO - [2026-03-12T02:37:18.414+0000] {dagbag.py:538} INFO - Filling up the DagBag from /home/airflow/.local/lib/python3.8/site-packages/airflow/example_dags/example_sla_dag.py
[2026-03-12T02:37:18.418+0000] {processor.py:840} INFO - DAG(s) 'example_sla_dag' retrieved from /home/airflow/.local/lib/python3.8/site-packages/airflow/example_dags/example_sla_dag.py
[2026-03-12T02:37:18.428+0000] {logging_mixin.py:188} INFO - [2026-03-12T02:37:18.428+0000] {dag.py:3036} INFO - Sync 1 DAGs
[2026-03-12T02:37:18.437+0000] {logging_mixin.py:188} INFO - [2026-03-12T02:37:18.437+0000] {dag.py:3823} INFO - Setting next_dagrun for example_sla_dag to 2026-03-12 02:34:00+00:00, run_after=2026-03-12 02:36:00+00:00
[2026-03-12T02:37:18.446+0000] {processor.py:183} INFO - Processing /home/airflow/.local/lib/python3.8/site-packages/airflow/example_dags/example_sla_dag.py took 0.035 seconds
[2026-03-12T02:37:49.240+0000] {processor.py:161} INFO - Started process (PID=3442) to work on /home/airflow/.local/lib/python3.8/site-packages/airflow/example_dags/example_sla_dag.py
[2026-03-12T02:37:49.240+0000] {processor.py:830} INFO - Processing file /home/airflow/.local/lib/python3.8/site-packages/airflow/example_dags/example_sla_dag.py for tasks to queue
[2026-03-12T02:37:49.241+0000] {logging_mixin.py:188} INFO - [2026-03-12T02:37:49.241+0000] {dagbag.py:538} INFO - Filling up the DagBag from /home/airflow/.local/lib/python3.8/site-packages/airflow/example_dags/example_sla_dag.py
[2026-03-12T02:37:49.245+0000] {processor.py:840} INFO - DAG(s) 'example_sla_dag' retrieved from /home/airflow/.local/lib/python3.8/site-packages/airflow/example_dags/example_sla_dag.py
[2026-03-12T02:37:49.253+0000] {logging_mixin.py:188} INFO - [2026-03-12T02:37:49.252+0000] {dag.py:3036} INFO - Sync 1 DAGs
[2026-03-12T02:37:49.261+0000] {logging_mixin.py:188} INFO - [2026-03-12T02:37:49.261+0000] {dag.py:3823} INFO - Setting next_dagrun for example_sla_dag to 2026-03-12 02:34:00+00:00, run_after=2026-03-12 02:36:00+00:00
[2026-03-12T02:37:49.267+0000] {processor.py:183} INFO - Processing /home/airflow/.local/lib/python3.8/site-packages/airflow/example_dags/example_sla_dag.py took 0.029 seconds
[2026-03-12T02:38:19.618+0000] {processor.py:161} INFO - Started process (PID=3518) to work on /home/airflow/.local/lib/python3.8/site-packages/airflow/example_dags/example_sla_dag.py
[2026-03-12T02:38:19.618+0000] {processor.py:830} INFO - Processing file /home/airflow/.local/lib/python3.8/site-packages/airflow/example_dags/example_sla_dag.py for tasks to queue
[2026-03-12T02:38:19.619+0000] {logging_mixin.py:188} INFO - [2026-03-12T02:38:19.619+0000] {dagbag.py:538} INFO - Filling up the DagBag from /home/airflow/.local/lib/python3.8/site-packages/airflow/example_dags/example_sla_dag.py
[2026-03-12T02:38:19.623+0000] {processor.py:840} INFO - DAG(s) 'example_sla_dag' retrieved from /home/airflow/.local/lib/python3.8/site-packages/airflow/example_dags/example_sla_dag.py
[2026-03-12T02:38:19.630+0000] {logging_mixin.py:188} INFO - [2026-03-12T02:38:19.630+0000] {dag.py:3036} INFO - Sync 1 DAGs
[2026-03-12T02:38:19.638+0000] {logging_mixin.py:188} INFO - [2026-03-12T02:38:19.638+0000] {dag.py:3823} INFO - Setting next_dagrun for example_sla_dag to 2026-03-12 02:36:00+00:00, run_after=2026-03-12 02:38:00+00:00
[2026-03-12T02:38:19.644+0000] {processor.py:183} INFO - Processing /home/airflow/.local/lib/python3.8/site-packages/airflow/example_dags/example_sla_dag.py took 0.027 seconds
[2026-03-12T02:38:50.735+0000] {processor.py:161} INFO - Started process (PID=3594) to work on /home/airflow/.local/lib/python3.8/site-packages/airflow/example_dags/example_sla_dag.py
[2026-03-12T02:38:50.737+0000] {processor.py:830} INFO - Processing file /home/airflow/.local/lib/python3.8/site-packages/airflow/example_dags/example_sla_dag.py for tasks to queue
[2026-03-12T02:38:50.739+0000] {logging_mixin.py:188} INFO - [2026-03-12T02:38:50.738+0000] {dagbag.py:538} INFO - Filling up the DagBag from /home/airflow/.local/lib/python3.8/site-packages/airflow/example_dags/example_sla_dag.py
[2026-03-12T02:38:50.743+0000] {processor.py:840} INFO - DAG(s) 'example_sla_dag' retrieved from /home/airflow/.local/lib/python3.8/site-packages/airflow/example_dags/example_sla_dag.py
[2026-03-12T02:38:50.752+0000] {logging_mixin.py:188} INFO - [2026-03-12T02:38:50.752+0000] {dag.py:3036} INFO - Sync 1 DAGs
[2026-03-12T02:38:50.768+0000] {logging_mixin.py:188} INFO - [2026-03-12T02:38:50.767+0000] {dag.py:3823} INFO - Setting next_dagrun for example_sla_dag to 2026-03-12 02:36:00+00:00, run_after=2026-03-12 02:38:00+00:00
[2026-03-12T02:38:50.779+0000] {processor.py:183} INFO - Processing /home/airflow/.local/lib/python3.8/site-packages/airflow/example_dags/example_sla_dag.py took 0.046 seconds
[2026-03-12T02:39:21.114+0000] {processor.py:161} INFO - Started process (PID=3670) to work on /home/airflow/.local/lib/python3.8/site-packages/airflow/example_dags/example_sla_dag.py
[2026-03-12T02:39:21.115+0000] {processor.py:830} INFO - Processing file /home/airflow/.local/lib/python3.8/site-packages/airflow/example_dags/example_sla_dag.py for tasks to queue
[2026-03-12T02:39:21.116+0000] {logging_mixin.py:188} INFO - [2026-03-12T02:39:21.116+0000] {dagbag.py:538} INFO - Filling up the DagBag from /home/airflow/.local/lib/python3.8/site-packages/airflow/example_dags/example_sla_dag.py
[2026-03-12T02:39:21.120+0000] {processor.py:840} INFO - DAG(s) 'example_sla_dag' retrieved from /home/airflow/.local/lib/python3.8/site-packages/airflow/example_dags/example_sla_dag.py
[2026-03-12T02:39:21.128+0000] {logging_mixin.py:188} INFO - [2026-03-12T02:39:21.128+0000] {dag.py:3036} INFO - Sync 1 DAGs
[2026-03-12T02:39:21.137+0000] {logging_mixin.py:188} INFO - [2026-03-12T02:39:21.137+0000] {dag.py:3823} INFO - Setting next_dagrun for example_sla_dag to 2026-03-12 02:36:00+00:00, run_after=2026-03-12 02:38:00+00:00
[2026-03-12T02:39:21.147+0000] {processor.py:183} INFO - Processing /home/airflow/.local/lib/python3.8/site-packages/airflow/example_dags/example_sla_dag.py took 0.034 seconds
[2026-03-12T02:39:52.109+0000] {processor.py:161} INFO - Started process (PID=3746) to work on /home/airflow/.local/lib/python3.8/site-packages/airflow/example_dags/example_sla_dag.py
[2026-03-12T02:39:52.109+0000] {processor.py:830} INFO - Processing file /home/airflow/.local/lib/python3.8/site-packages/airflow/example_dags/example_sla_dag.py for tasks to queue
[2026-03-12T02:39:52.111+0000] {logging_mixin.py:188} INFO - [2026-03-12T02:39:52.110+0000] {dagbag.py:538} INFO - Filling up the DagBag from /home/airflow/.local/lib/python3.8/site-packages/airflow/example_dags/example_sla_dag.py
[2026-03-12T02:39:52.117+0000] {processor.py:840} INFO - DAG(s) 'example_sla_dag' retrieved from /home/airflow/.local/lib/python3.8/site-packages/airflow/example_dags/example_sla_dag.py
[2026-03-12T02:39:52.128+0000] {logging_mixin.py:188} INFO - [2026-03-12T02:39:52.128+0000] {dag.py:3036} INFO - Sync 1 DAGs
[2026-03-12T02:39:52.139+0000] {logging_mixin.py:188} INFO - [2026-03-12T02:39:52.139+0000] {dag.py:3823} INFO - Setting next_dagrun for example_sla_dag to 2026-03-12 02:36:00+00:00, run_after=2026-03-12 02:38:00+00:00
[2026-03-12T02:39:52.149+0000] {processor.py:183} INFO - Processing /home/airflow/.local/lib/python3.8/site-packages/airflow/example_dags/example_sla_dag.py took 0.042 seconds
[2026-03-12T02:40:23.331+0000] {processor.py:161} INFO - Started process (PID=3822) to work on /home/airflow/.local/lib/python3.8/site-packages/airflow/example_dags/example_sla_dag.py
[2026-03-12T02:40:23.333+0000] {processor.py:830} INFO - Processing file /home/airflow/.local/lib/python3.8/site-packages/airflow/example_dags/example_sla_dag.py for tasks to queue
[2026-03-12T02:40:23.333+0000] {logging_mixin.py:188} INFO - [2026-03-12T02:40:23.333+0000] {dagbag.py:538} INFO - Filling up the DagBag from /home/airflow/.local/lib/python3.8/site-packages/airflow/example_dags/example_sla_dag.py
[2026-03-12T02:40:23.338+0000] {processor.py:840} INFO - DAG(s) 'example_sla_dag' retrieved from /home/airflow/.local/lib/python3.8/site-packages/airflow/example_dags/example_sla_dag.py
[2026-03-12T02:40:23.352+0000] {logging_mixin.py:188} INFO - [2026-03-12T02:40:23.351+0000] {dag.py:3036} INFO - Sync 1 DAGs
[2026-03-12T02:40:23.363+0000] {logging_mixin.py:188} INFO - [2026-03-12T02:40:23.363+0000] {dag.py:3823} INFO - Setting next_dagrun for example_sla_dag to 2026-03-12 02:38:00+00:00, run_after=2026-03-12 02:40:00+00:00
[2026-03-12T02:40:23.370+0000] {processor.py:183} INFO - Processing /home/airflow/.local/lib/python3.8/site-packages/airflow/example_dags/example_sla_dag.py took 0.041 seconds
[2026-03-12T02:40:54.386+0000] {processor.py:161} INFO - Started process (PID=3898) to work on /home/airflow/.local/lib/python3.8/site-packages/airflow/example_dags/example_sla_dag.py
[2026-03-12T02:40:54.388+0000] {processor.py:830} INFO - Processing file /home/airflow/.local/lib/python3.8/site-packages/airflow/example_dags/example_sla_dag.py for tasks to queue
[2026-03-12T02:40:54.389+0000] {logging_mixin.py:188} INFO - [2026-03-12T02:40:54.388+0000] {dagbag.py:538} INFO - Filling up the DagBag from /home/airflow/.local/lib/python3.8/site-packages/airflow/example_dags/example_sla_dag.py
[2026-03-12T02:40:54.394+0000] {processor.py:840} INFO - DAG(s) 'example_sla_dag' retrieved from /home/airflow/.local/lib/python3.8/site-packages/airflow/example_dags/example_sla_dag.py
[2026-03-12T02:40:54.404+0000] {logging_mixin.py:188} INFO - [2026-03-12T02:40:54.404+0000] {dag.py:3036} INFO - Sync 1 DAGs
[2026-03-12T02:40:54.413+0000] {logging_mixin.py:188} INFO - [2026-03-12T02:40:54.413+0000] {dag.py:3823} INFO - Setting next_dagrun for example_sla_dag to 2026-03-12 02:38:00+00:00, run_after=2026-03-12 02:40:00+00:00
[2026-03-12T02:40:54.424+0000] {processor.py:183} INFO - Processing /home/airflow/.local/lib/python3.8/site-packages/airflow/example_dags/example_sla_dag.py took 0.039 seconds
[2026-03-12T02:41:25.207+0000] {processor.py:161} INFO - Started process (PID=3974) to work on /home/airflow/.local/lib/python3.8/site-packages/airflow/example_dags/example_sla_dag.py
[2026-03-12T02:41:25.208+0000] {processor.py:830} INFO - Processing file /home/airflow/.local/lib/python3.8/site-packages/airflow/example_dags/example_sla_dag.py for tasks to queue
[2026-03-12T02:41:25.209+0000] {logging_mixin.py:188} INFO - [2026-03-12T02:41:25.209+0000] {dagbag.py:538} INFO - Filling up the DagBag from /home/airflow/.local/lib/python3.8/site-packages/airflow/example_dags/example_sla_dag.py
[2026-03-12T02:41:25.212+0000] {processor.py:840} INFO - DAG(s) 'example_sla_dag' retrieved from /home/airflow/.local/lib/python3.8/site-packages/airflow/example_dags/example_sla_dag.py
[2026-03-12T02:41:25.225+0000] {logging_mixin.py:188} INFO - [2026-03-12T02:41:25.224+0000] {dag.py:3036} INFO - Sync 1 DAGs
[2026-03-12T02:41:25.233+0000] {logging_mixin.py:188} INFO - [2026-03-12T02:41:25.233+0000] {dag.py:3823} INFO - Setting next_dagrun for example_sla_dag to 2026-03-12 02:38:00+00:00, run_after=2026-03-12 02:40:00+00:00
[2026-03-12T02:41:25.243+0000] {processor.py:183} INFO - Processing /home/airflow/.local/lib/python3.8/site-packages/airflow/example_dags/example_sla_dag.py took 0.038 seconds
[2026-03-12T02:41:56.000+0000] {processor.py:161} INFO - Started process (PID=4050) to work on /home/airflow/.local/lib/python3.8/site-packages/airflow/example_dags/example_sla_dag.py
[2026-03-12T02:41:56.000+0000] {processor.py:830} INFO - Processing file /home/airflow/.local/lib/python3.8/site-packages/airflow/example_dags/example_sla_dag.py for tasks to queue
[2026-03-12T02:41:56.001+0000] {logging_mixin.py:188} INFO - [2026-03-12T02:41:56.001+0000] {dagbag.py:538} INFO - Filling up the DagBag from /home/airflow/.local/lib/python3.8/site-packages/airflow/example_dags/example_sla_dag.py
[2026-03-12T02:41:56.005+0000] {processor.py:840} INFO - DAG(s) 'example_sla_dag' retrieved from /home/airflow/.local/lib/python3.8/site-packages/airflow/example_dags/example_sla_dag.py
[2026-03-12T02:41:56.013+0000] {logging_mixin.py:188} INFO - [2026-03-12T02:41:56.012+0000] {dag.py:3036} INFO - Sync 1 DAGs
[2026-03-12T02:41:56.021+0000] {logging_mixin.py:188} INFO - [2026-03-12T02:41:56.021+0000] {dag.py:3823} INFO - Setting next_dagrun for example_sla_dag to 2026-03-12 02:38:00+00:00, run_after=2026-03-12 02:40:00+00:00
[2026-03-12T02:41:56.030+0000] {processor.py:183} INFO - Processing /home/airflow/.local/lib/python3.8/site-packages/airflow/example_dags/example_sla_dag.py took 0.031 seconds
[2026-03-12T02:42:26.720+0000] {processor.py:161} INFO - Started process (PID=4126) to work on /home/airflow/.local/lib/python3.8/site-packages/airflow/example_dags/example_sla_dag.py
[2026-03-12T02:42:26.721+0000] {processor.py:830} INFO - Processing file /home/airflow/.local/lib/python3.8/site-packages/airflow/example_dags/example_sla_dag.py for tasks to queue
[2026-03-12T02:42:26.721+0000] {logging_mixin.py:188} INFO - [2026-03-12T02:42:26.721+0000] {dagbag.py:538} INFO - Filling up the DagBag from /home/airflow/.local/lib/python3.8/site-packages/airflow/example_dags/example_sla_dag.py
[2026-03-12T02:42:26.725+0000] {processor.py:840} INFO - DAG(s) 'example_sla_dag' retrieved from /home/airflow/.local/lib/python3.8/site-packages/airflow/example_dags/example_sla_dag.py
[2026-03-12T02:42:26.733+0000] {logging_mixin.py:188} INFO - [2026-03-12T02:42:26.733+0000] {dag.py:3036} INFO - Sync 1 DAGs
[2026-03-12T02:42:26.742+0000] {logging_mixin.py:188} INFO - [2026-03-12T02:42:26.741+0000] {dag.py:3823} INFO - Setting next_dagrun for example_sla_dag to 2026-03-12 02:40:00+00:00, run_after=2026-03-12 02:42:00+00:00
[2026-03-12T02:42:26.749+0000] {processor.py:183} INFO - Processing /home/airflow/.local/lib/python3.8/site-packages/airflow/example_dags/example_sla_dag.py took 0.031 seconds
[2026-03-12T02:42:57.115+0000] {processor.py:161} INFO - Started process (PID=4202) to work on /home/airflow/.local/lib/python3.8/site-packages/airflow/example_dags/example_sla_dag.py
[2026-03-12T02:42:57.116+0000] {processor.py:830} INFO - Processing file /home/airflow/.local/lib/python3.8/site-packages/airflow/example_dags/example_sla_dag.py for tasks to queue
[2026-03-12T02:42:57.116+0000] {logging_mixin.py:188} INFO - [2026-03-12T02:42:57.116+0000] {dagbag.py:538} INFO - Filling up the DagBag from /home/airflow/.local/lib/python3.8/site-packages/airflow/example_dags/example_sla_dag.py
[2026-03-12T02:42:57.121+0000] {processor.py:840} INFO - DAG(s) 'example_sla_dag' retrieved from /home/airflow/.local/lib/python3.8/site-packages/airflow/example_dags/example_sla_dag.py
[2026-03-12T02:42:57.131+0000] {logging_mixin.py:188} INFO - [2026-03-12T02:42:57.131+0000] {dag.py:3036} INFO - Sync 1 DAGs
[2026-03-12T02:42:57.143+0000] {logging_mixin.py:188} INFO - [2026-03-12T02:42:57.143+0000] {dag.py:3823} INFO - Setting next_dagrun for example_sla_dag to 2026-03-12 02:40:00+00:00, run_after=2026-03-12 02:42:00+00:00
[2026-03-12T02:42:57.154+0000] {processor.py:183} INFO - Processing /home/airflow/.local/lib/python3.8/site-packages/airflow/example_dags/example_sla_dag.py took 0.040 seconds
[2026-03-12T02:43:27.540+0000] {processor.py:161} INFO - Started process (PID=4278) to work on /home/airflow/.local/lib/python3.8/site-packages/airflow/example_dags/example_sla_dag.py
[2026-03-12T02:43:27.541+0000] {processor.py:830} INFO - Processing file /home/airflow/.local/lib/python3.8/site-packages/airflow/example_dags/example_sla_dag.py for tasks to queue
[2026-03-12T02:43:27.542+0000] {logging_mixin.py:188} INFO - [2026-03-12T02:43:27.542+0000] {dagbag.py:538} INFO - Filling up the DagBag from /home/airflow/.local/lib/python3.8/site-packages/airflow/example_dags/example_sla_dag.py
[2026-03-12T02:43:27.546+0000] {processor.py:840} INFO - DAG(s) 'example_sla_dag' retrieved from /home/airflow/.local/lib/python3.8/site-packages/airflow/example_dags/example_sla_dag.py
[2026-03-12T02:43:27.557+0000] {logging_mixin.py:188} INFO - [2026-03-12T02:43:27.557+0000] {dag.py:3036} INFO - Sync 1 DAGs
[2026-03-12T02:43:27.568+0000] {logging_mixin.py:188} INFO - [2026-03-12T02:43:27.568+0000] {dag.py:3823} INFO - Setting next_dagrun for example_sla_dag to 2026-03-12 02:40:00+00:00, run_after=2026-03-12 02:42:00+00:00
[2026-03-12T02:43:27.577+0000] {processor.py:183} INFO - Processing /home/airflow/.local/lib/python3.8/site-packages/airflow/example_dags/example_sla_dag.py took 0.039 seconds
[2026-03-12T02:43:57.986+0000] {processor.py:161} INFO - Started process (PID=4354) to work on /home/airflow/.local/lib/python3.8/site-packages/airflow/example_dags/example_sla_dag.py
[2026-03-12T02:43:57.986+0000] {processor.py:830} INFO - Processing file /home/airflow/.local/lib/python3.8/site-packages/airflow/example_dags/example_sla_dag.py for tasks to queue
[2026-03-12T02:43:57.987+0000] {logging_mixin.py:188} INFO - [2026-03-12T02:43:57.987+0000] {dagbag.py:538} INFO - Filling up the DagBag from /home/airflow/.local/lib/python3.8/site-packages/airflow/example_dags/example_sla_dag.py
[2026-03-12T02:43:57.991+0000] {processor.py:840} INFO - DAG(s) 'example_sla_dag' retrieved from /home/airflow/.local/lib/python3.8/site-packages/airflow/example_dags/example_sla_dag.py
[2026-03-12T02:43:58.001+0000] {logging_mixin.py:188} INFO - [2026-03-12T02:43:58.001+0000] {dag.py:3036} INFO - Sync 1 DAGs
[2026-03-12T02:43:58.013+0000] {logging_mixin.py:188} INFO - [2026-03-12T02:43:58.013+0000] {dag.py:3823} INFO - Setting next_dagrun for example_sla_dag to 2026-03-12 02:40:00+00:00, run_after=2026-03-12 02:42:00+00:00
[2026-03-12T02:43:58.022+0000] {processor.py:183} INFO - Processing /home/airflow/.local/lib/python3.8/site-packages/airflow/example_dags/example_sla_dag.py took 0.038 seconds
[2026-03-12T02:44:28.364+0000] {processor.py:161} INFO - Started process (PID=4430) to work on /home/airflow/.local/lib/python3.8/site-packages/airflow/example_dags/example_sla_dag.py
[2026-03-12T02:44:28.364+0000] {processor.py:830} INFO - Processing file /home/airflow/.local/lib/python3.8/site-packages/airflow/example_dags/example_sla_dag.py for tasks to queue
[2026-03-12T02:44:28.365+0000] {logging_mixin.py:188} INFO - [2026-03-12T02:44:28.365+0000] {dagbag.py:538} INFO - Filling up the DagBag from /home/airflow/.local/lib/python3.8/site-packages/airflow/example_dags/example_sla_dag.py
[2026-03-12T02:44:28.369+0000] {processor.py:840} INFO - DAG(s) 'example_sla_dag' retrieved from /home/airflow/.local/lib/python3.8/site-packages/airflow/example_dags/example_sla_dag.py
[2026-03-12T02:44:28.376+0000] {logging_mixin.py:188} INFO - [2026-03-12T02:44:28.376+0000] {dag.py:3036} INFO - Sync 1 DAGs
[2026-03-12T02:44:28.385+0000] {logging_mixin.py:188} INFO - [2026-03-12T02:44:28.385+0000] {dag.py:3823} INFO - Setting next_dagrun for example_sla_dag to 2026-03-12 02:42:00+00:00, run_after=2026-03-12 02:44:00+00:00
[2026-03-12T02:44:28.393+0000] {processor.py:183} INFO - Processing /home/airflow/.local/lib/python3.8/site-packages/airflow/example_dags/example_sla_dag.py took 0.031 seconds
[2026-03-12T02:44:58.816+0000] {processor.py:161} INFO - Started process (PID=4506) to work on /home/airflow/.local/lib/python3.8/site-packages/airflow/example_dags/example_sla_dag.py
[2026-03-12T02:44:58.816+0000] {processor.py:830} INFO - Processing file /home/airflow/.local/lib/python3.8/site-packages/airflow/example_dags/example_sla_dag.py for tasks to queue
[2026-03-12T02:44:58.817+0000] {logging_mixin.py:188} INFO - [2026-03-12T02:44:58.817+0000] {dagbag.py:538} INFO - Filling up the DagBag from /home/airflow/.local/lib/python3.8/site-packages/airflow/example_dags/example_sla_dag.py
[2026-03-12T02:44:58.821+0000] {processor.py:840} INFO - DAG(s) 'example_sla_dag' retrieved from /home/airflow/.local/lib/python3.8/site-packages/airflow/example_dags/example_sla_dag.py
[2026-03-12T02:44:58.831+0000] {logging_mixin.py:188} INFO - [2026-03-12T02:44:58.831+0000] {dag.py:3036} INFO - Sync 1 DAGs
[2026-03-12T02:44:58.840+0000] {logging_mixin.py:188} INFO - [2026-03-12T02:44:58.840+0000] {dag.py:3823} INFO - Setting next_dagrun for example_sla_dag to 2026-03-12 02:42:00+00:00, run_after=2026-03-12 02:44:00+00:00
[2026-03-12T02:44:58.850+0000] {processor.py:183} INFO - Processing /home/airflow/.local/lib/python3.8/site-packages/airflow/example_dags/example_sla_dag.py took 0.037 seconds
[2026-03-12T02:45:29.174+0000] {processor.py:161} INFO - Started process (PID=4582) to work on /home/airflow/.local/lib/python3.8/site-packages/airflow/example_dags/example_sla_dag.py
[2026-03-12T02:45:29.175+0000] {processor.py:830} INFO - Processing file /home/airflow/.local/lib/python3.8/site-packages/airflow/example_dags/example_sla_dag.py for tasks to queue
[2026-03-12T02:45:29.176+0000] {logging_mixin.py:188} INFO - [2026-03-12T02:45:29.176+0000] {dagbag.py:538} INFO - Filling up the DagBag from /home/airflow/.local/lib/python3.8/site-packages/airflow/example_dags/example_sla_dag.py
[2026-03-12T02:45:29.183+0000] {processor.py:840} INFO - DAG(s) 'example_sla_dag' retrieved from /home/airflow/.local/lib/python3.8/site-packages/airflow/example_dags/example_sla_dag.py
[2026-03-12T02:45:29.194+0000] {logging_mixin.py:188} INFO - [2026-03-12T02:45:29.194+0000] {dag.py:3036} INFO - Sync 1 DAGs
[2026-03-12T02:45:29.202+0000] {logging_mixin.py:188} INFO - [2026-03-12T02:45:29.202+0000] {dag.py:3823} INFO - Setting next_dagrun for example_sla_dag to 2026-03-12 02:42:00+00:00, run_after=2026-03-12 02:44:00+00:00
[2026-03-12T02:45:29.209+0000] {processor.py:183} INFO - Processing /home/airflow/.local/lib/python3.8/site-packages/airflow/example_dags/example_sla_dag.py took 0.036 seconds
[2026-03-12T02:45:59.700+0000] {processor.py:161} INFO - Started process (PID=4658) to work on /home/airflow/.local/lib/python3.8/site-packages/airflow/example_dags/example_sla_dag.py
[2026-03-12T02:45:59.701+0000] {processor.py:830} INFO - Processing file /home/airflow/.local/lib/python3.8/site-packages/airflow/example_dags/example_sla_dag.py for tasks to queue
[2026-03-12T02:45:59.702+0000] {logging_mixin.py:188} INFO - [2026-03-12T02:45:59.702+0000] {dagbag.py:538} INFO - Filling up the DagBag from /home/airflow/.local/lib/python3.8/site-packages/airflow/example_dags/example_sla_dag.py
[2026-03-12T02:45:59.710+0000] {processor.py:840} INFO - DAG(s) 'example_sla_dag' retrieved from /home/airflow/.local/lib/python3.8/site-packages/airflow/example_dags/example_sla_dag.py
[2026-03-12T02:45:59.718+0000] {logging_mixin.py:188} INFO - [2026-03-12T02:45:59.718+0000] {dag.py:3036} INFO - Sync 1 DAGs
[2026-03-12T02:45:59.728+0000] {logging_mixin.py:188} INFO - [2026-03-12T02:45:59.728+0000] {dag.py:3823} INFO - Setting next_dagrun for example_sla_dag to 2026-03-12 02:42:00+00:00, run_after=2026-03-12 02:44:00+00:00
[2026-03-12T02:45:59.738+0000] {processor.py:183} INFO - Processing /home/airflow/.local/lib/python3.8/site-packages/airflow/example_dags/example_sla_dag.py took 0.039 seconds
[2026-03-12T02:46:30.260+0000] {processor.py:161} INFO - Started process (PID=4734) to work on /home/airflow/.local/lib/python3.8/site-packages/airflow/example_dags/example_sla_dag.py
[2026-03-12T02:46:30.260+0000] {processor.py:830} INFO - Processing file /home/airflow/.local/lib/python3.8/site-packages/airflow/example_dags/example_sla_dag.py for tasks to queue
[2026-03-12T02:46:30.261+0000] {logging_mixin.py:188} INFO - [2026-03-12T02:46:30.261+0000] {dagbag.py:538} INFO - Filling up the DagBag from /home/airflow/.local/lib/python3.8/site-packages/airflow/example_dags/example_sla_dag.py
[2026-03-12T02:46:30.264+0000] {processor.py:840} INFO - DAG(s) 'example_sla_dag' retrieved from /home/airflow/.local/lib/python3.8/site-packages/airflow/example_dags/example_sla_dag.py
[2026-03-12T02:46:30.271+0000] {logging_mixin.py:188} INFO - [2026-03-12T02:46:30.271+0000] {dag.py:3036} INFO - Sync 1 DAGs
[2026-03-12T02:46:30.279+0000] {logging_mixin.py:188} INFO - [2026-03-12T02:46:30.279+0000] {dag.py:3823} INFO - Setting next_dagrun for example_sla_dag to 2026-03-12 02:44:00+00:00, run_after=2026-03-12 02:46:00+00:00
[2026-03-12T02:46:30.285+0000] {processor.py:183} INFO - Processing /home/airflow/.local/lib/python3.8/site-packages/airflow/example_dags/example_sla_dag.py took 0.027 seconds
[2026-03-12T02:47:01.103+0000] {processor.py:161} INFO - Started process (PID=4810) to work on /home/airflow/.local/lib/python3.8/site-packages/airflow/example_dags/example_sla_dag.py
[2026-03-12T02:47:01.104+0000] {processor.py:830} INFO - Processing file /home/airflow/.local/lib/python3.8/site-packages/airflow/example_dags/example_sla_dag.py for tasks to queue
[2026-03-12T02:47:01.104+0000] {logging_mixin.py:188} INFO - [2026-03-12T02:47:01.104+0000] {dagbag.py:538} INFO - Filling up the DagBag from /home/airflow/.local/lib/python3.8/site-packages/airflow/example_dags/example_sla_dag.py
[2026-03-12T02:47:01.110+0000] {processor.py:840} INFO - DAG(s) 'example_sla_dag' retrieved from /home/airflow/.local/lib/python3.8/site-packages/airflow/example_dags/example_sla_dag.py
[2026-03-12T02:47:01.121+0000] {logging_mixin.py:188} INFO - [2026-03-12T02:47:01.121+0000] {dag.py:3036} INFO - Sync 1 DAGs
[2026-03-12T02:47:01.130+0000] {logging_mixin.py:188} INFO - [2026-03-12T02:47:01.130+0000] {dag.py:3823} INFO - Setting next_dagrun for example_sla_dag to 2026-03-12 02:44:00+00:00, run_after=2026-03-12 02:46:00+00:00
[2026-03-12T02:47:01.138+0000] {processor.py:183} INFO - Processing /home/airflow/.local/lib/python3.8/site-packages/airflow/example_dags/example_sla_dag.py took 0.036 seconds
[2026-03-12T02:47:31.822+0000] {processor.py:161} INFO - Started process (PID=4886) to work on /home/airflow/.local/lib/python3.8/site-packages/airflow/example_dags/example_sla_dag.py
[2026-03-12T02:47:31.822+0000] {processor.py:830} INFO - Processing file /home/airflow/.local/lib/python3.8/site-packages/airflow/example_dags/example_sla_dag.py for tasks to queue
[2026-03-12T02:47:31.823+0000] {logging_mixin.py:188} INFO - [2026-03-12T02:47:31.823+0000] {dagbag.py:538} INFO - Filling up the DagBag from /home/airflow/.local/lib/python3.8/site-packages/airflow/example_dags/example_sla_dag.py
[2026-03-12T02:47:31.827+0000] {processor.py:840} INFO - DAG(s) 'example_sla_dag' retrieved from /home/airflow/.local/lib/python3.8/site-packages/airflow/example_dags/example_sla_dag.py
[2026-03-12T02:47:31.835+0000] {logging_mixin.py:188} INFO - [2026-03-12T02:47:31.835+0000] {dag.py:3036} INFO - Sync 1 DAGs
[2026-03-12T02:47:31.844+0000] {logging_mixin.py:188} INFO - [2026-03-12T02:47:31.844+0000] {dag.py:3823} INFO - Setting next_dagrun for example_sla_dag to 2026-03-12 02:44:00+00:00, run_after=2026-03-12 02:46:00+00:00
[2026-03-12T02:47:31.850+0000] {processor.py:183} INFO - Processing /home/airflow/.local/lib/python3.8/site-packages/airflow/example_dags/example_sla_dag.py took 0.030 seconds
[2026-03-12T02:48:02.185+0000] {processor.py:161} INFO - Started process (PID=4962) to work on /home/airflow/.local/lib/python3.8/site-packages/airflow/example_dags/example_sla_dag.py
[2026-03-12T02:48:02.185+0000] {processor.py:830} INFO - Processing file /home/airflow/.local/lib/python3.8/site-packages/airflow/example_dags/example_sla_dag.py for tasks to queue
[2026-03-12T02:48:02.186+0000] {logging_mixin.py:188} INFO - [2026-03-12T02:48:02.186+0000] {dagbag.py:538} INFO - Filling up the DagBag from /home/airflow/.local/lib/python3.8/site-packages/airflow/example_dags/example_sla_dag.py
[2026-03-12T02:48:02.190+0000] {processor.py:840} INFO - DAG(s) 'example_sla_dag' retrieved from /home/airflow/.local/lib/python3.8/site-packages/airflow/example_dags/example_sla_dag.py
[2026-03-12T02:48:02.197+0000] {logging_mixin.py:188} INFO - [2026-03-12T02:48:02.197+0000] {dag.py:3036} INFO - Sync 1 DAGs
[2026-03-12T02:48:02.205+0000] {logging_mixin.py:188} INFO - [2026-03-12T02:48:02.205+0000] {dag.py:3823} INFO - Setting next_dagrun for example_sla_dag to 2026-03-12 02:46:00+00:00, run_after=2026-03-12 02:48:00+00:00
[2026-03-12T02:48:02.212+0000] {processor.py:183} INFO - Processing /home/airflow/.local/lib/python3.8/site-packages/airflow/example_dags/example_sla_dag.py took 0.028 seconds
[2026-03-12T02:48:33.302+0000] {processor.py:161} INFO - Started process (PID=5038) to work on /home/airflow/.local/lib/python3.8/site-packages/airflow/example_dags/example_sla_dag.py
[2026-03-12T02:48:33.303+0000] {processor.py:830} INFO - Processing file /home/airflow/.local/lib/python3.8/site-packages/airflow/example_dags/example_sla_dag.py for tasks to queue
[2026-03-12T02:48:33.304+0000] {logging_mixin.py:188} INFO - [2026-03-12T02:48:33.304+0000] {dagbag.py:538} INFO - Filling up the DagBag from /home/airflow/.local/lib/python3.8/site-packages/airflow/example_dags/example_sla_dag.py
[2026-03-12T02:48:33.308+0000] {processor.py:840} INFO - DAG(s) 'example_sla_dag' retrieved from /home/airflow/.local/lib/python3.8/site-packages/airflow/example_dags/example_sla_dag.py
[2026-03-12T02:48:33.315+0000] {logging_mixin.py:188} INFO - [2026-03-12T02:48:33.315+0000] {dag.py:3036} INFO - Sync 1 DAGs
[2026-03-12T02:48:33.324+0000] {logging_mixin.py:188} INFO - [2026-03-12T02:48:33.324+0000] {dag.py:3823} INFO - Setting next_dagrun for example_sla_dag to 2026-03-12 02:46:00+00:00, run_after=2026-03-12 02:48:00+00:00
[2026-03-12T02:48:33.331+0000] {processor.py:183} INFO - Processing /home/airflow/.local/lib/python3.8/site-packages/airflow/example_dags/example_sla_dag.py took 0.030 seconds
[2026-03-12T02:49:04.682+0000] {processor.py:161} INFO - Started process (PID=5114) to work on /home/airflow/.local/lib/python3.8/site-packages/airflow/example_dags/example_sla_dag.py
[2026-03-12T02:49:04.684+0000] {processor.py:830} INFO - Processing file /home/airflow/.local/lib/python3.8/site-packages/airflow/example_dags/example_sla_dag.py for tasks to queue
[2026-03-12T02:49:04.685+0000] {logging_mixin.py:188} INFO - [2026-03-12T02:49:04.685+0000] {dagbag.py:538} INFO - Filling up the DagBag from /home/airflow/.local/lib/python3.8/site-packages/airflow/example_dags/example_sla_dag.py
[2026-03-12T02:49:04.693+0000] {processor.py:840} INFO - DAG(s) 'example_sla_dag' retrieved from /home/airflow/.local/lib/python3.8/site-packages/airflow/example_dags/example_sla_dag.py
[2026-03-12T02:49:04.709+0000] {logging_mixin.py:188} INFO - [2026-03-12T02:49:04.709+0000] {dag.py:3036} INFO - Sync 1 DAGs
[2026-03-12T02:49:04.725+0000] {logging_mixin.py:188} INFO - [2026-03-12T02:49:04.725+0000] {dag.py:3823} INFO - Setting next_dagrun for example_sla_dag to 2026-03-12 02:46:00+00:00, run_after=2026-03-12 02:48:00+00:00
[2026-03-12T02:49:04.750+0000] {processor.py:183} INFO - Processing /home/airflow/.local/lib/python3.8/site-packages/airflow/example_dags/example_sla_dag.py took 0.072 seconds
[2026-03-12T02:49:35.129+0000] {processor.py:161} INFO - Started process (PID=5190) to work on /home/airflow/.local/lib/python3.8/site-packages/airflow/example_dags/example_sla_dag.py
[2026-03-12T02:49:35.130+0000] {processor.py:830} INFO - Processing file /home/airflow/.local/lib/python3.8/site-packages/airflow/example_dags/example_sla_dag.py for tasks to queue
[2026-03-12T02:49:35.131+0000] {logging_mixin.py:188} INFO - [2026-03-12T02:49:35.131+0000] {dagbag.py:538} INFO - Filling up the DagBag from /home/airflow/.local/lib/python3.8/site-packages/airflow/example_dags/example_sla_dag.py
[2026-03-12T02:49:35.136+0000] {processor.py:840} INFO - DAG(s) 'example_sla_dag' retrieved from /home/airflow/.local/lib/python3.8/site-packages/airflow/example_dags/example_sla_dag.py
[2026-03-12T02:49:35.149+0000] {logging_mixin.py:188} INFO - [2026-03-12T02:49:35.149+0000] {dag.py:3036} INFO - Sync 1 DAGs
[2026-03-12T02:49:35.162+0000] {logging_mixin.py:188} INFO - [2026-03-12T02:49:35.162+0000] {dag.py:3823} INFO - Setting next_dagrun for example_sla_dag to 2026-03-12 02:46:00+00:00, run_after=2026-03-12 02:48:00+00:00
[2026-03-12T02:49:35.174+0000] {processor.py:183} INFO - Processing /home/airflow/.local/lib/python3.8/site-packages/airflow/example_dags/example_sla_dag.py took 0.046 seconds
