[2026-03-12T02:15:10.651+0000] {processor.py:161} INFO - Started process (PID=98) to work on /home/airflow/.local/lib/python3.8/site-packages/airflow/example_dags/example_task_group_decorator.py
[2026-03-12T02:15:10.651+0000] {processor.py:830} INFO - Processing file /home/airflow/.local/lib/python3.8/site-packages/airflow/example_dags/example_task_group_decorator.py for tasks to queue
[2026-03-12T02:15:10.652+0000] {logging_mixin.py:188} INFO - [2026-03-12T02:15:10.652+0000] {dagbag.py:538} INFO - Filling up the DagBag from /home/airflow/.local/lib/python3.8/site-packages/airflow/example_dags/example_task_group_decorator.py
[2026-03-12T02:15:10.662+0000] {processor.py:840} INFO - DAG(s) 'example_task_group_decorator' retrieved from /home/airflow/.local/lib/python3.8/site-packages/airflow/example_dags/example_task_group_decorator.py
[2026-03-12T02:15:10.671+0000] {logging_mixin.py:188} INFO - [2026-03-12T02:15:10.670+0000] {dag.py:3036} INFO - Sync 1 DAGs
[2026-03-12T02:15:10.681+0000] {logging_mixin.py:188} INFO - [2026-03-12T02:15:10.681+0000] {dag.py:3823} INFO - Setting next_dagrun for example_task_group_decorator to 2026-03-11 00:00:00+00:00, run_after=2026-03-12 00:00:00+00:00
[2026-03-12T02:15:10.691+0000] {processor.py:183} INFO - Processing /home/airflow/.local/lib/python3.8/site-packages/airflow/example_dags/example_task_group_decorator.py took 0.042 seconds
[2026-03-12T02:15:41.860+0000] {processor.py:161} INFO - Started process (PID=174) to work on /home/airflow/.local/lib/python3.8/site-packages/airflow/example_dags/example_task_group_decorator.py
[2026-03-12T02:15:41.861+0000] {processor.py:830} INFO - Processing file /home/airflow/.local/lib/python3.8/site-packages/airflow/example_dags/example_task_group_decorator.py for tasks to queue
[2026-03-12T02:15:41.862+0000] {logging_mixin.py:188} INFO - [2026-03-12T02:15:41.862+0000] {dagbag.py:538} INFO - Filling up the DagBag from /home/airflow/.local/lib/python3.8/site-packages/airflow/example_dags/example_task_group_decorator.py
[2026-03-12T02:15:41.869+0000] {processor.py:840} INFO - DAG(s) 'example_task_group_decorator' retrieved from /home/airflow/.local/lib/python3.8/site-packages/airflow/example_dags/example_task_group_decorator.py
[2026-03-12T02:15:42.009+0000] {logging_mixin.py:188} INFO - [2026-03-12T02:15:42.008+0000] {dag.py:3036} INFO - Sync 1 DAGs
[2026-03-12T02:15:42.018+0000] {logging_mixin.py:188} INFO - [2026-03-12T02:15:42.018+0000] {dag.py:3823} INFO - Setting next_dagrun for example_task_group_decorator to 2026-03-11 00:00:00+00:00, run_after=2026-03-12 00:00:00+00:00
[2026-03-12T02:15:42.032+0000] {processor.py:183} INFO - Processing /home/airflow/.local/lib/python3.8/site-packages/airflow/example_dags/example_task_group_decorator.py took 0.174 seconds
[2026-03-12T02:16:12.978+0000] {processor.py:161} INFO - Started process (PID=250) to work on /home/airflow/.local/lib/python3.8/site-packages/airflow/example_dags/example_task_group_decorator.py
[2026-03-12T02:16:12.979+0000] {processor.py:830} INFO - Processing file /home/airflow/.local/lib/python3.8/site-packages/airflow/example_dags/example_task_group_decorator.py for tasks to queue
[2026-03-12T02:16:12.980+0000] {logging_mixin.py:188} INFO - [2026-03-12T02:16:12.980+0000] {dagbag.py:538} INFO - Filling up the DagBag from /home/airflow/.local/lib/python3.8/site-packages/airflow/example_dags/example_task_group_decorator.py
[2026-03-12T02:16:12.989+0000] {processor.py:840} INFO - DAG(s) 'example_task_group_decorator' retrieved from /home/airflow/.local/lib/python3.8/site-packages/airflow/example_dags/example_task_group_decorator.py
[2026-03-12T02:16:13.004+0000] {logging_mixin.py:188} INFO - [2026-03-12T02:16:13.004+0000] {dag.py:3036} INFO - Sync 1 DAGs
[2026-03-12T02:16:13.012+0000] {logging_mixin.py:188} INFO - [2026-03-12T02:16:13.012+0000] {dag.py:3823} INFO - Setting next_dagrun for example_task_group_decorator to 2026-03-11 00:00:00+00:00, run_after=2026-03-12 00:00:00+00:00
[2026-03-12T02:16:13.022+0000] {processor.py:183} INFO - Processing /home/airflow/.local/lib/python3.8/site-packages/airflow/example_dags/example_task_group_decorator.py took 0.046 seconds
[2026-03-12T02:16:43.916+0000] {processor.py:161} INFO - Started process (PID=326) to work on /home/airflow/.local/lib/python3.8/site-packages/airflow/example_dags/example_task_group_decorator.py
[2026-03-12T02:16:43.917+0000] {processor.py:830} INFO - Processing file /home/airflow/.local/lib/python3.8/site-packages/airflow/example_dags/example_task_group_decorator.py for tasks to queue
[2026-03-12T02:16:43.919+0000] {logging_mixin.py:188} INFO - [2026-03-12T02:16:43.919+0000] {dagbag.py:538} INFO - Filling up the DagBag from /home/airflow/.local/lib/python3.8/site-packages/airflow/example_dags/example_task_group_decorator.py
[2026-03-12T02:16:43.935+0000] {processor.py:840} INFO - DAG(s) 'example_task_group_decorator' retrieved from /home/airflow/.local/lib/python3.8/site-packages/airflow/example_dags/example_task_group_decorator.py
[2026-03-12T02:16:43.962+0000] {logging_mixin.py:188} INFO - [2026-03-12T02:16:43.962+0000] {dag.py:3036} INFO - Sync 1 DAGs
[2026-03-12T02:16:43.977+0000] {logging_mixin.py:188} INFO - [2026-03-12T02:16:43.977+0000] {dag.py:3823} INFO - Setting next_dagrun for example_task_group_decorator to 2026-03-11 00:00:00+00:00, run_after=2026-03-12 00:00:00+00:00
[2026-03-12T02:16:43.988+0000] {processor.py:183} INFO - Processing /home/airflow/.local/lib/python3.8/site-packages/airflow/example_dags/example_task_group_decorator.py took 0.077 seconds
[2026-03-12T02:17:14.814+0000] {processor.py:161} INFO - Started process (PID=402) to work on /home/airflow/.local/lib/python3.8/site-packages/airflow/example_dags/example_task_group_decorator.py
[2026-03-12T02:17:14.815+0000] {processor.py:830} INFO - Processing file /home/airflow/.local/lib/python3.8/site-packages/airflow/example_dags/example_task_group_decorator.py for tasks to queue
[2026-03-12T02:17:14.816+0000] {logging_mixin.py:188} INFO - [2026-03-12T02:17:14.816+0000] {dagbag.py:538} INFO - Filling up the DagBag from /home/airflow/.local/lib/python3.8/site-packages/airflow/example_dags/example_task_group_decorator.py
[2026-03-12T02:17:14.827+0000] {processor.py:840} INFO - DAG(s) 'example_task_group_decorator' retrieved from /home/airflow/.local/lib/python3.8/site-packages/airflow/example_dags/example_task_group_decorator.py
[2026-03-12T02:17:14.843+0000] {logging_mixin.py:188} INFO - [2026-03-12T02:17:14.843+0000] {dag.py:3036} INFO - Sync 1 DAGs
[2026-03-12T02:17:14.854+0000] {logging_mixin.py:188} INFO - [2026-03-12T02:17:14.854+0000] {dag.py:3823} INFO - Setting next_dagrun for example_task_group_decorator to 2026-03-11 00:00:00+00:00, run_after=2026-03-12 00:00:00+00:00
[2026-03-12T02:17:14.866+0000] {processor.py:183} INFO - Processing /home/airflow/.local/lib/python3.8/site-packages/airflow/example_dags/example_task_group_decorator.py took 0.055 seconds
[2026-03-12T02:17:45.269+0000] {processor.py:161} INFO - Started process (PID=478) to work on /home/airflow/.local/lib/python3.8/site-packages/airflow/example_dags/example_task_group_decorator.py
[2026-03-12T02:17:45.270+0000] {processor.py:830} INFO - Processing file /home/airflow/.local/lib/python3.8/site-packages/airflow/example_dags/example_task_group_decorator.py for tasks to queue
[2026-03-12T02:17:45.272+0000] {logging_mixin.py:188} INFO - [2026-03-12T02:17:45.272+0000] {dagbag.py:538} INFO - Filling up the DagBag from /home/airflow/.local/lib/python3.8/site-packages/airflow/example_dags/example_task_group_decorator.py
[2026-03-12T02:17:45.279+0000] {processor.py:840} INFO - DAG(s) 'example_task_group_decorator' retrieved from /home/airflow/.local/lib/python3.8/site-packages/airflow/example_dags/example_task_group_decorator.py
[2026-03-12T02:17:45.294+0000] {logging_mixin.py:188} INFO - [2026-03-12T02:17:45.294+0000] {dag.py:3036} INFO - Sync 1 DAGs
[2026-03-12T02:17:45.302+0000] {logging_mixin.py:188} INFO - [2026-03-12T02:17:45.302+0000] {dag.py:3823} INFO - Setting next_dagrun for example_task_group_decorator to 2026-03-11 00:00:00+00:00, run_after=2026-03-12 00:00:00+00:00
[2026-03-12T02:17:45.313+0000] {processor.py:183} INFO - Processing /home/airflow/.local/lib/python3.8/site-packages/airflow/example_dags/example_task_group_decorator.py took 0.046 seconds
[2026-03-12T02:18:16.019+0000] {processor.py:161} INFO - Started process (PID=554) to work on /home/airflow/.local/lib/python3.8/site-packages/airflow/example_dags/example_task_group_decorator.py
[2026-03-12T02:18:16.020+0000] {processor.py:830} INFO - Processing file /home/airflow/.local/lib/python3.8/site-packages/airflow/example_dags/example_task_group_decorator.py for tasks to queue
[2026-03-12T02:18:16.022+0000] {logging_mixin.py:188} INFO - [2026-03-12T02:18:16.022+0000] {dagbag.py:538} INFO - Filling up the DagBag from /home/airflow/.local/lib/python3.8/site-packages/airflow/example_dags/example_task_group_decorator.py
[2026-03-12T02:18:16.031+0000] {processor.py:840} INFO - DAG(s) 'example_task_group_decorator' retrieved from /home/airflow/.local/lib/python3.8/site-packages/airflow/example_dags/example_task_group_decorator.py
[2026-03-12T02:18:16.053+0000] {logging_mixin.py:188} INFO - [2026-03-12T02:18:16.053+0000] {dag.py:3036} INFO - Sync 1 DAGs
[2026-03-12T02:18:16.066+0000] {logging_mixin.py:188} INFO - [2026-03-12T02:18:16.066+0000] {dag.py:3823} INFO - Setting next_dagrun for example_task_group_decorator to 2026-03-11 00:00:00+00:00, run_after=2026-03-12 00:00:00+00:00
[2026-03-12T02:18:16.082+0000] {processor.py:183} INFO - Processing /home/airflow/.local/lib/python3.8/site-packages/airflow/example_dags/example_task_group_decorator.py took 0.065 seconds
[2026-03-12T02:18:46.960+0000] {processor.py:161} INFO - Started process (PID=630) to work on /home/airflow/.local/lib/python3.8/site-packages/airflow/example_dags/example_task_group_decorator.py
[2026-03-12T02:18:46.961+0000] {processor.py:830} INFO - Processing file /home/airflow/.local/lib/python3.8/site-packages/airflow/example_dags/example_task_group_decorator.py for tasks to queue
[2026-03-12T02:18:46.962+0000] {logging_mixin.py:188} INFO - [2026-03-12T02:18:46.962+0000] {dagbag.py:538} INFO - Filling up the DagBag from /home/airflow/.local/lib/python3.8/site-packages/airflow/example_dags/example_task_group_decorator.py
[2026-03-12T02:18:46.970+0000] {processor.py:840} INFO - DAG(s) 'example_task_group_decorator' retrieved from /home/airflow/.local/lib/python3.8/site-packages/airflow/example_dags/example_task_group_decorator.py
[2026-03-12T02:18:46.983+0000] {logging_mixin.py:188} INFO - [2026-03-12T02:18:46.982+0000] {dag.py:3036} INFO - Sync 1 DAGs
[2026-03-12T02:18:46.996+0000] {logging_mixin.py:188} INFO - [2026-03-12T02:18:46.996+0000] {dag.py:3823} INFO - Setting next_dagrun for example_task_group_decorator to 2026-03-11 00:00:00+00:00, run_after=2026-03-12 00:00:00+00:00
[2026-03-12T02:18:47.006+0000] {processor.py:183} INFO - Processing /home/airflow/.local/lib/python3.8/site-packages/airflow/example_dags/example_task_group_decorator.py took 0.048 seconds
[2026-03-12T02:19:17.119+0000] {processor.py:161} INFO - Started process (PID=706) to work on /home/airflow/.local/lib/python3.8/site-packages/airflow/example_dags/example_task_group_decorator.py
[2026-03-12T02:19:17.120+0000] {processor.py:830} INFO - Processing file /home/airflow/.local/lib/python3.8/site-packages/airflow/example_dags/example_task_group_decorator.py for tasks to queue
[2026-03-12T02:19:17.120+0000] {logging_mixin.py:188} INFO - [2026-03-12T02:19:17.120+0000] {dagbag.py:538} INFO - Filling up the DagBag from /home/airflow/.local/lib/python3.8/site-packages/airflow/example_dags/example_task_group_decorator.py
[2026-03-12T02:19:17.129+0000] {processor.py:840} INFO - DAG(s) 'example_task_group_decorator' retrieved from /home/airflow/.local/lib/python3.8/site-packages/airflow/example_dags/example_task_group_decorator.py
[2026-03-12T02:19:17.141+0000] {logging_mixin.py:188} INFO - [2026-03-12T02:19:17.141+0000] {dag.py:3036} INFO - Sync 1 DAGs
[2026-03-12T02:19:17.149+0000] {logging_mixin.py:188} INFO - [2026-03-12T02:19:17.149+0000] {dag.py:3823} INFO - Setting next_dagrun for example_task_group_decorator to 2026-03-11 00:00:00+00:00, run_after=2026-03-12 00:00:00+00:00
[2026-03-12T02:19:17.158+0000] {processor.py:183} INFO - Processing /home/airflow/.local/lib/python3.8/site-packages/airflow/example_dags/example_task_group_decorator.py took 0.040 seconds
[2026-03-12T02:19:48.183+0000] {processor.py:161} INFO - Started process (PID=782) to work on /home/airflow/.local/lib/python3.8/site-packages/airflow/example_dags/example_task_group_decorator.py
[2026-03-12T02:19:48.184+0000] {processor.py:830} INFO - Processing file /home/airflow/.local/lib/python3.8/site-packages/airflow/example_dags/example_task_group_decorator.py for tasks to queue
[2026-03-12T02:19:48.184+0000] {logging_mixin.py:188} INFO - [2026-03-12T02:19:48.184+0000] {dagbag.py:538} INFO - Filling up the DagBag from /home/airflow/.local/lib/python3.8/site-packages/airflow/example_dags/example_task_group_decorator.py
[2026-03-12T02:19:48.192+0000] {processor.py:840} INFO - DAG(s) 'example_task_group_decorator' retrieved from /home/airflow/.local/lib/python3.8/site-packages/airflow/example_dags/example_task_group_decorator.py
[2026-03-12T02:19:48.202+0000] {logging_mixin.py:188} INFO - [2026-03-12T02:19:48.202+0000] {dag.py:3036} INFO - Sync 1 DAGs
[2026-03-12T02:19:48.211+0000] {logging_mixin.py:188} INFO - [2026-03-12T02:19:48.211+0000] {dag.py:3823} INFO - Setting next_dagrun for example_task_group_decorator to 2026-03-11 00:00:00+00:00, run_after=2026-03-12 00:00:00+00:00
[2026-03-12T02:19:48.217+0000] {processor.py:183} INFO - Processing /home/airflow/.local/lib/python3.8/site-packages/airflow/example_dags/example_task_group_decorator.py took 0.036 seconds
[2026-03-12T02:20:19.195+0000] {processor.py:161} INFO - Started process (PID=858) to work on /home/airflow/.local/lib/python3.8/site-packages/airflow/example_dags/example_task_group_decorator.py
[2026-03-12T02:20:19.196+0000] {processor.py:830} INFO - Processing file /home/airflow/.local/lib/python3.8/site-packages/airflow/example_dags/example_task_group_decorator.py for tasks to queue
[2026-03-12T02:20:19.197+0000] {logging_mixin.py:188} INFO - [2026-03-12T02:20:19.197+0000] {dagbag.py:538} INFO - Filling up the DagBag from /home/airflow/.local/lib/python3.8/site-packages/airflow/example_dags/example_task_group_decorator.py
[2026-03-12T02:20:19.203+0000] {processor.py:840} INFO - DAG(s) 'example_task_group_decorator' retrieved from /home/airflow/.local/lib/python3.8/site-packages/airflow/example_dags/example_task_group_decorator.py
[2026-03-12T02:20:19.214+0000] {logging_mixin.py:188} INFO - [2026-03-12T02:20:19.213+0000] {dag.py:3036} INFO - Sync 1 DAGs
[2026-03-12T02:20:19.222+0000] {logging_mixin.py:188} INFO - [2026-03-12T02:20:19.222+0000] {dag.py:3823} INFO - Setting next_dagrun for example_task_group_decorator to 2026-03-11 00:00:00+00:00, run_after=2026-03-12 00:00:00+00:00
[2026-03-12T02:20:19.228+0000] {processor.py:183} INFO - Processing /home/airflow/.local/lib/python3.8/site-packages/airflow/example_dags/example_task_group_decorator.py took 0.034 seconds
[2026-03-12T02:20:51.879+0000] {processor.py:161} INFO - Started process (PID=934) to work on /home/airflow/.local/lib/python3.8/site-packages/airflow/example_dags/example_task_group_decorator.py
[2026-03-12T02:20:51.880+0000] {processor.py:830} INFO - Processing file /home/airflow/.local/lib/python3.8/site-packages/airflow/example_dags/example_task_group_decorator.py for tasks to queue
[2026-03-12T02:20:51.884+0000] {logging_mixin.py:188} INFO - [2026-03-12T02:20:51.883+0000] {dagbag.py:538} INFO - Filling up the DagBag from /home/airflow/.local/lib/python3.8/site-packages/airflow/example_dags/example_task_group_decorator.py
[2026-03-12T02:20:51.894+0000] {processor.py:840} INFO - DAG(s) 'example_task_group_decorator' retrieved from /home/airflow/.local/lib/python3.8/site-packages/airflow/example_dags/example_task_group_decorator.py
[2026-03-12T02:20:51.915+0000] {logging_mixin.py:188} INFO - [2026-03-12T02:20:51.915+0000] {dag.py:3036} INFO - Sync 1 DAGs
[2026-03-12T02:20:51.925+0000] {logging_mixin.py:188} INFO - [2026-03-12T02:20:51.925+0000] {dag.py:3823} INFO - Setting next_dagrun for example_task_group_decorator to 2026-03-11 00:00:00+00:00, run_after=2026-03-12 00:00:00+00:00
[2026-03-12T02:20:51.931+0000] {processor.py:183} INFO - Processing /home/airflow/.local/lib/python3.8/site-packages/airflow/example_dags/example_task_group_decorator.py took 0.055 seconds
[2026-03-12T02:21:22.335+0000] {processor.py:161} INFO - Started process (PID=1010) to work on /home/airflow/.local/lib/python3.8/site-packages/airflow/example_dags/example_task_group_decorator.py
[2026-03-12T02:21:22.337+0000] {processor.py:830} INFO - Processing file /home/airflow/.local/lib/python3.8/site-packages/airflow/example_dags/example_task_group_decorator.py for tasks to queue
[2026-03-12T02:21:22.338+0000] {logging_mixin.py:188} INFO - [2026-03-12T02:21:22.338+0000] {dagbag.py:538} INFO - Filling up the DagBag from /home/airflow/.local/lib/python3.8/site-packages/airflow/example_dags/example_task_group_decorator.py
[2026-03-12T02:21:22.347+0000] {processor.py:840} INFO - DAG(s) 'example_task_group_decorator' retrieved from /home/airflow/.local/lib/python3.8/site-packages/airflow/example_dags/example_task_group_decorator.py
[2026-03-12T02:21:22.361+0000] {logging_mixin.py:188} INFO - [2026-03-12T02:21:22.361+0000] {dag.py:3036} INFO - Sync 1 DAGs
[2026-03-12T02:21:22.369+0000] {logging_mixin.py:188} INFO - [2026-03-12T02:21:22.369+0000] {dag.py:3823} INFO - Setting next_dagrun for example_task_group_decorator to 2026-03-11 00:00:00+00:00, run_after=2026-03-12 00:00:00+00:00
[2026-03-12T02:21:22.383+0000] {processor.py:183} INFO - Processing /home/airflow/.local/lib/python3.8/site-packages/airflow/example_dags/example_task_group_decorator.py took 0.049 seconds
[2026-03-12T02:21:52.832+0000] {processor.py:161} INFO - Started process (PID=1086) to work on /home/airflow/.local/lib/python3.8/site-packages/airflow/example_dags/example_task_group_decorator.py
[2026-03-12T02:21:52.833+0000] {processor.py:830} INFO - Processing file /home/airflow/.local/lib/python3.8/site-packages/airflow/example_dags/example_task_group_decorator.py for tasks to queue
[2026-03-12T02:21:52.834+0000] {logging_mixin.py:188} INFO - [2026-03-12T02:21:52.834+0000] {dagbag.py:538} INFO - Filling up the DagBag from /home/airflow/.local/lib/python3.8/site-packages/airflow/example_dags/example_task_group_decorator.py
[2026-03-12T02:21:52.842+0000] {processor.py:840} INFO - DAG(s) 'example_task_group_decorator' retrieved from /home/airflow/.local/lib/python3.8/site-packages/airflow/example_dags/example_task_group_decorator.py
[2026-03-12T02:21:52.856+0000] {logging_mixin.py:188} INFO - [2026-03-12T02:21:52.856+0000] {dag.py:3036} INFO - Sync 1 DAGs
[2026-03-12T02:21:52.866+0000] {logging_mixin.py:188} INFO - [2026-03-12T02:21:52.865+0000] {dag.py:3823} INFO - Setting next_dagrun for example_task_group_decorator to 2026-03-11 00:00:00+00:00, run_after=2026-03-12 00:00:00+00:00
[2026-03-12T02:21:52.873+0000] {processor.py:183} INFO - Processing /home/airflow/.local/lib/python3.8/site-packages/airflow/example_dags/example_task_group_decorator.py took 0.042 seconds
[2026-03-12T02:22:23.178+0000] {processor.py:161} INFO - Started process (PID=1162) to work on /home/airflow/.local/lib/python3.8/site-packages/airflow/example_dags/example_task_group_decorator.py
[2026-03-12T02:22:23.178+0000] {processor.py:830} INFO - Processing file /home/airflow/.local/lib/python3.8/site-packages/airflow/example_dags/example_task_group_decorator.py for tasks to queue
[2026-03-12T02:22:23.180+0000] {logging_mixin.py:188} INFO - [2026-03-12T02:22:23.179+0000] {dagbag.py:538} INFO - Filling up the DagBag from /home/airflow/.local/lib/python3.8/site-packages/airflow/example_dags/example_task_group_decorator.py
[2026-03-12T02:22:23.187+0000] {processor.py:840} INFO - DAG(s) 'example_task_group_decorator' retrieved from /home/airflow/.local/lib/python3.8/site-packages/airflow/example_dags/example_task_group_decorator.py
[2026-03-12T02:22:23.198+0000] {logging_mixin.py:188} INFO - [2026-03-12T02:22:23.198+0000] {dag.py:3036} INFO - Sync 1 DAGs
[2026-03-12T02:22:23.207+0000] {logging_mixin.py:188} INFO - [2026-03-12T02:22:23.207+0000] {dag.py:3823} INFO - Setting next_dagrun for example_task_group_decorator to 2026-03-11 00:00:00+00:00, run_after=2026-03-12 00:00:00+00:00
[2026-03-12T02:22:23.220+0000] {processor.py:183} INFO - Processing /home/airflow/.local/lib/python3.8/site-packages/airflow/example_dags/example_task_group_decorator.py took 0.044 seconds
[2026-03-12T02:22:54.387+0000] {processor.py:161} INFO - Started process (PID=1238) to work on /home/airflow/.local/lib/python3.8/site-packages/airflow/example_dags/example_task_group_decorator.py
[2026-03-12T02:22:54.387+0000] {processor.py:830} INFO - Processing file /home/airflow/.local/lib/python3.8/site-packages/airflow/example_dags/example_task_group_decorator.py for tasks to queue
[2026-03-12T02:22:54.388+0000] {logging_mixin.py:188} INFO - [2026-03-12T02:22:54.388+0000] {dagbag.py:538} INFO - Filling up the DagBag from /home/airflow/.local/lib/python3.8/site-packages/airflow/example_dags/example_task_group_decorator.py
[2026-03-12T02:22:54.394+0000] {processor.py:840} INFO - DAG(s) 'example_task_group_decorator' retrieved from /home/airflow/.local/lib/python3.8/site-packages/airflow/example_dags/example_task_group_decorator.py
[2026-03-12T02:22:54.408+0000] {logging_mixin.py:188} INFO - [2026-03-12T02:22:54.408+0000] {dag.py:3036} INFO - Sync 1 DAGs
[2026-03-12T02:22:54.420+0000] {logging_mixin.py:188} INFO - [2026-03-12T02:22:54.420+0000] {dag.py:3823} INFO - Setting next_dagrun for example_task_group_decorator to 2026-03-11 00:00:00+00:00, run_after=2026-03-12 00:00:00+00:00
[2026-03-12T02:22:54.433+0000] {processor.py:183} INFO - Processing /home/airflow/.local/lib/python3.8/site-packages/airflow/example_dags/example_task_group_decorator.py took 0.048 seconds
[2026-03-12T02:23:25.539+0000] {processor.py:161} INFO - Started process (PID=1314) to work on /home/airflow/.local/lib/python3.8/site-packages/airflow/example_dags/example_task_group_decorator.py
[2026-03-12T02:23:25.540+0000] {processor.py:830} INFO - Processing file /home/airflow/.local/lib/python3.8/site-packages/airflow/example_dags/example_task_group_decorator.py for tasks to queue
[2026-03-12T02:23:25.542+0000] {logging_mixin.py:188} INFO - [2026-03-12T02:23:25.541+0000] {dagbag.py:538} INFO - Filling up the DagBag from /home/airflow/.local/lib/python3.8/site-packages/airflow/example_dags/example_task_group_decorator.py
[2026-03-12T02:23:25.549+0000] {processor.py:840} INFO - DAG(s) 'example_task_group_decorator' retrieved from /home/airflow/.local/lib/python3.8/site-packages/airflow/example_dags/example_task_group_decorator.py
[2026-03-12T02:23:25.563+0000] {logging_mixin.py:188} INFO - [2026-03-12T02:23:25.563+0000] {dag.py:3036} INFO - Sync 1 DAGs
[2026-03-12T02:23:25.572+0000] {logging_mixin.py:188} INFO - [2026-03-12T02:23:25.572+0000] {dag.py:3823} INFO - Setting next_dagrun for example_task_group_decorator to 2026-03-11 00:00:00+00:00, run_after=2026-03-12 00:00:00+00:00
[2026-03-12T02:23:25.579+0000] {processor.py:183} INFO - Processing /home/airflow/.local/lib/python3.8/site-packages/airflow/example_dags/example_task_group_decorator.py took 0.042 seconds
[2026-03-12T02:23:56.731+0000] {processor.py:161} INFO - Started process (PID=1390) to work on /home/airflow/.local/lib/python3.8/site-packages/airflow/example_dags/example_task_group_decorator.py
[2026-03-12T02:23:56.733+0000] {processor.py:830} INFO - Processing file /home/airflow/.local/lib/python3.8/site-packages/airflow/example_dags/example_task_group_decorator.py for tasks to queue
[2026-03-12T02:23:56.734+0000] {logging_mixin.py:188} INFO - [2026-03-12T02:23:56.734+0000] {dagbag.py:538} INFO - Filling up the DagBag from /home/airflow/.local/lib/python3.8/site-packages/airflow/example_dags/example_task_group_decorator.py
[2026-03-12T02:23:56.739+0000] {processor.py:840} INFO - DAG(s) 'example_task_group_decorator' retrieved from /home/airflow/.local/lib/python3.8/site-packages/airflow/example_dags/example_task_group_decorator.py
[2026-03-12T02:23:56.757+0000] {logging_mixin.py:188} INFO - [2026-03-12T02:23:56.757+0000] {dag.py:3036} INFO - Sync 1 DAGs
[2026-03-12T02:23:56.768+0000] {logging_mixin.py:188} INFO - [2026-03-12T02:23:56.768+0000] {dag.py:3823} INFO - Setting next_dagrun for example_task_group_decorator to 2026-03-11 00:00:00+00:00, run_after=2026-03-12 00:00:00+00:00
[2026-03-12T02:23:56.775+0000] {processor.py:183} INFO - Processing /home/airflow/.local/lib/python3.8/site-packages/airflow/example_dags/example_task_group_decorator.py took 0.045 seconds
[2026-03-12T02:24:27.155+0000] {processor.py:161} INFO - Started process (PID=1466) to work on /home/airflow/.local/lib/python3.8/site-packages/airflow/example_dags/example_task_group_decorator.py
[2026-03-12T02:24:27.155+0000] {processor.py:830} INFO - Processing file /home/airflow/.local/lib/python3.8/site-packages/airflow/example_dags/example_task_group_decorator.py for tasks to queue
[2026-03-12T02:24:27.156+0000] {logging_mixin.py:188} INFO - [2026-03-12T02:24:27.156+0000] {dagbag.py:538} INFO - Filling up the DagBag from /home/airflow/.local/lib/python3.8/site-packages/airflow/example_dags/example_task_group_decorator.py
[2026-03-12T02:24:27.161+0000] {processor.py:840} INFO - DAG(s) 'example_task_group_decorator' retrieved from /home/airflow/.local/lib/python3.8/site-packages/airflow/example_dags/example_task_group_decorator.py
[2026-03-12T02:24:27.170+0000] {logging_mixin.py:188} INFO - [2026-03-12T02:24:27.170+0000] {dag.py:3036} INFO - Sync 1 DAGs
[2026-03-12T02:24:27.178+0000] {logging_mixin.py:188} INFO - [2026-03-12T02:24:27.178+0000] {dag.py:3823} INFO - Setting next_dagrun for example_task_group_decorator to 2026-03-11 00:00:00+00:00, run_after=2026-03-12 00:00:00+00:00
[2026-03-12T02:24:27.184+0000] {processor.py:183} INFO - Processing /home/airflow/.local/lib/python3.8/site-packages/airflow/example_dags/example_task_group_decorator.py took 0.031 seconds
[2026-03-12T02:24:57.859+0000] {processor.py:161} INFO - Started process (PID=1542) to work on /home/airflow/.local/lib/python3.8/site-packages/airflow/example_dags/example_task_group_decorator.py
[2026-03-12T02:24:57.859+0000] {processor.py:830} INFO - Processing file /home/airflow/.local/lib/python3.8/site-packages/airflow/example_dags/example_task_group_decorator.py for tasks to queue
[2026-03-12T02:24:57.860+0000] {logging_mixin.py:188} INFO - [2026-03-12T02:24:57.860+0000] {dagbag.py:538} INFO - Filling up the DagBag from /home/airflow/.local/lib/python3.8/site-packages/airflow/example_dags/example_task_group_decorator.py
[2026-03-12T02:24:57.866+0000] {processor.py:840} INFO - DAG(s) 'example_task_group_decorator' retrieved from /home/airflow/.local/lib/python3.8/site-packages/airflow/example_dags/example_task_group_decorator.py
[2026-03-12T02:24:57.875+0000] {logging_mixin.py:188} INFO - [2026-03-12T02:24:57.875+0000] {dag.py:3036} INFO - Sync 1 DAGs
[2026-03-12T02:24:57.885+0000] {logging_mixin.py:188} INFO - [2026-03-12T02:24:57.885+0000] {dag.py:3823} INFO - Setting next_dagrun for example_task_group_decorator to 2026-03-11 00:00:00+00:00, run_after=2026-03-12 00:00:00+00:00
[2026-03-12T02:24:57.897+0000] {processor.py:183} INFO - Processing /home/airflow/.local/lib/python3.8/site-packages/airflow/example_dags/example_task_group_decorator.py took 0.039 seconds
[2026-03-12T02:25:28.668+0000] {processor.py:161} INFO - Started process (PID=1618) to work on /home/airflow/.local/lib/python3.8/site-packages/airflow/example_dags/example_task_group_decorator.py
[2026-03-12T02:25:28.669+0000] {processor.py:830} INFO - Processing file /home/airflow/.local/lib/python3.8/site-packages/airflow/example_dags/example_task_group_decorator.py for tasks to queue
[2026-03-12T02:25:28.670+0000] {logging_mixin.py:188} INFO - [2026-03-12T02:25:28.670+0000] {dagbag.py:538} INFO - Filling up the DagBag from /home/airflow/.local/lib/python3.8/site-packages/airflow/example_dags/example_task_group_decorator.py
[2026-03-12T02:25:28.678+0000] {processor.py:840} INFO - DAG(s) 'example_task_group_decorator' retrieved from /home/airflow/.local/lib/python3.8/site-packages/airflow/example_dags/example_task_group_decorator.py
[2026-03-12T02:25:28.690+0000] {logging_mixin.py:188} INFO - [2026-03-12T02:25:28.690+0000] {dag.py:3036} INFO - Sync 1 DAGs
[2026-03-12T02:25:28.698+0000] {logging_mixin.py:188} INFO - [2026-03-12T02:25:28.698+0000] {dag.py:3823} INFO - Setting next_dagrun for example_task_group_decorator to 2026-03-11 00:00:00+00:00, run_after=2026-03-12 00:00:00+00:00
[2026-03-12T02:25:28.704+0000] {processor.py:183} INFO - Processing /home/airflow/.local/lib/python3.8/site-packages/airflow/example_dags/example_task_group_decorator.py took 0.037 seconds
[2026-03-12T02:25:59.423+0000] {processor.py:161} INFO - Started process (PID=1694) to work on /home/airflow/.local/lib/python3.8/site-packages/airflow/example_dags/example_task_group_decorator.py
[2026-03-12T02:25:59.424+0000] {processor.py:830} INFO - Processing file /home/airflow/.local/lib/python3.8/site-packages/airflow/example_dags/example_task_group_decorator.py for tasks to queue
[2026-03-12T02:25:59.425+0000] {logging_mixin.py:188} INFO - [2026-03-12T02:25:59.425+0000] {dagbag.py:538} INFO - Filling up the DagBag from /home/airflow/.local/lib/python3.8/site-packages/airflow/example_dags/example_task_group_decorator.py
[2026-03-12T02:25:59.433+0000] {processor.py:840} INFO - DAG(s) 'example_task_group_decorator' retrieved from /home/airflow/.local/lib/python3.8/site-packages/airflow/example_dags/example_task_group_decorator.py
[2026-03-12T02:25:59.441+0000] {logging_mixin.py:188} INFO - [2026-03-12T02:25:59.441+0000] {dag.py:3036} INFO - Sync 1 DAGs
[2026-03-12T02:25:59.451+0000] {logging_mixin.py:188} INFO - [2026-03-12T02:25:59.451+0000] {dag.py:3823} INFO - Setting next_dagrun for example_task_group_decorator to 2026-03-11 00:00:00+00:00, run_after=2026-03-12 00:00:00+00:00
[2026-03-12T02:25:59.461+0000] {processor.py:183} INFO - Processing /home/airflow/.local/lib/python3.8/site-packages/airflow/example_dags/example_task_group_decorator.py took 0.040 seconds
[2026-03-12T02:26:30.247+0000] {processor.py:161} INFO - Started process (PID=1770) to work on /home/airflow/.local/lib/python3.8/site-packages/airflow/example_dags/example_task_group_decorator.py
[2026-03-12T02:26:30.248+0000] {processor.py:830} INFO - Processing file /home/airflow/.local/lib/python3.8/site-packages/airflow/example_dags/example_task_group_decorator.py for tasks to queue
[2026-03-12T02:26:30.249+0000] {logging_mixin.py:188} INFO - [2026-03-12T02:26:30.248+0000] {dagbag.py:538} INFO - Filling up the DagBag from /home/airflow/.local/lib/python3.8/site-packages/airflow/example_dags/example_task_group_decorator.py
[2026-03-12T02:26:30.254+0000] {processor.py:840} INFO - DAG(s) 'example_task_group_decorator' retrieved from /home/airflow/.local/lib/python3.8/site-packages/airflow/example_dags/example_task_group_decorator.py
[2026-03-12T02:26:30.268+0000] {logging_mixin.py:188} INFO - [2026-03-12T02:26:30.268+0000] {dag.py:3036} INFO - Sync 1 DAGs
[2026-03-12T02:26:30.276+0000] {logging_mixin.py:188} INFO - [2026-03-12T02:26:30.276+0000] {dag.py:3823} INFO - Setting next_dagrun for example_task_group_decorator to 2026-03-11 00:00:00+00:00, run_after=2026-03-12 00:00:00+00:00
[2026-03-12T02:26:30.285+0000] {processor.py:183} INFO - Processing /home/airflow/.local/lib/python3.8/site-packages/airflow/example_dags/example_task_group_decorator.py took 0.039 seconds
[2026-03-12T02:27:00.969+0000] {processor.py:161} INFO - Started process (PID=1846) to work on /home/airflow/.local/lib/python3.8/site-packages/airflow/example_dags/example_task_group_decorator.py
[2026-03-12T02:27:00.969+0000] {processor.py:830} INFO - Processing file /home/airflow/.local/lib/python3.8/site-packages/airflow/example_dags/example_task_group_decorator.py for tasks to queue
[2026-03-12T02:27:00.970+0000] {logging_mixin.py:188} INFO - [2026-03-12T02:27:00.970+0000] {dagbag.py:538} INFO - Filling up the DagBag from /home/airflow/.local/lib/python3.8/site-packages/airflow/example_dags/example_task_group_decorator.py
[2026-03-12T02:27:00.975+0000] {processor.py:840} INFO - DAG(s) 'example_task_group_decorator' retrieved from /home/airflow/.local/lib/python3.8/site-packages/airflow/example_dags/example_task_group_decorator.py
[2026-03-12T02:27:00.985+0000] {logging_mixin.py:188} INFO - [2026-03-12T02:27:00.985+0000] {dag.py:3036} INFO - Sync 1 DAGs
[2026-03-12T02:27:00.993+0000] {logging_mixin.py:188} INFO - [2026-03-12T02:27:00.993+0000] {dag.py:3823} INFO - Setting next_dagrun for example_task_group_decorator to 2026-03-11 00:00:00+00:00, run_after=2026-03-12 00:00:00+00:00
[2026-03-12T02:27:00.999+0000] {processor.py:183} INFO - Processing /home/airflow/.local/lib/python3.8/site-packages/airflow/example_dags/example_task_group_decorator.py took 0.032 seconds
[2026-03-12T02:27:31.802+0000] {processor.py:161} INFO - Started process (PID=1922) to work on /home/airflow/.local/lib/python3.8/site-packages/airflow/example_dags/example_task_group_decorator.py
[2026-03-12T02:27:31.803+0000] {processor.py:830} INFO - Processing file /home/airflow/.local/lib/python3.8/site-packages/airflow/example_dags/example_task_group_decorator.py for tasks to queue
[2026-03-12T02:27:31.804+0000] {logging_mixin.py:188} INFO - [2026-03-12T02:27:31.804+0000] {dagbag.py:538} INFO - Filling up the DagBag from /home/airflow/.local/lib/python3.8/site-packages/airflow/example_dags/example_task_group_decorator.py
[2026-03-12T02:27:31.810+0000] {processor.py:840} INFO - DAG(s) 'example_task_group_decorator' retrieved from /home/airflow/.local/lib/python3.8/site-packages/airflow/example_dags/example_task_group_decorator.py
[2026-03-12T02:27:31.819+0000] {logging_mixin.py:188} INFO - [2026-03-12T02:27:31.818+0000] {dag.py:3036} INFO - Sync 1 DAGs
[2026-03-12T02:27:31.826+0000] {logging_mixin.py:188} INFO - [2026-03-12T02:27:31.826+0000] {dag.py:3823} INFO - Setting next_dagrun for example_task_group_decorator to 2026-03-11 00:00:00+00:00, run_after=2026-03-12 00:00:00+00:00
[2026-03-12T02:27:31.832+0000] {processor.py:183} INFO - Processing /home/airflow/.local/lib/python3.8/site-packages/airflow/example_dags/example_task_group_decorator.py took 0.031 seconds
[2026-03-12T02:28:02.552+0000] {processor.py:161} INFO - Started process (PID=1998) to work on /home/airflow/.local/lib/python3.8/site-packages/airflow/example_dags/example_task_group_decorator.py
[2026-03-12T02:28:02.553+0000] {processor.py:830} INFO - Processing file /home/airflow/.local/lib/python3.8/site-packages/airflow/example_dags/example_task_group_decorator.py for tasks to queue
[2026-03-12T02:28:02.554+0000] {logging_mixin.py:188} INFO - [2026-03-12T02:28:02.554+0000] {dagbag.py:538} INFO - Filling up the DagBag from /home/airflow/.local/lib/python3.8/site-packages/airflow/example_dags/example_task_group_decorator.py
[2026-03-12T02:28:02.560+0000] {processor.py:840} INFO - DAG(s) 'example_task_group_decorator' retrieved from /home/airflow/.local/lib/python3.8/site-packages/airflow/example_dags/example_task_group_decorator.py
[2026-03-12T02:28:02.577+0000] {logging_mixin.py:188} INFO - [2026-03-12T02:28:02.577+0000] {dag.py:3036} INFO - Sync 1 DAGs
[2026-03-12T02:28:02.586+0000] {logging_mixin.py:188} INFO - [2026-03-12T02:28:02.586+0000] {dag.py:3823} INFO - Setting next_dagrun for example_task_group_decorator to 2026-03-11 00:00:00+00:00, run_after=2026-03-12 00:00:00+00:00
[2026-03-12T02:28:02.598+0000] {processor.py:183} INFO - Processing /home/airflow/.local/lib/python3.8/site-packages/airflow/example_dags/example_task_group_decorator.py took 0.048 seconds
[2026-03-12T02:28:33.279+0000] {processor.py:161} INFO - Started process (PID=2074) to work on /home/airflow/.local/lib/python3.8/site-packages/airflow/example_dags/example_task_group_decorator.py
[2026-03-12T02:28:33.280+0000] {processor.py:830} INFO - Processing file /home/airflow/.local/lib/python3.8/site-packages/airflow/example_dags/example_task_group_decorator.py for tasks to queue
[2026-03-12T02:28:33.281+0000] {logging_mixin.py:188} INFO - [2026-03-12T02:28:33.281+0000] {dagbag.py:538} INFO - Filling up the DagBag from /home/airflow/.local/lib/python3.8/site-packages/airflow/example_dags/example_task_group_decorator.py
[2026-03-12T02:28:33.287+0000] {processor.py:840} INFO - DAG(s) 'example_task_group_decorator' retrieved from /home/airflow/.local/lib/python3.8/site-packages/airflow/example_dags/example_task_group_decorator.py
[2026-03-12T02:28:33.296+0000] {logging_mixin.py:188} INFO - [2026-03-12T02:28:33.296+0000] {dag.py:3036} INFO - Sync 1 DAGs
[2026-03-12T02:28:33.303+0000] {logging_mixin.py:188} INFO - [2026-03-12T02:28:33.303+0000] {dag.py:3823} INFO - Setting next_dagrun for example_task_group_decorator to 2026-03-11 00:00:00+00:00, run_after=2026-03-12 00:00:00+00:00
[2026-03-12T02:28:33.310+0000] {processor.py:183} INFO - Processing /home/airflow/.local/lib/python3.8/site-packages/airflow/example_dags/example_task_group_decorator.py took 0.032 seconds
[2026-03-12T02:29:04.238+0000] {processor.py:161} INFO - Started process (PID=2150) to work on /home/airflow/.local/lib/python3.8/site-packages/airflow/example_dags/example_task_group_decorator.py
[2026-03-12T02:29:04.239+0000] {processor.py:830} INFO - Processing file /home/airflow/.local/lib/python3.8/site-packages/airflow/example_dags/example_task_group_decorator.py for tasks to queue
[2026-03-12T02:29:04.240+0000] {logging_mixin.py:188} INFO - [2026-03-12T02:29:04.239+0000] {dagbag.py:538} INFO - Filling up the DagBag from /home/airflow/.local/lib/python3.8/site-packages/airflow/example_dags/example_task_group_decorator.py
[2026-03-12T02:29:04.247+0000] {processor.py:840} INFO - DAG(s) 'example_task_group_decorator' retrieved from /home/airflow/.local/lib/python3.8/site-packages/airflow/example_dags/example_task_group_decorator.py
[2026-03-12T02:29:04.258+0000] {logging_mixin.py:188} INFO - [2026-03-12T02:29:04.258+0000] {dag.py:3036} INFO - Sync 1 DAGs
[2026-03-12T02:29:04.268+0000] {logging_mixin.py:188} INFO - [2026-03-12T02:29:04.268+0000] {dag.py:3823} INFO - Setting next_dagrun for example_task_group_decorator to 2026-03-11 00:00:00+00:00, run_after=2026-03-12 00:00:00+00:00
[2026-03-12T02:29:04.275+0000] {processor.py:183} INFO - Processing /home/airflow/.local/lib/python3.8/site-packages/airflow/example_dags/example_task_group_decorator.py took 0.039 seconds
[2026-03-12T02:29:35.257+0000] {processor.py:161} INFO - Started process (PID=2226) to work on /home/airflow/.local/lib/python3.8/site-packages/airflow/example_dags/example_task_group_decorator.py
[2026-03-12T02:29:35.258+0000] {processor.py:830} INFO - Processing file /home/airflow/.local/lib/python3.8/site-packages/airflow/example_dags/example_task_group_decorator.py for tasks to queue
[2026-03-12T02:29:35.258+0000] {logging_mixin.py:188} INFO - [2026-03-12T02:29:35.258+0000] {dagbag.py:538} INFO - Filling up the DagBag from /home/airflow/.local/lib/python3.8/site-packages/airflow/example_dags/example_task_group_decorator.py
[2026-03-12T02:29:35.264+0000] {processor.py:840} INFO - DAG(s) 'example_task_group_decorator' retrieved from /home/airflow/.local/lib/python3.8/site-packages/airflow/example_dags/example_task_group_decorator.py
[2026-03-12T02:29:35.274+0000] {logging_mixin.py:188} INFO - [2026-03-12T02:29:35.274+0000] {dag.py:3036} INFO - Sync 1 DAGs
[2026-03-12T02:29:35.284+0000] {logging_mixin.py:188} INFO - [2026-03-12T02:29:35.284+0000] {dag.py:3823} INFO - Setting next_dagrun for example_task_group_decorator to 2026-03-11 00:00:00+00:00, run_after=2026-03-12 00:00:00+00:00
[2026-03-12T02:29:35.296+0000] {processor.py:183} INFO - Processing /home/airflow/.local/lib/python3.8/site-packages/airflow/example_dags/example_task_group_decorator.py took 0.040 seconds
[2026-03-12T02:30:06.367+0000] {processor.py:161} INFO - Started process (PID=2302) to work on /home/airflow/.local/lib/python3.8/site-packages/airflow/example_dags/example_task_group_decorator.py
[2026-03-12T02:30:06.368+0000] {processor.py:830} INFO - Processing file /home/airflow/.local/lib/python3.8/site-packages/airflow/example_dags/example_task_group_decorator.py for tasks to queue
[2026-03-12T02:30:06.369+0000] {logging_mixin.py:188} INFO - [2026-03-12T02:30:06.368+0000] {dagbag.py:538} INFO - Filling up the DagBag from /home/airflow/.local/lib/python3.8/site-packages/airflow/example_dags/example_task_group_decorator.py
[2026-03-12T02:30:06.374+0000] {processor.py:840} INFO - DAG(s) 'example_task_group_decorator' retrieved from /home/airflow/.local/lib/python3.8/site-packages/airflow/example_dags/example_task_group_decorator.py
[2026-03-12T02:30:06.383+0000] {logging_mixin.py:188} INFO - [2026-03-12T02:30:06.383+0000] {dag.py:3036} INFO - Sync 1 DAGs
[2026-03-12T02:30:06.391+0000] {logging_mixin.py:188} INFO - [2026-03-12T02:30:06.391+0000] {dag.py:3823} INFO - Setting next_dagrun for example_task_group_decorator to 2026-03-11 00:00:00+00:00, run_after=2026-03-12 00:00:00+00:00
[2026-03-12T02:30:06.398+0000] {processor.py:183} INFO - Processing /home/airflow/.local/lib/python3.8/site-packages/airflow/example_dags/example_task_group_decorator.py took 0.032 seconds
[2026-03-12T02:30:37.273+0000] {processor.py:161} INFO - Started process (PID=2378) to work on /home/airflow/.local/lib/python3.8/site-packages/airflow/example_dags/example_task_group_decorator.py
[2026-03-12T02:30:37.273+0000] {processor.py:830} INFO - Processing file /home/airflow/.local/lib/python3.8/site-packages/airflow/example_dags/example_task_group_decorator.py for tasks to queue
[2026-03-12T02:30:37.274+0000] {logging_mixin.py:188} INFO - [2026-03-12T02:30:37.274+0000] {dagbag.py:538} INFO - Filling up the DagBag from /home/airflow/.local/lib/python3.8/site-packages/airflow/example_dags/example_task_group_decorator.py
[2026-03-12T02:30:37.281+0000] {processor.py:840} INFO - DAG(s) 'example_task_group_decorator' retrieved from /home/airflow/.local/lib/python3.8/site-packages/airflow/example_dags/example_task_group_decorator.py
[2026-03-12T02:30:37.295+0000] {logging_mixin.py:188} INFO - [2026-03-12T02:30:37.295+0000] {dag.py:3036} INFO - Sync 1 DAGs
[2026-03-12T02:30:37.304+0000] {logging_mixin.py:188} INFO - [2026-03-12T02:30:37.304+0000] {dag.py:3823} INFO - Setting next_dagrun for example_task_group_decorator to 2026-03-11 00:00:00+00:00, run_after=2026-03-12 00:00:00+00:00
[2026-03-12T02:30:37.310+0000] {processor.py:183} INFO - Processing /home/airflow/.local/lib/python3.8/site-packages/airflow/example_dags/example_task_group_decorator.py took 0.039 seconds
[2026-03-12T02:31:08.291+0000] {processor.py:161} INFO - Started process (PID=2454) to work on /home/airflow/.local/lib/python3.8/site-packages/airflow/example_dags/example_task_group_decorator.py
[2026-03-12T02:31:08.292+0000] {processor.py:830} INFO - Processing file /home/airflow/.local/lib/python3.8/site-packages/airflow/example_dags/example_task_group_decorator.py for tasks to queue
[2026-03-12T02:31:08.293+0000] {logging_mixin.py:188} INFO - [2026-03-12T02:31:08.292+0000] {dagbag.py:538} INFO - Filling up the DagBag from /home/airflow/.local/lib/python3.8/site-packages/airflow/example_dags/example_task_group_decorator.py
[2026-03-12T02:31:08.298+0000] {processor.py:840} INFO - DAG(s) 'example_task_group_decorator' retrieved from /home/airflow/.local/lib/python3.8/site-packages/airflow/example_dags/example_task_group_decorator.py
[2026-03-12T02:31:08.310+0000] {logging_mixin.py:188} INFO - [2026-03-12T02:31:08.310+0000] {dag.py:3036} INFO - Sync 1 DAGs
[2026-03-12T02:31:08.322+0000] {logging_mixin.py:188} INFO - [2026-03-12T02:31:08.322+0000] {dag.py:3823} INFO - Setting next_dagrun for example_task_group_decorator to 2026-03-11 00:00:00+00:00, run_after=2026-03-12 00:00:00+00:00
[2026-03-12T02:31:08.331+0000] {processor.py:183} INFO - Processing /home/airflow/.local/lib/python3.8/site-packages/airflow/example_dags/example_task_group_decorator.py took 0.042 seconds
[2026-03-12T02:31:39.232+0000] {processor.py:161} INFO - Started process (PID=2530) to work on /home/airflow/.local/lib/python3.8/site-packages/airflow/example_dags/example_task_group_decorator.py
[2026-03-12T02:31:39.233+0000] {processor.py:830} INFO - Processing file /home/airflow/.local/lib/python3.8/site-packages/airflow/example_dags/example_task_group_decorator.py for tasks to queue
[2026-03-12T02:31:39.234+0000] {logging_mixin.py:188} INFO - [2026-03-12T02:31:39.234+0000] {dagbag.py:538} INFO - Filling up the DagBag from /home/airflow/.local/lib/python3.8/site-packages/airflow/example_dags/example_task_group_decorator.py
[2026-03-12T02:31:39.240+0000] {processor.py:840} INFO - DAG(s) 'example_task_group_decorator' retrieved from /home/airflow/.local/lib/python3.8/site-packages/airflow/example_dags/example_task_group_decorator.py
[2026-03-12T02:31:39.249+0000] {logging_mixin.py:188} INFO - [2026-03-12T02:31:39.249+0000] {dag.py:3036} INFO - Sync 1 DAGs
[2026-03-12T02:31:39.256+0000] {logging_mixin.py:188} INFO - [2026-03-12T02:31:39.256+0000] {dag.py:3823} INFO - Setting next_dagrun for example_task_group_decorator to 2026-03-11 00:00:00+00:00, run_after=2026-03-12 00:00:00+00:00
[2026-03-12T02:31:39.262+0000] {processor.py:183} INFO - Processing /home/airflow/.local/lib/python3.8/site-packages/airflow/example_dags/example_task_group_decorator.py took 0.032 seconds
[2026-03-12T02:32:10.309+0000] {processor.py:161} INFO - Started process (PID=2612) to work on /home/airflow/.local/lib/python3.8/site-packages/airflow/example_dags/example_task_group_decorator.py
[2026-03-12T02:32:10.310+0000] {processor.py:830} INFO - Processing file /home/airflow/.local/lib/python3.8/site-packages/airflow/example_dags/example_task_group_decorator.py for tasks to queue
[2026-03-12T02:32:10.311+0000] {logging_mixin.py:188} INFO - [2026-03-12T02:32:10.311+0000] {dagbag.py:538} INFO - Filling up the DagBag from /home/airflow/.local/lib/python3.8/site-packages/airflow/example_dags/example_task_group_decorator.py
[2026-03-12T02:32:10.316+0000] {processor.py:840} INFO - DAG(s) 'example_task_group_decorator' retrieved from /home/airflow/.local/lib/python3.8/site-packages/airflow/example_dags/example_task_group_decorator.py
[2026-03-12T02:32:10.328+0000] {logging_mixin.py:188} INFO - [2026-03-12T02:32:10.328+0000] {dag.py:3036} INFO - Sync 1 DAGs
[2026-03-12T02:32:10.338+0000] {logging_mixin.py:188} INFO - [2026-03-12T02:32:10.338+0000] {dag.py:3823} INFO - Setting next_dagrun for example_task_group_decorator to 2026-03-11 00:00:00+00:00, run_after=2026-03-12 00:00:00+00:00
[2026-03-12T02:32:10.344+0000] {processor.py:183} INFO - Processing /home/airflow/.local/lib/python3.8/site-packages/airflow/example_dags/example_task_group_decorator.py took 0.036 seconds
[2026-03-12T02:32:41.987+0000] {processor.py:161} INFO - Started process (PID=2688) to work on /home/airflow/.local/lib/python3.8/site-packages/airflow/example_dags/example_task_group_decorator.py
[2026-03-12T02:32:41.988+0000] {processor.py:830} INFO - Processing file /home/airflow/.local/lib/python3.8/site-packages/airflow/example_dags/example_task_group_decorator.py for tasks to queue
[2026-03-12T02:32:41.989+0000] {logging_mixin.py:188} INFO - [2026-03-12T02:32:41.988+0000] {dagbag.py:538} INFO - Filling up the DagBag from /home/airflow/.local/lib/python3.8/site-packages/airflow/example_dags/example_task_group_decorator.py
[2026-03-12T02:32:41.997+0000] {processor.py:840} INFO - DAG(s) 'example_task_group_decorator' retrieved from /home/airflow/.local/lib/python3.8/site-packages/airflow/example_dags/example_task_group_decorator.py
[2026-03-12T02:32:42.024+0000] {logging_mixin.py:188} INFO - [2026-03-12T02:32:42.024+0000] {dag.py:3036} INFO - Sync 1 DAGs
[2026-03-12T02:32:42.037+0000] {logging_mixin.py:188} INFO - [2026-03-12T02:32:42.037+0000] {dag.py:3823} INFO - Setting next_dagrun for example_task_group_decorator to 2026-03-11 00:00:00+00:00, run_after=2026-03-12 00:00:00+00:00
[2026-03-12T02:32:42.045+0000] {processor.py:183} INFO - Processing /home/airflow/.local/lib/python3.8/site-packages/airflow/example_dags/example_task_group_decorator.py took 0.061 seconds
[2026-03-12T02:33:12.860+0000] {processor.py:161} INFO - Started process (PID=2764) to work on /home/airflow/.local/lib/python3.8/site-packages/airflow/example_dags/example_task_group_decorator.py
[2026-03-12T02:33:12.860+0000] {processor.py:830} INFO - Processing file /home/airflow/.local/lib/python3.8/site-packages/airflow/example_dags/example_task_group_decorator.py for tasks to queue
[2026-03-12T02:33:12.861+0000] {logging_mixin.py:188} INFO - [2026-03-12T02:33:12.861+0000] {dagbag.py:538} INFO - Filling up the DagBag from /home/airflow/.local/lib/python3.8/site-packages/airflow/example_dags/example_task_group_decorator.py
[2026-03-12T02:33:12.867+0000] {processor.py:840} INFO - DAG(s) 'example_task_group_decorator' retrieved from /home/airflow/.local/lib/python3.8/site-packages/airflow/example_dags/example_task_group_decorator.py
[2026-03-12T02:33:12.881+0000] {logging_mixin.py:188} INFO - [2026-03-12T02:33:12.881+0000] {dag.py:3036} INFO - Sync 1 DAGs
[2026-03-12T02:33:12.894+0000] {logging_mixin.py:188} INFO - [2026-03-12T02:33:12.894+0000] {dag.py:3823} INFO - Setting next_dagrun for example_task_group_decorator to 2026-03-11 00:00:00+00:00, run_after=2026-03-12 00:00:00+00:00
[2026-03-12T02:33:12.908+0000] {processor.py:183} INFO - Processing /home/airflow/.local/lib/python3.8/site-packages/airflow/example_dags/example_task_group_decorator.py took 0.050 seconds
[2026-03-12T02:33:43.884+0000] {processor.py:161} INFO - Started process (PID=2840) to work on /home/airflow/.local/lib/python3.8/site-packages/airflow/example_dags/example_task_group_decorator.py
[2026-03-12T02:33:43.885+0000] {processor.py:830} INFO - Processing file /home/airflow/.local/lib/python3.8/site-packages/airflow/example_dags/example_task_group_decorator.py for tasks to queue
[2026-03-12T02:33:43.885+0000] {logging_mixin.py:188} INFO - [2026-03-12T02:33:43.885+0000] {dagbag.py:538} INFO - Filling up the DagBag from /home/airflow/.local/lib/python3.8/site-packages/airflow/example_dags/example_task_group_decorator.py
[2026-03-12T02:33:43.892+0000] {processor.py:840} INFO - DAG(s) 'example_task_group_decorator' retrieved from /home/airflow/.local/lib/python3.8/site-packages/airflow/example_dags/example_task_group_decorator.py
[2026-03-12T02:33:43.985+0000] {logging_mixin.py:188} INFO - [2026-03-12T02:33:43.985+0000] {dag.py:3036} INFO - Sync 1 DAGs
[2026-03-12T02:33:43.997+0000] {logging_mixin.py:188} INFO - [2026-03-12T02:33:43.997+0000] {dag.py:3823} INFO - Setting next_dagrun for example_task_group_decorator to 2026-03-11 00:00:00+00:00, run_after=2026-03-12 00:00:00+00:00
[2026-03-12T02:33:44.004+0000] {processor.py:183} INFO - Processing /home/airflow/.local/lib/python3.8/site-packages/airflow/example_dags/example_task_group_decorator.py took 0.122 seconds
[2026-03-12T02:34:14.912+0000] {processor.py:161} INFO - Started process (PID=2916) to work on /home/airflow/.local/lib/python3.8/site-packages/airflow/example_dags/example_task_group_decorator.py
[2026-03-12T02:34:14.912+0000] {processor.py:830} INFO - Processing file /home/airflow/.local/lib/python3.8/site-packages/airflow/example_dags/example_task_group_decorator.py for tasks to queue
[2026-03-12T02:34:14.913+0000] {logging_mixin.py:188} INFO - [2026-03-12T02:34:14.913+0000] {dagbag.py:538} INFO - Filling up the DagBag from /home/airflow/.local/lib/python3.8/site-packages/airflow/example_dags/example_task_group_decorator.py
[2026-03-12T02:34:14.921+0000] {processor.py:840} INFO - DAG(s) 'example_task_group_decorator' retrieved from /home/airflow/.local/lib/python3.8/site-packages/airflow/example_dags/example_task_group_decorator.py
[2026-03-12T02:34:14.933+0000] {logging_mixin.py:188} INFO - [2026-03-12T02:34:14.933+0000] {dag.py:3036} INFO - Sync 1 DAGs
[2026-03-12T02:34:14.943+0000] {logging_mixin.py:188} INFO - [2026-03-12T02:34:14.943+0000] {dag.py:3823} INFO - Setting next_dagrun for example_task_group_decorator to 2026-03-11 00:00:00+00:00, run_after=2026-03-12 00:00:00+00:00
[2026-03-12T02:34:14.949+0000] {processor.py:183} INFO - Processing /home/airflow/.local/lib/python3.8/site-packages/airflow/example_dags/example_task_group_decorator.py took 0.039 seconds
[2026-03-12T02:34:45.787+0000] {processor.py:161} INFO - Started process (PID=2992) to work on /home/airflow/.local/lib/python3.8/site-packages/airflow/example_dags/example_task_group_decorator.py
[2026-03-12T02:34:45.788+0000] {processor.py:830} INFO - Processing file /home/airflow/.local/lib/python3.8/site-packages/airflow/example_dags/example_task_group_decorator.py for tasks to queue
[2026-03-12T02:34:45.789+0000] {logging_mixin.py:188} INFO - [2026-03-12T02:34:45.789+0000] {dagbag.py:538} INFO - Filling up the DagBag from /home/airflow/.local/lib/python3.8/site-packages/airflow/example_dags/example_task_group_decorator.py
[2026-03-12T02:34:45.799+0000] {processor.py:840} INFO - DAG(s) 'example_task_group_decorator' retrieved from /home/airflow/.local/lib/python3.8/site-packages/airflow/example_dags/example_task_group_decorator.py
[2026-03-12T02:34:45.812+0000] {logging_mixin.py:188} INFO - [2026-03-12T02:34:45.812+0000] {dag.py:3036} INFO - Sync 1 DAGs
[2026-03-12T02:34:45.822+0000] {logging_mixin.py:188} INFO - [2026-03-12T02:34:45.822+0000] {dag.py:3823} INFO - Setting next_dagrun for example_task_group_decorator to 2026-03-11 00:00:00+00:00, run_after=2026-03-12 00:00:00+00:00
[2026-03-12T02:34:45.832+0000] {processor.py:183} INFO - Processing /home/airflow/.local/lib/python3.8/site-packages/airflow/example_dags/example_task_group_decorator.py took 0.048 seconds
[2026-03-12T02:35:16.526+0000] {processor.py:161} INFO - Started process (PID=3068) to work on /home/airflow/.local/lib/python3.8/site-packages/airflow/example_dags/example_task_group_decorator.py
[2026-03-12T02:35:16.527+0000] {processor.py:830} INFO - Processing file /home/airflow/.local/lib/python3.8/site-packages/airflow/example_dags/example_task_group_decorator.py for tasks to queue
[2026-03-12T02:35:16.530+0000] {logging_mixin.py:188} INFO - [2026-03-12T02:35:16.530+0000] {dagbag.py:538} INFO - Filling up the DagBag from /home/airflow/.local/lib/python3.8/site-packages/airflow/example_dags/example_task_group_decorator.py
[2026-03-12T02:35:16.540+0000] {processor.py:840} INFO - DAG(s) 'example_task_group_decorator' retrieved from /home/airflow/.local/lib/python3.8/site-packages/airflow/example_dags/example_task_group_decorator.py
[2026-03-12T02:35:16.554+0000] {logging_mixin.py:188} INFO - [2026-03-12T02:35:16.554+0000] {dag.py:3036} INFO - Sync 1 DAGs
[2026-03-12T02:35:16.563+0000] {logging_mixin.py:188} INFO - [2026-03-12T02:35:16.563+0000] {dag.py:3823} INFO - Setting next_dagrun for example_task_group_decorator to 2026-03-11 00:00:00+00:00, run_after=2026-03-12 00:00:00+00:00
[2026-03-12T02:35:16.571+0000] {processor.py:183} INFO - Processing /home/airflow/.local/lib/python3.8/site-packages/airflow/example_dags/example_task_group_decorator.py took 0.047 seconds
[2026-03-12T02:35:47.320+0000] {processor.py:161} INFO - Started process (PID=3144) to work on /home/airflow/.local/lib/python3.8/site-packages/airflow/example_dags/example_task_group_decorator.py
[2026-03-12T02:35:47.322+0000] {processor.py:830} INFO - Processing file /home/airflow/.local/lib/python3.8/site-packages/airflow/example_dags/example_task_group_decorator.py for tasks to queue
[2026-03-12T02:35:47.324+0000] {logging_mixin.py:188} INFO - [2026-03-12T02:35:47.323+0000] {dagbag.py:538} INFO - Filling up the DagBag from /home/airflow/.local/lib/python3.8/site-packages/airflow/example_dags/example_task_group_decorator.py
[2026-03-12T02:35:47.334+0000] {processor.py:840} INFO - DAG(s) 'example_task_group_decorator' retrieved from /home/airflow/.local/lib/python3.8/site-packages/airflow/example_dags/example_task_group_decorator.py
[2026-03-12T02:35:47.352+0000] {logging_mixin.py:188} INFO - [2026-03-12T02:35:47.351+0000] {dag.py:3036} INFO - Sync 1 DAGs
[2026-03-12T02:35:47.362+0000] {logging_mixin.py:188} INFO - [2026-03-12T02:35:47.362+0000] {dag.py:3823} INFO - Setting next_dagrun for example_task_group_decorator to 2026-03-11 00:00:00+00:00, run_after=2026-03-12 00:00:00+00:00
[2026-03-12T02:35:47.369+0000] {processor.py:183} INFO - Processing /home/airflow/.local/lib/python3.8/site-packages/airflow/example_dags/example_task_group_decorator.py took 0.052 seconds
[2026-03-12T02:36:18.200+0000] {processor.py:161} INFO - Started process (PID=3220) to work on /home/airflow/.local/lib/python3.8/site-packages/airflow/example_dags/example_task_group_decorator.py
[2026-03-12T02:36:18.205+0000] {processor.py:830} INFO - Processing file /home/airflow/.local/lib/python3.8/site-packages/airflow/example_dags/example_task_group_decorator.py for tasks to queue
[2026-03-12T02:36:18.206+0000] {logging_mixin.py:188} INFO - [2026-03-12T02:36:18.206+0000] {dagbag.py:538} INFO - Filling up the DagBag from /home/airflow/.local/lib/python3.8/site-packages/airflow/example_dags/example_task_group_decorator.py
[2026-03-12T02:36:18.220+0000] {processor.py:840} INFO - DAG(s) 'example_task_group_decorator' retrieved from /home/airflow/.local/lib/python3.8/site-packages/airflow/example_dags/example_task_group_decorator.py
[2026-03-12T02:36:18.237+0000] {logging_mixin.py:188} INFO - [2026-03-12T02:36:18.237+0000] {dag.py:3036} INFO - Sync 1 DAGs
[2026-03-12T02:36:18.249+0000] {logging_mixin.py:188} INFO - [2026-03-12T02:36:18.249+0000] {dag.py:3823} INFO - Setting next_dagrun for example_task_group_decorator to 2026-03-11 00:00:00+00:00, run_after=2026-03-12 00:00:00+00:00
[2026-03-12T02:36:18.256+0000] {processor.py:183} INFO - Processing /home/airflow/.local/lib/python3.8/site-packages/airflow/example_dags/example_task_group_decorator.py took 0.058 seconds
[2026-03-12T02:36:48.795+0000] {processor.py:161} INFO - Started process (PID=3296) to work on /home/airflow/.local/lib/python3.8/site-packages/airflow/example_dags/example_task_group_decorator.py
[2026-03-12T02:36:48.796+0000] {processor.py:830} INFO - Processing file /home/airflow/.local/lib/python3.8/site-packages/airflow/example_dags/example_task_group_decorator.py for tasks to queue
[2026-03-12T02:36:48.799+0000] {logging_mixin.py:188} INFO - [2026-03-12T02:36:48.798+0000] {dagbag.py:538} INFO - Filling up the DagBag from /home/airflow/.local/lib/python3.8/site-packages/airflow/example_dags/example_task_group_decorator.py
[2026-03-12T02:36:48.813+0000] {processor.py:840} INFO - DAG(s) 'example_task_group_decorator' retrieved from /home/airflow/.local/lib/python3.8/site-packages/airflow/example_dags/example_task_group_decorator.py
[2026-03-12T02:36:48.831+0000] {logging_mixin.py:188} INFO - [2026-03-12T02:36:48.831+0000] {dag.py:3036} INFO - Sync 1 DAGs
[2026-03-12T02:36:48.842+0000] {logging_mixin.py:188} INFO - [2026-03-12T02:36:48.842+0000] {dag.py:3823} INFO - Setting next_dagrun for example_task_group_decorator to 2026-03-11 00:00:00+00:00, run_after=2026-03-12 00:00:00+00:00
[2026-03-12T02:36:48.849+0000] {processor.py:183} INFO - Processing /home/airflow/.local/lib/python3.8/site-packages/airflow/example_dags/example_task_group_decorator.py took 0.058 seconds
[2026-03-12T02:37:19.565+0000] {processor.py:161} INFO - Started process (PID=3372) to work on /home/airflow/.local/lib/python3.8/site-packages/airflow/example_dags/example_task_group_decorator.py
[2026-03-12T02:37:19.566+0000] {processor.py:830} INFO - Processing file /home/airflow/.local/lib/python3.8/site-packages/airflow/example_dags/example_task_group_decorator.py for tasks to queue
[2026-03-12T02:37:19.569+0000] {logging_mixin.py:188} INFO - [2026-03-12T02:37:19.569+0000] {dagbag.py:538} INFO - Filling up the DagBag from /home/airflow/.local/lib/python3.8/site-packages/airflow/example_dags/example_task_group_decorator.py
[2026-03-12T02:37:19.579+0000] {processor.py:840} INFO - DAG(s) 'example_task_group_decorator' retrieved from /home/airflow/.local/lib/python3.8/site-packages/airflow/example_dags/example_task_group_decorator.py
[2026-03-12T02:37:19.595+0000] {logging_mixin.py:188} INFO - [2026-03-12T02:37:19.595+0000] {dag.py:3036} INFO - Sync 1 DAGs
[2026-03-12T02:37:19.607+0000] {logging_mixin.py:188} INFO - [2026-03-12T02:37:19.607+0000] {dag.py:3823} INFO - Setting next_dagrun for example_task_group_decorator to 2026-03-11 00:00:00+00:00, run_after=2026-03-12 00:00:00+00:00
[2026-03-12T02:37:19.616+0000] {processor.py:183} INFO - Processing /home/airflow/.local/lib/python3.8/site-packages/airflow/example_dags/example_task_group_decorator.py took 0.056 seconds
[2026-03-12T02:37:50.394+0000] {processor.py:161} INFO - Started process (PID=3448) to work on /home/airflow/.local/lib/python3.8/site-packages/airflow/example_dags/example_task_group_decorator.py
[2026-03-12T02:37:50.397+0000] {processor.py:830} INFO - Processing file /home/airflow/.local/lib/python3.8/site-packages/airflow/example_dags/example_task_group_decorator.py for tasks to queue
[2026-03-12T02:37:50.399+0000] {logging_mixin.py:188} INFO - [2026-03-12T02:37:50.398+0000] {dagbag.py:538} INFO - Filling up the DagBag from /home/airflow/.local/lib/python3.8/site-packages/airflow/example_dags/example_task_group_decorator.py
[2026-03-12T02:37:50.410+0000] {processor.py:840} INFO - DAG(s) 'example_task_group_decorator' retrieved from /home/airflow/.local/lib/python3.8/site-packages/airflow/example_dags/example_task_group_decorator.py
[2026-03-12T02:37:50.425+0000] {logging_mixin.py:188} INFO - [2026-03-12T02:37:50.425+0000] {dag.py:3036} INFO - Sync 1 DAGs
[2026-03-12T02:37:50.435+0000] {logging_mixin.py:188} INFO - [2026-03-12T02:37:50.435+0000] {dag.py:3823} INFO - Setting next_dagrun for example_task_group_decorator to 2026-03-11 00:00:00+00:00, run_after=2026-03-12 00:00:00+00:00
[2026-03-12T02:37:50.444+0000] {processor.py:183} INFO - Processing /home/airflow/.local/lib/python3.8/site-packages/airflow/example_dags/example_task_group_decorator.py took 0.053 seconds
[2026-03-12T02:38:20.765+0000] {processor.py:161} INFO - Started process (PID=3524) to work on /home/airflow/.local/lib/python3.8/site-packages/airflow/example_dags/example_task_group_decorator.py
[2026-03-12T02:38:20.766+0000] {processor.py:830} INFO - Processing file /home/airflow/.local/lib/python3.8/site-packages/airflow/example_dags/example_task_group_decorator.py for tasks to queue
[2026-03-12T02:38:20.766+0000] {logging_mixin.py:188} INFO - [2026-03-12T02:38:20.766+0000] {dagbag.py:538} INFO - Filling up the DagBag from /home/airflow/.local/lib/python3.8/site-packages/airflow/example_dags/example_task_group_decorator.py
[2026-03-12T02:38:20.774+0000] {processor.py:840} INFO - DAG(s) 'example_task_group_decorator' retrieved from /home/airflow/.local/lib/python3.8/site-packages/airflow/example_dags/example_task_group_decorator.py
[2026-03-12T02:38:20.786+0000] {logging_mixin.py:188} INFO - [2026-03-12T02:38:20.786+0000] {dag.py:3036} INFO - Sync 1 DAGs
[2026-03-12T02:38:20.795+0000] {logging_mixin.py:188} INFO - [2026-03-12T02:38:20.795+0000] {dag.py:3823} INFO - Setting next_dagrun for example_task_group_decorator to 2026-03-11 00:00:00+00:00, run_after=2026-03-12 00:00:00+00:00
[2026-03-12T02:38:20.803+0000] {processor.py:183} INFO - Processing /home/airflow/.local/lib/python3.8/site-packages/airflow/example_dags/example_task_group_decorator.py took 0.040 seconds
[2026-03-12T02:38:50.912+0000] {processor.py:161} INFO - Started process (PID=3600) to work on /home/airflow/.local/lib/python3.8/site-packages/airflow/example_dags/example_task_group_decorator.py
[2026-03-12T02:38:50.913+0000] {processor.py:830} INFO - Processing file /home/airflow/.local/lib/python3.8/site-packages/airflow/example_dags/example_task_group_decorator.py for tasks to queue
[2026-03-12T02:38:50.915+0000] {logging_mixin.py:188} INFO - [2026-03-12T02:38:50.915+0000] {dagbag.py:538} INFO - Filling up the DagBag from /home/airflow/.local/lib/python3.8/site-packages/airflow/example_dags/example_task_group_decorator.py
[2026-03-12T02:38:50.922+0000] {processor.py:840} INFO - DAG(s) 'example_task_group_decorator' retrieved from /home/airflow/.local/lib/python3.8/site-packages/airflow/example_dags/example_task_group_decorator.py
[2026-03-12T02:38:50.936+0000] {logging_mixin.py:188} INFO - [2026-03-12T02:38:50.936+0000] {dag.py:3036} INFO - Sync 1 DAGs
[2026-03-12T02:38:50.945+0000] {logging_mixin.py:188} INFO - [2026-03-12T02:38:50.944+0000] {dag.py:3823} INFO - Setting next_dagrun for example_task_group_decorator to 2026-03-11 00:00:00+00:00, run_after=2026-03-12 00:00:00+00:00
[2026-03-12T02:38:50.957+0000] {processor.py:183} INFO - Processing /home/airflow/.local/lib/python3.8/site-packages/airflow/example_dags/example_task_group_decorator.py took 0.048 seconds
[2026-03-12T02:39:21.246+0000] {processor.py:161} INFO - Started process (PID=3676) to work on /home/airflow/.local/lib/python3.8/site-packages/airflow/example_dags/example_task_group_decorator.py
[2026-03-12T02:39:21.247+0000] {processor.py:830} INFO - Processing file /home/airflow/.local/lib/python3.8/site-packages/airflow/example_dags/example_task_group_decorator.py for tasks to queue
[2026-03-12T02:39:21.248+0000] {logging_mixin.py:188} INFO - [2026-03-12T02:39:21.247+0000] {dagbag.py:538} INFO - Filling up the DagBag from /home/airflow/.local/lib/python3.8/site-packages/airflow/example_dags/example_task_group_decorator.py
[2026-03-12T02:39:21.252+0000] {processor.py:840} INFO - DAG(s) 'example_task_group_decorator' retrieved from /home/airflow/.local/lib/python3.8/site-packages/airflow/example_dags/example_task_group_decorator.py
[2026-03-12T02:39:21.261+0000] {logging_mixin.py:188} INFO - [2026-03-12T02:39:21.260+0000] {dag.py:3036} INFO - Sync 1 DAGs
[2026-03-12T02:39:21.267+0000] {logging_mixin.py:188} INFO - [2026-03-12T02:39:21.267+0000] {dag.py:3823} INFO - Setting next_dagrun for example_task_group_decorator to 2026-03-11 00:00:00+00:00, run_after=2026-03-12 00:00:00+00:00
[2026-03-12T02:39:21.272+0000] {processor.py:183} INFO - Processing /home/airflow/.local/lib/python3.8/site-packages/airflow/example_dags/example_task_group_decorator.py took 0.027 seconds
[2026-03-12T02:39:52.312+0000] {processor.py:161} INFO - Started process (PID=3752) to work on /home/airflow/.local/lib/python3.8/site-packages/airflow/example_dags/example_task_group_decorator.py
[2026-03-12T02:39:52.314+0000] {processor.py:830} INFO - Processing file /home/airflow/.local/lib/python3.8/site-packages/airflow/example_dags/example_task_group_decorator.py for tasks to queue
[2026-03-12T02:39:52.316+0000] {logging_mixin.py:188} INFO - [2026-03-12T02:39:52.315+0000] {dagbag.py:538} INFO - Filling up the DagBag from /home/airflow/.local/lib/python3.8/site-packages/airflow/example_dags/example_task_group_decorator.py
[2026-03-12T02:39:52.325+0000] {processor.py:840} INFO - DAG(s) 'example_task_group_decorator' retrieved from /home/airflow/.local/lib/python3.8/site-packages/airflow/example_dags/example_task_group_decorator.py
[2026-03-12T02:39:52.339+0000] {logging_mixin.py:188} INFO - [2026-03-12T02:39:52.338+0000] {dag.py:3036} INFO - Sync 1 DAGs
[2026-03-12T02:39:52.349+0000] {logging_mixin.py:188} INFO - [2026-03-12T02:39:52.349+0000] {dag.py:3823} INFO - Setting next_dagrun for example_task_group_decorator to 2026-03-11 00:00:00+00:00, run_after=2026-03-12 00:00:00+00:00
[2026-03-12T02:39:52.364+0000] {processor.py:183} INFO - Processing /home/airflow/.local/lib/python3.8/site-packages/airflow/example_dags/example_task_group_decorator.py took 0.054 seconds
[2026-03-12T02:40:23.499+0000] {processor.py:161} INFO - Started process (PID=3828) to work on /home/airflow/.local/lib/python3.8/site-packages/airflow/example_dags/example_task_group_decorator.py
[2026-03-12T02:40:23.499+0000] {processor.py:830} INFO - Processing file /home/airflow/.local/lib/python3.8/site-packages/airflow/example_dags/example_task_group_decorator.py for tasks to queue
[2026-03-12T02:40:23.501+0000] {logging_mixin.py:188} INFO - [2026-03-12T02:40:23.500+0000] {dagbag.py:538} INFO - Filling up the DagBag from /home/airflow/.local/lib/python3.8/site-packages/airflow/example_dags/example_task_group_decorator.py
[2026-03-12T02:40:23.507+0000] {processor.py:840} INFO - DAG(s) 'example_task_group_decorator' retrieved from /home/airflow/.local/lib/python3.8/site-packages/airflow/example_dags/example_task_group_decorator.py
[2026-03-12T02:40:23.516+0000] {logging_mixin.py:188} INFO - [2026-03-12T02:40:23.516+0000] {dag.py:3036} INFO - Sync 1 DAGs
[2026-03-12T02:40:23.526+0000] {logging_mixin.py:188} INFO - [2026-03-12T02:40:23.526+0000] {dag.py:3823} INFO - Setting next_dagrun for example_task_group_decorator to 2026-03-11 00:00:00+00:00, run_after=2026-03-12 00:00:00+00:00
[2026-03-12T02:40:23.539+0000] {processor.py:183} INFO - Processing /home/airflow/.local/lib/python3.8/site-packages/airflow/example_dags/example_task_group_decorator.py took 0.042 seconds
[2026-03-12T02:40:54.529+0000] {processor.py:161} INFO - Started process (PID=3904) to work on /home/airflow/.local/lib/python3.8/site-packages/airflow/example_dags/example_task_group_decorator.py
[2026-03-12T02:40:54.530+0000] {processor.py:830} INFO - Processing file /home/airflow/.local/lib/python3.8/site-packages/airflow/example_dags/example_task_group_decorator.py for tasks to queue
[2026-03-12T02:40:54.530+0000] {logging_mixin.py:188} INFO - [2026-03-12T02:40:54.530+0000] {dagbag.py:538} INFO - Filling up the DagBag from /home/airflow/.local/lib/python3.8/site-packages/airflow/example_dags/example_task_group_decorator.py
[2026-03-12T02:40:54.536+0000] {processor.py:840} INFO - DAG(s) 'example_task_group_decorator' retrieved from /home/airflow/.local/lib/python3.8/site-packages/airflow/example_dags/example_task_group_decorator.py
[2026-03-12T02:40:54.546+0000] {logging_mixin.py:188} INFO - [2026-03-12T02:40:54.545+0000] {dag.py:3036} INFO - Sync 1 DAGs
[2026-03-12T02:40:54.554+0000] {logging_mixin.py:188} INFO - [2026-03-12T02:40:54.554+0000] {dag.py:3823} INFO - Setting next_dagrun for example_task_group_decorator to 2026-03-11 00:00:00+00:00, run_after=2026-03-12 00:00:00+00:00
[2026-03-12T02:40:54.567+0000] {processor.py:183} INFO - Processing /home/airflow/.local/lib/python3.8/site-packages/airflow/example_dags/example_task_group_decorator.py took 0.040 seconds
[2026-03-12T02:41:25.346+0000] {processor.py:161} INFO - Started process (PID=3980) to work on /home/airflow/.local/lib/python3.8/site-packages/airflow/example_dags/example_task_group_decorator.py
[2026-03-12T02:41:25.348+0000] {processor.py:830} INFO - Processing file /home/airflow/.local/lib/python3.8/site-packages/airflow/example_dags/example_task_group_decorator.py for tasks to queue
[2026-03-12T02:41:25.349+0000] {logging_mixin.py:188} INFO - [2026-03-12T02:41:25.349+0000] {dagbag.py:538} INFO - Filling up the DagBag from /home/airflow/.local/lib/python3.8/site-packages/airflow/example_dags/example_task_group_decorator.py
[2026-03-12T02:41:25.355+0000] {processor.py:840} INFO - DAG(s) 'example_task_group_decorator' retrieved from /home/airflow/.local/lib/python3.8/site-packages/airflow/example_dags/example_task_group_decorator.py
[2026-03-12T02:41:25.363+0000] {logging_mixin.py:188} INFO - [2026-03-12T02:41:25.363+0000] {dag.py:3036} INFO - Sync 1 DAGs
[2026-03-12T02:41:25.371+0000] {logging_mixin.py:188} INFO - [2026-03-12T02:41:25.371+0000] {dag.py:3823} INFO - Setting next_dagrun for example_task_group_decorator to 2026-03-11 00:00:00+00:00, run_after=2026-03-12 00:00:00+00:00
[2026-03-12T02:41:25.377+0000] {processor.py:183} INFO - Processing /home/airflow/.local/lib/python3.8/site-packages/airflow/example_dags/example_task_group_decorator.py took 0.032 seconds
[2026-03-12T02:41:56.152+0000] {processor.py:161} INFO - Started process (PID=4056) to work on /home/airflow/.local/lib/python3.8/site-packages/airflow/example_dags/example_task_group_decorator.py
[2026-03-12T02:41:56.155+0000] {processor.py:830} INFO - Processing file /home/airflow/.local/lib/python3.8/site-packages/airflow/example_dags/example_task_group_decorator.py for tasks to queue
[2026-03-12T02:41:56.156+0000] {logging_mixin.py:188} INFO - [2026-03-12T02:41:56.156+0000] {dagbag.py:538} INFO - Filling up the DagBag from /home/airflow/.local/lib/python3.8/site-packages/airflow/example_dags/example_task_group_decorator.py
[2026-03-12T02:41:56.162+0000] {processor.py:840} INFO - DAG(s) 'example_task_group_decorator' retrieved from /home/airflow/.local/lib/python3.8/site-packages/airflow/example_dags/example_task_group_decorator.py
[2026-03-12T02:41:56.175+0000] {logging_mixin.py:188} INFO - [2026-03-12T02:41:56.175+0000] {dag.py:3036} INFO - Sync 1 DAGs
[2026-03-12T02:41:56.183+0000] {logging_mixin.py:188} INFO - [2026-03-12T02:41:56.183+0000] {dag.py:3823} INFO - Setting next_dagrun for example_task_group_decorator to 2026-03-11 00:00:00+00:00, run_after=2026-03-12 00:00:00+00:00
[2026-03-12T02:41:56.191+0000] {processor.py:183} INFO - Processing /home/airflow/.local/lib/python3.8/site-packages/airflow/example_dags/example_task_group_decorator.py took 0.041 seconds
[2026-03-12T02:42:26.952+0000] {processor.py:161} INFO - Started process (PID=4132) to work on /home/airflow/.local/lib/python3.8/site-packages/airflow/example_dags/example_task_group_decorator.py
[2026-03-12T02:42:26.952+0000] {processor.py:830} INFO - Processing file /home/airflow/.local/lib/python3.8/site-packages/airflow/example_dags/example_task_group_decorator.py for tasks to queue
[2026-03-12T02:42:26.953+0000] {logging_mixin.py:188} INFO - [2026-03-12T02:42:26.953+0000] {dagbag.py:538} INFO - Filling up the DagBag from /home/airflow/.local/lib/python3.8/site-packages/airflow/example_dags/example_task_group_decorator.py
[2026-03-12T02:42:26.959+0000] {processor.py:840} INFO - DAG(s) 'example_task_group_decorator' retrieved from /home/airflow/.local/lib/python3.8/site-packages/airflow/example_dags/example_task_group_decorator.py
[2026-03-12T02:42:26.968+0000] {logging_mixin.py:188} INFO - [2026-03-12T02:42:26.968+0000] {dag.py:3036} INFO - Sync 1 DAGs
[2026-03-12T02:42:26.976+0000] {logging_mixin.py:188} INFO - [2026-03-12T02:42:26.976+0000] {dag.py:3823} INFO - Setting next_dagrun for example_task_group_decorator to 2026-03-11 00:00:00+00:00, run_after=2026-03-12 00:00:00+00:00
[2026-03-12T02:42:27.061+0000] {processor.py:183} INFO - Processing /home/airflow/.local/lib/python3.8/site-packages/airflow/example_dags/example_task_group_decorator.py took 0.110 seconds
[2026-03-12T02:42:57.252+0000] {processor.py:161} INFO - Started process (PID=4208) to work on /home/airflow/.local/lib/python3.8/site-packages/airflow/example_dags/example_task_group_decorator.py
[2026-03-12T02:42:57.253+0000] {processor.py:830} INFO - Processing file /home/airflow/.local/lib/python3.8/site-packages/airflow/example_dags/example_task_group_decorator.py for tasks to queue
[2026-03-12T02:42:57.254+0000] {logging_mixin.py:188} INFO - [2026-03-12T02:42:57.254+0000] {dagbag.py:538} INFO - Filling up the DagBag from /home/airflow/.local/lib/python3.8/site-packages/airflow/example_dags/example_task_group_decorator.py
[2026-03-12T02:42:57.260+0000] {processor.py:840} INFO - DAG(s) 'example_task_group_decorator' retrieved from /home/airflow/.local/lib/python3.8/site-packages/airflow/example_dags/example_task_group_decorator.py
[2026-03-12T02:42:57.272+0000] {logging_mixin.py:188} INFO - [2026-03-12T02:42:57.272+0000] {dag.py:3036} INFO - Sync 1 DAGs
[2026-03-12T02:42:57.282+0000] {logging_mixin.py:188} INFO - [2026-03-12T02:42:57.282+0000] {dag.py:3823} INFO - Setting next_dagrun for example_task_group_decorator to 2026-03-11 00:00:00+00:00, run_after=2026-03-12 00:00:00+00:00
[2026-03-12T02:42:57.295+0000] {processor.py:183} INFO - Processing /home/airflow/.local/lib/python3.8/site-packages/airflow/example_dags/example_task_group_decorator.py took 0.045 seconds
[2026-03-12T02:43:27.675+0000] {processor.py:161} INFO - Started process (PID=4284) to work on /home/airflow/.local/lib/python3.8/site-packages/airflow/example_dags/example_task_group_decorator.py
[2026-03-12T02:43:27.676+0000] {processor.py:830} INFO - Processing file /home/airflow/.local/lib/python3.8/site-packages/airflow/example_dags/example_task_group_decorator.py for tasks to queue
[2026-03-12T02:43:27.677+0000] {logging_mixin.py:188} INFO - [2026-03-12T02:43:27.677+0000] {dagbag.py:538} INFO - Filling up the DagBag from /home/airflow/.local/lib/python3.8/site-packages/airflow/example_dags/example_task_group_decorator.py
[2026-03-12T02:43:27.683+0000] {processor.py:840} INFO - DAG(s) 'example_task_group_decorator' retrieved from /home/airflow/.local/lib/python3.8/site-packages/airflow/example_dags/example_task_group_decorator.py
[2026-03-12T02:43:27.693+0000] {logging_mixin.py:188} INFO - [2026-03-12T02:43:27.692+0000] {dag.py:3036} INFO - Sync 1 DAGs
[2026-03-12T02:43:27.701+0000] {logging_mixin.py:188} INFO - [2026-03-12T02:43:27.701+0000] {dag.py:3823} INFO - Setting next_dagrun for example_task_group_decorator to 2026-03-11 00:00:00+00:00, run_after=2026-03-12 00:00:00+00:00
[2026-03-12T02:43:27.708+0000] {processor.py:183} INFO - Processing /home/airflow/.local/lib/python3.8/site-packages/airflow/example_dags/example_task_group_decorator.py took 0.035 seconds
[2026-03-12T02:43:58.122+0000] {processor.py:161} INFO - Started process (PID=4360) to work on /home/airflow/.local/lib/python3.8/site-packages/airflow/example_dags/example_task_group_decorator.py
[2026-03-12T02:43:58.123+0000] {processor.py:830} INFO - Processing file /home/airflow/.local/lib/python3.8/site-packages/airflow/example_dags/example_task_group_decorator.py for tasks to queue
[2026-03-12T02:43:58.123+0000] {logging_mixin.py:188} INFO - [2026-03-12T02:43:58.123+0000] {dagbag.py:538} INFO - Filling up the DagBag from /home/airflow/.local/lib/python3.8/site-packages/airflow/example_dags/example_task_group_decorator.py
[2026-03-12T02:43:58.132+0000] {processor.py:840} INFO - DAG(s) 'example_task_group_decorator' retrieved from /home/airflow/.local/lib/python3.8/site-packages/airflow/example_dags/example_task_group_decorator.py
[2026-03-12T02:43:58.144+0000] {logging_mixin.py:188} INFO - [2026-03-12T02:43:58.144+0000] {dag.py:3036} INFO - Sync 1 DAGs
[2026-03-12T02:43:58.153+0000] {logging_mixin.py:188} INFO - [2026-03-12T02:43:58.153+0000] {dag.py:3823} INFO - Setting next_dagrun for example_task_group_decorator to 2026-03-11 00:00:00+00:00, run_after=2026-03-12 00:00:00+00:00
[2026-03-12T02:43:58.164+0000] {processor.py:183} INFO - Processing /home/airflow/.local/lib/python3.8/site-packages/airflow/example_dags/example_task_group_decorator.py took 0.044 seconds
[2026-03-12T02:44:28.482+0000] {processor.py:161} INFO - Started process (PID=4436) to work on /home/airflow/.local/lib/python3.8/site-packages/airflow/example_dags/example_task_group_decorator.py
[2026-03-12T02:44:28.482+0000] {processor.py:830} INFO - Processing file /home/airflow/.local/lib/python3.8/site-packages/airflow/example_dags/example_task_group_decorator.py for tasks to queue
[2026-03-12T02:44:28.483+0000] {logging_mixin.py:188} INFO - [2026-03-12T02:44:28.483+0000] {dagbag.py:538} INFO - Filling up the DagBag from /home/airflow/.local/lib/python3.8/site-packages/airflow/example_dags/example_task_group_decorator.py
[2026-03-12T02:44:28.489+0000] {processor.py:840} INFO - DAG(s) 'example_task_group_decorator' retrieved from /home/airflow/.local/lib/python3.8/site-packages/airflow/example_dags/example_task_group_decorator.py
[2026-03-12T02:44:28.503+0000] {logging_mixin.py:188} INFO - [2026-03-12T02:44:28.503+0000] {dag.py:3036} INFO - Sync 1 DAGs
[2026-03-12T02:44:28.512+0000] {logging_mixin.py:188} INFO - [2026-03-12T02:44:28.512+0000] {dag.py:3823} INFO - Setting next_dagrun for example_task_group_decorator to 2026-03-11 00:00:00+00:00, run_after=2026-03-12 00:00:00+00:00
[2026-03-12T02:44:28.521+0000] {processor.py:183} INFO - Processing /home/airflow/.local/lib/python3.8/site-packages/airflow/example_dags/example_task_group_decorator.py took 0.041 seconds
[2026-03-12T02:44:58.945+0000] {processor.py:161} INFO - Started process (PID=4512) to work on /home/airflow/.local/lib/python3.8/site-packages/airflow/example_dags/example_task_group_decorator.py
[2026-03-12T02:44:58.946+0000] {processor.py:830} INFO - Processing file /home/airflow/.local/lib/python3.8/site-packages/airflow/example_dags/example_task_group_decorator.py for tasks to queue
[2026-03-12T02:44:58.946+0000] {logging_mixin.py:188} INFO - [2026-03-12T02:44:58.946+0000] {dagbag.py:538} INFO - Filling up the DagBag from /home/airflow/.local/lib/python3.8/site-packages/airflow/example_dags/example_task_group_decorator.py
[2026-03-12T02:44:58.952+0000] {processor.py:840} INFO - DAG(s) 'example_task_group_decorator' retrieved from /home/airflow/.local/lib/python3.8/site-packages/airflow/example_dags/example_task_group_decorator.py
[2026-03-12T02:44:58.966+0000] {logging_mixin.py:188} INFO - [2026-03-12T02:44:58.966+0000] {dag.py:3036} INFO - Sync 1 DAGs
[2026-03-12T02:44:58.973+0000] {logging_mixin.py:188} INFO - [2026-03-12T02:44:58.973+0000] {dag.py:3823} INFO - Setting next_dagrun for example_task_group_decorator to 2026-03-11 00:00:00+00:00, run_after=2026-03-12 00:00:00+00:00
[2026-03-12T02:44:58.979+0000] {processor.py:183} INFO - Processing /home/airflow/.local/lib/python3.8/site-packages/airflow/example_dags/example_task_group_decorator.py took 0.036 seconds
[2026-03-12T02:45:29.302+0000] {processor.py:161} INFO - Started process (PID=4588) to work on /home/airflow/.local/lib/python3.8/site-packages/airflow/example_dags/example_task_group_decorator.py
[2026-03-12T02:45:29.305+0000] {processor.py:830} INFO - Processing file /home/airflow/.local/lib/python3.8/site-packages/airflow/example_dags/example_task_group_decorator.py for tasks to queue
[2026-03-12T02:45:29.308+0000] {logging_mixin.py:188} INFO - [2026-03-12T02:45:29.308+0000] {dagbag.py:538} INFO - Filling up the DagBag from /home/airflow/.local/lib/python3.8/site-packages/airflow/example_dags/example_task_group_decorator.py
[2026-03-12T02:45:29.314+0000] {processor.py:840} INFO - DAG(s) 'example_task_group_decorator' retrieved from /home/airflow/.local/lib/python3.8/site-packages/airflow/example_dags/example_task_group_decorator.py
[2026-03-12T02:45:29.325+0000] {logging_mixin.py:188} INFO - [2026-03-12T02:45:29.325+0000] {dag.py:3036} INFO - Sync 1 DAGs
[2026-03-12T02:45:29.335+0000] {logging_mixin.py:188} INFO - [2026-03-12T02:45:29.335+0000] {dag.py:3823} INFO - Setting next_dagrun for example_task_group_decorator to 2026-03-11 00:00:00+00:00, run_after=2026-03-12 00:00:00+00:00
[2026-03-12T02:45:29.341+0000] {processor.py:183} INFO - Processing /home/airflow/.local/lib/python3.8/site-packages/airflow/example_dags/example_task_group_decorator.py took 0.040 seconds
[2026-03-12T02:45:59.832+0000] {processor.py:161} INFO - Started process (PID=4664) to work on /home/airflow/.local/lib/python3.8/site-packages/airflow/example_dags/example_task_group_decorator.py
[2026-03-12T02:45:59.834+0000] {processor.py:830} INFO - Processing file /home/airflow/.local/lib/python3.8/site-packages/airflow/example_dags/example_task_group_decorator.py for tasks to queue
[2026-03-12T02:45:59.835+0000] {logging_mixin.py:188} INFO - [2026-03-12T02:45:59.835+0000] {dagbag.py:538} INFO - Filling up the DagBag from /home/airflow/.local/lib/python3.8/site-packages/airflow/example_dags/example_task_group_decorator.py
[2026-03-12T02:45:59.843+0000] {processor.py:840} INFO - DAG(s) 'example_task_group_decorator' retrieved from /home/airflow/.local/lib/python3.8/site-packages/airflow/example_dags/example_task_group_decorator.py
[2026-03-12T02:45:59.855+0000] {logging_mixin.py:188} INFO - [2026-03-12T02:45:59.855+0000] {dag.py:3036} INFO - Sync 1 DAGs
[2026-03-12T02:45:59.862+0000] {logging_mixin.py:188} INFO - [2026-03-12T02:45:59.862+0000] {dag.py:3823} INFO - Setting next_dagrun for example_task_group_decorator to 2026-03-11 00:00:00+00:00, run_after=2026-03-12 00:00:00+00:00
[2026-03-12T02:45:59.877+0000] {processor.py:183} INFO - Processing /home/airflow/.local/lib/python3.8/site-packages/airflow/example_dags/example_task_group_decorator.py took 0.047 seconds
[2026-03-12T02:46:30.462+0000] {processor.py:161} INFO - Started process (PID=4740) to work on /home/airflow/.local/lib/python3.8/site-packages/airflow/example_dags/example_task_group_decorator.py
[2026-03-12T02:46:30.464+0000] {processor.py:830} INFO - Processing file /home/airflow/.local/lib/python3.8/site-packages/airflow/example_dags/example_task_group_decorator.py for tasks to queue
[2026-03-12T02:46:30.465+0000] {logging_mixin.py:188} INFO - [2026-03-12T02:46:30.465+0000] {dagbag.py:538} INFO - Filling up the DagBag from /home/airflow/.local/lib/python3.8/site-packages/airflow/example_dags/example_task_group_decorator.py
[2026-03-12T02:46:30.471+0000] {processor.py:840} INFO - DAG(s) 'example_task_group_decorator' retrieved from /home/airflow/.local/lib/python3.8/site-packages/airflow/example_dags/example_task_group_decorator.py
[2026-03-12T02:46:30.481+0000] {logging_mixin.py:188} INFO - [2026-03-12T02:46:30.481+0000] {dag.py:3036} INFO - Sync 1 DAGs
[2026-03-12T02:46:30.488+0000] {logging_mixin.py:188} INFO - [2026-03-12T02:46:30.488+0000] {dag.py:3823} INFO - Setting next_dagrun for example_task_group_decorator to 2026-03-11 00:00:00+00:00, run_after=2026-03-12 00:00:00+00:00
[2026-03-12T02:46:30.494+0000] {processor.py:183} INFO - Processing /home/airflow/.local/lib/python3.8/site-packages/airflow/example_dags/example_task_group_decorator.py took 0.033 seconds
[2026-03-12T02:47:01.233+0000] {processor.py:161} INFO - Started process (PID=4816) to work on /home/airflow/.local/lib/python3.8/site-packages/airflow/example_dags/example_task_group_decorator.py
[2026-03-12T02:47:01.234+0000] {processor.py:830} INFO - Processing file /home/airflow/.local/lib/python3.8/site-packages/airflow/example_dags/example_task_group_decorator.py for tasks to queue
[2026-03-12T02:47:01.235+0000] {logging_mixin.py:188} INFO - [2026-03-12T02:47:01.235+0000] {dagbag.py:538} INFO - Filling up the DagBag from /home/airflow/.local/lib/python3.8/site-packages/airflow/example_dags/example_task_group_decorator.py
[2026-03-12T02:47:01.244+0000] {processor.py:840} INFO - DAG(s) 'example_task_group_decorator' retrieved from /home/airflow/.local/lib/python3.8/site-packages/airflow/example_dags/example_task_group_decorator.py
[2026-03-12T02:47:01.255+0000] {logging_mixin.py:188} INFO - [2026-03-12T02:47:01.255+0000] {dag.py:3036} INFO - Sync 1 DAGs
[2026-03-12T02:47:01.263+0000] {logging_mixin.py:188} INFO - [2026-03-12T02:47:01.263+0000] {dag.py:3823} INFO - Setting next_dagrun for example_task_group_decorator to 2026-03-11 00:00:00+00:00, run_after=2026-03-12 00:00:00+00:00
[2026-03-12T02:47:01.272+0000] {processor.py:183} INFO - Processing /home/airflow/.local/lib/python3.8/site-packages/airflow/example_dags/example_task_group_decorator.py took 0.041 seconds
[2026-03-12T02:47:31.992+0000] {processor.py:161} INFO - Started process (PID=4892) to work on /home/airflow/.local/lib/python3.8/site-packages/airflow/example_dags/example_task_group_decorator.py
[2026-03-12T02:47:31.992+0000] {processor.py:830} INFO - Processing file /home/airflow/.local/lib/python3.8/site-packages/airflow/example_dags/example_task_group_decorator.py for tasks to queue
[2026-03-12T02:47:31.993+0000] {logging_mixin.py:188} INFO - [2026-03-12T02:47:31.993+0000] {dagbag.py:538} INFO - Filling up the DagBag from /home/airflow/.local/lib/python3.8/site-packages/airflow/example_dags/example_task_group_decorator.py
[2026-03-12T02:47:31.999+0000] {processor.py:840} INFO - DAG(s) 'example_task_group_decorator' retrieved from /home/airflow/.local/lib/python3.8/site-packages/airflow/example_dags/example_task_group_decorator.py
[2026-03-12T02:47:32.010+0000] {logging_mixin.py:188} INFO - [2026-03-12T02:47:32.010+0000] {dag.py:3036} INFO - Sync 1 DAGs
[2026-03-12T02:47:32.018+0000] {logging_mixin.py:188} INFO - [2026-03-12T02:47:32.018+0000] {dag.py:3823} INFO - Setting next_dagrun for example_task_group_decorator to 2026-03-11 00:00:00+00:00, run_after=2026-03-12 00:00:00+00:00
[2026-03-12T02:47:32.025+0000] {processor.py:183} INFO - Processing /home/airflow/.local/lib/python3.8/site-packages/airflow/example_dags/example_task_group_decorator.py took 0.034 seconds
[2026-03-12T02:48:02.379+0000] {processor.py:161} INFO - Started process (PID=4968) to work on /home/airflow/.local/lib/python3.8/site-packages/airflow/example_dags/example_task_group_decorator.py
[2026-03-12T02:48:02.380+0000] {processor.py:830} INFO - Processing file /home/airflow/.local/lib/python3.8/site-packages/airflow/example_dags/example_task_group_decorator.py for tasks to queue
[2026-03-12T02:48:02.381+0000] {logging_mixin.py:188} INFO - [2026-03-12T02:48:02.381+0000] {dagbag.py:538} INFO - Filling up the DagBag from /home/airflow/.local/lib/python3.8/site-packages/airflow/example_dags/example_task_group_decorator.py
[2026-03-12T02:48:02.386+0000] {processor.py:840} INFO - DAG(s) 'example_task_group_decorator' retrieved from /home/airflow/.local/lib/python3.8/site-packages/airflow/example_dags/example_task_group_decorator.py
[2026-03-12T02:48:02.394+0000] {logging_mixin.py:188} INFO - [2026-03-12T02:48:02.394+0000] {dag.py:3036} INFO - Sync 1 DAGs
[2026-03-12T02:48:02.401+0000] {logging_mixin.py:188} INFO - [2026-03-12T02:48:02.401+0000] {dag.py:3823} INFO - Setting next_dagrun for example_task_group_decorator to 2026-03-11 00:00:00+00:00, run_after=2026-03-12 00:00:00+00:00
[2026-03-12T02:48:02.406+0000] {processor.py:183} INFO - Processing /home/airflow/.local/lib/python3.8/site-packages/airflow/example_dags/example_task_group_decorator.py took 0.028 seconds
[2026-03-12T02:48:33.522+0000] {processor.py:161} INFO - Started process (PID=5044) to work on /home/airflow/.local/lib/python3.8/site-packages/airflow/example_dags/example_task_group_decorator.py
[2026-03-12T02:48:33.523+0000] {processor.py:830} INFO - Processing file /home/airflow/.local/lib/python3.8/site-packages/airflow/example_dags/example_task_group_decorator.py for tasks to queue
[2026-03-12T02:48:33.524+0000] {logging_mixin.py:188} INFO - [2026-03-12T02:48:33.523+0000] {dagbag.py:538} INFO - Filling up the DagBag from /home/airflow/.local/lib/python3.8/site-packages/airflow/example_dags/example_task_group_decorator.py
[2026-03-12T02:48:33.529+0000] {processor.py:840} INFO - DAG(s) 'example_task_group_decorator' retrieved from /home/airflow/.local/lib/python3.8/site-packages/airflow/example_dags/example_task_group_decorator.py
[2026-03-12T02:48:33.539+0000] {logging_mixin.py:188} INFO - [2026-03-12T02:48:33.539+0000] {dag.py:3036} INFO - Sync 1 DAGs
[2026-03-12T02:48:33.548+0000] {logging_mixin.py:188} INFO - [2026-03-12T02:48:33.547+0000] {dag.py:3823} INFO - Setting next_dagrun for example_task_group_decorator to 2026-03-11 00:00:00+00:00, run_after=2026-03-12 00:00:00+00:00
[2026-03-12T02:48:33.553+0000] {processor.py:183} INFO - Processing /home/airflow/.local/lib/python3.8/site-packages/airflow/example_dags/example_task_group_decorator.py took 0.033 seconds
[2026-03-12T02:49:04.896+0000] {processor.py:161} INFO - Started process (PID=5120) to work on /home/airflow/.local/lib/python3.8/site-packages/airflow/example_dags/example_task_group_decorator.py
[2026-03-12T02:49:04.897+0000] {processor.py:830} INFO - Processing file /home/airflow/.local/lib/python3.8/site-packages/airflow/example_dags/example_task_group_decorator.py for tasks to queue
[2026-03-12T02:49:04.898+0000] {logging_mixin.py:188} INFO - [2026-03-12T02:49:04.898+0000] {dagbag.py:538} INFO - Filling up the DagBag from /home/airflow/.local/lib/python3.8/site-packages/airflow/example_dags/example_task_group_decorator.py
[2026-03-12T02:49:04.908+0000] {processor.py:840} INFO - DAG(s) 'example_task_group_decorator' retrieved from /home/airflow/.local/lib/python3.8/site-packages/airflow/example_dags/example_task_group_decorator.py
[2026-03-12T02:49:04.919+0000] {logging_mixin.py:188} INFO - [2026-03-12T02:49:04.919+0000] {dag.py:3036} INFO - Sync 1 DAGs
[2026-03-12T02:49:04.927+0000] {logging_mixin.py:188} INFO - [2026-03-12T02:49:04.927+0000] {dag.py:3823} INFO - Setting next_dagrun for example_task_group_decorator to 2026-03-11 00:00:00+00:00, run_after=2026-03-12 00:00:00+00:00
[2026-03-12T02:49:04.936+0000] {processor.py:183} INFO - Processing /home/airflow/.local/lib/python3.8/site-packages/airflow/example_dags/example_task_group_decorator.py took 0.041 seconds
[2026-03-12T02:49:35.292+0000] {processor.py:161} INFO - Started process (PID=5196) to work on /home/airflow/.local/lib/python3.8/site-packages/airflow/example_dags/example_task_group_decorator.py
[2026-03-12T02:49:35.293+0000] {processor.py:830} INFO - Processing file /home/airflow/.local/lib/python3.8/site-packages/airflow/example_dags/example_task_group_decorator.py for tasks to queue
[2026-03-12T02:49:35.294+0000] {logging_mixin.py:188} INFO - [2026-03-12T02:49:35.294+0000] {dagbag.py:538} INFO - Filling up the DagBag from /home/airflow/.local/lib/python3.8/site-packages/airflow/example_dags/example_task_group_decorator.py
[2026-03-12T02:49:35.303+0000] {processor.py:840} INFO - DAG(s) 'example_task_group_decorator' retrieved from /home/airflow/.local/lib/python3.8/site-packages/airflow/example_dags/example_task_group_decorator.py
[2026-03-12T02:49:35.318+0000] {logging_mixin.py:188} INFO - [2026-03-12T02:49:35.318+0000] {dag.py:3036} INFO - Sync 1 DAGs
[2026-03-12T02:49:35.329+0000] {logging_mixin.py:188} INFO - [2026-03-12T02:49:35.329+0000] {dag.py:3823} INFO - Setting next_dagrun for example_task_group_decorator to 2026-03-11 00:00:00+00:00, run_after=2026-03-12 00:00:00+00:00
[2026-03-12T02:49:35.340+0000] {processor.py:183} INFO - Processing /home/airflow/.local/lib/python3.8/site-packages/airflow/example_dags/example_task_group_decorator.py took 0.049 seconds
