[2026-03-12T02:15:11.305+0000] {processor.py:161} INFO - Started process (PID=124) to work on /home/airflow/.local/lib/python3.8/site-packages/airflow/example_dags/example_branch_python_dop_operator_3.py
[2026-03-12T02:15:11.305+0000] {processor.py:830} INFO - Processing file /home/airflow/.local/lib/python3.8/site-packages/airflow/example_dags/example_branch_python_dop_operator_3.py for tasks to queue
[2026-03-12T02:15:11.306+0000] {logging_mixin.py:188} INFO - [2026-03-12T02:15:11.306+0000] {dagbag.py:538} INFO - Filling up the DagBag from /home/airflow/.local/lib/python3.8/site-packages/airflow/example_dags/example_branch_python_dop_operator_3.py
[2026-03-12T02:15:11.312+0000] {processor.py:840} INFO - DAG(s) 'example_branch_dop_operator_v3' retrieved from /home/airflow/.local/lib/python3.8/site-packages/airflow/example_dags/example_branch_python_dop_operator_3.py
[2026-03-12T02:15:11.317+0000] {logging_mixin.py:188} INFO - [2026-03-12T02:15:11.317+0000] {dag.py:3036} INFO - Sync 1 DAGs
[2026-03-12T02:15:11.328+0000] {logging_mixin.py:188} INFO - [2026-03-12T02:15:11.328+0000] {dag.py:3823} INFO - Setting next_dagrun for example_branch_dop_operator_v3 to 2026-03-12 02:14:00+00:00, run_after=2026-03-12 02:15:00+00:00
[2026-03-12T02:15:11.336+0000] {processor.py:183} INFO - Processing /home/airflow/.local/lib/python3.8/site-packages/airflow/example_dags/example_branch_python_dop_operator_3.py took 0.033 seconds
[2026-03-12T02:15:44.155+0000] {processor.py:161} INFO - Started process (PID=200) to work on /home/airflow/.local/lib/python3.8/site-packages/airflow/example_dags/example_branch_python_dop_operator_3.py
[2026-03-12T02:15:44.156+0000] {processor.py:830} INFO - Processing file /home/airflow/.local/lib/python3.8/site-packages/airflow/example_dags/example_branch_python_dop_operator_3.py for tasks to queue
[2026-03-12T02:15:44.158+0000] {logging_mixin.py:188} INFO - [2026-03-12T02:15:44.158+0000] {dagbag.py:538} INFO - Filling up the DagBag from /home/airflow/.local/lib/python3.8/site-packages/airflow/example_dags/example_branch_python_dop_operator_3.py
[2026-03-12T02:15:44.162+0000] {processor.py:840} INFO - DAG(s) 'example_branch_dop_operator_v3' retrieved from /home/airflow/.local/lib/python3.8/site-packages/airflow/example_dags/example_branch_python_dop_operator_3.py
[2026-03-12T02:15:44.269+0000] {logging_mixin.py:188} INFO - [2026-03-12T02:15:44.269+0000] {dag.py:3036} INFO - Sync 1 DAGs
[2026-03-12T02:15:44.278+0000] {logging_mixin.py:188} INFO - [2026-03-12T02:15:44.278+0000] {dag.py:3823} INFO - Setting next_dagrun for example_branch_dop_operator_v3 to 2026-03-12 02:14:00+00:00, run_after=2026-03-12 02:15:00+00:00
[2026-03-12T02:15:44.286+0000] {processor.py:183} INFO - Processing /home/airflow/.local/lib/python3.8/site-packages/airflow/example_dags/example_branch_python_dop_operator_3.py took 0.133 seconds
[2026-03-12T02:16:14.631+0000] {processor.py:161} INFO - Started process (PID=276) to work on /home/airflow/.local/lib/python3.8/site-packages/airflow/example_dags/example_branch_python_dop_operator_3.py
[2026-03-12T02:16:14.633+0000] {processor.py:830} INFO - Processing file /home/airflow/.local/lib/python3.8/site-packages/airflow/example_dags/example_branch_python_dop_operator_3.py for tasks to queue
[2026-03-12T02:16:14.634+0000] {logging_mixin.py:188} INFO - [2026-03-12T02:16:14.633+0000] {dagbag.py:538} INFO - Filling up the DagBag from /home/airflow/.local/lib/python3.8/site-packages/airflow/example_dags/example_branch_python_dop_operator_3.py
[2026-03-12T02:16:14.638+0000] {processor.py:840} INFO - DAG(s) 'example_branch_dop_operator_v3' retrieved from /home/airflow/.local/lib/python3.8/site-packages/airflow/example_dags/example_branch_python_dop_operator_3.py
[2026-03-12T02:16:14.646+0000] {logging_mixin.py:188} INFO - [2026-03-12T02:16:14.646+0000] {dag.py:3036} INFO - Sync 1 DAGs
[2026-03-12T02:16:14.660+0000] {logging_mixin.py:188} INFO - [2026-03-12T02:16:14.660+0000] {dag.py:3823} INFO - Setting next_dagrun for example_branch_dop_operator_v3 to 2026-03-12 02:15:00+00:00, run_after=2026-03-12 02:16:00+00:00
[2026-03-12T02:16:14.675+0000] {processor.py:183} INFO - Processing /home/airflow/.local/lib/python3.8/site-packages/airflow/example_dags/example_branch_python_dop_operator_3.py took 0.046 seconds
[2026-03-12T02:16:45.612+0000] {processor.py:161} INFO - Started process (PID=352) to work on /home/airflow/.local/lib/python3.8/site-packages/airflow/example_dags/example_branch_python_dop_operator_3.py
[2026-03-12T02:16:45.613+0000] {processor.py:830} INFO - Processing file /home/airflow/.local/lib/python3.8/site-packages/airflow/example_dags/example_branch_python_dop_operator_3.py for tasks to queue
[2026-03-12T02:16:45.614+0000] {logging_mixin.py:188} INFO - [2026-03-12T02:16:45.614+0000] {dagbag.py:538} INFO - Filling up the DagBag from /home/airflow/.local/lib/python3.8/site-packages/airflow/example_dags/example_branch_python_dop_operator_3.py
[2026-03-12T02:16:45.618+0000] {processor.py:840} INFO - DAG(s) 'example_branch_dop_operator_v3' retrieved from /home/airflow/.local/lib/python3.8/site-packages/airflow/example_dags/example_branch_python_dop_operator_3.py
[2026-03-12T02:16:45.626+0000] {logging_mixin.py:188} INFO - [2026-03-12T02:16:45.626+0000] {dag.py:3036} INFO - Sync 1 DAGs
[2026-03-12T02:16:45.637+0000] {logging_mixin.py:188} INFO - [2026-03-12T02:16:45.637+0000] {dag.py:3823} INFO - Setting next_dagrun for example_branch_dop_operator_v3 to 2026-03-12 02:15:00+00:00, run_after=2026-03-12 02:16:00+00:00
[2026-03-12T02:16:45.653+0000] {processor.py:183} INFO - Processing /home/airflow/.local/lib/python3.8/site-packages/airflow/example_dags/example_branch_python_dop_operator_3.py took 0.042 seconds
[2026-03-12T02:17:16.741+0000] {processor.py:161} INFO - Started process (PID=428) to work on /home/airflow/.local/lib/python3.8/site-packages/airflow/example_dags/example_branch_python_dop_operator_3.py
[2026-03-12T02:17:16.742+0000] {processor.py:830} INFO - Processing file /home/airflow/.local/lib/python3.8/site-packages/airflow/example_dags/example_branch_python_dop_operator_3.py for tasks to queue
[2026-03-12T02:17:16.744+0000] {logging_mixin.py:188} INFO - [2026-03-12T02:17:16.744+0000] {dagbag.py:538} INFO - Filling up the DagBag from /home/airflow/.local/lib/python3.8/site-packages/airflow/example_dags/example_branch_python_dop_operator_3.py
[2026-03-12T02:17:16.749+0000] {processor.py:840} INFO - DAG(s) 'example_branch_dop_operator_v3' retrieved from /home/airflow/.local/lib/python3.8/site-packages/airflow/example_dags/example_branch_python_dop_operator_3.py
[2026-03-12T02:17:16.762+0000] {logging_mixin.py:188} INFO - [2026-03-12T02:17:16.761+0000] {dag.py:3036} INFO - Sync 1 DAGs
[2026-03-12T02:17:16.785+0000] {logging_mixin.py:188} INFO - [2026-03-12T02:17:16.785+0000] {dag.py:3823} INFO - Setting next_dagrun for example_branch_dop_operator_v3 to 2026-03-12 02:16:00+00:00, run_after=2026-03-12 02:17:00+00:00
[2026-03-12T02:17:16.806+0000] {processor.py:183} INFO - Processing /home/airflow/.local/lib/python3.8/site-packages/airflow/example_dags/example_branch_python_dop_operator_3.py took 0.067 seconds
[2026-03-12T02:17:46.959+0000] {processor.py:161} INFO - Started process (PID=504) to work on /home/airflow/.local/lib/python3.8/site-packages/airflow/example_dags/example_branch_python_dop_operator_3.py
[2026-03-12T02:17:46.959+0000] {processor.py:830} INFO - Processing file /home/airflow/.local/lib/python3.8/site-packages/airflow/example_dags/example_branch_python_dop_operator_3.py for tasks to queue
[2026-03-12T02:17:46.960+0000] {logging_mixin.py:188} INFO - [2026-03-12T02:17:46.960+0000] {dagbag.py:538} INFO - Filling up the DagBag from /home/airflow/.local/lib/python3.8/site-packages/airflow/example_dags/example_branch_python_dop_operator_3.py
[2026-03-12T02:17:46.964+0000] {processor.py:840} INFO - DAG(s) 'example_branch_dop_operator_v3' retrieved from /home/airflow/.local/lib/python3.8/site-packages/airflow/example_dags/example_branch_python_dop_operator_3.py
[2026-03-12T02:17:46.975+0000] {logging_mixin.py:188} INFO - [2026-03-12T02:17:46.975+0000] {dag.py:3036} INFO - Sync 1 DAGs
[2026-03-12T02:17:46.984+0000] {logging_mixin.py:188} INFO - [2026-03-12T02:17:46.984+0000] {dag.py:3823} INFO - Setting next_dagrun for example_branch_dop_operator_v3 to 2026-03-12 02:16:00+00:00, run_after=2026-03-12 02:17:00+00:00
[2026-03-12T02:17:46.997+0000] {processor.py:183} INFO - Processing /home/airflow/.local/lib/python3.8/site-packages/airflow/example_dags/example_branch_python_dop_operator_3.py took 0.039 seconds
[2026-03-12T02:18:17.746+0000] {processor.py:161} INFO - Started process (PID=580) to work on /home/airflow/.local/lib/python3.8/site-packages/airflow/example_dags/example_branch_python_dop_operator_3.py
[2026-03-12T02:18:17.747+0000] {processor.py:830} INFO - Processing file /home/airflow/.local/lib/python3.8/site-packages/airflow/example_dags/example_branch_python_dop_operator_3.py for tasks to queue
[2026-03-12T02:18:17.748+0000] {logging_mixin.py:188} INFO - [2026-03-12T02:18:17.748+0000] {dagbag.py:538} INFO - Filling up the DagBag from /home/airflow/.local/lib/python3.8/site-packages/airflow/example_dags/example_branch_python_dop_operator_3.py
[2026-03-12T02:18:17.752+0000] {processor.py:840} INFO - DAG(s) 'example_branch_dop_operator_v3' retrieved from /home/airflow/.local/lib/python3.8/site-packages/airflow/example_dags/example_branch_python_dop_operator_3.py
[2026-03-12T02:18:17.767+0000] {logging_mixin.py:188} INFO - [2026-03-12T02:18:17.767+0000] {dag.py:3036} INFO - Sync 1 DAGs
[2026-03-12T02:18:17.779+0000] {logging_mixin.py:188} INFO - [2026-03-12T02:18:17.778+0000] {dag.py:3823} INFO - Setting next_dagrun for example_branch_dop_operator_v3 to 2026-03-12 02:17:00+00:00, run_after=2026-03-12 02:18:00+00:00
[2026-03-12T02:18:17.786+0000] {processor.py:183} INFO - Processing /home/airflow/.local/lib/python3.8/site-packages/airflow/example_dags/example_branch_python_dop_operator_3.py took 0.041 seconds
[2026-03-12T02:18:48.755+0000] {processor.py:161} INFO - Started process (PID=656) to work on /home/airflow/.local/lib/python3.8/site-packages/airflow/example_dags/example_branch_python_dop_operator_3.py
[2026-03-12T02:18:48.757+0000] {processor.py:830} INFO - Processing file /home/airflow/.local/lib/python3.8/site-packages/airflow/example_dags/example_branch_python_dop_operator_3.py for tasks to queue
[2026-03-12T02:18:48.758+0000] {logging_mixin.py:188} INFO - [2026-03-12T02:18:48.758+0000] {dagbag.py:538} INFO - Filling up the DagBag from /home/airflow/.local/lib/python3.8/site-packages/airflow/example_dags/example_branch_python_dop_operator_3.py
[2026-03-12T02:18:48.762+0000] {processor.py:840} INFO - DAG(s) 'example_branch_dop_operator_v3' retrieved from /home/airflow/.local/lib/python3.8/site-packages/airflow/example_dags/example_branch_python_dop_operator_3.py
[2026-03-12T02:18:48.772+0000] {logging_mixin.py:188} INFO - [2026-03-12T02:18:48.772+0000] {dag.py:3036} INFO - Sync 1 DAGs
[2026-03-12T02:18:48.786+0000] {logging_mixin.py:188} INFO - [2026-03-12T02:18:48.786+0000] {dag.py:3823} INFO - Setting next_dagrun for example_branch_dop_operator_v3 to 2026-03-12 02:17:00+00:00, run_after=2026-03-12 02:18:00+00:00
[2026-03-12T02:18:48.801+0000] {processor.py:183} INFO - Processing /home/airflow/.local/lib/python3.8/site-packages/airflow/example_dags/example_branch_python_dop_operator_3.py took 0.049 seconds
[2026-03-12T02:19:18.821+0000] {processor.py:161} INFO - Started process (PID=732) to work on /home/airflow/.local/lib/python3.8/site-packages/airflow/example_dags/example_branch_python_dop_operator_3.py
[2026-03-12T02:19:18.822+0000] {processor.py:830} INFO - Processing file /home/airflow/.local/lib/python3.8/site-packages/airflow/example_dags/example_branch_python_dop_operator_3.py for tasks to queue
[2026-03-12T02:19:18.823+0000] {logging_mixin.py:188} INFO - [2026-03-12T02:19:18.823+0000] {dagbag.py:538} INFO - Filling up the DagBag from /home/airflow/.local/lib/python3.8/site-packages/airflow/example_dags/example_branch_python_dop_operator_3.py
[2026-03-12T02:19:18.827+0000] {processor.py:840} INFO - DAG(s) 'example_branch_dop_operator_v3' retrieved from /home/airflow/.local/lib/python3.8/site-packages/airflow/example_dags/example_branch_python_dop_operator_3.py
[2026-03-12T02:19:18.839+0000] {logging_mixin.py:188} INFO - [2026-03-12T02:19:18.839+0000] {dag.py:3036} INFO - Sync 1 DAGs
[2026-03-12T02:19:18.848+0000] {logging_mixin.py:188} INFO - [2026-03-12T02:19:18.848+0000] {dag.py:3823} INFO - Setting next_dagrun for example_branch_dop_operator_v3 to 2026-03-12 02:18:00+00:00, run_after=2026-03-12 02:19:00+00:00
[2026-03-12T02:19:18.859+0000] {processor.py:183} INFO - Processing /home/airflow/.local/lib/python3.8/site-packages/airflow/example_dags/example_branch_python_dop_operator_3.py took 0.040 seconds
[2026-03-12T02:19:49.816+0000] {processor.py:161} INFO - Started process (PID=808) to work on /home/airflow/.local/lib/python3.8/site-packages/airflow/example_dags/example_branch_python_dop_operator_3.py
[2026-03-12T02:19:49.817+0000] {processor.py:830} INFO - Processing file /home/airflow/.local/lib/python3.8/site-packages/airflow/example_dags/example_branch_python_dop_operator_3.py for tasks to queue
[2026-03-12T02:19:49.818+0000] {logging_mixin.py:188} INFO - [2026-03-12T02:19:49.818+0000] {dagbag.py:538} INFO - Filling up the DagBag from /home/airflow/.local/lib/python3.8/site-packages/airflow/example_dags/example_branch_python_dop_operator_3.py
[2026-03-12T02:19:49.822+0000] {processor.py:840} INFO - DAG(s) 'example_branch_dop_operator_v3' retrieved from /home/airflow/.local/lib/python3.8/site-packages/airflow/example_dags/example_branch_python_dop_operator_3.py
[2026-03-12T02:19:49.831+0000] {logging_mixin.py:188} INFO - [2026-03-12T02:19:49.831+0000] {dag.py:3036} INFO - Sync 1 DAGs
[2026-03-12T02:19:49.841+0000] {logging_mixin.py:188} INFO - [2026-03-12T02:19:49.841+0000] {dag.py:3823} INFO - Setting next_dagrun for example_branch_dop_operator_v3 to 2026-03-12 02:18:00+00:00, run_after=2026-03-12 02:19:00+00:00
[2026-03-12T02:19:49.847+0000] {processor.py:183} INFO - Processing /home/airflow/.local/lib/python3.8/site-packages/airflow/example_dags/example_branch_python_dop_operator_3.py took 0.032 seconds
[2026-03-12T02:20:20.816+0000] {processor.py:161} INFO - Started process (PID=884) to work on /home/airflow/.local/lib/python3.8/site-packages/airflow/example_dags/example_branch_python_dop_operator_3.py
[2026-03-12T02:20:20.816+0000] {processor.py:830} INFO - Processing file /home/airflow/.local/lib/python3.8/site-packages/airflow/example_dags/example_branch_python_dop_operator_3.py for tasks to queue
[2026-03-12T02:20:20.817+0000] {logging_mixin.py:188} INFO - [2026-03-12T02:20:20.817+0000] {dagbag.py:538} INFO - Filling up the DagBag from /home/airflow/.local/lib/python3.8/site-packages/airflow/example_dags/example_branch_python_dop_operator_3.py
[2026-03-12T02:20:20.821+0000] {processor.py:840} INFO - DAG(s) 'example_branch_dop_operator_v3' retrieved from /home/airflow/.local/lib/python3.8/site-packages/airflow/example_dags/example_branch_python_dop_operator_3.py
[2026-03-12T02:20:20.829+0000] {logging_mixin.py:188} INFO - [2026-03-12T02:20:20.829+0000] {dag.py:3036} INFO - Sync 1 DAGs
[2026-03-12T02:20:20.838+0000] {logging_mixin.py:188} INFO - [2026-03-12T02:20:20.837+0000] {dag.py:3823} INFO - Setting next_dagrun for example_branch_dop_operator_v3 to 2026-03-12 02:19:00+00:00, run_after=2026-03-12 02:20:00+00:00
[2026-03-12T02:20:20.843+0000] {processor.py:183} INFO - Processing /home/airflow/.local/lib/python3.8/site-packages/airflow/example_dags/example_branch_python_dop_operator_3.py took 0.029 seconds
[2026-03-12T02:20:52.639+0000] {processor.py:161} INFO - Started process (PID=960) to work on /home/airflow/.local/lib/python3.8/site-packages/airflow/example_dags/example_branch_python_dop_operator_3.py
[2026-03-12T02:20:52.640+0000] {processor.py:830} INFO - Processing file /home/airflow/.local/lib/python3.8/site-packages/airflow/example_dags/example_branch_python_dop_operator_3.py for tasks to queue
[2026-03-12T02:20:52.641+0000] {logging_mixin.py:188} INFO - [2026-03-12T02:20:52.641+0000] {dagbag.py:538} INFO - Filling up the DagBag from /home/airflow/.local/lib/python3.8/site-packages/airflow/example_dags/example_branch_python_dop_operator_3.py
[2026-03-12T02:20:52.647+0000] {processor.py:840} INFO - DAG(s) 'example_branch_dop_operator_v3' retrieved from /home/airflow/.local/lib/python3.8/site-packages/airflow/example_dags/example_branch_python_dop_operator_3.py
[2026-03-12T02:20:52.659+0000] {logging_mixin.py:188} INFO - [2026-03-12T02:20:52.658+0000] {dag.py:3036} INFO - Sync 1 DAGs
[2026-03-12T02:20:52.670+0000] {logging_mixin.py:188} INFO - [2026-03-12T02:20:52.669+0000] {dag.py:3823} INFO - Setting next_dagrun for example_branch_dop_operator_v3 to 2026-03-12 02:19:00+00:00, run_after=2026-03-12 02:20:00+00:00
[2026-03-12T02:20:52.686+0000] {processor.py:183} INFO - Processing /home/airflow/.local/lib/python3.8/site-packages/airflow/example_dags/example_branch_python_dop_operator_3.py took 0.049 seconds
[2026-03-12T02:21:23.111+0000] {processor.py:161} INFO - Started process (PID=1036) to work on /home/airflow/.local/lib/python3.8/site-packages/airflow/example_dags/example_branch_python_dop_operator_3.py
[2026-03-12T02:21:23.112+0000] {processor.py:830} INFO - Processing file /home/airflow/.local/lib/python3.8/site-packages/airflow/example_dags/example_branch_python_dop_operator_3.py for tasks to queue
[2026-03-12T02:21:23.113+0000] {logging_mixin.py:188} INFO - [2026-03-12T02:21:23.113+0000] {dagbag.py:538} INFO - Filling up the DagBag from /home/airflow/.local/lib/python3.8/site-packages/airflow/example_dags/example_branch_python_dop_operator_3.py
[2026-03-12T02:21:23.117+0000] {processor.py:840} INFO - DAG(s) 'example_branch_dop_operator_v3' retrieved from /home/airflow/.local/lib/python3.8/site-packages/airflow/example_dags/example_branch_python_dop_operator_3.py
[2026-03-12T02:21:23.125+0000] {logging_mixin.py:188} INFO - [2026-03-12T02:21:23.125+0000] {dag.py:3036} INFO - Sync 1 DAGs
[2026-03-12T02:21:23.134+0000] {logging_mixin.py:188} INFO - [2026-03-12T02:21:23.134+0000] {dag.py:3823} INFO - Setting next_dagrun for example_branch_dop_operator_v3 to 2026-03-12 02:20:00+00:00, run_after=2026-03-12 02:21:00+00:00
[2026-03-12T02:21:23.144+0000] {processor.py:183} INFO - Processing /home/airflow/.local/lib/python3.8/site-packages/airflow/example_dags/example_branch_python_dop_operator_3.py took 0.034 seconds
[2026-03-12T02:21:53.560+0000] {processor.py:161} INFO - Started process (PID=1112) to work on /home/airflow/.local/lib/python3.8/site-packages/airflow/example_dags/example_branch_python_dop_operator_3.py
[2026-03-12T02:21:53.561+0000] {processor.py:830} INFO - Processing file /home/airflow/.local/lib/python3.8/site-packages/airflow/example_dags/example_branch_python_dop_operator_3.py for tasks to queue
[2026-03-12T02:21:53.562+0000] {logging_mixin.py:188} INFO - [2026-03-12T02:21:53.562+0000] {dagbag.py:538} INFO - Filling up the DagBag from /home/airflow/.local/lib/python3.8/site-packages/airflow/example_dags/example_branch_python_dop_operator_3.py
[2026-03-12T02:21:53.566+0000] {processor.py:840} INFO - DAG(s) 'example_branch_dop_operator_v3' retrieved from /home/airflow/.local/lib/python3.8/site-packages/airflow/example_dags/example_branch_python_dop_operator_3.py
[2026-03-12T02:21:53.576+0000] {logging_mixin.py:188} INFO - [2026-03-12T02:21:53.576+0000] {dag.py:3036} INFO - Sync 1 DAGs
[2026-03-12T02:21:53.591+0000] {logging_mixin.py:188} INFO - [2026-03-12T02:21:53.591+0000] {dag.py:3823} INFO - Setting next_dagrun for example_branch_dop_operator_v3 to 2026-03-12 02:20:00+00:00, run_after=2026-03-12 02:21:00+00:00
[2026-03-12T02:21:53.603+0000] {processor.py:183} INFO - Processing /home/airflow/.local/lib/python3.8/site-packages/airflow/example_dags/example_branch_python_dop_operator_3.py took 0.044 seconds
[2026-03-12T02:22:23.814+0000] {processor.py:161} INFO - Started process (PID=1188) to work on /home/airflow/.local/lib/python3.8/site-packages/airflow/example_dags/example_branch_python_dop_operator_3.py
[2026-03-12T02:22:23.815+0000] {processor.py:830} INFO - Processing file /home/airflow/.local/lib/python3.8/site-packages/airflow/example_dags/example_branch_python_dop_operator_3.py for tasks to queue
[2026-03-12T02:22:23.817+0000] {logging_mixin.py:188} INFO - [2026-03-12T02:22:23.817+0000] {dagbag.py:538} INFO - Filling up the DagBag from /home/airflow/.local/lib/python3.8/site-packages/airflow/example_dags/example_branch_python_dop_operator_3.py
[2026-03-12T02:22:23.822+0000] {processor.py:840} INFO - DAG(s) 'example_branch_dop_operator_v3' retrieved from /home/airflow/.local/lib/python3.8/site-packages/airflow/example_dags/example_branch_python_dop_operator_3.py
[2026-03-12T02:22:23.832+0000] {logging_mixin.py:188} INFO - [2026-03-12T02:22:23.832+0000] {dag.py:3036} INFO - Sync 1 DAGs
[2026-03-12T02:22:23.842+0000] {logging_mixin.py:188} INFO - [2026-03-12T02:22:23.842+0000] {dag.py:3823} INFO - Setting next_dagrun for example_branch_dop_operator_v3 to 2026-03-12 02:21:00+00:00, run_after=2026-03-12 02:22:00+00:00
[2026-03-12T02:22:23.854+0000] {processor.py:183} INFO - Processing /home/airflow/.local/lib/python3.8/site-packages/airflow/example_dags/example_branch_python_dop_operator_3.py took 0.041 seconds
[2026-03-12T02:22:55.032+0000] {processor.py:161} INFO - Started process (PID=1264) to work on /home/airflow/.local/lib/python3.8/site-packages/airflow/example_dags/example_branch_python_dop_operator_3.py
[2026-03-12T02:22:55.033+0000] {processor.py:830} INFO - Processing file /home/airflow/.local/lib/python3.8/site-packages/airflow/example_dags/example_branch_python_dop_operator_3.py for tasks to queue
[2026-03-12T02:22:55.034+0000] {logging_mixin.py:188} INFO - [2026-03-12T02:22:55.034+0000] {dagbag.py:538} INFO - Filling up the DagBag from /home/airflow/.local/lib/python3.8/site-packages/airflow/example_dags/example_branch_python_dop_operator_3.py
[2026-03-12T02:22:55.038+0000] {processor.py:840} INFO - DAG(s) 'example_branch_dop_operator_v3' retrieved from /home/airflow/.local/lib/python3.8/site-packages/airflow/example_dags/example_branch_python_dop_operator_3.py
[2026-03-12T02:22:55.047+0000] {logging_mixin.py:188} INFO - [2026-03-12T02:22:55.047+0000] {dag.py:3036} INFO - Sync 1 DAGs
[2026-03-12T02:22:55.062+0000] {logging_mixin.py:188} INFO - [2026-03-12T02:22:55.062+0000] {dag.py:3823} INFO - Setting next_dagrun for example_branch_dop_operator_v3 to 2026-03-12 02:21:00+00:00, run_after=2026-03-12 02:22:00+00:00
[2026-03-12T02:22:55.075+0000] {processor.py:183} INFO - Processing /home/airflow/.local/lib/python3.8/site-packages/airflow/example_dags/example_branch_python_dop_operator_3.py took 0.045 seconds
[2026-03-12T02:23:26.226+0000] {processor.py:161} INFO - Started process (PID=1340) to work on /home/airflow/.local/lib/python3.8/site-packages/airflow/example_dags/example_branch_python_dop_operator_3.py
[2026-03-12T02:23:26.227+0000] {processor.py:830} INFO - Processing file /home/airflow/.local/lib/python3.8/site-packages/airflow/example_dags/example_branch_python_dop_operator_3.py for tasks to queue
[2026-03-12T02:23:26.228+0000] {logging_mixin.py:188} INFO - [2026-03-12T02:23:26.228+0000] {dagbag.py:538} INFO - Filling up the DagBag from /home/airflow/.local/lib/python3.8/site-packages/airflow/example_dags/example_branch_python_dop_operator_3.py
[2026-03-12T02:23:26.233+0000] {processor.py:840} INFO - DAG(s) 'example_branch_dop_operator_v3' retrieved from /home/airflow/.local/lib/python3.8/site-packages/airflow/example_dags/example_branch_python_dop_operator_3.py
[2026-03-12T02:23:26.244+0000] {logging_mixin.py:188} INFO - [2026-03-12T02:23:26.244+0000] {dag.py:3036} INFO - Sync 1 DAGs
[2026-03-12T02:23:26.256+0000] {logging_mixin.py:188} INFO - [2026-03-12T02:23:26.256+0000] {dag.py:3823} INFO - Setting next_dagrun for example_branch_dop_operator_v3 to 2026-03-12 02:22:00+00:00, run_after=2026-03-12 02:23:00+00:00
[2026-03-12T02:23:26.265+0000] {processor.py:183} INFO - Processing /home/airflow/.local/lib/python3.8/site-packages/airflow/example_dags/example_branch_python_dop_operator_3.py took 0.041 seconds
[2026-03-12T02:23:57.436+0000] {processor.py:161} INFO - Started process (PID=1416) to work on /home/airflow/.local/lib/python3.8/site-packages/airflow/example_dags/example_branch_python_dop_operator_3.py
[2026-03-12T02:23:57.438+0000] {processor.py:830} INFO - Processing file /home/airflow/.local/lib/python3.8/site-packages/airflow/example_dags/example_branch_python_dop_operator_3.py for tasks to queue
[2026-03-12T02:23:57.440+0000] {logging_mixin.py:188} INFO - [2026-03-12T02:23:57.439+0000] {dagbag.py:538} INFO - Filling up the DagBag from /home/airflow/.local/lib/python3.8/site-packages/airflow/example_dags/example_branch_python_dop_operator_3.py
[2026-03-12T02:23:57.444+0000] {processor.py:840} INFO - DAG(s) 'example_branch_dop_operator_v3' retrieved from /home/airflow/.local/lib/python3.8/site-packages/airflow/example_dags/example_branch_python_dop_operator_3.py
[2026-03-12T02:23:57.454+0000] {logging_mixin.py:188} INFO - [2026-03-12T02:23:57.454+0000] {dag.py:3036} INFO - Sync 1 DAGs
[2026-03-12T02:23:57.465+0000] {logging_mixin.py:188} INFO - [2026-03-12T02:23:57.465+0000] {dag.py:3823} INFO - Setting next_dagrun for example_branch_dop_operator_v3 to 2026-03-12 02:22:00+00:00, run_after=2026-03-12 02:23:00+00:00
[2026-03-12T02:23:57.481+0000] {processor.py:183} INFO - Processing /home/airflow/.local/lib/python3.8/site-packages/airflow/example_dags/example_branch_python_dop_operator_3.py took 0.047 seconds
[2026-03-12T02:24:28.205+0000] {processor.py:161} INFO - Started process (PID=1492) to work on /home/airflow/.local/lib/python3.8/site-packages/airflow/example_dags/example_branch_python_dop_operator_3.py
[2026-03-12T02:24:28.208+0000] {processor.py:830} INFO - Processing file /home/airflow/.local/lib/python3.8/site-packages/airflow/example_dags/example_branch_python_dop_operator_3.py for tasks to queue
[2026-03-12T02:24:28.209+0000] {logging_mixin.py:188} INFO - [2026-03-12T02:24:28.209+0000] {dagbag.py:538} INFO - Filling up the DagBag from /home/airflow/.local/lib/python3.8/site-packages/airflow/example_dags/example_branch_python_dop_operator_3.py
[2026-03-12T02:24:28.213+0000] {processor.py:840} INFO - DAG(s) 'example_branch_dop_operator_v3' retrieved from /home/airflow/.local/lib/python3.8/site-packages/airflow/example_dags/example_branch_python_dop_operator_3.py
[2026-03-12T02:24:28.221+0000] {logging_mixin.py:188} INFO - [2026-03-12T02:24:28.221+0000] {dag.py:3036} INFO - Sync 1 DAGs
[2026-03-12T02:24:28.234+0000] {logging_mixin.py:188} INFO - [2026-03-12T02:24:28.234+0000] {dag.py:3823} INFO - Setting next_dagrun for example_branch_dop_operator_v3 to 2026-03-12 02:23:00+00:00, run_after=2026-03-12 02:24:00+00:00
[2026-03-12T02:24:28.328+0000] {processor.py:183} INFO - Processing /home/airflow/.local/lib/python3.8/site-packages/airflow/example_dags/example_branch_python_dop_operator_3.py took 0.125 seconds
[2026-03-12T02:24:58.466+0000] {processor.py:161} INFO - Started process (PID=1568) to work on /home/airflow/.local/lib/python3.8/site-packages/airflow/example_dags/example_branch_python_dop_operator_3.py
[2026-03-12T02:24:58.467+0000] {processor.py:830} INFO - Processing file /home/airflow/.local/lib/python3.8/site-packages/airflow/example_dags/example_branch_python_dop_operator_3.py for tasks to queue
[2026-03-12T02:24:58.468+0000] {logging_mixin.py:188} INFO - [2026-03-12T02:24:58.468+0000] {dagbag.py:538} INFO - Filling up the DagBag from /home/airflow/.local/lib/python3.8/site-packages/airflow/example_dags/example_branch_python_dop_operator_3.py
[2026-03-12T02:24:58.474+0000] {processor.py:840} INFO - DAG(s) 'example_branch_dop_operator_v3' retrieved from /home/airflow/.local/lib/python3.8/site-packages/airflow/example_dags/example_branch_python_dop_operator_3.py
[2026-03-12T02:24:58.485+0000] {logging_mixin.py:188} INFO - [2026-03-12T02:24:58.485+0000] {dag.py:3036} INFO - Sync 1 DAGs
[2026-03-12T02:24:58.494+0000] {logging_mixin.py:188} INFO - [2026-03-12T02:24:58.494+0000] {dag.py:3823} INFO - Setting next_dagrun for example_branch_dop_operator_v3 to 2026-03-12 02:23:00+00:00, run_after=2026-03-12 02:24:00+00:00
[2026-03-12T02:24:58.501+0000] {processor.py:183} INFO - Processing /home/airflow/.local/lib/python3.8/site-packages/airflow/example_dags/example_branch_python_dop_operator_3.py took 0.036 seconds
[2026-03-12T02:25:29.268+0000] {processor.py:161} INFO - Started process (PID=1644) to work on /home/airflow/.local/lib/python3.8/site-packages/airflow/example_dags/example_branch_python_dop_operator_3.py
[2026-03-12T02:25:29.270+0000] {processor.py:830} INFO - Processing file /home/airflow/.local/lib/python3.8/site-packages/airflow/example_dags/example_branch_python_dop_operator_3.py for tasks to queue
[2026-03-12T02:25:29.270+0000] {logging_mixin.py:188} INFO - [2026-03-12T02:25:29.270+0000] {dagbag.py:538} INFO - Filling up the DagBag from /home/airflow/.local/lib/python3.8/site-packages/airflow/example_dags/example_branch_python_dop_operator_3.py
[2026-03-12T02:25:29.274+0000] {processor.py:840} INFO - DAG(s) 'example_branch_dop_operator_v3' retrieved from /home/airflow/.local/lib/python3.8/site-packages/airflow/example_dags/example_branch_python_dop_operator_3.py
[2026-03-12T02:25:29.289+0000] {logging_mixin.py:188} INFO - [2026-03-12T02:25:29.289+0000] {dag.py:3036} INFO - Sync 1 DAGs
[2026-03-12T02:25:29.298+0000] {logging_mixin.py:188} INFO - [2026-03-12T02:25:29.298+0000] {dag.py:3823} INFO - Setting next_dagrun for example_branch_dop_operator_v3 to 2026-03-12 02:24:00+00:00, run_after=2026-03-12 02:25:00+00:00
[2026-03-12T02:25:29.305+0000] {processor.py:183} INFO - Processing /home/airflow/.local/lib/python3.8/site-packages/airflow/example_dags/example_branch_python_dop_operator_3.py took 0.039 seconds
[2026-03-12T02:26:00.017+0000] {processor.py:161} INFO - Started process (PID=1720) to work on /home/airflow/.local/lib/python3.8/site-packages/airflow/example_dags/example_branch_python_dop_operator_3.py
[2026-03-12T02:26:00.018+0000] {processor.py:830} INFO - Processing file /home/airflow/.local/lib/python3.8/site-packages/airflow/example_dags/example_branch_python_dop_operator_3.py for tasks to queue
[2026-03-12T02:26:00.019+0000] {logging_mixin.py:188} INFO - [2026-03-12T02:26:00.019+0000] {dagbag.py:538} INFO - Filling up the DagBag from /home/airflow/.local/lib/python3.8/site-packages/airflow/example_dags/example_branch_python_dop_operator_3.py
[2026-03-12T02:26:00.024+0000] {processor.py:840} INFO - DAG(s) 'example_branch_dop_operator_v3' retrieved from /home/airflow/.local/lib/python3.8/site-packages/airflow/example_dags/example_branch_python_dop_operator_3.py
[2026-03-12T02:26:00.033+0000] {logging_mixin.py:188} INFO - [2026-03-12T02:26:00.033+0000] {dag.py:3036} INFO - Sync 1 DAGs
[2026-03-12T02:26:00.043+0000] {logging_mixin.py:188} INFO - [2026-03-12T02:26:00.043+0000] {dag.py:3823} INFO - Setting next_dagrun for example_branch_dop_operator_v3 to 2026-03-12 02:25:00+00:00, run_after=2026-03-12 02:26:00+00:00
[2026-03-12T02:26:00.056+0000] {processor.py:183} INFO - Processing /home/airflow/.local/lib/python3.8/site-packages/airflow/example_dags/example_branch_python_dop_operator_3.py took 0.040 seconds
[2026-03-12T02:26:30.842+0000] {processor.py:161} INFO - Started process (PID=1796) to work on /home/airflow/.local/lib/python3.8/site-packages/airflow/example_dags/example_branch_python_dop_operator_3.py
[2026-03-12T02:26:30.843+0000] {processor.py:830} INFO - Processing file /home/airflow/.local/lib/python3.8/site-packages/airflow/example_dags/example_branch_python_dop_operator_3.py for tasks to queue
[2026-03-12T02:26:30.844+0000] {logging_mixin.py:188} INFO - [2026-03-12T02:26:30.844+0000] {dagbag.py:538} INFO - Filling up the DagBag from /home/airflow/.local/lib/python3.8/site-packages/airflow/example_dags/example_branch_python_dop_operator_3.py
[2026-03-12T02:26:30.847+0000] {processor.py:840} INFO - DAG(s) 'example_branch_dop_operator_v3' retrieved from /home/airflow/.local/lib/python3.8/site-packages/airflow/example_dags/example_branch_python_dop_operator_3.py
[2026-03-12T02:26:30.858+0000] {logging_mixin.py:188} INFO - [2026-03-12T02:26:30.858+0000] {dag.py:3036} INFO - Sync 1 DAGs
[2026-03-12T02:26:30.866+0000] {logging_mixin.py:188} INFO - [2026-03-12T02:26:30.866+0000] {dag.py:3823} INFO - Setting next_dagrun for example_branch_dop_operator_v3 to 2026-03-12 02:25:00+00:00, run_after=2026-03-12 02:26:00+00:00
[2026-03-12T02:26:30.876+0000] {processor.py:183} INFO - Processing /home/airflow/.local/lib/python3.8/site-packages/airflow/example_dags/example_branch_python_dop_operator_3.py took 0.035 seconds
[2026-03-12T02:27:01.570+0000] {processor.py:161} INFO - Started process (PID=1872) to work on /home/airflow/.local/lib/python3.8/site-packages/airflow/example_dags/example_branch_python_dop_operator_3.py
[2026-03-12T02:27:01.571+0000] {processor.py:830} INFO - Processing file /home/airflow/.local/lib/python3.8/site-packages/airflow/example_dags/example_branch_python_dop_operator_3.py for tasks to queue
[2026-03-12T02:27:01.572+0000] {logging_mixin.py:188} INFO - [2026-03-12T02:27:01.572+0000] {dagbag.py:538} INFO - Filling up the DagBag from /home/airflow/.local/lib/python3.8/site-packages/airflow/example_dags/example_branch_python_dop_operator_3.py
[2026-03-12T02:27:01.575+0000] {processor.py:840} INFO - DAG(s) 'example_branch_dop_operator_v3' retrieved from /home/airflow/.local/lib/python3.8/site-packages/airflow/example_dags/example_branch_python_dop_operator_3.py
[2026-03-12T02:27:01.583+0000] {logging_mixin.py:188} INFO - [2026-03-12T02:27:01.583+0000] {dag.py:3036} INFO - Sync 1 DAGs
[2026-03-12T02:27:01.596+0000] {logging_mixin.py:188} INFO - [2026-03-12T02:27:01.596+0000] {dag.py:3823} INFO - Setting next_dagrun for example_branch_dop_operator_v3 to 2026-03-12 02:26:00+00:00, run_after=2026-03-12 02:27:00+00:00
[2026-03-12T02:27:01.607+0000] {processor.py:183} INFO - Processing /home/airflow/.local/lib/python3.8/site-packages/airflow/example_dags/example_branch_python_dop_operator_3.py took 0.039 seconds
[2026-03-12T02:27:32.360+0000] {processor.py:161} INFO - Started process (PID=1948) to work on /home/airflow/.local/lib/python3.8/site-packages/airflow/example_dags/example_branch_python_dop_operator_3.py
[2026-03-12T02:27:32.362+0000] {processor.py:830} INFO - Processing file /home/airflow/.local/lib/python3.8/site-packages/airflow/example_dags/example_branch_python_dop_operator_3.py for tasks to queue
[2026-03-12T02:27:32.363+0000] {logging_mixin.py:188} INFO - [2026-03-12T02:27:32.363+0000] {dagbag.py:538} INFO - Filling up the DagBag from /home/airflow/.local/lib/python3.8/site-packages/airflow/example_dags/example_branch_python_dop_operator_3.py
[2026-03-12T02:27:32.366+0000] {processor.py:840} INFO - DAG(s) 'example_branch_dop_operator_v3' retrieved from /home/airflow/.local/lib/python3.8/site-packages/airflow/example_dags/example_branch_python_dop_operator_3.py
[2026-03-12T02:27:32.377+0000] {logging_mixin.py:188} INFO - [2026-03-12T02:27:32.377+0000] {dag.py:3036} INFO - Sync 1 DAGs
[2026-03-12T02:27:32.386+0000] {logging_mixin.py:188} INFO - [2026-03-12T02:27:32.386+0000] {dag.py:3823} INFO - Setting next_dagrun for example_branch_dop_operator_v3 to 2026-03-12 02:26:00+00:00, run_after=2026-03-12 02:27:00+00:00
[2026-03-12T02:27:32.395+0000] {processor.py:183} INFO - Processing /home/airflow/.local/lib/python3.8/site-packages/airflow/example_dags/example_branch_python_dop_operator_3.py took 0.037 seconds
[2026-03-12T02:28:03.126+0000] {processor.py:161} INFO - Started process (PID=2024) to work on /home/airflow/.local/lib/python3.8/site-packages/airflow/example_dags/example_branch_python_dop_operator_3.py
[2026-03-12T02:28:03.127+0000] {processor.py:830} INFO - Processing file /home/airflow/.local/lib/python3.8/site-packages/airflow/example_dags/example_branch_python_dop_operator_3.py for tasks to queue
[2026-03-12T02:28:03.128+0000] {logging_mixin.py:188} INFO - [2026-03-12T02:28:03.128+0000] {dagbag.py:538} INFO - Filling up the DagBag from /home/airflow/.local/lib/python3.8/site-packages/airflow/example_dags/example_branch_python_dop_operator_3.py
[2026-03-12T02:28:03.131+0000] {processor.py:840} INFO - DAG(s) 'example_branch_dop_operator_v3' retrieved from /home/airflow/.local/lib/python3.8/site-packages/airflow/example_dags/example_branch_python_dop_operator_3.py
[2026-03-12T02:28:03.143+0000] {logging_mixin.py:188} INFO - [2026-03-12T02:28:03.143+0000] {dag.py:3036} INFO - Sync 1 DAGs
[2026-03-12T02:28:03.154+0000] {logging_mixin.py:188} INFO - [2026-03-12T02:28:03.154+0000] {dag.py:3823} INFO - Setting next_dagrun for example_branch_dop_operator_v3 to 2026-03-12 02:27:00+00:00, run_after=2026-03-12 02:28:00+00:00
[2026-03-12T02:28:03.161+0000] {processor.py:183} INFO - Processing /home/airflow/.local/lib/python3.8/site-packages/airflow/example_dags/example_branch_python_dop_operator_3.py took 0.037 seconds
[2026-03-12T02:28:33.879+0000] {processor.py:161} INFO - Started process (PID=2100) to work on /home/airflow/.local/lib/python3.8/site-packages/airflow/example_dags/example_branch_python_dop_operator_3.py
[2026-03-12T02:28:33.880+0000] {processor.py:830} INFO - Processing file /home/airflow/.local/lib/python3.8/site-packages/airflow/example_dags/example_branch_python_dop_operator_3.py for tasks to queue
[2026-03-12T02:28:33.881+0000] {logging_mixin.py:188} INFO - [2026-03-12T02:28:33.880+0000] {dagbag.py:538} INFO - Filling up the DagBag from /home/airflow/.local/lib/python3.8/site-packages/airflow/example_dags/example_branch_python_dop_operator_3.py
[2026-03-12T02:28:33.884+0000] {processor.py:840} INFO - DAG(s) 'example_branch_dop_operator_v3' retrieved from /home/airflow/.local/lib/python3.8/site-packages/airflow/example_dags/example_branch_python_dop_operator_3.py
[2026-03-12T02:28:33.896+0000] {logging_mixin.py:188} INFO - [2026-03-12T02:28:33.896+0000] {dag.py:3036} INFO - Sync 1 DAGs
[2026-03-12T02:28:33.906+0000] {logging_mixin.py:188} INFO - [2026-03-12T02:28:33.906+0000] {dag.py:3823} INFO - Setting next_dagrun for example_branch_dop_operator_v3 to 2026-03-12 02:27:00+00:00, run_after=2026-03-12 02:28:00+00:00
[2026-03-12T02:28:33.917+0000] {processor.py:183} INFO - Processing /home/airflow/.local/lib/python3.8/site-packages/airflow/example_dags/example_branch_python_dop_operator_3.py took 0.039 seconds
[2026-03-12T02:29:04.861+0000] {processor.py:161} INFO - Started process (PID=2176) to work on /home/airflow/.local/lib/python3.8/site-packages/airflow/example_dags/example_branch_python_dop_operator_3.py
[2026-03-12T02:29:04.863+0000] {processor.py:830} INFO - Processing file /home/airflow/.local/lib/python3.8/site-packages/airflow/example_dags/example_branch_python_dop_operator_3.py for tasks to queue
[2026-03-12T02:29:04.864+0000] {logging_mixin.py:188} INFO - [2026-03-12T02:29:04.864+0000] {dagbag.py:538} INFO - Filling up the DagBag from /home/airflow/.local/lib/python3.8/site-packages/airflow/example_dags/example_branch_python_dop_operator_3.py
[2026-03-12T02:29:04.870+0000] {processor.py:840} INFO - DAG(s) 'example_branch_dop_operator_v3' retrieved from /home/airflow/.local/lib/python3.8/site-packages/airflow/example_dags/example_branch_python_dop_operator_3.py
[2026-03-12T02:29:04.881+0000] {logging_mixin.py:188} INFO - [2026-03-12T02:29:04.881+0000] {dag.py:3036} INFO - Sync 1 DAGs
[2026-03-12T02:29:04.891+0000] {logging_mixin.py:188} INFO - [2026-03-12T02:29:04.891+0000] {dag.py:3823} INFO - Setting next_dagrun for example_branch_dop_operator_v3 to 2026-03-12 02:28:00+00:00, run_after=2026-03-12 02:29:00+00:00
[2026-03-12T02:29:04.899+0000] {processor.py:183} INFO - Processing /home/airflow/.local/lib/python3.8/site-packages/airflow/example_dags/example_branch_python_dop_operator_3.py took 0.039 seconds
[2026-03-12T02:29:35.874+0000] {processor.py:161} INFO - Started process (PID=2252) to work on /home/airflow/.local/lib/python3.8/site-packages/airflow/example_dags/example_branch_python_dop_operator_3.py
[2026-03-12T02:29:35.874+0000] {processor.py:830} INFO - Processing file /home/airflow/.local/lib/python3.8/site-packages/airflow/example_dags/example_branch_python_dop_operator_3.py for tasks to queue
[2026-03-12T02:29:35.875+0000] {logging_mixin.py:188} INFO - [2026-03-12T02:29:35.875+0000] {dagbag.py:538} INFO - Filling up the DagBag from /home/airflow/.local/lib/python3.8/site-packages/airflow/example_dags/example_branch_python_dop_operator_3.py
[2026-03-12T02:29:35.879+0000] {processor.py:840} INFO - DAG(s) 'example_branch_dop_operator_v3' retrieved from /home/airflow/.local/lib/python3.8/site-packages/airflow/example_dags/example_branch_python_dop_operator_3.py
[2026-03-12T02:29:35.890+0000] {logging_mixin.py:188} INFO - [2026-03-12T02:29:35.889+0000] {dag.py:3036} INFO - Sync 1 DAGs
[2026-03-12T02:29:35.899+0000] {logging_mixin.py:188} INFO - [2026-03-12T02:29:35.899+0000] {dag.py:3823} INFO - Setting next_dagrun for example_branch_dop_operator_v3 to 2026-03-12 02:28:00+00:00, run_after=2026-03-12 02:29:00+00:00
[2026-03-12T02:29:35.911+0000] {processor.py:183} INFO - Processing /home/airflow/.local/lib/python3.8/site-packages/airflow/example_dags/example_branch_python_dop_operator_3.py took 0.038 seconds
[2026-03-12T02:30:06.994+0000] {processor.py:161} INFO - Started process (PID=2328) to work on /home/airflow/.local/lib/python3.8/site-packages/airflow/example_dags/example_branch_python_dop_operator_3.py
[2026-03-12T02:30:06.996+0000] {processor.py:830} INFO - Processing file /home/airflow/.local/lib/python3.8/site-packages/airflow/example_dags/example_branch_python_dop_operator_3.py for tasks to queue
[2026-03-12T02:30:06.996+0000] {logging_mixin.py:188} INFO - [2026-03-12T02:30:06.996+0000] {dagbag.py:538} INFO - Filling up the DagBag from /home/airflow/.local/lib/python3.8/site-packages/airflow/example_dags/example_branch_python_dop_operator_3.py
[2026-03-12T02:30:07.000+0000] {processor.py:840} INFO - DAG(s) 'example_branch_dop_operator_v3' retrieved from /home/airflow/.local/lib/python3.8/site-packages/airflow/example_dags/example_branch_python_dop_operator_3.py
[2026-03-12T02:30:07.008+0000] {logging_mixin.py:188} INFO - [2026-03-12T02:30:07.008+0000] {dag.py:3036} INFO - Sync 1 DAGs
[2026-03-12T02:30:07.019+0000] {logging_mixin.py:188} INFO - [2026-03-12T02:30:07.019+0000] {dag.py:3823} INFO - Setting next_dagrun for example_branch_dop_operator_v3 to 2026-03-12 02:29:00+00:00, run_after=2026-03-12 02:30:00+00:00
[2026-03-12T02:30:07.028+0000] {processor.py:183} INFO - Processing /home/airflow/.local/lib/python3.8/site-packages/airflow/example_dags/example_branch_python_dop_operator_3.py took 0.036 seconds
[2026-03-12T02:30:37.886+0000] {processor.py:161} INFO - Started process (PID=2404) to work on /home/airflow/.local/lib/python3.8/site-packages/airflow/example_dags/example_branch_python_dop_operator_3.py
[2026-03-12T02:30:37.886+0000] {processor.py:830} INFO - Processing file /home/airflow/.local/lib/python3.8/site-packages/airflow/example_dags/example_branch_python_dop_operator_3.py for tasks to queue
[2026-03-12T02:30:37.887+0000] {logging_mixin.py:188} INFO - [2026-03-12T02:30:37.887+0000] {dagbag.py:538} INFO - Filling up the DagBag from /home/airflow/.local/lib/python3.8/site-packages/airflow/example_dags/example_branch_python_dop_operator_3.py
[2026-03-12T02:30:37.890+0000] {processor.py:840} INFO - DAG(s) 'example_branch_dop_operator_v3' retrieved from /home/airflow/.local/lib/python3.8/site-packages/airflow/example_dags/example_branch_python_dop_operator_3.py
[2026-03-12T02:30:37.897+0000] {logging_mixin.py:188} INFO - [2026-03-12T02:30:37.897+0000] {dag.py:3036} INFO - Sync 1 DAGs
[2026-03-12T02:30:37.905+0000] {logging_mixin.py:188} INFO - [2026-03-12T02:30:37.905+0000] {dag.py:3823} INFO - Setting next_dagrun for example_branch_dop_operator_v3 to 2026-03-12 02:29:00+00:00, run_after=2026-03-12 02:30:00+00:00
[2026-03-12T02:30:37.910+0000] {processor.py:183} INFO - Processing /home/airflow/.local/lib/python3.8/site-packages/airflow/example_dags/example_branch_python_dop_operator_3.py took 0.026 seconds
[2026-03-12T02:31:08.896+0000] {processor.py:161} INFO - Started process (PID=2480) to work on /home/airflow/.local/lib/python3.8/site-packages/airflow/example_dags/example_branch_python_dop_operator_3.py
[2026-03-12T02:31:08.899+0000] {processor.py:830} INFO - Processing file /home/airflow/.local/lib/python3.8/site-packages/airflow/example_dags/example_branch_python_dop_operator_3.py for tasks to queue
[2026-03-12T02:31:08.900+0000] {logging_mixin.py:188} INFO - [2026-03-12T02:31:08.899+0000] {dagbag.py:538} INFO - Filling up the DagBag from /home/airflow/.local/lib/python3.8/site-packages/airflow/example_dags/example_branch_python_dop_operator_3.py
[2026-03-12T02:31:08.904+0000] {processor.py:840} INFO - DAG(s) 'example_branch_dop_operator_v3' retrieved from /home/airflow/.local/lib/python3.8/site-packages/airflow/example_dags/example_branch_python_dop_operator_3.py
[2026-03-12T02:31:08.913+0000] {logging_mixin.py:188} INFO - [2026-03-12T02:31:08.913+0000] {dag.py:3036} INFO - Sync 1 DAGs
[2026-03-12T02:31:08.922+0000] {logging_mixin.py:188} INFO - [2026-03-12T02:31:08.922+0000] {dag.py:3823} INFO - Setting next_dagrun for example_branch_dop_operator_v3 to 2026-03-12 02:30:00+00:00, run_after=2026-03-12 02:31:00+00:00
[2026-03-12T02:31:08.929+0000] {processor.py:183} INFO - Processing /home/airflow/.local/lib/python3.8/site-packages/airflow/example_dags/example_branch_python_dop_operator_3.py took 0.034 seconds
[2026-03-12T02:31:39.846+0000] {processor.py:161} INFO - Started process (PID=2556) to work on /home/airflow/.local/lib/python3.8/site-packages/airflow/example_dags/example_branch_python_dop_operator_3.py
[2026-03-12T02:31:39.847+0000] {processor.py:830} INFO - Processing file /home/airflow/.local/lib/python3.8/site-packages/airflow/example_dags/example_branch_python_dop_operator_3.py for tasks to queue
[2026-03-12T02:31:39.848+0000] {logging_mixin.py:188} INFO - [2026-03-12T02:31:39.848+0000] {dagbag.py:538} INFO - Filling up the DagBag from /home/airflow/.local/lib/python3.8/site-packages/airflow/example_dags/example_branch_python_dop_operator_3.py
[2026-03-12T02:31:39.852+0000] {processor.py:840} INFO - DAG(s) 'example_branch_dop_operator_v3' retrieved from /home/airflow/.local/lib/python3.8/site-packages/airflow/example_dags/example_branch_python_dop_operator_3.py
[2026-03-12T02:31:39.860+0000] {logging_mixin.py:188} INFO - [2026-03-12T02:31:39.860+0000] {dag.py:3036} INFO - Sync 1 DAGs
[2026-03-12T02:31:39.872+0000] {logging_mixin.py:188} INFO - [2026-03-12T02:31:39.871+0000] {dag.py:3823} INFO - Setting next_dagrun for example_branch_dop_operator_v3 to 2026-03-12 02:30:00+00:00, run_after=2026-03-12 02:31:00+00:00
[2026-03-12T02:31:39.878+0000] {processor.py:183} INFO - Processing /home/airflow/.local/lib/python3.8/site-packages/airflow/example_dags/example_branch_python_dop_operator_3.py took 0.034 seconds
[2026-03-12T02:32:11.022+0000] {processor.py:161} INFO - Started process (PID=2638) to work on /home/airflow/.local/lib/python3.8/site-packages/airflow/example_dags/example_branch_python_dop_operator_3.py
[2026-03-12T02:32:11.024+0000] {processor.py:830} INFO - Processing file /home/airflow/.local/lib/python3.8/site-packages/airflow/example_dags/example_branch_python_dop_operator_3.py for tasks to queue
[2026-03-12T02:32:11.025+0000] {logging_mixin.py:188} INFO - [2026-03-12T02:32:11.025+0000] {dagbag.py:538} INFO - Filling up the DagBag from /home/airflow/.local/lib/python3.8/site-packages/airflow/example_dags/example_branch_python_dop_operator_3.py
[2026-03-12T02:32:11.029+0000] {processor.py:840} INFO - DAG(s) 'example_branch_dop_operator_v3' retrieved from /home/airflow/.local/lib/python3.8/site-packages/airflow/example_dags/example_branch_python_dop_operator_3.py
[2026-03-12T02:32:11.037+0000] {logging_mixin.py:188} INFO - [2026-03-12T02:32:11.037+0000] {dag.py:3036} INFO - Sync 1 DAGs
[2026-03-12T02:32:11.052+0000] {logging_mixin.py:188} INFO - [2026-03-12T02:32:11.052+0000] {dag.py:3823} INFO - Setting next_dagrun for example_branch_dop_operator_v3 to 2026-03-12 02:31:00+00:00, run_after=2026-03-12 02:32:00+00:00
[2026-03-12T02:32:11.063+0000] {processor.py:183} INFO - Processing /home/airflow/.local/lib/python3.8/site-packages/airflow/example_dags/example_branch_python_dop_operator_3.py took 0.042 seconds
[2026-03-12T02:32:42.892+0000] {processor.py:161} INFO - Started process (PID=2714) to work on /home/airflow/.local/lib/python3.8/site-packages/airflow/example_dags/example_branch_python_dop_operator_3.py
[2026-03-12T02:32:42.893+0000] {processor.py:830} INFO - Processing file /home/airflow/.local/lib/python3.8/site-packages/airflow/example_dags/example_branch_python_dop_operator_3.py for tasks to queue
[2026-03-12T02:32:42.894+0000] {logging_mixin.py:188} INFO - [2026-03-12T02:32:42.893+0000] {dagbag.py:538} INFO - Filling up the DagBag from /home/airflow/.local/lib/python3.8/site-packages/airflow/example_dags/example_branch_python_dop_operator_3.py
[2026-03-12T02:32:42.897+0000] {processor.py:840} INFO - DAG(s) 'example_branch_dop_operator_v3' retrieved from /home/airflow/.local/lib/python3.8/site-packages/airflow/example_dags/example_branch_python_dop_operator_3.py
[2026-03-12T02:32:42.910+0000] {logging_mixin.py:188} INFO - [2026-03-12T02:32:42.910+0000] {dag.py:3036} INFO - Sync 1 DAGs
[2026-03-12T02:32:42.925+0000] {logging_mixin.py:188} INFO - [2026-03-12T02:32:42.925+0000] {dag.py:3823} INFO - Setting next_dagrun for example_branch_dop_operator_v3 to 2026-03-12 02:31:00+00:00, run_after=2026-03-12 02:32:00+00:00
[2026-03-12T02:32:42.937+0000] {processor.py:183} INFO - Processing /home/airflow/.local/lib/python3.8/site-packages/airflow/example_dags/example_branch_python_dop_operator_3.py took 0.046 seconds
[2026-03-12T02:33:13.735+0000] {processor.py:161} INFO - Started process (PID=2790) to work on /home/airflow/.local/lib/python3.8/site-packages/airflow/example_dags/example_branch_python_dop_operator_3.py
[2026-03-12T02:33:13.736+0000] {processor.py:830} INFO - Processing file /home/airflow/.local/lib/python3.8/site-packages/airflow/example_dags/example_branch_python_dop_operator_3.py for tasks to queue
[2026-03-12T02:33:13.737+0000] {logging_mixin.py:188} INFO - [2026-03-12T02:33:13.737+0000] {dagbag.py:538} INFO - Filling up the DagBag from /home/airflow/.local/lib/python3.8/site-packages/airflow/example_dags/example_branch_python_dop_operator_3.py
[2026-03-12T02:33:13.742+0000] {processor.py:840} INFO - DAG(s) 'example_branch_dop_operator_v3' retrieved from /home/airflow/.local/lib/python3.8/site-packages/airflow/example_dags/example_branch_python_dop_operator_3.py
[2026-03-12T02:33:13.756+0000] {logging_mixin.py:188} INFO - [2026-03-12T02:33:13.756+0000] {dag.py:3036} INFO - Sync 1 DAGs
[2026-03-12T02:33:13.767+0000] {logging_mixin.py:188} INFO - [2026-03-12T02:33:13.767+0000] {dag.py:3823} INFO - Setting next_dagrun for example_branch_dop_operator_v3 to 2026-03-12 02:32:00+00:00, run_after=2026-03-12 02:33:00+00:00
[2026-03-12T02:33:13.786+0000] {processor.py:183} INFO - Processing /home/airflow/.local/lib/python3.8/site-packages/airflow/example_dags/example_branch_python_dop_operator_3.py took 0.053 seconds
[2026-03-12T02:33:44.668+0000] {processor.py:161} INFO - Started process (PID=2866) to work on /home/airflow/.local/lib/python3.8/site-packages/airflow/example_dags/example_branch_python_dop_operator_3.py
[2026-03-12T02:33:44.670+0000] {processor.py:830} INFO - Processing file /home/airflow/.local/lib/python3.8/site-packages/airflow/example_dags/example_branch_python_dop_operator_3.py for tasks to queue
[2026-03-12T02:33:44.672+0000] {logging_mixin.py:188} INFO - [2026-03-12T02:33:44.671+0000] {dagbag.py:538} INFO - Filling up the DagBag from /home/airflow/.local/lib/python3.8/site-packages/airflow/example_dags/example_branch_python_dop_operator_3.py
[2026-03-12T02:33:44.675+0000] {processor.py:840} INFO - DAG(s) 'example_branch_dop_operator_v3' retrieved from /home/airflow/.local/lib/python3.8/site-packages/airflow/example_dags/example_branch_python_dop_operator_3.py
[2026-03-12T02:33:44.692+0000] {logging_mixin.py:188} INFO - [2026-03-12T02:33:44.692+0000] {dag.py:3036} INFO - Sync 1 DAGs
[2026-03-12T02:33:44.702+0000] {logging_mixin.py:188} INFO - [2026-03-12T02:33:44.702+0000] {dag.py:3823} INFO - Setting next_dagrun for example_branch_dop_operator_v3 to 2026-03-12 02:32:00+00:00, run_after=2026-03-12 02:33:00+00:00
[2026-03-12T02:33:44.713+0000] {processor.py:183} INFO - Processing /home/airflow/.local/lib/python3.8/site-packages/airflow/example_dags/example_branch_python_dop_operator_3.py took 0.046 seconds
[2026-03-12T02:34:15.570+0000] {processor.py:161} INFO - Started process (PID=2942) to work on /home/airflow/.local/lib/python3.8/site-packages/airflow/example_dags/example_branch_python_dop_operator_3.py
[2026-03-12T02:34:15.571+0000] {processor.py:830} INFO - Processing file /home/airflow/.local/lib/python3.8/site-packages/airflow/example_dags/example_branch_python_dop_operator_3.py for tasks to queue
[2026-03-12T02:34:15.571+0000] {logging_mixin.py:188} INFO - [2026-03-12T02:34:15.571+0000] {dagbag.py:538} INFO - Filling up the DagBag from /home/airflow/.local/lib/python3.8/site-packages/airflow/example_dags/example_branch_python_dop_operator_3.py
[2026-03-12T02:34:15.576+0000] {processor.py:840} INFO - DAG(s) 'example_branch_dop_operator_v3' retrieved from /home/airflow/.local/lib/python3.8/site-packages/airflow/example_dags/example_branch_python_dop_operator_3.py
[2026-03-12T02:34:15.586+0000] {logging_mixin.py:188} INFO - [2026-03-12T02:34:15.586+0000] {dag.py:3036} INFO - Sync 1 DAGs
[2026-03-12T02:34:15.604+0000] {logging_mixin.py:188} INFO - [2026-03-12T02:34:15.604+0000] {dag.py:3823} INFO - Setting next_dagrun for example_branch_dop_operator_v3 to 2026-03-12 02:33:00+00:00, run_after=2026-03-12 02:34:00+00:00
[2026-03-12T02:34:15.621+0000] {processor.py:183} INFO - Processing /home/airflow/.local/lib/python3.8/site-packages/airflow/example_dags/example_branch_python_dop_operator_3.py took 0.052 seconds
[2026-03-12T02:34:46.344+0000] {processor.py:161} INFO - Started process (PID=3018) to work on /home/airflow/.local/lib/python3.8/site-packages/airflow/example_dags/example_branch_python_dop_operator_3.py
[2026-03-12T02:34:46.345+0000] {processor.py:830} INFO - Processing file /home/airflow/.local/lib/python3.8/site-packages/airflow/example_dags/example_branch_python_dop_operator_3.py for tasks to queue
[2026-03-12T02:34:46.346+0000] {logging_mixin.py:188} INFO - [2026-03-12T02:34:46.346+0000] {dagbag.py:538} INFO - Filling up the DagBag from /home/airflow/.local/lib/python3.8/site-packages/airflow/example_dags/example_branch_python_dop_operator_3.py
[2026-03-12T02:34:46.350+0000] {processor.py:840} INFO - DAG(s) 'example_branch_dop_operator_v3' retrieved from /home/airflow/.local/lib/python3.8/site-packages/airflow/example_dags/example_branch_python_dop_operator_3.py
[2026-03-12T02:34:46.362+0000] {logging_mixin.py:188} INFO - [2026-03-12T02:34:46.362+0000] {dag.py:3036} INFO - Sync 1 DAGs
[2026-03-12T02:34:46.374+0000] {logging_mixin.py:188} INFO - [2026-03-12T02:34:46.373+0000] {dag.py:3823} INFO - Setting next_dagrun for example_branch_dop_operator_v3 to 2026-03-12 02:33:00+00:00, run_after=2026-03-12 02:34:00+00:00
[2026-03-12T02:34:46.382+0000] {processor.py:183} INFO - Processing /home/airflow/.local/lib/python3.8/site-packages/airflow/example_dags/example_branch_python_dop_operator_3.py took 0.040 seconds
[2026-03-12T02:35:17.219+0000] {processor.py:161} INFO - Started process (PID=3094) to work on /home/airflow/.local/lib/python3.8/site-packages/airflow/example_dags/example_branch_python_dop_operator_3.py
[2026-03-12T02:35:17.219+0000] {processor.py:830} INFO - Processing file /home/airflow/.local/lib/python3.8/site-packages/airflow/example_dags/example_branch_python_dop_operator_3.py for tasks to queue
[2026-03-12T02:35:17.220+0000] {logging_mixin.py:188} INFO - [2026-03-12T02:35:17.220+0000] {dagbag.py:538} INFO - Filling up the DagBag from /home/airflow/.local/lib/python3.8/site-packages/airflow/example_dags/example_branch_python_dop_operator_3.py
[2026-03-12T02:35:17.226+0000] {processor.py:840} INFO - DAG(s) 'example_branch_dop_operator_v3' retrieved from /home/airflow/.local/lib/python3.8/site-packages/airflow/example_dags/example_branch_python_dop_operator_3.py
[2026-03-12T02:35:17.241+0000] {logging_mixin.py:188} INFO - [2026-03-12T02:35:17.241+0000] {dag.py:3036} INFO - Sync 1 DAGs
[2026-03-12T02:35:17.253+0000] {logging_mixin.py:188} INFO - [2026-03-12T02:35:17.253+0000] {dag.py:3823} INFO - Setting next_dagrun for example_branch_dop_operator_v3 to 2026-03-12 02:34:00+00:00, run_after=2026-03-12 02:35:00+00:00
[2026-03-12T02:35:17.265+0000] {processor.py:183} INFO - Processing /home/airflow/.local/lib/python3.8/site-packages/airflow/example_dags/example_branch_python_dop_operator_3.py took 0.047 seconds
[2026-03-12T02:35:48.020+0000] {processor.py:161} INFO - Started process (PID=3170) to work on /home/airflow/.local/lib/python3.8/site-packages/airflow/example_dags/example_branch_python_dop_operator_3.py
[2026-03-12T02:35:48.022+0000] {processor.py:830} INFO - Processing file /home/airflow/.local/lib/python3.8/site-packages/airflow/example_dags/example_branch_python_dop_operator_3.py for tasks to queue
[2026-03-12T02:35:48.023+0000] {logging_mixin.py:188} INFO - [2026-03-12T02:35:48.023+0000] {dagbag.py:538} INFO - Filling up the DagBag from /home/airflow/.local/lib/python3.8/site-packages/airflow/example_dags/example_branch_python_dop_operator_3.py
[2026-03-12T02:35:48.028+0000] {processor.py:840} INFO - DAG(s) 'example_branch_dop_operator_v3' retrieved from /home/airflow/.local/lib/python3.8/site-packages/airflow/example_dags/example_branch_python_dop_operator_3.py
[2026-03-12T02:35:48.040+0000] {logging_mixin.py:188} INFO - [2026-03-12T02:35:48.040+0000] {dag.py:3036} INFO - Sync 1 DAGs
[2026-03-12T02:35:48.051+0000] {logging_mixin.py:188} INFO - [2026-03-12T02:35:48.051+0000] {dag.py:3823} INFO - Setting next_dagrun for example_branch_dop_operator_v3 to 2026-03-12 02:34:00+00:00, run_after=2026-03-12 02:35:00+00:00
[2026-03-12T02:35:48.060+0000] {processor.py:183} INFO - Processing /home/airflow/.local/lib/python3.8/site-packages/airflow/example_dags/example_branch_python_dop_operator_3.py took 0.041 seconds
[2026-03-12T02:36:18.834+0000] {processor.py:161} INFO - Started process (PID=3246) to work on /home/airflow/.local/lib/python3.8/site-packages/airflow/example_dags/example_branch_python_dop_operator_3.py
[2026-03-12T02:36:18.836+0000] {processor.py:830} INFO - Processing file /home/airflow/.local/lib/python3.8/site-packages/airflow/example_dags/example_branch_python_dop_operator_3.py for tasks to queue
[2026-03-12T02:36:18.837+0000] {logging_mixin.py:188} INFO - [2026-03-12T02:36:18.837+0000] {dagbag.py:538} INFO - Filling up the DagBag from /home/airflow/.local/lib/python3.8/site-packages/airflow/example_dags/example_branch_python_dop_operator_3.py
[2026-03-12T02:36:18.841+0000] {processor.py:840} INFO - DAG(s) 'example_branch_dop_operator_v3' retrieved from /home/airflow/.local/lib/python3.8/site-packages/airflow/example_dags/example_branch_python_dop_operator_3.py
[2026-03-12T02:36:18.856+0000] {logging_mixin.py:188} INFO - [2026-03-12T02:36:18.856+0000] {dag.py:3036} INFO - Sync 1 DAGs
[2026-03-12T02:36:18.865+0000] {logging_mixin.py:188} INFO - [2026-03-12T02:36:18.865+0000] {dag.py:3823} INFO - Setting next_dagrun for example_branch_dop_operator_v3 to 2026-03-12 02:35:00+00:00, run_after=2026-03-12 02:36:00+00:00
[2026-03-12T02:36:18.875+0000] {processor.py:183} INFO - Processing /home/airflow/.local/lib/python3.8/site-packages/airflow/example_dags/example_branch_python_dop_operator_3.py took 0.042 seconds
[2026-03-12T02:36:49.425+0000] {processor.py:161} INFO - Started process (PID=3322) to work on /home/airflow/.local/lib/python3.8/site-packages/airflow/example_dags/example_branch_python_dop_operator_3.py
[2026-03-12T02:36:49.426+0000] {processor.py:830} INFO - Processing file /home/airflow/.local/lib/python3.8/site-packages/airflow/example_dags/example_branch_python_dop_operator_3.py for tasks to queue
[2026-03-12T02:36:49.427+0000] {logging_mixin.py:188} INFO - [2026-03-12T02:36:49.427+0000] {dagbag.py:538} INFO - Filling up the DagBag from /home/airflow/.local/lib/python3.8/site-packages/airflow/example_dags/example_branch_python_dop_operator_3.py
[2026-03-12T02:36:49.430+0000] {processor.py:840} INFO - DAG(s) 'example_branch_dop_operator_v3' retrieved from /home/airflow/.local/lib/python3.8/site-packages/airflow/example_dags/example_branch_python_dop_operator_3.py
[2026-03-12T02:36:49.437+0000] {logging_mixin.py:188} INFO - [2026-03-12T02:36:49.437+0000] {dag.py:3036} INFO - Sync 1 DAGs
[2026-03-12T02:36:49.445+0000] {logging_mixin.py:188} INFO - [2026-03-12T02:36:49.445+0000] {dag.py:3823} INFO - Setting next_dagrun for example_branch_dop_operator_v3 to 2026-03-12 02:35:00+00:00, run_after=2026-03-12 02:36:00+00:00
[2026-03-12T02:36:49.450+0000] {processor.py:183} INFO - Processing /home/airflow/.local/lib/python3.8/site-packages/airflow/example_dags/example_branch_python_dop_operator_3.py took 0.026 seconds
[2026-03-12T02:37:20.214+0000] {processor.py:161} INFO - Started process (PID=3398) to work on /home/airflow/.local/lib/python3.8/site-packages/airflow/example_dags/example_branch_python_dop_operator_3.py
[2026-03-12T02:37:20.215+0000] {processor.py:830} INFO - Processing file /home/airflow/.local/lib/python3.8/site-packages/airflow/example_dags/example_branch_python_dop_operator_3.py for tasks to queue
[2026-03-12T02:37:20.216+0000] {logging_mixin.py:188} INFO - [2026-03-12T02:37:20.216+0000] {dagbag.py:538} INFO - Filling up the DagBag from /home/airflow/.local/lib/python3.8/site-packages/airflow/example_dags/example_branch_python_dop_operator_3.py
[2026-03-12T02:37:20.219+0000] {processor.py:840} INFO - DAG(s) 'example_branch_dop_operator_v3' retrieved from /home/airflow/.local/lib/python3.8/site-packages/airflow/example_dags/example_branch_python_dop_operator_3.py
[2026-03-12T02:37:20.231+0000] {logging_mixin.py:188} INFO - [2026-03-12T02:37:20.230+0000] {dag.py:3036} INFO - Sync 1 DAGs
[2026-03-12T02:37:20.241+0000] {logging_mixin.py:188} INFO - [2026-03-12T02:37:20.241+0000] {dag.py:3823} INFO - Setting next_dagrun for example_branch_dop_operator_v3 to 2026-03-12 02:36:00+00:00, run_after=2026-03-12 02:37:00+00:00
[2026-03-12T02:37:20.253+0000] {processor.py:183} INFO - Processing /home/airflow/.local/lib/python3.8/site-packages/airflow/example_dags/example_branch_python_dop_operator_3.py took 0.040 seconds
[2026-03-12T02:37:51.012+0000] {processor.py:161} INFO - Started process (PID=3474) to work on /home/airflow/.local/lib/python3.8/site-packages/airflow/example_dags/example_branch_python_dop_operator_3.py
[2026-03-12T02:37:51.013+0000] {processor.py:830} INFO - Processing file /home/airflow/.local/lib/python3.8/site-packages/airflow/example_dags/example_branch_python_dop_operator_3.py for tasks to queue
[2026-03-12T02:37:51.014+0000] {logging_mixin.py:188} INFO - [2026-03-12T02:37:51.014+0000] {dagbag.py:538} INFO - Filling up the DagBag from /home/airflow/.local/lib/python3.8/site-packages/airflow/example_dags/example_branch_python_dop_operator_3.py
[2026-03-12T02:37:51.017+0000] {processor.py:840} INFO - DAG(s) 'example_branch_dop_operator_v3' retrieved from /home/airflow/.local/lib/python3.8/site-packages/airflow/example_dags/example_branch_python_dop_operator_3.py
[2026-03-12T02:37:51.027+0000] {logging_mixin.py:188} INFO - [2026-03-12T02:37:51.027+0000] {dag.py:3036} INFO - Sync 1 DAGs
[2026-03-12T02:37:51.036+0000] {logging_mixin.py:188} INFO - [2026-03-12T02:37:51.036+0000] {dag.py:3823} INFO - Setting next_dagrun for example_branch_dop_operator_v3 to 2026-03-12 02:36:00+00:00, run_after=2026-03-12 02:37:00+00:00
[2026-03-12T02:37:51.050+0000] {processor.py:183} INFO - Processing /home/airflow/.local/lib/python3.8/site-packages/airflow/example_dags/example_branch_python_dop_operator_3.py took 0.039 seconds
[2026-03-12T02:38:21.401+0000] {processor.py:161} INFO - Started process (PID=3550) to work on /home/airflow/.local/lib/python3.8/site-packages/airflow/example_dags/example_branch_python_dop_operator_3.py
[2026-03-12T02:38:21.402+0000] {processor.py:830} INFO - Processing file /home/airflow/.local/lib/python3.8/site-packages/airflow/example_dags/example_branch_python_dop_operator_3.py for tasks to queue
[2026-03-12T02:38:21.403+0000] {logging_mixin.py:188} INFO - [2026-03-12T02:38:21.403+0000] {dagbag.py:538} INFO - Filling up the DagBag from /home/airflow/.local/lib/python3.8/site-packages/airflow/example_dags/example_branch_python_dop_operator_3.py
[2026-03-12T02:38:21.407+0000] {processor.py:840} INFO - DAG(s) 'example_branch_dop_operator_v3' retrieved from /home/airflow/.local/lib/python3.8/site-packages/airflow/example_dags/example_branch_python_dop_operator_3.py
[2026-03-12T02:38:21.416+0000] {logging_mixin.py:188} INFO - [2026-03-12T02:38:21.416+0000] {dag.py:3036} INFO - Sync 1 DAGs
[2026-03-12T02:38:21.427+0000] {logging_mixin.py:188} INFO - [2026-03-12T02:38:21.427+0000] {dag.py:3823} INFO - Setting next_dagrun for example_branch_dop_operator_v3 to 2026-03-12 02:37:00+00:00, run_after=2026-03-12 02:38:00+00:00
[2026-03-12T02:38:21.437+0000] {processor.py:183} INFO - Processing /home/airflow/.local/lib/python3.8/site-packages/airflow/example_dags/example_branch_python_dop_operator_3.py took 0.037 seconds
[2026-03-12T02:38:51.550+0000] {processor.py:161} INFO - Started process (PID=3626) to work on /home/airflow/.local/lib/python3.8/site-packages/airflow/example_dags/example_branch_python_dop_operator_3.py
[2026-03-12T02:38:51.550+0000] {processor.py:830} INFO - Processing file /home/airflow/.local/lib/python3.8/site-packages/airflow/example_dags/example_branch_python_dop_operator_3.py for tasks to queue
[2026-03-12T02:38:51.551+0000] {logging_mixin.py:188} INFO - [2026-03-12T02:38:51.551+0000] {dagbag.py:538} INFO - Filling up the DagBag from /home/airflow/.local/lib/python3.8/site-packages/airflow/example_dags/example_branch_python_dop_operator_3.py
[2026-03-12T02:38:51.555+0000] {processor.py:840} INFO - DAG(s) 'example_branch_dop_operator_v3' retrieved from /home/airflow/.local/lib/python3.8/site-packages/airflow/example_dags/example_branch_python_dop_operator_3.py
[2026-03-12T02:38:51.565+0000] {logging_mixin.py:188} INFO - [2026-03-12T02:38:51.565+0000] {dag.py:3036} INFO - Sync 1 DAGs
[2026-03-12T02:38:51.577+0000] {logging_mixin.py:188} INFO - [2026-03-12T02:38:51.577+0000] {dag.py:3823} INFO - Setting next_dagrun for example_branch_dop_operator_v3 to 2026-03-12 02:37:00+00:00, run_after=2026-03-12 02:38:00+00:00
[2026-03-12T02:38:51.588+0000] {processor.py:183} INFO - Processing /home/airflow/.local/lib/python3.8/site-packages/airflow/example_dags/example_branch_python_dop_operator_3.py took 0.039 seconds
[2026-03-12T02:39:21.858+0000] {processor.py:161} INFO - Started process (PID=3702) to work on /home/airflow/.local/lib/python3.8/site-packages/airflow/example_dags/example_branch_python_dop_operator_3.py
[2026-03-12T02:39:21.859+0000] {processor.py:830} INFO - Processing file /home/airflow/.local/lib/python3.8/site-packages/airflow/example_dags/example_branch_python_dop_operator_3.py for tasks to queue
[2026-03-12T02:39:21.860+0000] {logging_mixin.py:188} INFO - [2026-03-12T02:39:21.860+0000] {dagbag.py:538} INFO - Filling up the DagBag from /home/airflow/.local/lib/python3.8/site-packages/airflow/example_dags/example_branch_python_dop_operator_3.py
[2026-03-12T02:39:21.863+0000] {processor.py:840} INFO - DAG(s) 'example_branch_dop_operator_v3' retrieved from /home/airflow/.local/lib/python3.8/site-packages/airflow/example_dags/example_branch_python_dop_operator_3.py
[2026-03-12T02:39:21.874+0000] {logging_mixin.py:188} INFO - [2026-03-12T02:39:21.874+0000] {dag.py:3036} INFO - Sync 1 DAGs
[2026-03-12T02:39:21.883+0000] {logging_mixin.py:188} INFO - [2026-03-12T02:39:21.883+0000] {dag.py:3823} INFO - Setting next_dagrun for example_branch_dop_operator_v3 to 2026-03-12 02:38:00+00:00, run_after=2026-03-12 02:39:00+00:00
[2026-03-12T02:39:21.894+0000] {processor.py:183} INFO - Processing /home/airflow/.local/lib/python3.8/site-packages/airflow/example_dags/example_branch_python_dop_operator_3.py took 0.038 seconds
[2026-03-12T02:39:53.071+0000] {processor.py:161} INFO - Started process (PID=3778) to work on /home/airflow/.local/lib/python3.8/site-packages/airflow/example_dags/example_branch_python_dop_operator_3.py
[2026-03-12T02:39:53.071+0000] {processor.py:830} INFO - Processing file /home/airflow/.local/lib/python3.8/site-packages/airflow/example_dags/example_branch_python_dop_operator_3.py for tasks to queue
[2026-03-12T02:39:53.072+0000] {logging_mixin.py:188} INFO - [2026-03-12T02:39:53.072+0000] {dagbag.py:538} INFO - Filling up the DagBag from /home/airflow/.local/lib/python3.8/site-packages/airflow/example_dags/example_branch_python_dop_operator_3.py
[2026-03-12T02:39:53.076+0000] {processor.py:840} INFO - DAG(s) 'example_branch_dop_operator_v3' retrieved from /home/airflow/.local/lib/python3.8/site-packages/airflow/example_dags/example_branch_python_dop_operator_3.py
[2026-03-12T02:39:53.084+0000] {logging_mixin.py:188} INFO - [2026-03-12T02:39:53.084+0000] {dag.py:3036} INFO - Sync 1 DAGs
[2026-03-12T02:39:53.094+0000] {logging_mixin.py:188} INFO - [2026-03-12T02:39:53.094+0000] {dag.py:3823} INFO - Setting next_dagrun for example_branch_dop_operator_v3 to 2026-03-12 02:38:00+00:00, run_after=2026-03-12 02:39:00+00:00
[2026-03-12T02:39:53.106+0000] {processor.py:183} INFO - Processing /home/airflow/.local/lib/python3.8/site-packages/airflow/example_dags/example_branch_python_dop_operator_3.py took 0.037 seconds
[2026-03-12T02:40:24.213+0000] {processor.py:161} INFO - Started process (PID=3854) to work on /home/airflow/.local/lib/python3.8/site-packages/airflow/example_dags/example_branch_python_dop_operator_3.py
[2026-03-12T02:40:24.214+0000] {processor.py:830} INFO - Processing file /home/airflow/.local/lib/python3.8/site-packages/airflow/example_dags/example_branch_python_dop_operator_3.py for tasks to queue
[2026-03-12T02:40:24.215+0000] {logging_mixin.py:188} INFO - [2026-03-12T02:40:24.215+0000] {dagbag.py:538} INFO - Filling up the DagBag from /home/airflow/.local/lib/python3.8/site-packages/airflow/example_dags/example_branch_python_dop_operator_3.py
[2026-03-12T02:40:24.219+0000] {processor.py:840} INFO - DAG(s) 'example_branch_dop_operator_v3' retrieved from /home/airflow/.local/lib/python3.8/site-packages/airflow/example_dags/example_branch_python_dop_operator_3.py
[2026-03-12T02:40:24.229+0000] {logging_mixin.py:188} INFO - [2026-03-12T02:40:24.229+0000] {dag.py:3036} INFO - Sync 1 DAGs
[2026-03-12T02:40:24.243+0000] {logging_mixin.py:188} INFO - [2026-03-12T02:40:24.243+0000] {dag.py:3823} INFO - Setting next_dagrun for example_branch_dop_operator_v3 to 2026-03-12 02:39:00+00:00, run_after=2026-03-12 02:40:00+00:00
[2026-03-12T02:40:24.261+0000] {processor.py:183} INFO - Processing /home/airflow/.local/lib/python3.8/site-packages/airflow/example_dags/example_branch_python_dop_operator_3.py took 0.050 seconds
[2026-03-12T02:40:55.163+0000] {processor.py:161} INFO - Started process (PID=3930) to work on /home/airflow/.local/lib/python3.8/site-packages/airflow/example_dags/example_branch_python_dop_operator_3.py
[2026-03-12T02:40:55.165+0000] {processor.py:830} INFO - Processing file /home/airflow/.local/lib/python3.8/site-packages/airflow/example_dags/example_branch_python_dop_operator_3.py for tasks to queue
[2026-03-12T02:40:55.167+0000] {logging_mixin.py:188} INFO - [2026-03-12T02:40:55.167+0000] {dagbag.py:538} INFO - Filling up the DagBag from /home/airflow/.local/lib/python3.8/site-packages/airflow/example_dags/example_branch_python_dop_operator_3.py
[2026-03-12T02:40:55.171+0000] {processor.py:840} INFO - DAG(s) 'example_branch_dop_operator_v3' retrieved from /home/airflow/.local/lib/python3.8/site-packages/airflow/example_dags/example_branch_python_dop_operator_3.py
[2026-03-12T02:40:55.183+0000] {logging_mixin.py:188} INFO - [2026-03-12T02:40:55.183+0000] {dag.py:3036} INFO - Sync 1 DAGs
[2026-03-12T02:40:55.194+0000] {logging_mixin.py:188} INFO - [2026-03-12T02:40:55.194+0000] {dag.py:3823} INFO - Setting next_dagrun for example_branch_dop_operator_v3 to 2026-03-12 02:39:00+00:00, run_after=2026-03-12 02:40:00+00:00
[2026-03-12T02:40:55.200+0000] {processor.py:183} INFO - Processing /home/airflow/.local/lib/python3.8/site-packages/airflow/example_dags/example_branch_python_dop_operator_3.py took 0.038 seconds
[2026-03-12T02:41:26.019+0000] {processor.py:161} INFO - Started process (PID=4006) to work on /home/airflow/.local/lib/python3.8/site-packages/airflow/example_dags/example_branch_python_dop_operator_3.py
[2026-03-12T02:41:26.019+0000] {processor.py:830} INFO - Processing file /home/airflow/.local/lib/python3.8/site-packages/airflow/example_dags/example_branch_python_dop_operator_3.py for tasks to queue
[2026-03-12T02:41:26.020+0000] {logging_mixin.py:188} INFO - [2026-03-12T02:41:26.020+0000] {dagbag.py:538} INFO - Filling up the DagBag from /home/airflow/.local/lib/python3.8/site-packages/airflow/example_dags/example_branch_python_dop_operator_3.py
[2026-03-12T02:41:26.025+0000] {processor.py:840} INFO - DAG(s) 'example_branch_dop_operator_v3' retrieved from /home/airflow/.local/lib/python3.8/site-packages/airflow/example_dags/example_branch_python_dop_operator_3.py
[2026-03-12T02:41:26.037+0000] {logging_mixin.py:188} INFO - [2026-03-12T02:41:26.037+0000] {dag.py:3036} INFO - Sync 1 DAGs
[2026-03-12T02:41:26.048+0000] {logging_mixin.py:188} INFO - [2026-03-12T02:41:26.048+0000] {dag.py:3823} INFO - Setting next_dagrun for example_branch_dop_operator_v3 to 2026-03-12 02:40:00+00:00, run_after=2026-03-12 02:41:00+00:00
[2026-03-12T02:41:26.059+0000] {processor.py:183} INFO - Processing /home/airflow/.local/lib/python3.8/site-packages/airflow/example_dags/example_branch_python_dop_operator_3.py took 0.041 seconds
[2026-03-12T02:41:56.793+0000] {processor.py:161} INFO - Started process (PID=4082) to work on /home/airflow/.local/lib/python3.8/site-packages/airflow/example_dags/example_branch_python_dop_operator_3.py
[2026-03-12T02:41:56.795+0000] {processor.py:830} INFO - Processing file /home/airflow/.local/lib/python3.8/site-packages/airflow/example_dags/example_branch_python_dop_operator_3.py for tasks to queue
[2026-03-12T02:41:56.795+0000] {logging_mixin.py:188} INFO - [2026-03-12T02:41:56.795+0000] {dagbag.py:538} INFO - Filling up the DagBag from /home/airflow/.local/lib/python3.8/site-packages/airflow/example_dags/example_branch_python_dop_operator_3.py
[2026-03-12T02:41:56.799+0000] {processor.py:840} INFO - DAG(s) 'example_branch_dop_operator_v3' retrieved from /home/airflow/.local/lib/python3.8/site-packages/airflow/example_dags/example_branch_python_dop_operator_3.py
[2026-03-12T02:41:56.810+0000] {logging_mixin.py:188} INFO - [2026-03-12T02:41:56.810+0000] {dag.py:3036} INFO - Sync 1 DAGs
[2026-03-12T02:41:56.820+0000] {logging_mixin.py:188} INFO - [2026-03-12T02:41:56.820+0000] {dag.py:3823} INFO - Setting next_dagrun for example_branch_dop_operator_v3 to 2026-03-12 02:40:00+00:00, run_after=2026-03-12 02:41:00+00:00
[2026-03-12T02:41:56.829+0000] {processor.py:183} INFO - Processing /home/airflow/.local/lib/python3.8/site-packages/airflow/example_dags/example_branch_python_dop_operator_3.py took 0.037 seconds
[2026-03-12T02:42:27.982+0000] {processor.py:161} INFO - Started process (PID=4158) to work on /home/airflow/.local/lib/python3.8/site-packages/airflow/example_dags/example_branch_python_dop_operator_3.py
[2026-03-12T02:42:27.984+0000] {processor.py:830} INFO - Processing file /home/airflow/.local/lib/python3.8/site-packages/airflow/example_dags/example_branch_python_dop_operator_3.py for tasks to queue
[2026-03-12T02:42:27.985+0000] {logging_mixin.py:188} INFO - [2026-03-12T02:42:27.985+0000] {dagbag.py:538} INFO - Filling up the DagBag from /home/airflow/.local/lib/python3.8/site-packages/airflow/example_dags/example_branch_python_dop_operator_3.py
[2026-03-12T02:42:27.989+0000] {processor.py:840} INFO - DAG(s) 'example_branch_dop_operator_v3' retrieved from /home/airflow/.local/lib/python3.8/site-packages/airflow/example_dags/example_branch_python_dop_operator_3.py
[2026-03-12T02:42:27.997+0000] {logging_mixin.py:188} INFO - [2026-03-12T02:42:27.997+0000] {dag.py:3036} INFO - Sync 1 DAGs
[2026-03-12T02:42:28.007+0000] {logging_mixin.py:188} INFO - [2026-03-12T02:42:28.006+0000] {dag.py:3823} INFO - Setting next_dagrun for example_branch_dop_operator_v3 to 2026-03-12 02:41:00+00:00, run_after=2026-03-12 02:42:00+00:00
[2026-03-12T02:42:28.019+0000] {processor.py:183} INFO - Processing /home/airflow/.local/lib/python3.8/site-packages/airflow/example_dags/example_branch_python_dop_operator_3.py took 0.039 seconds
[2026-03-12T02:42:58.896+0000] {processor.py:161} INFO - Started process (PID=4234) to work on /home/airflow/.local/lib/python3.8/site-packages/airflow/example_dags/example_branch_python_dop_operator_3.py
[2026-03-12T02:42:58.896+0000] {processor.py:830} INFO - Processing file /home/airflow/.local/lib/python3.8/site-packages/airflow/example_dags/example_branch_python_dop_operator_3.py for tasks to queue
[2026-03-12T02:42:58.897+0000] {logging_mixin.py:188} INFO - [2026-03-12T02:42:58.897+0000] {dagbag.py:538} INFO - Filling up the DagBag from /home/airflow/.local/lib/python3.8/site-packages/airflow/example_dags/example_branch_python_dop_operator_3.py
[2026-03-12T02:42:58.901+0000] {processor.py:840} INFO - DAG(s) 'example_branch_dop_operator_v3' retrieved from /home/airflow/.local/lib/python3.8/site-packages/airflow/example_dags/example_branch_python_dop_operator_3.py
[2026-03-12T02:42:58.911+0000] {logging_mixin.py:188} INFO - [2026-03-12T02:42:58.911+0000] {dag.py:3036} INFO - Sync 1 DAGs
[2026-03-12T02:42:58.919+0000] {logging_mixin.py:188} INFO - [2026-03-12T02:42:58.919+0000] {dag.py:3823} INFO - Setting next_dagrun for example_branch_dop_operator_v3 to 2026-03-12 02:41:00+00:00, run_after=2026-03-12 02:42:00+00:00
[2026-03-12T02:42:58.929+0000] {processor.py:183} INFO - Processing /home/airflow/.local/lib/python3.8/site-packages/airflow/example_dags/example_branch_python_dop_operator_3.py took 0.035 seconds
[2026-03-12T02:43:29.337+0000] {processor.py:161} INFO - Started process (PID=4310) to work on /home/airflow/.local/lib/python3.8/site-packages/airflow/example_dags/example_branch_python_dop_operator_3.py
[2026-03-12T02:43:29.338+0000] {processor.py:830} INFO - Processing file /home/airflow/.local/lib/python3.8/site-packages/airflow/example_dags/example_branch_python_dop_operator_3.py for tasks to queue
[2026-03-12T02:43:29.339+0000] {logging_mixin.py:188} INFO - [2026-03-12T02:43:29.339+0000] {dagbag.py:538} INFO - Filling up the DagBag from /home/airflow/.local/lib/python3.8/site-packages/airflow/example_dags/example_branch_python_dop_operator_3.py
[2026-03-12T02:43:29.342+0000] {processor.py:840} INFO - DAG(s) 'example_branch_dop_operator_v3' retrieved from /home/airflow/.local/lib/python3.8/site-packages/airflow/example_dags/example_branch_python_dop_operator_3.py
[2026-03-12T02:43:29.353+0000] {logging_mixin.py:188} INFO - [2026-03-12T02:43:29.353+0000] {dag.py:3036} INFO - Sync 1 DAGs
[2026-03-12T02:43:29.366+0000] {logging_mixin.py:188} INFO - [2026-03-12T02:43:29.366+0000] {dag.py:3823} INFO - Setting next_dagrun for example_branch_dop_operator_v3 to 2026-03-12 02:42:00+00:00, run_after=2026-03-12 02:43:00+00:00
[2026-03-12T02:43:29.376+0000] {processor.py:183} INFO - Processing /home/airflow/.local/lib/python3.8/site-packages/airflow/example_dags/example_branch_python_dop_operator_3.py took 0.041 seconds
[2026-03-12T02:43:59.732+0000] {processor.py:161} INFO - Started process (PID=4386) to work on /home/airflow/.local/lib/python3.8/site-packages/airflow/example_dags/example_branch_python_dop_operator_3.py
[2026-03-12T02:43:59.734+0000] {processor.py:830} INFO - Processing file /home/airflow/.local/lib/python3.8/site-packages/airflow/example_dags/example_branch_python_dop_operator_3.py for tasks to queue
[2026-03-12T02:43:59.735+0000] {logging_mixin.py:188} INFO - [2026-03-12T02:43:59.735+0000] {dagbag.py:538} INFO - Filling up the DagBag from /home/airflow/.local/lib/python3.8/site-packages/airflow/example_dags/example_branch_python_dop_operator_3.py
[2026-03-12T02:43:59.739+0000] {processor.py:840} INFO - DAG(s) 'example_branch_dop_operator_v3' retrieved from /home/airflow/.local/lib/python3.8/site-packages/airflow/example_dags/example_branch_python_dop_operator_3.py
[2026-03-12T02:43:59.754+0000] {logging_mixin.py:188} INFO - [2026-03-12T02:43:59.753+0000] {dag.py:3036} INFO - Sync 1 DAGs
[2026-03-12T02:43:59.762+0000] {logging_mixin.py:188} INFO - [2026-03-12T02:43:59.762+0000] {dag.py:3823} INFO - Setting next_dagrun for example_branch_dop_operator_v3 to 2026-03-12 02:42:00+00:00, run_after=2026-03-12 02:43:00+00:00
[2026-03-12T02:43:59.771+0000] {processor.py:183} INFO - Processing /home/airflow/.local/lib/python3.8/site-packages/airflow/example_dags/example_branch_python_dop_operator_3.py took 0.040 seconds
[2026-03-12T02:44:30.102+0000] {processor.py:161} INFO - Started process (PID=4462) to work on /home/airflow/.local/lib/python3.8/site-packages/airflow/example_dags/example_branch_python_dop_operator_3.py
[2026-03-12T02:44:30.103+0000] {processor.py:830} INFO - Processing file /home/airflow/.local/lib/python3.8/site-packages/airflow/example_dags/example_branch_python_dop_operator_3.py for tasks to queue
[2026-03-12T02:44:30.104+0000] {logging_mixin.py:188} INFO - [2026-03-12T02:44:30.104+0000] {dagbag.py:538} INFO - Filling up the DagBag from /home/airflow/.local/lib/python3.8/site-packages/airflow/example_dags/example_branch_python_dop_operator_3.py
[2026-03-12T02:44:30.107+0000] {processor.py:840} INFO - DAG(s) 'example_branch_dop_operator_v3' retrieved from /home/airflow/.local/lib/python3.8/site-packages/airflow/example_dags/example_branch_python_dop_operator_3.py
[2026-03-12T02:44:30.117+0000] {logging_mixin.py:188} INFO - [2026-03-12T02:44:30.117+0000] {dag.py:3036} INFO - Sync 1 DAGs
[2026-03-12T02:44:30.127+0000] {logging_mixin.py:188} INFO - [2026-03-12T02:44:30.127+0000] {dag.py:3823} INFO - Setting next_dagrun for example_branch_dop_operator_v3 to 2026-03-12 02:43:00+00:00, run_after=2026-03-12 02:44:00+00:00
[2026-03-12T02:44:30.138+0000] {processor.py:183} INFO - Processing /home/airflow/.local/lib/python3.8/site-packages/airflow/example_dags/example_branch_python_dop_operator_3.py took 0.037 seconds
[2026-03-12T02:45:00.570+0000] {processor.py:161} INFO - Started process (PID=4538) to work on /home/airflow/.local/lib/python3.8/site-packages/airflow/example_dags/example_branch_python_dop_operator_3.py
[2026-03-12T02:45:00.571+0000] {processor.py:830} INFO - Processing file /home/airflow/.local/lib/python3.8/site-packages/airflow/example_dags/example_branch_python_dop_operator_3.py for tasks to queue
[2026-03-12T02:45:00.572+0000] {logging_mixin.py:188} INFO - [2026-03-12T02:45:00.571+0000] {dagbag.py:538} INFO - Filling up the DagBag from /home/airflow/.local/lib/python3.8/site-packages/airflow/example_dags/example_branch_python_dop_operator_3.py
[2026-03-12T02:45:00.575+0000] {processor.py:840} INFO - DAG(s) 'example_branch_dop_operator_v3' retrieved from /home/airflow/.local/lib/python3.8/site-packages/airflow/example_dags/example_branch_python_dop_operator_3.py
[2026-03-12T02:45:00.585+0000] {logging_mixin.py:188} INFO - [2026-03-12T02:45:00.585+0000] {dag.py:3036} INFO - Sync 1 DAGs
[2026-03-12T02:45:00.594+0000] {logging_mixin.py:188} INFO - [2026-03-12T02:45:00.594+0000] {dag.py:3823} INFO - Setting next_dagrun for example_branch_dop_operator_v3 to 2026-03-12 02:44:00+00:00, run_after=2026-03-12 02:45:00+00:00
[2026-03-12T02:45:00.607+0000] {processor.py:183} INFO - Processing /home/airflow/.local/lib/python3.8/site-packages/airflow/example_dags/example_branch_python_dop_operator_3.py took 0.038 seconds
[2026-03-12T02:45:30.952+0000] {processor.py:161} INFO - Started process (PID=4614) to work on /home/airflow/.local/lib/python3.8/site-packages/airflow/example_dags/example_branch_python_dop_operator_3.py
[2026-03-12T02:45:30.953+0000] {processor.py:830} INFO - Processing file /home/airflow/.local/lib/python3.8/site-packages/airflow/example_dags/example_branch_python_dop_operator_3.py for tasks to queue
[2026-03-12T02:45:30.954+0000] {logging_mixin.py:188} INFO - [2026-03-12T02:45:30.954+0000] {dagbag.py:538} INFO - Filling up the DagBag from /home/airflow/.local/lib/python3.8/site-packages/airflow/example_dags/example_branch_python_dop_operator_3.py
[2026-03-12T02:45:30.957+0000] {processor.py:840} INFO - DAG(s) 'example_branch_dop_operator_v3' retrieved from /home/airflow/.local/lib/python3.8/site-packages/airflow/example_dags/example_branch_python_dop_operator_3.py
[2026-03-12T02:45:30.966+0000] {logging_mixin.py:188} INFO - [2026-03-12T02:45:30.966+0000] {dag.py:3036} INFO - Sync 1 DAGs
[2026-03-12T02:45:30.976+0000] {logging_mixin.py:188} INFO - [2026-03-12T02:45:30.976+0000] {dag.py:3823} INFO - Setting next_dagrun for example_branch_dop_operator_v3 to 2026-03-12 02:44:00+00:00, run_after=2026-03-12 02:45:00+00:00
[2026-03-12T02:45:30.990+0000] {processor.py:183} INFO - Processing /home/airflow/.local/lib/python3.8/site-packages/airflow/example_dags/example_branch_python_dop_operator_3.py took 0.039 seconds
[2026-03-12T02:46:01.460+0000] {processor.py:161} INFO - Started process (PID=4690) to work on /home/airflow/.local/lib/python3.8/site-packages/airflow/example_dags/example_branch_python_dop_operator_3.py
[2026-03-12T02:46:01.461+0000] {processor.py:830} INFO - Processing file /home/airflow/.local/lib/python3.8/site-packages/airflow/example_dags/example_branch_python_dop_operator_3.py for tasks to queue
[2026-03-12T02:46:01.461+0000] {logging_mixin.py:188} INFO - [2026-03-12T02:46:01.461+0000] {dagbag.py:538} INFO - Filling up the DagBag from /home/airflow/.local/lib/python3.8/site-packages/airflow/example_dags/example_branch_python_dop_operator_3.py
[2026-03-12T02:46:01.465+0000] {processor.py:840} INFO - DAG(s) 'example_branch_dop_operator_v3' retrieved from /home/airflow/.local/lib/python3.8/site-packages/airflow/example_dags/example_branch_python_dop_operator_3.py
[2026-03-12T02:46:01.478+0000] {logging_mixin.py:188} INFO - [2026-03-12T02:46:01.478+0000] {dag.py:3036} INFO - Sync 1 DAGs
[2026-03-12T02:46:01.488+0000] {logging_mixin.py:188} INFO - [2026-03-12T02:46:01.488+0000] {dag.py:3823} INFO - Setting next_dagrun for example_branch_dop_operator_v3 to 2026-03-12 02:45:00+00:00, run_after=2026-03-12 02:46:00+00:00
[2026-03-12T02:46:01.497+0000] {processor.py:183} INFO - Processing /home/airflow/.local/lib/python3.8/site-packages/airflow/example_dags/example_branch_python_dop_operator_3.py took 0.038 seconds
[2026-03-12T02:46:32.079+0000] {processor.py:161} INFO - Started process (PID=4766) to work on /home/airflow/.local/lib/python3.8/site-packages/airflow/example_dags/example_branch_python_dop_operator_3.py
[2026-03-12T02:46:32.080+0000] {processor.py:830} INFO - Processing file /home/airflow/.local/lib/python3.8/site-packages/airflow/example_dags/example_branch_python_dop_operator_3.py for tasks to queue
[2026-03-12T02:46:32.081+0000] {logging_mixin.py:188} INFO - [2026-03-12T02:46:32.081+0000] {dagbag.py:538} INFO - Filling up the DagBag from /home/airflow/.local/lib/python3.8/site-packages/airflow/example_dags/example_branch_python_dop_operator_3.py
[2026-03-12T02:46:32.088+0000] {processor.py:840} INFO - DAG(s) 'example_branch_dop_operator_v3' retrieved from /home/airflow/.local/lib/python3.8/site-packages/airflow/example_dags/example_branch_python_dop_operator_3.py
[2026-03-12T02:46:32.096+0000] {logging_mixin.py:188} INFO - [2026-03-12T02:46:32.096+0000] {dag.py:3036} INFO - Sync 1 DAGs
[2026-03-12T02:46:32.106+0000] {logging_mixin.py:188} INFO - [2026-03-12T02:46:32.105+0000] {dag.py:3823} INFO - Setting next_dagrun for example_branch_dop_operator_v3 to 2026-03-12 02:45:00+00:00, run_after=2026-03-12 02:46:00+00:00
[2026-03-12T02:46:32.116+0000] {processor.py:183} INFO - Processing /home/airflow/.local/lib/python3.8/site-packages/airflow/example_dags/example_branch_python_dop_operator_3.py took 0.039 seconds
[2026-03-12T02:47:02.907+0000] {processor.py:161} INFO - Started process (PID=4842) to work on /home/airflow/.local/lib/python3.8/site-packages/airflow/example_dags/example_branch_python_dop_operator_3.py
[2026-03-12T02:47:02.907+0000] {processor.py:830} INFO - Processing file /home/airflow/.local/lib/python3.8/site-packages/airflow/example_dags/example_branch_python_dop_operator_3.py for tasks to queue
[2026-03-12T02:47:02.908+0000] {logging_mixin.py:188} INFO - [2026-03-12T02:47:02.908+0000] {dagbag.py:538} INFO - Filling up the DagBag from /home/airflow/.local/lib/python3.8/site-packages/airflow/example_dags/example_branch_python_dop_operator_3.py
[2026-03-12T02:47:02.912+0000] {processor.py:840} INFO - DAG(s) 'example_branch_dop_operator_v3' retrieved from /home/airflow/.local/lib/python3.8/site-packages/airflow/example_dags/example_branch_python_dop_operator_3.py
[2026-03-12T02:47:02.923+0000] {logging_mixin.py:188} INFO - [2026-03-12T02:47:02.923+0000] {dag.py:3036} INFO - Sync 1 DAGs
[2026-03-12T02:47:02.933+0000] {logging_mixin.py:188} INFO - [2026-03-12T02:47:02.933+0000] {dag.py:3823} INFO - Setting next_dagrun for example_branch_dop_operator_v3 to 2026-03-12 02:46:00+00:00, run_after=2026-03-12 02:47:00+00:00
[2026-03-12T02:47:02.942+0000] {processor.py:183} INFO - Processing /home/airflow/.local/lib/python3.8/site-packages/airflow/example_dags/example_branch_python_dop_operator_3.py took 0.037 seconds
[2026-03-12T02:47:33.592+0000] {processor.py:161} INFO - Started process (PID=4918) to work on /home/airflow/.local/lib/python3.8/site-packages/airflow/example_dags/example_branch_python_dop_operator_3.py
[2026-03-12T02:47:33.593+0000] {processor.py:830} INFO - Processing file /home/airflow/.local/lib/python3.8/site-packages/airflow/example_dags/example_branch_python_dop_operator_3.py for tasks to queue
[2026-03-12T02:47:33.595+0000] {logging_mixin.py:188} INFO - [2026-03-12T02:47:33.595+0000] {dagbag.py:538} INFO - Filling up the DagBag from /home/airflow/.local/lib/python3.8/site-packages/airflow/example_dags/example_branch_python_dop_operator_3.py
[2026-03-12T02:47:33.599+0000] {processor.py:840} INFO - DAG(s) 'example_branch_dop_operator_v3' retrieved from /home/airflow/.local/lib/python3.8/site-packages/airflow/example_dags/example_branch_python_dop_operator_3.py
[2026-03-12T02:47:33.608+0000] {logging_mixin.py:188} INFO - [2026-03-12T02:47:33.608+0000] {dag.py:3036} INFO - Sync 1 DAGs
[2026-03-12T02:47:33.619+0000] {logging_mixin.py:188} INFO - [2026-03-12T02:47:33.619+0000] {dag.py:3823} INFO - Setting next_dagrun for example_branch_dop_operator_v3 to 2026-03-12 02:46:00+00:00, run_after=2026-03-12 02:47:00+00:00
[2026-03-12T02:47:33.625+0000] {processor.py:183} INFO - Processing /home/airflow/.local/lib/python3.8/site-packages/airflow/example_dags/example_branch_python_dop_operator_3.py took 0.034 seconds
[2026-03-12T02:48:04.228+0000] {processor.py:161} INFO - Started process (PID=4996) to work on /home/airflow/.local/lib/python3.8/site-packages/airflow/example_dags/example_branch_python_dop_operator_3.py
[2026-03-12T02:48:04.229+0000] {processor.py:830} INFO - Processing file /home/airflow/.local/lib/python3.8/site-packages/airflow/example_dags/example_branch_python_dop_operator_3.py for tasks to queue
[2026-03-12T02:48:04.230+0000] {logging_mixin.py:188} INFO - [2026-03-12T02:48:04.230+0000] {dagbag.py:538} INFO - Filling up the DagBag from /home/airflow/.local/lib/python3.8/site-packages/airflow/example_dags/example_branch_python_dop_operator_3.py
[2026-03-12T02:48:04.234+0000] {processor.py:840} INFO - DAG(s) 'example_branch_dop_operator_v3' retrieved from /home/airflow/.local/lib/python3.8/site-packages/airflow/example_dags/example_branch_python_dop_operator_3.py
[2026-03-12T02:48:04.242+0000] {logging_mixin.py:188} INFO - [2026-03-12T02:48:04.242+0000] {dag.py:3036} INFO - Sync 1 DAGs
[2026-03-12T02:48:04.251+0000] {logging_mixin.py:188} INFO - [2026-03-12T02:48:04.251+0000] {dag.py:3823} INFO - Setting next_dagrun for example_branch_dop_operator_v3 to 2026-03-12 02:47:00+00:00, run_after=2026-03-12 02:48:00+00:00
[2026-03-12T02:48:04.258+0000] {processor.py:183} INFO - Processing /home/airflow/.local/lib/python3.8/site-packages/airflow/example_dags/example_branch_python_dop_operator_3.py took 0.031 seconds
[2026-03-12T02:48:35.290+0000] {processor.py:161} INFO - Started process (PID=5072) to work on /home/airflow/.local/lib/python3.8/site-packages/airflow/example_dags/example_branch_python_dop_operator_3.py
[2026-03-12T02:48:35.291+0000] {processor.py:830} INFO - Processing file /home/airflow/.local/lib/python3.8/site-packages/airflow/example_dags/example_branch_python_dop_operator_3.py for tasks to queue
[2026-03-12T02:48:35.292+0000] {logging_mixin.py:188} INFO - [2026-03-12T02:48:35.292+0000] {dagbag.py:538} INFO - Filling up the DagBag from /home/airflow/.local/lib/python3.8/site-packages/airflow/example_dags/example_branch_python_dop_operator_3.py
[2026-03-12T02:48:35.295+0000] {processor.py:840} INFO - DAG(s) 'example_branch_dop_operator_v3' retrieved from /home/airflow/.local/lib/python3.8/site-packages/airflow/example_dags/example_branch_python_dop_operator_3.py
[2026-03-12T02:48:35.306+0000] {logging_mixin.py:188} INFO - [2026-03-12T02:48:35.306+0000] {dag.py:3036} INFO - Sync 1 DAGs
[2026-03-12T02:48:35.315+0000] {logging_mixin.py:188} INFO - [2026-03-12T02:48:35.315+0000] {dag.py:3823} INFO - Setting next_dagrun for example_branch_dop_operator_v3 to 2026-03-12 02:47:00+00:00, run_after=2026-03-12 02:48:00+00:00
[2026-03-12T02:48:35.329+0000] {processor.py:183} INFO - Processing /home/airflow/.local/lib/python3.8/site-packages/airflow/example_dags/example_branch_python_dop_operator_3.py took 0.040 seconds
[2026-03-12T02:49:05.752+0000] {processor.py:161} INFO - Started process (PID=5148) to work on /home/airflow/.local/lib/python3.8/site-packages/airflow/example_dags/example_branch_python_dop_operator_3.py
[2026-03-12T02:49:05.753+0000] {processor.py:830} INFO - Processing file /home/airflow/.local/lib/python3.8/site-packages/airflow/example_dags/example_branch_python_dop_operator_3.py for tasks to queue
[2026-03-12T02:49:05.756+0000] {logging_mixin.py:188} INFO - [2026-03-12T02:49:05.756+0000] {dagbag.py:538} INFO - Filling up the DagBag from /home/airflow/.local/lib/python3.8/site-packages/airflow/example_dags/example_branch_python_dop_operator_3.py
[2026-03-12T02:49:05.759+0000] {processor.py:840} INFO - DAG(s) 'example_branch_dop_operator_v3' retrieved from /home/airflow/.local/lib/python3.8/site-packages/airflow/example_dags/example_branch_python_dop_operator_3.py
[2026-03-12T02:49:05.770+0000] {logging_mixin.py:188} INFO - [2026-03-12T02:49:05.770+0000] {dag.py:3036} INFO - Sync 1 DAGs
[2026-03-12T02:49:05.781+0000] {logging_mixin.py:188} INFO - [2026-03-12T02:49:05.781+0000] {dag.py:3823} INFO - Setting next_dagrun for example_branch_dop_operator_v3 to 2026-03-12 02:48:00+00:00, run_after=2026-03-12 02:49:00+00:00
[2026-03-12T02:49:05.789+0000] {processor.py:183} INFO - Processing /home/airflow/.local/lib/python3.8/site-packages/airflow/example_dags/example_branch_python_dop_operator_3.py took 0.039 seconds
[2026-03-12T02:49:36.108+0000] {processor.py:161} INFO - Started process (PID=5224) to work on /home/airflow/.local/lib/python3.8/site-packages/airflow/example_dags/example_branch_python_dop_operator_3.py
[2026-03-12T02:49:36.109+0000] {processor.py:830} INFO - Processing file /home/airflow/.local/lib/python3.8/site-packages/airflow/example_dags/example_branch_python_dop_operator_3.py for tasks to queue
[2026-03-12T02:49:36.111+0000] {logging_mixin.py:188} INFO - [2026-03-12T02:49:36.110+0000] {dagbag.py:538} INFO - Filling up the DagBag from /home/airflow/.local/lib/python3.8/site-packages/airflow/example_dags/example_branch_python_dop_operator_3.py
[2026-03-12T02:49:36.114+0000] {processor.py:840} INFO - DAG(s) 'example_branch_dop_operator_v3' retrieved from /home/airflow/.local/lib/python3.8/site-packages/airflow/example_dags/example_branch_python_dop_operator_3.py
[2026-03-12T02:49:36.123+0000] {logging_mixin.py:188} INFO - [2026-03-12T02:49:36.123+0000] {dag.py:3036} INFO - Sync 1 DAGs
[2026-03-12T02:49:36.134+0000] {logging_mixin.py:188} INFO - [2026-03-12T02:49:36.134+0000] {dag.py:3823} INFO - Setting next_dagrun for example_branch_dop_operator_v3 to 2026-03-12 02:48:00+00:00, run_after=2026-03-12 02:49:00+00:00
[2026-03-12T02:49:36.140+0000] {processor.py:183} INFO - Processing /home/airflow/.local/lib/python3.8/site-packages/airflow/example_dags/example_branch_python_dop_operator_3.py took 0.034 seconds
