[2026-03-12T02:15:10.381+0000] {processor.py:161} INFO - Started process (PID=90) to work on /home/airflow/.local/lib/python3.8/site-packages/airflow/example_dags/example_latest_only_with_trigger.py
[2026-03-12T02:15:10.381+0000] {processor.py:830} INFO - Processing file /home/airflow/.local/lib/python3.8/site-packages/airflow/example_dags/example_latest_only_with_trigger.py for tasks to queue
[2026-03-12T02:15:10.382+0000] {logging_mixin.py:188} INFO - [2026-03-12T02:15:10.382+0000] {dagbag.py:538} INFO - Filling up the DagBag from /home/airflow/.local/lib/python3.8/site-packages/airflow/example_dags/example_latest_only_with_trigger.py
[2026-03-12T02:15:10.385+0000] {processor.py:840} INFO - DAG(s) 'latest_only_with_trigger' retrieved from /home/airflow/.local/lib/python3.8/site-packages/airflow/example_dags/example_latest_only_with_trigger.py
[2026-03-12T02:15:10.390+0000] {logging_mixin.py:188} INFO - [2026-03-12T02:15:10.390+0000] {dag.py:3036} INFO - Sync 1 DAGs
[2026-03-12T02:15:10.398+0000] {logging_mixin.py:188} INFO - [2026-03-12T02:15:10.398+0000] {dag.py:3823} INFO - Setting next_dagrun for latest_only_with_trigger to 2026-03-11 20:00:00+00:00, run_after=2026-03-12 00:00:00+00:00
[2026-03-12T02:15:10.405+0000] {processor.py:183} INFO - Processing /home/airflow/.local/lib/python3.8/site-packages/airflow/example_dags/example_latest_only_with_trigger.py took 0.026 seconds
[2026-03-12T02:15:41.039+0000] {processor.py:161} INFO - Started process (PID=166) to work on /home/airflow/.local/lib/python3.8/site-packages/airflow/example_dags/example_latest_only_with_trigger.py
[2026-03-12T02:15:41.041+0000] {processor.py:830} INFO - Processing file /home/airflow/.local/lib/python3.8/site-packages/airflow/example_dags/example_latest_only_with_trigger.py for tasks to queue
[2026-03-12T02:15:41.044+0000] {logging_mixin.py:188} INFO - [2026-03-12T02:15:41.044+0000] {dagbag.py:538} INFO - Filling up the DagBag from /home/airflow/.local/lib/python3.8/site-packages/airflow/example_dags/example_latest_only_with_trigger.py
[2026-03-12T02:15:41.047+0000] {processor.py:840} INFO - DAG(s) 'latest_only_with_trigger' retrieved from /home/airflow/.local/lib/python3.8/site-packages/airflow/example_dags/example_latest_only_with_trigger.py
[2026-03-12T02:15:41.182+0000] {logging_mixin.py:188} INFO - [2026-03-12T02:15:41.181+0000] {dag.py:3036} INFO - Sync 1 DAGs
[2026-03-12T02:15:41.192+0000] {logging_mixin.py:188} INFO - [2026-03-12T02:15:41.191+0000] {dag.py:3823} INFO - Setting next_dagrun for latest_only_with_trigger to 2026-03-11 20:00:00+00:00, run_after=2026-03-12 00:00:00+00:00
[2026-03-12T02:15:41.204+0000] {processor.py:183} INFO - Processing /home/airflow/.local/lib/python3.8/site-packages/airflow/example_dags/example_latest_only_with_trigger.py took 0.167 seconds
[2026-03-12T02:16:11.746+0000] {processor.py:161} INFO - Started process (PID=242) to work on /home/airflow/.local/lib/python3.8/site-packages/airflow/example_dags/example_latest_only_with_trigger.py
[2026-03-12T02:16:11.747+0000] {processor.py:830} INFO - Processing file /home/airflow/.local/lib/python3.8/site-packages/airflow/example_dags/example_latest_only_with_trigger.py for tasks to queue
[2026-03-12T02:16:11.748+0000] {logging_mixin.py:188} INFO - [2026-03-12T02:16:11.748+0000] {dagbag.py:538} INFO - Filling up the DagBag from /home/airflow/.local/lib/python3.8/site-packages/airflow/example_dags/example_latest_only_with_trigger.py
[2026-03-12T02:16:11.750+0000] {processor.py:840} INFO - DAG(s) 'latest_only_with_trigger' retrieved from /home/airflow/.local/lib/python3.8/site-packages/airflow/example_dags/example_latest_only_with_trigger.py
[2026-03-12T02:16:11.759+0000] {logging_mixin.py:188} INFO - [2026-03-12T02:16:11.759+0000] {dag.py:3036} INFO - Sync 1 DAGs
[2026-03-12T02:16:11.769+0000] {logging_mixin.py:188} INFO - [2026-03-12T02:16:11.769+0000] {dag.py:3823} INFO - Setting next_dagrun for latest_only_with_trigger to 2026-03-11 20:00:00+00:00, run_after=2026-03-12 00:00:00+00:00
[2026-03-12T02:16:11.785+0000] {processor.py:183} INFO - Processing /home/airflow/.local/lib/python3.8/site-packages/airflow/example_dags/example_latest_only_with_trigger.py took 0.040 seconds
[2026-03-12T02:16:42.651+0000] {processor.py:161} INFO - Started process (PID=318) to work on /home/airflow/.local/lib/python3.8/site-packages/airflow/example_dags/example_latest_only_with_trigger.py
[2026-03-12T02:16:42.652+0000] {processor.py:830} INFO - Processing file /home/airflow/.local/lib/python3.8/site-packages/airflow/example_dags/example_latest_only_with_trigger.py for tasks to queue
[2026-03-12T02:16:42.652+0000] {logging_mixin.py:188} INFO - [2026-03-12T02:16:42.652+0000] {dagbag.py:538} INFO - Filling up the DagBag from /home/airflow/.local/lib/python3.8/site-packages/airflow/example_dags/example_latest_only_with_trigger.py
[2026-03-12T02:16:42.655+0000] {processor.py:840} INFO - DAG(s) 'latest_only_with_trigger' retrieved from /home/airflow/.local/lib/python3.8/site-packages/airflow/example_dags/example_latest_only_with_trigger.py
[2026-03-12T02:16:42.664+0000] {logging_mixin.py:188} INFO - [2026-03-12T02:16:42.664+0000] {dag.py:3036} INFO - Sync 1 DAGs
[2026-03-12T02:16:42.677+0000] {logging_mixin.py:188} INFO - [2026-03-12T02:16:42.677+0000] {dag.py:3823} INFO - Setting next_dagrun for latest_only_with_trigger to 2026-03-11 20:00:00+00:00, run_after=2026-03-12 00:00:00+00:00
[2026-03-12T02:16:42.685+0000] {processor.py:183} INFO - Processing /home/airflow/.local/lib/python3.8/site-packages/airflow/example_dags/example_latest_only_with_trigger.py took 0.035 seconds
[2026-03-12T02:17:13.575+0000] {processor.py:161} INFO - Started process (PID=394) to work on /home/airflow/.local/lib/python3.8/site-packages/airflow/example_dags/example_latest_only_with_trigger.py
[2026-03-12T02:17:13.576+0000] {processor.py:830} INFO - Processing file /home/airflow/.local/lib/python3.8/site-packages/airflow/example_dags/example_latest_only_with_trigger.py for tasks to queue
[2026-03-12T02:17:13.579+0000] {logging_mixin.py:188} INFO - [2026-03-12T02:17:13.576+0000] {dagbag.py:538} INFO - Filling up the DagBag from /home/airflow/.local/lib/python3.8/site-packages/airflow/example_dags/example_latest_only_with_trigger.py
[2026-03-12T02:17:13.581+0000] {processor.py:840} INFO - DAG(s) 'latest_only_with_trigger' retrieved from /home/airflow/.local/lib/python3.8/site-packages/airflow/example_dags/example_latest_only_with_trigger.py
[2026-03-12T02:17:13.593+0000] {logging_mixin.py:188} INFO - [2026-03-12T02:17:13.592+0000] {dag.py:3036} INFO - Sync 1 DAGs
[2026-03-12T02:17:13.602+0000] {logging_mixin.py:188} INFO - [2026-03-12T02:17:13.602+0000] {dag.py:3823} INFO - Setting next_dagrun for latest_only_with_trigger to 2026-03-11 20:00:00+00:00, run_after=2026-03-12 00:00:00+00:00
[2026-03-12T02:17:13.609+0000] {processor.py:183} INFO - Processing /home/airflow/.local/lib/python3.8/site-packages/airflow/example_dags/example_latest_only_with_trigger.py took 0.036 seconds
[2026-03-12T02:17:43.959+0000] {processor.py:161} INFO - Started process (PID=469) to work on /home/airflow/.local/lib/python3.8/site-packages/airflow/example_dags/example_latest_only_with_trigger.py
[2026-03-12T02:17:43.961+0000] {processor.py:830} INFO - Processing file /home/airflow/.local/lib/python3.8/site-packages/airflow/example_dags/example_latest_only_with_trigger.py for tasks to queue
[2026-03-12T02:17:43.962+0000] {logging_mixin.py:188} INFO - [2026-03-12T02:17:43.962+0000] {dagbag.py:538} INFO - Filling up the DagBag from /home/airflow/.local/lib/python3.8/site-packages/airflow/example_dags/example_latest_only_with_trigger.py
[2026-03-12T02:17:43.966+0000] {processor.py:840} INFO - DAG(s) 'latest_only_with_trigger' retrieved from /home/airflow/.local/lib/python3.8/site-packages/airflow/example_dags/example_latest_only_with_trigger.py
[2026-03-12T02:17:43.977+0000] {logging_mixin.py:188} INFO - [2026-03-12T02:17:43.976+0000] {dag.py:3036} INFO - Sync 1 DAGs
[2026-03-12T02:17:43.984+0000] {logging_mixin.py:188} INFO - [2026-03-12T02:17:43.984+0000] {dag.py:3823} INFO - Setting next_dagrun for latest_only_with_trigger to 2026-03-11 20:00:00+00:00, run_after=2026-03-12 00:00:00+00:00
[2026-03-12T02:17:43.990+0000] {processor.py:183} INFO - Processing /home/airflow/.local/lib/python3.8/site-packages/airflow/example_dags/example_latest_only_with_trigger.py took 0.032 seconds
[2026-03-12T02:18:14.771+0000] {processor.py:161} INFO - Started process (PID=544) to work on /home/airflow/.local/lib/python3.8/site-packages/airflow/example_dags/example_latest_only_with_trigger.py
[2026-03-12T02:18:14.772+0000] {processor.py:830} INFO - Processing file /home/airflow/.local/lib/python3.8/site-packages/airflow/example_dags/example_latest_only_with_trigger.py for tasks to queue
[2026-03-12T02:18:14.773+0000] {logging_mixin.py:188} INFO - [2026-03-12T02:18:14.773+0000] {dagbag.py:538} INFO - Filling up the DagBag from /home/airflow/.local/lib/python3.8/site-packages/airflow/example_dags/example_latest_only_with_trigger.py
[2026-03-12T02:18:14.775+0000] {processor.py:840} INFO - DAG(s) 'latest_only_with_trigger' retrieved from /home/airflow/.local/lib/python3.8/site-packages/airflow/example_dags/example_latest_only_with_trigger.py
[2026-03-12T02:18:14.784+0000] {logging_mixin.py:188} INFO - [2026-03-12T02:18:14.784+0000] {dag.py:3036} INFO - Sync 1 DAGs
[2026-03-12T02:18:14.792+0000] {logging_mixin.py:188} INFO - [2026-03-12T02:18:14.792+0000] {dag.py:3823} INFO - Setting next_dagrun for latest_only_with_trigger to 2026-03-11 20:00:00+00:00, run_after=2026-03-12 00:00:00+00:00
[2026-03-12T02:18:14.802+0000] {processor.py:183} INFO - Processing /home/airflow/.local/lib/python3.8/site-packages/airflow/example_dags/example_latest_only_with_trigger.py took 0.032 seconds
[2026-03-12T02:18:45.696+0000] {processor.py:161} INFO - Started process (PID=620) to work on /home/airflow/.local/lib/python3.8/site-packages/airflow/example_dags/example_latest_only_with_trigger.py
[2026-03-12T02:18:45.697+0000] {processor.py:830} INFO - Processing file /home/airflow/.local/lib/python3.8/site-packages/airflow/example_dags/example_latest_only_with_trigger.py for tasks to queue
[2026-03-12T02:18:45.698+0000] {logging_mixin.py:188} INFO - [2026-03-12T02:18:45.698+0000] {dagbag.py:538} INFO - Filling up the DagBag from /home/airflow/.local/lib/python3.8/site-packages/airflow/example_dags/example_latest_only_with_trigger.py
[2026-03-12T02:18:45.701+0000] {processor.py:840} INFO - DAG(s) 'latest_only_with_trigger' retrieved from /home/airflow/.local/lib/python3.8/site-packages/airflow/example_dags/example_latest_only_with_trigger.py
[2026-03-12T02:18:45.710+0000] {logging_mixin.py:188} INFO - [2026-03-12T02:18:45.710+0000] {dag.py:3036} INFO - Sync 1 DAGs
[2026-03-12T02:18:45.721+0000] {logging_mixin.py:188} INFO - [2026-03-12T02:18:45.721+0000] {dag.py:3823} INFO - Setting next_dagrun for latest_only_with_trigger to 2026-03-11 20:00:00+00:00, run_after=2026-03-12 00:00:00+00:00
[2026-03-12T02:18:45.733+0000] {processor.py:183} INFO - Processing /home/airflow/.local/lib/python3.8/site-packages/airflow/example_dags/example_latest_only_with_trigger.py took 0.039 seconds
[2026-03-12T02:19:16.652+0000] {processor.py:161} INFO - Started process (PID=696) to work on /home/airflow/.local/lib/python3.8/site-packages/airflow/example_dags/example_latest_only_with_trigger.py
[2026-03-12T02:19:16.653+0000] {processor.py:830} INFO - Processing file /home/airflow/.local/lib/python3.8/site-packages/airflow/example_dags/example_latest_only_with_trigger.py for tasks to queue
[2026-03-12T02:19:16.655+0000] {logging_mixin.py:188} INFO - [2026-03-12T02:19:16.654+0000] {dagbag.py:538} INFO - Filling up the DagBag from /home/airflow/.local/lib/python3.8/site-packages/airflow/example_dags/example_latest_only_with_trigger.py
[2026-03-12T02:19:16.657+0000] {processor.py:840} INFO - DAG(s) 'latest_only_with_trigger' retrieved from /home/airflow/.local/lib/python3.8/site-packages/airflow/example_dags/example_latest_only_with_trigger.py
[2026-03-12T02:19:16.670+0000] {logging_mixin.py:188} INFO - [2026-03-12T02:19:16.670+0000] {dag.py:3036} INFO - Sync 1 DAGs
[2026-03-12T02:19:16.680+0000] {logging_mixin.py:188} INFO - [2026-03-12T02:19:16.680+0000] {dag.py:3823} INFO - Setting next_dagrun for latest_only_with_trigger to 2026-03-11 20:00:00+00:00, run_after=2026-03-12 00:00:00+00:00
[2026-03-12T02:19:16.689+0000] {processor.py:183} INFO - Processing /home/airflow/.local/lib/python3.8/site-packages/airflow/example_dags/example_latest_only_with_trigger.py took 0.038 seconds
[2026-03-12T02:19:47.996+0000] {processor.py:161} INFO - Started process (PID=774) to work on /home/airflow/.local/lib/python3.8/site-packages/airflow/example_dags/example_latest_only_with_trigger.py
[2026-03-12T02:19:47.997+0000] {processor.py:830} INFO - Processing file /home/airflow/.local/lib/python3.8/site-packages/airflow/example_dags/example_latest_only_with_trigger.py for tasks to queue
[2026-03-12T02:19:47.998+0000] {logging_mixin.py:188} INFO - [2026-03-12T02:19:47.998+0000] {dagbag.py:538} INFO - Filling up the DagBag from /home/airflow/.local/lib/python3.8/site-packages/airflow/example_dags/example_latest_only_with_trigger.py
[2026-03-12T02:19:48.002+0000] {processor.py:840} INFO - DAG(s) 'latest_only_with_trigger' retrieved from /home/airflow/.local/lib/python3.8/site-packages/airflow/example_dags/example_latest_only_with_trigger.py
[2026-03-12T02:19:48.015+0000] {logging_mixin.py:188} INFO - [2026-03-12T02:19:48.015+0000] {dag.py:3036} INFO - Sync 1 DAGs
[2026-03-12T02:19:48.026+0000] {logging_mixin.py:188} INFO - [2026-03-12T02:19:48.026+0000] {dag.py:3823} INFO - Setting next_dagrun for latest_only_with_trigger to 2026-03-11 20:00:00+00:00, run_after=2026-03-12 00:00:00+00:00
[2026-03-12T02:19:48.037+0000] {processor.py:183} INFO - Processing /home/airflow/.local/lib/python3.8/site-packages/airflow/example_dags/example_latest_only_with_trigger.py took 0.042 seconds
[2026-03-12T02:20:19.013+0000] {processor.py:161} INFO - Started process (PID=850) to work on /home/airflow/.local/lib/python3.8/site-packages/airflow/example_dags/example_latest_only_with_trigger.py
[2026-03-12T02:20:19.014+0000] {processor.py:830} INFO - Processing file /home/airflow/.local/lib/python3.8/site-packages/airflow/example_dags/example_latest_only_with_trigger.py for tasks to queue
[2026-03-12T02:20:19.014+0000] {logging_mixin.py:188} INFO - [2026-03-12T02:20:19.014+0000] {dagbag.py:538} INFO - Filling up the DagBag from /home/airflow/.local/lib/python3.8/site-packages/airflow/example_dags/example_latest_only_with_trigger.py
[2026-03-12T02:20:19.017+0000] {processor.py:840} INFO - DAG(s) 'latest_only_with_trigger' retrieved from /home/airflow/.local/lib/python3.8/site-packages/airflow/example_dags/example_latest_only_with_trigger.py
[2026-03-12T02:20:19.025+0000] {logging_mixin.py:188} INFO - [2026-03-12T02:20:19.025+0000] {dag.py:3036} INFO - Sync 1 DAGs
[2026-03-12T02:20:19.033+0000] {logging_mixin.py:188} INFO - [2026-03-12T02:20:19.033+0000] {dag.py:3823} INFO - Setting next_dagrun for latest_only_with_trigger to 2026-03-11 20:00:00+00:00, run_after=2026-03-12 00:00:00+00:00
[2026-03-12T02:20:19.039+0000] {processor.py:183} INFO - Processing /home/airflow/.local/lib/python3.8/site-packages/airflow/example_dags/example_latest_only_with_trigger.py took 0.027 seconds
[2026-03-12T02:20:51.465+0000] {processor.py:161} INFO - Started process (PID=926) to work on /home/airflow/.local/lib/python3.8/site-packages/airflow/example_dags/example_latest_only_with_trigger.py
[2026-03-12T02:20:51.477+0000] {processor.py:830} INFO - Processing file /home/airflow/.local/lib/python3.8/site-packages/airflow/example_dags/example_latest_only_with_trigger.py for tasks to queue
[2026-03-12T02:20:51.488+0000] {logging_mixin.py:188} INFO - [2026-03-12T02:20:51.484+0000] {dagbag.py:538} INFO - Filling up the DagBag from /home/airflow/.local/lib/python3.8/site-packages/airflow/example_dags/example_latest_only_with_trigger.py
[2026-03-12T02:20:51.511+0000] {processor.py:840} INFO - DAG(s) 'latest_only_with_trigger' retrieved from /home/airflow/.local/lib/python3.8/site-packages/airflow/example_dags/example_latest_only_with_trigger.py
[2026-03-12T02:20:51.552+0000] {logging_mixin.py:188} INFO - [2026-03-12T02:20:51.552+0000] {dag.py:3036} INFO - Sync 1 DAGs
[2026-03-12T02:20:51.598+0000] {logging_mixin.py:188} INFO - [2026-03-12T02:20:51.598+0000] {dag.py:3823} INFO - Setting next_dagrun for latest_only_with_trigger to 2026-03-11 20:00:00+00:00, run_after=2026-03-12 00:00:00+00:00
[2026-03-12T02:20:51.627+0000] {processor.py:183} INFO - Processing /home/airflow/.local/lib/python3.8/site-packages/airflow/example_dags/example_latest_only_with_trigger.py took 0.165 seconds
[2026-03-12T02:21:22.138+0000] {processor.py:161} INFO - Started process (PID=1002) to work on /home/airflow/.local/lib/python3.8/site-packages/airflow/example_dags/example_latest_only_with_trigger.py
[2026-03-12T02:21:22.138+0000] {processor.py:830} INFO - Processing file /home/airflow/.local/lib/python3.8/site-packages/airflow/example_dags/example_latest_only_with_trigger.py for tasks to queue
[2026-03-12T02:21:22.139+0000] {logging_mixin.py:188} INFO - [2026-03-12T02:21:22.139+0000] {dagbag.py:538} INFO - Filling up the DagBag from /home/airflow/.local/lib/python3.8/site-packages/airflow/example_dags/example_latest_only_with_trigger.py
[2026-03-12T02:21:22.141+0000] {processor.py:840} INFO - DAG(s) 'latest_only_with_trigger' retrieved from /home/airflow/.local/lib/python3.8/site-packages/airflow/example_dags/example_latest_only_with_trigger.py
[2026-03-12T02:21:22.156+0000] {logging_mixin.py:188} INFO - [2026-03-12T02:21:22.156+0000] {dag.py:3036} INFO - Sync 1 DAGs
[2026-03-12T02:21:22.170+0000] {logging_mixin.py:188} INFO - [2026-03-12T02:21:22.170+0000] {dag.py:3823} INFO - Setting next_dagrun for latest_only_with_trigger to 2026-03-11 20:00:00+00:00, run_after=2026-03-12 00:00:00+00:00
[2026-03-12T02:21:22.180+0000] {processor.py:183} INFO - Processing /home/airflow/.local/lib/python3.8/site-packages/airflow/example_dags/example_latest_only_with_trigger.py took 0.044 seconds
[2026-03-12T02:21:52.637+0000] {processor.py:161} INFO - Started process (PID=1078) to work on /home/airflow/.local/lib/python3.8/site-packages/airflow/example_dags/example_latest_only_with_trigger.py
[2026-03-12T02:21:52.638+0000] {processor.py:830} INFO - Processing file /home/airflow/.local/lib/python3.8/site-packages/airflow/example_dags/example_latest_only_with_trigger.py for tasks to queue
[2026-03-12T02:21:52.638+0000] {logging_mixin.py:188} INFO - [2026-03-12T02:21:52.638+0000] {dagbag.py:538} INFO - Filling up the DagBag from /home/airflow/.local/lib/python3.8/site-packages/airflow/example_dags/example_latest_only_with_trigger.py
[2026-03-12T02:21:52.641+0000] {processor.py:840} INFO - DAG(s) 'latest_only_with_trigger' retrieved from /home/airflow/.local/lib/python3.8/site-packages/airflow/example_dags/example_latest_only_with_trigger.py
[2026-03-12T02:21:52.652+0000] {logging_mixin.py:188} INFO - [2026-03-12T02:21:52.652+0000] {dag.py:3036} INFO - Sync 1 DAGs
[2026-03-12T02:21:52.663+0000] {logging_mixin.py:188} INFO - [2026-03-12T02:21:52.663+0000] {dag.py:3823} INFO - Setting next_dagrun for latest_only_with_trigger to 2026-03-11 20:00:00+00:00, run_after=2026-03-12 00:00:00+00:00
[2026-03-12T02:21:52.673+0000] {processor.py:183} INFO - Processing /home/airflow/.local/lib/python3.8/site-packages/airflow/example_dags/example_latest_only_with_trigger.py took 0.037 seconds
[2026-03-12T02:22:22.987+0000] {processor.py:161} INFO - Started process (PID=1154) to work on /home/airflow/.local/lib/python3.8/site-packages/airflow/example_dags/example_latest_only_with_trigger.py
[2026-03-12T02:22:22.988+0000] {processor.py:830} INFO - Processing file /home/airflow/.local/lib/python3.8/site-packages/airflow/example_dags/example_latest_only_with_trigger.py for tasks to queue
[2026-03-12T02:22:22.989+0000] {logging_mixin.py:188} INFO - [2026-03-12T02:22:22.989+0000] {dagbag.py:538} INFO - Filling up the DagBag from /home/airflow/.local/lib/python3.8/site-packages/airflow/example_dags/example_latest_only_with_trigger.py
[2026-03-12T02:22:22.993+0000] {processor.py:840} INFO - DAG(s) 'latest_only_with_trigger' retrieved from /home/airflow/.local/lib/python3.8/site-packages/airflow/example_dags/example_latest_only_with_trigger.py
[2026-03-12T02:22:23.003+0000] {logging_mixin.py:188} INFO - [2026-03-12T02:22:23.003+0000] {dag.py:3036} INFO - Sync 1 DAGs
[2026-03-12T02:22:23.011+0000] {logging_mixin.py:188} INFO - [2026-03-12T02:22:23.011+0000] {dag.py:3823} INFO - Setting next_dagrun for latest_only_with_trigger to 2026-03-11 20:00:00+00:00, run_after=2026-03-12 00:00:00+00:00
[2026-03-12T02:22:23.021+0000] {processor.py:183} INFO - Processing /home/airflow/.local/lib/python3.8/site-packages/airflow/example_dags/example_latest_only_with_trigger.py took 0.036 seconds
[2026-03-12T02:22:54.185+0000] {processor.py:161} INFO - Started process (PID=1230) to work on /home/airflow/.local/lib/python3.8/site-packages/airflow/example_dags/example_latest_only_with_trigger.py
[2026-03-12T02:22:54.186+0000] {processor.py:830} INFO - Processing file /home/airflow/.local/lib/python3.8/site-packages/airflow/example_dags/example_latest_only_with_trigger.py for tasks to queue
[2026-03-12T02:22:54.187+0000] {logging_mixin.py:188} INFO - [2026-03-12T02:22:54.187+0000] {dagbag.py:538} INFO - Filling up the DagBag from /home/airflow/.local/lib/python3.8/site-packages/airflow/example_dags/example_latest_only_with_trigger.py
[2026-03-12T02:22:54.189+0000] {processor.py:840} INFO - DAG(s) 'latest_only_with_trigger' retrieved from /home/airflow/.local/lib/python3.8/site-packages/airflow/example_dags/example_latest_only_with_trigger.py
[2026-03-12T02:22:54.200+0000] {logging_mixin.py:188} INFO - [2026-03-12T02:22:54.200+0000] {dag.py:3036} INFO - Sync 1 DAGs
[2026-03-12T02:22:54.208+0000] {logging_mixin.py:188} INFO - [2026-03-12T02:22:54.208+0000] {dag.py:3823} INFO - Setting next_dagrun for latest_only_with_trigger to 2026-03-11 20:00:00+00:00, run_after=2026-03-12 00:00:00+00:00
[2026-03-12T02:22:54.218+0000] {processor.py:183} INFO - Processing /home/airflow/.local/lib/python3.8/site-packages/airflow/example_dags/example_latest_only_with_trigger.py took 0.035 seconds
[2026-03-12T02:23:25.359+0000] {processor.py:161} INFO - Started process (PID=1306) to work on /home/airflow/.local/lib/python3.8/site-packages/airflow/example_dags/example_latest_only_with_trigger.py
[2026-03-12T02:23:25.359+0000] {processor.py:830} INFO - Processing file /home/airflow/.local/lib/python3.8/site-packages/airflow/example_dags/example_latest_only_with_trigger.py for tasks to queue
[2026-03-12T02:23:25.360+0000] {logging_mixin.py:188} INFO - [2026-03-12T02:23:25.360+0000] {dagbag.py:538} INFO - Filling up the DagBag from /home/airflow/.local/lib/python3.8/site-packages/airflow/example_dags/example_latest_only_with_trigger.py
[2026-03-12T02:23:25.363+0000] {processor.py:840} INFO - DAG(s) 'latest_only_with_trigger' retrieved from /home/airflow/.local/lib/python3.8/site-packages/airflow/example_dags/example_latest_only_with_trigger.py
[2026-03-12T02:23:25.372+0000] {logging_mixin.py:188} INFO - [2026-03-12T02:23:25.372+0000] {dag.py:3036} INFO - Sync 1 DAGs
[2026-03-12T02:23:25.383+0000] {logging_mixin.py:188} INFO - [2026-03-12T02:23:25.383+0000] {dag.py:3823} INFO - Setting next_dagrun for latest_only_with_trigger to 2026-03-11 20:00:00+00:00, run_after=2026-03-12 00:00:00+00:00
[2026-03-12T02:23:25.392+0000] {processor.py:183} INFO - Processing /home/airflow/.local/lib/python3.8/site-packages/airflow/example_dags/example_latest_only_with_trigger.py took 0.035 seconds
[2026-03-12T02:23:56.549+0000] {processor.py:161} INFO - Started process (PID=1382) to work on /home/airflow/.local/lib/python3.8/site-packages/airflow/example_dags/example_latest_only_with_trigger.py
[2026-03-12T02:23:56.550+0000] {processor.py:830} INFO - Processing file /home/airflow/.local/lib/python3.8/site-packages/airflow/example_dags/example_latest_only_with_trigger.py for tasks to queue
[2026-03-12T02:23:56.551+0000] {logging_mixin.py:188} INFO - [2026-03-12T02:23:56.551+0000] {dagbag.py:538} INFO - Filling up the DagBag from /home/airflow/.local/lib/python3.8/site-packages/airflow/example_dags/example_latest_only_with_trigger.py
[2026-03-12T02:23:56.553+0000] {processor.py:840} INFO - DAG(s) 'latest_only_with_trigger' retrieved from /home/airflow/.local/lib/python3.8/site-packages/airflow/example_dags/example_latest_only_with_trigger.py
[2026-03-12T02:23:56.564+0000] {logging_mixin.py:188} INFO - [2026-03-12T02:23:56.564+0000] {dag.py:3036} INFO - Sync 1 DAGs
[2026-03-12T02:23:56.577+0000] {logging_mixin.py:188} INFO - [2026-03-12T02:23:56.577+0000] {dag.py:3823} INFO - Setting next_dagrun for latest_only_with_trigger to 2026-03-11 20:00:00+00:00, run_after=2026-03-12 00:00:00+00:00
[2026-03-12T02:23:56.585+0000] {processor.py:183} INFO - Processing /home/airflow/.local/lib/python3.8/site-packages/airflow/example_dags/example_latest_only_with_trigger.py took 0.037 seconds
[2026-03-12T02:24:26.948+0000] {processor.py:161} INFO - Started process (PID=1458) to work on /home/airflow/.local/lib/python3.8/site-packages/airflow/example_dags/example_latest_only_with_trigger.py
[2026-03-12T02:24:26.949+0000] {processor.py:830} INFO - Processing file /home/airflow/.local/lib/python3.8/site-packages/airflow/example_dags/example_latest_only_with_trigger.py for tasks to queue
[2026-03-12T02:24:26.949+0000] {logging_mixin.py:188} INFO - [2026-03-12T02:24:26.949+0000] {dagbag.py:538} INFO - Filling up the DagBag from /home/airflow/.local/lib/python3.8/site-packages/airflow/example_dags/example_latest_only_with_trigger.py
[2026-03-12T02:24:26.952+0000] {processor.py:840} INFO - DAG(s) 'latest_only_with_trigger' retrieved from /home/airflow/.local/lib/python3.8/site-packages/airflow/example_dags/example_latest_only_with_trigger.py
[2026-03-12T02:24:26.959+0000] {logging_mixin.py:188} INFO - [2026-03-12T02:24:26.959+0000] {dag.py:3036} INFO - Sync 1 DAGs
[2026-03-12T02:24:26.966+0000] {logging_mixin.py:188} INFO - [2026-03-12T02:24:26.966+0000] {dag.py:3823} INFO - Setting next_dagrun for latest_only_with_trigger to 2026-03-11 20:00:00+00:00, run_after=2026-03-12 00:00:00+00:00
[2026-03-12T02:24:26.972+0000] {processor.py:183} INFO - Processing /home/airflow/.local/lib/python3.8/site-packages/airflow/example_dags/example_latest_only_with_trigger.py took 0.025 seconds
[2026-03-12T02:24:57.654+0000] {processor.py:161} INFO - Started process (PID=1534) to work on /home/airflow/.local/lib/python3.8/site-packages/airflow/example_dags/example_latest_only_with_trigger.py
[2026-03-12T02:24:57.654+0000] {processor.py:830} INFO - Processing file /home/airflow/.local/lib/python3.8/site-packages/airflow/example_dags/example_latest_only_with_trigger.py for tasks to queue
[2026-03-12T02:24:57.655+0000] {logging_mixin.py:188} INFO - [2026-03-12T02:24:57.655+0000] {dagbag.py:538} INFO - Filling up the DagBag from /home/airflow/.local/lib/python3.8/site-packages/airflow/example_dags/example_latest_only_with_trigger.py
[2026-03-12T02:24:57.657+0000] {processor.py:840} INFO - DAG(s) 'latest_only_with_trigger' retrieved from /home/airflow/.local/lib/python3.8/site-packages/airflow/example_dags/example_latest_only_with_trigger.py
[2026-03-12T02:24:57.665+0000] {logging_mixin.py:188} INFO - [2026-03-12T02:24:57.665+0000] {dag.py:3036} INFO - Sync 1 DAGs
[2026-03-12T02:24:57.672+0000] {logging_mixin.py:188} INFO - [2026-03-12T02:24:57.672+0000] {dag.py:3823} INFO - Setting next_dagrun for latest_only_with_trigger to 2026-03-11 20:00:00+00:00, run_after=2026-03-12 00:00:00+00:00
[2026-03-12T02:24:57.679+0000] {processor.py:183} INFO - Processing /home/airflow/.local/lib/python3.8/site-packages/airflow/example_dags/example_latest_only_with_trigger.py took 0.026 seconds
[2026-03-12T02:25:28.475+0000] {processor.py:161} INFO - Started process (PID=1610) to work on /home/airflow/.local/lib/python3.8/site-packages/airflow/example_dags/example_latest_only_with_trigger.py
[2026-03-12T02:25:28.475+0000] {processor.py:830} INFO - Processing file /home/airflow/.local/lib/python3.8/site-packages/airflow/example_dags/example_latest_only_with_trigger.py for tasks to queue
[2026-03-12T02:25:28.476+0000] {logging_mixin.py:188} INFO - [2026-03-12T02:25:28.476+0000] {dagbag.py:538} INFO - Filling up the DagBag from /home/airflow/.local/lib/python3.8/site-packages/airflow/example_dags/example_latest_only_with_trigger.py
[2026-03-12T02:25:28.478+0000] {processor.py:840} INFO - DAG(s) 'latest_only_with_trigger' retrieved from /home/airflow/.local/lib/python3.8/site-packages/airflow/example_dags/example_latest_only_with_trigger.py
[2026-03-12T02:25:28.486+0000] {logging_mixin.py:188} INFO - [2026-03-12T02:25:28.486+0000] {dag.py:3036} INFO - Sync 1 DAGs
[2026-03-12T02:25:28.494+0000] {logging_mixin.py:188} INFO - [2026-03-12T02:25:28.493+0000] {dag.py:3823} INFO - Setting next_dagrun for latest_only_with_trigger to 2026-03-11 20:00:00+00:00, run_after=2026-03-12 00:00:00+00:00
[2026-03-12T02:25:28.507+0000] {processor.py:183} INFO - Processing /home/airflow/.local/lib/python3.8/site-packages/airflow/example_dags/example_latest_only_with_trigger.py took 0.033 seconds
[2026-03-12T02:25:59.223+0000] {processor.py:161} INFO - Started process (PID=1686) to work on /home/airflow/.local/lib/python3.8/site-packages/airflow/example_dags/example_latest_only_with_trigger.py
[2026-03-12T02:25:59.224+0000] {processor.py:830} INFO - Processing file /home/airflow/.local/lib/python3.8/site-packages/airflow/example_dags/example_latest_only_with_trigger.py for tasks to queue
[2026-03-12T02:25:59.226+0000] {logging_mixin.py:188} INFO - [2026-03-12T02:25:59.226+0000] {dagbag.py:538} INFO - Filling up the DagBag from /home/airflow/.local/lib/python3.8/site-packages/airflow/example_dags/example_latest_only_with_trigger.py
[2026-03-12T02:25:59.228+0000] {processor.py:840} INFO - DAG(s) 'latest_only_with_trigger' retrieved from /home/airflow/.local/lib/python3.8/site-packages/airflow/example_dags/example_latest_only_with_trigger.py
[2026-03-12T02:25:59.238+0000] {logging_mixin.py:188} INFO - [2026-03-12T02:25:59.238+0000] {dag.py:3036} INFO - Sync 1 DAGs
[2026-03-12T02:25:59.247+0000] {logging_mixin.py:188} INFO - [2026-03-12T02:25:59.247+0000] {dag.py:3823} INFO - Setting next_dagrun for latest_only_with_trigger to 2026-03-11 20:00:00+00:00, run_after=2026-03-12 00:00:00+00:00
[2026-03-12T02:25:59.257+0000] {processor.py:183} INFO - Processing /home/airflow/.local/lib/python3.8/site-packages/airflow/example_dags/example_latest_only_with_trigger.py took 0.035 seconds
[2026-03-12T02:26:30.043+0000] {processor.py:161} INFO - Started process (PID=1762) to work on /home/airflow/.local/lib/python3.8/site-packages/airflow/example_dags/example_latest_only_with_trigger.py
[2026-03-12T02:26:30.043+0000] {processor.py:830} INFO - Processing file /home/airflow/.local/lib/python3.8/site-packages/airflow/example_dags/example_latest_only_with_trigger.py for tasks to queue
[2026-03-12T02:26:30.045+0000] {logging_mixin.py:188} INFO - [2026-03-12T02:26:30.044+0000] {dagbag.py:538} INFO - Filling up the DagBag from /home/airflow/.local/lib/python3.8/site-packages/airflow/example_dags/example_latest_only_with_trigger.py
[2026-03-12T02:26:30.047+0000] {processor.py:840} INFO - DAG(s) 'latest_only_with_trigger' retrieved from /home/airflow/.local/lib/python3.8/site-packages/airflow/example_dags/example_latest_only_with_trigger.py
[2026-03-12T02:26:30.055+0000] {logging_mixin.py:188} INFO - [2026-03-12T02:26:30.054+0000] {dag.py:3036} INFO - Sync 1 DAGs
[2026-03-12T02:26:30.063+0000] {logging_mixin.py:188} INFO - [2026-03-12T02:26:30.063+0000] {dag.py:3823} INFO - Setting next_dagrun for latest_only_with_trigger to 2026-03-11 20:00:00+00:00, run_after=2026-03-12 00:00:00+00:00
[2026-03-12T02:26:30.072+0000] {processor.py:183} INFO - Processing /home/airflow/.local/lib/python3.8/site-packages/airflow/example_dags/example_latest_only_with_trigger.py took 0.030 seconds
[2026-03-12T02:27:00.776+0000] {processor.py:161} INFO - Started process (PID=1838) to work on /home/airflow/.local/lib/python3.8/site-packages/airflow/example_dags/example_latest_only_with_trigger.py
[2026-03-12T02:27:00.777+0000] {processor.py:830} INFO - Processing file /home/airflow/.local/lib/python3.8/site-packages/airflow/example_dags/example_latest_only_with_trigger.py for tasks to queue
[2026-03-12T02:27:00.777+0000] {logging_mixin.py:188} INFO - [2026-03-12T02:27:00.777+0000] {dagbag.py:538} INFO - Filling up the DagBag from /home/airflow/.local/lib/python3.8/site-packages/airflow/example_dags/example_latest_only_with_trigger.py
[2026-03-12T02:27:00.780+0000] {processor.py:840} INFO - DAG(s) 'latest_only_with_trigger' retrieved from /home/airflow/.local/lib/python3.8/site-packages/airflow/example_dags/example_latest_only_with_trigger.py
[2026-03-12T02:27:00.790+0000] {logging_mixin.py:188} INFO - [2026-03-12T02:27:00.790+0000] {dag.py:3036} INFO - Sync 1 DAGs
[2026-03-12T02:27:00.798+0000] {logging_mixin.py:188} INFO - [2026-03-12T02:27:00.798+0000] {dag.py:3823} INFO - Setting next_dagrun for latest_only_with_trigger to 2026-03-11 20:00:00+00:00, run_after=2026-03-12 00:00:00+00:00
[2026-03-12T02:27:00.807+0000] {processor.py:183} INFO - Processing /home/airflow/.local/lib/python3.8/site-packages/airflow/example_dags/example_latest_only_with_trigger.py took 0.033 seconds
[2026-03-12T02:27:31.597+0000] {processor.py:161} INFO - Started process (PID=1914) to work on /home/airflow/.local/lib/python3.8/site-packages/airflow/example_dags/example_latest_only_with_trigger.py
[2026-03-12T02:27:31.600+0000] {processor.py:830} INFO - Processing file /home/airflow/.local/lib/python3.8/site-packages/airflow/example_dags/example_latest_only_with_trigger.py for tasks to queue
[2026-03-12T02:27:31.600+0000] {logging_mixin.py:188} INFO - [2026-03-12T02:27:31.600+0000] {dagbag.py:538} INFO - Filling up the DagBag from /home/airflow/.local/lib/python3.8/site-packages/airflow/example_dags/example_latest_only_with_trigger.py
[2026-03-12T02:27:31.602+0000] {processor.py:840} INFO - DAG(s) 'latest_only_with_trigger' retrieved from /home/airflow/.local/lib/python3.8/site-packages/airflow/example_dags/example_latest_only_with_trigger.py
[2026-03-12T02:27:31.614+0000] {logging_mixin.py:188} INFO - [2026-03-12T02:27:31.614+0000] {dag.py:3036} INFO - Sync 1 DAGs
[2026-03-12T02:27:31.623+0000] {logging_mixin.py:188} INFO - [2026-03-12T02:27:31.622+0000] {dag.py:3823} INFO - Setting next_dagrun for latest_only_with_trigger to 2026-03-11 20:00:00+00:00, run_after=2026-03-12 00:00:00+00:00
[2026-03-12T02:27:31.631+0000] {processor.py:183} INFO - Processing /home/airflow/.local/lib/python3.8/site-packages/airflow/example_dags/example_latest_only_with_trigger.py took 0.035 seconds
[2026-03-12T02:28:02.351+0000] {processor.py:161} INFO - Started process (PID=1990) to work on /home/airflow/.local/lib/python3.8/site-packages/airflow/example_dags/example_latest_only_with_trigger.py
[2026-03-12T02:28:02.352+0000] {processor.py:830} INFO - Processing file /home/airflow/.local/lib/python3.8/site-packages/airflow/example_dags/example_latest_only_with_trigger.py for tasks to queue
[2026-03-12T02:28:02.354+0000] {logging_mixin.py:188} INFO - [2026-03-12T02:28:02.354+0000] {dagbag.py:538} INFO - Filling up the DagBag from /home/airflow/.local/lib/python3.8/site-packages/airflow/example_dags/example_latest_only_with_trigger.py
[2026-03-12T02:28:02.356+0000] {processor.py:840} INFO - DAG(s) 'latest_only_with_trigger' retrieved from /home/airflow/.local/lib/python3.8/site-packages/airflow/example_dags/example_latest_only_with_trigger.py
[2026-03-12T02:28:02.366+0000] {logging_mixin.py:188} INFO - [2026-03-12T02:28:02.366+0000] {dag.py:3036} INFO - Sync 1 DAGs
[2026-03-12T02:28:02.374+0000] {logging_mixin.py:188} INFO - [2026-03-12T02:28:02.374+0000] {dag.py:3823} INFO - Setting next_dagrun for latest_only_with_trigger to 2026-03-11 20:00:00+00:00, run_after=2026-03-12 00:00:00+00:00
[2026-03-12T02:28:02.384+0000] {processor.py:183} INFO - Processing /home/airflow/.local/lib/python3.8/site-packages/airflow/example_dags/example_latest_only_with_trigger.py took 0.034 seconds
[2026-03-12T02:28:33.084+0000] {processor.py:161} INFO - Started process (PID=2066) to work on /home/airflow/.local/lib/python3.8/site-packages/airflow/example_dags/example_latest_only_with_trigger.py
[2026-03-12T02:28:33.085+0000] {processor.py:830} INFO - Processing file /home/airflow/.local/lib/python3.8/site-packages/airflow/example_dags/example_latest_only_with_trigger.py for tasks to queue
[2026-03-12T02:28:33.086+0000] {logging_mixin.py:188} INFO - [2026-03-12T02:28:33.086+0000] {dagbag.py:538} INFO - Filling up the DagBag from /home/airflow/.local/lib/python3.8/site-packages/airflow/example_dags/example_latest_only_with_trigger.py
[2026-03-12T02:28:33.090+0000] {processor.py:840} INFO - DAG(s) 'latest_only_with_trigger' retrieved from /home/airflow/.local/lib/python3.8/site-packages/airflow/example_dags/example_latest_only_with_trigger.py
[2026-03-12T02:28:33.100+0000] {logging_mixin.py:188} INFO - [2026-03-12T02:28:33.100+0000] {dag.py:3036} INFO - Sync 1 DAGs
[2026-03-12T02:28:33.108+0000] {logging_mixin.py:188} INFO - [2026-03-12T02:28:33.108+0000] {dag.py:3823} INFO - Setting next_dagrun for latest_only_with_trigger to 2026-03-11 20:00:00+00:00, run_after=2026-03-12 00:00:00+00:00
[2026-03-12T02:28:33.118+0000] {processor.py:183} INFO - Processing /home/airflow/.local/lib/python3.8/site-packages/airflow/example_dags/example_latest_only_with_trigger.py took 0.035 seconds
[2026-03-12T02:29:04.045+0000] {processor.py:161} INFO - Started process (PID=2142) to work on /home/airflow/.local/lib/python3.8/site-packages/airflow/example_dags/example_latest_only_with_trigger.py
[2026-03-12T02:29:04.045+0000] {processor.py:830} INFO - Processing file /home/airflow/.local/lib/python3.8/site-packages/airflow/example_dags/example_latest_only_with_trigger.py for tasks to queue
[2026-03-12T02:29:04.046+0000] {logging_mixin.py:188} INFO - [2026-03-12T02:29:04.046+0000] {dagbag.py:538} INFO - Filling up the DagBag from /home/airflow/.local/lib/python3.8/site-packages/airflow/example_dags/example_latest_only_with_trigger.py
[2026-03-12T02:29:04.048+0000] {processor.py:840} INFO - DAG(s) 'latest_only_with_trigger' retrieved from /home/airflow/.local/lib/python3.8/site-packages/airflow/example_dags/example_latest_only_with_trigger.py
[2026-03-12T02:29:04.056+0000] {logging_mixin.py:188} INFO - [2026-03-12T02:29:04.056+0000] {dag.py:3036} INFO - Sync 1 DAGs
[2026-03-12T02:29:04.064+0000] {logging_mixin.py:188} INFO - [2026-03-12T02:29:04.064+0000] {dag.py:3823} INFO - Setting next_dagrun for latest_only_with_trigger to 2026-03-11 20:00:00+00:00, run_after=2026-03-12 00:00:00+00:00
[2026-03-12T02:29:04.074+0000] {processor.py:183} INFO - Processing /home/airflow/.local/lib/python3.8/site-packages/airflow/example_dags/example_latest_only_with_trigger.py took 0.031 seconds
[2026-03-12T02:29:35.031+0000] {processor.py:161} INFO - Started process (PID=2218) to work on /home/airflow/.local/lib/python3.8/site-packages/airflow/example_dags/example_latest_only_with_trigger.py
[2026-03-12T02:29:35.032+0000] {processor.py:830} INFO - Processing file /home/airflow/.local/lib/python3.8/site-packages/airflow/example_dags/example_latest_only_with_trigger.py for tasks to queue
[2026-03-12T02:29:35.033+0000] {logging_mixin.py:188} INFO - [2026-03-12T02:29:35.032+0000] {dagbag.py:538} INFO - Filling up the DagBag from /home/airflow/.local/lib/python3.8/site-packages/airflow/example_dags/example_latest_only_with_trigger.py
[2026-03-12T02:29:35.035+0000] {processor.py:840} INFO - DAG(s) 'latest_only_with_trigger' retrieved from /home/airflow/.local/lib/python3.8/site-packages/airflow/example_dags/example_latest_only_with_trigger.py
[2026-03-12T02:29:35.043+0000] {logging_mixin.py:188} INFO - [2026-03-12T02:29:35.043+0000] {dag.py:3036} INFO - Sync 1 DAGs
[2026-03-12T02:29:35.051+0000] {logging_mixin.py:188} INFO - [2026-03-12T02:29:35.051+0000] {dag.py:3823} INFO - Setting next_dagrun for latest_only_with_trigger to 2026-03-11 20:00:00+00:00, run_after=2026-03-12 00:00:00+00:00
[2026-03-12T02:29:35.057+0000] {processor.py:183} INFO - Processing /home/airflow/.local/lib/python3.8/site-packages/airflow/example_dags/example_latest_only_with_trigger.py took 0.027 seconds
[2026-03-12T02:30:06.198+0000] {processor.py:161} INFO - Started process (PID=2294) to work on /home/airflow/.local/lib/python3.8/site-packages/airflow/example_dags/example_latest_only_with_trigger.py
[2026-03-12T02:30:06.200+0000] {processor.py:830} INFO - Processing file /home/airflow/.local/lib/python3.8/site-packages/airflow/example_dags/example_latest_only_with_trigger.py for tasks to queue
[2026-03-12T02:30:06.201+0000] {logging_mixin.py:188} INFO - [2026-03-12T02:30:06.200+0000] {dagbag.py:538} INFO - Filling up the DagBag from /home/airflow/.local/lib/python3.8/site-packages/airflow/example_dags/example_latest_only_with_trigger.py
[2026-03-12T02:30:06.203+0000] {processor.py:840} INFO - DAG(s) 'latest_only_with_trigger' retrieved from /home/airflow/.local/lib/python3.8/site-packages/airflow/example_dags/example_latest_only_with_trigger.py
[2026-03-12T02:30:06.214+0000] {logging_mixin.py:188} INFO - [2026-03-12T02:30:06.214+0000] {dag.py:3036} INFO - Sync 1 DAGs
[2026-03-12T02:30:06.222+0000] {logging_mixin.py:188} INFO - [2026-03-12T02:30:06.222+0000] {dag.py:3823} INFO - Setting next_dagrun for latest_only_with_trigger to 2026-03-11 20:00:00+00:00, run_after=2026-03-12 00:00:00+00:00
[2026-03-12T02:30:06.230+0000] {processor.py:183} INFO - Processing /home/airflow/.local/lib/python3.8/site-packages/airflow/example_dags/example_latest_only_with_trigger.py took 0.033 seconds
[2026-03-12T02:30:37.058+0000] {processor.py:161} INFO - Started process (PID=2370) to work on /home/airflow/.local/lib/python3.8/site-packages/airflow/example_dags/example_latest_only_with_trigger.py
[2026-03-12T02:30:37.058+0000] {processor.py:830} INFO - Processing file /home/airflow/.local/lib/python3.8/site-packages/airflow/example_dags/example_latest_only_with_trigger.py for tasks to queue
[2026-03-12T02:30:37.059+0000] {logging_mixin.py:188} INFO - [2026-03-12T02:30:37.059+0000] {dagbag.py:538} INFO - Filling up the DagBag from /home/airflow/.local/lib/python3.8/site-packages/airflow/example_dags/example_latest_only_with_trigger.py
[2026-03-12T02:30:37.062+0000] {processor.py:840} INFO - DAG(s) 'latest_only_with_trigger' retrieved from /home/airflow/.local/lib/python3.8/site-packages/airflow/example_dags/example_latest_only_with_trigger.py
[2026-03-12T02:30:37.070+0000] {logging_mixin.py:188} INFO - [2026-03-12T02:30:37.070+0000] {dag.py:3036} INFO - Sync 1 DAGs
[2026-03-12T02:30:37.077+0000] {logging_mixin.py:188} INFO - [2026-03-12T02:30:37.077+0000] {dag.py:3823} INFO - Setting next_dagrun for latest_only_with_trigger to 2026-03-11 20:00:00+00:00, run_after=2026-03-12 00:00:00+00:00
[2026-03-12T02:30:37.083+0000] {processor.py:183} INFO - Processing /home/airflow/.local/lib/python3.8/site-packages/airflow/example_dags/example_latest_only_with_trigger.py took 0.026 seconds
[2026-03-12T02:31:08.077+0000] {processor.py:161} INFO - Started process (PID=2446) to work on /home/airflow/.local/lib/python3.8/site-packages/airflow/example_dags/example_latest_only_with_trigger.py
[2026-03-12T02:31:08.078+0000] {processor.py:830} INFO - Processing file /home/airflow/.local/lib/python3.8/site-packages/airflow/example_dags/example_latest_only_with_trigger.py for tasks to queue
[2026-03-12T02:31:08.078+0000] {logging_mixin.py:188} INFO - [2026-03-12T02:31:08.078+0000] {dagbag.py:538} INFO - Filling up the DagBag from /home/airflow/.local/lib/python3.8/site-packages/airflow/example_dags/example_latest_only_with_trigger.py
[2026-03-12T02:31:08.080+0000] {processor.py:840} INFO - DAG(s) 'latest_only_with_trigger' retrieved from /home/airflow/.local/lib/python3.8/site-packages/airflow/example_dags/example_latest_only_with_trigger.py
[2026-03-12T02:31:08.088+0000] {logging_mixin.py:188} INFO - [2026-03-12T02:31:08.088+0000] {dag.py:3036} INFO - Sync 1 DAGs
[2026-03-12T02:31:08.095+0000] {logging_mixin.py:188} INFO - [2026-03-12T02:31:08.095+0000] {dag.py:3823} INFO - Setting next_dagrun for latest_only_with_trigger to 2026-03-11 20:00:00+00:00, run_after=2026-03-12 00:00:00+00:00
[2026-03-12T02:31:08.101+0000] {processor.py:183} INFO - Processing /home/airflow/.local/lib/python3.8/site-packages/airflow/example_dags/example_latest_only_with_trigger.py took 0.025 seconds
[2026-03-12T02:31:39.014+0000] {processor.py:161} INFO - Started process (PID=2522) to work on /home/airflow/.local/lib/python3.8/site-packages/airflow/example_dags/example_latest_only_with_trigger.py
[2026-03-12T02:31:39.015+0000] {processor.py:830} INFO - Processing file /home/airflow/.local/lib/python3.8/site-packages/airflow/example_dags/example_latest_only_with_trigger.py for tasks to queue
[2026-03-12T02:31:39.015+0000] {logging_mixin.py:188} INFO - [2026-03-12T02:31:39.015+0000] {dagbag.py:538} INFO - Filling up the DagBag from /home/airflow/.local/lib/python3.8/site-packages/airflow/example_dags/example_latest_only_with_trigger.py
[2026-03-12T02:31:39.017+0000] {processor.py:840} INFO - DAG(s) 'latest_only_with_trigger' retrieved from /home/airflow/.local/lib/python3.8/site-packages/airflow/example_dags/example_latest_only_with_trigger.py
[2026-03-12T02:31:39.025+0000] {logging_mixin.py:188} INFO - [2026-03-12T02:31:39.025+0000] {dag.py:3036} INFO - Sync 1 DAGs
[2026-03-12T02:31:39.032+0000] {logging_mixin.py:188} INFO - [2026-03-12T02:31:39.032+0000] {dag.py:3823} INFO - Setting next_dagrun for latest_only_with_trigger to 2026-03-11 20:00:00+00:00, run_after=2026-03-12 00:00:00+00:00
[2026-03-12T02:31:39.037+0000] {processor.py:183} INFO - Processing /home/airflow/.local/lib/python3.8/site-packages/airflow/example_dags/example_latest_only_with_trigger.py took 0.025 seconds
[2026-03-12T02:32:10.094+0000] {processor.py:161} INFO - Started process (PID=2604) to work on /home/airflow/.local/lib/python3.8/site-packages/airflow/example_dags/example_latest_only_with_trigger.py
[2026-03-12T02:32:10.094+0000] {processor.py:830} INFO - Processing file /home/airflow/.local/lib/python3.8/site-packages/airflow/example_dags/example_latest_only_with_trigger.py for tasks to queue
[2026-03-12T02:32:10.095+0000] {logging_mixin.py:188} INFO - [2026-03-12T02:32:10.095+0000] {dagbag.py:538} INFO - Filling up the DagBag from /home/airflow/.local/lib/python3.8/site-packages/airflow/example_dags/example_latest_only_with_trigger.py
[2026-03-12T02:32:10.097+0000] {processor.py:840} INFO - DAG(s) 'latest_only_with_trigger' retrieved from /home/airflow/.local/lib/python3.8/site-packages/airflow/example_dags/example_latest_only_with_trigger.py
[2026-03-12T02:32:10.105+0000] {logging_mixin.py:188} INFO - [2026-03-12T02:32:10.105+0000] {dag.py:3036} INFO - Sync 1 DAGs
[2026-03-12T02:32:10.113+0000] {logging_mixin.py:188} INFO - [2026-03-12T02:32:10.112+0000] {dag.py:3823} INFO - Setting next_dagrun for latest_only_with_trigger to 2026-03-11 20:00:00+00:00, run_after=2026-03-12 00:00:00+00:00
[2026-03-12T02:32:10.118+0000] {processor.py:183} INFO - Processing /home/airflow/.local/lib/python3.8/site-packages/airflow/example_dags/example_latest_only_with_trigger.py took 0.026 seconds
[2026-03-12T02:32:41.723+0000] {processor.py:161} INFO - Started process (PID=2680) to work on /home/airflow/.local/lib/python3.8/site-packages/airflow/example_dags/example_latest_only_with_trigger.py
[2026-03-12T02:32:41.723+0000] {processor.py:830} INFO - Processing file /home/airflow/.local/lib/python3.8/site-packages/airflow/example_dags/example_latest_only_with_trigger.py for tasks to queue
[2026-03-12T02:32:41.724+0000] {logging_mixin.py:188} INFO - [2026-03-12T02:32:41.724+0000] {dagbag.py:538} INFO - Filling up the DagBag from /home/airflow/.local/lib/python3.8/site-packages/airflow/example_dags/example_latest_only_with_trigger.py
[2026-03-12T02:32:41.726+0000] {processor.py:840} INFO - DAG(s) 'latest_only_with_trigger' retrieved from /home/airflow/.local/lib/python3.8/site-packages/airflow/example_dags/example_latest_only_with_trigger.py
[2026-03-12T02:32:41.736+0000] {logging_mixin.py:188} INFO - [2026-03-12T02:32:41.736+0000] {dag.py:3036} INFO - Sync 1 DAGs
[2026-03-12T02:32:41.745+0000] {logging_mixin.py:188} INFO - [2026-03-12T02:32:41.745+0000] {dag.py:3823} INFO - Setting next_dagrun for latest_only_with_trigger to 2026-03-11 20:00:00+00:00, run_after=2026-03-12 00:00:00+00:00
[2026-03-12T02:32:41.751+0000] {processor.py:183} INFO - Processing /home/airflow/.local/lib/python3.8/site-packages/airflow/example_dags/example_latest_only_with_trigger.py took 0.030 seconds
[2026-03-12T02:33:12.492+0000] {processor.py:161} INFO - Started process (PID=2756) to work on /home/airflow/.local/lib/python3.8/site-packages/airflow/example_dags/example_latest_only_with_trigger.py
[2026-03-12T02:33:12.492+0000] {processor.py:830} INFO - Processing file /home/airflow/.local/lib/python3.8/site-packages/airflow/example_dags/example_latest_only_with_trigger.py for tasks to queue
[2026-03-12T02:33:12.493+0000] {logging_mixin.py:188} INFO - [2026-03-12T02:33:12.493+0000] {dagbag.py:538} INFO - Filling up the DagBag from /home/airflow/.local/lib/python3.8/site-packages/airflow/example_dags/example_latest_only_with_trigger.py
[2026-03-12T02:33:12.495+0000] {processor.py:840} INFO - DAG(s) 'latest_only_with_trigger' retrieved from /home/airflow/.local/lib/python3.8/site-packages/airflow/example_dags/example_latest_only_with_trigger.py
[2026-03-12T02:33:12.504+0000] {logging_mixin.py:188} INFO - [2026-03-12T02:33:12.504+0000] {dag.py:3036} INFO - Sync 1 DAGs
[2026-03-12T02:33:12.549+0000] {logging_mixin.py:188} INFO - [2026-03-12T02:33:12.549+0000] {dag.py:3823} INFO - Setting next_dagrun for latest_only_with_trigger to 2026-03-11 20:00:00+00:00, run_after=2026-03-12 00:00:00+00:00
[2026-03-12T02:33:12.566+0000] {processor.py:183} INFO - Processing /home/airflow/.local/lib/python3.8/site-packages/airflow/example_dags/example_latest_only_with_trigger.py took 0.076 seconds
[2026-03-12T02:33:43.369+0000] {processor.py:161} INFO - Started process (PID=2832) to work on /home/airflow/.local/lib/python3.8/site-packages/airflow/example_dags/example_latest_only_with_trigger.py
[2026-03-12T02:33:43.372+0000] {processor.py:830} INFO - Processing file /home/airflow/.local/lib/python3.8/site-packages/airflow/example_dags/example_latest_only_with_trigger.py for tasks to queue
[2026-03-12T02:33:43.374+0000] {logging_mixin.py:188} INFO - [2026-03-12T02:33:43.373+0000] {dagbag.py:538} INFO - Filling up the DagBag from /home/airflow/.local/lib/python3.8/site-packages/airflow/example_dags/example_latest_only_with_trigger.py
[2026-03-12T02:33:43.376+0000] {processor.py:840} INFO - DAG(s) 'latest_only_with_trigger' retrieved from /home/airflow/.local/lib/python3.8/site-packages/airflow/example_dags/example_latest_only_with_trigger.py
[2026-03-12T02:33:43.384+0000] {logging_mixin.py:188} INFO - [2026-03-12T02:33:43.384+0000] {dag.py:3036} INFO - Sync 1 DAGs
[2026-03-12T02:33:43.467+0000] {logging_mixin.py:188} INFO - [2026-03-12T02:33:43.467+0000] {dag.py:3823} INFO - Setting next_dagrun for latest_only_with_trigger to 2026-03-11 20:00:00+00:00, run_after=2026-03-12 00:00:00+00:00
[2026-03-12T02:33:43.483+0000] {processor.py:183} INFO - Processing /home/airflow/.local/lib/python3.8/site-packages/airflow/example_dags/example_latest_only_with_trigger.py took 0.115 seconds
[2026-03-12T02:34:13.686+0000] {processor.py:161} INFO - Started process (PID=2908) to work on /home/airflow/.local/lib/python3.8/site-packages/airflow/example_dags/example_latest_only_with_trigger.py
[2026-03-12T02:34:13.687+0000] {processor.py:830} INFO - Processing file /home/airflow/.local/lib/python3.8/site-packages/airflow/example_dags/example_latest_only_with_trigger.py for tasks to queue
[2026-03-12T02:34:13.687+0000] {logging_mixin.py:188} INFO - [2026-03-12T02:34:13.687+0000] {dagbag.py:538} INFO - Filling up the DagBag from /home/airflow/.local/lib/python3.8/site-packages/airflow/example_dags/example_latest_only_with_trigger.py
[2026-03-12T02:34:13.690+0000] {processor.py:840} INFO - DAG(s) 'latest_only_with_trigger' retrieved from /home/airflow/.local/lib/python3.8/site-packages/airflow/example_dags/example_latest_only_with_trigger.py
[2026-03-12T02:34:13.698+0000] {logging_mixin.py:188} INFO - [2026-03-12T02:34:13.697+0000] {dag.py:3036} INFO - Sync 1 DAGs
[2026-03-12T02:34:13.705+0000] {logging_mixin.py:188} INFO - [2026-03-12T02:34:13.705+0000] {dag.py:3823} INFO - Setting next_dagrun for latest_only_with_trigger to 2026-03-11 20:00:00+00:00, run_after=2026-03-12 00:00:00+00:00
[2026-03-12T02:34:13.711+0000] {processor.py:183} INFO - Processing /home/airflow/.local/lib/python3.8/site-packages/airflow/example_dags/example_latest_only_with_trigger.py took 0.026 seconds
[2026-03-12T02:34:44.637+0000] {processor.py:161} INFO - Started process (PID=2984) to work on /home/airflow/.local/lib/python3.8/site-packages/airflow/example_dags/example_latest_only_with_trigger.py
[2026-03-12T02:34:44.637+0000] {processor.py:830} INFO - Processing file /home/airflow/.local/lib/python3.8/site-packages/airflow/example_dags/example_latest_only_with_trigger.py for tasks to queue
[2026-03-12T02:34:44.638+0000] {logging_mixin.py:188} INFO - [2026-03-12T02:34:44.638+0000] {dagbag.py:538} INFO - Filling up the DagBag from /home/airflow/.local/lib/python3.8/site-packages/airflow/example_dags/example_latest_only_with_trigger.py
[2026-03-12T02:34:44.640+0000] {processor.py:840} INFO - DAG(s) 'latest_only_with_trigger' retrieved from /home/airflow/.local/lib/python3.8/site-packages/airflow/example_dags/example_latest_only_with_trigger.py
[2026-03-12T02:34:44.649+0000] {logging_mixin.py:188} INFO - [2026-03-12T02:34:44.648+0000] {dag.py:3036} INFO - Sync 1 DAGs
[2026-03-12T02:34:44.656+0000] {logging_mixin.py:188} INFO - [2026-03-12T02:34:44.656+0000] {dag.py:3823} INFO - Setting next_dagrun for latest_only_with_trigger to 2026-03-11 20:00:00+00:00, run_after=2026-03-12 00:00:00+00:00
[2026-03-12T02:34:44.662+0000] {processor.py:183} INFO - Processing /home/airflow/.local/lib/python3.8/site-packages/airflow/example_dags/example_latest_only_with_trigger.py took 0.027 seconds
[2026-03-12T02:35:15.340+0000] {processor.py:161} INFO - Started process (PID=3060) to work on /home/airflow/.local/lib/python3.8/site-packages/airflow/example_dags/example_latest_only_with_trigger.py
[2026-03-12T02:35:15.341+0000] {processor.py:830} INFO - Processing file /home/airflow/.local/lib/python3.8/site-packages/airflow/example_dags/example_latest_only_with_trigger.py for tasks to queue
[2026-03-12T02:35:15.342+0000] {logging_mixin.py:188} INFO - [2026-03-12T02:35:15.341+0000] {dagbag.py:538} INFO - Filling up the DagBag from /home/airflow/.local/lib/python3.8/site-packages/airflow/example_dags/example_latest_only_with_trigger.py
[2026-03-12T02:35:15.344+0000] {processor.py:840} INFO - DAG(s) 'latest_only_with_trigger' retrieved from /home/airflow/.local/lib/python3.8/site-packages/airflow/example_dags/example_latest_only_with_trigger.py
[2026-03-12T02:35:15.351+0000] {logging_mixin.py:188} INFO - [2026-03-12T02:35:15.351+0000] {dag.py:3036} INFO - Sync 1 DAGs
[2026-03-12T02:35:15.362+0000] {logging_mixin.py:188} INFO - [2026-03-12T02:35:15.361+0000] {dag.py:3823} INFO - Setting next_dagrun for latest_only_with_trigger to 2026-03-11 20:00:00+00:00, run_after=2026-03-12 00:00:00+00:00
[2026-03-12T02:35:15.370+0000] {processor.py:183} INFO - Processing /home/airflow/.local/lib/python3.8/site-packages/airflow/example_dags/example_latest_only_with_trigger.py took 0.031 seconds
[2026-03-12T02:35:46.114+0000] {processor.py:161} INFO - Started process (PID=3136) to work on /home/airflow/.local/lib/python3.8/site-packages/airflow/example_dags/example_latest_only_with_trigger.py
[2026-03-12T02:35:46.114+0000] {processor.py:830} INFO - Processing file /home/airflow/.local/lib/python3.8/site-packages/airflow/example_dags/example_latest_only_with_trigger.py for tasks to queue
[2026-03-12T02:35:46.115+0000] {logging_mixin.py:188} INFO - [2026-03-12T02:35:46.115+0000] {dagbag.py:538} INFO - Filling up the DagBag from /home/airflow/.local/lib/python3.8/site-packages/airflow/example_dags/example_latest_only_with_trigger.py
[2026-03-12T02:35:46.117+0000] {processor.py:840} INFO - DAG(s) 'latest_only_with_trigger' retrieved from /home/airflow/.local/lib/python3.8/site-packages/airflow/example_dags/example_latest_only_with_trigger.py
[2026-03-12T02:35:46.125+0000] {logging_mixin.py:188} INFO - [2026-03-12T02:35:46.125+0000] {dag.py:3036} INFO - Sync 1 DAGs
[2026-03-12T02:35:46.132+0000] {logging_mixin.py:188} INFO - [2026-03-12T02:35:46.132+0000] {dag.py:3823} INFO - Setting next_dagrun for latest_only_with_trigger to 2026-03-11 20:00:00+00:00, run_after=2026-03-12 00:00:00+00:00
[2026-03-12T02:35:46.142+0000] {processor.py:183} INFO - Processing /home/airflow/.local/lib/python3.8/site-packages/airflow/example_dags/example_latest_only_with_trigger.py took 0.029 seconds
[2026-03-12T02:36:16.998+0000] {processor.py:161} INFO - Started process (PID=3212) to work on /home/airflow/.local/lib/python3.8/site-packages/airflow/example_dags/example_latest_only_with_trigger.py
[2026-03-12T02:36:17.001+0000] {processor.py:830} INFO - Processing file /home/airflow/.local/lib/python3.8/site-packages/airflow/example_dags/example_latest_only_with_trigger.py for tasks to queue
[2026-03-12T02:36:17.002+0000] {logging_mixin.py:188} INFO - [2026-03-12T02:36:17.002+0000] {dagbag.py:538} INFO - Filling up the DagBag from /home/airflow/.local/lib/python3.8/site-packages/airflow/example_dags/example_latest_only_with_trigger.py
[2026-03-12T02:36:17.004+0000] {processor.py:840} INFO - DAG(s) 'latest_only_with_trigger' retrieved from /home/airflow/.local/lib/python3.8/site-packages/airflow/example_dags/example_latest_only_with_trigger.py
[2026-03-12T02:36:17.012+0000] {logging_mixin.py:188} INFO - [2026-03-12T02:36:17.012+0000] {dag.py:3036} INFO - Sync 1 DAGs
[2026-03-12T02:36:17.020+0000] {logging_mixin.py:188} INFO - [2026-03-12T02:36:17.019+0000] {dag.py:3823} INFO - Setting next_dagrun for latest_only_with_trigger to 2026-03-11 20:00:00+00:00, run_after=2026-03-12 00:00:00+00:00
[2026-03-12T02:36:17.030+0000] {processor.py:183} INFO - Processing /home/airflow/.local/lib/python3.8/site-packages/airflow/example_dags/example_latest_only_with_trigger.py took 0.034 seconds
[2026-03-12T02:36:47.607+0000] {processor.py:161} INFO - Started process (PID=3288) to work on /home/airflow/.local/lib/python3.8/site-packages/airflow/example_dags/example_latest_only_with_trigger.py
[2026-03-12T02:36:47.608+0000] {processor.py:830} INFO - Processing file /home/airflow/.local/lib/python3.8/site-packages/airflow/example_dags/example_latest_only_with_trigger.py for tasks to queue
[2026-03-12T02:36:47.609+0000] {logging_mixin.py:188} INFO - [2026-03-12T02:36:47.609+0000] {dagbag.py:538} INFO - Filling up the DagBag from /home/airflow/.local/lib/python3.8/site-packages/airflow/example_dags/example_latest_only_with_trigger.py
[2026-03-12T02:36:47.611+0000] {processor.py:840} INFO - DAG(s) 'latest_only_with_trigger' retrieved from /home/airflow/.local/lib/python3.8/site-packages/airflow/example_dags/example_latest_only_with_trigger.py
[2026-03-12T02:36:47.621+0000] {logging_mixin.py:188} INFO - [2026-03-12T02:36:47.621+0000] {dag.py:3036} INFO - Sync 1 DAGs
[2026-03-12T02:36:47.630+0000] {logging_mixin.py:188} INFO - [2026-03-12T02:36:47.630+0000] {dag.py:3823} INFO - Setting next_dagrun for latest_only_with_trigger to 2026-03-11 20:00:00+00:00, run_after=2026-03-12 00:00:00+00:00
[2026-03-12T02:36:47.641+0000] {processor.py:183} INFO - Processing /home/airflow/.local/lib/python3.8/site-packages/airflow/example_dags/example_latest_only_with_trigger.py took 0.036 seconds
[2026-03-12T02:37:18.357+0000] {processor.py:161} INFO - Started process (PID=3364) to work on /home/airflow/.local/lib/python3.8/site-packages/airflow/example_dags/example_latest_only_with_trigger.py
[2026-03-12T02:37:18.357+0000] {processor.py:830} INFO - Processing file /home/airflow/.local/lib/python3.8/site-packages/airflow/example_dags/example_latest_only_with_trigger.py for tasks to queue
[2026-03-12T02:37:18.358+0000] {logging_mixin.py:188} INFO - [2026-03-12T02:37:18.358+0000] {dagbag.py:538} INFO - Filling up the DagBag from /home/airflow/.local/lib/python3.8/site-packages/airflow/example_dags/example_latest_only_with_trigger.py
[2026-03-12T02:37:18.361+0000] {processor.py:840} INFO - DAG(s) 'latest_only_with_trigger' retrieved from /home/airflow/.local/lib/python3.8/site-packages/airflow/example_dags/example_latest_only_with_trigger.py
[2026-03-12T02:37:18.374+0000] {logging_mixin.py:188} INFO - [2026-03-12T02:37:18.374+0000] {dag.py:3036} INFO - Sync 1 DAGs
[2026-03-12T02:37:18.384+0000] {logging_mixin.py:188} INFO - [2026-03-12T02:37:18.384+0000] {dag.py:3823} INFO - Setting next_dagrun for latest_only_with_trigger to 2026-03-11 20:00:00+00:00, run_after=2026-03-12 00:00:00+00:00
[2026-03-12T02:37:18.392+0000] {processor.py:183} INFO - Processing /home/airflow/.local/lib/python3.8/site-packages/airflow/example_dags/example_latest_only_with_trigger.py took 0.037 seconds
[2026-03-12T02:37:49.170+0000] {processor.py:161} INFO - Started process (PID=3440) to work on /home/airflow/.local/lib/python3.8/site-packages/airflow/example_dags/example_latest_only_with_trigger.py
[2026-03-12T02:37:49.170+0000] {processor.py:830} INFO - Processing file /home/airflow/.local/lib/python3.8/site-packages/airflow/example_dags/example_latest_only_with_trigger.py for tasks to queue
[2026-03-12T02:37:49.171+0000] {logging_mixin.py:188} INFO - [2026-03-12T02:37:49.171+0000] {dagbag.py:538} INFO - Filling up the DagBag from /home/airflow/.local/lib/python3.8/site-packages/airflow/example_dags/example_latest_only_with_trigger.py
[2026-03-12T02:37:49.173+0000] {processor.py:840} INFO - DAG(s) 'latest_only_with_trigger' retrieved from /home/airflow/.local/lib/python3.8/site-packages/airflow/example_dags/example_latest_only_with_trigger.py
[2026-03-12T02:37:49.183+0000] {logging_mixin.py:188} INFO - [2026-03-12T02:37:49.183+0000] {dag.py:3036} INFO - Sync 1 DAGs
[2026-03-12T02:37:49.191+0000] {logging_mixin.py:188} INFO - [2026-03-12T02:37:49.191+0000] {dag.py:3823} INFO - Setting next_dagrun for latest_only_with_trigger to 2026-03-11 20:00:00+00:00, run_after=2026-03-12 00:00:00+00:00
[2026-03-12T02:37:49.197+0000] {processor.py:183} INFO - Processing /home/airflow/.local/lib/python3.8/site-packages/airflow/example_dags/example_latest_only_with_trigger.py took 0.029 seconds
[2026-03-12T02:38:19.556+0000] {processor.py:161} INFO - Started process (PID=3516) to work on /home/airflow/.local/lib/python3.8/site-packages/airflow/example_dags/example_latest_only_with_trigger.py
[2026-03-12T02:38:19.556+0000] {processor.py:830} INFO - Processing file /home/airflow/.local/lib/python3.8/site-packages/airflow/example_dags/example_latest_only_with_trigger.py for tasks to queue
[2026-03-12T02:38:19.557+0000] {logging_mixin.py:188} INFO - [2026-03-12T02:38:19.557+0000] {dagbag.py:538} INFO - Filling up the DagBag from /home/airflow/.local/lib/python3.8/site-packages/airflow/example_dags/example_latest_only_with_trigger.py
[2026-03-12T02:38:19.559+0000] {processor.py:840} INFO - DAG(s) 'latest_only_with_trigger' retrieved from /home/airflow/.local/lib/python3.8/site-packages/airflow/example_dags/example_latest_only_with_trigger.py
[2026-03-12T02:38:19.567+0000] {logging_mixin.py:188} INFO - [2026-03-12T02:38:19.567+0000] {dag.py:3036} INFO - Sync 1 DAGs
[2026-03-12T02:38:19.574+0000] {logging_mixin.py:188} INFO - [2026-03-12T02:38:19.574+0000] {dag.py:3823} INFO - Setting next_dagrun for latest_only_with_trigger to 2026-03-11 20:00:00+00:00, run_after=2026-03-12 00:00:00+00:00
[2026-03-12T02:38:19.580+0000] {processor.py:183} INFO - Processing /home/airflow/.local/lib/python3.8/site-packages/airflow/example_dags/example_latest_only_with_trigger.py took 0.025 seconds
[2026-03-12T02:38:50.662+0000] {processor.py:161} INFO - Started process (PID=3592) to work on /home/airflow/.local/lib/python3.8/site-packages/airflow/example_dags/example_latest_only_with_trigger.py
[2026-03-12T02:38:50.663+0000] {processor.py:830} INFO - Processing file /home/airflow/.local/lib/python3.8/site-packages/airflow/example_dags/example_latest_only_with_trigger.py for tasks to queue
[2026-03-12T02:38:50.665+0000] {logging_mixin.py:188} INFO - [2026-03-12T02:38:50.665+0000] {dagbag.py:538} INFO - Filling up the DagBag from /home/airflow/.local/lib/python3.8/site-packages/airflow/example_dags/example_latest_only_with_trigger.py
[2026-03-12T02:38:50.668+0000] {processor.py:840} INFO - DAG(s) 'latest_only_with_trigger' retrieved from /home/airflow/.local/lib/python3.8/site-packages/airflow/example_dags/example_latest_only_with_trigger.py
[2026-03-12T02:38:50.683+0000] {logging_mixin.py:188} INFO - [2026-03-12T02:38:50.683+0000] {dag.py:3036} INFO - Sync 1 DAGs
[2026-03-12T02:38:50.691+0000] {logging_mixin.py:188} INFO - [2026-03-12T02:38:50.691+0000] {dag.py:3823} INFO - Setting next_dagrun for latest_only_with_trigger to 2026-03-11 20:00:00+00:00, run_after=2026-03-12 00:00:00+00:00
[2026-03-12T02:38:50.702+0000] {processor.py:183} INFO - Processing /home/airflow/.local/lib/python3.8/site-packages/airflow/example_dags/example_latest_only_with_trigger.py took 0.041 seconds
[2026-03-12T02:39:21.041+0000] {processor.py:161} INFO - Started process (PID=3667) to work on /home/airflow/.local/lib/python3.8/site-packages/airflow/example_dags/example_latest_only_with_trigger.py
[2026-03-12T02:39:21.041+0000] {processor.py:830} INFO - Processing file /home/airflow/.local/lib/python3.8/site-packages/airflow/example_dags/example_latest_only_with_trigger.py for tasks to queue
[2026-03-12T02:39:21.044+0000] {logging_mixin.py:188} INFO - [2026-03-12T02:39:21.044+0000] {dagbag.py:538} INFO - Filling up the DagBag from /home/airflow/.local/lib/python3.8/site-packages/airflow/example_dags/example_latest_only_with_trigger.py
[2026-03-12T02:39:21.046+0000] {processor.py:840} INFO - DAG(s) 'latest_only_with_trigger' retrieved from /home/airflow/.local/lib/python3.8/site-packages/airflow/example_dags/example_latest_only_with_trigger.py
[2026-03-12T02:39:21.056+0000] {logging_mixin.py:188} INFO - [2026-03-12T02:39:21.056+0000] {dag.py:3036} INFO - Sync 1 DAGs
[2026-03-12T02:39:21.064+0000] {logging_mixin.py:188} INFO - [2026-03-12T02:39:21.064+0000] {dag.py:3823} INFO - Setting next_dagrun for latest_only_with_trigger to 2026-03-11 20:00:00+00:00, run_after=2026-03-12 00:00:00+00:00
[2026-03-12T02:39:21.070+0000] {processor.py:183} INFO - Processing /home/airflow/.local/lib/python3.8/site-packages/airflow/example_dags/example_latest_only_with_trigger.py took 0.030 seconds
[2026-03-12T02:39:52.043+0000] {processor.py:161} INFO - Started process (PID=3744) to work on /home/airflow/.local/lib/python3.8/site-packages/airflow/example_dags/example_latest_only_with_trigger.py
[2026-03-12T02:39:52.044+0000] {processor.py:830} INFO - Processing file /home/airflow/.local/lib/python3.8/site-packages/airflow/example_dags/example_latest_only_with_trigger.py for tasks to queue
[2026-03-12T02:39:52.046+0000] {logging_mixin.py:188} INFO - [2026-03-12T02:39:52.046+0000] {dagbag.py:538} INFO - Filling up the DagBag from /home/airflow/.local/lib/python3.8/site-packages/airflow/example_dags/example_latest_only_with_trigger.py
[2026-03-12T02:39:52.048+0000] {processor.py:840} INFO - DAG(s) 'latest_only_with_trigger' retrieved from /home/airflow/.local/lib/python3.8/site-packages/airflow/example_dags/example_latest_only_with_trigger.py
[2026-03-12T02:39:52.062+0000] {logging_mixin.py:188} INFO - [2026-03-12T02:39:52.062+0000] {dag.py:3036} INFO - Sync 1 DAGs
[2026-03-12T02:39:52.075+0000] {logging_mixin.py:188} INFO - [2026-03-12T02:39:52.074+0000] {dag.py:3823} INFO - Setting next_dagrun for latest_only_with_trigger to 2026-03-11 20:00:00+00:00, run_after=2026-03-12 00:00:00+00:00
[2026-03-12T02:39:52.085+0000] {processor.py:183} INFO - Processing /home/airflow/.local/lib/python3.8/site-packages/airflow/example_dags/example_latest_only_with_trigger.py took 0.044 seconds
[2026-03-12T02:40:23.277+0000] {processor.py:161} INFO - Started process (PID=3820) to work on /home/airflow/.local/lib/python3.8/site-packages/airflow/example_dags/example_latest_only_with_trigger.py
[2026-03-12T02:40:23.277+0000] {processor.py:830} INFO - Processing file /home/airflow/.local/lib/python3.8/site-packages/airflow/example_dags/example_latest_only_with_trigger.py for tasks to queue
[2026-03-12T02:40:23.278+0000] {logging_mixin.py:188} INFO - [2026-03-12T02:40:23.278+0000] {dagbag.py:538} INFO - Filling up the DagBag from /home/airflow/.local/lib/python3.8/site-packages/airflow/example_dags/example_latest_only_with_trigger.py
[2026-03-12T02:40:23.281+0000] {processor.py:840} INFO - DAG(s) 'latest_only_with_trigger' retrieved from /home/airflow/.local/lib/python3.8/site-packages/airflow/example_dags/example_latest_only_with_trigger.py
[2026-03-12T02:40:23.290+0000] {logging_mixin.py:188} INFO - [2026-03-12T02:40:23.290+0000] {dag.py:3036} INFO - Sync 1 DAGs
[2026-03-12T02:40:23.303+0000] {logging_mixin.py:188} INFO - [2026-03-12T02:40:23.303+0000] {dag.py:3823} INFO - Setting next_dagrun for latest_only_with_trigger to 2026-03-11 20:00:00+00:00, run_after=2026-03-12 00:00:00+00:00
[2026-03-12T02:40:23.314+0000] {processor.py:183} INFO - Processing /home/airflow/.local/lib/python3.8/site-packages/airflow/example_dags/example_latest_only_with_trigger.py took 0.039 seconds
[2026-03-12T02:40:54.324+0000] {processor.py:161} INFO - Started process (PID=3896) to work on /home/airflow/.local/lib/python3.8/site-packages/airflow/example_dags/example_latest_only_with_trigger.py
[2026-03-12T02:40:54.325+0000] {processor.py:830} INFO - Processing file /home/airflow/.local/lib/python3.8/site-packages/airflow/example_dags/example_latest_only_with_trigger.py for tasks to queue
[2026-03-12T02:40:54.326+0000] {logging_mixin.py:188} INFO - [2026-03-12T02:40:54.326+0000] {dagbag.py:538} INFO - Filling up the DagBag from /home/airflow/.local/lib/python3.8/site-packages/airflow/example_dags/example_latest_only_with_trigger.py
[2026-03-12T02:40:54.328+0000] {processor.py:840} INFO - DAG(s) 'latest_only_with_trigger' retrieved from /home/airflow/.local/lib/python3.8/site-packages/airflow/example_dags/example_latest_only_with_trigger.py
[2026-03-12T02:40:54.340+0000] {logging_mixin.py:188} INFO - [2026-03-12T02:40:54.339+0000] {dag.py:3036} INFO - Sync 1 DAGs
[2026-03-12T02:40:54.348+0000] {logging_mixin.py:188} INFO - [2026-03-12T02:40:54.348+0000] {dag.py:3823} INFO - Setting next_dagrun for latest_only_with_trigger to 2026-03-11 20:00:00+00:00, run_after=2026-03-12 00:00:00+00:00
[2026-03-12T02:40:54.357+0000] {processor.py:183} INFO - Processing /home/airflow/.local/lib/python3.8/site-packages/airflow/example_dags/example_latest_only_with_trigger.py took 0.035 seconds
[2026-03-12T02:41:25.149+0000] {processor.py:161} INFO - Started process (PID=3972) to work on /home/airflow/.local/lib/python3.8/site-packages/airflow/example_dags/example_latest_only_with_trigger.py
[2026-03-12T02:41:25.150+0000] {processor.py:830} INFO - Processing file /home/airflow/.local/lib/python3.8/site-packages/airflow/example_dags/example_latest_only_with_trigger.py for tasks to queue
[2026-03-12T02:41:25.151+0000] {logging_mixin.py:188} INFO - [2026-03-12T02:41:25.151+0000] {dagbag.py:538} INFO - Filling up the DagBag from /home/airflow/.local/lib/python3.8/site-packages/airflow/example_dags/example_latest_only_with_trigger.py
[2026-03-12T02:41:25.153+0000] {processor.py:840} INFO - DAG(s) 'latest_only_with_trigger' retrieved from /home/airflow/.local/lib/python3.8/site-packages/airflow/example_dags/example_latest_only_with_trigger.py
[2026-03-12T02:41:25.163+0000] {logging_mixin.py:188} INFO - [2026-03-12T02:41:25.163+0000] {dag.py:3036} INFO - Sync 1 DAGs
[2026-03-12T02:41:25.171+0000] {logging_mixin.py:188} INFO - [2026-03-12T02:41:25.171+0000] {dag.py:3823} INFO - Setting next_dagrun for latest_only_with_trigger to 2026-03-11 20:00:00+00:00, run_after=2026-03-12 00:00:00+00:00
[2026-03-12T02:41:25.180+0000] {processor.py:183} INFO - Processing /home/airflow/.local/lib/python3.8/site-packages/airflow/example_dags/example_latest_only_with_trigger.py took 0.032 seconds
[2026-03-12T02:41:55.922+0000] {processor.py:161} INFO - Started process (PID=4048) to work on /home/airflow/.local/lib/python3.8/site-packages/airflow/example_dags/example_latest_only_with_trigger.py
[2026-03-12T02:41:55.923+0000] {processor.py:830} INFO - Processing file /home/airflow/.local/lib/python3.8/site-packages/airflow/example_dags/example_latest_only_with_trigger.py for tasks to queue
[2026-03-12T02:41:55.923+0000] {logging_mixin.py:188} INFO - [2026-03-12T02:41:55.923+0000] {dagbag.py:538} INFO - Filling up the DagBag from /home/airflow/.local/lib/python3.8/site-packages/airflow/example_dags/example_latest_only_with_trigger.py
[2026-03-12T02:41:55.926+0000] {processor.py:840} INFO - DAG(s) 'latest_only_with_trigger' retrieved from /home/airflow/.local/lib/python3.8/site-packages/airflow/example_dags/example_latest_only_with_trigger.py
[2026-03-12T02:41:55.936+0000] {logging_mixin.py:188} INFO - [2026-03-12T02:41:55.935+0000] {dag.py:3036} INFO - Sync 1 DAGs
[2026-03-12T02:41:55.945+0000] {logging_mixin.py:188} INFO - [2026-03-12T02:41:55.945+0000] {dag.py:3823} INFO - Setting next_dagrun for latest_only_with_trigger to 2026-03-11 20:00:00+00:00, run_after=2026-03-12 00:00:00+00:00
[2026-03-12T02:41:55.956+0000] {processor.py:183} INFO - Processing /home/airflow/.local/lib/python3.8/site-packages/airflow/example_dags/example_latest_only_with_trigger.py took 0.036 seconds
[2026-03-12T02:42:26.643+0000] {processor.py:161} INFO - Started process (PID=4124) to work on /home/airflow/.local/lib/python3.8/site-packages/airflow/example_dags/example_latest_only_with_trigger.py
[2026-03-12T02:42:26.644+0000] {processor.py:830} INFO - Processing file /home/airflow/.local/lib/python3.8/site-packages/airflow/example_dags/example_latest_only_with_trigger.py for tasks to queue
[2026-03-12T02:42:26.646+0000] {logging_mixin.py:188} INFO - [2026-03-12T02:42:26.646+0000] {dagbag.py:538} INFO - Filling up the DagBag from /home/airflow/.local/lib/python3.8/site-packages/airflow/example_dags/example_latest_only_with_trigger.py
[2026-03-12T02:42:26.648+0000] {processor.py:840} INFO - DAG(s) 'latest_only_with_trigger' retrieved from /home/airflow/.local/lib/python3.8/site-packages/airflow/example_dags/example_latest_only_with_trigger.py
[2026-03-12T02:42:26.658+0000] {logging_mixin.py:188} INFO - [2026-03-12T02:42:26.657+0000] {dag.py:3036} INFO - Sync 1 DAGs
[2026-03-12T02:42:26.665+0000] {logging_mixin.py:188} INFO - [2026-03-12T02:42:26.665+0000] {dag.py:3823} INFO - Setting next_dagrun for latest_only_with_trigger to 2026-03-11 20:00:00+00:00, run_after=2026-03-12 00:00:00+00:00
[2026-03-12T02:42:26.676+0000] {processor.py:183} INFO - Processing /home/airflow/.local/lib/python3.8/site-packages/airflow/example_dags/example_latest_only_with_trigger.py took 0.035 seconds
[2026-03-12T02:42:57.049+0000] {processor.py:161} INFO - Started process (PID=4200) to work on /home/airflow/.local/lib/python3.8/site-packages/airflow/example_dags/example_latest_only_with_trigger.py
[2026-03-12T02:42:57.050+0000] {processor.py:830} INFO - Processing file /home/airflow/.local/lib/python3.8/site-packages/airflow/example_dags/example_latest_only_with_trigger.py for tasks to queue
[2026-03-12T02:42:57.050+0000] {logging_mixin.py:188} INFO - [2026-03-12T02:42:57.050+0000] {dagbag.py:538} INFO - Filling up the DagBag from /home/airflow/.local/lib/python3.8/site-packages/airflow/example_dags/example_latest_only_with_trigger.py
[2026-03-12T02:42:57.053+0000] {processor.py:840} INFO - DAG(s) 'latest_only_with_trigger' retrieved from /home/airflow/.local/lib/python3.8/site-packages/airflow/example_dags/example_latest_only_with_trigger.py
[2026-03-12T02:42:57.060+0000] {logging_mixin.py:188} INFO - [2026-03-12T02:42:57.060+0000] {dag.py:3036} INFO - Sync 1 DAGs
[2026-03-12T02:42:57.068+0000] {logging_mixin.py:188} INFO - [2026-03-12T02:42:57.068+0000] {dag.py:3823} INFO - Setting next_dagrun for latest_only_with_trigger to 2026-03-11 20:00:00+00:00, run_after=2026-03-12 00:00:00+00:00
[2026-03-12T02:42:57.074+0000] {processor.py:183} INFO - Processing /home/airflow/.local/lib/python3.8/site-packages/airflow/example_dags/example_latest_only_with_trigger.py took 0.026 seconds
[2026-03-12T02:43:27.498+0000] {processor.py:161} INFO - Started process (PID=4276) to work on /home/airflow/.local/lib/python3.8/site-packages/airflow/example_dags/example_latest_only_with_trigger.py
[2026-03-12T02:43:27.498+0000] {processor.py:830} INFO - Processing file /home/airflow/.local/lib/python3.8/site-packages/airflow/example_dags/example_latest_only_with_trigger.py for tasks to queue
[2026-03-12T02:43:27.499+0000] {logging_mixin.py:188} INFO - [2026-03-12T02:43:27.499+0000] {dagbag.py:538} INFO - Filling up the DagBag from /home/airflow/.local/lib/python3.8/site-packages/airflow/example_dags/example_latest_only_with_trigger.py
[2026-03-12T02:43:27.502+0000] {processor.py:840} INFO - DAG(s) 'latest_only_with_trigger' retrieved from /home/airflow/.local/lib/python3.8/site-packages/airflow/example_dags/example_latest_only_with_trigger.py
[2026-03-12T02:43:27.512+0000] {logging_mixin.py:188} INFO - [2026-03-12T02:43:27.512+0000] {dag.py:3036} INFO - Sync 1 DAGs
[2026-03-12T02:43:27.521+0000] {logging_mixin.py:188} INFO - [2026-03-12T02:43:27.521+0000] {dag.py:3823} INFO - Setting next_dagrun for latest_only_with_trigger to 2026-03-11 20:00:00+00:00, run_after=2026-03-12 00:00:00+00:00
[2026-03-12T02:43:27.531+0000] {processor.py:183} INFO - Processing /home/airflow/.local/lib/python3.8/site-packages/airflow/example_dags/example_latest_only_with_trigger.py took 0.035 seconds
[2026-03-12T02:43:57.912+0000] {processor.py:161} INFO - Started process (PID=4352) to work on /home/airflow/.local/lib/python3.8/site-packages/airflow/example_dags/example_latest_only_with_trigger.py
[2026-03-12T02:43:57.913+0000] {processor.py:830} INFO - Processing file /home/airflow/.local/lib/python3.8/site-packages/airflow/example_dags/example_latest_only_with_trigger.py for tasks to queue
[2026-03-12T02:43:57.914+0000] {logging_mixin.py:188} INFO - [2026-03-12T02:43:57.914+0000] {dagbag.py:538} INFO - Filling up the DagBag from /home/airflow/.local/lib/python3.8/site-packages/airflow/example_dags/example_latest_only_with_trigger.py
[2026-03-12T02:43:57.916+0000] {processor.py:840} INFO - DAG(s) 'latest_only_with_trigger' retrieved from /home/airflow/.local/lib/python3.8/site-packages/airflow/example_dags/example_latest_only_with_trigger.py
[2026-03-12T02:43:57.924+0000] {logging_mixin.py:188} INFO - [2026-03-12T02:43:57.924+0000] {dag.py:3036} INFO - Sync 1 DAGs
[2026-03-12T02:43:57.931+0000] {logging_mixin.py:188} INFO - [2026-03-12T02:43:57.931+0000] {dag.py:3823} INFO - Setting next_dagrun for latest_only_with_trigger to 2026-03-11 20:00:00+00:00, run_after=2026-03-12 00:00:00+00:00
[2026-03-12T02:43:57.937+0000] {processor.py:183} INFO - Processing /home/airflow/.local/lib/python3.8/site-packages/airflow/example_dags/example_latest_only_with_trigger.py took 0.026 seconds
[2026-03-12T02:44:28.320+0000] {processor.py:161} INFO - Started process (PID=4428) to work on /home/airflow/.local/lib/python3.8/site-packages/airflow/example_dags/example_latest_only_with_trigger.py
[2026-03-12T02:44:28.320+0000] {processor.py:830} INFO - Processing file /home/airflow/.local/lib/python3.8/site-packages/airflow/example_dags/example_latest_only_with_trigger.py for tasks to queue
[2026-03-12T02:44:28.321+0000] {logging_mixin.py:188} INFO - [2026-03-12T02:44:28.321+0000] {dagbag.py:538} INFO - Filling up the DagBag from /home/airflow/.local/lib/python3.8/site-packages/airflow/example_dags/example_latest_only_with_trigger.py
[2026-03-12T02:44:28.324+0000] {processor.py:840} INFO - DAG(s) 'latest_only_with_trigger' retrieved from /home/airflow/.local/lib/python3.8/site-packages/airflow/example_dags/example_latest_only_with_trigger.py
[2026-03-12T02:44:28.332+0000] {logging_mixin.py:188} INFO - [2026-03-12T02:44:28.332+0000] {dag.py:3036} INFO - Sync 1 DAGs
[2026-03-12T02:44:28.343+0000] {logging_mixin.py:188} INFO - [2026-03-12T02:44:28.342+0000] {dag.py:3823} INFO - Setting next_dagrun for latest_only_with_trigger to 2026-03-11 20:00:00+00:00, run_after=2026-03-12 00:00:00+00:00
[2026-03-12T02:44:28.355+0000] {processor.py:183} INFO - Processing /home/airflow/.local/lib/python3.8/site-packages/airflow/example_dags/example_latest_only_with_trigger.py took 0.036 seconds
[2026-03-12T02:44:58.774+0000] {processor.py:161} INFO - Started process (PID=4504) to work on /home/airflow/.local/lib/python3.8/site-packages/airflow/example_dags/example_latest_only_with_trigger.py
[2026-03-12T02:44:58.774+0000] {processor.py:830} INFO - Processing file /home/airflow/.local/lib/python3.8/site-packages/airflow/example_dags/example_latest_only_with_trigger.py for tasks to queue
[2026-03-12T02:44:58.775+0000] {logging_mixin.py:188} INFO - [2026-03-12T02:44:58.775+0000] {dagbag.py:538} INFO - Filling up the DagBag from /home/airflow/.local/lib/python3.8/site-packages/airflow/example_dags/example_latest_only_with_trigger.py
[2026-03-12T02:44:58.777+0000] {processor.py:840} INFO - DAG(s) 'latest_only_with_trigger' retrieved from /home/airflow/.local/lib/python3.8/site-packages/airflow/example_dags/example_latest_only_with_trigger.py
[2026-03-12T02:44:58.786+0000] {logging_mixin.py:188} INFO - [2026-03-12T02:44:58.786+0000] {dag.py:3036} INFO - Sync 1 DAGs
[2026-03-12T02:44:58.795+0000] {logging_mixin.py:188} INFO - [2026-03-12T02:44:58.795+0000] {dag.py:3823} INFO - Setting next_dagrun for latest_only_with_trigger to 2026-03-11 20:00:00+00:00, run_after=2026-03-12 00:00:00+00:00
[2026-03-12T02:44:58.806+0000] {processor.py:183} INFO - Processing /home/airflow/.local/lib/python3.8/site-packages/airflow/example_dags/example_latest_only_with_trigger.py took 0.034 seconds
[2026-03-12T02:45:29.128+0000] {processor.py:161} INFO - Started process (PID=4580) to work on /home/airflow/.local/lib/python3.8/site-packages/airflow/example_dags/example_latest_only_with_trigger.py
[2026-03-12T02:45:29.130+0000] {processor.py:830} INFO - Processing file /home/airflow/.local/lib/python3.8/site-packages/airflow/example_dags/example_latest_only_with_trigger.py for tasks to queue
[2026-03-12T02:45:29.131+0000] {logging_mixin.py:188} INFO - [2026-03-12T02:45:29.131+0000] {dagbag.py:538} INFO - Filling up the DagBag from /home/airflow/.local/lib/python3.8/site-packages/airflow/example_dags/example_latest_only_with_trigger.py
[2026-03-12T02:45:29.133+0000] {processor.py:840} INFO - DAG(s) 'latest_only_with_trigger' retrieved from /home/airflow/.local/lib/python3.8/site-packages/airflow/example_dags/example_latest_only_with_trigger.py
[2026-03-12T02:45:29.143+0000] {logging_mixin.py:188} INFO - [2026-03-12T02:45:29.143+0000] {dag.py:3036} INFO - Sync 1 DAGs
[2026-03-12T02:45:29.151+0000] {logging_mixin.py:188} INFO - [2026-03-12T02:45:29.151+0000] {dag.py:3823} INFO - Setting next_dagrun for latest_only_with_trigger to 2026-03-11 20:00:00+00:00, run_after=2026-03-12 00:00:00+00:00
[2026-03-12T02:45:29.160+0000] {processor.py:183} INFO - Processing /home/airflow/.local/lib/python3.8/site-packages/airflow/example_dags/example_latest_only_with_trigger.py took 0.033 seconds
[2026-03-12T02:45:59.639+0000] {processor.py:161} INFO - Started process (PID=4656) to work on /home/airflow/.local/lib/python3.8/site-packages/airflow/example_dags/example_latest_only_with_trigger.py
[2026-03-12T02:45:59.639+0000] {processor.py:830} INFO - Processing file /home/airflow/.local/lib/python3.8/site-packages/airflow/example_dags/example_latest_only_with_trigger.py for tasks to queue
[2026-03-12T02:45:59.640+0000] {logging_mixin.py:188} INFO - [2026-03-12T02:45:59.640+0000] {dagbag.py:538} INFO - Filling up the DagBag from /home/airflow/.local/lib/python3.8/site-packages/airflow/example_dags/example_latest_only_with_trigger.py
[2026-03-12T02:45:59.642+0000] {processor.py:840} INFO - DAG(s) 'latest_only_with_trigger' retrieved from /home/airflow/.local/lib/python3.8/site-packages/airflow/example_dags/example_latest_only_with_trigger.py
[2026-03-12T02:45:59.649+0000] {logging_mixin.py:188} INFO - [2026-03-12T02:45:59.649+0000] {dag.py:3036} INFO - Sync 1 DAGs
[2026-03-12T02:45:59.656+0000] {logging_mixin.py:188} INFO - [2026-03-12T02:45:59.656+0000] {dag.py:3823} INFO - Setting next_dagrun for latest_only_with_trigger to 2026-03-11 20:00:00+00:00, run_after=2026-03-12 00:00:00+00:00
[2026-03-12T02:45:59.661+0000] {processor.py:183} INFO - Processing /home/airflow/.local/lib/python3.8/site-packages/airflow/example_dags/example_latest_only_with_trigger.py took 0.024 seconds
[2026-03-12T02:46:30.195+0000] {processor.py:161} INFO - Started process (PID=4732) to work on /home/airflow/.local/lib/python3.8/site-packages/airflow/example_dags/example_latest_only_with_trigger.py
[2026-03-12T02:46:30.196+0000] {processor.py:830} INFO - Processing file /home/airflow/.local/lib/python3.8/site-packages/airflow/example_dags/example_latest_only_with_trigger.py for tasks to queue
[2026-03-12T02:46:30.197+0000] {logging_mixin.py:188} INFO - [2026-03-12T02:46:30.196+0000] {dagbag.py:538} INFO - Filling up the DagBag from /home/airflow/.local/lib/python3.8/site-packages/airflow/example_dags/example_latest_only_with_trigger.py
[2026-03-12T02:46:30.199+0000] {processor.py:840} INFO - DAG(s) 'latest_only_with_trigger' retrieved from /home/airflow/.local/lib/python3.8/site-packages/airflow/example_dags/example_latest_only_with_trigger.py
[2026-03-12T02:46:30.207+0000] {logging_mixin.py:188} INFO - [2026-03-12T02:46:30.207+0000] {dag.py:3036} INFO - Sync 1 DAGs
[2026-03-12T02:46:30.214+0000] {logging_mixin.py:188} INFO - [2026-03-12T02:46:30.214+0000] {dag.py:3823} INFO - Setting next_dagrun for latest_only_with_trigger to 2026-03-11 20:00:00+00:00, run_after=2026-03-12 00:00:00+00:00
[2026-03-12T02:46:30.220+0000] {processor.py:183} INFO - Processing /home/airflow/.local/lib/python3.8/site-packages/airflow/example_dags/example_latest_only_with_trigger.py took 0.026 seconds
[2026-03-12T02:47:01.063+0000] {processor.py:161} INFO - Started process (PID=4808) to work on /home/airflow/.local/lib/python3.8/site-packages/airflow/example_dags/example_latest_only_with_trigger.py
[2026-03-12T02:47:01.065+0000] {processor.py:830} INFO - Processing file /home/airflow/.local/lib/python3.8/site-packages/airflow/example_dags/example_latest_only_with_trigger.py for tasks to queue
[2026-03-12T02:47:01.066+0000] {logging_mixin.py:188} INFO - [2026-03-12T02:47:01.066+0000] {dagbag.py:538} INFO - Filling up the DagBag from /home/airflow/.local/lib/python3.8/site-packages/airflow/example_dags/example_latest_only_with_trigger.py
[2026-03-12T02:47:01.069+0000] {processor.py:840} INFO - DAG(s) 'latest_only_with_trigger' retrieved from /home/airflow/.local/lib/python3.8/site-packages/airflow/example_dags/example_latest_only_with_trigger.py
[2026-03-12T02:47:01.077+0000] {logging_mixin.py:188} INFO - [2026-03-12T02:47:01.077+0000] {dag.py:3036} INFO - Sync 1 DAGs
[2026-03-12T02:47:01.087+0000] {logging_mixin.py:188} INFO - [2026-03-12T02:47:01.087+0000] {dag.py:3823} INFO - Setting next_dagrun for latest_only_with_trigger to 2026-03-11 20:00:00+00:00, run_after=2026-03-12 00:00:00+00:00
[2026-03-12T02:47:01.095+0000] {processor.py:183} INFO - Processing /home/airflow/.local/lib/python3.8/site-packages/airflow/example_dags/example_latest_only_with_trigger.py took 0.033 seconds
[2026-03-12T02:47:31.757+0000] {processor.py:161} INFO - Started process (PID=4884) to work on /home/airflow/.local/lib/python3.8/site-packages/airflow/example_dags/example_latest_only_with_trigger.py
[2026-03-12T02:47:31.758+0000] {processor.py:830} INFO - Processing file /home/airflow/.local/lib/python3.8/site-packages/airflow/example_dags/example_latest_only_with_trigger.py for tasks to queue
[2026-03-12T02:47:31.759+0000] {logging_mixin.py:188} INFO - [2026-03-12T02:47:31.758+0000] {dagbag.py:538} INFO - Filling up the DagBag from /home/airflow/.local/lib/python3.8/site-packages/airflow/example_dags/example_latest_only_with_trigger.py
[2026-03-12T02:47:31.761+0000] {processor.py:840} INFO - DAG(s) 'latest_only_with_trigger' retrieved from /home/airflow/.local/lib/python3.8/site-packages/airflow/example_dags/example_latest_only_with_trigger.py
[2026-03-12T02:47:31.768+0000] {logging_mixin.py:188} INFO - [2026-03-12T02:47:31.768+0000] {dag.py:3036} INFO - Sync 1 DAGs
[2026-03-12T02:47:31.775+0000] {logging_mixin.py:188} INFO - [2026-03-12T02:47:31.775+0000] {dag.py:3823} INFO - Setting next_dagrun for latest_only_with_trigger to 2026-03-11 20:00:00+00:00, run_after=2026-03-12 00:00:00+00:00
[2026-03-12T02:47:31.782+0000] {processor.py:183} INFO - Processing /home/airflow/.local/lib/python3.8/site-packages/airflow/example_dags/example_latest_only_with_trigger.py took 0.026 seconds
[2026-03-12T02:48:02.120+0000] {processor.py:161} INFO - Started process (PID=4960) to work on /home/airflow/.local/lib/python3.8/site-packages/airflow/example_dags/example_latest_only_with_trigger.py
[2026-03-12T02:48:02.120+0000] {processor.py:830} INFO - Processing file /home/airflow/.local/lib/python3.8/site-packages/airflow/example_dags/example_latest_only_with_trigger.py for tasks to queue
[2026-03-12T02:48:02.121+0000] {logging_mixin.py:188} INFO - [2026-03-12T02:48:02.121+0000] {dagbag.py:538} INFO - Filling up the DagBag from /home/airflow/.local/lib/python3.8/site-packages/airflow/example_dags/example_latest_only_with_trigger.py
[2026-03-12T02:48:02.123+0000] {processor.py:840} INFO - DAG(s) 'latest_only_with_trigger' retrieved from /home/airflow/.local/lib/python3.8/site-packages/airflow/example_dags/example_latest_only_with_trigger.py
[2026-03-12T02:48:02.131+0000] {logging_mixin.py:188} INFO - [2026-03-12T02:48:02.131+0000] {dag.py:3036} INFO - Sync 1 DAGs
[2026-03-12T02:48:02.139+0000] {logging_mixin.py:188} INFO - [2026-03-12T02:48:02.139+0000] {dag.py:3823} INFO - Setting next_dagrun for latest_only_with_trigger to 2026-03-11 20:00:00+00:00, run_after=2026-03-12 00:00:00+00:00
[2026-03-12T02:48:02.145+0000] {processor.py:183} INFO - Processing /home/airflow/.local/lib/python3.8/site-packages/airflow/example_dags/example_latest_only_with_trigger.py took 0.027 seconds
[2026-03-12T02:48:33.224+0000] {processor.py:161} INFO - Started process (PID=5035) to work on /home/airflow/.local/lib/python3.8/site-packages/airflow/example_dags/example_latest_only_with_trigger.py
[2026-03-12T02:48:33.224+0000] {processor.py:830} INFO - Processing file /home/airflow/.local/lib/python3.8/site-packages/airflow/example_dags/example_latest_only_with_trigger.py for tasks to queue
[2026-03-12T02:48:33.228+0000] {logging_mixin.py:188} INFO - [2026-03-12T02:48:33.225+0000] {dagbag.py:538} INFO - Filling up the DagBag from /home/airflow/.local/lib/python3.8/site-packages/airflow/example_dags/example_latest_only_with_trigger.py
[2026-03-12T02:48:33.231+0000] {processor.py:840} INFO - DAG(s) 'latest_only_with_trigger' retrieved from /home/airflow/.local/lib/python3.8/site-packages/airflow/example_dags/example_latest_only_with_trigger.py
[2026-03-12T02:48:33.239+0000] {logging_mixin.py:188} INFO - [2026-03-12T02:48:33.239+0000] {dag.py:3036} INFO - Sync 1 DAGs
[2026-03-12T02:48:33.249+0000] {logging_mixin.py:188} INFO - [2026-03-12T02:48:33.249+0000] {dag.py:3823} INFO - Setting next_dagrun for latest_only_with_trigger to 2026-03-11 20:00:00+00:00, run_after=2026-03-12 00:00:00+00:00
[2026-03-12T02:48:33.255+0000] {processor.py:183} INFO - Processing /home/airflow/.local/lib/python3.8/site-packages/airflow/example_dags/example_latest_only_with_trigger.py took 0.033 seconds
[2026-03-12T02:49:04.561+0000] {processor.py:161} INFO - Started process (PID=5112) to work on /home/airflow/.local/lib/python3.8/site-packages/airflow/example_dags/example_latest_only_with_trigger.py
[2026-03-12T02:49:04.562+0000] {processor.py:830} INFO - Processing file /home/airflow/.local/lib/python3.8/site-packages/airflow/example_dags/example_latest_only_with_trigger.py for tasks to queue
[2026-03-12T02:49:04.565+0000] {logging_mixin.py:188} INFO - [2026-03-12T02:49:04.564+0000] {dagbag.py:538} INFO - Filling up the DagBag from /home/airflow/.local/lib/python3.8/site-packages/airflow/example_dags/example_latest_only_with_trigger.py
[2026-03-12T02:49:04.572+0000] {processor.py:840} INFO - DAG(s) 'latest_only_with_trigger' retrieved from /home/airflow/.local/lib/python3.8/site-packages/airflow/example_dags/example_latest_only_with_trigger.py
[2026-03-12T02:49:04.609+0000] {logging_mixin.py:188} INFO - [2026-03-12T02:49:04.608+0000] {dag.py:3036} INFO - Sync 1 DAGs
[2026-03-12T02:49:04.629+0000] {logging_mixin.py:188} INFO - [2026-03-12T02:49:04.629+0000] {dag.py:3823} INFO - Setting next_dagrun for latest_only_with_trigger to 2026-03-11 20:00:00+00:00, run_after=2026-03-12 00:00:00+00:00
[2026-03-12T02:49:04.643+0000] {processor.py:183} INFO - Processing /home/airflow/.local/lib/python3.8/site-packages/airflow/example_dags/example_latest_only_with_trigger.py took 0.086 seconds
[2026-03-12T02:49:35.051+0000] {processor.py:161} INFO - Started process (PID=5187) to work on /home/airflow/.local/lib/python3.8/site-packages/airflow/example_dags/example_latest_only_with_trigger.py
[2026-03-12T02:49:35.052+0000] {processor.py:830} INFO - Processing file /home/airflow/.local/lib/python3.8/site-packages/airflow/example_dags/example_latest_only_with_trigger.py for tasks to queue
[2026-03-12T02:49:35.053+0000] {logging_mixin.py:188} INFO - [2026-03-12T02:49:35.053+0000] {dagbag.py:538} INFO - Filling up the DagBag from /home/airflow/.local/lib/python3.8/site-packages/airflow/example_dags/example_latest_only_with_trigger.py
[2026-03-12T02:49:35.056+0000] {processor.py:840} INFO - DAG(s) 'latest_only_with_trigger' retrieved from /home/airflow/.local/lib/python3.8/site-packages/airflow/example_dags/example_latest_only_with_trigger.py
[2026-03-12T02:49:35.064+0000] {logging_mixin.py:188} INFO - [2026-03-12T02:49:35.064+0000] {dag.py:3036} INFO - Sync 1 DAGs
[2026-03-12T02:49:35.076+0000] {logging_mixin.py:188} INFO - [2026-03-12T02:49:35.076+0000] {dag.py:3823} INFO - Setting next_dagrun for latest_only_with_trigger to 2026-03-11 20:00:00+00:00, run_after=2026-03-12 00:00:00+00:00
[2026-03-12T02:49:35.087+0000] {processor.py:183} INFO - Processing /home/airflow/.local/lib/python3.8/site-packages/airflow/example_dags/example_latest_only_with_trigger.py took 0.039 seconds
