[2026-03-12T02:15:11.348+0000] {processor.py:161} INFO - Started process (PID=126) to work on /home/airflow/.local/lib/python3.8/site-packages/airflow/example_dags/example_time_delta_sensor_async.py
[2026-03-12T02:15:11.349+0000] {processor.py:830} INFO - Processing file /home/airflow/.local/lib/python3.8/site-packages/airflow/example_dags/example_time_delta_sensor_async.py for tasks to queue
[2026-03-12T02:15:11.350+0000] {logging_mixin.py:188} INFO - [2026-03-12T02:15:11.350+0000] {dagbag.py:538} INFO - Filling up the DagBag from /home/airflow/.local/lib/python3.8/site-packages/airflow/example_dags/example_time_delta_sensor_async.py
[2026-03-12T02:15:11.355+0000] {processor.py:840} INFO - DAG(s) 'example_time_delta_sensor_async' retrieved from /home/airflow/.local/lib/python3.8/site-packages/airflow/example_dags/example_time_delta_sensor_async.py
[2026-03-12T02:15:11.363+0000] {logging_mixin.py:188} INFO - [2026-03-12T02:15:11.363+0000] {dag.py:3036} INFO - Sync 1 DAGs
[2026-03-12T02:15:11.370+0000] {logging_mixin.py:188} INFO - [2026-03-12T02:15:11.370+0000] {dag.py:3823} INFO - Setting next_dagrun for example_time_delta_sensor_async to None, run_after=None
[2026-03-12T02:15:11.383+0000] {processor.py:183} INFO - Processing /home/airflow/.local/lib/python3.8/site-packages/airflow/example_dags/example_time_delta_sensor_async.py took 0.036 seconds
[2026-03-12T02:15:44.297+0000] {processor.py:161} INFO - Started process (PID=202) to work on /home/airflow/.local/lib/python3.8/site-packages/airflow/example_dags/example_time_delta_sensor_async.py
[2026-03-12T02:15:44.297+0000] {processor.py:830} INFO - Processing file /home/airflow/.local/lib/python3.8/site-packages/airflow/example_dags/example_time_delta_sensor_async.py for tasks to queue
[2026-03-12T02:15:44.298+0000] {logging_mixin.py:188} INFO - [2026-03-12T02:15:44.298+0000] {dagbag.py:538} INFO - Filling up the DagBag from /home/airflow/.local/lib/python3.8/site-packages/airflow/example_dags/example_time_delta_sensor_async.py
[2026-03-12T02:15:44.300+0000] {processor.py:840} INFO - DAG(s) 'example_time_delta_sensor_async' retrieved from /home/airflow/.local/lib/python3.8/site-packages/airflow/example_dags/example_time_delta_sensor_async.py
[2026-03-12T02:15:44.441+0000] {logging_mixin.py:188} INFO - [2026-03-12T02:15:44.441+0000] {dag.py:3036} INFO - Sync 1 DAGs
[2026-03-12T02:15:44.447+0000] {logging_mixin.py:188} INFO - [2026-03-12T02:15:44.447+0000] {dag.py:3823} INFO - Setting next_dagrun for example_time_delta_sensor_async to None, run_after=None
[2026-03-12T02:15:44.463+0000] {processor.py:183} INFO - Processing /home/airflow/.local/lib/python3.8/site-packages/airflow/example_dags/example_time_delta_sensor_async.py took 0.168 seconds
[2026-03-12T02:16:14.684+0000] {processor.py:161} INFO - Started process (PID=278) to work on /home/airflow/.local/lib/python3.8/site-packages/airflow/example_dags/example_time_delta_sensor_async.py
[2026-03-12T02:16:14.685+0000] {processor.py:830} INFO - Processing file /home/airflow/.local/lib/python3.8/site-packages/airflow/example_dags/example_time_delta_sensor_async.py for tasks to queue
[2026-03-12T02:16:14.686+0000] {logging_mixin.py:188} INFO - [2026-03-12T02:16:14.686+0000] {dagbag.py:538} INFO - Filling up the DagBag from /home/airflow/.local/lib/python3.8/site-packages/airflow/example_dags/example_time_delta_sensor_async.py
[2026-03-12T02:16:14.688+0000] {processor.py:840} INFO - DAG(s) 'example_time_delta_sensor_async' retrieved from /home/airflow/.local/lib/python3.8/site-packages/airflow/example_dags/example_time_delta_sensor_async.py
[2026-03-12T02:16:14.700+0000] {logging_mixin.py:188} INFO - [2026-03-12T02:16:14.700+0000] {dag.py:3036} INFO - Sync 1 DAGs
[2026-03-12T02:16:14.704+0000] {logging_mixin.py:188} INFO - [2026-03-12T02:16:14.704+0000] {dag.py:3823} INFO - Setting next_dagrun for example_time_delta_sensor_async to None, run_after=None
[2026-03-12T02:16:14.717+0000] {processor.py:183} INFO - Processing /home/airflow/.local/lib/python3.8/site-packages/airflow/example_dags/example_time_delta_sensor_async.py took 0.034 seconds
[2026-03-12T02:16:45.663+0000] {processor.py:161} INFO - Started process (PID=354) to work on /home/airflow/.local/lib/python3.8/site-packages/airflow/example_dags/example_time_delta_sensor_async.py
[2026-03-12T02:16:45.663+0000] {processor.py:830} INFO - Processing file /home/airflow/.local/lib/python3.8/site-packages/airflow/example_dags/example_time_delta_sensor_async.py for tasks to queue
[2026-03-12T02:16:45.664+0000] {logging_mixin.py:188} INFO - [2026-03-12T02:16:45.664+0000] {dagbag.py:538} INFO - Filling up the DagBag from /home/airflow/.local/lib/python3.8/site-packages/airflow/example_dags/example_time_delta_sensor_async.py
[2026-03-12T02:16:45.666+0000] {processor.py:840} INFO - DAG(s) 'example_time_delta_sensor_async' retrieved from /home/airflow/.local/lib/python3.8/site-packages/airflow/example_dags/example_time_delta_sensor_async.py
[2026-03-12T02:16:45.676+0000] {logging_mixin.py:188} INFO - [2026-03-12T02:16:45.676+0000] {dag.py:3036} INFO - Sync 1 DAGs
[2026-03-12T02:16:45.683+0000] {logging_mixin.py:188} INFO - [2026-03-12T02:16:45.683+0000] {dag.py:3823} INFO - Setting next_dagrun for example_time_delta_sensor_async to None, run_after=None
[2026-03-12T02:16:45.696+0000] {processor.py:183} INFO - Processing /home/airflow/.local/lib/python3.8/site-packages/airflow/example_dags/example_time_delta_sensor_async.py took 0.035 seconds
[2026-03-12T02:17:16.823+0000] {processor.py:161} INFO - Started process (PID=430) to work on /home/airflow/.local/lib/python3.8/site-packages/airflow/example_dags/example_time_delta_sensor_async.py
[2026-03-12T02:17:16.824+0000] {processor.py:830} INFO - Processing file /home/airflow/.local/lib/python3.8/site-packages/airflow/example_dags/example_time_delta_sensor_async.py for tasks to queue
[2026-03-12T02:17:16.826+0000] {logging_mixin.py:188} INFO - [2026-03-12T02:17:16.826+0000] {dagbag.py:538} INFO - Filling up the DagBag from /home/airflow/.local/lib/python3.8/site-packages/airflow/example_dags/example_time_delta_sensor_async.py
[2026-03-12T02:17:16.828+0000] {processor.py:840} INFO - DAG(s) 'example_time_delta_sensor_async' retrieved from /home/airflow/.local/lib/python3.8/site-packages/airflow/example_dags/example_time_delta_sensor_async.py
[2026-03-12T02:17:16.844+0000] {logging_mixin.py:188} INFO - [2026-03-12T02:17:16.844+0000] {dag.py:3036} INFO - Sync 1 DAGs
[2026-03-12T02:17:16.851+0000] {logging_mixin.py:188} INFO - [2026-03-12T02:17:16.851+0000] {dag.py:3823} INFO - Setting next_dagrun for example_time_delta_sensor_async to None, run_after=None
[2026-03-12T02:17:16.865+0000] {processor.py:183} INFO - Processing /home/airflow/.local/lib/python3.8/site-packages/airflow/example_dags/example_time_delta_sensor_async.py took 0.045 seconds
[2026-03-12T02:17:47.006+0000] {processor.py:161} INFO - Started process (PID=506) to work on /home/airflow/.local/lib/python3.8/site-packages/airflow/example_dags/example_time_delta_sensor_async.py
[2026-03-12T02:17:47.007+0000] {processor.py:830} INFO - Processing file /home/airflow/.local/lib/python3.8/site-packages/airflow/example_dags/example_time_delta_sensor_async.py for tasks to queue
[2026-03-12T02:17:47.008+0000] {logging_mixin.py:188} INFO - [2026-03-12T02:17:47.008+0000] {dagbag.py:538} INFO - Filling up the DagBag from /home/airflow/.local/lib/python3.8/site-packages/airflow/example_dags/example_time_delta_sensor_async.py
[2026-03-12T02:17:47.010+0000] {processor.py:840} INFO - DAG(s) 'example_time_delta_sensor_async' retrieved from /home/airflow/.local/lib/python3.8/site-packages/airflow/example_dags/example_time_delta_sensor_async.py
[2026-03-12T02:17:47.017+0000] {logging_mixin.py:188} INFO - [2026-03-12T02:17:47.017+0000] {dag.py:3036} INFO - Sync 1 DAGs
[2026-03-12T02:17:47.022+0000] {logging_mixin.py:188} INFO - [2026-03-12T02:17:47.022+0000] {dag.py:3823} INFO - Setting next_dagrun for example_time_delta_sensor_async to None, run_after=None
[2026-03-12T02:17:47.032+0000] {processor.py:183} INFO - Processing /home/airflow/.local/lib/python3.8/site-packages/airflow/example_dags/example_time_delta_sensor_async.py took 0.028 seconds
[2026-03-12T02:18:17.796+0000] {processor.py:161} INFO - Started process (PID=582) to work on /home/airflow/.local/lib/python3.8/site-packages/airflow/example_dags/example_time_delta_sensor_async.py
[2026-03-12T02:18:17.797+0000] {processor.py:830} INFO - Processing file /home/airflow/.local/lib/python3.8/site-packages/airflow/example_dags/example_time_delta_sensor_async.py for tasks to queue
[2026-03-12T02:18:17.799+0000] {logging_mixin.py:188} INFO - [2026-03-12T02:18:17.797+0000] {dagbag.py:538} INFO - Filling up the DagBag from /home/airflow/.local/lib/python3.8/site-packages/airflow/example_dags/example_time_delta_sensor_async.py
[2026-03-12T02:18:17.802+0000] {processor.py:840} INFO - DAG(s) 'example_time_delta_sensor_async' retrieved from /home/airflow/.local/lib/python3.8/site-packages/airflow/example_dags/example_time_delta_sensor_async.py
[2026-03-12T02:18:17.812+0000] {logging_mixin.py:188} INFO - [2026-03-12T02:18:17.812+0000] {dag.py:3036} INFO - Sync 1 DAGs
[2026-03-12T02:18:17.817+0000] {logging_mixin.py:188} INFO - [2026-03-12T02:18:17.817+0000] {dag.py:3823} INFO - Setting next_dagrun for example_time_delta_sensor_async to None, run_after=None
[2026-03-12T02:18:17.826+0000] {processor.py:183} INFO - Processing /home/airflow/.local/lib/python3.8/site-packages/airflow/example_dags/example_time_delta_sensor_async.py took 0.032 seconds
[2026-03-12T02:18:48.812+0000] {processor.py:161} INFO - Started process (PID=658) to work on /home/airflow/.local/lib/python3.8/site-packages/airflow/example_dags/example_time_delta_sensor_async.py
[2026-03-12T02:18:48.812+0000] {processor.py:830} INFO - Processing file /home/airflow/.local/lib/python3.8/site-packages/airflow/example_dags/example_time_delta_sensor_async.py for tasks to queue
[2026-03-12T02:18:48.813+0000] {logging_mixin.py:188} INFO - [2026-03-12T02:18:48.813+0000] {dagbag.py:538} INFO - Filling up the DagBag from /home/airflow/.local/lib/python3.8/site-packages/airflow/example_dags/example_time_delta_sensor_async.py
[2026-03-12T02:18:48.815+0000] {processor.py:840} INFO - DAG(s) 'example_time_delta_sensor_async' retrieved from /home/airflow/.local/lib/python3.8/site-packages/airflow/example_dags/example_time_delta_sensor_async.py
[2026-03-12T02:18:48.827+0000] {logging_mixin.py:188} INFO - [2026-03-12T02:18:48.827+0000] {dag.py:3036} INFO - Sync 1 DAGs
[2026-03-12T02:18:48.833+0000] {logging_mixin.py:188} INFO - [2026-03-12T02:18:48.833+0000] {dag.py:3823} INFO - Setting next_dagrun for example_time_delta_sensor_async to None, run_after=None
[2026-03-12T02:18:48.861+0000] {processor.py:183} INFO - Processing /home/airflow/.local/lib/python3.8/site-packages/airflow/example_dags/example_time_delta_sensor_async.py took 0.051 seconds
[2026-03-12T02:19:18.869+0000] {processor.py:161} INFO - Started process (PID=734) to work on /home/airflow/.local/lib/python3.8/site-packages/airflow/example_dags/example_time_delta_sensor_async.py
[2026-03-12T02:19:18.870+0000] {processor.py:830} INFO - Processing file /home/airflow/.local/lib/python3.8/site-packages/airflow/example_dags/example_time_delta_sensor_async.py for tasks to queue
[2026-03-12T02:19:18.870+0000] {logging_mixin.py:188} INFO - [2026-03-12T02:19:18.870+0000] {dagbag.py:538} INFO - Filling up the DagBag from /home/airflow/.local/lib/python3.8/site-packages/airflow/example_dags/example_time_delta_sensor_async.py
[2026-03-12T02:19:18.872+0000] {processor.py:840} INFO - DAG(s) 'example_time_delta_sensor_async' retrieved from /home/airflow/.local/lib/python3.8/site-packages/airflow/example_dags/example_time_delta_sensor_async.py
[2026-03-12T02:19:18.880+0000] {logging_mixin.py:188} INFO - [2026-03-12T02:19:18.880+0000] {dag.py:3036} INFO - Sync 1 DAGs
[2026-03-12T02:19:18.884+0000] {logging_mixin.py:188} INFO - [2026-03-12T02:19:18.884+0000] {dag.py:3823} INFO - Setting next_dagrun for example_time_delta_sensor_async to None, run_after=None
[2026-03-12T02:19:18.889+0000] {processor.py:183} INFO - Processing /home/airflow/.local/lib/python3.8/site-packages/airflow/example_dags/example_time_delta_sensor_async.py took 0.021 seconds
[2026-03-12T02:19:49.855+0000] {processor.py:161} INFO - Started process (PID=810) to work on /home/airflow/.local/lib/python3.8/site-packages/airflow/example_dags/example_time_delta_sensor_async.py
[2026-03-12T02:19:49.856+0000] {processor.py:830} INFO - Processing file /home/airflow/.local/lib/python3.8/site-packages/airflow/example_dags/example_time_delta_sensor_async.py for tasks to queue
[2026-03-12T02:19:49.857+0000] {logging_mixin.py:188} INFO - [2026-03-12T02:19:49.856+0000] {dagbag.py:538} INFO - Filling up the DagBag from /home/airflow/.local/lib/python3.8/site-packages/airflow/example_dags/example_time_delta_sensor_async.py
[2026-03-12T02:19:49.859+0000] {processor.py:840} INFO - DAG(s) 'example_time_delta_sensor_async' retrieved from /home/airflow/.local/lib/python3.8/site-packages/airflow/example_dags/example_time_delta_sensor_async.py
[2026-03-12T02:19:49.867+0000] {logging_mixin.py:188} INFO - [2026-03-12T02:19:49.867+0000] {dag.py:3036} INFO - Sync 1 DAGs
[2026-03-12T02:19:49.871+0000] {logging_mixin.py:188} INFO - [2026-03-12T02:19:49.871+0000] {dag.py:3823} INFO - Setting next_dagrun for example_time_delta_sensor_async to None, run_after=None
[2026-03-12T02:19:49.877+0000] {processor.py:183} INFO - Processing /home/airflow/.local/lib/python3.8/site-packages/airflow/example_dags/example_time_delta_sensor_async.py took 0.023 seconds
[2026-03-12T02:20:20.852+0000] {processor.py:161} INFO - Started process (PID=886) to work on /home/airflow/.local/lib/python3.8/site-packages/airflow/example_dags/example_time_delta_sensor_async.py
[2026-03-12T02:20:20.853+0000] {processor.py:830} INFO - Processing file /home/airflow/.local/lib/python3.8/site-packages/airflow/example_dags/example_time_delta_sensor_async.py for tasks to queue
[2026-03-12T02:20:20.854+0000] {logging_mixin.py:188} INFO - [2026-03-12T02:20:20.853+0000] {dagbag.py:538} INFO - Filling up the DagBag from /home/airflow/.local/lib/python3.8/site-packages/airflow/example_dags/example_time_delta_sensor_async.py
[2026-03-12T02:20:20.855+0000] {processor.py:840} INFO - DAG(s) 'example_time_delta_sensor_async' retrieved from /home/airflow/.local/lib/python3.8/site-packages/airflow/example_dags/example_time_delta_sensor_async.py
[2026-03-12T02:20:20.863+0000] {logging_mixin.py:188} INFO - [2026-03-12T02:20:20.863+0000] {dag.py:3036} INFO - Sync 1 DAGs
[2026-03-12T02:20:20.867+0000] {logging_mixin.py:188} INFO - [2026-03-12T02:20:20.867+0000] {dag.py:3823} INFO - Setting next_dagrun for example_time_delta_sensor_async to None, run_after=None
[2026-03-12T02:20:20.874+0000] {processor.py:183} INFO - Processing /home/airflow/.local/lib/python3.8/site-packages/airflow/example_dags/example_time_delta_sensor_async.py took 0.023 seconds
[2026-03-12T02:20:52.698+0000] {processor.py:161} INFO - Started process (PID=962) to work on /home/airflow/.local/lib/python3.8/site-packages/airflow/example_dags/example_time_delta_sensor_async.py
[2026-03-12T02:20:52.699+0000] {processor.py:830} INFO - Processing file /home/airflow/.local/lib/python3.8/site-packages/airflow/example_dags/example_time_delta_sensor_async.py for tasks to queue
[2026-03-12T02:20:52.699+0000] {logging_mixin.py:188} INFO - [2026-03-12T02:20:52.699+0000] {dagbag.py:538} INFO - Filling up the DagBag from /home/airflow/.local/lib/python3.8/site-packages/airflow/example_dags/example_time_delta_sensor_async.py
[2026-03-12T02:20:52.702+0000] {processor.py:840} INFO - DAG(s) 'example_time_delta_sensor_async' retrieved from /home/airflow/.local/lib/python3.8/site-packages/airflow/example_dags/example_time_delta_sensor_async.py
[2026-03-12T02:20:52.715+0000] {logging_mixin.py:188} INFO - [2026-03-12T02:20:52.714+0000] {dag.py:3036} INFO - Sync 1 DAGs
[2026-03-12T02:20:52.721+0000] {logging_mixin.py:188} INFO - [2026-03-12T02:20:52.721+0000] {dag.py:3823} INFO - Setting next_dagrun for example_time_delta_sensor_async to None, run_after=None
[2026-03-12T02:20:52.730+0000] {processor.py:183} INFO - Processing /home/airflow/.local/lib/python3.8/site-packages/airflow/example_dags/example_time_delta_sensor_async.py took 0.034 seconds
[2026-03-12T02:21:23.152+0000] {processor.py:161} INFO - Started process (PID=1038) to work on /home/airflow/.local/lib/python3.8/site-packages/airflow/example_dags/example_time_delta_sensor_async.py
[2026-03-12T02:21:23.153+0000] {processor.py:830} INFO - Processing file /home/airflow/.local/lib/python3.8/site-packages/airflow/example_dags/example_time_delta_sensor_async.py for tasks to queue
[2026-03-12T02:21:23.154+0000] {logging_mixin.py:188} INFO - [2026-03-12T02:21:23.154+0000] {dagbag.py:538} INFO - Filling up the DagBag from /home/airflow/.local/lib/python3.8/site-packages/airflow/example_dags/example_time_delta_sensor_async.py
[2026-03-12T02:21:23.157+0000] {processor.py:840} INFO - DAG(s) 'example_time_delta_sensor_async' retrieved from /home/airflow/.local/lib/python3.8/site-packages/airflow/example_dags/example_time_delta_sensor_async.py
[2026-03-12T02:21:23.165+0000] {logging_mixin.py:188} INFO - [2026-03-12T02:21:23.165+0000] {dag.py:3036} INFO - Sync 1 DAGs
[2026-03-12T02:21:23.170+0000] {logging_mixin.py:188} INFO - [2026-03-12T02:21:23.170+0000] {dag.py:3823} INFO - Setting next_dagrun for example_time_delta_sensor_async to None, run_after=None
[2026-03-12T02:21:23.182+0000] {processor.py:183} INFO - Processing /home/airflow/.local/lib/python3.8/site-packages/airflow/example_dags/example_time_delta_sensor_async.py took 0.031 seconds
[2026-03-12T02:21:53.613+0000] {processor.py:161} INFO - Started process (PID=1114) to work on /home/airflow/.local/lib/python3.8/site-packages/airflow/example_dags/example_time_delta_sensor_async.py
[2026-03-12T02:21:53.614+0000] {processor.py:830} INFO - Processing file /home/airflow/.local/lib/python3.8/site-packages/airflow/example_dags/example_time_delta_sensor_async.py for tasks to queue
[2026-03-12T02:21:53.614+0000] {logging_mixin.py:188} INFO - [2026-03-12T02:21:53.614+0000] {dagbag.py:538} INFO - Filling up the DagBag from /home/airflow/.local/lib/python3.8/site-packages/airflow/example_dags/example_time_delta_sensor_async.py
[2026-03-12T02:21:53.616+0000] {processor.py:840} INFO - DAG(s) 'example_time_delta_sensor_async' retrieved from /home/airflow/.local/lib/python3.8/site-packages/airflow/example_dags/example_time_delta_sensor_async.py
[2026-03-12T02:21:53.625+0000] {logging_mixin.py:188} INFO - [2026-03-12T02:21:53.625+0000] {dag.py:3036} INFO - Sync 1 DAGs
[2026-03-12T02:21:53.632+0000] {logging_mixin.py:188} INFO - [2026-03-12T02:21:53.632+0000] {dag.py:3823} INFO - Setting next_dagrun for example_time_delta_sensor_async to None, run_after=None
[2026-03-12T02:21:53.642+0000] {processor.py:183} INFO - Processing /home/airflow/.local/lib/python3.8/site-packages/airflow/example_dags/example_time_delta_sensor_async.py took 0.031 seconds
[2026-03-12T02:22:23.862+0000] {processor.py:161} INFO - Started process (PID=1190) to work on /home/airflow/.local/lib/python3.8/site-packages/airflow/example_dags/example_time_delta_sensor_async.py
[2026-03-12T02:22:23.863+0000] {processor.py:830} INFO - Processing file /home/airflow/.local/lib/python3.8/site-packages/airflow/example_dags/example_time_delta_sensor_async.py for tasks to queue
[2026-03-12T02:22:23.864+0000] {logging_mixin.py:188} INFO - [2026-03-12T02:22:23.864+0000] {dagbag.py:538} INFO - Filling up the DagBag from /home/airflow/.local/lib/python3.8/site-packages/airflow/example_dags/example_time_delta_sensor_async.py
[2026-03-12T02:22:23.867+0000] {processor.py:840} INFO - DAG(s) 'example_time_delta_sensor_async' retrieved from /home/airflow/.local/lib/python3.8/site-packages/airflow/example_dags/example_time_delta_sensor_async.py
[2026-03-12T02:22:23.878+0000] {logging_mixin.py:188} INFO - [2026-03-12T02:22:23.878+0000] {dag.py:3036} INFO - Sync 1 DAGs
[2026-03-12T02:22:23.884+0000] {logging_mixin.py:188} INFO - [2026-03-12T02:22:23.884+0000] {dag.py:3823} INFO - Setting next_dagrun for example_time_delta_sensor_async to None, run_after=None
[2026-03-12T02:22:23.891+0000] {processor.py:183} INFO - Processing /home/airflow/.local/lib/python3.8/site-packages/airflow/example_dags/example_time_delta_sensor_async.py took 0.030 seconds
[2026-03-12T02:22:55.085+0000] {processor.py:161} INFO - Started process (PID=1266) to work on /home/airflow/.local/lib/python3.8/site-packages/airflow/example_dags/example_time_delta_sensor_async.py
[2026-03-12T02:22:55.085+0000] {processor.py:830} INFO - Processing file /home/airflow/.local/lib/python3.8/site-packages/airflow/example_dags/example_time_delta_sensor_async.py for tasks to queue
[2026-03-12T02:22:55.086+0000] {logging_mixin.py:188} INFO - [2026-03-12T02:22:55.086+0000] {dagbag.py:538} INFO - Filling up the DagBag from /home/airflow/.local/lib/python3.8/site-packages/airflow/example_dags/example_time_delta_sensor_async.py
[2026-03-12T02:22:55.088+0000] {processor.py:840} INFO - DAG(s) 'example_time_delta_sensor_async' retrieved from /home/airflow/.local/lib/python3.8/site-packages/airflow/example_dags/example_time_delta_sensor_async.py
[2026-03-12T02:22:55.097+0000] {logging_mixin.py:188} INFO - [2026-03-12T02:22:55.097+0000] {dag.py:3036} INFO - Sync 1 DAGs
[2026-03-12T02:22:55.102+0000] {logging_mixin.py:188} INFO - [2026-03-12T02:22:55.102+0000] {dag.py:3823} INFO - Setting next_dagrun for example_time_delta_sensor_async to None, run_after=None
[2026-03-12T02:22:55.113+0000] {processor.py:183} INFO - Processing /home/airflow/.local/lib/python3.8/site-packages/airflow/example_dags/example_time_delta_sensor_async.py took 0.030 seconds
[2026-03-12T02:23:26.274+0000] {processor.py:161} INFO - Started process (PID=1342) to work on /home/airflow/.local/lib/python3.8/site-packages/airflow/example_dags/example_time_delta_sensor_async.py
[2026-03-12T02:23:26.277+0000] {processor.py:830} INFO - Processing file /home/airflow/.local/lib/python3.8/site-packages/airflow/example_dags/example_time_delta_sensor_async.py for tasks to queue
[2026-03-12T02:23:26.278+0000] {logging_mixin.py:188} INFO - [2026-03-12T02:23:26.278+0000] {dagbag.py:538} INFO - Filling up the DagBag from /home/airflow/.local/lib/python3.8/site-packages/airflow/example_dags/example_time_delta_sensor_async.py
[2026-03-12T02:23:26.279+0000] {processor.py:840} INFO - DAG(s) 'example_time_delta_sensor_async' retrieved from /home/airflow/.local/lib/python3.8/site-packages/airflow/example_dags/example_time_delta_sensor_async.py
[2026-03-12T02:23:26.291+0000] {logging_mixin.py:188} INFO - [2026-03-12T02:23:26.291+0000] {dag.py:3036} INFO - Sync 1 DAGs
[2026-03-12T02:23:26.296+0000] {logging_mixin.py:188} INFO - [2026-03-12T02:23:26.296+0000] {dag.py:3823} INFO - Setting next_dagrun for example_time_delta_sensor_async to None, run_after=None
[2026-03-12T02:23:26.306+0000] {processor.py:183} INFO - Processing /home/airflow/.local/lib/python3.8/site-packages/airflow/example_dags/example_time_delta_sensor_async.py took 0.033 seconds
[2026-03-12T02:23:57.493+0000] {processor.py:161} INFO - Started process (PID=1418) to work on /home/airflow/.local/lib/python3.8/site-packages/airflow/example_dags/example_time_delta_sensor_async.py
[2026-03-12T02:23:57.494+0000] {processor.py:830} INFO - Processing file /home/airflow/.local/lib/python3.8/site-packages/airflow/example_dags/example_time_delta_sensor_async.py for tasks to queue
[2026-03-12T02:23:57.495+0000] {logging_mixin.py:188} INFO - [2026-03-12T02:23:57.495+0000] {dagbag.py:538} INFO - Filling up the DagBag from /home/airflow/.local/lib/python3.8/site-packages/airflow/example_dags/example_time_delta_sensor_async.py
[2026-03-12T02:23:57.498+0000] {processor.py:840} INFO - DAG(s) 'example_time_delta_sensor_async' retrieved from /home/airflow/.local/lib/python3.8/site-packages/airflow/example_dags/example_time_delta_sensor_async.py
[2026-03-12T02:23:57.508+0000] {logging_mixin.py:188} INFO - [2026-03-12T02:23:57.508+0000] {dag.py:3036} INFO - Sync 1 DAGs
[2026-03-12T02:23:57.515+0000] {logging_mixin.py:188} INFO - [2026-03-12T02:23:57.515+0000] {dag.py:3823} INFO - Setting next_dagrun for example_time_delta_sensor_async to None, run_after=None
[2026-03-12T02:23:57.530+0000] {processor.py:183} INFO - Processing /home/airflow/.local/lib/python3.8/site-packages/airflow/example_dags/example_time_delta_sensor_async.py took 0.039 seconds
[2026-03-12T02:24:28.340+0000] {processor.py:161} INFO - Started process (PID=1494) to work on /home/airflow/.local/lib/python3.8/site-packages/airflow/example_dags/example_time_delta_sensor_async.py
[2026-03-12T02:24:28.341+0000] {processor.py:830} INFO - Processing file /home/airflow/.local/lib/python3.8/site-packages/airflow/example_dags/example_time_delta_sensor_async.py for tasks to queue
[2026-03-12T02:24:28.342+0000] {logging_mixin.py:188} INFO - [2026-03-12T02:24:28.342+0000] {dagbag.py:538} INFO - Filling up the DagBag from /home/airflow/.local/lib/python3.8/site-packages/airflow/example_dags/example_time_delta_sensor_async.py
[2026-03-12T02:24:28.345+0000] {processor.py:840} INFO - DAG(s) 'example_time_delta_sensor_async' retrieved from /home/airflow/.local/lib/python3.8/site-packages/airflow/example_dags/example_time_delta_sensor_async.py
[2026-03-12T02:24:28.354+0000] {logging_mixin.py:188} INFO - [2026-03-12T02:24:28.354+0000] {dag.py:3036} INFO - Sync 1 DAGs
[2026-03-12T02:24:28.361+0000] {logging_mixin.py:188} INFO - [2026-03-12T02:24:28.361+0000] {dag.py:3823} INFO - Setting next_dagrun for example_time_delta_sensor_async to None, run_after=None
[2026-03-12T02:24:28.377+0000] {processor.py:183} INFO - Processing /home/airflow/.local/lib/python3.8/site-packages/airflow/example_dags/example_time_delta_sensor_async.py took 0.038 seconds
[2026-03-12T02:24:58.511+0000] {processor.py:161} INFO - Started process (PID=1570) to work on /home/airflow/.local/lib/python3.8/site-packages/airflow/example_dags/example_time_delta_sensor_async.py
[2026-03-12T02:24:58.515+0000] {processor.py:830} INFO - Processing file /home/airflow/.local/lib/python3.8/site-packages/airflow/example_dags/example_time_delta_sensor_async.py for tasks to queue
[2026-03-12T02:24:58.516+0000] {logging_mixin.py:188} INFO - [2026-03-12T02:24:58.515+0000] {dagbag.py:538} INFO - Filling up the DagBag from /home/airflow/.local/lib/python3.8/site-packages/airflow/example_dags/example_time_delta_sensor_async.py
[2026-03-12T02:24:58.517+0000] {processor.py:840} INFO - DAG(s) 'example_time_delta_sensor_async' retrieved from /home/airflow/.local/lib/python3.8/site-packages/airflow/example_dags/example_time_delta_sensor_async.py
[2026-03-12T02:24:58.528+0000] {logging_mixin.py:188} INFO - [2026-03-12T02:24:58.528+0000] {dag.py:3036} INFO - Sync 1 DAGs
[2026-03-12T02:24:58.533+0000] {logging_mixin.py:188} INFO - [2026-03-12T02:24:58.533+0000] {dag.py:3823} INFO - Setting next_dagrun for example_time_delta_sensor_async to None, run_after=None
[2026-03-12T02:24:58.541+0000] {processor.py:183} INFO - Processing /home/airflow/.local/lib/python3.8/site-packages/airflow/example_dags/example_time_delta_sensor_async.py took 0.032 seconds
[2026-03-12T02:25:29.314+0000] {processor.py:161} INFO - Started process (PID=1646) to work on /home/airflow/.local/lib/python3.8/site-packages/airflow/example_dags/example_time_delta_sensor_async.py
[2026-03-12T02:25:29.314+0000] {processor.py:830} INFO - Processing file /home/airflow/.local/lib/python3.8/site-packages/airflow/example_dags/example_time_delta_sensor_async.py for tasks to queue
[2026-03-12T02:25:29.317+0000] {logging_mixin.py:188} INFO - [2026-03-12T02:25:29.317+0000] {dagbag.py:538} INFO - Filling up the DagBag from /home/airflow/.local/lib/python3.8/site-packages/airflow/example_dags/example_time_delta_sensor_async.py
[2026-03-12T02:25:29.319+0000] {processor.py:840} INFO - DAG(s) 'example_time_delta_sensor_async' retrieved from /home/airflow/.local/lib/python3.8/site-packages/airflow/example_dags/example_time_delta_sensor_async.py
[2026-03-12T02:25:29.331+0000] {logging_mixin.py:188} INFO - [2026-03-12T02:25:29.330+0000] {dag.py:3036} INFO - Sync 1 DAGs
[2026-03-12T02:25:29.334+0000] {logging_mixin.py:188} INFO - [2026-03-12T02:25:29.334+0000] {dag.py:3823} INFO - Setting next_dagrun for example_time_delta_sensor_async to None, run_after=None
[2026-03-12T02:25:29.344+0000] {processor.py:183} INFO - Processing /home/airflow/.local/lib/python3.8/site-packages/airflow/example_dags/example_time_delta_sensor_async.py took 0.032 seconds
[2026-03-12T02:26:00.065+0000] {processor.py:161} INFO - Started process (PID=1722) to work on /home/airflow/.local/lib/python3.8/site-packages/airflow/example_dags/example_time_delta_sensor_async.py
[2026-03-12T02:26:00.066+0000] {processor.py:830} INFO - Processing file /home/airflow/.local/lib/python3.8/site-packages/airflow/example_dags/example_time_delta_sensor_async.py for tasks to queue
[2026-03-12T02:26:00.066+0000] {logging_mixin.py:188} INFO - [2026-03-12T02:26:00.066+0000] {dagbag.py:538} INFO - Filling up the DagBag from /home/airflow/.local/lib/python3.8/site-packages/airflow/example_dags/example_time_delta_sensor_async.py
[2026-03-12T02:26:00.068+0000] {processor.py:840} INFO - DAG(s) 'example_time_delta_sensor_async' retrieved from /home/airflow/.local/lib/python3.8/site-packages/airflow/example_dags/example_time_delta_sensor_async.py
[2026-03-12T02:26:00.076+0000] {logging_mixin.py:188} INFO - [2026-03-12T02:26:00.076+0000] {dag.py:3036} INFO - Sync 1 DAGs
[2026-03-12T02:26:00.080+0000] {logging_mixin.py:188} INFO - [2026-03-12T02:26:00.080+0000] {dag.py:3823} INFO - Setting next_dagrun for example_time_delta_sensor_async to None, run_after=None
[2026-03-12T02:26:00.090+0000] {processor.py:183} INFO - Processing /home/airflow/.local/lib/python3.8/site-packages/airflow/example_dags/example_time_delta_sensor_async.py took 0.026 seconds
[2026-03-12T02:26:30.888+0000] {processor.py:161} INFO - Started process (PID=1798) to work on /home/airflow/.local/lib/python3.8/site-packages/airflow/example_dags/example_time_delta_sensor_async.py
[2026-03-12T02:26:30.888+0000] {processor.py:830} INFO - Processing file /home/airflow/.local/lib/python3.8/site-packages/airflow/example_dags/example_time_delta_sensor_async.py for tasks to queue
[2026-03-12T02:26:30.890+0000] {logging_mixin.py:188} INFO - [2026-03-12T02:26:30.890+0000] {dagbag.py:538} INFO - Filling up the DagBag from /home/airflow/.local/lib/python3.8/site-packages/airflow/example_dags/example_time_delta_sensor_async.py
[2026-03-12T02:26:30.892+0000] {processor.py:840} INFO - DAG(s) 'example_time_delta_sensor_async' retrieved from /home/airflow/.local/lib/python3.8/site-packages/airflow/example_dags/example_time_delta_sensor_async.py
[2026-03-12T02:26:30.899+0000] {logging_mixin.py:188} INFO - [2026-03-12T02:26:30.899+0000] {dag.py:3036} INFO - Sync 1 DAGs
[2026-03-12T02:26:30.905+0000] {logging_mixin.py:188} INFO - [2026-03-12T02:26:30.905+0000] {dag.py:3823} INFO - Setting next_dagrun for example_time_delta_sensor_async to None, run_after=None
[2026-03-12T02:26:30.919+0000] {processor.py:183} INFO - Processing /home/airflow/.local/lib/python3.8/site-packages/airflow/example_dags/example_time_delta_sensor_async.py took 0.033 seconds
[2026-03-12T02:27:01.615+0000] {processor.py:161} INFO - Started process (PID=1874) to work on /home/airflow/.local/lib/python3.8/site-packages/airflow/example_dags/example_time_delta_sensor_async.py
[2026-03-12T02:27:01.616+0000] {processor.py:830} INFO - Processing file /home/airflow/.local/lib/python3.8/site-packages/airflow/example_dags/example_time_delta_sensor_async.py for tasks to queue
[2026-03-12T02:27:01.616+0000] {logging_mixin.py:188} INFO - [2026-03-12T02:27:01.616+0000] {dagbag.py:538} INFO - Filling up the DagBag from /home/airflow/.local/lib/python3.8/site-packages/airflow/example_dags/example_time_delta_sensor_async.py
[2026-03-12T02:27:01.618+0000] {processor.py:840} INFO - DAG(s) 'example_time_delta_sensor_async' retrieved from /home/airflow/.local/lib/python3.8/site-packages/airflow/example_dags/example_time_delta_sensor_async.py
[2026-03-12T02:27:01.626+0000] {logging_mixin.py:188} INFO - [2026-03-12T02:27:01.626+0000] {dag.py:3036} INFO - Sync 1 DAGs
[2026-03-12T02:27:01.630+0000] {logging_mixin.py:188} INFO - [2026-03-12T02:27:01.630+0000] {dag.py:3823} INFO - Setting next_dagrun for example_time_delta_sensor_async to None, run_after=None
[2026-03-12T02:27:01.642+0000] {processor.py:183} INFO - Processing /home/airflow/.local/lib/python3.8/site-packages/airflow/example_dags/example_time_delta_sensor_async.py took 0.028 seconds
[2026-03-12T02:27:32.403+0000] {processor.py:161} INFO - Started process (PID=1950) to work on /home/airflow/.local/lib/python3.8/site-packages/airflow/example_dags/example_time_delta_sensor_async.py
[2026-03-12T02:27:32.404+0000] {processor.py:830} INFO - Processing file /home/airflow/.local/lib/python3.8/site-packages/airflow/example_dags/example_time_delta_sensor_async.py for tasks to queue
[2026-03-12T02:27:32.406+0000] {logging_mixin.py:188} INFO - [2026-03-12T02:27:32.406+0000] {dagbag.py:538} INFO - Filling up the DagBag from /home/airflow/.local/lib/python3.8/site-packages/airflow/example_dags/example_time_delta_sensor_async.py
[2026-03-12T02:27:32.409+0000] {processor.py:840} INFO - DAG(s) 'example_time_delta_sensor_async' retrieved from /home/airflow/.local/lib/python3.8/site-packages/airflow/example_dags/example_time_delta_sensor_async.py
[2026-03-12T02:27:32.420+0000] {logging_mixin.py:188} INFO - [2026-03-12T02:27:32.420+0000] {dag.py:3036} INFO - Sync 1 DAGs
[2026-03-12T02:27:32.425+0000] {logging_mixin.py:188} INFO - [2026-03-12T02:27:32.425+0000] {dag.py:3823} INFO - Setting next_dagrun for example_time_delta_sensor_async to None, run_after=None
[2026-03-12T02:27:32.431+0000] {processor.py:183} INFO - Processing /home/airflow/.local/lib/python3.8/site-packages/airflow/example_dags/example_time_delta_sensor_async.py took 0.029 seconds
[2026-03-12T02:28:03.170+0000] {processor.py:161} INFO - Started process (PID=2026) to work on /home/airflow/.local/lib/python3.8/site-packages/airflow/example_dags/example_time_delta_sensor_async.py
[2026-03-12T02:28:03.171+0000] {processor.py:830} INFO - Processing file /home/airflow/.local/lib/python3.8/site-packages/airflow/example_dags/example_time_delta_sensor_async.py for tasks to queue
[2026-03-12T02:28:03.172+0000] {logging_mixin.py:188} INFO - [2026-03-12T02:28:03.171+0000] {dagbag.py:538} INFO - Filling up the DagBag from /home/airflow/.local/lib/python3.8/site-packages/airflow/example_dags/example_time_delta_sensor_async.py
[2026-03-12T02:28:03.174+0000] {processor.py:840} INFO - DAG(s) 'example_time_delta_sensor_async' retrieved from /home/airflow/.local/lib/python3.8/site-packages/airflow/example_dags/example_time_delta_sensor_async.py
[2026-03-12T02:28:03.183+0000] {logging_mixin.py:188} INFO - [2026-03-12T02:28:03.183+0000] {dag.py:3036} INFO - Sync 1 DAGs
[2026-03-12T02:28:03.187+0000] {logging_mixin.py:188} INFO - [2026-03-12T02:28:03.187+0000] {dag.py:3823} INFO - Setting next_dagrun for example_time_delta_sensor_async to None, run_after=None
[2026-03-12T02:28:03.195+0000] {processor.py:183} INFO - Processing /home/airflow/.local/lib/python3.8/site-packages/airflow/example_dags/example_time_delta_sensor_async.py took 0.026 seconds
[2026-03-12T02:28:33.925+0000] {processor.py:161} INFO - Started process (PID=2102) to work on /home/airflow/.local/lib/python3.8/site-packages/airflow/example_dags/example_time_delta_sensor_async.py
[2026-03-12T02:28:33.926+0000] {processor.py:830} INFO - Processing file /home/airflow/.local/lib/python3.8/site-packages/airflow/example_dags/example_time_delta_sensor_async.py for tasks to queue
[2026-03-12T02:28:33.926+0000] {logging_mixin.py:188} INFO - [2026-03-12T02:28:33.926+0000] {dagbag.py:538} INFO - Filling up the DagBag from /home/airflow/.local/lib/python3.8/site-packages/airflow/example_dags/example_time_delta_sensor_async.py
[2026-03-12T02:28:33.928+0000] {processor.py:840} INFO - DAG(s) 'example_time_delta_sensor_async' retrieved from /home/airflow/.local/lib/python3.8/site-packages/airflow/example_dags/example_time_delta_sensor_async.py
[2026-03-12T02:28:33.942+0000] {logging_mixin.py:188} INFO - [2026-03-12T02:28:33.942+0000] {dag.py:3036} INFO - Sync 1 DAGs
[2026-03-12T02:28:33.950+0000] {logging_mixin.py:188} INFO - [2026-03-12T02:28:33.950+0000] {dag.py:3823} INFO - Setting next_dagrun for example_time_delta_sensor_async to None, run_after=None
[2026-03-12T02:28:33.960+0000] {processor.py:183} INFO - Processing /home/airflow/.local/lib/python3.8/site-packages/airflow/example_dags/example_time_delta_sensor_async.py took 0.037 seconds
[2026-03-12T02:29:04.908+0000] {processor.py:161} INFO - Started process (PID=2178) to work on /home/airflow/.local/lib/python3.8/site-packages/airflow/example_dags/example_time_delta_sensor_async.py
[2026-03-12T02:29:04.909+0000] {processor.py:830} INFO - Processing file /home/airflow/.local/lib/python3.8/site-packages/airflow/example_dags/example_time_delta_sensor_async.py for tasks to queue
[2026-03-12T02:29:04.910+0000] {logging_mixin.py:188} INFO - [2026-03-12T02:29:04.910+0000] {dagbag.py:538} INFO - Filling up the DagBag from /home/airflow/.local/lib/python3.8/site-packages/airflow/example_dags/example_time_delta_sensor_async.py
[2026-03-12T02:29:04.913+0000] {processor.py:840} INFO - DAG(s) 'example_time_delta_sensor_async' retrieved from /home/airflow/.local/lib/python3.8/site-packages/airflow/example_dags/example_time_delta_sensor_async.py
[2026-03-12T02:29:04.924+0000] {logging_mixin.py:188} INFO - [2026-03-12T02:29:04.924+0000] {dag.py:3036} INFO - Sync 1 DAGs
[2026-03-12T02:29:04.930+0000] {logging_mixin.py:188} INFO - [2026-03-12T02:29:04.930+0000] {dag.py:3823} INFO - Setting next_dagrun for example_time_delta_sensor_async to None, run_after=None
[2026-03-12T02:29:04.939+0000] {processor.py:183} INFO - Processing /home/airflow/.local/lib/python3.8/site-packages/airflow/example_dags/example_time_delta_sensor_async.py took 0.032 seconds
[2026-03-12T02:29:35.920+0000] {processor.py:161} INFO - Started process (PID=2254) to work on /home/airflow/.local/lib/python3.8/site-packages/airflow/example_dags/example_time_delta_sensor_async.py
[2026-03-12T02:29:35.920+0000] {processor.py:830} INFO - Processing file /home/airflow/.local/lib/python3.8/site-packages/airflow/example_dags/example_time_delta_sensor_async.py for tasks to queue
[2026-03-12T02:29:35.921+0000] {logging_mixin.py:188} INFO - [2026-03-12T02:29:35.921+0000] {dagbag.py:538} INFO - Filling up the DagBag from /home/airflow/.local/lib/python3.8/site-packages/airflow/example_dags/example_time_delta_sensor_async.py
[2026-03-12T02:29:35.923+0000] {processor.py:840} INFO - DAG(s) 'example_time_delta_sensor_async' retrieved from /home/airflow/.local/lib/python3.8/site-packages/airflow/example_dags/example_time_delta_sensor_async.py
[2026-03-12T02:29:35.931+0000] {logging_mixin.py:188} INFO - [2026-03-12T02:29:35.931+0000] {dag.py:3036} INFO - Sync 1 DAGs
[2026-03-12T02:29:35.936+0000] {logging_mixin.py:188} INFO - [2026-03-12T02:29:35.936+0000] {dag.py:3823} INFO - Setting next_dagrun for example_time_delta_sensor_async to None, run_after=None
[2026-03-12T02:29:35.949+0000] {processor.py:183} INFO - Processing /home/airflow/.local/lib/python3.8/site-packages/airflow/example_dags/example_time_delta_sensor_async.py took 0.031 seconds
[2026-03-12T02:30:07.037+0000] {processor.py:161} INFO - Started process (PID=2330) to work on /home/airflow/.local/lib/python3.8/site-packages/airflow/example_dags/example_time_delta_sensor_async.py
[2026-03-12T02:30:07.038+0000] {processor.py:830} INFO - Processing file /home/airflow/.local/lib/python3.8/site-packages/airflow/example_dags/example_time_delta_sensor_async.py for tasks to queue
[2026-03-12T02:30:07.038+0000] {logging_mixin.py:188} INFO - [2026-03-12T02:30:07.038+0000] {dagbag.py:538} INFO - Filling up the DagBag from /home/airflow/.local/lib/python3.8/site-packages/airflow/example_dags/example_time_delta_sensor_async.py
[2026-03-12T02:30:07.040+0000] {processor.py:840} INFO - DAG(s) 'example_time_delta_sensor_async' retrieved from /home/airflow/.local/lib/python3.8/site-packages/airflow/example_dags/example_time_delta_sensor_async.py
[2026-03-12T02:30:07.051+0000] {logging_mixin.py:188} INFO - [2026-03-12T02:30:07.051+0000] {dag.py:3036} INFO - Sync 1 DAGs
[2026-03-12T02:30:07.055+0000] {logging_mixin.py:188} INFO - [2026-03-12T02:30:07.055+0000] {dag.py:3823} INFO - Setting next_dagrun for example_time_delta_sensor_async to None, run_after=None
[2026-03-12T02:30:07.066+0000] {processor.py:183} INFO - Processing /home/airflow/.local/lib/python3.8/site-packages/airflow/example_dags/example_time_delta_sensor_async.py took 0.030 seconds
[2026-03-12T02:30:37.920+0000] {processor.py:161} INFO - Started process (PID=2406) to work on /home/airflow/.local/lib/python3.8/site-packages/airflow/example_dags/example_time_delta_sensor_async.py
[2026-03-12T02:30:37.921+0000] {processor.py:830} INFO - Processing file /home/airflow/.local/lib/python3.8/site-packages/airflow/example_dags/example_time_delta_sensor_async.py for tasks to queue
[2026-03-12T02:30:37.923+0000] {logging_mixin.py:188} INFO - [2026-03-12T02:30:37.922+0000] {dagbag.py:538} INFO - Filling up the DagBag from /home/airflow/.local/lib/python3.8/site-packages/airflow/example_dags/example_time_delta_sensor_async.py
[2026-03-12T02:30:37.925+0000] {processor.py:840} INFO - DAG(s) 'example_time_delta_sensor_async' retrieved from /home/airflow/.local/lib/python3.8/site-packages/airflow/example_dags/example_time_delta_sensor_async.py
[2026-03-12T02:30:37.934+0000] {logging_mixin.py:188} INFO - [2026-03-12T02:30:37.933+0000] {dag.py:3036} INFO - Sync 1 DAGs
[2026-03-12T02:30:37.938+0000] {logging_mixin.py:188} INFO - [2026-03-12T02:30:37.937+0000] {dag.py:3823} INFO - Setting next_dagrun for example_time_delta_sensor_async to None, run_after=None
[2026-03-12T02:30:37.947+0000] {processor.py:183} INFO - Processing /home/airflow/.local/lib/python3.8/site-packages/airflow/example_dags/example_time_delta_sensor_async.py took 0.028 seconds
[2026-03-12T02:31:08.939+0000] {processor.py:161} INFO - Started process (PID=2482) to work on /home/airflow/.local/lib/python3.8/site-packages/airflow/example_dags/example_time_delta_sensor_async.py
[2026-03-12T02:31:08.941+0000] {processor.py:830} INFO - Processing file /home/airflow/.local/lib/python3.8/site-packages/airflow/example_dags/example_time_delta_sensor_async.py for tasks to queue
[2026-03-12T02:31:08.943+0000] {logging_mixin.py:188} INFO - [2026-03-12T02:31:08.943+0000] {dagbag.py:538} INFO - Filling up the DagBag from /home/airflow/.local/lib/python3.8/site-packages/airflow/example_dags/example_time_delta_sensor_async.py
[2026-03-12T02:31:08.946+0000] {processor.py:840} INFO - DAG(s) 'example_time_delta_sensor_async' retrieved from /home/airflow/.local/lib/python3.8/site-packages/airflow/example_dags/example_time_delta_sensor_async.py
[2026-03-12T02:31:08.958+0000] {logging_mixin.py:188} INFO - [2026-03-12T02:31:08.958+0000] {dag.py:3036} INFO - Sync 1 DAGs
[2026-03-12T02:31:08.962+0000] {logging_mixin.py:188} INFO - [2026-03-12T02:31:08.962+0000] {dag.py:3823} INFO - Setting next_dagrun for example_time_delta_sensor_async to None, run_after=None
[2026-03-12T02:31:08.969+0000] {processor.py:183} INFO - Processing /home/airflow/.local/lib/python3.8/site-packages/airflow/example_dags/example_time_delta_sensor_async.py took 0.032 seconds
[2026-03-12T02:31:39.887+0000] {processor.py:161} INFO - Started process (PID=2558) to work on /home/airflow/.local/lib/python3.8/site-packages/airflow/example_dags/example_time_delta_sensor_async.py
[2026-03-12T02:31:39.888+0000] {processor.py:830} INFO - Processing file /home/airflow/.local/lib/python3.8/site-packages/airflow/example_dags/example_time_delta_sensor_async.py for tasks to queue
[2026-03-12T02:31:39.889+0000] {logging_mixin.py:188} INFO - [2026-03-12T02:31:39.889+0000] {dagbag.py:538} INFO - Filling up the DagBag from /home/airflow/.local/lib/python3.8/site-packages/airflow/example_dags/example_time_delta_sensor_async.py
[2026-03-12T02:31:39.891+0000] {processor.py:840} INFO - DAG(s) 'example_time_delta_sensor_async' retrieved from /home/airflow/.local/lib/python3.8/site-packages/airflow/example_dags/example_time_delta_sensor_async.py
[2026-03-12T02:31:39.899+0000] {logging_mixin.py:188} INFO - [2026-03-12T02:31:39.899+0000] {dag.py:3036} INFO - Sync 1 DAGs
[2026-03-12T02:31:39.904+0000] {logging_mixin.py:188} INFO - [2026-03-12T02:31:39.904+0000] {dag.py:3823} INFO - Setting next_dagrun for example_time_delta_sensor_async to None, run_after=None
[2026-03-12T02:31:39.913+0000] {processor.py:183} INFO - Processing /home/airflow/.local/lib/python3.8/site-packages/airflow/example_dags/example_time_delta_sensor_async.py took 0.028 seconds
[2026-03-12T02:32:11.072+0000] {processor.py:161} INFO - Started process (PID=2640) to work on /home/airflow/.local/lib/python3.8/site-packages/airflow/example_dags/example_time_delta_sensor_async.py
[2026-03-12T02:32:11.074+0000] {processor.py:830} INFO - Processing file /home/airflow/.local/lib/python3.8/site-packages/airflow/example_dags/example_time_delta_sensor_async.py for tasks to queue
[2026-03-12T02:32:11.075+0000] {logging_mixin.py:188} INFO - [2026-03-12T02:32:11.075+0000] {dagbag.py:538} INFO - Filling up the DagBag from /home/airflow/.local/lib/python3.8/site-packages/airflow/example_dags/example_time_delta_sensor_async.py
[2026-03-12T02:32:11.077+0000] {processor.py:840} INFO - DAG(s) 'example_time_delta_sensor_async' retrieved from /home/airflow/.local/lib/python3.8/site-packages/airflow/example_dags/example_time_delta_sensor_async.py
[2026-03-12T02:32:11.089+0000] {logging_mixin.py:188} INFO - [2026-03-12T02:32:11.089+0000] {dag.py:3036} INFO - Sync 1 DAGs
[2026-03-12T02:32:11.093+0000] {logging_mixin.py:188} INFO - [2026-03-12T02:32:11.093+0000] {dag.py:3823} INFO - Setting next_dagrun for example_time_delta_sensor_async to None, run_after=None
[2026-03-12T02:32:11.108+0000] {processor.py:183} INFO - Processing /home/airflow/.local/lib/python3.8/site-packages/airflow/example_dags/example_time_delta_sensor_async.py took 0.038 seconds
[2026-03-12T02:32:42.947+0000] {processor.py:161} INFO - Started process (PID=2716) to work on /home/airflow/.local/lib/python3.8/site-packages/airflow/example_dags/example_time_delta_sensor_async.py
[2026-03-12T02:32:42.947+0000] {processor.py:830} INFO - Processing file /home/airflow/.local/lib/python3.8/site-packages/airflow/example_dags/example_time_delta_sensor_async.py for tasks to queue
[2026-03-12T02:32:42.948+0000] {logging_mixin.py:188} INFO - [2026-03-12T02:32:42.948+0000] {dagbag.py:538} INFO - Filling up the DagBag from /home/airflow/.local/lib/python3.8/site-packages/airflow/example_dags/example_time_delta_sensor_async.py
[2026-03-12T02:32:42.950+0000] {processor.py:840} INFO - DAG(s) 'example_time_delta_sensor_async' retrieved from /home/airflow/.local/lib/python3.8/site-packages/airflow/example_dags/example_time_delta_sensor_async.py
[2026-03-12T02:32:42.959+0000] {logging_mixin.py:188} INFO - [2026-03-12T02:32:42.959+0000] {dag.py:3036} INFO - Sync 1 DAGs
[2026-03-12T02:32:42.965+0000] {logging_mixin.py:188} INFO - [2026-03-12T02:32:42.965+0000] {dag.py:3823} INFO - Setting next_dagrun for example_time_delta_sensor_async to None, run_after=None
[2026-03-12T02:32:42.978+0000] {processor.py:183} INFO - Processing /home/airflow/.local/lib/python3.8/site-packages/airflow/example_dags/example_time_delta_sensor_async.py took 0.033 seconds
[2026-03-12T02:33:13.798+0000] {processor.py:161} INFO - Started process (PID=2792) to work on /home/airflow/.local/lib/python3.8/site-packages/airflow/example_dags/example_time_delta_sensor_async.py
[2026-03-12T02:33:13.799+0000] {processor.py:830} INFO - Processing file /home/airflow/.local/lib/python3.8/site-packages/airflow/example_dags/example_time_delta_sensor_async.py for tasks to queue
[2026-03-12T02:33:13.801+0000] {logging_mixin.py:188} INFO - [2026-03-12T02:33:13.801+0000] {dagbag.py:538} INFO - Filling up the DagBag from /home/airflow/.local/lib/python3.8/site-packages/airflow/example_dags/example_time_delta_sensor_async.py
[2026-03-12T02:33:13.804+0000] {processor.py:840} INFO - DAG(s) 'example_time_delta_sensor_async' retrieved from /home/airflow/.local/lib/python3.8/site-packages/airflow/example_dags/example_time_delta_sensor_async.py
[2026-03-12T02:33:13.815+0000] {logging_mixin.py:188} INFO - [2026-03-12T02:33:13.815+0000] {dag.py:3036} INFO - Sync 1 DAGs
[2026-03-12T02:33:13.821+0000] {logging_mixin.py:188} INFO - [2026-03-12T02:33:13.820+0000] {dag.py:3823} INFO - Setting next_dagrun for example_time_delta_sensor_async to None, run_after=None
[2026-03-12T02:33:13.835+0000] {processor.py:183} INFO - Processing /home/airflow/.local/lib/python3.8/site-packages/airflow/example_dags/example_time_delta_sensor_async.py took 0.038 seconds
[2026-03-12T02:33:44.723+0000] {processor.py:161} INFO - Started process (PID=2868) to work on /home/airflow/.local/lib/python3.8/site-packages/airflow/example_dags/example_time_delta_sensor_async.py
[2026-03-12T02:33:44.724+0000] {processor.py:830} INFO - Processing file /home/airflow/.local/lib/python3.8/site-packages/airflow/example_dags/example_time_delta_sensor_async.py for tasks to queue
[2026-03-12T02:33:44.725+0000] {logging_mixin.py:188} INFO - [2026-03-12T02:33:44.725+0000] {dagbag.py:538} INFO - Filling up the DagBag from /home/airflow/.local/lib/python3.8/site-packages/airflow/example_dags/example_time_delta_sensor_async.py
[2026-03-12T02:33:44.727+0000] {processor.py:840} INFO - DAG(s) 'example_time_delta_sensor_async' retrieved from /home/airflow/.local/lib/python3.8/site-packages/airflow/example_dags/example_time_delta_sensor_async.py
[2026-03-12T02:33:44.743+0000] {logging_mixin.py:188} INFO - [2026-03-12T02:33:44.743+0000] {dag.py:3036} INFO - Sync 1 DAGs
[2026-03-12T02:33:44.748+0000] {logging_mixin.py:188} INFO - [2026-03-12T02:33:44.748+0000] {dag.py:3823} INFO - Setting next_dagrun for example_time_delta_sensor_async to None, run_after=None
[2026-03-12T02:33:44.760+0000] {processor.py:183} INFO - Processing /home/airflow/.local/lib/python3.8/site-packages/airflow/example_dags/example_time_delta_sensor_async.py took 0.039 seconds
[2026-03-12T02:34:15.641+0000] {processor.py:161} INFO - Started process (PID=2944) to work on /home/airflow/.local/lib/python3.8/site-packages/airflow/example_dags/example_time_delta_sensor_async.py
[2026-03-12T02:34:15.641+0000] {processor.py:830} INFO - Processing file /home/airflow/.local/lib/python3.8/site-packages/airflow/example_dags/example_time_delta_sensor_async.py for tasks to queue
[2026-03-12T02:34:15.642+0000] {logging_mixin.py:188} INFO - [2026-03-12T02:34:15.642+0000] {dagbag.py:538} INFO - Filling up the DagBag from /home/airflow/.local/lib/python3.8/site-packages/airflow/example_dags/example_time_delta_sensor_async.py
[2026-03-12T02:34:15.646+0000] {processor.py:840} INFO - DAG(s) 'example_time_delta_sensor_async' retrieved from /home/airflow/.local/lib/python3.8/site-packages/airflow/example_dags/example_time_delta_sensor_async.py
[2026-03-12T02:34:15.660+0000] {logging_mixin.py:188} INFO - [2026-03-12T02:34:15.659+0000] {dag.py:3036} INFO - Sync 1 DAGs
[2026-03-12T02:34:15.667+0000] {logging_mixin.py:188} INFO - [2026-03-12T02:34:15.666+0000] {dag.py:3823} INFO - Setting next_dagrun for example_time_delta_sensor_async to None, run_after=None
[2026-03-12T02:34:15.677+0000] {processor.py:183} INFO - Processing /home/airflow/.local/lib/python3.8/site-packages/airflow/example_dags/example_time_delta_sensor_async.py took 0.039 seconds
[2026-03-12T02:34:46.392+0000] {processor.py:161} INFO - Started process (PID=3020) to work on /home/airflow/.local/lib/python3.8/site-packages/airflow/example_dags/example_time_delta_sensor_async.py
[2026-03-12T02:34:46.393+0000] {processor.py:830} INFO - Processing file /home/airflow/.local/lib/python3.8/site-packages/airflow/example_dags/example_time_delta_sensor_async.py for tasks to queue
[2026-03-12T02:34:46.393+0000] {logging_mixin.py:188} INFO - [2026-03-12T02:34:46.393+0000] {dagbag.py:538} INFO - Filling up the DagBag from /home/airflow/.local/lib/python3.8/site-packages/airflow/example_dags/example_time_delta_sensor_async.py
[2026-03-12T02:34:46.395+0000] {processor.py:840} INFO - DAG(s) 'example_time_delta_sensor_async' retrieved from /home/airflow/.local/lib/python3.8/site-packages/airflow/example_dags/example_time_delta_sensor_async.py
[2026-03-12T02:34:46.405+0000] {logging_mixin.py:188} INFO - [2026-03-12T02:34:46.404+0000] {dag.py:3036} INFO - Sync 1 DAGs
[2026-03-12T02:34:46.413+0000] {logging_mixin.py:188} INFO - [2026-03-12T02:34:46.413+0000] {dag.py:3823} INFO - Setting next_dagrun for example_time_delta_sensor_async to None, run_after=None
[2026-03-12T02:34:46.427+0000] {processor.py:183} INFO - Processing /home/airflow/.local/lib/python3.8/site-packages/airflow/example_dags/example_time_delta_sensor_async.py took 0.037 seconds
[2026-03-12T02:35:17.275+0000] {processor.py:161} INFO - Started process (PID=3096) to work on /home/airflow/.local/lib/python3.8/site-packages/airflow/example_dags/example_time_delta_sensor_async.py
[2026-03-12T02:35:17.276+0000] {processor.py:830} INFO - Processing file /home/airflow/.local/lib/python3.8/site-packages/airflow/example_dags/example_time_delta_sensor_async.py for tasks to queue
[2026-03-12T02:35:17.277+0000] {logging_mixin.py:188} INFO - [2026-03-12T02:35:17.277+0000] {dagbag.py:538} INFO - Filling up the DagBag from /home/airflow/.local/lib/python3.8/site-packages/airflow/example_dags/example_time_delta_sensor_async.py
[2026-03-12T02:35:17.279+0000] {processor.py:840} INFO - DAG(s) 'example_time_delta_sensor_async' retrieved from /home/airflow/.local/lib/python3.8/site-packages/airflow/example_dags/example_time_delta_sensor_async.py
[2026-03-12T02:35:17.288+0000] {logging_mixin.py:188} INFO - [2026-03-12T02:35:17.288+0000] {dag.py:3036} INFO - Sync 1 DAGs
[2026-03-12T02:35:17.294+0000] {logging_mixin.py:188} INFO - [2026-03-12T02:35:17.294+0000] {dag.py:3823} INFO - Setting next_dagrun for example_time_delta_sensor_async to None, run_after=None
[2026-03-12T02:35:17.307+0000] {processor.py:183} INFO - Processing /home/airflow/.local/lib/python3.8/site-packages/airflow/example_dags/example_time_delta_sensor_async.py took 0.034 seconds
[2026-03-12T02:35:48.071+0000] {processor.py:161} INFO - Started process (PID=3172) to work on /home/airflow/.local/lib/python3.8/site-packages/airflow/example_dags/example_time_delta_sensor_async.py
[2026-03-12T02:35:48.073+0000] {processor.py:830} INFO - Processing file /home/airflow/.local/lib/python3.8/site-packages/airflow/example_dags/example_time_delta_sensor_async.py for tasks to queue
[2026-03-12T02:35:48.074+0000] {logging_mixin.py:188} INFO - [2026-03-12T02:35:48.074+0000] {dagbag.py:538} INFO - Filling up the DagBag from /home/airflow/.local/lib/python3.8/site-packages/airflow/example_dags/example_time_delta_sensor_async.py
[2026-03-12T02:35:48.076+0000] {processor.py:840} INFO - DAG(s) 'example_time_delta_sensor_async' retrieved from /home/airflow/.local/lib/python3.8/site-packages/airflow/example_dags/example_time_delta_sensor_async.py
[2026-03-12T02:35:48.088+0000] {logging_mixin.py:188} INFO - [2026-03-12T02:35:48.088+0000] {dag.py:3036} INFO - Sync 1 DAGs
[2026-03-12T02:35:48.094+0000] {logging_mixin.py:188} INFO - [2026-03-12T02:35:48.094+0000] {dag.py:3823} INFO - Setting next_dagrun for example_time_delta_sensor_async to None, run_after=None
[2026-03-12T02:35:48.105+0000] {processor.py:183} INFO - Processing /home/airflow/.local/lib/python3.8/site-packages/airflow/example_dags/example_time_delta_sensor_async.py took 0.036 seconds
[2026-03-12T02:36:18.885+0000] {processor.py:161} INFO - Started process (PID=3248) to work on /home/airflow/.local/lib/python3.8/site-packages/airflow/example_dags/example_time_delta_sensor_async.py
[2026-03-12T02:36:18.886+0000] {processor.py:830} INFO - Processing file /home/airflow/.local/lib/python3.8/site-packages/airflow/example_dags/example_time_delta_sensor_async.py for tasks to queue
[2026-03-12T02:36:18.888+0000] {logging_mixin.py:188} INFO - [2026-03-12T02:36:18.888+0000] {dagbag.py:538} INFO - Filling up the DagBag from /home/airflow/.local/lib/python3.8/site-packages/airflow/example_dags/example_time_delta_sensor_async.py
[2026-03-12T02:36:18.890+0000] {processor.py:840} INFO - DAG(s) 'example_time_delta_sensor_async' retrieved from /home/airflow/.local/lib/python3.8/site-packages/airflow/example_dags/example_time_delta_sensor_async.py
[2026-03-12T02:36:18.902+0000] {logging_mixin.py:188} INFO - [2026-03-12T02:36:18.902+0000] {dag.py:3036} INFO - Sync 1 DAGs
[2026-03-12T02:36:18.906+0000] {logging_mixin.py:188} INFO - [2026-03-12T02:36:18.906+0000] {dag.py:3823} INFO - Setting next_dagrun for example_time_delta_sensor_async to None, run_after=None
[2026-03-12T02:36:18.916+0000] {processor.py:183} INFO - Processing /home/airflow/.local/lib/python3.8/site-packages/airflow/example_dags/example_time_delta_sensor_async.py took 0.033 seconds
[2026-03-12T02:36:49.460+0000] {processor.py:161} INFO - Started process (PID=3324) to work on /home/airflow/.local/lib/python3.8/site-packages/airflow/example_dags/example_time_delta_sensor_async.py
[2026-03-12T02:36:49.460+0000] {processor.py:830} INFO - Processing file /home/airflow/.local/lib/python3.8/site-packages/airflow/example_dags/example_time_delta_sensor_async.py for tasks to queue
[2026-03-12T02:36:49.462+0000] {logging_mixin.py:188} INFO - [2026-03-12T02:36:49.462+0000] {dagbag.py:538} INFO - Filling up the DagBag from /home/airflow/.local/lib/python3.8/site-packages/airflow/example_dags/example_time_delta_sensor_async.py
[2026-03-12T02:36:49.464+0000] {processor.py:840} INFO - DAG(s) 'example_time_delta_sensor_async' retrieved from /home/airflow/.local/lib/python3.8/site-packages/airflow/example_dags/example_time_delta_sensor_async.py
[2026-03-12T02:36:49.472+0000] {logging_mixin.py:188} INFO - [2026-03-12T02:36:49.472+0000] {dag.py:3036} INFO - Sync 1 DAGs
[2026-03-12T02:36:49.478+0000] {logging_mixin.py:188} INFO - [2026-03-12T02:36:49.478+0000] {dag.py:3823} INFO - Setting next_dagrun for example_time_delta_sensor_async to None, run_after=None
[2026-03-12T02:36:49.487+0000] {processor.py:183} INFO - Processing /home/airflow/.local/lib/python3.8/site-packages/airflow/example_dags/example_time_delta_sensor_async.py took 0.029 seconds
[2026-03-12T02:37:20.261+0000] {processor.py:161} INFO - Started process (PID=3400) to work on /home/airflow/.local/lib/python3.8/site-packages/airflow/example_dags/example_time_delta_sensor_async.py
[2026-03-12T02:37:20.262+0000] {processor.py:830} INFO - Processing file /home/airflow/.local/lib/python3.8/site-packages/airflow/example_dags/example_time_delta_sensor_async.py for tasks to queue
[2026-03-12T02:37:20.263+0000] {logging_mixin.py:188} INFO - [2026-03-12T02:37:20.263+0000] {dagbag.py:538} INFO - Filling up the DagBag from /home/airflow/.local/lib/python3.8/site-packages/airflow/example_dags/example_time_delta_sensor_async.py
[2026-03-12T02:37:20.264+0000] {processor.py:840} INFO - DAG(s) 'example_time_delta_sensor_async' retrieved from /home/airflow/.local/lib/python3.8/site-packages/airflow/example_dags/example_time_delta_sensor_async.py
[2026-03-12T02:37:20.272+0000] {logging_mixin.py:188} INFO - [2026-03-12T02:37:20.272+0000] {dag.py:3036} INFO - Sync 1 DAGs
[2026-03-12T02:37:20.277+0000] {logging_mixin.py:188} INFO - [2026-03-12T02:37:20.277+0000] {dag.py:3823} INFO - Setting next_dagrun for example_time_delta_sensor_async to None, run_after=None
[2026-03-12T02:37:20.290+0000] {processor.py:183} INFO - Processing /home/airflow/.local/lib/python3.8/site-packages/airflow/example_dags/example_time_delta_sensor_async.py took 0.030 seconds
[2026-03-12T02:37:51.058+0000] {processor.py:161} INFO - Started process (PID=3476) to work on /home/airflow/.local/lib/python3.8/site-packages/airflow/example_dags/example_time_delta_sensor_async.py
[2026-03-12T02:37:51.059+0000] {processor.py:830} INFO - Processing file /home/airflow/.local/lib/python3.8/site-packages/airflow/example_dags/example_time_delta_sensor_async.py for tasks to queue
[2026-03-12T02:37:51.060+0000] {logging_mixin.py:188} INFO - [2026-03-12T02:37:51.060+0000] {dagbag.py:538} INFO - Filling up the DagBag from /home/airflow/.local/lib/python3.8/site-packages/airflow/example_dags/example_time_delta_sensor_async.py
[2026-03-12T02:37:51.062+0000] {processor.py:840} INFO - DAG(s) 'example_time_delta_sensor_async' retrieved from /home/airflow/.local/lib/python3.8/site-packages/airflow/example_dags/example_time_delta_sensor_async.py
[2026-03-12T02:37:51.070+0000] {logging_mixin.py:188} INFO - [2026-03-12T02:37:51.070+0000] {dag.py:3036} INFO - Sync 1 DAGs
[2026-03-12T02:37:51.074+0000] {logging_mixin.py:188} INFO - [2026-03-12T02:37:51.074+0000] {dag.py:3823} INFO - Setting next_dagrun for example_time_delta_sensor_async to None, run_after=None
[2026-03-12T02:37:51.082+0000] {processor.py:183} INFO - Processing /home/airflow/.local/lib/python3.8/site-packages/airflow/example_dags/example_time_delta_sensor_async.py took 0.026 seconds
[2026-03-12T02:38:21.445+0000] {processor.py:161} INFO - Started process (PID=3552) to work on /home/airflow/.local/lib/python3.8/site-packages/airflow/example_dags/example_time_delta_sensor_async.py
[2026-03-12T02:38:21.446+0000] {processor.py:830} INFO - Processing file /home/airflow/.local/lib/python3.8/site-packages/airflow/example_dags/example_time_delta_sensor_async.py for tasks to queue
[2026-03-12T02:38:21.447+0000] {logging_mixin.py:188} INFO - [2026-03-12T02:38:21.447+0000] {dagbag.py:538} INFO - Filling up the DagBag from /home/airflow/.local/lib/python3.8/site-packages/airflow/example_dags/example_time_delta_sensor_async.py
[2026-03-12T02:38:21.449+0000] {processor.py:840} INFO - DAG(s) 'example_time_delta_sensor_async' retrieved from /home/airflow/.local/lib/python3.8/site-packages/airflow/example_dags/example_time_delta_sensor_async.py
[2026-03-12T02:38:21.457+0000] {logging_mixin.py:188} INFO - [2026-03-12T02:38:21.457+0000] {dag.py:3036} INFO - Sync 1 DAGs
[2026-03-12T02:38:21.461+0000] {logging_mixin.py:188} INFO - [2026-03-12T02:38:21.461+0000] {dag.py:3823} INFO - Setting next_dagrun for example_time_delta_sensor_async to None, run_after=None
[2026-03-12T02:38:21.471+0000] {processor.py:183} INFO - Processing /home/airflow/.local/lib/python3.8/site-packages/airflow/example_dags/example_time_delta_sensor_async.py took 0.027 seconds
[2026-03-12T02:38:51.596+0000] {processor.py:161} INFO - Started process (PID=3628) to work on /home/airflow/.local/lib/python3.8/site-packages/airflow/example_dags/example_time_delta_sensor_async.py
[2026-03-12T02:38:51.596+0000] {processor.py:830} INFO - Processing file /home/airflow/.local/lib/python3.8/site-packages/airflow/example_dags/example_time_delta_sensor_async.py for tasks to queue
[2026-03-12T02:38:51.597+0000] {logging_mixin.py:188} INFO - [2026-03-12T02:38:51.597+0000] {dagbag.py:538} INFO - Filling up the DagBag from /home/airflow/.local/lib/python3.8/site-packages/airflow/example_dags/example_time_delta_sensor_async.py
[2026-03-12T02:38:51.599+0000] {processor.py:840} INFO - DAG(s) 'example_time_delta_sensor_async' retrieved from /home/airflow/.local/lib/python3.8/site-packages/airflow/example_dags/example_time_delta_sensor_async.py
[2026-03-12T02:38:51.611+0000] {logging_mixin.py:188} INFO - [2026-03-12T02:38:51.611+0000] {dag.py:3036} INFO - Sync 1 DAGs
[2026-03-12T02:38:51.616+0000] {logging_mixin.py:188} INFO - [2026-03-12T02:38:51.616+0000] {dag.py:3823} INFO - Setting next_dagrun for example_time_delta_sensor_async to None, run_after=None
[2026-03-12T02:38:51.623+0000] {processor.py:183} INFO - Processing /home/airflow/.local/lib/python3.8/site-packages/airflow/example_dags/example_time_delta_sensor_async.py took 0.029 seconds
[2026-03-12T02:39:21.903+0000] {processor.py:161} INFO - Started process (PID=3704) to work on /home/airflow/.local/lib/python3.8/site-packages/airflow/example_dags/example_time_delta_sensor_async.py
[2026-03-12T02:39:21.904+0000] {processor.py:830} INFO - Processing file /home/airflow/.local/lib/python3.8/site-packages/airflow/example_dags/example_time_delta_sensor_async.py for tasks to queue
[2026-03-12T02:39:21.905+0000] {logging_mixin.py:188} INFO - [2026-03-12T02:39:21.905+0000] {dagbag.py:538} INFO - Filling up the DagBag from /home/airflow/.local/lib/python3.8/site-packages/airflow/example_dags/example_time_delta_sensor_async.py
[2026-03-12T02:39:21.907+0000] {processor.py:840} INFO - DAG(s) 'example_time_delta_sensor_async' retrieved from /home/airflow/.local/lib/python3.8/site-packages/airflow/example_dags/example_time_delta_sensor_async.py
[2026-03-12T02:39:21.915+0000] {logging_mixin.py:188} INFO - [2026-03-12T02:39:21.915+0000] {dag.py:3036} INFO - Sync 1 DAGs
[2026-03-12T02:39:21.922+0000] {logging_mixin.py:188} INFO - [2026-03-12T02:39:21.921+0000] {dag.py:3823} INFO - Setting next_dagrun for example_time_delta_sensor_async to None, run_after=None
[2026-03-12T02:39:21.935+0000] {processor.py:183} INFO - Processing /home/airflow/.local/lib/python3.8/site-packages/airflow/example_dags/example_time_delta_sensor_async.py took 0.033 seconds
[2026-03-12T02:39:53.115+0000] {processor.py:161} INFO - Started process (PID=3780) to work on /home/airflow/.local/lib/python3.8/site-packages/airflow/example_dags/example_time_delta_sensor_async.py
[2026-03-12T02:39:53.116+0000] {processor.py:830} INFO - Processing file /home/airflow/.local/lib/python3.8/site-packages/airflow/example_dags/example_time_delta_sensor_async.py for tasks to queue
[2026-03-12T02:39:53.117+0000] {logging_mixin.py:188} INFO - [2026-03-12T02:39:53.117+0000] {dagbag.py:538} INFO - Filling up the DagBag from /home/airflow/.local/lib/python3.8/site-packages/airflow/example_dags/example_time_delta_sensor_async.py
[2026-03-12T02:39:53.119+0000] {processor.py:840} INFO - DAG(s) 'example_time_delta_sensor_async' retrieved from /home/airflow/.local/lib/python3.8/site-packages/airflow/example_dags/example_time_delta_sensor_async.py
[2026-03-12T02:39:53.127+0000] {logging_mixin.py:188} INFO - [2026-03-12T02:39:53.127+0000] {dag.py:3036} INFO - Sync 1 DAGs
[2026-03-12T02:39:53.135+0000] {logging_mixin.py:188} INFO - [2026-03-12T02:39:53.134+0000] {dag.py:3823} INFO - Setting next_dagrun for example_time_delta_sensor_async to None, run_after=None
[2026-03-12T02:39:53.142+0000] {processor.py:183} INFO - Processing /home/airflow/.local/lib/python3.8/site-packages/airflow/example_dags/example_time_delta_sensor_async.py took 0.028 seconds
[2026-03-12T02:40:24.271+0000] {processor.py:161} INFO - Started process (PID=3856) to work on /home/airflow/.local/lib/python3.8/site-packages/airflow/example_dags/example_time_delta_sensor_async.py
[2026-03-12T02:40:24.272+0000] {processor.py:830} INFO - Processing file /home/airflow/.local/lib/python3.8/site-packages/airflow/example_dags/example_time_delta_sensor_async.py for tasks to queue
[2026-03-12T02:40:24.272+0000] {logging_mixin.py:188} INFO - [2026-03-12T02:40:24.272+0000] {dagbag.py:538} INFO - Filling up the DagBag from /home/airflow/.local/lib/python3.8/site-packages/airflow/example_dags/example_time_delta_sensor_async.py
[2026-03-12T02:40:24.275+0000] {processor.py:840} INFO - DAG(s) 'example_time_delta_sensor_async' retrieved from /home/airflow/.local/lib/python3.8/site-packages/airflow/example_dags/example_time_delta_sensor_async.py
[2026-03-12T02:40:24.287+0000] {logging_mixin.py:188} INFO - [2026-03-12T02:40:24.287+0000] {dag.py:3036} INFO - Sync 1 DAGs
[2026-03-12T02:40:24.293+0000] {logging_mixin.py:188} INFO - [2026-03-12T02:40:24.293+0000] {dag.py:3823} INFO - Setting next_dagrun for example_time_delta_sensor_async to None, run_after=None
[2026-03-12T02:40:24.310+0000] {processor.py:183} INFO - Processing /home/airflow/.local/lib/python3.8/site-packages/airflow/example_dags/example_time_delta_sensor_async.py took 0.040 seconds
[2026-03-12T02:40:55.208+0000] {processor.py:161} INFO - Started process (PID=3932) to work on /home/airflow/.local/lib/python3.8/site-packages/airflow/example_dags/example_time_delta_sensor_async.py
[2026-03-12T02:40:55.211+0000] {processor.py:830} INFO - Processing file /home/airflow/.local/lib/python3.8/site-packages/airflow/example_dags/example_time_delta_sensor_async.py for tasks to queue
[2026-03-12T02:40:55.212+0000] {logging_mixin.py:188} INFO - [2026-03-12T02:40:55.212+0000] {dagbag.py:538} INFO - Filling up the DagBag from /home/airflow/.local/lib/python3.8/site-packages/airflow/example_dags/example_time_delta_sensor_async.py
[2026-03-12T02:40:55.214+0000] {processor.py:840} INFO - DAG(s) 'example_time_delta_sensor_async' retrieved from /home/airflow/.local/lib/python3.8/site-packages/airflow/example_dags/example_time_delta_sensor_async.py
[2026-03-12T02:40:55.226+0000] {logging_mixin.py:188} INFO - [2026-03-12T02:40:55.226+0000] {dag.py:3036} INFO - Sync 1 DAGs
[2026-03-12T02:40:55.232+0000] {logging_mixin.py:188} INFO - [2026-03-12T02:40:55.232+0000] {dag.py:3823} INFO - Setting next_dagrun for example_time_delta_sensor_async to None, run_after=None
[2026-03-12T02:40:55.242+0000] {processor.py:183} INFO - Processing /home/airflow/.local/lib/python3.8/site-packages/airflow/example_dags/example_time_delta_sensor_async.py took 0.035 seconds
[2026-03-12T02:41:26.067+0000] {processor.py:161} INFO - Started process (PID=4008) to work on /home/airflow/.local/lib/python3.8/site-packages/airflow/example_dags/example_time_delta_sensor_async.py
[2026-03-12T02:41:26.067+0000] {processor.py:830} INFO - Processing file /home/airflow/.local/lib/python3.8/site-packages/airflow/example_dags/example_time_delta_sensor_async.py for tasks to queue
[2026-03-12T02:41:26.068+0000] {logging_mixin.py:188} INFO - [2026-03-12T02:41:26.068+0000] {dagbag.py:538} INFO - Filling up the DagBag from /home/airflow/.local/lib/python3.8/site-packages/airflow/example_dags/example_time_delta_sensor_async.py
[2026-03-12T02:41:26.070+0000] {processor.py:840} INFO - DAG(s) 'example_time_delta_sensor_async' retrieved from /home/airflow/.local/lib/python3.8/site-packages/airflow/example_dags/example_time_delta_sensor_async.py
[2026-03-12T02:41:26.080+0000] {logging_mixin.py:188} INFO - [2026-03-12T02:41:26.080+0000] {dag.py:3036} INFO - Sync 1 DAGs
[2026-03-12T02:41:26.086+0000] {logging_mixin.py:188} INFO - [2026-03-12T02:41:26.086+0000] {dag.py:3823} INFO - Setting next_dagrun for example_time_delta_sensor_async to None, run_after=None
[2026-03-12T02:41:26.098+0000] {processor.py:183} INFO - Processing /home/airflow/.local/lib/python3.8/site-packages/airflow/example_dags/example_time_delta_sensor_async.py took 0.033 seconds
[2026-03-12T02:41:56.838+0000] {processor.py:161} INFO - Started process (PID=4084) to work on /home/airflow/.local/lib/python3.8/site-packages/airflow/example_dags/example_time_delta_sensor_async.py
[2026-03-12T02:41:56.838+0000] {processor.py:830} INFO - Processing file /home/airflow/.local/lib/python3.8/site-packages/airflow/example_dags/example_time_delta_sensor_async.py for tasks to queue
[2026-03-12T02:41:56.839+0000] {logging_mixin.py:188} INFO - [2026-03-12T02:41:56.839+0000] {dagbag.py:538} INFO - Filling up the DagBag from /home/airflow/.local/lib/python3.8/site-packages/airflow/example_dags/example_time_delta_sensor_async.py
[2026-03-12T02:41:56.842+0000] {processor.py:840} INFO - DAG(s) 'example_time_delta_sensor_async' retrieved from /home/airflow/.local/lib/python3.8/site-packages/airflow/example_dags/example_time_delta_sensor_async.py
[2026-03-12T02:41:56.853+0000] {logging_mixin.py:188} INFO - [2026-03-12T02:41:56.853+0000] {dag.py:3036} INFO - Sync 1 DAGs
[2026-03-12T02:41:56.857+0000] {logging_mixin.py:188} INFO - [2026-03-12T02:41:56.857+0000] {dag.py:3823} INFO - Setting next_dagrun for example_time_delta_sensor_async to None, run_after=None
[2026-03-12T02:41:56.866+0000] {processor.py:183} INFO - Processing /home/airflow/.local/lib/python3.8/site-packages/airflow/example_dags/example_time_delta_sensor_async.py took 0.030 seconds
[2026-03-12T02:42:28.028+0000] {processor.py:161} INFO - Started process (PID=4160) to work on /home/airflow/.local/lib/python3.8/site-packages/airflow/example_dags/example_time_delta_sensor_async.py
[2026-03-12T02:42:28.028+0000] {processor.py:830} INFO - Processing file /home/airflow/.local/lib/python3.8/site-packages/airflow/example_dags/example_time_delta_sensor_async.py for tasks to queue
[2026-03-12T02:42:28.029+0000] {logging_mixin.py:188} INFO - [2026-03-12T02:42:28.029+0000] {dagbag.py:538} INFO - Filling up the DagBag from /home/airflow/.local/lib/python3.8/site-packages/airflow/example_dags/example_time_delta_sensor_async.py
[2026-03-12T02:42:28.031+0000] {processor.py:840} INFO - DAG(s) 'example_time_delta_sensor_async' retrieved from /home/airflow/.local/lib/python3.8/site-packages/airflow/example_dags/example_time_delta_sensor_async.py
[2026-03-12T02:42:28.040+0000] {logging_mixin.py:188} INFO - [2026-03-12T02:42:28.039+0000] {dag.py:3036} INFO - Sync 1 DAGs
[2026-03-12T02:42:28.045+0000] {logging_mixin.py:188} INFO - [2026-03-12T02:42:28.045+0000] {dag.py:3823} INFO - Setting next_dagrun for example_time_delta_sensor_async to None, run_after=None
[2026-03-12T02:42:28.056+0000] {processor.py:183} INFO - Processing /home/airflow/.local/lib/python3.8/site-packages/airflow/example_dags/example_time_delta_sensor_async.py took 0.030 seconds
[2026-03-12T02:42:58.939+0000] {processor.py:161} INFO - Started process (PID=4236) to work on /home/airflow/.local/lib/python3.8/site-packages/airflow/example_dags/example_time_delta_sensor_async.py
[2026-03-12T02:42:58.940+0000] {processor.py:830} INFO - Processing file /home/airflow/.local/lib/python3.8/site-packages/airflow/example_dags/example_time_delta_sensor_async.py for tasks to queue
[2026-03-12T02:42:58.940+0000] {logging_mixin.py:188} INFO - [2026-03-12T02:42:58.940+0000] {dagbag.py:538} INFO - Filling up the DagBag from /home/airflow/.local/lib/python3.8/site-packages/airflow/example_dags/example_time_delta_sensor_async.py
[2026-03-12T02:42:58.942+0000] {processor.py:840} INFO - DAG(s) 'example_time_delta_sensor_async' retrieved from /home/airflow/.local/lib/python3.8/site-packages/airflow/example_dags/example_time_delta_sensor_async.py
[2026-03-12T02:42:58.951+0000] {logging_mixin.py:188} INFO - [2026-03-12T02:42:58.951+0000] {dag.py:3036} INFO - Sync 1 DAGs
[2026-03-12T02:42:58.957+0000] {logging_mixin.py:188} INFO - [2026-03-12T02:42:58.957+0000] {dag.py:3823} INFO - Setting next_dagrun for example_time_delta_sensor_async to None, run_after=None
[2026-03-12T02:42:58.967+0000] {processor.py:183} INFO - Processing /home/airflow/.local/lib/python3.8/site-packages/airflow/example_dags/example_time_delta_sensor_async.py took 0.030 seconds
[2026-03-12T02:43:29.386+0000] {processor.py:161} INFO - Started process (PID=4312) to work on /home/airflow/.local/lib/python3.8/site-packages/airflow/example_dags/example_time_delta_sensor_async.py
[2026-03-12T02:43:29.386+0000] {processor.py:830} INFO - Processing file /home/airflow/.local/lib/python3.8/site-packages/airflow/example_dags/example_time_delta_sensor_async.py for tasks to queue
[2026-03-12T02:43:29.387+0000] {logging_mixin.py:188} INFO - [2026-03-12T02:43:29.387+0000] {dagbag.py:538} INFO - Filling up the DagBag from /home/airflow/.local/lib/python3.8/site-packages/airflow/example_dags/example_time_delta_sensor_async.py
[2026-03-12T02:43:29.389+0000] {processor.py:840} INFO - DAG(s) 'example_time_delta_sensor_async' retrieved from /home/airflow/.local/lib/python3.8/site-packages/airflow/example_dags/example_time_delta_sensor_async.py
[2026-03-12T02:43:29.400+0000] {logging_mixin.py:188} INFO - [2026-03-12T02:43:29.400+0000] {dag.py:3036} INFO - Sync 1 DAGs
[2026-03-12T02:43:29.405+0000] {logging_mixin.py:188} INFO - [2026-03-12T02:43:29.405+0000] {dag.py:3823} INFO - Setting next_dagrun for example_time_delta_sensor_async to None, run_after=None
[2026-03-12T02:43:29.418+0000] {processor.py:183} INFO - Processing /home/airflow/.local/lib/python3.8/site-packages/airflow/example_dags/example_time_delta_sensor_async.py took 0.034 seconds
[2026-03-12T02:43:59.780+0000] {processor.py:161} INFO - Started process (PID=4388) to work on /home/airflow/.local/lib/python3.8/site-packages/airflow/example_dags/example_time_delta_sensor_async.py
[2026-03-12T02:43:59.781+0000] {processor.py:830} INFO - Processing file /home/airflow/.local/lib/python3.8/site-packages/airflow/example_dags/example_time_delta_sensor_async.py for tasks to queue
[2026-03-12T02:43:59.782+0000] {logging_mixin.py:188} INFO - [2026-03-12T02:43:59.782+0000] {dagbag.py:538} INFO - Filling up the DagBag from /home/airflow/.local/lib/python3.8/site-packages/airflow/example_dags/example_time_delta_sensor_async.py
[2026-03-12T02:43:59.784+0000] {processor.py:840} INFO - DAG(s) 'example_time_delta_sensor_async' retrieved from /home/airflow/.local/lib/python3.8/site-packages/airflow/example_dags/example_time_delta_sensor_async.py
[2026-03-12T02:43:59.795+0000] {logging_mixin.py:188} INFO - [2026-03-12T02:43:59.794+0000] {dag.py:3036} INFO - Sync 1 DAGs
[2026-03-12T02:43:59.801+0000] {logging_mixin.py:188} INFO - [2026-03-12T02:43:59.801+0000] {dag.py:3823} INFO - Setting next_dagrun for example_time_delta_sensor_async to None, run_after=None
[2026-03-12T02:43:59.811+0000] {processor.py:183} INFO - Processing /home/airflow/.local/lib/python3.8/site-packages/airflow/example_dags/example_time_delta_sensor_async.py took 0.033 seconds
[2026-03-12T02:44:30.146+0000] {processor.py:161} INFO - Started process (PID=4464) to work on /home/airflow/.local/lib/python3.8/site-packages/airflow/example_dags/example_time_delta_sensor_async.py
[2026-03-12T02:44:30.147+0000] {processor.py:830} INFO - Processing file /home/airflow/.local/lib/python3.8/site-packages/airflow/example_dags/example_time_delta_sensor_async.py for tasks to queue
[2026-03-12T02:44:30.148+0000] {logging_mixin.py:188} INFO - [2026-03-12T02:44:30.148+0000] {dagbag.py:538} INFO - Filling up the DagBag from /home/airflow/.local/lib/python3.8/site-packages/airflow/example_dags/example_time_delta_sensor_async.py
[2026-03-12T02:44:30.150+0000] {processor.py:840} INFO - DAG(s) 'example_time_delta_sensor_async' retrieved from /home/airflow/.local/lib/python3.8/site-packages/airflow/example_dags/example_time_delta_sensor_async.py
[2026-03-12T02:44:30.159+0000] {logging_mixin.py:188} INFO - [2026-03-12T02:44:30.159+0000] {dag.py:3036} INFO - Sync 1 DAGs
[2026-03-12T02:44:30.165+0000] {logging_mixin.py:188} INFO - [2026-03-12T02:44:30.165+0000] {dag.py:3823} INFO - Setting next_dagrun for example_time_delta_sensor_async to None, run_after=None
[2026-03-12T02:44:30.173+0000] {processor.py:183} INFO - Processing /home/airflow/.local/lib/python3.8/site-packages/airflow/example_dags/example_time_delta_sensor_async.py took 0.028 seconds
[2026-03-12T02:45:00.615+0000] {processor.py:161} INFO - Started process (PID=4540) to work on /home/airflow/.local/lib/python3.8/site-packages/airflow/example_dags/example_time_delta_sensor_async.py
[2026-03-12T02:45:00.616+0000] {processor.py:830} INFO - Processing file /home/airflow/.local/lib/python3.8/site-packages/airflow/example_dags/example_time_delta_sensor_async.py for tasks to queue
[2026-03-12T02:45:00.617+0000] {logging_mixin.py:188} INFO - [2026-03-12T02:45:00.617+0000] {dagbag.py:538} INFO - Filling up the DagBag from /home/airflow/.local/lib/python3.8/site-packages/airflow/example_dags/example_time_delta_sensor_async.py
[2026-03-12T02:45:00.620+0000] {processor.py:840} INFO - DAG(s) 'example_time_delta_sensor_async' retrieved from /home/airflow/.local/lib/python3.8/site-packages/airflow/example_dags/example_time_delta_sensor_async.py
[2026-03-12T02:45:00.629+0000] {logging_mixin.py:188} INFO - [2026-03-12T02:45:00.629+0000] {dag.py:3036} INFO - Sync 1 DAGs
[2026-03-12T02:45:00.635+0000] {logging_mixin.py:188} INFO - [2026-03-12T02:45:00.635+0000] {dag.py:3823} INFO - Setting next_dagrun for example_time_delta_sensor_async to None, run_after=None
[2026-03-12T02:45:00.645+0000] {processor.py:183} INFO - Processing /home/airflow/.local/lib/python3.8/site-packages/airflow/example_dags/example_time_delta_sensor_async.py took 0.031 seconds
[2026-03-12T02:45:30.999+0000] {processor.py:161} INFO - Started process (PID=4616) to work on /home/airflow/.local/lib/python3.8/site-packages/airflow/example_dags/example_time_delta_sensor_async.py
[2026-03-12T02:45:31.000+0000] {processor.py:830} INFO - Processing file /home/airflow/.local/lib/python3.8/site-packages/airflow/example_dags/example_time_delta_sensor_async.py for tasks to queue
[2026-03-12T02:45:31.000+0000] {logging_mixin.py:188} INFO - [2026-03-12T02:45:31.000+0000] {dagbag.py:538} INFO - Filling up the DagBag from /home/airflow/.local/lib/python3.8/site-packages/airflow/example_dags/example_time_delta_sensor_async.py
[2026-03-12T02:45:31.002+0000] {processor.py:840} INFO - DAG(s) 'example_time_delta_sensor_async' retrieved from /home/airflow/.local/lib/python3.8/site-packages/airflow/example_dags/example_time_delta_sensor_async.py
[2026-03-12T02:45:31.012+0000] {logging_mixin.py:188} INFO - [2026-03-12T02:45:31.012+0000] {dag.py:3036} INFO - Sync 1 DAGs
[2026-03-12T02:45:31.018+0000] {logging_mixin.py:188} INFO - [2026-03-12T02:45:31.018+0000] {dag.py:3823} INFO - Setting next_dagrun for example_time_delta_sensor_async to None, run_after=None
[2026-03-12T02:45:31.031+0000] {processor.py:183} INFO - Processing /home/airflow/.local/lib/python3.8/site-packages/airflow/example_dags/example_time_delta_sensor_async.py took 0.033 seconds
[2026-03-12T02:46:01.505+0000] {processor.py:161} INFO - Started process (PID=4692) to work on /home/airflow/.local/lib/python3.8/site-packages/airflow/example_dags/example_time_delta_sensor_async.py
[2026-03-12T02:46:01.506+0000] {processor.py:830} INFO - Processing file /home/airflow/.local/lib/python3.8/site-packages/airflow/example_dags/example_time_delta_sensor_async.py for tasks to queue
[2026-03-12T02:46:01.506+0000] {logging_mixin.py:188} INFO - [2026-03-12T02:46:01.506+0000] {dagbag.py:538} INFO - Filling up the DagBag from /home/airflow/.local/lib/python3.8/site-packages/airflow/example_dags/example_time_delta_sensor_async.py
[2026-03-12T02:46:01.508+0000] {processor.py:840} INFO - DAG(s) 'example_time_delta_sensor_async' retrieved from /home/airflow/.local/lib/python3.8/site-packages/airflow/example_dags/example_time_delta_sensor_async.py
[2026-03-12T02:46:01.521+0000] {logging_mixin.py:188} INFO - [2026-03-12T02:46:01.521+0000] {dag.py:3036} INFO - Sync 1 DAGs
[2026-03-12T02:46:01.526+0000] {logging_mixin.py:188} INFO - [2026-03-12T02:46:01.526+0000] {dag.py:3823} INFO - Setting next_dagrun for example_time_delta_sensor_async to None, run_after=None
[2026-03-12T02:46:01.537+0000] {processor.py:183} INFO - Processing /home/airflow/.local/lib/python3.8/site-packages/airflow/example_dags/example_time_delta_sensor_async.py took 0.034 seconds
[2026-03-12T02:46:32.125+0000] {processor.py:161} INFO - Started process (PID=4768) to work on /home/airflow/.local/lib/python3.8/site-packages/airflow/example_dags/example_time_delta_sensor_async.py
[2026-03-12T02:46:32.127+0000] {processor.py:830} INFO - Processing file /home/airflow/.local/lib/python3.8/site-packages/airflow/example_dags/example_time_delta_sensor_async.py for tasks to queue
[2026-03-12T02:46:32.128+0000] {logging_mixin.py:188} INFO - [2026-03-12T02:46:32.128+0000] {dagbag.py:538} INFO - Filling up the DagBag from /home/airflow/.local/lib/python3.8/site-packages/airflow/example_dags/example_time_delta_sensor_async.py
[2026-03-12T02:46:32.130+0000] {processor.py:840} INFO - DAG(s) 'example_time_delta_sensor_async' retrieved from /home/airflow/.local/lib/python3.8/site-packages/airflow/example_dags/example_time_delta_sensor_async.py
[2026-03-12T02:46:32.140+0000] {logging_mixin.py:188} INFO - [2026-03-12T02:46:32.140+0000] {dag.py:3036} INFO - Sync 1 DAGs
[2026-03-12T02:46:32.146+0000] {logging_mixin.py:188} INFO - [2026-03-12T02:46:32.146+0000] {dag.py:3823} INFO - Setting next_dagrun for example_time_delta_sensor_async to None, run_after=None
[2026-03-12T02:46:32.155+0000] {processor.py:183} INFO - Processing /home/airflow/.local/lib/python3.8/site-packages/airflow/example_dags/example_time_delta_sensor_async.py took 0.032 seconds
[2026-03-12T02:47:02.951+0000] {processor.py:161} INFO - Started process (PID=4844) to work on /home/airflow/.local/lib/python3.8/site-packages/airflow/example_dags/example_time_delta_sensor_async.py
[2026-03-12T02:47:02.951+0000] {processor.py:830} INFO - Processing file /home/airflow/.local/lib/python3.8/site-packages/airflow/example_dags/example_time_delta_sensor_async.py for tasks to queue
[2026-03-12T02:47:02.952+0000] {logging_mixin.py:188} INFO - [2026-03-12T02:47:02.952+0000] {dagbag.py:538} INFO - Filling up the DagBag from /home/airflow/.local/lib/python3.8/site-packages/airflow/example_dags/example_time_delta_sensor_async.py
[2026-03-12T02:47:02.954+0000] {processor.py:840} INFO - DAG(s) 'example_time_delta_sensor_async' retrieved from /home/airflow/.local/lib/python3.8/site-packages/airflow/example_dags/example_time_delta_sensor_async.py
[2026-03-12T02:47:02.965+0000] {logging_mixin.py:188} INFO - [2026-03-12T02:47:02.965+0000] {dag.py:3036} INFO - Sync 1 DAGs
[2026-03-12T02:47:02.971+0000] {logging_mixin.py:188} INFO - [2026-03-12T02:47:02.971+0000] {dag.py:3823} INFO - Setting next_dagrun for example_time_delta_sensor_async to None, run_after=None
[2026-03-12T02:47:02.985+0000] {processor.py:183} INFO - Processing /home/airflow/.local/lib/python3.8/site-packages/airflow/example_dags/example_time_delta_sensor_async.py took 0.035 seconds
[2026-03-12T02:47:33.634+0000] {processor.py:161} INFO - Started process (PID=4920) to work on /home/airflow/.local/lib/python3.8/site-packages/airflow/example_dags/example_time_delta_sensor_async.py
[2026-03-12T02:47:33.635+0000] {processor.py:830} INFO - Processing file /home/airflow/.local/lib/python3.8/site-packages/airflow/example_dags/example_time_delta_sensor_async.py for tasks to queue
[2026-03-12T02:47:33.636+0000] {logging_mixin.py:188} INFO - [2026-03-12T02:47:33.636+0000] {dagbag.py:538} INFO - Filling up the DagBag from /home/airflow/.local/lib/python3.8/site-packages/airflow/example_dags/example_time_delta_sensor_async.py
[2026-03-12T02:47:33.638+0000] {processor.py:840} INFO - DAG(s) 'example_time_delta_sensor_async' retrieved from /home/airflow/.local/lib/python3.8/site-packages/airflow/example_dags/example_time_delta_sensor_async.py
[2026-03-12T02:47:33.649+0000] {logging_mixin.py:188} INFO - [2026-03-12T02:47:33.649+0000] {dag.py:3036} INFO - Sync 1 DAGs
[2026-03-12T02:47:33.653+0000] {logging_mixin.py:188} INFO - [2026-03-12T02:47:33.653+0000] {dag.py:3823} INFO - Setting next_dagrun for example_time_delta_sensor_async to None, run_after=None
[2026-03-12T02:47:33.662+0000] {processor.py:183} INFO - Processing /home/airflow/.local/lib/python3.8/site-packages/airflow/example_dags/example_time_delta_sensor_async.py took 0.030 seconds
[2026-03-12T02:48:04.319+0000] {processor.py:161} INFO - Started process (PID=4998) to work on /home/airflow/.local/lib/python3.8/site-packages/airflow/example_dags/example_time_delta_sensor_async.py
[2026-03-12T02:48:04.319+0000] {processor.py:830} INFO - Processing file /home/airflow/.local/lib/python3.8/site-packages/airflow/example_dags/example_time_delta_sensor_async.py for tasks to queue
[2026-03-12T02:48:04.320+0000] {logging_mixin.py:188} INFO - [2026-03-12T02:48:04.320+0000] {dagbag.py:538} INFO - Filling up the DagBag from /home/airflow/.local/lib/python3.8/site-packages/airflow/example_dags/example_time_delta_sensor_async.py
[2026-03-12T02:48:04.322+0000] {processor.py:840} INFO - DAG(s) 'example_time_delta_sensor_async' retrieved from /home/airflow/.local/lib/python3.8/site-packages/airflow/example_dags/example_time_delta_sensor_async.py
[2026-03-12T02:48:04.331+0000] {logging_mixin.py:188} INFO - [2026-03-12T02:48:04.331+0000] {dag.py:3036} INFO - Sync 1 DAGs
[2026-03-12T02:48:04.335+0000] {logging_mixin.py:188} INFO - [2026-03-12T02:48:04.335+0000] {dag.py:3823} INFO - Setting next_dagrun for example_time_delta_sensor_async to None, run_after=None
[2026-03-12T02:48:04.342+0000] {processor.py:183} INFO - Processing /home/airflow/.local/lib/python3.8/site-packages/airflow/example_dags/example_time_delta_sensor_async.py took 0.025 seconds
[2026-03-12T02:48:35.338+0000] {processor.py:161} INFO - Started process (PID=5074) to work on /home/airflow/.local/lib/python3.8/site-packages/airflow/example_dags/example_time_delta_sensor_async.py
[2026-03-12T02:48:35.338+0000] {processor.py:830} INFO - Processing file /home/airflow/.local/lib/python3.8/site-packages/airflow/example_dags/example_time_delta_sensor_async.py for tasks to queue
[2026-03-12T02:48:35.339+0000] {logging_mixin.py:188} INFO - [2026-03-12T02:48:35.339+0000] {dagbag.py:538} INFO - Filling up the DagBag from /home/airflow/.local/lib/python3.8/site-packages/airflow/example_dags/example_time_delta_sensor_async.py
[2026-03-12T02:48:35.341+0000] {processor.py:840} INFO - DAG(s) 'example_time_delta_sensor_async' retrieved from /home/airflow/.local/lib/python3.8/site-packages/airflow/example_dags/example_time_delta_sensor_async.py
[2026-03-12T02:48:35.348+0000] {logging_mixin.py:188} INFO - [2026-03-12T02:48:35.348+0000] {dag.py:3036} INFO - Sync 1 DAGs
[2026-03-12T02:48:35.354+0000] {logging_mixin.py:188} INFO - [2026-03-12T02:48:35.354+0000] {dag.py:3823} INFO - Setting next_dagrun for example_time_delta_sensor_async to None, run_after=None
[2026-03-12T02:48:35.366+0000] {processor.py:183} INFO - Processing /home/airflow/.local/lib/python3.8/site-packages/airflow/example_dags/example_time_delta_sensor_async.py took 0.030 seconds
[2026-03-12T02:49:05.798+0000] {processor.py:161} INFO - Started process (PID=5150) to work on /home/airflow/.local/lib/python3.8/site-packages/airflow/example_dags/example_time_delta_sensor_async.py
[2026-03-12T02:49:05.799+0000] {processor.py:830} INFO - Processing file /home/airflow/.local/lib/python3.8/site-packages/airflow/example_dags/example_time_delta_sensor_async.py for tasks to queue
[2026-03-12T02:49:05.803+0000] {logging_mixin.py:188} INFO - [2026-03-12T02:49:05.803+0000] {dagbag.py:538} INFO - Filling up the DagBag from /home/airflow/.local/lib/python3.8/site-packages/airflow/example_dags/example_time_delta_sensor_async.py
[2026-03-12T02:49:05.805+0000] {processor.py:840} INFO - DAG(s) 'example_time_delta_sensor_async' retrieved from /home/airflow/.local/lib/python3.8/site-packages/airflow/example_dags/example_time_delta_sensor_async.py
[2026-03-12T02:49:05.814+0000] {logging_mixin.py:188} INFO - [2026-03-12T02:49:05.814+0000] {dag.py:3036} INFO - Sync 1 DAGs
[2026-03-12T02:49:05.819+0000] {logging_mixin.py:188} INFO - [2026-03-12T02:49:05.819+0000] {dag.py:3823} INFO - Setting next_dagrun for example_time_delta_sensor_async to None, run_after=None
[2026-03-12T02:49:05.829+0000] {processor.py:183} INFO - Processing /home/airflow/.local/lib/python3.8/site-packages/airflow/example_dags/example_time_delta_sensor_async.py took 0.032 seconds
[2026-03-12T02:49:36.148+0000] {processor.py:161} INFO - Started process (PID=5226) to work on /home/airflow/.local/lib/python3.8/site-packages/airflow/example_dags/example_time_delta_sensor_async.py
[2026-03-12T02:49:36.150+0000] {processor.py:830} INFO - Processing file /home/airflow/.local/lib/python3.8/site-packages/airflow/example_dags/example_time_delta_sensor_async.py for tasks to queue
[2026-03-12T02:49:36.152+0000] {logging_mixin.py:188} INFO - [2026-03-12T02:49:36.151+0000] {dagbag.py:538} INFO - Filling up the DagBag from /home/airflow/.local/lib/python3.8/site-packages/airflow/example_dags/example_time_delta_sensor_async.py
[2026-03-12T02:49:36.153+0000] {processor.py:840} INFO - DAG(s) 'example_time_delta_sensor_async' retrieved from /home/airflow/.local/lib/python3.8/site-packages/airflow/example_dags/example_time_delta_sensor_async.py
[2026-03-12T02:49:36.165+0000] {logging_mixin.py:188} INFO - [2026-03-12T02:49:36.165+0000] {dag.py:3036} INFO - Sync 1 DAGs
[2026-03-12T02:49:36.169+0000] {logging_mixin.py:188} INFO - [2026-03-12T02:49:36.169+0000] {dag.py:3823} INFO - Setting next_dagrun for example_time_delta_sensor_async to None, run_after=None
[2026-03-12T02:49:36.179+0000] {processor.py:183} INFO - Processing /home/airflow/.local/lib/python3.8/site-packages/airflow/example_dags/example_time_delta_sensor_async.py took 0.032 seconds
