[2026-03-12T02:15:10.514+0000] {processor.py:161} INFO - Started process (PID=94) to work on /home/airflow/.local/lib/python3.8/site-packages/airflow/example_dags/example_sensors.py
[2026-03-12T02:15:10.516+0000] {processor.py:830} INFO - Processing file /home/airflow/.local/lib/python3.8/site-packages/airflow/example_dags/example_sensors.py for tasks to queue
[2026-03-12T02:15:10.517+0000] {logging_mixin.py:188} INFO - [2026-03-12T02:15:10.517+0000] {dagbag.py:538} INFO - Filling up the DagBag from /home/airflow/.local/lib/python3.8/site-packages/airflow/example_dags/example_sensors.py
[2026-03-12T02:15:10.525+0000] {processor.py:840} INFO - DAG(s) 'example_sensors' retrieved from /home/airflow/.local/lib/python3.8/site-packages/airflow/example_dags/example_sensors.py
[2026-03-12T02:15:10.533+0000] {logging_mixin.py:188} INFO - [2026-03-12T02:15:10.532+0000] {dag.py:3036} INFO - Sync 1 DAGs
[2026-03-12T02:15:10.541+0000] {logging_mixin.py:188} INFO - [2026-03-12T02:15:10.541+0000] {dag.py:3823} INFO - Setting next_dagrun for example_sensors to None, run_after=None
[2026-03-12T02:15:10.549+0000] {processor.py:183} INFO - Processing /home/airflow/.local/lib/python3.8/site-packages/airflow/example_dags/example_sensors.py took 0.037 seconds
[2026-03-12T02:15:41.394+0000] {processor.py:161} INFO - Started process (PID=170) to work on /home/airflow/.local/lib/python3.8/site-packages/airflow/example_dags/example_sensors.py
[2026-03-12T02:15:41.395+0000] {processor.py:830} INFO - Processing file /home/airflow/.local/lib/python3.8/site-packages/airflow/example_dags/example_sensors.py for tasks to queue
[2026-03-12T02:15:41.396+0000] {logging_mixin.py:188} INFO - [2026-03-12T02:15:41.396+0000] {dagbag.py:538} INFO - Filling up the DagBag from /home/airflow/.local/lib/python3.8/site-packages/airflow/example_dags/example_sensors.py
[2026-03-12T02:15:41.400+0000] {processor.py:840} INFO - DAG(s) 'example_sensors' retrieved from /home/airflow/.local/lib/python3.8/site-packages/airflow/example_dags/example_sensors.py
[2026-03-12T02:15:41.512+0000] {logging_mixin.py:188} INFO - [2026-03-12T02:15:41.512+0000] {dag.py:3036} INFO - Sync 1 DAGs
[2026-03-12T02:15:41.515+0000] {logging_mixin.py:188} INFO - [2026-03-12T02:15:41.515+0000] {dag.py:3823} INFO - Setting next_dagrun for example_sensors to None, run_after=None
[2026-03-12T02:15:41.525+0000] {processor.py:183} INFO - Processing /home/airflow/.local/lib/python3.8/site-packages/airflow/example_dags/example_sensors.py took 0.132 seconds
[2026-03-12T02:16:11.855+0000] {processor.py:161} INFO - Started process (PID=246) to work on /home/airflow/.local/lib/python3.8/site-packages/airflow/example_dags/example_sensors.py
[2026-03-12T02:16:11.855+0000] {processor.py:830} INFO - Processing file /home/airflow/.local/lib/python3.8/site-packages/airflow/example_dags/example_sensors.py for tasks to queue
[2026-03-12T02:16:11.856+0000] {logging_mixin.py:188} INFO - [2026-03-12T02:16:11.856+0000] {dagbag.py:538} INFO - Filling up the DagBag from /home/airflow/.local/lib/python3.8/site-packages/airflow/example_dags/example_sensors.py
[2026-03-12T02:16:11.860+0000] {processor.py:840} INFO - DAG(s) 'example_sensors' retrieved from /home/airflow/.local/lib/python3.8/site-packages/airflow/example_dags/example_sensors.py
[2026-03-12T02:16:11.871+0000] {logging_mixin.py:188} INFO - [2026-03-12T02:16:11.871+0000] {dag.py:3036} INFO - Sync 1 DAGs
[2026-03-12T02:16:11.877+0000] {logging_mixin.py:188} INFO - [2026-03-12T02:16:11.877+0000] {dag.py:3823} INFO - Setting next_dagrun for example_sensors to None, run_after=None
[2026-03-12T02:16:11.888+0000] {processor.py:183} INFO - Processing /home/airflow/.local/lib/python3.8/site-packages/airflow/example_dags/example_sensors.py took 0.035 seconds
[2026-03-12T02:16:42.778+0000] {processor.py:161} INFO - Started process (PID=322) to work on /home/airflow/.local/lib/python3.8/site-packages/airflow/example_dags/example_sensors.py
[2026-03-12T02:16:42.779+0000] {processor.py:830} INFO - Processing file /home/airflow/.local/lib/python3.8/site-packages/airflow/example_dags/example_sensors.py for tasks to queue
[2026-03-12T02:16:42.779+0000] {logging_mixin.py:188} INFO - [2026-03-12T02:16:42.779+0000] {dagbag.py:538} INFO - Filling up the DagBag from /home/airflow/.local/lib/python3.8/site-packages/airflow/example_dags/example_sensors.py
[2026-03-12T02:16:42.783+0000] {processor.py:840} INFO - DAG(s) 'example_sensors' retrieved from /home/airflow/.local/lib/python3.8/site-packages/airflow/example_dags/example_sensors.py
[2026-03-12T02:16:42.792+0000] {logging_mixin.py:188} INFO - [2026-03-12T02:16:42.792+0000] {dag.py:3036} INFO - Sync 1 DAGs
[2026-03-12T02:16:42.797+0000] {logging_mixin.py:188} INFO - [2026-03-12T02:16:42.797+0000] {dag.py:3823} INFO - Setting next_dagrun for example_sensors to None, run_after=None
[2026-03-12T02:16:42.803+0000] {processor.py:183} INFO - Processing /home/airflow/.local/lib/python3.8/site-packages/airflow/example_dags/example_sensors.py took 0.026 seconds
[2026-03-12T02:17:13.697+0000] {processor.py:161} INFO - Started process (PID=398) to work on /home/airflow/.local/lib/python3.8/site-packages/airflow/example_dags/example_sensors.py
[2026-03-12T02:17:13.698+0000] {processor.py:830} INFO - Processing file /home/airflow/.local/lib/python3.8/site-packages/airflow/example_dags/example_sensors.py for tasks to queue
[2026-03-12T02:17:13.698+0000] {logging_mixin.py:188} INFO - [2026-03-12T02:17:13.698+0000] {dagbag.py:538} INFO - Filling up the DagBag from /home/airflow/.local/lib/python3.8/site-packages/airflow/example_dags/example_sensors.py
[2026-03-12T02:17:13.702+0000] {processor.py:840} INFO - DAG(s) 'example_sensors' retrieved from /home/airflow/.local/lib/python3.8/site-packages/airflow/example_dags/example_sensors.py
[2026-03-12T02:17:13.718+0000] {logging_mixin.py:188} INFO - [2026-03-12T02:17:13.718+0000] {dag.py:3036} INFO - Sync 1 DAGs
[2026-03-12T02:17:13.723+0000] {logging_mixin.py:188} INFO - [2026-03-12T02:17:13.723+0000] {dag.py:3823} INFO - Setting next_dagrun for example_sensors to None, run_after=None
[2026-03-12T02:17:13.736+0000] {processor.py:183} INFO - Processing /home/airflow/.local/lib/python3.8/site-packages/airflow/example_dags/example_sensors.py took 0.040 seconds
[2026-03-12T02:17:44.110+0000] {processor.py:161} INFO - Started process (PID=474) to work on /home/airflow/.local/lib/python3.8/site-packages/airflow/example_dags/example_sensors.py
[2026-03-12T02:17:44.110+0000] {processor.py:830} INFO - Processing file /home/airflow/.local/lib/python3.8/site-packages/airflow/example_dags/example_sensors.py for tasks to queue
[2026-03-12T02:17:44.111+0000] {logging_mixin.py:188} INFO - [2026-03-12T02:17:44.111+0000] {dagbag.py:538} INFO - Filling up the DagBag from /home/airflow/.local/lib/python3.8/site-packages/airflow/example_dags/example_sensors.py
[2026-03-12T02:17:44.115+0000] {processor.py:840} INFO - DAG(s) 'example_sensors' retrieved from /home/airflow/.local/lib/python3.8/site-packages/airflow/example_dags/example_sensors.py
[2026-03-12T02:17:44.126+0000] {logging_mixin.py:188} INFO - [2026-03-12T02:17:44.126+0000] {dag.py:3036} INFO - Sync 1 DAGs
[2026-03-12T02:17:44.131+0000] {logging_mixin.py:188} INFO - [2026-03-12T02:17:44.131+0000] {dag.py:3823} INFO - Setting next_dagrun for example_sensors to None, run_after=None
[2026-03-12T02:17:44.143+0000] {processor.py:183} INFO - Processing /home/airflow/.local/lib/python3.8/site-packages/airflow/example_dags/example_sensors.py took 0.035 seconds
[2026-03-12T02:18:14.855+0000] {processor.py:161} INFO - Started process (PID=548) to work on /home/airflow/.local/lib/python3.8/site-packages/airflow/example_dags/example_sensors.py
[2026-03-12T02:18:14.856+0000] {processor.py:830} INFO - Processing file /home/airflow/.local/lib/python3.8/site-packages/airflow/example_dags/example_sensors.py for tasks to queue
[2026-03-12T02:18:14.857+0000] {logging_mixin.py:188} INFO - [2026-03-12T02:18:14.856+0000] {dagbag.py:538} INFO - Filling up the DagBag from /home/airflow/.local/lib/python3.8/site-packages/airflow/example_dags/example_sensors.py
[2026-03-12T02:18:14.861+0000] {processor.py:840} INFO - DAG(s) 'example_sensors' retrieved from /home/airflow/.local/lib/python3.8/site-packages/airflow/example_dags/example_sensors.py
[2026-03-12T02:18:14.881+0000] {logging_mixin.py:188} INFO - [2026-03-12T02:18:14.881+0000] {dag.py:3036} INFO - Sync 1 DAGs
[2026-03-12T02:18:14.885+0000] {logging_mixin.py:188} INFO - [2026-03-12T02:18:14.885+0000] {dag.py:3823} INFO - Setting next_dagrun for example_sensors to None, run_after=None
[2026-03-12T02:18:14.894+0000] {processor.py:183} INFO - Processing /home/airflow/.local/lib/python3.8/site-packages/airflow/example_dags/example_sensors.py took 0.041 seconds
[2026-03-12T02:18:45.800+0000] {processor.py:161} INFO - Started process (PID=624) to work on /home/airflow/.local/lib/python3.8/site-packages/airflow/example_dags/example_sensors.py
[2026-03-12T02:18:45.801+0000] {processor.py:830} INFO - Processing file /home/airflow/.local/lib/python3.8/site-packages/airflow/example_dags/example_sensors.py for tasks to queue
[2026-03-12T02:18:45.802+0000] {logging_mixin.py:188} INFO - [2026-03-12T02:18:45.802+0000] {dagbag.py:538} INFO - Filling up the DagBag from /home/airflow/.local/lib/python3.8/site-packages/airflow/example_dags/example_sensors.py
[2026-03-12T02:18:45.807+0000] {processor.py:840} INFO - DAG(s) 'example_sensors' retrieved from /home/airflow/.local/lib/python3.8/site-packages/airflow/example_dags/example_sensors.py
[2026-03-12T02:18:45.825+0000] {logging_mixin.py:188} INFO - [2026-03-12T02:18:45.825+0000] {dag.py:3036} INFO - Sync 1 DAGs
[2026-03-12T02:18:45.831+0000] {logging_mixin.py:188} INFO - [2026-03-12T02:18:45.830+0000] {dag.py:3823} INFO - Setting next_dagrun for example_sensors to None, run_after=None
[2026-03-12T02:18:45.839+0000] {processor.py:183} INFO - Processing /home/airflow/.local/lib/python3.8/site-packages/airflow/example_dags/example_sensors.py took 0.040 seconds
[2026-03-12T02:19:16.748+0000] {processor.py:161} INFO - Started process (PID=700) to work on /home/airflow/.local/lib/python3.8/site-packages/airflow/example_dags/example_sensors.py
[2026-03-12T02:19:16.748+0000] {processor.py:830} INFO - Processing file /home/airflow/.local/lib/python3.8/site-packages/airflow/example_dags/example_sensors.py for tasks to queue
[2026-03-12T02:19:16.750+0000] {logging_mixin.py:188} INFO - [2026-03-12T02:19:16.749+0000] {dagbag.py:538} INFO - Filling up the DagBag from /home/airflow/.local/lib/python3.8/site-packages/airflow/example_dags/example_sensors.py
[2026-03-12T02:19:16.755+0000] {processor.py:840} INFO - DAG(s) 'example_sensors' retrieved from /home/airflow/.local/lib/python3.8/site-packages/airflow/example_dags/example_sensors.py
[2026-03-12T02:19:16.766+0000] {logging_mixin.py:188} INFO - [2026-03-12T02:19:16.766+0000] {dag.py:3036} INFO - Sync 1 DAGs
[2026-03-12T02:19:16.774+0000] {logging_mixin.py:188} INFO - [2026-03-12T02:19:16.774+0000] {dag.py:3823} INFO - Setting next_dagrun for example_sensors to None, run_after=None
[2026-03-12T02:19:16.782+0000] {processor.py:183} INFO - Processing /home/airflow/.local/lib/python3.8/site-packages/airflow/example_dags/example_sensors.py took 0.036 seconds
[2026-03-12T02:19:48.096+0000] {processor.py:161} INFO - Started process (PID=778) to work on /home/airflow/.local/lib/python3.8/site-packages/airflow/example_dags/example_sensors.py
[2026-03-12T02:19:48.096+0000] {processor.py:830} INFO - Processing file /home/airflow/.local/lib/python3.8/site-packages/airflow/example_dags/example_sensors.py for tasks to queue
[2026-03-12T02:19:48.097+0000] {logging_mixin.py:188} INFO - [2026-03-12T02:19:48.097+0000] {dagbag.py:538} INFO - Filling up the DagBag from /home/airflow/.local/lib/python3.8/site-packages/airflow/example_dags/example_sensors.py
[2026-03-12T02:19:48.100+0000] {processor.py:840} INFO - DAG(s) 'example_sensors' retrieved from /home/airflow/.local/lib/python3.8/site-packages/airflow/example_dags/example_sensors.py
[2026-03-12T02:19:48.110+0000] {logging_mixin.py:188} INFO - [2026-03-12T02:19:48.110+0000] {dag.py:3036} INFO - Sync 1 DAGs
[2026-03-12T02:19:48.115+0000] {logging_mixin.py:188} INFO - [2026-03-12T02:19:48.115+0000] {dag.py:3823} INFO - Setting next_dagrun for example_sensors to None, run_after=None
[2026-03-12T02:19:48.127+0000] {processor.py:183} INFO - Processing /home/airflow/.local/lib/python3.8/site-packages/airflow/example_dags/example_sensors.py took 0.033 seconds
[2026-03-12T02:20:19.085+0000] {processor.py:161} INFO - Started process (PID=854) to work on /home/airflow/.local/lib/python3.8/site-packages/airflow/example_dags/example_sensors.py
[2026-03-12T02:20:19.086+0000] {processor.py:830} INFO - Processing file /home/airflow/.local/lib/python3.8/site-packages/airflow/example_dags/example_sensors.py for tasks to queue
[2026-03-12T02:20:19.086+0000] {logging_mixin.py:188} INFO - [2026-03-12T02:20:19.086+0000] {dagbag.py:538} INFO - Filling up the DagBag from /home/airflow/.local/lib/python3.8/site-packages/airflow/example_dags/example_sensors.py
[2026-03-12T02:20:19.091+0000] {processor.py:840} INFO - DAG(s) 'example_sensors' retrieved from /home/airflow/.local/lib/python3.8/site-packages/airflow/example_dags/example_sensors.py
[2026-03-12T02:20:19.102+0000] {logging_mixin.py:188} INFO - [2026-03-12T02:20:19.102+0000] {dag.py:3036} INFO - Sync 1 DAGs
[2026-03-12T02:20:19.107+0000] {logging_mixin.py:188} INFO - [2026-03-12T02:20:19.106+0000] {dag.py:3823} INFO - Setting next_dagrun for example_sensors to None, run_after=None
[2026-03-12T02:20:19.113+0000] {processor.py:183} INFO - Processing /home/airflow/.local/lib/python3.8/site-packages/airflow/example_dags/example_sensors.py took 0.029 seconds
[2026-03-12T02:20:51.751+0000] {processor.py:161} INFO - Started process (PID=930) to work on /home/airflow/.local/lib/python3.8/site-packages/airflow/example_dags/example_sensors.py
[2026-03-12T02:20:51.752+0000] {processor.py:830} INFO - Processing file /home/airflow/.local/lib/python3.8/site-packages/airflow/example_dags/example_sensors.py for tasks to queue
[2026-03-12T02:20:51.754+0000] {logging_mixin.py:188} INFO - [2026-03-12T02:20:51.753+0000] {dagbag.py:538} INFO - Filling up the DagBag from /home/airflow/.local/lib/python3.8/site-packages/airflow/example_dags/example_sensors.py
[2026-03-12T02:20:51.761+0000] {processor.py:840} INFO - DAG(s) 'example_sensors' retrieved from /home/airflow/.local/lib/python3.8/site-packages/airflow/example_dags/example_sensors.py
[2026-03-12T02:20:51.786+0000] {logging_mixin.py:188} INFO - [2026-03-12T02:20:51.785+0000] {dag.py:3036} INFO - Sync 1 DAGs
[2026-03-12T02:20:51.793+0000] {logging_mixin.py:188} INFO - [2026-03-12T02:20:51.793+0000] {dag.py:3823} INFO - Setting next_dagrun for example_sensors to None, run_after=None
[2026-03-12T02:20:51.808+0000] {processor.py:183} INFO - Processing /home/airflow/.local/lib/python3.8/site-packages/airflow/example_dags/example_sensors.py took 0.061 seconds
[2026-03-12T02:21:22.236+0000] {processor.py:161} INFO - Started process (PID=1006) to work on /home/airflow/.local/lib/python3.8/site-packages/airflow/example_dags/example_sensors.py
[2026-03-12T02:21:22.236+0000] {processor.py:830} INFO - Processing file /home/airflow/.local/lib/python3.8/site-packages/airflow/example_dags/example_sensors.py for tasks to queue
[2026-03-12T02:21:22.237+0000] {logging_mixin.py:188} INFO - [2026-03-12T02:21:22.237+0000] {dagbag.py:538} INFO - Filling up the DagBag from /home/airflow/.local/lib/python3.8/site-packages/airflow/example_dags/example_sensors.py
[2026-03-12T02:21:22.240+0000] {processor.py:840} INFO - DAG(s) 'example_sensors' retrieved from /home/airflow/.local/lib/python3.8/site-packages/airflow/example_dags/example_sensors.py
[2026-03-12T02:21:22.250+0000] {logging_mixin.py:188} INFO - [2026-03-12T02:21:22.250+0000] {dag.py:3036} INFO - Sync 1 DAGs
[2026-03-12T02:21:22.254+0000] {logging_mixin.py:188} INFO - [2026-03-12T02:21:22.254+0000] {dag.py:3823} INFO - Setting next_dagrun for example_sensors to None, run_after=None
[2026-03-12T02:21:22.261+0000] {processor.py:183} INFO - Processing /home/airflow/.local/lib/python3.8/site-packages/airflow/example_dags/example_sensors.py took 0.026 seconds
[2026-03-12T02:21:52.750+0000] {processor.py:161} INFO - Started process (PID=1082) to work on /home/airflow/.local/lib/python3.8/site-packages/airflow/example_dags/example_sensors.py
[2026-03-12T02:21:52.751+0000] {processor.py:830} INFO - Processing file /home/airflow/.local/lib/python3.8/site-packages/airflow/example_dags/example_sensors.py for tasks to queue
[2026-03-12T02:21:52.752+0000] {logging_mixin.py:188} INFO - [2026-03-12T02:21:52.752+0000] {dagbag.py:538} INFO - Filling up the DagBag from /home/airflow/.local/lib/python3.8/site-packages/airflow/example_dags/example_sensors.py
[2026-03-12T02:21:52.755+0000] {processor.py:840} INFO - DAG(s) 'example_sensors' retrieved from /home/airflow/.local/lib/python3.8/site-packages/airflow/example_dags/example_sensors.py
[2026-03-12T02:21:52.768+0000] {logging_mixin.py:188} INFO - [2026-03-12T02:21:52.768+0000] {dag.py:3036} INFO - Sync 1 DAGs
[2026-03-12T02:21:52.774+0000] {logging_mixin.py:188} INFO - [2026-03-12T02:21:52.774+0000] {dag.py:3823} INFO - Setting next_dagrun for example_sensors to None, run_after=None
[2026-03-12T02:21:52.784+0000] {processor.py:183} INFO - Processing /home/airflow/.local/lib/python3.8/site-packages/airflow/example_dags/example_sensors.py took 0.035 seconds
[2026-03-12T02:22:23.063+0000] {processor.py:161} INFO - Started process (PID=1158) to work on /home/airflow/.local/lib/python3.8/site-packages/airflow/example_dags/example_sensors.py
[2026-03-12T02:22:23.064+0000] {processor.py:830} INFO - Processing file /home/airflow/.local/lib/python3.8/site-packages/airflow/example_dags/example_sensors.py for tasks to queue
[2026-03-12T02:22:23.066+0000] {logging_mixin.py:188} INFO - [2026-03-12T02:22:23.066+0000] {dagbag.py:538} INFO - Filling up the DagBag from /home/airflow/.local/lib/python3.8/site-packages/airflow/example_dags/example_sensors.py
[2026-03-12T02:22:23.069+0000] {processor.py:840} INFO - DAG(s) 'example_sensors' retrieved from /home/airflow/.local/lib/python3.8/site-packages/airflow/example_dags/example_sensors.py
[2026-03-12T02:22:23.080+0000] {logging_mixin.py:188} INFO - [2026-03-12T02:22:23.079+0000] {dag.py:3036} INFO - Sync 1 DAGs
[2026-03-12T02:22:23.085+0000] {logging_mixin.py:188} INFO - [2026-03-12T02:22:23.085+0000] {dag.py:3823} INFO - Setting next_dagrun for example_sensors to None, run_after=None
[2026-03-12T02:22:23.095+0000] {processor.py:183} INFO - Processing /home/airflow/.local/lib/python3.8/site-packages/airflow/example_dags/example_sensors.py took 0.034 seconds
[2026-03-12T02:22:54.284+0000] {processor.py:161} INFO - Started process (PID=1234) to work on /home/airflow/.local/lib/python3.8/site-packages/airflow/example_dags/example_sensors.py
[2026-03-12T02:22:54.285+0000] {processor.py:830} INFO - Processing file /home/airflow/.local/lib/python3.8/site-packages/airflow/example_dags/example_sensors.py for tasks to queue
[2026-03-12T02:22:54.286+0000] {logging_mixin.py:188} INFO - [2026-03-12T02:22:54.286+0000] {dagbag.py:538} INFO - Filling up the DagBag from /home/airflow/.local/lib/python3.8/site-packages/airflow/example_dags/example_sensors.py
[2026-03-12T02:22:54.291+0000] {processor.py:840} INFO - DAG(s) 'example_sensors' retrieved from /home/airflow/.local/lib/python3.8/site-packages/airflow/example_dags/example_sensors.py
[2026-03-12T02:22:54.304+0000] {logging_mixin.py:188} INFO - [2026-03-12T02:22:54.304+0000] {dag.py:3036} INFO - Sync 1 DAGs
[2026-03-12T02:22:54.309+0000] {logging_mixin.py:188} INFO - [2026-03-12T02:22:54.309+0000] {dag.py:3823} INFO - Setting next_dagrun for example_sensors to None, run_after=None
[2026-03-12T02:22:54.318+0000] {processor.py:183} INFO - Processing /home/airflow/.local/lib/python3.8/site-packages/airflow/example_dags/example_sensors.py took 0.036 seconds
[2026-03-12T02:23:25.440+0000] {processor.py:161} INFO - Started process (PID=1310) to work on /home/airflow/.local/lib/python3.8/site-packages/airflow/example_dags/example_sensors.py
[2026-03-12T02:23:25.440+0000] {processor.py:830} INFO - Processing file /home/airflow/.local/lib/python3.8/site-packages/airflow/example_dags/example_sensors.py for tasks to queue
[2026-03-12T02:23:25.442+0000] {logging_mixin.py:188} INFO - [2026-03-12T02:23:25.442+0000] {dagbag.py:538} INFO - Filling up the DagBag from /home/airflow/.local/lib/python3.8/site-packages/airflow/example_dags/example_sensors.py
[2026-03-12T02:23:25.446+0000] {processor.py:840} INFO - DAG(s) 'example_sensors' retrieved from /home/airflow/.local/lib/python3.8/site-packages/airflow/example_dags/example_sensors.py
[2026-03-12T02:23:25.460+0000] {logging_mixin.py:188} INFO - [2026-03-12T02:23:25.460+0000] {dag.py:3036} INFO - Sync 1 DAGs
[2026-03-12T02:23:25.466+0000] {logging_mixin.py:188} INFO - [2026-03-12T02:23:25.466+0000] {dag.py:3823} INFO - Setting next_dagrun for example_sensors to None, run_after=None
[2026-03-12T02:23:25.477+0000] {processor.py:183} INFO - Processing /home/airflow/.local/lib/python3.8/site-packages/airflow/example_dags/example_sensors.py took 0.039 seconds
[2026-03-12T02:23:56.642+0000] {processor.py:161} INFO - Started process (PID=1386) to work on /home/airflow/.local/lib/python3.8/site-packages/airflow/example_dags/example_sensors.py
[2026-03-12T02:23:56.642+0000] {processor.py:830} INFO - Processing file /home/airflow/.local/lib/python3.8/site-packages/airflow/example_dags/example_sensors.py for tasks to queue
[2026-03-12T02:23:56.643+0000] {logging_mixin.py:188} INFO - [2026-03-12T02:23:56.643+0000] {dagbag.py:538} INFO - Filling up the DagBag from /home/airflow/.local/lib/python3.8/site-packages/airflow/example_dags/example_sensors.py
[2026-03-12T02:23:56.646+0000] {processor.py:840} INFO - DAG(s) 'example_sensors' retrieved from /home/airflow/.local/lib/python3.8/site-packages/airflow/example_dags/example_sensors.py
[2026-03-12T02:23:56.657+0000] {logging_mixin.py:188} INFO - [2026-03-12T02:23:56.657+0000] {dag.py:3036} INFO - Sync 1 DAGs
[2026-03-12T02:23:56.663+0000] {logging_mixin.py:188} INFO - [2026-03-12T02:23:56.663+0000] {dag.py:3823} INFO - Setting next_dagrun for example_sensors to None, run_after=None
[2026-03-12T02:23:56.676+0000] {processor.py:183} INFO - Processing /home/airflow/.local/lib/python3.8/site-packages/airflow/example_dags/example_sensors.py took 0.036 seconds
[2026-03-12T02:24:27.064+0000] {processor.py:161} INFO - Started process (PID=1462) to work on /home/airflow/.local/lib/python3.8/site-packages/airflow/example_dags/example_sensors.py
[2026-03-12T02:24:27.064+0000] {processor.py:830} INFO - Processing file /home/airflow/.local/lib/python3.8/site-packages/airflow/example_dags/example_sensors.py for tasks to queue
[2026-03-12T02:24:27.066+0000] {logging_mixin.py:188} INFO - [2026-03-12T02:24:27.066+0000] {dagbag.py:538} INFO - Filling up the DagBag from /home/airflow/.local/lib/python3.8/site-packages/airflow/example_dags/example_sensors.py
[2026-03-12T02:24:27.069+0000] {processor.py:840} INFO - DAG(s) 'example_sensors' retrieved from /home/airflow/.local/lib/python3.8/site-packages/airflow/example_dags/example_sensors.py
[2026-03-12T02:24:27.082+0000] {logging_mixin.py:188} INFO - [2026-03-12T02:24:27.082+0000] {dag.py:3036} INFO - Sync 1 DAGs
[2026-03-12T02:24:27.088+0000] {logging_mixin.py:188} INFO - [2026-03-12T02:24:27.088+0000] {dag.py:3823} INFO - Setting next_dagrun for example_sensors to None, run_after=None
[2026-03-12T02:24:27.096+0000] {processor.py:183} INFO - Processing /home/airflow/.local/lib/python3.8/site-packages/airflow/example_dags/example_sensors.py took 0.034 seconds
[2026-03-12T02:24:57.773+0000] {processor.py:161} INFO - Started process (PID=1538) to work on /home/airflow/.local/lib/python3.8/site-packages/airflow/example_dags/example_sensors.py
[2026-03-12T02:24:57.774+0000] {processor.py:830} INFO - Processing file /home/airflow/.local/lib/python3.8/site-packages/airflow/example_dags/example_sensors.py for tasks to queue
[2026-03-12T02:24:57.775+0000] {logging_mixin.py:188} INFO - [2026-03-12T02:24:57.775+0000] {dagbag.py:538} INFO - Filling up the DagBag from /home/airflow/.local/lib/python3.8/site-packages/airflow/example_dags/example_sensors.py
[2026-03-12T02:24:57.779+0000] {processor.py:840} INFO - DAG(s) 'example_sensors' retrieved from /home/airflow/.local/lib/python3.8/site-packages/airflow/example_dags/example_sensors.py
[2026-03-12T02:24:57.789+0000] {logging_mixin.py:188} INFO - [2026-03-12T02:24:57.789+0000] {dag.py:3036} INFO - Sync 1 DAGs
[2026-03-12T02:24:57.793+0000] {logging_mixin.py:188} INFO - [2026-03-12T02:24:57.793+0000] {dag.py:3823} INFO - Setting next_dagrun for example_sensors to None, run_after=None
[2026-03-12T02:24:57.803+0000] {processor.py:183} INFO - Processing /home/airflow/.local/lib/python3.8/site-packages/airflow/example_dags/example_sensors.py took 0.032 seconds
[2026-03-12T02:25:28.570+0000] {processor.py:161} INFO - Started process (PID=1614) to work on /home/airflow/.local/lib/python3.8/site-packages/airflow/example_dags/example_sensors.py
[2026-03-12T02:25:28.571+0000] {processor.py:830} INFO - Processing file /home/airflow/.local/lib/python3.8/site-packages/airflow/example_dags/example_sensors.py for tasks to queue
[2026-03-12T02:25:28.574+0000] {logging_mixin.py:188} INFO - [2026-03-12T02:25:28.574+0000] {dagbag.py:538} INFO - Filling up the DagBag from /home/airflow/.local/lib/python3.8/site-packages/airflow/example_dags/example_sensors.py
[2026-03-12T02:25:28.578+0000] {processor.py:840} INFO - DAG(s) 'example_sensors' retrieved from /home/airflow/.local/lib/python3.8/site-packages/airflow/example_dags/example_sensors.py
[2026-03-12T02:25:28.589+0000] {logging_mixin.py:188} INFO - [2026-03-12T02:25:28.588+0000] {dag.py:3036} INFO - Sync 1 DAGs
[2026-03-12T02:25:28.594+0000] {logging_mixin.py:188} INFO - [2026-03-12T02:25:28.594+0000] {dag.py:3823} INFO - Setting next_dagrun for example_sensors to None, run_after=None
[2026-03-12T02:25:28.603+0000] {processor.py:183} INFO - Processing /home/airflow/.local/lib/python3.8/site-packages/airflow/example_dags/example_sensors.py took 0.034 seconds
[2026-03-12T02:25:59.331+0000] {processor.py:161} INFO - Started process (PID=1690) to work on /home/airflow/.local/lib/python3.8/site-packages/airflow/example_dags/example_sensors.py
[2026-03-12T02:25:59.332+0000] {processor.py:830} INFO - Processing file /home/airflow/.local/lib/python3.8/site-packages/airflow/example_dags/example_sensors.py for tasks to queue
[2026-03-12T02:25:59.334+0000] {logging_mixin.py:188} INFO - [2026-03-12T02:25:59.334+0000] {dagbag.py:538} INFO - Filling up the DagBag from /home/airflow/.local/lib/python3.8/site-packages/airflow/example_dags/example_sensors.py
[2026-03-12T02:25:59.337+0000] {processor.py:840} INFO - DAG(s) 'example_sensors' retrieved from /home/airflow/.local/lib/python3.8/site-packages/airflow/example_dags/example_sensors.py
[2026-03-12T02:25:59.346+0000] {logging_mixin.py:188} INFO - [2026-03-12T02:25:59.346+0000] {dag.py:3036} INFO - Sync 1 DAGs
[2026-03-12T02:25:59.350+0000] {logging_mixin.py:188} INFO - [2026-03-12T02:25:59.350+0000] {dag.py:3823} INFO - Setting next_dagrun for example_sensors to None, run_after=None
[2026-03-12T02:25:59.357+0000] {processor.py:183} INFO - Processing /home/airflow/.local/lib/python3.8/site-packages/airflow/example_dags/example_sensors.py took 0.028 seconds
[2026-03-12T02:26:30.157+0000] {processor.py:161} INFO - Started process (PID=1766) to work on /home/airflow/.local/lib/python3.8/site-packages/airflow/example_dags/example_sensors.py
[2026-03-12T02:26:30.158+0000] {processor.py:830} INFO - Processing file /home/airflow/.local/lib/python3.8/site-packages/airflow/example_dags/example_sensors.py for tasks to queue
[2026-03-12T02:26:30.160+0000] {logging_mixin.py:188} INFO - [2026-03-12T02:26:30.159+0000] {dagbag.py:538} INFO - Filling up the DagBag from /home/airflow/.local/lib/python3.8/site-packages/airflow/example_dags/example_sensors.py
[2026-03-12T02:26:30.163+0000] {processor.py:840} INFO - DAG(s) 'example_sensors' retrieved from /home/airflow/.local/lib/python3.8/site-packages/airflow/example_dags/example_sensors.py
[2026-03-12T02:26:30.176+0000] {logging_mixin.py:188} INFO - [2026-03-12T02:26:30.175+0000] {dag.py:3036} INFO - Sync 1 DAGs
[2026-03-12T02:26:30.181+0000] {logging_mixin.py:188} INFO - [2026-03-12T02:26:30.181+0000] {dag.py:3823} INFO - Setting next_dagrun for example_sensors to None, run_after=None
[2026-03-12T02:26:30.191+0000] {processor.py:183} INFO - Processing /home/airflow/.local/lib/python3.8/site-packages/airflow/example_dags/example_sensors.py took 0.035 seconds
[2026-03-12T02:27:00.888+0000] {processor.py:161} INFO - Started process (PID=1842) to work on /home/airflow/.local/lib/python3.8/site-packages/airflow/example_dags/example_sensors.py
[2026-03-12T02:27:00.888+0000] {processor.py:830} INFO - Processing file /home/airflow/.local/lib/python3.8/site-packages/airflow/example_dags/example_sensors.py for tasks to queue
[2026-03-12T02:27:00.889+0000] {logging_mixin.py:188} INFO - [2026-03-12T02:27:00.889+0000] {dagbag.py:538} INFO - Filling up the DagBag from /home/airflow/.local/lib/python3.8/site-packages/airflow/example_dags/example_sensors.py
[2026-03-12T02:27:00.892+0000] {processor.py:840} INFO - DAG(s) 'example_sensors' retrieved from /home/airflow/.local/lib/python3.8/site-packages/airflow/example_dags/example_sensors.py
[2026-03-12T02:27:00.904+0000] {logging_mixin.py:188} INFO - [2026-03-12T02:27:00.904+0000] {dag.py:3036} INFO - Sync 1 DAGs
[2026-03-12T02:27:00.908+0000] {logging_mixin.py:188} INFO - [2026-03-12T02:27:00.908+0000] {dag.py:3823} INFO - Setting next_dagrun for example_sensors to None, run_after=None
[2026-03-12T02:27:00.919+0000] {processor.py:183} INFO - Processing /home/airflow/.local/lib/python3.8/site-packages/airflow/example_dags/example_sensors.py took 0.033 seconds
[2026-03-12T02:27:31.714+0000] {processor.py:161} INFO - Started process (PID=1918) to work on /home/airflow/.local/lib/python3.8/site-packages/airflow/example_dags/example_sensors.py
[2026-03-12T02:27:31.714+0000] {processor.py:830} INFO - Processing file /home/airflow/.local/lib/python3.8/site-packages/airflow/example_dags/example_sensors.py for tasks to queue
[2026-03-12T02:27:31.715+0000] {logging_mixin.py:188} INFO - [2026-03-12T02:27:31.715+0000] {dagbag.py:538} INFO - Filling up the DagBag from /home/airflow/.local/lib/python3.8/site-packages/airflow/example_dags/example_sensors.py
[2026-03-12T02:27:31.719+0000] {processor.py:840} INFO - DAG(s) 'example_sensors' retrieved from /home/airflow/.local/lib/python3.8/site-packages/airflow/example_dags/example_sensors.py
[2026-03-12T02:27:31.734+0000] {logging_mixin.py:188} INFO - [2026-03-12T02:27:31.734+0000] {dag.py:3036} INFO - Sync 1 DAGs
[2026-03-12T02:27:31.740+0000] {logging_mixin.py:188} INFO - [2026-03-12T02:27:31.740+0000] {dag.py:3823} INFO - Setting next_dagrun for example_sensors to None, run_after=None
[2026-03-12T02:27:31.750+0000] {processor.py:183} INFO - Processing /home/airflow/.local/lib/python3.8/site-packages/airflow/example_dags/example_sensors.py took 0.038 seconds
[2026-03-12T02:28:02.461+0000] {processor.py:161} INFO - Started process (PID=1994) to work on /home/airflow/.local/lib/python3.8/site-packages/airflow/example_dags/example_sensors.py
[2026-03-12T02:28:02.462+0000] {processor.py:830} INFO - Processing file /home/airflow/.local/lib/python3.8/site-packages/airflow/example_dags/example_sensors.py for tasks to queue
[2026-03-12T02:28:02.462+0000] {logging_mixin.py:188} INFO - [2026-03-12T02:28:02.462+0000] {dagbag.py:538} INFO - Filling up the DagBag from /home/airflow/.local/lib/python3.8/site-packages/airflow/example_dags/example_sensors.py
[2026-03-12T02:28:02.466+0000] {processor.py:840} INFO - DAG(s) 'example_sensors' retrieved from /home/airflow/.local/lib/python3.8/site-packages/airflow/example_dags/example_sensors.py
[2026-03-12T02:28:02.480+0000] {logging_mixin.py:188} INFO - [2026-03-12T02:28:02.480+0000] {dag.py:3036} INFO - Sync 1 DAGs
[2026-03-12T02:28:02.485+0000] {logging_mixin.py:188} INFO - [2026-03-12T02:28:02.485+0000] {dag.py:3823} INFO - Setting next_dagrun for example_sensors to None, run_after=None
[2026-03-12T02:28:02.494+0000] {processor.py:183} INFO - Processing /home/airflow/.local/lib/python3.8/site-packages/airflow/example_dags/example_sensors.py took 0.034 seconds
[2026-03-12T02:28:33.170+0000] {processor.py:161} INFO - Started process (PID=2070) to work on /home/airflow/.local/lib/python3.8/site-packages/airflow/example_dags/example_sensors.py
[2026-03-12T02:28:33.171+0000] {processor.py:830} INFO - Processing file /home/airflow/.local/lib/python3.8/site-packages/airflow/example_dags/example_sensors.py for tasks to queue
[2026-03-12T02:28:33.172+0000] {logging_mixin.py:188} INFO - [2026-03-12T02:28:33.172+0000] {dagbag.py:538} INFO - Filling up the DagBag from /home/airflow/.local/lib/python3.8/site-packages/airflow/example_dags/example_sensors.py
[2026-03-12T02:28:33.175+0000] {processor.py:840} INFO - DAG(s) 'example_sensors' retrieved from /home/airflow/.local/lib/python3.8/site-packages/airflow/example_dags/example_sensors.py
[2026-03-12T02:28:33.189+0000] {logging_mixin.py:188} INFO - [2026-03-12T02:28:33.189+0000] {dag.py:3036} INFO - Sync 1 DAGs
[2026-03-12T02:28:33.193+0000] {logging_mixin.py:188} INFO - [2026-03-12T02:28:33.193+0000] {dag.py:3823} INFO - Setting next_dagrun for example_sensors to None, run_after=None
[2026-03-12T02:28:33.204+0000] {processor.py:183} INFO - Processing /home/airflow/.local/lib/python3.8/site-packages/airflow/example_dags/example_sensors.py took 0.035 seconds
[2026-03-12T02:29:04.158+0000] {processor.py:161} INFO - Started process (PID=2146) to work on /home/airflow/.local/lib/python3.8/site-packages/airflow/example_dags/example_sensors.py
[2026-03-12T02:29:04.159+0000] {processor.py:830} INFO - Processing file /home/airflow/.local/lib/python3.8/site-packages/airflow/example_dags/example_sensors.py for tasks to queue
[2026-03-12T02:29:04.159+0000] {logging_mixin.py:188} INFO - [2026-03-12T02:29:04.159+0000] {dagbag.py:538} INFO - Filling up the DagBag from /home/airflow/.local/lib/python3.8/site-packages/airflow/example_dags/example_sensors.py
[2026-03-12T02:29:04.162+0000] {processor.py:840} INFO - DAG(s) 'example_sensors' retrieved from /home/airflow/.local/lib/python3.8/site-packages/airflow/example_dags/example_sensors.py
[2026-03-12T02:29:04.171+0000] {logging_mixin.py:188} INFO - [2026-03-12T02:29:04.170+0000] {dag.py:3036} INFO - Sync 1 DAGs
[2026-03-12T02:29:04.174+0000] {logging_mixin.py:188} INFO - [2026-03-12T02:29:04.174+0000] {dag.py:3823} INFO - Setting next_dagrun for example_sensors to None, run_after=None
[2026-03-12T02:29:04.180+0000] {processor.py:183} INFO - Processing /home/airflow/.local/lib/python3.8/site-packages/airflow/example_dags/example_sensors.py took 0.023 seconds
[2026-03-12T02:29:35.160+0000] {processor.py:161} INFO - Started process (PID=2222) to work on /home/airflow/.local/lib/python3.8/site-packages/airflow/example_dags/example_sensors.py
[2026-03-12T02:29:35.161+0000] {processor.py:830} INFO - Processing file /home/airflow/.local/lib/python3.8/site-packages/airflow/example_dags/example_sensors.py for tasks to queue
[2026-03-12T02:29:35.162+0000] {logging_mixin.py:188} INFO - [2026-03-12T02:29:35.162+0000] {dagbag.py:538} INFO - Filling up the DagBag from /home/airflow/.local/lib/python3.8/site-packages/airflow/example_dags/example_sensors.py
[2026-03-12T02:29:35.166+0000] {processor.py:840} INFO - DAG(s) 'example_sensors' retrieved from /home/airflow/.local/lib/python3.8/site-packages/airflow/example_dags/example_sensors.py
[2026-03-12T02:29:35.178+0000] {logging_mixin.py:188} INFO - [2026-03-12T02:29:35.178+0000] {dag.py:3036} INFO - Sync 1 DAGs
[2026-03-12T02:29:35.183+0000] {logging_mixin.py:188} INFO - [2026-03-12T02:29:35.183+0000] {dag.py:3823} INFO - Setting next_dagrun for example_sensors to None, run_after=None
[2026-03-12T02:29:35.189+0000] {processor.py:183} INFO - Processing /home/airflow/.local/lib/python3.8/site-packages/airflow/example_dags/example_sensors.py took 0.030 seconds
[2026-03-12T02:30:06.283+0000] {processor.py:161} INFO - Started process (PID=2298) to work on /home/airflow/.local/lib/python3.8/site-packages/airflow/example_dags/example_sensors.py
[2026-03-12T02:30:06.284+0000] {processor.py:830} INFO - Processing file /home/airflow/.local/lib/python3.8/site-packages/airflow/example_dags/example_sensors.py for tasks to queue
[2026-03-12T02:30:06.284+0000] {logging_mixin.py:188} INFO - [2026-03-12T02:30:06.284+0000] {dagbag.py:538} INFO - Filling up the DagBag from /home/airflow/.local/lib/python3.8/site-packages/airflow/example_dags/example_sensors.py
[2026-03-12T02:30:06.287+0000] {processor.py:840} INFO - DAG(s) 'example_sensors' retrieved from /home/airflow/.local/lib/python3.8/site-packages/airflow/example_dags/example_sensors.py
[2026-03-12T02:30:06.295+0000] {logging_mixin.py:188} INFO - [2026-03-12T02:30:06.295+0000] {dag.py:3036} INFO - Sync 1 DAGs
[2026-03-12T02:30:06.299+0000] {logging_mixin.py:188} INFO - [2026-03-12T02:30:06.299+0000] {dag.py:3823} INFO - Setting next_dagrun for example_sensors to None, run_after=None
[2026-03-12T02:30:06.304+0000] {processor.py:183} INFO - Processing /home/airflow/.local/lib/python3.8/site-packages/airflow/example_dags/example_sensors.py took 0.022 seconds
[2026-03-12T02:30:37.192+0000] {processor.py:161} INFO - Started process (PID=2374) to work on /home/airflow/.local/lib/python3.8/site-packages/airflow/example_dags/example_sensors.py
[2026-03-12T02:30:37.192+0000] {processor.py:830} INFO - Processing file /home/airflow/.local/lib/python3.8/site-packages/airflow/example_dags/example_sensors.py for tasks to queue
[2026-03-12T02:30:37.193+0000] {logging_mixin.py:188} INFO - [2026-03-12T02:30:37.193+0000] {dagbag.py:538} INFO - Filling up the DagBag from /home/airflow/.local/lib/python3.8/site-packages/airflow/example_dags/example_sensors.py
[2026-03-12T02:30:37.196+0000] {processor.py:840} INFO - DAG(s) 'example_sensors' retrieved from /home/airflow/.local/lib/python3.8/site-packages/airflow/example_dags/example_sensors.py
[2026-03-12T02:30:37.204+0000] {logging_mixin.py:188} INFO - [2026-03-12T02:30:37.204+0000] {dag.py:3036} INFO - Sync 1 DAGs
[2026-03-12T02:30:37.208+0000] {logging_mixin.py:188} INFO - [2026-03-12T02:30:37.208+0000] {dag.py:3823} INFO - Setting next_dagrun for example_sensors to None, run_after=None
[2026-03-12T02:30:37.213+0000] {processor.py:183} INFO - Processing /home/airflow/.local/lib/python3.8/site-packages/airflow/example_dags/example_sensors.py took 0.022 seconds
[2026-03-12T02:31:08.185+0000] {processor.py:161} INFO - Started process (PID=2450) to work on /home/airflow/.local/lib/python3.8/site-packages/airflow/example_dags/example_sensors.py
[2026-03-12T02:31:08.186+0000] {processor.py:830} INFO - Processing file /home/airflow/.local/lib/python3.8/site-packages/airflow/example_dags/example_sensors.py for tasks to queue
[2026-03-12T02:31:08.187+0000] {logging_mixin.py:188} INFO - [2026-03-12T02:31:08.186+0000] {dagbag.py:538} INFO - Filling up the DagBag from /home/airflow/.local/lib/python3.8/site-packages/airflow/example_dags/example_sensors.py
[2026-03-12T02:31:08.190+0000] {processor.py:840} INFO - DAG(s) 'example_sensors' retrieved from /home/airflow/.local/lib/python3.8/site-packages/airflow/example_dags/example_sensors.py
[2026-03-12T02:31:08.202+0000] {logging_mixin.py:188} INFO - [2026-03-12T02:31:08.202+0000] {dag.py:3036} INFO - Sync 1 DAGs
[2026-03-12T02:31:08.206+0000] {logging_mixin.py:188} INFO - [2026-03-12T02:31:08.206+0000] {dag.py:3823} INFO - Setting next_dagrun for example_sensors to None, run_after=None
[2026-03-12T02:31:08.215+0000] {processor.py:183} INFO - Processing /home/airflow/.local/lib/python3.8/site-packages/airflow/example_dags/example_sensors.py took 0.031 seconds
[2026-03-12T02:31:39.149+0000] {processor.py:161} INFO - Started process (PID=2526) to work on /home/airflow/.local/lib/python3.8/site-packages/airflow/example_dags/example_sensors.py
[2026-03-12T02:31:39.150+0000] {processor.py:830} INFO - Processing file /home/airflow/.local/lib/python3.8/site-packages/airflow/example_dags/example_sensors.py for tasks to queue
[2026-03-12T02:31:39.150+0000] {logging_mixin.py:188} INFO - [2026-03-12T02:31:39.150+0000] {dagbag.py:538} INFO - Filling up the DagBag from /home/airflow/.local/lib/python3.8/site-packages/airflow/example_dags/example_sensors.py
[2026-03-12T02:31:39.154+0000] {processor.py:840} INFO - DAG(s) 'example_sensors' retrieved from /home/airflow/.local/lib/python3.8/site-packages/airflow/example_dags/example_sensors.py
[2026-03-12T02:31:39.168+0000] {logging_mixin.py:188} INFO - [2026-03-12T02:31:39.168+0000] {dag.py:3036} INFO - Sync 1 DAGs
[2026-03-12T02:31:39.174+0000] {logging_mixin.py:188} INFO - [2026-03-12T02:31:39.174+0000] {dag.py:3823} INFO - Setting next_dagrun for example_sensors to None, run_after=None
[2026-03-12T02:31:39.183+0000] {processor.py:183} INFO - Processing /home/airflow/.local/lib/python3.8/site-packages/airflow/example_dags/example_sensors.py took 0.036 seconds
[2026-03-12T02:32:10.227+0000] {processor.py:161} INFO - Started process (PID=2608) to work on /home/airflow/.local/lib/python3.8/site-packages/airflow/example_dags/example_sensors.py
[2026-03-12T02:32:10.227+0000] {processor.py:830} INFO - Processing file /home/airflow/.local/lib/python3.8/site-packages/airflow/example_dags/example_sensors.py for tasks to queue
[2026-03-12T02:32:10.228+0000] {logging_mixin.py:188} INFO - [2026-03-12T02:32:10.228+0000] {dagbag.py:538} INFO - Filling up the DagBag from /home/airflow/.local/lib/python3.8/site-packages/airflow/example_dags/example_sensors.py
[2026-03-12T02:32:10.231+0000] {processor.py:840} INFO - DAG(s) 'example_sensors' retrieved from /home/airflow/.local/lib/python3.8/site-packages/airflow/example_dags/example_sensors.py
[2026-03-12T02:32:10.245+0000] {logging_mixin.py:188} INFO - [2026-03-12T02:32:10.245+0000] {dag.py:3036} INFO - Sync 1 DAGs
[2026-03-12T02:32:10.249+0000] {logging_mixin.py:188} INFO - [2026-03-12T02:32:10.249+0000] {dag.py:3823} INFO - Setting next_dagrun for example_sensors to None, run_after=None
[2026-03-12T02:32:10.257+0000] {processor.py:183} INFO - Processing /home/airflow/.local/lib/python3.8/site-packages/airflow/example_dags/example_sensors.py took 0.032 seconds
[2026-03-12T02:32:41.861+0000] {processor.py:161} INFO - Started process (PID=2684) to work on /home/airflow/.local/lib/python3.8/site-packages/airflow/example_dags/example_sensors.py
[2026-03-12T02:32:41.862+0000] {processor.py:830} INFO - Processing file /home/airflow/.local/lib/python3.8/site-packages/airflow/example_dags/example_sensors.py for tasks to queue
[2026-03-12T02:32:41.864+0000] {logging_mixin.py:188} INFO - [2026-03-12T02:32:41.864+0000] {dagbag.py:538} INFO - Filling up the DagBag from /home/airflow/.local/lib/python3.8/site-packages/airflow/example_dags/example_sensors.py
[2026-03-12T02:32:41.869+0000] {processor.py:840} INFO - DAG(s) 'example_sensors' retrieved from /home/airflow/.local/lib/python3.8/site-packages/airflow/example_dags/example_sensors.py
[2026-03-12T02:32:41.880+0000] {logging_mixin.py:188} INFO - [2026-03-12T02:32:41.879+0000] {dag.py:3036} INFO - Sync 1 DAGs
[2026-03-12T02:32:41.885+0000] {logging_mixin.py:188} INFO - [2026-03-12T02:32:41.885+0000] {dag.py:3823} INFO - Setting next_dagrun for example_sensors to None, run_after=None
[2026-03-12T02:32:41.895+0000] {processor.py:183} INFO - Processing /home/airflow/.local/lib/python3.8/site-packages/airflow/example_dags/example_sensors.py took 0.036 seconds
[2026-03-12T02:33:12.732+0000] {processor.py:161} INFO - Started process (PID=2760) to work on /home/airflow/.local/lib/python3.8/site-packages/airflow/example_dags/example_sensors.py
[2026-03-12T02:33:12.733+0000] {processor.py:830} INFO - Processing file /home/airflow/.local/lib/python3.8/site-packages/airflow/example_dags/example_sensors.py for tasks to queue
[2026-03-12T02:33:12.734+0000] {logging_mixin.py:188} INFO - [2026-03-12T02:33:12.734+0000] {dagbag.py:538} INFO - Filling up the DagBag from /home/airflow/.local/lib/python3.8/site-packages/airflow/example_dags/example_sensors.py
[2026-03-12T02:33:12.754+0000] {processor.py:840} INFO - DAG(s) 'example_sensors' retrieved from /home/airflow/.local/lib/python3.8/site-packages/airflow/example_dags/example_sensors.py
[2026-03-12T02:33:12.783+0000] {logging_mixin.py:188} INFO - [2026-03-12T02:33:12.783+0000] {dag.py:3036} INFO - Sync 1 DAGs
[2026-03-12T02:33:12.791+0000] {logging_mixin.py:188} INFO - [2026-03-12T02:33:12.791+0000] {dag.py:3823} INFO - Setting next_dagrun for example_sensors to None, run_after=None
[2026-03-12T02:33:12.804+0000] {processor.py:183} INFO - Processing /home/airflow/.local/lib/python3.8/site-packages/airflow/example_dags/example_sensors.py took 0.079 seconds
[2026-03-12T02:33:43.611+0000] {processor.py:161} INFO - Started process (PID=2836) to work on /home/airflow/.local/lib/python3.8/site-packages/airflow/example_dags/example_sensors.py
[2026-03-12T02:33:43.612+0000] {processor.py:830} INFO - Processing file /home/airflow/.local/lib/python3.8/site-packages/airflow/example_dags/example_sensors.py for tasks to queue
[2026-03-12T02:33:43.613+0000] {logging_mixin.py:188} INFO - [2026-03-12T02:33:43.613+0000] {dagbag.py:538} INFO - Filling up the DagBag from /home/airflow/.local/lib/python3.8/site-packages/airflow/example_dags/example_sensors.py
[2026-03-12T02:33:43.616+0000] {processor.py:840} INFO - DAG(s) 'example_sensors' retrieved from /home/airflow/.local/lib/python3.8/site-packages/airflow/example_dags/example_sensors.py
[2026-03-12T02:33:43.706+0000] {logging_mixin.py:188} INFO - [2026-03-12T02:33:43.706+0000] {dag.py:3036} INFO - Sync 1 DAGs
[2026-03-12T02:33:43.714+0000] {logging_mixin.py:188} INFO - [2026-03-12T02:33:43.714+0000] {dag.py:3823} INFO - Setting next_dagrun for example_sensors to None, run_after=None
[2026-03-12T02:33:43.731+0000] {processor.py:183} INFO - Processing /home/airflow/.local/lib/python3.8/site-packages/airflow/example_dags/example_sensors.py took 0.121 seconds
[2026-03-12T02:34:13.822+0000] {processor.py:161} INFO - Started process (PID=2912) to work on /home/airflow/.local/lib/python3.8/site-packages/airflow/example_dags/example_sensors.py
[2026-03-12T02:34:13.822+0000] {processor.py:830} INFO - Processing file /home/airflow/.local/lib/python3.8/site-packages/airflow/example_dags/example_sensors.py for tasks to queue
[2026-03-12T02:34:13.823+0000] {logging_mixin.py:188} INFO - [2026-03-12T02:34:13.823+0000] {dagbag.py:538} INFO - Filling up the DagBag from /home/airflow/.local/lib/python3.8/site-packages/airflow/example_dags/example_sensors.py
[2026-03-12T02:34:13.827+0000] {processor.py:840} INFO - DAG(s) 'example_sensors' retrieved from /home/airflow/.local/lib/python3.8/site-packages/airflow/example_dags/example_sensors.py
[2026-03-12T02:34:13.836+0000] {logging_mixin.py:188} INFO - [2026-03-12T02:34:13.836+0000] {dag.py:3036} INFO - Sync 1 DAGs
[2026-03-12T02:34:13.840+0000] {logging_mixin.py:188} INFO - [2026-03-12T02:34:13.840+0000] {dag.py:3823} INFO - Setting next_dagrun for example_sensors to None, run_after=None
[2026-03-12T02:34:13.846+0000] {processor.py:183} INFO - Processing /home/airflow/.local/lib/python3.8/site-packages/airflow/example_dags/example_sensors.py took 0.026 seconds
[2026-03-12T02:34:44.703+0000] {processor.py:161} INFO - Started process (PID=2988) to work on /home/airflow/.local/lib/python3.8/site-packages/airflow/example_dags/example_sensors.py
[2026-03-12T02:34:44.704+0000] {processor.py:830} INFO - Processing file /home/airflow/.local/lib/python3.8/site-packages/airflow/example_dags/example_sensors.py for tasks to queue
[2026-03-12T02:34:44.704+0000] {logging_mixin.py:188} INFO - [2026-03-12T02:34:44.704+0000] {dagbag.py:538} INFO - Filling up the DagBag from /home/airflow/.local/lib/python3.8/site-packages/airflow/example_dags/example_sensors.py
[2026-03-12T02:34:44.708+0000] {processor.py:840} INFO - DAG(s) 'example_sensors' retrieved from /home/airflow/.local/lib/python3.8/site-packages/airflow/example_dags/example_sensors.py
[2026-03-12T02:34:44.716+0000] {logging_mixin.py:188} INFO - [2026-03-12T02:34:44.716+0000] {dag.py:3036} INFO - Sync 1 DAGs
[2026-03-12T02:34:44.720+0000] {logging_mixin.py:188} INFO - [2026-03-12T02:34:44.720+0000] {dag.py:3823} INFO - Setting next_dagrun for example_sensors to None, run_after=None
[2026-03-12T02:34:44.726+0000] {processor.py:183} INFO - Processing /home/airflow/.local/lib/python3.8/site-packages/airflow/example_dags/example_sensors.py took 0.024 seconds
[2026-03-12T02:35:15.427+0000] {processor.py:161} INFO - Started process (PID=3064) to work on /home/airflow/.local/lib/python3.8/site-packages/airflow/example_dags/example_sensors.py
[2026-03-12T02:35:15.427+0000] {processor.py:830} INFO - Processing file /home/airflow/.local/lib/python3.8/site-packages/airflow/example_dags/example_sensors.py for tasks to queue
[2026-03-12T02:35:15.431+0000] {logging_mixin.py:188} INFO - [2026-03-12T02:35:15.431+0000] {dagbag.py:538} INFO - Filling up the DagBag from /home/airflow/.local/lib/python3.8/site-packages/airflow/example_dags/example_sensors.py
[2026-03-12T02:35:15.435+0000] {processor.py:840} INFO - DAG(s) 'example_sensors' retrieved from /home/airflow/.local/lib/python3.8/site-packages/airflow/example_dags/example_sensors.py
[2026-03-12T02:35:15.447+0000] {logging_mixin.py:188} INFO - [2026-03-12T02:35:15.447+0000] {dag.py:3036} INFO - Sync 1 DAGs
[2026-03-12T02:35:15.454+0000] {logging_mixin.py:188} INFO - [2026-03-12T02:35:15.454+0000] {dag.py:3823} INFO - Setting next_dagrun for example_sensors to None, run_after=None
[2026-03-12T02:35:15.461+0000] {processor.py:183} INFO - Processing /home/airflow/.local/lib/python3.8/site-packages/airflow/example_dags/example_sensors.py took 0.036 seconds
[2026-03-12T02:35:46.208+0000] {processor.py:161} INFO - Started process (PID=3140) to work on /home/airflow/.local/lib/python3.8/site-packages/airflow/example_dags/example_sensors.py
[2026-03-12T02:35:46.209+0000] {processor.py:830} INFO - Processing file /home/airflow/.local/lib/python3.8/site-packages/airflow/example_dags/example_sensors.py for tasks to queue
[2026-03-12T02:35:46.210+0000] {logging_mixin.py:188} INFO - [2026-03-12T02:35:46.210+0000] {dagbag.py:538} INFO - Filling up the DagBag from /home/airflow/.local/lib/python3.8/site-packages/airflow/example_dags/example_sensors.py
[2026-03-12T02:35:46.214+0000] {processor.py:840} INFO - DAG(s) 'example_sensors' retrieved from /home/airflow/.local/lib/python3.8/site-packages/airflow/example_dags/example_sensors.py
[2026-03-12T02:35:46.227+0000] {logging_mixin.py:188} INFO - [2026-03-12T02:35:46.227+0000] {dag.py:3036} INFO - Sync 1 DAGs
[2026-03-12T02:35:46.231+0000] {logging_mixin.py:188} INFO - [2026-03-12T02:35:46.231+0000] {dag.py:3823} INFO - Setting next_dagrun for example_sensors to None, run_after=None
[2026-03-12T02:35:46.239+0000] {processor.py:183} INFO - Processing /home/airflow/.local/lib/python3.8/site-packages/airflow/example_dags/example_sensors.py took 0.032 seconds
[2026-03-12T02:36:17.086+0000] {processor.py:161} INFO - Started process (PID=3216) to work on /home/airflow/.local/lib/python3.8/site-packages/airflow/example_dags/example_sensors.py
[2026-03-12T02:36:17.087+0000] {processor.py:830} INFO - Processing file /home/airflow/.local/lib/python3.8/site-packages/airflow/example_dags/example_sensors.py for tasks to queue
[2026-03-12T02:36:17.087+0000] {logging_mixin.py:188} INFO - [2026-03-12T02:36:17.087+0000] {dagbag.py:538} INFO - Filling up the DagBag from /home/airflow/.local/lib/python3.8/site-packages/airflow/example_dags/example_sensors.py
[2026-03-12T02:36:17.091+0000] {processor.py:840} INFO - DAG(s) 'example_sensors' retrieved from /home/airflow/.local/lib/python3.8/site-packages/airflow/example_dags/example_sensors.py
[2026-03-12T02:36:17.100+0000] {logging_mixin.py:188} INFO - [2026-03-12T02:36:17.100+0000] {dag.py:3036} INFO - Sync 1 DAGs
[2026-03-12T02:36:17.105+0000] {logging_mixin.py:188} INFO - [2026-03-12T02:36:17.104+0000] {dag.py:3823} INFO - Setting next_dagrun for example_sensors to None, run_after=None
[2026-03-12T02:36:17.114+0000] {processor.py:183} INFO - Processing /home/airflow/.local/lib/python3.8/site-packages/airflow/example_dags/example_sensors.py took 0.030 seconds
[2026-03-12T02:36:47.698+0000] {processor.py:161} INFO - Started process (PID=3292) to work on /home/airflow/.local/lib/python3.8/site-packages/airflow/example_dags/example_sensors.py
[2026-03-12T02:36:47.699+0000] {processor.py:830} INFO - Processing file /home/airflow/.local/lib/python3.8/site-packages/airflow/example_dags/example_sensors.py for tasks to queue
[2026-03-12T02:36:47.702+0000] {logging_mixin.py:188} INFO - [2026-03-12T02:36:47.701+0000] {dagbag.py:538} INFO - Filling up the DagBag from /home/airflow/.local/lib/python3.8/site-packages/airflow/example_dags/example_sensors.py
[2026-03-12T02:36:47.706+0000] {processor.py:840} INFO - DAG(s) 'example_sensors' retrieved from /home/airflow/.local/lib/python3.8/site-packages/airflow/example_dags/example_sensors.py
[2026-03-12T02:36:47.723+0000] {logging_mixin.py:188} INFO - [2026-03-12T02:36:47.723+0000] {dag.py:3036} INFO - Sync 1 DAGs
[2026-03-12T02:36:47.731+0000] {logging_mixin.py:188} INFO - [2026-03-12T02:36:47.731+0000] {dag.py:3823} INFO - Setting next_dagrun for example_sensors to None, run_after=None
[2026-03-12T02:36:47.741+0000] {processor.py:183} INFO - Processing /home/airflow/.local/lib/python3.8/site-packages/airflow/example_dags/example_sensors.py took 0.045 seconds
[2026-03-12T02:37:18.455+0000] {processor.py:161} INFO - Started process (PID=3368) to work on /home/airflow/.local/lib/python3.8/site-packages/airflow/example_dags/example_sensors.py
[2026-03-12T02:37:18.456+0000] {processor.py:830} INFO - Processing file /home/airflow/.local/lib/python3.8/site-packages/airflow/example_dags/example_sensors.py for tasks to queue
[2026-03-12T02:37:18.457+0000] {logging_mixin.py:188} INFO - [2026-03-12T02:37:18.457+0000] {dagbag.py:538} INFO - Filling up the DagBag from /home/airflow/.local/lib/python3.8/site-packages/airflow/example_dags/example_sensors.py
[2026-03-12T02:37:18.460+0000] {processor.py:840} INFO - DAG(s) 'example_sensors' retrieved from /home/airflow/.local/lib/python3.8/site-packages/airflow/example_dags/example_sensors.py
[2026-03-12T02:37:18.474+0000] {logging_mixin.py:188} INFO - [2026-03-12T02:37:18.474+0000] {dag.py:3036} INFO - Sync 1 DAGs
[2026-03-12T02:37:18.480+0000] {logging_mixin.py:188} INFO - [2026-03-12T02:37:18.480+0000] {dag.py:3823} INFO - Setting next_dagrun for example_sensors to None, run_after=None
[2026-03-12T02:37:18.490+0000] {processor.py:183} INFO - Processing /home/airflow/.local/lib/python3.8/site-packages/airflow/example_dags/example_sensors.py took 0.036 seconds
[2026-03-12T02:37:49.285+0000] {processor.py:161} INFO - Started process (PID=3444) to work on /home/airflow/.local/lib/python3.8/site-packages/airflow/example_dags/example_sensors.py
[2026-03-12T02:37:49.287+0000] {processor.py:830} INFO - Processing file /home/airflow/.local/lib/python3.8/site-packages/airflow/example_dags/example_sensors.py for tasks to queue
[2026-03-12T02:37:49.288+0000] {logging_mixin.py:188} INFO - [2026-03-12T02:37:49.288+0000] {dagbag.py:538} INFO - Filling up the DagBag from /home/airflow/.local/lib/python3.8/site-packages/airflow/example_dags/example_sensors.py
[2026-03-12T02:37:49.291+0000] {processor.py:840} INFO - DAG(s) 'example_sensors' retrieved from /home/airflow/.local/lib/python3.8/site-packages/airflow/example_dags/example_sensors.py
[2026-03-12T02:37:49.302+0000] {logging_mixin.py:188} INFO - [2026-03-12T02:37:49.302+0000] {dag.py:3036} INFO - Sync 1 DAGs
[2026-03-12T02:37:49.307+0000] {logging_mixin.py:188} INFO - [2026-03-12T02:37:49.307+0000] {dag.py:3823} INFO - Setting next_dagrun for example_sensors to None, run_after=None
[2026-03-12T02:37:49.314+0000] {processor.py:183} INFO - Processing /home/airflow/.local/lib/python3.8/site-packages/airflow/example_dags/example_sensors.py took 0.031 seconds
[2026-03-12T02:38:19.690+0000] {processor.py:161} INFO - Started process (PID=3520) to work on /home/airflow/.local/lib/python3.8/site-packages/airflow/example_dags/example_sensors.py
[2026-03-12T02:38:19.690+0000] {processor.py:830} INFO - Processing file /home/airflow/.local/lib/python3.8/site-packages/airflow/example_dags/example_sensors.py for tasks to queue
[2026-03-12T02:38:19.691+0000] {logging_mixin.py:188} INFO - [2026-03-12T02:38:19.691+0000] {dagbag.py:538} INFO - Filling up the DagBag from /home/airflow/.local/lib/python3.8/site-packages/airflow/example_dags/example_sensors.py
[2026-03-12T02:38:19.694+0000] {processor.py:840} INFO - DAG(s) 'example_sensors' retrieved from /home/airflow/.local/lib/python3.8/site-packages/airflow/example_dags/example_sensors.py
[2026-03-12T02:38:19.704+0000] {logging_mixin.py:188} INFO - [2026-03-12T02:38:19.704+0000] {dag.py:3036} INFO - Sync 1 DAGs
[2026-03-12T02:38:19.708+0000] {logging_mixin.py:188} INFO - [2026-03-12T02:38:19.708+0000] {dag.py:3823} INFO - Setting next_dagrun for example_sensors to None, run_after=None
[2026-03-12T02:38:19.714+0000] {processor.py:183} INFO - Processing /home/airflow/.local/lib/python3.8/site-packages/airflow/example_dags/example_sensors.py took 0.026 seconds
[2026-03-12T02:38:50.789+0000] {processor.py:161} INFO - Started process (PID=3596) to work on /home/airflow/.local/lib/python3.8/site-packages/airflow/example_dags/example_sensors.py
[2026-03-12T02:38:50.791+0000] {processor.py:830} INFO - Processing file /home/airflow/.local/lib/python3.8/site-packages/airflow/example_dags/example_sensors.py for tasks to queue
[2026-03-12T02:38:50.795+0000] {logging_mixin.py:188} INFO - [2026-03-12T02:38:50.793+0000] {dagbag.py:538} INFO - Filling up the DagBag from /home/airflow/.local/lib/python3.8/site-packages/airflow/example_dags/example_sensors.py
[2026-03-12T02:38:50.803+0000] {processor.py:840} INFO - DAG(s) 'example_sensors' retrieved from /home/airflow/.local/lib/python3.8/site-packages/airflow/example_dags/example_sensors.py
[2026-03-12T02:38:50.826+0000] {logging_mixin.py:188} INFO - [2026-03-12T02:38:50.826+0000] {dag.py:3036} INFO - Sync 1 DAGs
[2026-03-12T02:38:50.838+0000] {logging_mixin.py:188} INFO - [2026-03-12T02:38:50.838+0000] {dag.py:3823} INFO - Setting next_dagrun for example_sensors to None, run_after=None
[2026-03-12T02:38:50.846+0000] {processor.py:183} INFO - Processing /home/airflow/.local/lib/python3.8/site-packages/airflow/example_dags/example_sensors.py took 0.059 seconds
[2026-03-12T02:39:21.156+0000] {processor.py:161} INFO - Started process (PID=3672) to work on /home/airflow/.local/lib/python3.8/site-packages/airflow/example_dags/example_sensors.py
[2026-03-12T02:39:21.157+0000] {processor.py:830} INFO - Processing file /home/airflow/.local/lib/python3.8/site-packages/airflow/example_dags/example_sensors.py for tasks to queue
[2026-03-12T02:39:21.157+0000] {logging_mixin.py:188} INFO - [2026-03-12T02:39:21.157+0000] {dagbag.py:538} INFO - Filling up the DagBag from /home/airflow/.local/lib/python3.8/site-packages/airflow/example_dags/example_sensors.py
[2026-03-12T02:39:21.161+0000] {processor.py:840} INFO - DAG(s) 'example_sensors' retrieved from /home/airflow/.local/lib/python3.8/site-packages/airflow/example_dags/example_sensors.py
[2026-03-12T02:39:21.174+0000] {logging_mixin.py:188} INFO - [2026-03-12T02:39:21.174+0000] {dag.py:3036} INFO - Sync 1 DAGs
[2026-03-12T02:39:21.180+0000] {logging_mixin.py:188} INFO - [2026-03-12T02:39:21.180+0000] {dag.py:3823} INFO - Setting next_dagrun for example_sensors to None, run_after=None
[2026-03-12T02:39:21.189+0000] {processor.py:183} INFO - Processing /home/airflow/.local/lib/python3.8/site-packages/airflow/example_dags/example_sensors.py took 0.035 seconds
[2026-03-12T02:39:52.160+0000] {processor.py:161} INFO - Started process (PID=3748) to work on /home/airflow/.local/lib/python3.8/site-packages/airflow/example_dags/example_sensors.py
[2026-03-12T02:39:52.161+0000] {processor.py:830} INFO - Processing file /home/airflow/.local/lib/python3.8/site-packages/airflow/example_dags/example_sensors.py for tasks to queue
[2026-03-12T02:39:52.162+0000] {logging_mixin.py:188} INFO - [2026-03-12T02:39:52.162+0000] {dagbag.py:538} INFO - Filling up the DagBag from /home/airflow/.local/lib/python3.8/site-packages/airflow/example_dags/example_sensors.py
[2026-03-12T02:39:52.167+0000] {processor.py:840} INFO - DAG(s) 'example_sensors' retrieved from /home/airflow/.local/lib/python3.8/site-packages/airflow/example_dags/example_sensors.py
[2026-03-12T02:39:52.178+0000] {logging_mixin.py:188} INFO - [2026-03-12T02:39:52.178+0000] {dag.py:3036} INFO - Sync 1 DAGs
[2026-03-12T02:39:52.184+0000] {logging_mixin.py:188} INFO - [2026-03-12T02:39:52.183+0000] {dag.py:3823} INFO - Setting next_dagrun for example_sensors to None, run_after=None
[2026-03-12T02:39:52.190+0000] {processor.py:183} INFO - Processing /home/airflow/.local/lib/python3.8/site-packages/airflow/example_dags/example_sensors.py took 0.032 seconds
[2026-03-12T02:40:23.382+0000] {processor.py:161} INFO - Started process (PID=3824) to work on /home/airflow/.local/lib/python3.8/site-packages/airflow/example_dags/example_sensors.py
[2026-03-12T02:40:23.386+0000] {processor.py:830} INFO - Processing file /home/airflow/.local/lib/python3.8/site-packages/airflow/example_dags/example_sensors.py for tasks to queue
[2026-03-12T02:40:23.387+0000] {logging_mixin.py:188} INFO - [2026-03-12T02:40:23.387+0000] {dagbag.py:538} INFO - Filling up the DagBag from /home/airflow/.local/lib/python3.8/site-packages/airflow/example_dags/example_sensors.py
[2026-03-12T02:40:23.393+0000] {processor.py:840} INFO - DAG(s) 'example_sensors' retrieved from /home/airflow/.local/lib/python3.8/site-packages/airflow/example_dags/example_sensors.py
[2026-03-12T02:40:23.408+0000] {logging_mixin.py:188} INFO - [2026-03-12T02:40:23.408+0000] {dag.py:3036} INFO - Sync 1 DAGs
[2026-03-12T02:40:23.414+0000] {logging_mixin.py:188} INFO - [2026-03-12T02:40:23.414+0000] {dag.py:3823} INFO - Setting next_dagrun for example_sensors to None, run_after=None
[2026-03-12T02:40:23.422+0000] {processor.py:183} INFO - Processing /home/airflow/.local/lib/python3.8/site-packages/airflow/example_dags/example_sensors.py took 0.042 seconds
[2026-03-12T02:40:54.434+0000] {processor.py:161} INFO - Started process (PID=3900) to work on /home/airflow/.local/lib/python3.8/site-packages/airflow/example_dags/example_sensors.py
[2026-03-12T02:40:54.434+0000] {processor.py:830} INFO - Processing file /home/airflow/.local/lib/python3.8/site-packages/airflow/example_dags/example_sensors.py for tasks to queue
[2026-03-12T02:40:54.435+0000] {logging_mixin.py:188} INFO - [2026-03-12T02:40:54.435+0000] {dagbag.py:538} INFO - Filling up the DagBag from /home/airflow/.local/lib/python3.8/site-packages/airflow/example_dags/example_sensors.py
[2026-03-12T02:40:54.439+0000] {processor.py:840} INFO - DAG(s) 'example_sensors' retrieved from /home/airflow/.local/lib/python3.8/site-packages/airflow/example_dags/example_sensors.py
[2026-03-12T02:40:54.452+0000] {logging_mixin.py:188} INFO - [2026-03-12T02:40:54.451+0000] {dag.py:3036} INFO - Sync 1 DAGs
[2026-03-12T02:40:54.456+0000] {logging_mixin.py:188} INFO - [2026-03-12T02:40:54.456+0000] {dag.py:3823} INFO - Setting next_dagrun for example_sensors to None, run_after=None
[2026-03-12T02:40:54.467+0000] {processor.py:183} INFO - Processing /home/airflow/.local/lib/python3.8/site-packages/airflow/example_dags/example_sensors.py took 0.035 seconds
[2026-03-12T02:41:25.253+0000] {processor.py:161} INFO - Started process (PID=3976) to work on /home/airflow/.local/lib/python3.8/site-packages/airflow/example_dags/example_sensors.py
[2026-03-12T02:41:25.254+0000] {processor.py:830} INFO - Processing file /home/airflow/.local/lib/python3.8/site-packages/airflow/example_dags/example_sensors.py for tasks to queue
[2026-03-12T02:41:25.255+0000] {logging_mixin.py:188} INFO - [2026-03-12T02:41:25.255+0000] {dagbag.py:538} INFO - Filling up the DagBag from /home/airflow/.local/lib/python3.8/site-packages/airflow/example_dags/example_sensors.py
[2026-03-12T02:41:25.259+0000] {processor.py:840} INFO - DAG(s) 'example_sensors' retrieved from /home/airflow/.local/lib/python3.8/site-packages/airflow/example_dags/example_sensors.py
[2026-03-12T02:41:25.269+0000] {logging_mixin.py:188} INFO - [2026-03-12T02:41:25.269+0000] {dag.py:3036} INFO - Sync 1 DAGs
[2026-03-12T02:41:25.273+0000] {logging_mixin.py:188} INFO - [2026-03-12T02:41:25.273+0000] {dag.py:3823} INFO - Setting next_dagrun for example_sensors to None, run_after=None
[2026-03-12T02:41:25.284+0000] {processor.py:183} INFO - Processing /home/airflow/.local/lib/python3.8/site-packages/airflow/example_dags/example_sensors.py took 0.032 seconds
[2026-03-12T02:41:56.072+0000] {processor.py:161} INFO - Started process (PID=4052) to work on /home/airflow/.local/lib/python3.8/site-packages/airflow/example_dags/example_sensors.py
[2026-03-12T02:41:56.072+0000] {processor.py:830} INFO - Processing file /home/airflow/.local/lib/python3.8/site-packages/airflow/example_dags/example_sensors.py for tasks to queue
[2026-03-12T02:41:56.073+0000] {logging_mixin.py:188} INFO - [2026-03-12T02:41:56.073+0000] {dagbag.py:538} INFO - Filling up the DagBag from /home/airflow/.local/lib/python3.8/site-packages/airflow/example_dags/example_sensors.py
[2026-03-12T02:41:56.078+0000] {processor.py:840} INFO - DAG(s) 'example_sensors' retrieved from /home/airflow/.local/lib/python3.8/site-packages/airflow/example_dags/example_sensors.py
[2026-03-12T02:41:56.091+0000] {logging_mixin.py:188} INFO - [2026-03-12T02:41:56.091+0000] {dag.py:3036} INFO - Sync 1 DAGs
[2026-03-12T02:41:56.097+0000] {logging_mixin.py:188} INFO - [2026-03-12T02:41:56.097+0000] {dag.py:3823} INFO - Setting next_dagrun for example_sensors to None, run_after=None
[2026-03-12T02:41:56.105+0000] {processor.py:183} INFO - Processing /home/airflow/.local/lib/python3.8/site-packages/airflow/example_dags/example_sensors.py took 0.035 seconds
[2026-03-12T02:42:26.768+0000] {processor.py:161} INFO - Started process (PID=4128) to work on /home/airflow/.local/lib/python3.8/site-packages/airflow/example_dags/example_sensors.py
[2026-03-12T02:42:26.770+0000] {processor.py:830} INFO - Processing file /home/airflow/.local/lib/python3.8/site-packages/airflow/example_dags/example_sensors.py for tasks to queue
[2026-03-12T02:42:26.770+0000] {logging_mixin.py:188} INFO - [2026-03-12T02:42:26.770+0000] {dagbag.py:538} INFO - Filling up the DagBag from /home/airflow/.local/lib/python3.8/site-packages/airflow/example_dags/example_sensors.py
[2026-03-12T02:42:26.774+0000] {processor.py:840} INFO - DAG(s) 'example_sensors' retrieved from /home/airflow/.local/lib/python3.8/site-packages/airflow/example_dags/example_sensors.py
[2026-03-12T02:42:26.788+0000] {logging_mixin.py:188} INFO - [2026-03-12T02:42:26.787+0000] {dag.py:3036} INFO - Sync 1 DAGs
[2026-03-12T02:42:26.792+0000] {logging_mixin.py:188} INFO - [2026-03-12T02:42:26.792+0000] {dag.py:3823} INFO - Setting next_dagrun for example_sensors to None, run_after=None
[2026-03-12T02:42:26.798+0000] {processor.py:183} INFO - Processing /home/airflow/.local/lib/python3.8/site-packages/airflow/example_dags/example_sensors.py took 0.031 seconds
[2026-03-12T02:42:57.163+0000] {processor.py:161} INFO - Started process (PID=4204) to work on /home/airflow/.local/lib/python3.8/site-packages/airflow/example_dags/example_sensors.py
[2026-03-12T02:42:57.163+0000] {processor.py:830} INFO - Processing file /home/airflow/.local/lib/python3.8/site-packages/airflow/example_dags/example_sensors.py for tasks to queue
[2026-03-12T02:42:57.164+0000] {logging_mixin.py:188} INFO - [2026-03-12T02:42:57.164+0000] {dagbag.py:538} INFO - Filling up the DagBag from /home/airflow/.local/lib/python3.8/site-packages/airflow/example_dags/example_sensors.py
[2026-03-12T02:42:57.168+0000] {processor.py:840} INFO - DAG(s) 'example_sensors' retrieved from /home/airflow/.local/lib/python3.8/site-packages/airflow/example_dags/example_sensors.py
[2026-03-12T02:42:57.182+0000] {logging_mixin.py:188} INFO - [2026-03-12T02:42:57.182+0000] {dag.py:3036} INFO - Sync 1 DAGs
[2026-03-12T02:42:57.188+0000] {logging_mixin.py:188} INFO - [2026-03-12T02:42:57.187+0000] {dag.py:3823} INFO - Setting next_dagrun for example_sensors to None, run_after=None
[2026-03-12T02:42:57.198+0000] {processor.py:183} INFO - Processing /home/airflow/.local/lib/python3.8/site-packages/airflow/example_dags/example_sensors.py took 0.036 seconds
[2026-03-12T02:43:27.587+0000] {processor.py:161} INFO - Started process (PID=4280) to work on /home/airflow/.local/lib/python3.8/site-packages/airflow/example_dags/example_sensors.py
[2026-03-12T02:43:27.587+0000] {processor.py:830} INFO - Processing file /home/airflow/.local/lib/python3.8/site-packages/airflow/example_dags/example_sensors.py for tasks to queue
[2026-03-12T02:43:27.588+0000] {logging_mixin.py:188} INFO - [2026-03-12T02:43:27.588+0000] {dagbag.py:538} INFO - Filling up the DagBag from /home/airflow/.local/lib/python3.8/site-packages/airflow/example_dags/example_sensors.py
[2026-03-12T02:43:27.592+0000] {processor.py:840} INFO - DAG(s) 'example_sensors' retrieved from /home/airflow/.local/lib/python3.8/site-packages/airflow/example_dags/example_sensors.py
[2026-03-12T02:43:27.606+0000] {logging_mixin.py:188} INFO - [2026-03-12T02:43:27.605+0000] {dag.py:3036} INFO - Sync 1 DAGs
[2026-03-12T02:43:27.613+0000] {logging_mixin.py:188} INFO - [2026-03-12T02:43:27.612+0000] {dag.py:3823} INFO - Setting next_dagrun for example_sensors to None, run_after=None
[2026-03-12T02:43:27.622+0000] {processor.py:183} INFO - Processing /home/airflow/.local/lib/python3.8/site-packages/airflow/example_dags/example_sensors.py took 0.037 seconds
[2026-03-12T02:43:58.030+0000] {processor.py:161} INFO - Started process (PID=4356) to work on /home/airflow/.local/lib/python3.8/site-packages/airflow/example_dags/example_sensors.py
[2026-03-12T02:43:58.031+0000] {processor.py:830} INFO - Processing file /home/airflow/.local/lib/python3.8/site-packages/airflow/example_dags/example_sensors.py for tasks to queue
[2026-03-12T02:43:58.031+0000] {logging_mixin.py:188} INFO - [2026-03-12T02:43:58.031+0000] {dagbag.py:538} INFO - Filling up the DagBag from /home/airflow/.local/lib/python3.8/site-packages/airflow/example_dags/example_sensors.py
[2026-03-12T02:43:58.035+0000] {processor.py:840} INFO - DAG(s) 'example_sensors' retrieved from /home/airflow/.local/lib/python3.8/site-packages/airflow/example_dags/example_sensors.py
[2026-03-12T02:43:58.043+0000] {logging_mixin.py:188} INFO - [2026-03-12T02:43:58.043+0000] {dag.py:3036} INFO - Sync 1 DAGs
[2026-03-12T02:43:58.047+0000] {logging_mixin.py:188} INFO - [2026-03-12T02:43:58.047+0000] {dag.py:3823} INFO - Setting next_dagrun for example_sensors to None, run_after=None
[2026-03-12T02:43:58.052+0000] {processor.py:183} INFO - Processing /home/airflow/.local/lib/python3.8/site-packages/airflow/example_dags/example_sensors.py took 0.023 seconds
[2026-03-12T02:44:28.402+0000] {processor.py:161} INFO - Started process (PID=4432) to work on /home/airflow/.local/lib/python3.8/site-packages/airflow/example_dags/example_sensors.py
[2026-03-12T02:44:28.402+0000] {processor.py:830} INFO - Processing file /home/airflow/.local/lib/python3.8/site-packages/airflow/example_dags/example_sensors.py for tasks to queue
[2026-03-12T02:44:28.403+0000] {logging_mixin.py:188} INFO - [2026-03-12T02:44:28.403+0000] {dagbag.py:538} INFO - Filling up the DagBag from /home/airflow/.local/lib/python3.8/site-packages/airflow/example_dags/example_sensors.py
[2026-03-12T02:44:28.407+0000] {processor.py:840} INFO - DAG(s) 'example_sensors' retrieved from /home/airflow/.local/lib/python3.8/site-packages/airflow/example_dags/example_sensors.py
[2026-03-12T02:44:28.416+0000] {logging_mixin.py:188} INFO - [2026-03-12T02:44:28.416+0000] {dag.py:3036} INFO - Sync 1 DAGs
[2026-03-12T02:44:28.420+0000] {logging_mixin.py:188} INFO - [2026-03-12T02:44:28.420+0000] {dag.py:3823} INFO - Setting next_dagrun for example_sensors to None, run_after=None
[2026-03-12T02:44:28.428+0000] {processor.py:183} INFO - Processing /home/airflow/.local/lib/python3.8/site-packages/airflow/example_dags/example_sensors.py took 0.027 seconds
[2026-03-12T02:44:58.860+0000] {processor.py:161} INFO - Started process (PID=4508) to work on /home/airflow/.local/lib/python3.8/site-packages/airflow/example_dags/example_sensors.py
[2026-03-12T02:44:58.861+0000] {processor.py:830} INFO - Processing file /home/airflow/.local/lib/python3.8/site-packages/airflow/example_dags/example_sensors.py for tasks to queue
[2026-03-12T02:44:58.862+0000] {logging_mixin.py:188} INFO - [2026-03-12T02:44:58.862+0000] {dagbag.py:538} INFO - Filling up the DagBag from /home/airflow/.local/lib/python3.8/site-packages/airflow/example_dags/example_sensors.py
[2026-03-12T02:44:58.866+0000] {processor.py:840} INFO - DAG(s) 'example_sensors' retrieved from /home/airflow/.local/lib/python3.8/site-packages/airflow/example_dags/example_sensors.py
[2026-03-12T02:44:58.875+0000] {logging_mixin.py:188} INFO - [2026-03-12T02:44:58.875+0000] {dag.py:3036} INFO - Sync 1 DAGs
[2026-03-12T02:44:58.880+0000] {logging_mixin.py:188} INFO - [2026-03-12T02:44:58.880+0000] {dag.py:3823} INFO - Setting next_dagrun for example_sensors to None, run_after=None
[2026-03-12T02:44:58.891+0000] {processor.py:183} INFO - Processing /home/airflow/.local/lib/python3.8/site-packages/airflow/example_dags/example_sensors.py took 0.032 seconds
[2026-03-12T02:45:29.218+0000] {processor.py:161} INFO - Started process (PID=4584) to work on /home/airflow/.local/lib/python3.8/site-packages/airflow/example_dags/example_sensors.py
[2026-03-12T02:45:29.219+0000] {processor.py:830} INFO - Processing file /home/airflow/.local/lib/python3.8/site-packages/airflow/example_dags/example_sensors.py for tasks to queue
[2026-03-12T02:45:29.220+0000] {logging_mixin.py:188} INFO - [2026-03-12T02:45:29.220+0000] {dagbag.py:538} INFO - Filling up the DagBag from /home/airflow/.local/lib/python3.8/site-packages/airflow/example_dags/example_sensors.py
[2026-03-12T02:45:29.223+0000] {processor.py:840} INFO - DAG(s) 'example_sensors' retrieved from /home/airflow/.local/lib/python3.8/site-packages/airflow/example_dags/example_sensors.py
[2026-03-12T02:45:29.232+0000] {logging_mixin.py:188} INFO - [2026-03-12T02:45:29.232+0000] {dag.py:3036} INFO - Sync 1 DAGs
[2026-03-12T02:45:29.237+0000] {logging_mixin.py:188} INFO - [2026-03-12T02:45:29.236+0000] {dag.py:3823} INFO - Setting next_dagrun for example_sensors to None, run_after=None
[2026-03-12T02:45:29.246+0000] {processor.py:183} INFO - Processing /home/airflow/.local/lib/python3.8/site-packages/airflow/example_dags/example_sensors.py took 0.029 seconds
[2026-03-12T02:45:59.746+0000] {processor.py:161} INFO - Started process (PID=4660) to work on /home/airflow/.local/lib/python3.8/site-packages/airflow/example_dags/example_sensors.py
[2026-03-12T02:45:59.747+0000] {processor.py:830} INFO - Processing file /home/airflow/.local/lib/python3.8/site-packages/airflow/example_dags/example_sensors.py for tasks to queue
[2026-03-12T02:45:59.748+0000] {logging_mixin.py:188} INFO - [2026-03-12T02:45:59.748+0000] {dagbag.py:538} INFO - Filling up the DagBag from /home/airflow/.local/lib/python3.8/site-packages/airflow/example_dags/example_sensors.py
[2026-03-12T02:45:59.751+0000] {processor.py:840} INFO - DAG(s) 'example_sensors' retrieved from /home/airflow/.local/lib/python3.8/site-packages/airflow/example_dags/example_sensors.py
[2026-03-12T02:45:59.759+0000] {logging_mixin.py:188} INFO - [2026-03-12T02:45:59.759+0000] {dag.py:3036} INFO - Sync 1 DAGs
[2026-03-12T02:45:59.763+0000] {logging_mixin.py:188} INFO - [2026-03-12T02:45:59.763+0000] {dag.py:3823} INFO - Setting next_dagrun for example_sensors to None, run_after=None
[2026-03-12T02:45:59.768+0000] {processor.py:183} INFO - Processing /home/airflow/.local/lib/python3.8/site-packages/airflow/example_dags/example_sensors.py took 0.023 seconds
[2026-03-12T02:46:30.341+0000] {processor.py:161} INFO - Started process (PID=4736) to work on /home/airflow/.local/lib/python3.8/site-packages/airflow/example_dags/example_sensors.py
[2026-03-12T02:46:30.342+0000] {processor.py:830} INFO - Processing file /home/airflow/.local/lib/python3.8/site-packages/airflow/example_dags/example_sensors.py for tasks to queue
[2026-03-12T02:46:30.343+0000] {logging_mixin.py:188} INFO - [2026-03-12T02:46:30.343+0000] {dagbag.py:538} INFO - Filling up the DagBag from /home/airflow/.local/lib/python3.8/site-packages/airflow/example_dags/example_sensors.py
[2026-03-12T02:46:30.346+0000] {processor.py:840} INFO - DAG(s) 'example_sensors' retrieved from /home/airflow/.local/lib/python3.8/site-packages/airflow/example_dags/example_sensors.py
[2026-03-12T02:46:30.356+0000] {logging_mixin.py:188} INFO - [2026-03-12T02:46:30.356+0000] {dag.py:3036} INFO - Sync 1 DAGs
[2026-03-12T02:46:30.360+0000] {logging_mixin.py:188} INFO - [2026-03-12T02:46:30.360+0000] {dag.py:3823} INFO - Setting next_dagrun for example_sensors to None, run_after=None
[2026-03-12T02:46:30.367+0000] {processor.py:183} INFO - Processing /home/airflow/.local/lib/python3.8/site-packages/airflow/example_dags/example_sensors.py took 0.028 seconds
[2026-03-12T02:47:01.147+0000] {processor.py:161} INFO - Started process (PID=4812) to work on /home/airflow/.local/lib/python3.8/site-packages/airflow/example_dags/example_sensors.py
[2026-03-12T02:47:01.147+0000] {processor.py:830} INFO - Processing file /home/airflow/.local/lib/python3.8/site-packages/airflow/example_dags/example_sensors.py for tasks to queue
[2026-03-12T02:47:01.148+0000] {logging_mixin.py:188} INFO - [2026-03-12T02:47:01.148+0000] {dagbag.py:538} INFO - Filling up the DagBag from /home/airflow/.local/lib/python3.8/site-packages/airflow/example_dags/example_sensors.py
[2026-03-12T02:47:01.152+0000] {processor.py:840} INFO - DAG(s) 'example_sensors' retrieved from /home/airflow/.local/lib/python3.8/site-packages/airflow/example_dags/example_sensors.py
[2026-03-12T02:47:01.160+0000] {logging_mixin.py:188} INFO - [2026-03-12T02:47:01.160+0000] {dag.py:3036} INFO - Sync 1 DAGs
[2026-03-12T02:47:01.165+0000] {logging_mixin.py:188} INFO - [2026-03-12T02:47:01.165+0000] {dag.py:3823} INFO - Setting next_dagrun for example_sensors to None, run_after=None
[2026-03-12T02:47:01.174+0000] {processor.py:183} INFO - Processing /home/airflow/.local/lib/python3.8/site-packages/airflow/example_dags/example_sensors.py took 0.029 seconds
[2026-03-12T02:47:31.902+0000] {processor.py:161} INFO - Started process (PID=4888) to work on /home/airflow/.local/lib/python3.8/site-packages/airflow/example_dags/example_sensors.py
[2026-03-12T02:47:31.903+0000] {processor.py:830} INFO - Processing file /home/airflow/.local/lib/python3.8/site-packages/airflow/example_dags/example_sensors.py for tasks to queue
[2026-03-12T02:47:31.903+0000] {logging_mixin.py:188} INFO - [2026-03-12T02:47:31.903+0000] {dagbag.py:538} INFO - Filling up the DagBag from /home/airflow/.local/lib/python3.8/site-packages/airflow/example_dags/example_sensors.py
[2026-03-12T02:47:31.907+0000] {processor.py:840} INFO - DAG(s) 'example_sensors' retrieved from /home/airflow/.local/lib/python3.8/site-packages/airflow/example_dags/example_sensors.py
[2026-03-12T02:47:31.918+0000] {logging_mixin.py:188} INFO - [2026-03-12T02:47:31.917+0000] {dag.py:3036} INFO - Sync 1 DAGs
[2026-03-12T02:47:31.922+0000] {logging_mixin.py:188} INFO - [2026-03-12T02:47:31.922+0000] {dag.py:3823} INFO - Setting next_dagrun for example_sensors to None, run_after=None
[2026-03-12T02:47:31.938+0000] {processor.py:183} INFO - Processing /home/airflow/.local/lib/python3.8/site-packages/airflow/example_dags/example_sensors.py took 0.037 seconds
[2026-03-12T02:48:02.259+0000] {processor.py:161} INFO - Started process (PID=4964) to work on /home/airflow/.local/lib/python3.8/site-packages/airflow/example_dags/example_sensors.py
[2026-03-12T02:48:02.260+0000] {processor.py:830} INFO - Processing file /home/airflow/.local/lib/python3.8/site-packages/airflow/example_dags/example_sensors.py for tasks to queue
[2026-03-12T02:48:02.261+0000] {logging_mixin.py:188} INFO - [2026-03-12T02:48:02.260+0000] {dagbag.py:538} INFO - Filling up the DagBag from /home/airflow/.local/lib/python3.8/site-packages/airflow/example_dags/example_sensors.py
[2026-03-12T02:48:02.264+0000] {processor.py:840} INFO - DAG(s) 'example_sensors' retrieved from /home/airflow/.local/lib/python3.8/site-packages/airflow/example_dags/example_sensors.py
[2026-03-12T02:48:02.274+0000] {logging_mixin.py:188} INFO - [2026-03-12T02:48:02.274+0000] {dag.py:3036} INFO - Sync 1 DAGs
[2026-03-12T02:48:02.278+0000] {logging_mixin.py:188} INFO - [2026-03-12T02:48:02.278+0000] {dag.py:3823} INFO - Setting next_dagrun for example_sensors to None, run_after=None
[2026-03-12T02:48:02.285+0000] {processor.py:183} INFO - Processing /home/airflow/.local/lib/python3.8/site-packages/airflow/example_dags/example_sensors.py took 0.027 seconds
[2026-03-12T02:48:33.384+0000] {processor.py:161} INFO - Started process (PID=5040) to work on /home/airflow/.local/lib/python3.8/site-packages/airflow/example_dags/example_sensors.py
[2026-03-12T02:48:33.385+0000] {processor.py:830} INFO - Processing file /home/airflow/.local/lib/python3.8/site-packages/airflow/example_dags/example_sensors.py for tasks to queue
[2026-03-12T02:48:33.385+0000] {logging_mixin.py:188} INFO - [2026-03-12T02:48:33.385+0000] {dagbag.py:538} INFO - Filling up the DagBag from /home/airflow/.local/lib/python3.8/site-packages/airflow/example_dags/example_sensors.py
[2026-03-12T02:48:33.390+0000] {processor.py:840} INFO - DAG(s) 'example_sensors' retrieved from /home/airflow/.local/lib/python3.8/site-packages/airflow/example_dags/example_sensors.py
[2026-03-12T02:48:33.399+0000] {logging_mixin.py:188} INFO - [2026-03-12T02:48:33.399+0000] {dag.py:3036} INFO - Sync 1 DAGs
[2026-03-12T02:48:33.404+0000] {logging_mixin.py:188} INFO - [2026-03-12T02:48:33.404+0000] {dag.py:3823} INFO - Setting next_dagrun for example_sensors to None, run_after=None
[2026-03-12T02:48:33.412+0000] {processor.py:183} INFO - Processing /home/airflow/.local/lib/python3.8/site-packages/airflow/example_dags/example_sensors.py took 0.029 seconds
[2026-03-12T02:49:04.766+0000] {processor.py:161} INFO - Started process (PID=5116) to work on /home/airflow/.local/lib/python3.8/site-packages/airflow/example_dags/example_sensors.py
[2026-03-12T02:49:04.768+0000] {processor.py:830} INFO - Processing file /home/airflow/.local/lib/python3.8/site-packages/airflow/example_dags/example_sensors.py for tasks to queue
[2026-03-12T02:49:04.768+0000] {logging_mixin.py:188} INFO - [2026-03-12T02:49:04.768+0000] {dagbag.py:538} INFO - Filling up the DagBag from /home/airflow/.local/lib/python3.8/site-packages/airflow/example_dags/example_sensors.py
[2026-03-12T02:49:04.772+0000] {processor.py:840} INFO - DAG(s) 'example_sensors' retrieved from /home/airflow/.local/lib/python3.8/site-packages/airflow/example_dags/example_sensors.py
[2026-03-12T02:49:04.790+0000] {logging_mixin.py:188} INFO - [2026-03-12T02:49:04.790+0000] {dag.py:3036} INFO - Sync 1 DAGs
[2026-03-12T02:49:04.802+0000] {logging_mixin.py:188} INFO - [2026-03-12T02:49:04.802+0000] {dag.py:3823} INFO - Setting next_dagrun for example_sensors to None, run_after=None
[2026-03-12T02:49:04.821+0000] {processor.py:183} INFO - Processing /home/airflow/.local/lib/python3.8/site-packages/airflow/example_dags/example_sensors.py took 0.058 seconds
[2026-03-12T02:49:35.183+0000] {processor.py:161} INFO - Started process (PID=5192) to work on /home/airflow/.local/lib/python3.8/site-packages/airflow/example_dags/example_sensors.py
[2026-03-12T02:49:35.184+0000] {processor.py:830} INFO - Processing file /home/airflow/.local/lib/python3.8/site-packages/airflow/example_dags/example_sensors.py for tasks to queue
[2026-03-12T02:49:35.185+0000] {logging_mixin.py:188} INFO - [2026-03-12T02:49:35.185+0000] {dagbag.py:538} INFO - Filling up the DagBag from /home/airflow/.local/lib/python3.8/site-packages/airflow/example_dags/example_sensors.py
[2026-03-12T02:49:35.189+0000] {processor.py:840} INFO - DAG(s) 'example_sensors' retrieved from /home/airflow/.local/lib/python3.8/site-packages/airflow/example_dags/example_sensors.py
[2026-03-12T02:49:35.203+0000] {logging_mixin.py:188} INFO - [2026-03-12T02:49:35.202+0000] {dag.py:3036} INFO - Sync 1 DAGs
[2026-03-12T02:49:35.211+0000] {logging_mixin.py:188} INFO - [2026-03-12T02:49:35.211+0000] {dag.py:3823} INFO - Setting next_dagrun for example_sensors to None, run_after=None
[2026-03-12T02:49:35.226+0000] {processor.py:183} INFO - Processing /home/airflow/.local/lib/python3.8/site-packages/airflow/example_dags/example_sensors.py took 0.044 seconds
