[2026-03-12T02:15:10.927+0000] {processor.py:161} INFO - Started process (PID=108) to work on /home/airflow/.local/lib/python3.8/site-packages/airflow/example_dags/example_skip_dag.py
[2026-03-12T02:15:10.928+0000] {processor.py:830} INFO - Processing file /home/airflow/.local/lib/python3.8/site-packages/airflow/example_dags/example_skip_dag.py for tasks to queue
[2026-03-12T02:15:10.928+0000] {logging_mixin.py:188} INFO - [2026-03-12T02:15:10.928+0000] {dagbag.py:538} INFO - Filling up the DagBag from /home/airflow/.local/lib/python3.8/site-packages/airflow/example_dags/example_skip_dag.py
[2026-03-12T02:15:10.933+0000] {processor.py:840} INFO - DAG(s) 'example_skip_dag' retrieved from /home/airflow/.local/lib/python3.8/site-packages/airflow/example_dags/example_skip_dag.py
[2026-03-12T02:15:10.938+0000] {logging_mixin.py:188} INFO - [2026-03-12T02:15:10.937+0000] {dag.py:3036} INFO - Sync 1 DAGs
[2026-03-12T02:15:10.948+0000] {logging_mixin.py:188} INFO - [2026-03-12T02:15:10.948+0000] {dag.py:3823} INFO - Setting next_dagrun for example_skip_dag to 2026-03-11 00:00:00+00:00, run_after=2026-03-12 00:00:00+00:00
[2026-03-12T02:15:10.960+0000] {processor.py:183} INFO - Processing /home/airflow/.local/lib/python3.8/site-packages/airflow/example_dags/example_skip_dag.py took 0.034 seconds
[2026-03-12T02:15:42.732+0000] {processor.py:161} INFO - Started process (PID=184) to work on /home/airflow/.local/lib/python3.8/site-packages/airflow/example_dags/example_skip_dag.py
[2026-03-12T02:15:42.733+0000] {processor.py:830} INFO - Processing file /home/airflow/.local/lib/python3.8/site-packages/airflow/example_dags/example_skip_dag.py for tasks to queue
[2026-03-12T02:15:42.734+0000] {logging_mixin.py:188} INFO - [2026-03-12T02:15:42.734+0000] {dagbag.py:538} INFO - Filling up the DagBag from /home/airflow/.local/lib/python3.8/site-packages/airflow/example_dags/example_skip_dag.py
[2026-03-12T02:15:42.739+0000] {processor.py:840} INFO - DAG(s) 'example_skip_dag' retrieved from /home/airflow/.local/lib/python3.8/site-packages/airflow/example_dags/example_skip_dag.py
[2026-03-12T02:15:42.878+0000] {logging_mixin.py:188} INFO - [2026-03-12T02:15:42.877+0000] {dag.py:3036} INFO - Sync 1 DAGs
[2026-03-12T02:15:42.889+0000] {logging_mixin.py:188} INFO - [2026-03-12T02:15:42.889+0000] {dag.py:3823} INFO - Setting next_dagrun for example_skip_dag to 2026-03-11 00:00:00+00:00, run_after=2026-03-12 00:00:00+00:00
[2026-03-12T02:15:42.897+0000] {processor.py:183} INFO - Processing /home/airflow/.local/lib/python3.8/site-packages/airflow/example_dags/example_skip_dag.py took 0.166 seconds
[2026-03-12T02:16:13.231+0000] {processor.py:161} INFO - Started process (PID=260) to work on /home/airflow/.local/lib/python3.8/site-packages/airflow/example_dags/example_skip_dag.py
[2026-03-12T02:16:13.232+0000] {processor.py:830} INFO - Processing file /home/airflow/.local/lib/python3.8/site-packages/airflow/example_dags/example_skip_dag.py for tasks to queue
[2026-03-12T02:16:13.233+0000] {logging_mixin.py:188} INFO - [2026-03-12T02:16:13.233+0000] {dagbag.py:538} INFO - Filling up the DagBag from /home/airflow/.local/lib/python3.8/site-packages/airflow/example_dags/example_skip_dag.py
[2026-03-12T02:16:13.236+0000] {processor.py:840} INFO - DAG(s) 'example_skip_dag' retrieved from /home/airflow/.local/lib/python3.8/site-packages/airflow/example_dags/example_skip_dag.py
[2026-03-12T02:16:13.243+0000] {logging_mixin.py:188} INFO - [2026-03-12T02:16:13.243+0000] {dag.py:3036} INFO - Sync 1 DAGs
[2026-03-12T02:16:13.251+0000] {logging_mixin.py:188} INFO - [2026-03-12T02:16:13.250+0000] {dag.py:3823} INFO - Setting next_dagrun for example_skip_dag to 2026-03-11 00:00:00+00:00, run_after=2026-03-12 00:00:00+00:00
[2026-03-12T02:16:13.258+0000] {processor.py:183} INFO - Processing /home/airflow/.local/lib/python3.8/site-packages/airflow/example_dags/example_skip_dag.py took 0.029 seconds
[2026-03-12T02:16:44.200+0000] {processor.py:161} INFO - Started process (PID=336) to work on /home/airflow/.local/lib/python3.8/site-packages/airflow/example_dags/example_skip_dag.py
[2026-03-12T02:16:44.201+0000] {processor.py:830} INFO - Processing file /home/airflow/.local/lib/python3.8/site-packages/airflow/example_dags/example_skip_dag.py for tasks to queue
[2026-03-12T02:16:44.201+0000] {logging_mixin.py:188} INFO - [2026-03-12T02:16:44.201+0000] {dagbag.py:538} INFO - Filling up the DagBag from /home/airflow/.local/lib/python3.8/site-packages/airflow/example_dags/example_skip_dag.py
[2026-03-12T02:16:44.204+0000] {processor.py:840} INFO - DAG(s) 'example_skip_dag' retrieved from /home/airflow/.local/lib/python3.8/site-packages/airflow/example_dags/example_skip_dag.py
[2026-03-12T02:16:44.216+0000] {logging_mixin.py:188} INFO - [2026-03-12T02:16:44.216+0000] {dag.py:3036} INFO - Sync 1 DAGs
[2026-03-12T02:16:44.227+0000] {logging_mixin.py:188} INFO - [2026-03-12T02:16:44.227+0000] {dag.py:3823} INFO - Setting next_dagrun for example_skip_dag to 2026-03-11 00:00:00+00:00, run_after=2026-03-12 00:00:00+00:00
[2026-03-12T02:16:44.243+0000] {processor.py:183} INFO - Processing /home/airflow/.local/lib/python3.8/site-packages/airflow/example_dags/example_skip_dag.py took 0.045 seconds
[2026-03-12T02:17:15.133+0000] {processor.py:161} INFO - Started process (PID=412) to work on /home/airflow/.local/lib/python3.8/site-packages/airflow/example_dags/example_skip_dag.py
[2026-03-12T02:17:15.134+0000] {processor.py:830} INFO - Processing file /home/airflow/.local/lib/python3.8/site-packages/airflow/example_dags/example_skip_dag.py for tasks to queue
[2026-03-12T02:17:15.134+0000] {logging_mixin.py:188} INFO - [2026-03-12T02:17:15.134+0000] {dagbag.py:538} INFO - Filling up the DagBag from /home/airflow/.local/lib/python3.8/site-packages/airflow/example_dags/example_skip_dag.py
[2026-03-12T02:17:15.137+0000] {processor.py:840} INFO - DAG(s) 'example_skip_dag' retrieved from /home/airflow/.local/lib/python3.8/site-packages/airflow/example_dags/example_skip_dag.py
[2026-03-12T02:17:15.145+0000] {logging_mixin.py:188} INFO - [2026-03-12T02:17:15.145+0000] {dag.py:3036} INFO - Sync 1 DAGs
[2026-03-12T02:17:15.153+0000] {logging_mixin.py:188} INFO - [2026-03-12T02:17:15.153+0000] {dag.py:3823} INFO - Setting next_dagrun for example_skip_dag to 2026-03-11 00:00:00+00:00, run_after=2026-03-12 00:00:00+00:00
[2026-03-12T02:17:15.158+0000] {processor.py:183} INFO - Processing /home/airflow/.local/lib/python3.8/site-packages/airflow/example_dags/example_skip_dag.py took 0.026 seconds
[2026-03-12T02:17:45.513+0000] {processor.py:161} INFO - Started process (PID=488) to work on /home/airflow/.local/lib/python3.8/site-packages/airflow/example_dags/example_skip_dag.py
[2026-03-12T02:17:45.514+0000] {processor.py:830} INFO - Processing file /home/airflow/.local/lib/python3.8/site-packages/airflow/example_dags/example_skip_dag.py for tasks to queue
[2026-03-12T02:17:45.515+0000] {logging_mixin.py:188} INFO - [2026-03-12T02:17:45.515+0000] {dagbag.py:538} INFO - Filling up the DagBag from /home/airflow/.local/lib/python3.8/site-packages/airflow/example_dags/example_skip_dag.py
[2026-03-12T02:17:45.518+0000] {processor.py:840} INFO - DAG(s) 'example_skip_dag' retrieved from /home/airflow/.local/lib/python3.8/site-packages/airflow/example_dags/example_skip_dag.py
[2026-03-12T02:17:45.532+0000] {logging_mixin.py:188} INFO - [2026-03-12T02:17:45.532+0000] {dag.py:3036} INFO - Sync 1 DAGs
[2026-03-12T02:17:45.543+0000] {logging_mixin.py:188} INFO - [2026-03-12T02:17:45.543+0000] {dag.py:3823} INFO - Setting next_dagrun for example_skip_dag to 2026-03-11 00:00:00+00:00, run_after=2026-03-12 00:00:00+00:00
[2026-03-12T02:17:45.551+0000] {processor.py:183} INFO - Processing /home/airflow/.local/lib/python3.8/site-packages/airflow/example_dags/example_skip_dag.py took 0.039 seconds
[2026-03-12T02:18:16.314+0000] {processor.py:161} INFO - Started process (PID=564) to work on /home/airflow/.local/lib/python3.8/site-packages/airflow/example_dags/example_skip_dag.py
[2026-03-12T02:18:16.314+0000] {processor.py:830} INFO - Processing file /home/airflow/.local/lib/python3.8/site-packages/airflow/example_dags/example_skip_dag.py for tasks to queue
[2026-03-12T02:18:16.315+0000] {logging_mixin.py:188} INFO - [2026-03-12T02:18:16.315+0000] {dagbag.py:538} INFO - Filling up the DagBag from /home/airflow/.local/lib/python3.8/site-packages/airflow/example_dags/example_skip_dag.py
[2026-03-12T02:18:16.317+0000] {processor.py:840} INFO - DAG(s) 'example_skip_dag' retrieved from /home/airflow/.local/lib/python3.8/site-packages/airflow/example_dags/example_skip_dag.py
[2026-03-12T02:18:16.326+0000] {logging_mixin.py:188} INFO - [2026-03-12T02:18:16.326+0000] {dag.py:3036} INFO - Sync 1 DAGs
[2026-03-12T02:18:16.334+0000] {logging_mixin.py:188} INFO - [2026-03-12T02:18:16.333+0000] {dag.py:3823} INFO - Setting next_dagrun for example_skip_dag to 2026-03-11 00:00:00+00:00, run_after=2026-03-12 00:00:00+00:00
[2026-03-12T02:18:16.340+0000] {processor.py:183} INFO - Processing /home/airflow/.local/lib/python3.8/site-packages/airflow/example_dags/example_skip_dag.py took 0.027 seconds
[2026-03-12T02:18:47.261+0000] {processor.py:161} INFO - Started process (PID=640) to work on /home/airflow/.local/lib/python3.8/site-packages/airflow/example_dags/example_skip_dag.py
[2026-03-12T02:18:47.263+0000] {processor.py:830} INFO - Processing file /home/airflow/.local/lib/python3.8/site-packages/airflow/example_dags/example_skip_dag.py for tasks to queue
[2026-03-12T02:18:47.264+0000] {logging_mixin.py:188} INFO - [2026-03-12T02:18:47.264+0000] {dagbag.py:538} INFO - Filling up the DagBag from /home/airflow/.local/lib/python3.8/site-packages/airflow/example_dags/example_skip_dag.py
[2026-03-12T02:18:47.268+0000] {processor.py:840} INFO - DAG(s) 'example_skip_dag' retrieved from /home/airflow/.local/lib/python3.8/site-packages/airflow/example_dags/example_skip_dag.py
[2026-03-12T02:18:47.277+0000] {logging_mixin.py:188} INFO - [2026-03-12T02:18:47.277+0000] {dag.py:3036} INFO - Sync 1 DAGs
[2026-03-12T02:18:47.290+0000] {logging_mixin.py:188} INFO - [2026-03-12T02:18:47.290+0000] {dag.py:3823} INFO - Setting next_dagrun for example_skip_dag to 2026-03-11 00:00:00+00:00, run_after=2026-03-12 00:00:00+00:00
[2026-03-12T02:18:47.304+0000] {processor.py:183} INFO - Processing /home/airflow/.local/lib/python3.8/site-packages/airflow/example_dags/example_skip_dag.py took 0.044 seconds
[2026-03-12T02:19:17.386+0000] {processor.py:161} INFO - Started process (PID=716) to work on /home/airflow/.local/lib/python3.8/site-packages/airflow/example_dags/example_skip_dag.py
[2026-03-12T02:19:17.387+0000] {processor.py:830} INFO - Processing file /home/airflow/.local/lib/python3.8/site-packages/airflow/example_dags/example_skip_dag.py for tasks to queue
[2026-03-12T02:19:17.388+0000] {logging_mixin.py:188} INFO - [2026-03-12T02:19:17.387+0000] {dagbag.py:538} INFO - Filling up the DagBag from /home/airflow/.local/lib/python3.8/site-packages/airflow/example_dags/example_skip_dag.py
[2026-03-12T02:19:17.390+0000] {processor.py:840} INFO - DAG(s) 'example_skip_dag' retrieved from /home/airflow/.local/lib/python3.8/site-packages/airflow/example_dags/example_skip_dag.py
[2026-03-12T02:19:17.399+0000] {logging_mixin.py:188} INFO - [2026-03-12T02:19:17.399+0000] {dag.py:3036} INFO - Sync 1 DAGs
[2026-03-12T02:19:17.409+0000] {logging_mixin.py:188} INFO - [2026-03-12T02:19:17.409+0000] {dag.py:3823} INFO - Setting next_dagrun for example_skip_dag to 2026-03-11 00:00:00+00:00, run_after=2026-03-12 00:00:00+00:00
[2026-03-12T02:19:17.421+0000] {processor.py:183} INFO - Processing /home/airflow/.local/lib/python3.8/site-packages/airflow/example_dags/example_skip_dag.py took 0.037 seconds
[2026-03-12T02:19:48.420+0000] {processor.py:161} INFO - Started process (PID=792) to work on /home/airflow/.local/lib/python3.8/site-packages/airflow/example_dags/example_skip_dag.py
[2026-03-12T02:19:48.421+0000] {processor.py:830} INFO - Processing file /home/airflow/.local/lib/python3.8/site-packages/airflow/example_dags/example_skip_dag.py for tasks to queue
[2026-03-12T02:19:48.421+0000] {logging_mixin.py:188} INFO - [2026-03-12T02:19:48.421+0000] {dagbag.py:538} INFO - Filling up the DagBag from /home/airflow/.local/lib/python3.8/site-packages/airflow/example_dags/example_skip_dag.py
[2026-03-12T02:19:48.424+0000] {processor.py:840} INFO - DAG(s) 'example_skip_dag' retrieved from /home/airflow/.local/lib/python3.8/site-packages/airflow/example_dags/example_skip_dag.py
[2026-03-12T02:19:48.431+0000] {logging_mixin.py:188} INFO - [2026-03-12T02:19:48.431+0000] {dag.py:3036} INFO - Sync 1 DAGs
[2026-03-12T02:19:48.439+0000] {logging_mixin.py:188} INFO - [2026-03-12T02:19:48.439+0000] {dag.py:3823} INFO - Setting next_dagrun for example_skip_dag to 2026-03-11 00:00:00+00:00, run_after=2026-03-12 00:00:00+00:00
[2026-03-12T02:19:48.445+0000] {processor.py:183} INFO - Processing /home/airflow/.local/lib/python3.8/site-packages/airflow/example_dags/example_skip_dag.py took 0.026 seconds
[2026-03-12T02:20:19.427+0000] {processor.py:161} INFO - Started process (PID=868) to work on /home/airflow/.local/lib/python3.8/site-packages/airflow/example_dags/example_skip_dag.py
[2026-03-12T02:20:19.427+0000] {processor.py:830} INFO - Processing file /home/airflow/.local/lib/python3.8/site-packages/airflow/example_dags/example_skip_dag.py for tasks to queue
[2026-03-12T02:20:19.428+0000] {logging_mixin.py:188} INFO - [2026-03-12T02:20:19.428+0000] {dagbag.py:538} INFO - Filling up the DagBag from /home/airflow/.local/lib/python3.8/site-packages/airflow/example_dags/example_skip_dag.py
[2026-03-12T02:20:19.431+0000] {processor.py:840} INFO - DAG(s) 'example_skip_dag' retrieved from /home/airflow/.local/lib/python3.8/site-packages/airflow/example_dags/example_skip_dag.py
[2026-03-12T02:20:19.439+0000] {logging_mixin.py:188} INFO - [2026-03-12T02:20:19.439+0000] {dag.py:3036} INFO - Sync 1 DAGs
[2026-03-12T02:20:19.447+0000] {logging_mixin.py:188} INFO - [2026-03-12T02:20:19.447+0000] {dag.py:3823} INFO - Setting next_dagrun for example_skip_dag to 2026-03-11 00:00:00+00:00, run_after=2026-03-12 00:00:00+00:00
[2026-03-12T02:20:19.452+0000] {processor.py:183} INFO - Processing /home/airflow/.local/lib/python3.8/site-packages/airflow/example_dags/example_skip_dag.py took 0.027 seconds
[2026-03-12T02:20:52.174+0000] {processor.py:161} INFO - Started process (PID=944) to work on /home/airflow/.local/lib/python3.8/site-packages/airflow/example_dags/example_skip_dag.py
[2026-03-12T02:20:52.175+0000] {processor.py:830} INFO - Processing file /home/airflow/.local/lib/python3.8/site-packages/airflow/example_dags/example_skip_dag.py for tasks to queue
[2026-03-12T02:20:52.175+0000] {logging_mixin.py:188} INFO - [2026-03-12T02:20:52.175+0000] {dagbag.py:538} INFO - Filling up the DagBag from /home/airflow/.local/lib/python3.8/site-packages/airflow/example_dags/example_skip_dag.py
[2026-03-12T02:20:52.178+0000] {processor.py:840} INFO - DAG(s) 'example_skip_dag' retrieved from /home/airflow/.local/lib/python3.8/site-packages/airflow/example_dags/example_skip_dag.py
[2026-03-12T02:20:52.191+0000] {logging_mixin.py:188} INFO - [2026-03-12T02:20:52.191+0000] {dag.py:3036} INFO - Sync 1 DAGs
[2026-03-12T02:20:52.201+0000] {logging_mixin.py:188} INFO - [2026-03-12T02:20:52.201+0000] {dag.py:3823} INFO - Setting next_dagrun for example_skip_dag to 2026-03-11 00:00:00+00:00, run_after=2026-03-12 00:00:00+00:00
[2026-03-12T02:20:52.214+0000] {processor.py:183} INFO - Processing /home/airflow/.local/lib/python3.8/site-packages/airflow/example_dags/example_skip_dag.py took 0.041 seconds
[2026-03-12T02:21:22.659+0000] {processor.py:161} INFO - Started process (PID=1020) to work on /home/airflow/.local/lib/python3.8/site-packages/airflow/example_dags/example_skip_dag.py
[2026-03-12T02:21:22.660+0000] {processor.py:830} INFO - Processing file /home/airflow/.local/lib/python3.8/site-packages/airflow/example_dags/example_skip_dag.py for tasks to queue
[2026-03-12T02:21:22.661+0000] {logging_mixin.py:188} INFO - [2026-03-12T02:21:22.661+0000] {dagbag.py:538} INFO - Filling up the DagBag from /home/airflow/.local/lib/python3.8/site-packages/airflow/example_dags/example_skip_dag.py
[2026-03-12T02:21:22.665+0000] {processor.py:840} INFO - DAG(s) 'example_skip_dag' retrieved from /home/airflow/.local/lib/python3.8/site-packages/airflow/example_dags/example_skip_dag.py
[2026-03-12T02:21:22.678+0000] {logging_mixin.py:188} INFO - [2026-03-12T02:21:22.678+0000] {dag.py:3036} INFO - Sync 1 DAGs
[2026-03-12T02:21:22.687+0000] {logging_mixin.py:188} INFO - [2026-03-12T02:21:22.687+0000] {dag.py:3823} INFO - Setting next_dagrun for example_skip_dag to 2026-03-11 00:00:00+00:00, run_after=2026-03-12 00:00:00+00:00
[2026-03-12T02:21:22.698+0000] {processor.py:183} INFO - Processing /home/airflow/.local/lib/python3.8/site-packages/airflow/example_dags/example_skip_dag.py took 0.041 seconds
[2026-03-12T02:21:53.144+0000] {processor.py:161} INFO - Started process (PID=1096) to work on /home/airflow/.local/lib/python3.8/site-packages/airflow/example_dags/example_skip_dag.py
[2026-03-12T02:21:53.146+0000] {processor.py:830} INFO - Processing file /home/airflow/.local/lib/python3.8/site-packages/airflow/example_dags/example_skip_dag.py for tasks to queue
[2026-03-12T02:21:53.149+0000] {logging_mixin.py:188} INFO - [2026-03-12T02:21:53.149+0000] {dagbag.py:538} INFO - Filling up the DagBag from /home/airflow/.local/lib/python3.8/site-packages/airflow/example_dags/example_skip_dag.py
[2026-03-12T02:21:53.151+0000] {processor.py:840} INFO - DAG(s) 'example_skip_dag' retrieved from /home/airflow/.local/lib/python3.8/site-packages/airflow/example_dags/example_skip_dag.py
[2026-03-12T02:21:53.168+0000] {logging_mixin.py:188} INFO - [2026-03-12T02:21:53.168+0000] {dag.py:3036} INFO - Sync 1 DAGs
[2026-03-12T02:21:53.178+0000] {logging_mixin.py:188} INFO - [2026-03-12T02:21:53.178+0000] {dag.py:3823} INFO - Setting next_dagrun for example_skip_dag to 2026-03-11 00:00:00+00:00, run_after=2026-03-12 00:00:00+00:00
[2026-03-12T02:21:53.187+0000] {processor.py:183} INFO - Processing /home/airflow/.local/lib/python3.8/site-packages/airflow/example_dags/example_skip_dag.py took 0.044 seconds
[2026-03-12T02:22:23.444+0000] {processor.py:161} INFO - Started process (PID=1172) to work on /home/airflow/.local/lib/python3.8/site-packages/airflow/example_dags/example_skip_dag.py
[2026-03-12T02:22:23.444+0000] {processor.py:830} INFO - Processing file /home/airflow/.local/lib/python3.8/site-packages/airflow/example_dags/example_skip_dag.py for tasks to queue
[2026-03-12T02:22:23.445+0000] {logging_mixin.py:188} INFO - [2026-03-12T02:22:23.445+0000] {dagbag.py:538} INFO - Filling up the DagBag from /home/airflow/.local/lib/python3.8/site-packages/airflow/example_dags/example_skip_dag.py
[2026-03-12T02:22:23.448+0000] {processor.py:840} INFO - DAG(s) 'example_skip_dag' retrieved from /home/airflow/.local/lib/python3.8/site-packages/airflow/example_dags/example_skip_dag.py
[2026-03-12T02:22:23.458+0000] {logging_mixin.py:188} INFO - [2026-03-12T02:22:23.458+0000] {dag.py:3036} INFO - Sync 1 DAGs
[2026-03-12T02:22:23.468+0000] {logging_mixin.py:188} INFO - [2026-03-12T02:22:23.468+0000] {dag.py:3823} INFO - Setting next_dagrun for example_skip_dag to 2026-03-11 00:00:00+00:00, run_after=2026-03-12 00:00:00+00:00
[2026-03-12T02:22:23.478+0000] {processor.py:183} INFO - Processing /home/airflow/.local/lib/python3.8/site-packages/airflow/example_dags/example_skip_dag.py took 0.036 seconds
[2026-03-12T02:22:54.647+0000] {processor.py:161} INFO - Started process (PID=1248) to work on /home/airflow/.local/lib/python3.8/site-packages/airflow/example_dags/example_skip_dag.py
[2026-03-12T02:22:54.647+0000] {processor.py:830} INFO - Processing file /home/airflow/.local/lib/python3.8/site-packages/airflow/example_dags/example_skip_dag.py for tasks to queue
[2026-03-12T02:22:54.648+0000] {logging_mixin.py:188} INFO - [2026-03-12T02:22:54.648+0000] {dagbag.py:538} INFO - Filling up the DagBag from /home/airflow/.local/lib/python3.8/site-packages/airflow/example_dags/example_skip_dag.py
[2026-03-12T02:22:54.650+0000] {processor.py:840} INFO - DAG(s) 'example_skip_dag' retrieved from /home/airflow/.local/lib/python3.8/site-packages/airflow/example_dags/example_skip_dag.py
[2026-03-12T02:22:54.661+0000] {logging_mixin.py:188} INFO - [2026-03-12T02:22:54.661+0000] {dag.py:3036} INFO - Sync 1 DAGs
[2026-03-12T02:22:54.669+0000] {logging_mixin.py:188} INFO - [2026-03-12T02:22:54.669+0000] {dag.py:3823} INFO - Setting next_dagrun for example_skip_dag to 2026-03-11 00:00:00+00:00, run_after=2026-03-12 00:00:00+00:00
[2026-03-12T02:22:54.680+0000] {processor.py:183} INFO - Processing /home/airflow/.local/lib/python3.8/site-packages/airflow/example_dags/example_skip_dag.py took 0.034 seconds
[2026-03-12T02:23:25.847+0000] {processor.py:161} INFO - Started process (PID=1324) to work on /home/airflow/.local/lib/python3.8/site-packages/airflow/example_dags/example_skip_dag.py
[2026-03-12T02:23:25.848+0000] {processor.py:830} INFO - Processing file /home/airflow/.local/lib/python3.8/site-packages/airflow/example_dags/example_skip_dag.py for tasks to queue
[2026-03-12T02:23:25.848+0000] {logging_mixin.py:188} INFO - [2026-03-12T02:23:25.848+0000] {dagbag.py:538} INFO - Filling up the DagBag from /home/airflow/.local/lib/python3.8/site-packages/airflow/example_dags/example_skip_dag.py
[2026-03-12T02:23:25.851+0000] {processor.py:840} INFO - DAG(s) 'example_skip_dag' retrieved from /home/airflow/.local/lib/python3.8/site-packages/airflow/example_dags/example_skip_dag.py
[2026-03-12T02:23:25.862+0000] {logging_mixin.py:188} INFO - [2026-03-12T02:23:25.862+0000] {dag.py:3036} INFO - Sync 1 DAGs
[2026-03-12T02:23:25.872+0000] {logging_mixin.py:188} INFO - [2026-03-12T02:23:25.872+0000] {dag.py:3823} INFO - Setting next_dagrun for example_skip_dag to 2026-03-11 00:00:00+00:00, run_after=2026-03-12 00:00:00+00:00
[2026-03-12T02:23:25.885+0000] {processor.py:183} INFO - Processing /home/airflow/.local/lib/python3.8/site-packages/airflow/example_dags/example_skip_dag.py took 0.039 seconds
[2026-03-12T02:23:57.047+0000] {processor.py:161} INFO - Started process (PID=1400) to work on /home/airflow/.local/lib/python3.8/site-packages/airflow/example_dags/example_skip_dag.py
[2026-03-12T02:23:57.048+0000] {processor.py:830} INFO - Processing file /home/airflow/.local/lib/python3.8/site-packages/airflow/example_dags/example_skip_dag.py for tasks to queue
[2026-03-12T02:23:57.050+0000] {logging_mixin.py:188} INFO - [2026-03-12T02:23:57.050+0000] {dagbag.py:538} INFO - Filling up the DagBag from /home/airflow/.local/lib/python3.8/site-packages/airflow/example_dags/example_skip_dag.py
[2026-03-12T02:23:57.054+0000] {processor.py:840} INFO - DAG(s) 'example_skip_dag' retrieved from /home/airflow/.local/lib/python3.8/site-packages/airflow/example_dags/example_skip_dag.py
[2026-03-12T02:23:57.066+0000] {logging_mixin.py:188} INFO - [2026-03-12T02:23:57.066+0000] {dag.py:3036} INFO - Sync 1 DAGs
[2026-03-12T02:23:57.074+0000] {logging_mixin.py:188} INFO - [2026-03-12T02:23:57.074+0000] {dag.py:3823} INFO - Setting next_dagrun for example_skip_dag to 2026-03-11 00:00:00+00:00, run_after=2026-03-12 00:00:00+00:00
[2026-03-12T02:23:57.080+0000] {processor.py:183} INFO - Processing /home/airflow/.local/lib/python3.8/site-packages/airflow/example_dags/example_skip_dag.py took 0.034 seconds
[2026-03-12T02:24:27.426+0000] {processor.py:161} INFO - Started process (PID=1476) to work on /home/airflow/.local/lib/python3.8/site-packages/airflow/example_dags/example_skip_dag.py
[2026-03-12T02:24:27.427+0000] {processor.py:830} INFO - Processing file /home/airflow/.local/lib/python3.8/site-packages/airflow/example_dags/example_skip_dag.py for tasks to queue
[2026-03-12T02:24:27.428+0000] {logging_mixin.py:188} INFO - [2026-03-12T02:24:27.428+0000] {dagbag.py:538} INFO - Filling up the DagBag from /home/airflow/.local/lib/python3.8/site-packages/airflow/example_dags/example_skip_dag.py
[2026-03-12T02:24:27.432+0000] {processor.py:840} INFO - DAG(s) 'example_skip_dag' retrieved from /home/airflow/.local/lib/python3.8/site-packages/airflow/example_dags/example_skip_dag.py
[2026-03-12T02:24:27.443+0000] {logging_mixin.py:188} INFO - [2026-03-12T02:24:27.443+0000] {dag.py:3036} INFO - Sync 1 DAGs
[2026-03-12T02:24:27.451+0000] {logging_mixin.py:188} INFO - [2026-03-12T02:24:27.451+0000] {dag.py:3823} INFO - Setting next_dagrun for example_skip_dag to 2026-03-11 00:00:00+00:00, run_after=2026-03-12 00:00:00+00:00
[2026-03-12T02:24:27.458+0000] {processor.py:183} INFO - Processing /home/airflow/.local/lib/python3.8/site-packages/airflow/example_dags/example_skip_dag.py took 0.034 seconds
[2026-03-12T02:24:58.104+0000] {processor.py:161} INFO - Started process (PID=1552) to work on /home/airflow/.local/lib/python3.8/site-packages/airflow/example_dags/example_skip_dag.py
[2026-03-12T02:24:58.106+0000] {processor.py:830} INFO - Processing file /home/airflow/.local/lib/python3.8/site-packages/airflow/example_dags/example_skip_dag.py for tasks to queue
[2026-03-12T02:24:58.107+0000] {logging_mixin.py:188} INFO - [2026-03-12T02:24:58.107+0000] {dagbag.py:538} INFO - Filling up the DagBag from /home/airflow/.local/lib/python3.8/site-packages/airflow/example_dags/example_skip_dag.py
[2026-03-12T02:24:58.110+0000] {processor.py:840} INFO - DAG(s) 'example_skip_dag' retrieved from /home/airflow/.local/lib/python3.8/site-packages/airflow/example_dags/example_skip_dag.py
[2026-03-12T02:24:58.123+0000] {logging_mixin.py:188} INFO - [2026-03-12T02:24:58.123+0000] {dag.py:3036} INFO - Sync 1 DAGs
[2026-03-12T02:24:58.132+0000] {logging_mixin.py:188} INFO - [2026-03-12T02:24:58.132+0000] {dag.py:3823} INFO - Setting next_dagrun for example_skip_dag to 2026-03-11 00:00:00+00:00, run_after=2026-03-12 00:00:00+00:00
[2026-03-12T02:24:58.141+0000] {processor.py:183} INFO - Processing /home/airflow/.local/lib/python3.8/site-packages/airflow/example_dags/example_skip_dag.py took 0.038 seconds
[2026-03-12T02:25:28.924+0000] {processor.py:161} INFO - Started process (PID=1628) to work on /home/airflow/.local/lib/python3.8/site-packages/airflow/example_dags/example_skip_dag.py
[2026-03-12T02:25:28.925+0000] {processor.py:830} INFO - Processing file /home/airflow/.local/lib/python3.8/site-packages/airflow/example_dags/example_skip_dag.py for tasks to queue
[2026-03-12T02:25:28.926+0000] {logging_mixin.py:188} INFO - [2026-03-12T02:25:28.926+0000] {dagbag.py:538} INFO - Filling up the DagBag from /home/airflow/.local/lib/python3.8/site-packages/airflow/example_dags/example_skip_dag.py
[2026-03-12T02:25:28.928+0000] {processor.py:840} INFO - DAG(s) 'example_skip_dag' retrieved from /home/airflow/.local/lib/python3.8/site-packages/airflow/example_dags/example_skip_dag.py
[2026-03-12T02:25:28.936+0000] {logging_mixin.py:188} INFO - [2026-03-12T02:25:28.936+0000] {dag.py:3036} INFO - Sync 1 DAGs
[2026-03-12T02:25:28.945+0000] {logging_mixin.py:188} INFO - [2026-03-12T02:25:28.944+0000] {dag.py:3823} INFO - Setting next_dagrun for example_skip_dag to 2026-03-11 00:00:00+00:00, run_after=2026-03-12 00:00:00+00:00
[2026-03-12T02:25:28.957+0000] {processor.py:183} INFO - Processing /home/airflow/.local/lib/python3.8/site-packages/airflow/example_dags/example_skip_dag.py took 0.034 seconds
[2026-03-12T02:25:59.670+0000] {processor.py:161} INFO - Started process (PID=1704) to work on /home/airflow/.local/lib/python3.8/site-packages/airflow/example_dags/example_skip_dag.py
[2026-03-12T02:25:59.670+0000] {processor.py:830} INFO - Processing file /home/airflow/.local/lib/python3.8/site-packages/airflow/example_dags/example_skip_dag.py for tasks to queue
[2026-03-12T02:25:59.671+0000] {logging_mixin.py:188} INFO - [2026-03-12T02:25:59.671+0000] {dagbag.py:538} INFO - Filling up the DagBag from /home/airflow/.local/lib/python3.8/site-packages/airflow/example_dags/example_skip_dag.py
[2026-03-12T02:25:59.674+0000] {processor.py:840} INFO - DAG(s) 'example_skip_dag' retrieved from /home/airflow/.local/lib/python3.8/site-packages/airflow/example_dags/example_skip_dag.py
[2026-03-12T02:25:59.684+0000] {logging_mixin.py:188} INFO - [2026-03-12T02:25:59.683+0000] {dag.py:3036} INFO - Sync 1 DAGs
[2026-03-12T02:25:59.691+0000] {logging_mixin.py:188} INFO - [2026-03-12T02:25:59.691+0000] {dag.py:3823} INFO - Setting next_dagrun for example_skip_dag to 2026-03-11 00:00:00+00:00, run_after=2026-03-12 00:00:00+00:00
[2026-03-12T02:25:59.702+0000] {processor.py:183} INFO - Processing /home/airflow/.local/lib/python3.8/site-packages/airflow/example_dags/example_skip_dag.py took 0.033 seconds
[2026-03-12T02:26:30.487+0000] {processor.py:161} INFO - Started process (PID=1780) to work on /home/airflow/.local/lib/python3.8/site-packages/airflow/example_dags/example_skip_dag.py
[2026-03-12T02:26:30.488+0000] {processor.py:830} INFO - Processing file /home/airflow/.local/lib/python3.8/site-packages/airflow/example_dags/example_skip_dag.py for tasks to queue
[2026-03-12T02:26:30.488+0000] {logging_mixin.py:188} INFO - [2026-03-12T02:26:30.488+0000] {dagbag.py:538} INFO - Filling up the DagBag from /home/airflow/.local/lib/python3.8/site-packages/airflow/example_dags/example_skip_dag.py
[2026-03-12T02:26:30.491+0000] {processor.py:840} INFO - DAG(s) 'example_skip_dag' retrieved from /home/airflow/.local/lib/python3.8/site-packages/airflow/example_dags/example_skip_dag.py
[2026-03-12T02:26:30.502+0000] {logging_mixin.py:188} INFO - [2026-03-12T02:26:30.501+0000] {dag.py:3036} INFO - Sync 1 DAGs
[2026-03-12T02:26:30.510+0000] {logging_mixin.py:188} INFO - [2026-03-12T02:26:30.510+0000] {dag.py:3823} INFO - Setting next_dagrun for example_skip_dag to 2026-03-11 00:00:00+00:00, run_after=2026-03-12 00:00:00+00:00
[2026-03-12T02:26:30.524+0000] {processor.py:183} INFO - Processing /home/airflow/.local/lib/python3.8/site-packages/airflow/example_dags/example_skip_dag.py took 0.038 seconds
[2026-03-12T02:27:01.205+0000] {processor.py:161} INFO - Started process (PID=1856) to work on /home/airflow/.local/lib/python3.8/site-packages/airflow/example_dags/example_skip_dag.py
[2026-03-12T02:27:01.205+0000] {processor.py:830} INFO - Processing file /home/airflow/.local/lib/python3.8/site-packages/airflow/example_dags/example_skip_dag.py for tasks to queue
[2026-03-12T02:27:01.206+0000] {logging_mixin.py:188} INFO - [2026-03-12T02:27:01.206+0000] {dagbag.py:538} INFO - Filling up the DagBag from /home/airflow/.local/lib/python3.8/site-packages/airflow/example_dags/example_skip_dag.py
[2026-03-12T02:27:01.208+0000] {processor.py:840} INFO - DAG(s) 'example_skip_dag' retrieved from /home/airflow/.local/lib/python3.8/site-packages/airflow/example_dags/example_skip_dag.py
[2026-03-12T02:27:01.215+0000] {logging_mixin.py:188} INFO - [2026-03-12T02:27:01.215+0000] {dag.py:3036} INFO - Sync 1 DAGs
[2026-03-12T02:27:01.222+0000] {logging_mixin.py:188} INFO - [2026-03-12T02:27:01.222+0000] {dag.py:3823} INFO - Setting next_dagrun for example_skip_dag to 2026-03-11 00:00:00+00:00, run_after=2026-03-12 00:00:00+00:00
[2026-03-12T02:27:01.227+0000] {processor.py:183} INFO - Processing /home/airflow/.local/lib/python3.8/site-packages/airflow/example_dags/example_skip_dag.py took 0.024 seconds
[2026-03-12T02:27:32.016+0000] {processor.py:161} INFO - Started process (PID=1932) to work on /home/airflow/.local/lib/python3.8/site-packages/airflow/example_dags/example_skip_dag.py
[2026-03-12T02:27:32.017+0000] {processor.py:830} INFO - Processing file /home/airflow/.local/lib/python3.8/site-packages/airflow/example_dags/example_skip_dag.py for tasks to queue
[2026-03-12T02:27:32.017+0000] {logging_mixin.py:188} INFO - [2026-03-12T02:27:32.017+0000] {dagbag.py:538} INFO - Filling up the DagBag from /home/airflow/.local/lib/python3.8/site-packages/airflow/example_dags/example_skip_dag.py
[2026-03-12T02:27:32.020+0000] {processor.py:840} INFO - DAG(s) 'example_skip_dag' retrieved from /home/airflow/.local/lib/python3.8/site-packages/airflow/example_dags/example_skip_dag.py
[2026-03-12T02:27:32.034+0000] {logging_mixin.py:188} INFO - [2026-03-12T02:27:32.033+0000] {dag.py:3036} INFO - Sync 1 DAGs
[2026-03-12T02:27:32.044+0000] {logging_mixin.py:188} INFO - [2026-03-12T02:27:32.044+0000] {dag.py:3823} INFO - Setting next_dagrun for example_skip_dag to 2026-03-11 00:00:00+00:00, run_after=2026-03-12 00:00:00+00:00
[2026-03-12T02:27:32.050+0000] {processor.py:183} INFO - Processing /home/airflow/.local/lib/python3.8/site-packages/airflow/example_dags/example_skip_dag.py took 0.035 seconds
[2026-03-12T02:28:02.774+0000] {processor.py:161} INFO - Started process (PID=2008) to work on /home/airflow/.local/lib/python3.8/site-packages/airflow/example_dags/example_skip_dag.py
[2026-03-12T02:28:02.775+0000] {processor.py:830} INFO - Processing file /home/airflow/.local/lib/python3.8/site-packages/airflow/example_dags/example_skip_dag.py for tasks to queue
[2026-03-12T02:28:02.775+0000] {logging_mixin.py:188} INFO - [2026-03-12T02:28:02.775+0000] {dagbag.py:538} INFO - Filling up the DagBag from /home/airflow/.local/lib/python3.8/site-packages/airflow/example_dags/example_skip_dag.py
[2026-03-12T02:28:02.778+0000] {processor.py:840} INFO - DAG(s) 'example_skip_dag' retrieved from /home/airflow/.local/lib/python3.8/site-packages/airflow/example_dags/example_skip_dag.py
[2026-03-12T02:28:02.787+0000] {logging_mixin.py:188} INFO - [2026-03-12T02:28:02.787+0000] {dag.py:3036} INFO - Sync 1 DAGs
[2026-03-12T02:28:02.797+0000] {logging_mixin.py:188} INFO - [2026-03-12T02:28:02.796+0000] {dag.py:3823} INFO - Setting next_dagrun for example_skip_dag to 2026-03-11 00:00:00+00:00, run_after=2026-03-12 00:00:00+00:00
[2026-03-12T02:28:02.804+0000] {processor.py:183} INFO - Processing /home/airflow/.local/lib/python3.8/site-packages/airflow/example_dags/example_skip_dag.py took 0.031 seconds
[2026-03-12T02:28:33.484+0000] {processor.py:161} INFO - Started process (PID=2084) to work on /home/airflow/.local/lib/python3.8/site-packages/airflow/example_dags/example_skip_dag.py
[2026-03-12T02:28:33.485+0000] {processor.py:830} INFO - Processing file /home/airflow/.local/lib/python3.8/site-packages/airflow/example_dags/example_skip_dag.py for tasks to queue
[2026-03-12T02:28:33.486+0000] {logging_mixin.py:188} INFO - [2026-03-12T02:28:33.486+0000] {dagbag.py:538} INFO - Filling up the DagBag from /home/airflow/.local/lib/python3.8/site-packages/airflow/example_dags/example_skip_dag.py
[2026-03-12T02:28:33.488+0000] {processor.py:840} INFO - DAG(s) 'example_skip_dag' retrieved from /home/airflow/.local/lib/python3.8/site-packages/airflow/example_dags/example_skip_dag.py
[2026-03-12T02:28:33.497+0000] {logging_mixin.py:188} INFO - [2026-03-12T02:28:33.497+0000] {dag.py:3036} INFO - Sync 1 DAGs
[2026-03-12T02:28:33.506+0000] {logging_mixin.py:188} INFO - [2026-03-12T02:28:33.506+0000] {dag.py:3823} INFO - Setting next_dagrun for example_skip_dag to 2026-03-11 00:00:00+00:00, run_after=2026-03-12 00:00:00+00:00
[2026-03-12T02:28:33.512+0000] {processor.py:183} INFO - Processing /home/airflow/.local/lib/python3.8/site-packages/airflow/example_dags/example_skip_dag.py took 0.029 seconds
[2026-03-12T02:29:04.496+0000] {processor.py:161} INFO - Started process (PID=2160) to work on /home/airflow/.local/lib/python3.8/site-packages/airflow/example_dags/example_skip_dag.py
[2026-03-12T02:29:04.496+0000] {processor.py:830} INFO - Processing file /home/airflow/.local/lib/python3.8/site-packages/airflow/example_dags/example_skip_dag.py for tasks to queue
[2026-03-12T02:29:04.497+0000] {logging_mixin.py:188} INFO - [2026-03-12T02:29:04.497+0000] {dagbag.py:538} INFO - Filling up the DagBag from /home/airflow/.local/lib/python3.8/site-packages/airflow/example_dags/example_skip_dag.py
[2026-03-12T02:29:04.499+0000] {processor.py:840} INFO - DAG(s) 'example_skip_dag' retrieved from /home/airflow/.local/lib/python3.8/site-packages/airflow/example_dags/example_skip_dag.py
[2026-03-12T02:29:04.509+0000] {logging_mixin.py:188} INFO - [2026-03-12T02:29:04.509+0000] {dag.py:3036} INFO - Sync 1 DAGs
[2026-03-12T02:29:04.517+0000] {logging_mixin.py:188} INFO - [2026-03-12T02:29:04.517+0000] {dag.py:3823} INFO - Setting next_dagrun for example_skip_dag to 2026-03-11 00:00:00+00:00, run_after=2026-03-12 00:00:00+00:00
[2026-03-12T02:29:04.533+0000] {processor.py:183} INFO - Processing /home/airflow/.local/lib/python3.8/site-packages/airflow/example_dags/example_skip_dag.py took 0.038 seconds
[2026-03-12T02:29:35.499+0000] {processor.py:161} INFO - Started process (PID=2236) to work on /home/airflow/.local/lib/python3.8/site-packages/airflow/example_dags/example_skip_dag.py
[2026-03-12T02:29:35.499+0000] {processor.py:830} INFO - Processing file /home/airflow/.local/lib/python3.8/site-packages/airflow/example_dags/example_skip_dag.py for tasks to queue
[2026-03-12T02:29:35.500+0000] {logging_mixin.py:188} INFO - [2026-03-12T02:29:35.500+0000] {dagbag.py:538} INFO - Filling up the DagBag from /home/airflow/.local/lib/python3.8/site-packages/airflow/example_dags/example_skip_dag.py
[2026-03-12T02:29:35.504+0000] {processor.py:840} INFO - DAG(s) 'example_skip_dag' retrieved from /home/airflow/.local/lib/python3.8/site-packages/airflow/example_dags/example_skip_dag.py
[2026-03-12T02:29:35.513+0000] {logging_mixin.py:188} INFO - [2026-03-12T02:29:35.512+0000] {dag.py:3036} INFO - Sync 1 DAGs
[2026-03-12T02:29:35.522+0000] {logging_mixin.py:188} INFO - [2026-03-12T02:29:35.522+0000] {dag.py:3823} INFO - Setting next_dagrun for example_skip_dag to 2026-03-11 00:00:00+00:00, run_after=2026-03-12 00:00:00+00:00
[2026-03-12T02:29:35.532+0000] {processor.py:183} INFO - Processing /home/airflow/.local/lib/python3.8/site-packages/airflow/example_dags/example_skip_dag.py took 0.035 seconds
[2026-03-12T02:30:06.620+0000] {processor.py:161} INFO - Started process (PID=2312) to work on /home/airflow/.local/lib/python3.8/site-packages/airflow/example_dags/example_skip_dag.py
[2026-03-12T02:30:06.620+0000] {processor.py:830} INFO - Processing file /home/airflow/.local/lib/python3.8/site-packages/airflow/example_dags/example_skip_dag.py for tasks to queue
[2026-03-12T02:30:06.621+0000] {logging_mixin.py:188} INFO - [2026-03-12T02:30:06.621+0000] {dagbag.py:538} INFO - Filling up the DagBag from /home/airflow/.local/lib/python3.8/site-packages/airflow/example_dags/example_skip_dag.py
[2026-03-12T02:30:06.623+0000] {processor.py:840} INFO - DAG(s) 'example_skip_dag' retrieved from /home/airflow/.local/lib/python3.8/site-packages/airflow/example_dags/example_skip_dag.py
[2026-03-12T02:30:06.632+0000] {logging_mixin.py:188} INFO - [2026-03-12T02:30:06.632+0000] {dag.py:3036} INFO - Sync 1 DAGs
[2026-03-12T02:30:06.639+0000] {logging_mixin.py:188} INFO - [2026-03-12T02:30:06.639+0000] {dag.py:3823} INFO - Setting next_dagrun for example_skip_dag to 2026-03-11 00:00:00+00:00, run_after=2026-03-12 00:00:00+00:00
[2026-03-12T02:30:06.654+0000] {processor.py:183} INFO - Processing /home/airflow/.local/lib/python3.8/site-packages/airflow/example_dags/example_skip_dag.py took 0.035 seconds
[2026-03-12T02:30:37.519+0000] {processor.py:161} INFO - Started process (PID=2388) to work on /home/airflow/.local/lib/python3.8/site-packages/airflow/example_dags/example_skip_dag.py
[2026-03-12T02:30:37.520+0000] {processor.py:830} INFO - Processing file /home/airflow/.local/lib/python3.8/site-packages/airflow/example_dags/example_skip_dag.py for tasks to queue
[2026-03-12T02:30:37.521+0000] {logging_mixin.py:188} INFO - [2026-03-12T02:30:37.521+0000] {dagbag.py:538} INFO - Filling up the DagBag from /home/airflow/.local/lib/python3.8/site-packages/airflow/example_dags/example_skip_dag.py
[2026-03-12T02:30:37.523+0000] {processor.py:840} INFO - DAG(s) 'example_skip_dag' retrieved from /home/airflow/.local/lib/python3.8/site-packages/airflow/example_dags/example_skip_dag.py
[2026-03-12T02:30:37.532+0000] {logging_mixin.py:188} INFO - [2026-03-12T02:30:37.531+0000] {dag.py:3036} INFO - Sync 1 DAGs
[2026-03-12T02:30:37.540+0000] {logging_mixin.py:188} INFO - [2026-03-12T02:30:37.540+0000] {dag.py:3823} INFO - Setting next_dagrun for example_skip_dag to 2026-03-11 00:00:00+00:00, run_after=2026-03-12 00:00:00+00:00
[2026-03-12T02:30:37.549+0000] {processor.py:183} INFO - Processing /home/airflow/.local/lib/python3.8/site-packages/airflow/example_dags/example_skip_dag.py took 0.031 seconds
[2026-03-12T02:31:08.528+0000] {processor.py:161} INFO - Started process (PID=2464) to work on /home/airflow/.local/lib/python3.8/site-packages/airflow/example_dags/example_skip_dag.py
[2026-03-12T02:31:08.528+0000] {processor.py:830} INFO - Processing file /home/airflow/.local/lib/python3.8/site-packages/airflow/example_dags/example_skip_dag.py for tasks to queue
[2026-03-12T02:31:08.529+0000] {logging_mixin.py:188} INFO - [2026-03-12T02:31:08.529+0000] {dagbag.py:538} INFO - Filling up the DagBag from /home/airflow/.local/lib/python3.8/site-packages/airflow/example_dags/example_skip_dag.py
[2026-03-12T02:31:08.531+0000] {processor.py:840} INFO - DAG(s) 'example_skip_dag' retrieved from /home/airflow/.local/lib/python3.8/site-packages/airflow/example_dags/example_skip_dag.py
[2026-03-12T02:31:08.539+0000] {logging_mixin.py:188} INFO - [2026-03-12T02:31:08.538+0000] {dag.py:3036} INFO - Sync 1 DAGs
[2026-03-12T02:31:08.545+0000] {logging_mixin.py:188} INFO - [2026-03-12T02:31:08.545+0000] {dag.py:3823} INFO - Setting next_dagrun for example_skip_dag to 2026-03-11 00:00:00+00:00, run_after=2026-03-12 00:00:00+00:00
[2026-03-12T02:31:08.550+0000] {processor.py:183} INFO - Processing /home/airflow/.local/lib/python3.8/site-packages/airflow/example_dags/example_skip_dag.py took 0.024 seconds
[2026-03-12T02:31:39.465+0000] {processor.py:161} INFO - Started process (PID=2540) to work on /home/airflow/.local/lib/python3.8/site-packages/airflow/example_dags/example_skip_dag.py
[2026-03-12T02:31:39.466+0000] {processor.py:830} INFO - Processing file /home/airflow/.local/lib/python3.8/site-packages/airflow/example_dags/example_skip_dag.py for tasks to queue
[2026-03-12T02:31:39.466+0000] {logging_mixin.py:188} INFO - [2026-03-12T02:31:39.466+0000] {dagbag.py:538} INFO - Filling up the DagBag from /home/airflow/.local/lib/python3.8/site-packages/airflow/example_dags/example_skip_dag.py
[2026-03-12T02:31:39.469+0000] {processor.py:840} INFO - DAG(s) 'example_skip_dag' retrieved from /home/airflow/.local/lib/python3.8/site-packages/airflow/example_dags/example_skip_dag.py
[2026-03-12T02:31:39.476+0000] {logging_mixin.py:188} INFO - [2026-03-12T02:31:39.476+0000] {dag.py:3036} INFO - Sync 1 DAGs
[2026-03-12T02:31:39.483+0000] {logging_mixin.py:188} INFO - [2026-03-12T02:31:39.483+0000] {dag.py:3823} INFO - Setting next_dagrun for example_skip_dag to 2026-03-11 00:00:00+00:00, run_after=2026-03-12 00:00:00+00:00
[2026-03-12T02:31:39.488+0000] {processor.py:183} INFO - Processing /home/airflow/.local/lib/python3.8/site-packages/airflow/example_dags/example_skip_dag.py took 0.024 seconds
[2026-03-12T02:32:10.593+0000] {processor.py:161} INFO - Started process (PID=2622) to work on /home/airflow/.local/lib/python3.8/site-packages/airflow/example_dags/example_skip_dag.py
[2026-03-12T02:32:10.594+0000] {processor.py:830} INFO - Processing file /home/airflow/.local/lib/python3.8/site-packages/airflow/example_dags/example_skip_dag.py for tasks to queue
[2026-03-12T02:32:10.595+0000] {logging_mixin.py:188} INFO - [2026-03-12T02:32:10.595+0000] {dagbag.py:538} INFO - Filling up the DagBag from /home/airflow/.local/lib/python3.8/site-packages/airflow/example_dags/example_skip_dag.py
[2026-03-12T02:32:10.598+0000] {processor.py:840} INFO - DAG(s) 'example_skip_dag' retrieved from /home/airflow/.local/lib/python3.8/site-packages/airflow/example_dags/example_skip_dag.py
[2026-03-12T02:32:10.607+0000] {logging_mixin.py:188} INFO - [2026-03-12T02:32:10.607+0000] {dag.py:3036} INFO - Sync 1 DAGs
[2026-03-12T02:32:10.618+0000] {logging_mixin.py:188} INFO - [2026-03-12T02:32:10.618+0000] {dag.py:3823} INFO - Setting next_dagrun for example_skip_dag to 2026-03-11 00:00:00+00:00, run_after=2026-03-12 00:00:00+00:00
[2026-03-12T02:32:10.624+0000] {processor.py:183} INFO - Processing /home/airflow/.local/lib/python3.8/site-packages/airflow/example_dags/example_skip_dag.py took 0.032 seconds
[2026-03-12T02:32:42.344+0000] {processor.py:161} INFO - Started process (PID=2698) to work on /home/airflow/.local/lib/python3.8/site-packages/airflow/example_dags/example_skip_dag.py
[2026-03-12T02:32:42.345+0000] {processor.py:830} INFO - Processing file /home/airflow/.local/lib/python3.8/site-packages/airflow/example_dags/example_skip_dag.py for tasks to queue
[2026-03-12T02:32:42.346+0000] {logging_mixin.py:188} INFO - [2026-03-12T02:32:42.345+0000] {dagbag.py:538} INFO - Filling up the DagBag from /home/airflow/.local/lib/python3.8/site-packages/airflow/example_dags/example_skip_dag.py
[2026-03-12T02:32:42.349+0000] {processor.py:840} INFO - DAG(s) 'example_skip_dag' retrieved from /home/airflow/.local/lib/python3.8/site-packages/airflow/example_dags/example_skip_dag.py
[2026-03-12T02:32:42.361+0000] {logging_mixin.py:188} INFO - [2026-03-12T02:32:42.361+0000] {dag.py:3036} INFO - Sync 1 DAGs
[2026-03-12T02:32:42.372+0000] {logging_mixin.py:188} INFO - [2026-03-12T02:32:42.372+0000] {dag.py:3823} INFO - Setting next_dagrun for example_skip_dag to 2026-03-11 00:00:00+00:00, run_after=2026-03-12 00:00:00+00:00
[2026-03-12T02:32:42.386+0000] {processor.py:183} INFO - Processing /home/airflow/.local/lib/python3.8/site-packages/airflow/example_dags/example_skip_dag.py took 0.044 seconds
[2026-03-12T02:33:13.295+0000] {processor.py:161} INFO - Started process (PID=2774) to work on /home/airflow/.local/lib/python3.8/site-packages/airflow/example_dags/example_skip_dag.py
[2026-03-12T02:33:13.296+0000] {processor.py:830} INFO - Processing file /home/airflow/.local/lib/python3.8/site-packages/airflow/example_dags/example_skip_dag.py for tasks to queue
[2026-03-12T02:33:13.296+0000] {logging_mixin.py:188} INFO - [2026-03-12T02:33:13.296+0000] {dagbag.py:538} INFO - Filling up the DagBag from /home/airflow/.local/lib/python3.8/site-packages/airflow/example_dags/example_skip_dag.py
[2026-03-12T02:33:13.299+0000] {processor.py:840} INFO - DAG(s) 'example_skip_dag' retrieved from /home/airflow/.local/lib/python3.8/site-packages/airflow/example_dags/example_skip_dag.py
[2026-03-12T02:33:13.316+0000] {logging_mixin.py:188} INFO - [2026-03-12T02:33:13.316+0000] {dag.py:3036} INFO - Sync 1 DAGs
[2026-03-12T02:33:13.331+0000] {logging_mixin.py:188} INFO - [2026-03-12T02:33:13.331+0000] {dag.py:3823} INFO - Setting next_dagrun for example_skip_dag to 2026-03-11 00:00:00+00:00, run_after=2026-03-12 00:00:00+00:00
[2026-03-12T02:33:13.338+0000] {processor.py:183} INFO - Processing /home/airflow/.local/lib/python3.8/site-packages/airflow/example_dags/example_skip_dag.py took 0.045 seconds
[2026-03-12T02:33:44.246+0000] {processor.py:161} INFO - Started process (PID=2850) to work on /home/airflow/.local/lib/python3.8/site-packages/airflow/example_dags/example_skip_dag.py
[2026-03-12T02:33:44.247+0000] {processor.py:830} INFO - Processing file /home/airflow/.local/lib/python3.8/site-packages/airflow/example_dags/example_skip_dag.py for tasks to queue
[2026-03-12T02:33:44.248+0000] {logging_mixin.py:188} INFO - [2026-03-12T02:33:44.248+0000] {dagbag.py:538} INFO - Filling up the DagBag from /home/airflow/.local/lib/python3.8/site-packages/airflow/example_dags/example_skip_dag.py
[2026-03-12T02:33:44.251+0000] {processor.py:840} INFO - DAG(s) 'example_skip_dag' retrieved from /home/airflow/.local/lib/python3.8/site-packages/airflow/example_dags/example_skip_dag.py
[2026-03-12T02:33:44.264+0000] {logging_mixin.py:188} INFO - [2026-03-12T02:33:44.264+0000] {dag.py:3036} INFO - Sync 1 DAGs
[2026-03-12T02:33:44.274+0000] {logging_mixin.py:188} INFO - [2026-03-12T02:33:44.274+0000] {dag.py:3823} INFO - Setting next_dagrun for example_skip_dag to 2026-03-11 00:00:00+00:00, run_after=2026-03-12 00:00:00+00:00
[2026-03-12T02:33:44.291+0000] {processor.py:183} INFO - Processing /home/airflow/.local/lib/python3.8/site-packages/airflow/example_dags/example_skip_dag.py took 0.046 seconds
[2026-03-12T02:34:15.185+0000] {processor.py:161} INFO - Started process (PID=2926) to work on /home/airflow/.local/lib/python3.8/site-packages/airflow/example_dags/example_skip_dag.py
[2026-03-12T02:34:15.186+0000] {processor.py:830} INFO - Processing file /home/airflow/.local/lib/python3.8/site-packages/airflow/example_dags/example_skip_dag.py for tasks to queue
[2026-03-12T02:34:15.186+0000] {logging_mixin.py:188} INFO - [2026-03-12T02:34:15.186+0000] {dagbag.py:538} INFO - Filling up the DagBag from /home/airflow/.local/lib/python3.8/site-packages/airflow/example_dags/example_skip_dag.py
[2026-03-12T02:34:15.190+0000] {processor.py:840} INFO - DAG(s) 'example_skip_dag' retrieved from /home/airflow/.local/lib/python3.8/site-packages/airflow/example_dags/example_skip_dag.py
[2026-03-12T02:34:15.199+0000] {logging_mixin.py:188} INFO - [2026-03-12T02:34:15.199+0000] {dag.py:3036} INFO - Sync 1 DAGs
[2026-03-12T02:34:15.207+0000] {logging_mixin.py:188} INFO - [2026-03-12T02:34:15.207+0000] {dag.py:3823} INFO - Setting next_dagrun for example_skip_dag to 2026-03-11 00:00:00+00:00, run_after=2026-03-12 00:00:00+00:00
[2026-03-12T02:34:15.214+0000] {processor.py:183} INFO - Processing /home/airflow/.local/lib/python3.8/site-packages/airflow/example_dags/example_skip_dag.py took 0.031 seconds
[2026-03-12T02:34:46.033+0000] {processor.py:161} INFO - Started process (PID=3002) to work on /home/airflow/.local/lib/python3.8/site-packages/airflow/example_dags/example_skip_dag.py
[2026-03-12T02:34:46.034+0000] {processor.py:830} INFO - Processing file /home/airflow/.local/lib/python3.8/site-packages/airflow/example_dags/example_skip_dag.py for tasks to queue
[2026-03-12T02:34:46.034+0000] {logging_mixin.py:188} INFO - [2026-03-12T02:34:46.034+0000] {dagbag.py:538} INFO - Filling up the DagBag from /home/airflow/.local/lib/python3.8/site-packages/airflow/example_dags/example_skip_dag.py
[2026-03-12T02:34:46.037+0000] {processor.py:840} INFO - DAG(s) 'example_skip_dag' retrieved from /home/airflow/.local/lib/python3.8/site-packages/airflow/example_dags/example_skip_dag.py
[2026-03-12T02:34:46.047+0000] {logging_mixin.py:188} INFO - [2026-03-12T02:34:46.046+0000] {dag.py:3036} INFO - Sync 1 DAGs
[2026-03-12T02:34:46.056+0000] {logging_mixin.py:188} INFO - [2026-03-12T02:34:46.056+0000] {dag.py:3823} INFO - Setting next_dagrun for example_skip_dag to 2026-03-11 00:00:00+00:00, run_after=2026-03-12 00:00:00+00:00
[2026-03-12T02:34:46.063+0000] {processor.py:183} INFO - Processing /home/airflow/.local/lib/python3.8/site-packages/airflow/example_dags/example_skip_dag.py took 0.031 seconds
[2026-03-12T02:35:16.813+0000] {processor.py:161} INFO - Started process (PID=3078) to work on /home/airflow/.local/lib/python3.8/site-packages/airflow/example_dags/example_skip_dag.py
[2026-03-12T02:35:16.813+0000] {processor.py:830} INFO - Processing file /home/airflow/.local/lib/python3.8/site-packages/airflow/example_dags/example_skip_dag.py for tasks to queue
[2026-03-12T02:35:16.814+0000] {logging_mixin.py:188} INFO - [2026-03-12T02:35:16.814+0000] {dagbag.py:538} INFO - Filling up the DagBag from /home/airflow/.local/lib/python3.8/site-packages/airflow/example_dags/example_skip_dag.py
[2026-03-12T02:35:16.817+0000] {processor.py:840} INFO - DAG(s) 'example_skip_dag' retrieved from /home/airflow/.local/lib/python3.8/site-packages/airflow/example_dags/example_skip_dag.py
[2026-03-12T02:35:16.824+0000] {logging_mixin.py:188} INFO - [2026-03-12T02:35:16.824+0000] {dag.py:3036} INFO - Sync 1 DAGs
[2026-03-12T02:35:16.831+0000] {logging_mixin.py:188} INFO - [2026-03-12T02:35:16.830+0000] {dag.py:3823} INFO - Setting next_dagrun for example_skip_dag to 2026-03-11 00:00:00+00:00, run_after=2026-03-12 00:00:00+00:00
[2026-03-12T02:35:16.836+0000] {processor.py:183} INFO - Processing /home/airflow/.local/lib/python3.8/site-packages/airflow/example_dags/example_skip_dag.py took 0.024 seconds
[2026-03-12T02:35:47.589+0000] {processor.py:161} INFO - Started process (PID=3154) to work on /home/airflow/.local/lib/python3.8/site-packages/airflow/example_dags/example_skip_dag.py
[2026-03-12T02:35:47.589+0000] {processor.py:830} INFO - Processing file /home/airflow/.local/lib/python3.8/site-packages/airflow/example_dags/example_skip_dag.py for tasks to queue
[2026-03-12T02:35:47.591+0000] {logging_mixin.py:188} INFO - [2026-03-12T02:35:47.591+0000] {dagbag.py:538} INFO - Filling up the DagBag from /home/airflow/.local/lib/python3.8/site-packages/airflow/example_dags/example_skip_dag.py
[2026-03-12T02:35:47.596+0000] {processor.py:840} INFO - DAG(s) 'example_skip_dag' retrieved from /home/airflow/.local/lib/python3.8/site-packages/airflow/example_dags/example_skip_dag.py
[2026-03-12T02:35:47.606+0000] {logging_mixin.py:188} INFO - [2026-03-12T02:35:47.606+0000] {dag.py:3036} INFO - Sync 1 DAGs
[2026-03-12T02:35:47.614+0000] {logging_mixin.py:188} INFO - [2026-03-12T02:35:47.614+0000] {dag.py:3823} INFO - Setting next_dagrun for example_skip_dag to 2026-03-11 00:00:00+00:00, run_after=2026-03-12 00:00:00+00:00
[2026-03-12T02:35:47.624+0000] {processor.py:183} INFO - Processing /home/airflow/.local/lib/python3.8/site-packages/airflow/example_dags/example_skip_dag.py took 0.036 seconds
[2026-03-12T02:36:18.476+0000] {processor.py:161} INFO - Started process (PID=3230) to work on /home/airflow/.local/lib/python3.8/site-packages/airflow/example_dags/example_skip_dag.py
[2026-03-12T02:36:18.477+0000] {processor.py:830} INFO - Processing file /home/airflow/.local/lib/python3.8/site-packages/airflow/example_dags/example_skip_dag.py for tasks to queue
[2026-03-12T02:36:18.479+0000] {logging_mixin.py:188} INFO - [2026-03-12T02:36:18.479+0000] {dagbag.py:538} INFO - Filling up the DagBag from /home/airflow/.local/lib/python3.8/site-packages/airflow/example_dags/example_skip_dag.py
[2026-03-12T02:36:18.481+0000] {processor.py:840} INFO - DAG(s) 'example_skip_dag' retrieved from /home/airflow/.local/lib/python3.8/site-packages/airflow/example_dags/example_skip_dag.py
[2026-03-12T02:36:18.490+0000] {logging_mixin.py:188} INFO - [2026-03-12T02:36:18.490+0000] {dag.py:3036} INFO - Sync 1 DAGs
[2026-03-12T02:36:18.502+0000] {logging_mixin.py:188} INFO - [2026-03-12T02:36:18.502+0000] {dag.py:3823} INFO - Setting next_dagrun for example_skip_dag to 2026-03-11 00:00:00+00:00, run_after=2026-03-12 00:00:00+00:00
[2026-03-12T02:36:18.511+0000] {processor.py:183} INFO - Processing /home/airflow/.local/lib/python3.8/site-packages/airflow/example_dags/example_skip_dag.py took 0.036 seconds
[2026-03-12T02:36:49.071+0000] {processor.py:161} INFO - Started process (PID=3306) to work on /home/airflow/.local/lib/python3.8/site-packages/airflow/example_dags/example_skip_dag.py
[2026-03-12T02:36:49.072+0000] {processor.py:830} INFO - Processing file /home/airflow/.local/lib/python3.8/site-packages/airflow/example_dags/example_skip_dag.py for tasks to queue
[2026-03-12T02:36:49.073+0000] {logging_mixin.py:188} INFO - [2026-03-12T02:36:49.073+0000] {dagbag.py:538} INFO - Filling up the DagBag from /home/airflow/.local/lib/python3.8/site-packages/airflow/example_dags/example_skip_dag.py
[2026-03-12T02:36:49.077+0000] {processor.py:840} INFO - DAG(s) 'example_skip_dag' retrieved from /home/airflow/.local/lib/python3.8/site-packages/airflow/example_dags/example_skip_dag.py
[2026-03-12T02:36:49.087+0000] {logging_mixin.py:188} INFO - [2026-03-12T02:36:49.087+0000] {dag.py:3036} INFO - Sync 1 DAGs
[2026-03-12T02:36:49.096+0000] {logging_mixin.py:188} INFO - [2026-03-12T02:36:49.096+0000] {dag.py:3823} INFO - Setting next_dagrun for example_skip_dag to 2026-03-11 00:00:00+00:00, run_after=2026-03-12 00:00:00+00:00
[2026-03-12T02:36:49.108+0000] {processor.py:183} INFO - Processing /home/airflow/.local/lib/python3.8/site-packages/airflow/example_dags/example_skip_dag.py took 0.039 seconds
[2026-03-12T02:37:19.852+0000] {processor.py:161} INFO - Started process (PID=3382) to work on /home/airflow/.local/lib/python3.8/site-packages/airflow/example_dags/example_skip_dag.py
[2026-03-12T02:37:19.853+0000] {processor.py:830} INFO - Processing file /home/airflow/.local/lib/python3.8/site-packages/airflow/example_dags/example_skip_dag.py for tasks to queue
[2026-03-12T02:37:19.854+0000] {logging_mixin.py:188} INFO - [2026-03-12T02:37:19.854+0000] {dagbag.py:538} INFO - Filling up the DagBag from /home/airflow/.local/lib/python3.8/site-packages/airflow/example_dags/example_skip_dag.py
[2026-03-12T02:37:19.856+0000] {processor.py:840} INFO - DAG(s) 'example_skip_dag' retrieved from /home/airflow/.local/lib/python3.8/site-packages/airflow/example_dags/example_skip_dag.py
[2026-03-12T02:37:19.865+0000] {logging_mixin.py:188} INFO - [2026-03-12T02:37:19.865+0000] {dag.py:3036} INFO - Sync 1 DAGs
[2026-03-12T02:37:19.877+0000] {logging_mixin.py:188} INFO - [2026-03-12T02:37:19.876+0000] {dag.py:3823} INFO - Setting next_dagrun for example_skip_dag to 2026-03-11 00:00:00+00:00, run_after=2026-03-12 00:00:00+00:00
[2026-03-12T02:37:19.889+0000] {processor.py:183} INFO - Processing /home/airflow/.local/lib/python3.8/site-packages/airflow/example_dags/example_skip_dag.py took 0.038 seconds
[2026-03-12T02:37:50.656+0000] {processor.py:161} INFO - Started process (PID=3458) to work on /home/airflow/.local/lib/python3.8/site-packages/airflow/example_dags/example_skip_dag.py
[2026-03-12T02:37:50.657+0000] {processor.py:830} INFO - Processing file /home/airflow/.local/lib/python3.8/site-packages/airflow/example_dags/example_skip_dag.py for tasks to queue
[2026-03-12T02:37:50.658+0000] {logging_mixin.py:188} INFO - [2026-03-12T02:37:50.658+0000] {dagbag.py:538} INFO - Filling up the DagBag from /home/airflow/.local/lib/python3.8/site-packages/airflow/example_dags/example_skip_dag.py
[2026-03-12T02:37:50.661+0000] {processor.py:840} INFO - DAG(s) 'example_skip_dag' retrieved from /home/airflow/.local/lib/python3.8/site-packages/airflow/example_dags/example_skip_dag.py
[2026-03-12T02:37:50.669+0000] {logging_mixin.py:188} INFO - [2026-03-12T02:37:50.669+0000] {dag.py:3036} INFO - Sync 1 DAGs
[2026-03-12T02:37:50.678+0000] {logging_mixin.py:188} INFO - [2026-03-12T02:37:50.677+0000] {dag.py:3823} INFO - Setting next_dagrun for example_skip_dag to 2026-03-11 00:00:00+00:00, run_after=2026-03-12 00:00:00+00:00
[2026-03-12T02:37:50.684+0000] {processor.py:183} INFO - Processing /home/airflow/.local/lib/python3.8/site-packages/airflow/example_dags/example_skip_dag.py took 0.030 seconds
[2026-03-12T02:38:21.026+0000] {processor.py:161} INFO - Started process (PID=3534) to work on /home/airflow/.local/lib/python3.8/site-packages/airflow/example_dags/example_skip_dag.py
[2026-03-12T02:38:21.026+0000] {processor.py:830} INFO - Processing file /home/airflow/.local/lib/python3.8/site-packages/airflow/example_dags/example_skip_dag.py for tasks to queue
[2026-03-12T02:38:21.027+0000] {logging_mixin.py:188} INFO - [2026-03-12T02:38:21.027+0000] {dagbag.py:538} INFO - Filling up the DagBag from /home/airflow/.local/lib/python3.8/site-packages/airflow/example_dags/example_skip_dag.py
[2026-03-12T02:38:21.029+0000] {processor.py:840} INFO - DAG(s) 'example_skip_dag' retrieved from /home/airflow/.local/lib/python3.8/site-packages/airflow/example_dags/example_skip_dag.py
[2026-03-12T02:38:21.037+0000] {logging_mixin.py:188} INFO - [2026-03-12T02:38:21.037+0000] {dag.py:3036} INFO - Sync 1 DAGs
[2026-03-12T02:38:21.044+0000] {logging_mixin.py:188} INFO - [2026-03-12T02:38:21.044+0000] {dag.py:3823} INFO - Setting next_dagrun for example_skip_dag to 2026-03-11 00:00:00+00:00, run_after=2026-03-12 00:00:00+00:00
[2026-03-12T02:38:21.049+0000] {processor.py:183} INFO - Processing /home/airflow/.local/lib/python3.8/site-packages/airflow/example_dags/example_skip_dag.py took 0.025 seconds
[2026-03-12T02:38:51.189+0000] {processor.py:161} INFO - Started process (PID=3610) to work on /home/airflow/.local/lib/python3.8/site-packages/airflow/example_dags/example_skip_dag.py
[2026-03-12T02:38:51.189+0000] {processor.py:830} INFO - Processing file /home/airflow/.local/lib/python3.8/site-packages/airflow/example_dags/example_skip_dag.py for tasks to queue
[2026-03-12T02:38:51.190+0000] {logging_mixin.py:188} INFO - [2026-03-12T02:38:51.190+0000] {dagbag.py:538} INFO - Filling up the DagBag from /home/airflow/.local/lib/python3.8/site-packages/airflow/example_dags/example_skip_dag.py
[2026-03-12T02:38:51.193+0000] {processor.py:840} INFO - DAG(s) 'example_skip_dag' retrieved from /home/airflow/.local/lib/python3.8/site-packages/airflow/example_dags/example_skip_dag.py
[2026-03-12T02:38:51.206+0000] {logging_mixin.py:188} INFO - [2026-03-12T02:38:51.206+0000] {dag.py:3036} INFO - Sync 1 DAGs
[2026-03-12T02:38:51.216+0000] {logging_mixin.py:188} INFO - [2026-03-12T02:38:51.216+0000] {dag.py:3823} INFO - Setting next_dagrun for example_skip_dag to 2026-03-11 00:00:00+00:00, run_after=2026-03-12 00:00:00+00:00
[2026-03-12T02:38:51.228+0000] {processor.py:183} INFO - Processing /home/airflow/.local/lib/python3.8/site-packages/airflow/example_dags/example_skip_dag.py took 0.041 seconds
[2026-03-12T02:39:21.494+0000] {processor.py:161} INFO - Started process (PID=3686) to work on /home/airflow/.local/lib/python3.8/site-packages/airflow/example_dags/example_skip_dag.py
[2026-03-12T02:39:21.495+0000] {processor.py:830} INFO - Processing file /home/airflow/.local/lib/python3.8/site-packages/airflow/example_dags/example_skip_dag.py for tasks to queue
[2026-03-12T02:39:21.496+0000] {logging_mixin.py:188} INFO - [2026-03-12T02:39:21.496+0000] {dagbag.py:538} INFO - Filling up the DagBag from /home/airflow/.local/lib/python3.8/site-packages/airflow/example_dags/example_skip_dag.py
[2026-03-12T02:39:21.498+0000] {processor.py:840} INFO - DAG(s) 'example_skip_dag' retrieved from /home/airflow/.local/lib/python3.8/site-packages/airflow/example_dags/example_skip_dag.py
[2026-03-12T02:39:21.505+0000] {logging_mixin.py:188} INFO - [2026-03-12T02:39:21.505+0000] {dag.py:3036} INFO - Sync 1 DAGs
[2026-03-12T02:39:21.512+0000] {logging_mixin.py:188} INFO - [2026-03-12T02:39:21.512+0000] {dag.py:3823} INFO - Setting next_dagrun for example_skip_dag to 2026-03-11 00:00:00+00:00, run_after=2026-03-12 00:00:00+00:00
[2026-03-12T02:39:21.517+0000] {processor.py:183} INFO - Processing /home/airflow/.local/lib/python3.8/site-packages/airflow/example_dags/example_skip_dag.py took 0.024 seconds
[2026-03-12T02:39:52.612+0000] {processor.py:161} INFO - Started process (PID=3762) to work on /home/airflow/.local/lib/python3.8/site-packages/airflow/example_dags/example_skip_dag.py
[2026-03-12T02:39:52.615+0000] {processor.py:830} INFO - Processing file /home/airflow/.local/lib/python3.8/site-packages/airflow/example_dags/example_skip_dag.py for tasks to queue
[2026-03-12T02:39:52.615+0000] {logging_mixin.py:188} INFO - [2026-03-12T02:39:52.615+0000] {dagbag.py:538} INFO - Filling up the DagBag from /home/airflow/.local/lib/python3.8/site-packages/airflow/example_dags/example_skip_dag.py
[2026-03-12T02:39:52.618+0000] {processor.py:840} INFO - DAG(s) 'example_skip_dag' retrieved from /home/airflow/.local/lib/python3.8/site-packages/airflow/example_dags/example_skip_dag.py
[2026-03-12T02:39:52.631+0000] {logging_mixin.py:188} INFO - [2026-03-12T02:39:52.631+0000] {dag.py:3036} INFO - Sync 1 DAGs
[2026-03-12T02:39:52.641+0000] {logging_mixin.py:188} INFO - [2026-03-12T02:39:52.641+0000] {dag.py:3823} INFO - Setting next_dagrun for example_skip_dag to 2026-03-11 00:00:00+00:00, run_after=2026-03-12 00:00:00+00:00
[2026-03-12T02:39:52.650+0000] {processor.py:183} INFO - Processing /home/airflow/.local/lib/python3.8/site-packages/airflow/example_dags/example_skip_dag.py took 0.040 seconds
[2026-03-12T02:40:23.792+0000] {processor.py:161} INFO - Started process (PID=3838) to work on /home/airflow/.local/lib/python3.8/site-packages/airflow/example_dags/example_skip_dag.py
[2026-03-12T02:40:23.793+0000] {processor.py:830} INFO - Processing file /home/airflow/.local/lib/python3.8/site-packages/airflow/example_dags/example_skip_dag.py for tasks to queue
[2026-03-12T02:40:23.793+0000] {logging_mixin.py:188} INFO - [2026-03-12T02:40:23.793+0000] {dagbag.py:538} INFO - Filling up the DagBag from /home/airflow/.local/lib/python3.8/site-packages/airflow/example_dags/example_skip_dag.py
[2026-03-12T02:40:23.796+0000] {processor.py:840} INFO - DAG(s) 'example_skip_dag' retrieved from /home/airflow/.local/lib/python3.8/site-packages/airflow/example_dags/example_skip_dag.py
[2026-03-12T02:40:23.804+0000] {logging_mixin.py:188} INFO - [2026-03-12T02:40:23.804+0000] {dag.py:3036} INFO - Sync 1 DAGs
[2026-03-12T02:40:23.812+0000] {logging_mixin.py:188} INFO - [2026-03-12T02:40:23.811+0000] {dag.py:3823} INFO - Setting next_dagrun for example_skip_dag to 2026-03-11 00:00:00+00:00, run_after=2026-03-12 00:00:00+00:00
[2026-03-12T02:40:23.818+0000] {processor.py:183} INFO - Processing /home/airflow/.local/lib/python3.8/site-packages/airflow/example_dags/example_skip_dag.py took 0.028 seconds
[2026-03-12T02:40:54.772+0000] {processor.py:161} INFO - Started process (PID=3914) to work on /home/airflow/.local/lib/python3.8/site-packages/airflow/example_dags/example_skip_dag.py
[2026-03-12T02:40:54.773+0000] {processor.py:830} INFO - Processing file /home/airflow/.local/lib/python3.8/site-packages/airflow/example_dags/example_skip_dag.py for tasks to queue
[2026-03-12T02:40:54.774+0000] {logging_mixin.py:188} INFO - [2026-03-12T02:40:54.774+0000] {dagbag.py:538} INFO - Filling up the DagBag from /home/airflow/.local/lib/python3.8/site-packages/airflow/example_dags/example_skip_dag.py
[2026-03-12T02:40:54.777+0000] {processor.py:840} INFO - DAG(s) 'example_skip_dag' retrieved from /home/airflow/.local/lib/python3.8/site-packages/airflow/example_dags/example_skip_dag.py
[2026-03-12T02:40:54.785+0000] {logging_mixin.py:188} INFO - [2026-03-12T02:40:54.785+0000] {dag.py:3036} INFO - Sync 1 DAGs
[2026-03-12T02:40:54.796+0000] {logging_mixin.py:188} INFO - [2026-03-12T02:40:54.796+0000] {dag.py:3823} INFO - Setting next_dagrun for example_skip_dag to 2026-03-11 00:00:00+00:00, run_after=2026-03-12 00:00:00+00:00
[2026-03-12T02:40:54.806+0000] {processor.py:183} INFO - Processing /home/airflow/.local/lib/python3.8/site-packages/airflow/example_dags/example_skip_dag.py took 0.035 seconds
[2026-03-12T02:41:25.612+0000] {processor.py:161} INFO - Started process (PID=3990) to work on /home/airflow/.local/lib/python3.8/site-packages/airflow/example_dags/example_skip_dag.py
[2026-03-12T02:41:25.613+0000] {processor.py:830} INFO - Processing file /home/airflow/.local/lib/python3.8/site-packages/airflow/example_dags/example_skip_dag.py for tasks to queue
[2026-03-12T02:41:25.614+0000] {logging_mixin.py:188} INFO - [2026-03-12T02:41:25.614+0000] {dagbag.py:538} INFO - Filling up the DagBag from /home/airflow/.local/lib/python3.8/site-packages/airflow/example_dags/example_skip_dag.py
[2026-03-12T02:41:25.616+0000] {processor.py:840} INFO - DAG(s) 'example_skip_dag' retrieved from /home/airflow/.local/lib/python3.8/site-packages/airflow/example_dags/example_skip_dag.py
[2026-03-12T02:41:25.623+0000] {logging_mixin.py:188} INFO - [2026-03-12T02:41:25.623+0000] {dag.py:3036} INFO - Sync 1 DAGs
[2026-03-12T02:41:25.630+0000] {logging_mixin.py:188} INFO - [2026-03-12T02:41:25.630+0000] {dag.py:3823} INFO - Setting next_dagrun for example_skip_dag to 2026-03-11 00:00:00+00:00, run_after=2026-03-12 00:00:00+00:00
[2026-03-12T02:41:25.636+0000] {processor.py:183} INFO - Processing /home/airflow/.local/lib/python3.8/site-packages/airflow/example_dags/example_skip_dag.py took 0.024 seconds
[2026-03-12T02:41:56.403+0000] {processor.py:161} INFO - Started process (PID=4066) to work on /home/airflow/.local/lib/python3.8/site-packages/airflow/example_dags/example_skip_dag.py
[2026-03-12T02:41:56.404+0000] {processor.py:830} INFO - Processing file /home/airflow/.local/lib/python3.8/site-packages/airflow/example_dags/example_skip_dag.py for tasks to queue
[2026-03-12T02:41:56.405+0000] {logging_mixin.py:188} INFO - [2026-03-12T02:41:56.404+0000] {dagbag.py:538} INFO - Filling up the DagBag from /home/airflow/.local/lib/python3.8/site-packages/airflow/example_dags/example_skip_dag.py
[2026-03-12T02:41:56.407+0000] {processor.py:840} INFO - DAG(s) 'example_skip_dag' retrieved from /home/airflow/.local/lib/python3.8/site-packages/airflow/example_dags/example_skip_dag.py
[2026-03-12T02:41:56.416+0000] {logging_mixin.py:188} INFO - [2026-03-12T02:41:56.416+0000] {dag.py:3036} INFO - Sync 1 DAGs
[2026-03-12T02:41:56.424+0000] {logging_mixin.py:188} INFO - [2026-03-12T02:41:56.424+0000] {dag.py:3823} INFO - Setting next_dagrun for example_skip_dag to 2026-03-11 00:00:00+00:00, run_after=2026-03-12 00:00:00+00:00
[2026-03-12T02:41:56.430+0000] {processor.py:183} INFO - Processing /home/airflow/.local/lib/python3.8/site-packages/airflow/example_dags/example_skip_dag.py took 0.028 seconds
[2026-03-12T02:42:27.505+0000] {processor.py:161} INFO - Started process (PID=4142) to work on /home/airflow/.local/lib/python3.8/site-packages/airflow/example_dags/example_skip_dag.py
[2026-03-12T02:42:27.506+0000] {processor.py:830} INFO - Processing file /home/airflow/.local/lib/python3.8/site-packages/airflow/example_dags/example_skip_dag.py for tasks to queue
[2026-03-12T02:42:27.507+0000] {logging_mixin.py:188} INFO - [2026-03-12T02:42:27.507+0000] {dagbag.py:538} INFO - Filling up the DagBag from /home/airflow/.local/lib/python3.8/site-packages/airflow/example_dags/example_skip_dag.py
[2026-03-12T02:42:27.509+0000] {processor.py:840} INFO - DAG(s) 'example_skip_dag' retrieved from /home/airflow/.local/lib/python3.8/site-packages/airflow/example_dags/example_skip_dag.py
[2026-03-12T02:42:27.523+0000] {logging_mixin.py:188} INFO - [2026-03-12T02:42:27.522+0000] {dag.py:3036} INFO - Sync 1 DAGs
[2026-03-12T02:42:27.593+0000] {logging_mixin.py:188} INFO - [2026-03-12T02:42:27.593+0000] {dag.py:3823} INFO - Setting next_dagrun for example_skip_dag to 2026-03-11 00:00:00+00:00, run_after=2026-03-12 00:00:00+00:00
[2026-03-12T02:42:27.602+0000] {processor.py:183} INFO - Processing /home/airflow/.local/lib/python3.8/site-packages/airflow/example_dags/example_skip_dag.py took 0.099 seconds
[2026-03-12T02:42:58.523+0000] {processor.py:161} INFO - Started process (PID=4218) to work on /home/airflow/.local/lib/python3.8/site-packages/airflow/example_dags/example_skip_dag.py
[2026-03-12T02:42:58.524+0000] {processor.py:830} INFO - Processing file /home/airflow/.local/lib/python3.8/site-packages/airflow/example_dags/example_skip_dag.py for tasks to queue
[2026-03-12T02:42:58.525+0000] {logging_mixin.py:188} INFO - [2026-03-12T02:42:58.524+0000] {dagbag.py:538} INFO - Filling up the DagBag from /home/airflow/.local/lib/python3.8/site-packages/airflow/example_dags/example_skip_dag.py
[2026-03-12T02:42:58.527+0000] {processor.py:840} INFO - DAG(s) 'example_skip_dag' retrieved from /home/airflow/.local/lib/python3.8/site-packages/airflow/example_dags/example_skip_dag.py
[2026-03-12T02:42:58.537+0000] {logging_mixin.py:188} INFO - [2026-03-12T02:42:58.536+0000] {dag.py:3036} INFO - Sync 1 DAGs
[2026-03-12T02:42:58.545+0000] {logging_mixin.py:188} INFO - [2026-03-12T02:42:58.545+0000] {dag.py:3823} INFO - Setting next_dagrun for example_skip_dag to 2026-03-11 00:00:00+00:00, run_after=2026-03-12 00:00:00+00:00
[2026-03-12T02:42:58.555+0000] {processor.py:183} INFO - Processing /home/airflow/.local/lib/python3.8/site-packages/airflow/example_dags/example_skip_dag.py took 0.033 seconds
[2026-03-12T02:43:28.960+0000] {processor.py:161} INFO - Started process (PID=4294) to work on /home/airflow/.local/lib/python3.8/site-packages/airflow/example_dags/example_skip_dag.py
[2026-03-12T02:43:28.961+0000] {processor.py:830} INFO - Processing file /home/airflow/.local/lib/python3.8/site-packages/airflow/example_dags/example_skip_dag.py for tasks to queue
[2026-03-12T02:43:28.962+0000] {logging_mixin.py:188} INFO - [2026-03-12T02:43:28.962+0000] {dagbag.py:538} INFO - Filling up the DagBag from /home/airflow/.local/lib/python3.8/site-packages/airflow/example_dags/example_skip_dag.py
[2026-03-12T02:43:28.965+0000] {processor.py:840} INFO - DAG(s) 'example_skip_dag' retrieved from /home/airflow/.local/lib/python3.8/site-packages/airflow/example_dags/example_skip_dag.py
[2026-03-12T02:43:28.975+0000] {logging_mixin.py:188} INFO - [2026-03-12T02:43:28.975+0000] {dag.py:3036} INFO - Sync 1 DAGs
[2026-03-12T02:43:28.986+0000] {logging_mixin.py:188} INFO - [2026-03-12T02:43:28.986+0000] {dag.py:3823} INFO - Setting next_dagrun for example_skip_dag to 2026-03-11 00:00:00+00:00, run_after=2026-03-12 00:00:00+00:00
[2026-03-12T02:43:28.999+0000] {processor.py:183} INFO - Processing /home/airflow/.local/lib/python3.8/site-packages/airflow/example_dags/example_skip_dag.py took 0.041 seconds
[2026-03-12T02:43:59.387+0000] {processor.py:161} INFO - Started process (PID=4370) to work on /home/airflow/.local/lib/python3.8/site-packages/airflow/example_dags/example_skip_dag.py
[2026-03-12T02:43:59.387+0000] {processor.py:830} INFO - Processing file /home/airflow/.local/lib/python3.8/site-packages/airflow/example_dags/example_skip_dag.py for tasks to queue
[2026-03-12T02:43:59.388+0000] {logging_mixin.py:188} INFO - [2026-03-12T02:43:59.388+0000] {dagbag.py:538} INFO - Filling up the DagBag from /home/airflow/.local/lib/python3.8/site-packages/airflow/example_dags/example_skip_dag.py
[2026-03-12T02:43:59.391+0000] {processor.py:840} INFO - DAG(s) 'example_skip_dag' retrieved from /home/airflow/.local/lib/python3.8/site-packages/airflow/example_dags/example_skip_dag.py
[2026-03-12T02:43:59.399+0000] {logging_mixin.py:188} INFO - [2026-03-12T02:43:59.399+0000] {dag.py:3036} INFO - Sync 1 DAGs
[2026-03-12T02:43:59.410+0000] {logging_mixin.py:188} INFO - [2026-03-12T02:43:59.410+0000] {dag.py:3823} INFO - Setting next_dagrun for example_skip_dag to 2026-03-11 00:00:00+00:00, run_after=2026-03-12 00:00:00+00:00
[2026-03-12T02:43:59.426+0000] {processor.py:183} INFO - Processing /home/airflow/.local/lib/python3.8/site-packages/airflow/example_dags/example_skip_dag.py took 0.040 seconds
[2026-03-12T02:44:29.734+0000] {processor.py:161} INFO - Started process (PID=4446) to work on /home/airflow/.local/lib/python3.8/site-packages/airflow/example_dags/example_skip_dag.py
[2026-03-12T02:44:29.735+0000] {processor.py:830} INFO - Processing file /home/airflow/.local/lib/python3.8/site-packages/airflow/example_dags/example_skip_dag.py for tasks to queue
[2026-03-12T02:44:29.735+0000] {logging_mixin.py:188} INFO - [2026-03-12T02:44:29.735+0000] {dagbag.py:538} INFO - Filling up the DagBag from /home/airflow/.local/lib/python3.8/site-packages/airflow/example_dags/example_skip_dag.py
[2026-03-12T02:44:29.738+0000] {processor.py:840} INFO - DAG(s) 'example_skip_dag' retrieved from /home/airflow/.local/lib/python3.8/site-packages/airflow/example_dags/example_skip_dag.py
[2026-03-12T02:44:29.745+0000] {logging_mixin.py:188} INFO - [2026-03-12T02:44:29.745+0000] {dag.py:3036} INFO - Sync 1 DAGs
[2026-03-12T02:44:29.752+0000] {logging_mixin.py:188} INFO - [2026-03-12T02:44:29.752+0000] {dag.py:3823} INFO - Setting next_dagrun for example_skip_dag to 2026-03-11 00:00:00+00:00, run_after=2026-03-12 00:00:00+00:00
[2026-03-12T02:44:29.757+0000] {processor.py:183} INFO - Processing /home/airflow/.local/lib/python3.8/site-packages/airflow/example_dags/example_skip_dag.py took 0.024 seconds
[2026-03-12T02:45:00.204+0000] {processor.py:161} INFO - Started process (PID=4522) to work on /home/airflow/.local/lib/python3.8/site-packages/airflow/example_dags/example_skip_dag.py
[2026-03-12T02:45:00.205+0000] {processor.py:830} INFO - Processing file /home/airflow/.local/lib/python3.8/site-packages/airflow/example_dags/example_skip_dag.py for tasks to queue
[2026-03-12T02:45:00.206+0000] {logging_mixin.py:188} INFO - [2026-03-12T02:45:00.206+0000] {dagbag.py:538} INFO - Filling up the DagBag from /home/airflow/.local/lib/python3.8/site-packages/airflow/example_dags/example_skip_dag.py
[2026-03-12T02:45:00.210+0000] {processor.py:840} INFO - DAG(s) 'example_skip_dag' retrieved from /home/airflow/.local/lib/python3.8/site-packages/airflow/example_dags/example_skip_dag.py
[2026-03-12T02:45:00.219+0000] {logging_mixin.py:188} INFO - [2026-03-12T02:45:00.219+0000] {dag.py:3036} INFO - Sync 1 DAGs
[2026-03-12T02:45:00.229+0000] {logging_mixin.py:188} INFO - [2026-03-12T02:45:00.229+0000] {dag.py:3823} INFO - Setting next_dagrun for example_skip_dag to 2026-03-11 00:00:00+00:00, run_after=2026-03-12 00:00:00+00:00
[2026-03-12T02:45:00.236+0000] {processor.py:183} INFO - Processing /home/airflow/.local/lib/python3.8/site-packages/airflow/example_dags/example_skip_dag.py took 0.033 seconds
[2026-03-12T02:45:30.574+0000] {processor.py:161} INFO - Started process (PID=4598) to work on /home/airflow/.local/lib/python3.8/site-packages/airflow/example_dags/example_skip_dag.py
[2026-03-12T02:45:30.574+0000] {processor.py:830} INFO - Processing file /home/airflow/.local/lib/python3.8/site-packages/airflow/example_dags/example_skip_dag.py for tasks to queue
[2026-03-12T02:45:30.575+0000] {logging_mixin.py:188} INFO - [2026-03-12T02:45:30.575+0000] {dagbag.py:538} INFO - Filling up the DagBag from /home/airflow/.local/lib/python3.8/site-packages/airflow/example_dags/example_skip_dag.py
[2026-03-12T02:45:30.578+0000] {processor.py:840} INFO - DAG(s) 'example_skip_dag' retrieved from /home/airflow/.local/lib/python3.8/site-packages/airflow/example_dags/example_skip_dag.py
[2026-03-12T02:45:30.589+0000] {logging_mixin.py:188} INFO - [2026-03-12T02:45:30.589+0000] {dag.py:3036} INFO - Sync 1 DAGs
[2026-03-12T02:45:30.596+0000] {logging_mixin.py:188} INFO - [2026-03-12T02:45:30.596+0000] {dag.py:3823} INFO - Setting next_dagrun for example_skip_dag to 2026-03-11 00:00:00+00:00, run_after=2026-03-12 00:00:00+00:00
[2026-03-12T02:45:30.611+0000] {processor.py:183} INFO - Processing /home/airflow/.local/lib/python3.8/site-packages/airflow/example_dags/example_skip_dag.py took 0.039 seconds
[2026-03-12T02:46:01.079+0000] {processor.py:161} INFO - Started process (PID=4674) to work on /home/airflow/.local/lib/python3.8/site-packages/airflow/example_dags/example_skip_dag.py
[2026-03-12T02:46:01.081+0000] {processor.py:830} INFO - Processing file /home/airflow/.local/lib/python3.8/site-packages/airflow/example_dags/example_skip_dag.py for tasks to queue
[2026-03-12T02:46:01.081+0000] {logging_mixin.py:188} INFO - [2026-03-12T02:46:01.081+0000] {dagbag.py:538} INFO - Filling up the DagBag from /home/airflow/.local/lib/python3.8/site-packages/airflow/example_dags/example_skip_dag.py
[2026-03-12T02:46:01.084+0000] {processor.py:840} INFO - DAG(s) 'example_skip_dag' retrieved from /home/airflow/.local/lib/python3.8/site-packages/airflow/example_dags/example_skip_dag.py
[2026-03-12T02:46:01.093+0000] {logging_mixin.py:188} INFO - [2026-03-12T02:46:01.093+0000] {dag.py:3036} INFO - Sync 1 DAGs
[2026-03-12T02:46:01.101+0000] {logging_mixin.py:188} INFO - [2026-03-12T02:46:01.101+0000] {dag.py:3823} INFO - Setting next_dagrun for example_skip_dag to 2026-03-11 00:00:00+00:00, run_after=2026-03-12 00:00:00+00:00
[2026-03-12T02:46:01.107+0000] {processor.py:183} INFO - Processing /home/airflow/.local/lib/python3.8/site-packages/airflow/example_dags/example_skip_dag.py took 0.029 seconds
[2026-03-12T02:46:31.724+0000] {processor.py:161} INFO - Started process (PID=4750) to work on /home/airflow/.local/lib/python3.8/site-packages/airflow/example_dags/example_skip_dag.py
[2026-03-12T02:46:31.725+0000] {processor.py:830} INFO - Processing file /home/airflow/.local/lib/python3.8/site-packages/airflow/example_dags/example_skip_dag.py for tasks to queue
[2026-03-12T02:46:31.726+0000] {logging_mixin.py:188} INFO - [2026-03-12T02:46:31.725+0000] {dagbag.py:538} INFO - Filling up the DagBag from /home/airflow/.local/lib/python3.8/site-packages/airflow/example_dags/example_skip_dag.py
[2026-03-12T02:46:31.728+0000] {processor.py:840} INFO - DAG(s) 'example_skip_dag' retrieved from /home/airflow/.local/lib/python3.8/site-packages/airflow/example_dags/example_skip_dag.py
[2026-03-12T02:46:31.735+0000] {logging_mixin.py:188} INFO - [2026-03-12T02:46:31.735+0000] {dag.py:3036} INFO - Sync 1 DAGs
[2026-03-12T02:46:31.742+0000] {logging_mixin.py:188} INFO - [2026-03-12T02:46:31.742+0000] {dag.py:3823} INFO - Setting next_dagrun for example_skip_dag to 2026-03-11 00:00:00+00:00, run_after=2026-03-12 00:00:00+00:00
[2026-03-12T02:46:31.747+0000] {processor.py:183} INFO - Processing /home/airflow/.local/lib/python3.8/site-packages/airflow/example_dags/example_skip_dag.py took 0.024 seconds
[2026-03-12T02:47:02.521+0000] {processor.py:161} INFO - Started process (PID=4826) to work on /home/airflow/.local/lib/python3.8/site-packages/airflow/example_dags/example_skip_dag.py
[2026-03-12T02:47:02.521+0000] {processor.py:830} INFO - Processing file /home/airflow/.local/lib/python3.8/site-packages/airflow/example_dags/example_skip_dag.py for tasks to queue
[2026-03-12T02:47:02.523+0000] {logging_mixin.py:188} INFO - [2026-03-12T02:47:02.523+0000] {dagbag.py:538} INFO - Filling up the DagBag from /home/airflow/.local/lib/python3.8/site-packages/airflow/example_dags/example_skip_dag.py
[2026-03-12T02:47:02.526+0000] {processor.py:840} INFO - DAG(s) 'example_skip_dag' retrieved from /home/airflow/.local/lib/python3.8/site-packages/airflow/example_dags/example_skip_dag.py
[2026-03-12T02:47:02.536+0000] {logging_mixin.py:188} INFO - [2026-03-12T02:47:02.536+0000] {dag.py:3036} INFO - Sync 1 DAGs
[2026-03-12T02:47:02.544+0000] {logging_mixin.py:188} INFO - [2026-03-12T02:47:02.544+0000] {dag.py:3823} INFO - Setting next_dagrun for example_skip_dag to 2026-03-11 00:00:00+00:00, run_after=2026-03-12 00:00:00+00:00
[2026-03-12T02:47:02.551+0000] {processor.py:183} INFO - Processing /home/airflow/.local/lib/python3.8/site-packages/airflow/example_dags/example_skip_dag.py took 0.032 seconds
[2026-03-12T02:47:33.231+0000] {processor.py:161} INFO - Started process (PID=4902) to work on /home/airflow/.local/lib/python3.8/site-packages/airflow/example_dags/example_skip_dag.py
[2026-03-12T02:47:33.231+0000] {processor.py:830} INFO - Processing file /home/airflow/.local/lib/python3.8/site-packages/airflow/example_dags/example_skip_dag.py for tasks to queue
[2026-03-12T02:47:33.232+0000] {logging_mixin.py:188} INFO - [2026-03-12T02:47:33.232+0000] {dagbag.py:538} INFO - Filling up the DagBag from /home/airflow/.local/lib/python3.8/site-packages/airflow/example_dags/example_skip_dag.py
[2026-03-12T02:47:33.235+0000] {processor.py:840} INFO - DAG(s) 'example_skip_dag' retrieved from /home/airflow/.local/lib/python3.8/site-packages/airflow/example_dags/example_skip_dag.py
[2026-03-12T02:47:33.249+0000] {logging_mixin.py:188} INFO - [2026-03-12T02:47:33.249+0000] {dag.py:3036} INFO - Sync 1 DAGs
[2026-03-12T02:47:33.257+0000] {logging_mixin.py:188} INFO - [2026-03-12T02:47:33.257+0000] {dag.py:3823} INFO - Setting next_dagrun for example_skip_dag to 2026-03-11 00:00:00+00:00, run_after=2026-03-12 00:00:00+00:00
[2026-03-12T02:47:33.269+0000] {processor.py:183} INFO - Processing /home/airflow/.local/lib/python3.8/site-packages/airflow/example_dags/example_skip_dag.py took 0.039 seconds
[2026-03-12T02:48:03.755+0000] {processor.py:161} INFO - Started process (PID=4978) to work on /home/airflow/.local/lib/python3.8/site-packages/airflow/example_dags/example_skip_dag.py
[2026-03-12T02:48:03.756+0000] {processor.py:830} INFO - Processing file /home/airflow/.local/lib/python3.8/site-packages/airflow/example_dags/example_skip_dag.py for tasks to queue
[2026-03-12T02:48:03.757+0000] {logging_mixin.py:188} INFO - [2026-03-12T02:48:03.757+0000] {dagbag.py:538} INFO - Filling up the DagBag from /home/airflow/.local/lib/python3.8/site-packages/airflow/example_dags/example_skip_dag.py
[2026-03-12T02:48:03.760+0000] {processor.py:840} INFO - DAG(s) 'example_skip_dag' retrieved from /home/airflow/.local/lib/python3.8/site-packages/airflow/example_dags/example_skip_dag.py
[2026-03-12T02:48:03.769+0000] {logging_mixin.py:188} INFO - [2026-03-12T02:48:03.768+0000] {dag.py:3036} INFO - Sync 1 DAGs
[2026-03-12T02:48:03.777+0000] {logging_mixin.py:188} INFO - [2026-03-12T02:48:03.777+0000] {dag.py:3823} INFO - Setting next_dagrun for example_skip_dag to 2026-03-11 00:00:00+00:00, run_after=2026-03-12 00:00:00+00:00
[2026-03-12T02:48:03.788+0000] {processor.py:183} INFO - Processing /home/airflow/.local/lib/python3.8/site-packages/airflow/example_dags/example_skip_dag.py took 0.034 seconds
[2026-03-12T02:48:34.901+0000] {processor.py:161} INFO - Started process (PID=5056) to work on /home/airflow/.local/lib/python3.8/site-packages/airflow/example_dags/example_skip_dag.py
[2026-03-12T02:48:34.902+0000] {processor.py:830} INFO - Processing file /home/airflow/.local/lib/python3.8/site-packages/airflow/example_dags/example_skip_dag.py for tasks to queue
[2026-03-12T02:48:34.903+0000] {logging_mixin.py:188} INFO - [2026-03-12T02:48:34.902+0000] {dagbag.py:538} INFO - Filling up the DagBag from /home/airflow/.local/lib/python3.8/site-packages/airflow/example_dags/example_skip_dag.py
[2026-03-12T02:48:34.905+0000] {processor.py:840} INFO - DAG(s) 'example_skip_dag' retrieved from /home/airflow/.local/lib/python3.8/site-packages/airflow/example_dags/example_skip_dag.py
[2026-03-12T02:48:34.913+0000] {logging_mixin.py:188} INFO - [2026-03-12T02:48:34.913+0000] {dag.py:3036} INFO - Sync 1 DAGs
[2026-03-12T02:48:34.921+0000] {logging_mixin.py:188} INFO - [2026-03-12T02:48:34.921+0000] {dag.py:3823} INFO - Setting next_dagrun for example_skip_dag to 2026-03-11 00:00:00+00:00, run_after=2026-03-12 00:00:00+00:00
[2026-03-12T02:48:34.927+0000] {processor.py:183} INFO - Processing /home/airflow/.local/lib/python3.8/site-packages/airflow/example_dags/example_skip_dag.py took 0.027 seconds
[2026-03-12T02:49:05.362+0000] {processor.py:161} INFO - Started process (PID=5132) to work on /home/airflow/.local/lib/python3.8/site-packages/airflow/example_dags/example_skip_dag.py
[2026-03-12T02:49:05.362+0000] {processor.py:830} INFO - Processing file /home/airflow/.local/lib/python3.8/site-packages/airflow/example_dags/example_skip_dag.py for tasks to queue
[2026-03-12T02:49:05.363+0000] {logging_mixin.py:188} INFO - [2026-03-12T02:49:05.363+0000] {dagbag.py:538} INFO - Filling up the DagBag from /home/airflow/.local/lib/python3.8/site-packages/airflow/example_dags/example_skip_dag.py
[2026-03-12T02:49:05.365+0000] {processor.py:840} INFO - DAG(s) 'example_skip_dag' retrieved from /home/airflow/.local/lib/python3.8/site-packages/airflow/example_dags/example_skip_dag.py
[2026-03-12T02:49:05.374+0000] {logging_mixin.py:188} INFO - [2026-03-12T02:49:05.374+0000] {dag.py:3036} INFO - Sync 1 DAGs
[2026-03-12T02:49:05.382+0000] {logging_mixin.py:188} INFO - [2026-03-12T02:49:05.382+0000] {dag.py:3823} INFO - Setting next_dagrun for example_skip_dag to 2026-03-11 00:00:00+00:00, run_after=2026-03-12 00:00:00+00:00
[2026-03-12T02:49:05.396+0000] {processor.py:183} INFO - Processing /home/airflow/.local/lib/python3.8/site-packages/airflow/example_dags/example_skip_dag.py took 0.036 seconds
[2026-03-12T02:49:35.594+0000] {processor.py:161} INFO - Started process (PID=5207) to work on /home/airflow/.local/lib/python3.8/site-packages/airflow/example_dags/example_skip_dag.py
[2026-03-12T02:49:35.596+0000] {processor.py:830} INFO - Processing file /home/airflow/.local/lib/python3.8/site-packages/airflow/example_dags/example_skip_dag.py for tasks to queue
[2026-03-12T02:49:35.598+0000] {logging_mixin.py:188} INFO - [2026-03-12T02:49:35.598+0000] {dagbag.py:538} INFO - Filling up the DagBag from /home/airflow/.local/lib/python3.8/site-packages/airflow/example_dags/example_skip_dag.py
[2026-03-12T02:49:35.601+0000] {processor.py:840} INFO - DAG(s) 'example_skip_dag' retrieved from /home/airflow/.local/lib/python3.8/site-packages/airflow/example_dags/example_skip_dag.py
[2026-03-12T02:49:35.609+0000] {logging_mixin.py:188} INFO - [2026-03-12T02:49:35.609+0000] {dag.py:3036} INFO - Sync 1 DAGs
[2026-03-12T02:49:35.618+0000] {logging_mixin.py:188} INFO - [2026-03-12T02:49:35.618+0000] {dag.py:3823} INFO - Setting next_dagrun for example_skip_dag to 2026-03-11 00:00:00+00:00, run_after=2026-03-12 00:00:00+00:00
[2026-03-12T02:49:35.633+0000] {processor.py:183} INFO - Processing /home/airflow/.local/lib/python3.8/site-packages/airflow/example_dags/example_skip_dag.py took 0.040 seconds
