[2026-03-12T02:15:11.392+0000] {processor.py:161} INFO - Started process (PID=127) to work on /home/airflow/.local/lib/python3.8/site-packages/airflow/example_dags/example_python_decorator.py
[2026-03-12T02:15:11.393+0000] {processor.py:830} INFO - Processing file /home/airflow/.local/lib/python3.8/site-packages/airflow/example_dags/example_python_decorator.py for tasks to queue
[2026-03-12T02:15:11.394+0000] {logging_mixin.py:188} INFO - [2026-03-12T02:15:11.394+0000] {dagbag.py:538} INFO - Filling up the DagBag from /home/airflow/.local/lib/python3.8/site-packages/airflow/example_dags/example_python_decorator.py
[2026-03-12T02:15:11.404+0000] {processor.py:840} INFO - DAG(s) 'example_python_decorator' retrieved from /home/airflow/.local/lib/python3.8/site-packages/airflow/example_dags/example_python_decorator.py
[2026-03-12T02:15:11.410+0000] {logging_mixin.py:188} INFO - [2026-03-12T02:15:11.410+0000] {dag.py:3036} INFO - Sync 1 DAGs
[2026-03-12T02:15:11.418+0000] {logging_mixin.py:188} INFO - [2026-03-12T02:15:11.418+0000] {dag.py:3823} INFO - Setting next_dagrun for example_python_decorator to None, run_after=None
[2026-03-12T02:15:11.428+0000] {processor.py:183} INFO - Processing /home/airflow/.local/lib/python3.8/site-packages/airflow/example_dags/example_python_decorator.py took 0.037 seconds
[2026-03-12T02:15:44.302+0000] {processor.py:161} INFO - Started process (PID=203) to work on /home/airflow/.local/lib/python3.8/site-packages/airflow/example_dags/example_python_decorator.py
[2026-03-12T02:15:44.303+0000] {processor.py:830} INFO - Processing file /home/airflow/.local/lib/python3.8/site-packages/airflow/example_dags/example_python_decorator.py for tasks to queue
[2026-03-12T02:15:44.304+0000] {logging_mixin.py:188} INFO - [2026-03-12T02:15:44.304+0000] {dagbag.py:538} INFO - Filling up the DagBag from /home/airflow/.local/lib/python3.8/site-packages/airflow/example_dags/example_python_decorator.py
[2026-03-12T02:15:44.309+0000] {processor.py:840} INFO - DAG(s) 'example_python_decorator' retrieved from /home/airflow/.local/lib/python3.8/site-packages/airflow/example_dags/example_python_decorator.py
[2026-03-12T02:15:44.453+0000] {logging_mixin.py:188} INFO - [2026-03-12T02:15:44.453+0000] {dag.py:3036} INFO - Sync 1 DAGs
[2026-03-12T02:15:44.458+0000] {logging_mixin.py:188} INFO - [2026-03-12T02:15:44.458+0000] {dag.py:3823} INFO - Setting next_dagrun for example_python_decorator to None, run_after=None
[2026-03-12T02:15:44.469+0000] {processor.py:183} INFO - Processing /home/airflow/.local/lib/python3.8/site-packages/airflow/example_dags/example_python_decorator.py took 0.168 seconds
[2026-03-12T02:16:14.691+0000] {processor.py:161} INFO - Started process (PID=279) to work on /home/airflow/.local/lib/python3.8/site-packages/airflow/example_dags/example_python_decorator.py
[2026-03-12T02:16:14.692+0000] {processor.py:830} INFO - Processing file /home/airflow/.local/lib/python3.8/site-packages/airflow/example_dags/example_python_decorator.py for tasks to queue
[2026-03-12T02:16:14.693+0000] {logging_mixin.py:188} INFO - [2026-03-12T02:16:14.693+0000] {dagbag.py:538} INFO - Filling up the DagBag from /home/airflow/.local/lib/python3.8/site-packages/airflow/example_dags/example_python_decorator.py
[2026-03-12T02:16:14.705+0000] {processor.py:840} INFO - DAG(s) 'example_python_decorator' retrieved from /home/airflow/.local/lib/python3.8/site-packages/airflow/example_dags/example_python_decorator.py
[2026-03-12T02:16:14.715+0000] {logging_mixin.py:188} INFO - [2026-03-12T02:16:14.715+0000] {dag.py:3036} INFO - Sync 1 DAGs
[2026-03-12T02:16:14.721+0000] {logging_mixin.py:188} INFO - [2026-03-12T02:16:14.721+0000] {dag.py:3823} INFO - Setting next_dagrun for example_python_decorator to None, run_after=None
[2026-03-12T02:16:14.728+0000] {processor.py:183} INFO - Processing /home/airflow/.local/lib/python3.8/site-packages/airflow/example_dags/example_python_decorator.py took 0.038 seconds
[2026-03-12T02:16:45.670+0000] {processor.py:161} INFO - Started process (PID=355) to work on /home/airflow/.local/lib/python3.8/site-packages/airflow/example_dags/example_python_decorator.py
[2026-03-12T02:16:45.670+0000] {processor.py:830} INFO - Processing file /home/airflow/.local/lib/python3.8/site-packages/airflow/example_dags/example_python_decorator.py for tasks to queue
[2026-03-12T02:16:45.673+0000] {logging_mixin.py:188} INFO - [2026-03-12T02:16:45.673+0000] {dagbag.py:538} INFO - Filling up the DagBag from /home/airflow/.local/lib/python3.8/site-packages/airflow/example_dags/example_python_decorator.py
[2026-03-12T02:16:45.678+0000] {processor.py:840} INFO - DAG(s) 'example_python_decorator' retrieved from /home/airflow/.local/lib/python3.8/site-packages/airflow/example_dags/example_python_decorator.py
[2026-03-12T02:16:45.691+0000] {logging_mixin.py:188} INFO - [2026-03-12T02:16:45.691+0000] {dag.py:3036} INFO - Sync 1 DAGs
[2026-03-12T02:16:45.698+0000] {logging_mixin.py:188} INFO - [2026-03-12T02:16:45.698+0000] {dag.py:3823} INFO - Setting next_dagrun for example_python_decorator to None, run_after=None
[2026-03-12T02:16:45.706+0000] {processor.py:183} INFO - Processing /home/airflow/.local/lib/python3.8/site-packages/airflow/example_dags/example_python_decorator.py took 0.038 seconds
[2026-03-12T02:17:16.836+0000] {processor.py:161} INFO - Started process (PID=431) to work on /home/airflow/.local/lib/python3.8/site-packages/airflow/example_dags/example_python_decorator.py
[2026-03-12T02:17:16.837+0000] {processor.py:830} INFO - Processing file /home/airflow/.local/lib/python3.8/site-packages/airflow/example_dags/example_python_decorator.py for tasks to queue
[2026-03-12T02:17:16.843+0000] {logging_mixin.py:188} INFO - [2026-03-12T02:17:16.843+0000] {dagbag.py:538} INFO - Filling up the DagBag from /home/airflow/.local/lib/python3.8/site-packages/airflow/example_dags/example_python_decorator.py
[2026-03-12T02:17:16.850+0000] {processor.py:840} INFO - DAG(s) 'example_python_decorator' retrieved from /home/airflow/.local/lib/python3.8/site-packages/airflow/example_dags/example_python_decorator.py
[2026-03-12T02:17:16.866+0000] {logging_mixin.py:188} INFO - [2026-03-12T02:17:16.866+0000] {dag.py:3036} INFO - Sync 1 DAGs
[2026-03-12T02:17:16.874+0000] {logging_mixin.py:188} INFO - [2026-03-12T02:17:16.874+0000] {dag.py:3823} INFO - Setting next_dagrun for example_python_decorator to None, run_after=None
[2026-03-12T02:17:16.889+0000] {processor.py:183} INFO - Processing /home/airflow/.local/lib/python3.8/site-packages/airflow/example_dags/example_python_decorator.py took 0.055 seconds
[2026-03-12T02:17:47.014+0000] {processor.py:161} INFO - Started process (PID=507) to work on /home/airflow/.local/lib/python3.8/site-packages/airflow/example_dags/example_python_decorator.py
[2026-03-12T02:17:47.014+0000] {processor.py:830} INFO - Processing file /home/airflow/.local/lib/python3.8/site-packages/airflow/example_dags/example_python_decorator.py for tasks to queue
[2026-03-12T02:17:47.015+0000] {logging_mixin.py:188} INFO - [2026-03-12T02:17:47.015+0000] {dagbag.py:538} INFO - Filling up the DagBag from /home/airflow/.local/lib/python3.8/site-packages/airflow/example_dags/example_python_decorator.py
[2026-03-12T02:17:47.021+0000] {processor.py:840} INFO - DAG(s) 'example_python_decorator' retrieved from /home/airflow/.local/lib/python3.8/site-packages/airflow/example_dags/example_python_decorator.py
[2026-03-12T02:17:47.032+0000] {logging_mixin.py:188} INFO - [2026-03-12T02:17:47.032+0000] {dag.py:3036} INFO - Sync 1 DAGs
[2026-03-12T02:17:47.038+0000] {logging_mixin.py:188} INFO - [2026-03-12T02:17:47.038+0000] {dag.py:3823} INFO - Setting next_dagrun for example_python_decorator to None, run_after=None
[2026-03-12T02:17:47.049+0000] {processor.py:183} INFO - Processing /home/airflow/.local/lib/python3.8/site-packages/airflow/example_dags/example_python_decorator.py took 0.036 seconds
[2026-03-12T02:18:17.830+0000] {processor.py:161} INFO - Started process (PID=583) to work on /home/airflow/.local/lib/python3.8/site-packages/airflow/example_dags/example_python_decorator.py
[2026-03-12T02:18:17.831+0000] {processor.py:830} INFO - Processing file /home/airflow/.local/lib/python3.8/site-packages/airflow/example_dags/example_python_decorator.py for tasks to queue
[2026-03-12T02:18:17.831+0000] {logging_mixin.py:188} INFO - [2026-03-12T02:18:17.831+0000] {dagbag.py:538} INFO - Filling up the DagBag from /home/airflow/.local/lib/python3.8/site-packages/airflow/example_dags/example_python_decorator.py
[2026-03-12T02:18:17.837+0000] {processor.py:840} INFO - DAG(s) 'example_python_decorator' retrieved from /home/airflow/.local/lib/python3.8/site-packages/airflow/example_dags/example_python_decorator.py
[2026-03-12T02:18:17.847+0000] {logging_mixin.py:188} INFO - [2026-03-12T02:18:17.847+0000] {dag.py:3036} INFO - Sync 1 DAGs
[2026-03-12T02:18:17.851+0000] {logging_mixin.py:188} INFO - [2026-03-12T02:18:17.851+0000] {dag.py:3823} INFO - Setting next_dagrun for example_python_decorator to None, run_after=None
[2026-03-12T02:18:17.859+0000] {processor.py:183} INFO - Processing /home/airflow/.local/lib/python3.8/site-packages/airflow/example_dags/example_python_decorator.py took 0.031 seconds
[2026-03-12T02:18:48.820+0000] {processor.py:161} INFO - Started process (PID=659) to work on /home/airflow/.local/lib/python3.8/site-packages/airflow/example_dags/example_python_decorator.py
[2026-03-12T02:18:48.821+0000] {processor.py:830} INFO - Processing file /home/airflow/.local/lib/python3.8/site-packages/airflow/example_dags/example_python_decorator.py for tasks to queue
[2026-03-12T02:18:48.821+0000] {logging_mixin.py:188} INFO - [2026-03-12T02:18:48.821+0000] {dagbag.py:538} INFO - Filling up the DagBag from /home/airflow/.local/lib/python3.8/site-packages/airflow/example_dags/example_python_decorator.py
[2026-03-12T02:18:48.831+0000] {processor.py:840} INFO - DAG(s) 'example_python_decorator' retrieved from /home/airflow/.local/lib/python3.8/site-packages/airflow/example_dags/example_python_decorator.py
[2026-03-12T02:18:48.852+0000] {logging_mixin.py:188} INFO - [2026-03-12T02:18:48.852+0000] {dag.py:3036} INFO - Sync 1 DAGs
[2026-03-12T02:18:48.868+0000] {logging_mixin.py:188} INFO - [2026-03-12T02:18:48.868+0000] {dag.py:3823} INFO - Setting next_dagrun for example_python_decorator to None, run_after=None
[2026-03-12T02:18:48.877+0000] {processor.py:183} INFO - Processing /home/airflow/.local/lib/python3.8/site-packages/airflow/example_dags/example_python_decorator.py took 0.059 seconds
[2026-03-12T02:19:18.897+0000] {processor.py:161} INFO - Started process (PID=735) to work on /home/airflow/.local/lib/python3.8/site-packages/airflow/example_dags/example_python_decorator.py
[2026-03-12T02:19:18.897+0000] {processor.py:830} INFO - Processing file /home/airflow/.local/lib/python3.8/site-packages/airflow/example_dags/example_python_decorator.py for tasks to queue
[2026-03-12T02:19:18.898+0000] {logging_mixin.py:188} INFO - [2026-03-12T02:19:18.898+0000] {dagbag.py:538} INFO - Filling up the DagBag from /home/airflow/.local/lib/python3.8/site-packages/airflow/example_dags/example_python_decorator.py
[2026-03-12T02:19:18.903+0000] {processor.py:840} INFO - DAG(s) 'example_python_decorator' retrieved from /home/airflow/.local/lib/python3.8/site-packages/airflow/example_dags/example_python_decorator.py
[2026-03-12T02:19:18.910+0000] {logging_mixin.py:188} INFO - [2026-03-12T02:19:18.910+0000] {dag.py:3036} INFO - Sync 1 DAGs
[2026-03-12T02:19:18.914+0000] {logging_mixin.py:188} INFO - [2026-03-12T02:19:18.914+0000] {dag.py:3823} INFO - Setting next_dagrun for example_python_decorator to None, run_after=None
[2026-03-12T02:19:18.919+0000] {processor.py:183} INFO - Processing /home/airflow/.local/lib/python3.8/site-packages/airflow/example_dags/example_python_decorator.py took 0.024 seconds
[2026-03-12T02:19:49.864+0000] {processor.py:161} INFO - Started process (PID=811) to work on /home/airflow/.local/lib/python3.8/site-packages/airflow/example_dags/example_python_decorator.py
[2026-03-12T02:19:49.864+0000] {processor.py:830} INFO - Processing file /home/airflow/.local/lib/python3.8/site-packages/airflow/example_dags/example_python_decorator.py for tasks to queue
[2026-03-12T02:19:49.865+0000] {logging_mixin.py:188} INFO - [2026-03-12T02:19:49.865+0000] {dagbag.py:538} INFO - Filling up the DagBag from /home/airflow/.local/lib/python3.8/site-packages/airflow/example_dags/example_python_decorator.py
[2026-03-12T02:19:49.870+0000] {processor.py:840} INFO - DAG(s) 'example_python_decorator' retrieved from /home/airflow/.local/lib/python3.8/site-packages/airflow/example_dags/example_python_decorator.py
[2026-03-12T02:19:49.878+0000] {logging_mixin.py:188} INFO - [2026-03-12T02:19:49.878+0000] {dag.py:3036} INFO - Sync 1 DAGs
[2026-03-12T02:19:49.883+0000] {logging_mixin.py:188} INFO - [2026-03-12T02:19:49.883+0000] {dag.py:3823} INFO - Setting next_dagrun for example_python_decorator to None, run_after=None
[2026-03-12T02:19:49.889+0000] {processor.py:183} INFO - Processing /home/airflow/.local/lib/python3.8/site-packages/airflow/example_dags/example_python_decorator.py took 0.026 seconds
[2026-03-12T02:20:20.860+0000] {processor.py:161} INFO - Started process (PID=887) to work on /home/airflow/.local/lib/python3.8/site-packages/airflow/example_dags/example_python_decorator.py
[2026-03-12T02:20:20.863+0000] {processor.py:830} INFO - Processing file /home/airflow/.local/lib/python3.8/site-packages/airflow/example_dags/example_python_decorator.py for tasks to queue
[2026-03-12T02:20:20.864+0000] {logging_mixin.py:188} INFO - [2026-03-12T02:20:20.863+0000] {dagbag.py:538} INFO - Filling up the DagBag from /home/airflow/.local/lib/python3.8/site-packages/airflow/example_dags/example_python_decorator.py
[2026-03-12T02:20:20.869+0000] {processor.py:840} INFO - DAG(s) 'example_python_decorator' retrieved from /home/airflow/.local/lib/python3.8/site-packages/airflow/example_dags/example_python_decorator.py
[2026-03-12T02:20:20.878+0000] {logging_mixin.py:188} INFO - [2026-03-12T02:20:20.878+0000] {dag.py:3036} INFO - Sync 1 DAGs
[2026-03-12T02:20:20.882+0000] {logging_mixin.py:188} INFO - [2026-03-12T02:20:20.882+0000] {dag.py:3823} INFO - Setting next_dagrun for example_python_decorator to None, run_after=None
[2026-03-12T02:20:20.889+0000] {processor.py:183} INFO - Processing /home/airflow/.local/lib/python3.8/site-packages/airflow/example_dags/example_python_decorator.py took 0.030 seconds
[2026-03-12T02:20:52.715+0000] {processor.py:161} INFO - Started process (PID=963) to work on /home/airflow/.local/lib/python3.8/site-packages/airflow/example_dags/example_python_decorator.py
[2026-03-12T02:20:52.715+0000] {processor.py:830} INFO - Processing file /home/airflow/.local/lib/python3.8/site-packages/airflow/example_dags/example_python_decorator.py for tasks to queue
[2026-03-12T02:20:52.718+0000] {logging_mixin.py:188} INFO - [2026-03-12T02:20:52.718+0000] {dagbag.py:538} INFO - Filling up the DagBag from /home/airflow/.local/lib/python3.8/site-packages/airflow/example_dags/example_python_decorator.py
[2026-03-12T02:20:52.726+0000] {processor.py:840} INFO - DAG(s) 'example_python_decorator' retrieved from /home/airflow/.local/lib/python3.8/site-packages/airflow/example_dags/example_python_decorator.py
[2026-03-12T02:20:52.738+0000] {logging_mixin.py:188} INFO - [2026-03-12T02:20:52.738+0000] {dag.py:3036} INFO - Sync 1 DAGs
[2026-03-12T02:20:52.743+0000] {logging_mixin.py:188} INFO - [2026-03-12T02:20:52.743+0000] {dag.py:3823} INFO - Setting next_dagrun for example_python_decorator to None, run_after=None
[2026-03-12T02:20:52.759+0000] {processor.py:183} INFO - Processing /home/airflow/.local/lib/python3.8/site-packages/airflow/example_dags/example_python_decorator.py took 0.046 seconds
[2026-03-12T02:21:23.169+0000] {processor.py:161} INFO - Started process (PID=1039) to work on /home/airflow/.local/lib/python3.8/site-packages/airflow/example_dags/example_python_decorator.py
[2026-03-12T02:21:23.169+0000] {processor.py:830} INFO - Processing file /home/airflow/.local/lib/python3.8/site-packages/airflow/example_dags/example_python_decorator.py for tasks to queue
[2026-03-12T02:21:23.171+0000] {logging_mixin.py:188} INFO - [2026-03-12T02:21:23.171+0000] {dagbag.py:538} INFO - Filling up the DagBag from /home/airflow/.local/lib/python3.8/site-packages/airflow/example_dags/example_python_decorator.py
[2026-03-12T02:21:23.176+0000] {processor.py:840} INFO - DAG(s) 'example_python_decorator' retrieved from /home/airflow/.local/lib/python3.8/site-packages/airflow/example_dags/example_python_decorator.py
[2026-03-12T02:21:23.186+0000] {logging_mixin.py:188} INFO - [2026-03-12T02:21:23.186+0000] {dag.py:3036} INFO - Sync 1 DAGs
[2026-03-12T02:21:23.191+0000] {logging_mixin.py:188} INFO - [2026-03-12T02:21:23.191+0000] {dag.py:3823} INFO - Setting next_dagrun for example_python_decorator to None, run_after=None
[2026-03-12T02:21:23.198+0000] {processor.py:183} INFO - Processing /home/airflow/.local/lib/python3.8/site-packages/airflow/example_dags/example_python_decorator.py took 0.030 seconds
[2026-03-12T02:21:53.620+0000] {processor.py:161} INFO - Started process (PID=1115) to work on /home/airflow/.local/lib/python3.8/site-packages/airflow/example_dags/example_python_decorator.py
[2026-03-12T02:21:53.621+0000] {processor.py:830} INFO - Processing file /home/airflow/.local/lib/python3.8/site-packages/airflow/example_dags/example_python_decorator.py for tasks to queue
[2026-03-12T02:21:53.623+0000] {logging_mixin.py:188} INFO - [2026-03-12T02:21:53.621+0000] {dagbag.py:538} INFO - Filling up the DagBag from /home/airflow/.local/lib/python3.8/site-packages/airflow/example_dags/example_python_decorator.py
[2026-03-12T02:21:53.630+0000] {processor.py:840} INFO - DAG(s) 'example_python_decorator' retrieved from /home/airflow/.local/lib/python3.8/site-packages/airflow/example_dags/example_python_decorator.py
[2026-03-12T02:21:53.642+0000] {logging_mixin.py:188} INFO - [2026-03-12T02:21:53.641+0000] {dag.py:3036} INFO - Sync 1 DAGs
[2026-03-12T02:21:53.649+0000] {logging_mixin.py:188} INFO - [2026-03-12T02:21:53.649+0000] {dag.py:3823} INFO - Setting next_dagrun for example_python_decorator to None, run_after=None
[2026-03-12T02:21:53.656+0000] {processor.py:183} INFO - Processing /home/airflow/.local/lib/python3.8/site-packages/airflow/example_dags/example_python_decorator.py took 0.037 seconds
[2026-03-12T02:22:23.890+0000] {processor.py:161} INFO - Started process (PID=1191) to work on /home/airflow/.local/lib/python3.8/site-packages/airflow/example_dags/example_python_decorator.py
[2026-03-12T02:22:23.891+0000] {processor.py:830} INFO - Processing file /home/airflow/.local/lib/python3.8/site-packages/airflow/example_dags/example_python_decorator.py for tasks to queue
[2026-03-12T02:22:23.893+0000] {logging_mixin.py:188} INFO - [2026-03-12T02:22:23.893+0000] {dagbag.py:538} INFO - Filling up the DagBag from /home/airflow/.local/lib/python3.8/site-packages/airflow/example_dags/example_python_decorator.py
[2026-03-12T02:22:23.899+0000] {processor.py:840} INFO - DAG(s) 'example_python_decorator' retrieved from /home/airflow/.local/lib/python3.8/site-packages/airflow/example_dags/example_python_decorator.py
[2026-03-12T02:22:23.908+0000] {logging_mixin.py:188} INFO - [2026-03-12T02:22:23.908+0000] {dag.py:3036} INFO - Sync 1 DAGs
[2026-03-12T02:22:23.912+0000] {logging_mixin.py:188} INFO - [2026-03-12T02:22:23.912+0000] {dag.py:3823} INFO - Setting next_dagrun for example_python_decorator to None, run_after=None
[2026-03-12T02:22:23.919+0000] {processor.py:183} INFO - Processing /home/airflow/.local/lib/python3.8/site-packages/airflow/example_dags/example_python_decorator.py took 0.030 seconds
[2026-03-12T02:22:55.098+0000] {processor.py:161} INFO - Started process (PID=1267) to work on /home/airflow/.local/lib/python3.8/site-packages/airflow/example_dags/example_python_decorator.py
[2026-03-12T02:22:55.100+0000] {processor.py:830} INFO - Processing file /home/airflow/.local/lib/python3.8/site-packages/airflow/example_dags/example_python_decorator.py for tasks to queue
[2026-03-12T02:22:55.101+0000] {logging_mixin.py:188} INFO - [2026-03-12T02:22:55.101+0000] {dagbag.py:538} INFO - Filling up the DagBag from /home/airflow/.local/lib/python3.8/site-packages/airflow/example_dags/example_python_decorator.py
[2026-03-12T02:22:55.108+0000] {processor.py:840} INFO - DAG(s) 'example_python_decorator' retrieved from /home/airflow/.local/lib/python3.8/site-packages/airflow/example_dags/example_python_decorator.py
[2026-03-12T02:22:55.122+0000] {logging_mixin.py:188} INFO - [2026-03-12T02:22:55.121+0000] {dag.py:3036} INFO - Sync 1 DAGs
[2026-03-12T02:22:55.126+0000] {logging_mixin.py:188} INFO - [2026-03-12T02:22:55.126+0000] {dag.py:3823} INFO - Setting next_dagrun for example_python_decorator to None, run_after=None
[2026-03-12T02:22:55.136+0000] {processor.py:183} INFO - Processing /home/airflow/.local/lib/python3.8/site-packages/airflow/example_dags/example_python_decorator.py took 0.040 seconds
[2026-03-12T02:23:26.315+0000] {processor.py:161} INFO - Started process (PID=1343) to work on /home/airflow/.local/lib/python3.8/site-packages/airflow/example_dags/example_python_decorator.py
[2026-03-12T02:23:26.315+0000] {processor.py:830} INFO - Processing file /home/airflow/.local/lib/python3.8/site-packages/airflow/example_dags/example_python_decorator.py for tasks to queue
[2026-03-12T02:23:26.316+0000] {logging_mixin.py:188} INFO - [2026-03-12T02:23:26.316+0000] {dagbag.py:538} INFO - Filling up the DagBag from /home/airflow/.local/lib/python3.8/site-packages/airflow/example_dags/example_python_decorator.py
[2026-03-12T02:23:26.321+0000] {processor.py:840} INFO - DAG(s) 'example_python_decorator' retrieved from /home/airflow/.local/lib/python3.8/site-packages/airflow/example_dags/example_python_decorator.py
[2026-03-12T02:23:26.329+0000] {logging_mixin.py:188} INFO - [2026-03-12T02:23:26.329+0000] {dag.py:3036} INFO - Sync 1 DAGs
[2026-03-12T02:23:26.334+0000] {logging_mixin.py:188} INFO - [2026-03-12T02:23:26.334+0000] {dag.py:3823} INFO - Setting next_dagrun for example_python_decorator to None, run_after=None
[2026-03-12T02:23:26.340+0000] {processor.py:183} INFO - Processing /home/airflow/.local/lib/python3.8/site-packages/airflow/example_dags/example_python_decorator.py took 0.027 seconds
[2026-03-12T02:23:57.503+0000] {processor.py:161} INFO - Started process (PID=1419) to work on /home/airflow/.local/lib/python3.8/site-packages/airflow/example_dags/example_python_decorator.py
[2026-03-12T02:23:57.507+0000] {processor.py:830} INFO - Processing file /home/airflow/.local/lib/python3.8/site-packages/airflow/example_dags/example_python_decorator.py for tasks to queue
[2026-03-12T02:23:57.508+0000] {logging_mixin.py:188} INFO - [2026-03-12T02:23:57.508+0000] {dagbag.py:538} INFO - Filling up the DagBag from /home/airflow/.local/lib/python3.8/site-packages/airflow/example_dags/example_python_decorator.py
[2026-03-12T02:23:57.514+0000] {processor.py:840} INFO - DAG(s) 'example_python_decorator' retrieved from /home/airflow/.local/lib/python3.8/site-packages/airflow/example_dags/example_python_decorator.py
[2026-03-12T02:23:57.526+0000] {logging_mixin.py:188} INFO - [2026-03-12T02:23:57.526+0000] {dag.py:3036} INFO - Sync 1 DAGs
[2026-03-12T02:23:57.532+0000] {logging_mixin.py:188} INFO - [2026-03-12T02:23:57.532+0000] {dag.py:3823} INFO - Setting next_dagrun for example_python_decorator to None, run_after=None
[2026-03-12T02:23:57.541+0000] {processor.py:183} INFO - Processing /home/airflow/.local/lib/python3.8/site-packages/airflow/example_dags/example_python_decorator.py took 0.040 seconds
[2026-03-12T02:24:28.349+0000] {processor.py:161} INFO - Started process (PID=1495) to work on /home/airflow/.local/lib/python3.8/site-packages/airflow/example_dags/example_python_decorator.py
[2026-03-12T02:24:28.350+0000] {processor.py:830} INFO - Processing file /home/airflow/.local/lib/python3.8/site-packages/airflow/example_dags/example_python_decorator.py for tasks to queue
[2026-03-12T02:24:28.351+0000] {logging_mixin.py:188} INFO - [2026-03-12T02:24:28.351+0000] {dagbag.py:538} INFO - Filling up the DagBag from /home/airflow/.local/lib/python3.8/site-packages/airflow/example_dags/example_python_decorator.py
[2026-03-12T02:24:28.356+0000] {processor.py:840} INFO - DAG(s) 'example_python_decorator' retrieved from /home/airflow/.local/lib/python3.8/site-packages/airflow/example_dags/example_python_decorator.py
[2026-03-12T02:24:28.371+0000] {logging_mixin.py:188} INFO - [2026-03-12T02:24:28.370+0000] {dag.py:3036} INFO - Sync 1 DAGs
[2026-03-12T02:24:28.378+0000] {logging_mixin.py:188} INFO - [2026-03-12T02:24:28.378+0000] {dag.py:3823} INFO - Setting next_dagrun for example_python_decorator to None, run_after=None
[2026-03-12T02:24:28.475+0000] {processor.py:183} INFO - Processing /home/airflow/.local/lib/python3.8/site-packages/airflow/example_dags/example_python_decorator.py took 0.128 seconds
[2026-03-12T02:24:58.544+0000] {processor.py:161} INFO - Started process (PID=1571) to work on /home/airflow/.local/lib/python3.8/site-packages/airflow/example_dags/example_python_decorator.py
[2026-03-12T02:24:58.545+0000] {processor.py:830} INFO - Processing file /home/airflow/.local/lib/python3.8/site-packages/airflow/example_dags/example_python_decorator.py for tasks to queue
[2026-03-12T02:24:58.546+0000] {logging_mixin.py:188} INFO - [2026-03-12T02:24:58.546+0000] {dagbag.py:538} INFO - Filling up the DagBag from /home/airflow/.local/lib/python3.8/site-packages/airflow/example_dags/example_python_decorator.py
[2026-03-12T02:24:58.552+0000] {processor.py:840} INFO - DAG(s) 'example_python_decorator' retrieved from /home/airflow/.local/lib/python3.8/site-packages/airflow/example_dags/example_python_decorator.py
[2026-03-12T02:24:58.562+0000] {logging_mixin.py:188} INFO - [2026-03-12T02:24:58.562+0000] {dag.py:3036} INFO - Sync 1 DAGs
[2026-03-12T02:24:58.567+0000] {logging_mixin.py:188} INFO - [2026-03-12T02:24:58.567+0000] {dag.py:3823} INFO - Setting next_dagrun for example_python_decorator to None, run_after=None
[2026-03-12T02:24:58.577+0000] {processor.py:183} INFO - Processing /home/airflow/.local/lib/python3.8/site-packages/airflow/example_dags/example_python_decorator.py took 0.034 seconds
[2026-03-12T02:25:29.350+0000] {processor.py:161} INFO - Started process (PID=1647) to work on /home/airflow/.local/lib/python3.8/site-packages/airflow/example_dags/example_python_decorator.py
[2026-03-12T02:25:29.350+0000] {processor.py:830} INFO - Processing file /home/airflow/.local/lib/python3.8/site-packages/airflow/example_dags/example_python_decorator.py for tasks to queue
[2026-03-12T02:25:29.351+0000] {logging_mixin.py:188} INFO - [2026-03-12T02:25:29.351+0000] {dagbag.py:538} INFO - Filling up the DagBag from /home/airflow/.local/lib/python3.8/site-packages/airflow/example_dags/example_python_decorator.py
[2026-03-12T02:25:29.356+0000] {processor.py:840} INFO - DAG(s) 'example_python_decorator' retrieved from /home/airflow/.local/lib/python3.8/site-packages/airflow/example_dags/example_python_decorator.py
[2026-03-12T02:25:29.364+0000] {logging_mixin.py:188} INFO - [2026-03-12T02:25:29.364+0000] {dag.py:3036} INFO - Sync 1 DAGs
[2026-03-12T02:25:29.367+0000] {logging_mixin.py:188} INFO - [2026-03-12T02:25:29.367+0000] {dag.py:3823} INFO - Setting next_dagrun for example_python_decorator to None, run_after=None
[2026-03-12T02:25:29.373+0000] {processor.py:183} INFO - Processing /home/airflow/.local/lib/python3.8/site-packages/airflow/example_dags/example_python_decorator.py took 0.024 seconds
[2026-03-12T02:26:00.072+0000] {processor.py:161} INFO - Started process (PID=1723) to work on /home/airflow/.local/lib/python3.8/site-packages/airflow/example_dags/example_python_decorator.py
[2026-03-12T02:26:00.075+0000] {processor.py:830} INFO - Processing file /home/airflow/.local/lib/python3.8/site-packages/airflow/example_dags/example_python_decorator.py for tasks to queue
[2026-03-12T02:26:00.079+0000] {logging_mixin.py:188} INFO - [2026-03-12T02:26:00.079+0000] {dagbag.py:538} INFO - Filling up the DagBag from /home/airflow/.local/lib/python3.8/site-packages/airflow/example_dags/example_python_decorator.py
[2026-03-12T02:26:00.085+0000] {processor.py:840} INFO - DAG(s) 'example_python_decorator' retrieved from /home/airflow/.local/lib/python3.8/site-packages/airflow/example_dags/example_python_decorator.py
[2026-03-12T02:26:00.094+0000] {logging_mixin.py:188} INFO - [2026-03-12T02:26:00.094+0000] {dag.py:3036} INFO - Sync 1 DAGs
[2026-03-12T02:26:00.098+0000] {logging_mixin.py:188} INFO - [2026-03-12T02:26:00.098+0000] {dag.py:3823} INFO - Setting next_dagrun for example_python_decorator to None, run_after=None
[2026-03-12T02:26:00.107+0000] {processor.py:183} INFO - Processing /home/airflow/.local/lib/python3.8/site-packages/airflow/example_dags/example_python_decorator.py took 0.036 seconds
[2026-03-12T02:26:30.896+0000] {processor.py:161} INFO - Started process (PID=1799) to work on /home/airflow/.local/lib/python3.8/site-packages/airflow/example_dags/example_python_decorator.py
[2026-03-12T02:26:30.899+0000] {processor.py:830} INFO - Processing file /home/airflow/.local/lib/python3.8/site-packages/airflow/example_dags/example_python_decorator.py for tasks to queue
[2026-03-12T02:26:30.900+0000] {logging_mixin.py:188} INFO - [2026-03-12T02:26:30.899+0000] {dagbag.py:538} INFO - Filling up the DagBag from /home/airflow/.local/lib/python3.8/site-packages/airflow/example_dags/example_python_decorator.py
[2026-03-12T02:26:30.907+0000] {processor.py:840} INFO - DAG(s) 'example_python_decorator' retrieved from /home/airflow/.local/lib/python3.8/site-packages/airflow/example_dags/example_python_decorator.py
[2026-03-12T02:26:30.916+0000] {logging_mixin.py:188} INFO - [2026-03-12T02:26:30.916+0000] {dag.py:3036} INFO - Sync 1 DAGs
[2026-03-12T02:26:30.921+0000] {logging_mixin.py:188} INFO - [2026-03-12T02:26:30.921+0000] {dag.py:3823} INFO - Setting next_dagrun for example_python_decorator to None, run_after=None
[2026-03-12T02:26:30.928+0000] {processor.py:183} INFO - Processing /home/airflow/.local/lib/python3.8/site-packages/airflow/example_dags/example_python_decorator.py took 0.033 seconds
[2026-03-12T02:27:01.619+0000] {processor.py:161} INFO - Started process (PID=1875) to work on /home/airflow/.local/lib/python3.8/site-packages/airflow/example_dags/example_python_decorator.py
[2026-03-12T02:27:01.620+0000] {processor.py:830} INFO - Processing file /home/airflow/.local/lib/python3.8/site-packages/airflow/example_dags/example_python_decorator.py for tasks to queue
[2026-03-12T02:27:01.621+0000] {logging_mixin.py:188} INFO - [2026-03-12T02:27:01.621+0000] {dagbag.py:538} INFO - Filling up the DagBag from /home/airflow/.local/lib/python3.8/site-packages/airflow/example_dags/example_python_decorator.py
[2026-03-12T02:27:01.626+0000] {processor.py:840} INFO - DAG(s) 'example_python_decorator' retrieved from /home/airflow/.local/lib/python3.8/site-packages/airflow/example_dags/example_python_decorator.py
[2026-03-12T02:27:01.636+0000] {logging_mixin.py:188} INFO - [2026-03-12T02:27:01.636+0000] {dag.py:3036} INFO - Sync 1 DAGs
[2026-03-12T02:27:01.640+0000] {logging_mixin.py:188} INFO - [2026-03-12T02:27:01.640+0000] {dag.py:3823} INFO - Setting next_dagrun for example_python_decorator to None, run_after=None
[2026-03-12T02:27:01.648+0000] {processor.py:183} INFO - Processing /home/airflow/.local/lib/python3.8/site-packages/airflow/example_dags/example_python_decorator.py took 0.030 seconds
[2026-03-12T02:27:32.428+0000] {processor.py:161} INFO - Started process (PID=1951) to work on /home/airflow/.local/lib/python3.8/site-packages/airflow/example_dags/example_python_decorator.py
[2026-03-12T02:27:32.428+0000] {processor.py:830} INFO - Processing file /home/airflow/.local/lib/python3.8/site-packages/airflow/example_dags/example_python_decorator.py for tasks to queue
[2026-03-12T02:27:32.429+0000] {logging_mixin.py:188} INFO - [2026-03-12T02:27:32.429+0000] {dagbag.py:538} INFO - Filling up the DagBag from /home/airflow/.local/lib/python3.8/site-packages/airflow/example_dags/example_python_decorator.py
[2026-03-12T02:27:32.435+0000] {processor.py:840} INFO - DAG(s) 'example_python_decorator' retrieved from /home/airflow/.local/lib/python3.8/site-packages/airflow/example_dags/example_python_decorator.py
[2026-03-12T02:27:32.443+0000] {logging_mixin.py:188} INFO - [2026-03-12T02:27:32.443+0000] {dag.py:3036} INFO - Sync 1 DAGs
[2026-03-12T02:27:32.448+0000] {logging_mixin.py:188} INFO - [2026-03-12T02:27:32.448+0000] {dag.py:3823} INFO - Setting next_dagrun for example_python_decorator to None, run_after=None
[2026-03-12T02:27:32.460+0000] {processor.py:183} INFO - Processing /home/airflow/.local/lib/python3.8/site-packages/airflow/example_dags/example_python_decorator.py took 0.034 seconds
[2026-03-12T02:28:03.198+0000] {processor.py:161} INFO - Started process (PID=2027) to work on /home/airflow/.local/lib/python3.8/site-packages/airflow/example_dags/example_python_decorator.py
[2026-03-12T02:28:03.199+0000] {processor.py:830} INFO - Processing file /home/airflow/.local/lib/python3.8/site-packages/airflow/example_dags/example_python_decorator.py for tasks to queue
[2026-03-12T02:28:03.199+0000] {logging_mixin.py:188} INFO - [2026-03-12T02:28:03.199+0000] {dagbag.py:538} INFO - Filling up the DagBag from /home/airflow/.local/lib/python3.8/site-packages/airflow/example_dags/example_python_decorator.py
[2026-03-12T02:28:03.204+0000] {processor.py:840} INFO - DAG(s) 'example_python_decorator' retrieved from /home/airflow/.local/lib/python3.8/site-packages/airflow/example_dags/example_python_decorator.py
[2026-03-12T02:28:03.215+0000] {logging_mixin.py:188} INFO - [2026-03-12T02:28:03.215+0000] {dag.py:3036} INFO - Sync 1 DAGs
[2026-03-12T02:28:03.220+0000] {logging_mixin.py:188} INFO - [2026-03-12T02:28:03.220+0000] {dag.py:3823} INFO - Setting next_dagrun for example_python_decorator to None, run_after=None
[2026-03-12T02:28:03.232+0000] {processor.py:183} INFO - Processing /home/airflow/.local/lib/python3.8/site-packages/airflow/example_dags/example_python_decorator.py took 0.036 seconds
[2026-03-12T02:28:33.930+0000] {processor.py:161} INFO - Started process (PID=2103) to work on /home/airflow/.local/lib/python3.8/site-packages/airflow/example_dags/example_python_decorator.py
[2026-03-12T02:28:33.931+0000] {processor.py:830} INFO - Processing file /home/airflow/.local/lib/python3.8/site-packages/airflow/example_dags/example_python_decorator.py for tasks to queue
[2026-03-12T02:28:33.932+0000] {logging_mixin.py:188} INFO - [2026-03-12T02:28:33.931+0000] {dagbag.py:538} INFO - Filling up the DagBag from /home/airflow/.local/lib/python3.8/site-packages/airflow/example_dags/example_python_decorator.py
[2026-03-12T02:28:33.940+0000] {processor.py:840} INFO - DAG(s) 'example_python_decorator' retrieved from /home/airflow/.local/lib/python3.8/site-packages/airflow/example_dags/example_python_decorator.py
[2026-03-12T02:28:33.951+0000] {logging_mixin.py:188} INFO - [2026-03-12T02:28:33.951+0000] {dag.py:3036} INFO - Sync 1 DAGs
[2026-03-12T02:28:33.956+0000] {logging_mixin.py:188} INFO - [2026-03-12T02:28:33.956+0000] {dag.py:3823} INFO - Setting next_dagrun for example_python_decorator to None, run_after=None
[2026-03-12T02:28:33.965+0000] {processor.py:183} INFO - Processing /home/airflow/.local/lib/python3.8/site-packages/airflow/example_dags/example_python_decorator.py took 0.037 seconds
[2026-03-12T02:29:04.944+0000] {processor.py:161} INFO - Started process (PID=2179) to work on /home/airflow/.local/lib/python3.8/site-packages/airflow/example_dags/example_python_decorator.py
[2026-03-12T02:29:04.944+0000] {processor.py:830} INFO - Processing file /home/airflow/.local/lib/python3.8/site-packages/airflow/example_dags/example_python_decorator.py for tasks to queue
[2026-03-12T02:29:04.945+0000] {logging_mixin.py:188} INFO - [2026-03-12T02:29:04.945+0000] {dagbag.py:538} INFO - Filling up the DagBag from /home/airflow/.local/lib/python3.8/site-packages/airflow/example_dags/example_python_decorator.py
[2026-03-12T02:29:04.950+0000] {processor.py:840} INFO - DAG(s) 'example_python_decorator' retrieved from /home/airflow/.local/lib/python3.8/site-packages/airflow/example_dags/example_python_decorator.py
[2026-03-12T02:29:04.963+0000] {logging_mixin.py:188} INFO - [2026-03-12T02:29:04.963+0000] {dag.py:3036} INFO - Sync 1 DAGs
[2026-03-12T02:29:04.967+0000] {logging_mixin.py:188} INFO - [2026-03-12T02:29:04.967+0000] {dag.py:3823} INFO - Setting next_dagrun for example_python_decorator to None, run_after=None
[2026-03-12T02:29:04.976+0000] {processor.py:183} INFO - Processing /home/airflow/.local/lib/python3.8/site-packages/airflow/example_dags/example_python_decorator.py took 0.033 seconds
[2026-03-12T02:29:35.925+0000] {processor.py:161} INFO - Started process (PID=2255) to work on /home/airflow/.local/lib/python3.8/site-packages/airflow/example_dags/example_python_decorator.py
[2026-03-12T02:29:35.926+0000] {processor.py:830} INFO - Processing file /home/airflow/.local/lib/python3.8/site-packages/airflow/example_dags/example_python_decorator.py for tasks to queue
[2026-03-12T02:29:35.928+0000] {logging_mixin.py:188} INFO - [2026-03-12T02:29:35.927+0000] {dagbag.py:538} INFO - Filling up the DagBag from /home/airflow/.local/lib/python3.8/site-packages/airflow/example_dags/example_python_decorator.py
[2026-03-12T02:29:35.934+0000] {processor.py:840} INFO - DAG(s) 'example_python_decorator' retrieved from /home/airflow/.local/lib/python3.8/site-packages/airflow/example_dags/example_python_decorator.py
[2026-03-12T02:29:35.945+0000] {logging_mixin.py:188} INFO - [2026-03-12T02:29:35.945+0000] {dag.py:3036} INFO - Sync 1 DAGs
[2026-03-12T02:29:35.949+0000] {logging_mixin.py:188} INFO - [2026-03-12T02:29:35.949+0000] {dag.py:3823} INFO - Setting next_dagrun for example_python_decorator to None, run_after=None
[2026-03-12T02:29:35.956+0000] {processor.py:183} INFO - Processing /home/airflow/.local/lib/python3.8/site-packages/airflow/example_dags/example_python_decorator.py took 0.032 seconds
[2026-03-12T02:30:07.044+0000] {processor.py:161} INFO - Started process (PID=2331) to work on /home/airflow/.local/lib/python3.8/site-packages/airflow/example_dags/example_python_decorator.py
[2026-03-12T02:30:07.044+0000] {processor.py:830} INFO - Processing file /home/airflow/.local/lib/python3.8/site-packages/airflow/example_dags/example_python_decorator.py for tasks to queue
[2026-03-12T02:30:07.047+0000] {logging_mixin.py:188} INFO - [2026-03-12T02:30:07.047+0000] {dagbag.py:538} INFO - Filling up the DagBag from /home/airflow/.local/lib/python3.8/site-packages/airflow/example_dags/example_python_decorator.py
[2026-03-12T02:30:07.052+0000] {processor.py:840} INFO - DAG(s) 'example_python_decorator' retrieved from /home/airflow/.local/lib/python3.8/site-packages/airflow/example_dags/example_python_decorator.py
[2026-03-12T02:30:07.063+0000] {logging_mixin.py:188} INFO - [2026-03-12T02:30:07.063+0000] {dag.py:3036} INFO - Sync 1 DAGs
[2026-03-12T02:30:07.067+0000] {logging_mixin.py:188} INFO - [2026-03-12T02:30:07.067+0000] {dag.py:3823} INFO - Setting next_dagrun for example_python_decorator to None, run_after=None
[2026-03-12T02:30:07.074+0000] {processor.py:183} INFO - Processing /home/airflow/.local/lib/python3.8/site-packages/airflow/example_dags/example_python_decorator.py took 0.031 seconds
[2026-03-12T02:30:37.956+0000] {processor.py:161} INFO - Started process (PID=2407) to work on /home/airflow/.local/lib/python3.8/site-packages/airflow/example_dags/example_python_decorator.py
[2026-03-12T02:30:37.956+0000] {processor.py:830} INFO - Processing file /home/airflow/.local/lib/python3.8/site-packages/airflow/example_dags/example_python_decorator.py for tasks to queue
[2026-03-12T02:30:37.957+0000] {logging_mixin.py:188} INFO - [2026-03-12T02:30:37.957+0000] {dagbag.py:538} INFO - Filling up the DagBag from /home/airflow/.local/lib/python3.8/site-packages/airflow/example_dags/example_python_decorator.py
[2026-03-12T02:30:37.962+0000] {processor.py:840} INFO - DAG(s) 'example_python_decorator' retrieved from /home/airflow/.local/lib/python3.8/site-packages/airflow/example_dags/example_python_decorator.py
[2026-03-12T02:30:37.973+0000] {logging_mixin.py:188} INFO - [2026-03-12T02:30:37.973+0000] {dag.py:3036} INFO - Sync 1 DAGs
[2026-03-12T02:30:37.978+0000] {logging_mixin.py:188} INFO - [2026-03-12T02:30:37.978+0000] {dag.py:3823} INFO - Setting next_dagrun for example_python_decorator to None, run_after=None
[2026-03-12T02:30:37.988+0000] {processor.py:183} INFO - Processing /home/airflow/.local/lib/python3.8/site-packages/airflow/example_dags/example_python_decorator.py took 0.033 seconds
[2026-03-12T02:31:08.971+0000] {processor.py:161} INFO - Started process (PID=2483) to work on /home/airflow/.local/lib/python3.8/site-packages/airflow/example_dags/example_python_decorator.py
[2026-03-12T02:31:08.972+0000] {processor.py:830} INFO - Processing file /home/airflow/.local/lib/python3.8/site-packages/airflow/example_dags/example_python_decorator.py for tasks to queue
[2026-03-12T02:31:08.972+0000] {logging_mixin.py:188} INFO - [2026-03-12T02:31:08.972+0000] {dagbag.py:538} INFO - Filling up the DagBag from /home/airflow/.local/lib/python3.8/site-packages/airflow/example_dags/example_python_decorator.py
[2026-03-12T02:31:08.978+0000] {processor.py:840} INFO - DAG(s) 'example_python_decorator' retrieved from /home/airflow/.local/lib/python3.8/site-packages/airflow/example_dags/example_python_decorator.py
[2026-03-12T02:31:08.986+0000] {logging_mixin.py:188} INFO - [2026-03-12T02:31:08.986+0000] {dag.py:3036} INFO - Sync 1 DAGs
[2026-03-12T02:31:08.991+0000] {logging_mixin.py:188} INFO - [2026-03-12T02:31:08.991+0000] {dag.py:3823} INFO - Setting next_dagrun for example_python_decorator to None, run_after=None
[2026-03-12T02:31:09.001+0000] {processor.py:183} INFO - Processing /home/airflow/.local/lib/python3.8/site-packages/airflow/example_dags/example_python_decorator.py took 0.032 seconds
[2026-03-12T02:31:39.901+0000] {processor.py:161} INFO - Started process (PID=2559) to work on /home/airflow/.local/lib/python3.8/site-packages/airflow/example_dags/example_python_decorator.py
[2026-03-12T02:31:39.901+0000] {processor.py:830} INFO - Processing file /home/airflow/.local/lib/python3.8/site-packages/airflow/example_dags/example_python_decorator.py for tasks to queue
[2026-03-12T02:31:39.902+0000] {logging_mixin.py:188} INFO - [2026-03-12T02:31:39.902+0000] {dagbag.py:538} INFO - Filling up the DagBag from /home/airflow/.local/lib/python3.8/site-packages/airflow/example_dags/example_python_decorator.py
[2026-03-12T02:31:39.909+0000] {processor.py:840} INFO - DAG(s) 'example_python_decorator' retrieved from /home/airflow/.local/lib/python3.8/site-packages/airflow/example_dags/example_python_decorator.py
[2026-03-12T02:31:39.921+0000] {logging_mixin.py:188} INFO - [2026-03-12T02:31:39.921+0000] {dag.py:3036} INFO - Sync 1 DAGs
[2026-03-12T02:31:39.925+0000] {logging_mixin.py:188} INFO - [2026-03-12T02:31:39.925+0000] {dag.py:3823} INFO - Setting next_dagrun for example_python_decorator to None, run_after=None
[2026-03-12T02:31:39.934+0000] {processor.py:183} INFO - Processing /home/airflow/.local/lib/python3.8/site-packages/airflow/example_dags/example_python_decorator.py took 0.034 seconds
[2026-03-12T02:32:11.082+0000] {processor.py:161} INFO - Started process (PID=2641) to work on /home/airflow/.local/lib/python3.8/site-packages/airflow/example_dags/example_python_decorator.py
[2026-03-12T02:32:11.082+0000] {processor.py:830} INFO - Processing file /home/airflow/.local/lib/python3.8/site-packages/airflow/example_dags/example_python_decorator.py for tasks to queue
[2026-03-12T02:32:11.084+0000] {logging_mixin.py:188} INFO - [2026-03-12T02:32:11.084+0000] {dagbag.py:538} INFO - Filling up the DagBag from /home/airflow/.local/lib/python3.8/site-packages/airflow/example_dags/example_python_decorator.py
[2026-03-12T02:32:11.092+0000] {processor.py:840} INFO - DAG(s) 'example_python_decorator' retrieved from /home/airflow/.local/lib/python3.8/site-packages/airflow/example_dags/example_python_decorator.py
[2026-03-12T02:32:11.105+0000] {logging_mixin.py:188} INFO - [2026-03-12T02:32:11.105+0000] {dag.py:3036} INFO - Sync 1 DAGs
[2026-03-12T02:32:11.111+0000] {logging_mixin.py:188} INFO - [2026-03-12T02:32:11.111+0000] {dag.py:3823} INFO - Setting next_dagrun for example_python_decorator to None, run_after=None
[2026-03-12T02:32:11.118+0000] {processor.py:183} INFO - Processing /home/airflow/.local/lib/python3.8/site-packages/airflow/example_dags/example_python_decorator.py took 0.038 seconds
[2026-03-12T02:32:42.953+0000] {processor.py:161} INFO - Started process (PID=2717) to work on /home/airflow/.local/lib/python3.8/site-packages/airflow/example_dags/example_python_decorator.py
[2026-03-12T02:32:42.953+0000] {processor.py:830} INFO - Processing file /home/airflow/.local/lib/python3.8/site-packages/airflow/example_dags/example_python_decorator.py for tasks to queue
[2026-03-12T02:32:42.955+0000] {logging_mixin.py:188} INFO - [2026-03-12T02:32:42.955+0000] {dagbag.py:538} INFO - Filling up the DagBag from /home/airflow/.local/lib/python3.8/site-packages/airflow/example_dags/example_python_decorator.py
[2026-03-12T02:32:42.963+0000] {processor.py:840} INFO - DAG(s) 'example_python_decorator' retrieved from /home/airflow/.local/lib/python3.8/site-packages/airflow/example_dags/example_python_decorator.py
[2026-03-12T02:32:42.977+0000] {logging_mixin.py:188} INFO - [2026-03-12T02:32:42.977+0000] {dag.py:3036} INFO - Sync 1 DAGs
[2026-03-12T02:32:42.985+0000] {logging_mixin.py:188} INFO - [2026-03-12T02:32:42.985+0000] {dag.py:3823} INFO - Setting next_dagrun for example_python_decorator to None, run_after=None
[2026-03-12T02:32:42.992+0000] {processor.py:183} INFO - Processing /home/airflow/.local/lib/python3.8/site-packages/airflow/example_dags/example_python_decorator.py took 0.041 seconds
[2026-03-12T02:33:13.811+0000] {processor.py:161} INFO - Started process (PID=2793) to work on /home/airflow/.local/lib/python3.8/site-packages/airflow/example_dags/example_python_decorator.py
[2026-03-12T02:33:13.813+0000] {processor.py:830} INFO - Processing file /home/airflow/.local/lib/python3.8/site-packages/airflow/example_dags/example_python_decorator.py for tasks to queue
[2026-03-12T02:33:13.814+0000] {logging_mixin.py:188} INFO - [2026-03-12T02:33:13.814+0000] {dagbag.py:538} INFO - Filling up the DagBag from /home/airflow/.local/lib/python3.8/site-packages/airflow/example_dags/example_python_decorator.py
[2026-03-12T02:33:13.821+0000] {processor.py:840} INFO - DAG(s) 'example_python_decorator' retrieved from /home/airflow/.local/lib/python3.8/site-packages/airflow/example_dags/example_python_decorator.py
[2026-03-12T02:33:13.838+0000] {logging_mixin.py:188} INFO - [2026-03-12T02:33:13.838+0000] {dag.py:3036} INFO - Sync 1 DAGs
[2026-03-12T02:33:13.843+0000] {logging_mixin.py:188} INFO - [2026-03-12T02:33:13.843+0000] {dag.py:3823} INFO - Setting next_dagrun for example_python_decorator to None, run_after=None
[2026-03-12T02:33:13.856+0000] {processor.py:183} INFO - Processing /home/airflow/.local/lib/python3.8/site-packages/airflow/example_dags/example_python_decorator.py took 0.046 seconds
[2026-03-12T02:33:44.769+0000] {processor.py:161} INFO - Started process (PID=2869) to work on /home/airflow/.local/lib/python3.8/site-packages/airflow/example_dags/example_python_decorator.py
[2026-03-12T02:33:44.770+0000] {processor.py:830} INFO - Processing file /home/airflow/.local/lib/python3.8/site-packages/airflow/example_dags/example_python_decorator.py for tasks to queue
[2026-03-12T02:33:44.770+0000] {logging_mixin.py:188} INFO - [2026-03-12T02:33:44.770+0000] {dagbag.py:538} INFO - Filling up the DagBag from /home/airflow/.local/lib/python3.8/site-packages/airflow/example_dags/example_python_decorator.py
[2026-03-12T02:33:44.776+0000] {processor.py:840} INFO - DAG(s) 'example_python_decorator' retrieved from /home/airflow/.local/lib/python3.8/site-packages/airflow/example_dags/example_python_decorator.py
[2026-03-12T02:33:44.786+0000] {logging_mixin.py:188} INFO - [2026-03-12T02:33:44.786+0000] {dag.py:3036} INFO - Sync 1 DAGs
[2026-03-12T02:33:44.798+0000] {logging_mixin.py:188} INFO - [2026-03-12T02:33:44.797+0000] {dag.py:3823} INFO - Setting next_dagrun for example_python_decorator to None, run_after=None
[2026-03-12T02:33:44.822+0000] {processor.py:183} INFO - Processing /home/airflow/.local/lib/python3.8/site-packages/airflow/example_dags/example_python_decorator.py took 0.055 seconds
[2026-03-12T02:34:15.647+0000] {processor.py:161} INFO - Started process (PID=2945) to work on /home/airflow/.local/lib/python3.8/site-packages/airflow/example_dags/example_python_decorator.py
[2026-03-12T02:34:15.648+0000] {processor.py:830} INFO - Processing file /home/airflow/.local/lib/python3.8/site-packages/airflow/example_dags/example_python_decorator.py for tasks to queue
[2026-03-12T02:34:15.649+0000] {logging_mixin.py:188} INFO - [2026-03-12T02:34:15.649+0000] {dagbag.py:538} INFO - Filling up the DagBag from /home/airflow/.local/lib/python3.8/site-packages/airflow/example_dags/example_python_decorator.py
[2026-03-12T02:34:15.657+0000] {processor.py:840} INFO - DAG(s) 'example_python_decorator' retrieved from /home/airflow/.local/lib/python3.8/site-packages/airflow/example_dags/example_python_decorator.py
[2026-03-12T02:34:15.672+0000] {logging_mixin.py:188} INFO - [2026-03-12T02:34:15.672+0000] {dag.py:3036} INFO - Sync 1 DAGs
[2026-03-12T02:34:15.678+0000] {logging_mixin.py:188} INFO - [2026-03-12T02:34:15.678+0000] {dag.py:3823} INFO - Setting next_dagrun for example_python_decorator to None, run_after=None
[2026-03-12T02:34:15.687+0000] {processor.py:183} INFO - Processing /home/airflow/.local/lib/python3.8/site-packages/airflow/example_dags/example_python_decorator.py took 0.042 seconds
[2026-03-12T02:34:46.411+0000] {processor.py:161} INFO - Started process (PID=3021) to work on /home/airflow/.local/lib/python3.8/site-packages/airflow/example_dags/example_python_decorator.py
[2026-03-12T02:34:46.412+0000] {processor.py:830} INFO - Processing file /home/airflow/.local/lib/python3.8/site-packages/airflow/example_dags/example_python_decorator.py for tasks to queue
[2026-03-12T02:34:46.415+0000] {logging_mixin.py:188} INFO - [2026-03-12T02:34:46.415+0000] {dagbag.py:538} INFO - Filling up the DagBag from /home/airflow/.local/lib/python3.8/site-packages/airflow/example_dags/example_python_decorator.py
[2026-03-12T02:34:46.422+0000] {processor.py:840} INFO - DAG(s) 'example_python_decorator' retrieved from /home/airflow/.local/lib/python3.8/site-packages/airflow/example_dags/example_python_decorator.py
[2026-03-12T02:34:46.438+0000] {logging_mixin.py:188} INFO - [2026-03-12T02:34:46.438+0000] {dag.py:3036} INFO - Sync 1 DAGs
[2026-03-12T02:34:46.446+0000] {logging_mixin.py:188} INFO - [2026-03-12T02:34:46.446+0000] {dag.py:3823} INFO - Setting next_dagrun for example_python_decorator to None, run_after=None
[2026-03-12T02:34:46.458+0000] {processor.py:183} INFO - Processing /home/airflow/.local/lib/python3.8/site-packages/airflow/example_dags/example_python_decorator.py took 0.050 seconds
[2026-03-12T02:35:17.316+0000] {processor.py:161} INFO - Started process (PID=3097) to work on /home/airflow/.local/lib/python3.8/site-packages/airflow/example_dags/example_python_decorator.py
[2026-03-12T02:35:17.317+0000] {processor.py:830} INFO - Processing file /home/airflow/.local/lib/python3.8/site-packages/airflow/example_dags/example_python_decorator.py for tasks to queue
[2026-03-12T02:35:17.318+0000] {logging_mixin.py:188} INFO - [2026-03-12T02:35:17.317+0000] {dagbag.py:538} INFO - Filling up the DagBag from /home/airflow/.local/lib/python3.8/site-packages/airflow/example_dags/example_python_decorator.py
[2026-03-12T02:35:17.323+0000] {processor.py:840} INFO - DAG(s) 'example_python_decorator' retrieved from /home/airflow/.local/lib/python3.8/site-packages/airflow/example_dags/example_python_decorator.py
[2026-03-12T02:35:17.333+0000] {logging_mixin.py:188} INFO - [2026-03-12T02:35:17.333+0000] {dag.py:3036} INFO - Sync 1 DAGs
[2026-03-12T02:35:17.339+0000] {logging_mixin.py:188} INFO - [2026-03-12T02:35:17.338+0000] {dag.py:3823} INFO - Setting next_dagrun for example_python_decorator to None, run_after=None
[2026-03-12T02:35:17.345+0000] {processor.py:183} INFO - Processing /home/airflow/.local/lib/python3.8/site-packages/airflow/example_dags/example_python_decorator.py took 0.030 seconds
[2026-03-12T02:35:48.115+0000] {processor.py:161} INFO - Started process (PID=3173) to work on /home/airflow/.local/lib/python3.8/site-packages/airflow/example_dags/example_python_decorator.py
[2026-03-12T02:35:48.115+0000] {processor.py:830} INFO - Processing file /home/airflow/.local/lib/python3.8/site-packages/airflow/example_dags/example_python_decorator.py for tasks to queue
[2026-03-12T02:35:48.116+0000] {logging_mixin.py:188} INFO - [2026-03-12T02:35:48.116+0000] {dagbag.py:538} INFO - Filling up the DagBag from /home/airflow/.local/lib/python3.8/site-packages/airflow/example_dags/example_python_decorator.py
[2026-03-12T02:35:48.122+0000] {processor.py:840} INFO - DAG(s) 'example_python_decorator' retrieved from /home/airflow/.local/lib/python3.8/site-packages/airflow/example_dags/example_python_decorator.py
[2026-03-12T02:35:48.131+0000] {logging_mixin.py:188} INFO - [2026-03-12T02:35:48.131+0000] {dag.py:3036} INFO - Sync 1 DAGs
[2026-03-12T02:35:48.136+0000] {logging_mixin.py:188} INFO - [2026-03-12T02:35:48.136+0000] {dag.py:3823} INFO - Setting next_dagrun for example_python_decorator to None, run_after=None
[2026-03-12T02:35:48.142+0000] {processor.py:183} INFO - Processing /home/airflow/.local/lib/python3.8/site-packages/airflow/example_dags/example_python_decorator.py took 0.029 seconds
[2026-03-12T02:36:18.925+0000] {processor.py:161} INFO - Started process (PID=3249) to work on /home/airflow/.local/lib/python3.8/site-packages/airflow/example_dags/example_python_decorator.py
[2026-03-12T02:36:18.926+0000] {processor.py:830} INFO - Processing file /home/airflow/.local/lib/python3.8/site-packages/airflow/example_dags/example_python_decorator.py for tasks to queue
[2026-03-12T02:36:18.926+0000] {logging_mixin.py:188} INFO - [2026-03-12T02:36:18.926+0000] {dagbag.py:538} INFO - Filling up the DagBag from /home/airflow/.local/lib/python3.8/site-packages/airflow/example_dags/example_python_decorator.py
[2026-03-12T02:36:18.931+0000] {processor.py:840} INFO - DAG(s) 'example_python_decorator' retrieved from /home/airflow/.local/lib/python3.8/site-packages/airflow/example_dags/example_python_decorator.py
[2026-03-12T02:36:18.940+0000] {logging_mixin.py:188} INFO - [2026-03-12T02:36:18.940+0000] {dag.py:3036} INFO - Sync 1 DAGs
[2026-03-12T02:36:18.944+0000] {logging_mixin.py:188} INFO - [2026-03-12T02:36:18.944+0000] {dag.py:3823} INFO - Setting next_dagrun for example_python_decorator to None, run_after=None
[2026-03-12T02:36:18.950+0000] {processor.py:183} INFO - Processing /home/airflow/.local/lib/python3.8/site-packages/airflow/example_dags/example_python_decorator.py took 0.027 seconds
[2026-03-12T02:36:49.495+0000] {processor.py:161} INFO - Started process (PID=3325) to work on /home/airflow/.local/lib/python3.8/site-packages/airflow/example_dags/example_python_decorator.py
[2026-03-12T02:36:49.496+0000] {processor.py:830} INFO - Processing file /home/airflow/.local/lib/python3.8/site-packages/airflow/example_dags/example_python_decorator.py for tasks to queue
[2026-03-12T02:36:49.496+0000] {logging_mixin.py:188} INFO - [2026-03-12T02:36:49.496+0000] {dagbag.py:538} INFO - Filling up the DagBag from /home/airflow/.local/lib/python3.8/site-packages/airflow/example_dags/example_python_decorator.py
[2026-03-12T02:36:49.501+0000] {processor.py:840} INFO - DAG(s) 'example_python_decorator' retrieved from /home/airflow/.local/lib/python3.8/site-packages/airflow/example_dags/example_python_decorator.py
[2026-03-12T02:36:49.508+0000] {logging_mixin.py:188} INFO - [2026-03-12T02:36:49.508+0000] {dag.py:3036} INFO - Sync 1 DAGs
[2026-03-12T02:36:49.512+0000] {logging_mixin.py:188} INFO - [2026-03-12T02:36:49.512+0000] {dag.py:3823} INFO - Setting next_dagrun for example_python_decorator to None, run_after=None
[2026-03-12T02:36:49.517+0000] {processor.py:183} INFO - Processing /home/airflow/.local/lib/python3.8/site-packages/airflow/example_dags/example_python_decorator.py took 0.024 seconds
[2026-03-12T02:37:20.268+0000] {processor.py:161} INFO - Started process (PID=3401) to work on /home/airflow/.local/lib/python3.8/site-packages/airflow/example_dags/example_python_decorator.py
[2026-03-12T02:37:20.269+0000] {processor.py:830} INFO - Processing file /home/airflow/.local/lib/python3.8/site-packages/airflow/example_dags/example_python_decorator.py for tasks to queue
[2026-03-12T02:37:20.269+0000] {logging_mixin.py:188} INFO - [2026-03-12T02:37:20.269+0000] {dagbag.py:538} INFO - Filling up the DagBag from /home/airflow/.local/lib/python3.8/site-packages/airflow/example_dags/example_python_decorator.py
[2026-03-12T02:37:20.274+0000] {processor.py:840} INFO - DAG(s) 'example_python_decorator' retrieved from /home/airflow/.local/lib/python3.8/site-packages/airflow/example_dags/example_python_decorator.py
[2026-03-12T02:37:20.284+0000] {logging_mixin.py:188} INFO - [2026-03-12T02:37:20.283+0000] {dag.py:3036} INFO - Sync 1 DAGs
[2026-03-12T02:37:20.288+0000] {logging_mixin.py:188} INFO - [2026-03-12T02:37:20.287+0000] {dag.py:3823} INFO - Setting next_dagrun for example_python_decorator to None, run_after=None
[2026-03-12T02:37:20.295+0000] {processor.py:183} INFO - Processing /home/airflow/.local/lib/python3.8/site-packages/airflow/example_dags/example_python_decorator.py took 0.029 seconds
[2026-03-12T02:37:51.064+0000] {processor.py:161} INFO - Started process (PID=3477) to work on /home/airflow/.local/lib/python3.8/site-packages/airflow/example_dags/example_python_decorator.py
[2026-03-12T02:37:51.065+0000] {processor.py:830} INFO - Processing file /home/airflow/.local/lib/python3.8/site-packages/airflow/example_dags/example_python_decorator.py for tasks to queue
[2026-03-12T02:37:51.066+0000] {logging_mixin.py:188} INFO - [2026-03-12T02:37:51.066+0000] {dagbag.py:538} INFO - Filling up the DagBag from /home/airflow/.local/lib/python3.8/site-packages/airflow/example_dags/example_python_decorator.py
[2026-03-12T02:37:51.073+0000] {processor.py:840} INFO - DAG(s) 'example_python_decorator' retrieved from /home/airflow/.local/lib/python3.8/site-packages/airflow/example_dags/example_python_decorator.py
[2026-03-12T02:37:51.084+0000] {logging_mixin.py:188} INFO - [2026-03-12T02:37:51.084+0000] {dag.py:3036} INFO - Sync 1 DAGs
[2026-03-12T02:37:51.089+0000] {logging_mixin.py:188} INFO - [2026-03-12T02:37:51.089+0000] {dag.py:3823} INFO - Setting next_dagrun for example_python_decorator to None, run_after=None
[2026-03-12T02:37:51.096+0000] {processor.py:183} INFO - Processing /home/airflow/.local/lib/python3.8/site-packages/airflow/example_dags/example_python_decorator.py took 0.033 seconds
[2026-03-12T02:38:21.460+0000] {processor.py:161} INFO - Started process (PID=3553) to work on /home/airflow/.local/lib/python3.8/site-packages/airflow/example_dags/example_python_decorator.py
[2026-03-12T02:38:21.460+0000] {processor.py:830} INFO - Processing file /home/airflow/.local/lib/python3.8/site-packages/airflow/example_dags/example_python_decorator.py for tasks to queue
[2026-03-12T02:38:21.462+0000] {logging_mixin.py:188} INFO - [2026-03-12T02:38:21.461+0000] {dagbag.py:538} INFO - Filling up the DagBag from /home/airflow/.local/lib/python3.8/site-packages/airflow/example_dags/example_python_decorator.py
[2026-03-12T02:38:21.467+0000] {processor.py:840} INFO - DAG(s) 'example_python_decorator' retrieved from /home/airflow/.local/lib/python3.8/site-packages/airflow/example_dags/example_python_decorator.py
[2026-03-12T02:38:21.477+0000] {logging_mixin.py:188} INFO - [2026-03-12T02:38:21.477+0000] {dag.py:3036} INFO - Sync 1 DAGs
[2026-03-12T02:38:21.482+0000] {logging_mixin.py:188} INFO - [2026-03-12T02:38:21.482+0000] {dag.py:3823} INFO - Setting next_dagrun for example_python_decorator to None, run_after=None
[2026-03-12T02:38:21.493+0000] {processor.py:183} INFO - Processing /home/airflow/.local/lib/python3.8/site-packages/airflow/example_dags/example_python_decorator.py took 0.035 seconds
[2026-03-12T02:38:51.600+0000] {processor.py:161} INFO - Started process (PID=3629) to work on /home/airflow/.local/lib/python3.8/site-packages/airflow/example_dags/example_python_decorator.py
[2026-03-12T02:38:51.601+0000] {processor.py:830} INFO - Processing file /home/airflow/.local/lib/python3.8/site-packages/airflow/example_dags/example_python_decorator.py for tasks to queue
[2026-03-12T02:38:51.602+0000] {logging_mixin.py:188} INFO - [2026-03-12T02:38:51.602+0000] {dagbag.py:538} INFO - Filling up the DagBag from /home/airflow/.local/lib/python3.8/site-packages/airflow/example_dags/example_python_decorator.py
[2026-03-12T02:38:51.610+0000] {processor.py:840} INFO - DAG(s) 'example_python_decorator' retrieved from /home/airflow/.local/lib/python3.8/site-packages/airflow/example_dags/example_python_decorator.py
[2026-03-12T02:38:51.623+0000] {logging_mixin.py:188} INFO - [2026-03-12T02:38:51.623+0000] {dag.py:3036} INFO - Sync 1 DAGs
[2026-03-12T02:38:51.628+0000] {logging_mixin.py:188} INFO - [2026-03-12T02:38:51.628+0000] {dag.py:3823} INFO - Setting next_dagrun for example_python_decorator to None, run_after=None
[2026-03-12T02:38:51.635+0000] {processor.py:183} INFO - Processing /home/airflow/.local/lib/python3.8/site-packages/airflow/example_dags/example_python_decorator.py took 0.036 seconds
[2026-03-12T02:39:21.911+0000] {processor.py:161} INFO - Started process (PID=3705) to work on /home/airflow/.local/lib/python3.8/site-packages/airflow/example_dags/example_python_decorator.py
[2026-03-12T02:39:21.914+0000] {processor.py:830} INFO - Processing file /home/airflow/.local/lib/python3.8/site-packages/airflow/example_dags/example_python_decorator.py for tasks to queue
[2026-03-12T02:39:21.915+0000] {logging_mixin.py:188} INFO - [2026-03-12T02:39:21.915+0000] {dagbag.py:538} INFO - Filling up the DagBag from /home/airflow/.local/lib/python3.8/site-packages/airflow/example_dags/example_python_decorator.py
[2026-03-12T02:39:21.919+0000] {processor.py:840} INFO - DAG(s) 'example_python_decorator' retrieved from /home/airflow/.local/lib/python3.8/site-packages/airflow/example_dags/example_python_decorator.py
[2026-03-12T02:39:21.930+0000] {logging_mixin.py:188} INFO - [2026-03-12T02:39:21.930+0000] {dag.py:3036} INFO - Sync 1 DAGs
[2026-03-12T02:39:21.934+0000] {logging_mixin.py:188} INFO - [2026-03-12T02:39:21.933+0000] {dag.py:3823} INFO - Setting next_dagrun for example_python_decorator to None, run_after=None
[2026-03-12T02:39:21.941+0000] {processor.py:183} INFO - Processing /home/airflow/.local/lib/python3.8/site-packages/airflow/example_dags/example_python_decorator.py took 0.032 seconds
[2026-03-12T02:39:53.127+0000] {processor.py:161} INFO - Started process (PID=3781) to work on /home/airflow/.local/lib/python3.8/site-packages/airflow/example_dags/example_python_decorator.py
[2026-03-12T02:39:53.128+0000] {processor.py:830} INFO - Processing file /home/airflow/.local/lib/python3.8/site-packages/airflow/example_dags/example_python_decorator.py for tasks to queue
[2026-03-12T02:39:53.130+0000] {logging_mixin.py:188} INFO - [2026-03-12T02:39:53.129+0000] {dagbag.py:538} INFO - Filling up the DagBag from /home/airflow/.local/lib/python3.8/site-packages/airflow/example_dags/example_python_decorator.py
[2026-03-12T02:39:53.139+0000] {processor.py:840} INFO - DAG(s) 'example_python_decorator' retrieved from /home/airflow/.local/lib/python3.8/site-packages/airflow/example_dags/example_python_decorator.py
[2026-03-12T02:39:53.150+0000] {logging_mixin.py:188} INFO - [2026-03-12T02:39:53.150+0000] {dag.py:3036} INFO - Sync 1 DAGs
[2026-03-12T02:39:53.155+0000] {logging_mixin.py:188} INFO - [2026-03-12T02:39:53.155+0000] {dag.py:3823} INFO - Setting next_dagrun for example_python_decorator to None, run_after=None
[2026-03-12T02:39:53.166+0000] {processor.py:183} INFO - Processing /home/airflow/.local/lib/python3.8/site-packages/airflow/example_dags/example_python_decorator.py took 0.041 seconds
[2026-03-12T02:40:24.278+0000] {processor.py:161} INFO - Started process (PID=3857) to work on /home/airflow/.local/lib/python3.8/site-packages/airflow/example_dags/example_python_decorator.py
[2026-03-12T02:40:24.279+0000] {processor.py:830} INFO - Processing file /home/airflow/.local/lib/python3.8/site-packages/airflow/example_dags/example_python_decorator.py for tasks to queue
[2026-03-12T02:40:24.280+0000] {logging_mixin.py:188} INFO - [2026-03-12T02:40:24.280+0000] {dagbag.py:538} INFO - Filling up the DagBag from /home/airflow/.local/lib/python3.8/site-packages/airflow/example_dags/example_python_decorator.py
[2026-03-12T02:40:24.287+0000] {processor.py:840} INFO - DAG(s) 'example_python_decorator' retrieved from /home/airflow/.local/lib/python3.8/site-packages/airflow/example_dags/example_python_decorator.py
[2026-03-12T02:40:24.303+0000] {logging_mixin.py:188} INFO - [2026-03-12T02:40:24.303+0000] {dag.py:3036} INFO - Sync 1 DAGs
[2026-03-12T02:40:24.308+0000] {logging_mixin.py:188} INFO - [2026-03-12T02:40:24.308+0000] {dag.py:3823} INFO - Setting next_dagrun for example_python_decorator to None, run_after=None
[2026-03-12T02:40:24.317+0000] {processor.py:183} INFO - Processing /home/airflow/.local/lib/python3.8/site-packages/airflow/example_dags/example_python_decorator.py took 0.041 seconds
[2026-03-12T02:40:55.247+0000] {processor.py:161} INFO - Started process (PID=3933) to work on /home/airflow/.local/lib/python3.8/site-packages/airflow/example_dags/example_python_decorator.py
[2026-03-12T02:40:55.248+0000] {processor.py:830} INFO - Processing file /home/airflow/.local/lib/python3.8/site-packages/airflow/example_dags/example_python_decorator.py for tasks to queue
[2026-03-12T02:40:55.249+0000] {logging_mixin.py:188} INFO - [2026-03-12T02:40:55.248+0000] {dagbag.py:538} INFO - Filling up the DagBag from /home/airflow/.local/lib/python3.8/site-packages/airflow/example_dags/example_python_decorator.py
[2026-03-12T02:40:55.253+0000] {processor.py:840} INFO - DAG(s) 'example_python_decorator' retrieved from /home/airflow/.local/lib/python3.8/site-packages/airflow/example_dags/example_python_decorator.py
[2026-03-12T02:40:55.261+0000] {logging_mixin.py:188} INFO - [2026-03-12T02:40:55.261+0000] {dag.py:3036} INFO - Sync 1 DAGs
[2026-03-12T02:40:55.265+0000] {logging_mixin.py:188} INFO - [2026-03-12T02:40:55.265+0000] {dag.py:3823} INFO - Setting next_dagrun for example_python_decorator to None, run_after=None
[2026-03-12T02:40:55.270+0000] {processor.py:183} INFO - Processing /home/airflow/.local/lib/python3.8/site-packages/airflow/example_dags/example_python_decorator.py took 0.024 seconds
[2026-03-12T02:41:26.072+0000] {processor.py:161} INFO - Started process (PID=4009) to work on /home/airflow/.local/lib/python3.8/site-packages/airflow/example_dags/example_python_decorator.py
[2026-03-12T02:41:26.073+0000] {processor.py:830} INFO - Processing file /home/airflow/.local/lib/python3.8/site-packages/airflow/example_dags/example_python_decorator.py for tasks to queue
[2026-03-12T02:41:26.075+0000] {logging_mixin.py:188} INFO - [2026-03-12T02:41:26.075+0000] {dagbag.py:538} INFO - Filling up the DagBag from /home/airflow/.local/lib/python3.8/site-packages/airflow/example_dags/example_python_decorator.py
[2026-03-12T02:41:26.081+0000] {processor.py:840} INFO - DAG(s) 'example_python_decorator' retrieved from /home/airflow/.local/lib/python3.8/site-packages/airflow/example_dags/example_python_decorator.py
[2026-03-12T02:41:26.094+0000] {logging_mixin.py:188} INFO - [2026-03-12T02:41:26.094+0000] {dag.py:3036} INFO - Sync 1 DAGs
[2026-03-12T02:41:26.100+0000] {logging_mixin.py:188} INFO - [2026-03-12T02:41:26.100+0000] {dag.py:3823} INFO - Setting next_dagrun for example_python_decorator to None, run_after=None
[2026-03-12T02:41:26.106+0000] {processor.py:183} INFO - Processing /home/airflow/.local/lib/python3.8/site-packages/airflow/example_dags/example_python_decorator.py took 0.036 seconds
[2026-03-12T02:41:56.875+0000] {processor.py:161} INFO - Started process (PID=4085) to work on /home/airflow/.local/lib/python3.8/site-packages/airflow/example_dags/example_python_decorator.py
[2026-03-12T02:41:56.875+0000] {processor.py:830} INFO - Processing file /home/airflow/.local/lib/python3.8/site-packages/airflow/example_dags/example_python_decorator.py for tasks to queue
[2026-03-12T02:41:56.876+0000] {logging_mixin.py:188} INFO - [2026-03-12T02:41:56.876+0000] {dagbag.py:538} INFO - Filling up the DagBag from /home/airflow/.local/lib/python3.8/site-packages/airflow/example_dags/example_python_decorator.py
[2026-03-12T02:41:56.881+0000] {processor.py:840} INFO - DAG(s) 'example_python_decorator' retrieved from /home/airflow/.local/lib/python3.8/site-packages/airflow/example_dags/example_python_decorator.py
[2026-03-12T02:41:56.888+0000] {logging_mixin.py:188} INFO - [2026-03-12T02:41:56.888+0000] {dag.py:3036} INFO - Sync 1 DAGs
[2026-03-12T02:41:56.892+0000] {logging_mixin.py:188} INFO - [2026-03-12T02:41:56.892+0000] {dag.py:3823} INFO - Setting next_dagrun for example_python_decorator to None, run_after=None
[2026-03-12T02:41:56.897+0000] {processor.py:183} INFO - Processing /home/airflow/.local/lib/python3.8/site-packages/airflow/example_dags/example_python_decorator.py took 0.024 seconds
[2026-03-12T02:42:28.034+0000] {processor.py:161} INFO - Started process (PID=4161) to work on /home/airflow/.local/lib/python3.8/site-packages/airflow/example_dags/example_python_decorator.py
[2026-03-12T02:42:28.034+0000] {processor.py:830} INFO - Processing file /home/airflow/.local/lib/python3.8/site-packages/airflow/example_dags/example_python_decorator.py for tasks to queue
[2026-03-12T02:42:28.036+0000] {logging_mixin.py:188} INFO - [2026-03-12T02:42:28.035+0000] {dagbag.py:538} INFO - Filling up the DagBag from /home/airflow/.local/lib/python3.8/site-packages/airflow/example_dags/example_python_decorator.py
[2026-03-12T02:42:28.044+0000] {processor.py:840} INFO - DAG(s) 'example_python_decorator' retrieved from /home/airflow/.local/lib/python3.8/site-packages/airflow/example_dags/example_python_decorator.py
[2026-03-12T02:42:28.058+0000] {logging_mixin.py:188} INFO - [2026-03-12T02:42:28.058+0000] {dag.py:3036} INFO - Sync 1 DAGs
[2026-03-12T02:42:28.062+0000] {logging_mixin.py:188} INFO - [2026-03-12T02:42:28.062+0000] {dag.py:3823} INFO - Setting next_dagrun for example_python_decorator to None, run_after=None
[2026-03-12T02:42:28.069+0000] {processor.py:183} INFO - Processing /home/airflow/.local/lib/python3.8/site-packages/airflow/example_dags/example_python_decorator.py took 0.037 seconds
[2026-03-12T02:42:58.952+0000] {processor.py:161} INFO - Started process (PID=4237) to work on /home/airflow/.local/lib/python3.8/site-packages/airflow/example_dags/example_python_decorator.py
[2026-03-12T02:42:58.954+0000] {processor.py:830} INFO - Processing file /home/airflow/.local/lib/python3.8/site-packages/airflow/example_dags/example_python_decorator.py for tasks to queue
[2026-03-12T02:42:58.955+0000] {logging_mixin.py:188} INFO - [2026-03-12T02:42:58.955+0000] {dagbag.py:538} INFO - Filling up the DagBag from /home/airflow/.local/lib/python3.8/site-packages/airflow/example_dags/example_python_decorator.py
[2026-03-12T02:42:58.963+0000] {processor.py:840} INFO - DAG(s) 'example_python_decorator' retrieved from /home/airflow/.local/lib/python3.8/site-packages/airflow/example_dags/example_python_decorator.py
[2026-03-12T02:42:58.975+0000] {logging_mixin.py:188} INFO - [2026-03-12T02:42:58.975+0000] {dag.py:3036} INFO - Sync 1 DAGs
[2026-03-12T02:42:58.979+0000] {logging_mixin.py:188} INFO - [2026-03-12T02:42:58.979+0000] {dag.py:3823} INFO - Setting next_dagrun for example_python_decorator to None, run_after=None
[2026-03-12T02:42:58.992+0000] {processor.py:183} INFO - Processing /home/airflow/.local/lib/python3.8/site-packages/airflow/example_dags/example_python_decorator.py took 0.042 seconds
[2026-03-12T02:43:29.390+0000] {processor.py:161} INFO - Started process (PID=4313) to work on /home/airflow/.local/lib/python3.8/site-packages/airflow/example_dags/example_python_decorator.py
[2026-03-12T02:43:29.391+0000] {processor.py:830} INFO - Processing file /home/airflow/.local/lib/python3.8/site-packages/airflow/example_dags/example_python_decorator.py for tasks to queue
[2026-03-12T02:43:29.392+0000] {logging_mixin.py:188} INFO - [2026-03-12T02:43:29.392+0000] {dagbag.py:538} INFO - Filling up the DagBag from /home/airflow/.local/lib/python3.8/site-packages/airflow/example_dags/example_python_decorator.py
[2026-03-12T02:43:29.399+0000] {processor.py:840} INFO - DAG(s) 'example_python_decorator' retrieved from /home/airflow/.local/lib/python3.8/site-packages/airflow/example_dags/example_python_decorator.py
[2026-03-12T02:43:29.409+0000] {logging_mixin.py:188} INFO - [2026-03-12T02:43:29.409+0000] {dag.py:3036} INFO - Sync 1 DAGs
[2026-03-12T02:43:29.413+0000] {logging_mixin.py:188} INFO - [2026-03-12T02:43:29.413+0000] {dag.py:3823} INFO - Setting next_dagrun for example_python_decorator to None, run_after=None
[2026-03-12T02:43:29.422+0000] {processor.py:183} INFO - Processing /home/airflow/.local/lib/python3.8/site-packages/airflow/example_dags/example_python_decorator.py took 0.033 seconds
[2026-03-12T02:43:59.817+0000] {processor.py:161} INFO - Started process (PID=4389) to work on /home/airflow/.local/lib/python3.8/site-packages/airflow/example_dags/example_python_decorator.py
[2026-03-12T02:43:59.817+0000] {processor.py:830} INFO - Processing file /home/airflow/.local/lib/python3.8/site-packages/airflow/example_dags/example_python_decorator.py for tasks to queue
[2026-03-12T02:43:59.818+0000] {logging_mixin.py:188} INFO - [2026-03-12T02:43:59.818+0000] {dagbag.py:538} INFO - Filling up the DagBag from /home/airflow/.local/lib/python3.8/site-packages/airflow/example_dags/example_python_decorator.py
[2026-03-12T02:43:59.823+0000] {processor.py:840} INFO - DAG(s) 'example_python_decorator' retrieved from /home/airflow/.local/lib/python3.8/site-packages/airflow/example_dags/example_python_decorator.py
[2026-03-12T02:43:59.830+0000] {logging_mixin.py:188} INFO - [2026-03-12T02:43:59.830+0000] {dag.py:3036} INFO - Sync 1 DAGs
[2026-03-12T02:43:59.834+0000] {logging_mixin.py:188} INFO - [2026-03-12T02:43:59.834+0000] {dag.py:3823} INFO - Setting next_dagrun for example_python_decorator to None, run_after=None
[2026-03-12T02:43:59.839+0000] {processor.py:183} INFO - Processing /home/airflow/.local/lib/python3.8/site-packages/airflow/example_dags/example_python_decorator.py took 0.024 seconds
[2026-03-12T02:44:30.159+0000] {processor.py:161} INFO - Started process (PID=4465) to work on /home/airflow/.local/lib/python3.8/site-packages/airflow/example_dags/example_python_decorator.py
[2026-03-12T02:44:30.160+0000] {processor.py:830} INFO - Processing file /home/airflow/.local/lib/python3.8/site-packages/airflow/example_dags/example_python_decorator.py for tasks to queue
[2026-03-12T02:44:30.161+0000] {logging_mixin.py:188} INFO - [2026-03-12T02:44:30.161+0000] {dagbag.py:538} INFO - Filling up the DagBag from /home/airflow/.local/lib/python3.8/site-packages/airflow/example_dags/example_python_decorator.py
[2026-03-12T02:44:30.170+0000] {processor.py:840} INFO - DAG(s) 'example_python_decorator' retrieved from /home/airflow/.local/lib/python3.8/site-packages/airflow/example_dags/example_python_decorator.py
[2026-03-12T02:44:30.181+0000] {logging_mixin.py:188} INFO - [2026-03-12T02:44:30.181+0000] {dag.py:3036} INFO - Sync 1 DAGs
[2026-03-12T02:44:30.188+0000] {logging_mixin.py:188} INFO - [2026-03-12T02:44:30.188+0000] {dag.py:3823} INFO - Setting next_dagrun for example_python_decorator to None, run_after=None
[2026-03-12T02:44:30.200+0000] {processor.py:183} INFO - Processing /home/airflow/.local/lib/python3.8/site-packages/airflow/example_dags/example_python_decorator.py took 0.042 seconds
[2026-03-12T02:45:00.625+0000] {processor.py:161} INFO - Started process (PID=4541) to work on /home/airflow/.local/lib/python3.8/site-packages/airflow/example_dags/example_python_decorator.py
[2026-03-12T02:45:00.627+0000] {processor.py:830} INFO - Processing file /home/airflow/.local/lib/python3.8/site-packages/airflow/example_dags/example_python_decorator.py for tasks to queue
[2026-03-12T02:45:00.628+0000] {logging_mixin.py:188} INFO - [2026-03-12T02:45:00.628+0000] {dagbag.py:538} INFO - Filling up the DagBag from /home/airflow/.local/lib/python3.8/site-packages/airflow/example_dags/example_python_decorator.py
[2026-03-12T02:45:00.633+0000] {processor.py:840} INFO - DAG(s) 'example_python_decorator' retrieved from /home/airflow/.local/lib/python3.8/site-packages/airflow/example_dags/example_python_decorator.py
[2026-03-12T02:45:00.645+0000] {logging_mixin.py:188} INFO - [2026-03-12T02:45:00.644+0000] {dag.py:3036} INFO - Sync 1 DAGs
[2026-03-12T02:45:00.651+0000] {logging_mixin.py:188} INFO - [2026-03-12T02:45:00.651+0000] {dag.py:3823} INFO - Setting next_dagrun for example_python_decorator to None, run_after=None
[2026-03-12T02:45:00.657+0000] {processor.py:183} INFO - Processing /home/airflow/.local/lib/python3.8/site-packages/airflow/example_dags/example_python_decorator.py took 0.034 seconds
[2026-03-12T02:45:31.004+0000] {processor.py:161} INFO - Started process (PID=4617) to work on /home/airflow/.local/lib/python3.8/site-packages/airflow/example_dags/example_python_decorator.py
[2026-03-12T02:45:31.004+0000] {processor.py:830} INFO - Processing file /home/airflow/.local/lib/python3.8/site-packages/airflow/example_dags/example_python_decorator.py for tasks to queue
[2026-03-12T02:45:31.005+0000] {logging_mixin.py:188} INFO - [2026-03-12T02:45:31.005+0000] {dagbag.py:538} INFO - Filling up the DagBag from /home/airflow/.local/lib/python3.8/site-packages/airflow/example_dags/example_python_decorator.py
[2026-03-12T02:45:31.014+0000] {processor.py:840} INFO - DAG(s) 'example_python_decorator' retrieved from /home/airflow/.local/lib/python3.8/site-packages/airflow/example_dags/example_python_decorator.py
[2026-03-12T02:45:31.024+0000] {logging_mixin.py:188} INFO - [2026-03-12T02:45:31.024+0000] {dag.py:3036} INFO - Sync 1 DAGs
[2026-03-12T02:45:31.028+0000] {logging_mixin.py:188} INFO - [2026-03-12T02:45:31.028+0000] {dag.py:3823} INFO - Setting next_dagrun for example_python_decorator to None, run_after=None
[2026-03-12T02:45:31.037+0000] {processor.py:183} INFO - Processing /home/airflow/.local/lib/python3.8/site-packages/airflow/example_dags/example_python_decorator.py took 0.035 seconds
[2026-03-12T02:46:01.510+0000] {processor.py:161} INFO - Started process (PID=4693) to work on /home/airflow/.local/lib/python3.8/site-packages/airflow/example_dags/example_python_decorator.py
[2026-03-12T02:46:01.510+0000] {processor.py:830} INFO - Processing file /home/airflow/.local/lib/python3.8/site-packages/airflow/example_dags/example_python_decorator.py for tasks to queue
[2026-03-12T02:46:01.511+0000] {logging_mixin.py:188} INFO - [2026-03-12T02:46:01.511+0000] {dagbag.py:538} INFO - Filling up the DagBag from /home/airflow/.local/lib/python3.8/site-packages/airflow/example_dags/example_python_decorator.py
[2026-03-12T02:46:01.517+0000] {processor.py:840} INFO - DAG(s) 'example_python_decorator' retrieved from /home/airflow/.local/lib/python3.8/site-packages/airflow/example_dags/example_python_decorator.py
[2026-03-12T02:46:01.527+0000] {logging_mixin.py:188} INFO - [2026-03-12T02:46:01.527+0000] {dag.py:3036} INFO - Sync 1 DAGs
[2026-03-12T02:46:01.534+0000] {logging_mixin.py:188} INFO - [2026-03-12T02:46:01.534+0000] {dag.py:3823} INFO - Setting next_dagrun for example_python_decorator to None, run_after=None
[2026-03-12T02:46:01.542+0000] {processor.py:183} INFO - Processing /home/airflow/.local/lib/python3.8/site-packages/airflow/example_dags/example_python_decorator.py took 0.034 seconds
[2026-03-12T02:46:32.149+0000] {processor.py:161} INFO - Started process (PID=4769) to work on /home/airflow/.local/lib/python3.8/site-packages/airflow/example_dags/example_python_decorator.py
[2026-03-12T02:46:32.149+0000] {processor.py:830} INFO - Processing file /home/airflow/.local/lib/python3.8/site-packages/airflow/example_dags/example_python_decorator.py for tasks to queue
[2026-03-12T02:46:32.151+0000] {logging_mixin.py:188} INFO - [2026-03-12T02:46:32.151+0000] {dagbag.py:538} INFO - Filling up the DagBag from /home/airflow/.local/lib/python3.8/site-packages/airflow/example_dags/example_python_decorator.py
[2026-03-12T02:46:32.159+0000] {processor.py:840} INFO - DAG(s) 'example_python_decorator' retrieved from /home/airflow/.local/lib/python3.8/site-packages/airflow/example_dags/example_python_decorator.py
[2026-03-12T02:46:32.166+0000] {logging_mixin.py:188} INFO - [2026-03-12T02:46:32.166+0000] {dag.py:3036} INFO - Sync 1 DAGs
[2026-03-12T02:46:32.173+0000] {logging_mixin.py:188} INFO - [2026-03-12T02:46:32.173+0000] {dag.py:3823} INFO - Setting next_dagrun for example_python_decorator to None, run_after=None
[2026-03-12T02:46:32.179+0000] {processor.py:183} INFO - Processing /home/airflow/.local/lib/python3.8/site-packages/airflow/example_dags/example_python_decorator.py took 0.032 seconds
[2026-03-12T02:47:02.956+0000] {processor.py:161} INFO - Started process (PID=4845) to work on /home/airflow/.local/lib/python3.8/site-packages/airflow/example_dags/example_python_decorator.py
[2026-03-12T02:47:02.956+0000] {processor.py:830} INFO - Processing file /home/airflow/.local/lib/python3.8/site-packages/airflow/example_dags/example_python_decorator.py for tasks to queue
[2026-03-12T02:47:02.958+0000] {logging_mixin.py:188} INFO - [2026-03-12T02:47:02.957+0000] {dagbag.py:538} INFO - Filling up the DagBag from /home/airflow/.local/lib/python3.8/site-packages/airflow/example_dags/example_python_decorator.py
[2026-03-12T02:47:02.965+0000] {processor.py:840} INFO - DAG(s) 'example_python_decorator' retrieved from /home/airflow/.local/lib/python3.8/site-packages/airflow/example_dags/example_python_decorator.py
[2026-03-12T02:47:02.977+0000] {logging_mixin.py:188} INFO - [2026-03-12T02:47:02.977+0000] {dag.py:3036} INFO - Sync 1 DAGs
[2026-03-12T02:47:02.985+0000] {logging_mixin.py:188} INFO - [2026-03-12T02:47:02.985+0000] {dag.py:3823} INFO - Setting next_dagrun for example_python_decorator to None, run_after=None
[2026-03-12T02:47:02.994+0000] {processor.py:183} INFO - Processing /home/airflow/.local/lib/python3.8/site-packages/airflow/example_dags/example_python_decorator.py took 0.040 seconds
[2026-03-12T02:47:33.650+0000] {processor.py:161} INFO - Started process (PID=4921) to work on /home/airflow/.local/lib/python3.8/site-packages/airflow/example_dags/example_python_decorator.py
[2026-03-12T02:47:33.650+0000] {processor.py:830} INFO - Processing file /home/airflow/.local/lib/python3.8/site-packages/airflow/example_dags/example_python_decorator.py for tasks to queue
[2026-03-12T02:47:33.653+0000] {logging_mixin.py:188} INFO - [2026-03-12T02:47:33.652+0000] {dagbag.py:538} INFO - Filling up the DagBag from /home/airflow/.local/lib/python3.8/site-packages/airflow/example_dags/example_python_decorator.py
[2026-03-12T02:47:33.659+0000] {processor.py:840} INFO - DAG(s) 'example_python_decorator' retrieved from /home/airflow/.local/lib/python3.8/site-packages/airflow/example_dags/example_python_decorator.py
[2026-03-12T02:47:33.671+0000] {logging_mixin.py:188} INFO - [2026-03-12T02:47:33.671+0000] {dag.py:3036} INFO - Sync 1 DAGs
[2026-03-12T02:47:33.676+0000] {logging_mixin.py:188} INFO - [2026-03-12T02:47:33.676+0000] {dag.py:3823} INFO - Setting next_dagrun for example_python_decorator to None, run_after=None
[2026-03-12T02:47:33.688+0000] {processor.py:183} INFO - Processing /home/airflow/.local/lib/python3.8/site-packages/airflow/example_dags/example_python_decorator.py took 0.039 seconds
[2026-03-12T02:48:04.351+0000] {processor.py:161} INFO - Started process (PID=4999) to work on /home/airflow/.local/lib/python3.8/site-packages/airflow/example_dags/example_python_decorator.py
[2026-03-12T02:48:04.352+0000] {processor.py:830} INFO - Processing file /home/airflow/.local/lib/python3.8/site-packages/airflow/example_dags/example_python_decorator.py for tasks to queue
[2026-03-12T02:48:04.353+0000] {logging_mixin.py:188} INFO - [2026-03-12T02:48:04.353+0000] {dagbag.py:538} INFO - Filling up the DagBag from /home/airflow/.local/lib/python3.8/site-packages/airflow/example_dags/example_python_decorator.py
[2026-03-12T02:48:04.359+0000] {processor.py:840} INFO - DAG(s) 'example_python_decorator' retrieved from /home/airflow/.local/lib/python3.8/site-packages/airflow/example_dags/example_python_decorator.py
[2026-03-12T02:48:04.367+0000] {logging_mixin.py:188} INFO - [2026-03-12T02:48:04.367+0000] {dag.py:3036} INFO - Sync 1 DAGs
[2026-03-12T02:48:04.372+0000] {logging_mixin.py:188} INFO - [2026-03-12T02:48:04.372+0000] {dag.py:3823} INFO - Setting next_dagrun for example_python_decorator to None, run_after=None
[2026-03-12T02:48:04.381+0000] {processor.py:183} INFO - Processing /home/airflow/.local/lib/python3.8/site-packages/airflow/example_dags/example_python_decorator.py took 0.032 seconds
[2026-03-12T02:48:35.345+0000] {processor.py:161} INFO - Started process (PID=5075) to work on /home/airflow/.local/lib/python3.8/site-packages/airflow/example_dags/example_python_decorator.py
[2026-03-12T02:48:35.348+0000] {processor.py:830} INFO - Processing file /home/airflow/.local/lib/python3.8/site-packages/airflow/example_dags/example_python_decorator.py for tasks to queue
[2026-03-12T02:48:35.351+0000] {logging_mixin.py:188} INFO - [2026-03-12T02:48:35.351+0000] {dagbag.py:538} INFO - Filling up the DagBag from /home/airflow/.local/lib/python3.8/site-packages/airflow/example_dags/example_python_decorator.py
[2026-03-12T02:48:35.356+0000] {processor.py:840} INFO - DAG(s) 'example_python_decorator' retrieved from /home/airflow/.local/lib/python3.8/site-packages/airflow/example_dags/example_python_decorator.py
[2026-03-12T02:48:35.367+0000] {logging_mixin.py:188} INFO - [2026-03-12T02:48:35.367+0000] {dag.py:3036} INFO - Sync 1 DAGs
[2026-03-12T02:48:35.371+0000] {logging_mixin.py:188} INFO - [2026-03-12T02:48:35.371+0000] {dag.py:3823} INFO - Setting next_dagrun for example_python_decorator to None, run_after=None
[2026-03-12T02:48:35.378+0000] {processor.py:183} INFO - Processing /home/airflow/.local/lib/python3.8/site-packages/airflow/example_dags/example_python_decorator.py took 0.034 seconds
[2026-03-12T02:49:05.837+0000] {processor.py:161} INFO - Started process (PID=5151) to work on /home/airflow/.local/lib/python3.8/site-packages/airflow/example_dags/example_python_decorator.py
[2026-03-12T02:49:05.838+0000] {processor.py:830} INFO - Processing file /home/airflow/.local/lib/python3.8/site-packages/airflow/example_dags/example_python_decorator.py for tasks to queue
[2026-03-12T02:49:05.839+0000] {logging_mixin.py:188} INFO - [2026-03-12T02:49:05.839+0000] {dagbag.py:538} INFO - Filling up the DagBag from /home/airflow/.local/lib/python3.8/site-packages/airflow/example_dags/example_python_decorator.py
[2026-03-12T02:49:05.843+0000] {processor.py:840} INFO - DAG(s) 'example_python_decorator' retrieved from /home/airflow/.local/lib/python3.8/site-packages/airflow/example_dags/example_python_decorator.py
[2026-03-12T02:49:05.851+0000] {logging_mixin.py:188} INFO - [2026-03-12T02:49:05.851+0000] {dag.py:3036} INFO - Sync 1 DAGs
[2026-03-12T02:49:05.855+0000] {logging_mixin.py:188} INFO - [2026-03-12T02:49:05.855+0000] {dag.py:3823} INFO - Setting next_dagrun for example_python_decorator to None, run_after=None
[2026-03-12T02:49:05.861+0000] {processor.py:183} INFO - Processing /home/airflow/.local/lib/python3.8/site-packages/airflow/example_dags/example_python_decorator.py took 0.024 seconds
[2026-03-12T02:49:36.183+0000] {processor.py:161} INFO - Started process (PID=5227) to work on /home/airflow/.local/lib/python3.8/site-packages/airflow/example_dags/example_python_decorator.py
[2026-03-12T02:49:36.183+0000] {processor.py:830} INFO - Processing file /home/airflow/.local/lib/python3.8/site-packages/airflow/example_dags/example_python_decorator.py for tasks to queue
[2026-03-12T02:49:36.184+0000] {logging_mixin.py:188} INFO - [2026-03-12T02:49:36.184+0000] {dagbag.py:538} INFO - Filling up the DagBag from /home/airflow/.local/lib/python3.8/site-packages/airflow/example_dags/example_python_decorator.py
[2026-03-12T02:49:36.190+0000] {processor.py:840} INFO - DAG(s) 'example_python_decorator' retrieved from /home/airflow/.local/lib/python3.8/site-packages/airflow/example_dags/example_python_decorator.py
[2026-03-12T02:49:36.200+0000] {logging_mixin.py:188} INFO - [2026-03-12T02:49:36.200+0000] {dag.py:3036} INFO - Sync 1 DAGs
[2026-03-12T02:49:36.207+0000] {logging_mixin.py:188} INFO - [2026-03-12T02:49:36.207+0000] {dag.py:3823} INFO - Setting next_dagrun for example_python_decorator to None, run_after=None
[2026-03-12T02:49:36.218+0000] {processor.py:183} INFO - Processing /home/airflow/.local/lib/python3.8/site-packages/airflow/example_dags/example_python_decorator.py took 0.036 seconds
