[2026-03-12T02:15:10.854+0000] {processor.py:161} INFO - Started process (PID=106) to work on /home/airflow/.local/lib/python3.8/site-packages/airflow/example_dags/example_complex.py
[2026-03-12T02:15:10.856+0000] {processor.py:830} INFO - Processing file /home/airflow/.local/lib/python3.8/site-packages/airflow/example_dags/example_complex.py for tasks to queue
[2026-03-12T02:15:10.856+0000] {logging_mixin.py:188} INFO - [2026-03-12T02:15:10.856+0000] {dagbag.py:538} INFO - Filling up the DagBag from /home/airflow/.local/lib/python3.8/site-packages/airflow/example_dags/example_complex.py
[2026-03-12T02:15:10.864+0000] {processor.py:840} INFO - DAG(s) 'example_complex' retrieved from /home/airflow/.local/lib/python3.8/site-packages/airflow/example_dags/example_complex.py
[2026-03-12T02:15:10.870+0000] {logging_mixin.py:188} INFO - [2026-03-12T02:15:10.869+0000] {dag.py:3036} INFO - Sync 1 DAGs
[2026-03-12T02:15:10.876+0000] {logging_mixin.py:188} INFO - [2026-03-12T02:15:10.875+0000] {dag.py:3823} INFO - Setting next_dagrun for example_complex to None, run_after=None
[2026-03-12T02:15:10.882+0000] {processor.py:183} INFO - Processing /home/airflow/.local/lib/python3.8/site-packages/airflow/example_dags/example_complex.py took 0.030 seconds
[2026-03-12T02:15:42.560+0000] {processor.py:161} INFO - Started process (PID=182) to work on /home/airflow/.local/lib/python3.8/site-packages/airflow/example_dags/example_complex.py
[2026-03-12T02:15:42.562+0000] {processor.py:830} INFO - Processing file /home/airflow/.local/lib/python3.8/site-packages/airflow/example_dags/example_complex.py for tasks to queue
[2026-03-12T02:15:42.565+0000] {logging_mixin.py:188} INFO - [2026-03-12T02:15:42.564+0000] {dagbag.py:538} INFO - Filling up the DagBag from /home/airflow/.local/lib/python3.8/site-packages/airflow/example_dags/example_complex.py
[2026-03-12T02:15:42.575+0000] {processor.py:840} INFO - DAG(s) 'example_complex' retrieved from /home/airflow/.local/lib/python3.8/site-packages/airflow/example_dags/example_complex.py
[2026-03-12T02:15:42.706+0000] {logging_mixin.py:188} INFO - [2026-03-12T02:15:42.706+0000] {dag.py:3036} INFO - Sync 1 DAGs
[2026-03-12T02:15:42.712+0000] {logging_mixin.py:188} INFO - [2026-03-12T02:15:42.712+0000] {dag.py:3823} INFO - Setting next_dagrun for example_complex to None, run_after=None
[2026-03-12T02:15:42.722+0000] {processor.py:183} INFO - Processing /home/airflow/.local/lib/python3.8/site-packages/airflow/example_dags/example_complex.py took 0.164 seconds
[2026-03-12T02:16:13.187+0000] {processor.py:161} INFO - Started process (PID=258) to work on /home/airflow/.local/lib/python3.8/site-packages/airflow/example_dags/example_complex.py
[2026-03-12T02:16:13.188+0000] {processor.py:830} INFO - Processing file /home/airflow/.local/lib/python3.8/site-packages/airflow/example_dags/example_complex.py for tasks to queue
[2026-03-12T02:16:13.189+0000] {logging_mixin.py:188} INFO - [2026-03-12T02:16:13.189+0000] {dagbag.py:538} INFO - Filling up the DagBag from /home/airflow/.local/lib/python3.8/site-packages/airflow/example_dags/example_complex.py
[2026-03-12T02:16:13.194+0000] {processor.py:840} INFO - DAG(s) 'example_complex' retrieved from /home/airflow/.local/lib/python3.8/site-packages/airflow/example_dags/example_complex.py
[2026-03-12T02:16:13.207+0000] {logging_mixin.py:188} INFO - [2026-03-12T02:16:13.207+0000] {dag.py:3036} INFO - Sync 1 DAGs
[2026-03-12T02:16:13.212+0000] {logging_mixin.py:188} INFO - [2026-03-12T02:16:13.212+0000] {dag.py:3823} INFO - Setting next_dagrun for example_complex to None, run_after=None
[2026-03-12T02:16:13.222+0000] {processor.py:183} INFO - Processing /home/airflow/.local/lib/python3.8/site-packages/airflow/example_dags/example_complex.py took 0.037 seconds
[2026-03-12T02:16:44.153+0000] {processor.py:161} INFO - Started process (PID=334) to work on /home/airflow/.local/lib/python3.8/site-packages/airflow/example_dags/example_complex.py
[2026-03-12T02:16:44.154+0000] {processor.py:830} INFO - Processing file /home/airflow/.local/lib/python3.8/site-packages/airflow/example_dags/example_complex.py for tasks to queue
[2026-03-12T02:16:44.155+0000] {logging_mixin.py:188} INFO - [2026-03-12T02:16:44.155+0000] {dagbag.py:538} INFO - Filling up the DagBag from /home/airflow/.local/lib/python3.8/site-packages/airflow/example_dags/example_complex.py
[2026-03-12T02:16:44.160+0000] {processor.py:840} INFO - DAG(s) 'example_complex' retrieved from /home/airflow/.local/lib/python3.8/site-packages/airflow/example_dags/example_complex.py
[2026-03-12T02:16:44.175+0000] {logging_mixin.py:188} INFO - [2026-03-12T02:16:44.175+0000] {dag.py:3036} INFO - Sync 1 DAGs
[2026-03-12T02:16:44.179+0000] {logging_mixin.py:188} INFO - [2026-03-12T02:16:44.179+0000] {dag.py:3823} INFO - Setting next_dagrun for example_complex to None, run_after=None
[2026-03-12T02:16:44.191+0000] {processor.py:183} INFO - Processing /home/airflow/.local/lib/python3.8/site-packages/airflow/example_dags/example_complex.py took 0.040 seconds
[2026-03-12T02:17:15.085+0000] {processor.py:161} INFO - Started process (PID=410) to work on /home/airflow/.local/lib/python3.8/site-packages/airflow/example_dags/example_complex.py
[2026-03-12T02:17:15.086+0000] {processor.py:830} INFO - Processing file /home/airflow/.local/lib/python3.8/site-packages/airflow/example_dags/example_complex.py for tasks to queue
[2026-03-12T02:17:15.087+0000] {logging_mixin.py:188} INFO - [2026-03-12T02:17:15.087+0000] {dagbag.py:538} INFO - Filling up the DagBag from /home/airflow/.local/lib/python3.8/site-packages/airflow/example_dags/example_complex.py
[2026-03-12T02:17:15.093+0000] {processor.py:840} INFO - DAG(s) 'example_complex' retrieved from /home/airflow/.local/lib/python3.8/site-packages/airflow/example_dags/example_complex.py
[2026-03-12T02:17:15.108+0000] {logging_mixin.py:188} INFO - [2026-03-12T02:17:15.108+0000] {dag.py:3036} INFO - Sync 1 DAGs
[2026-03-12T02:17:15.115+0000] {logging_mixin.py:188} INFO - [2026-03-12T02:17:15.115+0000] {dag.py:3823} INFO - Setting next_dagrun for example_complex to None, run_after=None
[2026-03-12T02:17:15.125+0000] {processor.py:183} INFO - Processing /home/airflow/.local/lib/python3.8/site-packages/airflow/example_dags/example_complex.py took 0.042 seconds
[2026-03-12T02:17:45.475+0000] {processor.py:161} INFO - Started process (PID=486) to work on /home/airflow/.local/lib/python3.8/site-packages/airflow/example_dags/example_complex.py
[2026-03-12T02:17:45.475+0000] {processor.py:830} INFO - Processing file /home/airflow/.local/lib/python3.8/site-packages/airflow/example_dags/example_complex.py for tasks to queue
[2026-03-12T02:17:45.476+0000] {logging_mixin.py:188} INFO - [2026-03-12T02:17:45.476+0000] {dagbag.py:538} INFO - Filling up the DagBag from /home/airflow/.local/lib/python3.8/site-packages/airflow/example_dags/example_complex.py
[2026-03-12T02:17:45.480+0000] {processor.py:840} INFO - DAG(s) 'example_complex' retrieved from /home/airflow/.local/lib/python3.8/site-packages/airflow/example_dags/example_complex.py
[2026-03-12T02:17:45.491+0000] {logging_mixin.py:188} INFO - [2026-03-12T02:17:45.491+0000] {dag.py:3036} INFO - Sync 1 DAGs
[2026-03-12T02:17:45.495+0000] {logging_mixin.py:188} INFO - [2026-03-12T02:17:45.495+0000] {dag.py:3823} INFO - Setting next_dagrun for example_complex to None, run_after=None
[2026-03-12T02:17:45.501+0000] {processor.py:183} INFO - Processing /home/airflow/.local/lib/python3.8/site-packages/airflow/example_dags/example_complex.py took 0.028 seconds
[2026-03-12T02:18:16.270+0000] {processor.py:161} INFO - Started process (PID=562) to work on /home/airflow/.local/lib/python3.8/site-packages/airflow/example_dags/example_complex.py
[2026-03-12T02:18:16.270+0000] {processor.py:830} INFO - Processing file /home/airflow/.local/lib/python3.8/site-packages/airflow/example_dags/example_complex.py for tasks to queue
[2026-03-12T02:18:16.271+0000] {logging_mixin.py:188} INFO - [2026-03-12T02:18:16.271+0000] {dagbag.py:538} INFO - Filling up the DagBag from /home/airflow/.local/lib/python3.8/site-packages/airflow/example_dags/example_complex.py
[2026-03-12T02:18:16.276+0000] {processor.py:840} INFO - DAG(s) 'example_complex' retrieved from /home/airflow/.local/lib/python3.8/site-packages/airflow/example_dags/example_complex.py
[2026-03-12T02:18:16.291+0000] {logging_mixin.py:188} INFO - [2026-03-12T02:18:16.291+0000] {dag.py:3036} INFO - Sync 1 DAGs
[2026-03-12T02:18:16.295+0000] {logging_mixin.py:188} INFO - [2026-03-12T02:18:16.295+0000] {dag.py:3823} INFO - Setting next_dagrun for example_complex to None, run_after=None
[2026-03-12T02:18:16.306+0000] {processor.py:183} INFO - Processing /home/airflow/.local/lib/python3.8/site-packages/airflow/example_dags/example_complex.py took 0.037 seconds
[2026-03-12T02:18:47.208+0000] {processor.py:161} INFO - Started process (PID=638) to work on /home/airflow/.local/lib/python3.8/site-packages/airflow/example_dags/example_complex.py
[2026-03-12T02:18:47.210+0000] {processor.py:830} INFO - Processing file /home/airflow/.local/lib/python3.8/site-packages/airflow/example_dags/example_complex.py for tasks to queue
[2026-03-12T02:18:47.211+0000] {logging_mixin.py:188} INFO - [2026-03-12T02:18:47.211+0000] {dagbag.py:538} INFO - Filling up the DagBag from /home/airflow/.local/lib/python3.8/site-packages/airflow/example_dags/example_complex.py
[2026-03-12T02:18:47.216+0000] {processor.py:840} INFO - DAG(s) 'example_complex' retrieved from /home/airflow/.local/lib/python3.8/site-packages/airflow/example_dags/example_complex.py
[2026-03-12T02:18:47.235+0000] {logging_mixin.py:188} INFO - [2026-03-12T02:18:47.235+0000] {dag.py:3036} INFO - Sync 1 DAGs
[2026-03-12T02:18:47.243+0000] {logging_mixin.py:188} INFO - [2026-03-12T02:18:47.242+0000] {dag.py:3823} INFO - Setting next_dagrun for example_complex to None, run_after=None
[2026-03-12T02:18:47.250+0000] {processor.py:183} INFO - Processing /home/airflow/.local/lib/python3.8/site-packages/airflow/example_dags/example_complex.py took 0.043 seconds
[2026-03-12T02:19:17.335+0000] {processor.py:161} INFO - Started process (PID=714) to work on /home/airflow/.local/lib/python3.8/site-packages/airflow/example_dags/example_complex.py
[2026-03-12T02:19:17.336+0000] {processor.py:830} INFO - Processing file /home/airflow/.local/lib/python3.8/site-packages/airflow/example_dags/example_complex.py for tasks to queue
[2026-03-12T02:19:17.336+0000] {logging_mixin.py:188} INFO - [2026-03-12T02:19:17.336+0000] {dagbag.py:538} INFO - Filling up the DagBag from /home/airflow/.local/lib/python3.8/site-packages/airflow/example_dags/example_complex.py
[2026-03-12T02:19:17.341+0000] {processor.py:840} INFO - DAG(s) 'example_complex' retrieved from /home/airflow/.local/lib/python3.8/site-packages/airflow/example_dags/example_complex.py
[2026-03-12T02:19:17.355+0000] {logging_mixin.py:188} INFO - [2026-03-12T02:19:17.355+0000] {dag.py:3036} INFO - Sync 1 DAGs
[2026-03-12T02:19:17.362+0000] {logging_mixin.py:188} INFO - [2026-03-12T02:19:17.362+0000] {dag.py:3823} INFO - Setting next_dagrun for example_complex to None, run_after=None
[2026-03-12T02:19:17.377+0000] {processor.py:183} INFO - Processing /home/airflow/.local/lib/python3.8/site-packages/airflow/example_dags/example_complex.py took 0.044 seconds
[2026-03-12T02:19:48.382+0000] {processor.py:161} INFO - Started process (PID=790) to work on /home/airflow/.local/lib/python3.8/site-packages/airflow/example_dags/example_complex.py
[2026-03-12T02:19:48.383+0000] {processor.py:830} INFO - Processing file /home/airflow/.local/lib/python3.8/site-packages/airflow/example_dags/example_complex.py for tasks to queue
[2026-03-12T02:19:48.384+0000] {logging_mixin.py:188} INFO - [2026-03-12T02:19:48.384+0000] {dagbag.py:538} INFO - Filling up the DagBag from /home/airflow/.local/lib/python3.8/site-packages/airflow/example_dags/example_complex.py
[2026-03-12T02:19:48.388+0000] {processor.py:840} INFO - DAG(s) 'example_complex' retrieved from /home/airflow/.local/lib/python3.8/site-packages/airflow/example_dags/example_complex.py
[2026-03-12T02:19:48.399+0000] {logging_mixin.py:188} INFO - [2026-03-12T02:19:48.399+0000] {dag.py:3036} INFO - Sync 1 DAGs
[2026-03-12T02:19:48.404+0000] {logging_mixin.py:188} INFO - [2026-03-12T02:19:48.404+0000] {dag.py:3823} INFO - Setting next_dagrun for example_complex to None, run_after=None
[2026-03-12T02:19:48.410+0000] {processor.py:183} INFO - Processing /home/airflow/.local/lib/python3.8/site-packages/airflow/example_dags/example_complex.py took 0.029 seconds
[2026-03-12T02:20:19.391+0000] {processor.py:161} INFO - Started process (PID=866) to work on /home/airflow/.local/lib/python3.8/site-packages/airflow/example_dags/example_complex.py
[2026-03-12T02:20:19.391+0000] {processor.py:830} INFO - Processing file /home/airflow/.local/lib/python3.8/site-packages/airflow/example_dags/example_complex.py for tasks to queue
[2026-03-12T02:20:19.392+0000] {logging_mixin.py:188} INFO - [2026-03-12T02:20:19.392+0000] {dagbag.py:538} INFO - Filling up the DagBag from /home/airflow/.local/lib/python3.8/site-packages/airflow/example_dags/example_complex.py
[2026-03-12T02:20:19.396+0000] {processor.py:840} INFO - DAG(s) 'example_complex' retrieved from /home/airflow/.local/lib/python3.8/site-packages/airflow/example_dags/example_complex.py
[2026-03-12T02:20:19.408+0000] {logging_mixin.py:188} INFO - [2026-03-12T02:20:19.408+0000] {dag.py:3036} INFO - Sync 1 DAGs
[2026-03-12T02:20:19.413+0000] {logging_mixin.py:188} INFO - [2026-03-12T02:20:19.413+0000] {dag.py:3823} INFO - Setting next_dagrun for example_complex to None, run_after=None
[2026-03-12T02:20:19.419+0000] {processor.py:183} INFO - Processing /home/airflow/.local/lib/python3.8/site-packages/airflow/example_dags/example_complex.py took 0.030 seconds
[2026-03-12T02:20:52.133+0000] {processor.py:161} INFO - Started process (PID=942) to work on /home/airflow/.local/lib/python3.8/site-packages/airflow/example_dags/example_complex.py
[2026-03-12T02:20:52.134+0000] {processor.py:830} INFO - Processing file /home/airflow/.local/lib/python3.8/site-packages/airflow/example_dags/example_complex.py for tasks to queue
[2026-03-12T02:20:52.135+0000] {logging_mixin.py:188} INFO - [2026-03-12T02:20:52.135+0000] {dagbag.py:538} INFO - Filling up the DagBag from /home/airflow/.local/lib/python3.8/site-packages/airflow/example_dags/example_complex.py
[2026-03-12T02:20:52.140+0000] {processor.py:840} INFO - DAG(s) 'example_complex' retrieved from /home/airflow/.local/lib/python3.8/site-packages/airflow/example_dags/example_complex.py
[2026-03-12T02:20:52.152+0000] {logging_mixin.py:188} INFO - [2026-03-12T02:20:52.151+0000] {dag.py:3036} INFO - Sync 1 DAGs
[2026-03-12T02:20:52.156+0000] {logging_mixin.py:188} INFO - [2026-03-12T02:20:52.156+0000] {dag.py:3823} INFO - Setting next_dagrun for example_complex to None, run_after=None
[2026-03-12T02:20:52.165+0000] {processor.py:183} INFO - Processing /home/airflow/.local/lib/python3.8/site-packages/airflow/example_dags/example_complex.py took 0.034 seconds
[2026-03-12T02:21:22.612+0000] {processor.py:161} INFO - Started process (PID=1018) to work on /home/airflow/.local/lib/python3.8/site-packages/airflow/example_dags/example_complex.py
[2026-03-12T02:21:22.614+0000] {processor.py:830} INFO - Processing file /home/airflow/.local/lib/python3.8/site-packages/airflow/example_dags/example_complex.py for tasks to queue
[2026-03-12T02:21:22.615+0000] {logging_mixin.py:188} INFO - [2026-03-12T02:21:22.615+0000] {dagbag.py:538} INFO - Filling up the DagBag from /home/airflow/.local/lib/python3.8/site-packages/airflow/example_dags/example_complex.py
[2026-03-12T02:21:22.621+0000] {processor.py:840} INFO - DAG(s) 'example_complex' retrieved from /home/airflow/.local/lib/python3.8/site-packages/airflow/example_dags/example_complex.py
[2026-03-12T02:21:22.637+0000] {logging_mixin.py:188} INFO - [2026-03-12T02:21:22.637+0000] {dag.py:3036} INFO - Sync 1 DAGs
[2026-03-12T02:21:22.642+0000] {logging_mixin.py:188} INFO - [2026-03-12T02:21:22.642+0000] {dag.py:3823} INFO - Setting next_dagrun for example_complex to None, run_after=None
[2026-03-12T02:21:22.649+0000] {processor.py:183} INFO - Processing /home/airflow/.local/lib/python3.8/site-packages/airflow/example_dags/example_complex.py took 0.039 seconds
[2026-03-12T02:21:53.102+0000] {processor.py:161} INFO - Started process (PID=1094) to work on /home/airflow/.local/lib/python3.8/site-packages/airflow/example_dags/example_complex.py
[2026-03-12T02:21:53.102+0000] {processor.py:830} INFO - Processing file /home/airflow/.local/lib/python3.8/site-packages/airflow/example_dags/example_complex.py for tasks to queue
[2026-03-12T02:21:53.103+0000] {logging_mixin.py:188} INFO - [2026-03-12T02:21:53.103+0000] {dagbag.py:538} INFO - Filling up the DagBag from /home/airflow/.local/lib/python3.8/site-packages/airflow/example_dags/example_complex.py
[2026-03-12T02:21:53.108+0000] {processor.py:840} INFO - DAG(s) 'example_complex' retrieved from /home/airflow/.local/lib/python3.8/site-packages/airflow/example_dags/example_complex.py
[2026-03-12T02:21:53.120+0000] {logging_mixin.py:188} INFO - [2026-03-12T02:21:53.120+0000] {dag.py:3036} INFO - Sync 1 DAGs
[2026-03-12T02:21:53.125+0000] {logging_mixin.py:188} INFO - [2026-03-12T02:21:53.125+0000] {dag.py:3823} INFO - Setting next_dagrun for example_complex to None, run_after=None
[2026-03-12T02:21:53.132+0000] {processor.py:183} INFO - Processing /home/airflow/.local/lib/python3.8/site-packages/airflow/example_dags/example_complex.py took 0.031 seconds
[2026-03-12T02:22:23.403+0000] {processor.py:161} INFO - Started process (PID=1170) to work on /home/airflow/.local/lib/python3.8/site-packages/airflow/example_dags/example_complex.py
[2026-03-12T02:22:23.403+0000] {processor.py:830} INFO - Processing file /home/airflow/.local/lib/python3.8/site-packages/airflow/example_dags/example_complex.py for tasks to queue
[2026-03-12T02:22:23.404+0000] {logging_mixin.py:188} INFO - [2026-03-12T02:22:23.404+0000] {dagbag.py:538} INFO - Filling up the DagBag from /home/airflow/.local/lib/python3.8/site-packages/airflow/example_dags/example_complex.py
[2026-03-12T02:22:23.408+0000] {processor.py:840} INFO - DAG(s) 'example_complex' retrieved from /home/airflow/.local/lib/python3.8/site-packages/airflow/example_dags/example_complex.py
[2026-03-12T02:22:23.422+0000] {logging_mixin.py:188} INFO - [2026-03-12T02:22:23.422+0000] {dag.py:3036} INFO - Sync 1 DAGs
[2026-03-12T02:22:23.430+0000] {logging_mixin.py:188} INFO - [2026-03-12T02:22:23.429+0000] {dag.py:3823} INFO - Setting next_dagrun for example_complex to None, run_after=None
[2026-03-12T02:22:23.439+0000] {processor.py:183} INFO - Processing /home/airflow/.local/lib/python3.8/site-packages/airflow/example_dags/example_complex.py took 0.038 seconds
[2026-03-12T02:22:54.596+0000] {processor.py:161} INFO - Started process (PID=1246) to work on /home/airflow/.local/lib/python3.8/site-packages/airflow/example_dags/example_complex.py
[2026-03-12T02:22:54.597+0000] {processor.py:830} INFO - Processing file /home/airflow/.local/lib/python3.8/site-packages/airflow/example_dags/example_complex.py for tasks to queue
[2026-03-12T02:22:54.599+0000] {logging_mixin.py:188} INFO - [2026-03-12T02:22:54.598+0000] {dagbag.py:538} INFO - Filling up the DagBag from /home/airflow/.local/lib/python3.8/site-packages/airflow/example_dags/example_complex.py
[2026-03-12T02:22:54.605+0000] {processor.py:840} INFO - DAG(s) 'example_complex' retrieved from /home/airflow/.local/lib/python3.8/site-packages/airflow/example_dags/example_complex.py
[2026-03-12T02:22:54.620+0000] {logging_mixin.py:188} INFO - [2026-03-12T02:22:54.620+0000] {dag.py:3036} INFO - Sync 1 DAGs
[2026-03-12T02:22:54.624+0000] {logging_mixin.py:188} INFO - [2026-03-12T02:22:54.624+0000] {dag.py:3823} INFO - Setting next_dagrun for example_complex to None, run_after=None
[2026-03-12T02:22:54.638+0000] {processor.py:183} INFO - Processing /home/airflow/.local/lib/python3.8/site-packages/airflow/example_dags/example_complex.py took 0.044 seconds
[2026-03-12T02:23:25.762+0000] {processor.py:161} INFO - Started process (PID=1322) to work on /home/airflow/.local/lib/python3.8/site-packages/airflow/example_dags/example_complex.py
[2026-03-12T02:23:25.762+0000] {processor.py:830} INFO - Processing file /home/airflow/.local/lib/python3.8/site-packages/airflow/example_dags/example_complex.py for tasks to queue
[2026-03-12T02:23:25.763+0000] {logging_mixin.py:188} INFO - [2026-03-12T02:23:25.763+0000] {dagbag.py:538} INFO - Filling up the DagBag from /home/airflow/.local/lib/python3.8/site-packages/airflow/example_dags/example_complex.py
[2026-03-12T02:23:25.769+0000] {processor.py:840} INFO - DAG(s) 'example_complex' retrieved from /home/airflow/.local/lib/python3.8/site-packages/airflow/example_dags/example_complex.py
[2026-03-12T02:23:25.783+0000] {logging_mixin.py:188} INFO - [2026-03-12T02:23:25.783+0000] {dag.py:3036} INFO - Sync 1 DAGs
[2026-03-12T02:23:25.788+0000] {logging_mixin.py:188} INFO - [2026-03-12T02:23:25.788+0000] {dag.py:3823} INFO - Setting next_dagrun for example_complex to None, run_after=None
[2026-03-12T02:23:25.796+0000] {processor.py:183} INFO - Processing /home/airflow/.local/lib/python3.8/site-packages/airflow/example_dags/example_complex.py took 0.036 seconds
[2026-03-12T02:23:56.988+0000] {processor.py:161} INFO - Started process (PID=1398) to work on /home/airflow/.local/lib/python3.8/site-packages/airflow/example_dags/example_complex.py
[2026-03-12T02:23:56.988+0000] {processor.py:830} INFO - Processing file /home/airflow/.local/lib/python3.8/site-packages/airflow/example_dags/example_complex.py for tasks to queue
[2026-03-12T02:23:56.989+0000] {logging_mixin.py:188} INFO - [2026-03-12T02:23:56.989+0000] {dagbag.py:538} INFO - Filling up the DagBag from /home/airflow/.local/lib/python3.8/site-packages/airflow/example_dags/example_complex.py
[2026-03-12T02:23:56.993+0000] {processor.py:840} INFO - DAG(s) 'example_complex' retrieved from /home/airflow/.local/lib/python3.8/site-packages/airflow/example_dags/example_complex.py
[2026-03-12T02:23:57.005+0000] {logging_mixin.py:188} INFO - [2026-03-12T02:23:57.005+0000] {dag.py:3036} INFO - Sync 1 DAGs
[2026-03-12T02:23:57.010+0000] {logging_mixin.py:188} INFO - [2026-03-12T02:23:57.010+0000] {dag.py:3823} INFO - Setting next_dagrun for example_complex to None, run_after=None
[2026-03-12T02:23:57.018+0000] {processor.py:183} INFO - Processing /home/airflow/.local/lib/python3.8/site-packages/airflow/example_dags/example_complex.py took 0.032 seconds
[2026-03-12T02:24:27.373+0000] {processor.py:161} INFO - Started process (PID=1474) to work on /home/airflow/.local/lib/python3.8/site-packages/airflow/example_dags/example_complex.py
[2026-03-12T02:24:27.374+0000] {processor.py:830} INFO - Processing file /home/airflow/.local/lib/python3.8/site-packages/airflow/example_dags/example_complex.py for tasks to queue
[2026-03-12T02:24:27.376+0000] {logging_mixin.py:188} INFO - [2026-03-12T02:24:27.375+0000] {dagbag.py:538} INFO - Filling up the DagBag from /home/airflow/.local/lib/python3.8/site-packages/airflow/example_dags/example_complex.py
[2026-03-12T02:24:27.380+0000] {processor.py:840} INFO - DAG(s) 'example_complex' retrieved from /home/airflow/.local/lib/python3.8/site-packages/airflow/example_dags/example_complex.py
[2026-03-12T02:24:27.391+0000] {logging_mixin.py:188} INFO - [2026-03-12T02:24:27.391+0000] {dag.py:3036} INFO - Sync 1 DAGs
[2026-03-12T02:24:27.398+0000] {logging_mixin.py:188} INFO - [2026-03-12T02:24:27.398+0000] {dag.py:3823} INFO - Setting next_dagrun for example_complex to None, run_after=None
[2026-03-12T02:24:27.409+0000] {processor.py:183} INFO - Processing /home/airflow/.local/lib/python3.8/site-packages/airflow/example_dags/example_complex.py took 0.038 seconds
[2026-03-12T02:24:58.071+0000] {processor.py:161} INFO - Started process (PID=1550) to work on /home/airflow/.local/lib/python3.8/site-packages/airflow/example_dags/example_complex.py
[2026-03-12T02:24:58.071+0000] {processor.py:830} INFO - Processing file /home/airflow/.local/lib/python3.8/site-packages/airflow/example_dags/example_complex.py for tasks to queue
[2026-03-12T02:24:58.072+0000] {logging_mixin.py:188} INFO - [2026-03-12T02:24:58.072+0000] {dagbag.py:538} INFO - Filling up the DagBag from /home/airflow/.local/lib/python3.8/site-packages/airflow/example_dags/example_complex.py
[2026-03-12T02:24:58.076+0000] {processor.py:840} INFO - DAG(s) 'example_complex' retrieved from /home/airflow/.local/lib/python3.8/site-packages/airflow/example_dags/example_complex.py
[2026-03-12T02:24:58.086+0000] {logging_mixin.py:188} INFO - [2026-03-12T02:24:58.086+0000] {dag.py:3036} INFO - Sync 1 DAGs
[2026-03-12T02:24:58.089+0000] {logging_mixin.py:188} INFO - [2026-03-12T02:24:58.089+0000] {dag.py:3823} INFO - Setting next_dagrun for example_complex to None, run_after=None
[2026-03-12T02:24:58.095+0000] {processor.py:183} INFO - Processing /home/airflow/.local/lib/python3.8/site-packages/airflow/example_dags/example_complex.py took 0.025 seconds
[2026-03-12T02:25:28.874+0000] {processor.py:161} INFO - Started process (PID=1626) to work on /home/airflow/.local/lib/python3.8/site-packages/airflow/example_dags/example_complex.py
[2026-03-12T02:25:28.876+0000] {processor.py:830} INFO - Processing file /home/airflow/.local/lib/python3.8/site-packages/airflow/example_dags/example_complex.py for tasks to queue
[2026-03-12T02:25:28.877+0000] {logging_mixin.py:188} INFO - [2026-03-12T02:25:28.877+0000] {dagbag.py:538} INFO - Filling up the DagBag from /home/airflow/.local/lib/python3.8/site-packages/airflow/example_dags/example_complex.py
[2026-03-12T02:25:28.885+0000] {processor.py:840} INFO - DAG(s) 'example_complex' retrieved from /home/airflow/.local/lib/python3.8/site-packages/airflow/example_dags/example_complex.py
[2026-03-12T02:25:28.898+0000] {logging_mixin.py:188} INFO - [2026-03-12T02:25:28.898+0000] {dag.py:3036} INFO - Sync 1 DAGs
[2026-03-12T02:25:28.904+0000] {logging_mixin.py:188} INFO - [2026-03-12T02:25:28.903+0000] {dag.py:3823} INFO - Setting next_dagrun for example_complex to None, run_after=None
[2026-03-12T02:25:28.915+0000] {processor.py:183} INFO - Processing /home/airflow/.local/lib/python3.8/site-packages/airflow/example_dags/example_complex.py took 0.042 seconds
[2026-03-12T02:25:59.627+0000] {processor.py:161} INFO - Started process (PID=1702) to work on /home/airflow/.local/lib/python3.8/site-packages/airflow/example_dags/example_complex.py
[2026-03-12T02:25:59.628+0000] {processor.py:830} INFO - Processing file /home/airflow/.local/lib/python3.8/site-packages/airflow/example_dags/example_complex.py for tasks to queue
[2026-03-12T02:25:59.629+0000] {logging_mixin.py:188} INFO - [2026-03-12T02:25:59.629+0000] {dagbag.py:538} INFO - Filling up the DagBag from /home/airflow/.local/lib/python3.8/site-packages/airflow/example_dags/example_complex.py
[2026-03-12T02:25:59.636+0000] {processor.py:840} INFO - DAG(s) 'example_complex' retrieved from /home/airflow/.local/lib/python3.8/site-packages/airflow/example_dags/example_complex.py
[2026-03-12T02:25:59.648+0000] {logging_mixin.py:188} INFO - [2026-03-12T02:25:59.648+0000] {dag.py:3036} INFO - Sync 1 DAGs
[2026-03-12T02:25:59.653+0000] {logging_mixin.py:188} INFO - [2026-03-12T02:25:59.653+0000] {dag.py:3823} INFO - Setting next_dagrun for example_complex to None, run_after=None
[2026-03-12T02:25:59.661+0000] {processor.py:183} INFO - Processing /home/airflow/.local/lib/python3.8/site-packages/airflow/example_dags/example_complex.py took 0.035 seconds
[2026-03-12T02:26:30.411+0000] {processor.py:161} INFO - Started process (PID=1778) to work on /home/airflow/.local/lib/python3.8/site-packages/airflow/example_dags/example_complex.py
[2026-03-12T02:26:30.412+0000] {processor.py:830} INFO - Processing file /home/airflow/.local/lib/python3.8/site-packages/airflow/example_dags/example_complex.py for tasks to queue
[2026-03-12T02:26:30.413+0000] {logging_mixin.py:188} INFO - [2026-03-12T02:26:30.413+0000] {dagbag.py:538} INFO - Filling up the DagBag from /home/airflow/.local/lib/python3.8/site-packages/airflow/example_dags/example_complex.py
[2026-03-12T02:26:30.419+0000] {processor.py:840} INFO - DAG(s) 'example_complex' retrieved from /home/airflow/.local/lib/python3.8/site-packages/airflow/example_dags/example_complex.py
[2026-03-12T02:26:30.435+0000] {logging_mixin.py:188} INFO - [2026-03-12T02:26:30.435+0000] {dag.py:3036} INFO - Sync 1 DAGs
[2026-03-12T02:26:30.441+0000] {logging_mixin.py:188} INFO - [2026-03-12T02:26:30.441+0000] {dag.py:3823} INFO - Setting next_dagrun for example_complex to None, run_after=None
[2026-03-12T02:26:30.450+0000] {processor.py:183} INFO - Processing /home/airflow/.local/lib/python3.8/site-packages/airflow/example_dags/example_complex.py took 0.040 seconds
[2026-03-12T02:27:01.165+0000] {processor.py:161} INFO - Started process (PID=1854) to work on /home/airflow/.local/lib/python3.8/site-packages/airflow/example_dags/example_complex.py
[2026-03-12T02:27:01.165+0000] {processor.py:830} INFO - Processing file /home/airflow/.local/lib/python3.8/site-packages/airflow/example_dags/example_complex.py for tasks to queue
[2026-03-12T02:27:01.166+0000] {logging_mixin.py:188} INFO - [2026-03-12T02:27:01.166+0000] {dagbag.py:538} INFO - Filling up the DagBag from /home/airflow/.local/lib/python3.8/site-packages/airflow/example_dags/example_complex.py
[2026-03-12T02:27:01.171+0000] {processor.py:840} INFO - DAG(s) 'example_complex' retrieved from /home/airflow/.local/lib/python3.8/site-packages/airflow/example_dags/example_complex.py
[2026-03-12T02:27:01.185+0000] {logging_mixin.py:188} INFO - [2026-03-12T02:27:01.185+0000] {dag.py:3036} INFO - Sync 1 DAGs
[2026-03-12T02:27:01.189+0000] {logging_mixin.py:188} INFO - [2026-03-12T02:27:01.189+0000] {dag.py:3823} INFO - Setting next_dagrun for example_complex to None, run_after=None
[2026-03-12T02:27:01.199+0000] {processor.py:183} INFO - Processing /home/airflow/.local/lib/python3.8/site-packages/airflow/example_dags/example_complex.py took 0.036 seconds
[2026-03-12T02:27:31.975+0000] {processor.py:161} INFO - Started process (PID=1930) to work on /home/airflow/.local/lib/python3.8/site-packages/airflow/example_dags/example_complex.py
[2026-03-12T02:27:31.978+0000] {processor.py:830} INFO - Processing file /home/airflow/.local/lib/python3.8/site-packages/airflow/example_dags/example_complex.py for tasks to queue
[2026-03-12T02:27:31.979+0000] {logging_mixin.py:188} INFO - [2026-03-12T02:27:31.979+0000] {dagbag.py:538} INFO - Filling up the DagBag from /home/airflow/.local/lib/python3.8/site-packages/airflow/example_dags/example_complex.py
[2026-03-12T02:27:31.983+0000] {processor.py:840} INFO - DAG(s) 'example_complex' retrieved from /home/airflow/.local/lib/python3.8/site-packages/airflow/example_dags/example_complex.py
[2026-03-12T02:27:31.995+0000] {logging_mixin.py:188} INFO - [2026-03-12T02:27:31.995+0000] {dag.py:3036} INFO - Sync 1 DAGs
[2026-03-12T02:27:31.999+0000] {logging_mixin.py:188} INFO - [2026-03-12T02:27:31.999+0000] {dag.py:3823} INFO - Setting next_dagrun for example_complex to None, run_after=None
[2026-03-12T02:27:32.007+0000] {processor.py:183} INFO - Processing /home/airflow/.local/lib/python3.8/site-packages/airflow/example_dags/example_complex.py took 0.034 seconds
[2026-03-12T02:28:02.738+0000] {processor.py:161} INFO - Started process (PID=2006) to work on /home/airflow/.local/lib/python3.8/site-packages/airflow/example_dags/example_complex.py
[2026-03-12T02:28:02.739+0000] {processor.py:830} INFO - Processing file /home/airflow/.local/lib/python3.8/site-packages/airflow/example_dags/example_complex.py for tasks to queue
[2026-03-12T02:28:02.740+0000] {logging_mixin.py:188} INFO - [2026-03-12T02:28:02.739+0000] {dagbag.py:538} INFO - Filling up the DagBag from /home/airflow/.local/lib/python3.8/site-packages/airflow/example_dags/example_complex.py
[2026-03-12T02:28:02.744+0000] {processor.py:840} INFO - DAG(s) 'example_complex' retrieved from /home/airflow/.local/lib/python3.8/site-packages/airflow/example_dags/example_complex.py
[2026-03-12T02:28:02.754+0000] {logging_mixin.py:188} INFO - [2026-03-12T02:28:02.754+0000] {dag.py:3036} INFO - Sync 1 DAGs
[2026-03-12T02:28:02.759+0000] {logging_mixin.py:188} INFO - [2026-03-12T02:28:02.759+0000] {dag.py:3823} INFO - Setting next_dagrun for example_complex to None, run_after=None
[2026-03-12T02:28:02.765+0000] {processor.py:183} INFO - Processing /home/airflow/.local/lib/python3.8/site-packages/airflow/example_dags/example_complex.py took 0.029 seconds
[2026-03-12T02:28:33.447+0000] {processor.py:161} INFO - Started process (PID=2082) to work on /home/airflow/.local/lib/python3.8/site-packages/airflow/example_dags/example_complex.py
[2026-03-12T02:28:33.449+0000] {processor.py:830} INFO - Processing file /home/airflow/.local/lib/python3.8/site-packages/airflow/example_dags/example_complex.py for tasks to queue
[2026-03-12T02:28:33.450+0000] {logging_mixin.py:188} INFO - [2026-03-12T02:28:33.450+0000] {dagbag.py:538} INFO - Filling up the DagBag from /home/airflow/.local/lib/python3.8/site-packages/airflow/example_dags/example_complex.py
[2026-03-12T02:28:33.454+0000] {processor.py:840} INFO - DAG(s) 'example_complex' retrieved from /home/airflow/.local/lib/python3.8/site-packages/airflow/example_dags/example_complex.py
[2026-03-12T02:28:33.465+0000] {logging_mixin.py:188} INFO - [2026-03-12T02:28:33.465+0000] {dag.py:3036} INFO - Sync 1 DAGs
[2026-03-12T02:28:33.469+0000] {logging_mixin.py:188} INFO - [2026-03-12T02:28:33.469+0000] {dag.py:3823} INFO - Setting next_dagrun for example_complex to None, run_after=None
[2026-03-12T02:28:33.476+0000] {processor.py:183} INFO - Processing /home/airflow/.local/lib/python3.8/site-packages/airflow/example_dags/example_complex.py took 0.030 seconds
[2026-03-12T02:29:04.456+0000] {processor.py:161} INFO - Started process (PID=2158) to work on /home/airflow/.local/lib/python3.8/site-packages/airflow/example_dags/example_complex.py
[2026-03-12T02:29:04.456+0000] {processor.py:830} INFO - Processing file /home/airflow/.local/lib/python3.8/site-packages/airflow/example_dags/example_complex.py for tasks to queue
[2026-03-12T02:29:04.457+0000] {logging_mixin.py:188} INFO - [2026-03-12T02:29:04.457+0000] {dagbag.py:538} INFO - Filling up the DagBag from /home/airflow/.local/lib/python3.8/site-packages/airflow/example_dags/example_complex.py
[2026-03-12T02:29:04.461+0000] {processor.py:840} INFO - DAG(s) 'example_complex' retrieved from /home/airflow/.local/lib/python3.8/site-packages/airflow/example_dags/example_complex.py
[2026-03-12T02:29:04.476+0000] {logging_mixin.py:188} INFO - [2026-03-12T02:29:04.476+0000] {dag.py:3036} INFO - Sync 1 DAGs
[2026-03-12T02:29:04.482+0000] {logging_mixin.py:188} INFO - [2026-03-12T02:29:04.482+0000] {dag.py:3823} INFO - Setting next_dagrun for example_complex to None, run_after=None
[2026-03-12T02:29:04.491+0000] {processor.py:183} INFO - Processing /home/airflow/.local/lib/python3.8/site-packages/airflow/example_dags/example_complex.py took 0.037 seconds
[2026-03-12T02:29:35.456+0000] {processor.py:161} INFO - Started process (PID=2234) to work on /home/airflow/.local/lib/python3.8/site-packages/airflow/example_dags/example_complex.py
[2026-03-12T02:29:35.457+0000] {processor.py:830} INFO - Processing file /home/airflow/.local/lib/python3.8/site-packages/airflow/example_dags/example_complex.py for tasks to queue
[2026-03-12T02:29:35.457+0000] {logging_mixin.py:188} INFO - [2026-03-12T02:29:35.457+0000] {dagbag.py:538} INFO - Filling up the DagBag from /home/airflow/.local/lib/python3.8/site-packages/airflow/example_dags/example_complex.py
[2026-03-12T02:29:35.461+0000] {processor.py:840} INFO - DAG(s) 'example_complex' retrieved from /home/airflow/.local/lib/python3.8/site-packages/airflow/example_dags/example_complex.py
[2026-03-12T02:29:35.475+0000] {logging_mixin.py:188} INFO - [2026-03-12T02:29:35.475+0000] {dag.py:3036} INFO - Sync 1 DAGs
[2026-03-12T02:29:35.481+0000] {logging_mixin.py:188} INFO - [2026-03-12T02:29:35.481+0000] {dag.py:3823} INFO - Setting next_dagrun for example_complex to None, run_after=None
[2026-03-12T02:29:35.488+0000] {processor.py:183} INFO - Processing /home/airflow/.local/lib/python3.8/site-packages/airflow/example_dags/example_complex.py took 0.033 seconds
[2026-03-12T02:30:06.579+0000] {processor.py:161} INFO - Started process (PID=2310) to work on /home/airflow/.local/lib/python3.8/site-packages/airflow/example_dags/example_complex.py
[2026-03-12T02:30:06.579+0000] {processor.py:830} INFO - Processing file /home/airflow/.local/lib/python3.8/site-packages/airflow/example_dags/example_complex.py for tasks to queue
[2026-03-12T02:30:06.580+0000] {logging_mixin.py:188} INFO - [2026-03-12T02:30:06.580+0000] {dagbag.py:538} INFO - Filling up the DagBag from /home/airflow/.local/lib/python3.8/site-packages/airflow/example_dags/example_complex.py
[2026-03-12T02:30:06.584+0000] {processor.py:840} INFO - DAG(s) 'example_complex' retrieved from /home/airflow/.local/lib/python3.8/site-packages/airflow/example_dags/example_complex.py
[2026-03-12T02:30:06.596+0000] {logging_mixin.py:188} INFO - [2026-03-12T02:30:06.596+0000] {dag.py:3036} INFO - Sync 1 DAGs
[2026-03-12T02:30:06.602+0000] {logging_mixin.py:188} INFO - [2026-03-12T02:30:06.602+0000] {dag.py:3823} INFO - Setting next_dagrun for example_complex to None, run_after=None
[2026-03-12T02:30:06.611+0000] {processor.py:183} INFO - Processing /home/airflow/.local/lib/python3.8/site-packages/airflow/example_dags/example_complex.py took 0.033 seconds
[2026-03-12T02:30:37.473+0000] {processor.py:161} INFO - Started process (PID=2386) to work on /home/airflow/.local/lib/python3.8/site-packages/airflow/example_dags/example_complex.py
[2026-03-12T02:30:37.474+0000] {processor.py:830} INFO - Processing file /home/airflow/.local/lib/python3.8/site-packages/airflow/example_dags/example_complex.py for tasks to queue
[2026-03-12T02:30:37.476+0000] {logging_mixin.py:188} INFO - [2026-03-12T02:30:37.475+0000] {dagbag.py:538} INFO - Filling up the DagBag from /home/airflow/.local/lib/python3.8/site-packages/airflow/example_dags/example_complex.py
[2026-03-12T02:30:37.482+0000] {processor.py:840} INFO - DAG(s) 'example_complex' retrieved from /home/airflow/.local/lib/python3.8/site-packages/airflow/example_dags/example_complex.py
[2026-03-12T02:30:37.494+0000] {logging_mixin.py:188} INFO - [2026-03-12T02:30:37.494+0000] {dag.py:3036} INFO - Sync 1 DAGs
[2026-03-12T02:30:37.499+0000] {logging_mixin.py:188} INFO - [2026-03-12T02:30:37.499+0000] {dag.py:3823} INFO - Setting next_dagrun for example_complex to None, run_after=None
[2026-03-12T02:30:37.509+0000] {processor.py:183} INFO - Processing /home/airflow/.local/lib/python3.8/site-packages/airflow/example_dags/example_complex.py took 0.037 seconds
[2026-03-12T02:31:08.487+0000] {processor.py:161} INFO - Started process (PID=2462) to work on /home/airflow/.local/lib/python3.8/site-packages/airflow/example_dags/example_complex.py
[2026-03-12T02:31:08.488+0000] {processor.py:830} INFO - Processing file /home/airflow/.local/lib/python3.8/site-packages/airflow/example_dags/example_complex.py for tasks to queue
[2026-03-12T02:31:08.489+0000] {logging_mixin.py:188} INFO - [2026-03-12T02:31:08.489+0000] {dagbag.py:538} INFO - Filling up the DagBag from /home/airflow/.local/lib/python3.8/site-packages/airflow/example_dags/example_complex.py
[2026-03-12T02:31:08.493+0000] {processor.py:840} INFO - DAG(s) 'example_complex' retrieved from /home/airflow/.local/lib/python3.8/site-packages/airflow/example_dags/example_complex.py
[2026-03-12T02:31:08.506+0000] {logging_mixin.py:188} INFO - [2026-03-12T02:31:08.506+0000] {dag.py:3036} INFO - Sync 1 DAGs
[2026-03-12T02:31:08.512+0000] {logging_mixin.py:188} INFO - [2026-03-12T02:31:08.512+0000] {dag.py:3823} INFO - Setting next_dagrun for example_complex to None, run_after=None
[2026-03-12T02:31:08.520+0000] {processor.py:183} INFO - Processing /home/airflow/.local/lib/python3.8/site-packages/airflow/example_dags/example_complex.py took 0.034 seconds
[2026-03-12T02:31:39.423+0000] {processor.py:161} INFO - Started process (PID=2538) to work on /home/airflow/.local/lib/python3.8/site-packages/airflow/example_dags/example_complex.py
[2026-03-12T02:31:39.424+0000] {processor.py:830} INFO - Processing file /home/airflow/.local/lib/python3.8/site-packages/airflow/example_dags/example_complex.py for tasks to queue
[2026-03-12T02:31:39.424+0000] {logging_mixin.py:188} INFO - [2026-03-12T02:31:39.424+0000] {dagbag.py:538} INFO - Filling up the DagBag from /home/airflow/.local/lib/python3.8/site-packages/airflow/example_dags/example_complex.py
[2026-03-12T02:31:39.429+0000] {processor.py:840} INFO - DAG(s) 'example_complex' retrieved from /home/airflow/.local/lib/python3.8/site-packages/airflow/example_dags/example_complex.py
[2026-03-12T02:31:39.443+0000] {logging_mixin.py:188} INFO - [2026-03-12T02:31:39.443+0000] {dag.py:3036} INFO - Sync 1 DAGs
[2026-03-12T02:31:39.448+0000] {logging_mixin.py:188} INFO - [2026-03-12T02:31:39.448+0000] {dag.py:3823} INFO - Setting next_dagrun for example_complex to None, run_after=None
[2026-03-12T02:31:39.457+0000] {processor.py:183} INFO - Processing /home/airflow/.local/lib/python3.8/site-packages/airflow/example_dags/example_complex.py took 0.036 seconds
[2026-03-12T02:32:10.510+0000] {processor.py:161} INFO - Started process (PID=2620) to work on /home/airflow/.local/lib/python3.8/site-packages/airflow/example_dags/example_complex.py
[2026-03-12T02:32:10.511+0000] {processor.py:830} INFO - Processing file /home/airflow/.local/lib/python3.8/site-packages/airflow/example_dags/example_complex.py for tasks to queue
[2026-03-12T02:32:10.512+0000] {logging_mixin.py:188} INFO - [2026-03-12T02:32:10.511+0000] {dagbag.py:538} INFO - Filling up the DagBag from /home/airflow/.local/lib/python3.8/site-packages/airflow/example_dags/example_complex.py
[2026-03-12T02:32:10.516+0000] {processor.py:840} INFO - DAG(s) 'example_complex' retrieved from /home/airflow/.local/lib/python3.8/site-packages/airflow/example_dags/example_complex.py
[2026-03-12T02:32:10.527+0000] {logging_mixin.py:188} INFO - [2026-03-12T02:32:10.527+0000] {dag.py:3036} INFO - Sync 1 DAGs
[2026-03-12T02:32:10.532+0000] {logging_mixin.py:188} INFO - [2026-03-12T02:32:10.532+0000] {dag.py:3823} INFO - Setting next_dagrun for example_complex to None, run_after=None
[2026-03-12T02:32:10.539+0000] {processor.py:183} INFO - Processing /home/airflow/.local/lib/python3.8/site-packages/airflow/example_dags/example_complex.py took 0.030 seconds
[2026-03-12T02:32:42.259+0000] {processor.py:161} INFO - Started process (PID=2696) to work on /home/airflow/.local/lib/python3.8/site-packages/airflow/example_dags/example_complex.py
[2026-03-12T02:32:42.260+0000] {processor.py:830} INFO - Processing file /home/airflow/.local/lib/python3.8/site-packages/airflow/example_dags/example_complex.py for tasks to queue
[2026-03-12T02:32:42.261+0000] {logging_mixin.py:188} INFO - [2026-03-12T02:32:42.261+0000] {dagbag.py:538} INFO - Filling up the DagBag from /home/airflow/.local/lib/python3.8/site-packages/airflow/example_dags/example_complex.py
[2026-03-12T02:32:42.266+0000] {processor.py:840} INFO - DAG(s) 'example_complex' retrieved from /home/airflow/.local/lib/python3.8/site-packages/airflow/example_dags/example_complex.py
[2026-03-12T02:32:42.279+0000] {logging_mixin.py:188} INFO - [2026-03-12T02:32:42.279+0000] {dag.py:3036} INFO - Sync 1 DAGs
[2026-03-12T02:32:42.285+0000] {logging_mixin.py:188} INFO - [2026-03-12T02:32:42.285+0000] {dag.py:3823} INFO - Setting next_dagrun for example_complex to None, run_after=None
[2026-03-12T02:32:42.293+0000] {processor.py:183} INFO - Processing /home/airflow/.local/lib/python3.8/site-packages/airflow/example_dags/example_complex.py took 0.036 seconds
[2026-03-12T02:33:13.201+0000] {processor.py:161} INFO - Started process (PID=2772) to work on /home/airflow/.local/lib/python3.8/site-packages/airflow/example_dags/example_complex.py
[2026-03-12T02:33:13.203+0000] {processor.py:830} INFO - Processing file /home/airflow/.local/lib/python3.8/site-packages/airflow/example_dags/example_complex.py for tasks to queue
[2026-03-12T02:33:13.206+0000] {logging_mixin.py:188} INFO - [2026-03-12T02:33:13.204+0000] {dagbag.py:538} INFO - Filling up the DagBag from /home/airflow/.local/lib/python3.8/site-packages/airflow/example_dags/example_complex.py
[2026-03-12T02:33:13.211+0000] {processor.py:840} INFO - DAG(s) 'example_complex' retrieved from /home/airflow/.local/lib/python3.8/site-packages/airflow/example_dags/example_complex.py
[2026-03-12T02:33:13.233+0000] {logging_mixin.py:188} INFO - [2026-03-12T02:33:13.232+0000] {dag.py:3036} INFO - Sync 1 DAGs
[2026-03-12T02:33:13.239+0000] {logging_mixin.py:188} INFO - [2026-03-12T02:33:13.239+0000] {dag.py:3823} INFO - Setting next_dagrun for example_complex to None, run_after=None
[2026-03-12T02:33:13.251+0000] {processor.py:183} INFO - Processing /home/airflow/.local/lib/python3.8/site-packages/airflow/example_dags/example_complex.py took 0.052 seconds
[2026-03-12T02:33:44.174+0000] {processor.py:161} INFO - Started process (PID=2848) to work on /home/airflow/.local/lib/python3.8/site-packages/airflow/example_dags/example_complex.py
[2026-03-12T02:33:44.175+0000] {processor.py:830} INFO - Processing file /home/airflow/.local/lib/python3.8/site-packages/airflow/example_dags/example_complex.py for tasks to queue
[2026-03-12T02:33:44.175+0000] {logging_mixin.py:188} INFO - [2026-03-12T02:33:44.175+0000] {dagbag.py:538} INFO - Filling up the DagBag from /home/airflow/.local/lib/python3.8/site-packages/airflow/example_dags/example_complex.py
[2026-03-12T02:33:44.180+0000] {processor.py:840} INFO - DAG(s) 'example_complex' retrieved from /home/airflow/.local/lib/python3.8/site-packages/airflow/example_dags/example_complex.py
[2026-03-12T02:33:44.192+0000] {logging_mixin.py:188} INFO - [2026-03-12T02:33:44.192+0000] {dag.py:3036} INFO - Sync 1 DAGs
[2026-03-12T02:33:44.196+0000] {logging_mixin.py:188} INFO - [2026-03-12T02:33:44.196+0000] {dag.py:3823} INFO - Setting next_dagrun for example_complex to None, run_after=None
[2026-03-12T02:33:44.203+0000] {processor.py:183} INFO - Processing /home/airflow/.local/lib/python3.8/site-packages/airflow/example_dags/example_complex.py took 0.031 seconds
[2026-03-12T02:34:15.144+0000] {processor.py:161} INFO - Started process (PID=2924) to work on /home/airflow/.local/lib/python3.8/site-packages/airflow/example_dags/example_complex.py
[2026-03-12T02:34:15.145+0000] {processor.py:830} INFO - Processing file /home/airflow/.local/lib/python3.8/site-packages/airflow/example_dags/example_complex.py for tasks to queue
[2026-03-12T02:34:15.146+0000] {logging_mixin.py:188} INFO - [2026-03-12T02:34:15.146+0000] {dagbag.py:538} INFO - Filling up the DagBag from /home/airflow/.local/lib/python3.8/site-packages/airflow/example_dags/example_complex.py
[2026-03-12T02:34:15.151+0000] {processor.py:840} INFO - DAG(s) 'example_complex' retrieved from /home/airflow/.local/lib/python3.8/site-packages/airflow/example_dags/example_complex.py
[2026-03-12T02:34:15.164+0000] {logging_mixin.py:188} INFO - [2026-03-12T02:34:15.164+0000] {dag.py:3036} INFO - Sync 1 DAGs
[2026-03-12T02:34:15.169+0000] {logging_mixin.py:188} INFO - [2026-03-12T02:34:15.169+0000] {dag.py:3823} INFO - Setting next_dagrun for example_complex to None, run_after=None
[2026-03-12T02:34:15.175+0000] {processor.py:183} INFO - Processing /home/airflow/.local/lib/python3.8/site-packages/airflow/example_dags/example_complex.py took 0.033 seconds
[2026-03-12T02:34:45.995+0000] {processor.py:161} INFO - Started process (PID=3000) to work on /home/airflow/.local/lib/python3.8/site-packages/airflow/example_dags/example_complex.py
[2026-03-12T02:34:45.996+0000] {processor.py:830} INFO - Processing file /home/airflow/.local/lib/python3.8/site-packages/airflow/example_dags/example_complex.py for tasks to queue
[2026-03-12T02:34:45.996+0000] {logging_mixin.py:188} INFO - [2026-03-12T02:34:45.996+0000] {dagbag.py:538} INFO - Filling up the DagBag from /home/airflow/.local/lib/python3.8/site-packages/airflow/example_dags/example_complex.py
[2026-03-12T02:34:46.001+0000] {processor.py:840} INFO - DAG(s) 'example_complex' retrieved from /home/airflow/.local/lib/python3.8/site-packages/airflow/example_dags/example_complex.py
[2026-03-12T02:34:46.014+0000] {logging_mixin.py:188} INFO - [2026-03-12T02:34:46.013+0000] {dag.py:3036} INFO - Sync 1 DAGs
[2026-03-12T02:34:46.018+0000] {logging_mixin.py:188} INFO - [2026-03-12T02:34:46.018+0000] {dag.py:3823} INFO - Setting next_dagrun for example_complex to None, run_after=None
[2026-03-12T02:34:46.025+0000] {processor.py:183} INFO - Processing /home/airflow/.local/lib/python3.8/site-packages/airflow/example_dags/example_complex.py took 0.031 seconds
[2026-03-12T02:35:16.771+0000] {processor.py:161} INFO - Started process (PID=3076) to work on /home/airflow/.local/lib/python3.8/site-packages/airflow/example_dags/example_complex.py
[2026-03-12T02:35:16.772+0000] {processor.py:830} INFO - Processing file /home/airflow/.local/lib/python3.8/site-packages/airflow/example_dags/example_complex.py for tasks to queue
[2026-03-12T02:35:16.772+0000] {logging_mixin.py:188} INFO - [2026-03-12T02:35:16.772+0000] {dagbag.py:538} INFO - Filling up the DagBag from /home/airflow/.local/lib/python3.8/site-packages/airflow/example_dags/example_complex.py
[2026-03-12T02:35:16.777+0000] {processor.py:840} INFO - DAG(s) 'example_complex' retrieved from /home/airflow/.local/lib/python3.8/site-packages/airflow/example_dags/example_complex.py
[2026-03-12T02:35:16.792+0000] {logging_mixin.py:188} INFO - [2026-03-12T02:35:16.792+0000] {dag.py:3036} INFO - Sync 1 DAGs
[2026-03-12T02:35:16.797+0000] {logging_mixin.py:188} INFO - [2026-03-12T02:35:16.797+0000] {dag.py:3823} INFO - Setting next_dagrun for example_complex to None, run_after=None
[2026-03-12T02:35:16.806+0000] {processor.py:183} INFO - Processing /home/airflow/.local/lib/python3.8/site-packages/airflow/example_dags/example_complex.py took 0.037 seconds
[2026-03-12T02:35:47.556+0000] {processor.py:161} INFO - Started process (PID=3152) to work on /home/airflow/.local/lib/python3.8/site-packages/airflow/example_dags/example_complex.py
[2026-03-12T02:35:47.557+0000] {processor.py:830} INFO - Processing file /home/airflow/.local/lib/python3.8/site-packages/airflow/example_dags/example_complex.py for tasks to queue
[2026-03-12T02:35:47.557+0000] {logging_mixin.py:188} INFO - [2026-03-12T02:35:47.557+0000] {dagbag.py:538} INFO - Filling up the DagBag from /home/airflow/.local/lib/python3.8/site-packages/airflow/example_dags/example_complex.py
[2026-03-12T02:35:47.561+0000] {processor.py:840} INFO - DAG(s) 'example_complex' retrieved from /home/airflow/.local/lib/python3.8/site-packages/airflow/example_dags/example_complex.py
[2026-03-12T02:35:47.571+0000] {logging_mixin.py:188} INFO - [2026-03-12T02:35:47.571+0000] {dag.py:3036} INFO - Sync 1 DAGs
[2026-03-12T02:35:47.574+0000] {logging_mixin.py:188} INFO - [2026-03-12T02:35:47.574+0000] {dag.py:3823} INFO - Setting next_dagrun for example_complex to None, run_after=None
[2026-03-12T02:35:47.580+0000] {processor.py:183} INFO - Processing /home/airflow/.local/lib/python3.8/site-packages/airflow/example_dags/example_complex.py took 0.025 seconds
[2026-03-12T02:36:18.429+0000] {processor.py:161} INFO - Started process (PID=3228) to work on /home/airflow/.local/lib/python3.8/site-packages/airflow/example_dags/example_complex.py
[2026-03-12T02:36:18.431+0000] {processor.py:830} INFO - Processing file /home/airflow/.local/lib/python3.8/site-packages/airflow/example_dags/example_complex.py for tasks to queue
[2026-03-12T02:36:18.432+0000] {logging_mixin.py:188} INFO - [2026-03-12T02:36:18.432+0000] {dagbag.py:538} INFO - Filling up the DagBag from /home/airflow/.local/lib/python3.8/site-packages/airflow/example_dags/example_complex.py
[2026-03-12T02:36:18.439+0000] {processor.py:840} INFO - DAG(s) 'example_complex' retrieved from /home/airflow/.local/lib/python3.8/site-packages/airflow/example_dags/example_complex.py
[2026-03-12T02:36:18.451+0000] {logging_mixin.py:188} INFO - [2026-03-12T02:36:18.451+0000] {dag.py:3036} INFO - Sync 1 DAGs
[2026-03-12T02:36:18.456+0000] {logging_mixin.py:188} INFO - [2026-03-12T02:36:18.456+0000] {dag.py:3823} INFO - Setting next_dagrun for example_complex to None, run_after=None
[2026-03-12T02:36:18.468+0000] {processor.py:183} INFO - Processing /home/airflow/.local/lib/python3.8/site-packages/airflow/example_dags/example_complex.py took 0.040 seconds
[2026-03-12T02:36:49.027+0000] {processor.py:161} INFO - Started process (PID=3304) to work on /home/airflow/.local/lib/python3.8/site-packages/airflow/example_dags/example_complex.py
[2026-03-12T02:36:49.029+0000] {processor.py:830} INFO - Processing file /home/airflow/.local/lib/python3.8/site-packages/airflow/example_dags/example_complex.py for tasks to queue
[2026-03-12T02:36:49.030+0000] {logging_mixin.py:188} INFO - [2026-03-12T02:36:49.030+0000] {dagbag.py:538} INFO - Filling up the DagBag from /home/airflow/.local/lib/python3.8/site-packages/airflow/example_dags/example_complex.py
[2026-03-12T02:36:49.034+0000] {processor.py:840} INFO - DAG(s) 'example_complex' retrieved from /home/airflow/.local/lib/python3.8/site-packages/airflow/example_dags/example_complex.py
[2026-03-12T02:36:49.046+0000] {logging_mixin.py:188} INFO - [2026-03-12T02:36:49.046+0000] {dag.py:3036} INFO - Sync 1 DAGs
[2026-03-12T02:36:49.051+0000] {logging_mixin.py:188} INFO - [2026-03-12T02:36:49.051+0000] {dag.py:3823} INFO - Setting next_dagrun for example_complex to None, run_after=None
[2026-03-12T02:36:49.060+0000] {processor.py:183} INFO - Processing /home/airflow/.local/lib/python3.8/site-packages/airflow/example_dags/example_complex.py took 0.034 seconds
[2026-03-12T02:37:19.801+0000] {processor.py:161} INFO - Started process (PID=3380) to work on /home/airflow/.local/lib/python3.8/site-packages/airflow/example_dags/example_complex.py
[2026-03-12T02:37:19.802+0000] {processor.py:830} INFO - Processing file /home/airflow/.local/lib/python3.8/site-packages/airflow/example_dags/example_complex.py for tasks to queue
[2026-03-12T02:37:19.805+0000] {logging_mixin.py:188} INFO - [2026-03-12T02:37:19.805+0000] {dagbag.py:538} INFO - Filling up the DagBag from /home/airflow/.local/lib/python3.8/site-packages/airflow/example_dags/example_complex.py
[2026-03-12T02:37:19.812+0000] {processor.py:840} INFO - DAG(s) 'example_complex' retrieved from /home/airflow/.local/lib/python3.8/site-packages/airflow/example_dags/example_complex.py
[2026-03-12T02:37:19.825+0000] {logging_mixin.py:188} INFO - [2026-03-12T02:37:19.825+0000] {dag.py:3036} INFO - Sync 1 DAGs
[2026-03-12T02:37:19.832+0000] {logging_mixin.py:188} INFO - [2026-03-12T02:37:19.831+0000] {dag.py:3823} INFO - Setting next_dagrun for example_complex to None, run_after=None
[2026-03-12T02:37:19.843+0000] {processor.py:183} INFO - Processing /home/airflow/.local/lib/python3.8/site-packages/airflow/example_dags/example_complex.py took 0.044 seconds
[2026-03-12T02:37:50.608+0000] {processor.py:161} INFO - Started process (PID=3456) to work on /home/airflow/.local/lib/python3.8/site-packages/airflow/example_dags/example_complex.py
[2026-03-12T02:37:50.609+0000] {processor.py:830} INFO - Processing file /home/airflow/.local/lib/python3.8/site-packages/airflow/example_dags/example_complex.py for tasks to queue
[2026-03-12T02:37:50.611+0000] {logging_mixin.py:188} INFO - [2026-03-12T02:37:50.611+0000] {dagbag.py:538} INFO - Filling up the DagBag from /home/airflow/.local/lib/python3.8/site-packages/airflow/example_dags/example_complex.py
[2026-03-12T02:37:50.617+0000] {processor.py:840} INFO - DAG(s) 'example_complex' retrieved from /home/airflow/.local/lib/python3.8/site-packages/airflow/example_dags/example_complex.py
[2026-03-12T02:37:50.630+0000] {logging_mixin.py:188} INFO - [2026-03-12T02:37:50.630+0000] {dag.py:3036} INFO - Sync 1 DAGs
[2026-03-12T02:37:50.634+0000] {logging_mixin.py:188} INFO - [2026-03-12T02:37:50.634+0000] {dag.py:3823} INFO - Setting next_dagrun for example_complex to None, run_after=None
[2026-03-12T02:37:50.648+0000] {processor.py:183} INFO - Processing /home/airflow/.local/lib/python3.8/site-packages/airflow/example_dags/example_complex.py took 0.041 seconds
[2026-03-12T02:38:20.985+0000] {processor.py:161} INFO - Started process (PID=3532) to work on /home/airflow/.local/lib/python3.8/site-packages/airflow/example_dags/example_complex.py
[2026-03-12T02:38:20.986+0000] {processor.py:830} INFO - Processing file /home/airflow/.local/lib/python3.8/site-packages/airflow/example_dags/example_complex.py for tasks to queue
[2026-03-12T02:38:20.986+0000] {logging_mixin.py:188} INFO - [2026-03-12T02:38:20.986+0000] {dagbag.py:538} INFO - Filling up the DagBag from /home/airflow/.local/lib/python3.8/site-packages/airflow/example_dags/example_complex.py
[2026-03-12T02:38:20.991+0000] {processor.py:840} INFO - DAG(s) 'example_complex' retrieved from /home/airflow/.local/lib/python3.8/site-packages/airflow/example_dags/example_complex.py
[2026-03-12T02:38:21.002+0000] {logging_mixin.py:188} INFO - [2026-03-12T02:38:21.002+0000] {dag.py:3036} INFO - Sync 1 DAGs
[2026-03-12T02:38:21.007+0000] {logging_mixin.py:188} INFO - [2026-03-12T02:38:21.007+0000] {dag.py:3823} INFO - Setting next_dagrun for example_complex to None, run_after=None
[2026-03-12T02:38:21.017+0000] {processor.py:183} INFO - Processing /home/airflow/.local/lib/python3.8/site-packages/airflow/example_dags/example_complex.py took 0.033 seconds
[2026-03-12T02:38:51.147+0000] {processor.py:161} INFO - Started process (PID=3608) to work on /home/airflow/.local/lib/python3.8/site-packages/airflow/example_dags/example_complex.py
[2026-03-12T02:38:51.147+0000] {processor.py:830} INFO - Processing file /home/airflow/.local/lib/python3.8/site-packages/airflow/example_dags/example_complex.py for tasks to queue
[2026-03-12T02:38:51.149+0000] {logging_mixin.py:188} INFO - [2026-03-12T02:38:51.149+0000] {dagbag.py:538} INFO - Filling up the DagBag from /home/airflow/.local/lib/python3.8/site-packages/airflow/example_dags/example_complex.py
[2026-03-12T02:38:51.153+0000] {processor.py:840} INFO - DAG(s) 'example_complex' retrieved from /home/airflow/.local/lib/python3.8/site-packages/airflow/example_dags/example_complex.py
[2026-03-12T02:38:51.165+0000] {logging_mixin.py:188} INFO - [2026-03-12T02:38:51.165+0000] {dag.py:3036} INFO - Sync 1 DAGs
[2026-03-12T02:38:51.171+0000] {logging_mixin.py:188} INFO - [2026-03-12T02:38:51.171+0000] {dag.py:3823} INFO - Setting next_dagrun for example_complex to None, run_after=None
[2026-03-12T02:38:51.180+0000] {processor.py:183} INFO - Processing /home/airflow/.local/lib/python3.8/site-packages/airflow/example_dags/example_complex.py took 0.035 seconds
[2026-03-12T02:39:21.451+0000] {processor.py:161} INFO - Started process (PID=3684) to work on /home/airflow/.local/lib/python3.8/site-packages/airflow/example_dags/example_complex.py
[2026-03-12T02:39:21.452+0000] {processor.py:830} INFO - Processing file /home/airflow/.local/lib/python3.8/site-packages/airflow/example_dags/example_complex.py for tasks to queue
[2026-03-12T02:39:21.453+0000] {logging_mixin.py:188} INFO - [2026-03-12T02:39:21.453+0000] {dagbag.py:538} INFO - Filling up the DagBag from /home/airflow/.local/lib/python3.8/site-packages/airflow/example_dags/example_complex.py
[2026-03-12T02:39:21.457+0000] {processor.py:840} INFO - DAG(s) 'example_complex' retrieved from /home/airflow/.local/lib/python3.8/site-packages/airflow/example_dags/example_complex.py
[2026-03-12T02:39:21.473+0000] {logging_mixin.py:188} INFO - [2026-03-12T02:39:21.473+0000] {dag.py:3036} INFO - Sync 1 DAGs
[2026-03-12T02:39:21.478+0000] {logging_mixin.py:188} INFO - [2026-03-12T02:39:21.478+0000] {dag.py:3823} INFO - Setting next_dagrun for example_complex to None, run_after=None
[2026-03-12T02:39:21.487+0000] {processor.py:183} INFO - Processing /home/airflow/.local/lib/python3.8/site-packages/airflow/example_dags/example_complex.py took 0.037 seconds
[2026-03-12T02:39:52.571+0000] {processor.py:161} INFO - Started process (PID=3760) to work on /home/airflow/.local/lib/python3.8/site-packages/airflow/example_dags/example_complex.py
[2026-03-12T02:39:52.571+0000] {processor.py:830} INFO - Processing file /home/airflow/.local/lib/python3.8/site-packages/airflow/example_dags/example_complex.py for tasks to queue
[2026-03-12T02:39:52.572+0000] {logging_mixin.py:188} INFO - [2026-03-12T02:39:52.572+0000] {dagbag.py:538} INFO - Filling up the DagBag from /home/airflow/.local/lib/python3.8/site-packages/airflow/example_dags/example_complex.py
[2026-03-12T02:39:52.576+0000] {processor.py:840} INFO - DAG(s) 'example_complex' retrieved from /home/airflow/.local/lib/python3.8/site-packages/airflow/example_dags/example_complex.py
[2026-03-12T02:39:52.587+0000] {logging_mixin.py:188} INFO - [2026-03-12T02:39:52.587+0000] {dag.py:3036} INFO - Sync 1 DAGs
[2026-03-12T02:39:52.593+0000] {logging_mixin.py:188} INFO - [2026-03-12T02:39:52.593+0000] {dag.py:3823} INFO - Setting next_dagrun for example_complex to None, run_after=None
[2026-03-12T02:39:52.600+0000] {processor.py:183} INFO - Processing /home/airflow/.local/lib/python3.8/site-packages/airflow/example_dags/example_complex.py took 0.031 seconds
[2026-03-12T02:40:23.741+0000] {processor.py:161} INFO - Started process (PID=3836) to work on /home/airflow/.local/lib/python3.8/site-packages/airflow/example_dags/example_complex.py
[2026-03-12T02:40:23.742+0000] {processor.py:830} INFO - Processing file /home/airflow/.local/lib/python3.8/site-packages/airflow/example_dags/example_complex.py for tasks to queue
[2026-03-12T02:40:23.743+0000] {logging_mixin.py:188} INFO - [2026-03-12T02:40:23.743+0000] {dagbag.py:538} INFO - Filling up the DagBag from /home/airflow/.local/lib/python3.8/site-packages/airflow/example_dags/example_complex.py
[2026-03-12T02:40:23.747+0000] {processor.py:840} INFO - DAG(s) 'example_complex' retrieved from /home/airflow/.local/lib/python3.8/site-packages/airflow/example_dags/example_complex.py
[2026-03-12T02:40:23.769+0000] {logging_mixin.py:188} INFO - [2026-03-12T02:40:23.769+0000] {dag.py:3036} INFO - Sync 1 DAGs
[2026-03-12T02:40:23.775+0000] {logging_mixin.py:188} INFO - [2026-03-12T02:40:23.774+0000] {dag.py:3823} INFO - Setting next_dagrun for example_complex to None, run_after=None
[2026-03-12T02:40:23.786+0000] {processor.py:183} INFO - Processing /home/airflow/.local/lib/python3.8/site-packages/airflow/example_dags/example_complex.py took 0.047 seconds
[2026-03-12T02:40:54.739+0000] {processor.py:161} INFO - Started process (PID=3912) to work on /home/airflow/.local/lib/python3.8/site-packages/airflow/example_dags/example_complex.py
[2026-03-12T02:40:54.739+0000] {processor.py:830} INFO - Processing file /home/airflow/.local/lib/python3.8/site-packages/airflow/example_dags/example_complex.py for tasks to queue
[2026-03-12T02:40:54.740+0000] {logging_mixin.py:188} INFO - [2026-03-12T02:40:54.740+0000] {dagbag.py:538} INFO - Filling up the DagBag from /home/airflow/.local/lib/python3.8/site-packages/airflow/example_dags/example_complex.py
[2026-03-12T02:40:54.744+0000] {processor.py:840} INFO - DAG(s) 'example_complex' retrieved from /home/airflow/.local/lib/python3.8/site-packages/airflow/example_dags/example_complex.py
[2026-03-12T02:40:54.754+0000] {logging_mixin.py:188} INFO - [2026-03-12T02:40:54.754+0000] {dag.py:3036} INFO - Sync 1 DAGs
[2026-03-12T02:40:54.758+0000] {logging_mixin.py:188} INFO - [2026-03-12T02:40:54.758+0000] {dag.py:3823} INFO - Setting next_dagrun for example_complex to None, run_after=None
[2026-03-12T02:40:54.763+0000] {processor.py:183} INFO - Processing /home/airflow/.local/lib/python3.8/site-packages/airflow/example_dags/example_complex.py took 0.026 seconds
[2026-03-12T02:41:25.543+0000] {processor.py:161} INFO - Started process (PID=3988) to work on /home/airflow/.local/lib/python3.8/site-packages/airflow/example_dags/example_complex.py
[2026-03-12T02:41:25.543+0000] {processor.py:830} INFO - Processing file /home/airflow/.local/lib/python3.8/site-packages/airflow/example_dags/example_complex.py for tasks to queue
[2026-03-12T02:41:25.544+0000] {logging_mixin.py:188} INFO - [2026-03-12T02:41:25.544+0000] {dagbag.py:538} INFO - Filling up the DagBag from /home/airflow/.local/lib/python3.8/site-packages/airflow/example_dags/example_complex.py
[2026-03-12T02:41:25.548+0000] {processor.py:840} INFO - DAG(s) 'example_complex' retrieved from /home/airflow/.local/lib/python3.8/site-packages/airflow/example_dags/example_complex.py
[2026-03-12T02:41:25.560+0000] {logging_mixin.py:188} INFO - [2026-03-12T02:41:25.560+0000] {dag.py:3036} INFO - Sync 1 DAGs
[2026-03-12T02:41:25.564+0000] {logging_mixin.py:188} INFO - [2026-03-12T02:41:25.564+0000] {dag.py:3823} INFO - Setting next_dagrun for example_complex to None, run_after=None
[2026-03-12T02:41:25.570+0000] {processor.py:183} INFO - Processing /home/airflow/.local/lib/python3.8/site-packages/airflow/example_dags/example_complex.py took 0.029 seconds
[2026-03-12T02:41:56.332+0000] {processor.py:161} INFO - Started process (PID=4064) to work on /home/airflow/.local/lib/python3.8/site-packages/airflow/example_dags/example_complex.py
[2026-03-12T02:41:56.333+0000] {processor.py:830} INFO - Processing file /home/airflow/.local/lib/python3.8/site-packages/airflow/example_dags/example_complex.py for tasks to queue
[2026-03-12T02:41:56.333+0000] {logging_mixin.py:188} INFO - [2026-03-12T02:41:56.333+0000] {dagbag.py:538} INFO - Filling up the DagBag from /home/airflow/.local/lib/python3.8/site-packages/airflow/example_dags/example_complex.py
[2026-03-12T02:41:56.338+0000] {processor.py:840} INFO - DAG(s) 'example_complex' retrieved from /home/airflow/.local/lib/python3.8/site-packages/airflow/example_dags/example_complex.py
[2026-03-12T02:41:56.348+0000] {logging_mixin.py:188} INFO - [2026-03-12T02:41:56.348+0000] {dag.py:3036} INFO - Sync 1 DAGs
[2026-03-12T02:41:56.353+0000] {logging_mixin.py:188} INFO - [2026-03-12T02:41:56.353+0000] {dag.py:3823} INFO - Setting next_dagrun for example_complex to None, run_after=None
[2026-03-12T02:41:56.359+0000] {processor.py:183} INFO - Processing /home/airflow/.local/lib/python3.8/site-packages/airflow/example_dags/example_complex.py took 0.028 seconds
[2026-03-12T02:42:27.395+0000] {processor.py:161} INFO - Started process (PID=4140) to work on /home/airflow/.local/lib/python3.8/site-packages/airflow/example_dags/example_complex.py
[2026-03-12T02:42:27.395+0000] {processor.py:830} INFO - Processing file /home/airflow/.local/lib/python3.8/site-packages/airflow/example_dags/example_complex.py for tasks to queue
[2026-03-12T02:42:27.396+0000] {logging_mixin.py:188} INFO - [2026-03-12T02:42:27.396+0000] {dagbag.py:538} INFO - Filling up the DagBag from /home/airflow/.local/lib/python3.8/site-packages/airflow/example_dags/example_complex.py
[2026-03-12T02:42:27.401+0000] {processor.py:840} INFO - DAG(s) 'example_complex' retrieved from /home/airflow/.local/lib/python3.8/site-packages/airflow/example_dags/example_complex.py
[2026-03-12T02:42:27.414+0000] {logging_mixin.py:188} INFO - [2026-03-12T02:42:27.414+0000] {dag.py:3036} INFO - Sync 1 DAGs
[2026-03-12T02:42:27.484+0000] {logging_mixin.py:188} INFO - [2026-03-12T02:42:27.484+0000] {dag.py:3823} INFO - Setting next_dagrun for example_complex to None, run_after=None
[2026-03-12T02:42:27.495+0000] {processor.py:183} INFO - Processing /home/airflow/.local/lib/python3.8/site-packages/airflow/example_dags/example_complex.py took 0.102 seconds
[2026-03-12T02:42:58.471+0000] {processor.py:161} INFO - Started process (PID=4216) to work on /home/airflow/.local/lib/python3.8/site-packages/airflow/example_dags/example_complex.py
[2026-03-12T02:42:58.471+0000] {processor.py:830} INFO - Processing file /home/airflow/.local/lib/python3.8/site-packages/airflow/example_dags/example_complex.py for tasks to queue
[2026-03-12T02:42:58.472+0000] {logging_mixin.py:188} INFO - [2026-03-12T02:42:58.472+0000] {dagbag.py:538} INFO - Filling up the DagBag from /home/airflow/.local/lib/python3.8/site-packages/airflow/example_dags/example_complex.py
[2026-03-12T02:42:58.477+0000] {processor.py:840} INFO - DAG(s) 'example_complex' retrieved from /home/airflow/.local/lib/python3.8/site-packages/airflow/example_dags/example_complex.py
[2026-03-12T02:42:58.492+0000] {logging_mixin.py:188} INFO - [2026-03-12T02:42:58.492+0000] {dag.py:3036} INFO - Sync 1 DAGs
[2026-03-12T02:42:58.500+0000] {logging_mixin.py:188} INFO - [2026-03-12T02:42:58.500+0000] {dag.py:3823} INFO - Setting next_dagrun for example_complex to None, run_after=None
[2026-03-12T02:42:58.514+0000] {processor.py:183} INFO - Processing /home/airflow/.local/lib/python3.8/site-packages/airflow/example_dags/example_complex.py took 0.045 seconds
[2026-03-12T02:43:28.909+0000] {processor.py:161} INFO - Started process (PID=4292) to work on /home/airflow/.local/lib/python3.8/site-packages/airflow/example_dags/example_complex.py
[2026-03-12T02:43:28.910+0000] {processor.py:830} INFO - Processing file /home/airflow/.local/lib/python3.8/site-packages/airflow/example_dags/example_complex.py for tasks to queue
[2026-03-12T02:43:28.911+0000] {logging_mixin.py:188} INFO - [2026-03-12T02:43:28.911+0000] {dagbag.py:538} INFO - Filling up the DagBag from /home/airflow/.local/lib/python3.8/site-packages/airflow/example_dags/example_complex.py
[2026-03-12T02:43:28.919+0000] {processor.py:840} INFO - DAG(s) 'example_complex' retrieved from /home/airflow/.local/lib/python3.8/site-packages/airflow/example_dags/example_complex.py
[2026-03-12T02:43:28.933+0000] {logging_mixin.py:188} INFO - [2026-03-12T02:43:28.933+0000] {dag.py:3036} INFO - Sync 1 DAGs
[2026-03-12T02:43:28.939+0000] {logging_mixin.py:188} INFO - [2026-03-12T02:43:28.939+0000] {dag.py:3823} INFO - Setting next_dagrun for example_complex to None, run_after=None
[2026-03-12T02:43:28.951+0000] {processor.py:183} INFO - Processing /home/airflow/.local/lib/python3.8/site-packages/airflow/example_dags/example_complex.py took 0.043 seconds
[2026-03-12T02:43:59.347+0000] {processor.py:161} INFO - Started process (PID=4368) to work on /home/airflow/.local/lib/python3.8/site-packages/airflow/example_dags/example_complex.py
[2026-03-12T02:43:59.348+0000] {processor.py:830} INFO - Processing file /home/airflow/.local/lib/python3.8/site-packages/airflow/example_dags/example_complex.py for tasks to queue
[2026-03-12T02:43:59.349+0000] {logging_mixin.py:188} INFO - [2026-03-12T02:43:59.349+0000] {dagbag.py:538} INFO - Filling up the DagBag from /home/airflow/.local/lib/python3.8/site-packages/airflow/example_dags/example_complex.py
[2026-03-12T02:43:59.355+0000] {processor.py:840} INFO - DAG(s) 'example_complex' retrieved from /home/airflow/.local/lib/python3.8/site-packages/airflow/example_dags/example_complex.py
[2026-03-12T02:43:59.367+0000] {logging_mixin.py:188} INFO - [2026-03-12T02:43:59.367+0000] {dag.py:3036} INFO - Sync 1 DAGs
[2026-03-12T02:43:59.372+0000] {logging_mixin.py:188} INFO - [2026-03-12T02:43:59.372+0000] {dag.py:3823} INFO - Setting next_dagrun for example_complex to None, run_after=None
[2026-03-12T02:43:59.378+0000] {processor.py:183} INFO - Processing /home/airflow/.local/lib/python3.8/site-packages/airflow/example_dags/example_complex.py took 0.032 seconds
[2026-03-12T02:44:29.695+0000] {processor.py:161} INFO - Started process (PID=4444) to work on /home/airflow/.local/lib/python3.8/site-packages/airflow/example_dags/example_complex.py
[2026-03-12T02:44:29.696+0000] {processor.py:830} INFO - Processing file /home/airflow/.local/lib/python3.8/site-packages/airflow/example_dags/example_complex.py for tasks to queue
[2026-03-12T02:44:29.697+0000] {logging_mixin.py:188} INFO - [2026-03-12T02:44:29.697+0000] {dagbag.py:538} INFO - Filling up the DagBag from /home/airflow/.local/lib/python3.8/site-packages/airflow/example_dags/example_complex.py
[2026-03-12T02:44:29.702+0000] {processor.py:840} INFO - DAG(s) 'example_complex' retrieved from /home/airflow/.local/lib/python3.8/site-packages/airflow/example_dags/example_complex.py
[2026-03-12T02:44:29.713+0000] {logging_mixin.py:188} INFO - [2026-03-12T02:44:29.713+0000] {dag.py:3036} INFO - Sync 1 DAGs
[2026-03-12T02:44:29.717+0000] {logging_mixin.py:188} INFO - [2026-03-12T02:44:29.717+0000] {dag.py:3823} INFO - Setting next_dagrun for example_complex to None, run_after=None
[2026-03-12T02:44:29.726+0000] {processor.py:183} INFO - Processing /home/airflow/.local/lib/python3.8/site-packages/airflow/example_dags/example_complex.py took 0.033 seconds
[2026-03-12T02:45:00.158+0000] {processor.py:161} INFO - Started process (PID=4520) to work on /home/airflow/.local/lib/python3.8/site-packages/airflow/example_dags/example_complex.py
[2026-03-12T02:45:00.159+0000] {processor.py:830} INFO - Processing file /home/airflow/.local/lib/python3.8/site-packages/airflow/example_dags/example_complex.py for tasks to queue
[2026-03-12T02:45:00.160+0000] {logging_mixin.py:188} INFO - [2026-03-12T02:45:00.160+0000] {dagbag.py:538} INFO - Filling up the DagBag from /home/airflow/.local/lib/python3.8/site-packages/airflow/example_dags/example_complex.py
[2026-03-12T02:45:00.165+0000] {processor.py:840} INFO - DAG(s) 'example_complex' retrieved from /home/airflow/.local/lib/python3.8/site-packages/airflow/example_dags/example_complex.py
[2026-03-12T02:45:00.179+0000] {logging_mixin.py:188} INFO - [2026-03-12T02:45:00.179+0000] {dag.py:3036} INFO - Sync 1 DAGs
[2026-03-12T02:45:00.184+0000] {logging_mixin.py:188} INFO - [2026-03-12T02:45:00.184+0000] {dag.py:3823} INFO - Setting next_dagrun for example_complex to None, run_after=None
[2026-03-12T02:45:00.193+0000] {processor.py:183} INFO - Processing /home/airflow/.local/lib/python3.8/site-packages/airflow/example_dags/example_complex.py took 0.037 seconds
[2026-03-12T02:45:30.526+0000] {processor.py:161} INFO - Started process (PID=4596) to work on /home/airflow/.local/lib/python3.8/site-packages/airflow/example_dags/example_complex.py
[2026-03-12T02:45:30.528+0000] {processor.py:830} INFO - Processing file /home/airflow/.local/lib/python3.8/site-packages/airflow/example_dags/example_complex.py for tasks to queue
[2026-03-12T02:45:30.528+0000] {logging_mixin.py:188} INFO - [2026-03-12T02:45:30.528+0000] {dagbag.py:538} INFO - Filling up the DagBag from /home/airflow/.local/lib/python3.8/site-packages/airflow/example_dags/example_complex.py
[2026-03-12T02:45:30.535+0000] {processor.py:840} INFO - DAG(s) 'example_complex' retrieved from /home/airflow/.local/lib/python3.8/site-packages/airflow/example_dags/example_complex.py
[2026-03-12T02:45:30.546+0000] {logging_mixin.py:188} INFO - [2026-03-12T02:45:30.546+0000] {dag.py:3036} INFO - Sync 1 DAGs
[2026-03-12T02:45:30.550+0000] {logging_mixin.py:188} INFO - [2026-03-12T02:45:30.550+0000] {dag.py:3823} INFO - Setting next_dagrun for example_complex to None, run_after=None
[2026-03-12T02:45:30.564+0000] {processor.py:183} INFO - Processing /home/airflow/.local/lib/python3.8/site-packages/airflow/example_dags/example_complex.py took 0.039 seconds
[2026-03-12T02:46:01.033+0000] {processor.py:161} INFO - Started process (PID=4672) to work on /home/airflow/.local/lib/python3.8/site-packages/airflow/example_dags/example_complex.py
[2026-03-12T02:46:01.034+0000] {processor.py:830} INFO - Processing file /home/airflow/.local/lib/python3.8/site-packages/airflow/example_dags/example_complex.py for tasks to queue
[2026-03-12T02:46:01.035+0000] {logging_mixin.py:188} INFO - [2026-03-12T02:46:01.035+0000] {dagbag.py:538} INFO - Filling up the DagBag from /home/airflow/.local/lib/python3.8/site-packages/airflow/example_dags/example_complex.py
[2026-03-12T02:46:01.041+0000] {processor.py:840} INFO - DAG(s) 'example_complex' retrieved from /home/airflow/.local/lib/python3.8/site-packages/airflow/example_dags/example_complex.py
[2026-03-12T02:46:01.054+0000] {logging_mixin.py:188} INFO - [2026-03-12T02:46:01.054+0000] {dag.py:3036} INFO - Sync 1 DAGs
[2026-03-12T02:46:01.058+0000] {logging_mixin.py:188} INFO - [2026-03-12T02:46:01.058+0000] {dag.py:3823} INFO - Setting next_dagrun for example_complex to None, run_after=None
[2026-03-12T02:46:01.071+0000] {processor.py:183} INFO - Processing /home/airflow/.local/lib/python3.8/site-packages/airflow/example_dags/example_complex.py took 0.039 seconds
[2026-03-12T02:46:31.684+0000] {processor.py:161} INFO - Started process (PID=4748) to work on /home/airflow/.local/lib/python3.8/site-packages/airflow/example_dags/example_complex.py
[2026-03-12T02:46:31.686+0000] {processor.py:830} INFO - Processing file /home/airflow/.local/lib/python3.8/site-packages/airflow/example_dags/example_complex.py for tasks to queue
[2026-03-12T02:46:31.687+0000] {logging_mixin.py:188} INFO - [2026-03-12T02:46:31.686+0000] {dagbag.py:538} INFO - Filling up the DagBag from /home/airflow/.local/lib/python3.8/site-packages/airflow/example_dags/example_complex.py
[2026-03-12T02:46:31.691+0000] {processor.py:840} INFO - DAG(s) 'example_complex' retrieved from /home/airflow/.local/lib/python3.8/site-packages/airflow/example_dags/example_complex.py
[2026-03-12T02:46:31.702+0000] {logging_mixin.py:188} INFO - [2026-03-12T02:46:31.702+0000] {dag.py:3036} INFO - Sync 1 DAGs
[2026-03-12T02:46:31.707+0000] {logging_mixin.py:188} INFO - [2026-03-12T02:46:31.707+0000] {dag.py:3823} INFO - Setting next_dagrun for example_complex to None, run_after=None
[2026-03-12T02:46:31.716+0000] {processor.py:183} INFO - Processing /home/airflow/.local/lib/python3.8/site-packages/airflow/example_dags/example_complex.py took 0.033 seconds
[2026-03-12T02:47:02.476+0000] {processor.py:161} INFO - Started process (PID=4824) to work on /home/airflow/.local/lib/python3.8/site-packages/airflow/example_dags/example_complex.py
[2026-03-12T02:47:02.477+0000] {processor.py:830} INFO - Processing file /home/airflow/.local/lib/python3.8/site-packages/airflow/example_dags/example_complex.py for tasks to queue
[2026-03-12T02:47:02.478+0000] {logging_mixin.py:188} INFO - [2026-03-12T02:47:02.478+0000] {dagbag.py:538} INFO - Filling up the DagBag from /home/airflow/.local/lib/python3.8/site-packages/airflow/example_dags/example_complex.py
[2026-03-12T02:47:02.484+0000] {processor.py:840} INFO - DAG(s) 'example_complex' retrieved from /home/airflow/.local/lib/python3.8/site-packages/airflow/example_dags/example_complex.py
[2026-03-12T02:47:02.495+0000] {logging_mixin.py:188} INFO - [2026-03-12T02:47:02.495+0000] {dag.py:3036} INFO - Sync 1 DAGs
[2026-03-12T02:47:02.500+0000] {logging_mixin.py:188} INFO - [2026-03-12T02:47:02.500+0000] {dag.py:3823} INFO - Setting next_dagrun for example_complex to None, run_after=None
[2026-03-12T02:47:02.511+0000] {processor.py:183} INFO - Processing /home/airflow/.local/lib/python3.8/site-packages/airflow/example_dags/example_complex.py took 0.036 seconds
[2026-03-12T02:47:33.179+0000] {processor.py:161} INFO - Started process (PID=4900) to work on /home/airflow/.local/lib/python3.8/site-packages/airflow/example_dags/example_complex.py
[2026-03-12T02:47:33.180+0000] {processor.py:830} INFO - Processing file /home/airflow/.local/lib/python3.8/site-packages/airflow/example_dags/example_complex.py for tasks to queue
[2026-03-12T02:47:33.181+0000] {logging_mixin.py:188} INFO - [2026-03-12T02:47:33.181+0000] {dagbag.py:538} INFO - Filling up the DagBag from /home/airflow/.local/lib/python3.8/site-packages/airflow/example_dags/example_complex.py
[2026-03-12T02:47:33.187+0000] {processor.py:840} INFO - DAG(s) 'example_complex' retrieved from /home/airflow/.local/lib/python3.8/site-packages/airflow/example_dags/example_complex.py
[2026-03-12T02:47:33.203+0000] {logging_mixin.py:188} INFO - [2026-03-12T02:47:33.203+0000] {dag.py:3036} INFO - Sync 1 DAGs
[2026-03-12T02:47:33.209+0000] {logging_mixin.py:188} INFO - [2026-03-12T02:47:33.209+0000] {dag.py:3823} INFO - Setting next_dagrun for example_complex to None, run_after=None
[2026-03-12T02:47:33.221+0000] {processor.py:183} INFO - Processing /home/airflow/.local/lib/python3.8/site-packages/airflow/example_dags/example_complex.py took 0.044 seconds
[2026-03-12T02:48:03.701+0000] {processor.py:161} INFO - Started process (PID=4976) to work on /home/airflow/.local/lib/python3.8/site-packages/airflow/example_dags/example_complex.py
[2026-03-12T02:48:03.702+0000] {processor.py:830} INFO - Processing file /home/airflow/.local/lib/python3.8/site-packages/airflow/example_dags/example_complex.py for tasks to queue
[2026-03-12T02:48:03.703+0000] {logging_mixin.py:188} INFO - [2026-03-12T02:48:03.703+0000] {dagbag.py:538} INFO - Filling up the DagBag from /home/airflow/.local/lib/python3.8/site-packages/airflow/example_dags/example_complex.py
[2026-03-12T02:48:03.709+0000] {processor.py:840} INFO - DAG(s) 'example_complex' retrieved from /home/airflow/.local/lib/python3.8/site-packages/airflow/example_dags/example_complex.py
[2026-03-12T02:48:03.725+0000] {logging_mixin.py:188} INFO - [2026-03-12T02:48:03.725+0000] {dag.py:3036} INFO - Sync 1 DAGs
[2026-03-12T02:48:03.731+0000] {logging_mixin.py:188} INFO - [2026-03-12T02:48:03.731+0000] {dag.py:3823} INFO - Setting next_dagrun for example_complex to None, run_after=None
[2026-03-12T02:48:03.745+0000] {processor.py:183} INFO - Processing /home/airflow/.local/lib/python3.8/site-packages/airflow/example_dags/example_complex.py took 0.047 seconds
[2026-03-12T02:48:34.835+0000] {processor.py:161} INFO - Started process (PID=5054) to work on /home/airflow/.local/lib/python3.8/site-packages/airflow/example_dags/example_complex.py
[2026-03-12T02:48:34.835+0000] {processor.py:830} INFO - Processing file /home/airflow/.local/lib/python3.8/site-packages/airflow/example_dags/example_complex.py for tasks to queue
[2026-03-12T02:48:34.836+0000] {logging_mixin.py:188} INFO - [2026-03-12T02:48:34.836+0000] {dagbag.py:538} INFO - Filling up the DagBag from /home/airflow/.local/lib/python3.8/site-packages/airflow/example_dags/example_complex.py
[2026-03-12T02:48:34.841+0000] {processor.py:840} INFO - DAG(s) 'example_complex' retrieved from /home/airflow/.local/lib/python3.8/site-packages/airflow/example_dags/example_complex.py
[2026-03-12T02:48:34.853+0000] {logging_mixin.py:188} INFO - [2026-03-12T02:48:34.852+0000] {dag.py:3036} INFO - Sync 1 DAGs
[2026-03-12T02:48:34.857+0000] {logging_mixin.py:188} INFO - [2026-03-12T02:48:34.857+0000] {dag.py:3823} INFO - Setting next_dagrun for example_complex to None, run_after=None
[2026-03-12T02:48:34.863+0000] {processor.py:183} INFO - Processing /home/airflow/.local/lib/python3.8/site-packages/airflow/example_dags/example_complex.py took 0.030 seconds
[2026-03-12T02:49:05.292+0000] {processor.py:161} INFO - Started process (PID=5130) to work on /home/airflow/.local/lib/python3.8/site-packages/airflow/example_dags/example_complex.py
[2026-03-12T02:49:05.292+0000] {processor.py:830} INFO - Processing file /home/airflow/.local/lib/python3.8/site-packages/airflow/example_dags/example_complex.py for tasks to queue
[2026-03-12T02:49:05.293+0000] {logging_mixin.py:188} INFO - [2026-03-12T02:49:05.293+0000] {dagbag.py:538} INFO - Filling up the DagBag from /home/airflow/.local/lib/python3.8/site-packages/airflow/example_dags/example_complex.py
[2026-03-12T02:49:05.298+0000] {processor.py:840} INFO - DAG(s) 'example_complex' retrieved from /home/airflow/.local/lib/python3.8/site-packages/airflow/example_dags/example_complex.py
[2026-03-12T02:49:05.310+0000] {logging_mixin.py:188} INFO - [2026-03-12T02:49:05.310+0000] {dag.py:3036} INFO - Sync 1 DAGs
[2026-03-12T02:49:05.315+0000] {logging_mixin.py:188} INFO - [2026-03-12T02:49:05.315+0000] {dag.py:3823} INFO - Setting next_dagrun for example_complex to None, run_after=None
[2026-03-12T02:49:05.321+0000] {processor.py:183} INFO - Processing /home/airflow/.local/lib/python3.8/site-packages/airflow/example_dags/example_complex.py took 0.031 seconds
[2026-03-12T02:49:35.529+0000] {processor.py:161} INFO - Started process (PID=5204) to work on /home/airflow/.local/lib/python3.8/site-packages/airflow/example_dags/example_complex.py
[2026-03-12T02:49:35.530+0000] {processor.py:830} INFO - Processing file /home/airflow/.local/lib/python3.8/site-packages/airflow/example_dags/example_complex.py for tasks to queue
[2026-03-12T02:49:35.531+0000] {logging_mixin.py:188} INFO - [2026-03-12T02:49:35.531+0000] {dagbag.py:538} INFO - Filling up the DagBag from /home/airflow/.local/lib/python3.8/site-packages/airflow/example_dags/example_complex.py
[2026-03-12T02:49:35.538+0000] {processor.py:840} INFO - DAG(s) 'example_complex' retrieved from /home/airflow/.local/lib/python3.8/site-packages/airflow/example_dags/example_complex.py
[2026-03-12T02:49:35.551+0000] {logging_mixin.py:188} INFO - [2026-03-12T02:49:35.550+0000] {dag.py:3036} INFO - Sync 1 DAGs
[2026-03-12T02:49:35.557+0000] {logging_mixin.py:188} INFO - [2026-03-12T02:49:35.557+0000] {dag.py:3823} INFO - Setting next_dagrun for example_complex to None, run_after=None
[2026-03-12T02:49:35.568+0000] {processor.py:183} INFO - Processing /home/airflow/.local/lib/python3.8/site-packages/airflow/example_dags/example_complex.py took 0.040 seconds
