[2026-03-12T02:15:11.105+0000] {processor.py:161} INFO - Started process (PID=116) to work on /home/airflow/.local/lib/python3.8/site-packages/airflow/example_dags/example_setup_teardown.py
[2026-03-12T02:15:11.108+0000] {processor.py:830} INFO - Processing file /home/airflow/.local/lib/python3.8/site-packages/airflow/example_dags/example_setup_teardown.py for tasks to queue
[2026-03-12T02:15:11.109+0000] {logging_mixin.py:188} INFO - [2026-03-12T02:15:11.109+0000] {dagbag.py:538} INFO - Filling up the DagBag from /home/airflow/.local/lib/python3.8/site-packages/airflow/example_dags/example_setup_teardown.py
[2026-03-12T02:15:11.116+0000] {processor.py:840} INFO - DAG(s) 'example_setup_teardown' retrieved from /home/airflow/.local/lib/python3.8/site-packages/airflow/example_dags/example_setup_teardown.py
[2026-03-12T02:15:11.121+0000] {logging_mixin.py:188} INFO - [2026-03-12T02:15:11.120+0000] {dag.py:3036} INFO - Sync 1 DAGs
[2026-03-12T02:15:11.132+0000] {logging_mixin.py:188} INFO - [2026-03-12T02:15:11.132+0000] {dag.py:3823} INFO - Setting next_dagrun for example_setup_teardown to 2026-03-11 00:00:00+00:00, run_after=2026-03-12 00:00:00+00:00
[2026-03-12T02:15:11.140+0000] {processor.py:183} INFO - Processing /home/airflow/.local/lib/python3.8/site-packages/airflow/example_dags/example_setup_teardown.py took 0.037 seconds
[2026-03-12T02:15:43.431+0000] {processor.py:161} INFO - Started process (PID=192) to work on /home/airflow/.local/lib/python3.8/site-packages/airflow/example_dags/example_setup_teardown.py
[2026-03-12T02:15:43.433+0000] {processor.py:830} INFO - Processing file /home/airflow/.local/lib/python3.8/site-packages/airflow/example_dags/example_setup_teardown.py for tasks to queue
[2026-03-12T02:15:43.434+0000] {logging_mixin.py:188} INFO - [2026-03-12T02:15:43.434+0000] {dagbag.py:538} INFO - Filling up the DagBag from /home/airflow/.local/lib/python3.8/site-packages/airflow/example_dags/example_setup_teardown.py
[2026-03-12T02:15:43.438+0000] {processor.py:840} INFO - DAG(s) 'example_setup_teardown' retrieved from /home/airflow/.local/lib/python3.8/site-packages/airflow/example_dags/example_setup_teardown.py
[2026-03-12T02:15:43.578+0000] {logging_mixin.py:188} INFO - [2026-03-12T02:15:43.578+0000] {dag.py:3036} INFO - Sync 1 DAGs
[2026-03-12T02:15:43.588+0000] {logging_mixin.py:188} INFO - [2026-03-12T02:15:43.587+0000] {dag.py:3823} INFO - Setting next_dagrun for example_setup_teardown to 2026-03-11 00:00:00+00:00, run_after=2026-03-12 00:00:00+00:00
[2026-03-12T02:15:43.598+0000] {processor.py:183} INFO - Processing /home/airflow/.local/lib/python3.8/site-packages/airflow/example_dags/example_setup_teardown.py took 0.168 seconds
[2026-03-12T02:16:14.426+0000] {processor.py:161} INFO - Started process (PID=268) to work on /home/airflow/.local/lib/python3.8/site-packages/airflow/example_dags/example_setup_teardown.py
[2026-03-12T02:16:14.427+0000] {processor.py:830} INFO - Processing file /home/airflow/.local/lib/python3.8/site-packages/airflow/example_dags/example_setup_teardown.py for tasks to queue
[2026-03-12T02:16:14.428+0000] {logging_mixin.py:188} INFO - [2026-03-12T02:16:14.427+0000] {dagbag.py:538} INFO - Filling up the DagBag from /home/airflow/.local/lib/python3.8/site-packages/airflow/example_dags/example_setup_teardown.py
[2026-03-12T02:16:14.430+0000] {processor.py:840} INFO - DAG(s) 'example_setup_teardown' retrieved from /home/airflow/.local/lib/python3.8/site-packages/airflow/example_dags/example_setup_teardown.py
[2026-03-12T02:16:14.438+0000] {logging_mixin.py:188} INFO - [2026-03-12T02:16:14.438+0000] {dag.py:3036} INFO - Sync 1 DAGs
[2026-03-12T02:16:14.446+0000] {logging_mixin.py:188} INFO - [2026-03-12T02:16:14.445+0000] {dag.py:3823} INFO - Setting next_dagrun for example_setup_teardown to 2026-03-11 00:00:00+00:00, run_after=2026-03-12 00:00:00+00:00
[2026-03-12T02:16:14.451+0000] {processor.py:183} INFO - Processing /home/airflow/.local/lib/python3.8/site-packages/airflow/example_dags/example_setup_teardown.py took 0.026 seconds
[2026-03-12T02:16:45.402+0000] {processor.py:161} INFO - Started process (PID=344) to work on /home/airflow/.local/lib/python3.8/site-packages/airflow/example_dags/example_setup_teardown.py
[2026-03-12T02:16:45.402+0000] {processor.py:830} INFO - Processing file /home/airflow/.local/lib/python3.8/site-packages/airflow/example_dags/example_setup_teardown.py for tasks to queue
[2026-03-12T02:16:45.403+0000] {logging_mixin.py:188} INFO - [2026-03-12T02:16:45.403+0000] {dagbag.py:538} INFO - Filling up the DagBag from /home/airflow/.local/lib/python3.8/site-packages/airflow/example_dags/example_setup_teardown.py
[2026-03-12T02:16:45.405+0000] {processor.py:840} INFO - DAG(s) 'example_setup_teardown' retrieved from /home/airflow/.local/lib/python3.8/site-packages/airflow/example_dags/example_setup_teardown.py
[2026-03-12T02:16:45.413+0000] {logging_mixin.py:188} INFO - [2026-03-12T02:16:45.413+0000] {dag.py:3036} INFO - Sync 1 DAGs
[2026-03-12T02:16:45.420+0000] {logging_mixin.py:188} INFO - [2026-03-12T02:16:45.420+0000] {dag.py:3823} INFO - Setting next_dagrun for example_setup_teardown to 2026-03-11 00:00:00+00:00, run_after=2026-03-12 00:00:00+00:00
[2026-03-12T02:16:45.426+0000] {processor.py:183} INFO - Processing /home/airflow/.local/lib/python3.8/site-packages/airflow/example_dags/example_setup_teardown.py took 0.026 seconds
[2026-03-12T02:17:16.482+0000] {processor.py:161} INFO - Started process (PID=420) to work on /home/airflow/.local/lib/python3.8/site-packages/airflow/example_dags/example_setup_teardown.py
[2026-03-12T02:17:16.484+0000] {processor.py:830} INFO - Processing file /home/airflow/.local/lib/python3.8/site-packages/airflow/example_dags/example_setup_teardown.py for tasks to queue
[2026-03-12T02:17:16.486+0000] {logging_mixin.py:188} INFO - [2026-03-12T02:17:16.485+0000] {dagbag.py:538} INFO - Filling up the DagBag from /home/airflow/.local/lib/python3.8/site-packages/airflow/example_dags/example_setup_teardown.py
[2026-03-12T02:17:16.489+0000] {processor.py:840} INFO - DAG(s) 'example_setup_teardown' retrieved from /home/airflow/.local/lib/python3.8/site-packages/airflow/example_dags/example_setup_teardown.py
[2026-03-12T02:17:16.501+0000] {logging_mixin.py:188} INFO - [2026-03-12T02:17:16.501+0000] {dag.py:3036} INFO - Sync 1 DAGs
[2026-03-12T02:17:16.513+0000] {logging_mixin.py:188} INFO - [2026-03-12T02:17:16.512+0000] {dag.py:3823} INFO - Setting next_dagrun for example_setup_teardown to 2026-03-11 00:00:00+00:00, run_after=2026-03-12 00:00:00+00:00
[2026-03-12T02:17:16.523+0000] {processor.py:183} INFO - Processing /home/airflow/.local/lib/python3.8/site-packages/airflow/example_dags/example_setup_teardown.py took 0.044 seconds
[2026-03-12T02:17:46.777+0000] {processor.py:161} INFO - Started process (PID=496) to work on /home/airflow/.local/lib/python3.8/site-packages/airflow/example_dags/example_setup_teardown.py
[2026-03-12T02:17:46.778+0000] {processor.py:830} INFO - Processing file /home/airflow/.local/lib/python3.8/site-packages/airflow/example_dags/example_setup_teardown.py for tasks to queue
[2026-03-12T02:17:46.778+0000] {logging_mixin.py:188} INFO - [2026-03-12T02:17:46.778+0000] {dagbag.py:538} INFO - Filling up the DagBag from /home/airflow/.local/lib/python3.8/site-packages/airflow/example_dags/example_setup_teardown.py
[2026-03-12T02:17:46.781+0000] {processor.py:840} INFO - DAG(s) 'example_setup_teardown' retrieved from /home/airflow/.local/lib/python3.8/site-packages/airflow/example_dags/example_setup_teardown.py
[2026-03-12T02:17:46.789+0000] {logging_mixin.py:188} INFO - [2026-03-12T02:17:46.789+0000] {dag.py:3036} INFO - Sync 1 DAGs
[2026-03-12T02:17:46.796+0000] {logging_mixin.py:188} INFO - [2026-03-12T02:17:46.796+0000] {dag.py:3823} INFO - Setting next_dagrun for example_setup_teardown to 2026-03-11 00:00:00+00:00, run_after=2026-03-12 00:00:00+00:00
[2026-03-12T02:17:46.801+0000] {processor.py:183} INFO - Processing /home/airflow/.local/lib/python3.8/site-packages/airflow/example_dags/example_setup_teardown.py took 0.026 seconds
[2026-03-12T02:18:17.552+0000] {processor.py:161} INFO - Started process (PID=572) to work on /home/airflow/.local/lib/python3.8/site-packages/airflow/example_dags/example_setup_teardown.py
[2026-03-12T02:18:17.553+0000] {processor.py:830} INFO - Processing file /home/airflow/.local/lib/python3.8/site-packages/airflow/example_dags/example_setup_teardown.py for tasks to queue
[2026-03-12T02:18:17.553+0000] {logging_mixin.py:188} INFO - [2026-03-12T02:18:17.553+0000] {dagbag.py:538} INFO - Filling up the DagBag from /home/airflow/.local/lib/python3.8/site-packages/airflow/example_dags/example_setup_teardown.py
[2026-03-12T02:18:17.556+0000] {processor.py:840} INFO - DAG(s) 'example_setup_teardown' retrieved from /home/airflow/.local/lib/python3.8/site-packages/airflow/example_dags/example_setup_teardown.py
[2026-03-12T02:18:17.564+0000] {logging_mixin.py:188} INFO - [2026-03-12T02:18:17.564+0000] {dag.py:3036} INFO - Sync 1 DAGs
[2026-03-12T02:18:17.570+0000] {logging_mixin.py:188} INFO - [2026-03-12T02:18:17.570+0000] {dag.py:3823} INFO - Setting next_dagrun for example_setup_teardown to 2026-03-11 00:00:00+00:00, run_after=2026-03-12 00:00:00+00:00
[2026-03-12T02:18:17.576+0000] {processor.py:183} INFO - Processing /home/airflow/.local/lib/python3.8/site-packages/airflow/example_dags/example_setup_teardown.py took 0.026 seconds
[2026-03-12T02:18:48.524+0000] {processor.py:161} INFO - Started process (PID=648) to work on /home/airflow/.local/lib/python3.8/site-packages/airflow/example_dags/example_setup_teardown.py
[2026-03-12T02:18:48.525+0000] {processor.py:830} INFO - Processing file /home/airflow/.local/lib/python3.8/site-packages/airflow/example_dags/example_setup_teardown.py for tasks to queue
[2026-03-12T02:18:48.526+0000] {logging_mixin.py:188} INFO - [2026-03-12T02:18:48.526+0000] {dagbag.py:538} INFO - Filling up the DagBag from /home/airflow/.local/lib/python3.8/site-packages/airflow/example_dags/example_setup_teardown.py
[2026-03-12T02:18:48.531+0000] {processor.py:840} INFO - DAG(s) 'example_setup_teardown' retrieved from /home/airflow/.local/lib/python3.8/site-packages/airflow/example_dags/example_setup_teardown.py
[2026-03-12T02:18:48.542+0000] {logging_mixin.py:188} INFO - [2026-03-12T02:18:48.541+0000] {dag.py:3036} INFO - Sync 1 DAGs
[2026-03-12T02:18:48.550+0000] {logging_mixin.py:188} INFO - [2026-03-12T02:18:48.550+0000] {dag.py:3823} INFO - Setting next_dagrun for example_setup_teardown to 2026-03-11 00:00:00+00:00, run_after=2026-03-12 00:00:00+00:00
[2026-03-12T02:18:48.558+0000] {processor.py:183} INFO - Processing /home/airflow/.local/lib/python3.8/site-packages/airflow/example_dags/example_setup_teardown.py took 0.036 seconds
[2026-03-12T02:19:18.628+0000] {processor.py:161} INFO - Started process (PID=724) to work on /home/airflow/.local/lib/python3.8/site-packages/airflow/example_dags/example_setup_teardown.py
[2026-03-12T02:19:18.629+0000] {processor.py:830} INFO - Processing file /home/airflow/.local/lib/python3.8/site-packages/airflow/example_dags/example_setup_teardown.py for tasks to queue
[2026-03-12T02:19:18.630+0000] {logging_mixin.py:188} INFO - [2026-03-12T02:19:18.630+0000] {dagbag.py:538} INFO - Filling up the DagBag from /home/airflow/.local/lib/python3.8/site-packages/airflow/example_dags/example_setup_teardown.py
[2026-03-12T02:19:18.632+0000] {processor.py:840} INFO - DAG(s) 'example_setup_teardown' retrieved from /home/airflow/.local/lib/python3.8/site-packages/airflow/example_dags/example_setup_teardown.py
[2026-03-12T02:19:18.640+0000] {logging_mixin.py:188} INFO - [2026-03-12T02:19:18.640+0000] {dag.py:3036} INFO - Sync 1 DAGs
[2026-03-12T02:19:18.647+0000] {logging_mixin.py:188} INFO - [2026-03-12T02:19:18.647+0000] {dag.py:3823} INFO - Setting next_dagrun for example_setup_teardown to 2026-03-11 00:00:00+00:00, run_after=2026-03-12 00:00:00+00:00
[2026-03-12T02:19:18.652+0000] {processor.py:183} INFO - Processing /home/airflow/.local/lib/python3.8/site-packages/airflow/example_dags/example_setup_teardown.py took 0.025 seconds
[2026-03-12T02:19:49.641+0000] {processor.py:161} INFO - Started process (PID=800) to work on /home/airflow/.local/lib/python3.8/site-packages/airflow/example_dags/example_setup_teardown.py
[2026-03-12T02:19:49.641+0000] {processor.py:830} INFO - Processing file /home/airflow/.local/lib/python3.8/site-packages/airflow/example_dags/example_setup_teardown.py for tasks to queue
[2026-03-12T02:19:49.642+0000] {logging_mixin.py:188} INFO - [2026-03-12T02:19:49.642+0000] {dagbag.py:538} INFO - Filling up the DagBag from /home/airflow/.local/lib/python3.8/site-packages/airflow/example_dags/example_setup_teardown.py
[2026-03-12T02:19:49.645+0000] {processor.py:840} INFO - DAG(s) 'example_setup_teardown' retrieved from /home/airflow/.local/lib/python3.8/site-packages/airflow/example_dags/example_setup_teardown.py
[2026-03-12T02:19:49.657+0000] {logging_mixin.py:188} INFO - [2026-03-12T02:19:49.656+0000] {dag.py:3036} INFO - Sync 1 DAGs
[2026-03-12T02:19:49.664+0000] {logging_mixin.py:188} INFO - [2026-03-12T02:19:49.664+0000] {dag.py:3823} INFO - Setting next_dagrun for example_setup_teardown to 2026-03-11 00:00:00+00:00, run_after=2026-03-12 00:00:00+00:00
[2026-03-12T02:19:49.670+0000] {processor.py:183} INFO - Processing /home/airflow/.local/lib/python3.8/site-packages/airflow/example_dags/example_setup_teardown.py took 0.031 seconds
[2026-03-12T02:20:20.611+0000] {processor.py:161} INFO - Started process (PID=876) to work on /home/airflow/.local/lib/python3.8/site-packages/airflow/example_dags/example_setup_teardown.py
[2026-03-12T02:20:20.612+0000] {processor.py:830} INFO - Processing file /home/airflow/.local/lib/python3.8/site-packages/airflow/example_dags/example_setup_teardown.py for tasks to queue
[2026-03-12T02:20:20.613+0000] {logging_mixin.py:188} INFO - [2026-03-12T02:20:20.613+0000] {dagbag.py:538} INFO - Filling up the DagBag from /home/airflow/.local/lib/python3.8/site-packages/airflow/example_dags/example_setup_teardown.py
[2026-03-12T02:20:20.615+0000] {processor.py:840} INFO - DAG(s) 'example_setup_teardown' retrieved from /home/airflow/.local/lib/python3.8/site-packages/airflow/example_dags/example_setup_teardown.py
[2026-03-12T02:20:20.623+0000] {logging_mixin.py:188} INFO - [2026-03-12T02:20:20.623+0000] {dag.py:3036} INFO - Sync 1 DAGs
[2026-03-12T02:20:20.630+0000] {logging_mixin.py:188} INFO - [2026-03-12T02:20:20.630+0000] {dag.py:3823} INFO - Setting next_dagrun for example_setup_teardown to 2026-03-11 00:00:00+00:00, run_after=2026-03-12 00:00:00+00:00
[2026-03-12T02:20:20.636+0000] {processor.py:183} INFO - Processing /home/airflow/.local/lib/python3.8/site-packages/airflow/example_dags/example_setup_teardown.py took 0.025 seconds
[2026-03-12T02:20:52.360+0000] {processor.py:161} INFO - Started process (PID=952) to work on /home/airflow/.local/lib/python3.8/site-packages/airflow/example_dags/example_setup_teardown.py
[2026-03-12T02:20:52.361+0000] {processor.py:830} INFO - Processing file /home/airflow/.local/lib/python3.8/site-packages/airflow/example_dags/example_setup_teardown.py for tasks to queue
[2026-03-12T02:20:52.361+0000] {logging_mixin.py:188} INFO - [2026-03-12T02:20:52.361+0000] {dagbag.py:538} INFO - Filling up the DagBag from /home/airflow/.local/lib/python3.8/site-packages/airflow/example_dags/example_setup_teardown.py
[2026-03-12T02:20:52.364+0000] {processor.py:840} INFO - DAG(s) 'example_setup_teardown' retrieved from /home/airflow/.local/lib/python3.8/site-packages/airflow/example_dags/example_setup_teardown.py
[2026-03-12T02:20:52.375+0000] {logging_mixin.py:188} INFO - [2026-03-12T02:20:52.375+0000] {dag.py:3036} INFO - Sync 1 DAGs
[2026-03-12T02:20:52.383+0000] {logging_mixin.py:188} INFO - [2026-03-12T02:20:52.383+0000] {dag.py:3823} INFO - Setting next_dagrun for example_setup_teardown to 2026-03-11 00:00:00+00:00, run_after=2026-03-12 00:00:00+00:00
[2026-03-12T02:20:52.394+0000] {processor.py:183} INFO - Processing /home/airflow/.local/lib/python3.8/site-packages/airflow/example_dags/example_setup_teardown.py took 0.035 seconds
[2026-03-12T02:21:22.909+0000] {processor.py:161} INFO - Started process (PID=1028) to work on /home/airflow/.local/lib/python3.8/site-packages/airflow/example_dags/example_setup_teardown.py
[2026-03-12T02:21:22.911+0000] {processor.py:830} INFO - Processing file /home/airflow/.local/lib/python3.8/site-packages/airflow/example_dags/example_setup_teardown.py for tasks to queue
[2026-03-12T02:21:22.912+0000] {logging_mixin.py:188} INFO - [2026-03-12T02:21:22.912+0000] {dagbag.py:538} INFO - Filling up the DagBag from /home/airflow/.local/lib/python3.8/site-packages/airflow/example_dags/example_setup_teardown.py
[2026-03-12T02:21:22.915+0000] {processor.py:840} INFO - DAG(s) 'example_setup_teardown' retrieved from /home/airflow/.local/lib/python3.8/site-packages/airflow/example_dags/example_setup_teardown.py
[2026-03-12T02:21:22.926+0000] {logging_mixin.py:188} INFO - [2026-03-12T02:21:22.926+0000] {dag.py:3036} INFO - Sync 1 DAGs
[2026-03-12T02:21:22.937+0000] {logging_mixin.py:188} INFO - [2026-03-12T02:21:22.937+0000] {dag.py:3823} INFO - Setting next_dagrun for example_setup_teardown to 2026-03-11 00:00:00+00:00, run_after=2026-03-12 00:00:00+00:00
[2026-03-12T02:21:22.947+0000] {processor.py:183} INFO - Processing /home/airflow/.local/lib/python3.8/site-packages/airflow/example_dags/example_setup_teardown.py took 0.040 seconds
[2026-03-12T02:21:53.376+0000] {processor.py:161} INFO - Started process (PID=1104) to work on /home/airflow/.local/lib/python3.8/site-packages/airflow/example_dags/example_setup_teardown.py
[2026-03-12T02:21:53.377+0000] {processor.py:830} INFO - Processing file /home/airflow/.local/lib/python3.8/site-packages/airflow/example_dags/example_setup_teardown.py for tasks to queue
[2026-03-12T02:21:53.378+0000] {logging_mixin.py:188} INFO - [2026-03-12T02:21:53.378+0000] {dagbag.py:538} INFO - Filling up the DagBag from /home/airflow/.local/lib/python3.8/site-packages/airflow/example_dags/example_setup_teardown.py
[2026-03-12T02:21:53.380+0000] {processor.py:840} INFO - DAG(s) 'example_setup_teardown' retrieved from /home/airflow/.local/lib/python3.8/site-packages/airflow/example_dags/example_setup_teardown.py
[2026-03-12T02:21:53.391+0000] {logging_mixin.py:188} INFO - [2026-03-12T02:21:53.390+0000] {dag.py:3036} INFO - Sync 1 DAGs
[2026-03-12T02:21:53.402+0000] {logging_mixin.py:188} INFO - [2026-03-12T02:21:53.402+0000] {dag.py:3823} INFO - Setting next_dagrun for example_setup_teardown to 2026-03-11 00:00:00+00:00, run_after=2026-03-12 00:00:00+00:00
[2026-03-12T02:21:53.414+0000] {processor.py:183} INFO - Processing /home/airflow/.local/lib/python3.8/site-packages/airflow/example_dags/example_setup_teardown.py took 0.039 seconds
[2026-03-12T02:22:23.614+0000] {processor.py:161} INFO - Started process (PID=1180) to work on /home/airflow/.local/lib/python3.8/site-packages/airflow/example_dags/example_setup_teardown.py
[2026-03-12T02:22:23.616+0000] {processor.py:830} INFO - Processing file /home/airflow/.local/lib/python3.8/site-packages/airflow/example_dags/example_setup_teardown.py for tasks to queue
[2026-03-12T02:22:23.618+0000] {logging_mixin.py:188} INFO - [2026-03-12T02:22:23.618+0000] {dagbag.py:538} INFO - Filling up the DagBag from /home/airflow/.local/lib/python3.8/site-packages/airflow/example_dags/example_setup_teardown.py
[2026-03-12T02:22:23.620+0000] {processor.py:840} INFO - DAG(s) 'example_setup_teardown' retrieved from /home/airflow/.local/lib/python3.8/site-packages/airflow/example_dags/example_setup_teardown.py
[2026-03-12T02:22:23.631+0000] {logging_mixin.py:188} INFO - [2026-03-12T02:22:23.631+0000] {dag.py:3036} INFO - Sync 1 DAGs
[2026-03-12T02:22:23.640+0000] {logging_mixin.py:188} INFO - [2026-03-12T02:22:23.640+0000] {dag.py:3823} INFO - Setting next_dagrun for example_setup_teardown to 2026-03-11 00:00:00+00:00, run_after=2026-03-12 00:00:00+00:00
[2026-03-12T02:22:23.648+0000] {processor.py:183} INFO - Processing /home/airflow/.local/lib/python3.8/site-packages/airflow/example_dags/example_setup_teardown.py took 0.035 seconds
[2026-03-12T02:22:54.834+0000] {processor.py:161} INFO - Started process (PID=1256) to work on /home/airflow/.local/lib/python3.8/site-packages/airflow/example_dags/example_setup_teardown.py
[2026-03-12T02:22:54.835+0000] {processor.py:830} INFO - Processing file /home/airflow/.local/lib/python3.8/site-packages/airflow/example_dags/example_setup_teardown.py for tasks to queue
[2026-03-12T02:22:54.835+0000] {logging_mixin.py:188} INFO - [2026-03-12T02:22:54.835+0000] {dagbag.py:538} INFO - Filling up the DagBag from /home/airflow/.local/lib/python3.8/site-packages/airflow/example_dags/example_setup_teardown.py
[2026-03-12T02:22:54.838+0000] {processor.py:840} INFO - DAG(s) 'example_setup_teardown' retrieved from /home/airflow/.local/lib/python3.8/site-packages/airflow/example_dags/example_setup_teardown.py
[2026-03-12T02:22:54.846+0000] {logging_mixin.py:188} INFO - [2026-03-12T02:22:54.846+0000] {dag.py:3036} INFO - Sync 1 DAGs
[2026-03-12T02:22:54.853+0000] {logging_mixin.py:188} INFO - [2026-03-12T02:22:54.853+0000] {dag.py:3823} INFO - Setting next_dagrun for example_setup_teardown to 2026-03-11 00:00:00+00:00, run_after=2026-03-12 00:00:00+00:00
[2026-03-12T02:22:54.859+0000] {processor.py:183} INFO - Processing /home/airflow/.local/lib/python3.8/site-packages/airflow/example_dags/example_setup_teardown.py took 0.026 seconds
[2026-03-12T02:23:26.044+0000] {processor.py:161} INFO - Started process (PID=1332) to work on /home/airflow/.local/lib/python3.8/site-packages/airflow/example_dags/example_setup_teardown.py
[2026-03-12T02:23:26.044+0000] {processor.py:830} INFO - Processing file /home/airflow/.local/lib/python3.8/site-packages/airflow/example_dags/example_setup_teardown.py for tasks to queue
[2026-03-12T02:23:26.047+0000] {logging_mixin.py:188} INFO - [2026-03-12T02:23:26.047+0000] {dagbag.py:538} INFO - Filling up the DagBag from /home/airflow/.local/lib/python3.8/site-packages/airflow/example_dags/example_setup_teardown.py
[2026-03-12T02:23:26.050+0000] {processor.py:840} INFO - DAG(s) 'example_setup_teardown' retrieved from /home/airflow/.local/lib/python3.8/site-packages/airflow/example_dags/example_setup_teardown.py
[2026-03-12T02:23:26.059+0000] {logging_mixin.py:188} INFO - [2026-03-12T02:23:26.058+0000] {dag.py:3036} INFO - Sync 1 DAGs
[2026-03-12T02:23:26.069+0000] {logging_mixin.py:188} INFO - [2026-03-12T02:23:26.068+0000] {dag.py:3823} INFO - Setting next_dagrun for example_setup_teardown to 2026-03-11 00:00:00+00:00, run_after=2026-03-12 00:00:00+00:00
[2026-03-12T02:23:26.082+0000] {processor.py:183} INFO - Processing /home/airflow/.local/lib/python3.8/site-packages/airflow/example_dags/example_setup_teardown.py took 0.040 seconds
[2026-03-12T02:23:57.249+0000] {processor.py:161} INFO - Started process (PID=1408) to work on /home/airflow/.local/lib/python3.8/site-packages/airflow/example_dags/example_setup_teardown.py
[2026-03-12T02:23:57.249+0000] {processor.py:830} INFO - Processing file /home/airflow/.local/lib/python3.8/site-packages/airflow/example_dags/example_setup_teardown.py for tasks to queue
[2026-03-12T02:23:57.250+0000] {logging_mixin.py:188} INFO - [2026-03-12T02:23:57.250+0000] {dagbag.py:538} INFO - Filling up the DagBag from /home/airflow/.local/lib/python3.8/site-packages/airflow/example_dags/example_setup_teardown.py
[2026-03-12T02:23:57.253+0000] {processor.py:840} INFO - DAG(s) 'example_setup_teardown' retrieved from /home/airflow/.local/lib/python3.8/site-packages/airflow/example_dags/example_setup_teardown.py
[2026-03-12T02:23:57.264+0000] {logging_mixin.py:188} INFO - [2026-03-12T02:23:57.264+0000] {dag.py:3036} INFO - Sync 1 DAGs
[2026-03-12T02:23:57.274+0000] {logging_mixin.py:188} INFO - [2026-03-12T02:23:57.274+0000] {dag.py:3823} INFO - Setting next_dagrun for example_setup_teardown to 2026-03-11 00:00:00+00:00, run_after=2026-03-12 00:00:00+00:00
[2026-03-12T02:23:57.285+0000] {processor.py:183} INFO - Processing /home/airflow/.local/lib/python3.8/site-packages/airflow/example_dags/example_setup_teardown.py took 0.038 seconds
[2026-03-12T02:24:27.684+0000] {processor.py:161} INFO - Started process (PID=1484) to work on /home/airflow/.local/lib/python3.8/site-packages/airflow/example_dags/example_setup_teardown.py
[2026-03-12T02:24:27.685+0000] {processor.py:830} INFO - Processing file /home/airflow/.local/lib/python3.8/site-packages/airflow/example_dags/example_setup_teardown.py for tasks to queue
[2026-03-12T02:24:27.686+0000] {logging_mixin.py:188} INFO - [2026-03-12T02:24:27.685+0000] {dagbag.py:538} INFO - Filling up the DagBag from /home/airflow/.local/lib/python3.8/site-packages/airflow/example_dags/example_setup_teardown.py
[2026-03-12T02:24:27.689+0000] {processor.py:840} INFO - DAG(s) 'example_setup_teardown' retrieved from /home/airflow/.local/lib/python3.8/site-packages/airflow/example_dags/example_setup_teardown.py
[2026-03-12T02:24:27.698+0000] {logging_mixin.py:188} INFO - [2026-03-12T02:24:27.697+0000] {dag.py:3036} INFO - Sync 1 DAGs
[2026-03-12T02:24:27.709+0000] {logging_mixin.py:188} INFO - [2026-03-12T02:24:27.708+0000] {dag.py:3823} INFO - Setting next_dagrun for example_setup_teardown to 2026-03-11 00:00:00+00:00, run_after=2026-03-12 00:00:00+00:00
[2026-03-12T02:24:27.792+0000] {processor.py:183} INFO - Processing /home/airflow/.local/lib/python3.8/site-packages/airflow/example_dags/example_setup_teardown.py took 0.109 seconds
[2026-03-12T02:24:58.286+0000] {processor.py:161} INFO - Started process (PID=1560) to work on /home/airflow/.local/lib/python3.8/site-packages/airflow/example_dags/example_setup_teardown.py
[2026-03-12T02:24:58.286+0000] {processor.py:830} INFO - Processing file /home/airflow/.local/lib/python3.8/site-packages/airflow/example_dags/example_setup_teardown.py for tasks to queue
[2026-03-12T02:24:58.288+0000] {logging_mixin.py:188} INFO - [2026-03-12T02:24:58.287+0000] {dagbag.py:538} INFO - Filling up the DagBag from /home/airflow/.local/lib/python3.8/site-packages/airflow/example_dags/example_setup_teardown.py
[2026-03-12T02:24:58.290+0000] {processor.py:840} INFO - DAG(s) 'example_setup_teardown' retrieved from /home/airflow/.local/lib/python3.8/site-packages/airflow/example_dags/example_setup_teardown.py
[2026-03-12T02:24:58.304+0000] {logging_mixin.py:188} INFO - [2026-03-12T02:24:58.304+0000] {dag.py:3036} INFO - Sync 1 DAGs
[2026-03-12T02:24:58.313+0000] {logging_mixin.py:188} INFO - [2026-03-12T02:24:58.313+0000] {dag.py:3823} INFO - Setting next_dagrun for example_setup_teardown to 2026-03-11 00:00:00+00:00, run_after=2026-03-12 00:00:00+00:00
[2026-03-12T02:24:58.322+0000] {processor.py:183} INFO - Processing /home/airflow/.local/lib/python3.8/site-packages/airflow/example_dags/example_setup_teardown.py took 0.037 seconds
[2026-03-12T02:25:29.104+0000] {processor.py:161} INFO - Started process (PID=1636) to work on /home/airflow/.local/lib/python3.8/site-packages/airflow/example_dags/example_setup_teardown.py
[2026-03-12T02:25:29.105+0000] {processor.py:830} INFO - Processing file /home/airflow/.local/lib/python3.8/site-packages/airflow/example_dags/example_setup_teardown.py for tasks to queue
[2026-03-12T02:25:29.105+0000] {logging_mixin.py:188} INFO - [2026-03-12T02:25:29.105+0000] {dagbag.py:538} INFO - Filling up the DagBag from /home/airflow/.local/lib/python3.8/site-packages/airflow/example_dags/example_setup_teardown.py
[2026-03-12T02:25:29.108+0000] {processor.py:840} INFO - DAG(s) 'example_setup_teardown' retrieved from /home/airflow/.local/lib/python3.8/site-packages/airflow/example_dags/example_setup_teardown.py
[2026-03-12T02:25:29.118+0000] {logging_mixin.py:188} INFO - [2026-03-12T02:25:29.118+0000] {dag.py:3036} INFO - Sync 1 DAGs
[2026-03-12T02:25:29.126+0000] {logging_mixin.py:188} INFO - [2026-03-12T02:25:29.126+0000] {dag.py:3823} INFO - Setting next_dagrun for example_setup_teardown to 2026-03-11 00:00:00+00:00, run_after=2026-03-12 00:00:00+00:00
[2026-03-12T02:25:29.138+0000] {processor.py:183} INFO - Processing /home/airflow/.local/lib/python3.8/site-packages/airflow/example_dags/example_setup_teardown.py took 0.035 seconds
[2026-03-12T02:25:59.847+0000] {processor.py:161} INFO - Started process (PID=1712) to work on /home/airflow/.local/lib/python3.8/site-packages/airflow/example_dags/example_setup_teardown.py
[2026-03-12T02:25:59.848+0000] {processor.py:830} INFO - Processing file /home/airflow/.local/lib/python3.8/site-packages/airflow/example_dags/example_setup_teardown.py for tasks to queue
[2026-03-12T02:25:59.849+0000] {logging_mixin.py:188} INFO - [2026-03-12T02:25:59.849+0000] {dagbag.py:538} INFO - Filling up the DagBag from /home/airflow/.local/lib/python3.8/site-packages/airflow/example_dags/example_setup_teardown.py
[2026-03-12T02:25:59.852+0000] {processor.py:840} INFO - DAG(s) 'example_setup_teardown' retrieved from /home/airflow/.local/lib/python3.8/site-packages/airflow/example_dags/example_setup_teardown.py
[2026-03-12T02:25:59.863+0000] {logging_mixin.py:188} INFO - [2026-03-12T02:25:59.863+0000] {dag.py:3036} INFO - Sync 1 DAGs
[2026-03-12T02:25:59.875+0000] {logging_mixin.py:188} INFO - [2026-03-12T02:25:59.875+0000] {dag.py:3823} INFO - Setting next_dagrun for example_setup_teardown to 2026-03-11 00:00:00+00:00, run_after=2026-03-12 00:00:00+00:00
[2026-03-12T02:25:59.884+0000] {processor.py:183} INFO - Processing /home/airflow/.local/lib/python3.8/site-packages/airflow/example_dags/example_setup_teardown.py took 0.038 seconds
[2026-03-12T02:26:30.659+0000] {processor.py:161} INFO - Started process (PID=1788) to work on /home/airflow/.local/lib/python3.8/site-packages/airflow/example_dags/example_setup_teardown.py
[2026-03-12T02:26:30.659+0000] {processor.py:830} INFO - Processing file /home/airflow/.local/lib/python3.8/site-packages/airflow/example_dags/example_setup_teardown.py for tasks to queue
[2026-03-12T02:26:30.661+0000] {logging_mixin.py:188} INFO - [2026-03-12T02:26:30.661+0000] {dagbag.py:538} INFO - Filling up the DagBag from /home/airflow/.local/lib/python3.8/site-packages/airflow/example_dags/example_setup_teardown.py
[2026-03-12T02:26:30.666+0000] {processor.py:840} INFO - DAG(s) 'example_setup_teardown' retrieved from /home/airflow/.local/lib/python3.8/site-packages/airflow/example_dags/example_setup_teardown.py
[2026-03-12T02:26:30.679+0000] {logging_mixin.py:188} INFO - [2026-03-12T02:26:30.678+0000] {dag.py:3036} INFO - Sync 1 DAGs
[2026-03-12T02:26:30.688+0000] {logging_mixin.py:188} INFO - [2026-03-12T02:26:30.688+0000] {dag.py:3823} INFO - Setting next_dagrun for example_setup_teardown to 2026-03-11 00:00:00+00:00, run_after=2026-03-12 00:00:00+00:00
[2026-03-12T02:26:30.694+0000] {processor.py:183} INFO - Processing /home/airflow/.local/lib/python3.8/site-packages/airflow/example_dags/example_setup_teardown.py took 0.037 seconds
[2026-03-12T02:27:01.387+0000] {processor.py:161} INFO - Started process (PID=1864) to work on /home/airflow/.local/lib/python3.8/site-packages/airflow/example_dags/example_setup_teardown.py
[2026-03-12T02:27:01.387+0000] {processor.py:830} INFO - Processing file /home/airflow/.local/lib/python3.8/site-packages/airflow/example_dags/example_setup_teardown.py for tasks to queue
[2026-03-12T02:27:01.389+0000] {logging_mixin.py:188} INFO - [2026-03-12T02:27:01.389+0000] {dagbag.py:538} INFO - Filling up the DagBag from /home/airflow/.local/lib/python3.8/site-packages/airflow/example_dags/example_setup_teardown.py
[2026-03-12T02:27:01.393+0000] {processor.py:840} INFO - DAG(s) 'example_setup_teardown' retrieved from /home/airflow/.local/lib/python3.8/site-packages/airflow/example_dags/example_setup_teardown.py
[2026-03-12T02:27:01.406+0000] {logging_mixin.py:188} INFO - [2026-03-12T02:27:01.406+0000] {dag.py:3036} INFO - Sync 1 DAGs
[2026-03-12T02:27:01.414+0000] {logging_mixin.py:188} INFO - [2026-03-12T02:27:01.414+0000] {dag.py:3823} INFO - Setting next_dagrun for example_setup_teardown to 2026-03-11 00:00:00+00:00, run_after=2026-03-12 00:00:00+00:00
[2026-03-12T02:27:01.421+0000] {processor.py:183} INFO - Processing /home/airflow/.local/lib/python3.8/site-packages/airflow/example_dags/example_setup_teardown.py took 0.036 seconds
[2026-03-12T02:27:32.185+0000] {processor.py:161} INFO - Started process (PID=1940) to work on /home/airflow/.local/lib/python3.8/site-packages/airflow/example_dags/example_setup_teardown.py
[2026-03-12T02:27:32.186+0000] {processor.py:830} INFO - Processing file /home/airflow/.local/lib/python3.8/site-packages/airflow/example_dags/example_setup_teardown.py for tasks to queue
[2026-03-12T02:27:32.187+0000] {logging_mixin.py:188} INFO - [2026-03-12T02:27:32.187+0000] {dagbag.py:538} INFO - Filling up the DagBag from /home/airflow/.local/lib/python3.8/site-packages/airflow/example_dags/example_setup_teardown.py
[2026-03-12T02:27:32.189+0000] {processor.py:840} INFO - DAG(s) 'example_setup_teardown' retrieved from /home/airflow/.local/lib/python3.8/site-packages/airflow/example_dags/example_setup_teardown.py
[2026-03-12T02:27:32.198+0000] {logging_mixin.py:188} INFO - [2026-03-12T02:27:32.198+0000] {dag.py:3036} INFO - Sync 1 DAGs
[2026-03-12T02:27:32.208+0000] {logging_mixin.py:188} INFO - [2026-03-12T02:27:32.208+0000] {dag.py:3823} INFO - Setting next_dagrun for example_setup_teardown to 2026-03-11 00:00:00+00:00, run_after=2026-03-12 00:00:00+00:00
[2026-03-12T02:27:32.217+0000] {processor.py:183} INFO - Processing /home/airflow/.local/lib/python3.8/site-packages/airflow/example_dags/example_setup_teardown.py took 0.033 seconds
[2026-03-12T02:28:02.944+0000] {processor.py:161} INFO - Started process (PID=2016) to work on /home/airflow/.local/lib/python3.8/site-packages/airflow/example_dags/example_setup_teardown.py
[2026-03-12T02:28:02.945+0000] {processor.py:830} INFO - Processing file /home/airflow/.local/lib/python3.8/site-packages/airflow/example_dags/example_setup_teardown.py for tasks to queue
[2026-03-12T02:28:02.946+0000] {logging_mixin.py:188} INFO - [2026-03-12T02:28:02.945+0000] {dagbag.py:538} INFO - Filling up the DagBag from /home/airflow/.local/lib/python3.8/site-packages/airflow/example_dags/example_setup_teardown.py
[2026-03-12T02:28:02.948+0000] {processor.py:840} INFO - DAG(s) 'example_setup_teardown' retrieved from /home/airflow/.local/lib/python3.8/site-packages/airflow/example_dags/example_setup_teardown.py
[2026-03-12T02:28:02.955+0000] {logging_mixin.py:188} INFO - [2026-03-12T02:28:02.955+0000] {dag.py:3036} INFO - Sync 1 DAGs
[2026-03-12T02:28:02.965+0000] {logging_mixin.py:188} INFO - [2026-03-12T02:28:02.965+0000] {dag.py:3823} INFO - Setting next_dagrun for example_setup_teardown to 2026-03-11 00:00:00+00:00, run_after=2026-03-12 00:00:00+00:00
[2026-03-12T02:28:02.973+0000] {processor.py:183} INFO - Processing /home/airflow/.local/lib/python3.8/site-packages/airflow/example_dags/example_setup_teardown.py took 0.030 seconds
[2026-03-12T02:28:33.685+0000] {processor.py:161} INFO - Started process (PID=2092) to work on /home/airflow/.local/lib/python3.8/site-packages/airflow/example_dags/example_setup_teardown.py
[2026-03-12T02:28:33.686+0000] {processor.py:830} INFO - Processing file /home/airflow/.local/lib/python3.8/site-packages/airflow/example_dags/example_setup_teardown.py for tasks to queue
[2026-03-12T02:28:33.686+0000] {logging_mixin.py:188} INFO - [2026-03-12T02:28:33.686+0000] {dagbag.py:538} INFO - Filling up the DagBag from /home/airflow/.local/lib/python3.8/site-packages/airflow/example_dags/example_setup_teardown.py
[2026-03-12T02:28:33.689+0000] {processor.py:840} INFO - DAG(s) 'example_setup_teardown' retrieved from /home/airflow/.local/lib/python3.8/site-packages/airflow/example_dags/example_setup_teardown.py
[2026-03-12T02:28:33.696+0000] {logging_mixin.py:188} INFO - [2026-03-12T02:28:33.696+0000] {dag.py:3036} INFO - Sync 1 DAGs
[2026-03-12T02:28:33.703+0000] {logging_mixin.py:188} INFO - [2026-03-12T02:28:33.703+0000] {dag.py:3823} INFO - Setting next_dagrun for example_setup_teardown to 2026-03-11 00:00:00+00:00, run_after=2026-03-12 00:00:00+00:00
[2026-03-12T02:28:33.708+0000] {processor.py:183} INFO - Processing /home/airflow/.local/lib/python3.8/site-packages/airflow/example_dags/example_setup_teardown.py took 0.024 seconds
[2026-03-12T02:29:04.665+0000] {processor.py:161} INFO - Started process (PID=2168) to work on /home/airflow/.local/lib/python3.8/site-packages/airflow/example_dags/example_setup_teardown.py
[2026-03-12T02:29:04.667+0000] {processor.py:830} INFO - Processing file /home/airflow/.local/lib/python3.8/site-packages/airflow/example_dags/example_setup_teardown.py for tasks to queue
[2026-03-12T02:29:04.669+0000] {logging_mixin.py:188} INFO - [2026-03-12T02:29:04.669+0000] {dagbag.py:538} INFO - Filling up the DagBag from /home/airflow/.local/lib/python3.8/site-packages/airflow/example_dags/example_setup_teardown.py
[2026-03-12T02:29:04.672+0000] {processor.py:840} INFO - DAG(s) 'example_setup_teardown' retrieved from /home/airflow/.local/lib/python3.8/site-packages/airflow/example_dags/example_setup_teardown.py
[2026-03-12T02:29:04.685+0000] {logging_mixin.py:188} INFO - [2026-03-12T02:29:04.685+0000] {dag.py:3036} INFO - Sync 1 DAGs
[2026-03-12T02:29:04.695+0000] {logging_mixin.py:188} INFO - [2026-03-12T02:29:04.695+0000] {dag.py:3823} INFO - Setting next_dagrun for example_setup_teardown to 2026-03-11 00:00:00+00:00, run_after=2026-03-12 00:00:00+00:00
[2026-03-12T02:29:04.703+0000] {processor.py:183} INFO - Processing /home/airflow/.local/lib/python3.8/site-packages/airflow/example_dags/example_setup_teardown.py took 0.039 seconds
[2026-03-12T02:29:35.704+0000] {processor.py:161} INFO - Started process (PID=2244) to work on /home/airflow/.local/lib/python3.8/site-packages/airflow/example_dags/example_setup_teardown.py
[2026-03-12T02:29:35.704+0000] {processor.py:830} INFO - Processing file /home/airflow/.local/lib/python3.8/site-packages/airflow/example_dags/example_setup_teardown.py for tasks to queue
[2026-03-12T02:29:35.705+0000] {logging_mixin.py:188} INFO - [2026-03-12T02:29:35.705+0000] {dagbag.py:538} INFO - Filling up the DagBag from /home/airflow/.local/lib/python3.8/site-packages/airflow/example_dags/example_setup_teardown.py
[2026-03-12T02:29:35.708+0000] {processor.py:840} INFO - DAG(s) 'example_setup_teardown' retrieved from /home/airflow/.local/lib/python3.8/site-packages/airflow/example_dags/example_setup_teardown.py
[2026-03-12T02:29:35.717+0000] {logging_mixin.py:188} INFO - [2026-03-12T02:29:35.717+0000] {dag.py:3036} INFO - Sync 1 DAGs
[2026-03-12T02:29:35.726+0000] {logging_mixin.py:188} INFO - [2026-03-12T02:29:35.726+0000] {dag.py:3823} INFO - Setting next_dagrun for example_setup_teardown to 2026-03-11 00:00:00+00:00, run_after=2026-03-12 00:00:00+00:00
[2026-03-12T02:29:35.737+0000] {processor.py:183} INFO - Processing /home/airflow/.local/lib/python3.8/site-packages/airflow/example_dags/example_setup_teardown.py took 0.034 seconds
[2026-03-12T02:30:06.808+0000] {processor.py:161} INFO - Started process (PID=2320) to work on /home/airflow/.local/lib/python3.8/site-packages/airflow/example_dags/example_setup_teardown.py
[2026-03-12T02:30:06.808+0000] {processor.py:830} INFO - Processing file /home/airflow/.local/lib/python3.8/site-packages/airflow/example_dags/example_setup_teardown.py for tasks to queue
[2026-03-12T02:30:06.809+0000] {logging_mixin.py:188} INFO - [2026-03-12T02:30:06.809+0000] {dagbag.py:538} INFO - Filling up the DagBag from /home/airflow/.local/lib/python3.8/site-packages/airflow/example_dags/example_setup_teardown.py
[2026-03-12T02:30:06.811+0000] {processor.py:840} INFO - DAG(s) 'example_setup_teardown' retrieved from /home/airflow/.local/lib/python3.8/site-packages/airflow/example_dags/example_setup_teardown.py
[2026-03-12T02:30:06.818+0000] {logging_mixin.py:188} INFO - [2026-03-12T02:30:06.818+0000] {dag.py:3036} INFO - Sync 1 DAGs
[2026-03-12T02:30:06.825+0000] {logging_mixin.py:188} INFO - [2026-03-12T02:30:06.825+0000] {dag.py:3823} INFO - Setting next_dagrun for example_setup_teardown to 2026-03-11 00:00:00+00:00, run_after=2026-03-12 00:00:00+00:00
[2026-03-12T02:30:06.830+0000] {processor.py:183} INFO - Processing /home/airflow/.local/lib/python3.8/site-packages/airflow/example_dags/example_setup_teardown.py took 0.024 seconds
[2026-03-12T02:30:37.706+0000] {processor.py:161} INFO - Started process (PID=2396) to work on /home/airflow/.local/lib/python3.8/site-packages/airflow/example_dags/example_setup_teardown.py
[2026-03-12T02:30:37.708+0000] {processor.py:830} INFO - Processing file /home/airflow/.local/lib/python3.8/site-packages/airflow/example_dags/example_setup_teardown.py for tasks to queue
[2026-03-12T02:30:37.709+0000] {logging_mixin.py:188} INFO - [2026-03-12T02:30:37.709+0000] {dagbag.py:538} INFO - Filling up the DagBag from /home/airflow/.local/lib/python3.8/site-packages/airflow/example_dags/example_setup_teardown.py
[2026-03-12T02:30:37.712+0000] {processor.py:840} INFO - DAG(s) 'example_setup_teardown' retrieved from /home/airflow/.local/lib/python3.8/site-packages/airflow/example_dags/example_setup_teardown.py
[2026-03-12T02:30:37.720+0000] {logging_mixin.py:188} INFO - [2026-03-12T02:30:37.720+0000] {dag.py:3036} INFO - Sync 1 DAGs
[2026-03-12T02:30:37.728+0000] {logging_mixin.py:188} INFO - [2026-03-12T02:30:37.728+0000] {dag.py:3823} INFO - Setting next_dagrun for example_setup_teardown to 2026-03-11 00:00:00+00:00, run_after=2026-03-12 00:00:00+00:00
[2026-03-12T02:30:37.736+0000] {processor.py:183} INFO - Processing /home/airflow/.local/lib/python3.8/site-packages/airflow/example_dags/example_setup_teardown.py took 0.031 seconds
[2026-03-12T02:31:08.700+0000] {processor.py:161} INFO - Started process (PID=2472) to work on /home/airflow/.local/lib/python3.8/site-packages/airflow/example_dags/example_setup_teardown.py
[2026-03-12T02:31:08.700+0000] {processor.py:830} INFO - Processing file /home/airflow/.local/lib/python3.8/site-packages/airflow/example_dags/example_setup_teardown.py for tasks to queue
[2026-03-12T02:31:08.702+0000] {logging_mixin.py:188} INFO - [2026-03-12T02:31:08.701+0000] {dagbag.py:538} INFO - Filling up the DagBag from /home/airflow/.local/lib/python3.8/site-packages/airflow/example_dags/example_setup_teardown.py
[2026-03-12T02:31:08.705+0000] {processor.py:840} INFO - DAG(s) 'example_setup_teardown' retrieved from /home/airflow/.local/lib/python3.8/site-packages/airflow/example_dags/example_setup_teardown.py
[2026-03-12T02:31:08.718+0000] {logging_mixin.py:188} INFO - [2026-03-12T02:31:08.718+0000] {dag.py:3036} INFO - Sync 1 DAGs
[2026-03-12T02:31:08.726+0000] {logging_mixin.py:188} INFO - [2026-03-12T02:31:08.726+0000] {dag.py:3823} INFO - Setting next_dagrun for example_setup_teardown to 2026-03-11 00:00:00+00:00, run_after=2026-03-12 00:00:00+00:00
[2026-03-12T02:31:08.735+0000] {processor.py:183} INFO - Processing /home/airflow/.local/lib/python3.8/site-packages/airflow/example_dags/example_setup_teardown.py took 0.036 seconds
[2026-03-12T02:31:39.666+0000] {processor.py:161} INFO - Started process (PID=2548) to work on /home/airflow/.local/lib/python3.8/site-packages/airflow/example_dags/example_setup_teardown.py
[2026-03-12T02:31:39.667+0000] {processor.py:830} INFO - Processing file /home/airflow/.local/lib/python3.8/site-packages/airflow/example_dags/example_setup_teardown.py for tasks to queue
[2026-03-12T02:31:39.668+0000] {logging_mixin.py:188} INFO - [2026-03-12T02:31:39.667+0000] {dagbag.py:538} INFO - Filling up the DagBag from /home/airflow/.local/lib/python3.8/site-packages/airflow/example_dags/example_setup_teardown.py
[2026-03-12T02:31:39.670+0000] {processor.py:840} INFO - DAG(s) 'example_setup_teardown' retrieved from /home/airflow/.local/lib/python3.8/site-packages/airflow/example_dags/example_setup_teardown.py
[2026-03-12T02:31:39.677+0000] {logging_mixin.py:188} INFO - [2026-03-12T02:31:39.677+0000] {dag.py:3036} INFO - Sync 1 DAGs
[2026-03-12T02:31:39.684+0000] {logging_mixin.py:188} INFO - [2026-03-12T02:31:39.684+0000] {dag.py:3823} INFO - Setting next_dagrun for example_setup_teardown to 2026-03-11 00:00:00+00:00, run_after=2026-03-12 00:00:00+00:00
[2026-03-12T02:31:39.689+0000] {processor.py:183} INFO - Processing /home/airflow/.local/lib/python3.8/site-packages/airflow/example_dags/example_setup_teardown.py took 0.024 seconds
[2026-03-12T02:32:10.800+0000] {processor.py:161} INFO - Started process (PID=2630) to work on /home/airflow/.local/lib/python3.8/site-packages/airflow/example_dags/example_setup_teardown.py
[2026-03-12T02:32:10.800+0000] {processor.py:830} INFO - Processing file /home/airflow/.local/lib/python3.8/site-packages/airflow/example_dags/example_setup_teardown.py for tasks to queue
[2026-03-12T02:32:10.801+0000] {logging_mixin.py:188} INFO - [2026-03-12T02:32:10.801+0000] {dagbag.py:538} INFO - Filling up the DagBag from /home/airflow/.local/lib/python3.8/site-packages/airflow/example_dags/example_setup_teardown.py
[2026-03-12T02:32:10.803+0000] {processor.py:840} INFO - DAG(s) 'example_setup_teardown' retrieved from /home/airflow/.local/lib/python3.8/site-packages/airflow/example_dags/example_setup_teardown.py
[2026-03-12T02:32:10.820+0000] {logging_mixin.py:188} INFO - [2026-03-12T02:32:10.820+0000] {dag.py:3036} INFO - Sync 1 DAGs
[2026-03-12T02:32:10.832+0000] {logging_mixin.py:188} INFO - [2026-03-12T02:32:10.831+0000] {dag.py:3823} INFO - Setting next_dagrun for example_setup_teardown to 2026-03-11 00:00:00+00:00, run_after=2026-03-12 00:00:00+00:00
[2026-03-12T02:32:10.841+0000] {processor.py:183} INFO - Processing /home/airflow/.local/lib/python3.8/site-packages/airflow/example_dags/example_setup_teardown.py took 0.043 seconds
[2026-03-12T02:32:42.586+0000] {processor.py:161} INFO - Started process (PID=2706) to work on /home/airflow/.local/lib/python3.8/site-packages/airflow/example_dags/example_setup_teardown.py
[2026-03-12T02:32:42.587+0000] {processor.py:830} INFO - Processing file /home/airflow/.local/lib/python3.8/site-packages/airflow/example_dags/example_setup_teardown.py for tasks to queue
[2026-03-12T02:32:42.589+0000] {logging_mixin.py:188} INFO - [2026-03-12T02:32:42.588+0000] {dagbag.py:538} INFO - Filling up the DagBag from /home/airflow/.local/lib/python3.8/site-packages/airflow/example_dags/example_setup_teardown.py
[2026-03-12T02:32:42.593+0000] {processor.py:840} INFO - DAG(s) 'example_setup_teardown' retrieved from /home/airflow/.local/lib/python3.8/site-packages/airflow/example_dags/example_setup_teardown.py
[2026-03-12T02:32:42.606+0000] {logging_mixin.py:188} INFO - [2026-03-12T02:32:42.606+0000] {dag.py:3036} INFO - Sync 1 DAGs
[2026-03-12T02:32:42.619+0000] {logging_mixin.py:188} INFO - [2026-03-12T02:32:42.619+0000] {dag.py:3823} INFO - Setting next_dagrun for example_setup_teardown to 2026-03-11 00:00:00+00:00, run_after=2026-03-12 00:00:00+00:00
[2026-03-12T02:32:42.636+0000] {processor.py:183} INFO - Processing /home/airflow/.local/lib/python3.8/site-packages/airflow/example_dags/example_setup_teardown.py took 0.052 seconds
[2026-03-12T02:33:13.505+0000] {processor.py:161} INFO - Started process (PID=2782) to work on /home/airflow/.local/lib/python3.8/site-packages/airflow/example_dags/example_setup_teardown.py
[2026-03-12T02:33:13.506+0000] {processor.py:830} INFO - Processing file /home/airflow/.local/lib/python3.8/site-packages/airflow/example_dags/example_setup_teardown.py for tasks to queue
[2026-03-12T02:33:13.507+0000] {logging_mixin.py:188} INFO - [2026-03-12T02:33:13.507+0000] {dagbag.py:538} INFO - Filling up the DagBag from /home/airflow/.local/lib/python3.8/site-packages/airflow/example_dags/example_setup_teardown.py
[2026-03-12T02:33:13.510+0000] {processor.py:840} INFO - DAG(s) 'example_setup_teardown' retrieved from /home/airflow/.local/lib/python3.8/site-packages/airflow/example_dags/example_setup_teardown.py
[2026-03-12T02:33:13.526+0000] {logging_mixin.py:188} INFO - [2026-03-12T02:33:13.526+0000] {dag.py:3036} INFO - Sync 1 DAGs
[2026-03-12T02:33:13.536+0000] {logging_mixin.py:188} INFO - [2026-03-12T02:33:13.536+0000] {dag.py:3823} INFO - Setting next_dagrun for example_setup_teardown to 2026-03-11 00:00:00+00:00, run_after=2026-03-12 00:00:00+00:00
[2026-03-12T02:33:13.548+0000] {processor.py:183} INFO - Processing /home/airflow/.local/lib/python3.8/site-packages/airflow/example_dags/example_setup_teardown.py took 0.044 seconds
[2026-03-12T02:33:44.463+0000] {processor.py:161} INFO - Started process (PID=2858) to work on /home/airflow/.local/lib/python3.8/site-packages/airflow/example_dags/example_setup_teardown.py
[2026-03-12T02:33:44.463+0000] {processor.py:830} INFO - Processing file /home/airflow/.local/lib/python3.8/site-packages/airflow/example_dags/example_setup_teardown.py for tasks to queue
[2026-03-12T02:33:44.465+0000] {logging_mixin.py:188} INFO - [2026-03-12T02:33:44.464+0000] {dagbag.py:538} INFO - Filling up the DagBag from /home/airflow/.local/lib/python3.8/site-packages/airflow/example_dags/example_setup_teardown.py
[2026-03-12T02:33:44.468+0000] {processor.py:840} INFO - DAG(s) 'example_setup_teardown' retrieved from /home/airflow/.local/lib/python3.8/site-packages/airflow/example_dags/example_setup_teardown.py
[2026-03-12T02:33:44.483+0000] {logging_mixin.py:188} INFO - [2026-03-12T02:33:44.483+0000] {dag.py:3036} INFO - Sync 1 DAGs
[2026-03-12T02:33:44.495+0000] {logging_mixin.py:188} INFO - [2026-03-12T02:33:44.495+0000] {dag.py:3823} INFO - Setting next_dagrun for example_setup_teardown to 2026-03-11 00:00:00+00:00, run_after=2026-03-12 00:00:00+00:00
[2026-03-12T02:33:44.503+0000] {processor.py:183} INFO - Processing /home/airflow/.local/lib/python3.8/site-packages/airflow/example_dags/example_setup_teardown.py took 0.043 seconds
[2026-03-12T02:34:15.365+0000] {processor.py:161} INFO - Started process (PID=2934) to work on /home/airflow/.local/lib/python3.8/site-packages/airflow/example_dags/example_setup_teardown.py
[2026-03-12T02:34:15.366+0000] {processor.py:830} INFO - Processing file /home/airflow/.local/lib/python3.8/site-packages/airflow/example_dags/example_setup_teardown.py for tasks to queue
[2026-03-12T02:34:15.366+0000] {logging_mixin.py:188} INFO - [2026-03-12T02:34:15.366+0000] {dagbag.py:538} INFO - Filling up the DagBag from /home/airflow/.local/lib/python3.8/site-packages/airflow/example_dags/example_setup_teardown.py
[2026-03-12T02:34:15.370+0000] {processor.py:840} INFO - DAG(s) 'example_setup_teardown' retrieved from /home/airflow/.local/lib/python3.8/site-packages/airflow/example_dags/example_setup_teardown.py
[2026-03-12T02:34:15.381+0000] {logging_mixin.py:188} INFO - [2026-03-12T02:34:15.381+0000] {dag.py:3036} INFO - Sync 1 DAGs
[2026-03-12T02:34:15.391+0000] {logging_mixin.py:188} INFO - [2026-03-12T02:34:15.391+0000] {dag.py:3823} INFO - Setting next_dagrun for example_setup_teardown to 2026-03-11 00:00:00+00:00, run_after=2026-03-12 00:00:00+00:00
[2026-03-12T02:34:15.399+0000] {processor.py:183} INFO - Processing /home/airflow/.local/lib/python3.8/site-packages/airflow/example_dags/example_setup_teardown.py took 0.036 seconds
[2026-03-12T02:34:46.193+0000] {processor.py:161} INFO - Started process (PID=3010) to work on /home/airflow/.local/lib/python3.8/site-packages/airflow/example_dags/example_setup_teardown.py
[2026-03-12T02:34:46.193+0000] {processor.py:830} INFO - Processing file /home/airflow/.local/lib/python3.8/site-packages/airflow/example_dags/example_setup_teardown.py for tasks to queue
[2026-03-12T02:34:46.194+0000] {logging_mixin.py:188} INFO - [2026-03-12T02:34:46.194+0000] {dagbag.py:538} INFO - Filling up the DagBag from /home/airflow/.local/lib/python3.8/site-packages/airflow/example_dags/example_setup_teardown.py
[2026-03-12T02:34:46.197+0000] {processor.py:840} INFO - DAG(s) 'example_setup_teardown' retrieved from /home/airflow/.local/lib/python3.8/site-packages/airflow/example_dags/example_setup_teardown.py
[2026-03-12T02:34:46.205+0000] {logging_mixin.py:188} INFO - [2026-03-12T02:34:46.205+0000] {dag.py:3036} INFO - Sync 1 DAGs
[2026-03-12T02:34:46.213+0000] {logging_mixin.py:188} INFO - [2026-03-12T02:34:46.213+0000] {dag.py:3823} INFO - Setting next_dagrun for example_setup_teardown to 2026-03-11 00:00:00+00:00, run_after=2026-03-12 00:00:00+00:00
[2026-03-12T02:34:46.220+0000] {processor.py:183} INFO - Processing /home/airflow/.local/lib/python3.8/site-packages/airflow/example_dags/example_setup_teardown.py took 0.029 seconds
[2026-03-12T02:35:17.032+0000] {processor.py:161} INFO - Started process (PID=3086) to work on /home/airflow/.local/lib/python3.8/site-packages/airflow/example_dags/example_setup_teardown.py
[2026-03-12T02:35:17.033+0000] {processor.py:830} INFO - Processing file /home/airflow/.local/lib/python3.8/site-packages/airflow/example_dags/example_setup_teardown.py for tasks to queue
[2026-03-12T02:35:17.034+0000] {logging_mixin.py:188} INFO - [2026-03-12T02:35:17.034+0000] {dagbag.py:538} INFO - Filling up the DagBag from /home/airflow/.local/lib/python3.8/site-packages/airflow/example_dags/example_setup_teardown.py
[2026-03-12T02:35:17.038+0000] {processor.py:840} INFO - DAG(s) 'example_setup_teardown' retrieved from /home/airflow/.local/lib/python3.8/site-packages/airflow/example_dags/example_setup_teardown.py
[2026-03-12T02:35:17.048+0000] {logging_mixin.py:188} INFO - [2026-03-12T02:35:17.048+0000] {dag.py:3036} INFO - Sync 1 DAGs
[2026-03-12T02:35:17.056+0000] {logging_mixin.py:188} INFO - [2026-03-12T02:35:17.056+0000] {dag.py:3823} INFO - Setting next_dagrun for example_setup_teardown to 2026-03-11 00:00:00+00:00, run_after=2026-03-12 00:00:00+00:00
[2026-03-12T02:35:17.073+0000] {processor.py:183} INFO - Processing /home/airflow/.local/lib/python3.8/site-packages/airflow/example_dags/example_setup_teardown.py took 0.045 seconds
[2026-03-12T02:35:47.818+0000] {processor.py:161} INFO - Started process (PID=3162) to work on /home/airflow/.local/lib/python3.8/site-packages/airflow/example_dags/example_setup_teardown.py
[2026-03-12T02:35:47.819+0000] {processor.py:830} INFO - Processing file /home/airflow/.local/lib/python3.8/site-packages/airflow/example_dags/example_setup_teardown.py for tasks to queue
[2026-03-12T02:35:47.819+0000] {logging_mixin.py:188} INFO - [2026-03-12T02:35:47.819+0000] {dagbag.py:538} INFO - Filling up the DagBag from /home/airflow/.local/lib/python3.8/site-packages/airflow/example_dags/example_setup_teardown.py
[2026-03-12T02:35:47.822+0000] {processor.py:840} INFO - DAG(s) 'example_setup_teardown' retrieved from /home/airflow/.local/lib/python3.8/site-packages/airflow/example_dags/example_setup_teardown.py
[2026-03-12T02:35:47.829+0000] {logging_mixin.py:188} INFO - [2026-03-12T02:35:47.829+0000] {dag.py:3036} INFO - Sync 1 DAGs
[2026-03-12T02:35:47.836+0000] {logging_mixin.py:188} INFO - [2026-03-12T02:35:47.836+0000] {dag.py:3823} INFO - Setting next_dagrun for example_setup_teardown to 2026-03-11 00:00:00+00:00, run_after=2026-03-12 00:00:00+00:00
[2026-03-12T02:35:47.841+0000] {processor.py:183} INFO - Processing /home/airflow/.local/lib/python3.8/site-packages/airflow/example_dags/example_setup_teardown.py took 0.025 seconds
[2026-03-12T02:36:18.657+0000] {processor.py:161} INFO - Started process (PID=3238) to work on /home/airflow/.local/lib/python3.8/site-packages/airflow/example_dags/example_setup_teardown.py
[2026-03-12T02:36:18.657+0000] {processor.py:830} INFO - Processing file /home/airflow/.local/lib/python3.8/site-packages/airflow/example_dags/example_setup_teardown.py for tasks to queue
[2026-03-12T02:36:18.658+0000] {logging_mixin.py:188} INFO - [2026-03-12T02:36:18.658+0000] {dagbag.py:538} INFO - Filling up the DagBag from /home/airflow/.local/lib/python3.8/site-packages/airflow/example_dags/example_setup_teardown.py
[2026-03-12T02:36:18.661+0000] {processor.py:840} INFO - DAG(s) 'example_setup_teardown' retrieved from /home/airflow/.local/lib/python3.8/site-packages/airflow/example_dags/example_setup_teardown.py
[2026-03-12T02:36:18.671+0000] {logging_mixin.py:188} INFO - [2026-03-12T02:36:18.671+0000] {dag.py:3036} INFO - Sync 1 DAGs
[2026-03-12T02:36:18.681+0000] {logging_mixin.py:188} INFO - [2026-03-12T02:36:18.681+0000] {dag.py:3823} INFO - Setting next_dagrun for example_setup_teardown to 2026-03-11 00:00:00+00:00, run_after=2026-03-12 00:00:00+00:00
[2026-03-12T02:36:18.692+0000] {processor.py:183} INFO - Processing /home/airflow/.local/lib/python3.8/site-packages/airflow/example_dags/example_setup_teardown.py took 0.037 seconds
[2026-03-12T02:36:49.254+0000] {processor.py:161} INFO - Started process (PID=3314) to work on /home/airflow/.local/lib/python3.8/site-packages/airflow/example_dags/example_setup_teardown.py
[2026-03-12T02:36:49.255+0000] {processor.py:830} INFO - Processing file /home/airflow/.local/lib/python3.8/site-packages/airflow/example_dags/example_setup_teardown.py for tasks to queue
[2026-03-12T02:36:49.257+0000] {logging_mixin.py:188} INFO - [2026-03-12T02:36:49.257+0000] {dagbag.py:538} INFO - Filling up the DagBag from /home/airflow/.local/lib/python3.8/site-packages/airflow/example_dags/example_setup_teardown.py
[2026-03-12T02:36:49.259+0000] {processor.py:840} INFO - DAG(s) 'example_setup_teardown' retrieved from /home/airflow/.local/lib/python3.8/site-packages/airflow/example_dags/example_setup_teardown.py
[2026-03-12T02:36:49.268+0000] {logging_mixin.py:188} INFO - [2026-03-12T02:36:49.268+0000] {dag.py:3036} INFO - Sync 1 DAGs
[2026-03-12T02:36:49.278+0000] {logging_mixin.py:188} INFO - [2026-03-12T02:36:49.278+0000] {dag.py:3823} INFO - Setting next_dagrun for example_setup_teardown to 2026-03-11 00:00:00+00:00, run_after=2026-03-12 00:00:00+00:00
[2026-03-12T02:36:49.286+0000] {processor.py:183} INFO - Processing /home/airflow/.local/lib/python3.8/site-packages/airflow/example_dags/example_setup_teardown.py took 0.033 seconds
[2026-03-12T02:37:20.039+0000] {processor.py:161} INFO - Started process (PID=3390) to work on /home/airflow/.local/lib/python3.8/site-packages/airflow/example_dags/example_setup_teardown.py
[2026-03-12T02:37:20.040+0000] {processor.py:830} INFO - Processing file /home/airflow/.local/lib/python3.8/site-packages/airflow/example_dags/example_setup_teardown.py for tasks to queue
[2026-03-12T02:37:20.041+0000] {logging_mixin.py:188} INFO - [2026-03-12T02:37:20.041+0000] {dagbag.py:538} INFO - Filling up the DagBag from /home/airflow/.local/lib/python3.8/site-packages/airflow/example_dags/example_setup_teardown.py
[2026-03-12T02:37:20.044+0000] {processor.py:840} INFO - DAG(s) 'example_setup_teardown' retrieved from /home/airflow/.local/lib/python3.8/site-packages/airflow/example_dags/example_setup_teardown.py
[2026-03-12T02:37:20.053+0000] {logging_mixin.py:188} INFO - [2026-03-12T02:37:20.053+0000] {dag.py:3036} INFO - Sync 1 DAGs
[2026-03-12T02:37:20.062+0000] {logging_mixin.py:188} INFO - [2026-03-12T02:37:20.062+0000] {dag.py:3823} INFO - Setting next_dagrun for example_setup_teardown to 2026-03-11 00:00:00+00:00, run_after=2026-03-12 00:00:00+00:00
[2026-03-12T02:37:20.073+0000] {processor.py:183} INFO - Processing /home/airflow/.local/lib/python3.8/site-packages/airflow/example_dags/example_setup_teardown.py took 0.035 seconds
[2026-03-12T02:37:50.824+0000] {processor.py:161} INFO - Started process (PID=3466) to work on /home/airflow/.local/lib/python3.8/site-packages/airflow/example_dags/example_setup_teardown.py
[2026-03-12T02:37:50.824+0000] {processor.py:830} INFO - Processing file /home/airflow/.local/lib/python3.8/site-packages/airflow/example_dags/example_setup_teardown.py for tasks to queue
[2026-03-12T02:37:50.825+0000] {logging_mixin.py:188} INFO - [2026-03-12T02:37:50.825+0000] {dagbag.py:538} INFO - Filling up the DagBag from /home/airflow/.local/lib/python3.8/site-packages/airflow/example_dags/example_setup_teardown.py
[2026-03-12T02:37:50.828+0000] {processor.py:840} INFO - DAG(s) 'example_setup_teardown' retrieved from /home/airflow/.local/lib/python3.8/site-packages/airflow/example_dags/example_setup_teardown.py
[2026-03-12T02:37:50.835+0000] {logging_mixin.py:188} INFO - [2026-03-12T02:37:50.835+0000] {dag.py:3036} INFO - Sync 1 DAGs
[2026-03-12T02:37:50.843+0000] {logging_mixin.py:188} INFO - [2026-03-12T02:37:50.843+0000] {dag.py:3823} INFO - Setting next_dagrun for example_setup_teardown to 2026-03-11 00:00:00+00:00, run_after=2026-03-12 00:00:00+00:00
[2026-03-12T02:37:50.851+0000] {processor.py:183} INFO - Processing /home/airflow/.local/lib/python3.8/site-packages/airflow/example_dags/example_setup_teardown.py took 0.029 seconds
[2026-03-12T02:38:21.226+0000] {processor.py:161} INFO - Started process (PID=3542) to work on /home/airflow/.local/lib/python3.8/site-packages/airflow/example_dags/example_setup_teardown.py
[2026-03-12T02:38:21.226+0000] {processor.py:830} INFO - Processing file /home/airflow/.local/lib/python3.8/site-packages/airflow/example_dags/example_setup_teardown.py for tasks to queue
[2026-03-12T02:38:21.227+0000] {logging_mixin.py:188} INFO - [2026-03-12T02:38:21.227+0000] {dagbag.py:538} INFO - Filling up the DagBag from /home/airflow/.local/lib/python3.8/site-packages/airflow/example_dags/example_setup_teardown.py
[2026-03-12T02:38:21.230+0000] {processor.py:840} INFO - DAG(s) 'example_setup_teardown' retrieved from /home/airflow/.local/lib/python3.8/site-packages/airflow/example_dags/example_setup_teardown.py
[2026-03-12T02:38:21.237+0000] {logging_mixin.py:188} INFO - [2026-03-12T02:38:21.237+0000] {dag.py:3036} INFO - Sync 1 DAGs
[2026-03-12T02:38:21.246+0000] {logging_mixin.py:188} INFO - [2026-03-12T02:38:21.246+0000] {dag.py:3823} INFO - Setting next_dagrun for example_setup_teardown to 2026-03-11 00:00:00+00:00, run_after=2026-03-12 00:00:00+00:00
[2026-03-12T02:38:21.254+0000] {processor.py:183} INFO - Processing /home/airflow/.local/lib/python3.8/site-packages/airflow/example_dags/example_setup_teardown.py took 0.030 seconds
[2026-03-12T02:38:51.371+0000] {processor.py:161} INFO - Started process (PID=3618) to work on /home/airflow/.local/lib/python3.8/site-packages/airflow/example_dags/example_setup_teardown.py
[2026-03-12T02:38:51.372+0000] {processor.py:830} INFO - Processing file /home/airflow/.local/lib/python3.8/site-packages/airflow/example_dags/example_setup_teardown.py for tasks to queue
[2026-03-12T02:38:51.373+0000] {logging_mixin.py:188} INFO - [2026-03-12T02:38:51.372+0000] {dagbag.py:538} INFO - Filling up the DagBag from /home/airflow/.local/lib/python3.8/site-packages/airflow/example_dags/example_setup_teardown.py
[2026-03-12T02:38:51.376+0000] {processor.py:840} INFO - DAG(s) 'example_setup_teardown' retrieved from /home/airflow/.local/lib/python3.8/site-packages/airflow/example_dags/example_setup_teardown.py
[2026-03-12T02:38:51.388+0000] {logging_mixin.py:188} INFO - [2026-03-12T02:38:51.388+0000] {dag.py:3036} INFO - Sync 1 DAGs
[2026-03-12T02:38:51.398+0000] {logging_mixin.py:188} INFO - [2026-03-12T02:38:51.397+0000] {dag.py:3823} INFO - Setting next_dagrun for example_setup_teardown to 2026-03-11 00:00:00+00:00, run_after=2026-03-12 00:00:00+00:00
[2026-03-12T02:38:51.409+0000] {processor.py:183} INFO - Processing /home/airflow/.local/lib/python3.8/site-packages/airflow/example_dags/example_setup_teardown.py took 0.040 seconds
[2026-03-12T02:39:21.688+0000] {processor.py:161} INFO - Started process (PID=3694) to work on /home/airflow/.local/lib/python3.8/site-packages/airflow/example_dags/example_setup_teardown.py
[2026-03-12T02:39:21.689+0000] {processor.py:830} INFO - Processing file /home/airflow/.local/lib/python3.8/site-packages/airflow/example_dags/example_setup_teardown.py for tasks to queue
[2026-03-12T02:39:21.690+0000] {logging_mixin.py:188} INFO - [2026-03-12T02:39:21.690+0000] {dagbag.py:538} INFO - Filling up the DagBag from /home/airflow/.local/lib/python3.8/site-packages/airflow/example_dags/example_setup_teardown.py
[2026-03-12T02:39:21.693+0000] {processor.py:840} INFO - DAG(s) 'example_setup_teardown' retrieved from /home/airflow/.local/lib/python3.8/site-packages/airflow/example_dags/example_setup_teardown.py
[2026-03-12T02:39:21.703+0000] {logging_mixin.py:188} INFO - [2026-03-12T02:39:21.703+0000] {dag.py:3036} INFO - Sync 1 DAGs
[2026-03-12T02:39:21.711+0000] {logging_mixin.py:188} INFO - [2026-03-12T02:39:21.711+0000] {dag.py:3823} INFO - Setting next_dagrun for example_setup_teardown to 2026-03-11 00:00:00+00:00, run_after=2026-03-12 00:00:00+00:00
[2026-03-12T02:39:21.724+0000] {processor.py:183} INFO - Processing /home/airflow/.local/lib/python3.8/site-packages/airflow/example_dags/example_setup_teardown.py took 0.037 seconds
[2026-03-12T02:39:52.866+0000] {processor.py:161} INFO - Started process (PID=3770) to work on /home/airflow/.local/lib/python3.8/site-packages/airflow/example_dags/example_setup_teardown.py
[2026-03-12T02:39:52.869+0000] {processor.py:830} INFO - Processing file /home/airflow/.local/lib/python3.8/site-packages/airflow/example_dags/example_setup_teardown.py for tasks to queue
[2026-03-12T02:39:52.870+0000] {logging_mixin.py:188} INFO - [2026-03-12T02:39:52.870+0000] {dagbag.py:538} INFO - Filling up the DagBag from /home/airflow/.local/lib/python3.8/site-packages/airflow/example_dags/example_setup_teardown.py
[2026-03-12T02:39:52.874+0000] {processor.py:840} INFO - DAG(s) 'example_setup_teardown' retrieved from /home/airflow/.local/lib/python3.8/site-packages/airflow/example_dags/example_setup_teardown.py
[2026-03-12T02:39:52.887+0000] {logging_mixin.py:188} INFO - [2026-03-12T02:39:52.887+0000] {dag.py:3036} INFO - Sync 1 DAGs
[2026-03-12T02:39:52.897+0000] {logging_mixin.py:188} INFO - [2026-03-12T02:39:52.897+0000] {dag.py:3823} INFO - Setting next_dagrun for example_setup_teardown to 2026-03-11 00:00:00+00:00, run_after=2026-03-12 00:00:00+00:00
[2026-03-12T02:39:52.904+0000] {processor.py:183} INFO - Processing /home/airflow/.local/lib/python3.8/site-packages/airflow/example_dags/example_setup_teardown.py took 0.040 seconds
[2026-03-12T02:40:24.001+0000] {processor.py:161} INFO - Started process (PID=3846) to work on /home/airflow/.local/lib/python3.8/site-packages/airflow/example_dags/example_setup_teardown.py
[2026-03-12T02:40:24.002+0000] {processor.py:830} INFO - Processing file /home/airflow/.local/lib/python3.8/site-packages/airflow/example_dags/example_setup_teardown.py for tasks to queue
[2026-03-12T02:40:24.005+0000] {logging_mixin.py:188} INFO - [2026-03-12T02:40:24.002+0000] {dagbag.py:538} INFO - Filling up the DagBag from /home/airflow/.local/lib/python3.8/site-packages/airflow/example_dags/example_setup_teardown.py
[2026-03-12T02:40:24.009+0000] {processor.py:840} INFO - DAG(s) 'example_setup_teardown' retrieved from /home/airflow/.local/lib/python3.8/site-packages/airflow/example_dags/example_setup_teardown.py
[2026-03-12T02:40:24.020+0000] {logging_mixin.py:188} INFO - [2026-03-12T02:40:24.020+0000] {dag.py:3036} INFO - Sync 1 DAGs
[2026-03-12T02:40:24.030+0000] {logging_mixin.py:188} INFO - [2026-03-12T02:40:24.029+0000] {dag.py:3823} INFO - Setting next_dagrun for example_setup_teardown to 2026-03-11 00:00:00+00:00, run_after=2026-03-12 00:00:00+00:00
[2026-03-12T02:40:24.038+0000] {processor.py:183} INFO - Processing /home/airflow/.local/lib/python3.8/site-packages/airflow/example_dags/example_setup_teardown.py took 0.038 seconds
[2026-03-12T02:40:54.991+0000] {processor.py:161} INFO - Started process (PID=3922) to work on /home/airflow/.local/lib/python3.8/site-packages/airflow/example_dags/example_setup_teardown.py
[2026-03-12T02:40:54.992+0000] {processor.py:830} INFO - Processing file /home/airflow/.local/lib/python3.8/site-packages/airflow/example_dags/example_setup_teardown.py for tasks to queue
[2026-03-12T02:40:54.993+0000] {logging_mixin.py:188} INFO - [2026-03-12T02:40:54.993+0000] {dagbag.py:538} INFO - Filling up the DagBag from /home/airflow/.local/lib/python3.8/site-packages/airflow/example_dags/example_setup_teardown.py
[2026-03-12T02:40:54.996+0000] {processor.py:840} INFO - DAG(s) 'example_setup_teardown' retrieved from /home/airflow/.local/lib/python3.8/site-packages/airflow/example_dags/example_setup_teardown.py
[2026-03-12T02:40:55.006+0000] {logging_mixin.py:188} INFO - [2026-03-12T02:40:55.006+0000] {dag.py:3036} INFO - Sync 1 DAGs
[2026-03-12T02:40:55.013+0000] {logging_mixin.py:188} INFO - [2026-03-12T02:40:55.013+0000] {dag.py:3823} INFO - Setting next_dagrun for example_setup_teardown to 2026-03-11 00:00:00+00:00, run_after=2026-03-12 00:00:00+00:00
[2026-03-12T02:40:55.028+0000] {processor.py:183} INFO - Processing /home/airflow/.local/lib/python3.8/site-packages/airflow/example_dags/example_setup_teardown.py took 0.039 seconds
[2026-03-12T02:41:25.821+0000] {processor.py:161} INFO - Started process (PID=3998) to work on /home/airflow/.local/lib/python3.8/site-packages/airflow/example_dags/example_setup_teardown.py
[2026-03-12T02:41:25.822+0000] {processor.py:830} INFO - Processing file /home/airflow/.local/lib/python3.8/site-packages/airflow/example_dags/example_setup_teardown.py for tasks to queue
[2026-03-12T02:41:25.822+0000] {logging_mixin.py:188} INFO - [2026-03-12T02:41:25.822+0000] {dagbag.py:538} INFO - Filling up the DagBag from /home/airflow/.local/lib/python3.8/site-packages/airflow/example_dags/example_setup_teardown.py
[2026-03-12T02:41:25.825+0000] {processor.py:840} INFO - DAG(s) 'example_setup_teardown' retrieved from /home/airflow/.local/lib/python3.8/site-packages/airflow/example_dags/example_setup_teardown.py
[2026-03-12T02:41:25.832+0000] {logging_mixin.py:188} INFO - [2026-03-12T02:41:25.832+0000] {dag.py:3036} INFO - Sync 1 DAGs
[2026-03-12T02:41:25.839+0000] {logging_mixin.py:188} INFO - [2026-03-12T02:41:25.839+0000] {dag.py:3823} INFO - Setting next_dagrun for example_setup_teardown to 2026-03-11 00:00:00+00:00, run_after=2026-03-12 00:00:00+00:00
[2026-03-12T02:41:25.845+0000] {processor.py:183} INFO - Processing /home/airflow/.local/lib/python3.8/site-packages/airflow/example_dags/example_setup_teardown.py took 0.025 seconds
[2026-03-12T02:41:56.625+0000] {processor.py:161} INFO - Started process (PID=4074) to work on /home/airflow/.local/lib/python3.8/site-packages/airflow/example_dags/example_setup_teardown.py
[2026-03-12T02:41:56.626+0000] {processor.py:830} INFO - Processing file /home/airflow/.local/lib/python3.8/site-packages/airflow/example_dags/example_setup_teardown.py for tasks to queue
[2026-03-12T02:41:56.627+0000] {logging_mixin.py:188} INFO - [2026-03-12T02:41:56.626+0000] {dagbag.py:538} INFO - Filling up the DagBag from /home/airflow/.local/lib/python3.8/site-packages/airflow/example_dags/example_setup_teardown.py
[2026-03-12T02:41:56.629+0000] {processor.py:840} INFO - DAG(s) 'example_setup_teardown' retrieved from /home/airflow/.local/lib/python3.8/site-packages/airflow/example_dags/example_setup_teardown.py
[2026-03-12T02:41:56.640+0000] {logging_mixin.py:188} INFO - [2026-03-12T02:41:56.640+0000] {dag.py:3036} INFO - Sync 1 DAGs
[2026-03-12T02:41:56.650+0000] {logging_mixin.py:188} INFO - [2026-03-12T02:41:56.650+0000] {dag.py:3823} INFO - Setting next_dagrun for example_setup_teardown to 2026-03-11 00:00:00+00:00, run_after=2026-03-12 00:00:00+00:00
[2026-03-12T02:41:56.661+0000] {processor.py:183} INFO - Processing /home/airflow/.local/lib/python3.8/site-packages/airflow/example_dags/example_setup_teardown.py took 0.037 seconds
[2026-03-12T02:42:27.786+0000] {processor.py:161} INFO - Started process (PID=4150) to work on /home/airflow/.local/lib/python3.8/site-packages/airflow/example_dags/example_setup_teardown.py
[2026-03-12T02:42:27.789+0000] {processor.py:830} INFO - Processing file /home/airflow/.local/lib/python3.8/site-packages/airflow/example_dags/example_setup_teardown.py for tasks to queue
[2026-03-12T02:42:27.790+0000] {logging_mixin.py:188} INFO - [2026-03-12T02:42:27.790+0000] {dagbag.py:538} INFO - Filling up the DagBag from /home/airflow/.local/lib/python3.8/site-packages/airflow/example_dags/example_setup_teardown.py
[2026-03-12T02:42:27.793+0000] {processor.py:840} INFO - DAG(s) 'example_setup_teardown' retrieved from /home/airflow/.local/lib/python3.8/site-packages/airflow/example_dags/example_setup_teardown.py
[2026-03-12T02:42:27.806+0000] {logging_mixin.py:188} INFO - [2026-03-12T02:42:27.805+0000] {dag.py:3036} INFO - Sync 1 DAGs
[2026-03-12T02:42:27.816+0000] {logging_mixin.py:188} INFO - [2026-03-12T02:42:27.816+0000] {dag.py:3823} INFO - Setting next_dagrun for example_setup_teardown to 2026-03-11 00:00:00+00:00, run_after=2026-03-12 00:00:00+00:00
[2026-03-12T02:42:27.827+0000] {processor.py:183} INFO - Processing /home/airflow/.local/lib/python3.8/site-packages/airflow/example_dags/example_setup_teardown.py took 0.042 seconds
[2026-03-12T02:42:58.709+0000] {processor.py:161} INFO - Started process (PID=4226) to work on /home/airflow/.local/lib/python3.8/site-packages/airflow/example_dags/example_setup_teardown.py
[2026-03-12T02:42:58.709+0000] {processor.py:830} INFO - Processing file /home/airflow/.local/lib/python3.8/site-packages/airflow/example_dags/example_setup_teardown.py for tasks to queue
[2026-03-12T02:42:58.710+0000] {logging_mixin.py:188} INFO - [2026-03-12T02:42:58.710+0000] {dagbag.py:538} INFO - Filling up the DagBag from /home/airflow/.local/lib/python3.8/site-packages/airflow/example_dags/example_setup_teardown.py
[2026-03-12T02:42:58.712+0000] {processor.py:840} INFO - DAG(s) 'example_setup_teardown' retrieved from /home/airflow/.local/lib/python3.8/site-packages/airflow/example_dags/example_setup_teardown.py
[2026-03-12T02:42:58.719+0000] {logging_mixin.py:188} INFO - [2026-03-12T02:42:58.719+0000] {dag.py:3036} INFO - Sync 1 DAGs
[2026-03-12T02:42:58.726+0000] {logging_mixin.py:188} INFO - [2026-03-12T02:42:58.726+0000] {dag.py:3823} INFO - Setting next_dagrun for example_setup_teardown to 2026-03-11 00:00:00+00:00, run_after=2026-03-12 00:00:00+00:00
[2026-03-12T02:42:58.731+0000] {processor.py:183} INFO - Processing /home/airflow/.local/lib/python3.8/site-packages/airflow/example_dags/example_setup_teardown.py took 0.024 seconds
[2026-03-12T02:43:29.133+0000] {processor.py:161} INFO - Started process (PID=4302) to work on /home/airflow/.local/lib/python3.8/site-packages/airflow/example_dags/example_setup_teardown.py
[2026-03-12T02:43:29.134+0000] {processor.py:830} INFO - Processing file /home/airflow/.local/lib/python3.8/site-packages/airflow/example_dags/example_setup_teardown.py for tasks to queue
[2026-03-12T02:43:29.136+0000] {logging_mixin.py:188} INFO - [2026-03-12T02:43:29.136+0000] {dagbag.py:538} INFO - Filling up the DagBag from /home/airflow/.local/lib/python3.8/site-packages/airflow/example_dags/example_setup_teardown.py
[2026-03-12T02:43:29.139+0000] {processor.py:840} INFO - DAG(s) 'example_setup_teardown' retrieved from /home/airflow/.local/lib/python3.8/site-packages/airflow/example_dags/example_setup_teardown.py
[2026-03-12T02:43:29.152+0000] {logging_mixin.py:188} INFO - [2026-03-12T02:43:29.152+0000] {dag.py:3036} INFO - Sync 1 DAGs
[2026-03-12T02:43:29.160+0000] {logging_mixin.py:188} INFO - [2026-03-12T02:43:29.160+0000] {dag.py:3823} INFO - Setting next_dagrun for example_setup_teardown to 2026-03-11 00:00:00+00:00, run_after=2026-03-12 00:00:00+00:00
[2026-03-12T02:43:29.170+0000] {processor.py:183} INFO - Processing /home/airflow/.local/lib/python3.8/site-packages/airflow/example_dags/example_setup_teardown.py took 0.038 seconds
[2026-03-12T02:43:59.568+0000] {processor.py:161} INFO - Started process (PID=4378) to work on /home/airflow/.local/lib/python3.8/site-packages/airflow/example_dags/example_setup_teardown.py
[2026-03-12T02:43:59.569+0000] {processor.py:830} INFO - Processing file /home/airflow/.local/lib/python3.8/site-packages/airflow/example_dags/example_setup_teardown.py for tasks to queue
[2026-03-12T02:43:59.570+0000] {logging_mixin.py:188} INFO - [2026-03-12T02:43:59.569+0000] {dagbag.py:538} INFO - Filling up the DagBag from /home/airflow/.local/lib/python3.8/site-packages/airflow/example_dags/example_setup_teardown.py
[2026-03-12T02:43:59.572+0000] {processor.py:840} INFO - DAG(s) 'example_setup_teardown' retrieved from /home/airflow/.local/lib/python3.8/site-packages/airflow/example_dags/example_setup_teardown.py
[2026-03-12T02:43:59.584+0000] {logging_mixin.py:188} INFO - [2026-03-12T02:43:59.584+0000] {dag.py:3036} INFO - Sync 1 DAGs
[2026-03-12T02:43:59.592+0000] {logging_mixin.py:188} INFO - [2026-03-12T02:43:59.592+0000] {dag.py:3823} INFO - Setting next_dagrun for example_setup_teardown to 2026-03-11 00:00:00+00:00, run_after=2026-03-12 00:00:00+00:00
[2026-03-12T02:43:59.602+0000] {processor.py:183} INFO - Processing /home/airflow/.local/lib/python3.8/site-packages/airflow/example_dags/example_setup_teardown.py took 0.035 seconds
[2026-03-12T02:44:29.934+0000] {processor.py:161} INFO - Started process (PID=4454) to work on /home/airflow/.local/lib/python3.8/site-packages/airflow/example_dags/example_setup_teardown.py
[2026-03-12T02:44:29.935+0000] {processor.py:830} INFO - Processing file /home/airflow/.local/lib/python3.8/site-packages/airflow/example_dags/example_setup_teardown.py for tasks to queue
[2026-03-12T02:44:29.935+0000] {logging_mixin.py:188} INFO - [2026-03-12T02:44:29.935+0000] {dagbag.py:538} INFO - Filling up the DagBag from /home/airflow/.local/lib/python3.8/site-packages/airflow/example_dags/example_setup_teardown.py
[2026-03-12T02:44:29.938+0000] {processor.py:840} INFO - DAG(s) 'example_setup_teardown' retrieved from /home/airflow/.local/lib/python3.8/site-packages/airflow/example_dags/example_setup_teardown.py
[2026-03-12T02:44:29.946+0000] {logging_mixin.py:188} INFO - [2026-03-12T02:44:29.946+0000] {dag.py:3036} INFO - Sync 1 DAGs
[2026-03-12T02:44:29.955+0000] {logging_mixin.py:188} INFO - [2026-03-12T02:44:29.955+0000] {dag.py:3823} INFO - Setting next_dagrun for example_setup_teardown to 2026-03-11 00:00:00+00:00, run_after=2026-03-12 00:00:00+00:00
[2026-03-12T02:44:29.966+0000] {processor.py:183} INFO - Processing /home/airflow/.local/lib/python3.8/site-packages/airflow/example_dags/example_setup_teardown.py took 0.033 seconds
[2026-03-12T02:45:00.390+0000] {processor.py:161} INFO - Started process (PID=4530) to work on /home/airflow/.local/lib/python3.8/site-packages/airflow/example_dags/example_setup_teardown.py
[2026-03-12T02:45:00.391+0000] {processor.py:830} INFO - Processing file /home/airflow/.local/lib/python3.8/site-packages/airflow/example_dags/example_setup_teardown.py for tasks to queue
[2026-03-12T02:45:00.392+0000] {logging_mixin.py:188} INFO - [2026-03-12T02:45:00.392+0000] {dagbag.py:538} INFO - Filling up the DagBag from /home/airflow/.local/lib/python3.8/site-packages/airflow/example_dags/example_setup_teardown.py
[2026-03-12T02:45:00.396+0000] {processor.py:840} INFO - DAG(s) 'example_setup_teardown' retrieved from /home/airflow/.local/lib/python3.8/site-packages/airflow/example_dags/example_setup_teardown.py
[2026-03-12T02:45:00.405+0000] {logging_mixin.py:188} INFO - [2026-03-12T02:45:00.405+0000] {dag.py:3036} INFO - Sync 1 DAGs
[2026-03-12T02:45:00.413+0000] {logging_mixin.py:188} INFO - [2026-03-12T02:45:00.413+0000] {dag.py:3823} INFO - Setting next_dagrun for example_setup_teardown to 2026-03-11 00:00:00+00:00, run_after=2026-03-12 00:00:00+00:00
[2026-03-12T02:45:00.421+0000] {processor.py:183} INFO - Processing /home/airflow/.local/lib/python3.8/site-packages/airflow/example_dags/example_setup_teardown.py took 0.032 seconds
[2026-03-12T02:45:30.751+0000] {processor.py:161} INFO - Started process (PID=4606) to work on /home/airflow/.local/lib/python3.8/site-packages/airflow/example_dags/example_setup_teardown.py
[2026-03-12T02:45:30.752+0000] {processor.py:830} INFO - Processing file /home/airflow/.local/lib/python3.8/site-packages/airflow/example_dags/example_setup_teardown.py for tasks to queue
[2026-03-12T02:45:30.752+0000] {logging_mixin.py:188} INFO - [2026-03-12T02:45:30.752+0000] {dagbag.py:538} INFO - Filling up the DagBag from /home/airflow/.local/lib/python3.8/site-packages/airflow/example_dags/example_setup_teardown.py
[2026-03-12T02:45:30.755+0000] {processor.py:840} INFO - DAG(s) 'example_setup_teardown' retrieved from /home/airflow/.local/lib/python3.8/site-packages/airflow/example_dags/example_setup_teardown.py
[2026-03-12T02:45:30.762+0000] {logging_mixin.py:188} INFO - [2026-03-12T02:45:30.762+0000] {dag.py:3036} INFO - Sync 1 DAGs
[2026-03-12T02:45:30.768+0000] {logging_mixin.py:188} INFO - [2026-03-12T02:45:30.768+0000] {dag.py:3823} INFO - Setting next_dagrun for example_setup_teardown to 2026-03-11 00:00:00+00:00, run_after=2026-03-12 00:00:00+00:00
[2026-03-12T02:45:30.774+0000] {processor.py:183} INFO - Processing /home/airflow/.local/lib/python3.8/site-packages/airflow/example_dags/example_setup_teardown.py took 0.024 seconds
[2026-03-12T02:46:01.264+0000] {processor.py:161} INFO - Started process (PID=4682) to work on /home/airflow/.local/lib/python3.8/site-packages/airflow/example_dags/example_setup_teardown.py
[2026-03-12T02:46:01.264+0000] {processor.py:830} INFO - Processing file /home/airflow/.local/lib/python3.8/site-packages/airflow/example_dags/example_setup_teardown.py for tasks to queue
[2026-03-12T02:46:01.265+0000] {logging_mixin.py:188} INFO - [2026-03-12T02:46:01.265+0000] {dagbag.py:538} INFO - Filling up the DagBag from /home/airflow/.local/lib/python3.8/site-packages/airflow/example_dags/example_setup_teardown.py
[2026-03-12T02:46:01.268+0000] {processor.py:840} INFO - DAG(s) 'example_setup_teardown' retrieved from /home/airflow/.local/lib/python3.8/site-packages/airflow/example_dags/example_setup_teardown.py
[2026-03-12T02:46:01.279+0000] {logging_mixin.py:188} INFO - [2026-03-12T02:46:01.279+0000] {dag.py:3036} INFO - Sync 1 DAGs
[2026-03-12T02:46:01.287+0000] {logging_mixin.py:188} INFO - [2026-03-12T02:46:01.287+0000] {dag.py:3823} INFO - Setting next_dagrun for example_setup_teardown to 2026-03-11 00:00:00+00:00, run_after=2026-03-12 00:00:00+00:00
[2026-03-12T02:46:01.298+0000] {processor.py:183} INFO - Processing /home/airflow/.local/lib/python3.8/site-packages/airflow/example_dags/example_setup_teardown.py took 0.036 seconds
[2026-03-12T02:46:31.903+0000] {processor.py:161} INFO - Started process (PID=4758) to work on /home/airflow/.local/lib/python3.8/site-packages/airflow/example_dags/example_setup_teardown.py
[2026-03-12T02:46:31.904+0000] {processor.py:830} INFO - Processing file /home/airflow/.local/lib/python3.8/site-packages/airflow/example_dags/example_setup_teardown.py for tasks to queue
[2026-03-12T02:46:31.905+0000] {logging_mixin.py:188} INFO - [2026-03-12T02:46:31.905+0000] {dagbag.py:538} INFO - Filling up the DagBag from /home/airflow/.local/lib/python3.8/site-packages/airflow/example_dags/example_setup_teardown.py
[2026-03-12T02:46:31.907+0000] {processor.py:840} INFO - DAG(s) 'example_setup_teardown' retrieved from /home/airflow/.local/lib/python3.8/site-packages/airflow/example_dags/example_setup_teardown.py
[2026-03-12T02:46:31.916+0000] {logging_mixin.py:188} INFO - [2026-03-12T02:46:31.916+0000] {dag.py:3036} INFO - Sync 1 DAGs
[2026-03-12T02:46:31.924+0000] {logging_mixin.py:188} INFO - [2026-03-12T02:46:31.924+0000] {dag.py:3823} INFO - Setting next_dagrun for example_setup_teardown to 2026-03-11 00:00:00+00:00, run_after=2026-03-12 00:00:00+00:00
[2026-03-12T02:46:31.933+0000] {processor.py:183} INFO - Processing /home/airflow/.local/lib/python3.8/site-packages/airflow/example_dags/example_setup_teardown.py took 0.031 seconds
[2026-03-12T02:47:02.709+0000] {processor.py:161} INFO - Started process (PID=4834) to work on /home/airflow/.local/lib/python3.8/site-packages/airflow/example_dags/example_setup_teardown.py
[2026-03-12T02:47:02.710+0000] {processor.py:830} INFO - Processing file /home/airflow/.local/lib/python3.8/site-packages/airflow/example_dags/example_setup_teardown.py for tasks to queue
[2026-03-12T02:47:02.711+0000] {logging_mixin.py:188} INFO - [2026-03-12T02:47:02.711+0000] {dagbag.py:538} INFO - Filling up the DagBag from /home/airflow/.local/lib/python3.8/site-packages/airflow/example_dags/example_setup_teardown.py
[2026-03-12T02:47:02.716+0000] {processor.py:840} INFO - DAG(s) 'example_setup_teardown' retrieved from /home/airflow/.local/lib/python3.8/site-packages/airflow/example_dags/example_setup_teardown.py
[2026-03-12T02:47:02.728+0000] {logging_mixin.py:188} INFO - [2026-03-12T02:47:02.728+0000] {dag.py:3036} INFO - Sync 1 DAGs
[2026-03-12T02:47:02.740+0000] {logging_mixin.py:188} INFO - [2026-03-12T02:47:02.740+0000] {dag.py:3823} INFO - Setting next_dagrun for example_setup_teardown to 2026-03-11 00:00:00+00:00, run_after=2026-03-12 00:00:00+00:00
[2026-03-12T02:47:02.751+0000] {processor.py:183} INFO - Processing /home/airflow/.local/lib/python3.8/site-packages/airflow/example_dags/example_setup_teardown.py took 0.044 seconds
[2026-03-12T02:47:33.417+0000] {processor.py:161} INFO - Started process (PID=4910) to work on /home/airflow/.local/lib/python3.8/site-packages/airflow/example_dags/example_setup_teardown.py
[2026-03-12T02:47:33.418+0000] {processor.py:830} INFO - Processing file /home/airflow/.local/lib/python3.8/site-packages/airflow/example_dags/example_setup_teardown.py for tasks to queue
[2026-03-12T02:47:33.418+0000] {logging_mixin.py:188} INFO - [2026-03-12T02:47:33.418+0000] {dagbag.py:538} INFO - Filling up the DagBag from /home/airflow/.local/lib/python3.8/site-packages/airflow/example_dags/example_setup_teardown.py
[2026-03-12T02:47:33.421+0000] {processor.py:840} INFO - DAG(s) 'example_setup_teardown' retrieved from /home/airflow/.local/lib/python3.8/site-packages/airflow/example_dags/example_setup_teardown.py
[2026-03-12T02:47:33.432+0000] {logging_mixin.py:188} INFO - [2026-03-12T02:47:33.432+0000] {dag.py:3036} INFO - Sync 1 DAGs
[2026-03-12T02:47:33.442+0000] {logging_mixin.py:188} INFO - [2026-03-12T02:47:33.442+0000] {dag.py:3823} INFO - Setting next_dagrun for example_setup_teardown to 2026-03-11 00:00:00+00:00, run_after=2026-03-12 00:00:00+00:00
[2026-03-12T02:47:33.453+0000] {processor.py:183} INFO - Processing /home/airflow/.local/lib/python3.8/site-packages/airflow/example_dags/example_setup_teardown.py took 0.037 seconds
[2026-03-12T02:48:03.961+0000] {processor.py:161} INFO - Started process (PID=4986) to work on /home/airflow/.local/lib/python3.8/site-packages/airflow/example_dags/example_setup_teardown.py
[2026-03-12T02:48:03.961+0000] {processor.py:830} INFO - Processing file /home/airflow/.local/lib/python3.8/site-packages/airflow/example_dags/example_setup_teardown.py for tasks to queue
[2026-03-12T02:48:03.962+0000] {logging_mixin.py:188} INFO - [2026-03-12T02:48:03.962+0000] {dagbag.py:538} INFO - Filling up the DagBag from /home/airflow/.local/lib/python3.8/site-packages/airflow/example_dags/example_setup_teardown.py
[2026-03-12T02:48:03.964+0000] {processor.py:840} INFO - DAG(s) 'example_setup_teardown' retrieved from /home/airflow/.local/lib/python3.8/site-packages/airflow/example_dags/example_setup_teardown.py
[2026-03-12T02:48:03.971+0000] {logging_mixin.py:188} INFO - [2026-03-12T02:48:03.971+0000] {dag.py:3036} INFO - Sync 1 DAGs
[2026-03-12T02:48:03.978+0000] {logging_mixin.py:188} INFO - [2026-03-12T02:48:03.978+0000] {dag.py:3823} INFO - Setting next_dagrun for example_setup_teardown to 2026-03-11 00:00:00+00:00, run_after=2026-03-12 00:00:00+00:00
[2026-03-12T02:48:03.984+0000] {processor.py:183} INFO - Processing /home/airflow/.local/lib/python3.8/site-packages/airflow/example_dags/example_setup_teardown.py took 0.025 seconds
[2026-03-12T02:48:35.111+0000] {processor.py:161} INFO - Started process (PID=5064) to work on /home/airflow/.local/lib/python3.8/site-packages/airflow/example_dags/example_setup_teardown.py
[2026-03-12T02:48:35.112+0000] {processor.py:830} INFO - Processing file /home/airflow/.local/lib/python3.8/site-packages/airflow/example_dags/example_setup_teardown.py for tasks to queue
[2026-03-12T02:48:35.112+0000] {logging_mixin.py:188} INFO - [2026-03-12T02:48:35.112+0000] {dagbag.py:538} INFO - Filling up the DagBag from /home/airflow/.local/lib/python3.8/site-packages/airflow/example_dags/example_setup_teardown.py
[2026-03-12T02:48:35.115+0000] {processor.py:840} INFO - DAG(s) 'example_setup_teardown' retrieved from /home/airflow/.local/lib/python3.8/site-packages/airflow/example_dags/example_setup_teardown.py
[2026-03-12T02:48:35.126+0000] {logging_mixin.py:188} INFO - [2026-03-12T02:48:35.125+0000] {dag.py:3036} INFO - Sync 1 DAGs
[2026-03-12T02:48:35.135+0000] {logging_mixin.py:188} INFO - [2026-03-12T02:48:35.135+0000] {dag.py:3823} INFO - Setting next_dagrun for example_setup_teardown to 2026-03-11 00:00:00+00:00, run_after=2026-03-12 00:00:00+00:00
[2026-03-12T02:48:35.149+0000] {processor.py:183} INFO - Processing /home/airflow/.local/lib/python3.8/site-packages/airflow/example_dags/example_setup_teardown.py took 0.040 seconds
[2026-03-12T02:49:05.591+0000] {processor.py:161} INFO - Started process (PID=5140) to work on /home/airflow/.local/lib/python3.8/site-packages/airflow/example_dags/example_setup_teardown.py
[2026-03-12T02:49:05.591+0000] {processor.py:830} INFO - Processing file /home/airflow/.local/lib/python3.8/site-packages/airflow/example_dags/example_setup_teardown.py for tasks to queue
[2026-03-12T02:49:05.592+0000] {logging_mixin.py:188} INFO - [2026-03-12T02:49:05.592+0000] {dagbag.py:538} INFO - Filling up the DagBag from /home/airflow/.local/lib/python3.8/site-packages/airflow/example_dags/example_setup_teardown.py
[2026-03-12T02:49:05.594+0000] {processor.py:840} INFO - DAG(s) 'example_setup_teardown' retrieved from /home/airflow/.local/lib/python3.8/site-packages/airflow/example_dags/example_setup_teardown.py
[2026-03-12T02:49:05.605+0000] {logging_mixin.py:188} INFO - [2026-03-12T02:49:05.605+0000] {dag.py:3036} INFO - Sync 1 DAGs
[2026-03-12T02:49:05.612+0000] {logging_mixin.py:188} INFO - [2026-03-12T02:49:05.612+0000] {dag.py:3823} INFO - Setting next_dagrun for example_setup_teardown to 2026-03-11 00:00:00+00:00, run_after=2026-03-12 00:00:00+00:00
[2026-03-12T02:49:05.623+0000] {processor.py:183} INFO - Processing /home/airflow/.local/lib/python3.8/site-packages/airflow/example_dags/example_setup_teardown.py took 0.034 seconds
[2026-03-12T02:49:35.916+0000] {processor.py:161} INFO - Started process (PID=5216) to work on /home/airflow/.local/lib/python3.8/site-packages/airflow/example_dags/example_setup_teardown.py
[2026-03-12T02:49:35.917+0000] {processor.py:830} INFO - Processing file /home/airflow/.local/lib/python3.8/site-packages/airflow/example_dags/example_setup_teardown.py for tasks to queue
[2026-03-12T02:49:35.918+0000] {logging_mixin.py:188} INFO - [2026-03-12T02:49:35.918+0000] {dagbag.py:538} INFO - Filling up the DagBag from /home/airflow/.local/lib/python3.8/site-packages/airflow/example_dags/example_setup_teardown.py
[2026-03-12T02:49:35.921+0000] {processor.py:840} INFO - DAG(s) 'example_setup_teardown' retrieved from /home/airflow/.local/lib/python3.8/site-packages/airflow/example_dags/example_setup_teardown.py
[2026-03-12T02:49:35.931+0000] {logging_mixin.py:188} INFO - [2026-03-12T02:49:35.931+0000] {dag.py:3036} INFO - Sync 1 DAGs
[2026-03-12T02:49:35.942+0000] {logging_mixin.py:188} INFO - [2026-03-12T02:49:35.942+0000] {dag.py:3823} INFO - Setting next_dagrun for example_setup_teardown to 2026-03-11 00:00:00+00:00, run_after=2026-03-12 00:00:00+00:00
[2026-03-12T02:49:35.952+0000] {processor.py:183} INFO - Processing /home/airflow/.local/lib/python3.8/site-packages/airflow/example_dags/example_setup_teardown.py took 0.037 seconds
