[2026-03-12T02:15:10.500+0000] {processor.py:161} INFO - Started process (PID=93) to work on /home/airflow/.local/lib/python3.8/site-packages/airflow/example_dags/example_short_circuit_decorator.py
[2026-03-12T02:15:10.500+0000] {processor.py:830} INFO - Processing file /home/airflow/.local/lib/python3.8/site-packages/airflow/example_dags/example_short_circuit_decorator.py for tasks to queue
[2026-03-12T02:15:10.501+0000] {logging_mixin.py:188} INFO - [2026-03-12T02:15:10.501+0000] {dagbag.py:538} INFO - Filling up the DagBag from /home/airflow/.local/lib/python3.8/site-packages/airflow/example_dags/example_short_circuit_decorator.py
[2026-03-12T02:15:10.507+0000] {processor.py:840} INFO - DAG(s) 'example_short_circuit_decorator' retrieved from /home/airflow/.local/lib/python3.8/site-packages/airflow/example_dags/example_short_circuit_decorator.py
[2026-03-12T02:15:10.511+0000] {logging_mixin.py:188} INFO - [2026-03-12T02:15:10.511+0000] {dag.py:3036} INFO - Sync 1 DAGs
[2026-03-12T02:15:10.523+0000] {logging_mixin.py:188} INFO - [2026-03-12T02:15:10.523+0000] {dag.py:3823} INFO - Setting next_dagrun for example_short_circuit_decorator to 2026-03-11 00:00:00+00:00, run_after=2026-03-12 00:00:00+00:00
[2026-03-12T02:15:10.537+0000] {processor.py:183} INFO - Processing /home/airflow/.local/lib/python3.8/site-packages/airflow/example_dags/example_short_circuit_decorator.py took 0.038 seconds
[2026-03-12T02:15:41.388+0000] {processor.py:161} INFO - Started process (PID=169) to work on /home/airflow/.local/lib/python3.8/site-packages/airflow/example_dags/example_short_circuit_decorator.py
[2026-03-12T02:15:41.389+0000] {processor.py:830} INFO - Processing file /home/airflow/.local/lib/python3.8/site-packages/airflow/example_dags/example_short_circuit_decorator.py for tasks to queue
[2026-03-12T02:15:41.389+0000] {logging_mixin.py:188} INFO - [2026-03-12T02:15:41.389+0000] {dagbag.py:538} INFO - Filling up the DagBag from /home/airflow/.local/lib/python3.8/site-packages/airflow/example_dags/example_short_circuit_decorator.py
[2026-03-12T02:15:41.393+0000] {processor.py:840} INFO - DAG(s) 'example_short_circuit_decorator' retrieved from /home/airflow/.local/lib/python3.8/site-packages/airflow/example_dags/example_short_circuit_decorator.py
[2026-03-12T02:15:41.506+0000] {logging_mixin.py:188} INFO - [2026-03-12T02:15:41.506+0000] {dag.py:3036} INFO - Sync 1 DAGs
[2026-03-12T02:15:41.517+0000] {logging_mixin.py:188} INFO - [2026-03-12T02:15:41.517+0000] {dag.py:3823} INFO - Setting next_dagrun for example_short_circuit_decorator to 2026-03-11 00:00:00+00:00, run_after=2026-03-12 00:00:00+00:00
[2026-03-12T02:15:41.526+0000] {processor.py:183} INFO - Processing /home/airflow/.local/lib/python3.8/site-packages/airflow/example_dags/example_short_circuit_decorator.py took 0.139 seconds
[2026-03-12T02:16:11.846+0000] {processor.py:161} INFO - Started process (PID=245) to work on /home/airflow/.local/lib/python3.8/site-packages/airflow/example_dags/example_short_circuit_decorator.py
[2026-03-12T02:16:11.847+0000] {processor.py:830} INFO - Processing file /home/airflow/.local/lib/python3.8/site-packages/airflow/example_dags/example_short_circuit_decorator.py for tasks to queue
[2026-03-12T02:16:11.848+0000] {logging_mixin.py:188} INFO - [2026-03-12T02:16:11.848+0000] {dagbag.py:538} INFO - Filling up the DagBag from /home/airflow/.local/lib/python3.8/site-packages/airflow/example_dags/example_short_circuit_decorator.py
[2026-03-12T02:16:11.852+0000] {processor.py:840} INFO - DAG(s) 'example_short_circuit_decorator' retrieved from /home/airflow/.local/lib/python3.8/site-packages/airflow/example_dags/example_short_circuit_decorator.py
[2026-03-12T02:16:11.862+0000] {logging_mixin.py:188} INFO - [2026-03-12T02:16:11.862+0000] {dag.py:3036} INFO - Sync 1 DAGs
[2026-03-12T02:16:11.871+0000] {logging_mixin.py:188} INFO - [2026-03-12T02:16:11.871+0000] {dag.py:3823} INFO - Setting next_dagrun for example_short_circuit_decorator to 2026-03-11 00:00:00+00:00, run_after=2026-03-12 00:00:00+00:00
[2026-03-12T02:16:11.884+0000] {processor.py:183} INFO - Processing /home/airflow/.local/lib/python3.8/site-packages/airflow/example_dags/example_short_circuit_decorator.py took 0.039 seconds
[2026-03-12T02:16:42.731+0000] {processor.py:161} INFO - Started process (PID=321) to work on /home/airflow/.local/lib/python3.8/site-packages/airflow/example_dags/example_short_circuit_decorator.py
[2026-03-12T02:16:42.733+0000] {processor.py:830} INFO - Processing file /home/airflow/.local/lib/python3.8/site-packages/airflow/example_dags/example_short_circuit_decorator.py for tasks to queue
[2026-03-12T02:16:42.734+0000] {logging_mixin.py:188} INFO - [2026-03-12T02:16:42.734+0000] {dagbag.py:538} INFO - Filling up the DagBag from /home/airflow/.local/lib/python3.8/site-packages/airflow/example_dags/example_short_circuit_decorator.py
[2026-03-12T02:16:42.738+0000] {processor.py:840} INFO - DAG(s) 'example_short_circuit_decorator' retrieved from /home/airflow/.local/lib/python3.8/site-packages/airflow/example_dags/example_short_circuit_decorator.py
[2026-03-12T02:16:42.749+0000] {logging_mixin.py:188} INFO - [2026-03-12T02:16:42.749+0000] {dag.py:3036} INFO - Sync 1 DAGs
[2026-03-12T02:16:42.760+0000] {logging_mixin.py:188} INFO - [2026-03-12T02:16:42.760+0000] {dag.py:3823} INFO - Setting next_dagrun for example_short_circuit_decorator to 2026-03-11 00:00:00+00:00, run_after=2026-03-12 00:00:00+00:00
[2026-03-12T02:16:42.769+0000] {processor.py:183} INFO - Processing /home/airflow/.local/lib/python3.8/site-packages/airflow/example_dags/example_short_circuit_decorator.py took 0.040 seconds
[2026-03-12T02:17:13.650+0000] {processor.py:161} INFO - Started process (PID=397) to work on /home/airflow/.local/lib/python3.8/site-packages/airflow/example_dags/example_short_circuit_decorator.py
[2026-03-12T02:17:13.651+0000] {processor.py:830} INFO - Processing file /home/airflow/.local/lib/python3.8/site-packages/airflow/example_dags/example_short_circuit_decorator.py for tasks to queue
[2026-03-12T02:17:13.652+0000] {logging_mixin.py:188} INFO - [2026-03-12T02:17:13.652+0000] {dagbag.py:538} INFO - Filling up the DagBag from /home/airflow/.local/lib/python3.8/site-packages/airflow/example_dags/example_short_circuit_decorator.py
[2026-03-12T02:17:13.658+0000] {processor.py:840} INFO - DAG(s) 'example_short_circuit_decorator' retrieved from /home/airflow/.local/lib/python3.8/site-packages/airflow/example_dags/example_short_circuit_decorator.py
[2026-03-12T02:17:13.672+0000] {logging_mixin.py:188} INFO - [2026-03-12T02:17:13.672+0000] {dag.py:3036} INFO - Sync 1 DAGs
[2026-03-12T02:17:13.684+0000] {logging_mixin.py:188} INFO - [2026-03-12T02:17:13.684+0000] {dag.py:3823} INFO - Setting next_dagrun for example_short_circuit_decorator to 2026-03-11 00:00:00+00:00, run_after=2026-03-12 00:00:00+00:00
[2026-03-12T02:17:13.693+0000] {processor.py:183} INFO - Processing /home/airflow/.local/lib/python3.8/site-packages/airflow/example_dags/example_short_circuit_decorator.py took 0.045 seconds
[2026-03-12T02:17:44.065+0000] {processor.py:161} INFO - Started process (PID=473) to work on /home/airflow/.local/lib/python3.8/site-packages/airflow/example_dags/example_short_circuit_decorator.py
[2026-03-12T02:17:44.066+0000] {processor.py:830} INFO - Processing file /home/airflow/.local/lib/python3.8/site-packages/airflow/example_dags/example_short_circuit_decorator.py for tasks to queue
[2026-03-12T02:17:44.067+0000] {logging_mixin.py:188} INFO - [2026-03-12T02:17:44.066+0000] {dagbag.py:538} INFO - Filling up the DagBag from /home/airflow/.local/lib/python3.8/site-packages/airflow/example_dags/example_short_circuit_decorator.py
[2026-03-12T02:17:44.070+0000] {processor.py:840} INFO - DAG(s) 'example_short_circuit_decorator' retrieved from /home/airflow/.local/lib/python3.8/site-packages/airflow/example_dags/example_short_circuit_decorator.py
[2026-03-12T02:17:44.082+0000] {logging_mixin.py:188} INFO - [2026-03-12T02:17:44.082+0000] {dag.py:3036} INFO - Sync 1 DAGs
[2026-03-12T02:17:44.091+0000] {logging_mixin.py:188} INFO - [2026-03-12T02:17:44.091+0000] {dag.py:3823} INFO - Setting next_dagrun for example_short_circuit_decorator to 2026-03-11 00:00:00+00:00, run_after=2026-03-12 00:00:00+00:00
[2026-03-12T02:17:44.099+0000] {processor.py:183} INFO - Processing /home/airflow/.local/lib/python3.8/site-packages/airflow/example_dags/example_short_circuit_decorator.py took 0.035 seconds
[2026-03-12T02:18:14.848+0000] {processor.py:161} INFO - Started process (PID=547) to work on /home/airflow/.local/lib/python3.8/site-packages/airflow/example_dags/example_short_circuit_decorator.py
[2026-03-12T02:18:14.848+0000] {processor.py:830} INFO - Processing file /home/airflow/.local/lib/python3.8/site-packages/airflow/example_dags/example_short_circuit_decorator.py for tasks to queue
[2026-03-12T02:18:14.849+0000] {logging_mixin.py:188} INFO - [2026-03-12T02:18:14.849+0000] {dagbag.py:538} INFO - Filling up the DagBag from /home/airflow/.local/lib/python3.8/site-packages/airflow/example_dags/example_short_circuit_decorator.py
[2026-03-12T02:18:14.853+0000] {processor.py:840} INFO - DAG(s) 'example_short_circuit_decorator' retrieved from /home/airflow/.local/lib/python3.8/site-packages/airflow/example_dags/example_short_circuit_decorator.py
[2026-03-12T02:18:14.865+0000] {logging_mixin.py:188} INFO - [2026-03-12T02:18:14.865+0000] {dag.py:3036} INFO - Sync 1 DAGs
[2026-03-12T02:18:14.873+0000] {logging_mixin.py:188} INFO - [2026-03-12T02:18:14.873+0000] {dag.py:3823} INFO - Setting next_dagrun for example_short_circuit_decorator to 2026-03-11 00:00:00+00:00, run_after=2026-03-12 00:00:00+00:00
[2026-03-12T02:18:14.884+0000] {processor.py:183} INFO - Processing /home/airflow/.local/lib/python3.8/site-packages/airflow/example_dags/example_short_circuit_decorator.py took 0.038 seconds
[2026-03-12T02:18:45.781+0000] {processor.py:161} INFO - Started process (PID=623) to work on /home/airflow/.local/lib/python3.8/site-packages/airflow/example_dags/example_short_circuit_decorator.py
[2026-03-12T02:18:45.781+0000] {processor.py:830} INFO - Processing file /home/airflow/.local/lib/python3.8/site-packages/airflow/example_dags/example_short_circuit_decorator.py for tasks to queue
[2026-03-12T02:18:45.782+0000] {logging_mixin.py:188} INFO - [2026-03-12T02:18:45.782+0000] {dagbag.py:538} INFO - Filling up the DagBag from /home/airflow/.local/lib/python3.8/site-packages/airflow/example_dags/example_short_circuit_decorator.py
[2026-03-12T02:18:45.791+0000] {processor.py:840} INFO - DAG(s) 'example_short_circuit_decorator' retrieved from /home/airflow/.local/lib/python3.8/site-packages/airflow/example_dags/example_short_circuit_decorator.py
[2026-03-12T02:18:45.801+0000] {logging_mixin.py:188} INFO - [2026-03-12T02:18:45.800+0000] {dag.py:3036} INFO - Sync 1 DAGs
[2026-03-12T02:18:45.811+0000] {logging_mixin.py:188} INFO - [2026-03-12T02:18:45.811+0000] {dag.py:3823} INFO - Setting next_dagrun for example_short_circuit_decorator to 2026-03-11 00:00:00+00:00, run_after=2026-03-12 00:00:00+00:00
[2026-03-12T02:18:45.823+0000] {processor.py:183} INFO - Processing /home/airflow/.local/lib/python3.8/site-packages/airflow/example_dags/example_short_circuit_decorator.py took 0.043 seconds
[2026-03-12T02:19:16.726+0000] {processor.py:161} INFO - Started process (PID=699) to work on /home/airflow/.local/lib/python3.8/site-packages/airflow/example_dags/example_short_circuit_decorator.py
[2026-03-12T02:19:16.727+0000] {processor.py:830} INFO - Processing file /home/airflow/.local/lib/python3.8/site-packages/airflow/example_dags/example_short_circuit_decorator.py for tasks to queue
[2026-03-12T02:19:16.728+0000] {logging_mixin.py:188} INFO - [2026-03-12T02:19:16.728+0000] {dagbag.py:538} INFO - Filling up the DagBag from /home/airflow/.local/lib/python3.8/site-packages/airflow/example_dags/example_short_circuit_decorator.py
[2026-03-12T02:19:16.735+0000] {processor.py:840} INFO - DAG(s) 'example_short_circuit_decorator' retrieved from /home/airflow/.local/lib/python3.8/site-packages/airflow/example_dags/example_short_circuit_decorator.py
[2026-03-12T02:19:16.747+0000] {logging_mixin.py:188} INFO - [2026-03-12T02:19:16.747+0000] {dag.py:3036} INFO - Sync 1 DAGs
[2026-03-12T02:19:16.758+0000] {logging_mixin.py:188} INFO - [2026-03-12T02:19:16.758+0000] {dag.py:3823} INFO - Setting next_dagrun for example_short_circuit_decorator to 2026-03-11 00:00:00+00:00, run_after=2026-03-12 00:00:00+00:00
[2026-03-12T02:19:16.766+0000] {processor.py:183} INFO - Processing /home/airflow/.local/lib/python3.8/site-packages/airflow/example_dags/example_short_circuit_decorator.py took 0.041 seconds
[2026-03-12T02:19:48.074+0000] {processor.py:161} INFO - Started process (PID=777) to work on /home/airflow/.local/lib/python3.8/site-packages/airflow/example_dags/example_short_circuit_decorator.py
[2026-03-12T02:19:48.075+0000] {processor.py:830} INFO - Processing file /home/airflow/.local/lib/python3.8/site-packages/airflow/example_dags/example_short_circuit_decorator.py for tasks to queue
[2026-03-12T02:19:48.076+0000] {logging_mixin.py:188} INFO - [2026-03-12T02:19:48.075+0000] {dagbag.py:538} INFO - Filling up the DagBag from /home/airflow/.local/lib/python3.8/site-packages/airflow/example_dags/example_short_circuit_decorator.py
[2026-03-12T02:19:48.081+0000] {processor.py:840} INFO - DAG(s) 'example_short_circuit_decorator' retrieved from /home/airflow/.local/lib/python3.8/site-packages/airflow/example_dags/example_short_circuit_decorator.py
[2026-03-12T02:19:48.093+0000] {logging_mixin.py:188} INFO - [2026-03-12T02:19:48.093+0000] {dag.py:3036} INFO - Sync 1 DAGs
[2026-03-12T02:19:48.101+0000] {logging_mixin.py:188} INFO - [2026-03-12T02:19:48.101+0000] {dag.py:3823} INFO - Setting next_dagrun for example_short_circuit_decorator to 2026-03-11 00:00:00+00:00, run_after=2026-03-12 00:00:00+00:00
[2026-03-12T02:19:48.108+0000] {processor.py:183} INFO - Processing /home/airflow/.local/lib/python3.8/site-packages/airflow/example_dags/example_short_circuit_decorator.py took 0.035 seconds
[2026-03-12T02:20:19.082+0000] {processor.py:161} INFO - Started process (PID=853) to work on /home/airflow/.local/lib/python3.8/site-packages/airflow/example_dags/example_short_circuit_decorator.py
[2026-03-12T02:20:19.083+0000] {processor.py:830} INFO - Processing file /home/airflow/.local/lib/python3.8/site-packages/airflow/example_dags/example_short_circuit_decorator.py for tasks to queue
[2026-03-12T02:20:19.084+0000] {logging_mixin.py:188} INFO - [2026-03-12T02:20:19.084+0000] {dagbag.py:538} INFO - Filling up the DagBag from /home/airflow/.local/lib/python3.8/site-packages/airflow/example_dags/example_short_circuit_decorator.py
[2026-03-12T02:20:19.090+0000] {processor.py:840} INFO - DAG(s) 'example_short_circuit_decorator' retrieved from /home/airflow/.local/lib/python3.8/site-packages/airflow/example_dags/example_short_circuit_decorator.py
[2026-03-12T02:20:19.101+0000] {logging_mixin.py:188} INFO - [2026-03-12T02:20:19.101+0000] {dag.py:3036} INFO - Sync 1 DAGs
[2026-03-12T02:20:19.110+0000] {logging_mixin.py:188} INFO - [2026-03-12T02:20:19.110+0000] {dag.py:3823} INFO - Setting next_dagrun for example_short_circuit_decorator to 2026-03-11 00:00:00+00:00, run_after=2026-03-12 00:00:00+00:00
[2026-03-12T02:20:19.116+0000] {processor.py:183} INFO - Processing /home/airflow/.local/lib/python3.8/site-packages/airflow/example_dags/example_short_circuit_decorator.py took 0.036 seconds
[2026-03-12T02:20:51.688+0000] {processor.py:161} INFO - Started process (PID=929) to work on /home/airflow/.local/lib/python3.8/site-packages/airflow/example_dags/example_short_circuit_decorator.py
[2026-03-12T02:20:51.689+0000] {processor.py:830} INFO - Processing file /home/airflow/.local/lib/python3.8/site-packages/airflow/example_dags/example_short_circuit_decorator.py for tasks to queue
[2026-03-12T02:20:51.690+0000] {logging_mixin.py:188} INFO - [2026-03-12T02:20:51.690+0000] {dagbag.py:538} INFO - Filling up the DagBag from /home/airflow/.local/lib/python3.8/site-packages/airflow/example_dags/example_short_circuit_decorator.py
[2026-03-12T02:20:51.696+0000] {processor.py:840} INFO - DAG(s) 'example_short_circuit_decorator' retrieved from /home/airflow/.local/lib/python3.8/site-packages/airflow/example_dags/example_short_circuit_decorator.py
[2026-03-12T02:20:51.713+0000] {logging_mixin.py:188} INFO - [2026-03-12T02:20:51.713+0000] {dag.py:3036} INFO - Sync 1 DAGs
[2026-03-12T02:20:51.728+0000] {logging_mixin.py:188} INFO - [2026-03-12T02:20:51.728+0000] {dag.py:3823} INFO - Setting next_dagrun for example_short_circuit_decorator to 2026-03-11 00:00:00+00:00, run_after=2026-03-12 00:00:00+00:00
[2026-03-12T02:20:51.745+0000] {processor.py:183} INFO - Processing /home/airflow/.local/lib/python3.8/site-packages/airflow/example_dags/example_short_circuit_decorator.py took 0.059 seconds
[2026-03-12T02:21:22.191+0000] {processor.py:161} INFO - Started process (PID=1005) to work on /home/airflow/.local/lib/python3.8/site-packages/airflow/example_dags/example_short_circuit_decorator.py
[2026-03-12T02:21:22.192+0000] {processor.py:830} INFO - Processing file /home/airflow/.local/lib/python3.8/site-packages/airflow/example_dags/example_short_circuit_decorator.py for tasks to queue
[2026-03-12T02:21:22.194+0000] {logging_mixin.py:188} INFO - [2026-03-12T02:21:22.193+0000] {dagbag.py:538} INFO - Filling up the DagBag from /home/airflow/.local/lib/python3.8/site-packages/airflow/example_dags/example_short_circuit_decorator.py
[2026-03-12T02:21:22.198+0000] {processor.py:840} INFO - DAG(s) 'example_short_circuit_decorator' retrieved from /home/airflow/.local/lib/python3.8/site-packages/airflow/example_dags/example_short_circuit_decorator.py
[2026-03-12T02:21:22.210+0000] {logging_mixin.py:188} INFO - [2026-03-12T02:21:22.209+0000] {dag.py:3036} INFO - Sync 1 DAGs
[2026-03-12T02:21:22.218+0000] {logging_mixin.py:188} INFO - [2026-03-12T02:21:22.218+0000] {dag.py:3823} INFO - Setting next_dagrun for example_short_circuit_decorator to 2026-03-11 00:00:00+00:00, run_after=2026-03-12 00:00:00+00:00
[2026-03-12T02:21:22.227+0000] {processor.py:183} INFO - Processing /home/airflow/.local/lib/python3.8/site-packages/airflow/example_dags/example_short_circuit_decorator.py took 0.038 seconds
[2026-03-12T02:21:52.717+0000] {processor.py:161} INFO - Started process (PID=1081) to work on /home/airflow/.local/lib/python3.8/site-packages/airflow/example_dags/example_short_circuit_decorator.py
[2026-03-12T02:21:52.718+0000] {processor.py:830} INFO - Processing file /home/airflow/.local/lib/python3.8/site-packages/airflow/example_dags/example_short_circuit_decorator.py for tasks to queue
[2026-03-12T02:21:52.719+0000] {logging_mixin.py:188} INFO - [2026-03-12T02:21:52.718+0000] {dagbag.py:538} INFO - Filling up the DagBag from /home/airflow/.local/lib/python3.8/site-packages/airflow/example_dags/example_short_circuit_decorator.py
[2026-03-12T02:21:52.722+0000] {processor.py:840} INFO - DAG(s) 'example_short_circuit_decorator' retrieved from /home/airflow/.local/lib/python3.8/site-packages/airflow/example_dags/example_short_circuit_decorator.py
[2026-03-12T02:21:52.730+0000] {logging_mixin.py:188} INFO - [2026-03-12T02:21:52.730+0000] {dag.py:3036} INFO - Sync 1 DAGs
[2026-03-12T02:21:52.737+0000] {logging_mixin.py:188} INFO - [2026-03-12T02:21:52.736+0000] {dag.py:3823} INFO - Setting next_dagrun for example_short_circuit_decorator to 2026-03-11 00:00:00+00:00, run_after=2026-03-12 00:00:00+00:00
[2026-03-12T02:21:52.742+0000] {processor.py:183} INFO - Processing /home/airflow/.local/lib/python3.8/site-packages/airflow/example_dags/example_short_circuit_decorator.py took 0.026 seconds
[2026-03-12T02:22:23.060+0000] {processor.py:161} INFO - Started process (PID=1157) to work on /home/airflow/.local/lib/python3.8/site-packages/airflow/example_dags/example_short_circuit_decorator.py
[2026-03-12T02:22:23.061+0000] {processor.py:830} INFO - Processing file /home/airflow/.local/lib/python3.8/site-packages/airflow/example_dags/example_short_circuit_decorator.py for tasks to queue
[2026-03-12T02:22:23.062+0000] {logging_mixin.py:188} INFO - [2026-03-12T02:22:23.062+0000] {dagbag.py:538} INFO - Filling up the DagBag from /home/airflow/.local/lib/python3.8/site-packages/airflow/example_dags/example_short_circuit_decorator.py
[2026-03-12T02:22:23.068+0000] {processor.py:840} INFO - DAG(s) 'example_short_circuit_decorator' retrieved from /home/airflow/.local/lib/python3.8/site-packages/airflow/example_dags/example_short_circuit_decorator.py
[2026-03-12T02:22:23.080+0000] {logging_mixin.py:188} INFO - [2026-03-12T02:22:23.080+0000] {dag.py:3036} INFO - Sync 1 DAGs
[2026-03-12T02:22:23.087+0000] {logging_mixin.py:188} INFO - [2026-03-12T02:22:23.087+0000] {dag.py:3823} INFO - Setting next_dagrun for example_short_circuit_decorator to 2026-03-11 00:00:00+00:00, run_after=2026-03-12 00:00:00+00:00
[2026-03-12T02:22:23.098+0000] {processor.py:183} INFO - Processing /home/airflow/.local/lib/python3.8/site-packages/airflow/example_dags/example_short_circuit_decorator.py took 0.039 seconds
[2026-03-12T02:22:54.274+0000] {processor.py:161} INFO - Started process (PID=1233) to work on /home/airflow/.local/lib/python3.8/site-packages/airflow/example_dags/example_short_circuit_decorator.py
[2026-03-12T02:22:54.275+0000] {processor.py:830} INFO - Processing file /home/airflow/.local/lib/python3.8/site-packages/airflow/example_dags/example_short_circuit_decorator.py for tasks to queue
[2026-03-12T02:22:54.277+0000] {logging_mixin.py:188} INFO - [2026-03-12T02:22:54.277+0000] {dagbag.py:538} INFO - Filling up the DagBag from /home/airflow/.local/lib/python3.8/site-packages/airflow/example_dags/example_short_circuit_decorator.py
[2026-03-12T02:22:54.281+0000] {processor.py:840} INFO - DAG(s) 'example_short_circuit_decorator' retrieved from /home/airflow/.local/lib/python3.8/site-packages/airflow/example_dags/example_short_circuit_decorator.py
[2026-03-12T02:22:54.289+0000] {logging_mixin.py:188} INFO - [2026-03-12T02:22:54.289+0000] {dag.py:3036} INFO - Sync 1 DAGs
[2026-03-12T02:22:54.299+0000] {logging_mixin.py:188} INFO - [2026-03-12T02:22:54.299+0000] {dag.py:3823} INFO - Setting next_dagrun for example_short_circuit_decorator to 2026-03-11 00:00:00+00:00, run_after=2026-03-12 00:00:00+00:00
[2026-03-12T02:22:54.312+0000] {processor.py:183} INFO - Processing /home/airflow/.local/lib/python3.8/site-packages/airflow/example_dags/example_short_circuit_decorator.py took 0.039 seconds
[2026-03-12T02:23:25.437+0000] {processor.py:161} INFO - Started process (PID=1309) to work on /home/airflow/.local/lib/python3.8/site-packages/airflow/example_dags/example_short_circuit_decorator.py
[2026-03-12T02:23:25.437+0000] {processor.py:830} INFO - Processing file /home/airflow/.local/lib/python3.8/site-packages/airflow/example_dags/example_short_circuit_decorator.py for tasks to queue
[2026-03-12T02:23:25.438+0000] {logging_mixin.py:188} INFO - [2026-03-12T02:23:25.438+0000] {dagbag.py:538} INFO - Filling up the DagBag from /home/airflow/.local/lib/python3.8/site-packages/airflow/example_dags/example_short_circuit_decorator.py
[2026-03-12T02:23:25.444+0000] {processor.py:840} INFO - DAG(s) 'example_short_circuit_decorator' retrieved from /home/airflow/.local/lib/python3.8/site-packages/airflow/example_dags/example_short_circuit_decorator.py
[2026-03-12T02:23:25.454+0000] {logging_mixin.py:188} INFO - [2026-03-12T02:23:25.453+0000] {dag.py:3036} INFO - Sync 1 DAGs
[2026-03-12T02:23:25.463+0000] {logging_mixin.py:188} INFO - [2026-03-12T02:23:25.463+0000] {dag.py:3823} INFO - Setting next_dagrun for example_short_circuit_decorator to 2026-03-11 00:00:00+00:00, run_after=2026-03-12 00:00:00+00:00
[2026-03-12T02:23:25.473+0000] {processor.py:183} INFO - Processing /home/airflow/.local/lib/python3.8/site-packages/airflow/example_dags/example_short_circuit_decorator.py took 0.038 seconds
[2026-03-12T02:23:56.598+0000] {processor.py:161} INFO - Started process (PID=1385) to work on /home/airflow/.local/lib/python3.8/site-packages/airflow/example_dags/example_short_circuit_decorator.py
[2026-03-12T02:23:56.598+0000] {processor.py:830} INFO - Processing file /home/airflow/.local/lib/python3.8/site-packages/airflow/example_dags/example_short_circuit_decorator.py for tasks to queue
[2026-03-12T02:23:56.599+0000] {logging_mixin.py:188} INFO - [2026-03-12T02:23:56.599+0000] {dagbag.py:538} INFO - Filling up the DagBag from /home/airflow/.local/lib/python3.8/site-packages/airflow/example_dags/example_short_circuit_decorator.py
[2026-03-12T02:23:56.603+0000] {processor.py:840} INFO - DAG(s) 'example_short_circuit_decorator' retrieved from /home/airflow/.local/lib/python3.8/site-packages/airflow/example_dags/example_short_circuit_decorator.py
[2026-03-12T02:23:56.619+0000] {logging_mixin.py:188} INFO - [2026-03-12T02:23:56.619+0000] {dag.py:3036} INFO - Sync 1 DAGs
[2026-03-12T02:23:56.629+0000] {logging_mixin.py:188} INFO - [2026-03-12T02:23:56.629+0000] {dag.py:3823} INFO - Setting next_dagrun for example_short_circuit_decorator to 2026-03-11 00:00:00+00:00, run_after=2026-03-12 00:00:00+00:00
[2026-03-12T02:23:56.638+0000] {processor.py:183} INFO - Processing /home/airflow/.local/lib/python3.8/site-packages/airflow/example_dags/example_short_circuit_decorator.py took 0.042 seconds
[2026-03-12T02:24:27.053+0000] {processor.py:161} INFO - Started process (PID=1461) to work on /home/airflow/.local/lib/python3.8/site-packages/airflow/example_dags/example_short_circuit_decorator.py
[2026-03-12T02:24:27.054+0000] {processor.py:830} INFO - Processing file /home/airflow/.local/lib/python3.8/site-packages/airflow/example_dags/example_short_circuit_decorator.py for tasks to queue
[2026-03-12T02:24:27.055+0000] {logging_mixin.py:188} INFO - [2026-03-12T02:24:27.055+0000] {dagbag.py:538} INFO - Filling up the DagBag from /home/airflow/.local/lib/python3.8/site-packages/airflow/example_dags/example_short_circuit_decorator.py
[2026-03-12T02:24:27.059+0000] {processor.py:840} INFO - DAG(s) 'example_short_circuit_decorator' retrieved from /home/airflow/.local/lib/python3.8/site-packages/airflow/example_dags/example_short_circuit_decorator.py
[2026-03-12T02:24:27.069+0000] {logging_mixin.py:188} INFO - [2026-03-12T02:24:27.069+0000] {dag.py:3036} INFO - Sync 1 DAGs
[2026-03-12T02:24:27.081+0000] {logging_mixin.py:188} INFO - [2026-03-12T02:24:27.081+0000] {dag.py:3823} INFO - Setting next_dagrun for example_short_circuit_decorator to 2026-03-11 00:00:00+00:00, run_after=2026-03-12 00:00:00+00:00
[2026-03-12T02:24:27.090+0000] {processor.py:183} INFO - Processing /home/airflow/.local/lib/python3.8/site-packages/airflow/example_dags/example_short_circuit_decorator.py took 0.038 seconds
[2026-03-12T02:24:57.741+0000] {processor.py:161} INFO - Started process (PID=1537) to work on /home/airflow/.local/lib/python3.8/site-packages/airflow/example_dags/example_short_circuit_decorator.py
[2026-03-12T02:24:57.742+0000] {processor.py:830} INFO - Processing file /home/airflow/.local/lib/python3.8/site-packages/airflow/example_dags/example_short_circuit_decorator.py for tasks to queue
[2026-03-12T02:24:57.742+0000] {logging_mixin.py:188} INFO - [2026-03-12T02:24:57.742+0000] {dagbag.py:538} INFO - Filling up the DagBag from /home/airflow/.local/lib/python3.8/site-packages/airflow/example_dags/example_short_circuit_decorator.py
[2026-03-12T02:24:57.746+0000] {processor.py:840} INFO - DAG(s) 'example_short_circuit_decorator' retrieved from /home/airflow/.local/lib/python3.8/site-packages/airflow/example_dags/example_short_circuit_decorator.py
[2026-03-12T02:24:57.755+0000] {logging_mixin.py:188} INFO - [2026-03-12T02:24:57.755+0000] {dag.py:3036} INFO - Sync 1 DAGs
[2026-03-12T02:24:57.765+0000] {logging_mixin.py:188} INFO - [2026-03-12T02:24:57.764+0000] {dag.py:3823} INFO - Setting next_dagrun for example_short_circuit_decorator to 2026-03-11 00:00:00+00:00, run_after=2026-03-12 00:00:00+00:00
[2026-03-12T02:24:57.772+0000] {processor.py:183} INFO - Processing /home/airflow/.local/lib/python3.8/site-packages/airflow/example_dags/example_short_circuit_decorator.py took 0.032 seconds
[2026-03-12T02:25:28.560+0000] {processor.py:161} INFO - Started process (PID=1613) to work on /home/airflow/.local/lib/python3.8/site-packages/airflow/example_dags/example_short_circuit_decorator.py
[2026-03-12T02:25:28.562+0000] {processor.py:830} INFO - Processing file /home/airflow/.local/lib/python3.8/site-packages/airflow/example_dags/example_short_circuit_decorator.py for tasks to queue
[2026-03-12T02:25:28.563+0000] {logging_mixin.py:188} INFO - [2026-03-12T02:25:28.563+0000] {dagbag.py:538} INFO - Filling up the DagBag from /home/airflow/.local/lib/python3.8/site-packages/airflow/example_dags/example_short_circuit_decorator.py
[2026-03-12T02:25:28.567+0000] {processor.py:840} INFO - DAG(s) 'example_short_circuit_decorator' retrieved from /home/airflow/.local/lib/python3.8/site-packages/airflow/example_dags/example_short_circuit_decorator.py
[2026-03-12T02:25:28.577+0000] {logging_mixin.py:188} INFO - [2026-03-12T02:25:28.577+0000] {dag.py:3036} INFO - Sync 1 DAGs
[2026-03-12T02:25:28.588+0000] {logging_mixin.py:188} INFO - [2026-03-12T02:25:28.588+0000] {dag.py:3823} INFO - Setting next_dagrun for example_short_circuit_decorator to 2026-03-11 00:00:00+00:00, run_after=2026-03-12 00:00:00+00:00
[2026-03-12T02:25:28.598+0000] {processor.py:183} INFO - Processing /home/airflow/.local/lib/python3.8/site-packages/airflow/example_dags/example_short_circuit_decorator.py took 0.040 seconds
[2026-03-12T02:25:59.311+0000] {processor.py:161} INFO - Started process (PID=1689) to work on /home/airflow/.local/lib/python3.8/site-packages/airflow/example_dags/example_short_circuit_decorator.py
[2026-03-12T02:25:59.312+0000] {processor.py:830} INFO - Processing file /home/airflow/.local/lib/python3.8/site-packages/airflow/example_dags/example_short_circuit_decorator.py for tasks to queue
[2026-03-12T02:25:59.313+0000] {logging_mixin.py:188} INFO - [2026-03-12T02:25:59.313+0000] {dagbag.py:538} INFO - Filling up the DagBag from /home/airflow/.local/lib/python3.8/site-packages/airflow/example_dags/example_short_circuit_decorator.py
[2026-03-12T02:25:59.318+0000] {processor.py:840} INFO - DAG(s) 'example_short_circuit_decorator' retrieved from /home/airflow/.local/lib/python3.8/site-packages/airflow/example_dags/example_short_circuit_decorator.py
[2026-03-12T02:25:59.330+0000] {logging_mixin.py:188} INFO - [2026-03-12T02:25:59.330+0000] {dag.py:3036} INFO - Sync 1 DAGs
[2026-03-12T02:25:59.340+0000] {logging_mixin.py:188} INFO - [2026-03-12T02:25:59.340+0000] {dag.py:3823} INFO - Setting next_dagrun for example_short_circuit_decorator to 2026-03-11 00:00:00+00:00, run_after=2026-03-12 00:00:00+00:00
[2026-03-12T02:25:59.346+0000] {processor.py:183} INFO - Processing /home/airflow/.local/lib/python3.8/site-packages/airflow/example_dags/example_short_circuit_decorator.py took 0.037 seconds
[2026-03-12T02:26:30.125+0000] {processor.py:161} INFO - Started process (PID=1765) to work on /home/airflow/.local/lib/python3.8/site-packages/airflow/example_dags/example_short_circuit_decorator.py
[2026-03-12T02:26:30.126+0000] {processor.py:830} INFO - Processing file /home/airflow/.local/lib/python3.8/site-packages/airflow/example_dags/example_short_circuit_decorator.py for tasks to queue
[2026-03-12T02:26:30.126+0000] {logging_mixin.py:188} INFO - [2026-03-12T02:26:30.126+0000] {dagbag.py:538} INFO - Filling up the DagBag from /home/airflow/.local/lib/python3.8/site-packages/airflow/example_dags/example_short_circuit_decorator.py
[2026-03-12T02:26:30.129+0000] {processor.py:840} INFO - DAG(s) 'example_short_circuit_decorator' retrieved from /home/airflow/.local/lib/python3.8/site-packages/airflow/example_dags/example_short_circuit_decorator.py
[2026-03-12T02:26:30.137+0000] {logging_mixin.py:188} INFO - [2026-03-12T02:26:30.137+0000] {dag.py:3036} INFO - Sync 1 DAGs
[2026-03-12T02:26:30.144+0000] {logging_mixin.py:188} INFO - [2026-03-12T02:26:30.144+0000] {dag.py:3823} INFO - Setting next_dagrun for example_short_circuit_decorator to 2026-03-11 00:00:00+00:00, run_after=2026-03-12 00:00:00+00:00
[2026-03-12T02:26:30.149+0000] {processor.py:183} INFO - Processing /home/airflow/.local/lib/python3.8/site-packages/airflow/example_dags/example_short_circuit_decorator.py took 0.026 seconds
[2026-03-12T02:27:00.842+0000] {processor.py:161} INFO - Started process (PID=1841) to work on /home/airflow/.local/lib/python3.8/site-packages/airflow/example_dags/example_short_circuit_decorator.py
[2026-03-12T02:27:00.844+0000] {processor.py:830} INFO - Processing file /home/airflow/.local/lib/python3.8/site-packages/airflow/example_dags/example_short_circuit_decorator.py for tasks to queue
[2026-03-12T02:27:00.846+0000] {logging_mixin.py:188} INFO - [2026-03-12T02:27:00.846+0000] {dagbag.py:538} INFO - Filling up the DagBag from /home/airflow/.local/lib/python3.8/site-packages/airflow/example_dags/example_short_circuit_decorator.py
[2026-03-12T02:27:00.850+0000] {processor.py:840} INFO - DAG(s) 'example_short_circuit_decorator' retrieved from /home/airflow/.local/lib/python3.8/site-packages/airflow/example_dags/example_short_circuit_decorator.py
[2026-03-12T02:27:00.866+0000] {logging_mixin.py:188} INFO - [2026-03-12T02:27:00.865+0000] {dag.py:3036} INFO - Sync 1 DAGs
[2026-03-12T02:27:00.876+0000] {logging_mixin.py:188} INFO - [2026-03-12T02:27:00.876+0000] {dag.py:3823} INFO - Setting next_dagrun for example_short_circuit_decorator to 2026-03-11 00:00:00+00:00, run_after=2026-03-12 00:00:00+00:00
[2026-03-12T02:27:00.883+0000] {processor.py:183} INFO - Processing /home/airflow/.local/lib/python3.8/site-packages/airflow/example_dags/example_short_circuit_decorator.py took 0.042 seconds
[2026-03-12T02:27:31.670+0000] {processor.py:161} INFO - Started process (PID=1917) to work on /home/airflow/.local/lib/python3.8/site-packages/airflow/example_dags/example_short_circuit_decorator.py
[2026-03-12T02:27:31.671+0000] {processor.py:830} INFO - Processing file /home/airflow/.local/lib/python3.8/site-packages/airflow/example_dags/example_short_circuit_decorator.py for tasks to queue
[2026-03-12T02:27:31.673+0000] {logging_mixin.py:188} INFO - [2026-03-12T02:27:31.673+0000] {dagbag.py:538} INFO - Filling up the DagBag from /home/airflow/.local/lib/python3.8/site-packages/airflow/example_dags/example_short_circuit_decorator.py
[2026-03-12T02:27:31.678+0000] {processor.py:840} INFO - DAG(s) 'example_short_circuit_decorator' retrieved from /home/airflow/.local/lib/python3.8/site-packages/airflow/example_dags/example_short_circuit_decorator.py
[2026-03-12T02:27:31.689+0000] {logging_mixin.py:188} INFO - [2026-03-12T02:27:31.689+0000] {dag.py:3036} INFO - Sync 1 DAGs
[2026-03-12T02:27:31.699+0000] {logging_mixin.py:188} INFO - [2026-03-12T02:27:31.699+0000] {dag.py:3823} INFO - Setting next_dagrun for example_short_circuit_decorator to 2026-03-11 00:00:00+00:00, run_after=2026-03-12 00:00:00+00:00
[2026-03-12T02:27:31.709+0000] {processor.py:183} INFO - Processing /home/airflow/.local/lib/python3.8/site-packages/airflow/example_dags/example_short_circuit_decorator.py took 0.040 seconds
[2026-03-12T02:28:02.420+0000] {processor.py:161} INFO - Started process (PID=1993) to work on /home/airflow/.local/lib/python3.8/site-packages/airflow/example_dags/example_short_circuit_decorator.py
[2026-03-12T02:28:02.422+0000] {processor.py:830} INFO - Processing file /home/airflow/.local/lib/python3.8/site-packages/airflow/example_dags/example_short_circuit_decorator.py for tasks to queue
[2026-03-12T02:28:02.423+0000] {logging_mixin.py:188} INFO - [2026-03-12T02:28:02.423+0000] {dagbag.py:538} INFO - Filling up the DagBag from /home/airflow/.local/lib/python3.8/site-packages/airflow/example_dags/example_short_circuit_decorator.py
[2026-03-12T02:28:02.428+0000] {processor.py:840} INFO - DAG(s) 'example_short_circuit_decorator' retrieved from /home/airflow/.local/lib/python3.8/site-packages/airflow/example_dags/example_short_circuit_decorator.py
[2026-03-12T02:28:02.440+0000] {logging_mixin.py:188} INFO - [2026-03-12T02:28:02.440+0000] {dag.py:3036} INFO - Sync 1 DAGs
[2026-03-12T02:28:02.449+0000] {logging_mixin.py:188} INFO - [2026-03-12T02:28:02.449+0000] {dag.py:3823} INFO - Setting next_dagrun for example_short_circuit_decorator to 2026-03-11 00:00:00+00:00, run_after=2026-03-12 00:00:00+00:00
[2026-03-12T02:28:02.457+0000] {processor.py:183} INFO - Processing /home/airflow/.local/lib/python3.8/site-packages/airflow/example_dags/example_short_circuit_decorator.py took 0.038 seconds
[2026-03-12T02:28:33.165+0000] {processor.py:161} INFO - Started process (PID=2069) to work on /home/airflow/.local/lib/python3.8/site-packages/airflow/example_dags/example_short_circuit_decorator.py
[2026-03-12T02:28:33.165+0000] {processor.py:830} INFO - Processing file /home/airflow/.local/lib/python3.8/site-packages/airflow/example_dags/example_short_circuit_decorator.py for tasks to queue
[2026-03-12T02:28:33.166+0000] {logging_mixin.py:188} INFO - [2026-03-12T02:28:33.166+0000] {dagbag.py:538} INFO - Filling up the DagBag from /home/airflow/.local/lib/python3.8/site-packages/airflow/example_dags/example_short_circuit_decorator.py
[2026-03-12T02:28:33.170+0000] {processor.py:840} INFO - DAG(s) 'example_short_circuit_decorator' retrieved from /home/airflow/.local/lib/python3.8/site-packages/airflow/example_dags/example_short_circuit_decorator.py
[2026-03-12T02:28:33.181+0000] {logging_mixin.py:188} INFO - [2026-03-12T02:28:33.181+0000] {dag.py:3036} INFO - Sync 1 DAGs
[2026-03-12T02:28:33.192+0000] {logging_mixin.py:188} INFO - [2026-03-12T02:28:33.192+0000] {dag.py:3823} INFO - Setting next_dagrun for example_short_circuit_decorator to 2026-03-11 00:00:00+00:00, run_after=2026-03-12 00:00:00+00:00
[2026-03-12T02:28:33.201+0000] {processor.py:183} INFO - Processing /home/airflow/.local/lib/python3.8/site-packages/airflow/example_dags/example_short_circuit_decorator.py took 0.038 seconds
[2026-03-12T02:29:04.112+0000] {processor.py:161} INFO - Started process (PID=2145) to work on /home/airflow/.local/lib/python3.8/site-packages/airflow/example_dags/example_short_circuit_decorator.py
[2026-03-12T02:29:04.113+0000] {processor.py:830} INFO - Processing file /home/airflow/.local/lib/python3.8/site-packages/airflow/example_dags/example_short_circuit_decorator.py for tasks to queue
[2026-03-12T02:29:04.115+0000] {logging_mixin.py:188} INFO - [2026-03-12T02:29:04.115+0000] {dagbag.py:538} INFO - Filling up the DagBag from /home/airflow/.local/lib/python3.8/site-packages/airflow/example_dags/example_short_circuit_decorator.py
[2026-03-12T02:29:04.119+0000] {processor.py:840} INFO - DAG(s) 'example_short_circuit_decorator' retrieved from /home/airflow/.local/lib/python3.8/site-packages/airflow/example_dags/example_short_circuit_decorator.py
[2026-03-12T02:29:04.132+0000] {logging_mixin.py:188} INFO - [2026-03-12T02:29:04.132+0000] {dag.py:3036} INFO - Sync 1 DAGs
[2026-03-12T02:29:04.141+0000] {logging_mixin.py:188} INFO - [2026-03-12T02:29:04.141+0000] {dag.py:3823} INFO - Setting next_dagrun for example_short_circuit_decorator to 2026-03-11 00:00:00+00:00, run_after=2026-03-12 00:00:00+00:00
[2026-03-12T02:29:04.149+0000] {processor.py:183} INFO - Processing /home/airflow/.local/lib/python3.8/site-packages/airflow/example_dags/example_short_circuit_decorator.py took 0.039 seconds
[2026-03-12T02:29:35.138+0000] {processor.py:161} INFO - Started process (PID=2221) to work on /home/airflow/.local/lib/python3.8/site-packages/airflow/example_dags/example_short_circuit_decorator.py
[2026-03-12T02:29:35.139+0000] {processor.py:830} INFO - Processing file /home/airflow/.local/lib/python3.8/site-packages/airflow/example_dags/example_short_circuit_decorator.py for tasks to queue
[2026-03-12T02:29:35.140+0000] {logging_mixin.py:188} INFO - [2026-03-12T02:29:35.140+0000] {dagbag.py:538} INFO - Filling up the DagBag from /home/airflow/.local/lib/python3.8/site-packages/airflow/example_dags/example_short_circuit_decorator.py
[2026-03-12T02:29:35.144+0000] {processor.py:840} INFO - DAG(s) 'example_short_circuit_decorator' retrieved from /home/airflow/.local/lib/python3.8/site-packages/airflow/example_dags/example_short_circuit_decorator.py
[2026-03-12T02:29:35.153+0000] {logging_mixin.py:188} INFO - [2026-03-12T02:29:35.153+0000] {dag.py:3036} INFO - Sync 1 DAGs
[2026-03-12T02:29:35.162+0000] {logging_mixin.py:188} INFO - [2026-03-12T02:29:35.162+0000] {dag.py:3823} INFO - Setting next_dagrun for example_short_circuit_decorator to 2026-03-11 00:00:00+00:00, run_after=2026-03-12 00:00:00+00:00
[2026-03-12T02:29:35.175+0000] {processor.py:183} INFO - Processing /home/airflow/.local/lib/python3.8/site-packages/airflow/example_dags/example_short_circuit_decorator.py took 0.038 seconds
[2026-03-12T02:30:06.242+0000] {processor.py:161} INFO - Started process (PID=2297) to work on /home/airflow/.local/lib/python3.8/site-packages/airflow/example_dags/example_short_circuit_decorator.py
[2026-03-12T02:30:06.243+0000] {processor.py:830} INFO - Processing file /home/airflow/.local/lib/python3.8/site-packages/airflow/example_dags/example_short_circuit_decorator.py for tasks to queue
[2026-03-12T02:30:06.245+0000] {logging_mixin.py:188} INFO - [2026-03-12T02:30:06.244+0000] {dagbag.py:538} INFO - Filling up the DagBag from /home/airflow/.local/lib/python3.8/site-packages/airflow/example_dags/example_short_circuit_decorator.py
[2026-03-12T02:30:06.248+0000] {processor.py:840} INFO - DAG(s) 'example_short_circuit_decorator' retrieved from /home/airflow/.local/lib/python3.8/site-packages/airflow/example_dags/example_short_circuit_decorator.py
[2026-03-12T02:30:06.261+0000] {logging_mixin.py:188} INFO - [2026-03-12T02:30:06.260+0000] {dag.py:3036} INFO - Sync 1 DAGs
[2026-03-12T02:30:06.268+0000] {logging_mixin.py:188} INFO - [2026-03-12T02:30:06.268+0000] {dag.py:3823} INFO - Setting next_dagrun for example_short_circuit_decorator to 2026-03-11 00:00:00+00:00, run_after=2026-03-12 00:00:00+00:00
[2026-03-12T02:30:06.277+0000] {processor.py:183} INFO - Processing /home/airflow/.local/lib/python3.8/site-packages/airflow/example_dags/example_short_circuit_decorator.py took 0.037 seconds
[2026-03-12T02:30:37.154+0000] {processor.py:161} INFO - Started process (PID=2373) to work on /home/airflow/.local/lib/python3.8/site-packages/airflow/example_dags/example_short_circuit_decorator.py
[2026-03-12T02:30:37.154+0000] {processor.py:830} INFO - Processing file /home/airflow/.local/lib/python3.8/site-packages/airflow/example_dags/example_short_circuit_decorator.py for tasks to queue
[2026-03-12T02:30:37.155+0000] {logging_mixin.py:188} INFO - [2026-03-12T02:30:37.155+0000] {dagbag.py:538} INFO - Filling up the DagBag from /home/airflow/.local/lib/python3.8/site-packages/airflow/example_dags/example_short_circuit_decorator.py
[2026-03-12T02:30:37.159+0000] {processor.py:840} INFO - DAG(s) 'example_short_circuit_decorator' retrieved from /home/airflow/.local/lib/python3.8/site-packages/airflow/example_dags/example_short_circuit_decorator.py
[2026-03-12T02:30:37.170+0000] {logging_mixin.py:188} INFO - [2026-03-12T02:30:37.169+0000] {dag.py:3036} INFO - Sync 1 DAGs
[2026-03-12T02:30:37.178+0000] {logging_mixin.py:188} INFO - [2026-03-12T02:30:37.178+0000] {dag.py:3823} INFO - Setting next_dagrun for example_short_circuit_decorator to 2026-03-11 00:00:00+00:00, run_after=2026-03-12 00:00:00+00:00
[2026-03-12T02:30:37.184+0000] {processor.py:183} INFO - Processing /home/airflow/.local/lib/python3.8/site-packages/airflow/example_dags/example_short_circuit_decorator.py took 0.032 seconds
[2026-03-12T02:31:08.179+0000] {processor.py:161} INFO - Started process (PID=2449) to work on /home/airflow/.local/lib/python3.8/site-packages/airflow/example_dags/example_short_circuit_decorator.py
[2026-03-12T02:31:08.180+0000] {processor.py:830} INFO - Processing file /home/airflow/.local/lib/python3.8/site-packages/airflow/example_dags/example_short_circuit_decorator.py for tasks to queue
[2026-03-12T02:31:08.180+0000] {logging_mixin.py:188} INFO - [2026-03-12T02:31:08.180+0000] {dagbag.py:538} INFO - Filling up the DagBag from /home/airflow/.local/lib/python3.8/site-packages/airflow/example_dags/example_short_circuit_decorator.py
[2026-03-12T02:31:08.184+0000] {processor.py:840} INFO - DAG(s) 'example_short_circuit_decorator' retrieved from /home/airflow/.local/lib/python3.8/site-packages/airflow/example_dags/example_short_circuit_decorator.py
[2026-03-12T02:31:08.197+0000] {logging_mixin.py:188} INFO - [2026-03-12T02:31:08.197+0000] {dag.py:3036} INFO - Sync 1 DAGs
[2026-03-12T02:31:08.206+0000] {logging_mixin.py:188} INFO - [2026-03-12T02:31:08.206+0000] {dag.py:3823} INFO - Setting next_dagrun for example_short_circuit_decorator to 2026-03-11 00:00:00+00:00, run_after=2026-03-12 00:00:00+00:00
[2026-03-12T02:31:08.215+0000] {processor.py:183} INFO - Processing /home/airflow/.local/lib/python3.8/site-packages/airflow/example_dags/example_short_circuit_decorator.py took 0.037 seconds
[2026-03-12T02:31:39.117+0000] {processor.py:161} INFO - Started process (PID=2525) to work on /home/airflow/.local/lib/python3.8/site-packages/airflow/example_dags/example_short_circuit_decorator.py
[2026-03-12T02:31:39.117+0000] {processor.py:830} INFO - Processing file /home/airflow/.local/lib/python3.8/site-packages/airflow/example_dags/example_short_circuit_decorator.py for tasks to queue
[2026-03-12T02:31:39.118+0000] {logging_mixin.py:188} INFO - [2026-03-12T02:31:39.118+0000] {dagbag.py:538} INFO - Filling up the DagBag from /home/airflow/.local/lib/python3.8/site-packages/airflow/example_dags/example_short_circuit_decorator.py
[2026-03-12T02:31:39.121+0000] {processor.py:840} INFO - DAG(s) 'example_short_circuit_decorator' retrieved from /home/airflow/.local/lib/python3.8/site-packages/airflow/example_dags/example_short_circuit_decorator.py
[2026-03-12T02:31:39.129+0000] {logging_mixin.py:188} INFO - [2026-03-12T02:31:39.129+0000] {dag.py:3036} INFO - Sync 1 DAGs
[2026-03-12T02:31:39.136+0000] {logging_mixin.py:188} INFO - [2026-03-12T02:31:39.136+0000] {dag.py:3823} INFO - Setting next_dagrun for example_short_circuit_decorator to 2026-03-11 00:00:00+00:00, run_after=2026-03-12 00:00:00+00:00
[2026-03-12T02:31:39.141+0000] {processor.py:183} INFO - Processing /home/airflow/.local/lib/python3.8/site-packages/airflow/example_dags/example_short_circuit_decorator.py took 0.026 seconds
[2026-03-12T02:32:10.195+0000] {processor.py:161} INFO - Started process (PID=2607) to work on /home/airflow/.local/lib/python3.8/site-packages/airflow/example_dags/example_short_circuit_decorator.py
[2026-03-12T02:32:10.195+0000] {processor.py:830} INFO - Processing file /home/airflow/.local/lib/python3.8/site-packages/airflow/example_dags/example_short_circuit_decorator.py for tasks to queue
[2026-03-12T02:32:10.196+0000] {logging_mixin.py:188} INFO - [2026-03-12T02:32:10.196+0000] {dagbag.py:538} INFO - Filling up the DagBag from /home/airflow/.local/lib/python3.8/site-packages/airflow/example_dags/example_short_circuit_decorator.py
[2026-03-12T02:32:10.199+0000] {processor.py:840} INFO - DAG(s) 'example_short_circuit_decorator' retrieved from /home/airflow/.local/lib/python3.8/site-packages/airflow/example_dags/example_short_circuit_decorator.py
[2026-03-12T02:32:10.207+0000] {logging_mixin.py:188} INFO - [2026-03-12T02:32:10.207+0000] {dag.py:3036} INFO - Sync 1 DAGs
[2026-03-12T02:32:10.213+0000] {logging_mixin.py:188} INFO - [2026-03-12T02:32:10.213+0000] {dag.py:3823} INFO - Setting next_dagrun for example_short_circuit_decorator to 2026-03-11 00:00:00+00:00, run_after=2026-03-12 00:00:00+00:00
[2026-03-12T02:32:10.219+0000] {processor.py:183} INFO - Processing /home/airflow/.local/lib/python3.8/site-packages/airflow/example_dags/example_short_circuit_decorator.py took 0.026 seconds
[2026-03-12T02:32:41.822+0000] {processor.py:161} INFO - Started process (PID=2683) to work on /home/airflow/.local/lib/python3.8/site-packages/airflow/example_dags/example_short_circuit_decorator.py
[2026-03-12T02:32:41.822+0000] {processor.py:830} INFO - Processing file /home/airflow/.local/lib/python3.8/site-packages/airflow/example_dags/example_short_circuit_decorator.py for tasks to queue
[2026-03-12T02:32:41.824+0000] {logging_mixin.py:188} INFO - [2026-03-12T02:32:41.824+0000] {dagbag.py:538} INFO - Filling up the DagBag from /home/airflow/.local/lib/python3.8/site-packages/airflow/example_dags/example_short_circuit_decorator.py
[2026-03-12T02:32:41.828+0000] {processor.py:840} INFO - DAG(s) 'example_short_circuit_decorator' retrieved from /home/airflow/.local/lib/python3.8/site-packages/airflow/example_dags/example_short_circuit_decorator.py
[2026-03-12T02:32:41.840+0000] {logging_mixin.py:188} INFO - [2026-03-12T02:32:41.840+0000] {dag.py:3036} INFO - Sync 1 DAGs
[2026-03-12T02:32:41.852+0000] {logging_mixin.py:188} INFO - [2026-03-12T02:32:41.852+0000] {dag.py:3823} INFO - Setting next_dagrun for example_short_circuit_decorator to 2026-03-11 00:00:00+00:00, run_after=2026-03-12 00:00:00+00:00
[2026-03-12T02:32:41.862+0000] {processor.py:183} INFO - Processing /home/airflow/.local/lib/python3.8/site-packages/airflow/example_dags/example_short_circuit_decorator.py took 0.042 seconds
[2026-03-12T02:33:12.661+0000] {processor.py:161} INFO - Started process (PID=2759) to work on /home/airflow/.local/lib/python3.8/site-packages/airflow/example_dags/example_short_circuit_decorator.py
[2026-03-12T02:33:12.662+0000] {processor.py:830} INFO - Processing file /home/airflow/.local/lib/python3.8/site-packages/airflow/example_dags/example_short_circuit_decorator.py for tasks to queue
[2026-03-12T02:33:12.663+0000] {logging_mixin.py:188} INFO - [2026-03-12T02:33:12.662+0000] {dagbag.py:538} INFO - Filling up the DagBag from /home/airflow/.local/lib/python3.8/site-packages/airflow/example_dags/example_short_circuit_decorator.py
[2026-03-12T02:33:12.666+0000] {processor.py:840} INFO - DAG(s) 'example_short_circuit_decorator' retrieved from /home/airflow/.local/lib/python3.8/site-packages/airflow/example_dags/example_short_circuit_decorator.py
[2026-03-12T02:33:12.685+0000] {logging_mixin.py:188} INFO - [2026-03-12T02:33:12.685+0000] {dag.py:3036} INFO - Sync 1 DAGs
[2026-03-12T02:33:12.701+0000] {logging_mixin.py:188} INFO - [2026-03-12T02:33:12.701+0000] {dag.py:3823} INFO - Setting next_dagrun for example_short_circuit_decorator to 2026-03-11 00:00:00+00:00, run_after=2026-03-12 00:00:00+00:00
[2026-03-12T02:33:12.712+0000] {processor.py:183} INFO - Processing /home/airflow/.local/lib/python3.8/site-packages/airflow/example_dags/example_short_circuit_decorator.py took 0.052 seconds
[2026-03-12T02:33:43.569+0000] {processor.py:161} INFO - Started process (PID=2835) to work on /home/airflow/.local/lib/python3.8/site-packages/airflow/example_dags/example_short_circuit_decorator.py
[2026-03-12T02:33:43.569+0000] {processor.py:830} INFO - Processing file /home/airflow/.local/lib/python3.8/site-packages/airflow/example_dags/example_short_circuit_decorator.py for tasks to queue
[2026-03-12T02:33:43.570+0000] {logging_mixin.py:188} INFO - [2026-03-12T02:33:43.570+0000] {dagbag.py:538} INFO - Filling up the DagBag from /home/airflow/.local/lib/python3.8/site-packages/airflow/example_dags/example_short_circuit_decorator.py
[2026-03-12T02:33:43.574+0000] {processor.py:840} INFO - DAG(s) 'example_short_circuit_decorator' retrieved from /home/airflow/.local/lib/python3.8/site-packages/airflow/example_dags/example_short_circuit_decorator.py
[2026-03-12T02:33:43.583+0000] {logging_mixin.py:188} INFO - [2026-03-12T02:33:43.583+0000] {dag.py:3036} INFO - Sync 1 DAGs
[2026-03-12T02:33:43.668+0000] {logging_mixin.py:188} INFO - [2026-03-12T02:33:43.668+0000] {dag.py:3823} INFO - Setting next_dagrun for example_short_circuit_decorator to 2026-03-11 00:00:00+00:00, run_after=2026-03-12 00:00:00+00:00
[2026-03-12T02:33:43.684+0000] {processor.py:183} INFO - Processing /home/airflow/.local/lib/python3.8/site-packages/airflow/example_dags/example_short_circuit_decorator.py took 0.117 seconds
[2026-03-12T02:34:13.787+0000] {processor.py:161} INFO - Started process (PID=2911) to work on /home/airflow/.local/lib/python3.8/site-packages/airflow/example_dags/example_short_circuit_decorator.py
[2026-03-12T02:34:13.788+0000] {processor.py:830} INFO - Processing file /home/airflow/.local/lib/python3.8/site-packages/airflow/example_dags/example_short_circuit_decorator.py for tasks to queue
[2026-03-12T02:34:13.788+0000] {logging_mixin.py:188} INFO - [2026-03-12T02:34:13.788+0000] {dagbag.py:538} INFO - Filling up the DagBag from /home/airflow/.local/lib/python3.8/site-packages/airflow/example_dags/example_short_circuit_decorator.py
[2026-03-12T02:34:13.792+0000] {processor.py:840} INFO - DAG(s) 'example_short_circuit_decorator' retrieved from /home/airflow/.local/lib/python3.8/site-packages/airflow/example_dags/example_short_circuit_decorator.py
[2026-03-12T02:34:13.800+0000] {logging_mixin.py:188} INFO - [2026-03-12T02:34:13.800+0000] {dag.py:3036} INFO - Sync 1 DAGs
[2026-03-12T02:34:13.807+0000] {logging_mixin.py:188} INFO - [2026-03-12T02:34:13.807+0000] {dag.py:3823} INFO - Setting next_dagrun for example_short_circuit_decorator to 2026-03-11 00:00:00+00:00, run_after=2026-03-12 00:00:00+00:00
[2026-03-12T02:34:13.814+0000] {processor.py:183} INFO - Processing /home/airflow/.local/lib/python3.8/site-packages/airflow/example_dags/example_short_circuit_decorator.py took 0.028 seconds
[2026-03-12T02:34:44.701+0000] {processor.py:161} INFO - Started process (PID=2987) to work on /home/airflow/.local/lib/python3.8/site-packages/airflow/example_dags/example_short_circuit_decorator.py
[2026-03-12T02:34:44.702+0000] {processor.py:830} INFO - Processing file /home/airflow/.local/lib/python3.8/site-packages/airflow/example_dags/example_short_circuit_decorator.py for tasks to queue
[2026-03-12T02:34:44.702+0000] {logging_mixin.py:188} INFO - [2026-03-12T02:34:44.702+0000] {dagbag.py:538} INFO - Filling up the DagBag from /home/airflow/.local/lib/python3.8/site-packages/airflow/example_dags/example_short_circuit_decorator.py
[2026-03-12T02:34:44.706+0000] {processor.py:840} INFO - DAG(s) 'example_short_circuit_decorator' retrieved from /home/airflow/.local/lib/python3.8/site-packages/airflow/example_dags/example_short_circuit_decorator.py
[2026-03-12T02:34:44.715+0000] {logging_mixin.py:188} INFO - [2026-03-12T02:34:44.715+0000] {dag.py:3036} INFO - Sync 1 DAGs
[2026-03-12T02:34:44.722+0000] {logging_mixin.py:188} INFO - [2026-03-12T02:34:44.722+0000] {dag.py:3823} INFO - Setting next_dagrun for example_short_circuit_decorator to 2026-03-11 00:00:00+00:00, run_after=2026-03-12 00:00:00+00:00
[2026-03-12T02:34:44.728+0000] {processor.py:183} INFO - Processing /home/airflow/.local/lib/python3.8/site-packages/airflow/example_dags/example_short_circuit_decorator.py took 0.028 seconds
[2026-03-12T02:35:15.416+0000] {processor.py:161} INFO - Started process (PID=3063) to work on /home/airflow/.local/lib/python3.8/site-packages/airflow/example_dags/example_short_circuit_decorator.py
[2026-03-12T02:35:15.416+0000] {processor.py:830} INFO - Processing file /home/airflow/.local/lib/python3.8/site-packages/airflow/example_dags/example_short_circuit_decorator.py for tasks to queue
[2026-03-12T02:35:15.418+0000] {logging_mixin.py:188} INFO - [2026-03-12T02:35:15.418+0000] {dagbag.py:538} INFO - Filling up the DagBag from /home/airflow/.local/lib/python3.8/site-packages/airflow/example_dags/example_short_circuit_decorator.py
[2026-03-12T02:35:15.423+0000] {processor.py:840} INFO - DAG(s) 'example_short_circuit_decorator' retrieved from /home/airflow/.local/lib/python3.8/site-packages/airflow/example_dags/example_short_circuit_decorator.py
[2026-03-12T02:35:15.434+0000] {logging_mixin.py:188} INFO - [2026-03-12T02:35:15.434+0000] {dag.py:3036} INFO - Sync 1 DAGs
[2026-03-12T02:35:15.445+0000] {logging_mixin.py:188} INFO - [2026-03-12T02:35:15.444+0000] {dag.py:3823} INFO - Setting next_dagrun for example_short_circuit_decorator to 2026-03-11 00:00:00+00:00, run_after=2026-03-12 00:00:00+00:00
[2026-03-12T02:35:15.455+0000] {processor.py:183} INFO - Processing /home/airflow/.local/lib/python3.8/site-packages/airflow/example_dags/example_short_circuit_decorator.py took 0.041 seconds
[2026-03-12T02:35:46.197+0000] {processor.py:161} INFO - Started process (PID=3139) to work on /home/airflow/.local/lib/python3.8/site-packages/airflow/example_dags/example_short_circuit_decorator.py
[2026-03-12T02:35:46.198+0000] {processor.py:830} INFO - Processing file /home/airflow/.local/lib/python3.8/site-packages/airflow/example_dags/example_short_circuit_decorator.py for tasks to queue
[2026-03-12T02:35:46.199+0000] {logging_mixin.py:188} INFO - [2026-03-12T02:35:46.199+0000] {dagbag.py:538} INFO - Filling up the DagBag from /home/airflow/.local/lib/python3.8/site-packages/airflow/example_dags/example_short_circuit_decorator.py
[2026-03-12T02:35:46.203+0000] {processor.py:840} INFO - DAG(s) 'example_short_circuit_decorator' retrieved from /home/airflow/.local/lib/python3.8/site-packages/airflow/example_dags/example_short_circuit_decorator.py
[2026-03-12T02:35:46.212+0000] {logging_mixin.py:188} INFO - [2026-03-12T02:35:46.212+0000] {dag.py:3036} INFO - Sync 1 DAGs
[2026-03-12T02:35:46.222+0000] {logging_mixin.py:188} INFO - [2026-03-12T02:35:46.221+0000] {dag.py:3823} INFO - Setting next_dagrun for example_short_circuit_decorator to 2026-03-11 00:00:00+00:00, run_after=2026-03-12 00:00:00+00:00
[2026-03-12T02:35:46.233+0000] {processor.py:183} INFO - Processing /home/airflow/.local/lib/python3.8/site-packages/airflow/example_dags/example_short_circuit_decorator.py took 0.038 seconds
[2026-03-12T02:36:17.075+0000] {processor.py:161} INFO - Started process (PID=3215) to work on /home/airflow/.local/lib/python3.8/site-packages/airflow/example_dags/example_short_circuit_decorator.py
[2026-03-12T02:36:17.076+0000] {processor.py:830} INFO - Processing file /home/airflow/.local/lib/python3.8/site-packages/airflow/example_dags/example_short_circuit_decorator.py for tasks to queue
[2026-03-12T02:36:17.078+0000] {logging_mixin.py:188} INFO - [2026-03-12T02:36:17.077+0000] {dagbag.py:538} INFO - Filling up the DagBag from /home/airflow/.local/lib/python3.8/site-packages/airflow/example_dags/example_short_circuit_decorator.py
[2026-03-12T02:36:17.083+0000] {processor.py:840} INFO - DAG(s) 'example_short_circuit_decorator' retrieved from /home/airflow/.local/lib/python3.8/site-packages/airflow/example_dags/example_short_circuit_decorator.py
[2026-03-12T02:36:17.091+0000] {logging_mixin.py:188} INFO - [2026-03-12T02:36:17.091+0000] {dag.py:3036} INFO - Sync 1 DAGs
[2026-03-12T02:36:17.100+0000] {logging_mixin.py:188} INFO - [2026-03-12T02:36:17.100+0000] {dag.py:3823} INFO - Setting next_dagrun for example_short_circuit_decorator to 2026-03-11 00:00:00+00:00, run_after=2026-03-12 00:00:00+00:00
[2026-03-12T02:36:17.111+0000] {processor.py:183} INFO - Processing /home/airflow/.local/lib/python3.8/site-packages/airflow/example_dags/example_short_circuit_decorator.py took 0.037 seconds
[2026-03-12T02:36:47.659+0000] {processor.py:161} INFO - Started process (PID=3291) to work on /home/airflow/.local/lib/python3.8/site-packages/airflow/example_dags/example_short_circuit_decorator.py
[2026-03-12T02:36:47.660+0000] {processor.py:830} INFO - Processing file /home/airflow/.local/lib/python3.8/site-packages/airflow/example_dags/example_short_circuit_decorator.py for tasks to queue
[2026-03-12T02:36:47.661+0000] {logging_mixin.py:188} INFO - [2026-03-12T02:36:47.661+0000] {dagbag.py:538} INFO - Filling up the DagBag from /home/airflow/.local/lib/python3.8/site-packages/airflow/example_dags/example_short_circuit_decorator.py
[2026-03-12T02:36:47.665+0000] {processor.py:840} INFO - DAG(s) 'example_short_circuit_decorator' retrieved from /home/airflow/.local/lib/python3.8/site-packages/airflow/example_dags/example_short_circuit_decorator.py
[2026-03-12T02:36:47.680+0000] {logging_mixin.py:188} INFO - [2026-03-12T02:36:47.680+0000] {dag.py:3036} INFO - Sync 1 DAGs
[2026-03-12T02:36:47.692+0000] {logging_mixin.py:188} INFO - [2026-03-12T02:36:47.692+0000] {dag.py:3823} INFO - Setting next_dagrun for example_short_circuit_decorator to 2026-03-11 00:00:00+00:00, run_after=2026-03-12 00:00:00+00:00
[2026-03-12T02:36:47.699+0000] {processor.py:183} INFO - Processing /home/airflow/.local/lib/python3.8/site-packages/airflow/example_dags/example_short_circuit_decorator.py took 0.041 seconds
[2026-03-12T02:37:18.450+0000] {processor.py:161} INFO - Started process (PID=3367) to work on /home/airflow/.local/lib/python3.8/site-packages/airflow/example_dags/example_short_circuit_decorator.py
[2026-03-12T02:37:18.450+0000] {processor.py:830} INFO - Processing file /home/airflow/.local/lib/python3.8/site-packages/airflow/example_dags/example_short_circuit_decorator.py for tasks to queue
[2026-03-12T02:37:18.451+0000] {logging_mixin.py:188} INFO - [2026-03-12T02:37:18.451+0000] {dagbag.py:538} INFO - Filling up the DagBag from /home/airflow/.local/lib/python3.8/site-packages/airflow/example_dags/example_short_circuit_decorator.py
[2026-03-12T02:37:18.455+0000] {processor.py:840} INFO - DAG(s) 'example_short_circuit_decorator' retrieved from /home/airflow/.local/lib/python3.8/site-packages/airflow/example_dags/example_short_circuit_decorator.py
[2026-03-12T02:37:18.470+0000] {logging_mixin.py:188} INFO - [2026-03-12T02:37:18.469+0000] {dag.py:3036} INFO - Sync 1 DAGs
[2026-03-12T02:37:18.480+0000] {logging_mixin.py:188} INFO - [2026-03-12T02:37:18.480+0000] {dag.py:3823} INFO - Setting next_dagrun for example_short_circuit_decorator to 2026-03-11 00:00:00+00:00, run_after=2026-03-12 00:00:00+00:00
[2026-03-12T02:37:18.487+0000] {processor.py:183} INFO - Processing /home/airflow/.local/lib/python3.8/site-packages/airflow/example_dags/example_short_circuit_decorator.py took 0.040 seconds
[2026-03-12T02:37:49.276+0000] {processor.py:161} INFO - Started process (PID=3443) to work on /home/airflow/.local/lib/python3.8/site-packages/airflow/example_dags/example_short_circuit_decorator.py
[2026-03-12T02:37:49.276+0000] {processor.py:830} INFO - Processing file /home/airflow/.local/lib/python3.8/site-packages/airflow/example_dags/example_short_circuit_decorator.py for tasks to queue
[2026-03-12T02:37:49.277+0000] {logging_mixin.py:188} INFO - [2026-03-12T02:37:49.277+0000] {dagbag.py:538} INFO - Filling up the DagBag from /home/airflow/.local/lib/python3.8/site-packages/airflow/example_dags/example_short_circuit_decorator.py
[2026-03-12T02:37:49.281+0000] {processor.py:840} INFO - DAG(s) 'example_short_circuit_decorator' retrieved from /home/airflow/.local/lib/python3.8/site-packages/airflow/example_dags/example_short_circuit_decorator.py
[2026-03-12T02:37:49.290+0000] {logging_mixin.py:188} INFO - [2026-03-12T02:37:49.290+0000] {dag.py:3036} INFO - Sync 1 DAGs
[2026-03-12T02:37:49.299+0000] {logging_mixin.py:188} INFO - [2026-03-12T02:37:49.299+0000] {dag.py:3823} INFO - Setting next_dagrun for example_short_circuit_decorator to 2026-03-11 00:00:00+00:00, run_after=2026-03-12 00:00:00+00:00
[2026-03-12T02:37:49.309+0000] {processor.py:183} INFO - Processing /home/airflow/.local/lib/python3.8/site-packages/airflow/example_dags/example_short_circuit_decorator.py took 0.034 seconds
[2026-03-12T02:38:19.653+0000] {processor.py:161} INFO - Started process (PID=3519) to work on /home/airflow/.local/lib/python3.8/site-packages/airflow/example_dags/example_short_circuit_decorator.py
[2026-03-12T02:38:19.653+0000] {processor.py:830} INFO - Processing file /home/airflow/.local/lib/python3.8/site-packages/airflow/example_dags/example_short_circuit_decorator.py for tasks to queue
[2026-03-12T02:38:19.654+0000] {logging_mixin.py:188} INFO - [2026-03-12T02:38:19.654+0000] {dagbag.py:538} INFO - Filling up the DagBag from /home/airflow/.local/lib/python3.8/site-packages/airflow/example_dags/example_short_circuit_decorator.py
[2026-03-12T02:38:19.657+0000] {processor.py:840} INFO - DAG(s) 'example_short_circuit_decorator' retrieved from /home/airflow/.local/lib/python3.8/site-packages/airflow/example_dags/example_short_circuit_decorator.py
[2026-03-12T02:38:19.666+0000] {logging_mixin.py:188} INFO - [2026-03-12T02:38:19.666+0000] {dag.py:3036} INFO - Sync 1 DAGs
[2026-03-12T02:38:19.674+0000] {logging_mixin.py:188} INFO - [2026-03-12T02:38:19.674+0000] {dag.py:3823} INFO - Setting next_dagrun for example_short_circuit_decorator to 2026-03-11 00:00:00+00:00, run_after=2026-03-12 00:00:00+00:00
[2026-03-12T02:38:19.680+0000] {processor.py:183} INFO - Processing /home/airflow/.local/lib/python3.8/site-packages/airflow/example_dags/example_short_circuit_decorator.py took 0.029 seconds
[2026-03-12T02:38:50.768+0000] {processor.py:161} INFO - Started process (PID=3595) to work on /home/airflow/.local/lib/python3.8/site-packages/airflow/example_dags/example_short_circuit_decorator.py
[2026-03-12T02:38:50.769+0000] {processor.py:830} INFO - Processing file /home/airflow/.local/lib/python3.8/site-packages/airflow/example_dags/example_short_circuit_decorator.py for tasks to queue
[2026-03-12T02:38:50.770+0000] {logging_mixin.py:188} INFO - [2026-03-12T02:38:50.770+0000] {dagbag.py:538} INFO - Filling up the DagBag from /home/airflow/.local/lib/python3.8/site-packages/airflow/example_dags/example_short_circuit_decorator.py
[2026-03-12T02:38:50.775+0000] {processor.py:840} INFO - DAG(s) 'example_short_circuit_decorator' retrieved from /home/airflow/.local/lib/python3.8/site-packages/airflow/example_dags/example_short_circuit_decorator.py
[2026-03-12T02:38:50.788+0000] {logging_mixin.py:188} INFO - [2026-03-12T02:38:50.787+0000] {dag.py:3036} INFO - Sync 1 DAGs
[2026-03-12T02:38:50.814+0000] {logging_mixin.py:188} INFO - [2026-03-12T02:38:50.814+0000] {dag.py:3823} INFO - Setting next_dagrun for example_short_circuit_decorator to 2026-03-11 00:00:00+00:00, run_after=2026-03-12 00:00:00+00:00
[2026-03-12T02:38:50.835+0000] {processor.py:183} INFO - Processing /home/airflow/.local/lib/python3.8/site-packages/airflow/example_dags/example_short_circuit_decorator.py took 0.069 seconds
[2026-03-12T02:39:21.123+0000] {processor.py:161} INFO - Started process (PID=3671) to work on /home/airflow/.local/lib/python3.8/site-packages/airflow/example_dags/example_short_circuit_decorator.py
[2026-03-12T02:39:21.123+0000] {processor.py:830} INFO - Processing file /home/airflow/.local/lib/python3.8/site-packages/airflow/example_dags/example_short_circuit_decorator.py for tasks to queue
[2026-03-12T02:39:21.124+0000] {logging_mixin.py:188} INFO - [2026-03-12T02:39:21.124+0000] {dagbag.py:538} INFO - Filling up the DagBag from /home/airflow/.local/lib/python3.8/site-packages/airflow/example_dags/example_short_circuit_decorator.py
[2026-03-12T02:39:21.128+0000] {processor.py:840} INFO - DAG(s) 'example_short_circuit_decorator' retrieved from /home/airflow/.local/lib/python3.8/site-packages/airflow/example_dags/example_short_circuit_decorator.py
[2026-03-12T02:39:21.137+0000] {logging_mixin.py:188} INFO - [2026-03-12T02:39:21.136+0000] {dag.py:3036} INFO - Sync 1 DAGs
[2026-03-12T02:39:21.144+0000] {logging_mixin.py:188} INFO - [2026-03-12T02:39:21.144+0000] {dag.py:3823} INFO - Setting next_dagrun for example_short_circuit_decorator to 2026-03-11 00:00:00+00:00, run_after=2026-03-12 00:00:00+00:00
[2026-03-12T02:39:21.152+0000] {processor.py:183} INFO - Processing /home/airflow/.local/lib/python3.8/site-packages/airflow/example_dags/example_short_circuit_decorator.py took 0.031 seconds
[2026-03-12T02:39:52.141+0000] {processor.py:161} INFO - Started process (PID=3747) to work on /home/airflow/.local/lib/python3.8/site-packages/airflow/example_dags/example_short_circuit_decorator.py
[2026-03-12T02:39:52.142+0000] {processor.py:830} INFO - Processing file /home/airflow/.local/lib/python3.8/site-packages/airflow/example_dags/example_short_circuit_decorator.py for tasks to queue
[2026-03-12T02:39:52.144+0000] {logging_mixin.py:188} INFO - [2026-03-12T02:39:52.143+0000] {dagbag.py:538} INFO - Filling up the DagBag from /home/airflow/.local/lib/python3.8/site-packages/airflow/example_dags/example_short_circuit_decorator.py
[2026-03-12T02:39:52.148+0000] {processor.py:840} INFO - DAG(s) 'example_short_circuit_decorator' retrieved from /home/airflow/.local/lib/python3.8/site-packages/airflow/example_dags/example_short_circuit_decorator.py
[2026-03-12T02:39:52.159+0000] {logging_mixin.py:188} INFO - [2026-03-12T02:39:52.159+0000] {dag.py:3036} INFO - Sync 1 DAGs
[2026-03-12T02:39:52.169+0000] {logging_mixin.py:188} INFO - [2026-03-12T02:39:52.169+0000] {dag.py:3823} INFO - Setting next_dagrun for example_short_circuit_decorator to 2026-03-11 00:00:00+00:00, run_after=2026-03-12 00:00:00+00:00
[2026-03-12T02:39:52.176+0000] {processor.py:183} INFO - Processing /home/airflow/.local/lib/python3.8/site-packages/airflow/example_dags/example_short_circuit_decorator.py took 0.036 seconds
[2026-03-12T02:40:23.370+0000] {processor.py:161} INFO - Started process (PID=3823) to work on /home/airflow/.local/lib/python3.8/site-packages/airflow/example_dags/example_short_circuit_decorator.py
[2026-03-12T02:40:23.371+0000] {processor.py:830} INFO - Processing file /home/airflow/.local/lib/python3.8/site-packages/airflow/example_dags/example_short_circuit_decorator.py for tasks to queue
[2026-03-12T02:40:23.373+0000] {logging_mixin.py:188} INFO - [2026-03-12T02:40:23.373+0000] {dagbag.py:538} INFO - Filling up the DagBag from /home/airflow/.local/lib/python3.8/site-packages/airflow/example_dags/example_short_circuit_decorator.py
[2026-03-12T02:40:23.377+0000] {processor.py:840} INFO - DAG(s) 'example_short_circuit_decorator' retrieved from /home/airflow/.local/lib/python3.8/site-packages/airflow/example_dags/example_short_circuit_decorator.py
[2026-03-12T02:40:23.387+0000] {logging_mixin.py:188} INFO - [2026-03-12T02:40:23.387+0000] {dag.py:3036} INFO - Sync 1 DAGs
[2026-03-12T02:40:23.396+0000] {logging_mixin.py:188} INFO - [2026-03-12T02:40:23.396+0000] {dag.py:3823} INFO - Setting next_dagrun for example_short_circuit_decorator to 2026-03-11 00:00:00+00:00, run_after=2026-03-12 00:00:00+00:00
[2026-03-12T02:40:23.407+0000] {processor.py:183} INFO - Processing /home/airflow/.local/lib/python3.8/site-packages/airflow/example_dags/example_short_circuit_decorator.py took 0.039 seconds
[2026-03-12T02:40:54.413+0000] {processor.py:161} INFO - Started process (PID=3899) to work on /home/airflow/.local/lib/python3.8/site-packages/airflow/example_dags/example_short_circuit_decorator.py
[2026-03-12T02:40:54.414+0000] {processor.py:830} INFO - Processing file /home/airflow/.local/lib/python3.8/site-packages/airflow/example_dags/example_short_circuit_decorator.py for tasks to queue
[2026-03-12T02:40:54.416+0000] {logging_mixin.py:188} INFO - [2026-03-12T02:40:54.416+0000] {dagbag.py:538} INFO - Filling up the DagBag from /home/airflow/.local/lib/python3.8/site-packages/airflow/example_dags/example_short_circuit_decorator.py
[2026-03-12T02:40:54.420+0000] {processor.py:840} INFO - DAG(s) 'example_short_circuit_decorator' retrieved from /home/airflow/.local/lib/python3.8/site-packages/airflow/example_dags/example_short_circuit_decorator.py
[2026-03-12T02:40:54.432+0000] {logging_mixin.py:188} INFO - [2026-03-12T02:40:54.432+0000] {dag.py:3036} INFO - Sync 1 DAGs
[2026-03-12T02:40:54.441+0000] {logging_mixin.py:188} INFO - [2026-03-12T02:40:54.441+0000] {dag.py:3823} INFO - Setting next_dagrun for example_short_circuit_decorator to 2026-03-11 00:00:00+00:00, run_after=2026-03-12 00:00:00+00:00
[2026-03-12T02:40:54.447+0000] {processor.py:183} INFO - Processing /home/airflow/.local/lib/python3.8/site-packages/airflow/example_dags/example_short_circuit_decorator.py took 0.036 seconds
[2026-03-12T02:41:25.233+0000] {processor.py:161} INFO - Started process (PID=3975) to work on /home/airflow/.local/lib/python3.8/site-packages/airflow/example_dags/example_short_circuit_decorator.py
[2026-03-12T02:41:25.234+0000] {processor.py:830} INFO - Processing file /home/airflow/.local/lib/python3.8/site-packages/airflow/example_dags/example_short_circuit_decorator.py for tasks to queue
[2026-03-12T02:41:25.235+0000] {logging_mixin.py:188} INFO - [2026-03-12T02:41:25.235+0000] {dagbag.py:538} INFO - Filling up the DagBag from /home/airflow/.local/lib/python3.8/site-packages/airflow/example_dags/example_short_circuit_decorator.py
[2026-03-12T02:41:25.240+0000] {processor.py:840} INFO - DAG(s) 'example_short_circuit_decorator' retrieved from /home/airflow/.local/lib/python3.8/site-packages/airflow/example_dags/example_short_circuit_decorator.py
[2026-03-12T02:41:25.252+0000] {logging_mixin.py:188} INFO - [2026-03-12T02:41:25.252+0000] {dag.py:3036} INFO - Sync 1 DAGs
[2026-03-12T02:41:25.260+0000] {logging_mixin.py:188} INFO - [2026-03-12T02:41:25.260+0000] {dag.py:3823} INFO - Setting next_dagrun for example_short_circuit_decorator to 2026-03-11 00:00:00+00:00, run_after=2026-03-12 00:00:00+00:00
[2026-03-12T02:41:25.266+0000] {processor.py:183} INFO - Processing /home/airflow/.local/lib/python3.8/site-packages/airflow/example_dags/example_short_circuit_decorator.py took 0.034 seconds
[2026-03-12T02:41:56.039+0000] {processor.py:161} INFO - Started process (PID=4051) to work on /home/airflow/.local/lib/python3.8/site-packages/airflow/example_dags/example_short_circuit_decorator.py
[2026-03-12T02:41:56.039+0000] {processor.py:830} INFO - Processing file /home/airflow/.local/lib/python3.8/site-packages/airflow/example_dags/example_short_circuit_decorator.py for tasks to queue
[2026-03-12T02:41:56.040+0000] {logging_mixin.py:188} INFO - [2026-03-12T02:41:56.040+0000] {dagbag.py:538} INFO - Filling up the DagBag from /home/airflow/.local/lib/python3.8/site-packages/airflow/example_dags/example_short_circuit_decorator.py
[2026-03-12T02:41:56.043+0000] {processor.py:840} INFO - DAG(s) 'example_short_circuit_decorator' retrieved from /home/airflow/.local/lib/python3.8/site-packages/airflow/example_dags/example_short_circuit_decorator.py
[2026-03-12T02:41:56.051+0000] {logging_mixin.py:188} INFO - [2026-03-12T02:41:56.051+0000] {dag.py:3036} INFO - Sync 1 DAGs
[2026-03-12T02:41:56.058+0000] {logging_mixin.py:188} INFO - [2026-03-12T02:41:56.058+0000] {dag.py:3823} INFO - Setting next_dagrun for example_short_circuit_decorator to 2026-03-11 00:00:00+00:00, run_after=2026-03-12 00:00:00+00:00
[2026-03-12T02:41:56.063+0000] {processor.py:183} INFO - Processing /home/airflow/.local/lib/python3.8/site-packages/airflow/example_dags/example_short_circuit_decorator.py took 0.026 seconds
[2026-03-12T02:42:26.759+0000] {processor.py:161} INFO - Started process (PID=4127) to work on /home/airflow/.local/lib/python3.8/site-packages/airflow/example_dags/example_short_circuit_decorator.py
[2026-03-12T02:42:26.760+0000] {processor.py:830} INFO - Processing file /home/airflow/.local/lib/python3.8/site-packages/airflow/example_dags/example_short_circuit_decorator.py for tasks to queue
[2026-03-12T02:42:26.762+0000] {logging_mixin.py:188} INFO - [2026-03-12T02:42:26.761+0000] {dagbag.py:538} INFO - Filling up the DagBag from /home/airflow/.local/lib/python3.8/site-packages/airflow/example_dags/example_short_circuit_decorator.py
[2026-03-12T02:42:26.766+0000] {processor.py:840} INFO - DAG(s) 'example_short_circuit_decorator' retrieved from /home/airflow/.local/lib/python3.8/site-packages/airflow/example_dags/example_short_circuit_decorator.py
[2026-03-12T02:42:26.774+0000] {logging_mixin.py:188} INFO - [2026-03-12T02:42:26.774+0000] {dag.py:3036} INFO - Sync 1 DAGs
[2026-03-12T02:42:26.783+0000] {logging_mixin.py:188} INFO - [2026-03-12T02:42:26.783+0000] {dag.py:3823} INFO - Setting next_dagrun for example_short_circuit_decorator to 2026-03-11 00:00:00+00:00, run_after=2026-03-12 00:00:00+00:00
[2026-03-12T02:42:26.868+0000] {processor.py:183} INFO - Processing /home/airflow/.local/lib/python3.8/site-packages/airflow/example_dags/example_short_circuit_decorator.py took 0.110 seconds
[2026-03-12T02:42:57.121+0000] {processor.py:161} INFO - Started process (PID=4203) to work on /home/airflow/.local/lib/python3.8/site-packages/airflow/example_dags/example_short_circuit_decorator.py
[2026-03-12T02:42:57.122+0000] {processor.py:830} INFO - Processing file /home/airflow/.local/lib/python3.8/site-packages/airflow/example_dags/example_short_circuit_decorator.py for tasks to queue
[2026-03-12T02:42:57.123+0000] {logging_mixin.py:188} INFO - [2026-03-12T02:42:57.123+0000] {dagbag.py:538} INFO - Filling up the DagBag from /home/airflow/.local/lib/python3.8/site-packages/airflow/example_dags/example_short_circuit_decorator.py
[2026-03-12T02:42:57.128+0000] {processor.py:840} INFO - DAG(s) 'example_short_circuit_decorator' retrieved from /home/airflow/.local/lib/python3.8/site-packages/airflow/example_dags/example_short_circuit_decorator.py
[2026-03-12T02:42:57.140+0000] {logging_mixin.py:188} INFO - [2026-03-12T02:42:57.140+0000] {dag.py:3036} INFO - Sync 1 DAGs
[2026-03-12T02:42:57.148+0000] {logging_mixin.py:188} INFO - [2026-03-12T02:42:57.148+0000] {dag.py:3823} INFO - Setting next_dagrun for example_short_circuit_decorator to 2026-03-11 00:00:00+00:00, run_after=2026-03-12 00:00:00+00:00
[2026-03-12T02:42:57.158+0000] {processor.py:183} INFO - Processing /home/airflow/.local/lib/python3.8/site-packages/airflow/example_dags/example_short_circuit_decorator.py took 0.038 seconds
[2026-03-12T02:43:27.547+0000] {processor.py:161} INFO - Started process (PID=4279) to work on /home/airflow/.local/lib/python3.8/site-packages/airflow/example_dags/example_short_circuit_decorator.py
[2026-03-12T02:43:27.548+0000] {processor.py:830} INFO - Processing file /home/airflow/.local/lib/python3.8/site-packages/airflow/example_dags/example_short_circuit_decorator.py for tasks to queue
[2026-03-12T02:43:27.549+0000] {logging_mixin.py:188} INFO - [2026-03-12T02:43:27.549+0000] {dagbag.py:538} INFO - Filling up the DagBag from /home/airflow/.local/lib/python3.8/site-packages/airflow/example_dags/example_short_circuit_decorator.py
[2026-03-12T02:43:27.552+0000] {processor.py:840} INFO - DAG(s) 'example_short_circuit_decorator' retrieved from /home/airflow/.local/lib/python3.8/site-packages/airflow/example_dags/example_short_circuit_decorator.py
[2026-03-12T02:43:27.567+0000] {logging_mixin.py:188} INFO - [2026-03-12T02:43:27.567+0000] {dag.py:3036} INFO - Sync 1 DAGs
[2026-03-12T02:43:27.576+0000] {logging_mixin.py:188} INFO - [2026-03-12T02:43:27.576+0000] {dag.py:3823} INFO - Setting next_dagrun for example_short_circuit_decorator to 2026-03-11 00:00:00+00:00, run_after=2026-03-12 00:00:00+00:00
[2026-03-12T02:43:27.583+0000] {processor.py:183} INFO - Processing /home/airflow/.local/lib/python3.8/site-packages/airflow/example_dags/example_short_circuit_decorator.py took 0.037 seconds
[2026-03-12T02:43:57.990+0000] {processor.py:161} INFO - Started process (PID=4355) to work on /home/airflow/.local/lib/python3.8/site-packages/airflow/example_dags/example_short_circuit_decorator.py
[2026-03-12T02:43:57.991+0000] {processor.py:830} INFO - Processing file /home/airflow/.local/lib/python3.8/site-packages/airflow/example_dags/example_short_circuit_decorator.py for tasks to queue
[2026-03-12T02:43:57.992+0000] {logging_mixin.py:188} INFO - [2026-03-12T02:43:57.992+0000] {dagbag.py:538} INFO - Filling up the DagBag from /home/airflow/.local/lib/python3.8/site-packages/airflow/example_dags/example_short_circuit_decorator.py
[2026-03-12T02:43:57.996+0000] {processor.py:840} INFO - DAG(s) 'example_short_circuit_decorator' retrieved from /home/airflow/.local/lib/python3.8/site-packages/airflow/example_dags/example_short_circuit_decorator.py
[2026-03-12T02:43:58.007+0000] {logging_mixin.py:188} INFO - [2026-03-12T02:43:58.006+0000] {dag.py:3036} INFO - Sync 1 DAGs
[2026-03-12T02:43:58.014+0000] {logging_mixin.py:188} INFO - [2026-03-12T02:43:58.013+0000] {dag.py:3823} INFO - Setting next_dagrun for example_short_circuit_decorator to 2026-03-11 00:00:00+00:00, run_after=2026-03-12 00:00:00+00:00
[2026-03-12T02:43:58.022+0000] {processor.py:183} INFO - Processing /home/airflow/.local/lib/python3.8/site-packages/airflow/example_dags/example_short_circuit_decorator.py took 0.033 seconds
[2026-03-12T02:44:28.371+0000] {processor.py:161} INFO - Started process (PID=4431) to work on /home/airflow/.local/lib/python3.8/site-packages/airflow/example_dags/example_short_circuit_decorator.py
[2026-03-12T02:44:28.371+0000] {processor.py:830} INFO - Processing file /home/airflow/.local/lib/python3.8/site-packages/airflow/example_dags/example_short_circuit_decorator.py for tasks to queue
[2026-03-12T02:44:28.372+0000] {logging_mixin.py:188} INFO - [2026-03-12T02:44:28.372+0000] {dagbag.py:538} INFO - Filling up the DagBag from /home/airflow/.local/lib/python3.8/site-packages/airflow/example_dags/example_short_circuit_decorator.py
[2026-03-12T02:44:28.376+0000] {processor.py:840} INFO - DAG(s) 'example_short_circuit_decorator' retrieved from /home/airflow/.local/lib/python3.8/site-packages/airflow/example_dags/example_short_circuit_decorator.py
[2026-03-12T02:44:28.386+0000] {logging_mixin.py:188} INFO - [2026-03-12T02:44:28.386+0000] {dag.py:3036} INFO - Sync 1 DAGs
[2026-03-12T02:44:28.393+0000] {logging_mixin.py:188} INFO - [2026-03-12T02:44:28.393+0000] {dag.py:3823} INFO - Setting next_dagrun for example_short_circuit_decorator to 2026-03-11 00:00:00+00:00, run_after=2026-03-12 00:00:00+00:00
[2026-03-12T02:44:28.400+0000] {processor.py:183} INFO - Processing /home/airflow/.local/lib/python3.8/site-packages/airflow/example_dags/example_short_circuit_decorator.py took 0.031 seconds
[2026-03-12T02:44:58.822+0000] {processor.py:161} INFO - Started process (PID=4507) to work on /home/airflow/.local/lib/python3.8/site-packages/airflow/example_dags/example_short_circuit_decorator.py
[2026-03-12T02:44:58.823+0000] {processor.py:830} INFO - Processing file /home/airflow/.local/lib/python3.8/site-packages/airflow/example_dags/example_short_circuit_decorator.py for tasks to queue
[2026-03-12T02:44:58.824+0000] {logging_mixin.py:188} INFO - [2026-03-12T02:44:58.823+0000] {dagbag.py:538} INFO - Filling up the DagBag from /home/airflow/.local/lib/python3.8/site-packages/airflow/example_dags/example_short_circuit_decorator.py
[2026-03-12T02:44:58.828+0000] {processor.py:840} INFO - DAG(s) 'example_short_circuit_decorator' retrieved from /home/airflow/.local/lib/python3.8/site-packages/airflow/example_dags/example_short_circuit_decorator.py
[2026-03-12T02:44:58.843+0000] {logging_mixin.py:188} INFO - [2026-03-12T02:44:58.843+0000] {dag.py:3036} INFO - Sync 1 DAGs
[2026-03-12T02:44:58.853+0000] {logging_mixin.py:188} INFO - [2026-03-12T02:44:58.853+0000] {dag.py:3823} INFO - Setting next_dagrun for example_short_circuit_decorator to 2026-03-11 00:00:00+00:00, run_after=2026-03-12 00:00:00+00:00
[2026-03-12T02:44:58.859+0000] {processor.py:183} INFO - Processing /home/airflow/.local/lib/python3.8/site-packages/airflow/example_dags/example_short_circuit_decorator.py took 0.038 seconds
[2026-03-12T02:45:29.210+0000] {processor.py:161} INFO - Started process (PID=4583) to work on /home/airflow/.local/lib/python3.8/site-packages/airflow/example_dags/example_short_circuit_decorator.py
[2026-03-12T02:45:29.211+0000] {processor.py:830} INFO - Processing file /home/airflow/.local/lib/python3.8/site-packages/airflow/example_dags/example_short_circuit_decorator.py for tasks to queue
[2026-03-12T02:45:29.212+0000] {logging_mixin.py:188} INFO - [2026-03-12T02:45:29.212+0000] {dagbag.py:538} INFO - Filling up the DagBag from /home/airflow/.local/lib/python3.8/site-packages/airflow/example_dags/example_short_circuit_decorator.py
[2026-03-12T02:45:29.216+0000] {processor.py:840} INFO - DAG(s) 'example_short_circuit_decorator' retrieved from /home/airflow/.local/lib/python3.8/site-packages/airflow/example_dags/example_short_circuit_decorator.py
[2026-03-12T02:45:29.225+0000] {logging_mixin.py:188} INFO - [2026-03-12T02:45:29.224+0000] {dag.py:3036} INFO - Sync 1 DAGs
[2026-03-12T02:45:29.232+0000] {logging_mixin.py:188} INFO - [2026-03-12T02:45:29.232+0000] {dag.py:3823} INFO - Setting next_dagrun for example_short_circuit_decorator to 2026-03-11 00:00:00+00:00, run_after=2026-03-12 00:00:00+00:00
[2026-03-12T02:45:29.242+0000] {processor.py:183} INFO - Processing /home/airflow/.local/lib/python3.8/site-packages/airflow/example_dags/example_short_circuit_decorator.py took 0.033 seconds
[2026-03-12T02:45:59.702+0000] {processor.py:161} INFO - Started process (PID=4659) to work on /home/airflow/.local/lib/python3.8/site-packages/airflow/example_dags/example_short_circuit_decorator.py
[2026-03-12T02:45:59.702+0000] {processor.py:830} INFO - Processing file /home/airflow/.local/lib/python3.8/site-packages/airflow/example_dags/example_short_circuit_decorator.py for tasks to queue
[2026-03-12T02:45:59.705+0000] {logging_mixin.py:188} INFO - [2026-03-12T02:45:59.705+0000] {dagbag.py:538} INFO - Filling up the DagBag from /home/airflow/.local/lib/python3.8/site-packages/airflow/example_dags/example_short_circuit_decorator.py
[2026-03-12T02:45:59.709+0000] {processor.py:840} INFO - DAG(s) 'example_short_circuit_decorator' retrieved from /home/airflow/.local/lib/python3.8/site-packages/airflow/example_dags/example_short_circuit_decorator.py
[2026-03-12T02:45:59.719+0000] {logging_mixin.py:188} INFO - [2026-03-12T02:45:59.719+0000] {dag.py:3036} INFO - Sync 1 DAGs
[2026-03-12T02:45:59.729+0000] {logging_mixin.py:188} INFO - [2026-03-12T02:45:59.729+0000] {dag.py:3823} INFO - Setting next_dagrun for example_short_circuit_decorator to 2026-03-11 00:00:00+00:00, run_after=2026-03-12 00:00:00+00:00
[2026-03-12T02:45:59.738+0000] {processor.py:183} INFO - Processing /home/airflow/.local/lib/python3.8/site-packages/airflow/example_dags/example_short_circuit_decorator.py took 0.037 seconds
[2026-03-12T02:46:30.295+0000] {processor.py:161} INFO - Started process (PID=4735) to work on /home/airflow/.local/lib/python3.8/site-packages/airflow/example_dags/example_short_circuit_decorator.py
[2026-03-12T02:46:30.296+0000] {processor.py:830} INFO - Processing file /home/airflow/.local/lib/python3.8/site-packages/airflow/example_dags/example_short_circuit_decorator.py for tasks to queue
[2026-03-12T02:46:30.297+0000] {logging_mixin.py:188} INFO - [2026-03-12T02:46:30.297+0000] {dagbag.py:538} INFO - Filling up the DagBag from /home/airflow/.local/lib/python3.8/site-packages/airflow/example_dags/example_short_circuit_decorator.py
[2026-03-12T02:46:30.301+0000] {processor.py:840} INFO - DAG(s) 'example_short_circuit_decorator' retrieved from /home/airflow/.local/lib/python3.8/site-packages/airflow/example_dags/example_short_circuit_decorator.py
[2026-03-12T02:46:30.311+0000] {logging_mixin.py:188} INFO - [2026-03-12T02:46:30.311+0000] {dag.py:3036} INFO - Sync 1 DAGs
[2026-03-12T02:46:30.319+0000] {logging_mixin.py:188} INFO - [2026-03-12T02:46:30.319+0000] {dag.py:3823} INFO - Setting next_dagrun for example_short_circuit_decorator to 2026-03-11 00:00:00+00:00, run_after=2026-03-12 00:00:00+00:00
[2026-03-12T02:46:30.329+0000] {processor.py:183} INFO - Processing /home/airflow/.local/lib/python3.8/site-packages/airflow/example_dags/example_short_circuit_decorator.py took 0.036 seconds
[2026-03-12T02:47:01.139+0000] {processor.py:161} INFO - Started process (PID=4811) to work on /home/airflow/.local/lib/python3.8/site-packages/airflow/example_dags/example_short_circuit_decorator.py
[2026-03-12T02:47:01.140+0000] {processor.py:830} INFO - Processing file /home/airflow/.local/lib/python3.8/site-packages/airflow/example_dags/example_short_circuit_decorator.py for tasks to queue
[2026-03-12T02:47:01.141+0000] {logging_mixin.py:188} INFO - [2026-03-12T02:47:01.141+0000] {dagbag.py:538} INFO - Filling up the DagBag from /home/airflow/.local/lib/python3.8/site-packages/airflow/example_dags/example_short_circuit_decorator.py
[2026-03-12T02:47:01.145+0000] {processor.py:840} INFO - DAG(s) 'example_short_circuit_decorator' retrieved from /home/airflow/.local/lib/python3.8/site-packages/airflow/example_dags/example_short_circuit_decorator.py
[2026-03-12T02:47:01.153+0000] {logging_mixin.py:188} INFO - [2026-03-12T02:47:01.153+0000] {dag.py:3036} INFO - Sync 1 DAGs
[2026-03-12T02:47:01.160+0000] {logging_mixin.py:188} INFO - [2026-03-12T02:47:01.160+0000] {dag.py:3823} INFO - Setting next_dagrun for example_short_circuit_decorator to 2026-03-11 00:00:00+00:00, run_after=2026-03-12 00:00:00+00:00
[2026-03-12T02:47:01.170+0000] {processor.py:183} INFO - Processing /home/airflow/.local/lib/python3.8/site-packages/airflow/example_dags/example_short_circuit_decorator.py took 0.032 seconds
[2026-03-12T02:47:31.859+0000] {processor.py:161} INFO - Started process (PID=4887) to work on /home/airflow/.local/lib/python3.8/site-packages/airflow/example_dags/example_short_circuit_decorator.py
[2026-03-12T02:47:31.860+0000] {processor.py:830} INFO - Processing file /home/airflow/.local/lib/python3.8/site-packages/airflow/example_dags/example_short_circuit_decorator.py for tasks to queue
[2026-03-12T02:47:31.861+0000] {logging_mixin.py:188} INFO - [2026-03-12T02:47:31.861+0000] {dagbag.py:538} INFO - Filling up the DagBag from /home/airflow/.local/lib/python3.8/site-packages/airflow/example_dags/example_short_circuit_decorator.py
[2026-03-12T02:47:31.864+0000] {processor.py:840} INFO - DAG(s) 'example_short_circuit_decorator' retrieved from /home/airflow/.local/lib/python3.8/site-packages/airflow/example_dags/example_short_circuit_decorator.py
[2026-03-12T02:47:31.873+0000] {logging_mixin.py:188} INFO - [2026-03-12T02:47:31.873+0000] {dag.py:3036} INFO - Sync 1 DAGs
[2026-03-12T02:47:31.880+0000] {logging_mixin.py:188} INFO - [2026-03-12T02:47:31.880+0000] {dag.py:3823} INFO - Setting next_dagrun for example_short_circuit_decorator to 2026-03-11 00:00:00+00:00, run_after=2026-03-12 00:00:00+00:00
[2026-03-12T02:47:31.892+0000] {processor.py:183} INFO - Processing /home/airflow/.local/lib/python3.8/site-packages/airflow/example_dags/example_short_circuit_decorator.py took 0.034 seconds
[2026-03-12T02:48:02.221+0000] {processor.py:161} INFO - Started process (PID=4963) to work on /home/airflow/.local/lib/python3.8/site-packages/airflow/example_dags/example_short_circuit_decorator.py
[2026-03-12T02:48:02.221+0000] {processor.py:830} INFO - Processing file /home/airflow/.local/lib/python3.8/site-packages/airflow/example_dags/example_short_circuit_decorator.py for tasks to queue
[2026-03-12T02:48:02.222+0000] {logging_mixin.py:188} INFO - [2026-03-12T02:48:02.222+0000] {dagbag.py:538} INFO - Filling up the DagBag from /home/airflow/.local/lib/python3.8/site-packages/airflow/example_dags/example_short_circuit_decorator.py
[2026-03-12T02:48:02.226+0000] {processor.py:840} INFO - DAG(s) 'example_short_circuit_decorator' retrieved from /home/airflow/.local/lib/python3.8/site-packages/airflow/example_dags/example_short_circuit_decorator.py
[2026-03-12T02:48:02.235+0000] {logging_mixin.py:188} INFO - [2026-03-12T02:48:02.235+0000] {dag.py:3036} INFO - Sync 1 DAGs
[2026-03-12T02:48:02.242+0000] {logging_mixin.py:188} INFO - [2026-03-12T02:48:02.242+0000] {dag.py:3823} INFO - Setting next_dagrun for example_short_circuit_decorator to 2026-03-11 00:00:00+00:00, run_after=2026-03-12 00:00:00+00:00
[2026-03-12T02:48:02.249+0000] {processor.py:183} INFO - Processing /home/airflow/.local/lib/python3.8/site-packages/airflow/example_dags/example_short_circuit_decorator.py took 0.030 seconds
[2026-03-12T02:48:33.341+0000] {processor.py:161} INFO - Started process (PID=5039) to work on /home/airflow/.local/lib/python3.8/site-packages/airflow/example_dags/example_short_circuit_decorator.py
[2026-03-12T02:48:33.341+0000] {processor.py:830} INFO - Processing file /home/airflow/.local/lib/python3.8/site-packages/airflow/example_dags/example_short_circuit_decorator.py for tasks to queue
[2026-03-12T02:48:33.342+0000] {logging_mixin.py:188} INFO - [2026-03-12T02:48:33.342+0000] {dagbag.py:538} INFO - Filling up the DagBag from /home/airflow/.local/lib/python3.8/site-packages/airflow/example_dags/example_short_circuit_decorator.py
[2026-03-12T02:48:33.348+0000] {processor.py:840} INFO - DAG(s) 'example_short_circuit_decorator' retrieved from /home/airflow/.local/lib/python3.8/site-packages/airflow/example_dags/example_short_circuit_decorator.py
[2026-03-12T02:48:33.358+0000] {logging_mixin.py:188} INFO - [2026-03-12T02:48:33.358+0000] {dag.py:3036} INFO - Sync 1 DAGs
[2026-03-12T02:48:33.367+0000] {logging_mixin.py:188} INFO - [2026-03-12T02:48:33.367+0000] {dag.py:3823} INFO - Setting next_dagrun for example_short_circuit_decorator to 2026-03-11 00:00:00+00:00, run_after=2026-03-12 00:00:00+00:00
[2026-03-12T02:48:33.374+0000] {processor.py:183} INFO - Processing /home/airflow/.local/lib/python3.8/site-packages/airflow/example_dags/example_short_circuit_decorator.py took 0.035 seconds
[2026-03-12T02:49:04.723+0000] {processor.py:161} INFO - Started process (PID=5115) to work on /home/airflow/.local/lib/python3.8/site-packages/airflow/example_dags/example_short_circuit_decorator.py
[2026-03-12T02:49:04.725+0000] {processor.py:830} INFO - Processing file /home/airflow/.local/lib/python3.8/site-packages/airflow/example_dags/example_short_circuit_decorator.py for tasks to queue
[2026-03-12T02:49:04.727+0000] {logging_mixin.py:188} INFO - [2026-03-12T02:49:04.727+0000] {dagbag.py:538} INFO - Filling up the DagBag from /home/airflow/.local/lib/python3.8/site-packages/airflow/example_dags/example_short_circuit_decorator.py
[2026-03-12T02:49:04.735+0000] {processor.py:840} INFO - DAG(s) 'example_short_circuit_decorator' retrieved from /home/airflow/.local/lib/python3.8/site-packages/airflow/example_dags/example_short_circuit_decorator.py
[2026-03-12T02:49:04.754+0000] {logging_mixin.py:188} INFO - [2026-03-12T02:49:04.754+0000] {dag.py:3036} INFO - Sync 1 DAGs
[2026-03-12T02:49:04.764+0000] {logging_mixin.py:188} INFO - [2026-03-12T02:49:04.764+0000] {dag.py:3823} INFO - Setting next_dagrun for example_short_circuit_decorator to 2026-03-11 00:00:00+00:00, run_after=2026-03-12 00:00:00+00:00
[2026-03-12T02:49:04.775+0000] {processor.py:183} INFO - Processing /home/airflow/.local/lib/python3.8/site-packages/airflow/example_dags/example_short_circuit_decorator.py took 0.054 seconds
[2026-03-12T02:49:35.137+0000] {processor.py:161} INFO - Started process (PID=5191) to work on /home/airflow/.local/lib/python3.8/site-packages/airflow/example_dags/example_short_circuit_decorator.py
[2026-03-12T02:49:35.138+0000] {processor.py:830} INFO - Processing file /home/airflow/.local/lib/python3.8/site-packages/airflow/example_dags/example_short_circuit_decorator.py for tasks to queue
[2026-03-12T02:49:35.139+0000] {logging_mixin.py:188} INFO - [2026-03-12T02:49:35.139+0000] {dagbag.py:538} INFO - Filling up the DagBag from /home/airflow/.local/lib/python3.8/site-packages/airflow/example_dags/example_short_circuit_decorator.py
[2026-03-12T02:49:35.144+0000] {processor.py:840} INFO - DAG(s) 'example_short_circuit_decorator' retrieved from /home/airflow/.local/lib/python3.8/site-packages/airflow/example_dags/example_short_circuit_decorator.py
[2026-03-12T02:49:35.158+0000] {logging_mixin.py:188} INFO - [2026-03-12T02:49:35.158+0000] {dag.py:3036} INFO - Sync 1 DAGs
[2026-03-12T02:49:35.168+0000] {logging_mixin.py:188} INFO - [2026-03-12T02:49:35.168+0000] {dag.py:3823} INFO - Setting next_dagrun for example_short_circuit_decorator to 2026-03-11 00:00:00+00:00, run_after=2026-03-12 00:00:00+00:00
[2026-03-12T02:49:35.179+0000] {processor.py:183} INFO - Processing /home/airflow/.local/lib/python3.8/site-packages/airflow/example_dags/example_short_circuit_decorator.py took 0.043 seconds
