[2026-03-12T02:15:10.893+0000] {processor.py:161} INFO - Started process (PID=107) to work on /home/airflow/.local/lib/python3.8/site-packages/airflow/example_dags/tutorial_taskflow_api.py
[2026-03-12T02:15:10.893+0000] {processor.py:830} INFO - Processing file /home/airflow/.local/lib/python3.8/site-packages/airflow/example_dags/tutorial_taskflow_api.py for tasks to queue
[2026-03-12T02:15:10.894+0000] {logging_mixin.py:188} INFO - [2026-03-12T02:15:10.894+0000] {dagbag.py:538} INFO - Filling up the DagBag from /home/airflow/.local/lib/python3.8/site-packages/airflow/example_dags/tutorial_taskflow_api.py
[2026-03-12T02:15:10.900+0000] {processor.py:840} INFO - DAG(s) 'tutorial_taskflow_api' retrieved from /home/airflow/.local/lib/python3.8/site-packages/airflow/example_dags/tutorial_taskflow_api.py
[2026-03-12T02:15:10.905+0000] {logging_mixin.py:188} INFO - [2026-03-12T02:15:10.905+0000] {dag.py:3036} INFO - Sync 1 DAGs
[2026-03-12T02:15:10.911+0000] {logging_mixin.py:188} INFO - [2026-03-12T02:15:10.910+0000] {dag.py:3823} INFO - Setting next_dagrun for tutorial_taskflow_api to None, run_after=None
[2026-03-12T02:15:10.918+0000] {processor.py:183} INFO - Processing /home/airflow/.local/lib/python3.8/site-packages/airflow/example_dags/tutorial_taskflow_api.py took 0.027 seconds
[2026-03-12T02:15:42.608+0000] {processor.py:161} INFO - Started process (PID=183) to work on /home/airflow/.local/lib/python3.8/site-packages/airflow/example_dags/tutorial_taskflow_api.py
[2026-03-12T02:15:42.609+0000] {processor.py:830} INFO - Processing file /home/airflow/.local/lib/python3.8/site-packages/airflow/example_dags/tutorial_taskflow_api.py for tasks to queue
[2026-03-12T02:15:42.610+0000] {logging_mixin.py:188} INFO - [2026-03-12T02:15:42.610+0000] {dagbag.py:538} INFO - Filling up the DagBag from /home/airflow/.local/lib/python3.8/site-packages/airflow/example_dags/tutorial_taskflow_api.py
[2026-03-12T02:15:42.613+0000] {processor.py:840} INFO - DAG(s) 'tutorial_taskflow_api' retrieved from /home/airflow/.local/lib/python3.8/site-packages/airflow/example_dags/tutorial_taskflow_api.py
[2026-03-12T02:15:42.730+0000] {logging_mixin.py:188} INFO - [2026-03-12T02:15:42.730+0000] {dag.py:3036} INFO - Sync 1 DAGs
[2026-03-12T02:15:42.734+0000] {logging_mixin.py:188} INFO - [2026-03-12T02:15:42.734+0000] {dag.py:3823} INFO - Setting next_dagrun for tutorial_taskflow_api to None, run_after=None
[2026-03-12T02:15:42.749+0000] {processor.py:183} INFO - Processing /home/airflow/.local/lib/python3.8/site-packages/airflow/example_dags/tutorial_taskflow_api.py took 0.143 seconds
[2026-03-12T02:16:13.200+0000] {processor.py:161} INFO - Started process (PID=259) to work on /home/airflow/.local/lib/python3.8/site-packages/airflow/example_dags/tutorial_taskflow_api.py
[2026-03-12T02:16:13.201+0000] {processor.py:830} INFO - Processing file /home/airflow/.local/lib/python3.8/site-packages/airflow/example_dags/tutorial_taskflow_api.py for tasks to queue
[2026-03-12T02:16:13.205+0000] {logging_mixin.py:188} INFO - [2026-03-12T02:16:13.205+0000] {dagbag.py:538} INFO - Filling up the DagBag from /home/airflow/.local/lib/python3.8/site-packages/airflow/example_dags/tutorial_taskflow_api.py
[2026-03-12T02:16:13.207+0000] {processor.py:840} INFO - DAG(s) 'tutorial_taskflow_api' retrieved from /home/airflow/.local/lib/python3.8/site-packages/airflow/example_dags/tutorial_taskflow_api.py
[2026-03-12T02:16:13.219+0000] {logging_mixin.py:188} INFO - [2026-03-12T02:16:13.219+0000] {dag.py:3036} INFO - Sync 1 DAGs
[2026-03-12T02:16:13.224+0000] {logging_mixin.py:188} INFO - [2026-03-12T02:16:13.224+0000] {dag.py:3823} INFO - Setting next_dagrun for tutorial_taskflow_api to None, run_after=None
[2026-03-12T02:16:13.231+0000] {processor.py:183} INFO - Processing /home/airflow/.local/lib/python3.8/site-packages/airflow/example_dags/tutorial_taskflow_api.py took 0.032 seconds
[2026-03-12T02:16:44.168+0000] {processor.py:161} INFO - Started process (PID=335) to work on /home/airflow/.local/lib/python3.8/site-packages/airflow/example_dags/tutorial_taskflow_api.py
[2026-03-12T02:16:44.168+0000] {processor.py:830} INFO - Processing file /home/airflow/.local/lib/python3.8/site-packages/airflow/example_dags/tutorial_taskflow_api.py for tasks to queue
[2026-03-12T02:16:44.172+0000] {logging_mixin.py:188} INFO - [2026-03-12T02:16:44.172+0000] {dagbag.py:538} INFO - Filling up the DagBag from /home/airflow/.local/lib/python3.8/site-packages/airflow/example_dags/tutorial_taskflow_api.py
[2026-03-12T02:16:44.174+0000] {processor.py:840} INFO - DAG(s) 'tutorial_taskflow_api' retrieved from /home/airflow/.local/lib/python3.8/site-packages/airflow/example_dags/tutorial_taskflow_api.py
[2026-03-12T02:16:44.185+0000] {logging_mixin.py:188} INFO - [2026-03-12T02:16:44.185+0000] {dag.py:3036} INFO - Sync 1 DAGs
[2026-03-12T02:16:44.189+0000] {logging_mixin.py:188} INFO - [2026-03-12T02:16:44.189+0000] {dag.py:3823} INFO - Setting next_dagrun for tutorial_taskflow_api to None, run_after=None
[2026-03-12T02:16:44.197+0000] {processor.py:183} INFO - Processing /home/airflow/.local/lib/python3.8/site-packages/airflow/example_dags/tutorial_taskflow_api.py took 0.031 seconds
[2026-03-12T02:17:15.095+0000] {processor.py:161} INFO - Started process (PID=411) to work on /home/airflow/.local/lib/python3.8/site-packages/airflow/example_dags/tutorial_taskflow_api.py
[2026-03-12T02:17:15.095+0000] {processor.py:830} INFO - Processing file /home/airflow/.local/lib/python3.8/site-packages/airflow/example_dags/tutorial_taskflow_api.py for tasks to queue
[2026-03-12T02:17:15.097+0000] {logging_mixin.py:188} INFO - [2026-03-12T02:17:15.097+0000] {dagbag.py:538} INFO - Filling up the DagBag from /home/airflow/.local/lib/python3.8/site-packages/airflow/example_dags/tutorial_taskflow_api.py
[2026-03-12T02:17:15.102+0000] {processor.py:840} INFO - DAG(s) 'tutorial_taskflow_api' retrieved from /home/airflow/.local/lib/python3.8/site-packages/airflow/example_dags/tutorial_taskflow_api.py
[2026-03-12T02:17:15.111+0000] {logging_mixin.py:188} INFO - [2026-03-12T02:17:15.111+0000] {dag.py:3036} INFO - Sync 1 DAGs
[2026-03-12T02:17:15.115+0000] {logging_mixin.py:188} INFO - [2026-03-12T02:17:15.115+0000] {dag.py:3823} INFO - Setting next_dagrun for tutorial_taskflow_api to None, run_after=None
[2026-03-12T02:17:15.125+0000] {processor.py:183} INFO - Processing /home/airflow/.local/lib/python3.8/site-packages/airflow/example_dags/tutorial_taskflow_api.py took 0.032 seconds
[2026-03-12T02:17:45.510+0000] {processor.py:161} INFO - Started process (PID=487) to work on /home/airflow/.local/lib/python3.8/site-packages/airflow/example_dags/tutorial_taskflow_api.py
[2026-03-12T02:17:45.511+0000] {processor.py:830} INFO - Processing file /home/airflow/.local/lib/python3.8/site-packages/airflow/example_dags/tutorial_taskflow_api.py for tasks to queue
[2026-03-12T02:17:45.512+0000] {logging_mixin.py:188} INFO - [2026-03-12T02:17:45.512+0000] {dagbag.py:538} INFO - Filling up the DagBag from /home/airflow/.local/lib/python3.8/site-packages/airflow/example_dags/tutorial_taskflow_api.py
[2026-03-12T02:17:45.518+0000] {processor.py:840} INFO - DAG(s) 'tutorial_taskflow_api' retrieved from /home/airflow/.local/lib/python3.8/site-packages/airflow/example_dags/tutorial_taskflow_api.py
[2026-03-12T02:17:45.528+0000] {logging_mixin.py:188} INFO - [2026-03-12T02:17:45.528+0000] {dag.py:3036} INFO - Sync 1 DAGs
[2026-03-12T02:17:45.536+0000] {logging_mixin.py:188} INFO - [2026-03-12T02:17:45.536+0000] {dag.py:3823} INFO - Setting next_dagrun for tutorial_taskflow_api to None, run_after=None
[2026-03-12T02:17:45.549+0000] {processor.py:183} INFO - Processing /home/airflow/.local/lib/python3.8/site-packages/airflow/example_dags/tutorial_taskflow_api.py took 0.040 seconds
[2026-03-12T02:18:16.272+0000] {processor.py:161} INFO - Started process (PID=563) to work on /home/airflow/.local/lib/python3.8/site-packages/airflow/example_dags/tutorial_taskflow_api.py
[2026-03-12T02:18:16.273+0000] {processor.py:830} INFO - Processing file /home/airflow/.local/lib/python3.8/site-packages/airflow/example_dags/tutorial_taskflow_api.py for tasks to queue
[2026-03-12T02:18:16.275+0000] {logging_mixin.py:188} INFO - [2026-03-12T02:18:16.275+0000] {dagbag.py:538} INFO - Filling up the DagBag from /home/airflow/.local/lib/python3.8/site-packages/airflow/example_dags/tutorial_taskflow_api.py
[2026-03-12T02:18:16.278+0000] {processor.py:840} INFO - DAG(s) 'tutorial_taskflow_api' retrieved from /home/airflow/.local/lib/python3.8/site-packages/airflow/example_dags/tutorial_taskflow_api.py
[2026-03-12T02:18:16.291+0000] {logging_mixin.py:188} INFO - [2026-03-12T02:18:16.290+0000] {dag.py:3036} INFO - Sync 1 DAGs
[2026-03-12T02:18:16.296+0000] {logging_mixin.py:188} INFO - [2026-03-12T02:18:16.296+0000] {dag.py:3823} INFO - Setting next_dagrun for tutorial_taskflow_api to None, run_after=None
[2026-03-12T02:18:16.306+0000] {processor.py:183} INFO - Processing /home/airflow/.local/lib/python3.8/site-packages/airflow/example_dags/tutorial_taskflow_api.py took 0.035 seconds
[2026-03-12T02:18:47.229+0000] {processor.py:161} INFO - Started process (PID=639) to work on /home/airflow/.local/lib/python3.8/site-packages/airflow/example_dags/tutorial_taskflow_api.py
[2026-03-12T02:18:47.230+0000] {processor.py:830} INFO - Processing file /home/airflow/.local/lib/python3.8/site-packages/airflow/example_dags/tutorial_taskflow_api.py for tasks to queue
[2026-03-12T02:18:47.231+0000] {logging_mixin.py:188} INFO - [2026-03-12T02:18:47.231+0000] {dagbag.py:538} INFO - Filling up the DagBag from /home/airflow/.local/lib/python3.8/site-packages/airflow/example_dags/tutorial_taskflow_api.py
[2026-03-12T02:18:47.234+0000] {processor.py:840} INFO - DAG(s) 'tutorial_taskflow_api' retrieved from /home/airflow/.local/lib/python3.8/site-packages/airflow/example_dags/tutorial_taskflow_api.py
[2026-03-12T02:18:47.243+0000] {logging_mixin.py:188} INFO - [2026-03-12T02:18:47.243+0000] {dag.py:3036} INFO - Sync 1 DAGs
[2026-03-12T02:18:47.248+0000] {logging_mixin.py:188} INFO - [2026-03-12T02:18:47.248+0000] {dag.py:3823} INFO - Setting next_dagrun for tutorial_taskflow_api to None, run_after=None
[2026-03-12T02:18:47.257+0000] {processor.py:183} INFO - Processing /home/airflow/.local/lib/python3.8/site-packages/airflow/example_dags/tutorial_taskflow_api.py took 0.030 seconds
[2026-03-12T02:19:17.347+0000] {processor.py:161} INFO - Started process (PID=715) to work on /home/airflow/.local/lib/python3.8/site-packages/airflow/example_dags/tutorial_taskflow_api.py
[2026-03-12T02:19:17.348+0000] {processor.py:830} INFO - Processing file /home/airflow/.local/lib/python3.8/site-packages/airflow/example_dags/tutorial_taskflow_api.py for tasks to queue
[2026-03-12T02:19:17.350+0000] {logging_mixin.py:188} INFO - [2026-03-12T02:19:17.350+0000] {dagbag.py:538} INFO - Filling up the DagBag from /home/airflow/.local/lib/python3.8/site-packages/airflow/example_dags/tutorial_taskflow_api.py
[2026-03-12T02:19:17.355+0000] {processor.py:840} INFO - DAG(s) 'tutorial_taskflow_api' retrieved from /home/airflow/.local/lib/python3.8/site-packages/airflow/example_dags/tutorial_taskflow_api.py
[2026-03-12T02:19:17.370+0000] {logging_mixin.py:188} INFO - [2026-03-12T02:19:17.370+0000] {dag.py:3036} INFO - Sync 1 DAGs
[2026-03-12T02:19:17.375+0000] {logging_mixin.py:188} INFO - [2026-03-12T02:19:17.375+0000] {dag.py:3823} INFO - Setting next_dagrun for tutorial_taskflow_api to None, run_after=None
[2026-03-12T02:19:17.384+0000] {processor.py:183} INFO - Processing /home/airflow/.local/lib/python3.8/site-packages/airflow/example_dags/tutorial_taskflow_api.py took 0.039 seconds
[2026-03-12T02:19:48.419+0000] {processor.py:161} INFO - Started process (PID=791) to work on /home/airflow/.local/lib/python3.8/site-packages/airflow/example_dags/tutorial_taskflow_api.py
[2026-03-12T02:19:48.419+0000] {processor.py:830} INFO - Processing file /home/airflow/.local/lib/python3.8/site-packages/airflow/example_dags/tutorial_taskflow_api.py for tasks to queue
[2026-03-12T02:19:48.420+0000] {logging_mixin.py:188} INFO - [2026-03-12T02:19:48.420+0000] {dagbag.py:538} INFO - Filling up the DagBag from /home/airflow/.local/lib/python3.8/site-packages/airflow/example_dags/tutorial_taskflow_api.py
[2026-03-12T02:19:48.423+0000] {processor.py:840} INFO - DAG(s) 'tutorial_taskflow_api' retrieved from /home/airflow/.local/lib/python3.8/site-packages/airflow/example_dags/tutorial_taskflow_api.py
[2026-03-12T02:19:48.431+0000] {logging_mixin.py:188} INFO - [2026-03-12T02:19:48.431+0000] {dag.py:3036} INFO - Sync 1 DAGs
[2026-03-12T02:19:48.436+0000] {logging_mixin.py:188} INFO - [2026-03-12T02:19:48.436+0000] {dag.py:3823} INFO - Setting next_dagrun for tutorial_taskflow_api to None, run_after=None
[2026-03-12T02:19:48.442+0000] {processor.py:183} INFO - Processing /home/airflow/.local/lib/python3.8/site-packages/airflow/example_dags/tutorial_taskflow_api.py took 0.025 seconds
[2026-03-12T02:20:19.395+0000] {processor.py:161} INFO - Started process (PID=867) to work on /home/airflow/.local/lib/python3.8/site-packages/airflow/example_dags/tutorial_taskflow_api.py
[2026-03-12T02:20:19.396+0000] {processor.py:830} INFO - Processing file /home/airflow/.local/lib/python3.8/site-packages/airflow/example_dags/tutorial_taskflow_api.py for tasks to queue
[2026-03-12T02:20:19.396+0000] {logging_mixin.py:188} INFO - [2026-03-12T02:20:19.396+0000] {dagbag.py:538} INFO - Filling up the DagBag from /home/airflow/.local/lib/python3.8/site-packages/airflow/example_dags/tutorial_taskflow_api.py
[2026-03-12T02:20:19.399+0000] {processor.py:840} INFO - DAG(s) 'tutorial_taskflow_api' retrieved from /home/airflow/.local/lib/python3.8/site-packages/airflow/example_dags/tutorial_taskflow_api.py
[2026-03-12T02:20:19.407+0000] {logging_mixin.py:188} INFO - [2026-03-12T02:20:19.407+0000] {dag.py:3036} INFO - Sync 1 DAGs
[2026-03-12T02:20:19.411+0000] {logging_mixin.py:188} INFO - [2026-03-12T02:20:19.411+0000] {dag.py:3823} INFO - Setting next_dagrun for tutorial_taskflow_api to None, run_after=None
[2026-03-12T02:20:19.418+0000] {processor.py:183} INFO - Processing /home/airflow/.local/lib/python3.8/site-packages/airflow/example_dags/tutorial_taskflow_api.py took 0.025 seconds
[2026-03-12T02:20:52.141+0000] {processor.py:161} INFO - Started process (PID=943) to work on /home/airflow/.local/lib/python3.8/site-packages/airflow/example_dags/tutorial_taskflow_api.py
[2026-03-12T02:20:52.142+0000] {processor.py:830} INFO - Processing file /home/airflow/.local/lib/python3.8/site-packages/airflow/example_dags/tutorial_taskflow_api.py for tasks to queue
[2026-03-12T02:20:52.143+0000] {logging_mixin.py:188} INFO - [2026-03-12T02:20:52.143+0000] {dagbag.py:538} INFO - Filling up the DagBag from /home/airflow/.local/lib/python3.8/site-packages/airflow/example_dags/tutorial_taskflow_api.py
[2026-03-12T02:20:52.145+0000] {processor.py:840} INFO - DAG(s) 'tutorial_taskflow_api' retrieved from /home/airflow/.local/lib/python3.8/site-packages/airflow/example_dags/tutorial_taskflow_api.py
[2026-03-12T02:20:52.152+0000] {logging_mixin.py:188} INFO - [2026-03-12T02:20:52.152+0000] {dag.py:3036} INFO - Sync 1 DAGs
[2026-03-12T02:20:52.158+0000] {logging_mixin.py:188} INFO - [2026-03-12T02:20:52.158+0000] {dag.py:3823} INFO - Setting next_dagrun for tutorial_taskflow_api to None, run_after=None
[2026-03-12T02:20:52.169+0000] {processor.py:183} INFO - Processing /home/airflow/.local/lib/python3.8/site-packages/airflow/example_dags/tutorial_taskflow_api.py took 0.029 seconds
[2026-03-12T02:21:22.645+0000] {processor.py:161} INFO - Started process (PID=1019) to work on /home/airflow/.local/lib/python3.8/site-packages/airflow/example_dags/tutorial_taskflow_api.py
[2026-03-12T02:21:22.646+0000] {processor.py:830} INFO - Processing file /home/airflow/.local/lib/python3.8/site-packages/airflow/example_dags/tutorial_taskflow_api.py for tasks to queue
[2026-03-12T02:21:22.647+0000] {logging_mixin.py:188} INFO - [2026-03-12T02:21:22.647+0000] {dagbag.py:538} INFO - Filling up the DagBag from /home/airflow/.local/lib/python3.8/site-packages/airflow/example_dags/tutorial_taskflow_api.py
[2026-03-12T02:21:22.650+0000] {processor.py:840} INFO - DAG(s) 'tutorial_taskflow_api' retrieved from /home/airflow/.local/lib/python3.8/site-packages/airflow/example_dags/tutorial_taskflow_api.py
[2026-03-12T02:21:22.659+0000] {logging_mixin.py:188} INFO - [2026-03-12T02:21:22.658+0000] {dag.py:3036} INFO - Sync 1 DAGs
[2026-03-12T02:21:22.663+0000] {logging_mixin.py:188} INFO - [2026-03-12T02:21:22.663+0000] {dag.py:3823} INFO - Setting next_dagrun for tutorial_taskflow_api to None, run_after=None
[2026-03-12T02:21:22.676+0000] {processor.py:183} INFO - Processing /home/airflow/.local/lib/python3.8/site-packages/airflow/example_dags/tutorial_taskflow_api.py took 0.032 seconds
[2026-03-12T02:21:53.142+0000] {processor.py:161} INFO - Started process (PID=1095) to work on /home/airflow/.local/lib/python3.8/site-packages/airflow/example_dags/tutorial_taskflow_api.py
[2026-03-12T02:21:53.142+0000] {processor.py:830} INFO - Processing file /home/airflow/.local/lib/python3.8/site-packages/airflow/example_dags/tutorial_taskflow_api.py for tasks to queue
[2026-03-12T02:21:53.145+0000] {logging_mixin.py:188} INFO - [2026-03-12T02:21:53.145+0000] {dagbag.py:538} INFO - Filling up the DagBag from /home/airflow/.local/lib/python3.8/site-packages/airflow/example_dags/tutorial_taskflow_api.py
[2026-03-12T02:21:53.148+0000] {processor.py:840} INFO - DAG(s) 'tutorial_taskflow_api' retrieved from /home/airflow/.local/lib/python3.8/site-packages/airflow/example_dags/tutorial_taskflow_api.py
[2026-03-12T02:21:53.160+0000] {logging_mixin.py:188} INFO - [2026-03-12T02:21:53.159+0000] {dag.py:3036} INFO - Sync 1 DAGs
[2026-03-12T02:21:53.168+0000] {logging_mixin.py:188} INFO - [2026-03-12T02:21:53.168+0000] {dag.py:3823} INFO - Setting next_dagrun for tutorial_taskflow_api to None, run_after=None
[2026-03-12T02:21:53.182+0000] {processor.py:183} INFO - Processing /home/airflow/.local/lib/python3.8/site-packages/airflow/example_dags/tutorial_taskflow_api.py took 0.042 seconds
[2026-03-12T02:22:23.407+0000] {processor.py:161} INFO - Started process (PID=1171) to work on /home/airflow/.local/lib/python3.8/site-packages/airflow/example_dags/tutorial_taskflow_api.py
[2026-03-12T02:22:23.408+0000] {processor.py:830} INFO - Processing file /home/airflow/.local/lib/python3.8/site-packages/airflow/example_dags/tutorial_taskflow_api.py for tasks to queue
[2026-03-12T02:22:23.409+0000] {logging_mixin.py:188} INFO - [2026-03-12T02:22:23.409+0000] {dagbag.py:538} INFO - Filling up the DagBag from /home/airflow/.local/lib/python3.8/site-packages/airflow/example_dags/tutorial_taskflow_api.py
[2026-03-12T02:22:23.412+0000] {processor.py:840} INFO - DAG(s) 'tutorial_taskflow_api' retrieved from /home/airflow/.local/lib/python3.8/site-packages/airflow/example_dags/tutorial_taskflow_api.py
[2026-03-12T02:22:23.422+0000] {logging_mixin.py:188} INFO - [2026-03-12T02:22:23.422+0000] {dag.py:3036} INFO - Sync 1 DAGs
[2026-03-12T02:22:23.426+0000] {logging_mixin.py:188} INFO - [2026-03-12T02:22:23.426+0000] {dag.py:3823} INFO - Setting next_dagrun for tutorial_taskflow_api to None, run_after=None
[2026-03-12T02:22:23.436+0000] {processor.py:183} INFO - Processing /home/airflow/.local/lib/python3.8/site-packages/airflow/example_dags/tutorial_taskflow_api.py took 0.030 seconds
[2026-03-12T02:22:54.613+0000] {processor.py:161} INFO - Started process (PID=1247) to work on /home/airflow/.local/lib/python3.8/site-packages/airflow/example_dags/tutorial_taskflow_api.py
[2026-03-12T02:22:54.614+0000] {processor.py:830} INFO - Processing file /home/airflow/.local/lib/python3.8/site-packages/airflow/example_dags/tutorial_taskflow_api.py for tasks to queue
[2026-03-12T02:22:54.615+0000] {logging_mixin.py:188} INFO - [2026-03-12T02:22:54.615+0000] {dagbag.py:538} INFO - Filling up the DagBag from /home/airflow/.local/lib/python3.8/site-packages/airflow/example_dags/tutorial_taskflow_api.py
[2026-03-12T02:22:54.620+0000] {processor.py:840} INFO - DAG(s) 'tutorial_taskflow_api' retrieved from /home/airflow/.local/lib/python3.8/site-packages/airflow/example_dags/tutorial_taskflow_api.py
[2026-03-12T02:22:54.631+0000] {logging_mixin.py:188} INFO - [2026-03-12T02:22:54.630+0000] {dag.py:3036} INFO - Sync 1 DAGs
[2026-03-12T02:22:54.635+0000] {logging_mixin.py:188} INFO - [2026-03-12T02:22:54.635+0000] {dag.py:3823} INFO - Setting next_dagrun for tutorial_taskflow_api to None, run_after=None
[2026-03-12T02:22:54.643+0000] {processor.py:183} INFO - Processing /home/airflow/.local/lib/python3.8/site-packages/airflow/example_dags/tutorial_taskflow_api.py took 0.032 seconds
[2026-03-12T02:23:25.806+0000] {processor.py:161} INFO - Started process (PID=1323) to work on /home/airflow/.local/lib/python3.8/site-packages/airflow/example_dags/tutorial_taskflow_api.py
[2026-03-12T02:23:25.807+0000] {processor.py:830} INFO - Processing file /home/airflow/.local/lib/python3.8/site-packages/airflow/example_dags/tutorial_taskflow_api.py for tasks to queue
[2026-03-12T02:23:25.808+0000] {logging_mixin.py:188} INFO - [2026-03-12T02:23:25.808+0000] {dagbag.py:538} INFO - Filling up the DagBag from /home/airflow/.local/lib/python3.8/site-packages/airflow/example_dags/tutorial_taskflow_api.py
[2026-03-12T02:23:25.811+0000] {processor.py:840} INFO - DAG(s) 'tutorial_taskflow_api' retrieved from /home/airflow/.local/lib/python3.8/site-packages/airflow/example_dags/tutorial_taskflow_api.py
[2026-03-12T02:23:25.821+0000] {logging_mixin.py:188} INFO - [2026-03-12T02:23:25.820+0000] {dag.py:3036} INFO - Sync 1 DAGs
[2026-03-12T02:23:25.827+0000] {logging_mixin.py:188} INFO - [2026-03-12T02:23:25.827+0000] {dag.py:3823} INFO - Setting next_dagrun for tutorial_taskflow_api to None, run_after=None
[2026-03-12T02:23:25.837+0000] {processor.py:183} INFO - Processing /home/airflow/.local/lib/python3.8/site-packages/airflow/example_dags/tutorial_taskflow_api.py took 0.033 seconds
[2026-03-12T02:23:57.027+0000] {processor.py:161} INFO - Started process (PID=1399) to work on /home/airflow/.local/lib/python3.8/site-packages/airflow/example_dags/tutorial_taskflow_api.py
[2026-03-12T02:23:57.028+0000] {processor.py:830} INFO - Processing file /home/airflow/.local/lib/python3.8/site-packages/airflow/example_dags/tutorial_taskflow_api.py for tasks to queue
[2026-03-12T02:23:57.029+0000] {logging_mixin.py:188} INFO - [2026-03-12T02:23:57.029+0000] {dagbag.py:538} INFO - Filling up the DagBag from /home/airflow/.local/lib/python3.8/site-packages/airflow/example_dags/tutorial_taskflow_api.py
[2026-03-12T02:23:57.032+0000] {processor.py:840} INFO - DAG(s) 'tutorial_taskflow_api' retrieved from /home/airflow/.local/lib/python3.8/site-packages/airflow/example_dags/tutorial_taskflow_api.py
[2026-03-12T02:23:57.044+0000] {logging_mixin.py:188} INFO - [2026-03-12T02:23:57.044+0000] {dag.py:3036} INFO - Sync 1 DAGs
[2026-03-12T02:23:57.049+0000] {logging_mixin.py:188} INFO - [2026-03-12T02:23:57.049+0000] {dag.py:3823} INFO - Setting next_dagrun for tutorial_taskflow_api to None, run_after=None
[2026-03-12T02:23:57.064+0000] {processor.py:183} INFO - Processing /home/airflow/.local/lib/python3.8/site-packages/airflow/example_dags/tutorial_taskflow_api.py took 0.038 seconds
[2026-03-12T02:24:27.419+0000] {processor.py:161} INFO - Started process (PID=1475) to work on /home/airflow/.local/lib/python3.8/site-packages/airflow/example_dags/tutorial_taskflow_api.py
[2026-03-12T02:24:27.420+0000] {processor.py:830} INFO - Processing file /home/airflow/.local/lib/python3.8/site-packages/airflow/example_dags/tutorial_taskflow_api.py for tasks to queue
[2026-03-12T02:24:27.421+0000] {logging_mixin.py:188} INFO - [2026-03-12T02:24:27.421+0000] {dagbag.py:538} INFO - Filling up the DagBag from /home/airflow/.local/lib/python3.8/site-packages/airflow/example_dags/tutorial_taskflow_api.py
[2026-03-12T02:24:27.424+0000] {processor.py:840} INFO - DAG(s) 'tutorial_taskflow_api' retrieved from /home/airflow/.local/lib/python3.8/site-packages/airflow/example_dags/tutorial_taskflow_api.py
[2026-03-12T02:24:27.432+0000] {logging_mixin.py:188} INFO - [2026-03-12T02:24:27.432+0000] {dag.py:3036} INFO - Sync 1 DAGs
[2026-03-12T02:24:27.437+0000] {logging_mixin.py:188} INFO - [2026-03-12T02:24:27.437+0000] {dag.py:3823} INFO - Setting next_dagrun for tutorial_taskflow_api to None, run_after=None
[2026-03-12T02:24:27.451+0000] {processor.py:183} INFO - Processing /home/airflow/.local/lib/python3.8/site-packages/airflow/example_dags/tutorial_taskflow_api.py took 0.033 seconds
[2026-03-12T02:24:58.102+0000] {processor.py:161} INFO - Started process (PID=1551) to work on /home/airflow/.local/lib/python3.8/site-packages/airflow/example_dags/tutorial_taskflow_api.py
[2026-03-12T02:24:58.104+0000] {processor.py:830} INFO - Processing file /home/airflow/.local/lib/python3.8/site-packages/airflow/example_dags/tutorial_taskflow_api.py for tasks to queue
[2026-03-12T02:24:58.105+0000] {logging_mixin.py:188} INFO - [2026-03-12T02:24:58.105+0000] {dagbag.py:538} INFO - Filling up the DagBag from /home/airflow/.local/lib/python3.8/site-packages/airflow/example_dags/tutorial_taskflow_api.py
[2026-03-12T02:24:58.107+0000] {processor.py:840} INFO - DAG(s) 'tutorial_taskflow_api' retrieved from /home/airflow/.local/lib/python3.8/site-packages/airflow/example_dags/tutorial_taskflow_api.py
[2026-03-12T02:24:58.116+0000] {logging_mixin.py:188} INFO - [2026-03-12T02:24:58.116+0000] {dag.py:3036} INFO - Sync 1 DAGs
[2026-03-12T02:24:58.123+0000] {logging_mixin.py:188} INFO - [2026-03-12T02:24:58.123+0000] {dag.py:3823} INFO - Setting next_dagrun for tutorial_taskflow_api to None, run_after=None
[2026-03-12T02:24:58.132+0000] {processor.py:183} INFO - Processing /home/airflow/.local/lib/python3.8/site-packages/airflow/example_dags/tutorial_taskflow_api.py took 0.032 seconds
[2026-03-12T02:25:28.892+0000] {processor.py:161} INFO - Started process (PID=1627) to work on /home/airflow/.local/lib/python3.8/site-packages/airflow/example_dags/tutorial_taskflow_api.py
[2026-03-12T02:25:28.893+0000] {processor.py:830} INFO - Processing file /home/airflow/.local/lib/python3.8/site-packages/airflow/example_dags/tutorial_taskflow_api.py for tasks to queue
[2026-03-12T02:25:28.894+0000] {logging_mixin.py:188} INFO - [2026-03-12T02:25:28.894+0000] {dagbag.py:538} INFO - Filling up the DagBag from /home/airflow/.local/lib/python3.8/site-packages/airflow/example_dags/tutorial_taskflow_api.py
[2026-03-12T02:25:28.899+0000] {processor.py:840} INFO - DAG(s) 'tutorial_taskflow_api' retrieved from /home/airflow/.local/lib/python3.8/site-packages/airflow/example_dags/tutorial_taskflow_api.py
[2026-03-12T02:25:28.909+0000] {logging_mixin.py:188} INFO - [2026-03-12T02:25:28.909+0000] {dag.py:3036} INFO - Sync 1 DAGs
[2026-03-12T02:25:28.914+0000] {logging_mixin.py:188} INFO - [2026-03-12T02:25:28.914+0000] {dag.py:3823} INFO - Setting next_dagrun for tutorial_taskflow_api to None, run_after=None
[2026-03-12T02:25:28.923+0000] {processor.py:183} INFO - Processing /home/airflow/.local/lib/python3.8/site-packages/airflow/example_dags/tutorial_taskflow_api.py took 0.033 seconds
[2026-03-12T02:25:59.639+0000] {processor.py:161} INFO - Started process (PID=1703) to work on /home/airflow/.local/lib/python3.8/site-packages/airflow/example_dags/tutorial_taskflow_api.py
[2026-03-12T02:25:59.639+0000] {processor.py:830} INFO - Processing file /home/airflow/.local/lib/python3.8/site-packages/airflow/example_dags/tutorial_taskflow_api.py for tasks to queue
[2026-03-12T02:25:59.640+0000] {logging_mixin.py:188} INFO - [2026-03-12T02:25:59.640+0000] {dagbag.py:538} INFO - Filling up the DagBag from /home/airflow/.local/lib/python3.8/site-packages/airflow/example_dags/tutorial_taskflow_api.py
[2026-03-12T02:25:59.642+0000] {processor.py:840} INFO - DAG(s) 'tutorial_taskflow_api' retrieved from /home/airflow/.local/lib/python3.8/site-packages/airflow/example_dags/tutorial_taskflow_api.py
[2026-03-12T02:25:59.651+0000] {logging_mixin.py:188} INFO - [2026-03-12T02:25:59.651+0000] {dag.py:3036} INFO - Sync 1 DAGs
[2026-03-12T02:25:59.656+0000] {logging_mixin.py:188} INFO - [2026-03-12T02:25:59.656+0000] {dag.py:3823} INFO - Setting next_dagrun for tutorial_taskflow_api to None, run_after=None
[2026-03-12T02:25:59.666+0000] {processor.py:183} INFO - Processing /home/airflow/.local/lib/python3.8/site-packages/airflow/example_dags/tutorial_taskflow_api.py took 0.028 seconds
[2026-03-12T02:26:30.455+0000] {processor.py:161} INFO - Started process (PID=1779) to work on /home/airflow/.local/lib/python3.8/site-packages/airflow/example_dags/tutorial_taskflow_api.py
[2026-03-12T02:26:30.456+0000] {processor.py:830} INFO - Processing file /home/airflow/.local/lib/python3.8/site-packages/airflow/example_dags/tutorial_taskflow_api.py for tasks to queue
[2026-03-12T02:26:30.457+0000] {logging_mixin.py:188} INFO - [2026-03-12T02:26:30.456+0000] {dagbag.py:538} INFO - Filling up the DagBag from /home/airflow/.local/lib/python3.8/site-packages/airflow/example_dags/tutorial_taskflow_api.py
[2026-03-12T02:26:30.459+0000] {processor.py:840} INFO - DAG(s) 'tutorial_taskflow_api' retrieved from /home/airflow/.local/lib/python3.8/site-packages/airflow/example_dags/tutorial_taskflow_api.py
[2026-03-12T02:26:30.470+0000] {logging_mixin.py:188} INFO - [2026-03-12T02:26:30.470+0000] {dag.py:3036} INFO - Sync 1 DAGs
[2026-03-12T02:26:30.474+0000] {logging_mixin.py:188} INFO - [2026-03-12T02:26:30.474+0000] {dag.py:3823} INFO - Setting next_dagrun for tutorial_taskflow_api to None, run_after=None
[2026-03-12T02:26:30.479+0000] {processor.py:183} INFO - Processing /home/airflow/.local/lib/python3.8/site-packages/airflow/example_dags/tutorial_taskflow_api.py took 0.026 seconds
[2026-03-12T02:27:01.166+0000] {processor.py:161} INFO - Started process (PID=1855) to work on /home/airflow/.local/lib/python3.8/site-packages/airflow/example_dags/tutorial_taskflow_api.py
[2026-03-12T02:27:01.167+0000] {processor.py:830} INFO - Processing file /home/airflow/.local/lib/python3.8/site-packages/airflow/example_dags/tutorial_taskflow_api.py for tasks to queue
[2026-03-12T02:27:01.169+0000] {logging_mixin.py:188} INFO - [2026-03-12T02:27:01.169+0000] {dagbag.py:538} INFO - Filling up the DagBag from /home/airflow/.local/lib/python3.8/site-packages/airflow/example_dags/tutorial_taskflow_api.py
[2026-03-12T02:27:01.172+0000] {processor.py:840} INFO - DAG(s) 'tutorial_taskflow_api' retrieved from /home/airflow/.local/lib/python3.8/site-packages/airflow/example_dags/tutorial_taskflow_api.py
[2026-03-12T02:27:01.182+0000] {logging_mixin.py:188} INFO - [2026-03-12T02:27:01.181+0000] {dag.py:3036} INFO - Sync 1 DAGs
[2026-03-12T02:27:01.186+0000] {logging_mixin.py:188} INFO - [2026-03-12T02:27:01.186+0000] {dag.py:3823} INFO - Setting next_dagrun for tutorial_taskflow_api to None, run_after=None
[2026-03-12T02:27:01.197+0000] {processor.py:183} INFO - Processing /home/airflow/.local/lib/python3.8/site-packages/airflow/example_dags/tutorial_taskflow_api.py took 0.032 seconds
[2026-03-12T02:27:32.011+0000] {processor.py:161} INFO - Started process (PID=1931) to work on /home/airflow/.local/lib/python3.8/site-packages/airflow/example_dags/tutorial_taskflow_api.py
[2026-03-12T02:27:32.012+0000] {processor.py:830} INFO - Processing file /home/airflow/.local/lib/python3.8/site-packages/airflow/example_dags/tutorial_taskflow_api.py for tasks to queue
[2026-03-12T02:27:32.012+0000] {logging_mixin.py:188} INFO - [2026-03-12T02:27:32.012+0000] {dagbag.py:538} INFO - Filling up the DagBag from /home/airflow/.local/lib/python3.8/site-packages/airflow/example_dags/tutorial_taskflow_api.py
[2026-03-12T02:27:32.015+0000] {processor.py:840} INFO - DAG(s) 'tutorial_taskflow_api' retrieved from /home/airflow/.local/lib/python3.8/site-packages/airflow/example_dags/tutorial_taskflow_api.py
[2026-03-12T02:27:32.024+0000] {logging_mixin.py:188} INFO - [2026-03-12T02:27:32.024+0000] {dag.py:3036} INFO - Sync 1 DAGs
[2026-03-12T02:27:32.029+0000] {logging_mixin.py:188} INFO - [2026-03-12T02:27:32.029+0000] {dag.py:3823} INFO - Setting next_dagrun for tutorial_taskflow_api to None, run_after=None
[2026-03-12T02:27:32.041+0000] {processor.py:183} INFO - Processing /home/airflow/.local/lib/python3.8/site-packages/airflow/example_dags/tutorial_taskflow_api.py took 0.032 seconds
[2026-03-12T02:28:02.765+0000] {processor.py:161} INFO - Started process (PID=2007) to work on /home/airflow/.local/lib/python3.8/site-packages/airflow/example_dags/tutorial_taskflow_api.py
[2026-03-12T02:28:02.766+0000] {processor.py:830} INFO - Processing file /home/airflow/.local/lib/python3.8/site-packages/airflow/example_dags/tutorial_taskflow_api.py for tasks to queue
[2026-03-12T02:28:02.768+0000] {logging_mixin.py:188} INFO - [2026-03-12T02:28:02.768+0000] {dagbag.py:538} INFO - Filling up the DagBag from /home/airflow/.local/lib/python3.8/site-packages/airflow/example_dags/tutorial_taskflow_api.py
[2026-03-12T02:28:02.770+0000] {processor.py:840} INFO - DAG(s) 'tutorial_taskflow_api' retrieved from /home/airflow/.local/lib/python3.8/site-packages/airflow/example_dags/tutorial_taskflow_api.py
[2026-03-12T02:28:02.778+0000] {logging_mixin.py:188} INFO - [2026-03-12T02:28:02.778+0000] {dag.py:3036} INFO - Sync 1 DAGs
[2026-03-12T02:28:02.782+0000] {logging_mixin.py:188} INFO - [2026-03-12T02:28:02.782+0000] {dag.py:3823} INFO - Setting next_dagrun for tutorial_taskflow_api to None, run_after=None
[2026-03-12T02:28:02.797+0000] {processor.py:183} INFO - Processing /home/airflow/.local/lib/python3.8/site-packages/airflow/example_dags/tutorial_taskflow_api.py took 0.033 seconds
[2026-03-12T02:28:33.476+0000] {processor.py:161} INFO - Started process (PID=2083) to work on /home/airflow/.local/lib/python3.8/site-packages/airflow/example_dags/tutorial_taskflow_api.py
[2026-03-12T02:28:33.478+0000] {processor.py:830} INFO - Processing file /home/airflow/.local/lib/python3.8/site-packages/airflow/example_dags/tutorial_taskflow_api.py for tasks to queue
[2026-03-12T02:28:33.479+0000] {logging_mixin.py:188} INFO - [2026-03-12T02:28:33.479+0000] {dagbag.py:538} INFO - Filling up the DagBag from /home/airflow/.local/lib/python3.8/site-packages/airflow/example_dags/tutorial_taskflow_api.py
[2026-03-12T02:28:33.481+0000] {processor.py:840} INFO - DAG(s) 'tutorial_taskflow_api' retrieved from /home/airflow/.local/lib/python3.8/site-packages/airflow/example_dags/tutorial_taskflow_api.py
[2026-03-12T02:28:33.489+0000] {logging_mixin.py:188} INFO - [2026-03-12T02:28:33.489+0000] {dag.py:3036} INFO - Sync 1 DAGs
[2026-03-12T02:28:33.494+0000] {logging_mixin.py:188} INFO - [2026-03-12T02:28:33.494+0000] {dag.py:3823} INFO - Setting next_dagrun for tutorial_taskflow_api to None, run_after=None
[2026-03-12T02:28:33.503+0000] {processor.py:183} INFO - Processing /home/airflow/.local/lib/python3.8/site-packages/airflow/example_dags/tutorial_taskflow_api.py took 0.028 seconds
[2026-03-12T02:29:04.460+0000] {processor.py:161} INFO - Started process (PID=2159) to work on /home/airflow/.local/lib/python3.8/site-packages/airflow/example_dags/tutorial_taskflow_api.py
[2026-03-12T02:29:04.461+0000] {processor.py:830} INFO - Processing file /home/airflow/.local/lib/python3.8/site-packages/airflow/example_dags/tutorial_taskflow_api.py for tasks to queue
[2026-03-12T02:29:04.462+0000] {logging_mixin.py:188} INFO - [2026-03-12T02:29:04.462+0000] {dagbag.py:538} INFO - Filling up the DagBag from /home/airflow/.local/lib/python3.8/site-packages/airflow/example_dags/tutorial_taskflow_api.py
[2026-03-12T02:29:04.465+0000] {processor.py:840} INFO - DAG(s) 'tutorial_taskflow_api' retrieved from /home/airflow/.local/lib/python3.8/site-packages/airflow/example_dags/tutorial_taskflow_api.py
[2026-03-12T02:29:04.473+0000] {logging_mixin.py:188} INFO - [2026-03-12T02:29:04.473+0000] {dag.py:3036} INFO - Sync 1 DAGs
[2026-03-12T02:29:04.477+0000] {logging_mixin.py:188} INFO - [2026-03-12T02:29:04.477+0000] {dag.py:3823} INFO - Setting next_dagrun for tutorial_taskflow_api to None, run_after=None
[2026-03-12T02:29:04.487+0000] {processor.py:183} INFO - Processing /home/airflow/.local/lib/python3.8/site-packages/airflow/example_dags/tutorial_taskflow_api.py took 0.029 seconds
[2026-03-12T02:29:35.499+0000] {processor.py:161} INFO - Started process (PID=2235) to work on /home/airflow/.local/lib/python3.8/site-packages/airflow/example_dags/tutorial_taskflow_api.py
[2026-03-12T02:29:35.499+0000] {processor.py:830} INFO - Processing file /home/airflow/.local/lib/python3.8/site-packages/airflow/example_dags/tutorial_taskflow_api.py for tasks to queue
[2026-03-12T02:29:35.500+0000] {logging_mixin.py:188} INFO - [2026-03-12T02:29:35.500+0000] {dagbag.py:538} INFO - Filling up the DagBag from /home/airflow/.local/lib/python3.8/site-packages/airflow/example_dags/tutorial_taskflow_api.py
[2026-03-12T02:29:35.504+0000] {processor.py:840} INFO - DAG(s) 'tutorial_taskflow_api' retrieved from /home/airflow/.local/lib/python3.8/site-packages/airflow/example_dags/tutorial_taskflow_api.py
[2026-03-12T02:29:35.514+0000] {logging_mixin.py:188} INFO - [2026-03-12T02:29:35.513+0000] {dag.py:3036} INFO - Sync 1 DAGs
[2026-03-12T02:29:35.520+0000] {logging_mixin.py:188} INFO - [2026-03-12T02:29:35.520+0000] {dag.py:3823} INFO - Setting next_dagrun for tutorial_taskflow_api to None, run_after=None
[2026-03-12T02:29:35.528+0000] {processor.py:183} INFO - Processing /home/airflow/.local/lib/python3.8/site-packages/airflow/example_dags/tutorial_taskflow_api.py took 0.031 seconds
[2026-03-12T02:30:06.583+0000] {processor.py:161} INFO - Started process (PID=2311) to work on /home/airflow/.local/lib/python3.8/site-packages/airflow/example_dags/tutorial_taskflow_api.py
[2026-03-12T02:30:06.584+0000] {processor.py:830} INFO - Processing file /home/airflow/.local/lib/python3.8/site-packages/airflow/example_dags/tutorial_taskflow_api.py for tasks to queue
[2026-03-12T02:30:06.584+0000] {logging_mixin.py:188} INFO - [2026-03-12T02:30:06.584+0000] {dagbag.py:538} INFO - Filling up the DagBag from /home/airflow/.local/lib/python3.8/site-packages/airflow/example_dags/tutorial_taskflow_api.py
[2026-03-12T02:30:06.587+0000] {processor.py:840} INFO - DAG(s) 'tutorial_taskflow_api' retrieved from /home/airflow/.local/lib/python3.8/site-packages/airflow/example_dags/tutorial_taskflow_api.py
[2026-03-12T02:30:06.603+0000] {logging_mixin.py:188} INFO - [2026-03-12T02:30:06.602+0000] {dag.py:3036} INFO - Sync 1 DAGs
[2026-03-12T02:30:06.607+0000] {logging_mixin.py:188} INFO - [2026-03-12T02:30:06.607+0000] {dag.py:3823} INFO - Setting next_dagrun for tutorial_taskflow_api to None, run_after=None
[2026-03-12T02:30:06.615+0000] {processor.py:183} INFO - Processing /home/airflow/.local/lib/python3.8/site-packages/airflow/example_dags/tutorial_taskflow_api.py took 0.033 seconds
[2026-03-12T02:30:37.490+0000] {processor.py:161} INFO - Started process (PID=2387) to work on /home/airflow/.local/lib/python3.8/site-packages/airflow/example_dags/tutorial_taskflow_api.py
[2026-03-12T02:30:37.490+0000] {processor.py:830} INFO - Processing file /home/airflow/.local/lib/python3.8/site-packages/airflow/example_dags/tutorial_taskflow_api.py for tasks to queue
[2026-03-12T02:30:37.492+0000] {logging_mixin.py:188} INFO - [2026-03-12T02:30:37.492+0000] {dagbag.py:538} INFO - Filling up the DagBag from /home/airflow/.local/lib/python3.8/site-packages/airflow/example_dags/tutorial_taskflow_api.py
[2026-03-12T02:30:37.495+0000] {processor.py:840} INFO - DAG(s) 'tutorial_taskflow_api' retrieved from /home/airflow/.local/lib/python3.8/site-packages/airflow/example_dags/tutorial_taskflow_api.py
[2026-03-12T02:30:37.505+0000] {logging_mixin.py:188} INFO - [2026-03-12T02:30:37.505+0000] {dag.py:3036} INFO - Sync 1 DAGs
[2026-03-12T02:30:37.510+0000] {logging_mixin.py:188} INFO - [2026-03-12T02:30:37.510+0000] {dag.py:3823} INFO - Setting next_dagrun for tutorial_taskflow_api to None, run_after=None
[2026-03-12T02:30:37.517+0000] {processor.py:183} INFO - Processing /home/airflow/.local/lib/python3.8/site-packages/airflow/example_dags/tutorial_taskflow_api.py took 0.029 seconds
[2026-03-12T02:31:08.494+0000] {processor.py:161} INFO - Started process (PID=2463) to work on /home/airflow/.local/lib/python3.8/site-packages/airflow/example_dags/tutorial_taskflow_api.py
[2026-03-12T02:31:08.495+0000] {processor.py:830} INFO - Processing file /home/airflow/.local/lib/python3.8/site-packages/airflow/example_dags/tutorial_taskflow_api.py for tasks to queue
[2026-03-12T02:31:08.495+0000] {logging_mixin.py:188} INFO - [2026-03-12T02:31:08.495+0000] {dagbag.py:538} INFO - Filling up the DagBag from /home/airflow/.local/lib/python3.8/site-packages/airflow/example_dags/tutorial_taskflow_api.py
[2026-03-12T02:31:08.499+0000] {processor.py:840} INFO - DAG(s) 'tutorial_taskflow_api' retrieved from /home/airflow/.local/lib/python3.8/site-packages/airflow/example_dags/tutorial_taskflow_api.py
[2026-03-12T02:31:08.509+0000] {logging_mixin.py:188} INFO - [2026-03-12T02:31:08.509+0000] {dag.py:3036} INFO - Sync 1 DAGs
[2026-03-12T02:31:08.513+0000] {logging_mixin.py:188} INFO - [2026-03-12T02:31:08.513+0000] {dag.py:3823} INFO - Setting next_dagrun for tutorial_taskflow_api to None, run_after=None
[2026-03-12T02:31:08.523+0000] {processor.py:183} INFO - Processing /home/airflow/.local/lib/python3.8/site-packages/airflow/example_dags/tutorial_taskflow_api.py took 0.030 seconds
[2026-03-12T02:31:39.428+0000] {processor.py:161} INFO - Started process (PID=2539) to work on /home/airflow/.local/lib/python3.8/site-packages/airflow/example_dags/tutorial_taskflow_api.py
[2026-03-12T02:31:39.429+0000] {processor.py:830} INFO - Processing file /home/airflow/.local/lib/python3.8/site-packages/airflow/example_dags/tutorial_taskflow_api.py for tasks to queue
[2026-03-12T02:31:39.430+0000] {logging_mixin.py:188} INFO - [2026-03-12T02:31:39.429+0000] {dagbag.py:538} INFO - Filling up the DagBag from /home/airflow/.local/lib/python3.8/site-packages/airflow/example_dags/tutorial_taskflow_api.py
[2026-03-12T02:31:39.433+0000] {processor.py:840} INFO - DAG(s) 'tutorial_taskflow_api' retrieved from /home/airflow/.local/lib/python3.8/site-packages/airflow/example_dags/tutorial_taskflow_api.py
[2026-03-12T02:31:39.443+0000] {logging_mixin.py:188} INFO - [2026-03-12T02:31:39.443+0000] {dag.py:3036} INFO - Sync 1 DAGs
[2026-03-12T02:31:39.447+0000] {logging_mixin.py:188} INFO - [2026-03-12T02:31:39.447+0000] {dag.py:3823} INFO - Setting next_dagrun for tutorial_taskflow_api to None, run_after=None
[2026-03-12T02:31:39.457+0000] {processor.py:183} INFO - Processing /home/airflow/.local/lib/python3.8/site-packages/airflow/example_dags/tutorial_taskflow_api.py took 0.031 seconds
[2026-03-12T02:32:10.548+0000] {processor.py:161} INFO - Started process (PID=2621) to work on /home/airflow/.local/lib/python3.8/site-packages/airflow/example_dags/tutorial_taskflow_api.py
[2026-03-12T02:32:10.548+0000] {processor.py:830} INFO - Processing file /home/airflow/.local/lib/python3.8/site-packages/airflow/example_dags/tutorial_taskflow_api.py for tasks to queue
[2026-03-12T02:32:10.549+0000] {logging_mixin.py:188} INFO - [2026-03-12T02:32:10.549+0000] {dagbag.py:538} INFO - Filling up the DagBag from /home/airflow/.local/lib/python3.8/site-packages/airflow/example_dags/tutorial_taskflow_api.py
[2026-03-12T02:32:10.552+0000] {processor.py:840} INFO - DAG(s) 'tutorial_taskflow_api' retrieved from /home/airflow/.local/lib/python3.8/site-packages/airflow/example_dags/tutorial_taskflow_api.py
[2026-03-12T02:32:10.560+0000] {logging_mixin.py:188} INFO - [2026-03-12T02:32:10.560+0000] {dag.py:3036} INFO - Sync 1 DAGs
[2026-03-12T02:32:10.565+0000] {logging_mixin.py:188} INFO - [2026-03-12T02:32:10.564+0000] {dag.py:3823} INFO - Setting next_dagrun for tutorial_taskflow_api to None, run_after=None
[2026-03-12T02:32:10.581+0000] {processor.py:183} INFO - Processing /home/airflow/.local/lib/python3.8/site-packages/airflow/example_dags/tutorial_taskflow_api.py took 0.035 seconds
[2026-03-12T02:32:42.303+0000] {processor.py:161} INFO - Started process (PID=2697) to work on /home/airflow/.local/lib/python3.8/site-packages/airflow/example_dags/tutorial_taskflow_api.py
[2026-03-12T02:32:42.304+0000] {processor.py:830} INFO - Processing file /home/airflow/.local/lib/python3.8/site-packages/airflow/example_dags/tutorial_taskflow_api.py for tasks to queue
[2026-03-12T02:32:42.305+0000] {logging_mixin.py:188} INFO - [2026-03-12T02:32:42.304+0000] {dagbag.py:538} INFO - Filling up the DagBag from /home/airflow/.local/lib/python3.8/site-packages/airflow/example_dags/tutorial_taskflow_api.py
[2026-03-12T02:32:42.308+0000] {processor.py:840} INFO - DAG(s) 'tutorial_taskflow_api' retrieved from /home/airflow/.local/lib/python3.8/site-packages/airflow/example_dags/tutorial_taskflow_api.py
[2026-03-12T02:32:42.317+0000] {logging_mixin.py:188} INFO - [2026-03-12T02:32:42.317+0000] {dag.py:3036} INFO - Sync 1 DAGs
[2026-03-12T02:32:42.322+0000] {logging_mixin.py:188} INFO - [2026-03-12T02:32:42.322+0000] {dag.py:3823} INFO - Setting next_dagrun for tutorial_taskflow_api to None, run_after=None
[2026-03-12T02:32:42.334+0000] {processor.py:183} INFO - Processing /home/airflow/.local/lib/python3.8/site-packages/airflow/example_dags/tutorial_taskflow_api.py took 0.033 seconds
[2026-03-12T02:33:13.264+0000] {processor.py:161} INFO - Started process (PID=2773) to work on /home/airflow/.local/lib/python3.8/site-packages/airflow/example_dags/tutorial_taskflow_api.py
[2026-03-12T02:33:13.265+0000] {processor.py:830} INFO - Processing file /home/airflow/.local/lib/python3.8/site-packages/airflow/example_dags/tutorial_taskflow_api.py for tasks to queue
[2026-03-12T02:33:13.265+0000] {logging_mixin.py:188} INFO - [2026-03-12T02:33:13.265+0000] {dagbag.py:538} INFO - Filling up the DagBag from /home/airflow/.local/lib/python3.8/site-packages/airflow/example_dags/tutorial_taskflow_api.py
[2026-03-12T02:33:13.268+0000] {processor.py:840} INFO - DAG(s) 'tutorial_taskflow_api' retrieved from /home/airflow/.local/lib/python3.8/site-packages/airflow/example_dags/tutorial_taskflow_api.py
[2026-03-12T02:33:13.276+0000] {logging_mixin.py:188} INFO - [2026-03-12T02:33:13.276+0000] {dag.py:3036} INFO - Sync 1 DAGs
[2026-03-12T02:33:13.280+0000] {logging_mixin.py:188} INFO - [2026-03-12T02:33:13.280+0000] {dag.py:3823} INFO - Setting next_dagrun for tutorial_taskflow_api to None, run_after=None
[2026-03-12T02:33:13.287+0000] {processor.py:183} INFO - Processing /home/airflow/.local/lib/python3.8/site-packages/airflow/example_dags/tutorial_taskflow_api.py took 0.024 seconds
[2026-03-12T02:33:44.212+0000] {processor.py:161} INFO - Started process (PID=2849) to work on /home/airflow/.local/lib/python3.8/site-packages/airflow/example_dags/tutorial_taskflow_api.py
[2026-03-12T02:33:44.213+0000] {processor.py:830} INFO - Processing file /home/airflow/.local/lib/python3.8/site-packages/airflow/example_dags/tutorial_taskflow_api.py for tasks to queue
[2026-03-12T02:33:44.214+0000] {logging_mixin.py:188} INFO - [2026-03-12T02:33:44.214+0000] {dagbag.py:538} INFO - Filling up the DagBag from /home/airflow/.local/lib/python3.8/site-packages/airflow/example_dags/tutorial_taskflow_api.py
[2026-03-12T02:33:44.218+0000] {processor.py:840} INFO - DAG(s) 'tutorial_taskflow_api' retrieved from /home/airflow/.local/lib/python3.8/site-packages/airflow/example_dags/tutorial_taskflow_api.py
[2026-03-12T02:33:44.228+0000] {logging_mixin.py:188} INFO - [2026-03-12T02:33:44.228+0000] {dag.py:3036} INFO - Sync 1 DAGs
[2026-03-12T02:33:44.234+0000] {logging_mixin.py:188} INFO - [2026-03-12T02:33:44.233+0000] {dag.py:3823} INFO - Setting next_dagrun for tutorial_taskflow_api to None, run_after=None
[2026-03-12T02:33:44.243+0000] {processor.py:183} INFO - Processing /home/airflow/.local/lib/python3.8/site-packages/airflow/example_dags/tutorial_taskflow_api.py took 0.032 seconds
[2026-03-12T02:34:15.167+0000] {processor.py:161} INFO - Started process (PID=2925) to work on /home/airflow/.local/lib/python3.8/site-packages/airflow/example_dags/tutorial_taskflow_api.py
[2026-03-12T02:34:15.167+0000] {processor.py:830} INFO - Processing file /home/airflow/.local/lib/python3.8/site-packages/airflow/example_dags/tutorial_taskflow_api.py for tasks to queue
[2026-03-12T02:34:15.168+0000] {logging_mixin.py:188} INFO - [2026-03-12T02:34:15.168+0000] {dagbag.py:538} INFO - Filling up the DagBag from /home/airflow/.local/lib/python3.8/site-packages/airflow/example_dags/tutorial_taskflow_api.py
[2026-03-12T02:34:15.171+0000] {processor.py:840} INFO - DAG(s) 'tutorial_taskflow_api' retrieved from /home/airflow/.local/lib/python3.8/site-packages/airflow/example_dags/tutorial_taskflow_api.py
[2026-03-12T02:34:15.179+0000] {logging_mixin.py:188} INFO - [2026-03-12T02:34:15.179+0000] {dag.py:3036} INFO - Sync 1 DAGs
[2026-03-12T02:34:15.184+0000] {logging_mixin.py:188} INFO - [2026-03-12T02:34:15.184+0000] {dag.py:3823} INFO - Setting next_dagrun for tutorial_taskflow_api to None, run_after=None
[2026-03-12T02:34:15.191+0000] {processor.py:183} INFO - Processing /home/airflow/.local/lib/python3.8/site-packages/airflow/example_dags/tutorial_taskflow_api.py took 0.026 seconds
[2026-03-12T02:34:46.009+0000] {processor.py:161} INFO - Started process (PID=3001) to work on /home/airflow/.local/lib/python3.8/site-packages/airflow/example_dags/tutorial_taskflow_api.py
[2026-03-12T02:34:46.010+0000] {processor.py:830} INFO - Processing file /home/airflow/.local/lib/python3.8/site-packages/airflow/example_dags/tutorial_taskflow_api.py for tasks to queue
[2026-03-12T02:34:46.011+0000] {logging_mixin.py:188} INFO - [2026-03-12T02:34:46.011+0000] {dagbag.py:538} INFO - Filling up the DagBag from /home/airflow/.local/lib/python3.8/site-packages/airflow/example_dags/tutorial_taskflow_api.py
[2026-03-12T02:34:46.014+0000] {processor.py:840} INFO - DAG(s) 'tutorial_taskflow_api' retrieved from /home/airflow/.local/lib/python3.8/site-packages/airflow/example_dags/tutorial_taskflow_api.py
[2026-03-12T02:34:46.022+0000] {logging_mixin.py:188} INFO - [2026-03-12T02:34:46.022+0000] {dag.py:3036} INFO - Sync 1 DAGs
[2026-03-12T02:34:46.026+0000] {logging_mixin.py:188} INFO - [2026-03-12T02:34:46.026+0000] {dag.py:3823} INFO - Setting next_dagrun for tutorial_taskflow_api to None, run_after=None
[2026-03-12T02:34:46.033+0000] {processor.py:183} INFO - Processing /home/airflow/.local/lib/python3.8/site-packages/airflow/example_dags/tutorial_taskflow_api.py took 0.025 seconds
[2026-03-12T02:35:16.778+0000] {processor.py:161} INFO - Started process (PID=3077) to work on /home/airflow/.local/lib/python3.8/site-packages/airflow/example_dags/tutorial_taskflow_api.py
[2026-03-12T02:35:16.778+0000] {processor.py:830} INFO - Processing file /home/airflow/.local/lib/python3.8/site-packages/airflow/example_dags/tutorial_taskflow_api.py for tasks to queue
[2026-03-12T02:35:16.779+0000] {logging_mixin.py:188} INFO - [2026-03-12T02:35:16.779+0000] {dagbag.py:538} INFO - Filling up the DagBag from /home/airflow/.local/lib/python3.8/site-packages/airflow/example_dags/tutorial_taskflow_api.py
[2026-03-12T02:35:16.782+0000] {processor.py:840} INFO - DAG(s) 'tutorial_taskflow_api' retrieved from /home/airflow/.local/lib/python3.8/site-packages/airflow/example_dags/tutorial_taskflow_api.py
[2026-03-12T02:35:16.791+0000] {logging_mixin.py:188} INFO - [2026-03-12T02:35:16.791+0000] {dag.py:3036} INFO - Sync 1 DAGs
[2026-03-12T02:35:16.796+0000] {logging_mixin.py:188} INFO - [2026-03-12T02:35:16.796+0000] {dag.py:3823} INFO - Setting next_dagrun for tutorial_taskflow_api to None, run_after=None
[2026-03-12T02:35:16.805+0000] {processor.py:183} INFO - Processing /home/airflow/.local/lib/python3.8/site-packages/airflow/example_dags/tutorial_taskflow_api.py took 0.029 seconds
[2026-03-12T02:35:47.587+0000] {processor.py:161} INFO - Started process (PID=3153) to work on /home/airflow/.local/lib/python3.8/site-packages/airflow/example_dags/tutorial_taskflow_api.py
[2026-03-12T02:35:47.588+0000] {processor.py:830} INFO - Processing file /home/airflow/.local/lib/python3.8/site-packages/airflow/example_dags/tutorial_taskflow_api.py for tasks to queue
[2026-03-12T02:35:47.589+0000] {logging_mixin.py:188} INFO - [2026-03-12T02:35:47.589+0000] {dagbag.py:538} INFO - Filling up the DagBag from /home/airflow/.local/lib/python3.8/site-packages/airflow/example_dags/tutorial_taskflow_api.py
[2026-03-12T02:35:47.592+0000] {processor.py:840} INFO - DAG(s) 'tutorial_taskflow_api' retrieved from /home/airflow/.local/lib/python3.8/site-packages/airflow/example_dags/tutorial_taskflow_api.py
[2026-03-12T02:35:47.603+0000] {logging_mixin.py:188} INFO - [2026-03-12T02:35:47.603+0000] {dag.py:3036} INFO - Sync 1 DAGs
[2026-03-12T02:35:47.610+0000] {logging_mixin.py:188} INFO - [2026-03-12T02:35:47.610+0000] {dag.py:3823} INFO - Setting next_dagrun for tutorial_taskflow_api to None, run_after=None
[2026-03-12T02:35:47.620+0000] {processor.py:183} INFO - Processing /home/airflow/.local/lib/python3.8/site-packages/airflow/example_dags/tutorial_taskflow_api.py took 0.034 seconds
[2026-03-12T02:36:18.455+0000] {processor.py:161} INFO - Started process (PID=3229) to work on /home/airflow/.local/lib/python3.8/site-packages/airflow/example_dags/tutorial_taskflow_api.py
[2026-03-12T02:36:18.456+0000] {processor.py:830} INFO - Processing file /home/airflow/.local/lib/python3.8/site-packages/airflow/example_dags/tutorial_taskflow_api.py for tasks to queue
[2026-03-12T02:36:18.457+0000] {logging_mixin.py:188} INFO - [2026-03-12T02:36:18.457+0000] {dagbag.py:538} INFO - Filling up the DagBag from /home/airflow/.local/lib/python3.8/site-packages/airflow/example_dags/tutorial_taskflow_api.py
[2026-03-12T02:36:18.460+0000] {processor.py:840} INFO - DAG(s) 'tutorial_taskflow_api' retrieved from /home/airflow/.local/lib/python3.8/site-packages/airflow/example_dags/tutorial_taskflow_api.py
[2026-03-12T02:36:18.468+0000] {logging_mixin.py:188} INFO - [2026-03-12T02:36:18.468+0000] {dag.py:3036} INFO - Sync 1 DAGs
[2026-03-12T02:36:18.474+0000] {logging_mixin.py:188} INFO - [2026-03-12T02:36:18.474+0000] {dag.py:3823} INFO - Setting next_dagrun for tutorial_taskflow_api to None, run_after=None
[2026-03-12T02:36:18.482+0000] {processor.py:183} INFO - Processing /home/airflow/.local/lib/python3.8/site-packages/airflow/example_dags/tutorial_taskflow_api.py took 0.029 seconds
[2026-03-12T02:36:49.051+0000] {processor.py:161} INFO - Started process (PID=3305) to work on /home/airflow/.local/lib/python3.8/site-packages/airflow/example_dags/tutorial_taskflow_api.py
[2026-03-12T02:36:49.052+0000] {processor.py:830} INFO - Processing file /home/airflow/.local/lib/python3.8/site-packages/airflow/example_dags/tutorial_taskflow_api.py for tasks to queue
[2026-03-12T02:36:49.054+0000] {logging_mixin.py:188} INFO - [2026-03-12T02:36:49.053+0000] {dagbag.py:538} INFO - Filling up the DagBag from /home/airflow/.local/lib/python3.8/site-packages/airflow/example_dags/tutorial_taskflow_api.py
[2026-03-12T02:36:49.057+0000] {processor.py:840} INFO - DAG(s) 'tutorial_taskflow_api' retrieved from /home/airflow/.local/lib/python3.8/site-packages/airflow/example_dags/tutorial_taskflow_api.py
[2026-03-12T02:36:49.068+0000] {logging_mixin.py:188} INFO - [2026-03-12T02:36:49.068+0000] {dag.py:3036} INFO - Sync 1 DAGs
[2026-03-12T02:36:49.073+0000] {logging_mixin.py:188} INFO - [2026-03-12T02:36:49.073+0000] {dag.py:3823} INFO - Setting next_dagrun for tutorial_taskflow_api to None, run_after=None
[2026-03-12T02:36:49.083+0000] {processor.py:183} INFO - Processing /home/airflow/.local/lib/python3.8/site-packages/airflow/example_dags/tutorial_taskflow_api.py took 0.033 seconds
[2026-03-12T02:37:19.826+0000] {processor.py:161} INFO - Started process (PID=3381) to work on /home/airflow/.local/lib/python3.8/site-packages/airflow/example_dags/tutorial_taskflow_api.py
[2026-03-12T02:37:19.826+0000] {processor.py:830} INFO - Processing file /home/airflow/.local/lib/python3.8/site-packages/airflow/example_dags/tutorial_taskflow_api.py for tasks to queue
[2026-03-12T02:37:19.828+0000] {logging_mixin.py:188} INFO - [2026-03-12T02:37:19.828+0000] {dagbag.py:538} INFO - Filling up the DagBag from /home/airflow/.local/lib/python3.8/site-packages/airflow/example_dags/tutorial_taskflow_api.py
[2026-03-12T02:37:19.832+0000] {processor.py:840} INFO - DAG(s) 'tutorial_taskflow_api' retrieved from /home/airflow/.local/lib/python3.8/site-packages/airflow/example_dags/tutorial_taskflow_api.py
[2026-03-12T02:37:19.842+0000] {logging_mixin.py:188} INFO - [2026-03-12T02:37:19.842+0000] {dag.py:3036} INFO - Sync 1 DAGs
[2026-03-12T02:37:19.849+0000] {logging_mixin.py:188} INFO - [2026-03-12T02:37:19.848+0000] {dag.py:3823} INFO - Setting next_dagrun for tutorial_taskflow_api to None, run_after=None
[2026-03-12T02:37:19.855+0000] {processor.py:183} INFO - Processing /home/airflow/.local/lib/python3.8/site-packages/airflow/example_dags/tutorial_taskflow_api.py took 0.031 seconds
[2026-03-12T02:37:50.633+0000] {processor.py:161} INFO - Started process (PID=3457) to work on /home/airflow/.local/lib/python3.8/site-packages/airflow/example_dags/tutorial_taskflow_api.py
[2026-03-12T02:37:50.633+0000] {processor.py:830} INFO - Processing file /home/airflow/.local/lib/python3.8/site-packages/airflow/example_dags/tutorial_taskflow_api.py for tasks to queue
[2026-03-12T02:37:50.635+0000] {logging_mixin.py:188} INFO - [2026-03-12T02:37:50.635+0000] {dagbag.py:538} INFO - Filling up the DagBag from /home/airflow/.local/lib/python3.8/site-packages/airflow/example_dags/tutorial_taskflow_api.py
[2026-03-12T02:37:50.637+0000] {processor.py:840} INFO - DAG(s) 'tutorial_taskflow_api' retrieved from /home/airflow/.local/lib/python3.8/site-packages/airflow/example_dags/tutorial_taskflow_api.py
[2026-03-12T02:37:50.649+0000] {logging_mixin.py:188} INFO - [2026-03-12T02:37:50.649+0000] {dag.py:3036} INFO - Sync 1 DAGs
[2026-03-12T02:37:50.654+0000] {logging_mixin.py:188} INFO - [2026-03-12T02:37:50.654+0000] {dag.py:3823} INFO - Setting next_dagrun for tutorial_taskflow_api to None, run_after=None
[2026-03-12T02:37:50.663+0000] {processor.py:183} INFO - Processing /home/airflow/.local/lib/python3.8/site-packages/airflow/example_dags/tutorial_taskflow_api.py took 0.032 seconds
[2026-03-12T02:38:20.992+0000] {processor.py:161} INFO - Started process (PID=3533) to work on /home/airflow/.local/lib/python3.8/site-packages/airflow/example_dags/tutorial_taskflow_api.py
[2026-03-12T02:38:20.993+0000] {processor.py:830} INFO - Processing file /home/airflow/.local/lib/python3.8/site-packages/airflow/example_dags/tutorial_taskflow_api.py for tasks to queue
[2026-03-12T02:38:20.993+0000] {logging_mixin.py:188} INFO - [2026-03-12T02:38:20.993+0000] {dagbag.py:538} INFO - Filling up the DagBag from /home/airflow/.local/lib/python3.8/site-packages/airflow/example_dags/tutorial_taskflow_api.py
[2026-03-12T02:38:20.996+0000] {processor.py:840} INFO - DAG(s) 'tutorial_taskflow_api' retrieved from /home/airflow/.local/lib/python3.8/site-packages/airflow/example_dags/tutorial_taskflow_api.py
[2026-03-12T02:38:21.003+0000] {logging_mixin.py:188} INFO - [2026-03-12T02:38:21.003+0000] {dag.py:3036} INFO - Sync 1 DAGs
[2026-03-12T02:38:21.008+0000] {logging_mixin.py:188} INFO - [2026-03-12T02:38:21.008+0000] {dag.py:3823} INFO - Setting next_dagrun for tutorial_taskflow_api to None, run_after=None
[2026-03-12T02:38:21.017+0000] {processor.py:183} INFO - Processing /home/airflow/.local/lib/python3.8/site-packages/airflow/example_dags/tutorial_taskflow_api.py took 0.027 seconds
[2026-03-12T02:38:51.155+0000] {processor.py:161} INFO - Started process (PID=3609) to work on /home/airflow/.local/lib/python3.8/site-packages/airflow/example_dags/tutorial_taskflow_api.py
[2026-03-12T02:38:51.156+0000] {processor.py:830} INFO - Processing file /home/airflow/.local/lib/python3.8/site-packages/airflow/example_dags/tutorial_taskflow_api.py for tasks to queue
[2026-03-12T02:38:51.157+0000] {logging_mixin.py:188} INFO - [2026-03-12T02:38:51.157+0000] {dagbag.py:538} INFO - Filling up the DagBag from /home/airflow/.local/lib/python3.8/site-packages/airflow/example_dags/tutorial_taskflow_api.py
[2026-03-12T02:38:51.159+0000] {processor.py:840} INFO - DAG(s) 'tutorial_taskflow_api' retrieved from /home/airflow/.local/lib/python3.8/site-packages/airflow/example_dags/tutorial_taskflow_api.py
[2026-03-12T02:38:51.167+0000] {logging_mixin.py:188} INFO - [2026-03-12T02:38:51.167+0000] {dag.py:3036} INFO - Sync 1 DAGs
[2026-03-12T02:38:51.173+0000] {logging_mixin.py:188} INFO - [2026-03-12T02:38:51.173+0000] {dag.py:3823} INFO - Setting next_dagrun for tutorial_taskflow_api to None, run_after=None
[2026-03-12T02:38:51.183+0000] {processor.py:183} INFO - Processing /home/airflow/.local/lib/python3.8/site-packages/airflow/example_dags/tutorial_taskflow_api.py took 0.030 seconds
[2026-03-12T02:39:21.458+0000] {processor.py:161} INFO - Started process (PID=3685) to work on /home/airflow/.local/lib/python3.8/site-packages/airflow/example_dags/tutorial_taskflow_api.py
[2026-03-12T02:39:21.459+0000] {processor.py:830} INFO - Processing file /home/airflow/.local/lib/python3.8/site-packages/airflow/example_dags/tutorial_taskflow_api.py for tasks to queue
[2026-03-12T02:39:21.460+0000] {logging_mixin.py:188} INFO - [2026-03-12T02:39:21.460+0000] {dagbag.py:538} INFO - Filling up the DagBag from /home/airflow/.local/lib/python3.8/site-packages/airflow/example_dags/tutorial_taskflow_api.py
[2026-03-12T02:39:21.462+0000] {processor.py:840} INFO - DAG(s) 'tutorial_taskflow_api' retrieved from /home/airflow/.local/lib/python3.8/site-packages/airflow/example_dags/tutorial_taskflow_api.py
[2026-03-12T02:39:21.473+0000] {logging_mixin.py:188} INFO - [2026-03-12T02:39:21.473+0000] {dag.py:3036} INFO - Sync 1 DAGs
[2026-03-12T02:39:21.478+0000] {logging_mixin.py:188} INFO - [2026-03-12T02:39:21.478+0000] {dag.py:3823} INFO - Setting next_dagrun for tutorial_taskflow_api to None, run_after=None
[2026-03-12T02:39:21.486+0000] {processor.py:183} INFO - Processing /home/airflow/.local/lib/python3.8/site-packages/airflow/example_dags/tutorial_taskflow_api.py took 0.030 seconds
[2026-03-12T02:39:52.610+0000] {processor.py:161} INFO - Started process (PID=3761) to work on /home/airflow/.local/lib/python3.8/site-packages/airflow/example_dags/tutorial_taskflow_api.py
[2026-03-12T02:39:52.611+0000] {processor.py:830} INFO - Processing file /home/airflow/.local/lib/python3.8/site-packages/airflow/example_dags/tutorial_taskflow_api.py for tasks to queue
[2026-03-12T02:39:52.612+0000] {logging_mixin.py:188} INFO - [2026-03-12T02:39:52.612+0000] {dagbag.py:538} INFO - Filling up the DagBag from /home/airflow/.local/lib/python3.8/site-packages/airflow/example_dags/tutorial_taskflow_api.py
[2026-03-12T02:39:52.618+0000] {processor.py:840} INFO - DAG(s) 'tutorial_taskflow_api' retrieved from /home/airflow/.local/lib/python3.8/site-packages/airflow/example_dags/tutorial_taskflow_api.py
[2026-03-12T02:39:52.627+0000] {logging_mixin.py:188} INFO - [2026-03-12T02:39:52.627+0000] {dag.py:3036} INFO - Sync 1 DAGs
[2026-03-12T02:39:52.633+0000] {logging_mixin.py:188} INFO - [2026-03-12T02:39:52.633+0000] {dag.py:3823} INFO - Setting next_dagrun for tutorial_taskflow_api to None, run_after=None
[2026-03-12T02:39:52.646+0000] {processor.py:183} INFO - Processing /home/airflow/.local/lib/python3.8/site-packages/airflow/example_dags/tutorial_taskflow_api.py took 0.037 seconds
[2026-03-12T02:40:23.748+0000] {processor.py:161} INFO - Started process (PID=3837) to work on /home/airflow/.local/lib/python3.8/site-packages/airflow/example_dags/tutorial_taskflow_api.py
[2026-03-12T02:40:23.749+0000] {processor.py:830} INFO - Processing file /home/airflow/.local/lib/python3.8/site-packages/airflow/example_dags/tutorial_taskflow_api.py for tasks to queue
[2026-03-12T02:40:23.750+0000] {logging_mixin.py:188} INFO - [2026-03-12T02:40:23.750+0000] {dagbag.py:538} INFO - Filling up the DagBag from /home/airflow/.local/lib/python3.8/site-packages/airflow/example_dags/tutorial_taskflow_api.py
[2026-03-12T02:40:23.753+0000] {processor.py:840} INFO - DAG(s) 'tutorial_taskflow_api' retrieved from /home/airflow/.local/lib/python3.8/site-packages/airflow/example_dags/tutorial_taskflow_api.py
[2026-03-12T02:40:23.766+0000] {logging_mixin.py:188} INFO - [2026-03-12T02:40:23.766+0000] {dag.py:3036} INFO - Sync 1 DAGs
[2026-03-12T02:40:23.770+0000] {logging_mixin.py:188} INFO - [2026-03-12T02:40:23.770+0000] {dag.py:3823} INFO - Setting next_dagrun for tutorial_taskflow_api to None, run_after=None
[2026-03-12T02:40:23.783+0000] {processor.py:183} INFO - Processing /home/airflow/.local/lib/python3.8/site-packages/airflow/example_dags/tutorial_taskflow_api.py took 0.036 seconds
[2026-03-12T02:40:54.771+0000] {processor.py:161} INFO - Started process (PID=3913) to work on /home/airflow/.local/lib/python3.8/site-packages/airflow/example_dags/tutorial_taskflow_api.py
[2026-03-12T02:40:54.772+0000] {processor.py:830} INFO - Processing file /home/airflow/.local/lib/python3.8/site-packages/airflow/example_dags/tutorial_taskflow_api.py for tasks to queue
[2026-03-12T02:40:54.773+0000] {logging_mixin.py:188} INFO - [2026-03-12T02:40:54.773+0000] {dagbag.py:538} INFO - Filling up the DagBag from /home/airflow/.local/lib/python3.8/site-packages/airflow/example_dags/tutorial_taskflow_api.py
[2026-03-12T02:40:54.776+0000] {processor.py:840} INFO - DAG(s) 'tutorial_taskflow_api' retrieved from /home/airflow/.local/lib/python3.8/site-packages/airflow/example_dags/tutorial_taskflow_api.py
[2026-03-12T02:40:54.785+0000] {logging_mixin.py:188} INFO - [2026-03-12T02:40:54.785+0000] {dag.py:3036} INFO - Sync 1 DAGs
[2026-03-12T02:40:54.791+0000] {logging_mixin.py:188} INFO - [2026-03-12T02:40:54.791+0000] {dag.py:3823} INFO - Setting next_dagrun for tutorial_taskflow_api to None, run_after=None
[2026-03-12T02:40:54.802+0000] {processor.py:183} INFO - Processing /home/airflow/.local/lib/python3.8/site-packages/airflow/example_dags/tutorial_taskflow_api.py took 0.033 seconds
[2026-03-12T02:41:25.579+0000] {processor.py:161} INFO - Started process (PID=3989) to work on /home/airflow/.local/lib/python3.8/site-packages/airflow/example_dags/tutorial_taskflow_api.py
[2026-03-12T02:41:25.579+0000] {processor.py:830} INFO - Processing file /home/airflow/.local/lib/python3.8/site-packages/airflow/example_dags/tutorial_taskflow_api.py for tasks to queue
[2026-03-12T02:41:25.580+0000] {logging_mixin.py:188} INFO - [2026-03-12T02:41:25.580+0000] {dagbag.py:538} INFO - Filling up the DagBag from /home/airflow/.local/lib/python3.8/site-packages/airflow/example_dags/tutorial_taskflow_api.py
[2026-03-12T02:41:25.583+0000] {processor.py:840} INFO - DAG(s) 'tutorial_taskflow_api' retrieved from /home/airflow/.local/lib/python3.8/site-packages/airflow/example_dags/tutorial_taskflow_api.py
[2026-03-12T02:41:25.592+0000] {logging_mixin.py:188} INFO - [2026-03-12T02:41:25.591+0000] {dag.py:3036} INFO - Sync 1 DAGs
[2026-03-12T02:41:25.597+0000] {logging_mixin.py:188} INFO - [2026-03-12T02:41:25.597+0000] {dag.py:3823} INFO - Setting next_dagrun for tutorial_taskflow_api to None, run_after=None
[2026-03-12T02:41:25.607+0000] {processor.py:183} INFO - Processing /home/airflow/.local/lib/python3.8/site-packages/airflow/example_dags/tutorial_taskflow_api.py took 0.029 seconds
[2026-03-12T02:41:56.367+0000] {processor.py:161} INFO - Started process (PID=4065) to work on /home/airflow/.local/lib/python3.8/site-packages/airflow/example_dags/tutorial_taskflow_api.py
[2026-03-12T02:41:56.368+0000] {processor.py:830} INFO - Processing file /home/airflow/.local/lib/python3.8/site-packages/airflow/example_dags/tutorial_taskflow_api.py for tasks to queue
[2026-03-12T02:41:56.370+0000] {logging_mixin.py:188} INFO - [2026-03-12T02:41:56.369+0000] {dagbag.py:538} INFO - Filling up the DagBag from /home/airflow/.local/lib/python3.8/site-packages/airflow/example_dags/tutorial_taskflow_api.py
[2026-03-12T02:41:56.372+0000] {processor.py:840} INFO - DAG(s) 'tutorial_taskflow_api' retrieved from /home/airflow/.local/lib/python3.8/site-packages/airflow/example_dags/tutorial_taskflow_api.py
[2026-03-12T02:41:56.383+0000] {logging_mixin.py:188} INFO - [2026-03-12T02:41:56.383+0000] {dag.py:3036} INFO - Sync 1 DAGs
[2026-03-12T02:41:56.388+0000] {logging_mixin.py:188} INFO - [2026-03-12T02:41:56.388+0000] {dag.py:3823} INFO - Setting next_dagrun for tutorial_taskflow_api to None, run_after=None
[2026-03-12T02:41:56.395+0000] {processor.py:183} INFO - Processing /home/airflow/.local/lib/python3.8/site-packages/airflow/example_dags/tutorial_taskflow_api.py took 0.029 seconds
[2026-03-12T02:42:27.500+0000] {processor.py:161} INFO - Started process (PID=4141) to work on /home/airflow/.local/lib/python3.8/site-packages/airflow/example_dags/tutorial_taskflow_api.py
[2026-03-12T02:42:27.501+0000] {processor.py:830} INFO - Processing file /home/airflow/.local/lib/python3.8/site-packages/airflow/example_dags/tutorial_taskflow_api.py for tasks to queue
[2026-03-12T02:42:27.502+0000] {logging_mixin.py:188} INFO - [2026-03-12T02:42:27.501+0000] {dagbag.py:538} INFO - Filling up the DagBag from /home/airflow/.local/lib/python3.8/site-packages/airflow/example_dags/tutorial_taskflow_api.py
[2026-03-12T02:42:27.504+0000] {processor.py:840} INFO - DAG(s) 'tutorial_taskflow_api' retrieved from /home/airflow/.local/lib/python3.8/site-packages/airflow/example_dags/tutorial_taskflow_api.py
[2026-03-12T02:42:27.514+0000] {logging_mixin.py:188} INFO - [2026-03-12T02:42:27.514+0000] {dag.py:3036} INFO - Sync 1 DAGs
[2026-03-12T02:42:27.522+0000] {logging_mixin.py:188} INFO - [2026-03-12T02:42:27.522+0000] {dag.py:3823} INFO - Setting next_dagrun for tutorial_taskflow_api to None, run_after=None
[2026-03-12T02:42:27.597+0000] {processor.py:183} INFO - Processing /home/airflow/.local/lib/python3.8/site-packages/airflow/example_dags/tutorial_taskflow_api.py took 0.098 seconds
[2026-03-12T02:42:58.489+0000] {processor.py:161} INFO - Started process (PID=4217) to work on /home/airflow/.local/lib/python3.8/site-packages/airflow/example_dags/tutorial_taskflow_api.py
[2026-03-12T02:42:58.490+0000] {processor.py:830} INFO - Processing file /home/airflow/.local/lib/python3.8/site-packages/airflow/example_dags/tutorial_taskflow_api.py for tasks to queue
[2026-03-12T02:42:58.492+0000] {logging_mixin.py:188} INFO - [2026-03-12T02:42:58.492+0000] {dagbag.py:538} INFO - Filling up the DagBag from /home/airflow/.local/lib/python3.8/site-packages/airflow/example_dags/tutorial_taskflow_api.py
[2026-03-12T02:42:58.496+0000] {processor.py:840} INFO - DAG(s) 'tutorial_taskflow_api' retrieved from /home/airflow/.local/lib/python3.8/site-packages/airflow/example_dags/tutorial_taskflow_api.py
[2026-03-12T02:42:58.506+0000] {logging_mixin.py:188} INFO - [2026-03-12T02:42:58.506+0000] {dag.py:3036} INFO - Sync 1 DAGs
[2026-03-12T02:42:58.512+0000] {logging_mixin.py:188} INFO - [2026-03-12T02:42:58.512+0000] {dag.py:3823} INFO - Setting next_dagrun for tutorial_taskflow_api to None, run_after=None
[2026-03-12T02:42:58.520+0000] {processor.py:183} INFO - Processing /home/airflow/.local/lib/python3.8/site-packages/airflow/example_dags/tutorial_taskflow_api.py took 0.032 seconds
[2026-03-12T02:43:28.931+0000] {processor.py:161} INFO - Started process (PID=4293) to work on /home/airflow/.local/lib/python3.8/site-packages/airflow/example_dags/tutorial_taskflow_api.py
[2026-03-12T02:43:28.932+0000] {processor.py:830} INFO - Processing file /home/airflow/.local/lib/python3.8/site-packages/airflow/example_dags/tutorial_taskflow_api.py for tasks to queue
[2026-03-12T02:43:28.933+0000] {logging_mixin.py:188} INFO - [2026-03-12T02:43:28.932+0000] {dagbag.py:538} INFO - Filling up the DagBag from /home/airflow/.local/lib/python3.8/site-packages/airflow/example_dags/tutorial_taskflow_api.py
[2026-03-12T02:43:28.935+0000] {processor.py:840} INFO - DAG(s) 'tutorial_taskflow_api' retrieved from /home/airflow/.local/lib/python3.8/site-packages/airflow/example_dags/tutorial_taskflow_api.py
[2026-03-12T02:43:28.944+0000] {logging_mixin.py:188} INFO - [2026-03-12T02:43:28.944+0000] {dag.py:3036} INFO - Sync 1 DAGs
[2026-03-12T02:43:28.949+0000] {logging_mixin.py:188} INFO - [2026-03-12T02:43:28.949+0000] {dag.py:3823} INFO - Setting next_dagrun for tutorial_taskflow_api to None, run_after=None
[2026-03-12T02:43:28.957+0000] {processor.py:183} INFO - Processing /home/airflow/.local/lib/python3.8/site-packages/airflow/example_dags/tutorial_taskflow_api.py took 0.027 seconds
[2026-03-12T02:43:59.360+0000] {processor.py:161} INFO - Started process (PID=4369) to work on /home/airflow/.local/lib/python3.8/site-packages/airflow/example_dags/tutorial_taskflow_api.py
[2026-03-12T02:43:59.361+0000] {processor.py:830} INFO - Processing file /home/airflow/.local/lib/python3.8/site-packages/airflow/example_dags/tutorial_taskflow_api.py for tasks to queue
[2026-03-12T02:43:59.363+0000] {logging_mixin.py:188} INFO - [2026-03-12T02:43:59.363+0000] {dagbag.py:538} INFO - Filling up the DagBag from /home/airflow/.local/lib/python3.8/site-packages/airflow/example_dags/tutorial_taskflow_api.py
[2026-03-12T02:43:59.366+0000] {processor.py:840} INFO - DAG(s) 'tutorial_taskflow_api' retrieved from /home/airflow/.local/lib/python3.8/site-packages/airflow/example_dags/tutorial_taskflow_api.py
[2026-03-12T02:43:59.373+0000] {logging_mixin.py:188} INFO - [2026-03-12T02:43:59.373+0000] {dag.py:3036} INFO - Sync 1 DAGs
[2026-03-12T02:43:59.377+0000] {logging_mixin.py:188} INFO - [2026-03-12T02:43:59.377+0000] {dag.py:3823} INFO - Setting next_dagrun for tutorial_taskflow_api to None, run_after=None
[2026-03-12T02:43:59.385+0000] {processor.py:183} INFO - Processing /home/airflow/.local/lib/python3.8/site-packages/airflow/example_dags/tutorial_taskflow_api.py took 0.026 seconds
[2026-03-12T02:44:29.703+0000] {processor.py:161} INFO - Started process (PID=4445) to work on /home/airflow/.local/lib/python3.8/site-packages/airflow/example_dags/tutorial_taskflow_api.py
[2026-03-12T02:44:29.703+0000] {processor.py:830} INFO - Processing file /home/airflow/.local/lib/python3.8/site-packages/airflow/example_dags/tutorial_taskflow_api.py for tasks to queue
[2026-03-12T02:44:29.704+0000] {logging_mixin.py:188} INFO - [2026-03-12T02:44:29.704+0000] {dagbag.py:538} INFO - Filling up the DagBag from /home/airflow/.local/lib/python3.8/site-packages/airflow/example_dags/tutorial_taskflow_api.py
[2026-03-12T02:44:29.707+0000] {processor.py:840} INFO - DAG(s) 'tutorial_taskflow_api' retrieved from /home/airflow/.local/lib/python3.8/site-packages/airflow/example_dags/tutorial_taskflow_api.py
[2026-03-12T02:44:29.714+0000] {logging_mixin.py:188} INFO - [2026-03-12T02:44:29.713+0000] {dag.py:3036} INFO - Sync 1 DAGs
[2026-03-12T02:44:29.719+0000] {logging_mixin.py:188} INFO - [2026-03-12T02:44:29.719+0000] {dag.py:3823} INFO - Setting next_dagrun for tutorial_taskflow_api to None, run_after=None
[2026-03-12T02:44:29.728+0000] {processor.py:183} INFO - Processing /home/airflow/.local/lib/python3.8/site-packages/airflow/example_dags/tutorial_taskflow_api.py took 0.027 seconds
[2026-03-12T02:45:00.188+0000] {processor.py:161} INFO - Started process (PID=4521) to work on /home/airflow/.local/lib/python3.8/site-packages/airflow/example_dags/tutorial_taskflow_api.py
[2026-03-12T02:45:00.189+0000] {processor.py:830} INFO - Processing file /home/airflow/.local/lib/python3.8/site-packages/airflow/example_dags/tutorial_taskflow_api.py for tasks to queue
[2026-03-12T02:45:00.190+0000] {logging_mixin.py:188} INFO - [2026-03-12T02:45:00.190+0000] {dagbag.py:538} INFO - Filling up the DagBag from /home/airflow/.local/lib/python3.8/site-packages/airflow/example_dags/tutorial_taskflow_api.py
[2026-03-12T02:45:00.194+0000] {processor.py:840} INFO - DAG(s) 'tutorial_taskflow_api' retrieved from /home/airflow/.local/lib/python3.8/site-packages/airflow/example_dags/tutorial_taskflow_api.py
[2026-03-12T02:45:00.202+0000] {logging_mixin.py:188} INFO - [2026-03-12T02:45:00.202+0000] {dag.py:3036} INFO - Sync 1 DAGs
[2026-03-12T02:45:00.206+0000] {logging_mixin.py:188} INFO - [2026-03-12T02:45:00.206+0000] {dag.py:3823} INFO - Setting next_dagrun for tutorial_taskflow_api to None, run_after=None
[2026-03-12T02:45:00.219+0000] {processor.py:183} INFO - Processing /home/airflow/.local/lib/python3.8/site-packages/airflow/example_dags/tutorial_taskflow_api.py took 0.032 seconds
[2026-03-12T02:45:30.540+0000] {processor.py:161} INFO - Started process (PID=4597) to work on /home/airflow/.local/lib/python3.8/site-packages/airflow/example_dags/tutorial_taskflow_api.py
[2026-03-12T02:45:30.542+0000] {processor.py:830} INFO - Processing file /home/airflow/.local/lib/python3.8/site-packages/airflow/example_dags/tutorial_taskflow_api.py for tasks to queue
[2026-03-12T02:45:30.543+0000] {logging_mixin.py:188} INFO - [2026-03-12T02:45:30.543+0000] {dagbag.py:538} INFO - Filling up the DagBag from /home/airflow/.local/lib/python3.8/site-packages/airflow/example_dags/tutorial_taskflow_api.py
[2026-03-12T02:45:30.547+0000] {processor.py:840} INFO - DAG(s) 'tutorial_taskflow_api' retrieved from /home/airflow/.local/lib/python3.8/site-packages/airflow/example_dags/tutorial_taskflow_api.py
[2026-03-12T02:45:30.557+0000] {logging_mixin.py:188} INFO - [2026-03-12T02:45:30.557+0000] {dag.py:3036} INFO - Sync 1 DAGs
[2026-03-12T02:45:30.561+0000] {logging_mixin.py:188} INFO - [2026-03-12T02:45:30.561+0000] {dag.py:3823} INFO - Setting next_dagrun for tutorial_taskflow_api to None, run_after=None
[2026-03-12T02:45:30.569+0000] {processor.py:183} INFO - Processing /home/airflow/.local/lib/python3.8/site-packages/airflow/example_dags/tutorial_taskflow_api.py took 0.030 seconds
[2026-03-12T02:46:01.056+0000] {processor.py:161} INFO - Started process (PID=4673) to work on /home/airflow/.local/lib/python3.8/site-packages/airflow/example_dags/tutorial_taskflow_api.py
[2026-03-12T02:46:01.057+0000] {processor.py:830} INFO - Processing file /home/airflow/.local/lib/python3.8/site-packages/airflow/example_dags/tutorial_taskflow_api.py for tasks to queue
[2026-03-12T02:46:01.058+0000] {logging_mixin.py:188} INFO - [2026-03-12T02:46:01.058+0000] {dagbag.py:538} INFO - Filling up the DagBag from /home/airflow/.local/lib/python3.8/site-packages/airflow/example_dags/tutorial_taskflow_api.py
[2026-03-12T02:46:01.061+0000] {processor.py:840} INFO - DAG(s) 'tutorial_taskflow_api' retrieved from /home/airflow/.local/lib/python3.8/site-packages/airflow/example_dags/tutorial_taskflow_api.py
[2026-03-12T02:46:01.072+0000] {logging_mixin.py:188} INFO - [2026-03-12T02:46:01.072+0000] {dag.py:3036} INFO - Sync 1 DAGs
[2026-03-12T02:46:01.078+0000] {logging_mixin.py:188} INFO - [2026-03-12T02:46:01.078+0000] {dag.py:3823} INFO - Setting next_dagrun for tutorial_taskflow_api to None, run_after=None
[2026-03-12T02:46:01.084+0000] {processor.py:183} INFO - Processing /home/airflow/.local/lib/python3.8/site-packages/airflow/example_dags/tutorial_taskflow_api.py took 0.029 seconds
[2026-03-12T02:46:31.693+0000] {processor.py:161} INFO - Started process (PID=4749) to work on /home/airflow/.local/lib/python3.8/site-packages/airflow/example_dags/tutorial_taskflow_api.py
[2026-03-12T02:46:31.693+0000] {processor.py:830} INFO - Processing file /home/airflow/.local/lib/python3.8/site-packages/airflow/example_dags/tutorial_taskflow_api.py for tasks to queue
[2026-03-12T02:46:31.694+0000] {logging_mixin.py:188} INFO - [2026-03-12T02:46:31.694+0000] {dagbag.py:538} INFO - Filling up the DagBag from /home/airflow/.local/lib/python3.8/site-packages/airflow/example_dags/tutorial_taskflow_api.py
[2026-03-12T02:46:31.697+0000] {processor.py:840} INFO - DAG(s) 'tutorial_taskflow_api' retrieved from /home/airflow/.local/lib/python3.8/site-packages/airflow/example_dags/tutorial_taskflow_api.py
[2026-03-12T02:46:31.703+0000] {logging_mixin.py:188} INFO - [2026-03-12T02:46:31.703+0000] {dag.py:3036} INFO - Sync 1 DAGs
[2026-03-12T02:46:31.707+0000] {logging_mixin.py:188} INFO - [2026-03-12T02:46:31.707+0000] {dag.py:3823} INFO - Setting next_dagrun for tutorial_taskflow_api to None, run_after=None
[2026-03-12T02:46:31.719+0000] {processor.py:183} INFO - Processing /home/airflow/.local/lib/python3.8/site-packages/airflow/example_dags/tutorial_taskflow_api.py took 0.028 seconds
[2026-03-12T02:47:02.494+0000] {processor.py:161} INFO - Started process (PID=4825) to work on /home/airflow/.local/lib/python3.8/site-packages/airflow/example_dags/tutorial_taskflow_api.py
[2026-03-12T02:47:02.495+0000] {processor.py:830} INFO - Processing file /home/airflow/.local/lib/python3.8/site-packages/airflow/example_dags/tutorial_taskflow_api.py for tasks to queue
[2026-03-12T02:47:02.496+0000] {logging_mixin.py:188} INFO - [2026-03-12T02:47:02.496+0000] {dagbag.py:538} INFO - Filling up the DagBag from /home/airflow/.local/lib/python3.8/site-packages/airflow/example_dags/tutorial_taskflow_api.py
[2026-03-12T02:47:02.501+0000] {processor.py:840} INFO - DAG(s) 'tutorial_taskflow_api' retrieved from /home/airflow/.local/lib/python3.8/site-packages/airflow/example_dags/tutorial_taskflow_api.py
[2026-03-12T02:47:02.511+0000] {logging_mixin.py:188} INFO - [2026-03-12T02:47:02.511+0000] {dag.py:3036} INFO - Sync 1 DAGs
[2026-03-12T02:47:02.516+0000] {logging_mixin.py:188} INFO - [2026-03-12T02:47:02.516+0000] {dag.py:3823} INFO - Setting next_dagrun for tutorial_taskflow_api to None, run_after=None
[2026-03-12T02:47:02.523+0000] {processor.py:183} INFO - Processing /home/airflow/.local/lib/python3.8/site-packages/airflow/example_dags/tutorial_taskflow_api.py took 0.031 seconds
[2026-03-12T02:47:33.198+0000] {processor.py:161} INFO - Started process (PID=4901) to work on /home/airflow/.local/lib/python3.8/site-packages/airflow/example_dags/tutorial_taskflow_api.py
[2026-03-12T02:47:33.199+0000] {processor.py:830} INFO - Processing file /home/airflow/.local/lib/python3.8/site-packages/airflow/example_dags/tutorial_taskflow_api.py for tasks to queue
[2026-03-12T02:47:33.200+0000] {logging_mixin.py:188} INFO - [2026-03-12T02:47:33.200+0000] {dagbag.py:538} INFO - Filling up the DagBag from /home/airflow/.local/lib/python3.8/site-packages/airflow/example_dags/tutorial_taskflow_api.py
[2026-03-12T02:47:33.203+0000] {processor.py:840} INFO - DAG(s) 'tutorial_taskflow_api' retrieved from /home/airflow/.local/lib/python3.8/site-packages/airflow/example_dags/tutorial_taskflow_api.py
[2026-03-12T02:47:33.215+0000] {logging_mixin.py:188} INFO - [2026-03-12T02:47:33.215+0000] {dag.py:3036} INFO - Sync 1 DAGs
[2026-03-12T02:47:33.220+0000] {logging_mixin.py:188} INFO - [2026-03-12T02:47:33.220+0000] {dag.py:3823} INFO - Setting next_dagrun for tutorial_taskflow_api to None, run_after=None
[2026-03-12T02:47:33.227+0000] {processor.py:183} INFO - Processing /home/airflow/.local/lib/python3.8/site-packages/airflow/example_dags/tutorial_taskflow_api.py took 0.030 seconds
[2026-03-12T02:48:03.722+0000] {processor.py:161} INFO - Started process (PID=4977) to work on /home/airflow/.local/lib/python3.8/site-packages/airflow/example_dags/tutorial_taskflow_api.py
[2026-03-12T02:48:03.723+0000] {processor.py:830} INFO - Processing file /home/airflow/.local/lib/python3.8/site-packages/airflow/example_dags/tutorial_taskflow_api.py for tasks to queue
[2026-03-12T02:48:03.725+0000] {logging_mixin.py:188} INFO - [2026-03-12T02:48:03.725+0000] {dagbag.py:538} INFO - Filling up the DagBag from /home/airflow/.local/lib/python3.8/site-packages/airflow/example_dags/tutorial_taskflow_api.py
[2026-03-12T02:48:03.728+0000] {processor.py:840} INFO - DAG(s) 'tutorial_taskflow_api' retrieved from /home/airflow/.local/lib/python3.8/site-packages/airflow/example_dags/tutorial_taskflow_api.py
[2026-03-12T02:48:03.739+0000] {logging_mixin.py:188} INFO - [2026-03-12T02:48:03.739+0000] {dag.py:3036} INFO - Sync 1 DAGs
[2026-03-12T02:48:03.744+0000] {logging_mixin.py:188} INFO - [2026-03-12T02:48:03.744+0000] {dag.py:3823} INFO - Setting next_dagrun for tutorial_taskflow_api to None, run_after=None
[2026-03-12T02:48:03.753+0000] {processor.py:183} INFO - Processing /home/airflow/.local/lib/python3.8/site-packages/airflow/example_dags/tutorial_taskflow_api.py took 0.032 seconds
[2026-03-12T02:48:34.871+0000] {processor.py:161} INFO - Started process (PID=5055) to work on /home/airflow/.local/lib/python3.8/site-packages/airflow/example_dags/tutorial_taskflow_api.py
[2026-03-12T02:48:34.872+0000] {processor.py:830} INFO - Processing file /home/airflow/.local/lib/python3.8/site-packages/airflow/example_dags/tutorial_taskflow_api.py for tasks to queue
[2026-03-12T02:48:34.873+0000] {logging_mixin.py:188} INFO - [2026-03-12T02:48:34.872+0000] {dagbag.py:538} INFO - Filling up the DagBag from /home/airflow/.local/lib/python3.8/site-packages/airflow/example_dags/tutorial_taskflow_api.py
[2026-03-12T02:48:34.875+0000] {processor.py:840} INFO - DAG(s) 'tutorial_taskflow_api' retrieved from /home/airflow/.local/lib/python3.8/site-packages/airflow/example_dags/tutorial_taskflow_api.py
[2026-03-12T02:48:34.883+0000] {logging_mixin.py:188} INFO - [2026-03-12T02:48:34.883+0000] {dag.py:3036} INFO - Sync 1 DAGs
[2026-03-12T02:48:34.887+0000] {logging_mixin.py:188} INFO - [2026-03-12T02:48:34.887+0000] {dag.py:3823} INFO - Setting next_dagrun for tutorial_taskflow_api to None, run_after=None
[2026-03-12T02:48:34.893+0000] {processor.py:183} INFO - Processing /home/airflow/.local/lib/python3.8/site-packages/airflow/example_dags/tutorial_taskflow_api.py took 0.023 seconds
[2026-03-12T02:49:05.330+0000] {processor.py:161} INFO - Started process (PID=5131) to work on /home/airflow/.local/lib/python3.8/site-packages/airflow/example_dags/tutorial_taskflow_api.py
[2026-03-12T02:49:05.330+0000] {processor.py:830} INFO - Processing file /home/airflow/.local/lib/python3.8/site-packages/airflow/example_dags/tutorial_taskflow_api.py for tasks to queue
[2026-03-12T02:49:05.331+0000] {logging_mixin.py:188} INFO - [2026-03-12T02:49:05.331+0000] {dagbag.py:538} INFO - Filling up the DagBag from /home/airflow/.local/lib/python3.8/site-packages/airflow/example_dags/tutorial_taskflow_api.py
[2026-03-12T02:49:05.334+0000] {processor.py:840} INFO - DAG(s) 'tutorial_taskflow_api' retrieved from /home/airflow/.local/lib/python3.8/site-packages/airflow/example_dags/tutorial_taskflow_api.py
[2026-03-12T02:49:05.342+0000] {logging_mixin.py:188} INFO - [2026-03-12T02:49:05.342+0000] {dag.py:3036} INFO - Sync 1 DAGs
[2026-03-12T02:49:05.346+0000] {logging_mixin.py:188} INFO - [2026-03-12T02:49:05.346+0000] {dag.py:3823} INFO - Setting next_dagrun for tutorial_taskflow_api to None, run_after=None
[2026-03-12T02:49:05.352+0000] {processor.py:183} INFO - Processing /home/airflow/.local/lib/python3.8/site-packages/airflow/example_dags/tutorial_taskflow_api.py took 0.024 seconds
[2026-03-12T02:49:35.547+0000] {processor.py:161} INFO - Started process (PID=5205) to work on /home/airflow/.local/lib/python3.8/site-packages/airflow/example_dags/tutorial_taskflow_api.py
[2026-03-12T02:49:35.548+0000] {processor.py:830} INFO - Processing file /home/airflow/.local/lib/python3.8/site-packages/airflow/example_dags/tutorial_taskflow_api.py for tasks to queue
[2026-03-12T02:49:35.550+0000] {logging_mixin.py:188} INFO - [2026-03-12T02:49:35.550+0000] {dagbag.py:538} INFO - Filling up the DagBag from /home/airflow/.local/lib/python3.8/site-packages/airflow/example_dags/tutorial_taskflow_api.py
[2026-03-12T02:49:35.555+0000] {processor.py:840} INFO - DAG(s) 'tutorial_taskflow_api' retrieved from /home/airflow/.local/lib/python3.8/site-packages/airflow/example_dags/tutorial_taskflow_api.py
[2026-03-12T02:49:35.565+0000] {logging_mixin.py:188} INFO - [2026-03-12T02:49:35.565+0000] {dag.py:3036} INFO - Sync 1 DAGs
[2026-03-12T02:49:35.573+0000] {logging_mixin.py:188} INFO - [2026-03-12T02:49:35.573+0000] {dag.py:3823} INFO - Setting next_dagrun for tutorial_taskflow_api to None, run_after=None
[2026-03-12T02:49:35.584+0000] {processor.py:183} INFO - Processing /home/airflow/.local/lib/python3.8/site-packages/airflow/example_dags/tutorial_taskflow_api.py took 0.039 seconds
