[2026-02-18T00:27:04.789+0000] {taskinstance.py:1956} INFO - Dependencies all met for dep_context=non-requeueable deps ti=<TaskInstance: boston_api_to_s3.fetch_and_convert manual__2026-02-18T00:27:03.887841+00:00 [queued]>
[2026-02-18T00:27:04.792+0000] {taskinstance.py:1956} INFO - Dependencies all met for dep_context=requeueable deps ti=<TaskInstance: boston_api_to_s3.fetch_and_convert manual__2026-02-18T00:27:03.887841+00:00 [queued]>
[2026-02-18T00:27:04.792+0000] {taskinstance.py:2170} INFO - Starting attempt 1 of 2
[2026-02-18T00:27:04.795+0000] {taskinstance.py:2191} INFO - Executing <Task(PythonOperator): fetch_and_convert> on 2026-02-18 00:27:03.887841+00:00
[2026-02-18T00:27:04.798+0000] {standard_task_runner.py:60} INFO - Started process 977 to run task
[2026-02-18T00:27:04.805+0000] {standard_task_runner.py:87} INFO - Running: ['***', 'tasks', 'run', 'boston_api_to_s3', 'fetch_and_convert', 'manual__2026-02-18T00:27:03.887841+00:00', '--job-id', '8', '--raw', '--subdir', 'DAGS_FOLDER/boston_api_to_s3.py', '--cfg-path', '/tmp/tmpxw62otej']
[2026-02-18T00:27:04.809+0000] {standard_task_runner.py:88} INFO - Job 8: Subtask fetch_and_convert
[2026-02-18T00:27:04.828+0000] {task_command.py:423} INFO - Running <TaskInstance: boston_api_to_s3.fetch_and_convert manual__2026-02-18T00:27:03.887841+00:00 [running]> on host 5e8616ec98d9
[2026-02-18T00:27:04.853+0000] {taskinstance.py:2480} INFO - Exporting env vars: AIRFLOW_CTX_DAG_OWNER='***' AIRFLOW_CTX_DAG_ID='boston_api_to_s3' AIRFLOW_CTX_TASK_ID='fetch_and_convert' AIRFLOW_CTX_EXECUTION_DATE='2026-02-18T00:27:03.887841+00:00' AIRFLOW_CTX_TRY_NUMBER='1' AIRFLOW_CTX_DAG_RUN_ID='manual__2026-02-18T00:27:03.887841+00:00'
[2026-02-18T00:27:04.856+0000] {logging_mixin.py:188} INFO - Fetching data from https://data.boston.gov/datastore/odata3.0/b973d8cb-eeb2-4e7e-99da-c92938efc9c0
[2026-02-18T00:27:05.262+0000] {logging_mixin.py:188} INFO - Saving JSON to /opt/***/boston_crime_20260218T002703.json
[2026-02-18T00:27:05.262+0000] {logging_mixin.py:188} INFO - Converting JSON to CSV
[2026-02-18T00:27:05.263+0000] {taskinstance.py:2698} ERROR - Task failed with exception
Traceback (most recent call last):
  File "/home/airflow/.local/lib/python3.8/site-packages/airflow/models/taskinstance.py", line 433, in _execute_task
    result = execute_callable(context=context, **execute_callable_kwargs)
  File "/home/airflow/.local/lib/python3.8/site-packages/airflow/operators/python.py", line 199, in execute
    return_value = self.execute_callable()
  File "/home/airflow/.local/lib/python3.8/site-packages/airflow/operators/python.py", line 216, in execute_callable
    return self.python_callable(*self.op_args, **self.op_kwargs)
  File "/opt/airflow/dags/boston_api_to_s3.py", line 50, in fetch_and_convert_to_csv
    data = json.loads(resp.content)
  File "/usr/local/lib/python3.8/json/__init__.py", line 357, in loads
    return _default_decoder.decode(s)
  File "/usr/local/lib/python3.8/json/decoder.py", line 337, in decode
    obj, end = self.raw_decode(s, idx=_w(s, 0).end())
  File "/usr/local/lib/python3.8/json/decoder.py", line 355, in raw_decode
    raise JSONDecodeError("Expecting value", s, err.value) from None
json.decoder.JSONDecodeError: Expecting value: line 1 column 1 (char 0)
[2026-02-18T00:27:05.268+0000] {taskinstance.py:1138} INFO - Marking task as UP_FOR_RETRY. dag_id=boston_api_to_s3, task_id=fetch_and_convert, execution_date=20260218T002703, start_date=20260218T002704, end_date=20260218T002705
[2026-02-18T00:27:05.273+0000] {standard_task_runner.py:107} ERROR - Failed to execute job 8 for task fetch_and_convert (Expecting value: line 1 column 1 (char 0); 977)
[2026-02-18T00:27:05.279+0000] {local_task_job_runner.py:234} INFO - Task exited with return code 1
[2026-02-18T00:27:05.289+0000] {taskinstance.py:3280} INFO - 0 downstream tasks scheduled from follow-on schedule check
