[2026-03-07T03:12:18.612+0000] {taskinstance.py:1956} INFO - Dependencies all met for dep_context=non-requeueable deps ti=<TaskInstance: master_location_to_s3_to_snowflake.create_snowflake_table manual__2026-03-07T03:12:08.583965+00:00 [queued]>
[2026-03-07T03:12:18.615+0000] {taskinstance.py:1956} INFO - Dependencies all met for dep_context=requeueable deps ti=<TaskInstance: master_location_to_s3_to_snowflake.create_snowflake_table manual__2026-03-07T03:12:08.583965+00:00 [queued]>
[2026-03-07T03:12:18.615+0000] {taskinstance.py:2170} INFO - Starting attempt 1 of 2
[2026-03-07T03:12:18.618+0000] {taskinstance.py:2191} INFO - Executing <Task(PythonOperator): create_snowflake_table> on 2026-03-07 03:12:08.583965+00:00
[2026-03-07T03:12:18.621+0000] {standard_task_runner.py:60} INFO - Started process 1098 to run task
[2026-03-07T03:12:18.623+0000] {standard_task_runner.py:87} INFO - Running: ['***', 'tasks', 'run', 'master_location_to_s3_to_snowflake', 'create_snowflake_table', 'manual__2026-03-07T03:12:08.583965+00:00', '--job-id', '316', '--raw', '--subdir', 'DAGS_FOLDER/master_location_to_s3_to_snowflake.py', '--cfg-path', '/tmp/tmppzz8mw7_']
[2026-03-07T03:12:18.623+0000] {standard_task_runner.py:88} INFO - Job 316: Subtask create_snowflake_table
[2026-03-07T03:12:18.639+0000] {task_command.py:423} INFO - Running <TaskInstance: master_location_to_s3_to_snowflake.create_snowflake_table manual__2026-03-07T03:12:08.583965+00:00 [running]> on host f173573a5167
[2026-03-07T03:12:18.662+0000] {taskinstance.py:2480} INFO - Exporting env vars: AIRFLOW_CTX_DAG_OWNER='***' AIRFLOW_CTX_DAG_ID='master_location_to_s3_to_snowflake' AIRFLOW_CTX_TASK_ID='create_snowflake_table' AIRFLOW_CTX_EXECUTION_DATE='2026-03-07T03:12:08.583965+00:00' AIRFLOW_CTX_TRY_NUMBER='1' AIRFLOW_CTX_DAG_RUN_ID='manual__2026-03-07T03:12:08.583965+00:00'
[2026-03-07T03:12:18.663+0000] {connection.py:370} INFO - Snowflake Connector for Python Version: 3.6.0, Python Version: 3.8.18, Platform: Linux-6.12.67-linuxkit-aarch64-with-glibc2.34
[2026-03-07T03:12:18.663+0000] {connection.py:1171} INFO - This connection is in OCSP Fail Open Mode. TLS Certificates would be checked for validity and revocation status. Any other Certificate Revocation related exceptions or OCSP Responder failures would be disregarded in favor of connectivity.
[2026-03-07T03:12:18.663+0000] {connection.py:1181} INFO - THIS CONNECTION IS IN INSECURE MODE. IT MEANS THE CERTIFICATE WILL BE VALIDATED BUT THE CERTIFICATE REVOCATION STATUS WILL NOT BE CHECKED.
[2026-03-07T03:12:19.086+0000] {ssl_wrap_socket.py:100} INFO - THIS CONNECTION IS IN INSECURE MODE. IT MEANS THE CERTIFICATE WILL BE VALIDATED BUT THE CERTIFICATE REVOCATION STATUS WILL NOT BE CHECKED.
[2026-03-07T03:12:19.428+0000] {logging_mixin.py:188} INFO - Creating Snowflake table STG_MASTER_LOCATION
[2026-03-07T03:12:19.429+0000] {cursor.py:1028} INFO - query: [CREATE TABLE IF NOT EXISTS NEIGHBOURWISE_DOMAINS.STAGE.STG_MASTER_LOCATION ( LOC...]
[2026-03-07T03:12:19.782+0000] {cursor.py:1041} INFO - query execution done
[2026-03-07T03:12:19.783+0000] {cursor.py:1205} INFO - Number of results in first chunk: 1
[2026-03-07T03:12:19.784+0000] {logging_mixin.py:188} INFO - Table STG_MASTER_LOCATION created or already exists
[2026-03-07T03:12:19.784+0000] {connection.py:718} INFO - closed
[2026-03-07T03:12:19.987+0000] {connection.py:724} INFO - No async queries seem to be running, deleting session
[2026-03-07T03:12:20.243+0000] {python.py:201} INFO - Done. Returned value was: Table ready
[2026-03-07T03:12:20.268+0000] {taskinstance.py:1138} INFO - Marking task as SUCCESS. dag_id=master_location_to_s3_to_snowflake, task_id=create_snowflake_table, execution_date=20260307T031208, start_date=20260307T031218, end_date=20260307T031220
[2026-03-07T03:12:20.301+0000] {local_task_job_runner.py:234} INFO - Task exited with return code 0
[2026-03-07T03:12:20.316+0000] {taskinstance.py:3280} INFO - 1 downstream tasks scheduled from follow-on schedule check
