[2026-02-20T03:07:06.910+0000] {taskinstance.py:1956} INFO - Dependencies all met for dep_context=non-requeueable deps ti=<TaskInstance: housing_api_to_s3_to_snowflake.fetch_and_convert manual__2026-02-20T03:07:05.267093+00:00 [queued]>
[2026-02-20T03:07:06.914+0000] {taskinstance.py:1956} INFO - Dependencies all met for dep_context=requeueable deps ti=<TaskInstance: housing_api_to_s3_to_snowflake.fetch_and_convert manual__2026-02-20T03:07:05.267093+00:00 [queued]>
[2026-02-20T03:07:06.915+0000] {taskinstance.py:2170} INFO - Starting attempt 1 of 2
[2026-02-20T03:07:06.920+0000] {taskinstance.py:2191} INFO - Executing <Task(PythonOperator): fetch_and_convert> on 2026-02-20 03:07:05.267093+00:00
[2026-02-20T03:07:06.924+0000] {standard_task_runner.py:60} INFO - Started process 4133 to run task
[2026-02-20T03:07:06.926+0000] {standard_task_runner.py:87} INFO - Running: ['***', 'tasks', 'run', 'housing_api_to_s3_to_snowflake', 'fetch_and_convert', 'manual__2026-02-20T03:07:05.267093+00:00', '--job-id', '189', '--raw', '--subdir', 'DAGS_FOLDER/housing_api_ro_s3_to_snowflake.py', '--cfg-path', '/tmp/tmp2z8ww49u']
[2026-02-20T03:07:06.927+0000] {standard_task_runner.py:88} INFO - Job 189: Subtask fetch_and_convert
[2026-02-20T03:07:06.949+0000] {task_command.py:423} INFO - Running <TaskInstance: housing_api_to_s3_to_snowflake.fetch_and_convert manual__2026-02-20T03:07:05.267093+00:00 [running]> on host 6f9247237071
[2026-02-20T03:07:06.983+0000] {taskinstance.py:2480} INFO - Exporting env vars: AIRFLOW_CTX_DAG_OWNER='***' AIRFLOW_CTX_DAG_ID='housing_api_to_s3_to_snowflake' AIRFLOW_CTX_TASK_ID='fetch_and_convert' AIRFLOW_CTX_EXECUTION_DATE='2026-02-20T03:07:05.267093+00:00' AIRFLOW_CTX_TRY_NUMBER='1' AIRFLOW_CTX_DAG_RUN_ID='manual__2026-02-20T03:07:05.267093+00:00'
[2026-02-20T03:07:06.989+0000] {logging_mixin.py:188} INFO - Fetching ALL housing data from https://data.boston.gov/api/3/action/datastore_search?resource_id=ee73430d-96c0-423e-ad21-c4cfb54c8961 with pagination
[2026-02-20T03:07:06.990+0000] {logging_mixin.py:188} INFO - Fetching records 0 to 10000...
[2026-02-20T03:07:07.756+0000] {logging_mixin.py:188} INFO - Fetched 10000 records. Total so far: 10000
[2026-02-20T03:07:07.756+0000] {logging_mixin.py:188} INFO - Fetching records 10000 to 20000...
[2026-02-20T03:07:08.497+0000] {logging_mixin.py:188} INFO - Fetched 10000 records. Total so far: 20000
[2026-02-20T03:07:08.497+0000] {logging_mixin.py:188} INFO - Fetching records 20000 to 30000...
[2026-02-20T03:07:09.215+0000] {logging_mixin.py:188} INFO - Fetched 10000 records. Total so far: 30000
[2026-02-20T03:07:09.216+0000] {logging_mixin.py:188} INFO - Fetching records 30000 to 40000...
[2026-02-20T03:07:09.928+0000] {logging_mixin.py:188} INFO - Fetched 10000 records. Total so far: 40000
[2026-02-20T03:07:09.928+0000] {logging_mixin.py:188} INFO - Fetching records 40000 to 50000...
[2026-02-20T03:07:10.731+0000] {logging_mixin.py:188} INFO - Fetched 10000 records. Total so far: 50000
[2026-02-20T03:07:10.731+0000] {logging_mixin.py:188} INFO - Fetching records 50000 to 60000...
[2026-02-20T03:07:11.489+0000] {logging_mixin.py:188} INFO - Fetched 10000 records. Total so far: 60000
[2026-02-20T03:07:11.490+0000] {logging_mixin.py:188} INFO - Fetching records 60000 to 70000...
[2026-02-20T03:07:12.207+0000] {logging_mixin.py:188} INFO - Fetched 10000 records. Total so far: 70000
[2026-02-20T03:07:12.207+0000] {logging_mixin.py:188} INFO - Fetching records 70000 to 80000...
[2026-02-20T03:07:12.985+0000] {logging_mixin.py:188} INFO - Fetched 10000 records. Total so far: 80000
[2026-02-20T03:07:12.985+0000] {logging_mixin.py:188} INFO - Fetching records 80000 to 90000...
[2026-02-20T03:07:13.768+0000] {logging_mixin.py:188} INFO - Fetched 10000 records. Total so far: 90000
[2026-02-20T03:07:13.768+0000] {logging_mixin.py:188} INFO - Fetching records 90000 to 100000...
[2026-02-20T03:07:14.583+0000] {logging_mixin.py:188} INFO - Fetched 10000 records. Total so far: 100000
[2026-02-20T03:07:14.584+0000] {logging_mixin.py:188} INFO - Fetching records 100000 to 110000...
[2026-02-20T03:07:15.523+0000] {logging_mixin.py:188} INFO - Fetched 10000 records. Total so far: 110000
[2026-02-20T03:07:15.524+0000] {logging_mixin.py:188} INFO - Fetching records 110000 to 120000...
[2026-02-20T03:07:16.381+0000] {logging_mixin.py:188} INFO - Fetched 10000 records. Total so far: 120000
[2026-02-20T03:07:16.381+0000] {logging_mixin.py:188} INFO - Fetching records 120000 to 130000...
[2026-02-20T03:07:17.187+0000] {logging_mixin.py:188} INFO - Fetched 10000 records. Total so far: 130000
[2026-02-20T03:07:17.187+0000] {logging_mixin.py:188} INFO - Fetching records 130000 to 140000...
[2026-02-20T03:07:18.035+0000] {logging_mixin.py:188} INFO - Fetched 10000 records. Total so far: 140000
[2026-02-20T03:07:18.036+0000] {logging_mixin.py:188} INFO - Fetching records 140000 to 150000...
[2026-02-20T03:07:18.892+0000] {logging_mixin.py:188} INFO - Fetched 10000 records. Total so far: 150000
[2026-02-20T03:07:18.893+0000] {logging_mixin.py:188} INFO - Fetching records 150000 to 160000...
[2026-02-20T03:07:19.781+0000] {logging_mixin.py:188} INFO - Fetched 10000 records. Total so far: 160000
[2026-02-20T03:07:19.782+0000] {logging_mixin.py:188} INFO - Fetching records 160000 to 170000...
[2026-02-20T03:07:20.648+0000] {logging_mixin.py:188} INFO - Fetched 10000 records. Total so far: 170000
[2026-02-20T03:07:20.649+0000] {logging_mixin.py:188} INFO - Fetching records 170000 to 180000...
[2026-02-20T03:07:21.596+0000] {logging_mixin.py:188} INFO - Fetched 10000 records. Total so far: 180000
[2026-02-20T03:07:21.597+0000] {logging_mixin.py:188} INFO - Fetching records 180000 to 190000...
[2026-02-20T03:07:22.181+0000] {logging_mixin.py:188} INFO - Fetched 4552 records. Total so far: 184552
[2026-02-20T03:07:22.181+0000] {logging_mixin.py:188} INFO - Reached last page
[2026-02-20T03:07:22.181+0000] {logging_mixin.py:188} INFO - Finished fetching. Total records: 184552
[2026-02-20T03:07:22.181+0000] {logging_mixin.py:188} INFO - Saving JSON to /opt/***/housing_20260220T030705.json
[2026-02-20T03:07:27.436+0000] {logging_mixin.py:188} INFO - Converting 184552 records to CSV
[2026-02-20T03:07:29.065+0000] {logging_mixin.py:188} INFO - CSV saved to /opt/***/housing_20260220T030705.csv
[2026-02-20T03:07:29.065+0000] {logging_mixin.py:188} INFO - JSON and CSV files saved in ***-project directory
[2026-02-20T03:07:29.180+0000] {python.py:201} INFO - Done. Returned value was: {'csv_path': '/opt/***/housing_20260220T030705.csv', 'json_path': '/opt/***/housing_20260220T030705.json', 'record_count': 184552}
[2026-02-20T03:07:29.188+0000] {taskinstance.py:1138} INFO - Marking task as SUCCESS. dag_id=housing_api_to_s3_to_snowflake, task_id=fetch_and_convert, execution_date=20260220T030705, start_date=20260220T030706, end_date=20260220T030729
[2026-02-20T03:07:29.218+0000] {local_task_job_runner.py:234} INFO - Task exited with return code 0
[2026-02-20T03:07:29.233+0000] {taskinstance.py:3280} INFO - 1 downstream tasks scheduled from follow-on schedule check
