[2026-02-20T03:00:57.712+0000] {taskinstance.py:1956} INFO - Dependencies all met for dep_context=non-requeueable deps ti=<TaskInstance: housing_api_to_s3_to_snowflake.fetch_and_convert manual__2026-02-20T03:00:56.090839+00:00 [queued]>
[2026-02-20T03:00:57.715+0000] {taskinstance.py:1956} INFO - Dependencies all met for dep_context=requeueable deps ti=<TaskInstance: housing_api_to_s3_to_snowflake.fetch_and_convert manual__2026-02-20T03:00:56.090839+00:00 [queued]>
[2026-02-20T03:00:57.715+0000] {taskinstance.py:2170} INFO - Starting attempt 1 of 2
[2026-02-20T03:00:57.720+0000] {taskinstance.py:2191} INFO - Executing <Task(PythonOperator): fetch_and_convert> on 2026-02-20 03:00:56.090839+00:00
[2026-02-20T03:00:57.723+0000] {standard_task_runner.py:60} INFO - Started process 3970 to run task
[2026-02-20T03:00:57.725+0000] {standard_task_runner.py:87} INFO - Running: ['***', 'tasks', 'run', 'housing_api_to_s3_to_snowflake', 'fetch_and_convert', 'manual__2026-02-20T03:00:56.090839+00:00', '--job-id', '177', '--raw', '--subdir', 'DAGS_FOLDER/housing_api_ro_s3_to_snowflake.py', '--cfg-path', '/tmp/tmprbxqpf11']
[2026-02-20T03:00:57.726+0000] {standard_task_runner.py:88} INFO - Job 177: Subtask fetch_and_convert
[2026-02-20T03:00:57.748+0000] {task_command.py:423} INFO - Running <TaskInstance: housing_api_to_s3_to_snowflake.fetch_and_convert manual__2026-02-20T03:00:56.090839+00:00 [running]> on host 6f9247237071
[2026-02-20T03:00:57.775+0000] {taskinstance.py:2480} INFO - Exporting env vars: AIRFLOW_CTX_DAG_OWNER='***' AIRFLOW_CTX_DAG_ID='housing_api_to_s3_to_snowflake' AIRFLOW_CTX_TASK_ID='fetch_and_convert' AIRFLOW_CTX_EXECUTION_DATE='2026-02-20T03:00:56.090839+00:00' AIRFLOW_CTX_TRY_NUMBER='1' AIRFLOW_CTX_DAG_RUN_ID='manual__2026-02-20T03:00:56.090839+00:00'
[2026-02-20T03:00:57.778+0000] {logging_mixin.py:188} INFO - Fetching ALL housing data from https://data.boston.gov/api/3/action/datastore_search?resource_id=ee73430d-96c0-423e-ad21-c4cfb54c8961 with pagination
[2026-02-20T03:00:57.778+0000] {logging_mixin.py:188} INFO - Fetching records 0 to 10000...
[2026-02-20T03:00:58.653+0000] {logging_mixin.py:188} INFO - Fetched 10000 records. Total so far: 10000
[2026-02-20T03:00:58.653+0000] {logging_mixin.py:188} INFO - Fetching records 10000 to 20000...
[2026-02-20T03:00:59.504+0000] {logging_mixin.py:188} INFO - Fetched 10000 records. Total so far: 20000
[2026-02-20T03:00:59.504+0000] {logging_mixin.py:188} INFO - Fetching records 20000 to 30000...
[2026-02-20T03:01:00.247+0000] {logging_mixin.py:188} INFO - Fetched 10000 records. Total so far: 30000
[2026-02-20T03:01:00.247+0000] {logging_mixin.py:188} INFO - Fetching records 30000 to 40000...
[2026-02-20T03:01:01.091+0000] {logging_mixin.py:188} INFO - Fetched 10000 records. Total so far: 40000
[2026-02-20T03:01:01.091+0000] {logging_mixin.py:188} INFO - Fetching records 40000 to 50000...
[2026-02-20T03:01:02.125+0000] {logging_mixin.py:188} INFO - Fetched 10000 records. Total so far: 50000
[2026-02-20T03:01:02.125+0000] {logging_mixin.py:188} INFO - Fetching records 50000 to 60000...
[2026-02-20T03:01:02.931+0000] {logging_mixin.py:188} INFO - Fetched 10000 records. Total so far: 60000
[2026-02-20T03:01:02.931+0000] {logging_mixin.py:188} INFO - Fetching records 60000 to 70000...
[2026-02-20T03:01:03.789+0000] {logging_mixin.py:188} INFO - Fetched 10000 records. Total so far: 70000
[2026-02-20T03:01:03.789+0000] {logging_mixin.py:188} INFO - Fetching records 70000 to 80000...
[2026-02-20T03:01:04.583+0000] {logging_mixin.py:188} INFO - Fetched 10000 records. Total so far: 80000
[2026-02-20T03:01:04.584+0000] {logging_mixin.py:188} INFO - Fetching records 80000 to 90000...
[2026-02-20T03:01:05.354+0000] {logging_mixin.py:188} INFO - Fetched 10000 records. Total so far: 90000
[2026-02-20T03:01:05.354+0000] {logging_mixin.py:188} INFO - Fetching records 90000 to 100000...
[2026-02-20T03:01:06.217+0000] {logging_mixin.py:188} INFO - Fetched 10000 records. Total so far: 100000
[2026-02-20T03:01:06.217+0000] {logging_mixin.py:188} INFO - Fetching records 100000 to 110000...
[2026-02-20T03:01:07.061+0000] {logging_mixin.py:188} INFO - Fetched 10000 records. Total so far: 110000
[2026-02-20T03:01:07.061+0000] {logging_mixin.py:188} INFO - Fetching records 110000 to 120000...
[2026-02-20T03:01:07.870+0000] {logging_mixin.py:188} INFO - Fetched 10000 records. Total so far: 120000
[2026-02-20T03:01:07.870+0000] {logging_mixin.py:188} INFO - Fetching records 120000 to 130000...
[2026-02-20T03:01:08.722+0000] {logging_mixin.py:188} INFO - Fetched 10000 records. Total so far: 130000
[2026-02-20T03:01:08.723+0000] {logging_mixin.py:188} INFO - Fetching records 130000 to 140000...
[2026-02-20T03:01:09.561+0000] {logging_mixin.py:188} INFO - Fetched 10000 records. Total so far: 140000
[2026-02-20T03:01:09.561+0000] {logging_mixin.py:188} INFO - Fetching records 140000 to 150000...
[2026-02-20T03:01:10.425+0000] {logging_mixin.py:188} INFO - Fetched 10000 records. Total so far: 150000
[2026-02-20T03:01:10.426+0000] {logging_mixin.py:188} INFO - Fetching records 150000 to 160000...
[2026-02-20T03:01:11.339+0000] {logging_mixin.py:188} INFO - Fetched 10000 records. Total so far: 160000
[2026-02-20T03:01:11.339+0000] {logging_mixin.py:188} INFO - Fetching records 160000 to 170000...
[2026-02-20T03:01:12.209+0000] {logging_mixin.py:188} INFO - Fetched 10000 records. Total so far: 170000
[2026-02-20T03:01:12.211+0000] {logging_mixin.py:188} INFO - Fetching records 170000 to 180000...
[2026-02-20T03:01:13.119+0000] {logging_mixin.py:188} INFO - Fetched 10000 records. Total so far: 180000
[2026-02-20T03:01:13.119+0000] {logging_mixin.py:188} INFO - Fetching records 180000 to 190000...
[2026-02-20T03:01:13.711+0000] {logging_mixin.py:188} INFO - Fetched 4552 records. Total so far: 184552
[2026-02-20T03:01:13.712+0000] {logging_mixin.py:188} INFO - Reached last page
[2026-02-20T03:01:13.712+0000] {logging_mixin.py:188} INFO - Finished fetching. Total records: 184552
[2026-02-20T03:01:13.712+0000] {logging_mixin.py:188} INFO - Saving JSON to /opt/***/housing_20260220T030056.json
[2026-02-20T03:01:19.796+0000] {logging_mixin.py:188} INFO - Converting 184552 records to CSV
[2026-02-20T03:01:21.603+0000] {logging_mixin.py:188} INFO - CSV saved to /opt/***/housing_20260220T030056.csv
[2026-02-20T03:01:21.603+0000] {logging_mixin.py:188} INFO - JSON and CSV files saved in ***-project directory
[2026-02-20T03:01:21.734+0000] {python.py:201} INFO - Done. Returned value was: {'csv_path': '/opt/***/housing_20260220T030056.csv', 'json_path': '/opt/***/housing_20260220T030056.json', 'record_count': 184552}
[2026-02-20T03:01:21.744+0000] {taskinstance.py:1138} INFO - Marking task as SUCCESS. dag_id=housing_api_to_s3_to_snowflake, task_id=fetch_and_convert, execution_date=20260220T030056, start_date=20260220T030057, end_date=20260220T030121
[2026-02-20T03:01:21.798+0000] {local_task_job_runner.py:234} INFO - Task exited with return code 0
[2026-02-20T03:01:21.811+0000] {taskinstance.py:3280} INFO - 1 downstream tasks scheduled from follow-on schedule check
