[2026-02-19T04:36:45.334+0000] {taskinstance.py:1956} INFO - Dependencies all met for dep_context=non-requeueable deps ti=<TaskInstance: mbta_api_to_s3_to_snowflake.fetch_mapping manual__2026-02-19T04:36:43.604873+00:00 [queued]>
[2026-02-19T04:36:45.340+0000] {taskinstance.py:1956} INFO - Dependencies all met for dep_context=requeueable deps ti=<TaskInstance: mbta_api_to_s3_to_snowflake.fetch_mapping manual__2026-02-19T04:36:43.604873+00:00 [queued]>
[2026-02-19T04:36:45.341+0000] {taskinstance.py:2170} INFO - Starting attempt 1 of 2
[2026-02-19T04:36:45.346+0000] {taskinstance.py:2191} INFO - Executing <Task(PythonOperator): fetch_mapping> on 2026-02-19 04:36:43.604873+00:00
[2026-02-19T04:36:45.351+0000] {standard_task_runner.py:87} INFO - Running: ['***', 'tasks', 'run', 'mbta_api_to_s3_to_snowflake', 'fetch_mapping', 'manual__2026-02-19T04:36:43.604873+00:00', '--job-id', '83', '--raw', '--subdir', 'DAGS_FOLDER/mbta_api_s3_snowflake.py', '--cfg-path', '/tmp/tmpdf7434h3']
[2026-02-19T04:36:45.349+0000] {standard_task_runner.py:60} INFO - Started process 1247 to run task
[2026-02-19T04:36:45.352+0000] {standard_task_runner.py:88} INFO - Job 83: Subtask fetch_mapping
[2026-02-19T04:36:45.377+0000] {task_command.py:423} INFO - Running <TaskInstance: mbta_api_to_s3_to_snowflake.fetch_mapping manual__2026-02-19T04:36:43.604873+00:00 [running]> on host 68ec4590c1d2
[2026-02-19T04:36:45.411+0000] {taskinstance.py:2480} INFO - Exporting env vars: AIRFLOW_CTX_DAG_OWNER='***' AIRFLOW_CTX_DAG_ID='mbta_api_to_s3_to_snowflake' AIRFLOW_CTX_TASK_ID='fetch_mapping' AIRFLOW_CTX_EXECUTION_DATE='2026-02-19T04:36:43.604873+00:00' AIRFLOW_CTX_TRY_NUMBER='1' AIRFLOW_CTX_DAG_RUN_ID='manual__2026-02-19T04:36:43.604873+00:00'
[2026-02-19T04:36:45.420+0000] {logging_mixin.py:188} INFO - Fetching route-stop relationships with directions...
[2026-02-19T04:36:47.226+0000] {logging_mixin.py:188} INFO - Processing 1/177: Red (Red Line)...
[2026-02-19T04:36:47.976+0000] {logging_mixin.py:188} INFO - Processing 2/177: Mattapan (Mattapan Line)...
[2026-02-19T04:36:48.785+0000] {logging_mixin.py:188} INFO - Processing 3/177: Orange (Orange Line)...
[2026-02-19T04:36:49.559+0000] {logging_mixin.py:188} INFO - Processing 4/177: Green-B (Green Line B)...
[2026-02-19T04:36:50.287+0000] {logging_mixin.py:188} INFO - Processing 5/177: Green-C (Green Line C)...
[2026-02-19T04:36:51.051+0000] {logging_mixin.py:188} INFO - Processing 6/177: Green-D (Green Line D)...
[2026-02-19T04:36:51.828+0000] {logging_mixin.py:188} INFO - Processing 7/177: Green-E (Green Line E)...
[2026-02-19T04:36:52.544+0000] {logging_mixin.py:188} INFO - Processing 8/177: Blue (Blue Line)...
[2026-02-19T04:36:53.312+0000] {logging_mixin.py:188} INFO - Processing 9/177: 741 (Logan Airport Terminals - South Station)...
[2026-02-19T04:36:54.053+0000] {logging_mixin.py:188} INFO - Processing 10/177: 742 (Design Center - South Station)...
[2026-02-19T04:36:56.800+0000] {logging_mixin.py:188} INFO - Processing 11/177: 743 (Chelsea Station - South Station)...
[2026-02-19T04:36:57.540+0000] {logging_mixin.py:188} INFO - Processing 12/177: 751 (Nubian Station - South Station)...
[2026-02-19T04:36:58.399+0000] {logging_mixin.py:188} INFO - Processing 13/177: 749 (Nubian Station - Temple Place)...
[2026-02-19T04:36:59.167+0000] {logging_mixin.py:188} INFO - Processing 14/177: 746 (Silver Line Way - South Station)...
[2026-02-19T04:36:59.918+0000] {logging_mixin.py:188} INFO - Processing 15/177: CR-Fairmount (Fairmount Line)...
[2026-02-19T04:37:00.653+0000] {logging_mixin.py:188} INFO - Processing 16/177: CR-NewBedford (Fall River/New Bedford Line)...
[2026-02-19T04:37:01.445+0000] {logging_mixin.py:188} INFO - Processing 17/177: CR-Fitchburg (Fitchburg Line)...
[2026-02-19T04:37:02.235+0000] {logging_mixin.py:188} INFO - Processing 18/177: CR-Worcester (Framingham/Worcester Line)...
[2026-02-19T04:37:03.000+0000] {logging_mixin.py:188} INFO - Processing 19/177: CR-Franklin (Franklin/Foxboro Line)...
[2026-02-19T04:37:03.729+0000] {logging_mixin.py:188} INFO - Processing 20/177: CR-Greenbush (Greenbush Line)...
[2026-02-19T04:37:06.510+0000] {logging_mixin.py:188} INFO - Processing 21/177: CR-Haverhill (Haverhill Line)...
[2026-02-19T04:37:07.311+0000] {logging_mixin.py:188} INFO - Processing 22/177: CR-Kingston (Kingston Line)...
[2026-02-19T04:37:08.060+0000] {logging_mixin.py:188} INFO - Processing 23/177: CR-Lowell (Lowell Line)...
[2026-02-19T04:37:08.842+0000] {logging_mixin.py:188} INFO - Processing 24/177: CR-Needham (Needham Line)...
[2026-02-19T04:37:09.586+0000] {logging_mixin.py:188} INFO - Processing 25/177: CR-Newburyport (Newburyport/Rockport Line)...
[2026-02-19T04:37:10.331+0000] {logging_mixin.py:188} INFO - Processing 26/177: CR-Providence (Providence/Stoughton Line)...
[2026-02-19T04:37:11.110+0000] {logging_mixin.py:188} INFO - Processing 27/177: CR-Foxboro (Foxboro Event Service)...
[2026-02-19T04:37:11.910+0000] {logging_mixin.py:188} INFO - Processing 28/177: Boat-F4 (Charlestown Ferry)...
[2026-02-19T04:37:12.617+0000] {logging_mixin.py:188} INFO - Processing 29/177: Boat-F1 (Hingham/Hull Ferry)...
[2026-02-19T04:37:13.416+0000] {logging_mixin.py:188} INFO - Processing 30/177: Boat-EastBoston (East Boston Ferry)...
[2026-02-19T04:37:16.161+0000] {logging_mixin.py:188} INFO - Processing 31/177: Boat-Lynn (Lynn Ferry)...
[2026-02-19T04:37:16.882+0000] {logging_mixin.py:188} INFO - Processing 32/177: Boat-F6 (Winthrop Ferry)...
[2026-02-19T04:37:17.654+0000] {logging_mixin.py:188} INFO - Processing 33/177: Boat-F7 (Quincy Ferry)...
[2026-02-19T04:37:18.424+0000] {logging_mixin.py:188} INFO - Processing 34/177: 747 (Sullivan Square Station - Ruggles Station)...
[2026-02-19T04:37:19.173+0000] {logging_mixin.py:188} INFO - Processing 35/177: 708 (Beth Israel Deaconess Hospital - Andrew Station)...
[2026-02-19T04:37:19.944+0000] {logging_mixin.py:188} INFO - Processing 36/177: 1 (Harvard Square - Nubian Station)...
[2026-02-19T04:37:20.686+0000] {logging_mixin.py:188} INFO - Processing 37/177: 4 (North Station - Design Center)...
[2026-02-19T04:37:21.464+0000] {logging_mixin.py:188} INFO - Processing 38/177: 7 (City Point - Otis Street & Summer Street)...
[2026-02-19T04:37:22.219+0000] {logging_mixin.py:188} INFO - Processing 39/177: 8 (Harbor Point - Kenmore Station)...
[2026-02-19T04:37:22.972+0000] {logging_mixin.py:188} INFO - Processing 40/177: 9 (City Point - Copley Square)...
[2026-02-19T04:37:25.775+0000] {logging_mixin.py:188} INFO - Processing 41/177: 10 (City Point - Arlington Station)...
[2026-02-19T04:37:26.545+0000] {logging_mixin.py:188} INFO - Processing 42/177: 11 (City Point - Chauncy Street & Summer Street)...
[2026-02-19T04:37:27.313+0000] {logging_mixin.py:188} INFO - Processing 43/177: 14 (Roslindale Square - Heath Street)...
[2026-02-19T04:37:28.143+0000] {logging_mixin.py:188} INFO - Processing 44/177: 15 (Fields Corner Station - Ruggles Station)...
[2026-02-19T04:37:28.916+0000] {logging_mixin.py:188} INFO - Processing 45/177: 16 (Forest Hills Station - Andrew Station or Harbor Point)...
[2026-02-19T04:37:29.717+0000] {logging_mixin.py:188} INFO - Processing 46/177: 17 (Fields Corner Station - Andrew Station)...
[2026-02-19T04:37:30.450+0000] {logging_mixin.py:188} INFO - Processing 47/177: 18 (Ashmont Station - Andrew Station)...
[2026-02-19T04:37:31.173+0000] {logging_mixin.py:188} INFO - Processing 48/177: 19 (Fields Corner Station - Kenmore or Ruggles Station)...
[2026-02-19T04:37:31.917+0000] {logging_mixin.py:188} INFO - Processing 49/177: 21 (Ashmont Station - Forest Hills Station)...
[2026-02-19T04:37:32.678+0000] {logging_mixin.py:188} INFO - Processing 50/177: 22 (Ashmont Station - Ruggles Station via Talbot Ave)...
[2026-02-19T04:37:35.471+0000] {logging_mixin.py:188} INFO - Processing 51/177: 23 (Ashmont Station - Ruggles Station via Washington Street)...
[2026-02-19T04:37:36.245+0000] {logging_mixin.py:188} INFO - Processing 52/177: 24 (Wakefield Avenue & Truman Parkway - Ashmont Station)...
[2026-02-19T04:37:37.032+0000] {logging_mixin.py:188} INFO - Processing 53/177: 26 (Ashmont Station - Norfolk Street Loop)...
[2026-02-19T04:37:37.832+0000] {logging_mixin.py:188} INFO - Processing 54/177: 28 (Mattapan Station - Ruggles Station)...
[2026-02-19T04:37:38.648+0000] {logging_mixin.py:188} INFO - Processing 55/177: 29 (Mattapan Station - Jackson Square Station)...
[2026-02-19T04:37:39.401+0000] {logging_mixin.py:188} INFO - Processing 56/177: 30 (Mattapan Station - Forest Hills Station via Cummins Highway and Roslindale Square)...
[2026-02-19T04:37:40.228+0000] {logging_mixin.py:188} INFO - Processing 57/177: 31 (Mattapan Station - Forest Hills Station via Morton Street)...
[2026-02-19T04:37:41.026+0000] {logging_mixin.py:188} INFO - Processing 58/177: 32 (Wolcott or Cleary Square - Forest Hills Station)...
[2026-02-19T04:37:41.799+0000] {logging_mixin.py:188} INFO - Processing 59/177: 33 (River Street & Milton Street - Mattapan Station)...
[2026-02-19T04:37:42.588+0000] {logging_mixin.py:188} INFO - Processing 60/177: 34 (Dedham Square - Forest Hills Station)...
[2026-02-19T04:37:45.341+0000] {logging_mixin.py:188} INFO - Processing 61/177: 34E (Walpole Center - Forest Hills Station)...
[2026-02-19T04:37:46.117+0000] {logging_mixin.py:188} INFO - Processing 62/177: 35 (Dedham Mall or Stimson Street - Forest Hills Station)...
[2026-02-19T04:37:46.901+0000] {logging_mixin.py:188} INFO - Processing 63/177: 36 (Millennium Park or VA Hospital - Forest Hills Station)...
[2026-02-19T04:37:47.651+0000] {logging_mixin.py:188} INFO - Processing 64/177: 37 (Baker Street & Vermont Street - Forest Hills Station)...
[2026-02-19T04:37:48.385+0000] {logging_mixin.py:188} INFO - Processing 65/177: 38 (Wren Street - Forest Hills Station)...
[2026-02-19T04:37:49.201+0000] {logging_mixin.py:188} INFO - Processing 66/177: 39 (Forest Hills Station - Back Bay Station)...
[2026-02-19T04:37:49.991+0000] {logging_mixin.py:188} INFO - Processing 67/177: 40 (Georgetowne - Forest Hills Station)...
[2026-02-19T04:37:50.741+0000] {logging_mixin.py:188} INFO - Processing 68/177: 41 (Centre Street & Eliot Street - JFK/UMass Station)...
[2026-02-19T04:37:51.489+0000] {logging_mixin.py:188} INFO - Processing 69/177: 42 (Forest Hills Station - Nubian Station)...
[2026-02-19T04:37:52.248+0000] {logging_mixin.py:188} INFO - Processing 70/177: 43 (Ruggles Station - Park Street Station)...
[2026-02-19T04:37:55.015+0000] {logging_mixin.py:188} INFO - Processing 71/177: 44 (Jackson Square Station - Ruggles Station)...
[2026-02-19T04:37:55.778+0000] {logging_mixin.py:188} INFO - Processing 72/177: 45 (Franklin Park - Ruggles Station)...
[2026-02-19T04:37:56.518+0000] {logging_mixin.py:188} INFO - Processing 73/177: 47 (Central Square, Cambridge - Broadway Station)...
[2026-02-19T04:37:57.310+0000] {logging_mixin.py:188} INFO - Processing 74/177: 50 (Cleary Square - Forest Hills Station)...
[2026-02-19T04:37:58.058+0000] {logging_mixin.py:188} INFO - Processing 75/177: 51 (Reservoir Station - Forest Hills Station)...
[2026-02-19T04:37:58.823+0000] {logging_mixin.py:188} INFO - Processing 76/177: 52 (Dedham Mall - Watertown Yard)...
[2026-02-19T04:37:59.574+0000] {logging_mixin.py:188} INFO - Processing 77/177: 55 (West Fenway - Arlington Station)...
[2026-02-19T04:38:00.348+0000] {logging_mixin.py:188} INFO - Processing 78/177: 57 (Watertown Yard - Kenmore Station)...
[2026-02-19T04:38:01.138+0000] {logging_mixin.py:188} INFO - Processing 79/177: 59 (Needham Junction - Watertown Square)...
[2026-02-19T04:38:01.868+0000] {logging_mixin.py:188} INFO - Processing 80/177: 60 (Chestnut Hill - Kenmore Station)...
[2026-02-19T04:38:04.633+0000] {logging_mixin.py:188} INFO - Processing 81/177: 61 (North Waltham - Waltham Center)...
[2026-02-19T04:38:05.409+0000] {logging_mixin.py:188} INFO - Processing 82/177: 62 (Bedford VA Hospital - Alewife Station)...
[2026-02-19T04:38:06.195+0000] {logging_mixin.py:188} INFO - Processing 83/177: 64 (Oak Square - University Park or Kendall/MIT Station)...
[2026-02-19T04:38:06.952+0000] {logging_mixin.py:188} INFO - Processing 84/177: 65 (Brighton Center - Kenmore Station)...
[2026-02-19T04:38:07.760+0000] {logging_mixin.py:188} INFO - Processing 85/177: 66 (Harvard Square - Nubian Station)...
[2026-02-19T04:38:08.607+0000] {logging_mixin.py:188} INFO - Processing 86/177: 67 (Turkey Hill - Alewife Station)...
[2026-02-19T04:38:09.378+0000] {logging_mixin.py:188} INFO - Processing 87/177: 68 (Harvard Square - Kendall/MIT Station)...
[2026-02-19T04:38:10.170+0000] {logging_mixin.py:188} INFO - Processing 88/177: 69 (Harvard Square - Lechmere Station)...
[2026-02-19T04:38:10.946+0000] {logging_mixin.py:188} INFO - Processing 89/177: 70 (Market Place Drive or Waltham Center - University Park)...
[2026-02-19T04:38:11.834+0000] {logging_mixin.py:188} INFO - Processing 90/177: 71 (Watertown Square - Harvard Station)...
[2026-02-19T04:38:14.608+0000] {logging_mixin.py:188} INFO - Processing 91/177: 73 (Waverley Square - Harvard Station)...
[2026-02-19T04:38:15.366+0000] {logging_mixin.py:188} INFO - Processing 92/177: 74 (Belmont Center - Harvard via Concord Avenue)...
[2026-02-19T04:38:16.162+0000] {logging_mixin.py:188} INFO - Processing 93/177: 75 (Belmont Center - Harvard via Huron Avenue)...
[2026-02-19T04:38:16.938+0000] {logging_mixin.py:188} INFO - Processing 94/177: 76 (Lincoln Lab - Alewife Station)...
[2026-02-19T04:38:17.682+0000] {logging_mixin.py:188} INFO - Processing 95/177: 77 (Arlington Heights - Harvard Station)...
[2026-02-19T04:38:18.428+0000] {logging_mixin.py:188} INFO - Processing 96/177: 78 (Arlmont Village - Harvard Station)...
[2026-02-19T04:38:19.195+0000] {logging_mixin.py:188} INFO - Processing 97/177: 80 (Arlington Center - Lechmere Station)...
[2026-02-19T04:38:20.008+0000] {logging_mixin.py:188} INFO - Processing 98/177: 83 (Rindge Avenue - Central Square, Cambridge)...
[2026-02-19T04:38:20.767+0000] {logging_mixin.py:188} INFO - Processing 99/177: 85 (Spring Hill - Kendall/MIT Station)...
[2026-02-19T04:38:21.495+0000] {logging_mixin.py:188} INFO - Processing 100/177: 86 (Harvard Square - Reservoir Station)...
[2026-02-19T04:38:24.261+0000] {logging_mixin.py:188} INFO - Processing 101/177: 87 (Clarendon Hill or Arlington Center - Lechmere Station)...
[2026-02-19T04:38:25.024+0000] {logging_mixin.py:188} INFO - Processing 102/177: 88 (Clarendon Hill - Lechmere Station)...
[2026-02-19T04:38:25.789+0000] {logging_mixin.py:188} INFO - Processing 103/177: 89 (Clarendon Hill or Davis Station - Sullivan Square Station)...
[2026-02-19T04:38:26.553+0000] {logging_mixin.py:188} INFO - Processing 104/177: 90 (Davis Station - Assembly Row)...
[2026-02-19T04:38:27.308+0000] {logging_mixin.py:188} INFO - Processing 105/177: 91 (Sullivan Square Station - Central Square, Cambridge)...
[2026-02-19T04:38:28.085+0000] {logging_mixin.py:188} INFO - Processing 106/177: 92 (Sullivan Square Station - Downtown via Main Street)...
[2026-02-19T04:38:28.890+0000] {logging_mixin.py:188} INFO - Processing 107/177: 93 (Sullivan Square Station - Downtown via Bunker Hill Street)...
[2026-02-19T04:38:29.683+0000] {logging_mixin.py:188} INFO - Processing 108/177: 94 (Medford Square - Davis Station)...
[2026-02-19T04:38:30.429+0000] {logging_mixin.py:188} INFO - Processing 109/177: 95 (West Medford or Arlington Center - Sullivan Square Station)...
[2026-02-19T04:38:31.225+0000] {logging_mixin.py:188} INFO - Processing 110/177: 96 (Medford Square - Harvard Station)...
[2026-02-19T04:38:34.005+0000] {logging_mixin.py:188} INFO - Processing 111/177: 97 (Malden Center Station - Wellington Station)...
[2026-02-19T04:38:34.778+0000] {logging_mixin.py:188} INFO - Processing 112/177: 99 (Woodland Road - Wellington Station)...
[2026-02-19T04:38:35.546+0000] {logging_mixin.py:188} INFO - Processing 113/177: 100 (Elm Street - Wellington Station)...
[2026-02-19T04:38:36.306+0000] {logging_mixin.py:188} INFO - Processing 114/177: 101 (Malden Center Station - Sullivan Square Station via Winter Hill)...
[2026-02-19T04:38:37.085+0000] {logging_mixin.py:188} INFO - Processing 115/177: 104 (Malden Center Station - Airport Station)...
[2026-02-19T04:38:37.830+0000] {logging_mixin.py:188} INFO - Processing 116/177: 105 (Malden Center Station - Sullivan Square Station via Newland Street Housing)...
[2026-02-19T04:38:38.613+0000] {logging_mixin.py:188} INFO - Processing 117/177: 106 (Lebanon Loop - Wellington Station)...
[2026-02-19T04:38:39.419+0000] {logging_mixin.py:188} INFO - Processing 118/177: 108 (Linden Square - Wellington Station)...
[2026-02-19T04:38:40.206+0000] {logging_mixin.py:188} INFO - Processing 119/177: 109 (Linden Square - Harvard Square via Sullivan)...
[2026-02-19T04:38:40.985+0000] {logging_mixin.py:188} INFO - Processing 120/177: 110 (Wonderland Station - Wellington Station)...
[2026-02-19T04:38:43.765+0000] {logging_mixin.py:188} INFO - Processing 121/177: 111 (Woodlawn - Haymarket Station)...
[2026-02-19T04:38:44.551+0000] {logging_mixin.py:188} INFO - Processing 122/177: 112 (Wellington Station - Wood Island Station)...
[2026-02-19T04:38:45.341+0000] {logging_mixin.py:188} INFO - Processing 123/177: 114 (Market Basket - Maverick Station)...
[2026-02-19T04:38:46.103+0000] {logging_mixin.py:188} INFO - Processing 124/177: 116 (Wonderland Station - Maverick Station)...
[2026-02-19T04:38:46.863+0000] {logging_mixin.py:188} INFO - Processing 125/177: 119 (Northgate Shopping Center - Beachmont Station)...
[2026-02-19T04:38:47.624+0000] {logging_mixin.py:188} INFO - Processing 126/177: 120 (Orient Heights Station - Jeffries Point)...
[2026-02-19T04:38:48.419+0000] {logging_mixin.py:188} INFO - Processing 127/177: 121 (Wood Island Station - Maverick Station)...
[2026-02-19T04:38:49.190+0000] {logging_mixin.py:188} INFO - Processing 128/177: 131 (Melrose Highlands - Malden Center Station)...
[2026-02-19T04:38:49.991+0000] {logging_mixin.py:188} INFO - Processing 129/177: 132 (Redstone Shopping Center - Malden Center Station)...
[2026-02-19T04:38:50.733+0000] {logging_mixin.py:188} INFO - Processing 130/177: 134 (North Woburn - Wellington Station)...
[2026-02-19T04:38:53.535+0000] {logging_mixin.py:188} INFO - Processing 131/177: 137 (Reading Depot - Malden Center Station)...
[2026-02-19T04:38:54.310+0000] {logging_mixin.py:188} INFO - Processing 132/177: 171 (Logan Airport Terminals - Nubian Station)...
[2026-02-19T04:38:55.143+0000] {logging_mixin.py:188} INFO - Processing 133/177: 201 (Fields Corner Loop via Neponset Ave)...
[2026-02-19T04:38:55.880+0000] {logging_mixin.py:188} INFO - Processing 134/177: 202 (Fields Corner Loop via Adams Street)...
[2026-02-19T04:38:56.639+0000] {logging_mixin.py:188} INFO - Processing 135/177: 210 (Quincy Center Station - Fields Corner Station)...
[2026-02-19T04:38:57.434+0000] {logging_mixin.py:188} INFO - Processing 136/177: 211 (Quincy Center Station - Squantum)...
[2026-02-19T04:38:58.241+0000] {logging_mixin.py:188} INFO - Processing 137/177: 215 (Quincy Center Station - Ashmont Station via West Quincy)...
[2026-02-19T04:38:59.046+0000] {logging_mixin.py:188} INFO - Processing 138/177: 216 (Houghs Neck - Quincy Center Station via Germantown)...
[2026-02-19T04:38:59.812+0000] {logging_mixin.py:188} INFO - Processing 139/177: 217 (Quincy Center Station - Ashmont Station via Wollaston Station)...
[2026-02-19T04:39:00.610+0000] {logging_mixin.py:188} INFO - Processing 140/177: 220 (Hingham Depot - Quincy Center Station)...
[2026-02-19T04:39:03.375+0000] {logging_mixin.py:188} INFO - Processing 141/177: 222 (East Weymouth - Quincy Center Station)...
[2026-02-19T04:39:04.111+0000] {logging_mixin.py:188} INFO - Processing 142/177: 225 (Weymouth Landing - Quincy Center Station)...
[2026-02-19T04:39:04.919+0000] {logging_mixin.py:188} INFO - Processing 143/177: 226 (Columbian Square - Braintree Station)...
[2026-02-19T04:39:05.727+0000] {logging_mixin.py:188} INFO - Processing 144/177: 230 (Montello Station - Quincy Center Station)...
[2026-02-19T04:39:06.613+0000] {logging_mixin.py:188} INFO - Processing 145/177: 236 (South Shore Plaza - Quincy Center Station)...
[2026-02-19T04:39:07.417+0000] {logging_mixin.py:188} INFO - Processing 146/177: 238 (Holbrook/Randolph Station - Quincy Center Station)...
[2026-02-19T04:39:08.215+0000] {logging_mixin.py:188} INFO - Processing 147/177: 240 (Avon Square - Ashmont Station)...
[2026-02-19T04:39:09.015+0000] {logging_mixin.py:188} INFO - Processing 148/177: 245 (Quincy Center Station - Mattapan Station)...
[2026-02-19T04:39:09.808+0000] {logging_mixin.py:188} INFO - Processing 149/177: 350 (North Burlington - Alewife Station)...
[2026-02-19T04:39:10.999+0000] {logging_mixin.py:188} INFO - Processing 150/177: 351 (Bedford Woods Drive - Third Avenue)...
[2026-02-19T04:39:13.750+0000] {logging_mixin.py:188} INFO - Processing 151/177: 354 (North Burlington - State Street, Boston)...
[2026-02-19T04:39:14.525+0000] {logging_mixin.py:188} INFO - Processing 152/177: 411 (Kennedy Drive or Jack Satter House - Malden Center Station)...
[2026-02-19T04:39:15.324+0000] {logging_mixin.py:188} INFO - Processing 153/177: 424 (Eastern Avenue & Essex Street - Wonderland Station)...
[2026-02-19T04:39:16.108+0000] {logging_mixin.py:188} INFO - Processing 154/177: 426 (Central Square, Lynn - Haymarket or Wonderland Station)...
[2026-02-19T04:39:16.884+0000] {logging_mixin.py:188} INFO - Processing 155/177: 428 (Oaklandvale - Haymarket Station)...
[2026-02-19T04:39:17.676+0000] {logging_mixin.py:188} INFO - Processing 156/177: 429 (Northgate Shopping Center - Central Square, Lynn)...
[2026-02-19T04:39:18.456+0000] {logging_mixin.py:188} INFO - Processing 157/177: 430 (Saugus Center - Malden Center Station)...
[2026-02-19T04:39:19.220+0000] {logging_mixin.py:188} INFO - Processing 158/177: 435 (Liberty Tree Mall - Central Square, Lynn via Peabody Square)...
[2026-02-19T04:39:20.003+0000] {logging_mixin.py:188} INFO - Processing 159/177: 436 (Liberty Tree Mall - Central Square, Lynn via Goodwin Circle)...
[2026-02-19T04:39:20.798+0000] {logging_mixin.py:188} INFO - Processing 160/177: 439 (Nahant - Wonderland Station)...
[2026-02-19T04:39:23.599+0000] {logging_mixin.py:188} INFO - Processing 161/177: 441 (Marblehead - Wonderland Station via Paradise Road)...
[2026-02-19T04:39:24.376+0000] {logging_mixin.py:188} INFO - Processing 162/177: 442 (Marblehead - Wonderland Station via Humphrey Street)...
[2026-02-19T04:39:25.123+0000] {logging_mixin.py:188} INFO - Processing 163/177: 450 (Salem Depot - Wonderland or Haymarket Station)...
[2026-02-19T04:39:25.868+0000] {logging_mixin.py:188} INFO - Processing 164/177: 451 (North Beverly Station - Salem Depot)...
[2026-02-19T04:39:26.654+0000] {logging_mixin.py:188} INFO - Processing 165/177: 455 (Salem Depot - Wonderland Station)...
[2026-02-19T04:39:27.432+0000] {logging_mixin.py:188} INFO - Processing 166/177: 456 (Salem Depot - Central Square, Lynn)...
[2026-02-19T04:39:28.200+0000] {logging_mixin.py:188} INFO - Processing 167/177: 501 (Brighton Center - Federal Street & Franklin Street)...
[2026-02-19T04:39:28.984+0000] {logging_mixin.py:188} INFO - Processing 168/177: 504 (Watertown Yard - Federal Street & Franklin Street)...
[2026-02-19T04:39:29.768+0000] {logging_mixin.py:188} INFO - Processing 169/177: 505 (Waltham Center - Federal Street & Franklin Street)...
[2026-02-19T04:39:30.532+0000] {logging_mixin.py:188} INFO - Processing 170/177: 553 (Roberts - Newton Corner)...
[2026-02-19T04:39:33.287+0000] {logging_mixin.py:188} INFO - Processing 171/177: 554 (Waverley Square - Newton Corner)...
[2026-02-19T04:39:34.049+0000] {logging_mixin.py:188} INFO - Processing 172/177: 556 (Waltham Highlands - Newton Corner)...
[2026-02-19T04:39:34.792+0000] {logging_mixin.py:188} INFO - Processing 173/177: 558 (Riverside Station - Newton Corner)...
[2026-02-19T04:39:35.549+0000] {logging_mixin.py:188} INFO - Processing 174/177: 712 (Point Shirley - Orient Heights Station via Revere Street)...
[2026-02-19T04:39:36.343+0000] {logging_mixin.py:188} INFO - Processing 175/177: 713 (Point Shirley - Orient Heights Station via Winthrop Center)...
[2026-02-19T04:39:37.135+0000] {logging_mixin.py:188} INFO - Processing 176/177: 714 (Hull Ferry - Hingham Depot)...
[2026-02-19T04:39:37.930+0000] {logging_mixin.py:188} INFO - Processing 177/177: 716 (Canton Village Shoppes - Mattapan Station)...
[2026-02-19T04:39:38.700+0000] {logging_mixin.py:188} INFO - 
Found 11764 route-stop connections
[2026-02-19T04:39:38.800+0000] {python.py:201} INFO - Done. Returned value was: {'mapping_csv': '/opt/***/mbta_route_stops_mapping_None.csv', 'mapping_count': 11764}
[2026-02-19T04:39:38.808+0000] {taskinstance.py:1138} INFO - Marking task as SUCCESS. dag_id=mbta_api_to_s3_to_snowflake, task_id=fetch_mapping, execution_date=20260219T043643, start_date=20260219T043645, end_date=20260219T043938
[2026-02-19T04:39:38.858+0000] {local_task_job_runner.py:234} INFO - Task exited with return code 0
[2026-02-19T04:39:38.871+0000] {taskinstance.py:3280} INFO - 1 downstream tasks scheduled from follow-on schedule check
