[2026-02-19T06:14:52.754+0000] {taskinstance.py:1956} INFO - Dependencies all met for dep_context=non-requeueable deps ti=<TaskInstance: bluebikes_api_to_s3_to_snowflake.load_to_snowflake manual__2026-02-19T06:14:44.570198+00:00 [queued]>
[2026-02-19T06:14:52.756+0000] {taskinstance.py:1956} INFO - Dependencies all met for dep_context=requeueable deps ti=<TaskInstance: bluebikes_api_to_s3_to_snowflake.load_to_snowflake manual__2026-02-19T06:14:44.570198+00:00 [queued]>
[2026-02-19T06:14:52.756+0000] {taskinstance.py:2170} INFO - Starting attempt 1 of 2
[2026-02-19T06:14:52.760+0000] {taskinstance.py:2191} INFO - Executing <Task(PythonOperator): load_to_snowflake> on 2026-02-19 06:14:44.570198+00:00
[2026-02-19T06:14:52.763+0000] {standard_task_runner.py:60} INFO - Started process 2823 to run task
[2026-02-19T06:14:52.765+0000] {standard_task_runner.py:87} INFO - Running: ['***', 'tasks', 'run', 'bluebikes_api_to_s3_to_snowflake', 'load_to_snowflake', 'manual__2026-02-19T06:14:44.570198+00:00', '--job-id', '95', '--raw', '--subdir', 'DAGS_FOLDER/bluebikes_api_to_s3_to_snowflake.py', '--cfg-path', '/tmp/tmp7ie13c6b']
[2026-02-19T06:14:52.765+0000] {standard_task_runner.py:88} INFO - Job 95: Subtask load_to_snowflake
[2026-02-19T06:14:52.780+0000] {task_command.py:423} INFO - Running <TaskInstance: bluebikes_api_to_s3_to_snowflake.load_to_snowflake manual__2026-02-19T06:14:44.570198+00:00 [running]> on host 68ec4590c1d2
[2026-02-19T06:14:52.801+0000] {taskinstance.py:2480} INFO - Exporting env vars: AIRFLOW_CTX_DAG_OWNER='***' AIRFLOW_CTX_DAG_ID='bluebikes_api_to_s3_to_snowflake' AIRFLOW_CTX_TASK_ID='load_to_snowflake' AIRFLOW_CTX_EXECUTION_DATE='2026-02-19T06:14:44.570198+00:00' AIRFLOW_CTX_TRY_NUMBER='1' AIRFLOW_CTX_DAG_RUN_ID='manual__2026-02-19T06:14:44.570198+00:00'
[2026-02-19T06:14:52.808+0000] {base.py:83} INFO - Using connection ID 'aws_default' for task execution.
[2026-02-19T06:14:52.808+0000] {connection.py:370} INFO - Snowflake Connector for Python Version: 3.6.0, Python Version: 3.8.18, Platform: Linux-6.12.67-linuxkit-aarch64-with-glibc2.34
[2026-02-19T06:14:52.809+0000] {connection.py:1171} INFO - This connection is in OCSP Fail Open Mode. TLS Certificates would be checked for validity and revocation status. Any other Certificate Revocation related exceptions or OCSP Responder failures would be disregarded in favor of connectivity.
[2026-02-19T06:14:52.809+0000] {connection.py:1181} INFO - THIS CONNECTION IS IN INSECURE MODE. IT MEANS THE CERTIFICATE WILL BE VALIDATED BUT THE CERTIFICATE REVOCATION STATUS WILL NOT BE CHECKED.
[2026-02-19T06:14:53.030+0000] {ssl_wrap_socket.py:100} INFO - THIS CONNECTION IS IN INSECURE MODE. IT MEANS THE CERTIFICATE WILL BE VALIDATED BUT THE CERTIFICATE REVOCATION STATUS WILL NOT BE CHECKED.
[2026-02-19T06:14:53.264+0000] {logging_mixin.py:188} INFO - Loading data from s3://neighborwise-ai-s3-bucket/transit/bluebikes_stations_20260219T061444.csv to Snowflake
[2026-02-19T06:14:53.265+0000] {cursor.py:1028} INFO - query: [COPY INTO NEIGHBOURWISE_DOMAINS.STAGE.STG_BOSTON_BLUEBIKES_STATIONS (_ID, NUMBER...]
[2026-02-19T06:14:55.882+0000] {cursor.py:1041} INFO - query execution done
[2026-02-19T06:14:55.883+0000] {cursor.py:1205} INFO - Number of results in first chunk: 1
[2026-02-19T06:14:55.884+0000] {cursor.py:1028} INFO - query: [SELECT COUNT(*) FROM NEIGHBOURWISE_DOMAINS.STAGE.STG_BOSTON_BLUEBIKES_STATIONS]
[2026-02-19T06:14:56.287+0000] {cursor.py:1041} INFO - query execution done
[2026-02-19T06:14:56.287+0000] {cursor.py:1205} INFO - Number of results in first chunk: 1
[2026-02-19T06:14:56.288+0000] {logging_mixin.py:188} INFO - Total Blue Bikes stations in table: 572
[2026-02-19T06:14:56.288+0000] {connection.py:718} INFO - closed
[2026-02-19T06:14:56.434+0000] {connection.py:724} INFO - No async queries seem to be running, deleting session
[2026-02-19T06:14:56.548+0000] {python.py:201} INFO - Done. Returned value was: {'status': 'success', 'records_loaded': 572}
[2026-02-19T06:14:56.557+0000] {taskinstance.py:1138} INFO - Marking task as SUCCESS. dag_id=bluebikes_api_to_s3_to_snowflake, task_id=load_to_snowflake, execution_date=20260219T061444, start_date=20260219T061452, end_date=20260219T061456
[2026-02-19T06:14:56.578+0000] {local_task_job_runner.py:234} INFO - Task exited with return code 0
[2026-02-19T06:14:56.585+0000] {taskinstance.py:3280} INFO - 0 downstream tasks scheduled from follow-on schedule check
