[2026-02-17T23:50:03.454+0000] {taskinstance.py:1956} INFO - Dependencies all met for dep_context=non-requeueable deps ti=<TaskInstance: boston_api_to_s3.fetch_and_upload manual__2026-02-17T23:50:01.941931+00:00 [queued]>
[2026-02-17T23:50:03.456+0000] {taskinstance.py:1956} INFO - Dependencies all met for dep_context=requeueable deps ti=<TaskInstance: boston_api_to_s3.fetch_and_upload manual__2026-02-17T23:50:01.941931+00:00 [queued]>
[2026-02-17T23:50:03.456+0000] {taskinstance.py:2170} INFO - Starting attempt 1 of 2
[2026-02-17T23:50:03.460+0000] {taskinstance.py:2191} INFO - Executing <Task(PythonOperator): fetch_and_upload> on 2026-02-17 23:50:01.941931+00:00
[2026-02-17T23:50:03.463+0000] {standard_task_runner.py:60} INFO - Started process 388 to run task
[2026-02-17T23:50:03.465+0000] {standard_task_runner.py:87} INFO - Running: ['***', 'tasks', 'run', 'boston_api_to_s3', 'fetch_and_upload', 'manual__2026-02-17T23:50:01.941931+00:00', '--job-id', '5', '--raw', '--subdir', 'DAGS_FOLDER/boston_api_to_s3.py', '--cfg-path', '/tmp/tmpoj7jlqea']
[2026-02-17T23:50:03.467+0000] {standard_task_runner.py:88} INFO - Job 5: Subtask fetch_and_upload
[2026-02-17T23:50:03.486+0000] {task_command.py:423} INFO - Running <TaskInstance: boston_api_to_s3.fetch_and_upload manual__2026-02-17T23:50:01.941931+00:00 [running]> on host 5e8616ec98d9
[2026-02-17T23:50:03.517+0000] {taskinstance.py:2480} INFO - Exporting env vars: AIRFLOW_CTX_DAG_OWNER='***' AIRFLOW_CTX_DAG_ID='boston_api_to_s3' AIRFLOW_CTX_TASK_ID='fetch_and_upload' AIRFLOW_CTX_EXECUTION_DATE='2026-02-17T23:50:01.941931+00:00' AIRFLOW_CTX_TRY_NUMBER='1' AIRFLOW_CTX_DAG_RUN_ID='manual__2026-02-17T23:50:01.941931+00:00'
[2026-02-17T23:50:03.677+0000] {taskinstance.py:2698} ERROR - Task failed with exception
Traceback (most recent call last):
  File "/home/airflow/.local/lib/python3.8/site-packages/airflow/models/taskinstance.py", line 433, in _execute_task
    result = execute_callable(context=context, **execute_callable_kwargs)
  File "/home/airflow/.local/lib/python3.8/site-packages/airflow/operators/python.py", line 199, in execute
    return_value = self.execute_callable()
  File "/home/airflow/.local/lib/python3.8/site-packages/airflow/operators/python.py", line 216, in execute_callable
    return self.python_callable(*self.op_args, **self.op_kwargs)
  File "/opt/airflow/dags/boston_api_to_s3.py", line 36, in fetch_and_upload
    resp.raise_for_status()
  File "/home/airflow/.local/lib/python3.8/site-packages/requests/models.py", line 1021, in raise_for_status
    raise HTTPError(http_error_msg, response=self)
requests.exceptions.HTTPError: 404 Client Error: Not Found for url: https://data.boston.gov/api/3/action/datastore_search?resource_id=12cb3883-56f5-47de-afa5-3b1cf61b257b
[2026-02-17T23:50:03.681+0000] {taskinstance.py:1138} INFO - Marking task as UP_FOR_RETRY. dag_id=boston_api_to_s3, task_id=fetch_and_upload, execution_date=20260217T235001, start_date=20260217T235003, end_date=20260217T235003
[2026-02-17T23:50:03.689+0000] {standard_task_runner.py:107} ERROR - Failed to execute job 5 for task fetch_and_upload (404 Client Error: Not Found for url: https://data.boston.gov/api/3/action/datastore_search?resource_id=12cb3883-56f5-47de-afa5-3b1cf61b257b; 388)
[2026-02-17T23:50:03.725+0000] {local_task_job_runner.py:234} INFO - Task exited with return code 1
[2026-02-17T23:50:03.733+0000] {taskinstance.py:3280} INFO - 0 downstream tasks scheduled from follow-on schedule check
