[2026-04-09T22:41:08.406+0000] {taskinstance.py:1956} INFO - Dependencies all met for dep_context=non-requeueable deps ti=<TaskInstance: boston_api_to_s3_to_snowflake.create_snowflake_table scheduled__2026-03-29T00:00:00+00:00 [queued]>
[2026-04-09T22:41:08.410+0000] {taskinstance.py:1956} INFO - Dependencies all met for dep_context=requeueable deps ti=<TaskInstance: boston_api_to_s3_to_snowflake.create_snowflake_table scheduled__2026-03-29T00:00:00+00:00 [queued]>
[2026-04-09T22:41:08.412+0000] {taskinstance.py:2170} INFO - Starting attempt 1 of 2
[2026-04-09T22:41:08.423+0000] {taskinstance.py:2191} INFO - Executing <Task(PythonOperator): create_snowflake_table> on 2026-03-29 00:00:00+00:00
[2026-04-09T22:41:08.426+0000] {standard_task_runner.py:60} INFO - Started process 157 to run task
[2026-04-09T22:41:08.429+0000] {standard_task_runner.py:87} INFO - Running: ['***', 'tasks', 'run', 'boston_api_to_s3_to_snowflake', 'create_snowflake_table', 'scheduled__2026-03-29T00:00:00+00:00', '--job-id', '383', '--raw', '--subdir', 'DAGS_FOLDER/boston_api_to_s3.py', '--cfg-path', '/tmp/tmp17xuo7f3']
[2026-04-09T22:41:08.433+0000] {standard_task_runner.py:88} INFO - Job 383: Subtask create_snowflake_table
[2026-04-09T22:41:08.474+0000] {task_command.py:423} INFO - Running <TaskInstance: boston_api_to_s3_to_snowflake.create_snowflake_table scheduled__2026-03-29T00:00:00+00:00 [running]> on host fc1f5ec42310
[2026-04-09T22:41:08.507+0000] {taskinstance.py:2480} INFO - Exporting env vars: AIRFLOW_CTX_DAG_OWNER='***' AIRFLOW_CTX_DAG_ID='boston_api_to_s3_to_snowflake' AIRFLOW_CTX_TASK_ID='create_snowflake_table' AIRFLOW_CTX_EXECUTION_DATE='2026-03-29T00:00:00+00:00' AIRFLOW_CTX_TRY_NUMBER='1' AIRFLOW_CTX_DAG_RUN_ID='scheduled__2026-03-29T00:00:00+00:00'
[2026-04-09T22:41:08.508+0000] {connection.py:370} INFO - Snowflake Connector for Python Version: 3.6.0, Python Version: 3.8.18, Platform: Linux-6.12.67-linuxkit-aarch64-with-glibc2.34
[2026-04-09T22:41:08.509+0000] {connection.py:1171} INFO - This connection is in OCSP Fail Open Mode. TLS Certificates would be checked for validity and revocation status. Any other Certificate Revocation related exceptions or OCSP Responder failures would be disregarded in favor of connectivity.
[2026-04-09T22:41:08.509+0000] {connection.py:1181} INFO - THIS CONNECTION IS IN INSECURE MODE. IT MEANS THE CERTIFICATE WILL BE VALIDATED BUT THE CERTIFICATE REVOCATION STATUS WILL NOT BE CHECKED.
[2026-04-09T22:41:08.743+0000] {ssl_wrap_socket.py:100} INFO - THIS CONNECTION IS IN INSECURE MODE. IT MEANS THE CERTIFICATE WILL BE VALIDATED BUT THE CERTIFICATE REVOCATION STATUS WILL NOT BE CHECKED.
[2026-04-09T22:41:09.032+0000] {logging_mixin.py:188} INFO - Creating Snowflake table STG_BOSTON_CRIME
[2026-04-09T22:41:09.032+0000] {cursor.py:1028} INFO - query: [CREATE TABLE IF NOT EXISTS NEIGHBOURWISE_DOMAINS.STAGE.STG_BOSTON_CRIME ( _ID NU...]
[2026-04-09T22:41:09.224+0000] {cursor.py:1041} INFO - query execution done
[2026-04-09T22:41:09.225+0000] {cursor.py:1205} INFO - Number of results in first chunk: 1
[2026-04-09T22:41:09.225+0000] {logging_mixin.py:188} INFO - Table STG_BOSTON_CRIME created or already exists
[2026-04-09T22:41:09.225+0000] {connection.py:718} INFO - closed
[2026-04-09T22:41:09.338+0000] {connection.py:724} INFO - No async queries seem to be running, deleting session
[2026-04-09T22:41:09.478+0000] {python.py:201} INFO - Done. Returned value was: Table ready
[2026-04-09T22:41:09.508+0000] {taskinstance.py:1138} INFO - Marking task as SUCCESS. dag_id=boston_api_to_s3_to_snowflake, task_id=create_snowflake_table, execution_date=20260329T000000, start_date=20260409T224108, end_date=20260409T224109
[2026-04-09T22:41:09.560+0000] {local_task_job_runner.py:234} INFO - Task exited with return code 0
[2026-04-09T22:41:09.572+0000] {taskinstance.py:3280} INFO - 1 downstream tasks scheduled from follow-on schedule check
