[2026-02-18T21:52:26.735+0000] {taskinstance.py:1956} INFO - Dependencies all met for dep_context=non-requeueable deps ti=<TaskInstance: boston_api_to_s3_to_snowflake.fetch_and_convert manual__2026-02-18T21:52:25.345746+00:00 [queued]>
[2026-02-18T21:52:26.737+0000] {taskinstance.py:1956} INFO - Dependencies all met for dep_context=requeueable deps ti=<TaskInstance: boston_api_to_s3_to_snowflake.fetch_and_convert manual__2026-02-18T21:52:25.345746+00:00 [queued]>
[2026-02-18T21:52:26.738+0000] {taskinstance.py:2170} INFO - Starting attempt 1 of 2
[2026-02-18T21:52:26.741+0000] {taskinstance.py:2191} INFO - Executing <Task(PythonOperator): fetch_and_convert> on 2026-02-18 21:52:25.345746+00:00
[2026-02-18T21:52:26.744+0000] {standard_task_runner.py:60} INFO - Started process 264 to run task
[2026-02-18T21:52:26.746+0000] {standard_task_runner.py:87} INFO - Running: ['***', 'tasks', 'run', 'boston_api_to_s3_to_snowflake', 'fetch_and_convert', 'manual__2026-02-18T21:52:25.345746+00:00', '--job-id', '58', '--raw', '--subdir', 'DAGS_FOLDER/boston_api_to_s3.py', '--cfg-path', '/tmp/tmpterx0892']
[2026-02-18T21:52:26.746+0000] {standard_task_runner.py:88} INFO - Job 58: Subtask fetch_and_convert
[2026-02-18T21:52:26.766+0000] {task_command.py:423} INFO - Running <TaskInstance: boston_api_to_s3_to_snowflake.fetch_and_convert manual__2026-02-18T21:52:25.345746+00:00 [running]> on host db4844796944
[2026-02-18T21:52:26.791+0000] {taskinstance.py:2480} INFO - Exporting env vars: AIRFLOW_CTX_DAG_OWNER='***' AIRFLOW_CTX_DAG_ID='boston_api_to_s3_to_snowflake' AIRFLOW_CTX_TASK_ID='fetch_and_convert' AIRFLOW_CTX_EXECUTION_DATE='2026-02-18T21:52:25.345746+00:00' AIRFLOW_CTX_TRY_NUMBER='1' AIRFLOW_CTX_DAG_RUN_ID='manual__2026-02-18T21:52:25.345746+00:00'
[2026-02-18T21:52:26.794+0000] {logging_mixin.py:188} INFO - Fetching ALL data from https://data.boston.gov/api/3/action/datastore_search?resource_id=b973d8cb-eeb2-4e7e-99da-c92938efc9c0 with pagination
[2026-02-18T21:52:26.794+0000] {logging_mixin.py:188} INFO - Fetching records 0 to 10000...
[2026-02-18T21:52:27.256+0000] {logging_mixin.py:188} INFO - Fetched 10000 records. Total so far: 10000
[2026-02-18T21:52:27.256+0000] {logging_mixin.py:188} INFO - Fetching records 10000 to 20000...
[2026-02-18T21:52:27.746+0000] {logging_mixin.py:188} INFO - Fetched 10000 records. Total so far: 20000
[2026-02-18T21:52:27.747+0000] {logging_mixin.py:188} INFO - Fetching records 20000 to 30000...
[2026-02-18T21:52:28.242+0000] {logging_mixin.py:188} INFO - Fetched 10000 records. Total so far: 30000
[2026-02-18T21:52:28.242+0000] {logging_mixin.py:188} INFO - Fetching records 30000 to 40000...
[2026-02-18T21:52:28.659+0000] {logging_mixin.py:188} INFO - Fetched 10000 records. Total so far: 40000
[2026-02-18T21:52:28.659+0000] {logging_mixin.py:188} INFO - Fetching records 40000 to 50000...
[2026-02-18T21:52:29.076+0000] {logging_mixin.py:188} INFO - Fetched 10000 records. Total so far: 50000
[2026-02-18T21:52:29.076+0000] {logging_mixin.py:188} INFO - Fetching records 50000 to 60000...
[2026-02-18T21:52:29.584+0000] {logging_mixin.py:188} INFO - Fetched 10000 records. Total so far: 60000
[2026-02-18T21:52:29.585+0000] {logging_mixin.py:188} INFO - Fetching records 60000 to 70000...
[2026-02-18T21:52:30.050+0000] {logging_mixin.py:188} INFO - Fetched 10000 records. Total so far: 70000
[2026-02-18T21:52:30.051+0000] {logging_mixin.py:188} INFO - Fetching records 70000 to 80000...
[2026-02-18T21:52:30.516+0000] {logging_mixin.py:188} INFO - Fetched 10000 records. Total so far: 80000
[2026-02-18T21:52:30.516+0000] {logging_mixin.py:188} INFO - Fetching records 80000 to 90000...
[2026-02-18T21:52:30.915+0000] {logging_mixin.py:188} INFO - Fetched 10000 records. Total so far: 90000
[2026-02-18T21:52:30.915+0000] {logging_mixin.py:188} INFO - Fetching records 90000 to 100000...
[2026-02-18T21:52:31.345+0000] {logging_mixin.py:188} INFO - Fetched 10000 records. Total so far: 100000
[2026-02-18T21:52:31.346+0000] {logging_mixin.py:188} INFO - Fetching records 100000 to 110000...
[2026-02-18T21:52:31.802+0000] {logging_mixin.py:188} INFO - Fetched 10000 records. Total so far: 110000
[2026-02-18T21:52:31.802+0000] {logging_mixin.py:188} INFO - Fetching records 110000 to 120000...
[2026-02-18T21:52:32.227+0000] {logging_mixin.py:188} INFO - Fetched 10000 records. Total so far: 120000
[2026-02-18T21:52:32.228+0000] {logging_mixin.py:188} INFO - Fetching records 120000 to 130000...
[2026-02-18T21:52:32.672+0000] {logging_mixin.py:188} INFO - Fetched 10000 records. Total so far: 130000
[2026-02-18T21:52:32.672+0000] {logging_mixin.py:188} INFO - Fetching records 130000 to 140000...
[2026-02-18T21:52:33.250+0000] {logging_mixin.py:188} INFO - Fetched 10000 records. Total so far: 140000
[2026-02-18T21:52:33.251+0000] {logging_mixin.py:188} INFO - Fetching records 140000 to 150000...
[2026-02-18T21:52:33.725+0000] {logging_mixin.py:188} INFO - Fetched 10000 records. Total so far: 150000
[2026-02-18T21:52:33.725+0000] {logging_mixin.py:188} INFO - Fetching records 150000 to 160000...
[2026-02-18T21:52:34.359+0000] {logging_mixin.py:188} INFO - Fetched 10000 records. Total so far: 160000
[2026-02-18T21:52:34.359+0000] {logging_mixin.py:188} INFO - Fetching records 160000 to 170000...
[2026-02-18T21:52:34.822+0000] {logging_mixin.py:188} INFO - Fetched 10000 records. Total so far: 170000
[2026-02-18T21:52:34.823+0000] {logging_mixin.py:188} INFO - Fetching records 170000 to 180000...
[2026-02-18T21:52:35.293+0000] {logging_mixin.py:188} INFO - Fetched 10000 records. Total so far: 180000
[2026-02-18T21:52:35.293+0000] {logging_mixin.py:188} INFO - Fetching records 180000 to 190000...
[2026-02-18T21:52:35.777+0000] {logging_mixin.py:188} INFO - Fetched 10000 records. Total so far: 190000
[2026-02-18T21:52:35.778+0000] {logging_mixin.py:188} INFO - Fetching records 190000 to 200000...
[2026-02-18T21:52:36.353+0000] {logging_mixin.py:188} INFO - Fetched 10000 records. Total so far: 200000
[2026-02-18T21:52:36.354+0000] {logging_mixin.py:188} INFO - Fetching records 200000 to 210000...
[2026-02-18T21:52:36.868+0000] {logging_mixin.py:188} INFO - Fetched 10000 records. Total so far: 210000
[2026-02-18T21:52:36.868+0000] {logging_mixin.py:188} INFO - Fetching records 210000 to 220000...
[2026-02-18T21:52:37.348+0000] {logging_mixin.py:188} INFO - Fetched 10000 records. Total so far: 220000
[2026-02-18T21:52:37.348+0000] {logging_mixin.py:188} INFO - Fetching records 220000 to 230000...
[2026-02-18T21:52:37.914+0000] {logging_mixin.py:188} INFO - Fetched 10000 records. Total so far: 230000
[2026-02-18T21:52:37.914+0000] {logging_mixin.py:188} INFO - Fetching records 230000 to 240000...
[2026-02-18T21:52:38.404+0000] {logging_mixin.py:188} INFO - Fetched 10000 records. Total so far: 240000
[2026-02-18T21:52:38.404+0000] {logging_mixin.py:188} INFO - Fetching records 240000 to 250000...
[2026-02-18T21:52:38.947+0000] {logging_mixin.py:188} INFO - Fetched 7834 records. Total so far: 247834
[2026-02-18T21:52:38.948+0000] {logging_mixin.py:188} INFO - Reached last page
[2026-02-18T21:52:38.948+0000] {logging_mixin.py:188} INFO - Finished fetching. Total records: 247834
[2026-02-18T21:52:38.948+0000] {logging_mixin.py:188} INFO - Saving JSON to /opt/***/boston_crime_20260218T215225.json
[2026-02-18T21:52:41.109+0000] {logging_mixin.py:188} INFO - Converting 247834 records to CSV
[2026-02-18T21:52:41.880+0000] {logging_mixin.py:188} INFO - CSV saved to /opt/***/boston_crime_20260218T215225.csv
[2026-02-18T21:52:41.880+0000] {logging_mixin.py:188} INFO - JSON and CSV files saved in ***-project directory
[2026-02-18T21:52:41.929+0000] {python.py:201} INFO - Done. Returned value was: {'csv_path': '/opt/***/boston_crime_20260218T215225.csv', 'json_path': '/opt/***/boston_crime_20260218T215225.json', 'record_count': 247834}
[2026-02-18T21:52:41.936+0000] {taskinstance.py:1138} INFO - Marking task as SUCCESS. dag_id=boston_api_to_s3_to_snowflake, task_id=fetch_and_convert, execution_date=20260218T215225, start_date=20260218T215226, end_date=20260218T215241
[2026-02-18T21:52:41.951+0000] {local_task_job_runner.py:234} INFO - Task exited with return code 0
[2026-02-18T21:52:41.961+0000] {taskinstance.py:3280} INFO - 1 downstream tasks scheduled from follow-on schedule check
