[2026-03-08T00:58:56.182+0000] {taskinstance.py:1956} INFO - Dependencies all met for dep_context=non-requeueable deps ti=<TaskInstance: boston_api_to_s3_to_snowflake.fetch_and_convert scheduled__2026-03-01T00:00:00+00:00 [queued]>
[2026-03-08T00:58:56.191+0000] {taskinstance.py:1956} INFO - Dependencies all met for dep_context=requeueable deps ti=<TaskInstance: boston_api_to_s3_to_snowflake.fetch_and_convert scheduled__2026-03-01T00:00:00+00:00 [queued]>
[2026-03-08T00:58:56.191+0000] {taskinstance.py:2170} INFO - Starting attempt 1 of 2
[2026-03-08T00:58:56.202+0000] {taskinstance.py:2191} INFO - Executing <Task(PythonOperator): fetch_and_convert> on 2026-03-01 00:00:00+00:00
[2026-03-08T00:58:56.206+0000] {standard_task_runner.py:60} INFO - Started process 5109 to run task
[2026-03-08T00:58:56.209+0000] {standard_task_runner.py:87} INFO - Running: ['***', 'tasks', 'run', 'boston_api_to_s3_to_snowflake', 'fetch_and_convert', 'scheduled__2026-03-01T00:00:00+00:00', '--job-id', '319', '--raw', '--subdir', 'DAGS_FOLDER/boston_api_to_s3.py', '--cfg-path', '/tmp/tmpmtg5mai0']
[2026-03-08T00:58:56.210+0000] {standard_task_runner.py:88} INFO - Job 319: Subtask fetch_and_convert
[2026-03-08T00:58:56.244+0000] {task_command.py:423} INFO - Running <TaskInstance: boston_api_to_s3_to_snowflake.fetch_and_convert scheduled__2026-03-01T00:00:00+00:00 [running]> on host f173573a5167
[2026-03-08T00:58:56.307+0000] {taskinstance.py:2480} INFO - Exporting env vars: AIRFLOW_CTX_DAG_OWNER='***' AIRFLOW_CTX_DAG_ID='boston_api_to_s3_to_snowflake' AIRFLOW_CTX_TASK_ID='fetch_and_convert' AIRFLOW_CTX_EXECUTION_DATE='2026-03-01T00:00:00+00:00' AIRFLOW_CTX_TRY_NUMBER='1' AIRFLOW_CTX_DAG_RUN_ID='scheduled__2026-03-01T00:00:00+00:00'
[2026-03-08T00:58:56.317+0000] {logging_mixin.py:188} INFO - Fetching ALL data from https://data.boston.gov/api/3/action/datastore_search?resource_id=b973d8cb-eeb2-4e7e-99da-c92938efc9c0 with pagination
[2026-03-08T00:58:56.317+0000] {logging_mixin.py:188} INFO - Fetching records 0 to 10000...
[2026-03-08T00:58:57.198+0000] {logging_mixin.py:188} INFO - Fetched 10000 records. Total so far: 10000
[2026-03-08T00:58:57.199+0000] {logging_mixin.py:188} INFO - Fetching records 10000 to 20000...
[2026-03-08T00:58:57.749+0000] {logging_mixin.py:188} INFO - Fetched 10000 records. Total so far: 20000
[2026-03-08T00:58:57.750+0000] {logging_mixin.py:188} INFO - Fetching records 20000 to 30000...
[2026-03-08T00:58:58.184+0000] {logging_mixin.py:188} INFO - Fetched 10000 records. Total so far: 30000
[2026-03-08T00:58:58.184+0000] {logging_mixin.py:188} INFO - Fetching records 30000 to 40000...
[2026-03-08T00:58:58.639+0000] {logging_mixin.py:188} INFO - Fetched 10000 records. Total so far: 40000
[2026-03-08T00:58:58.640+0000] {logging_mixin.py:188} INFO - Fetching records 40000 to 50000...
[2026-03-08T00:59:15.440+0000] {taskinstance.py:2698} ERROR - Task failed with exception
Traceback (most recent call last):
  File "/home/airflow/.local/lib/python3.8/site-packages/urllib3/response.py", line 444, in _error_catcher
    yield
  File "/home/airflow/.local/lib/python3.8/site-packages/urllib3/response.py", line 831, in read_chunked
    chunk = self._handle_chunk(amt)
  File "/home/airflow/.local/lib/python3.8/site-packages/urllib3/response.py", line 775, in _handle_chunk
    value = self._fp._safe_read(amt)
  File "/usr/local/lib/python3.8/http/client.py", line 615, in _safe_read
    raise IncompleteRead(data, amt-len(data))
http.client.IncompleteRead: IncompleteRead(9577 bytes read, 663 more expected)

During handling of the above exception, another exception occurred:

Traceback (most recent call last):
  File "/home/airflow/.local/lib/python3.8/site-packages/requests/models.py", line 816, in generate
    yield from self.raw.stream(chunk_size, decode_content=True)
  File "/home/airflow/.local/lib/python3.8/site-packages/urllib3/response.py", line 624, in stream
    for line in self.read_chunked(amt, decode_content=decode_content):
  File "/home/airflow/.local/lib/python3.8/site-packages/urllib3/response.py", line 857, in read_chunked
    self._original_response.close()
  File "/usr/local/lib/python3.8/contextlib.py", line 131, in __exit__
    self.gen.throw(type, value, traceback)
  File "/home/airflow/.local/lib/python3.8/site-packages/urllib3/response.py", line 461, in _error_catcher
    raise ProtocolError("Connection broken: %r" % e, e)
urllib3.exceptions.ProtocolError: ('Connection broken: IncompleteRead(9577 bytes read, 663 more expected)', IncompleteRead(9577 bytes read, 663 more expected))

During handling of the above exception, another exception occurred:

Traceback (most recent call last):
  File "/home/airflow/.local/lib/python3.8/site-packages/airflow/models/taskinstance.py", line 433, in _execute_task
    result = execute_callable(context=context, **execute_callable_kwargs)
  File "/home/airflow/.local/lib/python3.8/site-packages/airflow/operators/python.py", line 199, in execute
    return_value = self.execute_callable()
  File "/home/airflow/.local/lib/python3.8/site-packages/airflow/operators/python.py", line 216, in execute_callable
    return self.python_callable(*self.op_args, **self.op_kwargs)
  File "/opt/airflow/dags/boston_api_to_s3.py", line 51, in fetch_and_convert_to_csv
    resp = requests.get(paginated_url, timeout=120)
  File "/home/airflow/.local/lib/python3.8/site-packages/requests/api.py", line 73, in get
    return request("get", url, params=params, **kwargs)
  File "/home/airflow/.local/lib/python3.8/site-packages/requests/api.py", line 59, in request
    return session.request(method=method, url=url, **kwargs)
  File "/home/airflow/.local/lib/python3.8/site-packages/requests/sessions.py", line 589, in request
    resp = self.send(prep, **send_kwargs)
  File "/home/airflow/.local/lib/python3.8/site-packages/requests/sessions.py", line 747, in send
    r.content
  File "/home/airflow/.local/lib/python3.8/site-packages/requests/models.py", line 899, in content
    self._content = b"".join(self.iter_content(CONTENT_CHUNK_SIZE)) or b""
  File "/home/airflow/.local/lib/python3.8/site-packages/requests/models.py", line 818, in generate
    raise ChunkedEncodingError(e)
requests.exceptions.ChunkedEncodingError: ('Connection broken: IncompleteRead(9577 bytes read, 663 more expected)', IncompleteRead(9577 bytes read, 663 more expected))
[2026-03-08T00:59:15.461+0000] {taskinstance.py:1138} INFO - Marking task as UP_FOR_RETRY. dag_id=boston_api_to_s3_to_snowflake, task_id=fetch_and_convert, execution_date=20260301T000000, start_date=20260308T005856, end_date=20260308T005915
[2026-03-08T00:59:15.472+0000] {standard_task_runner.py:107} ERROR - Failed to execute job 319 for task fetch_and_convert (('Connection broken: IncompleteRead(9577 bytes read, 663 more expected)', IncompleteRead(9577 bytes read, 663 more expected)); 5109)
[2026-03-08T00:59:15.488+0000] {local_task_job_runner.py:234} INFO - Task exited with return code 1
[2026-03-08T00:59:15.500+0000] {taskinstance.py:3280} INFO - 0 downstream tasks scheduled from follow-on schedule check
