[2026-02-19T04:39:47.841+0000] {taskinstance.py:1956} INFO - Dependencies all met for dep_context=non-requeueable deps ti=<TaskInstance: mbta_api_to_s3_to_snowflake.load_to_snowflake manual__2026-02-19T04:36:43.604873+00:00 [queued]>
[2026-02-19T04:39:47.844+0000] {taskinstance.py:1956} INFO - Dependencies all met for dep_context=requeueable deps ti=<TaskInstance: mbta_api_to_s3_to_snowflake.load_to_snowflake manual__2026-02-19T04:36:43.604873+00:00 [queued]>
[2026-02-19T04:39:47.844+0000] {taskinstance.py:2170} INFO - Starting attempt 1 of 2
[2026-02-19T04:39:47.848+0000] {taskinstance.py:2191} INFO - Executing <Task(PythonOperator): load_to_snowflake> on 2026-02-19 04:36:43.604873+00:00
[2026-02-19T04:39:47.851+0000] {standard_task_runner.py:60} INFO - Started process 1310 to run task
[2026-02-19T04:39:47.852+0000] {standard_task_runner.py:87} INFO - Running: ['***', 'tasks', 'run', 'mbta_api_to_s3_to_snowflake', 'load_to_snowflake', 'manual__2026-02-19T04:36:43.604873+00:00', '--job-id', '86', '--raw', '--subdir', 'DAGS_FOLDER/mbta_api_s3_snowflake.py', '--cfg-path', '/tmp/tmpfnjoc1jg']
[2026-02-19T04:39:47.853+0000] {standard_task_runner.py:88} INFO - Job 86: Subtask load_to_snowflake
[2026-02-19T04:39:47.870+0000] {task_command.py:423} INFO - Running <TaskInstance: mbta_api_to_s3_to_snowflake.load_to_snowflake manual__2026-02-19T04:36:43.604873+00:00 [running]> on host 68ec4590c1d2
[2026-02-19T04:39:47.893+0000] {taskinstance.py:2480} INFO - Exporting env vars: AIRFLOW_CTX_DAG_OWNER='***' AIRFLOW_CTX_DAG_ID='mbta_api_to_s3_to_snowflake' AIRFLOW_CTX_TASK_ID='load_to_snowflake' AIRFLOW_CTX_EXECUTION_DATE='2026-02-19T04:36:43.604873+00:00' AIRFLOW_CTX_TRY_NUMBER='1' AIRFLOW_CTX_DAG_RUN_ID='manual__2026-02-19T04:36:43.604873+00:00'
[2026-02-19T04:39:47.902+0000] {base.py:83} INFO - Using connection ID 'aws_default' for task execution.
[2026-02-19T04:39:47.903+0000] {connection.py:370} INFO - Snowflake Connector for Python Version: 3.6.0, Python Version: 3.8.18, Platform: Linux-6.12.67-linuxkit-aarch64-with-glibc2.34
[2026-02-19T04:39:47.903+0000] {connection.py:1171} INFO - This connection is in OCSP Fail Open Mode. TLS Certificates would be checked for validity and revocation status. Any other Certificate Revocation related exceptions or OCSP Responder failures would be disregarded in favor of connectivity.
[2026-02-19T04:39:47.903+0000] {connection.py:1181} INFO - THIS CONNECTION IS IN INSECURE MODE. IT MEANS THE CERTIFICATE WILL BE VALIDATED BUT THE CERTIFICATE REVOCATION STATUS WILL NOT BE CHECKED.
[2026-02-19T04:39:48.137+0000] {ssl_wrap_socket.py:100} INFO - THIS CONNECTION IS IN INSECURE MODE. IT MEANS THE CERTIFICATE WILL BE VALIDATED BUT THE CERTIFICATE REVOCATION STATUS WILL NOT BE CHECKED.
[2026-02-19T04:39:48.368+0000] {logging_mixin.py:188} INFO - Loading routes from s3://neighborwise-ai-s3-bucket/transit/mbta_routes_20260219T043643.csv
[2026-02-19T04:39:48.368+0000] {cursor.py:1028} INFO - query: [TRUNCATE TABLE NEIGHBOURWISE_DOMAINS.STAGE.STG_BOSTON_MBTA_ROUTES]
[2026-02-19T04:39:48.766+0000] {cursor.py:1041} INFO - query execution done
[2026-02-19T04:39:48.767+0000] {cursor.py:1205} INFO - Number of results in first chunk: 1
[2026-02-19T04:39:48.767+0000] {cursor.py:1028} INFO - query: [COPY INTO NEIGHBOURWISE_DOMAINS.STAGE.STG_BOSTON_MBTA_ROUTES (ROUTE_ID, ROUTE_TY...]
[2026-02-19T04:39:51.148+0000] {cursor.py:1041} INFO - query execution done
[2026-02-19T04:39:51.149+0000] {cursor.py:1205} INFO - Number of results in first chunk: 1
[2026-02-19T04:39:51.150+0000] {logging_mixin.py:188} INFO - Loading stops from s3://neighborwise-ai-s3-bucket/transit/mbta_stops_20260219T043643.csv
[2026-02-19T04:39:51.150+0000] {cursor.py:1028} INFO - query: [TRUNCATE TABLE NEIGHBOURWISE_DOMAINS.STAGE.STG_BOSTON_MBTA_STOPS]
[2026-02-19T04:39:51.499+0000] {cursor.py:1041} INFO - query execution done
[2026-02-19T04:39:51.500+0000] {cursor.py:1205} INFO - Number of results in first chunk: 1
[2026-02-19T04:39:51.501+0000] {cursor.py:1028} INFO - query: [COPY INTO NEIGHBOURWISE_DOMAINS.STAGE.STG_BOSTON_MBTA_STOPS (STOP_ID, STOP_NAME,...]
[2026-02-19T04:39:53.914+0000] {cursor.py:1041} INFO - query execution done
[2026-02-19T04:39:53.915+0000] {cursor.py:1205} INFO - Number of results in first chunk: 1
[2026-02-19T04:39:53.915+0000] {logging_mixin.py:188} INFO - Loading mapping from s3://neighborwise-ai-s3-bucket/transit/mbta_route_stops_mapping_20260219T043643.csv
[2026-02-19T04:39:53.915+0000] {cursor.py:1028} INFO - query: [TRUNCATE TABLE NEIGHBOURWISE_DOMAINS.INTERMEDIATE.INT_BOSTON_MBTA_MAPPING]
[2026-02-19T04:39:54.325+0000] {cursor.py:1041} INFO - query execution done
[2026-02-19T04:39:54.326+0000] {cursor.py:1205} INFO - Number of results in first chunk: 1
[2026-02-19T04:39:54.326+0000] {cursor.py:1028} INFO - query: [COPY INTO NEIGHBOURWISE_DOMAINS.INTERMEDIATE.INT_BOSTON_MBTA_MAPPING (ROUTE_ID, ...]
[2026-02-19T04:39:56.578+0000] {cursor.py:1041} INFO - query execution done
[2026-02-19T04:39:56.580+0000] {cursor.py:1205} INFO - Number of results in first chunk: 1
[2026-02-19T04:39:56.580+0000] {cursor.py:1028} INFO - query: [SELECT COUNT(*) FROM NEIGHBOURWISE_DOMAINS.STAGE.STG_BOSTON_MBTA_ROUTES]
[2026-02-19T04:39:56.824+0000] {cursor.py:1041} INFO - query execution done
[2026-02-19T04:39:56.826+0000] {cursor.py:1205} INFO - Number of results in first chunk: 1
[2026-02-19T04:39:56.827+0000] {cursor.py:1028} INFO - query: [SELECT COUNT(*) FROM NEIGHBOURWISE_DOMAINS.STAGE.STG_BOSTON_MBTA_STOPS]
[2026-02-19T04:39:57.010+0000] {cursor.py:1041} INFO - query execution done
[2026-02-19T04:39:57.010+0000] {cursor.py:1205} INFO - Number of results in first chunk: 1
[2026-02-19T04:39:57.010+0000] {cursor.py:1028} INFO - query: [SELECT COUNT(*) FROM NEIGHBOURWISE_DOMAINS.INTERMEDIATE.INT_BOSTON_MBTA_MAPPING]
[2026-02-19T04:39:57.225+0000] {cursor.py:1041} INFO - query execution done
[2026-02-19T04:39:57.225+0000] {cursor.py:1205} INFO - Number of results in first chunk: 1
[2026-02-19T04:39:57.226+0000] {logging_mixin.py:188} INFO - 
Data loaded successfully!
[2026-02-19T04:39:57.226+0000] {logging_mixin.py:188} INFO - STAGE.STG_BOSTON_MBTA_ROUTES: 177 records
[2026-02-19T04:39:57.226+0000] {logging_mixin.py:188} INFO - STAGE.STG_BOSTON_MBTA_STOPS: 10243 records
[2026-02-19T04:39:57.226+0000] {logging_mixin.py:188} INFO - INTERMEDIATE.INT_BOSTON_MBTA_MAPPING: 11764 records
[2026-02-19T04:39:57.226+0000] {connection.py:718} INFO - closed
[2026-02-19T04:39:57.331+0000] {connection.py:724} INFO - No async queries seem to be running, deleting session
[2026-02-19T04:39:57.807+0000] {python.py:201} INFO - Done. Returned value was: {'status': 'success', 'routes_loaded': 177, 'stops_loaded': 10243, 'mappings_loaded': 11764}
[2026-02-19T04:39:57.833+0000] {taskinstance.py:1138} INFO - Marking task as SUCCESS. dag_id=mbta_api_to_s3_to_snowflake, task_id=load_to_snowflake, execution_date=20260219T043643, start_date=20260219T043947, end_date=20260219T043957
[2026-02-19T04:39:57.864+0000] {local_task_job_runner.py:234} INFO - Task exited with return code 0
[2026-02-19T04:39:57.875+0000] {taskinstance.py:3280} INFO - 0 downstream tasks scheduled from follow-on schedule check
