[2026-02-20T03:15:13.981+0000] {taskinstance.py:1956} INFO - Dependencies all met for dep_context=non-requeueable deps ti=<TaskInstance: housing_api_to_s3_to_snowflake.load_to_snowflake manual__2026-02-20T03:09:31.312433+00:00 [queued]>
[2026-02-20T03:15:13.988+0000] {taskinstance.py:1956} INFO - Dependencies all met for dep_context=requeueable deps ti=<TaskInstance: housing_api_to_s3_to_snowflake.load_to_snowflake manual__2026-02-20T03:09:31.312433+00:00 [queued]>
[2026-02-20T03:15:13.988+0000] {taskinstance.py:2170} INFO - Starting attempt 2 of 2
[2026-02-20T03:15:13.993+0000] {taskinstance.py:2191} INFO - Executing <Task(PythonOperator): load_to_snowflake> on 2026-02-20 03:09:31.312433+00:00
[2026-02-20T03:15:13.997+0000] {standard_task_runner.py:60} INFO - Started process 4345 to run task
[2026-02-20T03:15:14.007+0000] {standard_task_runner.py:87} INFO - Running: ['***', 'tasks', 'run', 'housing_api_to_s3_to_snowflake', 'load_to_snowflake', 'manual__2026-02-20T03:09:31.312433+00:00', '--job-id', '206', '--raw', '--subdir', 'DAGS_FOLDER/housing_api_ro_s3_to_snowflake.py', '--cfg-path', '/tmp/tmpo9agen7p']
[2026-02-20T03:15:14.008+0000] {standard_task_runner.py:88} INFO - Job 206: Subtask load_to_snowflake
[2026-02-20T03:15:14.029+0000] {task_command.py:423} INFO - Running <TaskInstance: housing_api_to_s3_to_snowflake.load_to_snowflake manual__2026-02-20T03:09:31.312433+00:00 [running]> on host 6f9247237071
[2026-02-20T03:15:14.065+0000] {taskinstance.py:2480} INFO - Exporting env vars: AIRFLOW_CTX_DAG_OWNER='***' AIRFLOW_CTX_DAG_ID='housing_api_to_s3_to_snowflake' AIRFLOW_CTX_TASK_ID='load_to_snowflake' AIRFLOW_CTX_EXECUTION_DATE='2026-02-20T03:09:31.312433+00:00' AIRFLOW_CTX_TRY_NUMBER='2' AIRFLOW_CTX_DAG_RUN_ID='manual__2026-02-20T03:09:31.312433+00:00'
[2026-02-20T03:15:14.075+0000] {base.py:83} INFO - Using connection ID 'aws_default' for task execution.
[2026-02-20T03:15:14.078+0000] {connection.py:370} INFO - Snowflake Connector for Python Version: 3.6.0, Python Version: 3.8.18, Platform: Linux-6.12.67-linuxkit-aarch64-with-glibc2.34
[2026-02-20T03:15:14.079+0000] {connection.py:1171} INFO - This connection is in OCSP Fail Open Mode. TLS Certificates would be checked for validity and revocation status. Any other Certificate Revocation related exceptions or OCSP Responder failures would be disregarded in favor of connectivity.
[2026-02-20T03:15:14.079+0000] {connection.py:1181} INFO - THIS CONNECTION IS IN INSECURE MODE. IT MEANS THE CERTIFICATE WILL BE VALIDATED BUT THE CERTIFICATE REVOCATION STATUS WILL NOT BE CHECKED.
[2026-02-20T03:15:14.490+0000] {ssl_wrap_socket.py:100} INFO - THIS CONNECTION IS IN INSECURE MODE. IT MEANS THE CERTIFICATE WILL BE VALIDATED BUT THE CERTIFICATE REVOCATION STATUS WILL NOT BE CHECKED.
[2026-02-20T03:15:14.944+0000] {logging_mixin.py:188} INFO - Setting schema to STAGE...
[2026-02-20T03:15:14.944+0000] {cursor.py:1028} INFO - query: [USE SCHEMA NEIGHBOURWISE_DOMAINS.STAGE]
[2026-02-20T03:15:15.193+0000] {cursor.py:1041} INFO - query execution done
[2026-02-20T03:15:15.194+0000] {cursor.py:1205} INFO - Number of results in first chunk: 1
[2026-02-20T03:15:15.195+0000] {logging_mixin.py:188} INFO - Creating temporary staging table...
[2026-02-20T03:15:15.195+0000] {cursor.py:1028} INFO - query: [CREATE OR REPLACE TEMPORARY TABLE HOUSING_TEMP LIKE NEIGHBOURWISE_DOMAINS.STAGE....]
[2026-02-20T03:15:16.341+0000] {cursor.py:1041} INFO - query execution done
[2026-02-20T03:15:16.342+0000] {cursor.py:1205} INFO - Number of results in first chunk: 1
[2026-02-20T03:15:16.342+0000] {logging_mixin.py:188} INFO - Loading data from s3://neighborwise-ai-s3-bucket/housing/housing_20260220T030931.csv into temp table
[2026-02-20T03:15:16.343+0000] {cursor.py:1028} INFO - query: [COPY INTO HOUSING_TEMP FROM 's3://neighborwise-ai-s3-bucket/housing/housing_2026...]
[2026-02-20T03:15:20.844+0000] {cursor.py:1041} INFO - query execution done
[2026-02-20T03:15:20.844+0000] {cursor.py:1205} INFO - Number of results in first chunk: 1
[2026-02-20T03:15:20.846+0000] {cursor.py:1028} INFO - query: [SELECT COUNT(*) FROM HOUSING_TEMP]
[2026-02-20T03:15:21.089+0000] {cursor.py:1041} INFO - query execution done
[2026-02-20T03:15:21.089+0000] {cursor.py:1205} INFO - Number of results in first chunk: 1
[2026-02-20T03:15:21.090+0000] {logging_mixin.py:188} INFO - Records loaded into HOUSING_TEMP: 184552
[2026-02-20T03:15:21.090+0000] {cursor.py:1028} INFO - query: [SELECT * FROM HOUSING_TEMP LIMIT 5]
[2026-02-20T03:15:21.439+0000] {cursor.py:1041} INFO - query execution done
[2026-02-20T03:15:21.440+0000] {cursor.py:1205} INFO - Number of results in first chunk: 5
[2026-02-20T03:15:21.441+0000] {logging_mixin.py:188} INFO - Sample from HOUSING_TEMP: [('50645', '0502697006', '0502697000', '0502697000', '221', None, 'BEACON ST', '3', 'BOSTON', '02116', '1', '1', '102', 'CD', 'RESIDENTIAL CONDO', 'RM - Row Middle', 'Y', 'PREOTIUC-PIETRO RADU', None, '221 BEACON ST #3', 'BOSTON', 'MA', '02116', '1', '3', None, None, None, '1,135', '1135', '1135', '0', '1,474,400', '0', '1,474,400', ' $18,282.56 ', '1865', '2009', None, 'M - Mansard', 'S - Slate', 'N - Normal', 'B - Brick/Stone', 'E - Excellent', 'G - Good', 'A - Average', '2', '2', '0', '1', '4', 'A - Average', 'L - Luxury', 'M - Modern', None, 'F - Full Eat In', 'L - Luxury', None, None, 'W - Ht Water/Steam', 'C - Common', 'N - None', '1', 'T - Through', '0', 'G - Good', 'N - No'), ('50652', '0502698010', '0502698000', '0502698000', '219', None, 'BEACON ST', '2-R', 'BOSTON', '02116', '1', '1', '102', 'CD', 'RESIDENTIAL CONDO', 'MR - Mid Rise', 'N', 'CUNNINGHAM SHANE A', None, '219 BEACON ST #2-R', 'BOSTON', 'MA', '02116', '1', '2', None, None, None, '430', '430', '430', '0', '505,100', '0', '505,100', ' $6,263.24 ', '1910', '1985', None, 'M - Mansard', 'A - Asphalt Shingl', 'N - Normal', 'B - Brick/Stone', 'A - Average', 'A - Average', 'A - Average', '1', '1', '0', '1', '2', 'A - Average', 'S - Semi-Modern', None, None, 'P - Pullman', 'S - Semi-Modern', None, None, 'W - Ht Water/Steam', 'I - Indiv. Cntrl', 'N - None', '0', 'A - Rear Above', '0', 'A - Average', 'N - No'), ('50659', '0502698024', '0502698000', '0502698000', '219', None, 'BEACON ST', '5-F', 'BOSTON', '02116', '1', '1', '102', 'CD', 'RESIDENTIAL CONDO', 'MR - Mid Rise', 'N', 'CUNNINGHAM SHANE A', None, '237 BEACON ST #5-F', 'BOSTON', 'MA', '02116', '1', '5', None, None, None, '515', '515', '515', '0', '583,600', '0', '583,600', ' $7,236.64 ', '1910', '1985', None, 'M - Mansard', 'A - Asphalt Shingl', 'N - Normal', 'B - Brick/Stone', 'A - Average', 'A - Average', 'A - Average', '1', '1', '0', '1', '2', 'A - Average', 'S - Semi-Modern', None, None, 'P - Pullman', 'S - Semi-Modern', None, None, 'W - Ht Water/Steam', 'I - Indiv. Cntrl', 'N - None', '0', 'F - Front/Street', '0', 'A - Average', 'N - No'), ('50666', '0502704001', '0502704001', '0502704001', '278', None, 'Clarendon ST', None, 'BOSTON', '02116', '1', '1', '995', 'CM', 'CONDO MAIN', 'LR - Low Rise', 'N', 'TWO 78 CLARENDON CONDO TR', 'C/O MODICA ASSOCIATES', '131 PARK DR', 'BOSTON', 'MA', '02215', '3.0', None, '10', '0', '0', '3,360', None, None, '0', '0', '0', '0', '$-', '1999', None, None, 'M - Mansard', 'S - Slate', None, 'B - Brick/Stone', None, 'A - Average', 'A - Average', None, None, None, None, None, None, None, None, None, None, None, None, None, None, None, None, None, None, None, None, None), ('50673', '0502704016', '0502704001', '0502704001', '278', None, 'Clarendon ST', '7', 'BOSTON', '02116', '1', '1', '102', 'CD', 'RESIDENTIAL CONDO', 'LR - Low Rise', 'Y', 'MORRISSEY MELISSA C', 'C/O MELISSA MORRISSEY', '278 CLARENDON ST #7', 'BOSTON', 'MA', '02116', '1', '2', None, None, None, '1,047', '1047', '1047', '0', '1,245,300', '0', '1,245,300', ' $15,441.72 ', '1910', '2008', None, 'M - Mansard', 'S - Slate', 'E - Elaborate', 'B - Brick/Stone', 'G - Good', 'A - Average', 'A - Average', '2', '2', '0', '1', '4', 'A - Average', 'M - Modern', 'M - Modern', None, 'F - Full Eat In', 'M - Modern', None, None, 'W - Ht Water/Steam', 'I - Indiv. Cntrl', 'N - None', '2', 'T - Through', '0', 'A - Average', 'Y - Yes')]
[2026-02-20T03:15:21.441+0000] {logging_mixin.py:188} INFO - Truncating main table for full reload...
[2026-02-20T03:15:21.441+0000] {cursor.py:1028} INFO - query: [TRUNCATE TABLE STG_BOSTON_HOUSING]
[2026-02-20T03:15:21.887+0000] {cursor.py:1041} INFO - query execution done
[2026-02-20T03:15:21.888+0000] {cursor.py:1205} INFO - Number of results in first chunk: 1
[2026-02-20T03:15:21.888+0000] {logging_mixin.py:188} INFO - Inserting housing records into main table...
[2026-02-20T03:15:21.889+0000] {cursor.py:1028} INFO - query: [INSERT INTO STG_BOSTON_HOUSING SELECT * FROM HOUSING_TEMP;]
[2026-02-20T03:15:23.813+0000] {cursor.py:1041} INFO - query execution done
[2026-02-20T03:15:23.815+0000] {cursor.py:1028} INFO - query: [SELECT COUNT(*) FROM NEIGHBOURWISE_DOMAINS.STAGE.STG_BOSTON_HOUSING]
[2026-02-20T03:15:24.024+0000] {cursor.py:1041} INFO - query execution done
[2026-02-20T03:15:24.024+0000] {cursor.py:1205} INFO - Number of results in first chunk: 1
[2026-02-20T03:15:24.025+0000] {logging_mixin.py:188} INFO - Total housing records in table: 184552
[2026-02-20T03:15:24.025+0000] {connection.py:718} INFO - closed
[2026-02-20T03:15:24.137+0000] {connection.py:724} INFO - No async queries seem to be running, deleting session
[2026-02-20T03:15:24.300+0000] {python.py:201} INFO - Done. Returned value was: {'status': 'success', 'total_records': 184552}
[2026-02-20T03:15:24.309+0000] {taskinstance.py:1138} INFO - Marking task as SUCCESS. dag_id=housing_api_to_s3_to_snowflake, task_id=load_to_snowflake, execution_date=20260220T030931, start_date=20260220T031513, end_date=20260220T031524
[2026-02-20T03:15:24.337+0000] {local_task_job_runner.py:234} INFO - Task exited with return code 0
[2026-02-20T03:15:24.343+0000] {taskinstance.py:3280} INFO - 0 downstream tasks scheduled from follow-on schedule check
