[2026-03-05T02:20:13.008+0000] {taskinstance.py:1956} INFO - Dependencies all met for dep_context=non-requeueable deps ti=<TaskInstance: cambridge_crime_to_s3_to_snowflake.fetch_and_convert manual__2026-03-05T02:16:43.605122+00:00 [queued]>
[2026-03-05T02:20:13.010+0000] {taskinstance.py:1956} INFO - Dependencies all met for dep_context=requeueable deps ti=<TaskInstance: cambridge_crime_to_s3_to_snowflake.fetch_and_convert manual__2026-03-05T02:16:43.605122+00:00 [queued]>
[2026-03-05T02:20:13.010+0000] {taskinstance.py:2170} INFO - Starting attempt 1 of 2
[2026-03-05T02:20:13.014+0000] {taskinstance.py:2191} INFO - Executing <Task(PythonOperator): fetch_and_convert> on 2026-03-05 02:16:43.605122+00:00
[2026-03-05T02:20:13.016+0000] {standard_task_runner.py:60} INFO - Started process 173 to run task
[2026-03-05T02:20:13.018+0000] {standard_task_runner.py:87} INFO - Running: ['***', 'tasks', 'run', 'cambridge_crime_to_s3_to_snowflake', 'fetch_and_convert', 'manual__2026-03-05T02:16:43.605122+00:00', '--job-id', '304', '--raw', '--subdir', 'DAGS_FOLDER/cambridge_api_to_s3_to_snowflake.py', '--cfg-path', '/tmp/tmpjc86tnf6']
[2026-03-05T02:20:13.019+0000] {standard_task_runner.py:88} INFO - Job 304: Subtask fetch_and_convert
[2026-03-05T02:20:13.036+0000] {task_command.py:423} INFO - Running <TaskInstance: cambridge_crime_to_s3_to_snowflake.fetch_and_convert manual__2026-03-05T02:16:43.605122+00:00 [running]> on host 01136be54b76
[2026-03-05T02:20:13.058+0000] {taskinstance.py:2480} INFO - Exporting env vars: AIRFLOW_CTX_DAG_OWNER='***' AIRFLOW_CTX_DAG_ID='cambridge_crime_to_s3_to_snowflake' AIRFLOW_CTX_TASK_ID='fetch_and_convert' AIRFLOW_CTX_EXECUTION_DATE='2026-03-05T02:16:43.605122+00:00' AIRFLOW_CTX_TRY_NUMBER='1' AIRFLOW_CTX_DAG_RUN_ID='manual__2026-03-05T02:16:43.605122+00:00'
[2026-03-05T02:20:13.059+0000] {logging_mixin.py:188} INFO - Fetching Cambridge crime data from https://data.cambridgema.gov/resource/xuad-73uj.json
[2026-03-05T02:20:14.617+0000] {logging_mixin.py:188} INFO - Fetched 10,000 records so far...
[2026-03-05T02:20:18.578+0000] {logging_mixin.py:188} INFO - Fetched 20,000 records so far...
[2026-03-05T02:20:19.902+0000] {logging_mixin.py:188} INFO - Fetched 30,000 records so far...
[2026-03-05T02:20:21.328+0000] {logging_mixin.py:188} INFO - Fetched 40,000 records so far...
[2026-03-05T02:20:22.803+0000] {logging_mixin.py:188} INFO - Fetched 50,000 records so far...
[2026-03-05T02:20:23.965+0000] {logging_mixin.py:188} INFO - Fetched 60,000 records so far...
[2026-03-05T02:20:26.210+0000] {logging_mixin.py:188} INFO - Fetched 70,000 records so far...
[2026-03-05T02:20:27.815+0000] {logging_mixin.py:188} INFO - Fetched 80,000 records so far...
[2026-03-05T02:20:31.194+0000] {logging_mixin.py:188} INFO - Fetched 90,000 records so far...
[2026-03-05T02:20:33.964+0000] {logging_mixin.py:188} INFO - Fetched 100,000 records so far...
[2026-03-05T02:20:35.580+0000] {logging_mixin.py:188} INFO - Fetched 108,726 records so far...
[2026-03-05T02:20:35.580+0000] {logging_mixin.py:188} INFO - Total records fetched: 108,726
[2026-03-05T02:20:35.897+0000] {logging_mixin.py:188} INFO - CSV written: /opt/***/cambridge_crime_20260305T021643.csv
[2026-03-05T02:20:35.947+0000] {python.py:201} INFO - Done. Returned value was: {'csv_path': '/opt/***/cambridge_crime_20260305T021643.csv', 'record_count': 108726}
[2026-03-05T02:20:35.955+0000] {taskinstance.py:1138} INFO - Marking task as SUCCESS. dag_id=cambridge_crime_to_s3_to_snowflake, task_id=fetch_and_convert, execution_date=20260305T021643, start_date=20260305T022013, end_date=20260305T022035
[2026-03-05T02:20:35.979+0000] {local_task_job_runner.py:234} INFO - Task exited with return code 0
[2026-03-05T02:20:35.998+0000] {taskinstance.py:3280} INFO - 1 downstream tasks scheduled from follow-on schedule check
