[2026-02-20T03:06:32.256+0000] {taskinstance.py:1956} INFO - Dependencies all met for dep_context=non-requeueable deps ti=<TaskInstance: housing_api_to_s3_to_snowflake.create_snowflake_table manual__2026-02-20T03:05:58.036040+00:00 [queued]>
[2026-02-20T03:06:32.259+0000] {taskinstance.py:1956} INFO - Dependencies all met for dep_context=requeueable deps ti=<TaskInstance: housing_api_to_s3_to_snowflake.create_snowflake_table manual__2026-02-20T03:05:58.036040+00:00 [queued]>
[2026-02-20T03:06:32.259+0000] {taskinstance.py:2170} INFO - Starting attempt 1 of 2
[2026-02-20T03:06:32.263+0000] {taskinstance.py:2191} INFO - Executing <Task(PythonOperator): create_snowflake_table> on 2026-02-20 03:05:58.036040+00:00
[2026-02-20T03:06:32.266+0000] {standard_task_runner.py:60} INFO - Started process 4119 to run task
[2026-02-20T03:06:32.267+0000] {standard_task_runner.py:87} INFO - Running: ['***', 'tasks', 'run', 'housing_api_to_s3_to_snowflake', 'create_snowflake_table', 'manual__2026-02-20T03:05:58.036040+00:00', '--job-id', '187', '--raw', '--subdir', 'DAGS_FOLDER/housing_api_ro_s3_to_snowflake.py', '--cfg-path', '/tmp/tmpo6uk1jp6']
[2026-02-20T03:06:32.268+0000] {standard_task_runner.py:88} INFO - Job 187: Subtask create_snowflake_table
[2026-02-20T03:06:32.294+0000] {task_command.py:423} INFO - Running <TaskInstance: housing_api_to_s3_to_snowflake.create_snowflake_table manual__2026-02-20T03:05:58.036040+00:00 [running]> on host 6f9247237071
[2026-02-20T03:06:32.319+0000] {taskinstance.py:2480} INFO - Exporting env vars: AIRFLOW_CTX_DAG_OWNER='***' AIRFLOW_CTX_DAG_ID='housing_api_to_s3_to_snowflake' AIRFLOW_CTX_TASK_ID='create_snowflake_table' AIRFLOW_CTX_EXECUTION_DATE='2026-02-20T03:05:58.036040+00:00' AIRFLOW_CTX_TRY_NUMBER='1' AIRFLOW_CTX_DAG_RUN_ID='manual__2026-02-20T03:05:58.036040+00:00'
[2026-02-20T03:06:32.320+0000] {connection.py:370} INFO - Snowflake Connector for Python Version: 3.6.0, Python Version: 3.8.18, Platform: Linux-6.12.67-linuxkit-aarch64-with-glibc2.34
[2026-02-20T03:06:32.321+0000] {connection.py:1171} INFO - This connection is in OCSP Fail Open Mode. TLS Certificates would be checked for validity and revocation status. Any other Certificate Revocation related exceptions or OCSP Responder failures would be disregarded in favor of connectivity.
[2026-02-20T03:06:32.321+0000] {connection.py:1181} INFO - THIS CONNECTION IS IN INSECURE MODE. IT MEANS THE CERTIFICATE WILL BE VALIDATED BUT THE CERTIFICATE REVOCATION STATUS WILL NOT BE CHECKED.
[2026-02-20T03:06:32.555+0000] {ssl_wrap_socket.py:100} INFO - THIS CONNECTION IS IN INSECURE MODE. IT MEANS THE CERTIFICATE WILL BE VALIDATED BUT THE CERTIFICATE REVOCATION STATUS WILL NOT BE CHECKED.
[2026-02-20T03:06:32.848+0000] {logging_mixin.py:188} INFO - Dropping old STG_BOSTON_HOUSING table if exists...
[2026-02-20T03:06:32.848+0000] {cursor.py:1028} INFO - query: [DROP TABLE IF EXISTS NEIGHBOURWISE_DOMAINS.STAGE.STG_BOSTON_HOUSING;]
[2026-02-20T03:06:33.197+0000] {cursor.py:1041} INFO - query execution done
[2026-02-20T03:06:33.198+0000] {cursor.py:1205} INFO - Number of results in first chunk: 1
[2026-02-20T03:06:33.199+0000] {logging_mixin.py:188} INFO - Creating STG_BOSTON_HOUSING table in STAGE schema...
[2026-02-20T03:06:33.199+0000] {cursor.py:1028} INFO - query: [CREATE TABLE NEIGHBOURWISE_DOMAINS.STAGE.STG_BOSTON_HOUSING ( _ID VARCHAR(50), P...]
[2026-02-20T03:06:33.709+0000] {cursor.py:1041} INFO - query execution done
[2026-02-20T03:06:33.720+0000] {connection.py:718} INFO - closed
[2026-02-20T03:06:33.862+0000] {connection.py:724} INFO - No async queries seem to be running, deleting session
[2026-02-20T03:06:34.019+0000] {taskinstance.py:2698} ERROR - Task failed with exception
Traceback (most recent call last):
  File "/home/airflow/.local/lib/python3.8/site-packages/airflow/models/taskinstance.py", line 433, in _execute_task
    result = execute_callable(context=context, **execute_callable_kwargs)
  File "/home/airflow/.local/lib/python3.8/site-packages/airflow/operators/python.py", line 199, in execute
    return_value = self.execute_callable()
  File "/home/airflow/.local/lib/python3.8/site-packages/airflow/operators/python.py", line 216, in execute_callable
    return self.python_callable(*self.op_args, **self.op_kwargs)
  File "/opt/airflow/dags/housing_api_ro_s3_to_snowflake.py", line 217, in create_snowflake_table
    cursor.execute(create_table_sql)
  File "/home/airflow/.local/lib/python3.8/site-packages/snowflake/connector/cursor.py", line 1132, in execute
    Error.errorhandler_wrapper(self.connection, self, error_class, errvalue)
  File "/home/airflow/.local/lib/python3.8/site-packages/snowflake/connector/errors.py", line 290, in errorhandler_wrapper
    handed_over = Error.hand_to_other_handler(
  File "/home/airflow/.local/lib/python3.8/site-packages/snowflake/connector/errors.py", line 345, in hand_to_other_handler
    cursor.errorhandler(connection, cursor, error_class, error_value)
  File "/home/airflow/.local/lib/python3.8/site-packages/snowflake/connector/errors.py", line 221, in default_errorhandler
    raise error_class(
snowflake.connector.errors.ProgrammingError: 002002 (42710): 01c287ba-0307-d3e0-001a-e4430025fc26: SQL compilation error:
Object 'STG_BOSTON_HOUSING' already exists.
[2026-02-20T03:06:34.024+0000] {taskinstance.py:1138} INFO - Marking task as UP_FOR_RETRY. dag_id=housing_api_to_s3_to_snowflake, task_id=create_snowflake_table, execution_date=20260220T030558, start_date=20260220T030632, end_date=20260220T030634
[2026-02-20T03:06:34.032+0000] {standard_task_runner.py:107} ERROR - Failed to execute job 187 for task create_snowflake_table (002002 (42710): 01c287ba-0307-d3e0-001a-e4430025fc26: SQL compilation error:
Object 'STG_BOSTON_HOUSING' already exists.; 4119)
[2026-02-20T03:06:34.042+0000] {local_task_job_runner.py:234} INFO - Task exited with return code 1
[2026-02-20T03:06:34.055+0000] {taskinstance.py:3280} INFO - 0 downstream tasks scheduled from follow-on schedule check
