[2026-03-18T00:05:26.398+0000] {processor.py:161} INFO - Started process (PID=15922) to work on /opt/airflow/dags/schools.zip
[2026-03-18T00:05:26.399+0000] {processor.py:830} INFO - Processing file /opt/airflow/dags/schools.zip for tasks to queue
[2026-03-18T00:05:26.400+0000] {logging_mixin.py:188} INFO - [2026-03-18T00:05:26.400+0000] {dagbag.py:538} INFO - Filling up the DagBag from /opt/airflow/dags/schools.zip
[2026-03-18T00:05:26.401+0000] {processor.py:842} WARNING - No viable dags retrieved from /opt/airflow/dags/schools.zip
[2026-03-18T00:05:26.409+0000] {processor.py:183} INFO - Processing /opt/airflow/dags/schools.zip took 0.012 seconds
[2026-03-18T01:24:58.299+0000] {processor.py:161} INFO - Started process (PID=16002) to work on /opt/airflow/dags/schools.zip
[2026-03-18T01:24:58.300+0000] {processor.py:830} INFO - Processing file /opt/airflow/dags/schools.zip for tasks to queue
[2026-03-18T01:24:58.301+0000] {logging_mixin.py:188} INFO - [2026-03-18T01:24:58.301+0000] {dagbag.py:538} INFO - Filling up the DagBag from /opt/airflow/dags/schools.zip
[2026-03-18T01:24:58.301+0000] {processor.py:842} WARNING - No viable dags retrieved from /opt/airflow/dags/schools.zip
[2026-03-18T01:24:58.307+0000] {processor.py:183} INFO - Processing /opt/airflow/dags/schools.zip took 0.009 seconds
[2026-03-18T02:30:17.744+0000] {processor.py:161} INFO - Started process (PID=16082) to work on /opt/airflow/dags/schools.zip
[2026-03-18T02:30:17.744+0000] {processor.py:830} INFO - Processing file /opt/airflow/dags/schools.zip for tasks to queue
[2026-03-18T02:30:17.745+0000] {logging_mixin.py:188} INFO - [2026-03-18T02:30:17.745+0000] {dagbag.py:538} INFO - Filling up the DagBag from /opt/airflow/dags/schools.zip
[2026-03-18T02:30:17.746+0000] {processor.py:842} WARNING - No viable dags retrieved from /opt/airflow/dags/schools.zip
[2026-03-18T02:30:17.753+0000] {processor.py:183} INFO - Processing /opt/airflow/dags/schools.zip took 0.011 seconds
[2026-03-18T03:38:20.204+0000] {processor.py:161} INFO - Started process (PID=16162) to work on /opt/airflow/dags/schools.zip
[2026-03-18T03:38:20.205+0000] {processor.py:830} INFO - Processing file /opt/airflow/dags/schools.zip for tasks to queue
[2026-03-18T03:38:20.206+0000] {logging_mixin.py:188} INFO - [2026-03-18T03:38:20.206+0000] {dagbag.py:538} INFO - Filling up the DagBag from /opt/airflow/dags/schools.zip
[2026-03-18T03:38:20.207+0000] {processor.py:842} WARNING - No viable dags retrieved from /opt/airflow/dags/schools.zip
[2026-03-18T03:38:20.215+0000] {processor.py:183} INFO - Processing /opt/airflow/dags/schools.zip took 0.013 seconds
[2026-03-18T04:32:00.523+0000] {processor.py:161} INFO - Started process (PID=16242) to work on /opt/airflow/dags/schools.zip
[2026-03-18T04:32:00.523+0000] {processor.py:830} INFO - Processing file /opt/airflow/dags/schools.zip for tasks to queue
[2026-03-18T04:32:00.524+0000] {logging_mixin.py:188} INFO - [2026-03-18T04:32:00.524+0000] {dagbag.py:538} INFO - Filling up the DagBag from /opt/airflow/dags/schools.zip
[2026-03-18T04:32:00.525+0000] {processor.py:842} WARNING - No viable dags retrieved from /opt/airflow/dags/schools.zip
[2026-03-18T04:32:00.530+0000] {processor.py:183} INFO - Processing /opt/airflow/dags/schools.zip took 0.009 seconds
[2026-03-18T04:55:39.115+0000] {processor.py:161} INFO - Started process (PID=16322) to work on /opt/airflow/dags/schools.zip
[2026-03-18T04:55:39.121+0000] {processor.py:830} INFO - Processing file /opt/airflow/dags/schools.zip for tasks to queue
[2026-03-18T04:55:39.123+0000] {logging_mixin.py:188} INFO - [2026-03-18T04:55:39.123+0000] {dagbag.py:538} INFO - Filling up the DagBag from /opt/airflow/dags/schools.zip
[2026-03-18T04:55:39.126+0000] {processor.py:842} WARNING - No viable dags retrieved from /opt/airflow/dags/schools.zip
[2026-03-18T04:55:39.159+0000] {processor.py:183} INFO - Processing /opt/airflow/dags/schools.zip took 0.049 seconds
[2026-03-18T05:40:25.825+0000] {processor.py:161} INFO - Started process (PID=16402) to work on /opt/airflow/dags/schools.zip
[2026-03-18T05:40:25.825+0000] {processor.py:830} INFO - Processing file /opt/airflow/dags/schools.zip for tasks to queue
[2026-03-18T05:40:25.826+0000] {logging_mixin.py:188} INFO - [2026-03-18T05:40:25.826+0000] {dagbag.py:538} INFO - Filling up the DagBag from /opt/airflow/dags/schools.zip
[2026-03-18T05:40:25.828+0000] {processor.py:842} WARNING - No viable dags retrieved from /opt/airflow/dags/schools.zip
[2026-03-18T05:40:25.836+0000] {processor.py:183} INFO - Processing /opt/airflow/dags/schools.zip took 0.013 seconds
[2026-03-18T06:56:47.297+0000] {processor.py:161} INFO - Started process (PID=16482) to work on /opt/airflow/dags/schools.zip
[2026-03-18T06:56:47.298+0000] {processor.py:830} INFO - Processing file /opt/airflow/dags/schools.zip for tasks to queue
[2026-03-18T06:56:47.299+0000] {logging_mixin.py:188} INFO - [2026-03-18T06:56:47.299+0000] {dagbag.py:538} INFO - Filling up the DagBag from /opt/airflow/dags/schools.zip
[2026-03-18T06:56:47.301+0000] {processor.py:842} WARNING - No viable dags retrieved from /opt/airflow/dags/schools.zip
[2026-03-18T06:56:47.311+0000] {processor.py:183} INFO - Processing /opt/airflow/dags/schools.zip took 0.016 seconds
[2026-03-18T08:17:06.491+0000] {processor.py:161} INFO - Started process (PID=16562) to work on /opt/airflow/dags/schools.zip
[2026-03-18T08:17:06.492+0000] {processor.py:830} INFO - Processing file /opt/airflow/dags/schools.zip for tasks to queue
[2026-03-18T08:17:06.493+0000] {logging_mixin.py:188} INFO - [2026-03-18T08:17:06.493+0000] {dagbag.py:538} INFO - Filling up the DagBag from /opt/airflow/dags/schools.zip
[2026-03-18T08:17:06.494+0000] {processor.py:842} WARNING - No viable dags retrieved from /opt/airflow/dags/schools.zip
[2026-03-18T08:17:06.503+0000] {processor.py:183} INFO - Processing /opt/airflow/dags/schools.zip took 0.016 seconds
[2026-03-18T08:24:25.757+0000] {processor.py:161} INFO - Started process (PID=16642) to work on /opt/airflow/dags/schools.zip
[2026-03-18T08:24:25.758+0000] {processor.py:830} INFO - Processing file /opt/airflow/dags/schools.zip for tasks to queue
[2026-03-18T08:24:25.759+0000] {logging_mixin.py:188} INFO - [2026-03-18T08:24:25.759+0000] {dagbag.py:538} INFO - Filling up the DagBag from /opt/airflow/dags/schools.zip
[2026-03-18T08:24:25.760+0000] {processor.py:842} WARNING - No viable dags retrieved from /opt/airflow/dags/schools.zip
[2026-03-18T08:24:25.769+0000] {processor.py:183} INFO - Processing /opt/airflow/dags/schools.zip took 0.014 seconds
[2026-03-18T08:24:56.117+0000] {processor.py:161} INFO - Started process (PID=16722) to work on /opt/airflow/dags/schools.zip
[2026-03-18T08:24:56.118+0000] {processor.py:830} INFO - Processing file /opt/airflow/dags/schools.zip for tasks to queue
[2026-03-18T08:24:56.119+0000] {logging_mixin.py:188} INFO - [2026-03-18T08:24:56.119+0000] {dagbag.py:538} INFO - Filling up the DagBag from /opt/airflow/dags/schools.zip
[2026-03-18T08:24:56.120+0000] {processor.py:842} WARNING - No viable dags retrieved from /opt/airflow/dags/schools.zip
[2026-03-18T08:24:56.127+0000] {processor.py:183} INFO - Processing /opt/airflow/dags/schools.zip took 0.012 seconds
[2026-03-18T08:25:27.445+0000] {processor.py:161} INFO - Started process (PID=16802) to work on /opt/airflow/dags/schools.zip
[2026-03-18T08:25:27.447+0000] {processor.py:830} INFO - Processing file /opt/airflow/dags/schools.zip for tasks to queue
[2026-03-18T08:25:27.448+0000] {logging_mixin.py:188} INFO - [2026-03-18T08:25:27.448+0000] {dagbag.py:538} INFO - Filling up the DagBag from /opt/airflow/dags/schools.zip
[2026-03-18T08:25:27.450+0000] {processor.py:842} WARNING - No viable dags retrieved from /opt/airflow/dags/schools.zip
[2026-03-18T08:25:27.462+0000] {processor.py:183} INFO - Processing /opt/airflow/dags/schools.zip took 0.019 seconds
[2026-03-18T08:25:58.499+0000] {processor.py:161} INFO - Started process (PID=16882) to work on /opt/airflow/dags/schools.zip
[2026-03-18T08:25:58.501+0000] {processor.py:830} INFO - Processing file /opt/airflow/dags/schools.zip for tasks to queue
[2026-03-18T08:25:58.501+0000] {logging_mixin.py:188} INFO - [2026-03-18T08:25:58.501+0000] {dagbag.py:538} INFO - Filling up the DagBag from /opt/airflow/dags/schools.zip
[2026-03-18T08:25:58.503+0000] {processor.py:842} WARNING - No viable dags retrieved from /opt/airflow/dags/schools.zip
[2026-03-18T08:25:58.514+0000] {processor.py:183} INFO - Processing /opt/airflow/dags/schools.zip took 0.018 seconds
[2026-03-18T08:26:29.364+0000] {processor.py:161} INFO - Started process (PID=16962) to work on /opt/airflow/dags/schools.zip
[2026-03-18T08:26:29.364+0000] {processor.py:830} INFO - Processing file /opt/airflow/dags/schools.zip for tasks to queue
[2026-03-18T08:26:29.366+0000] {logging_mixin.py:188} INFO - [2026-03-18T08:26:29.366+0000] {dagbag.py:538} INFO - Filling up the DagBag from /opt/airflow/dags/schools.zip
[2026-03-18T08:26:29.368+0000] {processor.py:842} WARNING - No viable dags retrieved from /opt/airflow/dags/schools.zip
[2026-03-18T08:26:29.379+0000] {processor.py:183} INFO - Processing /opt/airflow/dags/schools.zip took 0.017 seconds
[2026-03-18T08:27:00.027+0000] {processor.py:161} INFO - Started process (PID=17040) to work on /opt/airflow/dags/schools.zip
[2026-03-18T08:27:00.027+0000] {processor.py:830} INFO - Processing file /opt/airflow/dags/schools.zip for tasks to queue
[2026-03-18T08:27:00.029+0000] {logging_mixin.py:188} INFO - [2026-03-18T08:27:00.028+0000] {dagbag.py:538} INFO - Filling up the DagBag from /opt/airflow/dags/schools.zip
[2026-03-18T08:27:00.032+0000] {processor.py:842} WARNING - No viable dags retrieved from /opt/airflow/dags/schools.zip
[2026-03-18T08:27:00.040+0000] {processor.py:183} INFO - Processing /opt/airflow/dags/schools.zip took 0.015 seconds
[2026-03-18T08:27:30.722+0000] {processor.py:161} INFO - Started process (PID=17122) to work on /opt/airflow/dags/schools.zip
[2026-03-18T08:27:30.723+0000] {processor.py:830} INFO - Processing file /opt/airflow/dags/schools.zip for tasks to queue
[2026-03-18T08:27:30.723+0000] {logging_mixin.py:188} INFO - [2026-03-18T08:27:30.723+0000] {dagbag.py:538} INFO - Filling up the DagBag from /opt/airflow/dags/schools.zip
[2026-03-18T08:27:30.724+0000] {processor.py:842} WARNING - No viable dags retrieved from /opt/airflow/dags/schools.zip
[2026-03-18T08:27:30.730+0000] {processor.py:183} INFO - Processing /opt/airflow/dags/schools.zip took 0.010 seconds
[2026-03-18T08:28:01.381+0000] {processor.py:161} INFO - Started process (PID=17202) to work on /opt/airflow/dags/schools.zip
[2026-03-18T08:28:01.381+0000] {processor.py:830} INFO - Processing file /opt/airflow/dags/schools.zip for tasks to queue
[2026-03-18T08:28:01.382+0000] {logging_mixin.py:188} INFO - [2026-03-18T08:28:01.382+0000] {dagbag.py:538} INFO - Filling up the DagBag from /opt/airflow/dags/schools.zip
[2026-03-18T08:28:01.383+0000] {processor.py:842} WARNING - No viable dags retrieved from /opt/airflow/dags/schools.zip
[2026-03-18T08:28:01.390+0000] {processor.py:183} INFO - Processing /opt/airflow/dags/schools.zip took 0.011 seconds
[2026-03-18T08:28:32.290+0000] {processor.py:161} INFO - Started process (PID=17282) to work on /opt/airflow/dags/schools.zip
[2026-03-18T08:28:32.291+0000] {processor.py:830} INFO - Processing file /opt/airflow/dags/schools.zip for tasks to queue
[2026-03-18T08:28:32.292+0000] {logging_mixin.py:188} INFO - [2026-03-18T08:28:32.292+0000] {dagbag.py:538} INFO - Filling up the DagBag from /opt/airflow/dags/schools.zip
[2026-03-18T08:28:32.293+0000] {processor.py:842} WARNING - No viable dags retrieved from /opt/airflow/dags/schools.zip
[2026-03-18T08:28:32.300+0000] {processor.py:183} INFO - Processing /opt/airflow/dags/schools.zip took 0.012 seconds
[2026-03-18T08:29:03.339+0000] {processor.py:161} INFO - Started process (PID=17362) to work on /opt/airflow/dags/schools.zip
[2026-03-18T08:29:03.339+0000] {processor.py:830} INFO - Processing file /opt/airflow/dags/schools.zip for tasks to queue
[2026-03-18T08:29:03.340+0000] {logging_mixin.py:188} INFO - [2026-03-18T08:29:03.340+0000] {dagbag.py:538} INFO - Filling up the DagBag from /opt/airflow/dags/schools.zip
[2026-03-18T08:29:03.341+0000] {processor.py:842} WARNING - No viable dags retrieved from /opt/airflow/dags/schools.zip
[2026-03-18T08:29:03.347+0000] {processor.py:183} INFO - Processing /opt/airflow/dags/schools.zip took 0.011 seconds
[2026-03-18T08:29:34.594+0000] {processor.py:161} INFO - Started process (PID=17442) to work on /opt/airflow/dags/schools.zip
[2026-03-18T08:29:34.595+0000] {processor.py:830} INFO - Processing file /opt/airflow/dags/schools.zip for tasks to queue
[2026-03-18T08:29:34.596+0000] {logging_mixin.py:188} INFO - [2026-03-18T08:29:34.596+0000] {dagbag.py:538} INFO - Filling up the DagBag from /opt/airflow/dags/schools.zip
[2026-03-18T08:29:34.599+0000] {processor.py:842} WARNING - No viable dags retrieved from /opt/airflow/dags/schools.zip
[2026-03-18T08:29:34.605+0000] {processor.py:183} INFO - Processing /opt/airflow/dags/schools.zip took 0.013 seconds
[2026-03-18T08:30:04.994+0000] {processor.py:161} INFO - Started process (PID=17521) to work on /opt/airflow/dags/schools.zip
[2026-03-18T08:30:04.995+0000] {processor.py:830} INFO - Processing file /opt/airflow/dags/schools.zip for tasks to queue
[2026-03-18T08:30:04.996+0000] {logging_mixin.py:188} INFO - [2026-03-18T08:30:04.996+0000] {dagbag.py:538} INFO - Filling up the DagBag from /opt/airflow/dags/schools.zip
[2026-03-18T08:30:04.998+0000] {processor.py:842} WARNING - No viable dags retrieved from /opt/airflow/dags/schools.zip
[2026-03-18T08:30:05.003+0000] {processor.py:183} INFO - Processing /opt/airflow/dags/schools.zip took 0.011 seconds
[2026-03-18T08:30:35.580+0000] {processor.py:161} INFO - Started process (PID=17601) to work on /opt/airflow/dags/schools.zip
[2026-03-18T08:30:35.581+0000] {processor.py:830} INFO - Processing file /opt/airflow/dags/schools.zip for tasks to queue
[2026-03-18T08:30:35.581+0000] {logging_mixin.py:188} INFO - [2026-03-18T08:30:35.581+0000] {dagbag.py:538} INFO - Filling up the DagBag from /opt/airflow/dags/schools.zip
[2026-03-18T08:30:35.582+0000] {processor.py:842} WARNING - No viable dags retrieved from /opt/airflow/dags/schools.zip
[2026-03-18T08:30:35.587+0000] {processor.py:183} INFO - Processing /opt/airflow/dags/schools.zip took 0.009 seconds
[2026-03-18T08:31:06.011+0000] {processor.py:161} INFO - Started process (PID=17681) to work on /opt/airflow/dags/schools.zip
[2026-03-18T08:31:06.011+0000] {processor.py:830} INFO - Processing file /opt/airflow/dags/schools.zip for tasks to queue
[2026-03-18T08:31:06.012+0000] {logging_mixin.py:188} INFO - [2026-03-18T08:31:06.012+0000] {dagbag.py:538} INFO - Filling up the DagBag from /opt/airflow/dags/schools.zip
[2026-03-18T08:31:06.013+0000] {processor.py:842} WARNING - No viable dags retrieved from /opt/airflow/dags/schools.zip
[2026-03-18T08:31:06.018+0000] {processor.py:183} INFO - Processing /opt/airflow/dags/schools.zip took 0.009 seconds
[2026-03-18T08:31:36.479+0000] {processor.py:161} INFO - Started process (PID=17762) to work on /opt/airflow/dags/schools.zip
[2026-03-18T08:31:36.480+0000] {processor.py:830} INFO - Processing file /opt/airflow/dags/schools.zip for tasks to queue
[2026-03-18T08:31:36.480+0000] {logging_mixin.py:188} INFO - [2026-03-18T08:31:36.480+0000] {dagbag.py:538} INFO - Filling up the DagBag from /opt/airflow/dags/schools.zip
[2026-03-18T08:31:36.481+0000] {processor.py:842} WARNING - No viable dags retrieved from /opt/airflow/dags/schools.zip
[2026-03-18T08:31:36.486+0000] {processor.py:183} INFO - Processing /opt/airflow/dags/schools.zip took 0.008 seconds
[2026-03-18T08:32:08.028+0000] {processor.py:161} INFO - Started process (PID=17847) to work on /opt/airflow/dags/schools.zip
[2026-03-18T08:32:08.029+0000] {processor.py:830} INFO - Processing file /opt/airflow/dags/schools.zip for tasks to queue
[2026-03-18T08:32:08.030+0000] {logging_mixin.py:188} INFO - [2026-03-18T08:32:08.030+0000] {dagbag.py:538} INFO - Filling up the DagBag from /opt/airflow/dags/schools.zip
[2026-03-18T08:32:08.034+0000] {processor.py:842} WARNING - No viable dags retrieved from /opt/airflow/dags/schools.zip
[2026-03-18T08:32:08.044+0000] {processor.py:183} INFO - Processing /opt/airflow/dags/schools.zip took 0.018 seconds
[2026-03-18T08:42:28.897+0000] {processor.py:161} INFO - Started process (PID=17922) to work on /opt/airflow/dags/schools.zip
[2026-03-18T08:42:28.900+0000] {processor.py:830} INFO - Processing file /opt/airflow/dags/schools.zip for tasks to queue
[2026-03-18T08:42:28.905+0000] {logging_mixin.py:188} INFO - [2026-03-18T08:42:28.904+0000] {dagbag.py:538} INFO - Filling up the DagBag from /opt/airflow/dags/schools.zip
[2026-03-18T08:42:28.910+0000] {processor.py:842} WARNING - No viable dags retrieved from /opt/airflow/dags/schools.zip
[2026-03-18T08:42:28.985+0000] {processor.py:183} INFO - Processing /opt/airflow/dags/schools.zip took 0.103 seconds
[2026-03-18T09:50:44.419+0000] {processor.py:161} INFO - Started process (PID=18002) to work on /opt/airflow/dags/schools.zip
[2026-03-18T09:50:44.420+0000] {processor.py:830} INFO - Processing file /opt/airflow/dags/schools.zip for tasks to queue
[2026-03-18T09:50:44.421+0000] {logging_mixin.py:188} INFO - [2026-03-18T09:50:44.421+0000] {dagbag.py:538} INFO - Filling up the DagBag from /opt/airflow/dags/schools.zip
[2026-03-18T09:50:44.422+0000] {processor.py:842} WARNING - No viable dags retrieved from /opt/airflow/dags/schools.zip
[2026-03-18T09:50:44.430+0000] {processor.py:183} INFO - Processing /opt/airflow/dags/schools.zip took 0.013 seconds
[2026-03-18T10:43:15.469+0000] {processor.py:161} INFO - Started process (PID=18082) to work on /opt/airflow/dags/schools.zip
[2026-03-18T10:43:15.470+0000] {processor.py:830} INFO - Processing file /opt/airflow/dags/schools.zip for tasks to queue
[2026-03-18T10:43:15.471+0000] {logging_mixin.py:188} INFO - [2026-03-18T10:43:15.471+0000] {dagbag.py:538} INFO - Filling up the DagBag from /opt/airflow/dags/schools.zip
[2026-03-18T10:43:15.472+0000] {processor.py:842} WARNING - No viable dags retrieved from /opt/airflow/dags/schools.zip
[2026-03-18T10:43:15.477+0000] {processor.py:183} INFO - Processing /opt/airflow/dags/schools.zip took 0.010 seconds
[2026-03-18T12:06:57.917+0000] {processor.py:161} INFO - Started process (PID=18162) to work on /opt/airflow/dags/schools.zip
[2026-03-18T12:06:57.917+0000] {processor.py:830} INFO - Processing file /opt/airflow/dags/schools.zip for tasks to queue
[2026-03-18T12:06:57.919+0000] {logging_mixin.py:188} INFO - [2026-03-18T12:06:57.918+0000] {dagbag.py:538} INFO - Filling up the DagBag from /opt/airflow/dags/schools.zip
[2026-03-18T12:06:57.920+0000] {processor.py:842} WARNING - No viable dags retrieved from /opt/airflow/dags/schools.zip
[2026-03-18T12:06:57.928+0000] {processor.py:183} INFO - Processing /opt/airflow/dags/schools.zip took 0.013 seconds
[2026-03-18T13:24:28.231+0000] {processor.py:161} INFO - Started process (PID=18241) to work on /opt/airflow/dags/schools.zip
[2026-03-18T13:24:28.231+0000] {processor.py:830} INFO - Processing file /opt/airflow/dags/schools.zip for tasks to queue
[2026-03-18T13:24:28.232+0000] {logging_mixin.py:188} INFO - [2026-03-18T13:24:28.232+0000] {dagbag.py:538} INFO - Filling up the DagBag from /opt/airflow/dags/schools.zip
[2026-03-18T13:24:28.233+0000] {processor.py:842} WARNING - No viable dags retrieved from /opt/airflow/dags/schools.zip
[2026-03-18T13:24:28.239+0000] {processor.py:183} INFO - Processing /opt/airflow/dags/schools.zip took 0.009 seconds
[2026-03-18T13:52:52.515+0000] {processor.py:161} INFO - Started process (PID=18321) to work on /opt/airflow/dags/schools.zip
[2026-03-18T13:52:52.516+0000] {processor.py:830} INFO - Processing file /opt/airflow/dags/schools.zip for tasks to queue
[2026-03-18T13:52:52.517+0000] {logging_mixin.py:188} INFO - [2026-03-18T13:52:52.517+0000] {dagbag.py:538} INFO - Filling up the DagBag from /opt/airflow/dags/schools.zip
[2026-03-18T13:52:52.519+0000] {processor.py:842} WARNING - No viable dags retrieved from /opt/airflow/dags/schools.zip
[2026-03-18T13:52:52.527+0000] {processor.py:183} INFO - Processing /opt/airflow/dags/schools.zip took 0.014 seconds
[2026-03-18T14:38:33.900+0000] {processor.py:161} INFO - Started process (PID=18401) to work on /opt/airflow/dags/schools.zip
[2026-03-18T14:38:33.901+0000] {processor.py:830} INFO - Processing file /opt/airflow/dags/schools.zip for tasks to queue
[2026-03-18T14:38:33.903+0000] {logging_mixin.py:188} INFO - [2026-03-18T14:38:33.903+0000] {dagbag.py:538} INFO - Filling up the DagBag from /opt/airflow/dags/schools.zip
[2026-03-18T14:38:33.904+0000] {processor.py:842} WARNING - No viable dags retrieved from /opt/airflow/dags/schools.zip
[2026-03-18T14:38:33.914+0000] {processor.py:183} INFO - Processing /opt/airflow/dags/schools.zip took 0.016 seconds
[2026-03-18T15:38:15.342+0000] {processor.py:161} INFO - Started process (PID=18481) to work on /opt/airflow/dags/schools.zip
[2026-03-18T15:38:15.343+0000] {processor.py:830} INFO - Processing file /opt/airflow/dags/schools.zip for tasks to queue
[2026-03-18T15:38:15.345+0000] {logging_mixin.py:188} INFO - [2026-03-18T15:38:15.344+0000] {dagbag.py:538} INFO - Filling up the DagBag from /opt/airflow/dags/schools.zip
[2026-03-18T15:38:15.346+0000] {processor.py:842} WARNING - No viable dags retrieved from /opt/airflow/dags/schools.zip
[2026-03-18T15:38:15.359+0000] {processor.py:183} INFO - Processing /opt/airflow/dags/schools.zip took 0.019 seconds
[2026-03-18T15:47:54.144+0000] {processor.py:161} INFO - Started process (PID=18560) to work on /opt/airflow/dags/schools.zip
[2026-03-18T15:47:54.145+0000] {processor.py:830} INFO - Processing file /opt/airflow/dags/schools.zip for tasks to queue
[2026-03-18T15:47:54.146+0000] {logging_mixin.py:188} INFO - [2026-03-18T15:47:54.146+0000] {dagbag.py:538} INFO - Filling up the DagBag from /opt/airflow/dags/schools.zip
[2026-03-18T15:47:54.147+0000] {processor.py:842} WARNING - No viable dags retrieved from /opt/airflow/dags/schools.zip
[2026-03-18T15:47:54.152+0000] {processor.py:183} INFO - Processing /opt/airflow/dags/schools.zip took 0.009 seconds
[2026-03-18T15:48:33.051+0000] {processor.py:161} INFO - Started process (PID=18640) to work on /opt/airflow/dags/schools.zip
[2026-03-18T15:48:33.051+0000] {processor.py:830} INFO - Processing file /opt/airflow/dags/schools.zip for tasks to queue
[2026-03-18T15:48:33.052+0000] {logging_mixin.py:188} INFO - [2026-03-18T15:48:33.052+0000] {dagbag.py:538} INFO - Filling up the DagBag from /opt/airflow/dags/schools.zip
[2026-03-18T15:48:33.060+0000] {processor.py:842} WARNING - No viable dags retrieved from /opt/airflow/dags/schools.zip
[2026-03-18T15:48:33.066+0000] {processor.py:183} INFO - Processing /opt/airflow/dags/schools.zip took 0.017 seconds
[2026-03-18T15:49:12.528+0000] {processor.py:161} INFO - Started process (PID=18721) to work on /opt/airflow/dags/schools.zip
[2026-03-18T15:49:12.530+0000] {processor.py:830} INFO - Processing file /opt/airflow/dags/schools.zip for tasks to queue
[2026-03-18T15:49:12.531+0000] {logging_mixin.py:188} INFO - [2026-03-18T15:49:12.531+0000] {dagbag.py:538} INFO - Filling up the DagBag from /opt/airflow/dags/schools.zip
[2026-03-18T15:49:12.532+0000] {processor.py:842} WARNING - No viable dags retrieved from /opt/airflow/dags/schools.zip
[2026-03-18T15:49:12.539+0000] {processor.py:183} INFO - Processing /opt/airflow/dags/schools.zip took 0.013 seconds
[2026-03-18T15:49:52.099+0000] {processor.py:161} INFO - Started process (PID=18801) to work on /opt/airflow/dags/schools.zip
[2026-03-18T15:49:52.099+0000] {processor.py:830} INFO - Processing file /opt/airflow/dags/schools.zip for tasks to queue
[2026-03-18T15:49:52.100+0000] {logging_mixin.py:188} INFO - [2026-03-18T15:49:52.100+0000] {dagbag.py:538} INFO - Filling up the DagBag from /opt/airflow/dags/schools.zip
[2026-03-18T15:49:52.101+0000] {processor.py:842} WARNING - No viable dags retrieved from /opt/airflow/dags/schools.zip
[2026-03-18T15:49:52.107+0000] {processor.py:183} INFO - Processing /opt/airflow/dags/schools.zip took 0.009 seconds
[2026-03-18T15:50:35.590+0000] {processor.py:161} INFO - Started process (PID=18881) to work on /opt/airflow/dags/schools.zip
[2026-03-18T15:50:35.591+0000] {processor.py:830} INFO - Processing file /opt/airflow/dags/schools.zip for tasks to queue
[2026-03-18T15:50:35.592+0000] {logging_mixin.py:188} INFO - [2026-03-18T15:50:35.592+0000] {dagbag.py:538} INFO - Filling up the DagBag from /opt/airflow/dags/schools.zip
[2026-03-18T15:50:35.592+0000] {processor.py:842} WARNING - No viable dags retrieved from /opt/airflow/dags/schools.zip
[2026-03-18T15:50:35.601+0000] {processor.py:183} INFO - Processing /opt/airflow/dags/schools.zip took 0.013 seconds
[2026-03-18T15:51:11.304+0000] {processor.py:161} INFO - Started process (PID=18961) to work on /opt/airflow/dags/schools.zip
[2026-03-18T15:51:11.305+0000] {processor.py:830} INFO - Processing file /opt/airflow/dags/schools.zip for tasks to queue
[2026-03-18T15:51:11.307+0000] {logging_mixin.py:188} INFO - [2026-03-18T15:51:11.307+0000] {dagbag.py:538} INFO - Filling up the DagBag from /opt/airflow/dags/schools.zip
[2026-03-18T15:51:11.308+0000] {processor.py:842} WARNING - No viable dags retrieved from /opt/airflow/dags/schools.zip
[2026-03-18T15:51:11.315+0000] {processor.py:183} INFO - Processing /opt/airflow/dags/schools.zip took 0.013 seconds
[2026-03-18T15:51:42.233+0000] {processor.py:161} INFO - Started process (PID=19041) to work on /opt/airflow/dags/schools.zip
[2026-03-18T15:51:42.233+0000] {processor.py:830} INFO - Processing file /opt/airflow/dags/schools.zip for tasks to queue
[2026-03-18T15:51:42.234+0000] {logging_mixin.py:188} INFO - [2026-03-18T15:51:42.234+0000] {dagbag.py:538} INFO - Filling up the DagBag from /opt/airflow/dags/schools.zip
[2026-03-18T15:51:42.235+0000] {processor.py:842} WARNING - No viable dags retrieved from /opt/airflow/dags/schools.zip
[2026-03-18T15:51:42.244+0000] {processor.py:183} INFO - Processing /opt/airflow/dags/schools.zip took 0.013 seconds
[2026-03-18T15:52:12.578+0000] {processor.py:161} INFO - Started process (PID=19121) to work on /opt/airflow/dags/schools.zip
[2026-03-18T15:52:12.579+0000] {processor.py:830} INFO - Processing file /opt/airflow/dags/schools.zip for tasks to queue
[2026-03-18T15:52:12.581+0000] {logging_mixin.py:188} INFO - [2026-03-18T15:52:12.580+0000] {dagbag.py:538} INFO - Filling up the DagBag from /opt/airflow/dags/schools.zip
[2026-03-18T15:52:12.583+0000] {processor.py:842} WARNING - No viable dags retrieved from /opt/airflow/dags/schools.zip
[2026-03-18T15:52:12.590+0000] {processor.py:183} INFO - Processing /opt/airflow/dags/schools.zip took 0.013 seconds
[2026-03-18T15:52:42.958+0000] {processor.py:161} INFO - Started process (PID=19201) to work on /opt/airflow/dags/schools.zip
[2026-03-18T15:52:42.959+0000] {processor.py:830} INFO - Processing file /opt/airflow/dags/schools.zip for tasks to queue
[2026-03-18T15:52:42.959+0000] {logging_mixin.py:188} INFO - [2026-03-18T15:52:42.959+0000] {dagbag.py:538} INFO - Filling up the DagBag from /opt/airflow/dags/schools.zip
[2026-03-18T15:52:42.960+0000] {processor.py:842} WARNING - No viable dags retrieved from /opt/airflow/dags/schools.zip
[2026-03-18T15:52:42.966+0000] {processor.py:183} INFO - Processing /opt/airflow/dags/schools.zip took 0.009 seconds
[2026-03-18T15:53:14.473+0000] {processor.py:161} INFO - Started process (PID=19281) to work on /opt/airflow/dags/schools.zip
[2026-03-18T15:53:14.474+0000] {processor.py:830} INFO - Processing file /opt/airflow/dags/schools.zip for tasks to queue
[2026-03-18T15:53:14.476+0000] {logging_mixin.py:188} INFO - [2026-03-18T15:53:14.475+0000] {dagbag.py:538} INFO - Filling up the DagBag from /opt/airflow/dags/schools.zip
[2026-03-18T15:53:14.476+0000] {processor.py:842} WARNING - No viable dags retrieved from /opt/airflow/dags/schools.zip
[2026-03-18T15:53:14.485+0000] {processor.py:183} INFO - Processing /opt/airflow/dags/schools.zip took 0.014 seconds
[2026-03-18T15:53:44.923+0000] {processor.py:161} INFO - Started process (PID=19361) to work on /opt/airflow/dags/schools.zip
[2026-03-18T15:53:44.923+0000] {processor.py:830} INFO - Processing file /opt/airflow/dags/schools.zip for tasks to queue
[2026-03-18T15:53:44.924+0000] {logging_mixin.py:188} INFO - [2026-03-18T15:53:44.924+0000] {dagbag.py:538} INFO - Filling up the DagBag from /opt/airflow/dags/schools.zip
[2026-03-18T15:53:44.925+0000] {processor.py:842} WARNING - No viable dags retrieved from /opt/airflow/dags/schools.zip
[2026-03-18T15:53:44.930+0000] {processor.py:183} INFO - Processing /opt/airflow/dags/schools.zip took 0.009 seconds
[2026-03-18T15:54:15.463+0000] {processor.py:161} INFO - Started process (PID=19441) to work on /opt/airflow/dags/schools.zip
[2026-03-18T15:54:15.464+0000] {processor.py:830} INFO - Processing file /opt/airflow/dags/schools.zip for tasks to queue
[2026-03-18T15:54:15.465+0000] {logging_mixin.py:188} INFO - [2026-03-18T15:54:15.465+0000] {dagbag.py:538} INFO - Filling up the DagBag from /opt/airflow/dags/schools.zip
[2026-03-18T15:54:15.466+0000] {processor.py:842} WARNING - No viable dags retrieved from /opt/airflow/dags/schools.zip
[2026-03-18T15:54:15.474+0000] {processor.py:183} INFO - Processing /opt/airflow/dags/schools.zip took 0.012 seconds
[2026-03-18T15:54:46.173+0000] {processor.py:161} INFO - Started process (PID=19521) to work on /opt/airflow/dags/schools.zip
[2026-03-18T15:54:46.176+0000] {processor.py:830} INFO - Processing file /opt/airflow/dags/schools.zip for tasks to queue
[2026-03-18T15:54:46.177+0000] {logging_mixin.py:188} INFO - [2026-03-18T15:54:46.176+0000] {dagbag.py:538} INFO - Filling up the DagBag from /opt/airflow/dags/schools.zip
[2026-03-18T15:54:46.178+0000] {processor.py:842} WARNING - No viable dags retrieved from /opt/airflow/dags/schools.zip
[2026-03-18T15:54:46.188+0000] {processor.py:183} INFO - Processing /opt/airflow/dags/schools.zip took 0.016 seconds
[2026-03-18T15:55:16.886+0000] {processor.py:161} INFO - Started process (PID=19599) to work on /opt/airflow/dags/schools.zip
[2026-03-18T15:55:16.886+0000] {processor.py:830} INFO - Processing file /opt/airflow/dags/schools.zip for tasks to queue
[2026-03-18T15:55:16.887+0000] {logging_mixin.py:188} INFO - [2026-03-18T15:55:16.887+0000] {dagbag.py:538} INFO - Filling up the DagBag from /opt/airflow/dags/schools.zip
[2026-03-18T15:55:16.888+0000] {processor.py:842} WARNING - No viable dags retrieved from /opt/airflow/dags/schools.zip
[2026-03-18T15:55:16.896+0000] {processor.py:183} INFO - Processing /opt/airflow/dags/schools.zip took 0.011 seconds
[2026-03-18T15:55:47.539+0000] {processor.py:161} INFO - Started process (PID=19677) to work on /opt/airflow/dags/schools.zip
[2026-03-18T15:55:47.540+0000] {processor.py:830} INFO - Processing file /opt/airflow/dags/schools.zip for tasks to queue
[2026-03-18T15:55:47.541+0000] {logging_mixin.py:188} INFO - [2026-03-18T15:55:47.541+0000] {dagbag.py:538} INFO - Filling up the DagBag from /opt/airflow/dags/schools.zip
[2026-03-18T15:55:47.545+0000] {processor.py:842} WARNING - No viable dags retrieved from /opt/airflow/dags/schools.zip
[2026-03-18T15:55:47.553+0000] {processor.py:183} INFO - Processing /opt/airflow/dags/schools.zip took 0.016 seconds
[2026-03-18T15:56:18.706+0000] {processor.py:161} INFO - Started process (PID=19760) to work on /opt/airflow/dags/schools.zip
[2026-03-18T15:56:18.706+0000] {processor.py:830} INFO - Processing file /opt/airflow/dags/schools.zip for tasks to queue
[2026-03-18T15:56:18.707+0000] {logging_mixin.py:188} INFO - [2026-03-18T15:56:18.707+0000] {dagbag.py:538} INFO - Filling up the DagBag from /opt/airflow/dags/schools.zip
[2026-03-18T15:56:18.708+0000] {processor.py:842} WARNING - No viable dags retrieved from /opt/airflow/dags/schools.zip
[2026-03-18T15:56:18.713+0000] {processor.py:183} INFO - Processing /opt/airflow/dags/schools.zip took 0.009 seconds
[2026-03-18T15:56:49.728+0000] {processor.py:161} INFO - Started process (PID=19840) to work on /opt/airflow/dags/schools.zip
[2026-03-18T15:56:49.728+0000] {processor.py:830} INFO - Processing file /opt/airflow/dags/schools.zip for tasks to queue
[2026-03-18T15:56:49.729+0000] {logging_mixin.py:188} INFO - [2026-03-18T15:56:49.729+0000] {dagbag.py:538} INFO - Filling up the DagBag from /opt/airflow/dags/schools.zip
[2026-03-18T15:56:49.730+0000] {processor.py:842} WARNING - No viable dags retrieved from /opt/airflow/dags/schools.zip
[2026-03-18T15:56:49.736+0000] {processor.py:183} INFO - Processing /opt/airflow/dags/schools.zip took 0.009 seconds
[2026-03-18T15:57:20.547+0000] {processor.py:161} INFO - Started process (PID=19919) to work on /opt/airflow/dags/schools.zip
[2026-03-18T15:57:20.547+0000] {processor.py:830} INFO - Processing file /opt/airflow/dags/schools.zip for tasks to queue
[2026-03-18T15:57:20.548+0000] {logging_mixin.py:188} INFO - [2026-03-18T15:57:20.548+0000] {dagbag.py:538} INFO - Filling up the DagBag from /opt/airflow/dags/schools.zip
[2026-03-18T15:57:20.549+0000] {processor.py:842} WARNING - No viable dags retrieved from /opt/airflow/dags/schools.zip
[2026-03-18T15:57:20.555+0000] {processor.py:183} INFO - Processing /opt/airflow/dags/schools.zip took 0.009 seconds
[2026-03-18T15:57:51.379+0000] {processor.py:161} INFO - Started process (PID=19999) to work on /opt/airflow/dags/schools.zip
[2026-03-18T15:57:51.380+0000] {processor.py:830} INFO - Processing file /opt/airflow/dags/schools.zip for tasks to queue
[2026-03-18T15:57:51.380+0000] {logging_mixin.py:188} INFO - [2026-03-18T15:57:51.380+0000] {dagbag.py:538} INFO - Filling up the DagBag from /opt/airflow/dags/schools.zip
[2026-03-18T15:57:51.381+0000] {processor.py:842} WARNING - No viable dags retrieved from /opt/airflow/dags/schools.zip
[2026-03-18T15:57:51.387+0000] {processor.py:183} INFO - Processing /opt/airflow/dags/schools.zip took 0.009 seconds
[2026-03-18T15:58:22.407+0000] {processor.py:161} INFO - Started process (PID=20080) to work on /opt/airflow/dags/schools.zip
[2026-03-18T15:58:22.407+0000] {processor.py:830} INFO - Processing file /opt/airflow/dags/schools.zip for tasks to queue
[2026-03-18T15:58:22.408+0000] {logging_mixin.py:188} INFO - [2026-03-18T15:58:22.408+0000] {dagbag.py:538} INFO - Filling up the DagBag from /opt/airflow/dags/schools.zip
[2026-03-18T15:58:22.409+0000] {processor.py:842} WARNING - No viable dags retrieved from /opt/airflow/dags/schools.zip
[2026-03-18T15:58:22.414+0000] {processor.py:183} INFO - Processing /opt/airflow/dags/schools.zip took 0.009 seconds
[2026-03-18T15:58:53.292+0000] {processor.py:161} INFO - Started process (PID=20160) to work on /opt/airflow/dags/schools.zip
[2026-03-18T15:58:53.292+0000] {processor.py:830} INFO - Processing file /opt/airflow/dags/schools.zip for tasks to queue
[2026-03-18T15:58:53.293+0000] {logging_mixin.py:188} INFO - [2026-03-18T15:58:53.293+0000] {dagbag.py:538} INFO - Filling up the DagBag from /opt/airflow/dags/schools.zip
[2026-03-18T15:58:53.294+0000] {processor.py:842} WARNING - No viable dags retrieved from /opt/airflow/dags/schools.zip
[2026-03-18T15:58:53.299+0000] {processor.py:183} INFO - Processing /opt/airflow/dags/schools.zip took 0.009 seconds
[2026-03-18T15:59:23.497+0000] {processor.py:161} INFO - Started process (PID=20241) to work on /opt/airflow/dags/schools.zip
[2026-03-18T15:59:23.498+0000] {processor.py:830} INFO - Processing file /opt/airflow/dags/schools.zip for tasks to queue
[2026-03-18T15:59:23.499+0000] {logging_mixin.py:188} INFO - [2026-03-18T15:59:23.498+0000] {dagbag.py:538} INFO - Filling up the DagBag from /opt/airflow/dags/schools.zip
[2026-03-18T15:59:23.501+0000] {processor.py:842} WARNING - No viable dags retrieved from /opt/airflow/dags/schools.zip
[2026-03-18T15:59:23.510+0000] {processor.py:183} INFO - Processing /opt/airflow/dags/schools.zip took 0.015 seconds
[2026-03-18T15:59:53.953+0000] {processor.py:161} INFO - Started process (PID=20320) to work on /opt/airflow/dags/schools.zip
[2026-03-18T15:59:53.954+0000] {processor.py:830} INFO - Processing file /opt/airflow/dags/schools.zip for tasks to queue
[2026-03-18T15:59:53.954+0000] {logging_mixin.py:188} INFO - [2026-03-18T15:59:53.954+0000] {dagbag.py:538} INFO - Filling up the DagBag from /opt/airflow/dags/schools.zip
[2026-03-18T15:59:53.955+0000] {processor.py:842} WARNING - No viable dags retrieved from /opt/airflow/dags/schools.zip
[2026-03-18T15:59:53.961+0000] {processor.py:183} INFO - Processing /opt/airflow/dags/schools.zip took 0.009 seconds
[2026-03-18T16:00:24.216+0000] {processor.py:161} INFO - Started process (PID=20399) to work on /opt/airflow/dags/schools.zip
[2026-03-18T16:00:24.217+0000] {processor.py:830} INFO - Processing file /opt/airflow/dags/schools.zip for tasks to queue
[2026-03-18T16:00:24.218+0000] {logging_mixin.py:188} INFO - [2026-03-18T16:00:24.217+0000] {dagbag.py:538} INFO - Filling up the DagBag from /opt/airflow/dags/schools.zip
[2026-03-18T16:00:24.218+0000] {processor.py:842} WARNING - No viable dags retrieved from /opt/airflow/dags/schools.zip
[2026-03-18T16:00:24.224+0000] {processor.py:183} INFO - Processing /opt/airflow/dags/schools.zip took 0.009 seconds
[2026-03-18T16:00:55.750+0000] {processor.py:161} INFO - Started process (PID=20489) to work on /opt/airflow/dags/schools.zip
[2026-03-18T16:00:55.751+0000] {processor.py:830} INFO - Processing file /opt/airflow/dags/schools.zip for tasks to queue
[2026-03-18T16:00:55.752+0000] {logging_mixin.py:188} INFO - [2026-03-18T16:00:55.751+0000] {dagbag.py:538} INFO - Filling up the DagBag from /opt/airflow/dags/schools.zip
[2026-03-18T16:00:55.752+0000] {processor.py:842} WARNING - No viable dags retrieved from /opt/airflow/dags/schools.zip
[2026-03-18T16:00:55.757+0000] {processor.py:183} INFO - Processing /opt/airflow/dags/schools.zip took 0.009 seconds
[2026-03-18T16:01:26.215+0000] {processor.py:161} INFO - Started process (PID=20569) to work on /opt/airflow/dags/schools.zip
[2026-03-18T16:01:26.216+0000] {processor.py:830} INFO - Processing file /opt/airflow/dags/schools.zip for tasks to queue
[2026-03-18T16:01:26.217+0000] {logging_mixin.py:188} INFO - [2026-03-18T16:01:26.216+0000] {dagbag.py:538} INFO - Filling up the DagBag from /opt/airflow/dags/schools.zip
[2026-03-18T16:01:26.217+0000] {processor.py:842} WARNING - No viable dags retrieved from /opt/airflow/dags/schools.zip
[2026-03-18T16:01:26.223+0000] {processor.py:183} INFO - Processing /opt/airflow/dags/schools.zip took 0.009 seconds
[2026-03-18T16:01:57.039+0000] {processor.py:161} INFO - Started process (PID=20649) to work on /opt/airflow/dags/schools.zip
[2026-03-18T16:01:57.041+0000] {processor.py:830} INFO - Processing file /opt/airflow/dags/schools.zip for tasks to queue
[2026-03-18T16:01:57.041+0000] {logging_mixin.py:188} INFO - [2026-03-18T16:01:57.041+0000] {dagbag.py:538} INFO - Filling up the DagBag from /opt/airflow/dags/schools.zip
[2026-03-18T16:01:57.042+0000] {processor.py:842} WARNING - No viable dags retrieved from /opt/airflow/dags/schools.zip
[2026-03-18T16:01:57.048+0000] {processor.py:183} INFO - Processing /opt/airflow/dags/schools.zip took 0.010 seconds
[2026-03-18T16:02:27.602+0000] {processor.py:161} INFO - Started process (PID=20729) to work on /opt/airflow/dags/schools.zip
[2026-03-18T16:02:27.603+0000] {processor.py:830} INFO - Processing file /opt/airflow/dags/schools.zip for tasks to queue
[2026-03-18T16:02:27.604+0000] {logging_mixin.py:188} INFO - [2026-03-18T16:02:27.604+0000] {dagbag.py:538} INFO - Filling up the DagBag from /opt/airflow/dags/schools.zip
[2026-03-18T16:02:27.605+0000] {processor.py:842} WARNING - No viable dags retrieved from /opt/airflow/dags/schools.zip
[2026-03-18T16:02:27.610+0000] {processor.py:183} INFO - Processing /opt/airflow/dags/schools.zip took 0.010 seconds
[2026-03-18T16:02:58.138+0000] {processor.py:161} INFO - Started process (PID=20809) to work on /opt/airflow/dags/schools.zip
[2026-03-18T16:02:58.138+0000] {processor.py:830} INFO - Processing file /opt/airflow/dags/schools.zip for tasks to queue
[2026-03-18T16:02:58.139+0000] {logging_mixin.py:188} INFO - [2026-03-18T16:02:58.139+0000] {dagbag.py:538} INFO - Filling up the DagBag from /opt/airflow/dags/schools.zip
[2026-03-18T16:02:58.139+0000] {processor.py:842} WARNING - No viable dags retrieved from /opt/airflow/dags/schools.zip
[2026-03-18T16:02:58.145+0000] {processor.py:183} INFO - Processing /opt/airflow/dags/schools.zip took 0.009 seconds
[2026-03-18T16:03:28.940+0000] {processor.py:161} INFO - Started process (PID=20888) to work on /opt/airflow/dags/schools.zip
[2026-03-18T16:03:28.940+0000] {processor.py:830} INFO - Processing file /opt/airflow/dags/schools.zip for tasks to queue
[2026-03-18T16:03:28.941+0000] {logging_mixin.py:188} INFO - [2026-03-18T16:03:28.941+0000] {dagbag.py:538} INFO - Filling up the DagBag from /opt/airflow/dags/schools.zip
[2026-03-18T16:03:28.942+0000] {processor.py:842} WARNING - No viable dags retrieved from /opt/airflow/dags/schools.zip
[2026-03-18T16:03:28.948+0000] {processor.py:183} INFO - Processing /opt/airflow/dags/schools.zip took 0.009 seconds
[2026-03-18T16:03:59.522+0000] {processor.py:161} INFO - Started process (PID=20966) to work on /opt/airflow/dags/schools.zip
[2026-03-18T16:03:59.522+0000] {processor.py:830} INFO - Processing file /opt/airflow/dags/schools.zip for tasks to queue
[2026-03-18T16:03:59.523+0000] {logging_mixin.py:188} INFO - [2026-03-18T16:03:59.523+0000] {dagbag.py:538} INFO - Filling up the DagBag from /opt/airflow/dags/schools.zip
[2026-03-18T16:03:59.524+0000] {processor.py:842} WARNING - No viable dags retrieved from /opt/airflow/dags/schools.zip
[2026-03-18T16:03:59.529+0000] {processor.py:183} INFO - Processing /opt/airflow/dags/schools.zip took 0.009 seconds
[2026-03-18T16:04:30.427+0000] {processor.py:161} INFO - Started process (PID=21049) to work on /opt/airflow/dags/schools.zip
[2026-03-18T16:04:30.429+0000] {processor.py:830} INFO - Processing file /opt/airflow/dags/schools.zip for tasks to queue
[2026-03-18T16:04:30.430+0000] {logging_mixin.py:188} INFO - [2026-03-18T16:04:30.430+0000] {dagbag.py:538} INFO - Filling up the DagBag from /opt/airflow/dags/schools.zip
[2026-03-18T16:04:30.431+0000] {processor.py:842} WARNING - No viable dags retrieved from /opt/airflow/dags/schools.zip
[2026-03-18T16:04:30.439+0000] {processor.py:183} INFO - Processing /opt/airflow/dags/schools.zip took 0.014 seconds
[2026-03-18T16:05:01.165+0000] {processor.py:161} INFO - Started process (PID=21129) to work on /opt/airflow/dags/schools.zip
[2026-03-18T16:05:01.167+0000] {processor.py:830} INFO - Processing file /opt/airflow/dags/schools.zip for tasks to queue
[2026-03-18T16:05:01.169+0000] {logging_mixin.py:188} INFO - [2026-03-18T16:05:01.169+0000] {dagbag.py:538} INFO - Filling up the DagBag from /opt/airflow/dags/schools.zip
[2026-03-18T16:05:01.170+0000] {processor.py:842} WARNING - No viable dags retrieved from /opt/airflow/dags/schools.zip
[2026-03-18T16:05:01.180+0000] {processor.py:183} INFO - Processing /opt/airflow/dags/schools.zip took 0.017 seconds
[2026-03-18T16:05:31.910+0000] {processor.py:161} INFO - Started process (PID=21209) to work on /opt/airflow/dags/schools.zip
[2026-03-18T16:05:31.911+0000] {processor.py:830} INFO - Processing file /opt/airflow/dags/schools.zip for tasks to queue
[2026-03-18T16:05:31.913+0000] {logging_mixin.py:188} INFO - [2026-03-18T16:05:31.912+0000] {dagbag.py:538} INFO - Filling up the DagBag from /opt/airflow/dags/schools.zip
[2026-03-18T16:05:31.914+0000] {processor.py:842} WARNING - No viable dags retrieved from /opt/airflow/dags/schools.zip
[2026-03-18T16:05:31.921+0000] {processor.py:183} INFO - Processing /opt/airflow/dags/schools.zip took 0.013 seconds
[2026-03-18T16:06:02.530+0000] {processor.py:161} INFO - Started process (PID=21287) to work on /opt/airflow/dags/schools.zip
[2026-03-18T16:06:02.530+0000] {processor.py:830} INFO - Processing file /opt/airflow/dags/schools.zip for tasks to queue
[2026-03-18T16:06:02.531+0000] {logging_mixin.py:188} INFO - [2026-03-18T16:06:02.531+0000] {dagbag.py:538} INFO - Filling up the DagBag from /opt/airflow/dags/schools.zip
[2026-03-18T16:06:02.532+0000] {processor.py:842} WARNING - No viable dags retrieved from /opt/airflow/dags/schools.zip
[2026-03-18T16:06:02.538+0000] {processor.py:183} INFO - Processing /opt/airflow/dags/schools.zip took 0.010 seconds
[2026-03-18T16:06:33.412+0000] {processor.py:161} INFO - Started process (PID=21368) to work on /opt/airflow/dags/schools.zip
[2026-03-18T16:06:33.413+0000] {processor.py:830} INFO - Processing file /opt/airflow/dags/schools.zip for tasks to queue
[2026-03-18T16:06:33.414+0000] {logging_mixin.py:188} INFO - [2026-03-18T16:06:33.413+0000] {dagbag.py:538} INFO - Filling up the DagBag from /opt/airflow/dags/schools.zip
[2026-03-18T16:06:33.414+0000] {processor.py:842} WARNING - No viable dags retrieved from /opt/airflow/dags/schools.zip
[2026-03-18T16:06:33.424+0000] {processor.py:183} INFO - Processing /opt/airflow/dags/schools.zip took 0.013 seconds
[2026-03-18T16:07:04.214+0000] {processor.py:161} INFO - Started process (PID=21448) to work on /opt/airflow/dags/schools.zip
[2026-03-18T16:07:04.215+0000] {processor.py:830} INFO - Processing file /opt/airflow/dags/schools.zip for tasks to queue
[2026-03-18T16:07:04.217+0000] {logging_mixin.py:188} INFO - [2026-03-18T16:07:04.217+0000] {dagbag.py:538} INFO - Filling up the DagBag from /opt/airflow/dags/schools.zip
[2026-03-18T16:07:04.219+0000] {processor.py:842} WARNING - No viable dags retrieved from /opt/airflow/dags/schools.zip
[2026-03-18T16:07:04.231+0000] {processor.py:183} INFO - Processing /opt/airflow/dags/schools.zip took 0.019 seconds
[2026-03-18T16:07:34.624+0000] {processor.py:161} INFO - Started process (PID=21528) to work on /opt/airflow/dags/schools.zip
[2026-03-18T16:07:34.624+0000] {processor.py:830} INFO - Processing file /opt/airflow/dags/schools.zip for tasks to queue
[2026-03-18T16:07:34.625+0000] {logging_mixin.py:188} INFO - [2026-03-18T16:07:34.625+0000] {dagbag.py:538} INFO - Filling up the DagBag from /opt/airflow/dags/schools.zip
[2026-03-18T16:07:34.625+0000] {processor.py:842} WARNING - No viable dags retrieved from /opt/airflow/dags/schools.zip
[2026-03-18T16:07:34.631+0000] {processor.py:183} INFO - Processing /opt/airflow/dags/schools.zip took 0.009 seconds
[2026-03-18T16:08:04.955+0000] {processor.py:161} INFO - Started process (PID=21608) to work on /opt/airflow/dags/schools.zip
[2026-03-18T16:08:04.956+0000] {processor.py:830} INFO - Processing file /opt/airflow/dags/schools.zip for tasks to queue
[2026-03-18T16:08:04.957+0000] {logging_mixin.py:188} INFO - [2026-03-18T16:08:04.957+0000] {dagbag.py:538} INFO - Filling up the DagBag from /opt/airflow/dags/schools.zip
[2026-03-18T16:08:04.958+0000] {processor.py:842} WARNING - No viable dags retrieved from /opt/airflow/dags/schools.zip
[2026-03-18T16:08:04.963+0000] {processor.py:183} INFO - Processing /opt/airflow/dags/schools.zip took 0.009 seconds
[2026-03-18T16:08:36.278+0000] {processor.py:161} INFO - Started process (PID=21688) to work on /opt/airflow/dags/schools.zip
[2026-03-18T16:08:36.278+0000] {processor.py:830} INFO - Processing file /opt/airflow/dags/schools.zip for tasks to queue
[2026-03-18T16:08:36.279+0000] {logging_mixin.py:188} INFO - [2026-03-18T16:08:36.279+0000] {dagbag.py:538} INFO - Filling up the DagBag from /opt/airflow/dags/schools.zip
[2026-03-18T16:08:36.280+0000] {processor.py:842} WARNING - No viable dags retrieved from /opt/airflow/dags/schools.zip
[2026-03-18T16:08:36.285+0000] {processor.py:183} INFO - Processing /opt/airflow/dags/schools.zip took 0.009 seconds
[2026-03-18T16:09:07.379+0000] {processor.py:161} INFO - Started process (PID=21768) to work on /opt/airflow/dags/schools.zip
[2026-03-18T16:09:07.380+0000] {processor.py:830} INFO - Processing file /opt/airflow/dags/schools.zip for tasks to queue
[2026-03-18T16:09:07.381+0000] {logging_mixin.py:188} INFO - [2026-03-18T16:09:07.381+0000] {dagbag.py:538} INFO - Filling up the DagBag from /opt/airflow/dags/schools.zip
[2026-03-18T16:09:07.381+0000] {processor.py:842} WARNING - No viable dags retrieved from /opt/airflow/dags/schools.zip
[2026-03-18T16:09:07.388+0000] {processor.py:183} INFO - Processing /opt/airflow/dags/schools.zip took 0.010 seconds
[2026-03-18T16:09:38.794+0000] {processor.py:161} INFO - Started process (PID=21848) to work on /opt/airflow/dags/schools.zip
[2026-03-18T16:09:38.794+0000] {processor.py:830} INFO - Processing file /opt/airflow/dags/schools.zip for tasks to queue
[2026-03-18T16:09:38.795+0000] {logging_mixin.py:188} INFO - [2026-03-18T16:09:38.795+0000] {dagbag.py:538} INFO - Filling up the DagBag from /opt/airflow/dags/schools.zip
[2026-03-18T16:09:38.796+0000] {processor.py:842} WARNING - No viable dags retrieved from /opt/airflow/dags/schools.zip
[2026-03-18T16:09:38.801+0000] {processor.py:183} INFO - Processing /opt/airflow/dags/schools.zip took 0.009 seconds
[2026-03-18T16:10:09.200+0000] {processor.py:161} INFO - Started process (PID=21928) to work on /opt/airflow/dags/schools.zip
[2026-03-18T16:10:09.201+0000] {processor.py:830} INFO - Processing file /opt/airflow/dags/schools.zip for tasks to queue
[2026-03-18T16:10:09.203+0000] {logging_mixin.py:188} INFO - [2026-03-18T16:10:09.202+0000] {dagbag.py:538} INFO - Filling up the DagBag from /opt/airflow/dags/schools.zip
[2026-03-18T16:10:09.204+0000] {processor.py:842} WARNING - No viable dags retrieved from /opt/airflow/dags/schools.zip
[2026-03-18T16:10:09.212+0000] {processor.py:183} INFO - Processing /opt/airflow/dags/schools.zip took 0.013 seconds
[2026-03-18T16:10:39.576+0000] {processor.py:161} INFO - Started process (PID=22008) to work on /opt/airflow/dags/schools.zip
[2026-03-18T16:10:39.577+0000] {processor.py:830} INFO - Processing file /opt/airflow/dags/schools.zip for tasks to queue
[2026-03-18T16:10:39.578+0000] {logging_mixin.py:188} INFO - [2026-03-18T16:10:39.578+0000] {dagbag.py:538} INFO - Filling up the DagBag from /opt/airflow/dags/schools.zip
[2026-03-18T16:10:39.578+0000] {processor.py:842} WARNING - No viable dags retrieved from /opt/airflow/dags/schools.zip
[2026-03-18T16:10:39.583+0000] {processor.py:183} INFO - Processing /opt/airflow/dags/schools.zip took 0.009 seconds
[2026-03-18T16:11:10.399+0000] {processor.py:161} INFO - Started process (PID=22088) to work on /opt/airflow/dags/schools.zip
[2026-03-18T16:11:10.400+0000] {processor.py:830} INFO - Processing file /opt/airflow/dags/schools.zip for tasks to queue
[2026-03-18T16:11:10.401+0000] {logging_mixin.py:188} INFO - [2026-03-18T16:11:10.401+0000] {dagbag.py:538} INFO - Filling up the DagBag from /opt/airflow/dags/schools.zip
[2026-03-18T16:11:10.402+0000] {processor.py:842} WARNING - No viable dags retrieved from /opt/airflow/dags/schools.zip
[2026-03-18T16:11:10.408+0000] {processor.py:183} INFO - Processing /opt/airflow/dags/schools.zip took 0.011 seconds
[2026-03-18T16:11:40.889+0000] {processor.py:161} INFO - Started process (PID=22168) to work on /opt/airflow/dags/schools.zip
[2026-03-18T16:11:40.889+0000] {processor.py:830} INFO - Processing file /opt/airflow/dags/schools.zip for tasks to queue
[2026-03-18T16:11:40.890+0000] {logging_mixin.py:188} INFO - [2026-03-18T16:11:40.890+0000] {dagbag.py:538} INFO - Filling up the DagBag from /opt/airflow/dags/schools.zip
[2026-03-18T16:11:40.891+0000] {processor.py:842} WARNING - No viable dags retrieved from /opt/airflow/dags/schools.zip
[2026-03-18T16:11:40.896+0000] {processor.py:183} INFO - Processing /opt/airflow/dags/schools.zip took 0.009 seconds
[2026-03-18T16:12:11.643+0000] {processor.py:161} INFO - Started process (PID=22245) to work on /opt/airflow/dags/schools.zip
[2026-03-18T16:12:11.644+0000] {processor.py:830} INFO - Processing file /opt/airflow/dags/schools.zip for tasks to queue
[2026-03-18T16:12:11.644+0000] {logging_mixin.py:188} INFO - [2026-03-18T16:12:11.644+0000] {dagbag.py:538} INFO - Filling up the DagBag from /opt/airflow/dags/schools.zip
[2026-03-18T16:12:11.645+0000] {processor.py:842} WARNING - No viable dags retrieved from /opt/airflow/dags/schools.zip
[2026-03-18T16:12:11.651+0000] {processor.py:183} INFO - Processing /opt/airflow/dags/schools.zip took 0.009 seconds
[2026-03-18T16:12:42.163+0000] {processor.py:161} INFO - Started process (PID=22324) to work on /opt/airflow/dags/schools.zip
[2026-03-18T16:12:42.163+0000] {processor.py:830} INFO - Processing file /opt/airflow/dags/schools.zip for tasks to queue
[2026-03-18T16:12:42.164+0000] {logging_mixin.py:188} INFO - [2026-03-18T16:12:42.164+0000] {dagbag.py:538} INFO - Filling up the DagBag from /opt/airflow/dags/schools.zip
[2026-03-18T16:12:42.165+0000] {processor.py:842} WARNING - No viable dags retrieved from /opt/airflow/dags/schools.zip
[2026-03-18T16:12:42.177+0000] {processor.py:183} INFO - Processing /opt/airflow/dags/schools.zip took 0.016 seconds
[2026-03-18T16:13:12.887+0000] {processor.py:161} INFO - Started process (PID=22404) to work on /opt/airflow/dags/schools.zip
[2026-03-18T16:13:12.890+0000] {processor.py:830} INFO - Processing file /opt/airflow/dags/schools.zip for tasks to queue
[2026-03-18T16:13:12.890+0000] {logging_mixin.py:188} INFO - [2026-03-18T16:13:12.890+0000] {dagbag.py:538} INFO - Filling up the DagBag from /opt/airflow/dags/schools.zip
[2026-03-18T16:13:12.891+0000] {processor.py:842} WARNING - No viable dags retrieved from /opt/airflow/dags/schools.zip
[2026-03-18T16:13:12.899+0000] {processor.py:183} INFO - Processing /opt/airflow/dags/schools.zip took 0.015 seconds
[2026-03-18T16:13:43.406+0000] {processor.py:161} INFO - Started process (PID=22484) to work on /opt/airflow/dags/schools.zip
[2026-03-18T16:13:43.406+0000] {processor.py:830} INFO - Processing file /opt/airflow/dags/schools.zip for tasks to queue
[2026-03-18T16:13:43.407+0000] {logging_mixin.py:188} INFO - [2026-03-18T16:13:43.407+0000] {dagbag.py:538} INFO - Filling up the DagBag from /opt/airflow/dags/schools.zip
[2026-03-18T16:13:43.408+0000] {processor.py:842} WARNING - No viable dags retrieved from /opt/airflow/dags/schools.zip
[2026-03-18T16:13:43.413+0000] {processor.py:183} INFO - Processing /opt/airflow/dags/schools.zip took 0.009 seconds
[2026-03-18T16:14:14.006+0000] {processor.py:161} INFO - Started process (PID=22564) to work on /opt/airflow/dags/schools.zip
[2026-03-18T16:14:14.007+0000] {processor.py:830} INFO - Processing file /opt/airflow/dags/schools.zip for tasks to queue
[2026-03-18T16:14:14.008+0000] {logging_mixin.py:188} INFO - [2026-03-18T16:14:14.008+0000] {dagbag.py:538} INFO - Filling up the DagBag from /opt/airflow/dags/schools.zip
[2026-03-18T16:14:14.011+0000] {processor.py:842} WARNING - No viable dags retrieved from /opt/airflow/dags/schools.zip
[2026-03-18T16:14:14.021+0000] {processor.py:183} INFO - Processing /opt/airflow/dags/schools.zip took 0.017 seconds
[2026-03-18T16:14:44.557+0000] {processor.py:161} INFO - Started process (PID=22644) to work on /opt/airflow/dags/schools.zip
[2026-03-18T16:14:44.558+0000] {processor.py:830} INFO - Processing file /opt/airflow/dags/schools.zip for tasks to queue
[2026-03-18T16:14:44.559+0000] {logging_mixin.py:188} INFO - [2026-03-18T16:14:44.559+0000] {dagbag.py:538} INFO - Filling up the DagBag from /opt/airflow/dags/schools.zip
[2026-03-18T16:14:44.560+0000] {processor.py:842} WARNING - No viable dags retrieved from /opt/airflow/dags/schools.zip
[2026-03-18T16:14:44.566+0000] {processor.py:183} INFO - Processing /opt/airflow/dags/schools.zip took 0.010 seconds
[2026-03-18T16:15:15.695+0000] {processor.py:161} INFO - Started process (PID=22727) to work on /opt/airflow/dags/schools.zip
[2026-03-18T16:15:15.695+0000] {processor.py:830} INFO - Processing file /opt/airflow/dags/schools.zip for tasks to queue
[2026-03-18T16:15:15.696+0000] {logging_mixin.py:188} INFO - [2026-03-18T16:15:15.696+0000] {dagbag.py:538} INFO - Filling up the DagBag from /opt/airflow/dags/schools.zip
[2026-03-18T16:15:15.697+0000] {processor.py:842} WARNING - No viable dags retrieved from /opt/airflow/dags/schools.zip
[2026-03-18T16:15:15.703+0000] {processor.py:183} INFO - Processing /opt/airflow/dags/schools.zip took 0.011 seconds
[2026-03-18T16:15:46.979+0000] {processor.py:161} INFO - Started process (PID=22808) to work on /opt/airflow/dags/schools.zip
[2026-03-18T16:15:46.982+0000] {processor.py:830} INFO - Processing file /opt/airflow/dags/schools.zip for tasks to queue
[2026-03-18T16:15:46.983+0000] {logging_mixin.py:188} INFO - [2026-03-18T16:15:46.983+0000] {dagbag.py:538} INFO - Filling up the DagBag from /opt/airflow/dags/schools.zip
[2026-03-18T16:15:46.986+0000] {processor.py:842} WARNING - No viable dags retrieved from /opt/airflow/dags/schools.zip
[2026-03-18T16:15:46.996+0000] {processor.py:183} INFO - Processing /opt/airflow/dags/schools.zip took 0.019 seconds
[2026-03-18T16:16:17.329+0000] {processor.py:161} INFO - Started process (PID=22888) to work on /opt/airflow/dags/schools.zip
[2026-03-18T16:16:17.330+0000] {processor.py:830} INFO - Processing file /opt/airflow/dags/schools.zip for tasks to queue
[2026-03-18T16:16:17.331+0000] {logging_mixin.py:188} INFO - [2026-03-18T16:16:17.330+0000] {dagbag.py:538} INFO - Filling up the DagBag from /opt/airflow/dags/schools.zip
[2026-03-18T16:16:17.331+0000] {processor.py:842} WARNING - No viable dags retrieved from /opt/airflow/dags/schools.zip
[2026-03-18T16:16:17.340+0000] {processor.py:183} INFO - Processing /opt/airflow/dags/schools.zip took 0.013 seconds
[2026-03-18T16:16:48.438+0000] {processor.py:161} INFO - Started process (PID=22967) to work on /opt/airflow/dags/schools.zip
[2026-03-18T16:16:48.438+0000] {processor.py:830} INFO - Processing file /opt/airflow/dags/schools.zip for tasks to queue
[2026-03-18T16:16:48.439+0000] {logging_mixin.py:188} INFO - [2026-03-18T16:16:48.439+0000] {dagbag.py:538} INFO - Filling up the DagBag from /opt/airflow/dags/schools.zip
[2026-03-18T16:16:48.440+0000] {processor.py:842} WARNING - No viable dags retrieved from /opt/airflow/dags/schools.zip
[2026-03-18T16:16:48.446+0000] {processor.py:183} INFO - Processing /opt/airflow/dags/schools.zip took 0.010 seconds
[2026-03-18T16:17:19.765+0000] {processor.py:161} INFO - Started process (PID=23048) to work on /opt/airflow/dags/schools.zip
[2026-03-18T16:17:19.766+0000] {processor.py:830} INFO - Processing file /opt/airflow/dags/schools.zip for tasks to queue
[2026-03-18T16:17:19.767+0000] {logging_mixin.py:188} INFO - [2026-03-18T16:17:19.767+0000] {dagbag.py:538} INFO - Filling up the DagBag from /opt/airflow/dags/schools.zip
[2026-03-18T16:17:19.767+0000] {processor.py:842} WARNING - No viable dags retrieved from /opt/airflow/dags/schools.zip
[2026-03-18T16:17:19.772+0000] {processor.py:183} INFO - Processing /opt/airflow/dags/schools.zip took 0.009 seconds
[2026-03-18T16:17:51.111+0000] {processor.py:161} INFO - Started process (PID=23128) to work on /opt/airflow/dags/schools.zip
[2026-03-18T16:17:51.111+0000] {processor.py:830} INFO - Processing file /opt/airflow/dags/schools.zip for tasks to queue
[2026-03-18T16:17:51.112+0000] {logging_mixin.py:188} INFO - [2026-03-18T16:17:51.112+0000] {dagbag.py:538} INFO - Filling up the DagBag from /opt/airflow/dags/schools.zip
[2026-03-18T16:17:51.112+0000] {processor.py:842} WARNING - No viable dags retrieved from /opt/airflow/dags/schools.zip
[2026-03-18T16:17:51.118+0000] {processor.py:183} INFO - Processing /opt/airflow/dags/schools.zip took 0.008 seconds
[2026-03-18T16:18:22.140+0000] {processor.py:161} INFO - Started process (PID=23208) to work on /opt/airflow/dags/schools.zip
[2026-03-18T16:18:22.141+0000] {processor.py:830} INFO - Processing file /opt/airflow/dags/schools.zip for tasks to queue
[2026-03-18T16:18:22.143+0000] {logging_mixin.py:188} INFO - [2026-03-18T16:18:22.143+0000] {dagbag.py:538} INFO - Filling up the DagBag from /opt/airflow/dags/schools.zip
[2026-03-18T16:18:22.144+0000] {processor.py:842} WARNING - No viable dags retrieved from /opt/airflow/dags/schools.zip
[2026-03-18T16:18:22.152+0000] {processor.py:183} INFO - Processing /opt/airflow/dags/schools.zip took 0.013 seconds
[2026-03-18T16:18:54.064+0000] {processor.py:161} INFO - Started process (PID=23288) to work on /opt/airflow/dags/schools.zip
[2026-03-18T16:18:54.064+0000] {processor.py:830} INFO - Processing file /opt/airflow/dags/schools.zip for tasks to queue
[2026-03-18T16:18:54.065+0000] {logging_mixin.py:188} INFO - [2026-03-18T16:18:54.065+0000] {dagbag.py:538} INFO - Filling up the DagBag from /opt/airflow/dags/schools.zip
[2026-03-18T16:18:54.066+0000] {processor.py:842} WARNING - No viable dags retrieved from /opt/airflow/dags/schools.zip
[2026-03-18T16:18:54.071+0000] {processor.py:183} INFO - Processing /opt/airflow/dags/schools.zip took 0.009 seconds
[2026-03-18T16:19:25.181+0000] {processor.py:161} INFO - Started process (PID=23368) to work on /opt/airflow/dags/schools.zip
[2026-03-18T16:19:25.182+0000] {processor.py:830} INFO - Processing file /opt/airflow/dags/schools.zip for tasks to queue
[2026-03-18T16:19:25.183+0000] {logging_mixin.py:188} INFO - [2026-03-18T16:19:25.182+0000] {dagbag.py:538} INFO - Filling up the DagBag from /opt/airflow/dags/schools.zip
[2026-03-18T16:19:25.183+0000] {processor.py:842} WARNING - No viable dags retrieved from /opt/airflow/dags/schools.zip
[2026-03-18T16:19:25.189+0000] {processor.py:183} INFO - Processing /opt/airflow/dags/schools.zip took 0.009 seconds
[2026-03-18T16:19:55.600+0000] {processor.py:161} INFO - Started process (PID=23447) to work on /opt/airflow/dags/schools.zip
[2026-03-18T16:19:55.600+0000] {processor.py:830} INFO - Processing file /opt/airflow/dags/schools.zip for tasks to queue
[2026-03-18T16:19:55.601+0000] {logging_mixin.py:188} INFO - [2026-03-18T16:19:55.601+0000] {dagbag.py:538} INFO - Filling up the DagBag from /opt/airflow/dags/schools.zip
[2026-03-18T16:19:55.602+0000] {processor.py:842} WARNING - No viable dags retrieved from /opt/airflow/dags/schools.zip
[2026-03-18T16:19:55.608+0000] {processor.py:183} INFO - Processing /opt/airflow/dags/schools.zip took 0.009 seconds
[2026-03-18T16:20:26.373+0000] {processor.py:161} INFO - Started process (PID=23525) to work on /opt/airflow/dags/schools.zip
[2026-03-18T16:20:26.373+0000] {processor.py:830} INFO - Processing file /opt/airflow/dags/schools.zip for tasks to queue
[2026-03-18T16:20:26.374+0000] {logging_mixin.py:188} INFO - [2026-03-18T16:20:26.374+0000] {dagbag.py:538} INFO - Filling up the DagBag from /opt/airflow/dags/schools.zip
[2026-03-18T16:20:26.378+0000] {processor.py:842} WARNING - No viable dags retrieved from /opt/airflow/dags/schools.zip
[2026-03-18T16:20:26.389+0000] {processor.py:183} INFO - Processing /opt/airflow/dags/schools.zip took 0.019 seconds
[2026-03-18T16:20:57.557+0000] {processor.py:161} INFO - Started process (PID=23608) to work on /opt/airflow/dags/schools.zip
[2026-03-18T16:20:57.557+0000] {processor.py:830} INFO - Processing file /opt/airflow/dags/schools.zip for tasks to queue
[2026-03-18T16:20:57.558+0000] {logging_mixin.py:188} INFO - [2026-03-18T16:20:57.558+0000] {dagbag.py:538} INFO - Filling up the DagBag from /opt/airflow/dags/schools.zip
[2026-03-18T16:20:57.559+0000] {processor.py:842} WARNING - No viable dags retrieved from /opt/airflow/dags/schools.zip
[2026-03-18T16:20:57.564+0000] {processor.py:183} INFO - Processing /opt/airflow/dags/schools.zip took 0.009 seconds
[2026-03-18T16:21:28.273+0000] {processor.py:161} INFO - Started process (PID=23688) to work on /opt/airflow/dags/schools.zip
[2026-03-18T16:21:28.274+0000] {processor.py:830} INFO - Processing file /opt/airflow/dags/schools.zip for tasks to queue
[2026-03-18T16:21:28.275+0000] {logging_mixin.py:188} INFO - [2026-03-18T16:21:28.275+0000] {dagbag.py:538} INFO - Filling up the DagBag from /opt/airflow/dags/schools.zip
[2026-03-18T16:21:28.278+0000] {processor.py:842} WARNING - No viable dags retrieved from /opt/airflow/dags/schools.zip
[2026-03-18T16:21:28.287+0000] {processor.py:183} INFO - Processing /opt/airflow/dags/schools.zip took 0.016 seconds
[2026-03-18T16:21:59.147+0000] {processor.py:161} INFO - Started process (PID=23773) to work on /opt/airflow/dags/schools.zip
[2026-03-18T16:21:59.148+0000] {processor.py:830} INFO - Processing file /opt/airflow/dags/schools.zip for tasks to queue
[2026-03-18T16:21:59.148+0000] {logging_mixin.py:188} INFO - [2026-03-18T16:21:59.148+0000] {dagbag.py:538} INFO - Filling up the DagBag from /opt/airflow/dags/schools.zip
[2026-03-18T16:21:59.149+0000] {processor.py:842} WARNING - No viable dags retrieved from /opt/airflow/dags/schools.zip
[2026-03-18T16:21:59.154+0000] {processor.py:183} INFO - Processing /opt/airflow/dags/schools.zip took 0.009 seconds
[2026-03-18T16:22:29.882+0000] {processor.py:161} INFO - Started process (PID=23853) to work on /opt/airflow/dags/schools.zip
[2026-03-18T16:22:29.883+0000] {processor.py:830} INFO - Processing file /opt/airflow/dags/schools.zip for tasks to queue
[2026-03-18T16:22:29.884+0000] {logging_mixin.py:188} INFO - [2026-03-18T16:22:29.884+0000] {dagbag.py:538} INFO - Filling up the DagBag from /opt/airflow/dags/schools.zip
[2026-03-18T16:22:29.887+0000] {processor.py:842} WARNING - No viable dags retrieved from /opt/airflow/dags/schools.zip
[2026-03-18T16:22:29.895+0000] {processor.py:183} INFO - Processing /opt/airflow/dags/schools.zip took 0.014 seconds
[2026-03-18T16:23:01.229+0000] {processor.py:161} INFO - Started process (PID=23933) to work on /opt/airflow/dags/schools.zip
[2026-03-18T16:23:01.230+0000] {processor.py:830} INFO - Processing file /opt/airflow/dags/schools.zip for tasks to queue
[2026-03-18T16:23:01.231+0000] {logging_mixin.py:188} INFO - [2026-03-18T16:23:01.231+0000] {dagbag.py:538} INFO - Filling up the DagBag from /opt/airflow/dags/schools.zip
[2026-03-18T16:23:01.232+0000] {processor.py:842} WARNING - No viable dags retrieved from /opt/airflow/dags/schools.zip
[2026-03-18T16:23:01.242+0000] {processor.py:183} INFO - Processing /opt/airflow/dags/schools.zip took 0.015 seconds
[2026-03-18T16:23:31.603+0000] {processor.py:161} INFO - Started process (PID=24013) to work on /opt/airflow/dags/schools.zip
[2026-03-18T16:23:31.604+0000] {processor.py:830} INFO - Processing file /opt/airflow/dags/schools.zip for tasks to queue
[2026-03-18T16:23:31.607+0000] {logging_mixin.py:188} INFO - [2026-03-18T16:23:31.606+0000] {dagbag.py:538} INFO - Filling up the DagBag from /opt/airflow/dags/schools.zip
[2026-03-18T16:23:31.607+0000] {processor.py:842} WARNING - No viable dags retrieved from /opt/airflow/dags/schools.zip
[2026-03-18T16:23:31.614+0000] {processor.py:183} INFO - Processing /opt/airflow/dags/schools.zip took 0.012 seconds
[2026-03-18T16:24:01.852+0000] {processor.py:161} INFO - Started process (PID=24093) to work on /opt/airflow/dags/schools.zip
[2026-03-18T16:24:01.852+0000] {processor.py:830} INFO - Processing file /opt/airflow/dags/schools.zip for tasks to queue
[2026-03-18T16:24:01.854+0000] {logging_mixin.py:188} INFO - [2026-03-18T16:24:01.854+0000] {dagbag.py:538} INFO - Filling up the DagBag from /opt/airflow/dags/schools.zip
[2026-03-18T16:24:01.855+0000] {processor.py:842} WARNING - No viable dags retrieved from /opt/airflow/dags/schools.zip
[2026-03-18T16:24:01.863+0000] {processor.py:183} INFO - Processing /opt/airflow/dags/schools.zip took 0.013 seconds
[2026-03-18T16:24:32.863+0000] {processor.py:161} INFO - Started process (PID=24173) to work on /opt/airflow/dags/schools.zip
[2026-03-18T16:24:32.863+0000] {processor.py:830} INFO - Processing file /opt/airflow/dags/schools.zip for tasks to queue
[2026-03-18T16:24:32.864+0000] {logging_mixin.py:188} INFO - [2026-03-18T16:24:32.864+0000] {dagbag.py:538} INFO - Filling up the DagBag from /opt/airflow/dags/schools.zip
[2026-03-18T16:24:32.865+0000] {processor.py:842} WARNING - No viable dags retrieved from /opt/airflow/dags/schools.zip
[2026-03-18T16:24:32.871+0000] {processor.py:183} INFO - Processing /opt/airflow/dags/schools.zip took 0.009 seconds
[2026-03-18T16:25:03.459+0000] {processor.py:161} INFO - Started process (PID=24253) to work on /opt/airflow/dags/schools.zip
[2026-03-18T16:25:03.460+0000] {processor.py:830} INFO - Processing file /opt/airflow/dags/schools.zip for tasks to queue
[2026-03-18T16:25:03.460+0000] {logging_mixin.py:188} INFO - [2026-03-18T16:25:03.460+0000] {dagbag.py:538} INFO - Filling up the DagBag from /opt/airflow/dags/schools.zip
[2026-03-18T16:25:03.461+0000] {processor.py:842} WARNING - No viable dags retrieved from /opt/airflow/dags/schools.zip
[2026-03-18T16:25:03.469+0000] {processor.py:183} INFO - Processing /opt/airflow/dags/schools.zip took 0.011 seconds
[2026-03-18T16:25:34.502+0000] {processor.py:161} INFO - Started process (PID=24333) to work on /opt/airflow/dags/schools.zip
[2026-03-18T16:25:34.502+0000] {processor.py:830} INFO - Processing file /opt/airflow/dags/schools.zip for tasks to queue
[2026-03-18T16:25:34.503+0000] {logging_mixin.py:188} INFO - [2026-03-18T16:25:34.503+0000] {dagbag.py:538} INFO - Filling up the DagBag from /opt/airflow/dags/schools.zip
[2026-03-18T16:25:34.504+0000] {processor.py:842} WARNING - No viable dags retrieved from /opt/airflow/dags/schools.zip
[2026-03-18T16:25:34.510+0000] {processor.py:183} INFO - Processing /opt/airflow/dags/schools.zip took 0.010 seconds
[2026-03-18T16:26:05.610+0000] {processor.py:161} INFO - Started process (PID=24413) to work on /opt/airflow/dags/schools.zip
[2026-03-18T16:26:05.610+0000] {processor.py:830} INFO - Processing file /opt/airflow/dags/schools.zip for tasks to queue
[2026-03-18T16:26:05.611+0000] {logging_mixin.py:188} INFO - [2026-03-18T16:26:05.611+0000] {dagbag.py:538} INFO - Filling up the DagBag from /opt/airflow/dags/schools.zip
[2026-03-18T16:26:05.612+0000] {processor.py:842} WARNING - No viable dags retrieved from /opt/airflow/dags/schools.zip
[2026-03-18T16:26:05.625+0000] {processor.py:183} INFO - Processing /opt/airflow/dags/schools.zip took 0.017 seconds
[2026-03-18T16:26:36.200+0000] {processor.py:161} INFO - Started process (PID=24493) to work on /opt/airflow/dags/schools.zip
[2026-03-18T16:26:36.200+0000] {processor.py:830} INFO - Processing file /opt/airflow/dags/schools.zip for tasks to queue
[2026-03-18T16:26:36.201+0000] {logging_mixin.py:188} INFO - [2026-03-18T16:26:36.201+0000] {dagbag.py:538} INFO - Filling up the DagBag from /opt/airflow/dags/schools.zip
[2026-03-18T16:26:36.202+0000] {processor.py:842} WARNING - No viable dags retrieved from /opt/airflow/dags/schools.zip
[2026-03-18T16:26:36.211+0000] {processor.py:183} INFO - Processing /opt/airflow/dags/schools.zip took 0.014 seconds
[2026-03-18T16:27:07.229+0000] {processor.py:161} INFO - Started process (PID=24573) to work on /opt/airflow/dags/schools.zip
[2026-03-18T16:27:07.229+0000] {processor.py:830} INFO - Processing file /opt/airflow/dags/schools.zip for tasks to queue
[2026-03-18T16:27:07.230+0000] {logging_mixin.py:188} INFO - [2026-03-18T16:27:07.230+0000] {dagbag.py:538} INFO - Filling up the DagBag from /opt/airflow/dags/schools.zip
[2026-03-18T16:27:07.231+0000] {processor.py:842} WARNING - No viable dags retrieved from /opt/airflow/dags/schools.zip
[2026-03-18T16:27:07.236+0000] {processor.py:183} INFO - Processing /opt/airflow/dags/schools.zip took 0.009 seconds
[2026-03-18T16:27:37.712+0000] {processor.py:161} INFO - Started process (PID=24653) to work on /opt/airflow/dags/schools.zip
[2026-03-18T16:27:37.712+0000] {processor.py:830} INFO - Processing file /opt/airflow/dags/schools.zip for tasks to queue
[2026-03-18T16:27:37.715+0000] {logging_mixin.py:188} INFO - [2026-03-18T16:27:37.715+0000] {dagbag.py:538} INFO - Filling up the DagBag from /opt/airflow/dags/schools.zip
[2026-03-18T16:27:37.717+0000] {processor.py:842} WARNING - No viable dags retrieved from /opt/airflow/dags/schools.zip
[2026-03-18T16:27:37.726+0000] {processor.py:183} INFO - Processing /opt/airflow/dags/schools.zip took 0.016 seconds
[2026-03-18T16:28:08.173+0000] {processor.py:161} INFO - Started process (PID=24733) to work on /opt/airflow/dags/schools.zip
[2026-03-18T16:28:08.173+0000] {processor.py:830} INFO - Processing file /opt/airflow/dags/schools.zip for tasks to queue
[2026-03-18T16:28:08.174+0000] {logging_mixin.py:188} INFO - [2026-03-18T16:28:08.174+0000] {dagbag.py:538} INFO - Filling up the DagBag from /opt/airflow/dags/schools.zip
[2026-03-18T16:28:08.175+0000] {processor.py:842} WARNING - No viable dags retrieved from /opt/airflow/dags/schools.zip
[2026-03-18T16:28:08.180+0000] {processor.py:183} INFO - Processing /opt/airflow/dags/schools.zip took 0.009 seconds
[2026-03-18T16:28:38.773+0000] {processor.py:161} INFO - Started process (PID=24812) to work on /opt/airflow/dags/schools.zip
[2026-03-18T16:28:38.774+0000] {processor.py:830} INFO - Processing file /opt/airflow/dags/schools.zip for tasks to queue
[2026-03-18T16:28:38.775+0000] {logging_mixin.py:188} INFO - [2026-03-18T16:28:38.775+0000] {dagbag.py:538} INFO - Filling up the DagBag from /opt/airflow/dags/schools.zip
[2026-03-18T16:28:38.778+0000] {processor.py:842} WARNING - No viable dags retrieved from /opt/airflow/dags/schools.zip
[2026-03-18T16:28:38.784+0000] {processor.py:183} INFO - Processing /opt/airflow/dags/schools.zip took 0.012 seconds
[2026-03-18T16:29:08.954+0000] {processor.py:161} INFO - Started process (PID=24890) to work on /opt/airflow/dags/schools.zip
[2026-03-18T16:29:08.954+0000] {processor.py:830} INFO - Processing file /opt/airflow/dags/schools.zip for tasks to queue
[2026-03-18T16:29:08.955+0000] {logging_mixin.py:188} INFO - [2026-03-18T16:29:08.955+0000] {dagbag.py:538} INFO - Filling up the DagBag from /opt/airflow/dags/schools.zip
[2026-03-18T16:29:08.956+0000] {processor.py:842} WARNING - No viable dags retrieved from /opt/airflow/dags/schools.zip
[2026-03-18T16:29:08.961+0000] {processor.py:183} INFO - Processing /opt/airflow/dags/schools.zip took 0.009 seconds
[2026-03-18T16:29:39.352+0000] {processor.py:161} INFO - Started process (PID=24969) to work on /opt/airflow/dags/schools.zip
[2026-03-18T16:29:39.353+0000] {processor.py:830} INFO - Processing file /opt/airflow/dags/schools.zip for tasks to queue
[2026-03-18T16:29:39.353+0000] {logging_mixin.py:188} INFO - [2026-03-18T16:29:39.353+0000] {dagbag.py:538} INFO - Filling up the DagBag from /opt/airflow/dags/schools.zip
[2026-03-18T16:29:39.354+0000] {processor.py:842} WARNING - No viable dags retrieved from /opt/airflow/dags/schools.zip
[2026-03-18T16:29:39.359+0000] {processor.py:183} INFO - Processing /opt/airflow/dags/schools.zip took 0.008 seconds
[2026-03-18T16:30:10.371+0000] {processor.py:161} INFO - Started process (PID=25053) to work on /opt/airflow/dags/schools.zip
[2026-03-18T16:30:10.372+0000] {processor.py:830} INFO - Processing file /opt/airflow/dags/schools.zip for tasks to queue
[2026-03-18T16:30:10.373+0000] {logging_mixin.py:188} INFO - [2026-03-18T16:30:10.373+0000] {dagbag.py:538} INFO - Filling up the DagBag from /opt/airflow/dags/schools.zip
[2026-03-18T16:30:10.373+0000] {processor.py:842} WARNING - No viable dags retrieved from /opt/airflow/dags/schools.zip
[2026-03-18T16:30:10.378+0000] {processor.py:183} INFO - Processing /opt/airflow/dags/schools.zip took 0.009 seconds
