[2026-04-09T22:40:44.405+0000] {taskinstance.py:1956} INFO - Dependencies all met for dep_context=non-requeueable deps ti=<TaskInstance: cambridge_crime_to_s3_to_snowflake.fetch_and_convert scheduled__2026-03-29T00:00:00+00:00 [queued]>
[2026-04-09T22:40:44.410+0000] {taskinstance.py:1956} INFO - Dependencies all met for dep_context=requeueable deps ti=<TaskInstance: cambridge_crime_to_s3_to_snowflake.fetch_and_convert scheduled__2026-03-29T00:00:00+00:00 [queued]>
[2026-04-09T22:40:44.410+0000] {taskinstance.py:2170} INFO - Starting attempt 1 of 2
[2026-04-09T22:40:44.419+0000] {taskinstance.py:2191} INFO - Executing <Task(PythonOperator): fetch_and_convert> on 2026-03-29 00:00:00+00:00
[2026-04-09T22:40:44.424+0000] {standard_task_runner.py:60} INFO - Started process 95 to run task
[2026-04-09T22:40:44.428+0000] {standard_task_runner.py:87} INFO - Running: ['***', 'tasks', 'run', 'cambridge_crime_to_s3_to_snowflake', 'fetch_and_convert', 'scheduled__2026-03-29T00:00:00+00:00', '--job-id', '374', '--raw', '--subdir', 'DAGS_FOLDER/cambridge_api_to_s3_to_snowflake.py', '--cfg-path', '/tmp/tmppbxt522f']
[2026-04-09T22:40:44.429+0000] {standard_task_runner.py:88} INFO - Job 374: Subtask fetch_and_convert
[2026-04-09T22:40:44.478+0000] {task_command.py:423} INFO - Running <TaskInstance: cambridge_crime_to_s3_to_snowflake.fetch_and_convert scheduled__2026-03-29T00:00:00+00:00 [running]> on host fc1f5ec42310
[2026-04-09T22:40:44.546+0000] {taskinstance.py:2480} INFO - Exporting env vars: AIRFLOW_CTX_DAG_OWNER='***' AIRFLOW_CTX_DAG_ID='cambridge_crime_to_s3_to_snowflake' AIRFLOW_CTX_TASK_ID='fetch_and_convert' AIRFLOW_CTX_EXECUTION_DATE='2026-03-29T00:00:00+00:00' AIRFLOW_CTX_TRY_NUMBER='1' AIRFLOW_CTX_DAG_RUN_ID='scheduled__2026-03-29T00:00:00+00:00'
[2026-04-09T22:40:44.547+0000] {logging_mixin.py:188} INFO - Fetching Cambridge crime data from https://data.cambridgema.gov/resource/xuad-73uj.json
[2026-04-09T22:40:48.240+0000] {logging_mixin.py:188} INFO - Fetched 10,000 records so far...
[2026-04-09T22:40:52.371+0000] {logging_mixin.py:188} INFO - Fetched 20,000 records so far...
[2026-04-09T22:40:54.554+0000] {logging_mixin.py:188} INFO - Fetched 30,000 records so far...
[2026-04-09T22:40:55.999+0000] {logging_mixin.py:188} INFO - Fetched 40,000 records so far...
[2026-04-09T22:40:56.870+0000] {logging_mixin.py:188} INFO - Fetched 50,000 records so far...
[2026-04-09T22:40:58.543+0000] {logging_mixin.py:188} INFO - Fetched 60,000 records so far...
[2026-04-09T22:41:00.205+0000] {logging_mixin.py:188} INFO - Fetched 70,000 records so far...
[2026-04-09T22:41:01.084+0000] {logging_mixin.py:188} INFO - Fetched 80,000 records so far...
[2026-04-09T22:41:02.534+0000] {logging_mixin.py:188} INFO - Fetched 90,000 records so far...
[2026-04-09T22:41:03.927+0000] {logging_mixin.py:188} INFO - Fetched 100,000 records so far...
[2026-04-09T22:41:05.455+0000] {logging_mixin.py:188} INFO - Fetched 109,214 records so far...
[2026-04-09T22:41:05.456+0000] {logging_mixin.py:188} INFO - Total records fetched: 109,214
[2026-04-09T22:41:05.966+0000] {logging_mixin.py:188} INFO - CSV written: /opt/***/cambridge_crime_20260329T000000.csv
[2026-04-09T22:41:06.133+0000] {python.py:201} INFO - Done. Returned value was: {'csv_path': '/opt/***/cambridge_crime_20260329T000000.csv', 'record_count': 109214}
[2026-04-09T22:41:06.144+0000] {taskinstance.py:1138} INFO - Marking task as SUCCESS. dag_id=cambridge_crime_to_s3_to_snowflake, task_id=fetch_and_convert, execution_date=20260329T000000, start_date=20260409T224044, end_date=20260409T224106
[2026-04-09T22:41:06.169+0000] {local_task_job_runner.py:234} INFO - Task exited with return code 0
[2026-04-09T22:41:06.192+0000] {taskinstance.py:3280} INFO - 1 downstream tasks scheduled from follow-on schedule check
