[2026-02-19T23:48:06.234+0000] {taskinstance.py:1956} INFO - Dependencies all met for dep_context=non-requeueable deps ti=<TaskInstance: schools_to_s3_to_snowflake.extract_and_convert manual__2026-02-19T23:48:05.129606+00:00 [queued]>
[2026-02-19T23:48:06.238+0000] {taskinstance.py:1956} INFO - Dependencies all met for dep_context=requeueable deps ti=<TaskInstance: schools_to_s3_to_snowflake.extract_and_convert manual__2026-02-19T23:48:05.129606+00:00 [queued]>
[2026-02-19T23:48:06.238+0000] {taskinstance.py:2170} INFO - Starting attempt 1 of 2
[2026-02-19T23:48:06.246+0000] {taskinstance.py:2191} INFO - Executing <Task(PythonOperator): extract_and_convert> on 2026-02-19 23:48:05.129606+00:00
[2026-02-19T23:48:06.249+0000] {standard_task_runner.py:60} INFO - Started process 912 to run task
[2026-02-19T23:48:06.251+0000] {standard_task_runner.py:87} INFO - Running: ['***', 'tasks', 'run', 'schools_to_s3_to_snowflake', 'extract_and_convert', 'manual__2026-02-19T23:48:05.129606+00:00', '--job-id', '110', '--raw', '--subdir', 'DAGS_FOLDER/schools_to_s3_to_snowflake.py', '--cfg-path', '/tmp/tmpebmpautf']
[2026-02-19T23:48:06.252+0000] {standard_task_runner.py:88} INFO - Job 110: Subtask extract_and_convert
[2026-02-19T23:48:06.269+0000] {task_command.py:423} INFO - Running <TaskInstance: schools_to_s3_to_snowflake.extract_and_convert manual__2026-02-19T23:48:05.129606+00:00 [running]> on host 6f9247237071
[2026-02-19T23:48:06.294+0000] {taskinstance.py:2480} INFO - Exporting env vars: AIRFLOW_CTX_DAG_OWNER='***' AIRFLOW_CTX_DAG_ID='schools_to_s3_to_snowflake' AIRFLOW_CTX_TASK_ID='extract_and_convert' AIRFLOW_CTX_EXECUTION_DATE='2026-02-19T23:48:05.129606+00:00' AIRFLOW_CTX_TRY_NUMBER='1' AIRFLOW_CTX_DAG_RUN_ID='manual__2026-02-19T23:48:05.129606+00:00'
[2026-02-19T23:48:06.295+0000] {logging_mixin.py:188} INFO - Extracting shapefile from /opt/***/dags/schools.zip
[2026-02-19T23:48:06.300+0000] {logging_mixin.py:188} INFO - Found DBF file: SCHOOLS_PT.dbf in /opt/***/schools_extracted/Schools
[2026-02-19T23:48:06.300+0000] {logging_mixin.py:188} INFO - All files extracted: ['SCHOOLS_PT.shp.xml', 'SCHOOLS_PT.prj', 'SCHOOLS_PT.sbn', 'SCHOOLS_PT.shp', 'SCHOOLS_PT.shx', 'SCHOOLS_PT.cpg', 'SCHOOLS_PT.dbf', 'SCHOOLS_PT.sbx', 'Schools.lyr']
[2026-02-19T23:48:06.301+0000] {logging_mixin.py:188} INFO - Reading DBF file: /opt/***/schools_extracted/Schools/SCHOOLS_PT.dbf
[2026-02-19T23:48:06.324+0000] {logging_mixin.py:188} INFO - Found 2448 school records
[2026-02-19T23:48:06.324+0000] {logging_mixin.py:188} INFO - Converting to CSV: /opt/***/schools_pt_20260219T234805.csv
[2026-02-19T23:48:06.332+0000] {logging_mixin.py:188} INFO - CSV saved to /opt/***/schools_pt_20260219T234805.csv
[2026-02-19T23:48:06.332+0000] {logging_mixin.py:188} INFO - Columns: ['SCHID', 'NAME', 'ADDRESS', 'TOWN_MAIL', 'TOWN', 'ZIPCODE', 'PHONE', 'GRADES', 'TYPE', 'TYPE_DESC', 'DIST_NAME', 'DIST_CODE', 'MA_ADDR_ID', 'TYPE_DESC2']
[2026-02-19T23:48:06.343+0000] {python.py:201} INFO - Done. Returned value was: {'csv_path': '/opt/***/schools_pt_20260219T234805.csv', 'record_count': 2448}
[2026-02-19T23:48:06.349+0000] {taskinstance.py:1138} INFO - Marking task as SUCCESS. dag_id=schools_to_s3_to_snowflake, task_id=extract_and_convert, execution_date=20260219T234805, start_date=20260219T234806, end_date=20260219T234806
[2026-02-19T23:48:06.392+0000] {local_task_job_runner.py:234} INFO - Task exited with return code 0
[2026-02-19T23:48:06.402+0000] {taskinstance.py:3280} INFO - 1 downstream tasks scheduled from follow-on schedule check
