[2026-02-18T02:39:09.199+0000] {taskinstance.py:1956} INFO - Dependencies all met for dep_context=non-requeueable deps ti=<TaskInstance: boston_api_to_s3_to_snowflake.fetch_and_convert manual__2026-02-18T02:39:07.558372+00:00 [queued]>
[2026-02-18T02:39:09.202+0000] {taskinstance.py:1956} INFO - Dependencies all met for dep_context=requeueable deps ti=<TaskInstance: boston_api_to_s3_to_snowflake.fetch_and_convert manual__2026-02-18T02:39:07.558372+00:00 [queued]>
[2026-02-18T02:39:09.202+0000] {taskinstance.py:2170} INFO - Starting attempt 1 of 2
[2026-02-18T02:39:09.205+0000] {taskinstance.py:2191} INFO - Executing <Task(PythonOperator): fetch_and_convert> on 2026-02-18 02:39:07.558372+00:00
[2026-02-18T02:39:09.208+0000] {standard_task_runner.py:60} INFO - Started process 421 to run task
[2026-02-18T02:39:09.209+0000] {standard_task_runner.py:87} INFO - Running: ['***', 'tasks', 'run', 'boston_api_to_s3_to_snowflake', 'fetch_and_convert', 'manual__2026-02-18T02:39:07.558372+00:00', '--job-id', '44', '--raw', '--subdir', 'DAGS_FOLDER/boston_api_to_s3.py', '--cfg-path', '/tmp/tmpmcaqqkrh']
[2026-02-18T02:39:09.210+0000] {standard_task_runner.py:88} INFO - Job 44: Subtask fetch_and_convert
[2026-02-18T02:39:09.224+0000] {task_command.py:423} INFO - Running <TaskInstance: boston_api_to_s3_to_snowflake.fetch_and_convert manual__2026-02-18T02:39:07.558372+00:00 [running]> on host 0469b07bdd65
[2026-02-18T02:39:09.247+0000] {taskinstance.py:2480} INFO - Exporting env vars: AIRFLOW_CTX_DAG_OWNER='***' AIRFLOW_CTX_DAG_ID='boston_api_to_s3_to_snowflake' AIRFLOW_CTX_TASK_ID='fetch_and_convert' AIRFLOW_CTX_EXECUTION_DATE='2026-02-18T02:39:07.558372+00:00' AIRFLOW_CTX_TRY_NUMBER='1' AIRFLOW_CTX_DAG_RUN_ID='manual__2026-02-18T02:39:07.558372+00:00'
[2026-02-18T02:39:09.249+0000] {logging_mixin.py:188} INFO - Fetching ALL data from https://data.boston.gov/api/3/action/datastore_search?resource_id=b973d8cb-eeb2-4e7e-99da-c92938efc9c0 with pagination
[2026-02-18T02:39:09.249+0000] {logging_mixin.py:188} INFO - Fetching records 0 to 10000...
[2026-02-18T02:39:09.652+0000] {logging_mixin.py:188} INFO - Fetched 10000 records. Total so far: 10000
[2026-02-18T02:39:09.652+0000] {logging_mixin.py:188} INFO - Fetching records 10000 to 20000...
[2026-02-18T02:39:10.075+0000] {logging_mixin.py:188} INFO - Fetched 10000 records. Total so far: 20000
[2026-02-18T02:39:10.075+0000] {logging_mixin.py:188} INFO - Fetching records 20000 to 30000...
[2026-02-18T02:39:10.466+0000] {logging_mixin.py:188} INFO - Fetched 10000 records. Total so far: 30000
[2026-02-18T02:39:10.467+0000] {logging_mixin.py:188} INFO - Fetching records 30000 to 40000...
[2026-02-18T02:39:10.912+0000] {logging_mixin.py:188} INFO - Fetched 10000 records. Total so far: 40000
[2026-02-18T02:39:10.912+0000] {logging_mixin.py:188} INFO - Fetching records 40000 to 50000...
[2026-02-18T02:39:11.251+0000] {logging_mixin.py:188} INFO - Fetched 10000 records. Total so far: 50000
[2026-02-18T02:39:11.251+0000] {logging_mixin.py:188} INFO - Fetching records 50000 to 60000...
[2026-02-18T02:39:11.594+0000] {logging_mixin.py:188} INFO - Fetched 10000 records. Total so far: 60000
[2026-02-18T02:39:11.594+0000] {logging_mixin.py:188} INFO - Fetching records 60000 to 70000...
[2026-02-18T02:39:11.976+0000] {logging_mixin.py:188} INFO - Fetched 10000 records. Total so far: 70000
[2026-02-18T02:39:11.976+0000] {logging_mixin.py:188} INFO - Fetching records 70000 to 80000...
[2026-02-18T02:39:12.366+0000] {logging_mixin.py:188} INFO - Fetched 10000 records. Total so far: 80000
[2026-02-18T02:39:12.367+0000] {logging_mixin.py:188} INFO - Fetching records 80000 to 90000...
[2026-02-18T02:39:12.738+0000] {logging_mixin.py:188} INFO - Fetched 10000 records. Total so far: 90000
[2026-02-18T02:39:12.738+0000] {logging_mixin.py:188} INFO - Fetching records 90000 to 100000...
[2026-02-18T02:39:13.130+0000] {logging_mixin.py:188} INFO - Fetched 10000 records. Total so far: 100000
[2026-02-18T02:39:13.130+0000] {logging_mixin.py:188} INFO - Fetching records 100000 to 110000...
[2026-02-18T02:39:13.592+0000] {logging_mixin.py:188} INFO - Fetched 10000 records. Total so far: 110000
[2026-02-18T02:39:13.592+0000] {logging_mixin.py:188} INFO - Fetching records 110000 to 120000...
[2026-02-18T02:39:13.997+0000] {logging_mixin.py:188} INFO - Fetched 10000 records. Total so far: 120000
[2026-02-18T02:39:13.998+0000] {logging_mixin.py:188} INFO - Fetching records 120000 to 130000...
[2026-02-18T02:39:14.416+0000] {logging_mixin.py:188} INFO - Fetched 10000 records. Total so far: 130000
[2026-02-18T02:39:14.416+0000] {logging_mixin.py:188} INFO - Fetching records 130000 to 140000...
[2026-02-18T02:39:14.815+0000] {logging_mixin.py:188} INFO - Fetched 10000 records. Total so far: 140000
[2026-02-18T02:39:14.815+0000] {logging_mixin.py:188} INFO - Fetching records 140000 to 150000...
[2026-02-18T02:39:15.247+0000] {logging_mixin.py:188} INFO - Fetched 10000 records. Total so far: 150000
[2026-02-18T02:39:15.247+0000] {logging_mixin.py:188} INFO - Fetching records 150000 to 160000...
[2026-02-18T02:39:15.660+0000] {logging_mixin.py:188} INFO - Fetched 10000 records. Total so far: 160000
[2026-02-18T02:39:15.661+0000] {logging_mixin.py:188} INFO - Fetching records 160000 to 170000...
[2026-02-18T02:39:16.091+0000] {logging_mixin.py:188} INFO - Fetched 10000 records. Total so far: 170000
[2026-02-18T02:39:16.092+0000] {logging_mixin.py:188} INFO - Fetching records 170000 to 180000...
[2026-02-18T02:39:16.501+0000] {logging_mixin.py:188} INFO - Fetched 10000 records. Total so far: 180000
[2026-02-18T02:39:16.502+0000] {logging_mixin.py:188} INFO - Fetching records 180000 to 190000...
[2026-02-18T02:39:16.964+0000] {logging_mixin.py:188} INFO - Fetched 10000 records. Total so far: 190000
[2026-02-18T02:39:16.964+0000] {logging_mixin.py:188} INFO - Fetching records 190000 to 200000...
[2026-02-18T02:39:17.419+0000] {logging_mixin.py:188} INFO - Fetched 10000 records. Total so far: 200000
[2026-02-18T02:39:17.420+0000] {logging_mixin.py:188} INFO - Fetching records 200000 to 210000...
[2026-02-18T02:39:17.977+0000] {logging_mixin.py:188} INFO - Fetched 10000 records. Total so far: 210000
[2026-02-18T02:39:17.978+0000] {logging_mixin.py:188} INFO - Fetching records 210000 to 220000...
[2026-02-18T02:39:18.429+0000] {logging_mixin.py:188} INFO - Fetched 10000 records. Total so far: 220000
[2026-02-18T02:39:18.430+0000] {logging_mixin.py:188} INFO - Fetching records 220000 to 230000...
[2026-02-18T02:39:18.919+0000] {logging_mixin.py:188} INFO - Fetched 10000 records. Total so far: 230000
[2026-02-18T02:39:18.919+0000] {logging_mixin.py:188} INFO - Fetching records 230000 to 240000...
[2026-02-18T02:39:19.357+0000] {logging_mixin.py:188} INFO - Fetched 10000 records. Total so far: 240000
[2026-02-18T02:39:19.357+0000] {logging_mixin.py:188} INFO - Fetching records 240000 to 250000...
[2026-02-18T02:39:19.770+0000] {logging_mixin.py:188} INFO - Fetched 7672 records. Total so far: 247672
[2026-02-18T02:39:19.770+0000] {logging_mixin.py:188} INFO - Reached last page
[2026-02-18T02:39:19.770+0000] {logging_mixin.py:188} INFO - Finished fetching. Total records: 247672
[2026-02-18T02:39:19.770+0000] {logging_mixin.py:188} INFO - Saving JSON to /opt/***/boston_crime_20260218T023907.json
[2026-02-18T02:39:21.854+0000] {logging_mixin.py:188} INFO - Converting 247672 records to CSV
[2026-02-18T02:39:21.876+0000] {logging_mixin.py:188} INFO - CSV saved to /opt/***/boston_crime_20260218T023907.csv
[2026-02-18T02:39:21.877+0000] {logging_mixin.py:188} INFO - JSON and CSV files saved in ***-project directory
[2026-02-18T02:39:21.941+0000] {python.py:201} INFO - Done. Returned value was: {'csv_path': '/opt/***/boston_crime_20260218T023907.csv', 'json_path': '/opt/***/boston_crime_20260218T023907.json', 'record_count': 247672}
[2026-02-18T02:39:21.958+0000] {taskinstance.py:1138} INFO - Marking task as SUCCESS. dag_id=boston_api_to_s3_to_snowflake, task_id=fetch_and_convert, execution_date=20260218T023907, start_date=20260218T023909, end_date=20260218T023921
[2026-02-18T02:39:21.993+0000] {local_task_job_runner.py:234} INFO - Task exited with return code 0
[2026-02-18T02:39:22.013+0000] {taskinstance.py:3280} INFO - 1 downstream tasks scheduled from follow-on schedule check
