[2026-02-19T23:37:28.691+0000] {taskinstance.py:1956} INFO - Dependencies all met for dep_context=non-requeueable deps ti=<TaskInstance: schools_to_s3_to_snowflake.extract_and_convert manual__2026-02-19T23:32:26.592429+00:00 [queued]>
[2026-02-19T23:37:28.695+0000] {taskinstance.py:1956} INFO - Dependencies all met for dep_context=requeueable deps ti=<TaskInstance: schools_to_s3_to_snowflake.extract_and_convert manual__2026-02-19T23:32:26.592429+00:00 [queued]>
[2026-02-19T23:37:28.695+0000] {taskinstance.py:2170} INFO - Starting attempt 2 of 2
[2026-02-19T23:37:28.700+0000] {taskinstance.py:2191} INFO - Executing <Task(PythonOperator): extract_and_convert> on 2026-02-19 23:32:26.592429+00:00
[2026-02-19T23:37:28.704+0000] {standard_task_runner.py:60} INFO - Started process 730 to run task
[2026-02-19T23:37:28.706+0000] {standard_task_runner.py:87} INFO - Running: ['***', 'tasks', 'run', 'schools_to_s3_to_snowflake', 'extract_and_convert', 'manual__2026-02-19T23:32:26.592429+00:00', '--job-id', '105', '--raw', '--subdir', 'DAGS_FOLDER/schools_to_s3_to_snowflake.py', '--cfg-path', '/tmp/tmpsgk2tqgh']
[2026-02-19T23:37:28.706+0000] {standard_task_runner.py:88} INFO - Job 105: Subtask extract_and_convert
[2026-02-19T23:37:28.739+0000] {task_command.py:423} INFO - Running <TaskInstance: schools_to_s3_to_snowflake.extract_and_convert manual__2026-02-19T23:32:26.592429+00:00 [running]> on host 6f9247237071
[2026-02-19T23:37:28.771+0000] {taskinstance.py:2480} INFO - Exporting env vars: AIRFLOW_CTX_DAG_OWNER='***' AIRFLOW_CTX_DAG_ID='schools_to_s3_to_snowflake' AIRFLOW_CTX_TASK_ID='extract_and_convert' AIRFLOW_CTX_EXECUTION_DATE='2026-02-19T23:32:26.592429+00:00' AIRFLOW_CTX_TRY_NUMBER='2' AIRFLOW_CTX_DAG_RUN_ID='manual__2026-02-19T23:32:26.592429+00:00'
[2026-02-19T23:37:28.772+0000] {logging_mixin.py:188} INFO - Extracting shapefile from /opt/***/dags/schools.zip
[2026-02-19T23:37:28.778+0000] {taskinstance.py:2698} ERROR - Task failed with exception
Traceback (most recent call last):
  File "/home/airflow/.local/lib/python3.8/site-packages/airflow/models/taskinstance.py", line 433, in _execute_task
    result = execute_callable(context=context, **execute_callable_kwargs)
  File "/home/airflow/.local/lib/python3.8/site-packages/airflow/operators/python.py", line 199, in execute
    return_value = self.execute_callable()
  File "/home/airflow/.local/lib/python3.8/site-packages/airflow/operators/python.py", line 216, in execute_callable
    return self.python_callable(*self.op_args, **self.op_kwargs)
  File "/opt/airflow/dags/schools_to_s3_to_snowflake.py", line 55, in extract_and_convert_to_csv
    raise FileNotFoundError("SCHOOLS_PT.dbf not found in the extracted files")
FileNotFoundError: SCHOOLS_PT.dbf not found in the extracted files
[2026-02-19T23:37:28.781+0000] {taskinstance.py:1138} INFO - Marking task as FAILED. dag_id=schools_to_s3_to_snowflake, task_id=extract_and_convert, execution_date=20260219T233226, start_date=20260219T233728, end_date=20260219T233728
[2026-02-19T23:37:28.785+0000] {standard_task_runner.py:107} ERROR - Failed to execute job 105 for task extract_and_convert (SCHOOLS_PT.dbf not found in the extracted files; 730)
[2026-02-19T23:37:28.806+0000] {local_task_job_runner.py:234} INFO - Task exited with return code 1
[2026-02-19T23:37:28.814+0000] {taskinstance.py:3280} INFO - 0 downstream tasks scheduled from follow-on schedule check
