[2026-02-19T04:31:58.366+0000] {taskinstance.py:1956} INFO - Dependencies all met for dep_context=non-requeueable deps ti=<TaskInstance: mbta_api_to_s3_to_snowflake.fetch_mapping manual__2026-02-19T04:31:56.852783+00:00 [queued]>
[2026-02-19T04:31:58.369+0000] {taskinstance.py:1956} INFO - Dependencies all met for dep_context=requeueable deps ti=<TaskInstance: mbta_api_to_s3_to_snowflake.fetch_mapping manual__2026-02-19T04:31:56.852783+00:00 [queued]>
[2026-02-19T04:31:58.369+0000] {taskinstance.py:2170} INFO - Starting attempt 1 of 2
[2026-02-19T04:31:58.374+0000] {taskinstance.py:2191} INFO - Executing <Task(PythonOperator): fetch_mapping> on 2026-02-19 04:31:56.852783+00:00
[2026-02-19T04:31:58.377+0000] {standard_task_runner.py:60} INFO - Started process 1150 to run task
[2026-02-19T04:31:58.381+0000] {standard_task_runner.py:87} INFO - Running: ['***', 'tasks', 'run', 'mbta_api_to_s3_to_snowflake', 'fetch_mapping', 'manual__2026-02-19T04:31:56.852783+00:00', '--job-id', '76', '--raw', '--subdir', 'DAGS_FOLDER/mbta_api_s3_snowflake.py', '--cfg-path', '/tmp/tmpxycw9uw4']
[2026-02-19T04:31:58.382+0000] {standard_task_runner.py:88} INFO - Job 76: Subtask fetch_mapping
[2026-02-19T04:31:58.410+0000] {task_command.py:423} INFO - Running <TaskInstance: mbta_api_to_s3_to_snowflake.fetch_mapping manual__2026-02-19T04:31:56.852783+00:00 [running]> on host 68ec4590c1d2
[2026-02-19T04:31:58.446+0000] {taskinstance.py:2480} INFO - Exporting env vars: AIRFLOW_CTX_DAG_OWNER='***' AIRFLOW_CTX_DAG_ID='mbta_api_to_s3_to_snowflake' AIRFLOW_CTX_TASK_ID='fetch_mapping' AIRFLOW_CTX_EXECUTION_DATE='2026-02-19T04:31:56.852783+00:00' AIRFLOW_CTX_TRY_NUMBER='1' AIRFLOW_CTX_DAG_RUN_ID='manual__2026-02-19T04:31:56.852783+00:00'
[2026-02-19T04:31:58.454+0000] {logging_mixin.py:188} INFO - Fetching route-stop relationships with directions...
[2026-02-19T04:32:00.114+0000] {logging_mixin.py:188} INFO - Processing 1/177: Red (Red Line)...
[2026-02-19T04:32:00.830+0000] {logging_mixin.py:188} INFO - Processing 2/177: Mattapan (Mattapan Line)...
[2026-02-19T04:32:01.590+0000] {logging_mixin.py:188} INFO - Processing 3/177: Orange (Orange Line)...
[2026-02-19T04:32:02.365+0000] {logging_mixin.py:188} INFO - Processing 4/177: Green-B (Green Line B)...
[2026-02-19T04:32:03.114+0000] {logging_mixin.py:188} INFO - Processing 5/177: Green-C (Green Line C)...
[2026-02-19T04:32:03.890+0000] {logging_mixin.py:188} INFO - Processing 6/177: Green-D (Green Line D)...
[2026-02-19T04:32:04.652+0000] {logging_mixin.py:188} INFO - Processing 7/177: Green-E (Green Line E)...
[2026-02-19T04:32:05.378+0000] {logging_mixin.py:188} INFO - Processing 8/177: Blue (Blue Line)...
[2026-02-19T04:32:06.190+0000] {logging_mixin.py:188} INFO - Processing 9/177: 741 (Logan Airport Terminals - South Station)...
[2026-02-19T04:32:06.933+0000] {logging_mixin.py:188} INFO - Processing 10/177: 742 (Design Center - South Station)...
[2026-02-19T04:32:09.713+0000] {logging_mixin.py:188} INFO - Processing 11/177: 743 (Chelsea Station - South Station)...
[2026-02-19T04:32:10.481+0000] {logging_mixin.py:188} INFO - Processing 12/177: 751 (Nubian Station - South Station)...
[2026-02-19T04:32:11.229+0000] {logging_mixin.py:188} INFO - Processing 13/177: 749 (Nubian Station - Temple Place)...
[2026-02-19T04:32:11.973+0000] {logging_mixin.py:188} INFO - Processing 14/177: 746 (Silver Line Way - South Station)...
[2026-02-19T04:32:12.685+0000] {logging_mixin.py:188} INFO - Processing 15/177: CR-Fairmount (Fairmount Line)...
[2026-02-19T04:32:13.528+0000] {logging_mixin.py:188} INFO - Processing 16/177: CR-NewBedford (Fall River/New Bedford Line)...
[2026-02-19T04:32:14.257+0000] {logging_mixin.py:188} INFO - Processing 17/177: CR-Fitchburg (Fitchburg Line)...
[2026-02-19T04:32:14.993+0000] {logging_mixin.py:188} INFO - Processing 18/177: CR-Worcester (Framingham/Worcester Line)...
[2026-02-19T04:32:15.737+0000] {logging_mixin.py:188} INFO - Processing 19/177: CR-Franklin (Franklin/Foxboro Line)...
[2026-02-19T04:32:16.492+0000] {logging_mixin.py:188} INFO - Processing 20/177: CR-Greenbush (Greenbush Line)...
[2026-02-19T04:32:19.276+0000] {logging_mixin.py:188} INFO - Processing 21/177: CR-Haverhill (Haverhill Line)...
[2026-02-19T04:32:20.011+0000] {logging_mixin.py:188} INFO - Processing 22/177: CR-Kingston (Kingston Line)...
[2026-02-19T04:32:20.741+0000] {logging_mixin.py:188} INFO - Processing 23/177: CR-Lowell (Lowell Line)...
[2026-02-19T04:32:21.524+0000] {logging_mixin.py:188} INFO - Processing 24/177: CR-Needham (Needham Line)...
[2026-02-19T04:32:22.240+0000] {logging_mixin.py:188} INFO - Processing 25/177: CR-Newburyport (Newburyport/Rockport Line)...
[2026-02-19T04:32:23.010+0000] {logging_mixin.py:188} INFO - Processing 26/177: CR-Providence (Providence/Stoughton Line)...
[2026-02-19T04:32:23.739+0000] {logging_mixin.py:188} INFO - Processing 27/177: CR-Foxboro (Foxboro Event Service)...
[2026-02-19T04:32:24.507+0000] {logging_mixin.py:188} INFO - Processing 28/177: Boat-F4 (Charlestown Ferry)...
[2026-02-19T04:32:25.272+0000] {logging_mixin.py:188} INFO - Processing 29/177: Boat-F1 (Hingham/Hull Ferry)...
[2026-02-19T04:32:26.015+0000] {logging_mixin.py:188} INFO - Processing 30/177: Boat-EastBoston (East Boston Ferry)...
[2026-02-19T04:32:28.789+0000] {logging_mixin.py:188} INFO - Processing 31/177: Boat-Lynn (Lynn Ferry)...
[2026-02-19T04:32:29.543+0000] {logging_mixin.py:188} INFO - Processing 32/177: Boat-F6 (Winthrop Ferry)...
[2026-02-19T04:32:30.304+0000] {logging_mixin.py:188} INFO - Processing 33/177: Boat-F7 (Quincy Ferry)...
[2026-02-19T04:32:31.032+0000] {logging_mixin.py:188} INFO - Processing 34/177: 747 (Sullivan Square Station - Ruggles Station)...
[2026-02-19T04:32:31.816+0000] {logging_mixin.py:188} INFO - Processing 35/177: 708 (Beth Israel Deaconess Hospital - Andrew Station)...
[2026-02-19T04:32:32.574+0000] {logging_mixin.py:188} INFO - Processing 36/177: 1 (Harvard Square - Nubian Station)...
[2026-02-19T04:32:33.348+0000] {logging_mixin.py:188} INFO - Processing 37/177: 4 (North Station - Design Center)...
[2026-02-19T04:32:34.083+0000] {logging_mixin.py:188} INFO - Processing 38/177: 7 (City Point - Otis Street & Summer Street)...
[2026-02-19T04:32:34.836+0000] {logging_mixin.py:188} INFO - Processing 39/177: 8 (Harbor Point - Kenmore Station)...
[2026-02-19T04:32:35.613+0000] {logging_mixin.py:188} INFO - Processing 40/177: 9 (City Point - Copley Square)...
[2026-02-19T04:32:38.388+0000] {logging_mixin.py:188} INFO - Processing 41/177: 10 (City Point - Arlington Station)...
[2026-02-19T04:32:39.164+0000] {logging_mixin.py:188} INFO - Processing 42/177: 11 (City Point - Chauncy Street & Summer Street)...
[2026-02-19T04:32:39.925+0000] {logging_mixin.py:188} INFO - Processing 43/177: 14 (Roslindale Square - Heath Street)...
[2026-02-19T04:32:40.694+0000] {logging_mixin.py:188} INFO - Processing 44/177: 15 (Fields Corner Station - Ruggles Station)...
[2026-02-19T04:32:41.478+0000] {logging_mixin.py:188} INFO - Processing 45/177: 16 (Forest Hills Station - Andrew Station or Harbor Point)...
[2026-02-19T04:32:42.231+0000] {logging_mixin.py:188} INFO - Processing 46/177: 17 (Fields Corner Station - Andrew Station)...
[2026-02-19T04:32:42.976+0000] {logging_mixin.py:188} INFO - Processing 47/177: 18 (Ashmont Station - Andrew Station)...
[2026-02-19T04:32:43.732+0000] {logging_mixin.py:188} INFO - Processing 48/177: 19 (Fields Corner Station - Kenmore or Ruggles Station)...
[2026-02-19T04:32:44.483+0000] {logging_mixin.py:188} INFO - Processing 49/177: 21 (Ashmont Station - Forest Hills Station)...
[2026-02-19T04:32:45.207+0000] {logging_mixin.py:188} INFO - Processing 50/177: 22 (Ashmont Station - Ruggles Station via Talbot Ave)...
[2026-02-19T04:32:47.960+0000] {logging_mixin.py:188} INFO - Processing 51/177: 23 (Ashmont Station - Ruggles Station via Washington Street)...
[2026-02-19T04:32:48.697+0000] {logging_mixin.py:188} INFO - Processing 52/177: 24 (Wakefield Avenue & Truman Parkway - Ashmont Station)...
[2026-02-19T04:32:49.416+0000] {logging_mixin.py:188} INFO - Processing 53/177: 26 (Ashmont Station - Norfolk Street Loop)...
[2026-02-19T04:32:50.139+0000] {logging_mixin.py:188} INFO - Processing 54/177: 28 (Mattapan Station - Ruggles Station)...
[2026-02-19T04:32:50.884+0000] {logging_mixin.py:188} INFO - Processing 55/177: 29 (Mattapan Station - Jackson Square Station)...
[2026-02-19T04:32:51.606+0000] {logging_mixin.py:188} INFO - Processing 56/177: 30 (Mattapan Station - Forest Hills Station via Cummins Highway and Roslindale Square)...
[2026-02-19T04:32:52.299+0000] {logging_mixin.py:188} INFO - Processing 57/177: 31 (Mattapan Station - Forest Hills Station via Morton Street)...
[2026-02-19T04:32:53.020+0000] {logging_mixin.py:188} INFO - Processing 58/177: 32 (Wolcott or Cleary Square - Forest Hills Station)...
[2026-02-19T04:32:53.809+0000] {logging_mixin.py:188} INFO - Processing 59/177: 33 (River Street & Milton Street - Mattapan Station)...
[2026-02-19T04:32:54.572+0000] {logging_mixin.py:188} INFO - Processing 60/177: 34 (Dedham Square - Forest Hills Station)...
[2026-02-19T04:32:57.305+0000] {logging_mixin.py:188} INFO - Processing 61/177: 34E (Walpole Center - Forest Hills Station)...
[2026-02-19T04:32:58.116+0000] {logging_mixin.py:188} INFO - Processing 62/177: 35 (Dedham Mall or Stimson Street - Forest Hills Station)...
[2026-02-19T04:32:58.893+0000] {logging_mixin.py:188} INFO - Processing 63/177: 36 (Millennium Park or VA Hospital - Forest Hills Station)...
[2026-02-19T04:32:59.700+0000] {logging_mixin.py:188} INFO - Processing 64/177: 37 (Baker Street & Vermont Street - Forest Hills Station)...
[2026-02-19T04:33:00.507+0000] {logging_mixin.py:188} INFO - Processing 65/177: 38 (Wren Street - Forest Hills Station)...
[2026-02-19T04:33:01.247+0000] {logging_mixin.py:188} INFO - Processing 66/177: 39 (Forest Hills Station - Back Bay Station)...
[2026-02-19T04:33:02.005+0000] {logging_mixin.py:188} INFO - Processing 67/177: 40 (Georgetowne - Forest Hills Station)...
[2026-02-19T04:33:02.747+0000] {logging_mixin.py:188} INFO - Processing 68/177: 41 (Centre Street & Eliot Street - JFK/UMass Station)...
[2026-02-19T04:33:03.514+0000] {logging_mixin.py:188} INFO - Processing 69/177: 42 (Forest Hills Station - Nubian Station)...
[2026-02-19T04:33:04.285+0000] {logging_mixin.py:188} INFO - Processing 70/177: 43 (Ruggles Station - Park Street Station)...
[2026-02-19T04:33:07.022+0000] {logging_mixin.py:188} INFO - Processing 71/177: 44 (Jackson Square Station - Ruggles Station)...
[2026-02-19T04:33:07.819+0000] {logging_mixin.py:188} INFO - Processing 72/177: 45 (Franklin Park - Ruggles Station)...
[2026-02-19T04:33:08.619+0000] {logging_mixin.py:188} INFO - Processing 73/177: 47 (Central Square, Cambridge - Broadway Station)...
[2026-02-19T04:33:09.388+0000] {logging_mixin.py:188} INFO - Processing 74/177: 50 (Cleary Square - Forest Hills Station)...
[2026-02-19T04:33:10.219+0000] {logging_mixin.py:188} INFO - Processing 75/177: 51 (Reservoir Station - Forest Hills Station)...
[2026-02-19T04:33:11.022+0000] {logging_mixin.py:188} INFO - Processing 76/177: 52 (Dedham Mall - Watertown Yard)...
[2026-02-19T04:33:11.816+0000] {logging_mixin.py:188} INFO - Processing 77/177: 55 (West Fenway - Arlington Station)...
[2026-02-19T04:33:12.606+0000] {logging_mixin.py:188} INFO - Processing 78/177: 57 (Watertown Yard - Kenmore Station)...
[2026-02-19T04:33:13.429+0000] {logging_mixin.py:188} INFO - Processing 79/177: 59 (Needham Junction - Watertown Square)...
[2026-02-19T04:33:14.221+0000] {logging_mixin.py:188} INFO - Processing 80/177: 60 (Chestnut Hill - Kenmore Station)...
[2026-02-19T04:33:16.981+0000] {logging_mixin.py:188} INFO - Processing 81/177: 61 (North Waltham - Waltham Center)...
[2026-02-19T04:33:17.867+0000] {logging_mixin.py:188} INFO - Processing 82/177: 62 (Bedford VA Hospital - Alewife Station)...
[2026-02-19T04:33:18.680+0000] {logging_mixin.py:188} INFO - Processing 83/177: 64 (Oak Square - University Park or Kendall/MIT Station)...
[2026-02-19T04:33:19.426+0000] {logging_mixin.py:188} INFO - Processing 84/177: 65 (Brighton Center - Kenmore Station)...
[2026-02-19T04:33:20.177+0000] {logging_mixin.py:188} INFO - Processing 85/177: 66 (Harvard Square - Nubian Station)...
[2026-02-19T04:33:20.922+0000] {logging_mixin.py:188} INFO - Processing 86/177: 67 (Turkey Hill - Alewife Station)...
[2026-02-19T04:33:21.664+0000] {logging_mixin.py:188} INFO - Processing 87/177: 68 (Harvard Square - Kendall/MIT Station)...
[2026-02-19T04:33:22.392+0000] {logging_mixin.py:188} INFO - Processing 88/177: 69 (Harvard Square - Lechmere Station)...
[2026-02-19T04:33:23.136+0000] {logging_mixin.py:188} INFO - Processing 89/177: 70 (Market Place Drive or Waltham Center - University Park)...
[2026-02-19T04:33:23.881+0000] {logging_mixin.py:188} INFO - Processing 90/177: 71 (Watertown Square - Harvard Station)...
[2026-02-19T04:33:26.666+0000] {logging_mixin.py:188} INFO - Processing 91/177: 73 (Waverley Square - Harvard Station)...
[2026-02-19T04:33:27.465+0000] {logging_mixin.py:188} INFO - Processing 92/177: 74 (Belmont Center - Harvard via Concord Avenue)...
[2026-02-19T04:33:28.295+0000] {logging_mixin.py:188} INFO - Processing 93/177: 75 (Belmont Center - Harvard via Huron Avenue)...
[2026-02-19T04:33:29.122+0000] {logging_mixin.py:188} INFO - Processing 94/177: 76 (Lincoln Lab - Alewife Station)...
[2026-02-19T04:33:30.006+0000] {logging_mixin.py:188} INFO - Processing 95/177: 77 (Arlington Heights - Harvard Station)...
[2026-02-19T04:33:30.787+0000] {logging_mixin.py:188} INFO - Processing 96/177: 78 (Arlmont Village - Harvard Station)...
[2026-02-19T04:33:31.566+0000] {logging_mixin.py:188} INFO - Processing 97/177: 80 (Arlington Center - Lechmere Station)...
[2026-02-19T04:33:32.355+0000] {logging_mixin.py:188} INFO - Processing 98/177: 83 (Rindge Avenue - Central Square, Cambridge)...
[2026-02-19T04:33:33.198+0000] {logging_mixin.py:188} INFO - Processing 99/177: 85 (Spring Hill - Kendall/MIT Station)...
[2026-02-19T04:33:34.075+0000] {logging_mixin.py:188} INFO - Processing 100/177: 86 (Harvard Square - Reservoir Station)...
[2026-02-19T04:33:36.874+0000] {logging_mixin.py:188} INFO - Processing 101/177: 87 (Clarendon Hill or Arlington Center - Lechmere Station)...
[2026-02-19T04:33:37.623+0000] {logging_mixin.py:188} INFO - Processing 102/177: 88 (Clarendon Hill - Lechmere Station)...
[2026-02-19T04:33:38.449+0000] {logging_mixin.py:188} INFO - Processing 103/177: 89 (Clarendon Hill or Davis Station - Sullivan Square Station)...
[2026-02-19T04:33:39.261+0000] {logging_mixin.py:188} INFO - Processing 104/177: 90 (Davis Station - Assembly Row)...
[2026-02-19T04:33:40.034+0000] {logging_mixin.py:188} INFO - Processing 105/177: 91 (Sullivan Square Station - Central Square, Cambridge)...
[2026-02-19T04:33:40.830+0000] {logging_mixin.py:188} INFO - Processing 106/177: 92 (Sullivan Square Station - Downtown via Main Street)...
[2026-02-19T04:33:41.621+0000] {logging_mixin.py:188} INFO - Processing 107/177: 93 (Sullivan Square Station - Downtown via Bunker Hill Street)...
[2026-02-19T04:33:42.406+0000] {logging_mixin.py:188} INFO - Processing 108/177: 94 (Medford Square - Davis Station)...
[2026-02-19T04:33:43.161+0000] {logging_mixin.py:188} INFO - Processing 109/177: 95 (West Medford or Arlington Center - Sullivan Square Station)...
[2026-02-19T04:33:43.920+0000] {logging_mixin.py:188} INFO - Processing 110/177: 96 (Medford Square - Harvard Station)...
[2026-02-19T04:33:46.708+0000] {logging_mixin.py:188} INFO - Processing 111/177: 97 (Malden Center Station - Wellington Station)...
[2026-02-19T04:33:47.515+0000] {logging_mixin.py:188} INFO - Processing 112/177: 99 (Woodland Road - Wellington Station)...
[2026-02-19T04:33:48.275+0000] {logging_mixin.py:188} INFO - Processing 113/177: 100 (Elm Street - Wellington Station)...
[2026-02-19T04:33:49.055+0000] {logging_mixin.py:188} INFO - Processing 114/177: 101 (Malden Center Station - Sullivan Square Station via Winter Hill)...
[2026-02-19T04:33:49.794+0000] {logging_mixin.py:188} INFO - Processing 115/177: 104 (Malden Center Station - Airport Station)...
[2026-02-19T04:33:50.518+0000] {logging_mixin.py:188} INFO - Processing 116/177: 105 (Malden Center Station - Sullivan Square Station via Newland Street Housing)...
[2026-02-19T04:33:51.299+0000] {logging_mixin.py:188} INFO - Processing 117/177: 106 (Lebanon Loop - Wellington Station)...
[2026-02-19T04:33:52.071+0000] {logging_mixin.py:188} INFO - Processing 118/177: 108 (Linden Square - Wellington Station)...
[2026-02-19T04:33:52.831+0000] {logging_mixin.py:188} INFO - Processing 119/177: 109 (Linden Square - Harvard Square via Sullivan)...
[2026-02-19T04:33:53.738+0000] {logging_mixin.py:188} INFO - Processing 120/177: 110 (Wonderland Station - Wellington Station)...
[2026-02-19T04:33:56.459+0000] {logging_mixin.py:188} INFO - Processing 121/177: 111 (Woodlawn - Haymarket Station)...
[2026-02-19T04:33:57.328+0000] {logging_mixin.py:188} INFO - Processing 122/177: 112 (Wellington Station - Wood Island Station)...
[2026-02-19T04:33:58.095+0000] {logging_mixin.py:188} INFO - Processing 123/177: 114 (Market Basket - Maverick Station)...
[2026-02-19T04:33:58.859+0000] {logging_mixin.py:188} INFO - Processing 124/177: 116 (Wonderland Station - Maverick Station)...
[2026-02-19T04:33:59.671+0000] {logging_mixin.py:188} INFO - Processing 125/177: 119 (Northgate Shopping Center - Beachmont Station)...
[2026-02-19T04:34:00.517+0000] {logging_mixin.py:188} INFO - Processing 126/177: 120 (Orient Heights Station - Jeffries Point)...
[2026-02-19T04:34:01.327+0000] {logging_mixin.py:188} INFO - Processing 127/177: 121 (Wood Island Station - Maverick Station)...
[2026-02-19T04:34:02.201+0000] {logging_mixin.py:188} INFO - Processing 128/177: 131 (Melrose Highlands - Malden Center Station)...
[2026-02-19T04:34:02.985+0000] {logging_mixin.py:188} INFO - Processing 129/177: 132 (Redstone Shopping Center - Malden Center Station)...
[2026-02-19T04:34:04.106+0000] {logging_mixin.py:188} INFO - Processing 130/177: 134 (North Woburn - Wellington Station)...
[2026-02-19T04:34:06.900+0000] {logging_mixin.py:188} INFO - Processing 131/177: 137 (Reading Depot - Malden Center Station)...
[2026-02-19T04:34:07.665+0000] {logging_mixin.py:188} INFO - Processing 132/177: 171 (Logan Airport Terminals - Nubian Station)...
[2026-02-19T04:34:08.477+0000] {logging_mixin.py:188} INFO - Processing 133/177: 201 (Fields Corner Loop via Neponset Ave)...
[2026-02-19T04:34:09.278+0000] {logging_mixin.py:188} INFO - Processing 134/177: 202 (Fields Corner Loop via Adams Street)...
[2026-02-19T04:34:10.077+0000] {logging_mixin.py:188} INFO - Processing 135/177: 210 (Quincy Center Station - Fields Corner Station)...
[2026-02-19T04:34:10.849+0000] {logging_mixin.py:188} INFO - Processing 136/177: 211 (Quincy Center Station - Squantum)...
[2026-02-19T04:34:11.623+0000] {logging_mixin.py:188} INFO - Processing 137/177: 215 (Quincy Center Station - Ashmont Station via West Quincy)...
[2026-02-19T04:34:12.410+0000] {logging_mixin.py:188} INFO - Processing 138/177: 216 (Houghs Neck - Quincy Center Station via Germantown)...
[2026-02-19T04:34:13.282+0000] {logging_mixin.py:188} INFO - Processing 139/177: 217 (Quincy Center Station - Ashmont Station via Wollaston Station)...
[2026-02-19T04:34:14.131+0000] {logging_mixin.py:188} INFO - Processing 140/177: 220 (Hingham Depot - Quincy Center Station)...
[2026-02-19T04:34:17.049+0000] {logging_mixin.py:188} INFO - Processing 141/177: 222 (East Weymouth - Quincy Center Station)...
[2026-02-19T04:34:17.823+0000] {logging_mixin.py:188} INFO - Processing 142/177: 225 (Weymouth Landing - Quincy Center Station)...
[2026-02-19T04:34:18.617+0000] {logging_mixin.py:188} INFO - Processing 143/177: 226 (Columbian Square - Braintree Station)...
[2026-02-19T04:34:19.431+0000] {logging_mixin.py:188} INFO - Processing 144/177: 230 (Montello Station - Quincy Center Station)...
[2026-02-19T04:34:20.234+0000] {logging_mixin.py:188} INFO - Processing 145/177: 236 (South Shore Plaza - Quincy Center Station)...
[2026-02-19T04:34:20.989+0000] {logging_mixin.py:188} INFO - Processing 146/177: 238 (Holbrook/Randolph Station - Quincy Center Station)...
[2026-02-19T04:34:21.712+0000] {logging_mixin.py:188} INFO - Processing 147/177: 240 (Avon Square - Ashmont Station)...
[2026-02-19T04:34:22.476+0000] {logging_mixin.py:188} INFO - Processing 148/177: 245 (Quincy Center Station - Mattapan Station)...
[2026-02-19T04:34:23.244+0000] {logging_mixin.py:188} INFO - Processing 149/177: 350 (North Burlington - Alewife Station)...
[2026-02-19T04:34:24.010+0000] {logging_mixin.py:188} INFO - Processing 150/177: 351 (Bedford Woods Drive - Third Avenue)...
[2026-02-19T04:34:26.779+0000] {logging_mixin.py:188} INFO - Processing 151/177: 354 (North Burlington - State Street, Boston)...
[2026-02-19T04:34:27.569+0000] {logging_mixin.py:188} INFO - Processing 152/177: 411 (Kennedy Drive or Jack Satter House - Malden Center Station)...
[2026-02-19T04:34:28.615+0000] {logging_mixin.py:188} INFO - Processing 153/177: 424 (Eastern Avenue & Essex Street - Wonderland Station)...
[2026-02-19T04:34:29.390+0000] {logging_mixin.py:188} INFO - Processing 154/177: 426 (Central Square, Lynn - Haymarket or Wonderland Station)...
[2026-02-19T04:34:30.120+0000] {logging_mixin.py:188} INFO - Processing 155/177: 428 (Oaklandvale - Haymarket Station)...
[2026-02-19T04:34:30.964+0000] {logging_mixin.py:188} INFO - Processing 156/177: 429 (Northgate Shopping Center - Central Square, Lynn)...
[2026-02-19T04:34:31.749+0000] {logging_mixin.py:188} INFO - Processing 157/177: 430 (Saugus Center - Malden Center Station)...
[2026-02-19T04:34:32.529+0000] {logging_mixin.py:188} INFO - Processing 158/177: 435 (Liberty Tree Mall - Central Square, Lynn via Peabody Square)...
[2026-02-19T04:34:33.275+0000] {logging_mixin.py:188} INFO - Processing 159/177: 436 (Liberty Tree Mall - Central Square, Lynn via Goodwin Circle)...
[2026-02-19T04:34:34.066+0000] {logging_mixin.py:188} INFO - Processing 160/177: 439 (Nahant - Wonderland Station)...
[2026-02-19T04:34:36.821+0000] {logging_mixin.py:188} INFO - Processing 161/177: 441 (Marblehead - Wonderland Station via Paradise Road)...
[2026-02-19T04:34:37.598+0000] {logging_mixin.py:188} INFO - Processing 162/177: 442 (Marblehead - Wonderland Station via Humphrey Street)...
[2026-02-19T04:34:38.535+0000] {logging_mixin.py:188} INFO - Processing 163/177: 450 (Salem Depot - Wonderland or Haymarket Station)...
[2026-02-19T04:34:39.281+0000] {logging_mixin.py:188} INFO - Processing 164/177: 451 (North Beverly Station - Salem Depot)...
[2026-02-19T04:34:40.074+0000] {logging_mixin.py:188} INFO - Processing 165/177: 455 (Salem Depot - Wonderland Station)...
[2026-02-19T04:34:40.878+0000] {logging_mixin.py:188} INFO - Processing 166/177: 456 (Salem Depot - Central Square, Lynn)...
[2026-02-19T04:34:41.657+0000] {logging_mixin.py:188} INFO - Processing 167/177: 501 (Brighton Center - Federal Street & Franklin Street)...
[2026-02-19T04:34:42.418+0000] {logging_mixin.py:188} INFO - Processing 168/177: 504 (Watertown Yard - Federal Street & Franklin Street)...
[2026-02-19T04:34:43.193+0000] {logging_mixin.py:188} INFO - Processing 169/177: 505 (Waltham Center - Federal Street & Franklin Street)...
[2026-02-19T04:34:43.942+0000] {logging_mixin.py:188} INFO - Processing 170/177: 553 (Roberts - Newton Corner)...
[2026-02-19T04:34:46.728+0000] {logging_mixin.py:188} INFO - Processing 171/177: 554 (Waverley Square - Newton Corner)...
[2026-02-19T04:34:47.501+0000] {logging_mixin.py:188} INFO - Processing 172/177: 556 (Waltham Highlands - Newton Corner)...
[2026-02-19T04:34:48.230+0000] {logging_mixin.py:188} INFO - Processing 173/177: 558 (Riverside Station - Newton Corner)...
[2026-02-19T04:34:49.237+0000] {logging_mixin.py:188} INFO - Processing 174/177: 712 (Point Shirley - Orient Heights Station via Revere Street)...
[2026-02-19T04:34:50.260+0000] {logging_mixin.py:188} INFO - Processing 175/177: 713 (Point Shirley - Orient Heights Station via Winthrop Center)...
[2026-02-19T04:34:51.071+0000] {logging_mixin.py:188} INFO - Processing 176/177: 714 (Hull Ferry - Hingham Depot)...
[2026-02-19T04:34:51.853+0000] {logging_mixin.py:188} INFO - Processing 177/177: 716 (Canton Village Shoppes - Mattapan Station)...
[2026-02-19T04:34:52.597+0000] {logging_mixin.py:188} INFO - 
Found 11764 route-stop connections
[2026-02-19T04:34:52.669+0000] {python.py:201} INFO - Done. Returned value was: {'mapping_csv': '/opt/***/mbta_route_stops_mapping_None.csv', 'mapping_count': 11764}
[2026-02-19T04:34:52.678+0000] {taskinstance.py:1138} INFO - Marking task as SUCCESS. dag_id=mbta_api_to_s3_to_snowflake, task_id=fetch_mapping, execution_date=20260219T043156, start_date=20260219T043158, end_date=20260219T043452
[2026-02-19T04:34:52.693+0000] {local_task_job_runner.py:234} INFO - Task exited with return code 0
[2026-02-19T04:34:52.713+0000] {taskinstance.py:3280} INFO - 1 downstream tasks scheduled from follow-on schedule check
