[2026-03-18T15:52:35.136+0000] {taskinstance.py:1956} INFO - Dependencies all met for dep_context=non-requeueable deps ti=<TaskInstance: somerville_crime_to_s3_to_snowflake.fetch_and_convert manual__2026-03-18T15:52:33.799660+00:00 [queued]>
[2026-03-18T15:52:35.138+0000] {taskinstance.py:1956} INFO - Dependencies all met for dep_context=requeueable deps ti=<TaskInstance: somerville_crime_to_s3_to_snowflake.fetch_and_convert manual__2026-03-18T15:52:33.799660+00:00 [queued]>
[2026-03-18T15:52:35.138+0000] {taskinstance.py:2170} INFO - Starting attempt 1 of 2
[2026-03-18T15:52:35.142+0000] {taskinstance.py:2191} INFO - Executing <Task(PythonOperator): fetch_and_convert> on 2026-03-18 15:52:33.799660+00:00
[2026-03-18T15:52:35.147+0000] {standard_task_runner.py:60} INFO - Started process 2044 to run task
[2026-03-18T15:52:35.149+0000] {standard_task_runner.py:87} INFO - Running: ['***', 'tasks', 'run', 'somerville_crime_to_s3_to_snowflake', 'fetch_and_convert', 'manual__2026-03-18T15:52:33.799660+00:00', '--job-id', '353', '--raw', '--subdir', 'DAGS_FOLDER/somerville_api_to_s3_to_snowflake.py', '--cfg-path', '/tmp/tmp8ygtprfp']
[2026-03-18T15:52:35.149+0000] {standard_task_runner.py:88} INFO - Job 353: Subtask fetch_and_convert
[2026-03-18T15:52:35.168+0000] {task_command.py:423} INFO - Running <TaskInstance: somerville_crime_to_s3_to_snowflake.fetch_and_convert manual__2026-03-18T15:52:33.799660+00:00 [running]> on host 19d83aa9a1d3
[2026-03-18T15:52:35.194+0000] {taskinstance.py:2480} INFO - Exporting env vars: AIRFLOW_CTX_DAG_OWNER='***' AIRFLOW_CTX_DAG_ID='somerville_crime_to_s3_to_snowflake' AIRFLOW_CTX_TASK_ID='fetch_and_convert' AIRFLOW_CTX_EXECUTION_DATE='2026-03-18T15:52:33.799660+00:00' AIRFLOW_CTX_TRY_NUMBER='1' AIRFLOW_CTX_DAG_RUN_ID='manual__2026-03-18T15:52:33.799660+00:00'
[2026-03-18T15:52:35.198+0000] {logging_mixin.py:188} INFO - Fetching Somerville crime data from Socrata API
[2026-03-18T15:52:35.198+0000] {logging_mixin.py:188} INFO -   Fetching records 0 to 10000...
[2026-03-18T15:52:45.231+0000] {logging_mixin.py:188} INFO -   Fetched 10000 records. Total so far: 10000
[2026-03-18T15:52:45.232+0000] {logging_mixin.py:188} INFO -   Fetching records 10000 to 20000...
[2026-03-18T15:52:49.789+0000] {logging_mixin.py:188} INFO -   Fetched 10000 records. Total so far: 20000
[2026-03-18T15:52:49.790+0000] {logging_mixin.py:188} INFO -   Fetching records 20000 to 30000...
[2026-03-18T15:52:50.086+0000] {logging_mixin.py:188} INFO -   Fetched 2051 records. Total so far: 22051
[2026-03-18T15:52:50.086+0000] {logging_mixin.py:188} INFO -   Reached last page
[2026-03-18T15:52:50.086+0000] {logging_mixin.py:188} INFO - Finished fetching. Total records: 22051
[2026-03-18T15:52:50.192+0000] {logging_mixin.py:188} INFO - CSV saved to /opt/***/somerville_crime_20260318T155233.csv (22051 rows)
[2026-03-18T15:52:50.209+0000] {python.py:201} INFO - Done. Returned value was: {'csv_path': '/opt/***/somerville_crime_20260318T155233.csv', 'record_count': 22051}
[2026-03-18T15:52:50.215+0000] {taskinstance.py:1138} INFO - Marking task as SUCCESS. dag_id=somerville_crime_to_s3_to_snowflake, task_id=fetch_and_convert, execution_date=20260318T155233, start_date=20260318T155235, end_date=20260318T155250
[2026-03-18T15:52:50.248+0000] {local_task_job_runner.py:234} INFO - Task exited with return code 0
[2026-03-18T15:52:50.259+0000] {taskinstance.py:3280} INFO - 1 downstream tasks scheduled from follow-on schedule check
