[2026-02-20T00:10:44.374+0000] {taskinstance.py:1956} INFO - Dependencies all met for dep_context=non-requeueable deps ti=<TaskInstance: boston_api_to_s3_to_snowflake.fetch_and_convert scheduled__2026-02-08T00:00:00+00:00 [queued]>
[2026-02-20T00:10:44.379+0000] {taskinstance.py:1956} INFO - Dependencies all met for dep_context=requeueable deps ti=<TaskInstance: boston_api_to_s3_to_snowflake.fetch_and_convert scheduled__2026-02-08T00:00:00+00:00 [queued]>
[2026-02-20T00:10:44.379+0000] {taskinstance.py:2170} INFO - Starting attempt 1 of 2
[2026-02-20T00:10:44.388+0000] {taskinstance.py:2191} INFO - Executing <Task(PythonOperator): fetch_and_convert> on 2026-02-08 00:00:00+00:00
[2026-02-20T00:10:44.395+0000] {standard_task_runner.py:60} INFO - Started process 1301 to run task
[2026-02-20T00:10:44.401+0000] {standard_task_runner.py:87} INFO - Running: ['***', 'tasks', 'run', 'boston_api_to_s3_to_snowflake', 'fetch_and_convert', 'scheduled__2026-02-08T00:00:00+00:00', '--job-id', '121', '--raw', '--subdir', 'DAGS_FOLDER/boston_api_to_s3.py', '--cfg-path', '/tmp/tmp4ud6uin8']
[2026-02-20T00:10:44.403+0000] {standard_task_runner.py:88} INFO - Job 121: Subtask fetch_and_convert
[2026-02-20T00:10:44.454+0000] {task_command.py:423} INFO - Running <TaskInstance: boston_api_to_s3_to_snowflake.fetch_and_convert scheduled__2026-02-08T00:00:00+00:00 [running]> on host 6f9247237071
[2026-02-20T00:10:44.500+0000] {taskinstance.py:2480} INFO - Exporting env vars: AIRFLOW_CTX_DAG_OWNER='***' AIRFLOW_CTX_DAG_ID='boston_api_to_s3_to_snowflake' AIRFLOW_CTX_TASK_ID='fetch_and_convert' AIRFLOW_CTX_EXECUTION_DATE='2026-02-08T00:00:00+00:00' AIRFLOW_CTX_TRY_NUMBER='1' AIRFLOW_CTX_DAG_RUN_ID='scheduled__2026-02-08T00:00:00+00:00'
[2026-02-20T00:10:44.505+0000] {logging_mixin.py:188} INFO - Fetching ALL data from https://data.boston.gov/api/3/action/datastore_search?resource_id=b973d8cb-eeb2-4e7e-99da-c92938efc9c0 with pagination
[2026-02-20T00:10:44.506+0000] {logging_mixin.py:188} INFO - Fetching records 0 to 10000...
[2026-02-20T00:10:45.114+0000] {logging_mixin.py:188} INFO - Fetched 10000 records. Total so far: 10000
[2026-02-20T00:10:45.115+0000] {logging_mixin.py:188} INFO - Fetching records 10000 to 20000...
[2026-02-20T00:10:45.652+0000] {logging_mixin.py:188} INFO - Fetched 10000 records. Total so far: 20000
[2026-02-20T00:10:45.653+0000] {logging_mixin.py:188} INFO - Fetching records 20000 to 30000...
[2026-02-20T00:10:47.002+0000] {logging_mixin.py:188} INFO - Fetched 10000 records. Total so far: 30000
[2026-02-20T00:10:47.002+0000] {logging_mixin.py:188} INFO - Fetching records 30000 to 40000...
[2026-02-20T00:10:47.509+0000] {logging_mixin.py:188} INFO - Fetched 10000 records. Total so far: 40000
[2026-02-20T00:10:47.509+0000] {logging_mixin.py:188} INFO - Fetching records 40000 to 50000...
[2026-02-20T00:10:47.896+0000] {logging_mixin.py:188} INFO - Fetched 10000 records. Total so far: 50000
[2026-02-20T00:10:47.896+0000] {logging_mixin.py:188} INFO - Fetching records 50000 to 60000...
[2026-02-20T00:10:48.323+0000] {logging_mixin.py:188} INFO - Fetched 10000 records. Total so far: 60000
[2026-02-20T00:10:48.324+0000] {logging_mixin.py:188} INFO - Fetching records 60000 to 70000...
[2026-02-20T00:10:48.786+0000] {logging_mixin.py:188} INFO - Fetched 10000 records. Total so far: 70000
[2026-02-20T00:10:48.787+0000] {logging_mixin.py:188} INFO - Fetching records 70000 to 80000...
[2026-02-20T00:10:49.336+0000] {logging_mixin.py:188} INFO - Fetched 10000 records. Total so far: 80000
[2026-02-20T00:10:49.336+0000] {logging_mixin.py:188} INFO - Fetching records 80000 to 90000...
[2026-02-20T00:10:49.831+0000] {logging_mixin.py:188} INFO - Fetched 10000 records. Total so far: 90000
[2026-02-20T00:10:49.831+0000] {logging_mixin.py:188} INFO - Fetching records 90000 to 100000...
[2026-02-20T00:10:50.324+0000] {logging_mixin.py:188} INFO - Fetched 10000 records. Total so far: 100000
[2026-02-20T00:10:50.325+0000] {logging_mixin.py:188} INFO - Fetching records 100000 to 110000...
[2026-02-20T00:10:50.858+0000] {logging_mixin.py:188} INFO - Fetched 10000 records. Total so far: 110000
[2026-02-20T00:10:50.859+0000] {logging_mixin.py:188} INFO - Fetching records 110000 to 120000...
[2026-02-20T00:10:51.363+0000] {logging_mixin.py:188} INFO - Fetched 10000 records. Total so far: 120000
[2026-02-20T00:10:51.363+0000] {logging_mixin.py:188} INFO - Fetching records 120000 to 130000...
[2026-02-20T00:10:51.778+0000] {logging_mixin.py:188} INFO - Fetched 10000 records. Total so far: 130000
[2026-02-20T00:10:51.779+0000] {logging_mixin.py:188} INFO - Fetching records 130000 to 140000...
[2026-02-20T00:10:52.305+0000] {logging_mixin.py:188} INFO - Fetched 10000 records. Total so far: 140000
[2026-02-20T00:10:52.306+0000] {logging_mixin.py:188} INFO - Fetching records 140000 to 150000...
[2026-02-20T00:10:52.841+0000] {logging_mixin.py:188} INFO - Fetched 10000 records. Total so far: 150000
[2026-02-20T00:10:52.842+0000] {logging_mixin.py:188} INFO - Fetching records 150000 to 160000...
[2026-02-20T00:10:53.366+0000] {logging_mixin.py:188} INFO - Fetched 10000 records. Total so far: 160000
[2026-02-20T00:10:53.366+0000] {logging_mixin.py:188} INFO - Fetching records 160000 to 170000...
[2026-02-20T00:10:53.865+0000] {logging_mixin.py:188} INFO - Fetched 10000 records. Total so far: 170000
[2026-02-20T00:10:53.865+0000] {logging_mixin.py:188} INFO - Fetching records 170000 to 180000...
[2026-02-20T00:10:54.521+0000] {logging_mixin.py:188} INFO - Fetched 10000 records. Total so far: 180000
[2026-02-20T00:10:54.522+0000] {logging_mixin.py:188} INFO - Fetching records 180000 to 190000...
[2026-02-20T00:10:55.072+0000] {logging_mixin.py:188} INFO - Fetched 10000 records. Total so far: 190000
[2026-02-20T00:10:55.073+0000] {logging_mixin.py:188} INFO - Fetching records 190000 to 200000...
[2026-02-20T00:10:55.698+0000] {logging_mixin.py:188} INFO - Fetched 10000 records. Total so far: 200000
[2026-02-20T00:10:55.698+0000] {logging_mixin.py:188} INFO - Fetching records 200000 to 210000...
[2026-02-20T00:10:56.189+0000] {logging_mixin.py:188} INFO - Fetched 10000 records. Total so far: 210000
[2026-02-20T00:10:56.190+0000] {logging_mixin.py:188} INFO - Fetching records 210000 to 220000...
[2026-02-20T00:10:56.664+0000] {logging_mixin.py:188} INFO - Fetched 10000 records. Total so far: 220000
[2026-02-20T00:10:56.664+0000] {logging_mixin.py:188} INFO - Fetching records 220000 to 230000...
[2026-02-20T00:10:57.170+0000] {logging_mixin.py:188} INFO - Fetched 10000 records. Total so far: 230000
[2026-02-20T00:10:57.171+0000] {logging_mixin.py:188} INFO - Fetching records 230000 to 240000...
[2026-02-20T00:10:57.741+0000] {logging_mixin.py:188} INFO - Fetched 10000 records. Total so far: 240000
[2026-02-20T00:10:57.741+0000] {logging_mixin.py:188} INFO - Fetching records 240000 to 250000...
[2026-02-20T00:10:58.405+0000] {logging_mixin.py:188} INFO - Fetched 8050 records. Total so far: 248050
[2026-02-20T00:10:58.405+0000] {logging_mixin.py:188} INFO - Reached last page
[2026-02-20T00:10:58.405+0000] {logging_mixin.py:188} INFO - Finished fetching. Total records: 248050
[2026-02-20T00:10:58.405+0000] {logging_mixin.py:188} INFO - Saving JSON to /opt/***/boston_crime_20260208T000000.json
[2026-02-20T00:11:00.590+0000] {logging_mixin.py:188} INFO - Converting 248050 records to CSV
[2026-02-20T00:11:01.437+0000] {logging_mixin.py:188} INFO - CSV saved to /opt/***/boston_crime_20260208T000000.csv
[2026-02-20T00:11:01.437+0000] {logging_mixin.py:188} INFO - JSON and CSV files saved in ***-project directory
[2026-02-20T00:11:01.493+0000] {python.py:201} INFO - Done. Returned value was: {'csv_path': '/opt/***/boston_crime_20260208T000000.csv', 'json_path': '/opt/***/boston_crime_20260208T000000.json', 'record_count': 248050}
[2026-02-20T00:11:01.501+0000] {taskinstance.py:1138} INFO - Marking task as SUCCESS. dag_id=boston_api_to_s3_to_snowflake, task_id=fetch_and_convert, execution_date=20260208T000000, start_date=20260220T001044, end_date=20260220T001101
[2026-02-20T00:11:01.519+0000] {local_task_job_runner.py:234} INFO - Task exited with return code 0
[2026-02-20T00:11:01.531+0000] {taskinstance.py:3280} INFO - 1 downstream tasks scheduled from follow-on schedule check
