[2026-04-10T00:00:12.340+0000] {processor.py:161} INFO - Started process (PID=12525) to work on /opt/airflow/dags/bluebikes_api_to_s3_to_snowflake.py
[2026-04-10T00:00:12.341+0000] {processor.py:830} INFO - Processing file /opt/airflow/dags/bluebikes_api_to_s3_to_snowflake.py for tasks to queue
[2026-04-10T00:00:12.342+0000] {logging_mixin.py:188} INFO - [2026-04-10T00:00:12.342+0000] {dagbag.py:538} INFO - Filling up the DagBag from /opt/airflow/dags/bluebikes_api_to_s3_to_snowflake.py
[2026-04-10T00:00:12.576+0000] {processor.py:840} INFO - DAG(s) 'bluebikes_api_to_s3_to_snowflake' retrieved from /opt/airflow/dags/bluebikes_api_to_s3_to_snowflake.py
[2026-04-10T00:00:12.584+0000] {logging_mixin.py:188} INFO - [2026-04-10T00:00:12.584+0000] {dag.py:3036} INFO - Sync 1 DAGs
[2026-04-10T00:00:12.595+0000] {logging_mixin.py:188} INFO - [2026-04-10T00:00:12.594+0000] {dag.py:3823} INFO - Setting next_dagrun for bluebikes_api_to_s3_to_snowflake to 2026-04-01 00:00:00+00:00, run_after=2026-07-01 00:00:00+00:00
[2026-04-10T00:00:12.603+0000] {processor.py:183} INFO - Processing /opt/airflow/dags/bluebikes_api_to_s3_to_snowflake.py took 0.264 seconds
[2026-04-10T00:00:42.805+0000] {processor.py:161} INFO - Started process (PID=12605) to work on /opt/airflow/dags/bluebikes_api_to_s3_to_snowflake.py
[2026-04-10T00:00:42.806+0000] {processor.py:830} INFO - Processing file /opt/airflow/dags/bluebikes_api_to_s3_to_snowflake.py for tasks to queue
[2026-04-10T00:00:42.807+0000] {logging_mixin.py:188} INFO - [2026-04-10T00:00:42.807+0000] {dagbag.py:538} INFO - Filling up the DagBag from /opt/airflow/dags/bluebikes_api_to_s3_to_snowflake.py
[2026-04-10T00:00:43.043+0000] {processor.py:840} INFO - DAG(s) 'bluebikes_api_to_s3_to_snowflake' retrieved from /opt/airflow/dags/bluebikes_api_to_s3_to_snowflake.py
[2026-04-10T00:00:43.055+0000] {logging_mixin.py:188} INFO - [2026-04-10T00:00:43.055+0000] {dag.py:3036} INFO - Sync 1 DAGs
[2026-04-10T00:00:43.064+0000] {logging_mixin.py:188} INFO - [2026-04-10T00:00:43.064+0000] {dag.py:3823} INFO - Setting next_dagrun for bluebikes_api_to_s3_to_snowflake to 2026-04-01 00:00:00+00:00, run_after=2026-07-01 00:00:00+00:00
[2026-04-10T00:00:43.070+0000] {processor.py:183} INFO - Processing /opt/airflow/dags/bluebikes_api_to_s3_to_snowflake.py took 0.267 seconds
[2026-04-10T00:01:13.658+0000] {processor.py:161} INFO - Started process (PID=12686) to work on /opt/airflow/dags/bluebikes_api_to_s3_to_snowflake.py
[2026-04-10T00:01:13.659+0000] {processor.py:830} INFO - Processing file /opt/airflow/dags/bluebikes_api_to_s3_to_snowflake.py for tasks to queue
[2026-04-10T00:01:13.661+0000] {logging_mixin.py:188} INFO - [2026-04-10T00:01:13.661+0000] {dagbag.py:538} INFO - Filling up the DagBag from /opt/airflow/dags/bluebikes_api_to_s3_to_snowflake.py
[2026-04-10T00:01:13.917+0000] {processor.py:840} INFO - DAG(s) 'bluebikes_api_to_s3_to_snowflake' retrieved from /opt/airflow/dags/bluebikes_api_to_s3_to_snowflake.py
[2026-04-10T00:01:13.926+0000] {logging_mixin.py:188} INFO - [2026-04-10T00:01:13.926+0000] {dag.py:3036} INFO - Sync 1 DAGs
[2026-04-10T00:01:13.933+0000] {logging_mixin.py:188} INFO - [2026-04-10T00:01:13.933+0000] {dag.py:3823} INFO - Setting next_dagrun for bluebikes_api_to_s3_to_snowflake to 2026-04-01 00:00:00+00:00, run_after=2026-07-01 00:00:00+00:00
[2026-04-10T00:01:13.939+0000] {processor.py:183} INFO - Processing /opt/airflow/dags/bluebikes_api_to_s3_to_snowflake.py took 0.283 seconds
[2026-04-10T00:01:44.001+0000] {processor.py:161} INFO - Started process (PID=12771) to work on /opt/airflow/dags/bluebikes_api_to_s3_to_snowflake.py
[2026-04-10T00:01:44.003+0000] {processor.py:830} INFO - Processing file /opt/airflow/dags/bluebikes_api_to_s3_to_snowflake.py for tasks to queue
[2026-04-10T00:01:44.003+0000] {logging_mixin.py:188} INFO - [2026-04-10T00:01:44.003+0000] {dagbag.py:538} INFO - Filling up the DagBag from /opt/airflow/dags/bluebikes_api_to_s3_to_snowflake.py
[2026-04-10T00:01:44.180+0000] {processor.py:840} INFO - DAG(s) 'bluebikes_api_to_s3_to_snowflake' retrieved from /opt/airflow/dags/bluebikes_api_to_s3_to_snowflake.py
[2026-04-10T00:01:44.188+0000] {logging_mixin.py:188} INFO - [2026-04-10T00:01:44.188+0000] {dag.py:3036} INFO - Sync 1 DAGs
[2026-04-10T00:01:44.198+0000] {logging_mixin.py:188} INFO - [2026-04-10T00:01:44.198+0000] {dag.py:3823} INFO - Setting next_dagrun for bluebikes_api_to_s3_to_snowflake to 2026-04-01 00:00:00+00:00, run_after=2026-07-01 00:00:00+00:00
[2026-04-10T00:01:44.211+0000] {processor.py:183} INFO - Processing /opt/airflow/dags/bluebikes_api_to_s3_to_snowflake.py took 0.211 seconds
[2026-04-10T00:02:14.294+0000] {processor.py:161} INFO - Started process (PID=12846) to work on /opt/airflow/dags/bluebikes_api_to_s3_to_snowflake.py
[2026-04-10T00:02:14.296+0000] {processor.py:830} INFO - Processing file /opt/airflow/dags/bluebikes_api_to_s3_to_snowflake.py for tasks to queue
[2026-04-10T00:02:14.297+0000] {logging_mixin.py:188} INFO - [2026-04-10T00:02:14.296+0000] {dagbag.py:538} INFO - Filling up the DagBag from /opt/airflow/dags/bluebikes_api_to_s3_to_snowflake.py
[2026-04-10T00:02:14.480+0000] {processor.py:840} INFO - DAG(s) 'bluebikes_api_to_s3_to_snowflake' retrieved from /opt/airflow/dags/bluebikes_api_to_s3_to_snowflake.py
[2026-04-10T00:02:14.488+0000] {logging_mixin.py:188} INFO - [2026-04-10T00:02:14.488+0000] {dag.py:3036} INFO - Sync 1 DAGs
[2026-04-10T00:02:14.497+0000] {logging_mixin.py:188} INFO - [2026-04-10T00:02:14.497+0000] {dag.py:3823} INFO - Setting next_dagrun for bluebikes_api_to_s3_to_snowflake to 2026-04-01 00:00:00+00:00, run_after=2026-07-01 00:00:00+00:00
[2026-04-10T00:02:14.503+0000] {processor.py:183} INFO - Processing /opt/airflow/dags/bluebikes_api_to_s3_to_snowflake.py took 0.211 seconds
[2026-04-10T00:02:44.811+0000] {processor.py:161} INFO - Started process (PID=12930) to work on /opt/airflow/dags/bluebikes_api_to_s3_to_snowflake.py
[2026-04-10T00:02:44.811+0000] {processor.py:830} INFO - Processing file /opt/airflow/dags/bluebikes_api_to_s3_to_snowflake.py for tasks to queue
[2026-04-10T00:02:44.812+0000] {logging_mixin.py:188} INFO - [2026-04-10T00:02:44.812+0000] {dagbag.py:538} INFO - Filling up the DagBag from /opt/airflow/dags/bluebikes_api_to_s3_to_snowflake.py
[2026-04-10T00:02:45.001+0000] {processor.py:840} INFO - DAG(s) 'bluebikes_api_to_s3_to_snowflake' retrieved from /opt/airflow/dags/bluebikes_api_to_s3_to_snowflake.py
[2026-04-10T00:02:45.014+0000] {logging_mixin.py:188} INFO - [2026-04-10T00:02:45.014+0000] {dag.py:3036} INFO - Sync 1 DAGs
[2026-04-10T00:02:45.023+0000] {logging_mixin.py:188} INFO - [2026-04-10T00:02:45.023+0000] {dag.py:3823} INFO - Setting next_dagrun for bluebikes_api_to_s3_to_snowflake to 2026-04-01 00:00:00+00:00, run_after=2026-07-01 00:00:00+00:00
[2026-04-10T00:02:45.032+0000] {processor.py:183} INFO - Processing /opt/airflow/dags/bluebikes_api_to_s3_to_snowflake.py took 0.223 seconds
[2026-04-10T00:03:15.166+0000] {processor.py:161} INFO - Started process (PID=13013) to work on /opt/airflow/dags/bluebikes_api_to_s3_to_snowflake.py
[2026-04-10T00:03:15.167+0000] {processor.py:830} INFO - Processing file /opt/airflow/dags/bluebikes_api_to_s3_to_snowflake.py for tasks to queue
[2026-04-10T00:03:15.168+0000] {logging_mixin.py:188} INFO - [2026-04-10T00:03:15.168+0000] {dagbag.py:538} INFO - Filling up the DagBag from /opt/airflow/dags/bluebikes_api_to_s3_to_snowflake.py
[2026-04-10T00:03:15.351+0000] {processor.py:840} INFO - DAG(s) 'bluebikes_api_to_s3_to_snowflake' retrieved from /opt/airflow/dags/bluebikes_api_to_s3_to_snowflake.py
[2026-04-10T00:03:15.360+0000] {logging_mixin.py:188} INFO - [2026-04-10T00:03:15.360+0000] {dag.py:3036} INFO - Sync 1 DAGs
[2026-04-10T00:03:15.369+0000] {logging_mixin.py:188} INFO - [2026-04-10T00:03:15.369+0000] {dag.py:3823} INFO - Setting next_dagrun for bluebikes_api_to_s3_to_snowflake to 2026-04-01 00:00:00+00:00, run_after=2026-07-01 00:00:00+00:00
[2026-04-10T00:03:15.376+0000] {processor.py:183} INFO - Processing /opt/airflow/dags/bluebikes_api_to_s3_to_snowflake.py took 0.212 seconds
[2026-04-10T00:03:46.048+0000] {processor.py:161} INFO - Started process (PID=13086) to work on /opt/airflow/dags/bluebikes_api_to_s3_to_snowflake.py
[2026-04-10T00:03:46.049+0000] {processor.py:830} INFO - Processing file /opt/airflow/dags/bluebikes_api_to_s3_to_snowflake.py for tasks to queue
[2026-04-10T00:03:46.050+0000] {logging_mixin.py:188} INFO - [2026-04-10T00:03:46.050+0000] {dagbag.py:538} INFO - Filling up the DagBag from /opt/airflow/dags/bluebikes_api_to_s3_to_snowflake.py
[2026-04-10T00:03:46.224+0000] {processor.py:840} INFO - DAG(s) 'bluebikes_api_to_s3_to_snowflake' retrieved from /opt/airflow/dags/bluebikes_api_to_s3_to_snowflake.py
[2026-04-10T00:03:46.233+0000] {logging_mixin.py:188} INFO - [2026-04-10T00:03:46.233+0000] {dag.py:3036} INFO - Sync 1 DAGs
[2026-04-10T00:03:46.242+0000] {logging_mixin.py:188} INFO - [2026-04-10T00:03:46.242+0000] {dag.py:3823} INFO - Setting next_dagrun for bluebikes_api_to_s3_to_snowflake to 2026-04-01 00:00:00+00:00, run_after=2026-07-01 00:00:00+00:00
[2026-04-10T00:03:46.253+0000] {processor.py:183} INFO - Processing /opt/airflow/dags/bluebikes_api_to_s3_to_snowflake.py took 0.206 seconds
[2026-04-10T00:04:17.056+0000] {processor.py:161} INFO - Started process (PID=13166) to work on /opt/airflow/dags/bluebikes_api_to_s3_to_snowflake.py
[2026-04-10T00:04:17.057+0000] {processor.py:830} INFO - Processing file /opt/airflow/dags/bluebikes_api_to_s3_to_snowflake.py for tasks to queue
[2026-04-10T00:04:17.057+0000] {logging_mixin.py:188} INFO - [2026-04-10T00:04:17.057+0000] {dagbag.py:538} INFO - Filling up the DagBag from /opt/airflow/dags/bluebikes_api_to_s3_to_snowflake.py
[2026-04-10T00:04:17.232+0000] {processor.py:840} INFO - DAG(s) 'bluebikes_api_to_s3_to_snowflake' retrieved from /opt/airflow/dags/bluebikes_api_to_s3_to_snowflake.py
[2026-04-10T00:04:17.244+0000] {logging_mixin.py:188} INFO - [2026-04-10T00:04:17.244+0000] {dag.py:3036} INFO - Sync 1 DAGs
[2026-04-10T00:04:17.255+0000] {logging_mixin.py:188} INFO - [2026-04-10T00:04:17.255+0000] {dag.py:3823} INFO - Setting next_dagrun for bluebikes_api_to_s3_to_snowflake to 2026-04-01 00:00:00+00:00, run_after=2026-07-01 00:00:00+00:00
[2026-04-10T00:04:17.264+0000] {processor.py:183} INFO - Processing /opt/airflow/dags/bluebikes_api_to_s3_to_snowflake.py took 0.210 seconds
[2026-04-10T00:04:48.308+0000] {processor.py:161} INFO - Started process (PID=13245) to work on /opt/airflow/dags/bluebikes_api_to_s3_to_snowflake.py
[2026-04-10T00:04:48.308+0000] {processor.py:830} INFO - Processing file /opt/airflow/dags/bluebikes_api_to_s3_to_snowflake.py for tasks to queue
[2026-04-10T00:04:48.311+0000] {logging_mixin.py:188} INFO - [2026-04-10T00:04:48.311+0000] {dagbag.py:538} INFO - Filling up the DagBag from /opt/airflow/dags/bluebikes_api_to_s3_to_snowflake.py
[2026-04-10T00:04:48.472+0000] {processor.py:840} INFO - DAG(s) 'bluebikes_api_to_s3_to_snowflake' retrieved from /opt/airflow/dags/bluebikes_api_to_s3_to_snowflake.py
[2026-04-10T00:04:48.548+0000] {logging_mixin.py:188} INFO - [2026-04-10T00:04:48.548+0000] {dag.py:3036} INFO - Sync 1 DAGs
[2026-04-10T00:04:48.556+0000] {logging_mixin.py:188} INFO - [2026-04-10T00:04:48.556+0000] {dag.py:3823} INFO - Setting next_dagrun for bluebikes_api_to_s3_to_snowflake to 2026-04-01 00:00:00+00:00, run_after=2026-07-01 00:00:00+00:00
[2026-04-10T00:04:48.568+0000] {processor.py:183} INFO - Processing /opt/airflow/dags/bluebikes_api_to_s3_to_snowflake.py took 0.262 seconds
[2026-04-10T00:05:18.667+0000] {processor.py:161} INFO - Started process (PID=13325) to work on /opt/airflow/dags/bluebikes_api_to_s3_to_snowflake.py
[2026-04-10T00:05:18.668+0000] {processor.py:830} INFO - Processing file /opt/airflow/dags/bluebikes_api_to_s3_to_snowflake.py for tasks to queue
[2026-04-10T00:05:18.670+0000] {logging_mixin.py:188} INFO - [2026-04-10T00:05:18.670+0000] {dagbag.py:538} INFO - Filling up the DagBag from /opt/airflow/dags/bluebikes_api_to_s3_to_snowflake.py
[2026-04-10T00:05:18.902+0000] {processor.py:840} INFO - DAG(s) 'bluebikes_api_to_s3_to_snowflake' retrieved from /opt/airflow/dags/bluebikes_api_to_s3_to_snowflake.py
[2026-04-10T00:05:18.911+0000] {logging_mixin.py:188} INFO - [2026-04-10T00:05:18.910+0000] {dag.py:3036} INFO - Sync 1 DAGs
[2026-04-10T00:05:18.918+0000] {logging_mixin.py:188} INFO - [2026-04-10T00:05:18.918+0000] {dag.py:3823} INFO - Setting next_dagrun for bluebikes_api_to_s3_to_snowflake to 2026-04-01 00:00:00+00:00, run_after=2026-07-01 00:00:00+00:00
[2026-04-10T00:05:18.926+0000] {processor.py:183} INFO - Processing /opt/airflow/dags/bluebikes_api_to_s3_to_snowflake.py took 0.261 seconds
[2026-04-10T00:05:49.238+0000] {processor.py:161} INFO - Started process (PID=13406) to work on /opt/airflow/dags/bluebikes_api_to_s3_to_snowflake.py
[2026-04-10T00:05:49.238+0000] {processor.py:830} INFO - Processing file /opt/airflow/dags/bluebikes_api_to_s3_to_snowflake.py for tasks to queue
[2026-04-10T00:05:49.240+0000] {logging_mixin.py:188} INFO - [2026-04-10T00:05:49.239+0000] {dagbag.py:538} INFO - Filling up the DagBag from /opt/airflow/dags/bluebikes_api_to_s3_to_snowflake.py
[2026-04-10T00:05:49.483+0000] {processor.py:840} INFO - DAG(s) 'bluebikes_api_to_s3_to_snowflake' retrieved from /opt/airflow/dags/bluebikes_api_to_s3_to_snowflake.py
[2026-04-10T00:05:49.494+0000] {logging_mixin.py:188} INFO - [2026-04-10T00:05:49.494+0000] {dag.py:3036} INFO - Sync 1 DAGs
[2026-04-10T00:05:49.503+0000] {logging_mixin.py:188} INFO - [2026-04-10T00:05:49.503+0000] {dag.py:3823} INFO - Setting next_dagrun for bluebikes_api_to_s3_to_snowflake to 2026-04-01 00:00:00+00:00, run_after=2026-07-01 00:00:00+00:00
[2026-04-10T00:05:49.511+0000] {processor.py:183} INFO - Processing /opt/airflow/dags/bluebikes_api_to_s3_to_snowflake.py took 0.275 seconds
[2026-04-10T00:06:19.823+0000] {processor.py:161} INFO - Started process (PID=13490) to work on /opt/airflow/dags/bluebikes_api_to_s3_to_snowflake.py
[2026-04-10T00:06:19.824+0000] {processor.py:830} INFO - Processing file /opt/airflow/dags/bluebikes_api_to_s3_to_snowflake.py for tasks to queue
[2026-04-10T00:06:19.826+0000] {logging_mixin.py:188} INFO - [2026-04-10T00:06:19.826+0000] {dagbag.py:538} INFO - Filling up the DagBag from /opt/airflow/dags/bluebikes_api_to_s3_to_snowflake.py
[2026-04-10T00:06:20.072+0000] {processor.py:840} INFO - DAG(s) 'bluebikes_api_to_s3_to_snowflake' retrieved from /opt/airflow/dags/bluebikes_api_to_s3_to_snowflake.py
[2026-04-10T00:06:20.083+0000] {logging_mixin.py:188} INFO - [2026-04-10T00:06:20.082+0000] {dag.py:3036} INFO - Sync 1 DAGs
[2026-04-10T00:06:20.093+0000] {logging_mixin.py:188} INFO - [2026-04-10T00:06:20.093+0000] {dag.py:3823} INFO - Setting next_dagrun for bluebikes_api_to_s3_to_snowflake to 2026-04-01 00:00:00+00:00, run_after=2026-07-01 00:00:00+00:00
[2026-04-10T00:06:20.100+0000] {processor.py:183} INFO - Processing /opt/airflow/dags/bluebikes_api_to_s3_to_snowflake.py took 0.278 seconds
[2026-04-10T00:06:50.323+0000] {processor.py:161} INFO - Started process (PID=13571) to work on /opt/airflow/dags/bluebikes_api_to_s3_to_snowflake.py
[2026-04-10T00:06:50.324+0000] {processor.py:830} INFO - Processing file /opt/airflow/dags/bluebikes_api_to_s3_to_snowflake.py for tasks to queue
[2026-04-10T00:06:50.327+0000] {logging_mixin.py:188} INFO - [2026-04-10T00:06:50.326+0000] {dagbag.py:538} INFO - Filling up the DagBag from /opt/airflow/dags/bluebikes_api_to_s3_to_snowflake.py
[2026-04-10T00:06:50.569+0000] {processor.py:840} INFO - DAG(s) 'bluebikes_api_to_s3_to_snowflake' retrieved from /opt/airflow/dags/bluebikes_api_to_s3_to_snowflake.py
[2026-04-10T00:06:50.581+0000] {logging_mixin.py:188} INFO - [2026-04-10T00:06:50.581+0000] {dag.py:3036} INFO - Sync 1 DAGs
[2026-04-10T00:06:50.590+0000] {logging_mixin.py:188} INFO - [2026-04-10T00:06:50.589+0000] {dag.py:3823} INFO - Setting next_dagrun for bluebikes_api_to_s3_to_snowflake to 2026-04-01 00:00:00+00:00, run_after=2026-07-01 00:00:00+00:00
[2026-04-10T00:06:50.596+0000] {processor.py:183} INFO - Processing /opt/airflow/dags/bluebikes_api_to_s3_to_snowflake.py took 0.274 seconds
[2026-04-10T00:07:20.795+0000] {processor.py:161} INFO - Started process (PID=13651) to work on /opt/airflow/dags/bluebikes_api_to_s3_to_snowflake.py
[2026-04-10T00:07:20.795+0000] {processor.py:830} INFO - Processing file /opt/airflow/dags/bluebikes_api_to_s3_to_snowflake.py for tasks to queue
[2026-04-10T00:07:20.796+0000] {logging_mixin.py:188} INFO - [2026-04-10T00:07:20.796+0000] {dagbag.py:538} INFO - Filling up the DagBag from /opt/airflow/dags/bluebikes_api_to_s3_to_snowflake.py
[2026-04-10T00:07:21.037+0000] {processor.py:840} INFO - DAG(s) 'bluebikes_api_to_s3_to_snowflake' retrieved from /opt/airflow/dags/bluebikes_api_to_s3_to_snowflake.py
[2026-04-10T00:07:21.045+0000] {logging_mixin.py:188} INFO - [2026-04-10T00:07:21.045+0000] {dag.py:3036} INFO - Sync 1 DAGs
[2026-04-10T00:07:21.053+0000] {logging_mixin.py:188} INFO - [2026-04-10T00:07:21.053+0000] {dag.py:3823} INFO - Setting next_dagrun for bluebikes_api_to_s3_to_snowflake to 2026-04-01 00:00:00+00:00, run_after=2026-07-01 00:00:00+00:00
[2026-04-10T00:07:21.064+0000] {processor.py:183} INFO - Processing /opt/airflow/dags/bluebikes_api_to_s3_to_snowflake.py took 0.271 seconds
[2026-04-10T00:07:51.216+0000] {processor.py:161} INFO - Started process (PID=13730) to work on /opt/airflow/dags/bluebikes_api_to_s3_to_snowflake.py
[2026-04-10T00:07:51.217+0000] {processor.py:830} INFO - Processing file /opt/airflow/dags/bluebikes_api_to_s3_to_snowflake.py for tasks to queue
[2026-04-10T00:07:51.217+0000] {logging_mixin.py:188} INFO - [2026-04-10T00:07:51.217+0000] {dagbag.py:538} INFO - Filling up the DagBag from /opt/airflow/dags/bluebikes_api_to_s3_to_snowflake.py
[2026-04-10T00:07:51.455+0000] {processor.py:840} INFO - DAG(s) 'bluebikes_api_to_s3_to_snowflake' retrieved from /opt/airflow/dags/bluebikes_api_to_s3_to_snowflake.py
[2026-04-10T00:07:51.465+0000] {logging_mixin.py:188} INFO - [2026-04-10T00:07:51.465+0000] {dag.py:3036} INFO - Sync 1 DAGs
[2026-04-10T00:07:51.475+0000] {logging_mixin.py:188} INFO - [2026-04-10T00:07:51.475+0000] {dag.py:3823} INFO - Setting next_dagrun for bluebikes_api_to_s3_to_snowflake to 2026-04-01 00:00:00+00:00, run_after=2026-07-01 00:00:00+00:00
[2026-04-10T00:07:51.482+0000] {processor.py:183} INFO - Processing /opt/airflow/dags/bluebikes_api_to_s3_to_snowflake.py took 0.267 seconds
[2026-04-10T00:08:21.805+0000] {processor.py:161} INFO - Started process (PID=13815) to work on /opt/airflow/dags/bluebikes_api_to_s3_to_snowflake.py
[2026-04-10T00:08:21.805+0000] {processor.py:830} INFO - Processing file /opt/airflow/dags/bluebikes_api_to_s3_to_snowflake.py for tasks to queue
[2026-04-10T00:08:21.806+0000] {logging_mixin.py:188} INFO - [2026-04-10T00:08:21.806+0000] {dagbag.py:538} INFO - Filling up the DagBag from /opt/airflow/dags/bluebikes_api_to_s3_to_snowflake.py
[2026-04-10T00:08:22.073+0000] {processor.py:840} INFO - DAG(s) 'bluebikes_api_to_s3_to_snowflake' retrieved from /opt/airflow/dags/bluebikes_api_to_s3_to_snowflake.py
[2026-04-10T00:08:22.085+0000] {logging_mixin.py:188} INFO - [2026-04-10T00:08:22.084+0000] {dag.py:3036} INFO - Sync 1 DAGs
[2026-04-10T00:08:22.093+0000] {logging_mixin.py:188} INFO - [2026-04-10T00:08:22.093+0000] {dag.py:3823} INFO - Setting next_dagrun for bluebikes_api_to_s3_to_snowflake to 2026-04-01 00:00:00+00:00, run_after=2026-07-01 00:00:00+00:00
[2026-04-10T00:08:22.100+0000] {processor.py:183} INFO - Processing /opt/airflow/dags/bluebikes_api_to_s3_to_snowflake.py took 0.296 seconds
[2026-04-10T00:08:52.456+0000] {processor.py:161} INFO - Started process (PID=13895) to work on /opt/airflow/dags/bluebikes_api_to_s3_to_snowflake.py
[2026-04-10T00:08:52.457+0000] {processor.py:830} INFO - Processing file /opt/airflow/dags/bluebikes_api_to_s3_to_snowflake.py for tasks to queue
[2026-04-10T00:08:52.457+0000] {logging_mixin.py:188} INFO - [2026-04-10T00:08:52.457+0000] {dagbag.py:538} INFO - Filling up the DagBag from /opt/airflow/dags/bluebikes_api_to_s3_to_snowflake.py
[2026-04-10T00:08:52.634+0000] {processor.py:840} INFO - DAG(s) 'bluebikes_api_to_s3_to_snowflake' retrieved from /opt/airflow/dags/bluebikes_api_to_s3_to_snowflake.py
[2026-04-10T00:08:52.644+0000] {logging_mixin.py:188} INFO - [2026-04-10T00:08:52.643+0000] {dag.py:3036} INFO - Sync 1 DAGs
[2026-04-10T00:08:52.652+0000] {logging_mixin.py:188} INFO - [2026-04-10T00:08:52.652+0000] {dag.py:3823} INFO - Setting next_dagrun for bluebikes_api_to_s3_to_snowflake to 2026-04-01 00:00:00+00:00, run_after=2026-07-01 00:00:00+00:00
[2026-04-10T00:08:52.658+0000] {processor.py:183} INFO - Processing /opt/airflow/dags/bluebikes_api_to_s3_to_snowflake.py took 0.204 seconds
[2026-04-10T00:09:23.199+0000] {processor.py:161} INFO - Started process (PID=13971) to work on /opt/airflow/dags/bluebikes_api_to_s3_to_snowflake.py
[2026-04-10T00:09:23.203+0000] {processor.py:830} INFO - Processing file /opt/airflow/dags/bluebikes_api_to_s3_to_snowflake.py for tasks to queue
[2026-04-10T00:09:23.204+0000] {logging_mixin.py:188} INFO - [2026-04-10T00:09:23.204+0000] {dagbag.py:538} INFO - Filling up the DagBag from /opt/airflow/dags/bluebikes_api_to_s3_to_snowflake.py
[2026-04-10T00:09:23.371+0000] {processor.py:840} INFO - DAG(s) 'bluebikes_api_to_s3_to_snowflake' retrieved from /opt/airflow/dags/bluebikes_api_to_s3_to_snowflake.py
[2026-04-10T00:09:23.380+0000] {logging_mixin.py:188} INFO - [2026-04-10T00:09:23.379+0000] {dag.py:3036} INFO - Sync 1 DAGs
[2026-04-10T00:09:23.388+0000] {logging_mixin.py:188} INFO - [2026-04-10T00:09:23.388+0000] {dag.py:3823} INFO - Setting next_dagrun for bluebikes_api_to_s3_to_snowflake to 2026-04-01 00:00:00+00:00, run_after=2026-07-01 00:00:00+00:00
[2026-04-10T00:09:23.394+0000] {processor.py:183} INFO - Processing /opt/airflow/dags/bluebikes_api_to_s3_to_snowflake.py took 0.196 seconds
[2026-04-10T00:09:54.037+0000] {processor.py:161} INFO - Started process (PID=14051) to work on /opt/airflow/dags/bluebikes_api_to_s3_to_snowflake.py
[2026-04-10T00:09:54.037+0000] {processor.py:830} INFO - Processing file /opt/airflow/dags/bluebikes_api_to_s3_to_snowflake.py for tasks to queue
[2026-04-10T00:09:54.038+0000] {logging_mixin.py:188} INFO - [2026-04-10T00:09:54.038+0000] {dagbag.py:538} INFO - Filling up the DagBag from /opt/airflow/dags/bluebikes_api_to_s3_to_snowflake.py
[2026-04-10T00:09:54.204+0000] {processor.py:840} INFO - DAG(s) 'bluebikes_api_to_s3_to_snowflake' retrieved from /opt/airflow/dags/bluebikes_api_to_s3_to_snowflake.py
[2026-04-10T00:09:54.218+0000] {logging_mixin.py:188} INFO - [2026-04-10T00:09:54.218+0000] {dag.py:3036} INFO - Sync 1 DAGs
[2026-04-10T00:09:54.227+0000] {logging_mixin.py:188} INFO - [2026-04-10T00:09:54.227+0000] {dag.py:3823} INFO - Setting next_dagrun for bluebikes_api_to_s3_to_snowflake to 2026-04-01 00:00:00+00:00, run_after=2026-07-01 00:00:00+00:00
[2026-04-10T00:09:54.234+0000] {processor.py:183} INFO - Processing /opt/airflow/dags/bluebikes_api_to_s3_to_snowflake.py took 0.199 seconds
[2026-04-10T00:10:25.068+0000] {processor.py:161} INFO - Started process (PID=14131) to work on /opt/airflow/dags/bluebikes_api_to_s3_to_snowflake.py
[2026-04-10T00:10:25.069+0000] {processor.py:830} INFO - Processing file /opt/airflow/dags/bluebikes_api_to_s3_to_snowflake.py for tasks to queue
[2026-04-10T00:10:25.069+0000] {logging_mixin.py:188} INFO - [2026-04-10T00:10:25.069+0000] {dagbag.py:538} INFO - Filling up the DagBag from /opt/airflow/dags/bluebikes_api_to_s3_to_snowflake.py
[2026-04-10T00:10:25.256+0000] {processor.py:840} INFO - DAG(s) 'bluebikes_api_to_s3_to_snowflake' retrieved from /opt/airflow/dags/bluebikes_api_to_s3_to_snowflake.py
[2026-04-10T00:10:25.266+0000] {logging_mixin.py:188} INFO - [2026-04-10T00:10:25.266+0000] {dag.py:3036} INFO - Sync 1 DAGs
[2026-04-10T00:10:25.279+0000] {logging_mixin.py:188} INFO - [2026-04-10T00:10:25.278+0000] {dag.py:3823} INFO - Setting next_dagrun for bluebikes_api_to_s3_to_snowflake to 2026-04-01 00:00:00+00:00, run_after=2026-07-01 00:00:00+00:00
[2026-04-10T00:10:25.285+0000] {processor.py:183} INFO - Processing /opt/airflow/dags/bluebikes_api_to_s3_to_snowflake.py took 0.219 seconds
[2026-04-10T00:10:56.207+0000] {processor.py:161} INFO - Started process (PID=14212) to work on /opt/airflow/dags/bluebikes_api_to_s3_to_snowflake.py
[2026-04-10T00:10:56.208+0000] {processor.py:830} INFO - Processing file /opt/airflow/dags/bluebikes_api_to_s3_to_snowflake.py for tasks to queue
[2026-04-10T00:10:56.208+0000] {logging_mixin.py:188} INFO - [2026-04-10T00:10:56.208+0000] {dagbag.py:538} INFO - Filling up the DagBag from /opt/airflow/dags/bluebikes_api_to_s3_to_snowflake.py
[2026-04-10T00:10:56.395+0000] {processor.py:840} INFO - DAG(s) 'bluebikes_api_to_s3_to_snowflake' retrieved from /opt/airflow/dags/bluebikes_api_to_s3_to_snowflake.py
[2026-04-10T00:10:56.403+0000] {logging_mixin.py:188} INFO - [2026-04-10T00:10:56.403+0000] {dag.py:3036} INFO - Sync 1 DAGs
[2026-04-10T00:10:56.411+0000] {logging_mixin.py:188} INFO - [2026-04-10T00:10:56.411+0000] {dag.py:3823} INFO - Setting next_dagrun for bluebikes_api_to_s3_to_snowflake to 2026-04-01 00:00:00+00:00, run_after=2026-07-01 00:00:00+00:00
[2026-04-10T00:10:56.420+0000] {processor.py:183} INFO - Processing /opt/airflow/dags/bluebikes_api_to_s3_to_snowflake.py took 0.214 seconds
[2026-04-10T00:11:27.123+0000] {processor.py:161} INFO - Started process (PID=14292) to work on /opt/airflow/dags/bluebikes_api_to_s3_to_snowflake.py
[2026-04-10T00:11:27.123+0000] {processor.py:830} INFO - Processing file /opt/airflow/dags/bluebikes_api_to_s3_to_snowflake.py for tasks to queue
[2026-04-10T00:11:27.124+0000] {logging_mixin.py:188} INFO - [2026-04-10T00:11:27.124+0000] {dagbag.py:538} INFO - Filling up the DagBag from /opt/airflow/dags/bluebikes_api_to_s3_to_snowflake.py
[2026-04-10T00:11:27.297+0000] {processor.py:840} INFO - DAG(s) 'bluebikes_api_to_s3_to_snowflake' retrieved from /opt/airflow/dags/bluebikes_api_to_s3_to_snowflake.py
[2026-04-10T00:11:27.305+0000] {logging_mixin.py:188} INFO - [2026-04-10T00:11:27.305+0000] {dag.py:3036} INFO - Sync 1 DAGs
[2026-04-10T00:11:27.390+0000] {logging_mixin.py:188} INFO - [2026-04-10T00:11:27.389+0000] {dag.py:3823} INFO - Setting next_dagrun for bluebikes_api_to_s3_to_snowflake to 2026-04-01 00:00:00+00:00, run_after=2026-07-01 00:00:00+00:00
[2026-04-10T00:11:27.398+0000] {processor.py:183} INFO - Processing /opt/airflow/dags/bluebikes_api_to_s3_to_snowflake.py took 0.277 seconds
[2026-04-10T00:11:58.150+0000] {processor.py:161} INFO - Started process (PID=14372) to work on /opt/airflow/dags/bluebikes_api_to_s3_to_snowflake.py
[2026-04-10T00:11:58.151+0000] {processor.py:830} INFO - Processing file /opt/airflow/dags/bluebikes_api_to_s3_to_snowflake.py for tasks to queue
[2026-04-10T00:11:58.154+0000] {logging_mixin.py:188} INFO - [2026-04-10T00:11:58.154+0000] {dagbag.py:538} INFO - Filling up the DagBag from /opt/airflow/dags/bluebikes_api_to_s3_to_snowflake.py
[2026-04-10T00:11:58.323+0000] {processor.py:840} INFO - DAG(s) 'bluebikes_api_to_s3_to_snowflake' retrieved from /opt/airflow/dags/bluebikes_api_to_s3_to_snowflake.py
[2026-04-10T00:11:58.332+0000] {logging_mixin.py:188} INFO - [2026-04-10T00:11:58.332+0000] {dag.py:3036} INFO - Sync 1 DAGs
[2026-04-10T00:11:58.341+0000] {logging_mixin.py:188} INFO - [2026-04-10T00:11:58.341+0000] {dag.py:3823} INFO - Setting next_dagrun for bluebikes_api_to_s3_to_snowflake to 2026-04-01 00:00:00+00:00, run_after=2026-07-01 00:00:00+00:00
[2026-04-10T00:11:58.435+0000] {processor.py:183} INFO - Processing /opt/airflow/dags/bluebikes_api_to_s3_to_snowflake.py took 0.286 seconds
[2026-04-10T00:12:29.886+0000] {processor.py:161} INFO - Started process (PID=14451) to work on /opt/airflow/dags/bluebikes_api_to_s3_to_snowflake.py
[2026-04-10T00:12:29.886+0000] {processor.py:830} INFO - Processing file /opt/airflow/dags/bluebikes_api_to_s3_to_snowflake.py for tasks to queue
[2026-04-10T00:12:29.887+0000] {logging_mixin.py:188} INFO - [2026-04-10T00:12:29.887+0000] {dagbag.py:538} INFO - Filling up the DagBag from /opt/airflow/dags/bluebikes_api_to_s3_to_snowflake.py
[2026-04-10T00:12:30.124+0000] {processor.py:840} INFO - DAG(s) 'bluebikes_api_to_s3_to_snowflake' retrieved from /opt/airflow/dags/bluebikes_api_to_s3_to_snowflake.py
[2026-04-10T00:12:30.132+0000] {logging_mixin.py:188} INFO - [2026-04-10T00:12:30.132+0000] {dag.py:3036} INFO - Sync 1 DAGs
[2026-04-10T00:12:30.140+0000] {logging_mixin.py:188} INFO - [2026-04-10T00:12:30.140+0000] {dag.py:3823} INFO - Setting next_dagrun for bluebikes_api_to_s3_to_snowflake to 2026-04-01 00:00:00+00:00, run_after=2026-07-01 00:00:00+00:00
[2026-04-10T00:12:30.148+0000] {processor.py:183} INFO - Processing /opt/airflow/dags/bluebikes_api_to_s3_to_snowflake.py took 0.264 seconds
[2026-04-10T00:13:00.292+0000] {processor.py:161} INFO - Started process (PID=14531) to work on /opt/airflow/dags/bluebikes_api_to_s3_to_snowflake.py
[2026-04-10T00:13:00.292+0000] {processor.py:830} INFO - Processing file /opt/airflow/dags/bluebikes_api_to_s3_to_snowflake.py for tasks to queue
[2026-04-10T00:13:00.293+0000] {logging_mixin.py:188} INFO - [2026-04-10T00:13:00.293+0000] {dagbag.py:538} INFO - Filling up the DagBag from /opt/airflow/dags/bluebikes_api_to_s3_to_snowflake.py
[2026-04-10T00:13:00.534+0000] {processor.py:840} INFO - DAG(s) 'bluebikes_api_to_s3_to_snowflake' retrieved from /opt/airflow/dags/bluebikes_api_to_s3_to_snowflake.py
[2026-04-10T00:13:00.543+0000] {logging_mixin.py:188} INFO - [2026-04-10T00:13:00.542+0000] {dag.py:3036} INFO - Sync 1 DAGs
[2026-04-10T00:13:00.551+0000] {logging_mixin.py:188} INFO - [2026-04-10T00:13:00.551+0000] {dag.py:3823} INFO - Setting next_dagrun for bluebikes_api_to_s3_to_snowflake to 2026-04-01 00:00:00+00:00, run_after=2026-07-01 00:00:00+00:00
[2026-04-10T00:13:00.558+0000] {processor.py:183} INFO - Processing /opt/airflow/dags/bluebikes_api_to_s3_to_snowflake.py took 0.267 seconds
[2026-04-10T00:13:30.767+0000] {processor.py:161} INFO - Started process (PID=14610) to work on /opt/airflow/dags/bluebikes_api_to_s3_to_snowflake.py
[2026-04-10T00:13:30.767+0000] {processor.py:830} INFO - Processing file /opt/airflow/dags/bluebikes_api_to_s3_to_snowflake.py for tasks to queue
[2026-04-10T00:13:30.768+0000] {logging_mixin.py:188} INFO - [2026-04-10T00:13:30.768+0000] {dagbag.py:538} INFO - Filling up the DagBag from /opt/airflow/dags/bluebikes_api_to_s3_to_snowflake.py
[2026-04-10T00:13:31.010+0000] {processor.py:840} INFO - DAG(s) 'bluebikes_api_to_s3_to_snowflake' retrieved from /opt/airflow/dags/bluebikes_api_to_s3_to_snowflake.py
[2026-04-10T00:13:31.021+0000] {logging_mixin.py:188} INFO - [2026-04-10T00:13:31.021+0000] {dag.py:3036} INFO - Sync 1 DAGs
[2026-04-10T00:13:31.030+0000] {logging_mixin.py:188} INFO - [2026-04-10T00:13:31.030+0000] {dag.py:3823} INFO - Setting next_dagrun for bluebikes_api_to_s3_to_snowflake to 2026-04-01 00:00:00+00:00, run_after=2026-07-01 00:00:00+00:00
[2026-04-10T00:13:31.045+0000] {processor.py:183} INFO - Processing /opt/airflow/dags/bluebikes_api_to_s3_to_snowflake.py took 0.280 seconds
[2026-04-10T00:14:55.915+0000] {processor.py:161} INFO - Started process (PID=14685) to work on /opt/airflow/dags/bluebikes_api_to_s3_to_snowflake.py
[2026-04-10T00:14:55.916+0000] {processor.py:830} INFO - Processing file /opt/airflow/dags/bluebikes_api_to_s3_to_snowflake.py for tasks to queue
[2026-04-10T00:14:55.916+0000] {logging_mixin.py:188} INFO - [2026-04-10T00:14:55.916+0000] {dagbag.py:538} INFO - Filling up the DagBag from /opt/airflow/dags/bluebikes_api_to_s3_to_snowflake.py
[2026-04-10T00:14:56.174+0000] {processor.py:840} INFO - DAG(s) 'bluebikes_api_to_s3_to_snowflake' retrieved from /opt/airflow/dags/bluebikes_api_to_s3_to_snowflake.py
[2026-04-10T00:14:56.182+0000] {logging_mixin.py:188} INFO - [2026-04-10T00:14:56.182+0000] {dag.py:3036} INFO - Sync 1 DAGs
[2026-04-10T00:14:56.191+0000] {logging_mixin.py:188} INFO - [2026-04-10T00:14:56.191+0000] {dag.py:3823} INFO - Setting next_dagrun for bluebikes_api_to_s3_to_snowflake to 2026-04-01 00:00:00+00:00, run_after=2026-07-01 00:00:00+00:00
[2026-04-10T00:14:56.202+0000] {processor.py:183} INFO - Processing /opt/airflow/dags/bluebikes_api_to_s3_to_snowflake.py took 0.288 seconds
[2026-04-10T00:15:26.405+0000] {processor.py:161} INFO - Started process (PID=14767) to work on /opt/airflow/dags/bluebikes_api_to_s3_to_snowflake.py
[2026-04-10T00:15:26.406+0000] {processor.py:830} INFO - Processing file /opt/airflow/dags/bluebikes_api_to_s3_to_snowflake.py for tasks to queue
[2026-04-10T00:15:26.408+0000] {logging_mixin.py:188} INFO - [2026-04-10T00:15:26.408+0000] {dagbag.py:538} INFO - Filling up the DagBag from /opt/airflow/dags/bluebikes_api_to_s3_to_snowflake.py
[2026-04-10T00:15:26.650+0000] {processor.py:840} INFO - DAG(s) 'bluebikes_api_to_s3_to_snowflake' retrieved from /opt/airflow/dags/bluebikes_api_to_s3_to_snowflake.py
[2026-04-10T00:15:26.660+0000] {logging_mixin.py:188} INFO - [2026-04-10T00:15:26.660+0000] {dag.py:3036} INFO - Sync 1 DAGs
[2026-04-10T00:15:26.668+0000] {logging_mixin.py:188} INFO - [2026-04-10T00:15:26.668+0000] {dag.py:3823} INFO - Setting next_dagrun for bluebikes_api_to_s3_to_snowflake to 2026-04-01 00:00:00+00:00, run_after=2026-07-01 00:00:00+00:00
[2026-04-10T00:15:26.674+0000] {processor.py:183} INFO - Processing /opt/airflow/dags/bluebikes_api_to_s3_to_snowflake.py took 0.270 seconds
[2026-04-10T00:15:57.690+0000] {processor.py:161} INFO - Started process (PID=14852) to work on /opt/airflow/dags/bluebikes_api_to_s3_to_snowflake.py
[2026-04-10T00:15:57.690+0000] {processor.py:830} INFO - Processing file /opt/airflow/dags/bluebikes_api_to_s3_to_snowflake.py for tasks to queue
[2026-04-10T00:15:57.692+0000] {logging_mixin.py:188} INFO - [2026-04-10T00:15:57.692+0000] {dagbag.py:538} INFO - Filling up the DagBag from /opt/airflow/dags/bluebikes_api_to_s3_to_snowflake.py
[2026-04-10T00:15:57.970+0000] {processor.py:840} INFO - DAG(s) 'bluebikes_api_to_s3_to_snowflake' retrieved from /opt/airflow/dags/bluebikes_api_to_s3_to_snowflake.py
[2026-04-10T00:15:57.981+0000] {logging_mixin.py:188} INFO - [2026-04-10T00:15:57.981+0000] {dag.py:3036} INFO - Sync 1 DAGs
[2026-04-10T00:15:57.993+0000] {logging_mixin.py:188} INFO - [2026-04-10T00:15:57.992+0000] {dag.py:3823} INFO - Setting next_dagrun for bluebikes_api_to_s3_to_snowflake to 2026-04-01 00:00:00+00:00, run_after=2026-07-01 00:00:00+00:00
[2026-04-10T00:15:57.999+0000] {processor.py:183} INFO - Processing /opt/airflow/dags/bluebikes_api_to_s3_to_snowflake.py took 0.312 seconds
[2026-04-10T00:16:28.294+0000] {processor.py:161} INFO - Started process (PID=14931) to work on /opt/airflow/dags/bluebikes_api_to_s3_to_snowflake.py
[2026-04-10T00:16:28.294+0000] {processor.py:830} INFO - Processing file /opt/airflow/dags/bluebikes_api_to_s3_to_snowflake.py for tasks to queue
[2026-04-10T00:16:28.295+0000] {logging_mixin.py:188} INFO - [2026-04-10T00:16:28.295+0000] {dagbag.py:538} INFO - Filling up the DagBag from /opt/airflow/dags/bluebikes_api_to_s3_to_snowflake.py
[2026-04-10T00:16:28.528+0000] {processor.py:840} INFO - DAG(s) 'bluebikes_api_to_s3_to_snowflake' retrieved from /opt/airflow/dags/bluebikes_api_to_s3_to_snowflake.py
[2026-04-10T00:16:28.537+0000] {logging_mixin.py:188} INFO - [2026-04-10T00:16:28.536+0000] {dag.py:3036} INFO - Sync 1 DAGs
[2026-04-10T00:16:28.545+0000] {logging_mixin.py:188} INFO - [2026-04-10T00:16:28.545+0000] {dag.py:3823} INFO - Setting next_dagrun for bluebikes_api_to_s3_to_snowflake to 2026-04-01 00:00:00+00:00, run_after=2026-07-01 00:00:00+00:00
[2026-04-10T00:16:28.551+0000] {processor.py:183} INFO - Processing /opt/airflow/dags/bluebikes_api_to_s3_to_snowflake.py took 0.259 seconds
[2026-04-10T00:16:59.005+0000] {processor.py:161} INFO - Started process (PID=15011) to work on /opt/airflow/dags/bluebikes_api_to_s3_to_snowflake.py
[2026-04-10T00:16:59.005+0000] {processor.py:830} INFO - Processing file /opt/airflow/dags/bluebikes_api_to_s3_to_snowflake.py for tasks to queue
[2026-04-10T00:16:59.006+0000] {logging_mixin.py:188} INFO - [2026-04-10T00:16:59.006+0000] {dagbag.py:538} INFO - Filling up the DagBag from /opt/airflow/dags/bluebikes_api_to_s3_to_snowflake.py
[2026-04-10T00:16:59.194+0000] {processor.py:840} INFO - DAG(s) 'bluebikes_api_to_s3_to_snowflake' retrieved from /opt/airflow/dags/bluebikes_api_to_s3_to_snowflake.py
[2026-04-10T00:16:59.205+0000] {logging_mixin.py:188} INFO - [2026-04-10T00:16:59.205+0000] {dag.py:3036} INFO - Sync 1 DAGs
[2026-04-10T00:16:59.215+0000] {logging_mixin.py:188} INFO - [2026-04-10T00:16:59.214+0000] {dag.py:3823} INFO - Setting next_dagrun for bluebikes_api_to_s3_to_snowflake to 2026-04-01 00:00:00+00:00, run_after=2026-07-01 00:00:00+00:00
[2026-04-10T00:16:59.227+0000] {processor.py:183} INFO - Processing /opt/airflow/dags/bluebikes_api_to_s3_to_snowflake.py took 0.224 seconds
[2026-04-10T00:17:29.255+0000] {processor.py:161} INFO - Started process (PID=15095) to work on /opt/airflow/dags/bluebikes_api_to_s3_to_snowflake.py
[2026-04-10T00:17:29.257+0000] {processor.py:830} INFO - Processing file /opt/airflow/dags/bluebikes_api_to_s3_to_snowflake.py for tasks to queue
[2026-04-10T00:17:29.258+0000] {logging_mixin.py:188} INFO - [2026-04-10T00:17:29.258+0000] {dagbag.py:538} INFO - Filling up the DagBag from /opt/airflow/dags/bluebikes_api_to_s3_to_snowflake.py
[2026-04-10T00:17:29.437+0000] {processor.py:840} INFO - DAG(s) 'bluebikes_api_to_s3_to_snowflake' retrieved from /opt/airflow/dags/bluebikes_api_to_s3_to_snowflake.py
[2026-04-10T00:17:29.449+0000] {logging_mixin.py:188} INFO - [2026-04-10T00:17:29.448+0000] {dag.py:3036} INFO - Sync 1 DAGs
[2026-04-10T00:17:29.460+0000] {logging_mixin.py:188} INFO - [2026-04-10T00:17:29.460+0000] {dag.py:3823} INFO - Setting next_dagrun for bluebikes_api_to_s3_to_snowflake to 2026-04-01 00:00:00+00:00, run_after=2026-07-01 00:00:00+00:00
[2026-04-10T00:17:29.469+0000] {processor.py:183} INFO - Processing /opt/airflow/dags/bluebikes_api_to_s3_to_snowflake.py took 0.216 seconds
[2026-04-10T00:18:00.207+0000] {processor.py:161} INFO - Started process (PID=15164) to work on /opt/airflow/dags/bluebikes_api_to_s3_to_snowflake.py
[2026-04-10T00:18:00.208+0000] {processor.py:830} INFO - Processing file /opt/airflow/dags/bluebikes_api_to_s3_to_snowflake.py for tasks to queue
[2026-04-10T00:18:00.210+0000] {logging_mixin.py:188} INFO - [2026-04-10T00:18:00.210+0000] {dagbag.py:538} INFO - Filling up the DagBag from /opt/airflow/dags/bluebikes_api_to_s3_to_snowflake.py
[2026-04-10T00:18:00.390+0000] {processor.py:840} INFO - DAG(s) 'bluebikes_api_to_s3_to_snowflake' retrieved from /opt/airflow/dags/bluebikes_api_to_s3_to_snowflake.py
[2026-04-10T00:18:00.400+0000] {logging_mixin.py:188} INFO - [2026-04-10T00:18:00.399+0000] {dag.py:3036} INFO - Sync 1 DAGs
[2026-04-10T00:18:00.411+0000] {logging_mixin.py:188} INFO - [2026-04-10T00:18:00.411+0000] {dag.py:3823} INFO - Setting next_dagrun for bluebikes_api_to_s3_to_snowflake to 2026-04-01 00:00:00+00:00, run_after=2026-07-01 00:00:00+00:00
[2026-04-10T00:18:00.423+0000] {processor.py:183} INFO - Processing /opt/airflow/dags/bluebikes_api_to_s3_to_snowflake.py took 0.218 seconds
[2026-04-10T00:18:30.504+0000] {processor.py:161} INFO - Started process (PID=15244) to work on /opt/airflow/dags/bluebikes_api_to_s3_to_snowflake.py
[2026-04-10T00:18:30.505+0000] {processor.py:830} INFO - Processing file /opt/airflow/dags/bluebikes_api_to_s3_to_snowflake.py for tasks to queue
[2026-04-10T00:18:30.506+0000] {logging_mixin.py:188} INFO - [2026-04-10T00:18:30.506+0000] {dagbag.py:538} INFO - Filling up the DagBag from /opt/airflow/dags/bluebikes_api_to_s3_to_snowflake.py
[2026-04-10T00:18:30.688+0000] {processor.py:840} INFO - DAG(s) 'bluebikes_api_to_s3_to_snowflake' retrieved from /opt/airflow/dags/bluebikes_api_to_s3_to_snowflake.py
[2026-04-10T00:18:30.701+0000] {logging_mixin.py:188} INFO - [2026-04-10T00:18:30.701+0000] {dag.py:3036} INFO - Sync 1 DAGs
[2026-04-10T00:18:30.711+0000] {logging_mixin.py:188} INFO - [2026-04-10T00:18:30.711+0000] {dag.py:3823} INFO - Setting next_dagrun for bluebikes_api_to_s3_to_snowflake to 2026-04-01 00:00:00+00:00, run_after=2026-07-01 00:00:00+00:00
[2026-04-10T00:18:30.719+0000] {processor.py:183} INFO - Processing /opt/airflow/dags/bluebikes_api_to_s3_to_snowflake.py took 0.217 seconds
[2026-04-10T00:19:00.923+0000] {processor.py:161} INFO - Started process (PID=15325) to work on /opt/airflow/dags/bluebikes_api_to_s3_to_snowflake.py
[2026-04-10T00:19:00.924+0000] {processor.py:830} INFO - Processing file /opt/airflow/dags/bluebikes_api_to_s3_to_snowflake.py for tasks to queue
[2026-04-10T00:19:00.927+0000] {logging_mixin.py:188} INFO - [2026-04-10T00:19:00.927+0000] {dagbag.py:538} INFO - Filling up the DagBag from /opt/airflow/dags/bluebikes_api_to_s3_to_snowflake.py
[2026-04-10T00:19:01.111+0000] {processor.py:840} INFO - DAG(s) 'bluebikes_api_to_s3_to_snowflake' retrieved from /opt/airflow/dags/bluebikes_api_to_s3_to_snowflake.py
[2026-04-10T00:19:01.122+0000] {logging_mixin.py:188} INFO - [2026-04-10T00:19:01.122+0000] {dag.py:3036} INFO - Sync 1 DAGs
[2026-04-10T00:19:01.130+0000] {logging_mixin.py:188} INFO - [2026-04-10T00:19:01.130+0000] {dag.py:3823} INFO - Setting next_dagrun for bluebikes_api_to_s3_to_snowflake to 2026-04-01 00:00:00+00:00, run_after=2026-07-01 00:00:00+00:00
[2026-04-10T00:19:01.141+0000] {processor.py:183} INFO - Processing /opt/airflow/dags/bluebikes_api_to_s3_to_snowflake.py took 0.220 seconds
[2026-04-10T00:19:31.967+0000] {processor.py:161} INFO - Started process (PID=15405) to work on /opt/airflow/dags/bluebikes_api_to_s3_to_snowflake.py
[2026-04-10T00:19:31.968+0000] {processor.py:830} INFO - Processing file /opt/airflow/dags/bluebikes_api_to_s3_to_snowflake.py for tasks to queue
[2026-04-10T00:19:31.968+0000] {logging_mixin.py:188} INFO - [2026-04-10T00:19:31.968+0000] {dagbag.py:538} INFO - Filling up the DagBag from /opt/airflow/dags/bluebikes_api_to_s3_to_snowflake.py
[2026-04-10T00:19:32.147+0000] {processor.py:840} INFO - DAG(s) 'bluebikes_api_to_s3_to_snowflake' retrieved from /opt/airflow/dags/bluebikes_api_to_s3_to_snowflake.py
[2026-04-10T00:19:32.159+0000] {logging_mixin.py:188} INFO - [2026-04-10T00:19:32.159+0000] {dag.py:3036} INFO - Sync 1 DAGs
[2026-04-10T00:19:32.168+0000] {logging_mixin.py:188} INFO - [2026-04-10T00:19:32.168+0000] {dag.py:3823} INFO - Setting next_dagrun for bluebikes_api_to_s3_to_snowflake to 2026-04-01 00:00:00+00:00, run_after=2026-07-01 00:00:00+00:00
[2026-04-10T00:19:32.178+0000] {processor.py:183} INFO - Processing /opt/airflow/dags/bluebikes_api_to_s3_to_snowflake.py took 0.212 seconds
[2026-04-10T00:20:02.533+0000] {processor.py:161} INFO - Started process (PID=15485) to work on /opt/airflow/dags/bluebikes_api_to_s3_to_snowflake.py
[2026-04-10T00:20:02.533+0000] {processor.py:830} INFO - Processing file /opt/airflow/dags/bluebikes_api_to_s3_to_snowflake.py for tasks to queue
[2026-04-10T00:20:02.534+0000] {logging_mixin.py:188} INFO - [2026-04-10T00:20:02.534+0000] {dagbag.py:538} INFO - Filling up the DagBag from /opt/airflow/dags/bluebikes_api_to_s3_to_snowflake.py
[2026-04-10T00:20:02.809+0000] {processor.py:840} INFO - DAG(s) 'bluebikes_api_to_s3_to_snowflake' retrieved from /opt/airflow/dags/bluebikes_api_to_s3_to_snowflake.py
[2026-04-10T00:20:02.816+0000] {logging_mixin.py:188} INFO - [2026-04-10T00:20:02.815+0000] {dag.py:3036} INFO - Sync 1 DAGs
[2026-04-10T00:20:02.827+0000] {logging_mixin.py:188} INFO - [2026-04-10T00:20:02.827+0000] {dag.py:3823} INFO - Setting next_dagrun for bluebikes_api_to_s3_to_snowflake to 2026-04-01 00:00:00+00:00, run_after=2026-07-01 00:00:00+00:00
[2026-04-10T00:20:02.837+0000] {processor.py:183} INFO - Processing /opt/airflow/dags/bluebikes_api_to_s3_to_snowflake.py took 0.306 seconds
[2026-04-10T00:20:33.434+0000] {processor.py:161} INFO - Started process (PID=15567) to work on /opt/airflow/dags/bluebikes_api_to_s3_to_snowflake.py
[2026-04-10T00:20:33.434+0000] {processor.py:830} INFO - Processing file /opt/airflow/dags/bluebikes_api_to_s3_to_snowflake.py for tasks to queue
[2026-04-10T00:20:33.435+0000] {logging_mixin.py:188} INFO - [2026-04-10T00:20:33.435+0000] {dagbag.py:538} INFO - Filling up the DagBag from /opt/airflow/dags/bluebikes_api_to_s3_to_snowflake.py
[2026-04-10T00:20:33.687+0000] {processor.py:840} INFO - DAG(s) 'bluebikes_api_to_s3_to_snowflake' retrieved from /opt/airflow/dags/bluebikes_api_to_s3_to_snowflake.py
[2026-04-10T00:20:33.695+0000] {logging_mixin.py:188} INFO - [2026-04-10T00:20:33.695+0000] {dag.py:3036} INFO - Sync 1 DAGs
[2026-04-10T00:20:33.702+0000] {logging_mixin.py:188} INFO - [2026-04-10T00:20:33.702+0000] {dag.py:3823} INFO - Setting next_dagrun for bluebikes_api_to_s3_to_snowflake to 2026-04-01 00:00:00+00:00, run_after=2026-07-01 00:00:00+00:00
[2026-04-10T00:20:33.711+0000] {processor.py:183} INFO - Processing /opt/airflow/dags/bluebikes_api_to_s3_to_snowflake.py took 0.279 seconds
[2026-04-10T00:21:04.290+0000] {processor.py:161} INFO - Started process (PID=15646) to work on /opt/airflow/dags/bluebikes_api_to_s3_to_snowflake.py
[2026-04-10T00:21:04.291+0000] {processor.py:830} INFO - Processing file /opt/airflow/dags/bluebikes_api_to_s3_to_snowflake.py for tasks to queue
[2026-04-10T00:21:04.292+0000] {logging_mixin.py:188} INFO - [2026-04-10T00:21:04.292+0000] {dagbag.py:538} INFO - Filling up the DagBag from /opt/airflow/dags/bluebikes_api_to_s3_to_snowflake.py
[2026-04-10T00:21:04.546+0000] {processor.py:840} INFO - DAG(s) 'bluebikes_api_to_s3_to_snowflake' retrieved from /opt/airflow/dags/bluebikes_api_to_s3_to_snowflake.py
[2026-04-10T00:21:04.555+0000] {logging_mixin.py:188} INFO - [2026-04-10T00:21:04.555+0000] {dag.py:3036} INFO - Sync 1 DAGs
[2026-04-10T00:21:04.566+0000] {logging_mixin.py:188} INFO - [2026-04-10T00:21:04.566+0000] {dag.py:3823} INFO - Setting next_dagrun for bluebikes_api_to_s3_to_snowflake to 2026-04-01 00:00:00+00:00, run_after=2026-07-01 00:00:00+00:00
[2026-04-10T00:21:04.575+0000] {processor.py:183} INFO - Processing /opt/airflow/dags/bluebikes_api_to_s3_to_snowflake.py took 0.287 seconds
[2026-04-10T00:21:35.032+0000] {processor.py:161} INFO - Started process (PID=15731) to work on /opt/airflow/dags/bluebikes_api_to_s3_to_snowflake.py
[2026-04-10T00:21:35.032+0000] {processor.py:830} INFO - Processing file /opt/airflow/dags/bluebikes_api_to_s3_to_snowflake.py for tasks to queue
[2026-04-10T00:21:35.033+0000] {logging_mixin.py:188} INFO - [2026-04-10T00:21:35.033+0000] {dagbag.py:538} INFO - Filling up the DagBag from /opt/airflow/dags/bluebikes_api_to_s3_to_snowflake.py
[2026-04-10T00:21:35.294+0000] {processor.py:840} INFO - DAG(s) 'bluebikes_api_to_s3_to_snowflake' retrieved from /opt/airflow/dags/bluebikes_api_to_s3_to_snowflake.py
[2026-04-10T00:21:35.303+0000] {logging_mixin.py:188} INFO - [2026-04-10T00:21:35.303+0000] {dag.py:3036} INFO - Sync 1 DAGs
[2026-04-10T00:21:35.314+0000] {logging_mixin.py:188} INFO - [2026-04-10T00:21:35.314+0000] {dag.py:3823} INFO - Setting next_dagrun for bluebikes_api_to_s3_to_snowflake to 2026-04-01 00:00:00+00:00, run_after=2026-07-01 00:00:00+00:00
[2026-04-10T00:21:35.323+0000] {processor.py:183} INFO - Processing /opt/airflow/dags/bluebikes_api_to_s3_to_snowflake.py took 0.293 seconds
[2026-04-10T00:22:05.632+0000] {processor.py:161} INFO - Started process (PID=15816) to work on /opt/airflow/dags/bluebikes_api_to_s3_to_snowflake.py
[2026-04-10T00:22:05.632+0000] {processor.py:830} INFO - Processing file /opt/airflow/dags/bluebikes_api_to_s3_to_snowflake.py for tasks to queue
[2026-04-10T00:22:05.633+0000] {logging_mixin.py:188} INFO - [2026-04-10T00:22:05.633+0000] {dagbag.py:538} INFO - Filling up the DagBag from /opt/airflow/dags/bluebikes_api_to_s3_to_snowflake.py
[2026-04-10T00:22:05.887+0000] {processor.py:840} INFO - DAG(s) 'bluebikes_api_to_s3_to_snowflake' retrieved from /opt/airflow/dags/bluebikes_api_to_s3_to_snowflake.py
[2026-04-10T00:22:05.893+0000] {logging_mixin.py:188} INFO - [2026-04-10T00:22:05.893+0000] {dag.py:3036} INFO - Sync 1 DAGs
[2026-04-10T00:22:05.901+0000] {logging_mixin.py:188} INFO - [2026-04-10T00:22:05.901+0000] {dag.py:3823} INFO - Setting next_dagrun for bluebikes_api_to_s3_to_snowflake to 2026-04-01 00:00:00+00:00, run_after=2026-07-01 00:00:00+00:00
[2026-04-10T00:22:05.907+0000] {processor.py:183} INFO - Processing /opt/airflow/dags/bluebikes_api_to_s3_to_snowflake.py took 0.277 seconds
[2026-04-10T00:22:36.109+0000] {processor.py:161} INFO - Started process (PID=15898) to work on /opt/airflow/dags/bluebikes_api_to_s3_to_snowflake.py
[2026-04-10T00:22:36.110+0000] {processor.py:830} INFO - Processing file /opt/airflow/dags/bluebikes_api_to_s3_to_snowflake.py for tasks to queue
[2026-04-10T00:22:36.111+0000] {logging_mixin.py:188} INFO - [2026-04-10T00:22:36.111+0000] {dagbag.py:538} INFO - Filling up the DagBag from /opt/airflow/dags/bluebikes_api_to_s3_to_snowflake.py
[2026-04-10T00:22:36.367+0000] {processor.py:840} INFO - DAG(s) 'bluebikes_api_to_s3_to_snowflake' retrieved from /opt/airflow/dags/bluebikes_api_to_s3_to_snowflake.py
[2026-04-10T00:22:36.373+0000] {logging_mixin.py:188} INFO - [2026-04-10T00:22:36.373+0000] {dag.py:3036} INFO - Sync 1 DAGs
[2026-04-10T00:22:36.380+0000] {logging_mixin.py:188} INFO - [2026-04-10T00:22:36.380+0000] {dag.py:3823} INFO - Setting next_dagrun for bluebikes_api_to_s3_to_snowflake to 2026-04-01 00:00:00+00:00, run_after=2026-07-01 00:00:00+00:00
[2026-04-10T00:22:36.392+0000] {processor.py:183} INFO - Processing /opt/airflow/dags/bluebikes_api_to_s3_to_snowflake.py took 0.285 seconds
[2026-04-10T00:23:06.592+0000] {processor.py:161} INFO - Started process (PID=15979) to work on /opt/airflow/dags/bluebikes_api_to_s3_to_snowflake.py
[2026-04-10T00:23:06.593+0000] {processor.py:830} INFO - Processing file /opt/airflow/dags/bluebikes_api_to_s3_to_snowflake.py for tasks to queue
[2026-04-10T00:23:06.594+0000] {logging_mixin.py:188} INFO - [2026-04-10T00:23:06.594+0000] {dagbag.py:538} INFO - Filling up the DagBag from /opt/airflow/dags/bluebikes_api_to_s3_to_snowflake.py
[2026-04-10T00:23:06.845+0000] {processor.py:840} INFO - DAG(s) 'bluebikes_api_to_s3_to_snowflake' retrieved from /opt/airflow/dags/bluebikes_api_to_s3_to_snowflake.py
[2026-04-10T00:23:06.854+0000] {logging_mixin.py:188} INFO - [2026-04-10T00:23:06.853+0000] {dag.py:3036} INFO - Sync 1 DAGs
[2026-04-10T00:23:06.863+0000] {logging_mixin.py:188} INFO - [2026-04-10T00:23:06.863+0000] {dag.py:3823} INFO - Setting next_dagrun for bluebikes_api_to_s3_to_snowflake to 2026-04-01 00:00:00+00:00, run_after=2026-07-01 00:00:00+00:00
[2026-04-10T00:23:06.873+0000] {processor.py:183} INFO - Processing /opt/airflow/dags/bluebikes_api_to_s3_to_snowflake.py took 0.283 seconds
[2026-04-10T00:23:37.227+0000] {processor.py:161} INFO - Started process (PID=16054) to work on /opt/airflow/dags/bluebikes_api_to_s3_to_snowflake.py
[2026-04-10T00:23:37.228+0000] {processor.py:830} INFO - Processing file /opt/airflow/dags/bluebikes_api_to_s3_to_snowflake.py for tasks to queue
[2026-04-10T00:23:37.229+0000] {logging_mixin.py:188} INFO - [2026-04-10T00:23:37.228+0000] {dagbag.py:538} INFO - Filling up the DagBag from /opt/airflow/dags/bluebikes_api_to_s3_to_snowflake.py
[2026-04-10T00:23:37.479+0000] {processor.py:840} INFO - DAG(s) 'bluebikes_api_to_s3_to_snowflake' retrieved from /opt/airflow/dags/bluebikes_api_to_s3_to_snowflake.py
[2026-04-10T00:23:37.487+0000] {logging_mixin.py:188} INFO - [2026-04-10T00:23:37.487+0000] {dag.py:3036} INFO - Sync 1 DAGs
[2026-04-10T00:23:37.495+0000] {logging_mixin.py:188} INFO - [2026-04-10T00:23:37.495+0000] {dag.py:3823} INFO - Setting next_dagrun for bluebikes_api_to_s3_to_snowflake to 2026-04-01 00:00:00+00:00, run_after=2026-07-01 00:00:00+00:00
[2026-04-10T00:23:37.501+0000] {processor.py:183} INFO - Processing /opt/airflow/dags/bluebikes_api_to_s3_to_snowflake.py took 0.276 seconds
[2026-04-10T00:24:07.594+0000] {processor.py:161} INFO - Started process (PID=16131) to work on /opt/airflow/dags/bluebikes_api_to_s3_to_snowflake.py
[2026-04-10T00:24:07.595+0000] {processor.py:830} INFO - Processing file /opt/airflow/dags/bluebikes_api_to_s3_to_snowflake.py for tasks to queue
[2026-04-10T00:24:07.596+0000] {logging_mixin.py:188} INFO - [2026-04-10T00:24:07.595+0000] {dagbag.py:538} INFO - Filling up the DagBag from /opt/airflow/dags/bluebikes_api_to_s3_to_snowflake.py
[2026-04-10T00:24:07.838+0000] {processor.py:840} INFO - DAG(s) 'bluebikes_api_to_s3_to_snowflake' retrieved from /opt/airflow/dags/bluebikes_api_to_s3_to_snowflake.py
[2026-04-10T00:24:07.844+0000] {logging_mixin.py:188} INFO - [2026-04-10T00:24:07.844+0000] {dag.py:3036} INFO - Sync 1 DAGs
[2026-04-10T00:24:07.853+0000] {logging_mixin.py:188} INFO - [2026-04-10T00:24:07.853+0000] {dag.py:3823} INFO - Setting next_dagrun for bluebikes_api_to_s3_to_snowflake to 2026-04-01 00:00:00+00:00, run_after=2026-07-01 00:00:00+00:00
[2026-04-10T00:24:07.865+0000] {processor.py:183} INFO - Processing /opt/airflow/dags/bluebikes_api_to_s3_to_snowflake.py took 0.273 seconds
[2026-04-10T00:24:38.840+0000] {processor.py:161} INFO - Started process (PID=16211) to work on /opt/airflow/dags/bluebikes_api_to_s3_to_snowflake.py
[2026-04-10T00:24:38.841+0000] {processor.py:830} INFO - Processing file /opt/airflow/dags/bluebikes_api_to_s3_to_snowflake.py for tasks to queue
[2026-04-10T00:24:38.843+0000] {logging_mixin.py:188} INFO - [2026-04-10T00:24:38.843+0000] {dagbag.py:538} INFO - Filling up the DagBag from /opt/airflow/dags/bluebikes_api_to_s3_to_snowflake.py
[2026-04-10T00:24:39.015+0000] {processor.py:840} INFO - DAG(s) 'bluebikes_api_to_s3_to_snowflake' retrieved from /opt/airflow/dags/bluebikes_api_to_s3_to_snowflake.py
[2026-04-10T00:24:39.026+0000] {logging_mixin.py:188} INFO - [2026-04-10T00:24:39.026+0000] {dag.py:3036} INFO - Sync 1 DAGs
[2026-04-10T00:24:39.036+0000] {logging_mixin.py:188} INFO - [2026-04-10T00:24:39.036+0000] {dag.py:3823} INFO - Setting next_dagrun for bluebikes_api_to_s3_to_snowflake to 2026-04-01 00:00:00+00:00, run_after=2026-07-01 00:00:00+00:00
[2026-04-10T00:24:39.044+0000] {processor.py:183} INFO - Processing /opt/airflow/dags/bluebikes_api_to_s3_to_snowflake.py took 0.207 seconds
[2026-04-10T00:25:09.791+0000] {processor.py:161} INFO - Started process (PID=16291) to work on /opt/airflow/dags/bluebikes_api_to_s3_to_snowflake.py
[2026-04-10T00:25:09.792+0000] {processor.py:830} INFO - Processing file /opt/airflow/dags/bluebikes_api_to_s3_to_snowflake.py for tasks to queue
[2026-04-10T00:25:09.794+0000] {logging_mixin.py:188} INFO - [2026-04-10T00:25:09.793+0000] {dagbag.py:538} INFO - Filling up the DagBag from /opt/airflow/dags/bluebikes_api_to_s3_to_snowflake.py
[2026-04-10T00:25:09.967+0000] {processor.py:840} INFO - DAG(s) 'bluebikes_api_to_s3_to_snowflake' retrieved from /opt/airflow/dags/bluebikes_api_to_s3_to_snowflake.py
[2026-04-10T00:25:09.975+0000] {logging_mixin.py:188} INFO - [2026-04-10T00:25:09.974+0000] {dag.py:3036} INFO - Sync 1 DAGs
[2026-04-10T00:25:09.985+0000] {logging_mixin.py:188} INFO - [2026-04-10T00:25:09.985+0000] {dag.py:3823} INFO - Setting next_dagrun for bluebikes_api_to_s3_to_snowflake to 2026-04-01 00:00:00+00:00, run_after=2026-07-01 00:00:00+00:00
[2026-04-10T00:25:09.994+0000] {processor.py:183} INFO - Processing /opt/airflow/dags/bluebikes_api_to_s3_to_snowflake.py took 0.206 seconds
[2026-04-10T00:25:40.751+0000] {processor.py:161} INFO - Started process (PID=16371) to work on /opt/airflow/dags/bluebikes_api_to_s3_to_snowflake.py
[2026-04-10T00:25:40.752+0000] {processor.py:830} INFO - Processing file /opt/airflow/dags/bluebikes_api_to_s3_to_snowflake.py for tasks to queue
[2026-04-10T00:25:40.755+0000] {logging_mixin.py:188} INFO - [2026-04-10T00:25:40.755+0000] {dagbag.py:538} INFO - Filling up the DagBag from /opt/airflow/dags/bluebikes_api_to_s3_to_snowflake.py
[2026-04-10T00:25:40.925+0000] {processor.py:840} INFO - DAG(s) 'bluebikes_api_to_s3_to_snowflake' retrieved from /opt/airflow/dags/bluebikes_api_to_s3_to_snowflake.py
[2026-04-10T00:25:40.934+0000] {logging_mixin.py:188} INFO - [2026-04-10T00:25:40.934+0000] {dag.py:3036} INFO - Sync 1 DAGs
[2026-04-10T00:25:40.943+0000] {logging_mixin.py:188} INFO - [2026-04-10T00:25:40.943+0000] {dag.py:3823} INFO - Setting next_dagrun for bluebikes_api_to_s3_to_snowflake to 2026-04-01 00:00:00+00:00, run_after=2026-07-01 00:00:00+00:00
[2026-04-10T00:25:40.952+0000] {processor.py:183} INFO - Processing /opt/airflow/dags/bluebikes_api_to_s3_to_snowflake.py took 0.203 seconds
[2026-04-10T00:26:11.959+0000] {processor.py:161} INFO - Started process (PID=16456) to work on /opt/airflow/dags/bluebikes_api_to_s3_to_snowflake.py
[2026-04-10T00:26:11.961+0000] {processor.py:830} INFO - Processing file /opt/airflow/dags/bluebikes_api_to_s3_to_snowflake.py for tasks to queue
[2026-04-10T00:26:11.965+0000] {logging_mixin.py:188} INFO - [2026-04-10T00:26:11.964+0000] {dagbag.py:538} INFO - Filling up the DagBag from /opt/airflow/dags/bluebikes_api_to_s3_to_snowflake.py
[2026-04-10T00:26:12.136+0000] {processor.py:840} INFO - DAG(s) 'bluebikes_api_to_s3_to_snowflake' retrieved from /opt/airflow/dags/bluebikes_api_to_s3_to_snowflake.py
[2026-04-10T00:26:12.147+0000] {logging_mixin.py:188} INFO - [2026-04-10T00:26:12.147+0000] {dag.py:3036} INFO - Sync 1 DAGs
[2026-04-10T00:26:12.160+0000] {logging_mixin.py:188} INFO - [2026-04-10T00:26:12.160+0000] {dag.py:3823} INFO - Setting next_dagrun for bluebikes_api_to_s3_to_snowflake to 2026-04-01 00:00:00+00:00, run_after=2026-07-01 00:00:00+00:00
[2026-04-10T00:26:12.169+0000] {processor.py:183} INFO - Processing /opt/airflow/dags/bluebikes_api_to_s3_to_snowflake.py took 0.213 seconds
[2026-04-10T00:26:42.938+0000] {processor.py:161} INFO - Started process (PID=16535) to work on /opt/airflow/dags/bluebikes_api_to_s3_to_snowflake.py
[2026-04-10T00:26:42.939+0000] {processor.py:830} INFO - Processing file /opt/airflow/dags/bluebikes_api_to_s3_to_snowflake.py for tasks to queue
[2026-04-10T00:26:42.941+0000] {logging_mixin.py:188} INFO - [2026-04-10T00:26:42.941+0000] {dagbag.py:538} INFO - Filling up the DagBag from /opt/airflow/dags/bluebikes_api_to_s3_to_snowflake.py
[2026-04-10T00:26:43.115+0000] {processor.py:840} INFO - DAG(s) 'bluebikes_api_to_s3_to_snowflake' retrieved from /opt/airflow/dags/bluebikes_api_to_s3_to_snowflake.py
[2026-04-10T00:26:43.124+0000] {logging_mixin.py:188} INFO - [2026-04-10T00:26:43.124+0000] {dag.py:3036} INFO - Sync 1 DAGs
[2026-04-10T00:26:43.133+0000] {logging_mixin.py:188} INFO - [2026-04-10T00:26:43.132+0000] {dag.py:3823} INFO - Setting next_dagrun for bluebikes_api_to_s3_to_snowflake to 2026-04-01 00:00:00+00:00, run_after=2026-07-01 00:00:00+00:00
[2026-04-10T00:26:43.142+0000] {processor.py:183} INFO - Processing /opt/airflow/dags/bluebikes_api_to_s3_to_snowflake.py took 0.207 seconds
[2026-04-10T00:27:13.900+0000] {processor.py:161} INFO - Started process (PID=16614) to work on /opt/airflow/dags/bluebikes_api_to_s3_to_snowflake.py
[2026-04-10T00:27:13.901+0000] {processor.py:830} INFO - Processing file /opt/airflow/dags/bluebikes_api_to_s3_to_snowflake.py for tasks to queue
[2026-04-10T00:27:13.905+0000] {logging_mixin.py:188} INFO - [2026-04-10T00:27:13.904+0000] {dagbag.py:538} INFO - Filling up the DagBag from /opt/airflow/dags/bluebikes_api_to_s3_to_snowflake.py
[2026-04-10T00:27:14.072+0000] {processor.py:840} INFO - DAG(s) 'bluebikes_api_to_s3_to_snowflake' retrieved from /opt/airflow/dags/bluebikes_api_to_s3_to_snowflake.py
[2026-04-10T00:27:14.161+0000] {logging_mixin.py:188} INFO - [2026-04-10T00:27:14.161+0000] {dag.py:3036} INFO - Sync 1 DAGs
[2026-04-10T00:27:14.171+0000] {logging_mixin.py:188} INFO - [2026-04-10T00:27:14.171+0000] {dag.py:3823} INFO - Setting next_dagrun for bluebikes_api_to_s3_to_snowflake to 2026-04-01 00:00:00+00:00, run_after=2026-07-01 00:00:00+00:00
[2026-04-10T00:27:14.179+0000] {processor.py:183} INFO - Processing /opt/airflow/dags/bluebikes_api_to_s3_to_snowflake.py took 0.282 seconds
[2026-04-10T00:27:44.295+0000] {processor.py:161} INFO - Started process (PID=16694) to work on /opt/airflow/dags/bluebikes_api_to_s3_to_snowflake.py
[2026-04-10T00:27:44.296+0000] {processor.py:830} INFO - Processing file /opt/airflow/dags/bluebikes_api_to_s3_to_snowflake.py for tasks to queue
[2026-04-10T00:27:44.297+0000] {logging_mixin.py:188} INFO - [2026-04-10T00:27:44.296+0000] {dagbag.py:538} INFO - Filling up the DagBag from /opt/airflow/dags/bluebikes_api_to_s3_to_snowflake.py
[2026-04-10T00:27:44.537+0000] {processor.py:840} INFO - DAG(s) 'bluebikes_api_to_s3_to_snowflake' retrieved from /opt/airflow/dags/bluebikes_api_to_s3_to_snowflake.py
[2026-04-10T00:27:44.545+0000] {logging_mixin.py:188} INFO - [2026-04-10T00:27:44.544+0000] {dag.py:3036} INFO - Sync 1 DAGs
[2026-04-10T00:27:44.555+0000] {logging_mixin.py:188} INFO - [2026-04-10T00:27:44.555+0000] {dag.py:3823} INFO - Setting next_dagrun for bluebikes_api_to_s3_to_snowflake to 2026-04-01 00:00:00+00:00, run_after=2026-07-01 00:00:00+00:00
[2026-04-10T00:27:44.561+0000] {processor.py:183} INFO - Processing /opt/airflow/dags/bluebikes_api_to_s3_to_snowflake.py took 0.267 seconds
[2026-04-10T00:28:14.877+0000] {processor.py:161} INFO - Started process (PID=16772) to work on /opt/airflow/dags/bluebikes_api_to_s3_to_snowflake.py
[2026-04-10T00:28:14.878+0000] {processor.py:830} INFO - Processing file /opt/airflow/dags/bluebikes_api_to_s3_to_snowflake.py for tasks to queue
[2026-04-10T00:28:14.878+0000] {logging_mixin.py:188} INFO - [2026-04-10T00:28:14.878+0000] {dagbag.py:538} INFO - Filling up the DagBag from /opt/airflow/dags/bluebikes_api_to_s3_to_snowflake.py
[2026-04-10T00:28:15.105+0000] {processor.py:840} INFO - DAG(s) 'bluebikes_api_to_s3_to_snowflake' retrieved from /opt/airflow/dags/bluebikes_api_to_s3_to_snowflake.py
[2026-04-10T00:28:15.111+0000] {logging_mixin.py:188} INFO - [2026-04-10T00:28:15.111+0000] {dag.py:3036} INFO - Sync 1 DAGs
[2026-04-10T00:28:15.118+0000] {logging_mixin.py:188} INFO - [2026-04-10T00:28:15.118+0000] {dag.py:3823} INFO - Setting next_dagrun for bluebikes_api_to_s3_to_snowflake to 2026-04-01 00:00:00+00:00, run_after=2026-07-01 00:00:00+00:00
[2026-04-10T00:28:15.123+0000] {processor.py:183} INFO - Processing /opt/airflow/dags/bluebikes_api_to_s3_to_snowflake.py took 0.247 seconds
[2026-04-10T00:28:45.257+0000] {processor.py:161} INFO - Started process (PID=16852) to work on /opt/airflow/dags/bluebikes_api_to_s3_to_snowflake.py
[2026-04-10T00:28:45.257+0000] {processor.py:830} INFO - Processing file /opt/airflow/dags/bluebikes_api_to_s3_to_snowflake.py for tasks to queue
[2026-04-10T00:28:45.258+0000] {logging_mixin.py:188} INFO - [2026-04-10T00:28:45.258+0000] {dagbag.py:538} INFO - Filling up the DagBag from /opt/airflow/dags/bluebikes_api_to_s3_to_snowflake.py
[2026-04-10T00:28:45.503+0000] {processor.py:840} INFO - DAG(s) 'bluebikes_api_to_s3_to_snowflake' retrieved from /opt/airflow/dags/bluebikes_api_to_s3_to_snowflake.py
[2026-04-10T00:28:45.509+0000] {logging_mixin.py:188} INFO - [2026-04-10T00:28:45.509+0000] {dag.py:3036} INFO - Sync 1 DAGs
[2026-04-10T00:28:45.519+0000] {logging_mixin.py:188} INFO - [2026-04-10T00:28:45.519+0000] {dag.py:3823} INFO - Setting next_dagrun for bluebikes_api_to_s3_to_snowflake to 2026-04-01 00:00:00+00:00, run_after=2026-07-01 00:00:00+00:00
[2026-04-10T00:28:45.533+0000] {processor.py:183} INFO - Processing /opt/airflow/dags/bluebikes_api_to_s3_to_snowflake.py took 0.277 seconds
[2026-04-10T00:29:16.726+0000] {processor.py:161} INFO - Started process (PID=16927) to work on /opt/airflow/dags/bluebikes_api_to_s3_to_snowflake.py
[2026-04-10T00:29:16.727+0000] {processor.py:830} INFO - Processing file /opt/airflow/dags/bluebikes_api_to_s3_to_snowflake.py for tasks to queue
[2026-04-10T00:29:16.728+0000] {logging_mixin.py:188} INFO - [2026-04-10T00:29:16.728+0000] {dagbag.py:538} INFO - Filling up the DagBag from /opt/airflow/dags/bluebikes_api_to_s3_to_snowflake.py
[2026-04-10T00:29:16.963+0000] {processor.py:840} INFO - DAG(s) 'bluebikes_api_to_s3_to_snowflake' retrieved from /opt/airflow/dags/bluebikes_api_to_s3_to_snowflake.py
[2026-04-10T00:29:16.973+0000] {logging_mixin.py:188} INFO - [2026-04-10T00:29:16.972+0000] {dag.py:3036} INFO - Sync 1 DAGs
[2026-04-10T00:29:16.981+0000] {logging_mixin.py:188} INFO - [2026-04-10T00:29:16.981+0000] {dag.py:3823} INFO - Setting next_dagrun for bluebikes_api_to_s3_to_snowflake to 2026-04-01 00:00:00+00:00, run_after=2026-07-01 00:00:00+00:00
[2026-04-10T00:29:16.989+0000] {processor.py:183} INFO - Processing /opt/airflow/dags/bluebikes_api_to_s3_to_snowflake.py took 0.265 seconds
[2026-04-10T00:29:47.072+0000] {processor.py:161} INFO - Started process (PID=17007) to work on /opt/airflow/dags/bluebikes_api_to_s3_to_snowflake.py
[2026-04-10T00:29:47.073+0000] {processor.py:830} INFO - Processing file /opt/airflow/dags/bluebikes_api_to_s3_to_snowflake.py for tasks to queue
[2026-04-10T00:29:47.074+0000] {logging_mixin.py:188} INFO - [2026-04-10T00:29:47.073+0000] {dagbag.py:538} INFO - Filling up the DagBag from /opt/airflow/dags/bluebikes_api_to_s3_to_snowflake.py
[2026-04-10T00:29:47.310+0000] {processor.py:840} INFO - DAG(s) 'bluebikes_api_to_s3_to_snowflake' retrieved from /opt/airflow/dags/bluebikes_api_to_s3_to_snowflake.py
[2026-04-10T00:29:47.317+0000] {logging_mixin.py:188} INFO - [2026-04-10T00:29:47.317+0000] {dag.py:3036} INFO - Sync 1 DAGs
[2026-04-10T00:29:47.325+0000] {logging_mixin.py:188} INFO - [2026-04-10T00:29:47.325+0000] {dag.py:3823} INFO - Setting next_dagrun for bluebikes_api_to_s3_to_snowflake to 2026-04-01 00:00:00+00:00, run_after=2026-07-01 00:00:00+00:00
[2026-04-10T00:29:47.330+0000] {processor.py:183} INFO - Processing /opt/airflow/dags/bluebikes_api_to_s3_to_snowflake.py took 0.260 seconds
[2026-04-10T00:30:17.624+0000] {processor.py:161} INFO - Started process (PID=17087) to work on /opt/airflow/dags/bluebikes_api_to_s3_to_snowflake.py
[2026-04-10T00:30:17.624+0000] {processor.py:830} INFO - Processing file /opt/airflow/dags/bluebikes_api_to_s3_to_snowflake.py for tasks to queue
[2026-04-10T00:30:17.628+0000] {logging_mixin.py:188} INFO - [2026-04-10T00:30:17.628+0000] {dagbag.py:538} INFO - Filling up the DagBag from /opt/airflow/dags/bluebikes_api_to_s3_to_snowflake.py
[2026-04-10T00:30:17.888+0000] {processor.py:840} INFO - DAG(s) 'bluebikes_api_to_s3_to_snowflake' retrieved from /opt/airflow/dags/bluebikes_api_to_s3_to_snowflake.py
[2026-04-10T00:30:17.899+0000] {logging_mixin.py:188} INFO - [2026-04-10T00:30:17.898+0000] {dag.py:3036} INFO - Sync 1 DAGs
[2026-04-10T00:30:17.908+0000] {logging_mixin.py:188} INFO - [2026-04-10T00:30:17.907+0000] {dag.py:3823} INFO - Setting next_dagrun for bluebikes_api_to_s3_to_snowflake to 2026-04-01 00:00:00+00:00, run_after=2026-07-01 00:00:00+00:00
[2026-04-10T00:30:17.915+0000] {processor.py:183} INFO - Processing /opt/airflow/dags/bluebikes_api_to_s3_to_snowflake.py took 0.293 seconds
[2026-04-10T00:30:48.606+0000] {processor.py:161} INFO - Started process (PID=17167) to work on /opt/airflow/dags/bluebikes_api_to_s3_to_snowflake.py
[2026-04-10T00:30:48.606+0000] {processor.py:830} INFO - Processing file /opt/airflow/dags/bluebikes_api_to_s3_to_snowflake.py for tasks to queue
[2026-04-10T00:30:48.607+0000] {logging_mixin.py:188} INFO - [2026-04-10T00:30:48.607+0000] {dagbag.py:538} INFO - Filling up the DagBag from /opt/airflow/dags/bluebikes_api_to_s3_to_snowflake.py
[2026-04-10T00:30:48.887+0000] {processor.py:840} INFO - DAG(s) 'bluebikes_api_to_s3_to_snowflake' retrieved from /opt/airflow/dags/bluebikes_api_to_s3_to_snowflake.py
[2026-04-10T00:30:48.894+0000] {logging_mixin.py:188} INFO - [2026-04-10T00:30:48.893+0000] {dag.py:3036} INFO - Sync 1 DAGs
[2026-04-10T00:30:48.906+0000] {logging_mixin.py:188} INFO - [2026-04-10T00:30:48.906+0000] {dag.py:3823} INFO - Setting next_dagrun for bluebikes_api_to_s3_to_snowflake to 2026-04-01 00:00:00+00:00, run_after=2026-07-01 00:00:00+00:00
[2026-04-10T00:30:48.916+0000] {processor.py:183} INFO - Processing /opt/airflow/dags/bluebikes_api_to_s3_to_snowflake.py took 0.312 seconds
[2026-04-10T00:31:19.518+0000] {processor.py:161} INFO - Started process (PID=17247) to work on /opt/airflow/dags/bluebikes_api_to_s3_to_snowflake.py
[2026-04-10T00:31:19.518+0000] {processor.py:830} INFO - Processing file /opt/airflow/dags/bluebikes_api_to_s3_to_snowflake.py for tasks to queue
[2026-04-10T00:31:19.519+0000] {logging_mixin.py:188} INFO - [2026-04-10T00:31:19.519+0000] {dagbag.py:538} INFO - Filling up the DagBag from /opt/airflow/dags/bluebikes_api_to_s3_to_snowflake.py
[2026-04-10T00:31:19.787+0000] {processor.py:840} INFO - DAG(s) 'bluebikes_api_to_s3_to_snowflake' retrieved from /opt/airflow/dags/bluebikes_api_to_s3_to_snowflake.py
[2026-04-10T00:31:19.794+0000] {logging_mixin.py:188} INFO - [2026-04-10T00:31:19.794+0000] {dag.py:3036} INFO - Sync 1 DAGs
[2026-04-10T00:31:19.802+0000] {logging_mixin.py:188} INFO - [2026-04-10T00:31:19.802+0000] {dag.py:3823} INFO - Setting next_dagrun for bluebikes_api_to_s3_to_snowflake to 2026-04-01 00:00:00+00:00, run_after=2026-07-01 00:00:00+00:00
[2026-04-10T00:31:19.811+0000] {processor.py:183} INFO - Processing /opt/airflow/dags/bluebikes_api_to_s3_to_snowflake.py took 0.295 seconds
[2026-04-10T00:31:50.672+0000] {processor.py:161} INFO - Started process (PID=17327) to work on /opt/airflow/dags/bluebikes_api_to_s3_to_snowflake.py
[2026-04-10T00:31:50.672+0000] {processor.py:830} INFO - Processing file /opt/airflow/dags/bluebikes_api_to_s3_to_snowflake.py for tasks to queue
[2026-04-10T00:31:50.673+0000] {logging_mixin.py:188} INFO - [2026-04-10T00:31:50.673+0000] {dagbag.py:538} INFO - Filling up the DagBag from /opt/airflow/dags/bluebikes_api_to_s3_to_snowflake.py
[2026-04-10T00:31:50.866+0000] {processor.py:840} INFO - DAG(s) 'bluebikes_api_to_s3_to_snowflake' retrieved from /opt/airflow/dags/bluebikes_api_to_s3_to_snowflake.py
[2026-04-10T00:31:50.877+0000] {logging_mixin.py:188} INFO - [2026-04-10T00:31:50.877+0000] {dag.py:3036} INFO - Sync 1 DAGs
[2026-04-10T00:31:50.888+0000] {logging_mixin.py:188} INFO - [2026-04-10T00:31:50.888+0000] {dag.py:3823} INFO - Setting next_dagrun for bluebikes_api_to_s3_to_snowflake to 2026-04-01 00:00:00+00:00, run_after=2026-07-01 00:00:00+00:00
[2026-04-10T00:31:50.895+0000] {processor.py:183} INFO - Processing /opt/airflow/dags/bluebikes_api_to_s3_to_snowflake.py took 0.225 seconds
[2026-04-10T00:32:21.053+0000] {processor.py:161} INFO - Started process (PID=17407) to work on /opt/airflow/dags/bluebikes_api_to_s3_to_snowflake.py
[2026-04-10T00:32:21.053+0000] {processor.py:830} INFO - Processing file /opt/airflow/dags/bluebikes_api_to_s3_to_snowflake.py for tasks to queue
[2026-04-10T00:32:21.054+0000] {logging_mixin.py:188} INFO - [2026-04-10T00:32:21.054+0000] {dagbag.py:538} INFO - Filling up the DagBag from /opt/airflow/dags/bluebikes_api_to_s3_to_snowflake.py
[2026-04-10T00:32:21.245+0000] {processor.py:840} INFO - DAG(s) 'bluebikes_api_to_s3_to_snowflake' retrieved from /opt/airflow/dags/bluebikes_api_to_s3_to_snowflake.py
[2026-04-10T00:32:21.258+0000] {logging_mixin.py:188} INFO - [2026-04-10T00:32:21.257+0000] {dag.py:3036} INFO - Sync 1 DAGs
[2026-04-10T00:32:21.269+0000] {logging_mixin.py:188} INFO - [2026-04-10T00:32:21.269+0000] {dag.py:3823} INFO - Setting next_dagrun for bluebikes_api_to_s3_to_snowflake to 2026-04-01 00:00:00+00:00, run_after=2026-07-01 00:00:00+00:00
[2026-04-10T00:32:21.279+0000] {processor.py:183} INFO - Processing /opt/airflow/dags/bluebikes_api_to_s3_to_snowflake.py took 0.228 seconds
[2026-04-10T00:32:51.305+0000] {processor.py:161} INFO - Started process (PID=17487) to work on /opt/airflow/dags/bluebikes_api_to_s3_to_snowflake.py
[2026-04-10T00:32:51.306+0000] {processor.py:830} INFO - Processing file /opt/airflow/dags/bluebikes_api_to_s3_to_snowflake.py for tasks to queue
[2026-04-10T00:32:51.310+0000] {logging_mixin.py:188} INFO - [2026-04-10T00:32:51.310+0000] {dagbag.py:538} INFO - Filling up the DagBag from /opt/airflow/dags/bluebikes_api_to_s3_to_snowflake.py
[2026-04-10T00:32:51.486+0000] {processor.py:840} INFO - DAG(s) 'bluebikes_api_to_s3_to_snowflake' retrieved from /opt/airflow/dags/bluebikes_api_to_s3_to_snowflake.py
[2026-04-10T00:32:51.497+0000] {logging_mixin.py:188} INFO - [2026-04-10T00:32:51.496+0000] {dag.py:3036} INFO - Sync 1 DAGs
[2026-04-10T00:32:51.505+0000] {logging_mixin.py:188} INFO - [2026-04-10T00:32:51.505+0000] {dag.py:3823} INFO - Setting next_dagrun for bluebikes_api_to_s3_to_snowflake to 2026-04-01 00:00:00+00:00, run_after=2026-07-01 00:00:00+00:00
[2026-04-10T00:32:51.512+0000] {processor.py:183} INFO - Processing /opt/airflow/dags/bluebikes_api_to_s3_to_snowflake.py took 0.209 seconds
[2026-04-10T00:33:22.315+0000] {processor.py:161} INFO - Started process (PID=17567) to work on /opt/airflow/dags/bluebikes_api_to_s3_to_snowflake.py
[2026-04-10T00:33:22.315+0000] {processor.py:830} INFO - Processing file /opt/airflow/dags/bluebikes_api_to_s3_to_snowflake.py for tasks to queue
[2026-04-10T00:33:22.316+0000] {logging_mixin.py:188} INFO - [2026-04-10T00:33:22.316+0000] {dagbag.py:538} INFO - Filling up the DagBag from /opt/airflow/dags/bluebikes_api_to_s3_to_snowflake.py
[2026-04-10T00:33:22.495+0000] {processor.py:840} INFO - DAG(s) 'bluebikes_api_to_s3_to_snowflake' retrieved from /opt/airflow/dags/bluebikes_api_to_s3_to_snowflake.py
[2026-04-10T00:33:22.503+0000] {logging_mixin.py:188} INFO - [2026-04-10T00:33:22.503+0000] {dag.py:3036} INFO - Sync 1 DAGs
[2026-04-10T00:33:22.514+0000] {logging_mixin.py:188} INFO - [2026-04-10T00:33:22.514+0000] {dag.py:3823} INFO - Setting next_dagrun for bluebikes_api_to_s3_to_snowflake to 2026-04-01 00:00:00+00:00, run_after=2026-07-01 00:00:00+00:00
[2026-04-10T00:33:22.524+0000] {processor.py:183} INFO - Processing /opt/airflow/dags/bluebikes_api_to_s3_to_snowflake.py took 0.211 seconds
[2026-04-10T00:33:53.328+0000] {processor.py:161} INFO - Started process (PID=17647) to work on /opt/airflow/dags/bluebikes_api_to_s3_to_snowflake.py
[2026-04-10T00:33:53.329+0000] {processor.py:830} INFO - Processing file /opt/airflow/dags/bluebikes_api_to_s3_to_snowflake.py for tasks to queue
[2026-04-10T00:33:53.330+0000] {logging_mixin.py:188} INFO - [2026-04-10T00:33:53.330+0000] {dagbag.py:538} INFO - Filling up the DagBag from /opt/airflow/dags/bluebikes_api_to_s3_to_snowflake.py
[2026-04-10T00:33:53.497+0000] {processor.py:840} INFO - DAG(s) 'bluebikes_api_to_s3_to_snowflake' retrieved from /opt/airflow/dags/bluebikes_api_to_s3_to_snowflake.py
[2026-04-10T00:33:53.505+0000] {logging_mixin.py:188} INFO - [2026-04-10T00:33:53.505+0000] {dag.py:3036} INFO - Sync 1 DAGs
[2026-04-10T00:33:53.514+0000] {logging_mixin.py:188} INFO - [2026-04-10T00:33:53.513+0000] {dag.py:3823} INFO - Setting next_dagrun for bluebikes_api_to_s3_to_snowflake to 2026-04-01 00:00:00+00:00, run_after=2026-07-01 00:00:00+00:00
[2026-04-10T00:33:53.522+0000] {processor.py:183} INFO - Processing /opt/airflow/dags/bluebikes_api_to_s3_to_snowflake.py took 0.196 seconds
[2026-04-10T00:34:24.430+0000] {processor.py:161} INFO - Started process (PID=17728) to work on /opt/airflow/dags/bluebikes_api_to_s3_to_snowflake.py
[2026-04-10T00:34:24.430+0000] {processor.py:830} INFO - Processing file /opt/airflow/dags/bluebikes_api_to_s3_to_snowflake.py for tasks to queue
[2026-04-10T00:34:24.431+0000] {logging_mixin.py:188} INFO - [2026-04-10T00:34:24.431+0000] {dagbag.py:538} INFO - Filling up the DagBag from /opt/airflow/dags/bluebikes_api_to_s3_to_snowflake.py
[2026-04-10T00:34:24.608+0000] {processor.py:840} INFO - DAG(s) 'bluebikes_api_to_s3_to_snowflake' retrieved from /opt/airflow/dags/bluebikes_api_to_s3_to_snowflake.py
[2026-04-10T00:34:24.617+0000] {logging_mixin.py:188} INFO - [2026-04-10T00:34:24.617+0000] {dag.py:3036} INFO - Sync 1 DAGs
[2026-04-10T00:34:24.628+0000] {logging_mixin.py:188} INFO - [2026-04-10T00:34:24.628+0000] {dag.py:3823} INFO - Setting next_dagrun for bluebikes_api_to_s3_to_snowflake to 2026-04-01 00:00:00+00:00, run_after=2026-07-01 00:00:00+00:00
[2026-04-10T00:34:24.639+0000] {processor.py:183} INFO - Processing /opt/airflow/dags/bluebikes_api_to_s3_to_snowflake.py took 0.210 seconds
[2026-04-10T00:34:54.924+0000] {processor.py:161} INFO - Started process (PID=17809) to work on /opt/airflow/dags/bluebikes_api_to_s3_to_snowflake.py
[2026-04-10T00:34:54.925+0000] {processor.py:830} INFO - Processing file /opt/airflow/dags/bluebikes_api_to_s3_to_snowflake.py for tasks to queue
[2026-04-10T00:34:54.927+0000] {logging_mixin.py:188} INFO - [2026-04-10T00:34:54.927+0000] {dagbag.py:538} INFO - Filling up the DagBag from /opt/airflow/dags/bluebikes_api_to_s3_to_snowflake.py
[2026-04-10T00:34:55.118+0000] {processor.py:840} INFO - DAG(s) 'bluebikes_api_to_s3_to_snowflake' retrieved from /opt/airflow/dags/bluebikes_api_to_s3_to_snowflake.py
[2026-04-10T00:34:55.127+0000] {logging_mixin.py:188} INFO - [2026-04-10T00:34:55.127+0000] {dag.py:3036} INFO - Sync 1 DAGs
[2026-04-10T00:34:55.224+0000] {logging_mixin.py:188} INFO - [2026-04-10T00:34:55.224+0000] {dag.py:3823} INFO - Setting next_dagrun for bluebikes_api_to_s3_to_snowflake to 2026-04-01 00:00:00+00:00, run_after=2026-07-01 00:00:00+00:00
[2026-04-10T00:34:55.231+0000] {processor.py:183} INFO - Processing /opt/airflow/dags/bluebikes_api_to_s3_to_snowflake.py took 0.309 seconds
[2026-04-10T00:35:26.166+0000] {processor.py:161} INFO - Started process (PID=17888) to work on /opt/airflow/dags/bluebikes_api_to_s3_to_snowflake.py
[2026-04-10T00:35:26.166+0000] {processor.py:830} INFO - Processing file /opt/airflow/dags/bluebikes_api_to_s3_to_snowflake.py for tasks to queue
[2026-04-10T00:35:26.167+0000] {logging_mixin.py:188} INFO - [2026-04-10T00:35:26.167+0000] {dagbag.py:538} INFO - Filling up the DagBag from /opt/airflow/dags/bluebikes_api_to_s3_to_snowflake.py
[2026-04-10T00:35:26.418+0000] {processor.py:840} INFO - DAG(s) 'bluebikes_api_to_s3_to_snowflake' retrieved from /opt/airflow/dags/bluebikes_api_to_s3_to_snowflake.py
[2026-04-10T00:35:26.427+0000] {logging_mixin.py:188} INFO - [2026-04-10T00:35:26.427+0000] {dag.py:3036} INFO - Sync 1 DAGs
[2026-04-10T00:35:26.438+0000] {logging_mixin.py:188} INFO - [2026-04-10T00:35:26.438+0000] {dag.py:3823} INFO - Setting next_dagrun for bluebikes_api_to_s3_to_snowflake to 2026-04-01 00:00:00+00:00, run_after=2026-07-01 00:00:00+00:00
[2026-04-10T00:35:26.447+0000] {processor.py:183} INFO - Processing /opt/airflow/dags/bluebikes_api_to_s3_to_snowflake.py took 0.283 seconds
[2026-04-10T00:35:57.871+0000] {processor.py:161} INFO - Started process (PID=17968) to work on /opt/airflow/dags/bluebikes_api_to_s3_to_snowflake.py
[2026-04-10T00:35:57.872+0000] {processor.py:830} INFO - Processing file /opt/airflow/dags/bluebikes_api_to_s3_to_snowflake.py for tasks to queue
[2026-04-10T00:35:57.873+0000] {logging_mixin.py:188} INFO - [2026-04-10T00:35:57.873+0000] {dagbag.py:538} INFO - Filling up the DagBag from /opt/airflow/dags/bluebikes_api_to_s3_to_snowflake.py
[2026-04-10T00:35:58.127+0000] {processor.py:840} INFO - DAG(s) 'bluebikes_api_to_s3_to_snowflake' retrieved from /opt/airflow/dags/bluebikes_api_to_s3_to_snowflake.py
[2026-04-10T00:35:58.136+0000] {logging_mixin.py:188} INFO - [2026-04-10T00:35:58.136+0000] {dag.py:3036} INFO - Sync 1 DAGs
[2026-04-10T00:35:58.144+0000] {logging_mixin.py:188} INFO - [2026-04-10T00:35:58.144+0000] {dag.py:3823} INFO - Setting next_dagrun for bluebikes_api_to_s3_to_snowflake to 2026-04-01 00:00:00+00:00, run_after=2026-07-01 00:00:00+00:00
[2026-04-10T00:35:58.154+0000] {processor.py:183} INFO - Processing /opt/airflow/dags/bluebikes_api_to_s3_to_snowflake.py took 0.285 seconds
[2026-04-10T00:36:28.505+0000] {processor.py:161} INFO - Started process (PID=18054) to work on /opt/airflow/dags/bluebikes_api_to_s3_to_snowflake.py
[2026-04-10T00:36:28.506+0000] {processor.py:830} INFO - Processing file /opt/airflow/dags/bluebikes_api_to_s3_to_snowflake.py for tasks to queue
[2026-04-10T00:36:28.509+0000] {logging_mixin.py:188} INFO - [2026-04-10T00:36:28.509+0000] {dagbag.py:538} INFO - Filling up the DagBag from /opt/airflow/dags/bluebikes_api_to_s3_to_snowflake.py
[2026-04-10T00:36:28.760+0000] {processor.py:840} INFO - DAG(s) 'bluebikes_api_to_s3_to_snowflake' retrieved from /opt/airflow/dags/bluebikes_api_to_s3_to_snowflake.py
[2026-04-10T00:36:28.768+0000] {logging_mixin.py:188} INFO - [2026-04-10T00:36:28.768+0000] {dag.py:3036} INFO - Sync 1 DAGs
[2026-04-10T00:36:28.777+0000] {logging_mixin.py:188} INFO - [2026-04-10T00:36:28.776+0000] {dag.py:3823} INFO - Setting next_dagrun for bluebikes_api_to_s3_to_snowflake to 2026-04-01 00:00:00+00:00, run_after=2026-07-01 00:00:00+00:00
[2026-04-10T00:36:28.787+0000] {processor.py:183} INFO - Processing /opt/airflow/dags/bluebikes_api_to_s3_to_snowflake.py took 0.283 seconds
[2026-04-10T00:36:59.135+0000] {processor.py:161} INFO - Started process (PID=18134) to work on /opt/airflow/dags/bluebikes_api_to_s3_to_snowflake.py
[2026-04-10T00:36:59.135+0000] {processor.py:830} INFO - Processing file /opt/airflow/dags/bluebikes_api_to_s3_to_snowflake.py for tasks to queue
[2026-04-10T00:36:59.137+0000] {logging_mixin.py:188} INFO - [2026-04-10T00:36:59.136+0000] {dagbag.py:538} INFO - Filling up the DagBag from /opt/airflow/dags/bluebikes_api_to_s3_to_snowflake.py
[2026-04-10T00:36:59.405+0000] {processor.py:840} INFO - DAG(s) 'bluebikes_api_to_s3_to_snowflake' retrieved from /opt/airflow/dags/bluebikes_api_to_s3_to_snowflake.py
[2026-04-10T00:36:59.413+0000] {logging_mixin.py:188} INFO - [2026-04-10T00:36:59.413+0000] {dag.py:3036} INFO - Sync 1 DAGs
[2026-04-10T00:36:59.422+0000] {logging_mixin.py:188} INFO - [2026-04-10T00:36:59.422+0000] {dag.py:3823} INFO - Setting next_dagrun for bluebikes_api_to_s3_to_snowflake to 2026-04-01 00:00:00+00:00, run_after=2026-07-01 00:00:00+00:00
[2026-04-10T00:36:59.435+0000] {processor.py:183} INFO - Processing /opt/airflow/dags/bluebikes_api_to_s3_to_snowflake.py took 0.302 seconds
[2026-04-10T00:37:29.800+0000] {processor.py:161} INFO - Started process (PID=18220) to work on /opt/airflow/dags/bluebikes_api_to_s3_to_snowflake.py
[2026-04-10T00:37:29.801+0000] {processor.py:830} INFO - Processing file /opt/airflow/dags/bluebikes_api_to_s3_to_snowflake.py for tasks to queue
[2026-04-10T00:37:29.802+0000] {logging_mixin.py:188} INFO - [2026-04-10T00:37:29.802+0000] {dagbag.py:538} INFO - Filling up the DagBag from /opt/airflow/dags/bluebikes_api_to_s3_to_snowflake.py
[2026-04-10T00:37:30.058+0000] {processor.py:840} INFO - DAG(s) 'bluebikes_api_to_s3_to_snowflake' retrieved from /opt/airflow/dags/bluebikes_api_to_s3_to_snowflake.py
[2026-04-10T00:37:30.065+0000] {logging_mixin.py:188} INFO - [2026-04-10T00:37:30.065+0000] {dag.py:3036} INFO - Sync 1 DAGs
[2026-04-10T00:37:30.072+0000] {logging_mixin.py:188} INFO - [2026-04-10T00:37:30.072+0000] {dag.py:3823} INFO - Setting next_dagrun for bluebikes_api_to_s3_to_snowflake to 2026-04-01 00:00:00+00:00, run_after=2026-07-01 00:00:00+00:00
[2026-04-10T00:37:30.083+0000] {processor.py:183} INFO - Processing /opt/airflow/dags/bluebikes_api_to_s3_to_snowflake.py took 0.284 seconds
[2026-04-10T00:38:00.867+0000] {processor.py:161} INFO - Started process (PID=18301) to work on /opt/airflow/dags/bluebikes_api_to_s3_to_snowflake.py
[2026-04-10T00:38:00.869+0000] {processor.py:830} INFO - Processing file /opt/airflow/dags/bluebikes_api_to_s3_to_snowflake.py for tasks to queue
[2026-04-10T00:38:00.870+0000] {logging_mixin.py:188} INFO - [2026-04-10T00:38:00.870+0000] {dagbag.py:538} INFO - Filling up the DagBag from /opt/airflow/dags/bluebikes_api_to_s3_to_snowflake.py
[2026-04-10T00:38:01.116+0000] {processor.py:840} INFO - DAG(s) 'bluebikes_api_to_s3_to_snowflake' retrieved from /opt/airflow/dags/bluebikes_api_to_s3_to_snowflake.py
[2026-04-10T00:38:01.124+0000] {logging_mixin.py:188} INFO - [2026-04-10T00:38:01.123+0000] {dag.py:3036} INFO - Sync 1 DAGs
[2026-04-10T00:38:01.132+0000] {logging_mixin.py:188} INFO - [2026-04-10T00:38:01.132+0000] {dag.py:3823} INFO - Setting next_dagrun for bluebikes_api_to_s3_to_snowflake to 2026-04-01 00:00:00+00:00, run_after=2026-07-01 00:00:00+00:00
[2026-04-10T00:38:01.137+0000] {processor.py:183} INFO - Processing /opt/airflow/dags/bluebikes_api_to_s3_to_snowflake.py took 0.271 seconds
[2026-04-10T00:38:31.680+0000] {processor.py:161} INFO - Started process (PID=18374) to work on /opt/airflow/dags/bluebikes_api_to_s3_to_snowflake.py
[2026-04-10T00:38:31.681+0000] {processor.py:830} INFO - Processing file /opt/airflow/dags/bluebikes_api_to_s3_to_snowflake.py for tasks to queue
[2026-04-10T00:38:31.682+0000] {logging_mixin.py:188} INFO - [2026-04-10T00:38:31.681+0000] {dagbag.py:538} INFO - Filling up the DagBag from /opt/airflow/dags/bluebikes_api_to_s3_to_snowflake.py
[2026-04-10T00:38:31.931+0000] {processor.py:840} INFO - DAG(s) 'bluebikes_api_to_s3_to_snowflake' retrieved from /opt/airflow/dags/bluebikes_api_to_s3_to_snowflake.py
[2026-04-10T00:38:31.942+0000] {logging_mixin.py:188} INFO - [2026-04-10T00:38:31.941+0000] {dag.py:3036} INFO - Sync 1 DAGs
[2026-04-10T00:38:31.951+0000] {logging_mixin.py:188} INFO - [2026-04-10T00:38:31.951+0000] {dag.py:3823} INFO - Setting next_dagrun for bluebikes_api_to_s3_to_snowflake to 2026-04-01 00:00:00+00:00, run_after=2026-07-01 00:00:00+00:00
[2026-04-10T00:38:31.957+0000] {processor.py:183} INFO - Processing /opt/airflow/dags/bluebikes_api_to_s3_to_snowflake.py took 0.278 seconds
[2026-04-10T00:39:02.058+0000] {processor.py:161} INFO - Started process (PID=18453) to work on /opt/airflow/dags/bluebikes_api_to_s3_to_snowflake.py
[2026-04-10T00:39:02.060+0000] {processor.py:830} INFO - Processing file /opt/airflow/dags/bluebikes_api_to_s3_to_snowflake.py for tasks to queue
[2026-04-10T00:39:02.062+0000] {logging_mixin.py:188} INFO - [2026-04-10T00:39:02.062+0000] {dagbag.py:538} INFO - Filling up the DagBag from /opt/airflow/dags/bluebikes_api_to_s3_to_snowflake.py
[2026-04-10T00:39:02.333+0000] {processor.py:840} INFO - DAG(s) 'bluebikes_api_to_s3_to_snowflake' retrieved from /opt/airflow/dags/bluebikes_api_to_s3_to_snowflake.py
[2026-04-10T00:39:02.339+0000] {logging_mixin.py:188} INFO - [2026-04-10T00:39:02.339+0000] {dag.py:3036} INFO - Sync 1 DAGs
[2026-04-10T00:39:02.348+0000] {logging_mixin.py:188} INFO - [2026-04-10T00:39:02.348+0000] {dag.py:3823} INFO - Setting next_dagrun for bluebikes_api_to_s3_to_snowflake to 2026-04-01 00:00:00+00:00, run_after=2026-07-01 00:00:00+00:00
[2026-04-10T00:39:02.363+0000] {processor.py:183} INFO - Processing /opt/airflow/dags/bluebikes_api_to_s3_to_snowflake.py took 0.306 seconds
[2026-04-10T00:39:33.157+0000] {processor.py:161} INFO - Started process (PID=18534) to work on /opt/airflow/dags/bluebikes_api_to_s3_to_snowflake.py
[2026-04-10T00:39:33.158+0000] {processor.py:830} INFO - Processing file /opt/airflow/dags/bluebikes_api_to_s3_to_snowflake.py for tasks to queue
[2026-04-10T00:39:33.158+0000] {logging_mixin.py:188} INFO - [2026-04-10T00:39:33.158+0000] {dagbag.py:538} INFO - Filling up the DagBag from /opt/airflow/dags/bluebikes_api_to_s3_to_snowflake.py
[2026-04-10T00:39:33.406+0000] {processor.py:840} INFO - DAG(s) 'bluebikes_api_to_s3_to_snowflake' retrieved from /opt/airflow/dags/bluebikes_api_to_s3_to_snowflake.py
[2026-04-10T00:39:33.415+0000] {logging_mixin.py:188} INFO - [2026-04-10T00:39:33.415+0000] {dag.py:3036} INFO - Sync 1 DAGs
[2026-04-10T00:39:33.424+0000] {logging_mixin.py:188} INFO - [2026-04-10T00:39:33.424+0000] {dag.py:3823} INFO - Setting next_dagrun for bluebikes_api_to_s3_to_snowflake to 2026-04-01 00:00:00+00:00, run_after=2026-07-01 00:00:00+00:00
[2026-04-10T00:39:33.430+0000] {processor.py:183} INFO - Processing /opt/airflow/dags/bluebikes_api_to_s3_to_snowflake.py took 0.274 seconds
[2026-04-10T00:40:04.137+0000] {processor.py:161} INFO - Started process (PID=18613) to work on /opt/airflow/dags/bluebikes_api_to_s3_to_snowflake.py
[2026-04-10T00:40:04.139+0000] {processor.py:830} INFO - Processing file /opt/airflow/dags/bluebikes_api_to_s3_to_snowflake.py for tasks to queue
[2026-04-10T00:40:04.141+0000] {logging_mixin.py:188} INFO - [2026-04-10T00:40:04.141+0000] {dagbag.py:538} INFO - Filling up the DagBag from /opt/airflow/dags/bluebikes_api_to_s3_to_snowflake.py
[2026-04-10T00:40:04.320+0000] {processor.py:840} INFO - DAG(s) 'bluebikes_api_to_s3_to_snowflake' retrieved from /opt/airflow/dags/bluebikes_api_to_s3_to_snowflake.py
[2026-04-10T00:40:04.329+0000] {logging_mixin.py:188} INFO - [2026-04-10T00:40:04.328+0000] {dag.py:3036} INFO - Sync 1 DAGs
[2026-04-10T00:40:04.343+0000] {logging_mixin.py:188} INFO - [2026-04-10T00:40:04.343+0000] {dag.py:3823} INFO - Setting next_dagrun for bluebikes_api_to_s3_to_snowflake to 2026-04-01 00:00:00+00:00, run_after=2026-07-01 00:00:00+00:00
[2026-04-10T00:40:04.355+0000] {processor.py:183} INFO - Processing /opt/airflow/dags/bluebikes_api_to_s3_to_snowflake.py took 0.221 seconds
[2026-04-10T00:40:34.518+0000] {processor.py:161} INFO - Started process (PID=18693) to work on /opt/airflow/dags/bluebikes_api_to_s3_to_snowflake.py
[2026-04-10T00:40:34.519+0000] {processor.py:830} INFO - Processing file /opt/airflow/dags/bluebikes_api_to_s3_to_snowflake.py for tasks to queue
[2026-04-10T00:40:34.521+0000] {logging_mixin.py:188} INFO - [2026-04-10T00:40:34.521+0000] {dagbag.py:538} INFO - Filling up the DagBag from /opt/airflow/dags/bluebikes_api_to_s3_to_snowflake.py
[2026-04-10T00:40:34.720+0000] {processor.py:840} INFO - DAG(s) 'bluebikes_api_to_s3_to_snowflake' retrieved from /opt/airflow/dags/bluebikes_api_to_s3_to_snowflake.py
[2026-04-10T00:40:34.735+0000] {logging_mixin.py:188} INFO - [2026-04-10T00:40:34.735+0000] {dag.py:3036} INFO - Sync 1 DAGs
[2026-04-10T00:40:34.746+0000] {logging_mixin.py:188} INFO - [2026-04-10T00:40:34.746+0000] {dag.py:3823} INFO - Setting next_dagrun for bluebikes_api_to_s3_to_snowflake to 2026-04-01 00:00:00+00:00, run_after=2026-07-01 00:00:00+00:00
[2026-04-10T00:40:34.760+0000] {processor.py:183} INFO - Processing /opt/airflow/dags/bluebikes_api_to_s3_to_snowflake.py took 0.245 seconds
[2026-04-10T00:41:04.947+0000] {processor.py:161} INFO - Started process (PID=18773) to work on /opt/airflow/dags/bluebikes_api_to_s3_to_snowflake.py
[2026-04-10T00:41:04.948+0000] {processor.py:830} INFO - Processing file /opt/airflow/dags/bluebikes_api_to_s3_to_snowflake.py for tasks to queue
[2026-04-10T00:41:04.949+0000] {logging_mixin.py:188} INFO - [2026-04-10T00:41:04.949+0000] {dagbag.py:538} INFO - Filling up the DagBag from /opt/airflow/dags/bluebikes_api_to_s3_to_snowflake.py
[2026-04-10T00:41:05.133+0000] {processor.py:840} INFO - DAG(s) 'bluebikes_api_to_s3_to_snowflake' retrieved from /opt/airflow/dags/bluebikes_api_to_s3_to_snowflake.py
[2026-04-10T00:41:05.144+0000] {logging_mixin.py:188} INFO - [2026-04-10T00:41:05.144+0000] {dag.py:3036} INFO - Sync 1 DAGs
[2026-04-10T00:41:05.153+0000] {logging_mixin.py:188} INFO - [2026-04-10T00:41:05.153+0000] {dag.py:3823} INFO - Setting next_dagrun for bluebikes_api_to_s3_to_snowflake to 2026-04-01 00:00:00+00:00, run_after=2026-07-01 00:00:00+00:00
[2026-04-10T00:41:05.162+0000] {processor.py:183} INFO - Processing /opt/airflow/dags/bluebikes_api_to_s3_to_snowflake.py took 0.219 seconds
[2026-04-10T00:41:35.387+0000] {processor.py:161} INFO - Started process (PID=18853) to work on /opt/airflow/dags/bluebikes_api_to_s3_to_snowflake.py
[2026-04-10T00:41:35.388+0000] {processor.py:830} INFO - Processing file /opt/airflow/dags/bluebikes_api_to_s3_to_snowflake.py for tasks to queue
[2026-04-10T00:41:35.390+0000] {logging_mixin.py:188} INFO - [2026-04-10T00:41:35.390+0000] {dagbag.py:538} INFO - Filling up the DagBag from /opt/airflow/dags/bluebikes_api_to_s3_to_snowflake.py
[2026-04-10T00:41:35.577+0000] {processor.py:840} INFO - DAG(s) 'bluebikes_api_to_s3_to_snowflake' retrieved from /opt/airflow/dags/bluebikes_api_to_s3_to_snowflake.py
[2026-04-10T00:41:35.588+0000] {logging_mixin.py:188} INFO - [2026-04-10T00:41:35.588+0000] {dag.py:3036} INFO - Sync 1 DAGs
[2026-04-10T00:41:35.601+0000] {logging_mixin.py:188} INFO - [2026-04-10T00:41:35.601+0000] {dag.py:3823} INFO - Setting next_dagrun for bluebikes_api_to_s3_to_snowflake to 2026-04-01 00:00:00+00:00, run_after=2026-07-01 00:00:00+00:00
[2026-04-10T00:41:35.611+0000] {processor.py:183} INFO - Processing /opt/airflow/dags/bluebikes_api_to_s3_to_snowflake.py took 0.227 seconds
[2026-04-10T00:42:05.777+0000] {processor.py:161} INFO - Started process (PID=18933) to work on /opt/airflow/dags/bluebikes_api_to_s3_to_snowflake.py
[2026-04-10T00:42:05.778+0000] {processor.py:830} INFO - Processing file /opt/airflow/dags/bluebikes_api_to_s3_to_snowflake.py for tasks to queue
[2026-04-10T00:42:05.780+0000] {logging_mixin.py:188} INFO - [2026-04-10T00:42:05.780+0000] {dagbag.py:538} INFO - Filling up the DagBag from /opt/airflow/dags/bluebikes_api_to_s3_to_snowflake.py
[2026-04-10T00:42:05.980+0000] {processor.py:840} INFO - DAG(s) 'bluebikes_api_to_s3_to_snowflake' retrieved from /opt/airflow/dags/bluebikes_api_to_s3_to_snowflake.py
[2026-04-10T00:42:05.992+0000] {logging_mixin.py:188} INFO - [2026-04-10T00:42:05.991+0000] {dag.py:3036} INFO - Sync 1 DAGs
[2026-04-10T00:42:05.999+0000] {logging_mixin.py:188} INFO - [2026-04-10T00:42:05.999+0000] {dag.py:3823} INFO - Setting next_dagrun for bluebikes_api_to_s3_to_snowflake to 2026-04-01 00:00:00+00:00, run_after=2026-07-01 00:00:00+00:00
[2026-04-10T00:42:06.009+0000] {processor.py:183} INFO - Processing /opt/airflow/dags/bluebikes_api_to_s3_to_snowflake.py took 0.234 seconds
[2026-04-10T00:42:36.133+0000] {processor.py:161} INFO - Started process (PID=19013) to work on /opt/airflow/dags/bluebikes_api_to_s3_to_snowflake.py
[2026-04-10T00:42:36.134+0000] {processor.py:830} INFO - Processing file /opt/airflow/dags/bluebikes_api_to_s3_to_snowflake.py for tasks to queue
[2026-04-10T00:42:36.135+0000] {logging_mixin.py:188} INFO - [2026-04-10T00:42:36.135+0000] {dagbag.py:538} INFO - Filling up the DagBag from /opt/airflow/dags/bluebikes_api_to_s3_to_snowflake.py
[2026-04-10T00:42:36.325+0000] {processor.py:840} INFO - DAG(s) 'bluebikes_api_to_s3_to_snowflake' retrieved from /opt/airflow/dags/bluebikes_api_to_s3_to_snowflake.py
[2026-04-10T00:42:36.339+0000] {logging_mixin.py:188} INFO - [2026-04-10T00:42:36.339+0000] {dag.py:3036} INFO - Sync 1 DAGs
[2026-04-10T00:42:36.350+0000] {logging_mixin.py:188} INFO - [2026-04-10T00:42:36.350+0000] {dag.py:3823} INFO - Setting next_dagrun for bluebikes_api_to_s3_to_snowflake to 2026-04-01 00:00:00+00:00, run_after=2026-07-01 00:00:00+00:00
[2026-04-10T00:42:36.357+0000] {processor.py:183} INFO - Processing /opt/airflow/dags/bluebikes_api_to_s3_to_snowflake.py took 0.226 seconds
[2026-04-10T00:43:06.597+0000] {processor.py:161} INFO - Started process (PID=19093) to work on /opt/airflow/dags/bluebikes_api_to_s3_to_snowflake.py
[2026-04-10T00:43:06.601+0000] {processor.py:830} INFO - Processing file /opt/airflow/dags/bluebikes_api_to_s3_to_snowflake.py for tasks to queue
[2026-04-10T00:43:06.604+0000] {logging_mixin.py:188} INFO - [2026-04-10T00:43:06.604+0000] {dagbag.py:538} INFO - Filling up the DagBag from /opt/airflow/dags/bluebikes_api_to_s3_to_snowflake.py
[2026-04-10T00:43:06.773+0000] {processor.py:840} INFO - DAG(s) 'bluebikes_api_to_s3_to_snowflake' retrieved from /opt/airflow/dags/bluebikes_api_to_s3_to_snowflake.py
[2026-04-10T00:43:06.788+0000] {logging_mixin.py:188} INFO - [2026-04-10T00:43:06.788+0000] {dag.py:3036} INFO - Sync 1 DAGs
[2026-04-10T00:43:06.884+0000] {logging_mixin.py:188} INFO - [2026-04-10T00:43:06.884+0000] {dag.py:3823} INFO - Setting next_dagrun for bluebikes_api_to_s3_to_snowflake to 2026-04-01 00:00:00+00:00, run_after=2026-07-01 00:00:00+00:00
[2026-04-10T00:43:06.890+0000] {processor.py:183} INFO - Processing /opt/airflow/dags/bluebikes_api_to_s3_to_snowflake.py took 0.296 seconds
[2026-04-10T00:43:37.189+0000] {processor.py:161} INFO - Started process (PID=19173) to work on /opt/airflow/dags/bluebikes_api_to_s3_to_snowflake.py
[2026-04-10T00:43:37.190+0000] {processor.py:830} INFO - Processing file /opt/airflow/dags/bluebikes_api_to_s3_to_snowflake.py for tasks to queue
[2026-04-10T00:43:37.193+0000] {logging_mixin.py:188} INFO - [2026-04-10T00:43:37.193+0000] {dagbag.py:538} INFO - Filling up the DagBag from /opt/airflow/dags/bluebikes_api_to_s3_to_snowflake.py
[2026-04-10T00:43:37.435+0000] {processor.py:840} INFO - DAG(s) 'bluebikes_api_to_s3_to_snowflake' retrieved from /opt/airflow/dags/bluebikes_api_to_s3_to_snowflake.py
[2026-04-10T00:43:37.443+0000] {logging_mixin.py:188} INFO - [2026-04-10T00:43:37.442+0000] {dag.py:3036} INFO - Sync 1 DAGs
[2026-04-10T00:43:37.452+0000] {logging_mixin.py:188} INFO - [2026-04-10T00:43:37.452+0000] {dag.py:3823} INFO - Setting next_dagrun for bluebikes_api_to_s3_to_snowflake to 2026-04-01 00:00:00+00:00, run_after=2026-07-01 00:00:00+00:00
[2026-04-10T00:43:37.460+0000] {processor.py:183} INFO - Processing /opt/airflow/dags/bluebikes_api_to_s3_to_snowflake.py took 0.273 seconds
