[2026-04-10T00:00:10.996+0000] {processor.py:161} INFO - Started process (PID=12510) to work on /opt/airflow/dags/boston_api_to_s3.py
[2026-04-10T00:00:10.996+0000] {processor.py:830} INFO - Processing file /opt/airflow/dags/boston_api_to_s3.py for tasks to queue
[2026-04-10T00:00:10.998+0000] {logging_mixin.py:188} INFO - [2026-04-10T00:00:10.997+0000] {dagbag.py:538} INFO - Filling up the DagBag from /opt/airflow/dags/boston_api_to_s3.py
[2026-04-10T00:00:11.231+0000] {processor.py:840} INFO - DAG(s) 'boston_api_to_s3_to_snowflake' retrieved from /opt/airflow/dags/boston_api_to_s3.py
[2026-04-10T00:00:11.240+0000] {logging_mixin.py:188} INFO - [2026-04-10T00:00:11.240+0000] {dag.py:3036} INFO - Sync 1 DAGs
[2026-04-10T00:00:11.250+0000] {logging_mixin.py:188} INFO - [2026-04-10T00:00:11.250+0000] {dag.py:3823} INFO - Setting next_dagrun for boston_api_to_s3_to_snowflake to 2026-04-05 00:00:00+00:00, run_after=2026-04-12 00:00:00+00:00
[2026-04-10T00:00:11.258+0000] {processor.py:183} INFO - Processing /opt/airflow/dags/boston_api_to_s3.py took 0.264 seconds
[2026-04-10T00:00:41.713+0000] {processor.py:161} INFO - Started process (PID=12590) to work on /opt/airflow/dags/boston_api_to_s3.py
[2026-04-10T00:00:41.714+0000] {processor.py:830} INFO - Processing file /opt/airflow/dags/boston_api_to_s3.py for tasks to queue
[2026-04-10T00:00:41.715+0000] {logging_mixin.py:188} INFO - [2026-04-10T00:00:41.715+0000] {dagbag.py:538} INFO - Filling up the DagBag from /opt/airflow/dags/boston_api_to_s3.py
[2026-04-10T00:00:41.956+0000] {processor.py:840} INFO - DAG(s) 'boston_api_to_s3_to_snowflake' retrieved from /opt/airflow/dags/boston_api_to_s3.py
[2026-04-10T00:00:41.966+0000] {logging_mixin.py:188} INFO - [2026-04-10T00:00:41.966+0000] {dag.py:3036} INFO - Sync 1 DAGs
[2026-04-10T00:00:41.973+0000] {logging_mixin.py:188} INFO - [2026-04-10T00:00:41.973+0000] {dag.py:3823} INFO - Setting next_dagrun for boston_api_to_s3_to_snowflake to 2026-04-05 00:00:00+00:00, run_after=2026-04-12 00:00:00+00:00
[2026-04-10T00:00:41.984+0000] {processor.py:183} INFO - Processing /opt/airflow/dags/boston_api_to_s3.py took 0.272 seconds
[2026-04-10T00:01:12.240+0000] {processor.py:161} INFO - Started process (PID=12670) to work on /opt/airflow/dags/boston_api_to_s3.py
[2026-04-10T00:01:12.241+0000] {processor.py:830} INFO - Processing file /opt/airflow/dags/boston_api_to_s3.py for tasks to queue
[2026-04-10T00:01:12.242+0000] {logging_mixin.py:188} INFO - [2026-04-10T00:01:12.242+0000] {dagbag.py:538} INFO - Filling up the DagBag from /opt/airflow/dags/boston_api_to_s3.py
[2026-04-10T00:01:12.491+0000] {processor.py:840} INFO - DAG(s) 'boston_api_to_s3_to_snowflake' retrieved from /opt/airflow/dags/boston_api_to_s3.py
[2026-04-10T00:01:12.509+0000] {logging_mixin.py:188} INFO - [2026-04-10T00:01:12.509+0000] {dag.py:3036} INFO - Sync 1 DAGs
[2026-04-10T00:01:12.519+0000] {logging_mixin.py:188} INFO - [2026-04-10T00:01:12.519+0000] {dag.py:3823} INFO - Setting next_dagrun for boston_api_to_s3_to_snowflake to 2026-04-05 00:00:00+00:00, run_after=2026-04-12 00:00:00+00:00
[2026-04-10T00:01:12.529+0000] {processor.py:183} INFO - Processing /opt/airflow/dags/boston_api_to_s3.py took 0.290 seconds
[2026-04-10T00:01:42.713+0000] {processor.py:161} INFO - Started process (PID=12750) to work on /opt/airflow/dags/boston_api_to_s3.py
[2026-04-10T00:01:42.714+0000] {processor.py:830} INFO - Processing file /opt/airflow/dags/boston_api_to_s3.py for tasks to queue
[2026-04-10T00:01:42.714+0000] {logging_mixin.py:188} INFO - [2026-04-10T00:01:42.714+0000] {dagbag.py:538} INFO - Filling up the DagBag from /opt/airflow/dags/boston_api_to_s3.py
[2026-04-10T00:01:42.952+0000] {processor.py:840} INFO - DAG(s) 'boston_api_to_s3_to_snowflake' retrieved from /opt/airflow/dags/boston_api_to_s3.py
[2026-04-10T00:01:42.961+0000] {logging_mixin.py:188} INFO - [2026-04-10T00:01:42.960+0000] {dag.py:3036} INFO - Sync 1 DAGs
[2026-04-10T00:01:42.970+0000] {logging_mixin.py:188} INFO - [2026-04-10T00:01:42.970+0000] {dag.py:3823} INFO - Setting next_dagrun for boston_api_to_s3_to_snowflake to 2026-04-05 00:00:00+00:00, run_after=2026-04-12 00:00:00+00:00
[2026-04-10T00:01:42.978+0000] {processor.py:183} INFO - Processing /opt/airflow/dags/boston_api_to_s3.py took 0.266 seconds
[2026-04-10T00:02:13.004+0000] {processor.py:161} INFO - Started process (PID=12830) to work on /opt/airflow/dags/boston_api_to_s3.py
[2026-04-10T00:02:13.005+0000] {processor.py:830} INFO - Processing file /opt/airflow/dags/boston_api_to_s3.py for tasks to queue
[2026-04-10T00:02:13.006+0000] {logging_mixin.py:188} INFO - [2026-04-10T00:02:13.006+0000] {dagbag.py:538} INFO - Filling up the DagBag from /opt/airflow/dags/boston_api_to_s3.py
[2026-04-10T00:02:13.188+0000] {processor.py:840} INFO - DAG(s) 'boston_api_to_s3_to_snowflake' retrieved from /opt/airflow/dags/boston_api_to_s3.py
[2026-04-10T00:02:13.204+0000] {logging_mixin.py:188} INFO - [2026-04-10T00:02:13.203+0000] {dag.py:3036} INFO - Sync 1 DAGs
[2026-04-10T00:02:13.223+0000] {logging_mixin.py:188} INFO - [2026-04-10T00:02:13.223+0000] {dag.py:3823} INFO - Setting next_dagrun for boston_api_to_s3_to_snowflake to 2026-04-05 00:00:00+00:00, run_after=2026-04-12 00:00:00+00:00
[2026-04-10T00:02:13.230+0000] {processor.py:183} INFO - Processing /opt/airflow/dags/boston_api_to_s3.py took 0.228 seconds
[2026-04-10T00:02:43.271+0000] {processor.py:161} INFO - Started process (PID=12910) to work on /opt/airflow/dags/boston_api_to_s3.py
[2026-04-10T00:02:43.272+0000] {processor.py:830} INFO - Processing file /opt/airflow/dags/boston_api_to_s3.py for tasks to queue
[2026-04-10T00:02:43.273+0000] {logging_mixin.py:188} INFO - [2026-04-10T00:02:43.272+0000] {dagbag.py:538} INFO - Filling up the DagBag from /opt/airflow/dags/boston_api_to_s3.py
[2026-04-10T00:02:43.455+0000] {processor.py:840} INFO - DAG(s) 'boston_api_to_s3_to_snowflake' retrieved from /opt/airflow/dags/boston_api_to_s3.py
[2026-04-10T00:02:43.465+0000] {logging_mixin.py:188} INFO - [2026-04-10T00:02:43.464+0000] {dag.py:3036} INFO - Sync 1 DAGs
[2026-04-10T00:02:43.479+0000] {logging_mixin.py:188} INFO - [2026-04-10T00:02:43.478+0000] {dag.py:3823} INFO - Setting next_dagrun for boston_api_to_s3_to_snowflake to 2026-04-05 00:00:00+00:00, run_after=2026-04-12 00:00:00+00:00
[2026-04-10T00:02:43.491+0000] {processor.py:183} INFO - Processing /opt/airflow/dags/boston_api_to_s3.py took 0.221 seconds
[2026-04-10T00:03:13.755+0000] {processor.py:161} INFO - Started process (PID=12990) to work on /opt/airflow/dags/boston_api_to_s3.py
[2026-04-10T00:03:13.756+0000] {processor.py:830} INFO - Processing file /opt/airflow/dags/boston_api_to_s3.py for tasks to queue
[2026-04-10T00:03:13.758+0000] {logging_mixin.py:188} INFO - [2026-04-10T00:03:13.757+0000] {dagbag.py:538} INFO - Filling up the DagBag from /opt/airflow/dags/boston_api_to_s3.py
[2026-04-10T00:03:13.924+0000] {processor.py:840} INFO - DAG(s) 'boston_api_to_s3_to_snowflake' retrieved from /opt/airflow/dags/boston_api_to_s3.py
[2026-04-10T00:03:13.936+0000] {logging_mixin.py:188} INFO - [2026-04-10T00:03:13.935+0000] {dag.py:3036} INFO - Sync 1 DAGs
[2026-04-10T00:03:13.946+0000] {logging_mixin.py:188} INFO - [2026-04-10T00:03:13.946+0000] {dag.py:3823} INFO - Setting next_dagrun for boston_api_to_s3_to_snowflake to 2026-04-05 00:00:00+00:00, run_after=2026-04-12 00:00:00+00:00
[2026-04-10T00:03:13.956+0000] {processor.py:183} INFO - Processing /opt/airflow/dags/boston_api_to_s3.py took 0.203 seconds
[2026-04-10T00:03:44.972+0000] {processor.py:161} INFO - Started process (PID=13070) to work on /opt/airflow/dags/boston_api_to_s3.py
[2026-04-10T00:03:44.973+0000] {processor.py:830} INFO - Processing file /opt/airflow/dags/boston_api_to_s3.py for tasks to queue
[2026-04-10T00:03:44.974+0000] {logging_mixin.py:188} INFO - [2026-04-10T00:03:44.974+0000] {dagbag.py:538} INFO - Filling up the DagBag from /opt/airflow/dags/boston_api_to_s3.py
[2026-04-10T00:03:45.143+0000] {processor.py:840} INFO - DAG(s) 'boston_api_to_s3_to_snowflake' retrieved from /opt/airflow/dags/boston_api_to_s3.py
[2026-04-10T00:03:45.154+0000] {logging_mixin.py:188} INFO - [2026-04-10T00:03:45.154+0000] {dag.py:3036} INFO - Sync 1 DAGs
[2026-04-10T00:03:45.166+0000] {logging_mixin.py:188} INFO - [2026-04-10T00:03:45.166+0000] {dag.py:3823} INFO - Setting next_dagrun for boston_api_to_s3_to_snowflake to 2026-04-05 00:00:00+00:00, run_after=2026-04-12 00:00:00+00:00
[2026-04-10T00:03:45.175+0000] {processor.py:183} INFO - Processing /opt/airflow/dags/boston_api_to_s3.py took 0.204 seconds
[2026-04-10T00:04:16.094+0000] {processor.py:161} INFO - Started process (PID=13150) to work on /opt/airflow/dags/boston_api_to_s3.py
[2026-04-10T00:04:16.095+0000] {processor.py:830} INFO - Processing file /opt/airflow/dags/boston_api_to_s3.py for tasks to queue
[2026-04-10T00:04:16.096+0000] {logging_mixin.py:188} INFO - [2026-04-10T00:04:16.096+0000] {dagbag.py:538} INFO - Filling up the DagBag from /opt/airflow/dags/boston_api_to_s3.py
[2026-04-10T00:04:16.266+0000] {processor.py:840} INFO - DAG(s) 'boston_api_to_s3_to_snowflake' retrieved from /opt/airflow/dags/boston_api_to_s3.py
[2026-04-10T00:04:16.277+0000] {logging_mixin.py:188} INFO - [2026-04-10T00:04:16.277+0000] {dag.py:3036} INFO - Sync 1 DAGs
[2026-04-10T00:04:16.287+0000] {logging_mixin.py:188} INFO - [2026-04-10T00:04:16.287+0000] {dag.py:3823} INFO - Setting next_dagrun for boston_api_to_s3_to_snowflake to 2026-04-05 00:00:00+00:00, run_after=2026-04-12 00:00:00+00:00
[2026-04-10T00:04:16.369+0000] {processor.py:183} INFO - Processing /opt/airflow/dags/boston_api_to_s3.py took 0.276 seconds
[2026-04-10T00:04:46.958+0000] {processor.py:161} INFO - Started process (PID=13229) to work on /opt/airflow/dags/boston_api_to_s3.py
[2026-04-10T00:04:46.960+0000] {processor.py:830} INFO - Processing file /opt/airflow/dags/boston_api_to_s3.py for tasks to queue
[2026-04-10T00:04:46.961+0000] {logging_mixin.py:188} INFO - [2026-04-10T00:04:46.960+0000] {dagbag.py:538} INFO - Filling up the DagBag from /opt/airflow/dags/boston_api_to_s3.py
[2026-04-10T00:04:47.199+0000] {processor.py:840} INFO - DAG(s) 'boston_api_to_s3_to_snowflake' retrieved from /opt/airflow/dags/boston_api_to_s3.py
[2026-04-10T00:04:47.207+0000] {logging_mixin.py:188} INFO - [2026-04-10T00:04:47.207+0000] {dag.py:3036} INFO - Sync 1 DAGs
[2026-04-10T00:04:47.215+0000] {logging_mixin.py:188} INFO - [2026-04-10T00:04:47.215+0000] {dag.py:3823} INFO - Setting next_dagrun for boston_api_to_s3_to_snowflake to 2026-04-05 00:00:00+00:00, run_after=2026-04-12 00:00:00+00:00
[2026-04-10T00:04:47.222+0000] {processor.py:183} INFO - Processing /opt/airflow/dags/boston_api_to_s3.py took 0.265 seconds
[2026-04-10T00:05:17.300+0000] {processor.py:161} INFO - Started process (PID=13309) to work on /opt/airflow/dags/boston_api_to_s3.py
[2026-04-10T00:05:17.301+0000] {processor.py:830} INFO - Processing file /opt/airflow/dags/boston_api_to_s3.py for tasks to queue
[2026-04-10T00:05:17.302+0000] {logging_mixin.py:188} INFO - [2026-04-10T00:05:17.302+0000] {dagbag.py:538} INFO - Filling up the DagBag from /opt/airflow/dags/boston_api_to_s3.py
[2026-04-10T00:05:17.540+0000] {processor.py:840} INFO - DAG(s) 'boston_api_to_s3_to_snowflake' retrieved from /opt/airflow/dags/boston_api_to_s3.py
[2026-04-10T00:05:17.548+0000] {logging_mixin.py:188} INFO - [2026-04-10T00:05:17.548+0000] {dag.py:3036} INFO - Sync 1 DAGs
[2026-04-10T00:05:17.556+0000] {logging_mixin.py:188} INFO - [2026-04-10T00:05:17.555+0000] {dag.py:3823} INFO - Setting next_dagrun for boston_api_to_s3_to_snowflake to 2026-04-05 00:00:00+00:00, run_after=2026-04-12 00:00:00+00:00
[2026-04-10T00:05:17.564+0000] {processor.py:183} INFO - Processing /opt/airflow/dags/boston_api_to_s3.py took 0.265 seconds
[2026-04-10T00:05:47.890+0000] {processor.py:161} INFO - Started process (PID=13390) to work on /opt/airflow/dags/boston_api_to_s3.py
[2026-04-10T00:05:47.891+0000] {processor.py:830} INFO - Processing file /opt/airflow/dags/boston_api_to_s3.py for tasks to queue
[2026-04-10T00:05:47.891+0000] {logging_mixin.py:188} INFO - [2026-04-10T00:05:47.891+0000] {dagbag.py:538} INFO - Filling up the DagBag from /opt/airflow/dags/boston_api_to_s3.py
[2026-04-10T00:05:48.103+0000] {processor.py:840} INFO - DAG(s) 'boston_api_to_s3_to_snowflake' retrieved from /opt/airflow/dags/boston_api_to_s3.py
[2026-04-10T00:05:48.109+0000] {logging_mixin.py:188} INFO - [2026-04-10T00:05:48.109+0000] {dag.py:3036} INFO - Sync 1 DAGs
[2026-04-10T00:05:48.116+0000] {logging_mixin.py:188} INFO - [2026-04-10T00:05:48.116+0000] {dag.py:3823} INFO - Setting next_dagrun for boston_api_to_s3_to_snowflake to 2026-04-05 00:00:00+00:00, run_after=2026-04-12 00:00:00+00:00
[2026-04-10T00:05:48.121+0000] {processor.py:183} INFO - Processing /opt/airflow/dags/boston_api_to_s3.py took 0.232 seconds
[2026-04-10T00:06:18.388+0000] {processor.py:161} INFO - Started process (PID=13470) to work on /opt/airflow/dags/boston_api_to_s3.py
[2026-04-10T00:06:18.389+0000] {processor.py:830} INFO - Processing file /opt/airflow/dags/boston_api_to_s3.py for tasks to queue
[2026-04-10T00:06:18.390+0000] {logging_mixin.py:188} INFO - [2026-04-10T00:06:18.389+0000] {dagbag.py:538} INFO - Filling up the DagBag from /opt/airflow/dags/boston_api_to_s3.py
[2026-04-10T00:06:18.605+0000] {processor.py:840} INFO - DAG(s) 'boston_api_to_s3_to_snowflake' retrieved from /opt/airflow/dags/boston_api_to_s3.py
[2026-04-10T00:06:18.610+0000] {logging_mixin.py:188} INFO - [2026-04-10T00:06:18.610+0000] {dag.py:3036} INFO - Sync 1 DAGs
[2026-04-10T00:06:18.617+0000] {logging_mixin.py:188} INFO - [2026-04-10T00:06:18.617+0000] {dag.py:3823} INFO - Setting next_dagrun for boston_api_to_s3_to_snowflake to 2026-04-05 00:00:00+00:00, run_after=2026-04-12 00:00:00+00:00
[2026-04-10T00:06:18.622+0000] {processor.py:183} INFO - Processing /opt/airflow/dags/boston_api_to_s3.py took 0.235 seconds
[2026-04-10T00:06:48.856+0000] {processor.py:161} INFO - Started process (PID=13550) to work on /opt/airflow/dags/boston_api_to_s3.py
[2026-04-10T00:06:48.856+0000] {processor.py:830} INFO - Processing file /opt/airflow/dags/boston_api_to_s3.py for tasks to queue
[2026-04-10T00:06:48.857+0000] {logging_mixin.py:188} INFO - [2026-04-10T00:06:48.857+0000] {dagbag.py:538} INFO - Filling up the DagBag from /opt/airflow/dags/boston_api_to_s3.py
[2026-04-10T00:06:49.081+0000] {processor.py:840} INFO - DAG(s) 'boston_api_to_s3_to_snowflake' retrieved from /opt/airflow/dags/boston_api_to_s3.py
[2026-04-10T00:06:49.087+0000] {logging_mixin.py:188} INFO - [2026-04-10T00:06:49.087+0000] {dag.py:3036} INFO - Sync 1 DAGs
[2026-04-10T00:06:49.093+0000] {logging_mixin.py:188} INFO - [2026-04-10T00:06:49.093+0000] {dag.py:3823} INFO - Setting next_dagrun for boston_api_to_s3_to_snowflake to 2026-04-05 00:00:00+00:00, run_after=2026-04-12 00:00:00+00:00
[2026-04-10T00:06:49.098+0000] {processor.py:183} INFO - Processing /opt/airflow/dags/boston_api_to_s3.py took 0.244 seconds
[2026-04-10T00:07:19.305+0000] {processor.py:161} INFO - Started process (PID=13630) to work on /opt/airflow/dags/boston_api_to_s3.py
[2026-04-10T00:07:19.305+0000] {processor.py:830} INFO - Processing file /opt/airflow/dags/boston_api_to_s3.py for tasks to queue
[2026-04-10T00:07:19.306+0000] {logging_mixin.py:188} INFO - [2026-04-10T00:07:19.306+0000] {dagbag.py:538} INFO - Filling up the DagBag from /opt/airflow/dags/boston_api_to_s3.py
[2026-04-10T00:07:19.517+0000] {processor.py:840} INFO - DAG(s) 'boston_api_to_s3_to_snowflake' retrieved from /opt/airflow/dags/boston_api_to_s3.py
[2026-04-10T00:07:19.523+0000] {logging_mixin.py:188} INFO - [2026-04-10T00:07:19.523+0000] {dag.py:3036} INFO - Sync 1 DAGs
[2026-04-10T00:07:19.530+0000] {logging_mixin.py:188} INFO - [2026-04-10T00:07:19.530+0000] {dag.py:3823} INFO - Setting next_dagrun for boston_api_to_s3_to_snowflake to 2026-04-05 00:00:00+00:00, run_after=2026-04-12 00:00:00+00:00
[2026-04-10T00:07:19.535+0000] {processor.py:183} INFO - Processing /opt/airflow/dags/boston_api_to_s3.py took 0.231 seconds
[2026-04-10T00:07:49.960+0000] {processor.py:161} INFO - Started process (PID=13710) to work on /opt/airflow/dags/boston_api_to_s3.py
[2026-04-10T00:07:49.961+0000] {processor.py:830} INFO - Processing file /opt/airflow/dags/boston_api_to_s3.py for tasks to queue
[2026-04-10T00:07:49.962+0000] {logging_mixin.py:188} INFO - [2026-04-10T00:07:49.962+0000] {dagbag.py:538} INFO - Filling up the DagBag from /opt/airflow/dags/boston_api_to_s3.py
[2026-04-10T00:07:50.205+0000] {processor.py:840} INFO - DAG(s) 'boston_api_to_s3_to_snowflake' retrieved from /opt/airflow/dags/boston_api_to_s3.py
[2026-04-10T00:07:50.215+0000] {logging_mixin.py:188} INFO - [2026-04-10T00:07:50.215+0000] {dag.py:3036} INFO - Sync 1 DAGs
[2026-04-10T00:07:50.223+0000] {logging_mixin.py:188} INFO - [2026-04-10T00:07:50.223+0000] {dag.py:3823} INFO - Setting next_dagrun for boston_api_to_s3_to_snowflake to 2026-04-05 00:00:00+00:00, run_after=2026-04-12 00:00:00+00:00
[2026-04-10T00:07:50.230+0000] {processor.py:183} INFO - Processing /opt/airflow/dags/boston_api_to_s3.py took 0.272 seconds
[2026-04-10T00:08:20.401+0000] {processor.py:161} INFO - Started process (PID=13790) to work on /opt/airflow/dags/boston_api_to_s3.py
[2026-04-10T00:08:20.402+0000] {processor.py:830} INFO - Processing file /opt/airflow/dags/boston_api_to_s3.py for tasks to queue
[2026-04-10T00:08:20.403+0000] {logging_mixin.py:188} INFO - [2026-04-10T00:08:20.403+0000] {dagbag.py:538} INFO - Filling up the DagBag from /opt/airflow/dags/boston_api_to_s3.py
[2026-04-10T00:08:20.644+0000] {processor.py:840} INFO - DAG(s) 'boston_api_to_s3_to_snowflake' retrieved from /opt/airflow/dags/boston_api_to_s3.py
[2026-04-10T00:08:20.652+0000] {logging_mixin.py:188} INFO - [2026-04-10T00:08:20.652+0000] {dag.py:3036} INFO - Sync 1 DAGs
[2026-04-10T00:08:20.661+0000] {logging_mixin.py:188} INFO - [2026-04-10T00:08:20.661+0000] {dag.py:3823} INFO - Setting next_dagrun for boston_api_to_s3_to_snowflake to 2026-04-05 00:00:00+00:00, run_after=2026-04-12 00:00:00+00:00
[2026-04-10T00:08:20.670+0000] {processor.py:183} INFO - Processing /opt/airflow/dags/boston_api_to_s3.py took 0.270 seconds
[2026-04-10T00:08:51.347+0000] {processor.py:161} INFO - Started process (PID=13870) to work on /opt/airflow/dags/boston_api_to_s3.py
[2026-04-10T00:08:51.348+0000] {processor.py:830} INFO - Processing file /opt/airflow/dags/boston_api_to_s3.py for tasks to queue
[2026-04-10T00:08:51.349+0000] {logging_mixin.py:188} INFO - [2026-04-10T00:08:51.349+0000] {dagbag.py:538} INFO - Filling up the DagBag from /opt/airflow/dags/boston_api_to_s3.py
[2026-04-10T00:08:51.518+0000] {processor.py:840} INFO - DAG(s) 'boston_api_to_s3_to_snowflake' retrieved from /opt/airflow/dags/boston_api_to_s3.py
[2026-04-10T00:08:51.529+0000] {logging_mixin.py:188} INFO - [2026-04-10T00:08:51.529+0000] {dag.py:3036} INFO - Sync 1 DAGs
[2026-04-10T00:08:51.538+0000] {logging_mixin.py:188} INFO - [2026-04-10T00:08:51.538+0000] {dag.py:3823} INFO - Setting next_dagrun for boston_api_to_s3_to_snowflake to 2026-04-05 00:00:00+00:00, run_after=2026-04-12 00:00:00+00:00
[2026-04-10T00:08:51.547+0000] {processor.py:183} INFO - Processing /opt/airflow/dags/boston_api_to_s3.py took 0.201 seconds
[2026-04-10T00:09:22.360+0000] {processor.py:161} INFO - Started process (PID=13956) to work on /opt/airflow/dags/boston_api_to_s3.py
[2026-04-10T00:09:22.361+0000] {processor.py:830} INFO - Processing file /opt/airflow/dags/boston_api_to_s3.py for tasks to queue
[2026-04-10T00:09:22.362+0000] {logging_mixin.py:188} INFO - [2026-04-10T00:09:22.362+0000] {dagbag.py:538} INFO - Filling up the DagBag from /opt/airflow/dags/boston_api_to_s3.py
[2026-04-10T00:09:22.528+0000] {processor.py:840} INFO - DAG(s) 'boston_api_to_s3_to_snowflake' retrieved from /opt/airflow/dags/boston_api_to_s3.py
[2026-04-10T00:09:22.538+0000] {logging_mixin.py:188} INFO - [2026-04-10T00:09:22.538+0000] {dag.py:3036} INFO - Sync 1 DAGs
[2026-04-10T00:09:22.547+0000] {logging_mixin.py:188} INFO - [2026-04-10T00:09:22.547+0000] {dag.py:3823} INFO - Setting next_dagrun for boston_api_to_s3_to_snowflake to 2026-04-05 00:00:00+00:00, run_after=2026-04-12 00:00:00+00:00
[2026-04-10T00:09:22.555+0000] {processor.py:183} INFO - Processing /opt/airflow/dags/boston_api_to_s3.py took 0.197 seconds
[2026-04-10T00:09:53.152+0000] {processor.py:161} INFO - Started process (PID=14035) to work on /opt/airflow/dags/boston_api_to_s3.py
[2026-04-10T00:09:53.152+0000] {processor.py:830} INFO - Processing file /opt/airflow/dags/boston_api_to_s3.py for tasks to queue
[2026-04-10T00:09:53.153+0000] {logging_mixin.py:188} INFO - [2026-04-10T00:09:53.153+0000] {dagbag.py:538} INFO - Filling up the DagBag from /opt/airflow/dags/boston_api_to_s3.py
[2026-04-10T00:09:53.318+0000] {processor.py:840} INFO - DAG(s) 'boston_api_to_s3_to_snowflake' retrieved from /opt/airflow/dags/boston_api_to_s3.py
[2026-04-10T00:09:53.325+0000] {logging_mixin.py:188} INFO - [2026-04-10T00:09:53.325+0000] {dag.py:3036} INFO - Sync 1 DAGs
[2026-04-10T00:09:53.334+0000] {logging_mixin.py:188} INFO - [2026-04-10T00:09:53.334+0000] {dag.py:3823} INFO - Setting next_dagrun for boston_api_to_s3_to_snowflake to 2026-04-05 00:00:00+00:00, run_after=2026-04-12 00:00:00+00:00
[2026-04-10T00:09:53.344+0000] {processor.py:183} INFO - Processing /opt/airflow/dags/boston_api_to_s3.py took 0.194 seconds
[2026-04-10T00:10:24.165+0000] {processor.py:161} INFO - Started process (PID=14116) to work on /opt/airflow/dags/boston_api_to_s3.py
[2026-04-10T00:10:24.166+0000] {processor.py:830} INFO - Processing file /opt/airflow/dags/boston_api_to_s3.py for tasks to queue
[2026-04-10T00:10:24.167+0000] {logging_mixin.py:188} INFO - [2026-04-10T00:10:24.167+0000] {dagbag.py:538} INFO - Filling up the DagBag from /opt/airflow/dags/boston_api_to_s3.py
[2026-04-10T00:10:24.331+0000] {processor.py:840} INFO - DAG(s) 'boston_api_to_s3_to_snowflake' retrieved from /opt/airflow/dags/boston_api_to_s3.py
[2026-04-10T00:10:24.341+0000] {logging_mixin.py:188} INFO - [2026-04-10T00:10:24.341+0000] {dag.py:3036} INFO - Sync 1 DAGs
[2026-04-10T00:10:24.353+0000] {logging_mixin.py:188} INFO - [2026-04-10T00:10:24.353+0000] {dag.py:3823} INFO - Setting next_dagrun for boston_api_to_s3_to_snowflake to 2026-04-05 00:00:00+00:00, run_after=2026-04-12 00:00:00+00:00
[2026-04-10T00:10:24.362+0000] {processor.py:183} INFO - Processing /opt/airflow/dags/boston_api_to_s3.py took 0.198 seconds
[2026-04-10T00:10:55.267+0000] {processor.py:161} INFO - Started process (PID=14196) to work on /opt/airflow/dags/boston_api_to_s3.py
[2026-04-10T00:10:55.268+0000] {processor.py:830} INFO - Processing file /opt/airflow/dags/boston_api_to_s3.py for tasks to queue
[2026-04-10T00:10:55.269+0000] {logging_mixin.py:188} INFO - [2026-04-10T00:10:55.269+0000] {dagbag.py:538} INFO - Filling up the DagBag from /opt/airflow/dags/boston_api_to_s3.py
[2026-04-10T00:10:55.436+0000] {processor.py:840} INFO - DAG(s) 'boston_api_to_s3_to_snowflake' retrieved from /opt/airflow/dags/boston_api_to_s3.py
[2026-04-10T00:10:55.445+0000] {logging_mixin.py:188} INFO - [2026-04-10T00:10:55.445+0000] {dag.py:3036} INFO - Sync 1 DAGs
[2026-04-10T00:10:55.454+0000] {logging_mixin.py:188} INFO - [2026-04-10T00:10:55.454+0000] {dag.py:3823} INFO - Setting next_dagrun for boston_api_to_s3_to_snowflake to 2026-04-05 00:00:00+00:00, run_after=2026-04-12 00:00:00+00:00
[2026-04-10T00:10:55.463+0000] {processor.py:183} INFO - Processing /opt/airflow/dags/boston_api_to_s3.py took 0.197 seconds
[2026-04-10T00:11:26.199+0000] {processor.py:161} INFO - Started process (PID=14276) to work on /opt/airflow/dags/boston_api_to_s3.py
[2026-04-10T00:11:26.200+0000] {processor.py:830} INFO - Processing file /opt/airflow/dags/boston_api_to_s3.py for tasks to queue
[2026-04-10T00:11:26.201+0000] {logging_mixin.py:188} INFO - [2026-04-10T00:11:26.201+0000] {dagbag.py:538} INFO - Filling up the DagBag from /opt/airflow/dags/boston_api_to_s3.py
[2026-04-10T00:11:26.379+0000] {processor.py:840} INFO - DAG(s) 'boston_api_to_s3_to_snowflake' retrieved from /opt/airflow/dags/boston_api_to_s3.py
[2026-04-10T00:11:26.393+0000] {logging_mixin.py:188} INFO - [2026-04-10T00:11:26.393+0000] {dag.py:3036} INFO - Sync 1 DAGs
[2026-04-10T00:11:26.401+0000] {logging_mixin.py:188} INFO - [2026-04-10T00:11:26.401+0000] {dag.py:3823} INFO - Setting next_dagrun for boston_api_to_s3_to_snowflake to 2026-04-05 00:00:00+00:00, run_after=2026-04-12 00:00:00+00:00
[2026-04-10T00:11:26.411+0000] {processor.py:183} INFO - Processing /opt/airflow/dags/boston_api_to_s3.py took 0.213 seconds
[2026-04-10T00:11:57.107+0000] {processor.py:161} INFO - Started process (PID=14356) to work on /opt/airflow/dags/boston_api_to_s3.py
[2026-04-10T00:11:57.107+0000] {processor.py:830} INFO - Processing file /opt/airflow/dags/boston_api_to_s3.py for tasks to queue
[2026-04-10T00:11:57.108+0000] {logging_mixin.py:188} INFO - [2026-04-10T00:11:57.108+0000] {dagbag.py:538} INFO - Filling up the DagBag from /opt/airflow/dags/boston_api_to_s3.py
[2026-04-10T00:11:57.273+0000] {processor.py:840} INFO - DAG(s) 'boston_api_to_s3_to_snowflake' retrieved from /opt/airflow/dags/boston_api_to_s3.py
[2026-04-10T00:11:57.283+0000] {logging_mixin.py:188} INFO - [2026-04-10T00:11:57.283+0000] {dag.py:3036} INFO - Sync 1 DAGs
[2026-04-10T00:11:57.358+0000] {logging_mixin.py:188} INFO - [2026-04-10T00:11:57.358+0000] {dag.py:3823} INFO - Setting next_dagrun for boston_api_to_s3_to_snowflake to 2026-04-05 00:00:00+00:00, run_after=2026-04-12 00:00:00+00:00
[2026-04-10T00:11:57.364+0000] {processor.py:183} INFO - Processing /opt/airflow/dags/boston_api_to_s3.py took 0.259 seconds
[2026-04-10T00:12:28.523+0000] {processor.py:161} INFO - Started process (PID=14436) to work on /opt/airflow/dags/boston_api_to_s3.py
[2026-04-10T00:12:28.525+0000] {processor.py:830} INFO - Processing file /opt/airflow/dags/boston_api_to_s3.py for tasks to queue
[2026-04-10T00:12:28.526+0000] {logging_mixin.py:188} INFO - [2026-04-10T00:12:28.526+0000] {dagbag.py:538} INFO - Filling up the DagBag from /opt/airflow/dags/boston_api_to_s3.py
[2026-04-10T00:12:28.768+0000] {processor.py:840} INFO - DAG(s) 'boston_api_to_s3_to_snowflake' retrieved from /opt/airflow/dags/boston_api_to_s3.py
[2026-04-10T00:12:28.778+0000] {logging_mixin.py:188} INFO - [2026-04-10T00:12:28.778+0000] {dag.py:3036} INFO - Sync 1 DAGs
[2026-04-10T00:12:28.785+0000] {logging_mixin.py:188} INFO - [2026-04-10T00:12:28.785+0000] {dag.py:3823} INFO - Setting next_dagrun for boston_api_to_s3_to_snowflake to 2026-04-05 00:00:00+00:00, run_after=2026-04-12 00:00:00+00:00
[2026-04-10T00:12:28.794+0000] {processor.py:183} INFO - Processing /opt/airflow/dags/boston_api_to_s3.py took 0.272 seconds
[2026-04-10T00:12:59.166+0000] {processor.py:161} INFO - Started process (PID=14516) to work on /opt/airflow/dags/boston_api_to_s3.py
[2026-04-10T00:12:59.167+0000] {processor.py:830} INFO - Processing file /opt/airflow/dags/boston_api_to_s3.py for tasks to queue
[2026-04-10T00:12:59.168+0000] {logging_mixin.py:188} INFO - [2026-04-10T00:12:59.168+0000] {dagbag.py:538} INFO - Filling up the DagBag from /opt/airflow/dags/boston_api_to_s3.py
[2026-04-10T00:12:59.411+0000] {processor.py:840} INFO - DAG(s) 'boston_api_to_s3_to_snowflake' retrieved from /opt/airflow/dags/boston_api_to_s3.py
[2026-04-10T00:12:59.424+0000] {logging_mixin.py:188} INFO - [2026-04-10T00:12:59.423+0000] {dag.py:3036} INFO - Sync 1 DAGs
[2026-04-10T00:12:59.434+0000] {logging_mixin.py:188} INFO - [2026-04-10T00:12:59.433+0000] {dag.py:3823} INFO - Setting next_dagrun for boston_api_to_s3_to_snowflake to 2026-04-05 00:00:00+00:00, run_after=2026-04-12 00:00:00+00:00
[2026-04-10T00:12:59.442+0000] {processor.py:183} INFO - Processing /opt/airflow/dags/boston_api_to_s3.py took 0.277 seconds
[2026-04-10T00:13:29.564+0000] {processor.py:161} INFO - Started process (PID=14595) to work on /opt/airflow/dags/boston_api_to_s3.py
[2026-04-10T00:13:29.565+0000] {processor.py:830} INFO - Processing file /opt/airflow/dags/boston_api_to_s3.py for tasks to queue
[2026-04-10T00:13:29.565+0000] {logging_mixin.py:188} INFO - [2026-04-10T00:13:29.565+0000] {dagbag.py:538} INFO - Filling up the DagBag from /opt/airflow/dags/boston_api_to_s3.py
[2026-04-10T00:13:29.805+0000] {processor.py:840} INFO - DAG(s) 'boston_api_to_s3_to_snowflake' retrieved from /opt/airflow/dags/boston_api_to_s3.py
[2026-04-10T00:13:29.814+0000] {logging_mixin.py:188} INFO - [2026-04-10T00:13:29.814+0000] {dag.py:3036} INFO - Sync 1 DAGs
[2026-04-10T00:13:29.822+0000] {logging_mixin.py:188} INFO - [2026-04-10T00:13:29.822+0000] {dag.py:3823} INFO - Setting next_dagrun for boston_api_to_s3_to_snowflake to 2026-04-05 00:00:00+00:00, run_after=2026-04-12 00:00:00+00:00
[2026-04-10T00:13:29.827+0000] {processor.py:183} INFO - Processing /opt/airflow/dags/boston_api_to_s3.py took 0.265 seconds
[2026-04-10T00:14:54.748+0000] {processor.py:161} INFO - Started process (PID=14669) to work on /opt/airflow/dags/boston_api_to_s3.py
[2026-04-10T00:14:54.749+0000] {processor.py:830} INFO - Processing file /opt/airflow/dags/boston_api_to_s3.py for tasks to queue
[2026-04-10T00:14:54.750+0000] {logging_mixin.py:188} INFO - [2026-04-10T00:14:54.750+0000] {dagbag.py:538} INFO - Filling up the DagBag from /opt/airflow/dags/boston_api_to_s3.py
[2026-04-10T00:14:55.003+0000] {processor.py:840} INFO - DAG(s) 'boston_api_to_s3_to_snowflake' retrieved from /opt/airflow/dags/boston_api_to_s3.py
[2026-04-10T00:14:55.010+0000] {logging_mixin.py:188} INFO - [2026-04-10T00:14:55.009+0000] {dag.py:3036} INFO - Sync 1 DAGs
[2026-04-10T00:14:55.017+0000] {logging_mixin.py:188} INFO - [2026-04-10T00:14:55.017+0000] {dag.py:3823} INFO - Setting next_dagrun for boston_api_to_s3_to_snowflake to 2026-04-05 00:00:00+00:00, run_after=2026-04-12 00:00:00+00:00
[2026-04-10T00:14:55.024+0000] {processor.py:183} INFO - Processing /opt/airflow/dags/boston_api_to_s3.py took 0.278 seconds
[2026-04-10T00:15:25.200+0000] {processor.py:161} INFO - Started process (PID=14749) to work on /opt/airflow/dags/boston_api_to_s3.py
[2026-04-10T00:15:25.200+0000] {processor.py:830} INFO - Processing file /opt/airflow/dags/boston_api_to_s3.py for tasks to queue
[2026-04-10T00:15:25.202+0000] {logging_mixin.py:188} INFO - [2026-04-10T00:15:25.202+0000] {dagbag.py:538} INFO - Filling up the DagBag from /opt/airflow/dags/boston_api_to_s3.py
[2026-04-10T00:15:25.449+0000] {processor.py:840} INFO - DAG(s) 'boston_api_to_s3_to_snowflake' retrieved from /opt/airflow/dags/boston_api_to_s3.py
[2026-04-10T00:15:25.460+0000] {logging_mixin.py:188} INFO - [2026-04-10T00:15:25.460+0000] {dag.py:3036} INFO - Sync 1 DAGs
[2026-04-10T00:15:25.470+0000] {logging_mixin.py:188} INFO - [2026-04-10T00:15:25.470+0000] {dag.py:3823} INFO - Setting next_dagrun for boston_api_to_s3_to_snowflake to 2026-04-05 00:00:00+00:00, run_after=2026-04-12 00:00:00+00:00
[2026-04-10T00:15:25.482+0000] {processor.py:183} INFO - Processing /opt/airflow/dags/boston_api_to_s3.py took 0.284 seconds
[2026-04-10T00:15:55.581+0000] {processor.py:161} INFO - Started process (PID=14829) to work on /opt/airflow/dags/boston_api_to_s3.py
[2026-04-10T00:15:55.582+0000] {processor.py:830} INFO - Processing file /opt/airflow/dags/boston_api_to_s3.py for tasks to queue
[2026-04-10T00:15:55.584+0000] {logging_mixin.py:188} INFO - [2026-04-10T00:15:55.583+0000] {dagbag.py:538} INFO - Filling up the DagBag from /opt/airflow/dags/boston_api_to_s3.py
[2026-04-10T00:15:55.941+0000] {processor.py:840} INFO - DAG(s) 'boston_api_to_s3_to_snowflake' retrieved from /opt/airflow/dags/boston_api_to_s3.py
[2026-04-10T00:15:55.956+0000] {logging_mixin.py:188} INFO - [2026-04-10T00:15:55.956+0000] {dag.py:3036} INFO - Sync 1 DAGs
[2026-04-10T00:15:55.970+0000] {logging_mixin.py:188} INFO - [2026-04-10T00:15:55.969+0000] {dag.py:3823} INFO - Setting next_dagrun for boston_api_to_s3_to_snowflake to 2026-04-05 00:00:00+00:00, run_after=2026-04-12 00:00:00+00:00
[2026-04-10T00:15:55.983+0000] {processor.py:183} INFO - Processing /opt/airflow/dags/boston_api_to_s3.py took 0.404 seconds
[2026-04-10T00:16:26.062+0000] {processor.py:161} INFO - Started process (PID=14909) to work on /opt/airflow/dags/boston_api_to_s3.py
[2026-04-10T00:16:26.064+0000] {processor.py:830} INFO - Processing file /opt/airflow/dags/boston_api_to_s3.py for tasks to queue
[2026-04-10T00:16:26.065+0000] {logging_mixin.py:188} INFO - [2026-04-10T00:16:26.065+0000] {dagbag.py:538} INFO - Filling up the DagBag from /opt/airflow/dags/boston_api_to_s3.py
[2026-04-10T00:16:26.334+0000] {processor.py:840} INFO - DAG(s) 'boston_api_to_s3_to_snowflake' retrieved from /opt/airflow/dags/boston_api_to_s3.py
[2026-04-10T00:16:26.346+0000] {logging_mixin.py:188} INFO - [2026-04-10T00:16:26.345+0000] {dag.py:3036} INFO - Sync 1 DAGs
[2026-04-10T00:16:26.356+0000] {logging_mixin.py:188} INFO - [2026-04-10T00:16:26.356+0000] {dag.py:3823} INFO - Setting next_dagrun for boston_api_to_s3_to_snowflake to 2026-04-05 00:00:00+00:00, run_after=2026-04-12 00:00:00+00:00
[2026-04-10T00:16:26.375+0000] {processor.py:183} INFO - Processing /opt/airflow/dags/boston_api_to_s3.py took 0.315 seconds
[2026-04-10T00:16:56.480+0000] {processor.py:161} INFO - Started process (PID=14989) to work on /opt/airflow/dags/boston_api_to_s3.py
[2026-04-10T00:16:56.481+0000] {processor.py:830} INFO - Processing file /opt/airflow/dags/boston_api_to_s3.py for tasks to queue
[2026-04-10T00:16:56.483+0000] {logging_mixin.py:188} INFO - [2026-04-10T00:16:56.483+0000] {dagbag.py:538} INFO - Filling up the DagBag from /opt/airflow/dags/boston_api_to_s3.py
[2026-04-10T00:16:56.733+0000] {processor.py:840} INFO - DAG(s) 'boston_api_to_s3_to_snowflake' retrieved from /opt/airflow/dags/boston_api_to_s3.py
[2026-04-10T00:16:56.743+0000] {logging_mixin.py:188} INFO - [2026-04-10T00:16:56.743+0000] {dag.py:3036} INFO - Sync 1 DAGs
[2026-04-10T00:16:56.757+0000] {logging_mixin.py:188} INFO - [2026-04-10T00:16:56.757+0000] {dag.py:3823} INFO - Setting next_dagrun for boston_api_to_s3_to_snowflake to 2026-04-05 00:00:00+00:00, run_after=2026-04-12 00:00:00+00:00
[2026-04-10T00:16:56.763+0000] {processor.py:183} INFO - Processing /opt/airflow/dags/boston_api_to_s3.py took 0.285 seconds
[2026-04-10T00:17:26.944+0000] {processor.py:161} INFO - Started process (PID=15069) to work on /opt/airflow/dags/boston_api_to_s3.py
[2026-04-10T00:17:26.945+0000] {processor.py:830} INFO - Processing file /opt/airflow/dags/boston_api_to_s3.py for tasks to queue
[2026-04-10T00:17:26.946+0000] {logging_mixin.py:188} INFO - [2026-04-10T00:17:26.946+0000] {dagbag.py:538} INFO - Filling up the DagBag from /opt/airflow/dags/boston_api_to_s3.py
[2026-04-10T00:17:27.124+0000] {processor.py:840} INFO - DAG(s) 'boston_api_to_s3_to_snowflake' retrieved from /opt/airflow/dags/boston_api_to_s3.py
[2026-04-10T00:17:27.134+0000] {logging_mixin.py:188} INFO - [2026-04-10T00:17:27.134+0000] {dag.py:3036} INFO - Sync 1 DAGs
[2026-04-10T00:17:27.144+0000] {logging_mixin.py:188} INFO - [2026-04-10T00:17:27.144+0000] {dag.py:3823} INFO - Setting next_dagrun for boston_api_to_s3_to_snowflake to 2026-04-05 00:00:00+00:00, run_after=2026-04-12 00:00:00+00:00
[2026-04-10T00:17:27.154+0000] {processor.py:183} INFO - Processing /opt/airflow/dags/boston_api_to_s3.py took 0.212 seconds
[2026-04-10T00:17:58.236+0000] {processor.py:161} INFO - Started process (PID=15149) to work on /opt/airflow/dags/boston_api_to_s3.py
[2026-04-10T00:17:58.237+0000] {processor.py:830} INFO - Processing file /opt/airflow/dags/boston_api_to_s3.py for tasks to queue
[2026-04-10T00:17:58.239+0000] {logging_mixin.py:188} INFO - [2026-04-10T00:17:58.238+0000] {dagbag.py:538} INFO - Filling up the DagBag from /opt/airflow/dags/boston_api_to_s3.py
[2026-04-10T00:17:58.418+0000] {processor.py:840} INFO - DAG(s) 'boston_api_to_s3_to_snowflake' retrieved from /opt/airflow/dags/boston_api_to_s3.py
[2026-04-10T00:17:58.430+0000] {logging_mixin.py:188} INFO - [2026-04-10T00:17:58.429+0000] {dag.py:3036} INFO - Sync 1 DAGs
[2026-04-10T00:17:58.439+0000] {logging_mixin.py:188} INFO - [2026-04-10T00:17:58.439+0000] {dag.py:3823} INFO - Setting next_dagrun for boston_api_to_s3_to_snowflake to 2026-04-05 00:00:00+00:00, run_after=2026-04-12 00:00:00+00:00
[2026-04-10T00:17:58.452+0000] {processor.py:183} INFO - Processing /opt/airflow/dags/boston_api_to_s3.py took 0.218 seconds
[2026-04-10T00:18:28.555+0000] {processor.py:161} INFO - Started process (PID=15229) to work on /opt/airflow/dags/boston_api_to_s3.py
[2026-04-10T00:18:28.557+0000] {processor.py:830} INFO - Processing file /opt/airflow/dags/boston_api_to_s3.py for tasks to queue
[2026-04-10T00:18:28.558+0000] {logging_mixin.py:188} INFO - [2026-04-10T00:18:28.558+0000] {dagbag.py:538} INFO - Filling up the DagBag from /opt/airflow/dags/boston_api_to_s3.py
[2026-04-10T00:18:28.747+0000] {processor.py:840} INFO - DAG(s) 'boston_api_to_s3_to_snowflake' retrieved from /opt/airflow/dags/boston_api_to_s3.py
[2026-04-10T00:18:28.757+0000] {logging_mixin.py:188} INFO - [2026-04-10T00:18:28.756+0000] {dag.py:3036} INFO - Sync 1 DAGs
[2026-04-10T00:18:28.767+0000] {logging_mixin.py:188} INFO - [2026-04-10T00:18:28.767+0000] {dag.py:3823} INFO - Setting next_dagrun for boston_api_to_s3_to_snowflake to 2026-04-05 00:00:00+00:00, run_after=2026-04-12 00:00:00+00:00
[2026-04-10T00:18:28.778+0000] {processor.py:183} INFO - Processing /opt/airflow/dags/boston_api_to_s3.py took 0.225 seconds
[2026-04-10T00:18:59.840+0000] {processor.py:161} INFO - Started process (PID=15309) to work on /opt/airflow/dags/boston_api_to_s3.py
[2026-04-10T00:18:59.841+0000] {processor.py:830} INFO - Processing file /opt/airflow/dags/boston_api_to_s3.py for tasks to queue
[2026-04-10T00:18:59.842+0000] {logging_mixin.py:188} INFO - [2026-04-10T00:18:59.842+0000] {dagbag.py:538} INFO - Filling up the DagBag from /opt/airflow/dags/boston_api_to_s3.py
[2026-04-10T00:19:00.041+0000] {processor.py:840} INFO - DAG(s) 'boston_api_to_s3_to_snowflake' retrieved from /opt/airflow/dags/boston_api_to_s3.py
[2026-04-10T00:19:00.050+0000] {logging_mixin.py:188} INFO - [2026-04-10T00:19:00.050+0000] {dag.py:3036} INFO - Sync 1 DAGs
[2026-04-10T00:19:00.060+0000] {logging_mixin.py:188} INFO - [2026-04-10T00:19:00.059+0000] {dag.py:3823} INFO - Setting next_dagrun for boston_api_to_s3_to_snowflake to 2026-04-05 00:00:00+00:00, run_after=2026-04-12 00:00:00+00:00
[2026-04-10T00:19:00.070+0000] {processor.py:183} INFO - Processing /opt/airflow/dags/boston_api_to_s3.py took 0.232 seconds
[2026-04-10T00:19:30.894+0000] {processor.py:161} INFO - Started process (PID=15389) to work on /opt/airflow/dags/boston_api_to_s3.py
[2026-04-10T00:19:30.896+0000] {processor.py:830} INFO - Processing file /opt/airflow/dags/boston_api_to_s3.py for tasks to queue
[2026-04-10T00:19:30.898+0000] {logging_mixin.py:188} INFO - [2026-04-10T00:19:30.897+0000] {dagbag.py:538} INFO - Filling up the DagBag from /opt/airflow/dags/boston_api_to_s3.py
[2026-04-10T00:19:31.092+0000] {processor.py:840} INFO - DAG(s) 'boston_api_to_s3_to_snowflake' retrieved from /opt/airflow/dags/boston_api_to_s3.py
[2026-04-10T00:19:31.102+0000] {logging_mixin.py:188} INFO - [2026-04-10T00:19:31.102+0000] {dag.py:3036} INFO - Sync 1 DAGs
[2026-04-10T00:19:31.114+0000] {logging_mixin.py:188} INFO - [2026-04-10T00:19:31.114+0000] {dag.py:3823} INFO - Setting next_dagrun for boston_api_to_s3_to_snowflake to 2026-04-05 00:00:00+00:00, run_after=2026-04-12 00:00:00+00:00
[2026-04-10T00:19:31.125+0000] {processor.py:183} INFO - Processing /opt/airflow/dags/boston_api_to_s3.py took 0.233 seconds
[2026-04-10T00:20:01.286+0000] {processor.py:161} INFO - Started process (PID=15469) to work on /opt/airflow/dags/boston_api_to_s3.py
[2026-04-10T00:20:01.287+0000] {processor.py:830} INFO - Processing file /opt/airflow/dags/boston_api_to_s3.py for tasks to queue
[2026-04-10T00:20:01.289+0000] {logging_mixin.py:188} INFO - [2026-04-10T00:20:01.289+0000] {dagbag.py:538} INFO - Filling up the DagBag from /opt/airflow/dags/boston_api_to_s3.py
[2026-04-10T00:20:01.499+0000] {processor.py:840} INFO - DAG(s) 'boston_api_to_s3_to_snowflake' retrieved from /opt/airflow/dags/boston_api_to_s3.py
[2026-04-10T00:20:01.512+0000] {logging_mixin.py:188} INFO - [2026-04-10T00:20:01.512+0000] {dag.py:3036} INFO - Sync 1 DAGs
[2026-04-10T00:20:01.675+0000] {logging_mixin.py:188} INFO - [2026-04-10T00:20:01.675+0000] {dag.py:3823} INFO - Setting next_dagrun for boston_api_to_s3_to_snowflake to 2026-04-05 00:00:00+00:00, run_after=2026-04-12 00:00:00+00:00
[2026-04-10T00:20:01.687+0000] {processor.py:183} INFO - Processing /opt/airflow/dags/boston_api_to_s3.py took 0.405 seconds
[2026-04-10T00:20:31.906+0000] {processor.py:161} INFO - Started process (PID=15549) to work on /opt/airflow/dags/boston_api_to_s3.py
[2026-04-10T00:20:31.909+0000] {processor.py:830} INFO - Processing file /opt/airflow/dags/boston_api_to_s3.py for tasks to queue
[2026-04-10T00:20:31.910+0000] {logging_mixin.py:188} INFO - [2026-04-10T00:20:31.910+0000] {dagbag.py:538} INFO - Filling up the DagBag from /opt/airflow/dags/boston_api_to_s3.py
[2026-04-10T00:20:32.166+0000] {processor.py:840} INFO - DAG(s) 'boston_api_to_s3_to_snowflake' retrieved from /opt/airflow/dags/boston_api_to_s3.py
[2026-04-10T00:20:32.176+0000] {logging_mixin.py:188} INFO - [2026-04-10T00:20:32.176+0000] {dag.py:3036} INFO - Sync 1 DAGs
[2026-04-10T00:20:32.189+0000] {logging_mixin.py:188} INFO - [2026-04-10T00:20:32.189+0000] {dag.py:3823} INFO - Setting next_dagrun for boston_api_to_s3_to_snowflake to 2026-04-05 00:00:00+00:00, run_after=2026-04-12 00:00:00+00:00
[2026-04-10T00:20:32.198+0000] {processor.py:183} INFO - Processing /opt/airflow/dags/boston_api_to_s3.py took 0.294 seconds
[2026-04-10T00:21:02.561+0000] {processor.py:161} INFO - Started process (PID=15628) to work on /opt/airflow/dags/boston_api_to_s3.py
[2026-04-10T00:21:02.562+0000] {processor.py:830} INFO - Processing file /opt/airflow/dags/boston_api_to_s3.py for tasks to queue
[2026-04-10T00:21:02.565+0000] {logging_mixin.py:188} INFO - [2026-04-10T00:21:02.565+0000] {dagbag.py:538} INFO - Filling up the DagBag from /opt/airflow/dags/boston_api_to_s3.py
[2026-04-10T00:21:02.815+0000] {processor.py:840} INFO - DAG(s) 'boston_api_to_s3_to_snowflake' retrieved from /opt/airflow/dags/boston_api_to_s3.py
[2026-04-10T00:21:02.825+0000] {logging_mixin.py:188} INFO - [2026-04-10T00:21:02.825+0000] {dag.py:3036} INFO - Sync 1 DAGs
[2026-04-10T00:21:02.835+0000] {logging_mixin.py:188} INFO - [2026-04-10T00:21:02.835+0000] {dag.py:3823} INFO - Setting next_dagrun for boston_api_to_s3_to_snowflake to 2026-04-05 00:00:00+00:00, run_after=2026-04-12 00:00:00+00:00
[2026-04-10T00:21:02.843+0000] {processor.py:183} INFO - Processing /opt/airflow/dags/boston_api_to_s3.py took 0.284 seconds
[2026-04-10T00:21:33.454+0000] {processor.py:161} INFO - Started process (PID=15709) to work on /opt/airflow/dags/boston_api_to_s3.py
[2026-04-10T00:21:33.455+0000] {processor.py:830} INFO - Processing file /opt/airflow/dags/boston_api_to_s3.py for tasks to queue
[2026-04-10T00:21:33.455+0000] {logging_mixin.py:188} INFO - [2026-04-10T00:21:33.455+0000] {dagbag.py:538} INFO - Filling up the DagBag from /opt/airflow/dags/boston_api_to_s3.py
[2026-04-10T00:21:33.677+0000] {processor.py:840} INFO - DAG(s) 'boston_api_to_s3_to_snowflake' retrieved from /opt/airflow/dags/boston_api_to_s3.py
[2026-04-10T00:21:33.682+0000] {logging_mixin.py:188} INFO - [2026-04-10T00:21:33.682+0000] {dag.py:3036} INFO - Sync 1 DAGs
[2026-04-10T00:21:33.689+0000] {logging_mixin.py:188} INFO - [2026-04-10T00:21:33.689+0000] {dag.py:3823} INFO - Setting next_dagrun for boston_api_to_s3_to_snowflake to 2026-04-05 00:00:00+00:00, run_after=2026-04-12 00:00:00+00:00
[2026-04-10T00:21:33.694+0000] {processor.py:183} INFO - Processing /opt/airflow/dags/boston_api_to_s3.py took 0.241 seconds
[2026-04-10T00:22:04.110+0000] {processor.py:161} INFO - Started process (PID=15789) to work on /opt/airflow/dags/boston_api_to_s3.py
[2026-04-10T00:22:04.112+0000] {processor.py:830} INFO - Processing file /opt/airflow/dags/boston_api_to_s3.py for tasks to queue
[2026-04-10T00:22:04.112+0000] {logging_mixin.py:188} INFO - [2026-04-10T00:22:04.112+0000] {dagbag.py:538} INFO - Filling up the DagBag from /opt/airflow/dags/boston_api_to_s3.py
[2026-04-10T00:22:04.355+0000] {processor.py:840} INFO - DAG(s) 'boston_api_to_s3_to_snowflake' retrieved from /opt/airflow/dags/boston_api_to_s3.py
[2026-04-10T00:22:04.367+0000] {logging_mixin.py:188} INFO - [2026-04-10T00:22:04.367+0000] {dag.py:3036} INFO - Sync 1 DAGs
[2026-04-10T00:22:04.379+0000] {logging_mixin.py:188} INFO - [2026-04-10T00:22:04.378+0000] {dag.py:3823} INFO - Setting next_dagrun for boston_api_to_s3_to_snowflake to 2026-04-05 00:00:00+00:00, run_after=2026-04-12 00:00:00+00:00
[2026-04-10T00:22:04.388+0000] {processor.py:183} INFO - Processing /opt/airflow/dags/boston_api_to_s3.py took 0.280 seconds
[2026-04-10T00:22:34.528+0000] {processor.py:161} INFO - Started process (PID=15869) to work on /opt/airflow/dags/boston_api_to_s3.py
[2026-04-10T00:22:34.529+0000] {processor.py:830} INFO - Processing file /opt/airflow/dags/boston_api_to_s3.py for tasks to queue
[2026-04-10T00:22:34.530+0000] {logging_mixin.py:188} INFO - [2026-04-10T00:22:34.530+0000] {dagbag.py:538} INFO - Filling up the DagBag from /opt/airflow/dags/boston_api_to_s3.py
[2026-04-10T00:22:34.786+0000] {processor.py:840} INFO - DAG(s) 'boston_api_to_s3_to_snowflake' retrieved from /opt/airflow/dags/boston_api_to_s3.py
[2026-04-10T00:22:34.795+0000] {logging_mixin.py:188} INFO - [2026-04-10T00:22:34.795+0000] {dag.py:3036} INFO - Sync 1 DAGs
[2026-04-10T00:22:34.806+0000] {logging_mixin.py:188} INFO - [2026-04-10T00:22:34.806+0000] {dag.py:3823} INFO - Setting next_dagrun for boston_api_to_s3_to_snowflake to 2026-04-05 00:00:00+00:00, run_after=2026-04-12 00:00:00+00:00
[2026-04-10T00:22:34.817+0000] {processor.py:183} INFO - Processing /opt/airflow/dags/boston_api_to_s3.py took 0.290 seconds
[2026-04-10T00:23:04.993+0000] {processor.py:161} INFO - Started process (PID=15949) to work on /opt/airflow/dags/boston_api_to_s3.py
[2026-04-10T00:23:04.994+0000] {processor.py:830} INFO - Processing file /opt/airflow/dags/boston_api_to_s3.py for tasks to queue
[2026-04-10T00:23:04.995+0000] {logging_mixin.py:188} INFO - [2026-04-10T00:23:04.995+0000] {dagbag.py:538} INFO - Filling up the DagBag from /opt/airflow/dags/boston_api_to_s3.py
[2026-04-10T00:23:05.234+0000] {processor.py:840} INFO - DAG(s) 'boston_api_to_s3_to_snowflake' retrieved from /opt/airflow/dags/boston_api_to_s3.py
[2026-04-10T00:23:05.244+0000] {logging_mixin.py:188} INFO - [2026-04-10T00:23:05.244+0000] {dag.py:3036} INFO - Sync 1 DAGs
[2026-04-10T00:23:05.253+0000] {logging_mixin.py:188} INFO - [2026-04-10T00:23:05.253+0000] {dag.py:3823} INFO - Setting next_dagrun for boston_api_to_s3_to_snowflake to 2026-04-05 00:00:00+00:00, run_after=2026-04-12 00:00:00+00:00
[2026-04-10T00:23:05.261+0000] {processor.py:183} INFO - Processing /opt/airflow/dags/boston_api_to_s3.py took 0.270 seconds
[2026-04-10T00:23:35.609+0000] {processor.py:161} INFO - Started process (PID=16029) to work on /opt/airflow/dags/boston_api_to_s3.py
[2026-04-10T00:23:35.610+0000] {processor.py:830} INFO - Processing file /opt/airflow/dags/boston_api_to_s3.py for tasks to queue
[2026-04-10T00:23:35.611+0000] {logging_mixin.py:188} INFO - [2026-04-10T00:23:35.611+0000] {dagbag.py:538} INFO - Filling up the DagBag from /opt/airflow/dags/boston_api_to_s3.py
[2026-04-10T00:23:35.870+0000] {processor.py:840} INFO - DAG(s) 'boston_api_to_s3_to_snowflake' retrieved from /opt/airflow/dags/boston_api_to_s3.py
[2026-04-10T00:23:35.882+0000] {logging_mixin.py:188} INFO - [2026-04-10T00:23:35.882+0000] {dag.py:3036} INFO - Sync 1 DAGs
[2026-04-10T00:23:35.891+0000] {logging_mixin.py:188} INFO - [2026-04-10T00:23:35.890+0000] {dag.py:3823} INFO - Setting next_dagrun for boston_api_to_s3_to_snowflake to 2026-04-05 00:00:00+00:00, run_after=2026-04-12 00:00:00+00:00
[2026-04-10T00:23:35.900+0000] {processor.py:183} INFO - Processing /opt/airflow/dags/boston_api_to_s3.py took 0.292 seconds
[2026-04-10T00:24:06.123+0000] {processor.py:161} INFO - Started process (PID=16109) to work on /opt/airflow/dags/boston_api_to_s3.py
[2026-04-10T00:24:06.124+0000] {processor.py:830} INFO - Processing file /opt/airflow/dags/boston_api_to_s3.py for tasks to queue
[2026-04-10T00:24:06.125+0000] {logging_mixin.py:188} INFO - [2026-04-10T00:24:06.125+0000] {dagbag.py:538} INFO - Filling up the DagBag from /opt/airflow/dags/boston_api_to_s3.py
[2026-04-10T00:24:06.363+0000] {processor.py:840} INFO - DAG(s) 'boston_api_to_s3_to_snowflake' retrieved from /opt/airflow/dags/boston_api_to_s3.py
[2026-04-10T00:24:06.375+0000] {logging_mixin.py:188} INFO - [2026-04-10T00:24:06.375+0000] {dag.py:3036} INFO - Sync 1 DAGs
[2026-04-10T00:24:06.386+0000] {logging_mixin.py:188} INFO - [2026-04-10T00:24:06.386+0000] {dag.py:3823} INFO - Setting next_dagrun for boston_api_to_s3_to_snowflake to 2026-04-05 00:00:00+00:00, run_after=2026-04-12 00:00:00+00:00
[2026-04-10T00:24:06.393+0000] {processor.py:183} INFO - Processing /opt/airflow/dags/boston_api_to_s3.py took 0.272 seconds
[2026-04-10T00:24:36.792+0000] {processor.py:161} INFO - Started process (PID=16189) to work on /opt/airflow/dags/boston_api_to_s3.py
[2026-04-10T00:24:36.793+0000] {processor.py:830} INFO - Processing file /opt/airflow/dags/boston_api_to_s3.py for tasks to queue
[2026-04-10T00:24:36.794+0000] {logging_mixin.py:188} INFO - [2026-04-10T00:24:36.794+0000] {dagbag.py:538} INFO - Filling up the DagBag from /opt/airflow/dags/boston_api_to_s3.py
[2026-04-10T00:24:36.968+0000] {processor.py:840} INFO - DAG(s) 'boston_api_to_s3_to_snowflake' retrieved from /opt/airflow/dags/boston_api_to_s3.py
[2026-04-10T00:24:36.978+0000] {logging_mixin.py:188} INFO - [2026-04-10T00:24:36.978+0000] {dag.py:3036} INFO - Sync 1 DAGs
[2026-04-10T00:24:36.989+0000] {logging_mixin.py:188} INFO - [2026-04-10T00:24:36.989+0000] {dag.py:3823} INFO - Setting next_dagrun for boston_api_to_s3_to_snowflake to 2026-04-05 00:00:00+00:00, run_after=2026-04-12 00:00:00+00:00
[2026-04-10T00:24:36.997+0000] {processor.py:183} INFO - Processing /opt/airflow/dags/boston_api_to_s3.py took 0.207 seconds
[2026-04-10T00:25:07.771+0000] {processor.py:161} INFO - Started process (PID=16269) to work on /opt/airflow/dags/boston_api_to_s3.py
[2026-04-10T00:25:07.772+0000] {processor.py:830} INFO - Processing file /opt/airflow/dags/boston_api_to_s3.py for tasks to queue
[2026-04-10T00:25:07.773+0000] {logging_mixin.py:188} INFO - [2026-04-10T00:25:07.773+0000] {dagbag.py:538} INFO - Filling up the DagBag from /opt/airflow/dags/boston_api_to_s3.py
[2026-04-10T00:25:07.939+0000] {processor.py:840} INFO - DAG(s) 'boston_api_to_s3_to_snowflake' retrieved from /opt/airflow/dags/boston_api_to_s3.py
[2026-04-10T00:25:07.947+0000] {logging_mixin.py:188} INFO - [2026-04-10T00:25:07.947+0000] {dag.py:3036} INFO - Sync 1 DAGs
[2026-04-10T00:25:07.959+0000] {logging_mixin.py:188} INFO - [2026-04-10T00:25:07.959+0000] {dag.py:3823} INFO - Setting next_dagrun for boston_api_to_s3_to_snowflake to 2026-04-05 00:00:00+00:00, run_after=2026-04-12 00:00:00+00:00
[2026-04-10T00:25:07.969+0000] {processor.py:183} INFO - Processing /opt/airflow/dags/boston_api_to_s3.py took 0.199 seconds
[2026-04-10T00:25:38.706+0000] {processor.py:161} INFO - Started process (PID=16349) to work on /opt/airflow/dags/boston_api_to_s3.py
[2026-04-10T00:25:38.707+0000] {processor.py:830} INFO - Processing file /opt/airflow/dags/boston_api_to_s3.py for tasks to queue
[2026-04-10T00:25:38.708+0000] {logging_mixin.py:188} INFO - [2026-04-10T00:25:38.708+0000] {dagbag.py:538} INFO - Filling up the DagBag from /opt/airflow/dags/boston_api_to_s3.py
[2026-04-10T00:25:38.877+0000] {processor.py:840} INFO - DAG(s) 'boston_api_to_s3_to_snowflake' retrieved from /opt/airflow/dags/boston_api_to_s3.py
[2026-04-10T00:25:38.885+0000] {logging_mixin.py:188} INFO - [2026-04-10T00:25:38.885+0000] {dag.py:3036} INFO - Sync 1 DAGs
[2026-04-10T00:25:38.895+0000] {logging_mixin.py:188} INFO - [2026-04-10T00:25:38.895+0000] {dag.py:3823} INFO - Setting next_dagrun for boston_api_to_s3_to_snowflake to 2026-04-05 00:00:00+00:00, run_after=2026-04-12 00:00:00+00:00
[2026-04-10T00:25:38.905+0000] {processor.py:183} INFO - Processing /opt/airflow/dags/boston_api_to_s3.py took 0.200 seconds
[2026-04-10T00:26:09.875+0000] {processor.py:161} INFO - Started process (PID=16428) to work on /opt/airflow/dags/boston_api_to_s3.py
[2026-04-10T00:26:09.876+0000] {processor.py:830} INFO - Processing file /opt/airflow/dags/boston_api_to_s3.py for tasks to queue
[2026-04-10T00:26:09.877+0000] {logging_mixin.py:188} INFO - [2026-04-10T00:26:09.876+0000] {dagbag.py:538} INFO - Filling up the DagBag from /opt/airflow/dags/boston_api_to_s3.py
[2026-04-10T00:26:10.049+0000] {processor.py:840} INFO - DAG(s) 'boston_api_to_s3_to_snowflake' retrieved from /opt/airflow/dags/boston_api_to_s3.py
[2026-04-10T00:26:10.062+0000] {logging_mixin.py:188} INFO - [2026-04-10T00:26:10.062+0000] {dag.py:3036} INFO - Sync 1 DAGs
[2026-04-10T00:26:10.078+0000] {logging_mixin.py:188} INFO - [2026-04-10T00:26:10.078+0000] {dag.py:3823} INFO - Setting next_dagrun for boston_api_to_s3_to_snowflake to 2026-04-05 00:00:00+00:00, run_after=2026-04-12 00:00:00+00:00
[2026-04-10T00:26:10.090+0000] {processor.py:183} INFO - Processing /opt/airflow/dags/boston_api_to_s3.py took 0.218 seconds
[2026-04-10T00:26:40.886+0000] {processor.py:161} INFO - Started process (PID=16508) to work on /opt/airflow/dags/boston_api_to_s3.py
[2026-04-10T00:26:40.888+0000] {processor.py:830} INFO - Processing file /opt/airflow/dags/boston_api_to_s3.py for tasks to queue
[2026-04-10T00:26:40.888+0000] {logging_mixin.py:188} INFO - [2026-04-10T00:26:40.888+0000] {dagbag.py:538} INFO - Filling up the DagBag from /opt/airflow/dags/boston_api_to_s3.py
[2026-04-10T00:26:41.056+0000] {processor.py:840} INFO - DAG(s) 'boston_api_to_s3_to_snowflake' retrieved from /opt/airflow/dags/boston_api_to_s3.py
[2026-04-10T00:26:41.066+0000] {logging_mixin.py:188} INFO - [2026-04-10T00:26:41.066+0000] {dag.py:3036} INFO - Sync 1 DAGs
[2026-04-10T00:26:41.075+0000] {logging_mixin.py:188} INFO - [2026-04-10T00:26:41.075+0000] {dag.py:3823} INFO - Setting next_dagrun for boston_api_to_s3_to_snowflake to 2026-04-05 00:00:00+00:00, run_after=2026-04-12 00:00:00+00:00
[2026-04-10T00:26:41.086+0000] {processor.py:183} INFO - Processing /opt/airflow/dags/boston_api_to_s3.py took 0.201 seconds
[2026-04-10T00:27:11.787+0000] {processor.py:161} INFO - Started process (PID=16592) to work on /opt/airflow/dags/boston_api_to_s3.py
[2026-04-10T00:27:11.788+0000] {processor.py:830} INFO - Processing file /opt/airflow/dags/boston_api_to_s3.py for tasks to queue
[2026-04-10T00:27:11.788+0000] {logging_mixin.py:188} INFO - [2026-04-10T00:27:11.788+0000] {dagbag.py:538} INFO - Filling up the DagBag from /opt/airflow/dags/boston_api_to_s3.py
[2026-04-10T00:27:11.956+0000] {processor.py:840} INFO - DAG(s) 'boston_api_to_s3_to_snowflake' retrieved from /opt/airflow/dags/boston_api_to_s3.py
[2026-04-10T00:27:11.966+0000] {logging_mixin.py:188} INFO - [2026-04-10T00:27:11.965+0000] {dag.py:3036} INFO - Sync 1 DAGs
[2026-04-10T00:27:11.973+0000] {logging_mixin.py:188} INFO - [2026-04-10T00:27:11.973+0000] {dag.py:3823} INFO - Setting next_dagrun for boston_api_to_s3_to_snowflake to 2026-04-05 00:00:00+00:00, run_after=2026-04-12 00:00:00+00:00
[2026-04-10T00:27:11.979+0000] {processor.py:183} INFO - Processing /opt/airflow/dags/boston_api_to_s3.py took 0.193 seconds
[2026-04-10T00:27:43.076+0000] {processor.py:161} INFO - Started process (PID=16672) to work on /opt/airflow/dags/boston_api_to_s3.py
[2026-04-10T00:27:43.077+0000] {processor.py:830} INFO - Processing file /opt/airflow/dags/boston_api_to_s3.py for tasks to queue
[2026-04-10T00:27:43.078+0000] {logging_mixin.py:188} INFO - [2026-04-10T00:27:43.078+0000] {dagbag.py:538} INFO - Filling up the DagBag from /opt/airflow/dags/boston_api_to_s3.py
[2026-04-10T00:27:43.330+0000] {processor.py:840} INFO - DAG(s) 'boston_api_to_s3_to_snowflake' retrieved from /opt/airflow/dags/boston_api_to_s3.py
[2026-04-10T00:27:43.342+0000] {logging_mixin.py:188} INFO - [2026-04-10T00:27:43.342+0000] {dag.py:3036} INFO - Sync 1 DAGs
[2026-04-10T00:27:43.350+0000] {logging_mixin.py:188} INFO - [2026-04-10T00:27:43.350+0000] {dag.py:3823} INFO - Setting next_dagrun for boston_api_to_s3_to_snowflake to 2026-04-05 00:00:00+00:00, run_after=2026-04-12 00:00:00+00:00
[2026-04-10T00:27:43.363+0000] {processor.py:183} INFO - Processing /opt/airflow/dags/boston_api_to_s3.py took 0.288 seconds
[2026-04-10T00:28:13.614+0000] {processor.py:161} INFO - Started process (PID=16752) to work on /opt/airflow/dags/boston_api_to_s3.py
[2026-04-10T00:28:13.615+0000] {processor.py:830} INFO - Processing file /opt/airflow/dags/boston_api_to_s3.py for tasks to queue
[2026-04-10T00:28:13.616+0000] {logging_mixin.py:188} INFO - [2026-04-10T00:28:13.616+0000] {dagbag.py:538} INFO - Filling up the DagBag from /opt/airflow/dags/boston_api_to_s3.py
[2026-04-10T00:28:13.873+0000] {processor.py:840} INFO - DAG(s) 'boston_api_to_s3_to_snowflake' retrieved from /opt/airflow/dags/boston_api_to_s3.py
[2026-04-10T00:28:13.884+0000] {logging_mixin.py:188} INFO - [2026-04-10T00:28:13.882+0000] {dag.py:3036} INFO - Sync 1 DAGs
[2026-04-10T00:28:13.893+0000] {logging_mixin.py:188} INFO - [2026-04-10T00:28:13.892+0000] {dag.py:3823} INFO - Setting next_dagrun for boston_api_to_s3_to_snowflake to 2026-04-05 00:00:00+00:00, run_after=2026-04-12 00:00:00+00:00
[2026-04-10T00:28:13.900+0000] {processor.py:183} INFO - Processing /opt/airflow/dags/boston_api_to_s3.py took 0.289 seconds
[2026-04-10T00:28:44.043+0000] {processor.py:161} INFO - Started process (PID=16832) to work on /opt/airflow/dags/boston_api_to_s3.py
[2026-04-10T00:28:44.044+0000] {processor.py:830} INFO - Processing file /opt/airflow/dags/boston_api_to_s3.py for tasks to queue
[2026-04-10T00:28:44.045+0000] {logging_mixin.py:188} INFO - [2026-04-10T00:28:44.045+0000] {dagbag.py:538} INFO - Filling up the DagBag from /opt/airflow/dags/boston_api_to_s3.py
[2026-04-10T00:28:44.280+0000] {processor.py:840} INFO - DAG(s) 'boston_api_to_s3_to_snowflake' retrieved from /opt/airflow/dags/boston_api_to_s3.py
[2026-04-10T00:28:44.287+0000] {logging_mixin.py:188} INFO - [2026-04-10T00:28:44.286+0000] {dag.py:3036} INFO - Sync 1 DAGs
[2026-04-10T00:28:44.294+0000] {logging_mixin.py:188} INFO - [2026-04-10T00:28:44.294+0000] {dag.py:3823} INFO - Setting next_dagrun for boston_api_to_s3_to_snowflake to 2026-04-05 00:00:00+00:00, run_after=2026-04-12 00:00:00+00:00
[2026-04-10T00:28:44.305+0000] {processor.py:183} INFO - Processing /opt/airflow/dags/boston_api_to_s3.py took 0.263 seconds
[2026-04-10T00:29:15.366+0000] {processor.py:161} INFO - Started process (PID=16912) to work on /opt/airflow/dags/boston_api_to_s3.py
[2026-04-10T00:29:15.368+0000] {processor.py:830} INFO - Processing file /opt/airflow/dags/boston_api_to_s3.py for tasks to queue
[2026-04-10T00:29:15.369+0000] {logging_mixin.py:188} INFO - [2026-04-10T00:29:15.369+0000] {dagbag.py:538} INFO - Filling up the DagBag from /opt/airflow/dags/boston_api_to_s3.py
[2026-04-10T00:29:15.617+0000] {processor.py:840} INFO - DAG(s) 'boston_api_to_s3_to_snowflake' retrieved from /opt/airflow/dags/boston_api_to_s3.py
[2026-04-10T00:29:15.627+0000] {logging_mixin.py:188} INFO - [2026-04-10T00:29:15.627+0000] {dag.py:3036} INFO - Sync 1 DAGs
[2026-04-10T00:29:15.637+0000] {logging_mixin.py:188} INFO - [2026-04-10T00:29:15.637+0000] {dag.py:3823} INFO - Setting next_dagrun for boston_api_to_s3_to_snowflake to 2026-04-05 00:00:00+00:00, run_after=2026-04-12 00:00:00+00:00
[2026-04-10T00:29:15.646+0000] {processor.py:183} INFO - Processing /opt/airflow/dags/boston_api_to_s3.py took 0.281 seconds
[2026-04-10T00:29:45.975+0000] {processor.py:161} INFO - Started process (PID=16992) to work on /opt/airflow/dags/boston_api_to_s3.py
[2026-04-10T00:29:45.976+0000] {processor.py:830} INFO - Processing file /opt/airflow/dags/boston_api_to_s3.py for tasks to queue
[2026-04-10T00:29:45.977+0000] {logging_mixin.py:188} INFO - [2026-04-10T00:29:45.977+0000] {dagbag.py:538} INFO - Filling up the DagBag from /opt/airflow/dags/boston_api_to_s3.py
[2026-04-10T00:29:46.210+0000] {processor.py:840} INFO - DAG(s) 'boston_api_to_s3_to_snowflake' retrieved from /opt/airflow/dags/boston_api_to_s3.py
[2026-04-10T00:29:46.217+0000] {logging_mixin.py:188} INFO - [2026-04-10T00:29:46.217+0000] {dag.py:3036} INFO - Sync 1 DAGs
[2026-04-10T00:29:46.226+0000] {logging_mixin.py:188} INFO - [2026-04-10T00:29:46.226+0000] {dag.py:3823} INFO - Setting next_dagrun for boston_api_to_s3_to_snowflake to 2026-04-05 00:00:00+00:00, run_after=2026-04-12 00:00:00+00:00
[2026-04-10T00:29:46.239+0000] {processor.py:183} INFO - Processing /opt/airflow/dags/boston_api_to_s3.py took 0.265 seconds
[2026-04-10T00:30:16.370+0000] {processor.py:161} INFO - Started process (PID=17072) to work on /opt/airflow/dags/boston_api_to_s3.py
[2026-04-10T00:30:16.371+0000] {processor.py:830} INFO - Processing file /opt/airflow/dags/boston_api_to_s3.py for tasks to queue
[2026-04-10T00:30:16.372+0000] {logging_mixin.py:188} INFO - [2026-04-10T00:30:16.372+0000] {dagbag.py:538} INFO - Filling up the DagBag from /opt/airflow/dags/boston_api_to_s3.py
[2026-04-10T00:30:16.644+0000] {processor.py:840} INFO - DAG(s) 'boston_api_to_s3_to_snowflake' retrieved from /opt/airflow/dags/boston_api_to_s3.py
[2026-04-10T00:30:16.655+0000] {logging_mixin.py:188} INFO - [2026-04-10T00:30:16.655+0000] {dag.py:3036} INFO - Sync 1 DAGs
[2026-04-10T00:30:16.664+0000] {logging_mixin.py:188} INFO - [2026-04-10T00:30:16.663+0000] {dag.py:3823} INFO - Setting next_dagrun for boston_api_to_s3_to_snowflake to 2026-04-05 00:00:00+00:00, run_after=2026-04-12 00:00:00+00:00
[2026-04-10T00:30:16.675+0000] {processor.py:183} INFO - Processing /opt/airflow/dags/boston_api_to_s3.py took 0.306 seconds
[2026-04-10T00:30:47.318+0000] {processor.py:161} INFO - Started process (PID=17152) to work on /opt/airflow/dags/boston_api_to_s3.py
[2026-04-10T00:30:47.320+0000] {processor.py:830} INFO - Processing file /opt/airflow/dags/boston_api_to_s3.py for tasks to queue
[2026-04-10T00:30:47.321+0000] {logging_mixin.py:188} INFO - [2026-04-10T00:30:47.321+0000] {dagbag.py:538} INFO - Filling up the DagBag from /opt/airflow/dags/boston_api_to_s3.py
[2026-04-10T00:30:47.606+0000] {processor.py:840} INFO - DAG(s) 'boston_api_to_s3_to_snowflake' retrieved from /opt/airflow/dags/boston_api_to_s3.py
[2026-04-10T00:30:47.616+0000] {logging_mixin.py:188} INFO - [2026-04-10T00:30:47.615+0000] {dag.py:3036} INFO - Sync 1 DAGs
[2026-04-10T00:30:47.624+0000] {logging_mixin.py:188} INFO - [2026-04-10T00:30:47.624+0000] {dag.py:3823} INFO - Setting next_dagrun for boston_api_to_s3_to_snowflake to 2026-04-05 00:00:00+00:00, run_after=2026-04-12 00:00:00+00:00
[2026-04-10T00:30:47.635+0000] {processor.py:183} INFO - Processing /opt/airflow/dags/boston_api_to_s3.py took 0.319 seconds
[2026-04-10T00:31:18.221+0000] {processor.py:161} INFO - Started process (PID=17232) to work on /opt/airflow/dags/boston_api_to_s3.py
[2026-04-10T00:31:18.222+0000] {processor.py:830} INFO - Processing file /opt/airflow/dags/boston_api_to_s3.py for tasks to queue
[2026-04-10T00:31:18.223+0000] {logging_mixin.py:188} INFO - [2026-04-10T00:31:18.223+0000] {dagbag.py:538} INFO - Filling up the DagBag from /opt/airflow/dags/boston_api_to_s3.py
[2026-04-10T00:31:18.487+0000] {processor.py:840} INFO - DAG(s) 'boston_api_to_s3_to_snowflake' retrieved from /opt/airflow/dags/boston_api_to_s3.py
[2026-04-10T00:31:18.495+0000] {logging_mixin.py:188} INFO - [2026-04-10T00:31:18.495+0000] {dag.py:3036} INFO - Sync 1 DAGs
[2026-04-10T00:31:18.508+0000] {logging_mixin.py:188} INFO - [2026-04-10T00:31:18.508+0000] {dag.py:3823} INFO - Setting next_dagrun for boston_api_to_s3_to_snowflake to 2026-04-05 00:00:00+00:00, run_after=2026-04-12 00:00:00+00:00
[2026-04-10T00:31:18.518+0000] {processor.py:183} INFO - Processing /opt/airflow/dags/boston_api_to_s3.py took 0.299 seconds
[2026-04-10T00:31:49.273+0000] {processor.py:161} INFO - Started process (PID=17312) to work on /opt/airflow/dags/boston_api_to_s3.py
[2026-04-10T00:31:49.279+0000] {processor.py:830} INFO - Processing file /opt/airflow/dags/boston_api_to_s3.py for tasks to queue
[2026-04-10T00:31:49.281+0000] {logging_mixin.py:188} INFO - [2026-04-10T00:31:49.281+0000] {dagbag.py:538} INFO - Filling up the DagBag from /opt/airflow/dags/boston_api_to_s3.py
[2026-04-10T00:31:49.556+0000] {processor.py:840} INFO - DAG(s) 'boston_api_to_s3_to_snowflake' retrieved from /opt/airflow/dags/boston_api_to_s3.py
[2026-04-10T00:31:49.567+0000] {logging_mixin.py:188} INFO - [2026-04-10T00:31:49.567+0000] {dag.py:3036} INFO - Sync 1 DAGs
[2026-04-10T00:31:49.577+0000] {logging_mixin.py:188} INFO - [2026-04-10T00:31:49.577+0000] {dag.py:3823} INFO - Setting next_dagrun for boston_api_to_s3_to_snowflake to 2026-04-05 00:00:00+00:00, run_after=2026-04-12 00:00:00+00:00
[2026-04-10T00:31:49.588+0000] {processor.py:183} INFO - Processing /opt/airflow/dags/boston_api_to_s3.py took 0.318 seconds
[2026-04-10T00:32:20.057+0000] {processor.py:161} INFO - Started process (PID=17392) to work on /opt/airflow/dags/boston_api_to_s3.py
[2026-04-10T00:32:20.058+0000] {processor.py:830} INFO - Processing file /opt/airflow/dags/boston_api_to_s3.py for tasks to queue
[2026-04-10T00:32:20.059+0000] {logging_mixin.py:188} INFO - [2026-04-10T00:32:20.059+0000] {dagbag.py:538} INFO - Filling up the DagBag from /opt/airflow/dags/boston_api_to_s3.py
[2026-04-10T00:32:20.248+0000] {processor.py:840} INFO - DAG(s) 'boston_api_to_s3_to_snowflake' retrieved from /opt/airflow/dags/boston_api_to_s3.py
[2026-04-10T00:32:20.258+0000] {logging_mixin.py:188} INFO - [2026-04-10T00:32:20.258+0000] {dag.py:3036} INFO - Sync 1 DAGs
[2026-04-10T00:32:20.270+0000] {logging_mixin.py:188} INFO - [2026-04-10T00:32:20.270+0000] {dag.py:3823} INFO - Setting next_dagrun for boston_api_to_s3_to_snowflake to 2026-04-05 00:00:00+00:00, run_after=2026-04-12 00:00:00+00:00
[2026-04-10T00:32:20.281+0000] {processor.py:183} INFO - Processing /opt/airflow/dags/boston_api_to_s3.py took 0.226 seconds
[2026-04-10T00:32:50.410+0000] {processor.py:161} INFO - Started process (PID=17472) to work on /opt/airflow/dags/boston_api_to_s3.py
[2026-04-10T00:32:50.410+0000] {processor.py:830} INFO - Processing file /opt/airflow/dags/boston_api_to_s3.py for tasks to queue
[2026-04-10T00:32:50.411+0000] {logging_mixin.py:188} INFO - [2026-04-10T00:32:50.411+0000] {dagbag.py:538} INFO - Filling up the DagBag from /opt/airflow/dags/boston_api_to_s3.py
[2026-04-10T00:32:50.584+0000] {processor.py:840} INFO - DAG(s) 'boston_api_to_s3_to_snowflake' retrieved from /opt/airflow/dags/boston_api_to_s3.py
[2026-04-10T00:32:50.593+0000] {logging_mixin.py:188} INFO - [2026-04-10T00:32:50.593+0000] {dag.py:3036} INFO - Sync 1 DAGs
[2026-04-10T00:32:50.603+0000] {logging_mixin.py:188} INFO - [2026-04-10T00:32:50.603+0000] {dag.py:3823} INFO - Setting next_dagrun for boston_api_to_s3_to_snowflake to 2026-04-05 00:00:00+00:00, run_after=2026-04-12 00:00:00+00:00
[2026-04-10T00:32:50.616+0000] {processor.py:183} INFO - Processing /opt/airflow/dags/boston_api_to_s3.py took 0.210 seconds
[2026-04-10T00:33:21.255+0000] {processor.py:161} INFO - Started process (PID=17551) to work on /opt/airflow/dags/boston_api_to_s3.py
[2026-04-10T00:33:21.256+0000] {processor.py:830} INFO - Processing file /opt/airflow/dags/boston_api_to_s3.py for tasks to queue
[2026-04-10T00:33:21.257+0000] {logging_mixin.py:188} INFO - [2026-04-10T00:33:21.257+0000] {dagbag.py:538} INFO - Filling up the DagBag from /opt/airflow/dags/boston_api_to_s3.py
[2026-04-10T00:33:21.423+0000] {processor.py:840} INFO - DAG(s) 'boston_api_to_s3_to_snowflake' retrieved from /opt/airflow/dags/boston_api_to_s3.py
[2026-04-10T00:33:21.434+0000] {logging_mixin.py:188} INFO - [2026-04-10T00:33:21.434+0000] {dag.py:3036} INFO - Sync 1 DAGs
[2026-04-10T00:33:21.444+0000] {logging_mixin.py:188} INFO - [2026-04-10T00:33:21.444+0000] {dag.py:3823} INFO - Setting next_dagrun for boston_api_to_s3_to_snowflake to 2026-04-05 00:00:00+00:00, run_after=2026-04-12 00:00:00+00:00
[2026-04-10T00:33:21.453+0000] {processor.py:183} INFO - Processing /opt/airflow/dags/boston_api_to_s3.py took 0.199 seconds
[2026-04-10T00:33:52.449+0000] {processor.py:161} INFO - Started process (PID=17632) to work on /opt/airflow/dags/boston_api_to_s3.py
[2026-04-10T00:33:52.450+0000] {processor.py:830} INFO - Processing file /opt/airflow/dags/boston_api_to_s3.py for tasks to queue
[2026-04-10T00:33:52.451+0000] {logging_mixin.py:188} INFO - [2026-04-10T00:33:52.451+0000] {dagbag.py:538} INFO - Filling up the DagBag from /opt/airflow/dags/boston_api_to_s3.py
[2026-04-10T00:33:52.622+0000] {processor.py:840} INFO - DAG(s) 'boston_api_to_s3_to_snowflake' retrieved from /opt/airflow/dags/boston_api_to_s3.py
[2026-04-10T00:33:52.633+0000] {logging_mixin.py:188} INFO - [2026-04-10T00:33:52.633+0000] {dag.py:3036} INFO - Sync 1 DAGs
[2026-04-10T00:33:52.644+0000] {logging_mixin.py:188} INFO - [2026-04-10T00:33:52.644+0000] {dag.py:3823} INFO - Setting next_dagrun for boston_api_to_s3_to_snowflake to 2026-04-05 00:00:00+00:00, run_after=2026-04-12 00:00:00+00:00
[2026-04-10T00:33:52.653+0000] {processor.py:183} INFO - Processing /opt/airflow/dags/boston_api_to_s3.py took 0.206 seconds
[2026-04-10T00:34:23.264+0000] {processor.py:161} INFO - Started process (PID=17711) to work on /opt/airflow/dags/boston_api_to_s3.py
[2026-04-10T00:34:23.266+0000] {processor.py:830} INFO - Processing file /opt/airflow/dags/boston_api_to_s3.py for tasks to queue
[2026-04-10T00:34:23.270+0000] {logging_mixin.py:188} INFO - [2026-04-10T00:34:23.270+0000] {dagbag.py:538} INFO - Filling up the DagBag from /opt/airflow/dags/boston_api_to_s3.py
[2026-04-10T00:34:23.429+0000] {processor.py:840} INFO - DAG(s) 'boston_api_to_s3_to_snowflake' retrieved from /opt/airflow/dags/boston_api_to_s3.py
[2026-04-10T00:34:23.438+0000] {logging_mixin.py:188} INFO - [2026-04-10T00:34:23.438+0000] {dag.py:3036} INFO - Sync 1 DAGs
[2026-04-10T00:34:23.449+0000] {logging_mixin.py:188} INFO - [2026-04-10T00:34:23.449+0000] {dag.py:3823} INFO - Setting next_dagrun for boston_api_to_s3_to_snowflake to 2026-04-05 00:00:00+00:00, run_after=2026-04-12 00:00:00+00:00
[2026-04-10T00:34:23.457+0000] {processor.py:183} INFO - Processing /opt/airflow/dags/boston_api_to_s3.py took 0.195 seconds
[2026-04-10T00:34:53.879+0000] {processor.py:161} INFO - Started process (PID=17792) to work on /opt/airflow/dags/boston_api_to_s3.py
[2026-04-10T00:34:53.880+0000] {processor.py:830} INFO - Processing file /opt/airflow/dags/boston_api_to_s3.py for tasks to queue
[2026-04-10T00:34:53.881+0000] {logging_mixin.py:188} INFO - [2026-04-10T00:34:53.881+0000] {dagbag.py:538} INFO - Filling up the DagBag from /opt/airflow/dags/boston_api_to_s3.py
[2026-04-10T00:34:54.050+0000] {processor.py:840} INFO - DAG(s) 'boston_api_to_s3_to_snowflake' retrieved from /opt/airflow/dags/boston_api_to_s3.py
[2026-04-10T00:34:54.059+0000] {logging_mixin.py:188} INFO - [2026-04-10T00:34:54.059+0000] {dag.py:3036} INFO - Sync 1 DAGs
[2026-04-10T00:34:54.067+0000] {logging_mixin.py:188} INFO - [2026-04-10T00:34:54.067+0000] {dag.py:3823} INFO - Setting next_dagrun for boston_api_to_s3_to_snowflake to 2026-04-05 00:00:00+00:00, run_after=2026-04-12 00:00:00+00:00
[2026-04-10T00:34:54.079+0000] {processor.py:183} INFO - Processing /opt/airflow/dags/boston_api_to_s3.py took 0.202 seconds
[2026-04-10T00:35:24.969+0000] {processor.py:161} INFO - Started process (PID=17872) to work on /opt/airflow/dags/boston_api_to_s3.py
[2026-04-10T00:35:24.970+0000] {processor.py:830} INFO - Processing file /opt/airflow/dags/boston_api_to_s3.py for tasks to queue
[2026-04-10T00:35:24.971+0000] {logging_mixin.py:188} INFO - [2026-04-10T00:35:24.971+0000] {dagbag.py:538} INFO - Filling up the DagBag from /opt/airflow/dags/boston_api_to_s3.py
[2026-04-10T00:35:25.151+0000] {processor.py:840} INFO - DAG(s) 'boston_api_to_s3_to_snowflake' retrieved from /opt/airflow/dags/boston_api_to_s3.py
[2026-04-10T00:35:25.162+0000] {logging_mixin.py:188} INFO - [2026-04-10T00:35:25.162+0000] {dag.py:3036} INFO - Sync 1 DAGs
[2026-04-10T00:35:25.251+0000] {logging_mixin.py:188} INFO - [2026-04-10T00:35:25.250+0000] {dag.py:3823} INFO - Setting next_dagrun for boston_api_to_s3_to_snowflake to 2026-04-05 00:00:00+00:00, run_after=2026-04-12 00:00:00+00:00
[2026-04-10T00:35:25.257+0000] {processor.py:183} INFO - Processing /opt/airflow/dags/boston_api_to_s3.py took 0.289 seconds
[2026-04-10T00:35:56.236+0000] {processor.py:161} INFO - Started process (PID=17951) to work on /opt/airflow/dags/boston_api_to_s3.py
[2026-04-10T00:35:56.236+0000] {processor.py:830} INFO - Processing file /opt/airflow/dags/boston_api_to_s3.py for tasks to queue
[2026-04-10T00:35:56.237+0000] {logging_mixin.py:188} INFO - [2026-04-10T00:35:56.237+0000] {dagbag.py:538} INFO - Filling up the DagBag from /opt/airflow/dags/boston_api_to_s3.py
[2026-04-10T00:35:56.482+0000] {processor.py:840} INFO - DAG(s) 'boston_api_to_s3_to_snowflake' retrieved from /opt/airflow/dags/boston_api_to_s3.py
[2026-04-10T00:35:56.492+0000] {logging_mixin.py:188} INFO - [2026-04-10T00:35:56.492+0000] {dag.py:3036} INFO - Sync 1 DAGs
[2026-04-10T00:35:56.500+0000] {logging_mixin.py:188} INFO - [2026-04-10T00:35:56.500+0000] {dag.py:3823} INFO - Setting next_dagrun for boston_api_to_s3_to_snowflake to 2026-04-05 00:00:00+00:00, run_after=2026-04-12 00:00:00+00:00
[2026-04-10T00:35:56.506+0000] {processor.py:183} INFO - Processing /opt/airflow/dags/boston_api_to_s3.py took 0.273 seconds
[2026-04-10T00:36:26.764+0000] {processor.py:161} INFO - Started process (PID=18031) to work on /opt/airflow/dags/boston_api_to_s3.py
[2026-04-10T00:36:26.764+0000] {processor.py:830} INFO - Processing file /opt/airflow/dags/boston_api_to_s3.py for tasks to queue
[2026-04-10T00:36:26.765+0000] {logging_mixin.py:188} INFO - [2026-04-10T00:36:26.765+0000] {dagbag.py:538} INFO - Filling up the DagBag from /opt/airflow/dags/boston_api_to_s3.py
[2026-04-10T00:36:26.994+0000] {processor.py:840} INFO - DAG(s) 'boston_api_to_s3_to_snowflake' retrieved from /opt/airflow/dags/boston_api_to_s3.py
[2026-04-10T00:36:27.005+0000] {logging_mixin.py:188} INFO - [2026-04-10T00:36:27.005+0000] {dag.py:3036} INFO - Sync 1 DAGs
[2026-04-10T00:36:27.016+0000] {logging_mixin.py:188} INFO - [2026-04-10T00:36:27.016+0000] {dag.py:3823} INFO - Setting next_dagrun for boston_api_to_s3_to_snowflake to 2026-04-05 00:00:00+00:00, run_after=2026-04-12 00:00:00+00:00
[2026-04-10T00:36:27.022+0000] {processor.py:183} INFO - Processing /opt/airflow/dags/boston_api_to_s3.py took 0.260 seconds
[2026-04-10T00:36:57.673+0000] {processor.py:161} INFO - Started process (PID=18112) to work on /opt/airflow/dags/boston_api_to_s3.py
[2026-04-10T00:36:57.674+0000] {processor.py:830} INFO - Processing file /opt/airflow/dags/boston_api_to_s3.py for tasks to queue
[2026-04-10T00:36:57.674+0000] {logging_mixin.py:188} INFO - [2026-04-10T00:36:57.674+0000] {dagbag.py:538} INFO - Filling up the DagBag from /opt/airflow/dags/boston_api_to_s3.py
[2026-04-10T00:36:57.939+0000] {processor.py:840} INFO - DAG(s) 'boston_api_to_s3_to_snowflake' retrieved from /opt/airflow/dags/boston_api_to_s3.py
[2026-04-10T00:36:57.952+0000] {logging_mixin.py:188} INFO - [2026-04-10T00:36:57.952+0000] {dag.py:3036} INFO - Sync 1 DAGs
[2026-04-10T00:36:57.961+0000] {logging_mixin.py:188} INFO - [2026-04-10T00:36:57.961+0000] {dag.py:3823} INFO - Setting next_dagrun for boston_api_to_s3_to_snowflake to 2026-04-05 00:00:00+00:00, run_after=2026-04-12 00:00:00+00:00
[2026-04-10T00:36:57.968+0000] {processor.py:183} INFO - Processing /opt/airflow/dags/boston_api_to_s3.py took 0.302 seconds
[2026-04-10T00:37:28.122+0000] {processor.py:161} INFO - Started process (PID=18191) to work on /opt/airflow/dags/boston_api_to_s3.py
[2026-04-10T00:37:28.123+0000] {processor.py:830} INFO - Processing file /opt/airflow/dags/boston_api_to_s3.py for tasks to queue
[2026-04-10T00:37:28.124+0000] {logging_mixin.py:188} INFO - [2026-04-10T00:37:28.124+0000] {dagbag.py:538} INFO - Filling up the DagBag from /opt/airflow/dags/boston_api_to_s3.py
[2026-04-10T00:37:28.378+0000] {processor.py:840} INFO - DAG(s) 'boston_api_to_s3_to_snowflake' retrieved from /opt/airflow/dags/boston_api_to_s3.py
[2026-04-10T00:37:28.385+0000] {logging_mixin.py:188} INFO - [2026-04-10T00:37:28.385+0000] {dag.py:3036} INFO - Sync 1 DAGs
[2026-04-10T00:37:28.394+0000] {logging_mixin.py:188} INFO - [2026-04-10T00:37:28.394+0000] {dag.py:3823} INFO - Setting next_dagrun for boston_api_to_s3_to_snowflake to 2026-04-05 00:00:00+00:00, run_after=2026-04-12 00:00:00+00:00
[2026-04-10T00:37:28.401+0000] {processor.py:183} INFO - Processing /opt/airflow/dags/boston_api_to_s3.py took 0.281 seconds
[2026-04-10T00:37:58.873+0000] {processor.py:161} INFO - Started process (PID=18272) to work on /opt/airflow/dags/boston_api_to_s3.py
[2026-04-10T00:37:58.873+0000] {processor.py:830} INFO - Processing file /opt/airflow/dags/boston_api_to_s3.py for tasks to queue
[2026-04-10T00:37:58.874+0000] {logging_mixin.py:188} INFO - [2026-04-10T00:37:58.874+0000] {dagbag.py:538} INFO - Filling up the DagBag from /opt/airflow/dags/boston_api_to_s3.py
[2026-04-10T00:37:59.099+0000] {processor.py:840} INFO - DAG(s) 'boston_api_to_s3_to_snowflake' retrieved from /opt/airflow/dags/boston_api_to_s3.py
[2026-04-10T00:37:59.106+0000] {logging_mixin.py:188} INFO - [2026-04-10T00:37:59.105+0000] {dag.py:3036} INFO - Sync 1 DAGs
[2026-04-10T00:37:59.112+0000] {logging_mixin.py:188} INFO - [2026-04-10T00:37:59.112+0000] {dag.py:3823} INFO - Setting next_dagrun for boston_api_to_s3_to_snowflake to 2026-04-05 00:00:00+00:00, run_after=2026-04-12 00:00:00+00:00
[2026-04-10T00:37:59.118+0000] {processor.py:183} INFO - Processing /opt/airflow/dags/boston_api_to_s3.py took 0.246 seconds
[2026-04-10T00:38:29.869+0000] {processor.py:161} INFO - Started process (PID=18352) to work on /opt/airflow/dags/boston_api_to_s3.py
[2026-04-10T00:38:29.870+0000] {processor.py:830} INFO - Processing file /opt/airflow/dags/boston_api_to_s3.py for tasks to queue
[2026-04-10T00:38:29.870+0000] {logging_mixin.py:188} INFO - [2026-04-10T00:38:29.870+0000] {dagbag.py:538} INFO - Filling up the DagBag from /opt/airflow/dags/boston_api_to_s3.py
[2026-04-10T00:38:30.093+0000] {processor.py:840} INFO - DAG(s) 'boston_api_to_s3_to_snowflake' retrieved from /opt/airflow/dags/boston_api_to_s3.py
[2026-04-10T00:38:30.099+0000] {logging_mixin.py:188} INFO - [2026-04-10T00:38:30.099+0000] {dag.py:3036} INFO - Sync 1 DAGs
[2026-04-10T00:38:30.106+0000] {logging_mixin.py:188} INFO - [2026-04-10T00:38:30.106+0000] {dag.py:3823} INFO - Setting next_dagrun for boston_api_to_s3_to_snowflake to 2026-04-05 00:00:00+00:00, run_after=2026-04-12 00:00:00+00:00
[2026-04-10T00:38:30.111+0000] {processor.py:183} INFO - Processing /opt/airflow/dags/boston_api_to_s3.py took 0.243 seconds
[2026-04-10T00:39:00.650+0000] {processor.py:161} INFO - Started process (PID=18431) to work on /opt/airflow/dags/boston_api_to_s3.py
[2026-04-10T00:39:00.651+0000] {processor.py:830} INFO - Processing file /opt/airflow/dags/boston_api_to_s3.py for tasks to queue
[2026-04-10T00:39:00.653+0000] {logging_mixin.py:188} INFO - [2026-04-10T00:39:00.653+0000] {dagbag.py:538} INFO - Filling up the DagBag from /opt/airflow/dags/boston_api_to_s3.py
[2026-04-10T00:39:00.892+0000] {processor.py:840} INFO - DAG(s) 'boston_api_to_s3_to_snowflake' retrieved from /opt/airflow/dags/boston_api_to_s3.py
[2026-04-10T00:39:00.899+0000] {logging_mixin.py:188} INFO - [2026-04-10T00:39:00.899+0000] {dag.py:3036} INFO - Sync 1 DAGs
[2026-04-10T00:39:00.908+0000] {logging_mixin.py:188} INFO - [2026-04-10T00:39:00.908+0000] {dag.py:3823} INFO - Setting next_dagrun for boston_api_to_s3_to_snowflake to 2026-04-05 00:00:00+00:00, run_after=2026-04-12 00:00:00+00:00
[2026-04-10T00:39:00.923+0000] {processor.py:183} INFO - Processing /opt/airflow/dags/boston_api_to_s3.py took 0.274 seconds
[2026-04-10T00:39:31.305+0000] {processor.py:161} INFO - Started process (PID=18512) to work on /opt/airflow/dags/boston_api_to_s3.py
[2026-04-10T00:39:31.306+0000] {processor.py:830} INFO - Processing file /opt/airflow/dags/boston_api_to_s3.py for tasks to queue
[2026-04-10T00:39:31.306+0000] {logging_mixin.py:188} INFO - [2026-04-10T00:39:31.306+0000] {dagbag.py:538} INFO - Filling up the DagBag from /opt/airflow/dags/boston_api_to_s3.py
[2026-04-10T00:39:31.520+0000] {processor.py:840} INFO - DAG(s) 'boston_api_to_s3_to_snowflake' retrieved from /opt/airflow/dags/boston_api_to_s3.py
[2026-04-10T00:39:31.526+0000] {logging_mixin.py:188} INFO - [2026-04-10T00:39:31.526+0000] {dag.py:3036} INFO - Sync 1 DAGs
[2026-04-10T00:39:31.533+0000] {logging_mixin.py:188} INFO - [2026-04-10T00:39:31.533+0000] {dag.py:3823} INFO - Setting next_dagrun for boston_api_to_s3_to_snowflake to 2026-04-05 00:00:00+00:00, run_after=2026-04-12 00:00:00+00:00
[2026-04-10T00:39:31.538+0000] {processor.py:183} INFO - Processing /opt/airflow/dags/boston_api_to_s3.py took 0.234 seconds
[2026-04-10T00:40:01.891+0000] {processor.py:161} INFO - Started process (PID=18592) to work on /opt/airflow/dags/boston_api_to_s3.py
[2026-04-10T00:40:01.891+0000] {processor.py:830} INFO - Processing file /opt/airflow/dags/boston_api_to_s3.py for tasks to queue
[2026-04-10T00:40:01.892+0000] {logging_mixin.py:188} INFO - [2026-04-10T00:40:01.892+0000] {dagbag.py:538} INFO - Filling up the DagBag from /opt/airflow/dags/boston_api_to_s3.py
[2026-04-10T00:40:02.063+0000] {processor.py:840} INFO - DAG(s) 'boston_api_to_s3_to_snowflake' retrieved from /opt/airflow/dags/boston_api_to_s3.py
[2026-04-10T00:40:02.072+0000] {logging_mixin.py:188} INFO - [2026-04-10T00:40:02.072+0000] {dag.py:3036} INFO - Sync 1 DAGs
[2026-04-10T00:40:02.081+0000] {logging_mixin.py:188} INFO - [2026-04-10T00:40:02.081+0000] {dag.py:3823} INFO - Setting next_dagrun for boston_api_to_s3_to_snowflake to 2026-04-05 00:00:00+00:00, run_after=2026-04-12 00:00:00+00:00
[2026-04-10T00:40:02.087+0000] {processor.py:183} INFO - Processing /opt/airflow/dags/boston_api_to_s3.py took 0.198 seconds
[2026-04-10T00:40:32.128+0000] {processor.py:161} INFO - Started process (PID=18672) to work on /opt/airflow/dags/boston_api_to_s3.py
[2026-04-10T00:40:32.128+0000] {processor.py:830} INFO - Processing file /opt/airflow/dags/boston_api_to_s3.py for tasks to queue
[2026-04-10T00:40:32.129+0000] {logging_mixin.py:188} INFO - [2026-04-10T00:40:32.129+0000] {dagbag.py:538} INFO - Filling up the DagBag from /opt/airflow/dags/boston_api_to_s3.py
[2026-04-10T00:40:32.298+0000] {processor.py:840} INFO - DAG(s) 'boston_api_to_s3_to_snowflake' retrieved from /opt/airflow/dags/boston_api_to_s3.py
[2026-04-10T00:40:32.306+0000] {logging_mixin.py:188} INFO - [2026-04-10T00:40:32.305+0000] {dag.py:3036} INFO - Sync 1 DAGs
[2026-04-10T00:40:32.315+0000] {logging_mixin.py:188} INFO - [2026-04-10T00:40:32.315+0000] {dag.py:3823} INFO - Setting next_dagrun for boston_api_to_s3_to_snowflake to 2026-04-05 00:00:00+00:00, run_after=2026-04-12 00:00:00+00:00
[2026-04-10T00:40:32.324+0000] {processor.py:183} INFO - Processing /opt/airflow/dags/boston_api_to_s3.py took 0.198 seconds
[2026-04-10T00:41:02.682+0000] {processor.py:161} INFO - Started process (PID=18752) to work on /opt/airflow/dags/boston_api_to_s3.py
[2026-04-10T00:41:02.683+0000] {processor.py:830} INFO - Processing file /opt/airflow/dags/boston_api_to_s3.py for tasks to queue
[2026-04-10T00:41:02.684+0000] {logging_mixin.py:188} INFO - [2026-04-10T00:41:02.684+0000] {dagbag.py:538} INFO - Filling up the DagBag from /opt/airflow/dags/boston_api_to_s3.py
[2026-04-10T00:41:02.861+0000] {processor.py:840} INFO - DAG(s) 'boston_api_to_s3_to_snowflake' retrieved from /opt/airflow/dags/boston_api_to_s3.py
[2026-04-10T00:41:02.871+0000] {logging_mixin.py:188} INFO - [2026-04-10T00:41:02.871+0000] {dag.py:3036} INFO - Sync 1 DAGs
[2026-04-10T00:41:02.882+0000] {logging_mixin.py:188} INFO - [2026-04-10T00:41:02.882+0000] {dag.py:3823} INFO - Setting next_dagrun for boston_api_to_s3_to_snowflake to 2026-04-05 00:00:00+00:00, run_after=2026-04-12 00:00:00+00:00
[2026-04-10T00:41:02.893+0000] {processor.py:183} INFO - Processing /opt/airflow/dags/boston_api_to_s3.py took 0.213 seconds
[2026-04-10T00:41:33.068+0000] {processor.py:161} INFO - Started process (PID=18832) to work on /opt/airflow/dags/boston_api_to_s3.py
[2026-04-10T00:41:33.069+0000] {processor.py:830} INFO - Processing file /opt/airflow/dags/boston_api_to_s3.py for tasks to queue
[2026-04-10T00:41:33.071+0000] {logging_mixin.py:188} INFO - [2026-04-10T00:41:33.071+0000] {dagbag.py:538} INFO - Filling up the DagBag from /opt/airflow/dags/boston_api_to_s3.py
[2026-04-10T00:41:33.253+0000] {processor.py:840} INFO - DAG(s) 'boston_api_to_s3_to_snowflake' retrieved from /opt/airflow/dags/boston_api_to_s3.py
[2026-04-10T00:41:33.271+0000] {logging_mixin.py:188} INFO - [2026-04-10T00:41:33.270+0000] {dag.py:3036} INFO - Sync 1 DAGs
[2026-04-10T00:41:33.286+0000] {logging_mixin.py:188} INFO - [2026-04-10T00:41:33.286+0000] {dag.py:3823} INFO - Setting next_dagrun for boston_api_to_s3_to_snowflake to 2026-04-05 00:00:00+00:00, run_after=2026-04-12 00:00:00+00:00
[2026-04-10T00:41:33.296+0000] {processor.py:183} INFO - Processing /opt/airflow/dags/boston_api_to_s3.py took 0.230 seconds
[2026-04-10T00:42:03.446+0000] {processor.py:161} INFO - Started process (PID=18912) to work on /opt/airflow/dags/boston_api_to_s3.py
[2026-04-10T00:42:03.446+0000] {processor.py:830} INFO - Processing file /opt/airflow/dags/boston_api_to_s3.py for tasks to queue
[2026-04-10T00:42:03.448+0000] {logging_mixin.py:188} INFO - [2026-04-10T00:42:03.447+0000] {dagbag.py:538} INFO - Filling up the DagBag from /opt/airflow/dags/boston_api_to_s3.py
[2026-04-10T00:42:03.620+0000] {processor.py:840} INFO - DAG(s) 'boston_api_to_s3_to_snowflake' retrieved from /opt/airflow/dags/boston_api_to_s3.py
[2026-04-10T00:42:03.632+0000] {logging_mixin.py:188} INFO - [2026-04-10T00:42:03.632+0000] {dag.py:3036} INFO - Sync 1 DAGs
[2026-04-10T00:42:03.645+0000] {logging_mixin.py:188} INFO - [2026-04-10T00:42:03.645+0000] {dag.py:3823} INFO - Setting next_dagrun for boston_api_to_s3_to_snowflake to 2026-04-05 00:00:00+00:00, run_after=2026-04-12 00:00:00+00:00
[2026-04-10T00:42:03.656+0000] {processor.py:183} INFO - Processing /opt/airflow/dags/boston_api_to_s3.py took 0.212 seconds
[2026-04-10T00:42:33.869+0000] {processor.py:161} INFO - Started process (PID=18992) to work on /opt/airflow/dags/boston_api_to_s3.py
[2026-04-10T00:42:33.870+0000] {processor.py:830} INFO - Processing file /opt/airflow/dags/boston_api_to_s3.py for tasks to queue
[2026-04-10T00:42:33.871+0000] {logging_mixin.py:188} INFO - [2026-04-10T00:42:33.871+0000] {dagbag.py:538} INFO - Filling up the DagBag from /opt/airflow/dags/boston_api_to_s3.py
[2026-04-10T00:42:34.045+0000] {processor.py:840} INFO - DAG(s) 'boston_api_to_s3_to_snowflake' retrieved from /opt/airflow/dags/boston_api_to_s3.py
[2026-04-10T00:42:34.062+0000] {logging_mixin.py:188} INFO - [2026-04-10T00:42:34.062+0000] {dag.py:3036} INFO - Sync 1 DAGs
[2026-04-10T00:42:34.077+0000] {logging_mixin.py:188} INFO - [2026-04-10T00:42:34.077+0000] {dag.py:3823} INFO - Setting next_dagrun for boston_api_to_s3_to_snowflake to 2026-04-05 00:00:00+00:00, run_after=2026-04-12 00:00:00+00:00
[2026-04-10T00:42:34.087+0000] {processor.py:183} INFO - Processing /opt/airflow/dags/boston_api_to_s3.py took 0.220 seconds
[2026-04-10T00:43:04.186+0000] {processor.py:161} INFO - Started process (PID=19072) to work on /opt/airflow/dags/boston_api_to_s3.py
[2026-04-10T00:43:04.187+0000] {processor.py:830} INFO - Processing file /opt/airflow/dags/boston_api_to_s3.py for tasks to queue
[2026-04-10T00:43:04.188+0000] {logging_mixin.py:188} INFO - [2026-04-10T00:43:04.188+0000] {dagbag.py:538} INFO - Filling up the DagBag from /opt/airflow/dags/boston_api_to_s3.py
[2026-04-10T00:43:04.356+0000] {processor.py:840} INFO - DAG(s) 'boston_api_to_s3_to_snowflake' retrieved from /opt/airflow/dags/boston_api_to_s3.py
[2026-04-10T00:43:04.370+0000] {logging_mixin.py:188} INFO - [2026-04-10T00:43:04.369+0000] {dag.py:3036} INFO - Sync 1 DAGs
[2026-04-10T00:43:04.474+0000] {logging_mixin.py:188} INFO - [2026-04-10T00:43:04.474+0000] {dag.py:3823} INFO - Setting next_dagrun for boston_api_to_s3_to_snowflake to 2026-04-05 00:00:00+00:00, run_after=2026-04-12 00:00:00+00:00
[2026-04-10T00:43:04.485+0000] {processor.py:183} INFO - Processing /opt/airflow/dags/boston_api_to_s3.py took 0.301 seconds
[2026-04-10T00:43:34.959+0000] {processor.py:161} INFO - Started process (PID=19152) to work on /opt/airflow/dags/boston_api_to_s3.py
[2026-04-10T00:43:34.960+0000] {processor.py:830} INFO - Processing file /opt/airflow/dags/boston_api_to_s3.py for tasks to queue
[2026-04-10T00:43:34.961+0000] {logging_mixin.py:188} INFO - [2026-04-10T00:43:34.961+0000] {dagbag.py:538} INFO - Filling up the DagBag from /opt/airflow/dags/boston_api_to_s3.py
[2026-04-10T00:43:35.229+0000] {processor.py:840} INFO - DAG(s) 'boston_api_to_s3_to_snowflake' retrieved from /opt/airflow/dags/boston_api_to_s3.py
[2026-04-10T00:43:35.240+0000] {logging_mixin.py:188} INFO - [2026-04-10T00:43:35.240+0000] {dag.py:3036} INFO - Sync 1 DAGs
[2026-04-10T00:43:35.247+0000] {logging_mixin.py:188} INFO - [2026-04-10T00:43:35.247+0000] {dag.py:3823} INFO - Setting next_dagrun for boston_api_to_s3_to_snowflake to 2026-04-05 00:00:00+00:00, run_after=2026-04-12 00:00:00+00:00
[2026-04-10T00:43:35.253+0000] {processor.py:183} INFO - Processing /opt/airflow/dags/boston_api_to_s3.py took 0.296 seconds
