[2026-04-10T00:00:10.747+0000] {processor.py:161} INFO - Started process (PID=12508) to work on /opt/airflow/dags/cambridge_api_to_s3_to_snowflake.py
[2026-04-10T00:00:10.748+0000] {processor.py:830} INFO - Processing file /opt/airflow/dags/cambridge_api_to_s3_to_snowflake.py for tasks to queue
[2026-04-10T00:00:10.748+0000] {logging_mixin.py:188} INFO - [2026-04-10T00:00:10.748+0000] {dagbag.py:538} INFO - Filling up the DagBag from /opt/airflow/dags/cambridge_api_to_s3_to_snowflake.py
[2026-04-10T00:00:10.966+0000] {processor.py:840} INFO - DAG(s) 'cambridge_crime_to_s3_to_snowflake' retrieved from /opt/airflow/dags/cambridge_api_to_s3_to_snowflake.py
[2026-04-10T00:00:10.971+0000] {logging_mixin.py:188} INFO - [2026-04-10T00:00:10.971+0000] {dag.py:3036} INFO - Sync 1 DAGs
[2026-04-10T00:00:10.978+0000] {logging_mixin.py:188} INFO - [2026-04-10T00:00:10.978+0000] {dag.py:3823} INFO - Setting next_dagrun for cambridge_crime_to_s3_to_snowflake to 2026-04-05 00:00:00+00:00, run_after=2026-04-12 00:00:00+00:00
[2026-04-10T00:00:10.983+0000] {processor.py:183} INFO - Processing /opt/airflow/dags/cambridge_api_to_s3_to_snowflake.py took 0.237 seconds
[2026-04-10T00:00:41.455+0000] {processor.py:161} INFO - Started process (PID=12588) to work on /opt/airflow/dags/cambridge_api_to_s3_to_snowflake.py
[2026-04-10T00:00:41.455+0000] {processor.py:830} INFO - Processing file /opt/airflow/dags/cambridge_api_to_s3_to_snowflake.py for tasks to queue
[2026-04-10T00:00:41.456+0000] {logging_mixin.py:188} INFO - [2026-04-10T00:00:41.456+0000] {dagbag.py:538} INFO - Filling up the DagBag from /opt/airflow/dags/cambridge_api_to_s3_to_snowflake.py
[2026-04-10T00:00:41.684+0000] {processor.py:840} INFO - DAG(s) 'cambridge_crime_to_s3_to_snowflake' retrieved from /opt/airflow/dags/cambridge_api_to_s3_to_snowflake.py
[2026-04-10T00:00:41.689+0000] {logging_mixin.py:188} INFO - [2026-04-10T00:00:41.689+0000] {dag.py:3036} INFO - Sync 1 DAGs
[2026-04-10T00:00:41.696+0000] {logging_mixin.py:188} INFO - [2026-04-10T00:00:41.696+0000] {dag.py:3823} INFO - Setting next_dagrun for cambridge_crime_to_s3_to_snowflake to 2026-04-05 00:00:00+00:00, run_after=2026-04-12 00:00:00+00:00
[2026-04-10T00:00:41.701+0000] {processor.py:183} INFO - Processing /opt/airflow/dags/cambridge_api_to_s3_to_snowflake.py took 0.248 seconds
[2026-04-10T00:01:12.001+0000] {processor.py:161} INFO - Started process (PID=12668) to work on /opt/airflow/dags/cambridge_api_to_s3_to_snowflake.py
[2026-04-10T00:01:12.002+0000] {processor.py:830} INFO - Processing file /opt/airflow/dags/cambridge_api_to_s3_to_snowflake.py for tasks to queue
[2026-04-10T00:01:12.002+0000] {logging_mixin.py:188} INFO - [2026-04-10T00:01:12.002+0000] {dagbag.py:538} INFO - Filling up the DagBag from /opt/airflow/dags/cambridge_api_to_s3_to_snowflake.py
[2026-04-10T00:01:12.212+0000] {processor.py:840} INFO - DAG(s) 'cambridge_crime_to_s3_to_snowflake' retrieved from /opt/airflow/dags/cambridge_api_to_s3_to_snowflake.py
[2026-04-10T00:01:12.217+0000] {logging_mixin.py:188} INFO - [2026-04-10T00:01:12.217+0000] {dag.py:3036} INFO - Sync 1 DAGs
[2026-04-10T00:01:12.224+0000] {logging_mixin.py:188} INFO - [2026-04-10T00:01:12.224+0000] {dag.py:3823} INFO - Setting next_dagrun for cambridge_crime_to_s3_to_snowflake to 2026-04-05 00:00:00+00:00, run_after=2026-04-12 00:00:00+00:00
[2026-04-10T00:01:12.229+0000] {processor.py:183} INFO - Processing /opt/airflow/dags/cambridge_api_to_s3_to_snowflake.py took 0.229 seconds
[2026-04-10T00:01:42.472+0000] {processor.py:161} INFO - Started process (PID=12748) to work on /opt/airflow/dags/cambridge_api_to_s3_to_snowflake.py
[2026-04-10T00:01:42.473+0000] {processor.py:830} INFO - Processing file /opt/airflow/dags/cambridge_api_to_s3_to_snowflake.py for tasks to queue
[2026-04-10T00:01:42.473+0000] {logging_mixin.py:188} INFO - [2026-04-10T00:01:42.473+0000] {dagbag.py:538} INFO - Filling up the DagBag from /opt/airflow/dags/cambridge_api_to_s3_to_snowflake.py
[2026-04-10T00:01:42.684+0000] {processor.py:840} INFO - DAG(s) 'cambridge_crime_to_s3_to_snowflake' retrieved from /opt/airflow/dags/cambridge_api_to_s3_to_snowflake.py
[2026-04-10T00:01:42.690+0000] {logging_mixin.py:188} INFO - [2026-04-10T00:01:42.690+0000] {dag.py:3036} INFO - Sync 1 DAGs
[2026-04-10T00:01:42.696+0000] {logging_mixin.py:188} INFO - [2026-04-10T00:01:42.696+0000] {dag.py:3823} INFO - Setting next_dagrun for cambridge_crime_to_s3_to_snowflake to 2026-04-05 00:00:00+00:00, run_after=2026-04-12 00:00:00+00:00
[2026-04-10T00:01:42.701+0000] {processor.py:183} INFO - Processing /opt/airflow/dags/cambridge_api_to_s3_to_snowflake.py took 0.231 seconds
[2026-04-10T00:02:12.793+0000] {processor.py:161} INFO - Started process (PID=12828) to work on /opt/airflow/dags/cambridge_api_to_s3_to_snowflake.py
[2026-04-10T00:02:12.793+0000] {processor.py:830} INFO - Processing file /opt/airflow/dags/cambridge_api_to_s3_to_snowflake.py for tasks to queue
[2026-04-10T00:02:12.794+0000] {logging_mixin.py:188} INFO - [2026-04-10T00:02:12.794+0000] {dagbag.py:538} INFO - Filling up the DagBag from /opt/airflow/dags/cambridge_api_to_s3_to_snowflake.py
[2026-04-10T00:02:12.967+0000] {processor.py:840} INFO - DAG(s) 'cambridge_crime_to_s3_to_snowflake' retrieved from /opt/airflow/dags/cambridge_api_to_s3_to_snowflake.py
[2026-04-10T00:02:12.975+0000] {logging_mixin.py:188} INFO - [2026-04-10T00:02:12.975+0000] {dag.py:3036} INFO - Sync 1 DAGs
[2026-04-10T00:02:12.984+0000] {logging_mixin.py:188} INFO - [2026-04-10T00:02:12.984+0000] {dag.py:3823} INFO - Setting next_dagrun for cambridge_crime_to_s3_to_snowflake to 2026-04-05 00:00:00+00:00, run_after=2026-04-12 00:00:00+00:00
[2026-04-10T00:02:12.991+0000] {processor.py:183} INFO - Processing /opt/airflow/dags/cambridge_api_to_s3_to_snowflake.py took 0.199 seconds
[2026-04-10T00:02:43.082+0000] {processor.py:161} INFO - Started process (PID=12908) to work on /opt/airflow/dags/cambridge_api_to_s3_to_snowflake.py
[2026-04-10T00:02:43.082+0000] {processor.py:830} INFO - Processing file /opt/airflow/dags/cambridge_api_to_s3_to_snowflake.py for tasks to queue
[2026-04-10T00:02:43.083+0000] {logging_mixin.py:188} INFO - [2026-04-10T00:02:43.083+0000] {dagbag.py:538} INFO - Filling up the DagBag from /opt/airflow/dags/cambridge_api_to_s3_to_snowflake.py
[2026-04-10T00:02:43.238+0000] {processor.py:840} INFO - DAG(s) 'cambridge_crime_to_s3_to_snowflake' retrieved from /opt/airflow/dags/cambridge_api_to_s3_to_snowflake.py
[2026-04-10T00:02:43.245+0000] {logging_mixin.py:188} INFO - [2026-04-10T00:02:43.245+0000] {dag.py:3036} INFO - Sync 1 DAGs
[2026-04-10T00:02:43.254+0000] {logging_mixin.py:188} INFO - [2026-04-10T00:02:43.253+0000] {dag.py:3823} INFO - Setting next_dagrun for cambridge_crime_to_s3_to_snowflake to 2026-04-05 00:00:00+00:00, run_after=2026-04-12 00:00:00+00:00
[2026-04-10T00:02:43.259+0000] {processor.py:183} INFO - Processing /opt/airflow/dags/cambridge_api_to_s3_to_snowflake.py took 0.178 seconds
[2026-04-10T00:03:13.551+0000] {processor.py:161} INFO - Started process (PID=12988) to work on /opt/airflow/dags/cambridge_api_to_s3_to_snowflake.py
[2026-04-10T00:03:13.552+0000] {processor.py:830} INFO - Processing file /opt/airflow/dags/cambridge_api_to_s3_to_snowflake.py for tasks to queue
[2026-04-10T00:03:13.552+0000] {logging_mixin.py:188} INFO - [2026-04-10T00:03:13.552+0000] {dagbag.py:538} INFO - Filling up the DagBag from /opt/airflow/dags/cambridge_api_to_s3_to_snowflake.py
[2026-04-10T00:03:13.723+0000] {processor.py:840} INFO - DAG(s) 'cambridge_crime_to_s3_to_snowflake' retrieved from /opt/airflow/dags/cambridge_api_to_s3_to_snowflake.py
[2026-04-10T00:03:13.731+0000] {logging_mixin.py:188} INFO - [2026-04-10T00:03:13.731+0000] {dag.py:3036} INFO - Sync 1 DAGs
[2026-04-10T00:03:13.739+0000] {logging_mixin.py:188} INFO - [2026-04-10T00:03:13.739+0000] {dag.py:3823} INFO - Setting next_dagrun for cambridge_crime_to_s3_to_snowflake to 2026-04-05 00:00:00+00:00, run_after=2026-04-12 00:00:00+00:00
[2026-04-10T00:03:13.744+0000] {processor.py:183} INFO - Processing /opt/airflow/dags/cambridge_api_to_s3_to_snowflake.py took 0.194 seconds
[2026-04-10T00:03:44.781+0000] {processor.py:161} INFO - Started process (PID=13068) to work on /opt/airflow/dags/cambridge_api_to_s3_to_snowflake.py
[2026-04-10T00:03:44.782+0000] {processor.py:830} INFO - Processing file /opt/airflow/dags/cambridge_api_to_s3_to_snowflake.py for tasks to queue
[2026-04-10T00:03:44.782+0000] {logging_mixin.py:188} INFO - [2026-04-10T00:03:44.782+0000] {dagbag.py:538} INFO - Filling up the DagBag from /opt/airflow/dags/cambridge_api_to_s3_to_snowflake.py
[2026-04-10T00:03:44.942+0000] {processor.py:840} INFO - DAG(s) 'cambridge_crime_to_s3_to_snowflake' retrieved from /opt/airflow/dags/cambridge_api_to_s3_to_snowflake.py
[2026-04-10T00:03:44.949+0000] {logging_mixin.py:188} INFO - [2026-04-10T00:03:44.949+0000] {dag.py:3036} INFO - Sync 1 DAGs
[2026-04-10T00:03:44.956+0000] {logging_mixin.py:188} INFO - [2026-04-10T00:03:44.956+0000] {dag.py:3823} INFO - Setting next_dagrun for cambridge_crime_to_s3_to_snowflake to 2026-04-05 00:00:00+00:00, run_after=2026-04-12 00:00:00+00:00
[2026-04-10T00:03:44.962+0000] {processor.py:183} INFO - Processing /opt/airflow/dags/cambridge_api_to_s3_to_snowflake.py took 0.182 seconds
[2026-04-10T00:04:15.908+0000] {processor.py:161} INFO - Started process (PID=13148) to work on /opt/airflow/dags/cambridge_api_to_s3_to_snowflake.py
[2026-04-10T00:04:15.908+0000] {processor.py:830} INFO - Processing file /opt/airflow/dags/cambridge_api_to_s3_to_snowflake.py for tasks to queue
[2026-04-10T00:04:15.909+0000] {logging_mixin.py:188} INFO - [2026-04-10T00:04:15.909+0000] {dagbag.py:538} INFO - Filling up the DagBag from /opt/airflow/dags/cambridge_api_to_s3_to_snowflake.py
[2026-04-10T00:04:16.063+0000] {processor.py:840} INFO - DAG(s) 'cambridge_crime_to_s3_to_snowflake' retrieved from /opt/airflow/dags/cambridge_api_to_s3_to_snowflake.py
[2026-04-10T00:04:16.070+0000] {logging_mixin.py:188} INFO - [2026-04-10T00:04:16.070+0000] {dag.py:3036} INFO - Sync 1 DAGs
[2026-04-10T00:04:16.078+0000] {logging_mixin.py:188} INFO - [2026-04-10T00:04:16.078+0000] {dag.py:3823} INFO - Setting next_dagrun for cambridge_crime_to_s3_to_snowflake to 2026-04-05 00:00:00+00:00, run_after=2026-04-12 00:00:00+00:00
[2026-04-10T00:04:16.084+0000] {processor.py:183} INFO - Processing /opt/airflow/dags/cambridge_api_to_s3_to_snowflake.py took 0.178 seconds
[2026-04-10T00:04:46.948+0000] {processor.py:161} INFO - Started process (PID=13228) to work on /opt/airflow/dags/cambridge_api_to_s3_to_snowflake.py
[2026-04-10T00:04:46.948+0000] {processor.py:830} INFO - Processing file /opt/airflow/dags/cambridge_api_to_s3_to_snowflake.py for tasks to queue
[2026-04-10T00:04:46.950+0000] {logging_mixin.py:188} INFO - [2026-04-10T00:04:46.949+0000] {dagbag.py:538} INFO - Filling up the DagBag from /opt/airflow/dags/cambridge_api_to_s3_to_snowflake.py
[2026-04-10T00:04:47.120+0000] {processor.py:840} INFO - DAG(s) 'cambridge_crime_to_s3_to_snowflake' retrieved from /opt/airflow/dags/cambridge_api_to_s3_to_snowflake.py
[2026-04-10T00:04:47.128+0000] {logging_mixin.py:188} INFO - [2026-04-10T00:04:47.128+0000] {dag.py:3036} INFO - Sync 1 DAGs
[2026-04-10T00:04:47.207+0000] {logging_mixin.py:188} INFO - [2026-04-10T00:04:47.207+0000] {dag.py:3823} INFO - Setting next_dagrun for cambridge_crime_to_s3_to_snowflake to 2026-04-05 00:00:00+00:00, run_after=2026-04-12 00:00:00+00:00
[2026-04-10T00:04:47.217+0000] {processor.py:183} INFO - Processing /opt/airflow/dags/cambridge_api_to_s3_to_snowflake.py took 0.271 seconds
[2026-04-10T00:05:17.284+0000] {processor.py:161} INFO - Started process (PID=13308) to work on /opt/airflow/dags/cambridge_api_to_s3_to_snowflake.py
[2026-04-10T00:05:17.284+0000] {processor.py:830} INFO - Processing file /opt/airflow/dags/cambridge_api_to_s3_to_snowflake.py for tasks to queue
[2026-04-10T00:05:17.285+0000] {logging_mixin.py:188} INFO - [2026-04-10T00:05:17.285+0000] {dagbag.py:538} INFO - Filling up the DagBag from /opt/airflow/dags/cambridge_api_to_s3_to_snowflake.py
[2026-04-10T00:05:17.534+0000] {processor.py:840} INFO - DAG(s) 'cambridge_crime_to_s3_to_snowflake' retrieved from /opt/airflow/dags/cambridge_api_to_s3_to_snowflake.py
[2026-04-10T00:05:17.543+0000] {logging_mixin.py:188} INFO - [2026-04-10T00:05:17.543+0000] {dag.py:3036} INFO - Sync 1 DAGs
[2026-04-10T00:05:17.555+0000] {logging_mixin.py:188} INFO - [2026-04-10T00:05:17.555+0000] {dag.py:3823} INFO - Setting next_dagrun for cambridge_crime_to_s3_to_snowflake to 2026-04-05 00:00:00+00:00, run_after=2026-04-12 00:00:00+00:00
[2026-04-10T00:05:17.564+0000] {processor.py:183} INFO - Processing /opt/airflow/dags/cambridge_api_to_s3_to_snowflake.py took 0.281 seconds
[2026-04-10T00:05:47.643+0000] {processor.py:161} INFO - Started process (PID=13388) to work on /opt/airflow/dags/cambridge_api_to_s3_to_snowflake.py
[2026-04-10T00:05:47.644+0000] {processor.py:830} INFO - Processing file /opt/airflow/dags/cambridge_api_to_s3_to_snowflake.py for tasks to queue
[2026-04-10T00:05:47.644+0000] {logging_mixin.py:188} INFO - [2026-04-10T00:05:47.644+0000] {dagbag.py:538} INFO - Filling up the DagBag from /opt/airflow/dags/cambridge_api_to_s3_to_snowflake.py
[2026-04-10T00:05:47.861+0000] {processor.py:840} INFO - DAG(s) 'cambridge_crime_to_s3_to_snowflake' retrieved from /opt/airflow/dags/cambridge_api_to_s3_to_snowflake.py
[2026-04-10T00:05:47.867+0000] {logging_mixin.py:188} INFO - [2026-04-10T00:05:47.867+0000] {dag.py:3036} INFO - Sync 1 DAGs
[2026-04-10T00:05:47.873+0000] {logging_mixin.py:188} INFO - [2026-04-10T00:05:47.873+0000] {dag.py:3823} INFO - Setting next_dagrun for cambridge_crime_to_s3_to_snowflake to 2026-04-05 00:00:00+00:00, run_after=2026-04-12 00:00:00+00:00
[2026-04-10T00:05:47.879+0000] {processor.py:183} INFO - Processing /opt/airflow/dags/cambridge_api_to_s3_to_snowflake.py took 0.237 seconds
[2026-04-10T00:06:18.148+0000] {processor.py:161} INFO - Started process (PID=13468) to work on /opt/airflow/dags/cambridge_api_to_s3_to_snowflake.py
[2026-04-10T00:06:18.148+0000] {processor.py:830} INFO - Processing file /opt/airflow/dags/cambridge_api_to_s3_to_snowflake.py for tasks to queue
[2026-04-10T00:06:18.149+0000] {logging_mixin.py:188} INFO - [2026-04-10T00:06:18.148+0000] {dagbag.py:538} INFO - Filling up the DagBag from /opt/airflow/dags/cambridge_api_to_s3_to_snowflake.py
[2026-04-10T00:06:18.360+0000] {processor.py:840} INFO - DAG(s) 'cambridge_crime_to_s3_to_snowflake' retrieved from /opt/airflow/dags/cambridge_api_to_s3_to_snowflake.py
[2026-04-10T00:06:18.366+0000] {logging_mixin.py:188} INFO - [2026-04-10T00:06:18.366+0000] {dag.py:3036} INFO - Sync 1 DAGs
[2026-04-10T00:06:18.372+0000] {logging_mixin.py:188} INFO - [2026-04-10T00:06:18.372+0000] {dag.py:3823} INFO - Setting next_dagrun for cambridge_crime_to_s3_to_snowflake to 2026-04-05 00:00:00+00:00, run_after=2026-04-12 00:00:00+00:00
[2026-04-10T00:06:18.377+0000] {processor.py:183} INFO - Processing /opt/airflow/dags/cambridge_api_to_s3_to_snowflake.py took 0.231 seconds
[2026-04-10T00:06:48.608+0000] {processor.py:161} INFO - Started process (PID=13548) to work on /opt/airflow/dags/cambridge_api_to_s3_to_snowflake.py
[2026-04-10T00:06:48.609+0000] {processor.py:830} INFO - Processing file /opt/airflow/dags/cambridge_api_to_s3_to_snowflake.py for tasks to queue
[2026-04-10T00:06:48.609+0000] {logging_mixin.py:188} INFO - [2026-04-10T00:06:48.609+0000] {dagbag.py:538} INFO - Filling up the DagBag from /opt/airflow/dags/cambridge_api_to_s3_to_snowflake.py
[2026-04-10T00:06:48.827+0000] {processor.py:840} INFO - DAG(s) 'cambridge_crime_to_s3_to_snowflake' retrieved from /opt/airflow/dags/cambridge_api_to_s3_to_snowflake.py
[2026-04-10T00:06:48.833+0000] {logging_mixin.py:188} INFO - [2026-04-10T00:06:48.832+0000] {dag.py:3036} INFO - Sync 1 DAGs
[2026-04-10T00:06:48.839+0000] {logging_mixin.py:188} INFO - [2026-04-10T00:06:48.839+0000] {dag.py:3823} INFO - Setting next_dagrun for cambridge_crime_to_s3_to_snowflake to 2026-04-05 00:00:00+00:00, run_after=2026-04-12 00:00:00+00:00
[2026-04-10T00:06:48.845+0000] {processor.py:183} INFO - Processing /opt/airflow/dags/cambridge_api_to_s3_to_snowflake.py took 0.238 seconds
[2026-04-10T00:07:19.061+0000] {processor.py:161} INFO - Started process (PID=13628) to work on /opt/airflow/dags/cambridge_api_to_s3_to_snowflake.py
[2026-04-10T00:07:19.062+0000] {processor.py:830} INFO - Processing file /opt/airflow/dags/cambridge_api_to_s3_to_snowflake.py for tasks to queue
[2026-04-10T00:07:19.062+0000] {logging_mixin.py:188} INFO - [2026-04-10T00:07:19.062+0000] {dagbag.py:538} INFO - Filling up the DagBag from /opt/airflow/dags/cambridge_api_to_s3_to_snowflake.py
[2026-04-10T00:07:19.278+0000] {processor.py:840} INFO - DAG(s) 'cambridge_crime_to_s3_to_snowflake' retrieved from /opt/airflow/dags/cambridge_api_to_s3_to_snowflake.py
[2026-04-10T00:07:19.283+0000] {logging_mixin.py:188} INFO - [2026-04-10T00:07:19.283+0000] {dag.py:3036} INFO - Sync 1 DAGs
[2026-04-10T00:07:19.289+0000] {logging_mixin.py:188} INFO - [2026-04-10T00:07:19.289+0000] {dag.py:3823} INFO - Setting next_dagrun for cambridge_crime_to_s3_to_snowflake to 2026-04-05 00:00:00+00:00, run_after=2026-04-12 00:00:00+00:00
[2026-04-10T00:07:19.294+0000] {processor.py:183} INFO - Processing /opt/airflow/dags/cambridge_api_to_s3_to_snowflake.py took 0.234 seconds
[2026-04-10T00:07:49.704+0000] {processor.py:161} INFO - Started process (PID=13708) to work on /opt/airflow/dags/cambridge_api_to_s3_to_snowflake.py
[2026-04-10T00:07:49.705+0000] {processor.py:830} INFO - Processing file /opt/airflow/dags/cambridge_api_to_s3_to_snowflake.py for tasks to queue
[2026-04-10T00:07:49.705+0000] {logging_mixin.py:188} INFO - [2026-04-10T00:07:49.705+0000] {dagbag.py:538} INFO - Filling up the DagBag from /opt/airflow/dags/cambridge_api_to_s3_to_snowflake.py
[2026-04-10T00:07:49.930+0000] {processor.py:840} INFO - DAG(s) 'cambridge_crime_to_s3_to_snowflake' retrieved from /opt/airflow/dags/cambridge_api_to_s3_to_snowflake.py
[2026-04-10T00:07:49.937+0000] {logging_mixin.py:188} INFO - [2026-04-10T00:07:49.936+0000] {dag.py:3036} INFO - Sync 1 DAGs
[2026-04-10T00:07:49.943+0000] {logging_mixin.py:188} INFO - [2026-04-10T00:07:49.943+0000] {dag.py:3823} INFO - Setting next_dagrun for cambridge_crime_to_s3_to_snowflake to 2026-04-05 00:00:00+00:00, run_after=2026-04-12 00:00:00+00:00
[2026-04-10T00:07:49.948+0000] {processor.py:183} INFO - Processing /opt/airflow/dags/cambridge_api_to_s3_to_snowflake.py took 0.245 seconds
[2026-04-10T00:08:20.145+0000] {processor.py:161} INFO - Started process (PID=13788) to work on /opt/airflow/dags/cambridge_api_to_s3_to_snowflake.py
[2026-04-10T00:08:20.145+0000] {processor.py:830} INFO - Processing file /opt/airflow/dags/cambridge_api_to_s3_to_snowflake.py for tasks to queue
[2026-04-10T00:08:20.146+0000] {logging_mixin.py:188} INFO - [2026-04-10T00:08:20.146+0000] {dagbag.py:538} INFO - Filling up the DagBag from /opt/airflow/dags/cambridge_api_to_s3_to_snowflake.py
[2026-04-10T00:08:20.371+0000] {processor.py:840} INFO - DAG(s) 'cambridge_crime_to_s3_to_snowflake' retrieved from /opt/airflow/dags/cambridge_api_to_s3_to_snowflake.py
[2026-04-10T00:08:20.377+0000] {logging_mixin.py:188} INFO - [2026-04-10T00:08:20.377+0000] {dag.py:3036} INFO - Sync 1 DAGs
[2026-04-10T00:08:20.384+0000] {logging_mixin.py:188} INFO - [2026-04-10T00:08:20.384+0000] {dag.py:3823} INFO - Setting next_dagrun for cambridge_crime_to_s3_to_snowflake to 2026-04-05 00:00:00+00:00, run_after=2026-04-12 00:00:00+00:00
[2026-04-10T00:08:20.389+0000] {processor.py:183} INFO - Processing /opt/airflow/dags/cambridge_api_to_s3_to_snowflake.py took 0.246 seconds
[2026-04-10T00:08:51.159+0000] {processor.py:161} INFO - Started process (PID=13868) to work on /opt/airflow/dags/cambridge_api_to_s3_to_snowflake.py
[2026-04-10T00:08:51.159+0000] {processor.py:830} INFO - Processing file /opt/airflow/dags/cambridge_api_to_s3_to_snowflake.py for tasks to queue
[2026-04-10T00:08:51.160+0000] {logging_mixin.py:188} INFO - [2026-04-10T00:08:51.160+0000] {dagbag.py:538} INFO - Filling up the DagBag from /opt/airflow/dags/cambridge_api_to_s3_to_snowflake.py
[2026-04-10T00:08:51.315+0000] {processor.py:840} INFO - DAG(s) 'cambridge_crime_to_s3_to_snowflake' retrieved from /opt/airflow/dags/cambridge_api_to_s3_to_snowflake.py
[2026-04-10T00:08:51.322+0000] {logging_mixin.py:188} INFO - [2026-04-10T00:08:51.322+0000] {dag.py:3036} INFO - Sync 1 DAGs
[2026-04-10T00:08:51.329+0000] {logging_mixin.py:188} INFO - [2026-04-10T00:08:51.329+0000] {dag.py:3823} INFO - Setting next_dagrun for cambridge_crime_to_s3_to_snowflake to 2026-04-05 00:00:00+00:00, run_after=2026-04-12 00:00:00+00:00
[2026-04-10T00:08:51.335+0000] {processor.py:183} INFO - Processing /opt/airflow/dags/cambridge_api_to_s3_to_snowflake.py took 0.177 seconds
[2026-04-10T00:09:22.172+0000] {processor.py:161} INFO - Started process (PID=13954) to work on /opt/airflow/dags/cambridge_api_to_s3_to_snowflake.py
[2026-04-10T00:09:22.173+0000] {processor.py:830} INFO - Processing file /opt/airflow/dags/cambridge_api_to_s3_to_snowflake.py for tasks to queue
[2026-04-10T00:09:22.174+0000] {logging_mixin.py:188} INFO - [2026-04-10T00:09:22.174+0000] {dagbag.py:538} INFO - Filling up the DagBag from /opt/airflow/dags/cambridge_api_to_s3_to_snowflake.py
[2026-04-10T00:09:22.329+0000] {processor.py:840} INFO - DAG(s) 'cambridge_crime_to_s3_to_snowflake' retrieved from /opt/airflow/dags/cambridge_api_to_s3_to_snowflake.py
[2026-04-10T00:09:22.336+0000] {logging_mixin.py:188} INFO - [2026-04-10T00:09:22.336+0000] {dag.py:3036} INFO - Sync 1 DAGs
[2026-04-10T00:09:22.344+0000] {logging_mixin.py:188} INFO - [2026-04-10T00:09:22.344+0000] {dag.py:3823} INFO - Setting next_dagrun for cambridge_crime_to_s3_to_snowflake to 2026-04-05 00:00:00+00:00, run_after=2026-04-12 00:00:00+00:00
[2026-04-10T00:09:22.349+0000] {processor.py:183} INFO - Processing /opt/airflow/dags/cambridge_api_to_s3_to_snowflake.py took 0.178 seconds
[2026-04-10T00:09:53.118+0000] {processor.py:161} INFO - Started process (PID=14034) to work on /opt/airflow/dags/cambridge_api_to_s3_to_snowflake.py
[2026-04-10T00:09:53.118+0000] {processor.py:830} INFO - Processing file /opt/airflow/dags/cambridge_api_to_s3_to_snowflake.py for tasks to queue
[2026-04-10T00:09:53.119+0000] {logging_mixin.py:188} INFO - [2026-04-10T00:09:53.119+0000] {dagbag.py:538} INFO - Filling up the DagBag from /opt/airflow/dags/cambridge_api_to_s3_to_snowflake.py
[2026-04-10T00:09:53.291+0000] {processor.py:840} INFO - DAG(s) 'cambridge_crime_to_s3_to_snowflake' retrieved from /opt/airflow/dags/cambridge_api_to_s3_to_snowflake.py
[2026-04-10T00:09:53.301+0000] {logging_mixin.py:188} INFO - [2026-04-10T00:09:53.300+0000] {dag.py:3036} INFO - Sync 1 DAGs
[2026-04-10T00:09:53.310+0000] {logging_mixin.py:188} INFO - [2026-04-10T00:09:53.310+0000] {dag.py:3823} INFO - Setting next_dagrun for cambridge_crime_to_s3_to_snowflake to 2026-04-05 00:00:00+00:00, run_after=2026-04-12 00:00:00+00:00
[2026-04-10T00:09:53.316+0000] {processor.py:183} INFO - Processing /opt/airflow/dags/cambridge_api_to_s3_to_snowflake.py took 0.200 seconds
[2026-04-10T00:10:23.974+0000] {processor.py:161} INFO - Started process (PID=14114) to work on /opt/airflow/dags/cambridge_api_to_s3_to_snowflake.py
[2026-04-10T00:10:23.975+0000] {processor.py:830} INFO - Processing file /opt/airflow/dags/cambridge_api_to_s3_to_snowflake.py for tasks to queue
[2026-04-10T00:10:23.975+0000] {logging_mixin.py:188} INFO - [2026-04-10T00:10:23.975+0000] {dagbag.py:538} INFO - Filling up the DagBag from /opt/airflow/dags/cambridge_api_to_s3_to_snowflake.py
[2026-04-10T00:10:24.134+0000] {processor.py:840} INFO - DAG(s) 'cambridge_crime_to_s3_to_snowflake' retrieved from /opt/airflow/dags/cambridge_api_to_s3_to_snowflake.py
[2026-04-10T00:10:24.142+0000] {logging_mixin.py:188} INFO - [2026-04-10T00:10:24.141+0000] {dag.py:3036} INFO - Sync 1 DAGs
[2026-04-10T00:10:24.149+0000] {logging_mixin.py:188} INFO - [2026-04-10T00:10:24.149+0000] {dag.py:3823} INFO - Setting next_dagrun for cambridge_crime_to_s3_to_snowflake to 2026-04-05 00:00:00+00:00, run_after=2026-04-12 00:00:00+00:00
[2026-04-10T00:10:24.155+0000] {processor.py:183} INFO - Processing /opt/airflow/dags/cambridge_api_to_s3_to_snowflake.py took 0.182 seconds
[2026-04-10T00:10:55.080+0000] {processor.py:161} INFO - Started process (PID=14194) to work on /opt/airflow/dags/cambridge_api_to_s3_to_snowflake.py
[2026-04-10T00:10:55.080+0000] {processor.py:830} INFO - Processing file /opt/airflow/dags/cambridge_api_to_s3_to_snowflake.py for tasks to queue
[2026-04-10T00:10:55.081+0000] {logging_mixin.py:188} INFO - [2026-04-10T00:10:55.081+0000] {dagbag.py:538} INFO - Filling up the DagBag from /opt/airflow/dags/cambridge_api_to_s3_to_snowflake.py
[2026-04-10T00:10:55.236+0000] {processor.py:840} INFO - DAG(s) 'cambridge_crime_to_s3_to_snowflake' retrieved from /opt/airflow/dags/cambridge_api_to_s3_to_snowflake.py
[2026-04-10T00:10:55.244+0000] {logging_mixin.py:188} INFO - [2026-04-10T00:10:55.244+0000] {dag.py:3036} INFO - Sync 1 DAGs
[2026-04-10T00:10:55.251+0000] {logging_mixin.py:188} INFO - [2026-04-10T00:10:55.251+0000] {dag.py:3823} INFO - Setting next_dagrun for cambridge_crime_to_s3_to_snowflake to 2026-04-05 00:00:00+00:00, run_after=2026-04-12 00:00:00+00:00
[2026-04-10T00:10:55.257+0000] {processor.py:183} INFO - Processing /opt/airflow/dags/cambridge_api_to_s3_to_snowflake.py took 0.178 seconds
[2026-04-10T00:11:26.006+0000] {processor.py:161} INFO - Started process (PID=14274) to work on /opt/airflow/dags/cambridge_api_to_s3_to_snowflake.py
[2026-04-10T00:11:26.007+0000] {processor.py:830} INFO - Processing file /opt/airflow/dags/cambridge_api_to_s3_to_snowflake.py for tasks to queue
[2026-04-10T00:11:26.007+0000] {logging_mixin.py:188} INFO - [2026-04-10T00:11:26.007+0000] {dagbag.py:538} INFO - Filling up the DagBag from /opt/airflow/dags/cambridge_api_to_s3_to_snowflake.py
[2026-04-10T00:11:26.167+0000] {processor.py:840} INFO - DAG(s) 'cambridge_crime_to_s3_to_snowflake' retrieved from /opt/airflow/dags/cambridge_api_to_s3_to_snowflake.py
[2026-04-10T00:11:26.175+0000] {logging_mixin.py:188} INFO - [2026-04-10T00:11:26.175+0000] {dag.py:3036} INFO - Sync 1 DAGs
[2026-04-10T00:11:26.183+0000] {logging_mixin.py:188} INFO - [2026-04-10T00:11:26.183+0000] {dag.py:3823} INFO - Setting next_dagrun for cambridge_crime_to_s3_to_snowflake to 2026-04-05 00:00:00+00:00, run_after=2026-04-12 00:00:00+00:00
[2026-04-10T00:11:26.189+0000] {processor.py:183} INFO - Processing /opt/airflow/dags/cambridge_api_to_s3_to_snowflake.py took 0.184 seconds
[2026-04-10T00:11:57.038+0000] {processor.py:161} INFO - Started process (PID=14354) to work on /opt/airflow/dags/cambridge_api_to_s3_to_snowflake.py
[2026-04-10T00:11:57.038+0000] {processor.py:830} INFO - Processing file /opt/airflow/dags/cambridge_api_to_s3_to_snowflake.py for tasks to queue
[2026-04-10T00:11:57.039+0000] {logging_mixin.py:188} INFO - [2026-04-10T00:11:57.039+0000] {dagbag.py:538} INFO - Filling up the DagBag from /opt/airflow/dags/cambridge_api_to_s3_to_snowflake.py
[2026-04-10T00:11:57.212+0000] {processor.py:840} INFO - DAG(s) 'cambridge_crime_to_s3_to_snowflake' retrieved from /opt/airflow/dags/cambridge_api_to_s3_to_snowflake.py
[2026-04-10T00:11:57.222+0000] {logging_mixin.py:188} INFO - [2026-04-10T00:11:57.222+0000] {dag.py:3036} INFO - Sync 1 DAGs
[2026-04-10T00:11:57.229+0000] {logging_mixin.py:188} INFO - [2026-04-10T00:11:57.229+0000] {dag.py:3823} INFO - Setting next_dagrun for cambridge_crime_to_s3_to_snowflake to 2026-04-05 00:00:00+00:00, run_after=2026-04-12 00:00:00+00:00
[2026-04-10T00:11:57.235+0000] {processor.py:183} INFO - Processing /opt/airflow/dags/cambridge_api_to_s3_to_snowflake.py took 0.199 seconds
[2026-04-10T00:12:28.265+0000] {processor.py:161} INFO - Started process (PID=14434) to work on /opt/airflow/dags/cambridge_api_to_s3_to_snowflake.py
[2026-04-10T00:12:28.265+0000] {processor.py:830} INFO - Processing file /opt/airflow/dags/cambridge_api_to_s3_to_snowflake.py for tasks to queue
[2026-04-10T00:12:28.266+0000] {logging_mixin.py:188} INFO - [2026-04-10T00:12:28.266+0000] {dagbag.py:538} INFO - Filling up the DagBag from /opt/airflow/dags/cambridge_api_to_s3_to_snowflake.py
[2026-04-10T00:12:28.427+0000] {processor.py:840} INFO - DAG(s) 'cambridge_crime_to_s3_to_snowflake' retrieved from /opt/airflow/dags/cambridge_api_to_s3_to_snowflake.py
[2026-04-10T00:12:28.499+0000] {logging_mixin.py:188} INFO - [2026-04-10T00:12:28.498+0000] {dag.py:3036} INFO - Sync 1 DAGs
[2026-04-10T00:12:28.505+0000] {logging_mixin.py:188} INFO - [2026-04-10T00:12:28.505+0000] {dag.py:3823} INFO - Setting next_dagrun for cambridge_crime_to_s3_to_snowflake to 2026-04-05 00:00:00+00:00, run_after=2026-04-12 00:00:00+00:00
[2026-04-10T00:12:28.511+0000] {processor.py:183} INFO - Processing /opt/airflow/dags/cambridge_api_to_s3_to_snowflake.py took 0.247 seconds
[2026-04-10T00:12:58.917+0000] {processor.py:161} INFO - Started process (PID=14514) to work on /opt/airflow/dags/cambridge_api_to_s3_to_snowflake.py
[2026-04-10T00:12:58.918+0000] {processor.py:830} INFO - Processing file /opt/airflow/dags/cambridge_api_to_s3_to_snowflake.py for tasks to queue
[2026-04-10T00:12:58.918+0000] {logging_mixin.py:188} INFO - [2026-04-10T00:12:58.918+0000] {dagbag.py:538} INFO - Filling up the DagBag from /opt/airflow/dags/cambridge_api_to_s3_to_snowflake.py
[2026-04-10T00:12:59.138+0000] {processor.py:840} INFO - DAG(s) 'cambridge_crime_to_s3_to_snowflake' retrieved from /opt/airflow/dags/cambridge_api_to_s3_to_snowflake.py
[2026-04-10T00:12:59.143+0000] {logging_mixin.py:188} INFO - [2026-04-10T00:12:59.143+0000] {dag.py:3036} INFO - Sync 1 DAGs
[2026-04-10T00:12:59.150+0000] {logging_mixin.py:188} INFO - [2026-04-10T00:12:59.150+0000] {dag.py:3823} INFO - Setting next_dagrun for cambridge_crime_to_s3_to_snowflake to 2026-04-05 00:00:00+00:00, run_after=2026-04-12 00:00:00+00:00
[2026-04-10T00:12:59.155+0000] {processor.py:183} INFO - Processing /opt/airflow/dags/cambridge_api_to_s3_to_snowflake.py took 0.240 seconds
[2026-04-10T00:13:29.525+0000] {processor.py:161} INFO - Started process (PID=14593) to work on /opt/airflow/dags/cambridge_api_to_s3_to_snowflake.py
[2026-04-10T00:13:29.526+0000] {processor.py:830} INFO - Processing file /opt/airflow/dags/cambridge_api_to_s3_to_snowflake.py for tasks to queue
[2026-04-10T00:13:29.527+0000] {logging_mixin.py:188} INFO - [2026-04-10T00:13:29.527+0000] {dagbag.py:538} INFO - Filling up the DagBag from /opt/airflow/dags/cambridge_api_to_s3_to_snowflake.py
[2026-04-10T00:13:29.769+0000] {processor.py:840} INFO - DAG(s) 'cambridge_crime_to_s3_to_snowflake' retrieved from /opt/airflow/dags/cambridge_api_to_s3_to_snowflake.py
[2026-04-10T00:13:29.777+0000] {logging_mixin.py:188} INFO - [2026-04-10T00:13:29.776+0000] {dag.py:3036} INFO - Sync 1 DAGs
[2026-04-10T00:13:29.783+0000] {logging_mixin.py:188} INFO - [2026-04-10T00:13:29.783+0000] {dag.py:3823} INFO - Setting next_dagrun for cambridge_crime_to_s3_to_snowflake to 2026-04-05 00:00:00+00:00, run_after=2026-04-12 00:00:00+00:00
[2026-04-10T00:13:29.789+0000] {processor.py:183} INFO - Processing /opt/airflow/dags/cambridge_api_to_s3_to_snowflake.py took 0.265 seconds
[2026-04-10T00:14:54.464+0000] {processor.py:161} INFO - Started process (PID=14667) to work on /opt/airflow/dags/cambridge_api_to_s3_to_snowflake.py
[2026-04-10T00:14:54.465+0000] {processor.py:830} INFO - Processing file /opt/airflow/dags/cambridge_api_to_s3_to_snowflake.py for tasks to queue
[2026-04-10T00:14:54.466+0000] {logging_mixin.py:188} INFO - [2026-04-10T00:14:54.466+0000] {dagbag.py:538} INFO - Filling up the DagBag from /opt/airflow/dags/cambridge_api_to_s3_to_snowflake.py
[2026-04-10T00:14:54.715+0000] {processor.py:840} INFO - DAG(s) 'cambridge_crime_to_s3_to_snowflake' retrieved from /opt/airflow/dags/cambridge_api_to_s3_to_snowflake.py
[2026-04-10T00:14:54.721+0000] {logging_mixin.py:188} INFO - [2026-04-10T00:14:54.721+0000] {dag.py:3036} INFO - Sync 1 DAGs
[2026-04-10T00:14:54.729+0000] {logging_mixin.py:188} INFO - [2026-04-10T00:14:54.729+0000] {dag.py:3823} INFO - Setting next_dagrun for cambridge_crime_to_s3_to_snowflake to 2026-04-05 00:00:00+00:00, run_after=2026-04-12 00:00:00+00:00
[2026-04-10T00:14:54.734+0000] {processor.py:183} INFO - Processing /opt/airflow/dags/cambridge_api_to_s3_to_snowflake.py took 0.271 seconds
[2026-04-10T00:15:24.948+0000] {processor.py:161} INFO - Started process (PID=14747) to work on /opt/airflow/dags/cambridge_api_to_s3_to_snowflake.py
[2026-04-10T00:15:24.949+0000] {processor.py:830} INFO - Processing file /opt/airflow/dags/cambridge_api_to_s3_to_snowflake.py for tasks to queue
[2026-04-10T00:15:24.949+0000] {logging_mixin.py:188} INFO - [2026-04-10T00:15:24.949+0000] {dagbag.py:538} INFO - Filling up the DagBag from /opt/airflow/dags/cambridge_api_to_s3_to_snowflake.py
[2026-04-10T00:15:25.170+0000] {processor.py:840} INFO - DAG(s) 'cambridge_crime_to_s3_to_snowflake' retrieved from /opt/airflow/dags/cambridge_api_to_s3_to_snowflake.py
[2026-04-10T00:15:25.176+0000] {logging_mixin.py:188} INFO - [2026-04-10T00:15:25.176+0000] {dag.py:3036} INFO - Sync 1 DAGs
[2026-04-10T00:15:25.183+0000] {logging_mixin.py:188} INFO - [2026-04-10T00:15:25.183+0000] {dag.py:3823} INFO - Setting next_dagrun for cambridge_crime_to_s3_to_snowflake to 2026-04-05 00:00:00+00:00, run_after=2026-04-12 00:00:00+00:00
[2026-04-10T00:15:25.188+0000] {processor.py:183} INFO - Processing /opt/airflow/dags/cambridge_api_to_s3_to_snowflake.py took 0.241 seconds
[2026-04-10T00:15:55.314+0000] {processor.py:161} INFO - Started process (PID=14827) to work on /opt/airflow/dags/cambridge_api_to_s3_to_snowflake.py
[2026-04-10T00:15:55.314+0000] {processor.py:830} INFO - Processing file /opt/airflow/dags/cambridge_api_to_s3_to_snowflake.py for tasks to queue
[2026-04-10T00:15:55.315+0000] {logging_mixin.py:188} INFO - [2026-04-10T00:15:55.315+0000] {dagbag.py:538} INFO - Filling up the DagBag from /opt/airflow/dags/cambridge_api_to_s3_to_snowflake.py
[2026-04-10T00:15:55.550+0000] {processor.py:840} INFO - DAG(s) 'cambridge_crime_to_s3_to_snowflake' retrieved from /opt/airflow/dags/cambridge_api_to_s3_to_snowflake.py
[2026-04-10T00:15:55.556+0000] {logging_mixin.py:188} INFO - [2026-04-10T00:15:55.556+0000] {dag.py:3036} INFO - Sync 1 DAGs
[2026-04-10T00:15:55.563+0000] {logging_mixin.py:188} INFO - [2026-04-10T00:15:55.563+0000] {dag.py:3823} INFO - Setting next_dagrun for cambridge_crime_to_s3_to_snowflake to 2026-04-05 00:00:00+00:00, run_after=2026-04-12 00:00:00+00:00
[2026-04-10T00:15:55.568+0000] {processor.py:183} INFO - Processing /opt/airflow/dags/cambridge_api_to_s3_to_snowflake.py took 0.256 seconds
[2026-04-10T00:16:25.779+0000] {processor.py:161} INFO - Started process (PID=14907) to work on /opt/airflow/dags/cambridge_api_to_s3_to_snowflake.py
[2026-04-10T00:16:25.780+0000] {processor.py:830} INFO - Processing file /opt/airflow/dags/cambridge_api_to_s3_to_snowflake.py for tasks to queue
[2026-04-10T00:16:25.781+0000] {logging_mixin.py:188} INFO - [2026-04-10T00:16:25.781+0000] {dagbag.py:538} INFO - Filling up the DagBag from /opt/airflow/dags/cambridge_api_to_s3_to_snowflake.py
[2026-04-10T00:16:26.027+0000] {processor.py:840} INFO - DAG(s) 'cambridge_crime_to_s3_to_snowflake' retrieved from /opt/airflow/dags/cambridge_api_to_s3_to_snowflake.py
[2026-04-10T00:16:26.034+0000] {logging_mixin.py:188} INFO - [2026-04-10T00:16:26.034+0000] {dag.py:3036} INFO - Sync 1 DAGs
[2026-04-10T00:16:26.042+0000] {logging_mixin.py:188} INFO - [2026-04-10T00:16:26.042+0000] {dag.py:3823} INFO - Setting next_dagrun for cambridge_crime_to_s3_to_snowflake to 2026-04-05 00:00:00+00:00, run_after=2026-04-12 00:00:00+00:00
[2026-04-10T00:16:26.049+0000] {processor.py:183} INFO - Processing /opt/airflow/dags/cambridge_api_to_s3_to_snowflake.py took 0.271 seconds
[2026-04-10T00:16:56.234+0000] {processor.py:161} INFO - Started process (PID=14987) to work on /opt/airflow/dags/cambridge_api_to_s3_to_snowflake.py
[2026-04-10T00:16:56.234+0000] {processor.py:830} INFO - Processing file /opt/airflow/dags/cambridge_api_to_s3_to_snowflake.py for tasks to queue
[2026-04-10T00:16:56.235+0000] {logging_mixin.py:188} INFO - [2026-04-10T00:16:56.235+0000] {dagbag.py:538} INFO - Filling up the DagBag from /opt/airflow/dags/cambridge_api_to_s3_to_snowflake.py
[2026-04-10T00:16:56.450+0000] {processor.py:840} INFO - DAG(s) 'cambridge_crime_to_s3_to_snowflake' retrieved from /opt/airflow/dags/cambridge_api_to_s3_to_snowflake.py
[2026-04-10T00:16:56.456+0000] {logging_mixin.py:188} INFO - [2026-04-10T00:16:56.456+0000] {dag.py:3036} INFO - Sync 1 DAGs
[2026-04-10T00:16:56.463+0000] {logging_mixin.py:188} INFO - [2026-04-10T00:16:56.463+0000] {dag.py:3823} INFO - Setting next_dagrun for cambridge_crime_to_s3_to_snowflake to 2026-04-05 00:00:00+00:00, run_after=2026-04-12 00:00:00+00:00
[2026-04-10T00:16:56.468+0000] {processor.py:183} INFO - Processing /opt/airflow/dags/cambridge_api_to_s3_to_snowflake.py took 0.236 seconds
[2026-04-10T00:17:26.735+0000] {processor.py:161} INFO - Started process (PID=15067) to work on /opt/airflow/dags/cambridge_api_to_s3_to_snowflake.py
[2026-04-10T00:17:26.735+0000] {processor.py:830} INFO - Processing file /opt/airflow/dags/cambridge_api_to_s3_to_snowflake.py for tasks to queue
[2026-04-10T00:17:26.736+0000] {logging_mixin.py:188} INFO - [2026-04-10T00:17:26.736+0000] {dagbag.py:538} INFO - Filling up the DagBag from /opt/airflow/dags/cambridge_api_to_s3_to_snowflake.py
[2026-04-10T00:17:26.910+0000] {processor.py:840} INFO - DAG(s) 'cambridge_crime_to_s3_to_snowflake' retrieved from /opt/airflow/dags/cambridge_api_to_s3_to_snowflake.py
[2026-04-10T00:17:26.918+0000] {logging_mixin.py:188} INFO - [2026-04-10T00:17:26.918+0000] {dag.py:3036} INFO - Sync 1 DAGs
[2026-04-10T00:17:26.926+0000] {logging_mixin.py:188} INFO - [2026-04-10T00:17:26.925+0000] {dag.py:3823} INFO - Setting next_dagrun for cambridge_crime_to_s3_to_snowflake to 2026-04-05 00:00:00+00:00, run_after=2026-04-12 00:00:00+00:00
[2026-04-10T00:17:26.932+0000] {processor.py:183} INFO - Processing /opt/airflow/dags/cambridge_api_to_s3_to_snowflake.py took 0.199 seconds
[2026-04-10T00:17:57.963+0000] {processor.py:161} INFO - Started process (PID=15147) to work on /opt/airflow/dags/cambridge_api_to_s3_to_snowflake.py
[2026-04-10T00:17:57.964+0000] {processor.py:830} INFO - Processing file /opt/airflow/dags/cambridge_api_to_s3_to_snowflake.py for tasks to queue
[2026-04-10T00:17:57.965+0000] {logging_mixin.py:188} INFO - [2026-04-10T00:17:57.964+0000] {dagbag.py:538} INFO - Filling up the DagBag from /opt/airflow/dags/cambridge_api_to_s3_to_snowflake.py
[2026-04-10T00:17:58.190+0000] {processor.py:840} INFO - DAG(s) 'cambridge_crime_to_s3_to_snowflake' retrieved from /opt/airflow/dags/cambridge_api_to_s3_to_snowflake.py
[2026-04-10T00:17:58.201+0000] {logging_mixin.py:188} INFO - [2026-04-10T00:17:58.201+0000] {dag.py:3036} INFO - Sync 1 DAGs
[2026-04-10T00:17:58.215+0000] {logging_mixin.py:188} INFO - [2026-04-10T00:17:58.215+0000] {dag.py:3823} INFO - Setting next_dagrun for cambridge_crime_to_s3_to_snowflake to 2026-04-05 00:00:00+00:00, run_after=2026-04-12 00:00:00+00:00
[2026-04-10T00:17:58.222+0000] {processor.py:183} INFO - Processing /opt/airflow/dags/cambridge_api_to_s3_to_snowflake.py took 0.260 seconds
[2026-04-10T00:18:28.324+0000] {processor.py:161} INFO - Started process (PID=15227) to work on /opt/airflow/dags/cambridge_api_to_s3_to_snowflake.py
[2026-04-10T00:18:28.324+0000] {processor.py:830} INFO - Processing file /opt/airflow/dags/cambridge_api_to_s3_to_snowflake.py for tasks to queue
[2026-04-10T00:18:28.325+0000] {logging_mixin.py:188} INFO - [2026-04-10T00:18:28.325+0000] {dagbag.py:538} INFO - Filling up the DagBag from /opt/airflow/dags/cambridge_api_to_s3_to_snowflake.py
[2026-04-10T00:18:28.503+0000] {processor.py:840} INFO - DAG(s) 'cambridge_crime_to_s3_to_snowflake' retrieved from /opt/airflow/dags/cambridge_api_to_s3_to_snowflake.py
[2026-04-10T00:18:28.525+0000] {logging_mixin.py:188} INFO - [2026-04-10T00:18:28.525+0000] {dag.py:3036} INFO - Sync 1 DAGs
[2026-04-10T00:18:28.535+0000] {logging_mixin.py:188} INFO - [2026-04-10T00:18:28.535+0000] {dag.py:3823} INFO - Setting next_dagrun for cambridge_crime_to_s3_to_snowflake to 2026-04-05 00:00:00+00:00, run_after=2026-04-12 00:00:00+00:00
[2026-04-10T00:18:28.541+0000] {processor.py:183} INFO - Processing /opt/airflow/dags/cambridge_api_to_s3_to_snowflake.py took 0.219 seconds
[2026-04-10T00:18:59.629+0000] {processor.py:161} INFO - Started process (PID=15307) to work on /opt/airflow/dags/cambridge_api_to_s3_to_snowflake.py
[2026-04-10T00:18:59.630+0000] {processor.py:830} INFO - Processing file /opt/airflow/dags/cambridge_api_to_s3_to_snowflake.py for tasks to queue
[2026-04-10T00:18:59.631+0000] {logging_mixin.py:188} INFO - [2026-04-10T00:18:59.631+0000] {dagbag.py:538} INFO - Filling up the DagBag from /opt/airflow/dags/cambridge_api_to_s3_to_snowflake.py
[2026-04-10T00:18:59.805+0000] {processor.py:840} INFO - DAG(s) 'cambridge_crime_to_s3_to_snowflake' retrieved from /opt/airflow/dags/cambridge_api_to_s3_to_snowflake.py
[2026-04-10T00:18:59.812+0000] {logging_mixin.py:188} INFO - [2026-04-10T00:18:59.812+0000] {dag.py:3036} INFO - Sync 1 DAGs
[2026-04-10T00:18:59.820+0000] {logging_mixin.py:188} INFO - [2026-04-10T00:18:59.820+0000] {dag.py:3823} INFO - Setting next_dagrun for cambridge_crime_to_s3_to_snowflake to 2026-04-05 00:00:00+00:00, run_after=2026-04-12 00:00:00+00:00
[2026-04-10T00:18:59.826+0000] {processor.py:183} INFO - Processing /opt/airflow/dags/cambridge_api_to_s3_to_snowflake.py took 0.198 seconds
[2026-04-10T00:19:30.683+0000] {processor.py:161} INFO - Started process (PID=15387) to work on /opt/airflow/dags/cambridge_api_to_s3_to_snowflake.py
[2026-04-10T00:19:30.683+0000] {processor.py:830} INFO - Processing file /opt/airflow/dags/cambridge_api_to_s3_to_snowflake.py for tasks to queue
[2026-04-10T00:19:30.684+0000] {logging_mixin.py:188} INFO - [2026-04-10T00:19:30.684+0000] {dagbag.py:538} INFO - Filling up the DagBag from /opt/airflow/dags/cambridge_api_to_s3_to_snowflake.py
[2026-04-10T00:19:30.856+0000] {processor.py:840} INFO - DAG(s) 'cambridge_crime_to_s3_to_snowflake' retrieved from /opt/airflow/dags/cambridge_api_to_s3_to_snowflake.py
[2026-04-10T00:19:30.865+0000] {logging_mixin.py:188} INFO - [2026-04-10T00:19:30.864+0000] {dag.py:3036} INFO - Sync 1 DAGs
[2026-04-10T00:19:30.875+0000] {logging_mixin.py:188} INFO - [2026-04-10T00:19:30.874+0000] {dag.py:3823} INFO - Setting next_dagrun for cambridge_crime_to_s3_to_snowflake to 2026-04-05 00:00:00+00:00, run_after=2026-04-12 00:00:00+00:00
[2026-04-10T00:19:30.881+0000] {processor.py:183} INFO - Processing /opt/airflow/dags/cambridge_api_to_s3_to_snowflake.py took 0.200 seconds
[2026-04-10T00:20:01.077+0000] {processor.py:161} INFO - Started process (PID=15467) to work on /opt/airflow/dags/cambridge_api_to_s3_to_snowflake.py
[2026-04-10T00:20:01.078+0000] {processor.py:830} INFO - Processing file /opt/airflow/dags/cambridge_api_to_s3_to_snowflake.py for tasks to queue
[2026-04-10T00:20:01.078+0000] {logging_mixin.py:188} INFO - [2026-04-10T00:20:01.078+0000] {dagbag.py:538} INFO - Filling up the DagBag from /opt/airflow/dags/cambridge_api_to_s3_to_snowflake.py
[2026-04-10T00:20:01.242+0000] {processor.py:840} INFO - DAG(s) 'cambridge_crime_to_s3_to_snowflake' retrieved from /opt/airflow/dags/cambridge_api_to_s3_to_snowflake.py
[2026-04-10T00:20:01.250+0000] {logging_mixin.py:188} INFO - [2026-04-10T00:20:01.250+0000] {dag.py:3036} INFO - Sync 1 DAGs
[2026-04-10T00:20:01.264+0000] {logging_mixin.py:188} INFO - [2026-04-10T00:20:01.264+0000] {dag.py:3823} INFO - Setting next_dagrun for cambridge_crime_to_s3_to_snowflake to 2026-04-05 00:00:00+00:00, run_after=2026-04-12 00:00:00+00:00
[2026-04-10T00:20:01.272+0000] {processor.py:183} INFO - Processing /opt/airflow/dags/cambridge_api_to_s3_to_snowflake.py took 0.196 seconds
[2026-04-10T00:20:31.639+0000] {processor.py:161} INFO - Started process (PID=15547) to work on /opt/airflow/dags/cambridge_api_to_s3_to_snowflake.py
[2026-04-10T00:20:31.640+0000] {processor.py:830} INFO - Processing file /opt/airflow/dags/cambridge_api_to_s3_to_snowflake.py for tasks to queue
[2026-04-10T00:20:31.641+0000] {logging_mixin.py:188} INFO - [2026-04-10T00:20:31.641+0000] {dagbag.py:538} INFO - Filling up the DagBag from /opt/airflow/dags/cambridge_api_to_s3_to_snowflake.py
[2026-04-10T00:20:31.807+0000] {processor.py:840} INFO - DAG(s) 'cambridge_crime_to_s3_to_snowflake' retrieved from /opt/airflow/dags/cambridge_api_to_s3_to_snowflake.py
[2026-04-10T00:20:31.880+0000] {logging_mixin.py:188} INFO - [2026-04-10T00:20:31.880+0000] {dag.py:3036} INFO - Sync 1 DAGs
[2026-04-10T00:20:31.888+0000] {logging_mixin.py:188} INFO - [2026-04-10T00:20:31.888+0000] {dag.py:3823} INFO - Setting next_dagrun for cambridge_crime_to_s3_to_snowflake to 2026-04-05 00:00:00+00:00, run_after=2026-04-12 00:00:00+00:00
[2026-04-10T00:20:31.893+0000] {processor.py:183} INFO - Processing /opt/airflow/dags/cambridge_api_to_s3_to_snowflake.py took 0.256 seconds
[2026-04-10T00:21:02.554+0000] {processor.py:161} INFO - Started process (PID=15627) to work on /opt/airflow/dags/cambridge_api_to_s3_to_snowflake.py
[2026-04-10T00:21:02.556+0000] {processor.py:830} INFO - Processing file /opt/airflow/dags/cambridge_api_to_s3_to_snowflake.py for tasks to queue
[2026-04-10T00:21:02.558+0000] {logging_mixin.py:188} INFO - [2026-04-10T00:21:02.558+0000] {dagbag.py:538} INFO - Filling up the DagBag from /opt/airflow/dags/cambridge_api_to_s3_to_snowflake.py
[2026-04-10T00:21:02.814+0000] {processor.py:840} INFO - DAG(s) 'cambridge_crime_to_s3_to_snowflake' retrieved from /opt/airflow/dags/cambridge_api_to_s3_to_snowflake.py
[2026-04-10T00:21:02.825+0000] {logging_mixin.py:188} INFO - [2026-04-10T00:21:02.825+0000] {dag.py:3036} INFO - Sync 1 DAGs
[2026-04-10T00:21:02.837+0000] {logging_mixin.py:188} INFO - [2026-04-10T00:21:02.836+0000] {dag.py:3823} INFO - Setting next_dagrun for cambridge_crime_to_s3_to_snowflake to 2026-04-05 00:00:00+00:00, run_after=2026-04-12 00:00:00+00:00
[2026-04-10T00:21:02.845+0000] {processor.py:183} INFO - Processing /opt/airflow/dags/cambridge_api_to_s3_to_snowflake.py took 0.293 seconds
[2026-04-10T00:21:33.182+0000] {processor.py:161} INFO - Started process (PID=15707) to work on /opt/airflow/dags/cambridge_api_to_s3_to_snowflake.py
[2026-04-10T00:21:33.183+0000] {processor.py:830} INFO - Processing file /opt/airflow/dags/cambridge_api_to_s3_to_snowflake.py for tasks to queue
[2026-04-10T00:21:33.183+0000] {logging_mixin.py:188} INFO - [2026-04-10T00:21:33.183+0000] {dagbag.py:538} INFO - Filling up the DagBag from /opt/airflow/dags/cambridge_api_to_s3_to_snowflake.py
[2026-04-10T00:21:33.424+0000] {processor.py:840} INFO - DAG(s) 'cambridge_crime_to_s3_to_snowflake' retrieved from /opt/airflow/dags/cambridge_api_to_s3_to_snowflake.py
[2026-04-10T00:21:33.430+0000] {logging_mixin.py:188} INFO - [2026-04-10T00:21:33.430+0000] {dag.py:3036} INFO - Sync 1 DAGs
[2026-04-10T00:21:33.437+0000] {logging_mixin.py:188} INFO - [2026-04-10T00:21:33.437+0000] {dag.py:3823} INFO - Setting next_dagrun for cambridge_crime_to_s3_to_snowflake to 2026-04-05 00:00:00+00:00, run_after=2026-04-12 00:00:00+00:00
[2026-04-10T00:21:33.443+0000] {processor.py:183} INFO - Processing /opt/airflow/dags/cambridge_api_to_s3_to_snowflake.py took 0.262 seconds
[2026-04-10T00:22:03.858+0000] {processor.py:161} INFO - Started process (PID=15787) to work on /opt/airflow/dags/cambridge_api_to_s3_to_snowflake.py
[2026-04-10T00:22:03.858+0000] {processor.py:830} INFO - Processing file /opt/airflow/dags/cambridge_api_to_s3_to_snowflake.py for tasks to queue
[2026-04-10T00:22:03.859+0000] {logging_mixin.py:188} INFO - [2026-04-10T00:22:03.859+0000] {dagbag.py:538} INFO - Filling up the DagBag from /opt/airflow/dags/cambridge_api_to_s3_to_snowflake.py
[2026-04-10T00:22:04.080+0000] {processor.py:840} INFO - DAG(s) 'cambridge_crime_to_s3_to_snowflake' retrieved from /opt/airflow/dags/cambridge_api_to_s3_to_snowflake.py
[2026-04-10T00:22:04.086+0000] {logging_mixin.py:188} INFO - [2026-04-10T00:22:04.085+0000] {dag.py:3036} INFO - Sync 1 DAGs
[2026-04-10T00:22:04.092+0000] {logging_mixin.py:188} INFO - [2026-04-10T00:22:04.092+0000] {dag.py:3823} INFO - Setting next_dagrun for cambridge_crime_to_s3_to_snowflake to 2026-04-05 00:00:00+00:00, run_after=2026-04-12 00:00:00+00:00
[2026-04-10T00:22:04.097+0000] {processor.py:183} INFO - Processing /opt/airflow/dags/cambridge_api_to_s3_to_snowflake.py took 0.241 seconds
[2026-04-10T00:22:34.272+0000] {processor.py:161} INFO - Started process (PID=15867) to work on /opt/airflow/dags/cambridge_api_to_s3_to_snowflake.py
[2026-04-10T00:22:34.273+0000] {processor.py:830} INFO - Processing file /opt/airflow/dags/cambridge_api_to_s3_to_snowflake.py for tasks to queue
[2026-04-10T00:22:34.273+0000] {logging_mixin.py:188} INFO - [2026-04-10T00:22:34.273+0000] {dagbag.py:538} INFO - Filling up the DagBag from /opt/airflow/dags/cambridge_api_to_s3_to_snowflake.py
[2026-04-10T00:22:34.498+0000] {processor.py:840} INFO - DAG(s) 'cambridge_crime_to_s3_to_snowflake' retrieved from /opt/airflow/dags/cambridge_api_to_s3_to_snowflake.py
[2026-04-10T00:22:34.504+0000] {logging_mixin.py:188} INFO - [2026-04-10T00:22:34.504+0000] {dag.py:3036} INFO - Sync 1 DAGs
[2026-04-10T00:22:34.511+0000] {logging_mixin.py:188} INFO - [2026-04-10T00:22:34.511+0000] {dag.py:3823} INFO - Setting next_dagrun for cambridge_crime_to_s3_to_snowflake to 2026-04-05 00:00:00+00:00, run_after=2026-04-12 00:00:00+00:00
[2026-04-10T00:22:34.516+0000] {processor.py:183} INFO - Processing /opt/airflow/dags/cambridge_api_to_s3_to_snowflake.py took 0.245 seconds
[2026-04-10T00:23:04.740+0000] {processor.py:161} INFO - Started process (PID=15947) to work on /opt/airflow/dags/cambridge_api_to_s3_to_snowflake.py
[2026-04-10T00:23:04.740+0000] {processor.py:830} INFO - Processing file /opt/airflow/dags/cambridge_api_to_s3_to_snowflake.py for tasks to queue
[2026-04-10T00:23:04.741+0000] {logging_mixin.py:188} INFO - [2026-04-10T00:23:04.741+0000] {dagbag.py:538} INFO - Filling up the DagBag from /opt/airflow/dags/cambridge_api_to_s3_to_snowflake.py
[2026-04-10T00:23:04.963+0000] {processor.py:840} INFO - DAG(s) 'cambridge_crime_to_s3_to_snowflake' retrieved from /opt/airflow/dags/cambridge_api_to_s3_to_snowflake.py
[2026-04-10T00:23:04.968+0000] {logging_mixin.py:188} INFO - [2026-04-10T00:23:04.968+0000] {dag.py:3036} INFO - Sync 1 DAGs
[2026-04-10T00:23:04.975+0000] {logging_mixin.py:188} INFO - [2026-04-10T00:23:04.974+0000] {dag.py:3823} INFO - Setting next_dagrun for cambridge_crime_to_s3_to_snowflake to 2026-04-05 00:00:00+00:00, run_after=2026-04-12 00:00:00+00:00
[2026-04-10T00:23:04.980+0000] {processor.py:183} INFO - Processing /opt/airflow/dags/cambridge_api_to_s3_to_snowflake.py took 0.242 seconds
[2026-04-10T00:23:35.288+0000] {processor.py:161} INFO - Started process (PID=16027) to work on /opt/airflow/dags/cambridge_api_to_s3_to_snowflake.py
[2026-04-10T00:23:35.289+0000] {processor.py:830} INFO - Processing file /opt/airflow/dags/cambridge_api_to_s3_to_snowflake.py for tasks to queue
[2026-04-10T00:23:35.290+0000] {logging_mixin.py:188} INFO - [2026-04-10T00:23:35.290+0000] {dagbag.py:538} INFO - Filling up the DagBag from /opt/airflow/dags/cambridge_api_to_s3_to_snowflake.py
[2026-04-10T00:23:35.578+0000] {processor.py:840} INFO - DAG(s) 'cambridge_crime_to_s3_to_snowflake' retrieved from /opt/airflow/dags/cambridge_api_to_s3_to_snowflake.py
[2026-04-10T00:23:35.584+0000] {logging_mixin.py:188} INFO - [2026-04-10T00:23:35.584+0000] {dag.py:3036} INFO - Sync 1 DAGs
[2026-04-10T00:23:35.591+0000] {logging_mixin.py:188} INFO - [2026-04-10T00:23:35.591+0000] {dag.py:3823} INFO - Setting next_dagrun for cambridge_crime_to_s3_to_snowflake to 2026-04-05 00:00:00+00:00, run_after=2026-04-12 00:00:00+00:00
[2026-04-10T00:23:35.596+0000] {processor.py:183} INFO - Processing /opt/airflow/dags/cambridge_api_to_s3_to_snowflake.py took 0.309 seconds
[2026-04-10T00:24:05.880+0000] {processor.py:161} INFO - Started process (PID=16107) to work on /opt/airflow/dags/cambridge_api_to_s3_to_snowflake.py
[2026-04-10T00:24:05.881+0000] {processor.py:830} INFO - Processing file /opt/airflow/dags/cambridge_api_to_s3_to_snowflake.py for tasks to queue
[2026-04-10T00:24:05.881+0000] {logging_mixin.py:188} INFO - [2026-04-10T00:24:05.881+0000] {dagbag.py:538} INFO - Filling up the DagBag from /opt/airflow/dags/cambridge_api_to_s3_to_snowflake.py
[2026-04-10T00:24:06.093+0000] {processor.py:840} INFO - DAG(s) 'cambridge_crime_to_s3_to_snowflake' retrieved from /opt/airflow/dags/cambridge_api_to_s3_to_snowflake.py
[2026-04-10T00:24:06.099+0000] {logging_mixin.py:188} INFO - [2026-04-10T00:24:06.099+0000] {dag.py:3036} INFO - Sync 1 DAGs
[2026-04-10T00:24:06.106+0000] {logging_mixin.py:188} INFO - [2026-04-10T00:24:06.106+0000] {dag.py:3823} INFO - Setting next_dagrun for cambridge_crime_to_s3_to_snowflake to 2026-04-05 00:00:00+00:00, run_after=2026-04-12 00:00:00+00:00
[2026-04-10T00:24:06.111+0000] {processor.py:183} INFO - Processing /opt/airflow/dags/cambridge_api_to_s3_to_snowflake.py took 0.232 seconds
[2026-04-10T00:24:36.604+0000] {processor.py:161} INFO - Started process (PID=16187) to work on /opt/airflow/dags/cambridge_api_to_s3_to_snowflake.py
[2026-04-10T00:24:36.605+0000] {processor.py:830} INFO - Processing file /opt/airflow/dags/cambridge_api_to_s3_to_snowflake.py for tasks to queue
[2026-04-10T00:24:36.605+0000] {logging_mixin.py:188} INFO - [2026-04-10T00:24:36.605+0000] {dagbag.py:538} INFO - Filling up the DagBag from /opt/airflow/dags/cambridge_api_to_s3_to_snowflake.py
[2026-04-10T00:24:36.760+0000] {processor.py:840} INFO - DAG(s) 'cambridge_crime_to_s3_to_snowflake' retrieved from /opt/airflow/dags/cambridge_api_to_s3_to_snowflake.py
[2026-04-10T00:24:36.767+0000] {logging_mixin.py:188} INFO - [2026-04-10T00:24:36.767+0000] {dag.py:3036} INFO - Sync 1 DAGs
[2026-04-10T00:24:36.775+0000] {logging_mixin.py:188} INFO - [2026-04-10T00:24:36.775+0000] {dag.py:3823} INFO - Setting next_dagrun for cambridge_crime_to_s3_to_snowflake to 2026-04-05 00:00:00+00:00, run_after=2026-04-12 00:00:00+00:00
[2026-04-10T00:24:36.780+0000] {processor.py:183} INFO - Processing /opt/airflow/dags/cambridge_api_to_s3_to_snowflake.py took 0.177 seconds
[2026-04-10T00:25:07.582+0000] {processor.py:161} INFO - Started process (PID=16267) to work on /opt/airflow/dags/cambridge_api_to_s3_to_snowflake.py
[2026-04-10T00:25:07.582+0000] {processor.py:830} INFO - Processing file /opt/airflow/dags/cambridge_api_to_s3_to_snowflake.py for tasks to queue
[2026-04-10T00:25:07.583+0000] {logging_mixin.py:188} INFO - [2026-04-10T00:25:07.583+0000] {dagbag.py:538} INFO - Filling up the DagBag from /opt/airflow/dags/cambridge_api_to_s3_to_snowflake.py
[2026-04-10T00:25:07.740+0000] {processor.py:840} INFO - DAG(s) 'cambridge_crime_to_s3_to_snowflake' retrieved from /opt/airflow/dags/cambridge_api_to_s3_to_snowflake.py
[2026-04-10T00:25:07.747+0000] {logging_mixin.py:188} INFO - [2026-04-10T00:25:07.747+0000] {dag.py:3036} INFO - Sync 1 DAGs
[2026-04-10T00:25:07.754+0000] {logging_mixin.py:188} INFO - [2026-04-10T00:25:07.754+0000] {dag.py:3823} INFO - Setting next_dagrun for cambridge_crime_to_s3_to_snowflake to 2026-04-05 00:00:00+00:00, run_after=2026-04-12 00:00:00+00:00
[2026-04-10T00:25:07.760+0000] {processor.py:183} INFO - Processing /opt/airflow/dags/cambridge_api_to_s3_to_snowflake.py took 0.180 seconds
[2026-04-10T00:25:38.520+0000] {processor.py:161} INFO - Started process (PID=16347) to work on /opt/airflow/dags/cambridge_api_to_s3_to_snowflake.py
[2026-04-10T00:25:38.521+0000] {processor.py:830} INFO - Processing file /opt/airflow/dags/cambridge_api_to_s3_to_snowflake.py for tasks to queue
[2026-04-10T00:25:38.521+0000] {logging_mixin.py:188} INFO - [2026-04-10T00:25:38.521+0000] {dagbag.py:538} INFO - Filling up the DagBag from /opt/airflow/dags/cambridge_api_to_s3_to_snowflake.py
[2026-04-10T00:25:38.676+0000] {processor.py:840} INFO - DAG(s) 'cambridge_crime_to_s3_to_snowflake' retrieved from /opt/airflow/dags/cambridge_api_to_s3_to_snowflake.py
[2026-04-10T00:25:38.683+0000] {logging_mixin.py:188} INFO - [2026-04-10T00:25:38.683+0000] {dag.py:3036} INFO - Sync 1 DAGs
[2026-04-10T00:25:38.690+0000] {logging_mixin.py:188} INFO - [2026-04-10T00:25:38.690+0000] {dag.py:3823} INFO - Setting next_dagrun for cambridge_crime_to_s3_to_snowflake to 2026-04-05 00:00:00+00:00, run_after=2026-04-12 00:00:00+00:00
[2026-04-10T00:25:38.696+0000] {processor.py:183} INFO - Processing /opt/airflow/dags/cambridge_api_to_s3_to_snowflake.py took 0.177 seconds
[2026-04-10T00:26:09.670+0000] {processor.py:161} INFO - Started process (PID=16426) to work on /opt/airflow/dags/cambridge_api_to_s3_to_snowflake.py
[2026-04-10T00:26:09.671+0000] {processor.py:830} INFO - Processing file /opt/airflow/dags/cambridge_api_to_s3_to_snowflake.py for tasks to queue
[2026-04-10T00:26:09.672+0000] {logging_mixin.py:188} INFO - [2026-04-10T00:26:09.672+0000] {dagbag.py:538} INFO - Filling up the DagBag from /opt/airflow/dags/cambridge_api_to_s3_to_snowflake.py
[2026-04-10T00:26:09.841+0000] {processor.py:840} INFO - DAG(s) 'cambridge_crime_to_s3_to_snowflake' retrieved from /opt/airflow/dags/cambridge_api_to_s3_to_snowflake.py
[2026-04-10T00:26:09.848+0000] {logging_mixin.py:188} INFO - [2026-04-10T00:26:09.848+0000] {dag.py:3036} INFO - Sync 1 DAGs
[2026-04-10T00:26:09.856+0000] {logging_mixin.py:188} INFO - [2026-04-10T00:26:09.856+0000] {dag.py:3823} INFO - Setting next_dagrun for cambridge_crime_to_s3_to_snowflake to 2026-04-05 00:00:00+00:00, run_after=2026-04-12 00:00:00+00:00
[2026-04-10T00:26:09.861+0000] {processor.py:183} INFO - Processing /opt/airflow/dags/cambridge_api_to_s3_to_snowflake.py took 0.193 seconds
[2026-04-10T00:26:40.700+0000] {processor.py:161} INFO - Started process (PID=16506) to work on /opt/airflow/dags/cambridge_api_to_s3_to_snowflake.py
[2026-04-10T00:26:40.700+0000] {processor.py:830} INFO - Processing file /opt/airflow/dags/cambridge_api_to_s3_to_snowflake.py for tasks to queue
[2026-04-10T00:26:40.701+0000] {logging_mixin.py:188} INFO - [2026-04-10T00:26:40.701+0000] {dagbag.py:538} INFO - Filling up the DagBag from /opt/airflow/dags/cambridge_api_to_s3_to_snowflake.py
[2026-04-10T00:26:40.855+0000] {processor.py:840} INFO - DAG(s) 'cambridge_crime_to_s3_to_snowflake' retrieved from /opt/airflow/dags/cambridge_api_to_s3_to_snowflake.py
[2026-04-10T00:26:40.862+0000] {logging_mixin.py:188} INFO - [2026-04-10T00:26:40.862+0000] {dag.py:3036} INFO - Sync 1 DAGs
[2026-04-10T00:26:40.869+0000] {logging_mixin.py:188} INFO - [2026-04-10T00:26:40.869+0000] {dag.py:3823} INFO - Setting next_dagrun for cambridge_crime_to_s3_to_snowflake to 2026-04-05 00:00:00+00:00, run_after=2026-04-12 00:00:00+00:00
[2026-04-10T00:26:40.875+0000] {processor.py:183} INFO - Processing /opt/airflow/dags/cambridge_api_to_s3_to_snowflake.py took 0.177 seconds
[2026-04-10T00:27:11.701+0000] {processor.py:161} INFO - Started process (PID=16585) to work on /opt/airflow/dags/cambridge_api_to_s3_to_snowflake.py
[2026-04-10T00:27:11.701+0000] {processor.py:830} INFO - Processing file /opt/airflow/dags/cambridge_api_to_s3_to_snowflake.py for tasks to queue
[2026-04-10T00:27:11.702+0000] {logging_mixin.py:188} INFO - [2026-04-10T00:27:11.702+0000] {dagbag.py:538} INFO - Filling up the DagBag from /opt/airflow/dags/cambridge_api_to_s3_to_snowflake.py
[2026-04-10T00:27:11.881+0000] {processor.py:840} INFO - DAG(s) 'cambridge_crime_to_s3_to_snowflake' retrieved from /opt/airflow/dags/cambridge_api_to_s3_to_snowflake.py
[2026-04-10T00:27:11.891+0000] {logging_mixin.py:188} INFO - [2026-04-10T00:27:11.891+0000] {dag.py:3036} INFO - Sync 1 DAGs
[2026-04-10T00:27:11.900+0000] {logging_mixin.py:188} INFO - [2026-04-10T00:27:11.899+0000] {dag.py:3823} INFO - Setting next_dagrun for cambridge_crime_to_s3_to_snowflake to 2026-04-05 00:00:00+00:00, run_after=2026-04-12 00:00:00+00:00
[2026-04-10T00:27:11.906+0000] {processor.py:183} INFO - Processing /opt/airflow/dags/cambridge_api_to_s3_to_snowflake.py took 0.206 seconds
[2026-04-10T00:27:42.820+0000] {processor.py:161} INFO - Started process (PID=16670) to work on /opt/airflow/dags/cambridge_api_to_s3_to_snowflake.py
[2026-04-10T00:27:42.820+0000] {processor.py:830} INFO - Processing file /opt/airflow/dags/cambridge_api_to_s3_to_snowflake.py for tasks to queue
[2026-04-10T00:27:42.821+0000] {logging_mixin.py:188} INFO - [2026-04-10T00:27:42.821+0000] {dagbag.py:538} INFO - Filling up the DagBag from /opt/airflow/dags/cambridge_api_to_s3_to_snowflake.py
[2026-04-10T00:27:43.047+0000] {processor.py:840} INFO - DAG(s) 'cambridge_crime_to_s3_to_snowflake' retrieved from /opt/airflow/dags/cambridge_api_to_s3_to_snowflake.py
[2026-04-10T00:27:43.053+0000] {logging_mixin.py:188} INFO - [2026-04-10T00:27:43.053+0000] {dag.py:3036} INFO - Sync 1 DAGs
[2026-04-10T00:27:43.059+0000] {logging_mixin.py:188} INFO - [2026-04-10T00:27:43.059+0000] {dag.py:3823} INFO - Setting next_dagrun for cambridge_crime_to_s3_to_snowflake to 2026-04-05 00:00:00+00:00, run_after=2026-04-12 00:00:00+00:00
[2026-04-10T00:27:43.064+0000] {processor.py:183} INFO - Processing /opt/airflow/dags/cambridge_api_to_s3_to_snowflake.py took 0.246 seconds
[2026-04-10T00:28:13.339+0000] {processor.py:161} INFO - Started process (PID=16750) to work on /opt/airflow/dags/cambridge_api_to_s3_to_snowflake.py
[2026-04-10T00:28:13.340+0000] {processor.py:830} INFO - Processing file /opt/airflow/dags/cambridge_api_to_s3_to_snowflake.py for tasks to queue
[2026-04-10T00:28:13.340+0000] {logging_mixin.py:188} INFO - [2026-04-10T00:28:13.340+0000] {dagbag.py:538} INFO - Filling up the DagBag from /opt/airflow/dags/cambridge_api_to_s3_to_snowflake.py
[2026-04-10T00:28:13.581+0000] {processor.py:840} INFO - DAG(s) 'cambridge_crime_to_s3_to_snowflake' retrieved from /opt/airflow/dags/cambridge_api_to_s3_to_snowflake.py
[2026-04-10T00:28:13.588+0000] {logging_mixin.py:188} INFO - [2026-04-10T00:28:13.588+0000] {dag.py:3036} INFO - Sync 1 DAGs
[2026-04-10T00:28:13.595+0000] {logging_mixin.py:188} INFO - [2026-04-10T00:28:13.595+0000] {dag.py:3823} INFO - Setting next_dagrun for cambridge_crime_to_s3_to_snowflake to 2026-04-05 00:00:00+00:00, run_after=2026-04-12 00:00:00+00:00
[2026-04-10T00:28:13.600+0000] {processor.py:183} INFO - Processing /opt/airflow/dags/cambridge_api_to_s3_to_snowflake.py took 0.264 seconds
[2026-04-10T00:28:43.794+0000] {processor.py:161} INFO - Started process (PID=16830) to work on /opt/airflow/dags/cambridge_api_to_s3_to_snowflake.py
[2026-04-10T00:28:43.794+0000] {processor.py:830} INFO - Processing file /opt/airflow/dags/cambridge_api_to_s3_to_snowflake.py for tasks to queue
[2026-04-10T00:28:43.795+0000] {logging_mixin.py:188} INFO - [2026-04-10T00:28:43.795+0000] {dagbag.py:538} INFO - Filling up the DagBag from /opt/airflow/dags/cambridge_api_to_s3_to_snowflake.py
[2026-04-10T00:28:44.013+0000] {processor.py:840} INFO - DAG(s) 'cambridge_crime_to_s3_to_snowflake' retrieved from /opt/airflow/dags/cambridge_api_to_s3_to_snowflake.py
[2026-04-10T00:28:44.019+0000] {logging_mixin.py:188} INFO - [2026-04-10T00:28:44.019+0000] {dag.py:3036} INFO - Sync 1 DAGs
[2026-04-10T00:28:44.026+0000] {logging_mixin.py:188} INFO - [2026-04-10T00:28:44.026+0000] {dag.py:3823} INFO - Setting next_dagrun for cambridge_crime_to_s3_to_snowflake to 2026-04-05 00:00:00+00:00, run_after=2026-04-12 00:00:00+00:00
[2026-04-10T00:28:44.031+0000] {processor.py:183} INFO - Processing /opt/airflow/dags/cambridge_api_to_s3_to_snowflake.py took 0.239 seconds
[2026-04-10T00:29:15.107+0000] {processor.py:161} INFO - Started process (PID=16910) to work on /opt/airflow/dags/cambridge_api_to_s3_to_snowflake.py
[2026-04-10T00:29:15.108+0000] {processor.py:830} INFO - Processing file /opt/airflow/dags/cambridge_api_to_s3_to_snowflake.py for tasks to queue
[2026-04-10T00:29:15.108+0000] {logging_mixin.py:188} INFO - [2026-04-10T00:29:15.108+0000] {dagbag.py:538} INFO - Filling up the DagBag from /opt/airflow/dags/cambridge_api_to_s3_to_snowflake.py
[2026-04-10T00:29:15.335+0000] {processor.py:840} INFO - DAG(s) 'cambridge_crime_to_s3_to_snowflake' retrieved from /opt/airflow/dags/cambridge_api_to_s3_to_snowflake.py
[2026-04-10T00:29:15.341+0000] {logging_mixin.py:188} INFO - [2026-04-10T00:29:15.341+0000] {dag.py:3036} INFO - Sync 1 DAGs
[2026-04-10T00:29:15.348+0000] {logging_mixin.py:188} INFO - [2026-04-10T00:29:15.348+0000] {dag.py:3823} INFO - Setting next_dagrun for cambridge_crime_to_s3_to_snowflake to 2026-04-05 00:00:00+00:00, run_after=2026-04-12 00:00:00+00:00
[2026-04-10T00:29:15.354+0000] {processor.py:183} INFO - Processing /opt/airflow/dags/cambridge_api_to_s3_to_snowflake.py took 0.248 seconds
[2026-04-10T00:29:45.723+0000] {processor.py:161} INFO - Started process (PID=16990) to work on /opt/airflow/dags/cambridge_api_to_s3_to_snowflake.py
[2026-04-10T00:29:45.723+0000] {processor.py:830} INFO - Processing file /opt/airflow/dags/cambridge_api_to_s3_to_snowflake.py for tasks to queue
[2026-04-10T00:29:45.724+0000] {logging_mixin.py:188} INFO - [2026-04-10T00:29:45.724+0000] {dagbag.py:538} INFO - Filling up the DagBag from /opt/airflow/dags/cambridge_api_to_s3_to_snowflake.py
[2026-04-10T00:29:45.945+0000] {processor.py:840} INFO - DAG(s) 'cambridge_crime_to_s3_to_snowflake' retrieved from /opt/airflow/dags/cambridge_api_to_s3_to_snowflake.py
[2026-04-10T00:29:45.951+0000] {logging_mixin.py:188} INFO - [2026-04-10T00:29:45.951+0000] {dag.py:3036} INFO - Sync 1 DAGs
[2026-04-10T00:29:45.958+0000] {logging_mixin.py:188} INFO - [2026-04-10T00:29:45.958+0000] {dag.py:3823} INFO - Setting next_dagrun for cambridge_crime_to_s3_to_snowflake to 2026-04-05 00:00:00+00:00, run_after=2026-04-12 00:00:00+00:00
[2026-04-10T00:29:45.963+0000] {processor.py:183} INFO - Processing /opt/airflow/dags/cambridge_api_to_s3_to_snowflake.py took 0.242 seconds
[2026-04-10T00:30:16.090+0000] {processor.py:161} INFO - Started process (PID=17070) to work on /opt/airflow/dags/cambridge_api_to_s3_to_snowflake.py
[2026-04-10T00:30:16.090+0000] {processor.py:830} INFO - Processing file /opt/airflow/dags/cambridge_api_to_s3_to_snowflake.py for tasks to queue
[2026-04-10T00:30:16.091+0000] {logging_mixin.py:188} INFO - [2026-04-10T00:30:16.091+0000] {dagbag.py:538} INFO - Filling up the DagBag from /opt/airflow/dags/cambridge_api_to_s3_to_snowflake.py
[2026-04-10T00:30:16.337+0000] {processor.py:840} INFO - DAG(s) 'cambridge_crime_to_s3_to_snowflake' retrieved from /opt/airflow/dags/cambridge_api_to_s3_to_snowflake.py
[2026-04-10T00:30:16.343+0000] {logging_mixin.py:188} INFO - [2026-04-10T00:30:16.343+0000] {dag.py:3036} INFO - Sync 1 DAGs
[2026-04-10T00:30:16.351+0000] {logging_mixin.py:188} INFO - [2026-04-10T00:30:16.351+0000] {dag.py:3823} INFO - Setting next_dagrun for cambridge_crime_to_s3_to_snowflake to 2026-04-05 00:00:00+00:00, run_after=2026-04-12 00:00:00+00:00
[2026-04-10T00:30:16.357+0000] {processor.py:183} INFO - Processing /opt/airflow/dags/cambridge_api_to_s3_to_snowflake.py took 0.268 seconds
[2026-04-10T00:30:47.042+0000] {processor.py:161} INFO - Started process (PID=17150) to work on /opt/airflow/dags/cambridge_api_to_s3_to_snowflake.py
[2026-04-10T00:30:47.042+0000] {processor.py:830} INFO - Processing file /opt/airflow/dags/cambridge_api_to_s3_to_snowflake.py for tasks to queue
[2026-04-10T00:30:47.043+0000] {logging_mixin.py:188} INFO - [2026-04-10T00:30:47.043+0000] {dagbag.py:538} INFO - Filling up the DagBag from /opt/airflow/dags/cambridge_api_to_s3_to_snowflake.py
[2026-04-10T00:30:47.284+0000] {processor.py:840} INFO - DAG(s) 'cambridge_crime_to_s3_to_snowflake' retrieved from /opt/airflow/dags/cambridge_api_to_s3_to_snowflake.py
[2026-04-10T00:30:47.291+0000] {logging_mixin.py:188} INFO - [2026-04-10T00:30:47.290+0000] {dag.py:3036} INFO - Sync 1 DAGs
[2026-04-10T00:30:47.297+0000] {logging_mixin.py:188} INFO - [2026-04-10T00:30:47.297+0000] {dag.py:3823} INFO - Setting next_dagrun for cambridge_crime_to_s3_to_snowflake to 2026-04-05 00:00:00+00:00, run_after=2026-04-12 00:00:00+00:00
[2026-04-10T00:30:47.304+0000] {processor.py:183} INFO - Processing /opt/airflow/dags/cambridge_api_to_s3_to_snowflake.py took 0.264 seconds
[2026-04-10T00:31:17.943+0000] {processor.py:161} INFO - Started process (PID=17230) to work on /opt/airflow/dags/cambridge_api_to_s3_to_snowflake.py
[2026-04-10T00:31:17.943+0000] {processor.py:830} INFO - Processing file /opt/airflow/dags/cambridge_api_to_s3_to_snowflake.py for tasks to queue
[2026-04-10T00:31:17.944+0000] {logging_mixin.py:188} INFO - [2026-04-10T00:31:17.944+0000] {dagbag.py:538} INFO - Filling up the DagBag from /opt/airflow/dags/cambridge_api_to_s3_to_snowflake.py
[2026-04-10T00:31:18.188+0000] {processor.py:840} INFO - DAG(s) 'cambridge_crime_to_s3_to_snowflake' retrieved from /opt/airflow/dags/cambridge_api_to_s3_to_snowflake.py
[2026-04-10T00:31:18.194+0000] {logging_mixin.py:188} INFO - [2026-04-10T00:31:18.194+0000] {dag.py:3036} INFO - Sync 1 DAGs
[2026-04-10T00:31:18.202+0000] {logging_mixin.py:188} INFO - [2026-04-10T00:31:18.201+0000] {dag.py:3823} INFO - Setting next_dagrun for cambridge_crime_to_s3_to_snowflake to 2026-04-05 00:00:00+00:00, run_after=2026-04-12 00:00:00+00:00
[2026-04-10T00:31:18.207+0000] {processor.py:183} INFO - Processing /opt/airflow/dags/cambridge_api_to_s3_to_snowflake.py took 0.265 seconds
[2026-04-10T00:31:48.988+0000] {processor.py:161} INFO - Started process (PID=17310) to work on /opt/airflow/dags/cambridge_api_to_s3_to_snowflake.py
[2026-04-10T00:31:48.988+0000] {processor.py:830} INFO - Processing file /opt/airflow/dags/cambridge_api_to_s3_to_snowflake.py for tasks to queue
[2026-04-10T00:31:48.989+0000] {logging_mixin.py:188} INFO - [2026-04-10T00:31:48.989+0000] {dagbag.py:538} INFO - Filling up the DagBag from /opt/airflow/dags/cambridge_api_to_s3_to_snowflake.py
[2026-04-10T00:31:49.235+0000] {processor.py:840} INFO - DAG(s) 'cambridge_crime_to_s3_to_snowflake' retrieved from /opt/airflow/dags/cambridge_api_to_s3_to_snowflake.py
[2026-04-10T00:31:49.241+0000] {logging_mixin.py:188} INFO - [2026-04-10T00:31:49.241+0000] {dag.py:3036} INFO - Sync 1 DAGs
[2026-04-10T00:31:49.249+0000] {logging_mixin.py:188} INFO - [2026-04-10T00:31:49.249+0000] {dag.py:3823} INFO - Setting next_dagrun for cambridge_crime_to_s3_to_snowflake to 2026-04-05 00:00:00+00:00, run_after=2026-04-12 00:00:00+00:00
[2026-04-10T00:31:49.257+0000] {processor.py:183} INFO - Processing /opt/airflow/dags/cambridge_api_to_s3_to_snowflake.py took 0.271 seconds
[2026-04-10T00:32:19.840+0000] {processor.py:161} INFO - Started process (PID=17390) to work on /opt/airflow/dags/cambridge_api_to_s3_to_snowflake.py
[2026-04-10T00:32:19.840+0000] {processor.py:830} INFO - Processing file /opt/airflow/dags/cambridge_api_to_s3_to_snowflake.py for tasks to queue
[2026-04-10T00:32:19.841+0000] {logging_mixin.py:188} INFO - [2026-04-10T00:32:19.841+0000] {dagbag.py:538} INFO - Filling up the DagBag from /opt/airflow/dags/cambridge_api_to_s3_to_snowflake.py
[2026-04-10T00:32:20.019+0000] {processor.py:840} INFO - DAG(s) 'cambridge_crime_to_s3_to_snowflake' retrieved from /opt/airflow/dags/cambridge_api_to_s3_to_snowflake.py
[2026-04-10T00:32:20.027+0000] {logging_mixin.py:188} INFO - [2026-04-10T00:32:20.027+0000] {dag.py:3036} INFO - Sync 1 DAGs
[2026-04-10T00:32:20.037+0000] {logging_mixin.py:188} INFO - [2026-04-10T00:32:20.037+0000] {dag.py:3823} INFO - Setting next_dagrun for cambridge_crime_to_s3_to_snowflake to 2026-04-05 00:00:00+00:00, run_after=2026-04-12 00:00:00+00:00
[2026-04-10T00:32:20.043+0000] {processor.py:183} INFO - Processing /opt/airflow/dags/cambridge_api_to_s3_to_snowflake.py took 0.205 seconds
[2026-04-10T00:32:50.208+0000] {processor.py:161} INFO - Started process (PID=17470) to work on /opt/airflow/dags/cambridge_api_to_s3_to_snowflake.py
[2026-04-10T00:32:50.209+0000] {processor.py:830} INFO - Processing file /opt/airflow/dags/cambridge_api_to_s3_to_snowflake.py for tasks to queue
[2026-04-10T00:32:50.209+0000] {logging_mixin.py:188} INFO - [2026-04-10T00:32:50.209+0000] {dagbag.py:538} INFO - Filling up the DagBag from /opt/airflow/dags/cambridge_api_to_s3_to_snowflake.py
[2026-04-10T00:32:50.375+0000] {processor.py:840} INFO - DAG(s) 'cambridge_crime_to_s3_to_snowflake' retrieved from /opt/airflow/dags/cambridge_api_to_s3_to_snowflake.py
[2026-04-10T00:32:50.382+0000] {logging_mixin.py:188} INFO - [2026-04-10T00:32:50.382+0000] {dag.py:3036} INFO - Sync 1 DAGs
[2026-04-10T00:32:50.390+0000] {logging_mixin.py:188} INFO - [2026-04-10T00:32:50.389+0000] {dag.py:3823} INFO - Setting next_dagrun for cambridge_crime_to_s3_to_snowflake to 2026-04-05 00:00:00+00:00, run_after=2026-04-12 00:00:00+00:00
[2026-04-10T00:32:50.395+0000] {processor.py:183} INFO - Processing /opt/airflow/dags/cambridge_api_to_s3_to_snowflake.py took 0.188 seconds
[2026-04-10T00:33:21.249+0000] {processor.py:161} INFO - Started process (PID=17550) to work on /opt/airflow/dags/cambridge_api_to_s3_to_snowflake.py
[2026-04-10T00:33:21.250+0000] {processor.py:830} INFO - Processing file /opt/airflow/dags/cambridge_api_to_s3_to_snowflake.py for tasks to queue
[2026-04-10T00:33:21.252+0000] {logging_mixin.py:188} INFO - [2026-04-10T00:33:21.252+0000] {dagbag.py:538} INFO - Filling up the DagBag from /opt/airflow/dags/cambridge_api_to_s3_to_snowflake.py
[2026-04-10T00:33:21.421+0000] {processor.py:840} INFO - DAG(s) 'cambridge_crime_to_s3_to_snowflake' retrieved from /opt/airflow/dags/cambridge_api_to_s3_to_snowflake.py
[2026-04-10T00:33:21.430+0000] {logging_mixin.py:188} INFO - [2026-04-10T00:33:21.430+0000] {dag.py:3036} INFO - Sync 1 DAGs
[2026-04-10T00:33:21.443+0000] {logging_mixin.py:188} INFO - [2026-04-10T00:33:21.443+0000] {dag.py:3823} INFO - Setting next_dagrun for cambridge_crime_to_s3_to_snowflake to 2026-04-05 00:00:00+00:00, run_after=2026-04-12 00:00:00+00:00
[2026-04-10T00:33:21.452+0000] {processor.py:183} INFO - Processing /opt/airflow/dags/cambridge_api_to_s3_to_snowflake.py took 0.204 seconds
[2026-04-10T00:33:52.248+0000] {processor.py:161} INFO - Started process (PID=17630) to work on /opt/airflow/dags/cambridge_api_to_s3_to_snowflake.py
[2026-04-10T00:33:52.248+0000] {processor.py:830} INFO - Processing file /opt/airflow/dags/cambridge_api_to_s3_to_snowflake.py for tasks to queue
[2026-04-10T00:33:52.249+0000] {logging_mixin.py:188} INFO - [2026-04-10T00:33:52.249+0000] {dagbag.py:538} INFO - Filling up the DagBag from /opt/airflow/dags/cambridge_api_to_s3_to_snowflake.py
[2026-04-10T00:33:52.414+0000] {processor.py:840} INFO - DAG(s) 'cambridge_crime_to_s3_to_snowflake' retrieved from /opt/airflow/dags/cambridge_api_to_s3_to_snowflake.py
[2026-04-10T00:33:52.422+0000] {logging_mixin.py:188} INFO - [2026-04-10T00:33:52.422+0000] {dag.py:3036} INFO - Sync 1 DAGs
[2026-04-10T00:33:52.431+0000] {logging_mixin.py:188} INFO - [2026-04-10T00:33:52.431+0000] {dag.py:3823} INFO - Setting next_dagrun for cambridge_crime_to_s3_to_snowflake to 2026-04-05 00:00:00+00:00, run_after=2026-04-12 00:00:00+00:00
[2026-04-10T00:33:52.436+0000] {processor.py:183} INFO - Processing /opt/airflow/dags/cambridge_api_to_s3_to_snowflake.py took 0.190 seconds
[2026-04-10T00:34:23.260+0000] {processor.py:161} INFO - Started process (PID=17710) to work on /opt/airflow/dags/cambridge_api_to_s3_to_snowflake.py
[2026-04-10T00:34:23.261+0000] {processor.py:830} INFO - Processing file /opt/airflow/dags/cambridge_api_to_s3_to_snowflake.py for tasks to queue
[2026-04-10T00:34:23.262+0000] {logging_mixin.py:188} INFO - [2026-04-10T00:34:23.262+0000] {dagbag.py:538} INFO - Filling up the DagBag from /opt/airflow/dags/cambridge_api_to_s3_to_snowflake.py
[2026-04-10T00:34:23.427+0000] {processor.py:840} INFO - DAG(s) 'cambridge_crime_to_s3_to_snowflake' retrieved from /opt/airflow/dags/cambridge_api_to_s3_to_snowflake.py
[2026-04-10T00:34:23.438+0000] {logging_mixin.py:188} INFO - [2026-04-10T00:34:23.438+0000] {dag.py:3036} INFO - Sync 1 DAGs
[2026-04-10T00:34:23.448+0000] {logging_mixin.py:188} INFO - [2026-04-10T00:34:23.448+0000] {dag.py:3823} INFO - Setting next_dagrun for cambridge_crime_to_s3_to_snowflake to 2026-04-05 00:00:00+00:00, run_after=2026-04-12 00:00:00+00:00
[2026-04-10T00:34:23.456+0000] {processor.py:183} INFO - Processing /opt/airflow/dags/cambridge_api_to_s3_to_snowflake.py took 0.197 seconds
[2026-04-10T00:34:53.678+0000] {processor.py:161} INFO - Started process (PID=17790) to work on /opt/airflow/dags/cambridge_api_to_s3_to_snowflake.py
[2026-04-10T00:34:53.679+0000] {processor.py:830} INFO - Processing file /opt/airflow/dags/cambridge_api_to_s3_to_snowflake.py for tasks to queue
[2026-04-10T00:34:53.679+0000] {logging_mixin.py:188} INFO - [2026-04-10T00:34:53.679+0000] {dagbag.py:538} INFO - Filling up the DagBag from /opt/airflow/dags/cambridge_api_to_s3_to_snowflake.py
[2026-04-10T00:34:53.846+0000] {processor.py:840} INFO - DAG(s) 'cambridge_crime_to_s3_to_snowflake' retrieved from /opt/airflow/dags/cambridge_api_to_s3_to_snowflake.py
[2026-04-10T00:34:53.853+0000] {logging_mixin.py:188} INFO - [2026-04-10T00:34:53.853+0000] {dag.py:3036} INFO - Sync 1 DAGs
[2026-04-10T00:34:53.861+0000] {logging_mixin.py:188} INFO - [2026-04-10T00:34:53.861+0000] {dag.py:3823} INFO - Setting next_dagrun for cambridge_crime_to_s3_to_snowflake to 2026-04-05 00:00:00+00:00, run_after=2026-04-12 00:00:00+00:00
[2026-04-10T00:34:53.867+0000] {processor.py:183} INFO - Processing /opt/airflow/dags/cambridge_api_to_s3_to_snowflake.py took 0.191 seconds
[2026-04-10T00:35:24.872+0000] {processor.py:161} INFO - Started process (PID=17870) to work on /opt/airflow/dags/cambridge_api_to_s3_to_snowflake.py
[2026-04-10T00:35:24.873+0000] {processor.py:830} INFO - Processing file /opt/airflow/dags/cambridge_api_to_s3_to_snowflake.py for tasks to queue
[2026-04-10T00:35:24.875+0000] {logging_mixin.py:188} INFO - [2026-04-10T00:35:24.875+0000] {dagbag.py:538} INFO - Filling up the DagBag from /opt/airflow/dags/cambridge_api_to_s3_to_snowflake.py
[2026-04-10T00:35:25.081+0000] {processor.py:840} INFO - DAG(s) 'cambridge_crime_to_s3_to_snowflake' retrieved from /opt/airflow/dags/cambridge_api_to_s3_to_snowflake.py
[2026-04-10T00:35:25.091+0000] {logging_mixin.py:188} INFO - [2026-04-10T00:35:25.091+0000] {dag.py:3036} INFO - Sync 1 DAGs
[2026-04-10T00:35:25.101+0000] {logging_mixin.py:188} INFO - [2026-04-10T00:35:25.100+0000] {dag.py:3823} INFO - Setting next_dagrun for cambridge_crime_to_s3_to_snowflake to 2026-04-05 00:00:00+00:00, run_after=2026-04-12 00:00:00+00:00
[2026-04-10T00:35:25.108+0000] {processor.py:183} INFO - Processing /opt/airflow/dags/cambridge_api_to_s3_to_snowflake.py took 0.239 seconds
[2026-04-10T00:35:56.220+0000] {processor.py:161} INFO - Started process (PID=17950) to work on /opt/airflow/dags/cambridge_api_to_s3_to_snowflake.py
[2026-04-10T00:35:56.221+0000] {processor.py:830} INFO - Processing file /opt/airflow/dags/cambridge_api_to_s3_to_snowflake.py for tasks to queue
[2026-04-10T00:35:56.222+0000] {logging_mixin.py:188} INFO - [2026-04-10T00:35:56.222+0000] {dagbag.py:538} INFO - Filling up the DagBag from /opt/airflow/dags/cambridge_api_to_s3_to_snowflake.py
[2026-04-10T00:35:56.398+0000] {processor.py:840} INFO - DAG(s) 'cambridge_crime_to_s3_to_snowflake' retrieved from /opt/airflow/dags/cambridge_api_to_s3_to_snowflake.py
[2026-04-10T00:35:56.482+0000] {logging_mixin.py:188} INFO - [2026-04-10T00:35:56.482+0000] {dag.py:3036} INFO - Sync 1 DAGs
[2026-04-10T00:35:56.491+0000] {logging_mixin.py:188} INFO - [2026-04-10T00:35:56.491+0000] {dag.py:3823} INFO - Setting next_dagrun for cambridge_crime_to_s3_to_snowflake to 2026-04-05 00:00:00+00:00, run_after=2026-04-12 00:00:00+00:00
[2026-04-10T00:35:56.502+0000] {processor.py:183} INFO - Processing /opt/airflow/dags/cambridge_api_to_s3_to_snowflake.py took 0.283 seconds
[2026-04-10T00:36:26.753+0000] {processor.py:161} INFO - Started process (PID=18030) to work on /opt/airflow/dags/cambridge_api_to_s3_to_snowflake.py
[2026-04-10T00:36:26.753+0000] {processor.py:830} INFO - Processing file /opt/airflow/dags/cambridge_api_to_s3_to_snowflake.py for tasks to queue
[2026-04-10T00:36:26.754+0000] {logging_mixin.py:188} INFO - [2026-04-10T00:36:26.754+0000] {dagbag.py:538} INFO - Filling up the DagBag from /opt/airflow/dags/cambridge_api_to_s3_to_snowflake.py
[2026-04-10T00:36:26.990+0000] {processor.py:840} INFO - DAG(s) 'cambridge_crime_to_s3_to_snowflake' retrieved from /opt/airflow/dags/cambridge_api_to_s3_to_snowflake.py
[2026-04-10T00:36:26.999+0000] {logging_mixin.py:188} INFO - [2026-04-10T00:36:26.999+0000] {dag.py:3036} INFO - Sync 1 DAGs
[2026-04-10T00:36:27.009+0000] {logging_mixin.py:188} INFO - [2026-04-10T00:36:27.009+0000] {dag.py:3823} INFO - Setting next_dagrun for cambridge_crime_to_s3_to_snowflake to 2026-04-05 00:00:00+00:00, run_after=2026-04-12 00:00:00+00:00
[2026-04-10T00:36:27.018+0000] {processor.py:183} INFO - Processing /opt/airflow/dags/cambridge_api_to_s3_to_snowflake.py took 0.267 seconds
[2026-04-10T00:36:57.384+0000] {processor.py:161} INFO - Started process (PID=18110) to work on /opt/airflow/dags/cambridge_api_to_s3_to_snowflake.py
[2026-04-10T00:36:57.384+0000] {processor.py:830} INFO - Processing file /opt/airflow/dags/cambridge_api_to_s3_to_snowflake.py for tasks to queue
[2026-04-10T00:36:57.385+0000] {logging_mixin.py:188} INFO - [2026-04-10T00:36:57.385+0000] {dagbag.py:538} INFO - Filling up the DagBag from /opt/airflow/dags/cambridge_api_to_s3_to_snowflake.py
[2026-04-10T00:36:57.635+0000] {processor.py:840} INFO - DAG(s) 'cambridge_crime_to_s3_to_snowflake' retrieved from /opt/airflow/dags/cambridge_api_to_s3_to_snowflake.py
[2026-04-10T00:36:57.642+0000] {logging_mixin.py:188} INFO - [2026-04-10T00:36:57.642+0000] {dag.py:3036} INFO - Sync 1 DAGs
[2026-04-10T00:36:57.649+0000] {logging_mixin.py:188} INFO - [2026-04-10T00:36:57.649+0000] {dag.py:3823} INFO - Setting next_dagrun for cambridge_crime_to_s3_to_snowflake to 2026-04-05 00:00:00+00:00, run_after=2026-04-12 00:00:00+00:00
[2026-04-10T00:36:57.654+0000] {processor.py:183} INFO - Processing /opt/airflow/dags/cambridge_api_to_s3_to_snowflake.py took 0.272 seconds
[2026-04-10T00:37:28.116+0000] {processor.py:161} INFO - Started process (PID=18190) to work on /opt/airflow/dags/cambridge_api_to_s3_to_snowflake.py
[2026-04-10T00:37:28.119+0000] {processor.py:830} INFO - Processing file /opt/airflow/dags/cambridge_api_to_s3_to_snowflake.py for tasks to queue
[2026-04-10T00:37:28.120+0000] {logging_mixin.py:188} INFO - [2026-04-10T00:37:28.120+0000] {dagbag.py:538} INFO - Filling up the DagBag from /opt/airflow/dags/cambridge_api_to_s3_to_snowflake.py
[2026-04-10T00:37:28.368+0000] {processor.py:840} INFO - DAG(s) 'cambridge_crime_to_s3_to_snowflake' retrieved from /opt/airflow/dags/cambridge_api_to_s3_to_snowflake.py
[2026-04-10T00:37:28.378+0000] {logging_mixin.py:188} INFO - [2026-04-10T00:37:28.378+0000] {dag.py:3036} INFO - Sync 1 DAGs
[2026-04-10T00:37:28.389+0000] {logging_mixin.py:188} INFO - [2026-04-10T00:37:28.389+0000] {dag.py:3823} INFO - Setting next_dagrun for cambridge_crime_to_s3_to_snowflake to 2026-04-05 00:00:00+00:00, run_after=2026-04-12 00:00:00+00:00
[2026-04-10T00:37:28.399+0000] {processor.py:183} INFO - Processing /opt/airflow/dags/cambridge_api_to_s3_to_snowflake.py took 0.285 seconds
[2026-04-10T00:37:58.621+0000] {processor.py:161} INFO - Started process (PID=18270) to work on /opt/airflow/dags/cambridge_api_to_s3_to_snowflake.py
[2026-04-10T00:37:58.622+0000] {processor.py:830} INFO - Processing file /opt/airflow/dags/cambridge_api_to_s3_to_snowflake.py for tasks to queue
[2026-04-10T00:37:58.622+0000] {logging_mixin.py:188} INFO - [2026-04-10T00:37:58.622+0000] {dagbag.py:538} INFO - Filling up the DagBag from /opt/airflow/dags/cambridge_api_to_s3_to_snowflake.py
[2026-04-10T00:37:58.840+0000] {processor.py:840} INFO - DAG(s) 'cambridge_crime_to_s3_to_snowflake' retrieved from /opt/airflow/dags/cambridge_api_to_s3_to_snowflake.py
[2026-04-10T00:37:58.846+0000] {logging_mixin.py:188} INFO - [2026-04-10T00:37:58.846+0000] {dag.py:3036} INFO - Sync 1 DAGs
[2026-04-10T00:37:58.853+0000] {logging_mixin.py:188} INFO - [2026-04-10T00:37:58.853+0000] {dag.py:3823} INFO - Setting next_dagrun for cambridge_crime_to_s3_to_snowflake to 2026-04-05 00:00:00+00:00, run_after=2026-04-12 00:00:00+00:00
[2026-04-10T00:37:58.858+0000] {processor.py:183} INFO - Processing /opt/airflow/dags/cambridge_api_to_s3_to_snowflake.py took 0.238 seconds
[2026-04-10T00:38:29.608+0000] {processor.py:161} INFO - Started process (PID=18350) to work on /opt/airflow/dags/cambridge_api_to_s3_to_snowflake.py
[2026-04-10T00:38:29.608+0000] {processor.py:830} INFO - Processing file /opt/airflow/dags/cambridge_api_to_s3_to_snowflake.py for tasks to queue
[2026-04-10T00:38:29.609+0000] {logging_mixin.py:188} INFO - [2026-04-10T00:38:29.609+0000] {dagbag.py:538} INFO - Filling up the DagBag from /opt/airflow/dags/cambridge_api_to_s3_to_snowflake.py
[2026-04-10T00:38:29.840+0000] {processor.py:840} INFO - DAG(s) 'cambridge_crime_to_s3_to_snowflake' retrieved from /opt/airflow/dags/cambridge_api_to_s3_to_snowflake.py
[2026-04-10T00:38:29.846+0000] {logging_mixin.py:188} INFO - [2026-04-10T00:38:29.846+0000] {dag.py:3036} INFO - Sync 1 DAGs
[2026-04-10T00:38:29.852+0000] {logging_mixin.py:188} INFO - [2026-04-10T00:38:29.852+0000] {dag.py:3823} INFO - Setting next_dagrun for cambridge_crime_to_s3_to_snowflake to 2026-04-05 00:00:00+00:00, run_after=2026-04-12 00:00:00+00:00
[2026-04-10T00:38:29.858+0000] {processor.py:183} INFO - Processing /opt/airflow/dags/cambridge_api_to_s3_to_snowflake.py took 0.252 seconds
[2026-04-10T00:39:00.646+0000] {processor.py:161} INFO - Started process (PID=18430) to work on /opt/airflow/dags/cambridge_api_to_s3_to_snowflake.py
[2026-04-10T00:39:00.647+0000] {processor.py:830} INFO - Processing file /opt/airflow/dags/cambridge_api_to_s3_to_snowflake.py for tasks to queue
[2026-04-10T00:39:00.648+0000] {logging_mixin.py:188} INFO - [2026-04-10T00:39:00.648+0000] {dagbag.py:538} INFO - Filling up the DagBag from /opt/airflow/dags/cambridge_api_to_s3_to_snowflake.py
[2026-04-10T00:39:00.904+0000] {processor.py:840} INFO - DAG(s) 'cambridge_crime_to_s3_to_snowflake' retrieved from /opt/airflow/dags/cambridge_api_to_s3_to_snowflake.py
[2026-04-10T00:39:00.915+0000] {logging_mixin.py:188} INFO - [2026-04-10T00:39:00.915+0000] {dag.py:3036} INFO - Sync 1 DAGs
[2026-04-10T00:39:00.922+0000] {logging_mixin.py:188} INFO - [2026-04-10T00:39:00.922+0000] {dag.py:3823} INFO - Setting next_dagrun for cambridge_crime_to_s3_to_snowflake to 2026-04-05 00:00:00+00:00, run_after=2026-04-12 00:00:00+00:00
[2026-04-10T00:39:00.928+0000] {processor.py:183} INFO - Processing /opt/airflow/dags/cambridge_api_to_s3_to_snowflake.py took 0.284 seconds
[2026-04-10T00:39:31.039+0000] {processor.py:161} INFO - Started process (PID=18510) to work on /opt/airflow/dags/cambridge_api_to_s3_to_snowflake.py
[2026-04-10T00:39:31.039+0000] {processor.py:830} INFO - Processing file /opt/airflow/dags/cambridge_api_to_s3_to_snowflake.py for tasks to queue
[2026-04-10T00:39:31.040+0000] {logging_mixin.py:188} INFO - [2026-04-10T00:39:31.040+0000] {dagbag.py:538} INFO - Filling up the DagBag from /opt/airflow/dags/cambridge_api_to_s3_to_snowflake.py
[2026-04-10T00:39:31.276+0000] {processor.py:840} INFO - DAG(s) 'cambridge_crime_to_s3_to_snowflake' retrieved from /opt/airflow/dags/cambridge_api_to_s3_to_snowflake.py
[2026-04-10T00:39:31.281+0000] {logging_mixin.py:188} INFO - [2026-04-10T00:39:31.281+0000] {dag.py:3036} INFO - Sync 1 DAGs
[2026-04-10T00:39:31.288+0000] {logging_mixin.py:188} INFO - [2026-04-10T00:39:31.288+0000] {dag.py:3823} INFO - Setting next_dagrun for cambridge_crime_to_s3_to_snowflake to 2026-04-05 00:00:00+00:00, run_after=2026-04-12 00:00:00+00:00
[2026-04-10T00:39:31.294+0000] {processor.py:183} INFO - Processing /opt/airflow/dags/cambridge_api_to_s3_to_snowflake.py took 0.256 seconds
[2026-04-10T00:40:01.557+0000] {processor.py:161} INFO - Started process (PID=18590) to work on /opt/airflow/dags/cambridge_api_to_s3_to_snowflake.py
[2026-04-10T00:40:01.557+0000] {processor.py:830} INFO - Processing file /opt/airflow/dags/cambridge_api_to_s3_to_snowflake.py for tasks to queue
[2026-04-10T00:40:01.558+0000] {logging_mixin.py:188} INFO - [2026-04-10T00:40:01.558+0000] {dagbag.py:538} INFO - Filling up the DagBag from /opt/airflow/dags/cambridge_api_to_s3_to_snowflake.py
[2026-04-10T00:40:01.791+0000] {processor.py:840} INFO - DAG(s) 'cambridge_crime_to_s3_to_snowflake' retrieved from /opt/airflow/dags/cambridge_api_to_s3_to_snowflake.py
[2026-04-10T00:40:01.797+0000] {logging_mixin.py:188} INFO - [2026-04-10T00:40:01.797+0000] {dag.py:3036} INFO - Sync 1 DAGs
[2026-04-10T00:40:01.806+0000] {logging_mixin.py:188} INFO - [2026-04-10T00:40:01.805+0000] {dag.py:3823} INFO - Setting next_dagrun for cambridge_crime_to_s3_to_snowflake to 2026-04-05 00:00:00+00:00, run_after=2026-04-12 00:00:00+00:00
[2026-04-10T00:40:01.812+0000] {processor.py:183} INFO - Processing /opt/airflow/dags/cambridge_api_to_s3_to_snowflake.py took 0.256 seconds
[2026-04-10T00:40:31.935+0000] {processor.py:161} INFO - Started process (PID=18670) to work on /opt/airflow/dags/cambridge_api_to_s3_to_snowflake.py
[2026-04-10T00:40:31.935+0000] {processor.py:830} INFO - Processing file /opt/airflow/dags/cambridge_api_to_s3_to_snowflake.py for tasks to queue
[2026-04-10T00:40:31.936+0000] {logging_mixin.py:188} INFO - [2026-04-10T00:40:31.936+0000] {dagbag.py:538} INFO - Filling up the DagBag from /opt/airflow/dags/cambridge_api_to_s3_to_snowflake.py
[2026-04-10T00:40:32.096+0000] {processor.py:840} INFO - DAG(s) 'cambridge_crime_to_s3_to_snowflake' retrieved from /opt/airflow/dags/cambridge_api_to_s3_to_snowflake.py
[2026-04-10T00:40:32.103+0000] {logging_mixin.py:188} INFO - [2026-04-10T00:40:32.103+0000] {dag.py:3036} INFO - Sync 1 DAGs
[2026-04-10T00:40:32.111+0000] {logging_mixin.py:188} INFO - [2026-04-10T00:40:32.111+0000] {dag.py:3823} INFO - Setting next_dagrun for cambridge_crime_to_s3_to_snowflake to 2026-04-05 00:00:00+00:00, run_after=2026-04-12 00:00:00+00:00
[2026-04-10T00:40:32.117+0000] {processor.py:183} INFO - Processing /opt/airflow/dags/cambridge_api_to_s3_to_snowflake.py took 0.184 seconds
[2026-04-10T00:41:02.488+0000] {processor.py:161} INFO - Started process (PID=18750) to work on /opt/airflow/dags/cambridge_api_to_s3_to_snowflake.py
[2026-04-10T00:41:02.488+0000] {processor.py:830} INFO - Processing file /opt/airflow/dags/cambridge_api_to_s3_to_snowflake.py for tasks to queue
[2026-04-10T00:41:02.489+0000] {logging_mixin.py:188} INFO - [2026-04-10T00:41:02.489+0000] {dagbag.py:538} INFO - Filling up the DagBag from /opt/airflow/dags/cambridge_api_to_s3_to_snowflake.py
[2026-04-10T00:41:02.651+0000] {processor.py:840} INFO - DAG(s) 'cambridge_crime_to_s3_to_snowflake' retrieved from /opt/airflow/dags/cambridge_api_to_s3_to_snowflake.py
[2026-04-10T00:41:02.658+0000] {logging_mixin.py:188} INFO - [2026-04-10T00:41:02.657+0000] {dag.py:3036} INFO - Sync 1 DAGs
[2026-04-10T00:41:02.665+0000] {logging_mixin.py:188} INFO - [2026-04-10T00:41:02.665+0000] {dag.py:3823} INFO - Setting next_dagrun for cambridge_crime_to_s3_to_snowflake to 2026-04-05 00:00:00+00:00, run_after=2026-04-12 00:00:00+00:00
[2026-04-10T00:41:02.671+0000] {processor.py:183} INFO - Processing /opt/airflow/dags/cambridge_api_to_s3_to_snowflake.py took 0.184 seconds
[2026-04-10T00:41:32.865+0000] {processor.py:161} INFO - Started process (PID=18830) to work on /opt/airflow/dags/cambridge_api_to_s3_to_snowflake.py
[2026-04-10T00:41:32.865+0000] {processor.py:830} INFO - Processing file /opt/airflow/dags/cambridge_api_to_s3_to_snowflake.py for tasks to queue
[2026-04-10T00:41:32.866+0000] {logging_mixin.py:188} INFO - [2026-04-10T00:41:32.866+0000] {dagbag.py:538} INFO - Filling up the DagBag from /opt/airflow/dags/cambridge_api_to_s3_to_snowflake.py
[2026-04-10T00:41:33.029+0000] {processor.py:840} INFO - DAG(s) 'cambridge_crime_to_s3_to_snowflake' retrieved from /opt/airflow/dags/cambridge_api_to_s3_to_snowflake.py
[2026-04-10T00:41:33.037+0000] {logging_mixin.py:188} INFO - [2026-04-10T00:41:33.037+0000] {dag.py:3036} INFO - Sync 1 DAGs
[2026-04-10T00:41:33.047+0000] {logging_mixin.py:188} INFO - [2026-04-10T00:41:33.047+0000] {dag.py:3823} INFO - Setting next_dagrun for cambridge_crime_to_s3_to_snowflake to 2026-04-05 00:00:00+00:00, run_after=2026-04-12 00:00:00+00:00
[2026-04-10T00:41:33.056+0000] {processor.py:183} INFO - Processing /opt/airflow/dags/cambridge_api_to_s3_to_snowflake.py took 0.193 seconds
[2026-04-10T00:42:03.231+0000] {processor.py:161} INFO - Started process (PID=18910) to work on /opt/airflow/dags/cambridge_api_to_s3_to_snowflake.py
[2026-04-10T00:42:03.231+0000] {processor.py:830} INFO - Processing file /opt/airflow/dags/cambridge_api_to_s3_to_snowflake.py for tasks to queue
[2026-04-10T00:42:03.232+0000] {logging_mixin.py:188} INFO - [2026-04-10T00:42:03.232+0000] {dagbag.py:538} INFO - Filling up the DagBag from /opt/airflow/dags/cambridge_api_to_s3_to_snowflake.py
[2026-04-10T00:42:03.414+0000] {processor.py:840} INFO - DAG(s) 'cambridge_crime_to_s3_to_snowflake' retrieved from /opt/airflow/dags/cambridge_api_to_s3_to_snowflake.py
[2026-04-10T00:42:03.421+0000] {logging_mixin.py:188} INFO - [2026-04-10T00:42:03.421+0000] {dag.py:3036} INFO - Sync 1 DAGs
[2026-04-10T00:42:03.428+0000] {logging_mixin.py:188} INFO - [2026-04-10T00:42:03.428+0000] {dag.py:3823} INFO - Setting next_dagrun for cambridge_crime_to_s3_to_snowflake to 2026-04-05 00:00:00+00:00, run_after=2026-04-12 00:00:00+00:00
[2026-04-10T00:42:03.433+0000] {processor.py:183} INFO - Processing /opt/airflow/dags/cambridge_api_to_s3_to_snowflake.py took 0.204 seconds
[2026-04-10T00:42:33.661+0000] {processor.py:161} INFO - Started process (PID=18990) to work on /opt/airflow/dags/cambridge_api_to_s3_to_snowflake.py
[2026-04-10T00:42:33.661+0000] {processor.py:830} INFO - Processing file /opt/airflow/dags/cambridge_api_to_s3_to_snowflake.py for tasks to queue
[2026-04-10T00:42:33.662+0000] {logging_mixin.py:188} INFO - [2026-04-10T00:42:33.662+0000] {dagbag.py:538} INFO - Filling up the DagBag from /opt/airflow/dags/cambridge_api_to_s3_to_snowflake.py
[2026-04-10T00:42:33.837+0000] {processor.py:840} INFO - DAG(s) 'cambridge_crime_to_s3_to_snowflake' retrieved from /opt/airflow/dags/cambridge_api_to_s3_to_snowflake.py
[2026-04-10T00:42:33.844+0000] {logging_mixin.py:188} INFO - [2026-04-10T00:42:33.844+0000] {dag.py:3036} INFO - Sync 1 DAGs
[2026-04-10T00:42:33.852+0000] {logging_mixin.py:188} INFO - [2026-04-10T00:42:33.852+0000] {dag.py:3823} INFO - Setting next_dagrun for cambridge_crime_to_s3_to_snowflake to 2026-04-05 00:00:00+00:00, run_after=2026-04-12 00:00:00+00:00
[2026-04-10T00:42:33.858+0000] {processor.py:183} INFO - Processing /opt/airflow/dags/cambridge_api_to_s3_to_snowflake.py took 0.198 seconds
[2026-04-10T00:43:03.996+0000] {processor.py:161} INFO - Started process (PID=19070) to work on /opt/airflow/dags/cambridge_api_to_s3_to_snowflake.py
[2026-04-10T00:43:03.997+0000] {processor.py:830} INFO - Processing file /opt/airflow/dags/cambridge_api_to_s3_to_snowflake.py for tasks to queue
[2026-04-10T00:43:03.997+0000] {logging_mixin.py:188} INFO - [2026-04-10T00:43:03.997+0000] {dagbag.py:538} INFO - Filling up the DagBag from /opt/airflow/dags/cambridge_api_to_s3_to_snowflake.py
[2026-04-10T00:43:04.155+0000] {processor.py:840} INFO - DAG(s) 'cambridge_crime_to_s3_to_snowflake' retrieved from /opt/airflow/dags/cambridge_api_to_s3_to_snowflake.py
[2026-04-10T00:43:04.162+0000] {logging_mixin.py:188} INFO - [2026-04-10T00:43:04.162+0000] {dag.py:3036} INFO - Sync 1 DAGs
[2026-04-10T00:43:04.169+0000] {logging_mixin.py:188} INFO - [2026-04-10T00:43:04.169+0000] {dag.py:3823} INFO - Setting next_dagrun for cambridge_crime_to_s3_to_snowflake to 2026-04-05 00:00:00+00:00, run_after=2026-04-12 00:00:00+00:00
[2026-04-10T00:43:04.175+0000] {processor.py:183} INFO - Processing /opt/airflow/dags/cambridge_api_to_s3_to_snowflake.py took 0.181 seconds
[2026-04-10T00:43:34.691+0000] {processor.py:161} INFO - Started process (PID=19150) to work on /opt/airflow/dags/cambridge_api_to_s3_to_snowflake.py
[2026-04-10T00:43:34.692+0000] {processor.py:830} INFO - Processing file /opt/airflow/dags/cambridge_api_to_s3_to_snowflake.py for tasks to queue
[2026-04-10T00:43:34.693+0000] {logging_mixin.py:188} INFO - [2026-04-10T00:43:34.693+0000] {dagbag.py:538} INFO - Filling up the DagBag from /opt/airflow/dags/cambridge_api_to_s3_to_snowflake.py
[2026-04-10T00:43:34.855+0000] {processor.py:840} INFO - DAG(s) 'cambridge_crime_to_s3_to_snowflake' retrieved from /opt/airflow/dags/cambridge_api_to_s3_to_snowflake.py
[2026-04-10T00:43:34.933+0000] {logging_mixin.py:188} INFO - [2026-04-10T00:43:34.933+0000] {dag.py:3036} INFO - Sync 1 DAGs
[2026-04-10T00:43:34.940+0000] {logging_mixin.py:188} INFO - [2026-04-10T00:43:34.940+0000] {dag.py:3823} INFO - Setting next_dagrun for cambridge_crime_to_s3_to_snowflake to 2026-04-05 00:00:00+00:00, run_after=2026-04-12 00:00:00+00:00
[2026-04-10T00:43:34.946+0000] {processor.py:183} INFO - Processing /opt/airflow/dags/cambridge_api_to_s3_to_snowflake.py took 0.256 seconds
