[2026-04-10T00:00:11.000+0000] {processor.py:161} INFO - Started process (PID=12511) to work on /opt/airflow/dags/master_location_to_s3_to_snowflake.py
[2026-04-10T00:00:11.001+0000] {processor.py:830} INFO - Processing file /opt/airflow/dags/master_location_to_s3_to_snowflake.py for tasks to queue
[2026-04-10T00:00:11.002+0000] {logging_mixin.py:188} INFO - [2026-04-10T00:00:11.002+0000] {dagbag.py:538} INFO - Filling up the DagBag from /opt/airflow/dags/master_location_to_s3_to_snowflake.py
[2026-04-10T00:00:11.235+0000] {processor.py:840} INFO - DAG(s) 'master_location_to_s3_to_snowflake' retrieved from /opt/airflow/dags/master_location_to_s3_to_snowflake.py
[2026-04-10T00:00:11.247+0000] {logging_mixin.py:188} INFO - [2026-04-10T00:00:11.247+0000] {dag.py:3036} INFO - Sync 1 DAGs
[2026-04-10T00:00:11.255+0000] {logging_mixin.py:188} INFO - [2026-04-10T00:00:11.255+0000] {dag.py:3823} INFO - Setting next_dagrun for master_location_to_s3_to_snowflake to 2027-01-01 00:00:00+00:00, run_after=2028-01-01 00:00:00+00:00
[2026-04-10T00:00:11.262+0000] {processor.py:183} INFO - Processing /opt/airflow/dags/master_location_to_s3_to_snowflake.py took 0.263 seconds
[2026-04-10T00:00:41.717+0000] {processor.py:161} INFO - Started process (PID=12591) to work on /opt/airflow/dags/master_location_to_s3_to_snowflake.py
[2026-04-10T00:00:41.717+0000] {processor.py:830} INFO - Processing file /opt/airflow/dags/master_location_to_s3_to_snowflake.py for tasks to queue
[2026-04-10T00:00:41.718+0000] {logging_mixin.py:188} INFO - [2026-04-10T00:00:41.718+0000] {dagbag.py:538} INFO - Filling up the DagBag from /opt/airflow/dags/master_location_to_s3_to_snowflake.py
[2026-04-10T00:00:41.956+0000] {processor.py:840} INFO - DAG(s) 'master_location_to_s3_to_snowflake' retrieved from /opt/airflow/dags/master_location_to_s3_to_snowflake.py
[2026-04-10T00:00:41.965+0000] {logging_mixin.py:188} INFO - [2026-04-10T00:00:41.965+0000] {dag.py:3036} INFO - Sync 1 DAGs
[2026-04-10T00:00:41.975+0000] {logging_mixin.py:188} INFO - [2026-04-10T00:00:41.975+0000] {dag.py:3823} INFO - Setting next_dagrun for master_location_to_s3_to_snowflake to 2027-01-01 00:00:00+00:00, run_after=2028-01-01 00:00:00+00:00
[2026-04-10T00:00:41.983+0000] {processor.py:183} INFO - Processing /opt/airflow/dags/master_location_to_s3_to_snowflake.py took 0.268 seconds
[2026-04-10T00:01:12.245+0000] {processor.py:161} INFO - Started process (PID=12671) to work on /opt/airflow/dags/master_location_to_s3_to_snowflake.py
[2026-04-10T00:01:12.246+0000] {processor.py:830} INFO - Processing file /opt/airflow/dags/master_location_to_s3_to_snowflake.py for tasks to queue
[2026-04-10T00:01:12.247+0000] {logging_mixin.py:188} INFO - [2026-04-10T00:01:12.247+0000] {dagbag.py:538} INFO - Filling up the DagBag from /opt/airflow/dags/master_location_to_s3_to_snowflake.py
[2026-04-10T00:01:12.491+0000] {processor.py:840} INFO - DAG(s) 'master_location_to_s3_to_snowflake' retrieved from /opt/airflow/dags/master_location_to_s3_to_snowflake.py
[2026-04-10T00:01:12.505+0000] {logging_mixin.py:188} INFO - [2026-04-10T00:01:12.505+0000] {dag.py:3036} INFO - Sync 1 DAGs
[2026-04-10T00:01:12.518+0000] {logging_mixin.py:188} INFO - [2026-04-10T00:01:12.518+0000] {dag.py:3823} INFO - Setting next_dagrun for master_location_to_s3_to_snowflake to 2027-01-01 00:00:00+00:00, run_after=2028-01-01 00:00:00+00:00
[2026-04-10T00:01:12.529+0000] {processor.py:183} INFO - Processing /opt/airflow/dags/master_location_to_s3_to_snowflake.py took 0.286 seconds
[2026-04-10T00:01:42.789+0000] {processor.py:161} INFO - Started process (PID=12751) to work on /opt/airflow/dags/master_location_to_s3_to_snowflake.py
[2026-04-10T00:01:42.789+0000] {processor.py:830} INFO - Processing file /opt/airflow/dags/master_location_to_s3_to_snowflake.py for tasks to queue
[2026-04-10T00:01:42.790+0000] {logging_mixin.py:188} INFO - [2026-04-10T00:01:42.790+0000] {dagbag.py:538} INFO - Filling up the DagBag from /opt/airflow/dags/master_location_to_s3_to_snowflake.py
[2026-04-10T00:01:42.955+0000] {processor.py:840} INFO - DAG(s) 'master_location_to_s3_to_snowflake' retrieved from /opt/airflow/dags/master_location_to_s3_to_snowflake.py
[2026-04-10T00:01:42.968+0000] {logging_mixin.py:188} INFO - [2026-04-10T00:01:42.968+0000] {dag.py:3036} INFO - Sync 1 DAGs
[2026-04-10T00:01:42.980+0000] {logging_mixin.py:188} INFO - [2026-04-10T00:01:42.979+0000] {dag.py:3823} INFO - Setting next_dagrun for master_location_to_s3_to_snowflake to 2027-01-01 00:00:00+00:00, run_after=2028-01-01 00:00:00+00:00
[2026-04-10T00:01:42.986+0000] {processor.py:183} INFO - Processing /opt/airflow/dags/master_location_to_s3_to_snowflake.py took 0.199 seconds
[2026-04-10T00:02:13.009+0000] {processor.py:161} INFO - Started process (PID=12831) to work on /opt/airflow/dags/master_location_to_s3_to_snowflake.py
[2026-04-10T00:02:13.010+0000] {processor.py:830} INFO - Processing file /opt/airflow/dags/master_location_to_s3_to_snowflake.py for tasks to queue
[2026-04-10T00:02:13.012+0000] {logging_mixin.py:188} INFO - [2026-04-10T00:02:13.012+0000] {dagbag.py:538} INFO - Filling up the DagBag from /opt/airflow/dags/master_location_to_s3_to_snowflake.py
[2026-04-10T00:02:13.178+0000] {processor.py:840} INFO - DAG(s) 'master_location_to_s3_to_snowflake' retrieved from /opt/airflow/dags/master_location_to_s3_to_snowflake.py
[2026-04-10T00:02:13.191+0000] {logging_mixin.py:188} INFO - [2026-04-10T00:02:13.190+0000] {dag.py:3036} INFO - Sync 1 DAGs
[2026-04-10T00:02:13.204+0000] {logging_mixin.py:188} INFO - [2026-04-10T00:02:13.204+0000] {dag.py:3823} INFO - Setting next_dagrun for master_location_to_s3_to_snowflake to 2027-01-01 00:00:00+00:00, run_after=2028-01-01 00:00:00+00:00
[2026-04-10T00:02:13.219+0000] {processor.py:183} INFO - Processing /opt/airflow/dags/master_location_to_s3_to_snowflake.py took 0.212 seconds
[2026-04-10T00:02:43.274+0000] {processor.py:161} INFO - Started process (PID=12911) to work on /opt/airflow/dags/master_location_to_s3_to_snowflake.py
[2026-04-10T00:02:43.277+0000] {processor.py:830} INFO - Processing file /opt/airflow/dags/master_location_to_s3_to_snowflake.py for tasks to queue
[2026-04-10T00:02:43.278+0000] {logging_mixin.py:188} INFO - [2026-04-10T00:02:43.278+0000] {dagbag.py:538} INFO - Filling up the DagBag from /opt/airflow/dags/master_location_to_s3_to_snowflake.py
[2026-04-10T00:02:43.455+0000] {processor.py:840} INFO - DAG(s) 'master_location_to_s3_to_snowflake' retrieved from /opt/airflow/dags/master_location_to_s3_to_snowflake.py
[2026-04-10T00:02:43.467+0000] {logging_mixin.py:188} INFO - [2026-04-10T00:02:43.467+0000] {dag.py:3036} INFO - Sync 1 DAGs
[2026-04-10T00:02:43.480+0000] {logging_mixin.py:188} INFO - [2026-04-10T00:02:43.480+0000] {dag.py:3823} INFO - Setting next_dagrun for master_location_to_s3_to_snowflake to 2027-01-01 00:00:00+00:00, run_after=2028-01-01 00:00:00+00:00
[2026-04-10T00:02:43.490+0000] {processor.py:183} INFO - Processing /opt/airflow/dags/master_location_to_s3_to_snowflake.py took 0.218 seconds
[2026-04-10T00:03:13.760+0000] {processor.py:161} INFO - Started process (PID=12991) to work on /opt/airflow/dags/master_location_to_s3_to_snowflake.py
[2026-04-10T00:03:13.761+0000] {processor.py:830} INFO - Processing file /opt/airflow/dags/master_location_to_s3_to_snowflake.py for tasks to queue
[2026-04-10T00:03:13.763+0000] {logging_mixin.py:188} INFO - [2026-04-10T00:03:13.763+0000] {dagbag.py:538} INFO - Filling up the DagBag from /opt/airflow/dags/master_location_to_s3_to_snowflake.py
[2026-04-10T00:03:13.931+0000] {processor.py:840} INFO - DAG(s) 'master_location_to_s3_to_snowflake' retrieved from /opt/airflow/dags/master_location_to_s3_to_snowflake.py
[2026-04-10T00:03:13.943+0000] {logging_mixin.py:188} INFO - [2026-04-10T00:03:13.943+0000] {dag.py:3036} INFO - Sync 1 DAGs
[2026-04-10T00:03:13.954+0000] {logging_mixin.py:188} INFO - [2026-04-10T00:03:13.954+0000] {dag.py:3823} INFO - Setting next_dagrun for master_location_to_s3_to_snowflake to 2027-01-01 00:00:00+00:00, run_after=2028-01-01 00:00:00+00:00
[2026-04-10T00:03:13.961+0000] {processor.py:183} INFO - Processing /opt/airflow/dags/master_location_to_s3_to_snowflake.py took 0.203 seconds
[2026-04-10T00:03:44.977+0000] {processor.py:161} INFO - Started process (PID=13071) to work on /opt/airflow/dags/master_location_to_s3_to_snowflake.py
[2026-04-10T00:03:44.978+0000] {processor.py:830} INFO - Processing file /opt/airflow/dags/master_location_to_s3_to_snowflake.py for tasks to queue
[2026-04-10T00:03:44.979+0000] {logging_mixin.py:188} INFO - [2026-04-10T00:03:44.979+0000] {dagbag.py:538} INFO - Filling up the DagBag from /opt/airflow/dags/master_location_to_s3_to_snowflake.py
[2026-04-10T00:03:45.143+0000] {processor.py:840} INFO - DAG(s) 'master_location_to_s3_to_snowflake' retrieved from /opt/airflow/dags/master_location_to_s3_to_snowflake.py
[2026-04-10T00:03:45.156+0000] {logging_mixin.py:188} INFO - [2026-04-10T00:03:45.156+0000] {dag.py:3036} INFO - Sync 1 DAGs
[2026-04-10T00:03:45.166+0000] {logging_mixin.py:188} INFO - [2026-04-10T00:03:45.166+0000] {dag.py:3823} INFO - Setting next_dagrun for master_location_to_s3_to_snowflake to 2027-01-01 00:00:00+00:00, run_after=2028-01-01 00:00:00+00:00
[2026-04-10T00:03:45.175+0000] {processor.py:183} INFO - Processing /opt/airflow/dags/master_location_to_s3_to_snowflake.py took 0.199 seconds
[2026-04-10T00:04:16.098+0000] {processor.py:161} INFO - Started process (PID=13151) to work on /opt/airflow/dags/master_location_to_s3_to_snowflake.py
[2026-04-10T00:04:16.099+0000] {processor.py:830} INFO - Processing file /opt/airflow/dags/master_location_to_s3_to_snowflake.py for tasks to queue
[2026-04-10T00:04:16.100+0000] {logging_mixin.py:188} INFO - [2026-04-10T00:04:16.100+0000] {dagbag.py:538} INFO - Filling up the DagBag from /opt/airflow/dags/master_location_to_s3_to_snowflake.py
[2026-04-10T00:04:16.266+0000] {processor.py:840} INFO - DAG(s) 'master_location_to_s3_to_snowflake' retrieved from /opt/airflow/dags/master_location_to_s3_to_snowflake.py
[2026-04-10T00:04:16.275+0000] {logging_mixin.py:188} INFO - [2026-04-10T00:04:16.274+0000] {dag.py:3036} INFO - Sync 1 DAGs
[2026-04-10T00:04:16.285+0000] {logging_mixin.py:188} INFO - [2026-04-10T00:04:16.285+0000] {dag.py:3823} INFO - Setting next_dagrun for master_location_to_s3_to_snowflake to 2027-01-01 00:00:00+00:00, run_after=2028-01-01 00:00:00+00:00
[2026-04-10T00:04:16.299+0000] {processor.py:183} INFO - Processing /opt/airflow/dags/master_location_to_s3_to_snowflake.py took 0.202 seconds
[2026-04-10T00:04:47.231+0000] {processor.py:161} INFO - Started process (PID=13232) to work on /opt/airflow/dags/master_location_to_s3_to_snowflake.py
[2026-04-10T00:04:47.231+0000] {processor.py:830} INFO - Processing file /opt/airflow/dags/master_location_to_s3_to_snowflake.py for tasks to queue
[2026-04-10T00:04:47.232+0000] {logging_mixin.py:188} INFO - [2026-04-10T00:04:47.232+0000] {dagbag.py:538} INFO - Filling up the DagBag from /opt/airflow/dags/master_location_to_s3_to_snowflake.py
[2026-04-10T00:04:47.451+0000] {processor.py:840} INFO - DAG(s) 'master_location_to_s3_to_snowflake' retrieved from /opt/airflow/dags/master_location_to_s3_to_snowflake.py
[2026-04-10T00:04:47.456+0000] {logging_mixin.py:188} INFO - [2026-04-10T00:04:47.456+0000] {dag.py:3036} INFO - Sync 1 DAGs
[2026-04-10T00:04:47.463+0000] {logging_mixin.py:188} INFO - [2026-04-10T00:04:47.463+0000] {dag.py:3823} INFO - Setting next_dagrun for master_location_to_s3_to_snowflake to 2027-01-01 00:00:00+00:00, run_after=2028-01-01 00:00:00+00:00
[2026-04-10T00:04:47.469+0000] {processor.py:183} INFO - Processing /opt/airflow/dags/master_location_to_s3_to_snowflake.py took 0.239 seconds
[2026-04-10T00:05:17.577+0000] {processor.py:161} INFO - Started process (PID=13312) to work on /opt/airflow/dags/master_location_to_s3_to_snowflake.py
[2026-04-10T00:05:17.577+0000] {processor.py:830} INFO - Processing file /opt/airflow/dags/master_location_to_s3_to_snowflake.py for tasks to queue
[2026-04-10T00:05:17.578+0000] {logging_mixin.py:188} INFO - [2026-04-10T00:05:17.578+0000] {dagbag.py:538} INFO - Filling up the DagBag from /opt/airflow/dags/master_location_to_s3_to_snowflake.py
[2026-04-10T00:05:17.800+0000] {processor.py:840} INFO - DAG(s) 'master_location_to_s3_to_snowflake' retrieved from /opt/airflow/dags/master_location_to_s3_to_snowflake.py
[2026-04-10T00:05:17.806+0000] {logging_mixin.py:188} INFO - [2026-04-10T00:05:17.806+0000] {dag.py:3036} INFO - Sync 1 DAGs
[2026-04-10T00:05:17.812+0000] {logging_mixin.py:188} INFO - [2026-04-10T00:05:17.812+0000] {dag.py:3823} INFO - Setting next_dagrun for master_location_to_s3_to_snowflake to 2027-01-01 00:00:00+00:00, run_after=2028-01-01 00:00:00+00:00
[2026-04-10T00:05:17.818+0000] {processor.py:183} INFO - Processing /opt/airflow/dags/master_location_to_s3_to_snowflake.py took 0.242 seconds
[2026-04-10T00:05:48.133+0000] {processor.py:161} INFO - Started process (PID=13392) to work on /opt/airflow/dags/master_location_to_s3_to_snowflake.py
[2026-04-10T00:05:48.134+0000] {processor.py:830} INFO - Processing file /opt/airflow/dags/master_location_to_s3_to_snowflake.py for tasks to queue
[2026-04-10T00:05:48.134+0000] {logging_mixin.py:188} INFO - [2026-04-10T00:05:48.134+0000] {dagbag.py:538} INFO - Filling up the DagBag from /opt/airflow/dags/master_location_to_s3_to_snowflake.py
[2026-04-10T00:05:48.368+0000] {processor.py:840} INFO - DAG(s) 'master_location_to_s3_to_snowflake' retrieved from /opt/airflow/dags/master_location_to_s3_to_snowflake.py
[2026-04-10T00:05:48.379+0000] {logging_mixin.py:188} INFO - [2026-04-10T00:05:48.378+0000] {dag.py:3036} INFO - Sync 1 DAGs
[2026-04-10T00:05:48.390+0000] {logging_mixin.py:188} INFO - [2026-04-10T00:05:48.390+0000] {dag.py:3823} INFO - Setting next_dagrun for master_location_to_s3_to_snowflake to 2027-01-01 00:00:00+00:00, run_after=2028-01-01 00:00:00+00:00
[2026-04-10T00:05:48.399+0000] {processor.py:183} INFO - Processing /opt/airflow/dags/master_location_to_s3_to_snowflake.py took 0.268 seconds
[2026-04-10T00:06:18.634+0000] {processor.py:161} INFO - Started process (PID=13472) to work on /opt/airflow/dags/master_location_to_s3_to_snowflake.py
[2026-04-10T00:06:18.635+0000] {processor.py:830} INFO - Processing file /opt/airflow/dags/master_location_to_s3_to_snowflake.py for tasks to queue
[2026-04-10T00:06:18.636+0000] {logging_mixin.py:188} INFO - [2026-04-10T00:06:18.636+0000] {dagbag.py:538} INFO - Filling up the DagBag from /opt/airflow/dags/master_location_to_s3_to_snowflake.py
[2026-04-10T00:06:18.870+0000] {processor.py:840} INFO - DAG(s) 'master_location_to_s3_to_snowflake' retrieved from /opt/airflow/dags/master_location_to_s3_to_snowflake.py
[2026-04-10T00:06:18.880+0000] {logging_mixin.py:188} INFO - [2026-04-10T00:06:18.878+0000] {dag.py:3036} INFO - Sync 1 DAGs
[2026-04-10T00:06:18.889+0000] {logging_mixin.py:188} INFO - [2026-04-10T00:06:18.889+0000] {dag.py:3823} INFO - Setting next_dagrun for master_location_to_s3_to_snowflake to 2027-01-01 00:00:00+00:00, run_after=2028-01-01 00:00:00+00:00
[2026-04-10T00:06:18.897+0000] {processor.py:183} INFO - Processing /opt/airflow/dags/master_location_to_s3_to_snowflake.py took 0.264 seconds
[2026-04-10T00:06:49.111+0000] {processor.py:161} INFO - Started process (PID=13552) to work on /opt/airflow/dags/master_location_to_s3_to_snowflake.py
[2026-04-10T00:06:49.111+0000] {processor.py:830} INFO - Processing file /opt/airflow/dags/master_location_to_s3_to_snowflake.py for tasks to queue
[2026-04-10T00:06:49.112+0000] {logging_mixin.py:188} INFO - [2026-04-10T00:06:49.112+0000] {dagbag.py:538} INFO - Filling up the DagBag from /opt/airflow/dags/master_location_to_s3_to_snowflake.py
[2026-04-10T00:06:49.352+0000] {processor.py:840} INFO - DAG(s) 'master_location_to_s3_to_snowflake' retrieved from /opt/airflow/dags/master_location_to_s3_to_snowflake.py
[2026-04-10T00:06:49.360+0000] {logging_mixin.py:188} INFO - [2026-04-10T00:06:49.360+0000] {dag.py:3036} INFO - Sync 1 DAGs
[2026-04-10T00:06:49.369+0000] {logging_mixin.py:188} INFO - [2026-04-10T00:06:49.369+0000] {dag.py:3823} INFO - Setting next_dagrun for master_location_to_s3_to_snowflake to 2027-01-01 00:00:00+00:00, run_after=2028-01-01 00:00:00+00:00
[2026-04-10T00:06:49.375+0000] {processor.py:183} INFO - Processing /opt/airflow/dags/master_location_to_s3_to_snowflake.py took 0.266 seconds
[2026-04-10T00:07:19.548+0000] {processor.py:161} INFO - Started process (PID=13632) to work on /opt/airflow/dags/master_location_to_s3_to_snowflake.py
[2026-04-10T00:07:19.549+0000] {processor.py:830} INFO - Processing file /opt/airflow/dags/master_location_to_s3_to_snowflake.py for tasks to queue
[2026-04-10T00:07:19.549+0000] {logging_mixin.py:188} INFO - [2026-04-10T00:07:19.549+0000] {dagbag.py:538} INFO - Filling up the DagBag from /opt/airflow/dags/master_location_to_s3_to_snowflake.py
[2026-04-10T00:07:19.785+0000] {processor.py:840} INFO - DAG(s) 'master_location_to_s3_to_snowflake' retrieved from /opt/airflow/dags/master_location_to_s3_to_snowflake.py
[2026-04-10T00:07:19.796+0000] {logging_mixin.py:188} INFO - [2026-04-10T00:07:19.796+0000] {dag.py:3036} INFO - Sync 1 DAGs
[2026-04-10T00:07:19.804+0000] {logging_mixin.py:188} INFO - [2026-04-10T00:07:19.803+0000] {dag.py:3823} INFO - Setting next_dagrun for master_location_to_s3_to_snowflake to 2027-01-01 00:00:00+00:00, run_after=2028-01-01 00:00:00+00:00
[2026-04-10T00:07:19.810+0000] {processor.py:183} INFO - Processing /opt/airflow/dags/master_location_to_s3_to_snowflake.py took 0.264 seconds
[2026-04-10T00:07:49.964+0000] {processor.py:161} INFO - Started process (PID=13711) to work on /opt/airflow/dags/master_location_to_s3_to_snowflake.py
[2026-04-10T00:07:49.965+0000] {processor.py:830} INFO - Processing file /opt/airflow/dags/master_location_to_s3_to_snowflake.py for tasks to queue
[2026-04-10T00:07:49.966+0000] {logging_mixin.py:188} INFO - [2026-04-10T00:07:49.966+0000] {dagbag.py:538} INFO - Filling up the DagBag from /opt/airflow/dags/master_location_to_s3_to_snowflake.py
[2026-04-10T00:07:50.198+0000] {processor.py:840} INFO - DAG(s) 'master_location_to_s3_to_snowflake' retrieved from /opt/airflow/dags/master_location_to_s3_to_snowflake.py
[2026-04-10T00:07:50.209+0000] {logging_mixin.py:188} INFO - [2026-04-10T00:07:50.209+0000] {dag.py:3036} INFO - Sync 1 DAGs
[2026-04-10T00:07:50.219+0000] {logging_mixin.py:188} INFO - [2026-04-10T00:07:50.219+0000] {dag.py:3823} INFO - Setting next_dagrun for master_location_to_s3_to_snowflake to 2027-01-01 00:00:00+00:00, run_after=2028-01-01 00:00:00+00:00
[2026-04-10T00:07:50.227+0000] {processor.py:183} INFO - Processing /opt/airflow/dags/master_location_to_s3_to_snowflake.py took 0.264 seconds
[2026-04-10T00:08:20.405+0000] {processor.py:161} INFO - Started process (PID=13791) to work on /opt/airflow/dags/master_location_to_s3_to_snowflake.py
[2026-04-10T00:08:20.407+0000] {processor.py:830} INFO - Processing file /opt/airflow/dags/master_location_to_s3_to_snowflake.py for tasks to queue
[2026-04-10T00:08:20.408+0000] {logging_mixin.py:188} INFO - [2026-04-10T00:08:20.408+0000] {dagbag.py:538} INFO - Filling up the DagBag from /opt/airflow/dags/master_location_to_s3_to_snowflake.py
[2026-04-10T00:08:20.645+0000] {processor.py:840} INFO - DAG(s) 'master_location_to_s3_to_snowflake' retrieved from /opt/airflow/dags/master_location_to_s3_to_snowflake.py
[2026-04-10T00:08:20.654+0000] {logging_mixin.py:188} INFO - [2026-04-10T00:08:20.654+0000] {dag.py:3036} INFO - Sync 1 DAGs
[2026-04-10T00:08:20.663+0000] {logging_mixin.py:188} INFO - [2026-04-10T00:08:20.663+0000] {dag.py:3823} INFO - Setting next_dagrun for master_location_to_s3_to_snowflake to 2027-01-01 00:00:00+00:00, run_after=2028-01-01 00:00:00+00:00
[2026-04-10T00:08:20.671+0000] {processor.py:183} INFO - Processing /opt/airflow/dags/master_location_to_s3_to_snowflake.py took 0.267 seconds
[2026-04-10T00:08:51.350+0000] {processor.py:161} INFO - Started process (PID=13871) to work on /opt/airflow/dags/master_location_to_s3_to_snowflake.py
[2026-04-10T00:08:51.351+0000] {processor.py:830} INFO - Processing file /opt/airflow/dags/master_location_to_s3_to_snowflake.py for tasks to queue
[2026-04-10T00:08:51.352+0000] {logging_mixin.py:188} INFO - [2026-04-10T00:08:51.352+0000] {dagbag.py:538} INFO - Filling up the DagBag from /opt/airflow/dags/master_location_to_s3_to_snowflake.py
[2026-04-10T00:08:51.518+0000] {processor.py:840} INFO - DAG(s) 'master_location_to_s3_to_snowflake' retrieved from /opt/airflow/dags/master_location_to_s3_to_snowflake.py
[2026-04-10T00:08:51.528+0000] {logging_mixin.py:188} INFO - [2026-04-10T00:08:51.528+0000] {dag.py:3036} INFO - Sync 1 DAGs
[2026-04-10T00:08:51.536+0000] {logging_mixin.py:188} INFO - [2026-04-10T00:08:51.536+0000] {dag.py:3823} INFO - Setting next_dagrun for master_location_to_s3_to_snowflake to 2027-01-01 00:00:00+00:00, run_after=2028-01-01 00:00:00+00:00
[2026-04-10T00:08:51.545+0000] {processor.py:183} INFO - Processing /opt/airflow/dags/master_location_to_s3_to_snowflake.py took 0.196 seconds
[2026-04-10T00:09:22.364+0000] {processor.py:161} INFO - Started process (PID=13957) to work on /opt/airflow/dags/master_location_to_s3_to_snowflake.py
[2026-04-10T00:09:22.364+0000] {processor.py:830} INFO - Processing file /opt/airflow/dags/master_location_to_s3_to_snowflake.py for tasks to queue
[2026-04-10T00:09:22.367+0000] {logging_mixin.py:188} INFO - [2026-04-10T00:09:22.367+0000] {dagbag.py:538} INFO - Filling up the DagBag from /opt/airflow/dags/master_location_to_s3_to_snowflake.py
[2026-04-10T00:09:22.531+0000] {processor.py:840} INFO - DAG(s) 'master_location_to_s3_to_snowflake' retrieved from /opt/airflow/dags/master_location_to_s3_to_snowflake.py
[2026-04-10T00:09:22.542+0000] {logging_mixin.py:188} INFO - [2026-04-10T00:09:22.542+0000] {dag.py:3036} INFO - Sync 1 DAGs
[2026-04-10T00:09:22.551+0000] {logging_mixin.py:188} INFO - [2026-04-10T00:09:22.551+0000] {dag.py:3823} INFO - Setting next_dagrun for master_location_to_s3_to_snowflake to 2027-01-01 00:00:00+00:00, run_after=2028-01-01 00:00:00+00:00
[2026-04-10T00:09:22.559+0000] {processor.py:183} INFO - Processing /opt/airflow/dags/master_location_to_s3_to_snowflake.py took 0.196 seconds
[2026-04-10T00:09:53.328+0000] {processor.py:161} INFO - Started process (PID=14038) to work on /opt/airflow/dags/master_location_to_s3_to_snowflake.py
[2026-04-10T00:09:53.329+0000] {processor.py:830} INFO - Processing file /opt/airflow/dags/master_location_to_s3_to_snowflake.py for tasks to queue
[2026-04-10T00:09:53.332+0000] {logging_mixin.py:188} INFO - [2026-04-10T00:09:53.331+0000] {dagbag.py:538} INFO - Filling up the DagBag from /opt/airflow/dags/master_location_to_s3_to_snowflake.py
[2026-04-10T00:09:53.510+0000] {processor.py:840} INFO - DAG(s) 'master_location_to_s3_to_snowflake' retrieved from /opt/airflow/dags/master_location_to_s3_to_snowflake.py
[2026-04-10T00:09:53.522+0000] {logging_mixin.py:188} INFO - [2026-04-10T00:09:53.522+0000] {dag.py:3036} INFO - Sync 1 DAGs
[2026-04-10T00:09:53.531+0000] {logging_mixin.py:188} INFO - [2026-04-10T00:09:53.531+0000] {dag.py:3823} INFO - Setting next_dagrun for master_location_to_s3_to_snowflake to 2027-01-01 00:00:00+00:00, run_after=2028-01-01 00:00:00+00:00
[2026-04-10T00:09:53.542+0000] {processor.py:183} INFO - Processing /opt/airflow/dags/master_location_to_s3_to_snowflake.py took 0.215 seconds
[2026-04-10T00:10:24.170+0000] {processor.py:161} INFO - Started process (PID=14117) to work on /opt/airflow/dags/master_location_to_s3_to_snowflake.py
[2026-04-10T00:10:24.171+0000] {processor.py:830} INFO - Processing file /opt/airflow/dags/master_location_to_s3_to_snowflake.py for tasks to queue
[2026-04-10T00:10:24.172+0000] {logging_mixin.py:188} INFO - [2026-04-10T00:10:24.172+0000] {dagbag.py:538} INFO - Filling up the DagBag from /opt/airflow/dags/master_location_to_s3_to_snowflake.py
[2026-04-10T00:10:24.334+0000] {processor.py:840} INFO - DAG(s) 'master_location_to_s3_to_snowflake' retrieved from /opt/airflow/dags/master_location_to_s3_to_snowflake.py
[2026-04-10T00:10:24.345+0000] {logging_mixin.py:188} INFO - [2026-04-10T00:10:24.345+0000] {dag.py:3036} INFO - Sync 1 DAGs
[2026-04-10T00:10:24.354+0000] {logging_mixin.py:188} INFO - [2026-04-10T00:10:24.354+0000] {dag.py:3823} INFO - Setting next_dagrun for master_location_to_s3_to_snowflake to 2027-01-01 00:00:00+00:00, run_after=2028-01-01 00:00:00+00:00
[2026-04-10T00:10:24.362+0000] {processor.py:183} INFO - Processing /opt/airflow/dags/master_location_to_s3_to_snowflake.py took 0.194 seconds
[2026-04-10T00:10:55.271+0000] {processor.py:161} INFO - Started process (PID=14197) to work on /opt/airflow/dags/master_location_to_s3_to_snowflake.py
[2026-04-10T00:10:55.272+0000] {processor.py:830} INFO - Processing file /opt/airflow/dags/master_location_to_s3_to_snowflake.py for tasks to queue
[2026-04-10T00:10:55.274+0000] {logging_mixin.py:188} INFO - [2026-04-10T00:10:55.274+0000] {dagbag.py:538} INFO - Filling up the DagBag from /opt/airflow/dags/master_location_to_s3_to_snowflake.py
[2026-04-10T00:10:55.436+0000] {processor.py:840} INFO - DAG(s) 'master_location_to_s3_to_snowflake' retrieved from /opt/airflow/dags/master_location_to_s3_to_snowflake.py
[2026-04-10T00:10:55.446+0000] {logging_mixin.py:188} INFO - [2026-04-10T00:10:55.446+0000] {dag.py:3036} INFO - Sync 1 DAGs
[2026-04-10T00:10:55.457+0000] {logging_mixin.py:188} INFO - [2026-04-10T00:10:55.457+0000] {dag.py:3823} INFO - Setting next_dagrun for master_location_to_s3_to_snowflake to 2027-01-01 00:00:00+00:00, run_after=2028-01-01 00:00:00+00:00
[2026-04-10T00:10:55.465+0000] {processor.py:183} INFO - Processing /opt/airflow/dags/master_location_to_s3_to_snowflake.py took 0.195 seconds
[2026-04-10T00:11:26.203+0000] {processor.py:161} INFO - Started process (PID=14277) to work on /opt/airflow/dags/master_location_to_s3_to_snowflake.py
[2026-04-10T00:11:26.204+0000] {processor.py:830} INFO - Processing file /opt/airflow/dags/master_location_to_s3_to_snowflake.py for tasks to queue
[2026-04-10T00:11:26.206+0000] {logging_mixin.py:188} INFO - [2026-04-10T00:11:26.206+0000] {dagbag.py:538} INFO - Filling up the DagBag from /opt/airflow/dags/master_location_to_s3_to_snowflake.py
[2026-04-10T00:11:26.379+0000] {processor.py:840} INFO - DAG(s) 'master_location_to_s3_to_snowflake' retrieved from /opt/airflow/dags/master_location_to_s3_to_snowflake.py
[2026-04-10T00:11:26.389+0000] {logging_mixin.py:188} INFO - [2026-04-10T00:11:26.389+0000] {dag.py:3036} INFO - Sync 1 DAGs
[2026-04-10T00:11:26.401+0000] {logging_mixin.py:188} INFO - [2026-04-10T00:11:26.401+0000] {dag.py:3823} INFO - Setting next_dagrun for master_location_to_s3_to_snowflake to 2027-01-01 00:00:00+00:00, run_after=2028-01-01 00:00:00+00:00
[2026-04-10T00:11:26.411+0000] {processor.py:183} INFO - Processing /opt/airflow/dags/master_location_to_s3_to_snowflake.py took 0.209 seconds
[2026-04-10T00:11:57.248+0000] {processor.py:161} INFO - Started process (PID=14358) to work on /opt/airflow/dags/master_location_to_s3_to_snowflake.py
[2026-04-10T00:11:57.248+0000] {processor.py:830} INFO - Processing file /opt/airflow/dags/master_location_to_s3_to_snowflake.py for tasks to queue
[2026-04-10T00:11:57.249+0000] {logging_mixin.py:188} INFO - [2026-04-10T00:11:57.249+0000] {dagbag.py:538} INFO - Filling up the DagBag from /opt/airflow/dags/master_location_to_s3_to_snowflake.py
[2026-04-10T00:11:57.419+0000] {processor.py:840} INFO - DAG(s) 'master_location_to_s3_to_snowflake' retrieved from /opt/airflow/dags/master_location_to_s3_to_snowflake.py
[2026-04-10T00:11:57.492+0000] {logging_mixin.py:188} INFO - [2026-04-10T00:11:57.492+0000] {dag.py:3036} INFO - Sync 1 DAGs
[2026-04-10T00:11:57.500+0000] {logging_mixin.py:188} INFO - [2026-04-10T00:11:57.500+0000] {dag.py:3823} INFO - Setting next_dagrun for master_location_to_s3_to_snowflake to 2027-01-01 00:00:00+00:00, run_after=2028-01-01 00:00:00+00:00
[2026-04-10T00:11:57.506+0000] {processor.py:183} INFO - Processing /opt/airflow/dags/master_location_to_s3_to_snowflake.py took 0.259 seconds
[2026-04-10T00:12:28.527+0000] {processor.py:161} INFO - Started process (PID=14437) to work on /opt/airflow/dags/master_location_to_s3_to_snowflake.py
[2026-04-10T00:12:28.528+0000] {processor.py:830} INFO - Processing file /opt/airflow/dags/master_location_to_s3_to_snowflake.py for tasks to queue
[2026-04-10T00:12:28.529+0000] {logging_mixin.py:188} INFO - [2026-04-10T00:12:28.529+0000] {dagbag.py:538} INFO - Filling up the DagBag from /opt/airflow/dags/master_location_to_s3_to_snowflake.py
[2026-04-10T00:12:28.692+0000] {processor.py:840} INFO - DAG(s) 'master_location_to_s3_to_snowflake' retrieved from /opt/airflow/dags/master_location_to_s3_to_snowflake.py
[2026-04-10T00:12:28.704+0000] {logging_mixin.py:188} INFO - [2026-04-10T00:12:28.703+0000] {dag.py:3036} INFO - Sync 1 DAGs
[2026-04-10T00:12:28.786+0000] {logging_mixin.py:188} INFO - [2026-04-10T00:12:28.786+0000] {dag.py:3823} INFO - Setting next_dagrun for master_location_to_s3_to_snowflake to 2027-01-01 00:00:00+00:00, run_after=2028-01-01 00:00:00+00:00
[2026-04-10T00:12:28.794+0000] {processor.py:183} INFO - Processing /opt/airflow/dags/master_location_to_s3_to_snowflake.py took 0.268 seconds
[2026-04-10T00:12:59.170+0000] {processor.py:161} INFO - Started process (PID=14517) to work on /opt/airflow/dags/master_location_to_s3_to_snowflake.py
[2026-04-10T00:12:59.171+0000] {processor.py:830} INFO - Processing file /opt/airflow/dags/master_location_to_s3_to_snowflake.py for tasks to queue
[2026-04-10T00:12:59.172+0000] {logging_mixin.py:188} INFO - [2026-04-10T00:12:59.172+0000] {dagbag.py:538} INFO - Filling up the DagBag from /opt/airflow/dags/master_location_to_s3_to_snowflake.py
[2026-04-10T00:12:59.413+0000] {processor.py:840} INFO - DAG(s) 'master_location_to_s3_to_snowflake' retrieved from /opt/airflow/dags/master_location_to_s3_to_snowflake.py
[2026-04-10T00:12:59.422+0000] {logging_mixin.py:188} INFO - [2026-04-10T00:12:59.421+0000] {dag.py:3036} INFO - Sync 1 DAGs
[2026-04-10T00:12:59.431+0000] {logging_mixin.py:188} INFO - [2026-04-10T00:12:59.431+0000] {dag.py:3823} INFO - Setting next_dagrun for master_location_to_s3_to_snowflake to 2027-01-01 00:00:00+00:00, run_after=2028-01-01 00:00:00+00:00
[2026-04-10T00:12:59.440+0000] {processor.py:183} INFO - Processing /opt/airflow/dags/master_location_to_s3_to_snowflake.py took 0.271 seconds
[2026-04-10T00:13:29.804+0000] {processor.py:161} INFO - Started process (PID=14597) to work on /opt/airflow/dags/master_location_to_s3_to_snowflake.py
[2026-04-10T00:13:29.805+0000] {processor.py:830} INFO - Processing file /opt/airflow/dags/master_location_to_s3_to_snowflake.py for tasks to queue
[2026-04-10T00:13:29.805+0000] {logging_mixin.py:188} INFO - [2026-04-10T00:13:29.805+0000] {dagbag.py:538} INFO - Filling up the DagBag from /opt/airflow/dags/master_location_to_s3_to_snowflake.py
[2026-04-10T00:13:30.082+0000] {processor.py:840} INFO - DAG(s) 'master_location_to_s3_to_snowflake' retrieved from /opt/airflow/dags/master_location_to_s3_to_snowflake.py
[2026-04-10T00:13:30.093+0000] {logging_mixin.py:188} INFO - [2026-04-10T00:13:30.093+0000] {dag.py:3036} INFO - Sync 1 DAGs
[2026-04-10T00:13:30.101+0000] {logging_mixin.py:188} INFO - [2026-04-10T00:13:30.101+0000] {dag.py:3823} INFO - Setting next_dagrun for master_location_to_s3_to_snowflake to 2027-01-01 00:00:00+00:00, run_after=2028-01-01 00:00:00+00:00
[2026-04-10T00:13:30.107+0000] {processor.py:183} INFO - Processing /opt/airflow/dags/master_location_to_s3_to_snowflake.py took 0.305 seconds
[2026-04-10T00:14:54.766+0000] {processor.py:161} INFO - Started process (PID=14670) to work on /opt/airflow/dags/master_location_to_s3_to_snowflake.py
[2026-04-10T00:14:54.769+0000] {processor.py:830} INFO - Processing file /opt/airflow/dags/master_location_to_s3_to_snowflake.py for tasks to queue
[2026-04-10T00:14:54.770+0000] {logging_mixin.py:188} INFO - [2026-04-10T00:14:54.770+0000] {dagbag.py:538} INFO - Filling up the DagBag from /opt/airflow/dags/master_location_to_s3_to_snowflake.py
[2026-04-10T00:14:55.022+0000] {processor.py:840} INFO - DAG(s) 'master_location_to_s3_to_snowflake' retrieved from /opt/airflow/dags/master_location_to_s3_to_snowflake.py
[2026-04-10T00:14:55.029+0000] {logging_mixin.py:188} INFO - [2026-04-10T00:14:55.029+0000] {dag.py:3036} INFO - Sync 1 DAGs
[2026-04-10T00:14:55.038+0000] {logging_mixin.py:188} INFO - [2026-04-10T00:14:55.038+0000] {dag.py:3823} INFO - Setting next_dagrun for master_location_to_s3_to_snowflake to 2027-01-01 00:00:00+00:00, run_after=2028-01-01 00:00:00+00:00
[2026-04-10T00:14:55.048+0000] {processor.py:183} INFO - Processing /opt/airflow/dags/master_location_to_s3_to_snowflake.py took 0.291 seconds
[2026-04-10T00:15:25.204+0000] {processor.py:161} INFO - Started process (PID=14750) to work on /opt/airflow/dags/master_location_to_s3_to_snowflake.py
[2026-04-10T00:15:25.205+0000] {processor.py:830} INFO - Processing file /opt/airflow/dags/master_location_to_s3_to_snowflake.py for tasks to queue
[2026-04-10T00:15:25.206+0000] {logging_mixin.py:188} INFO - [2026-04-10T00:15:25.206+0000] {dagbag.py:538} INFO - Filling up the DagBag from /opt/airflow/dags/master_location_to_s3_to_snowflake.py
[2026-04-10T00:15:25.455+0000] {processor.py:840} INFO - DAG(s) 'master_location_to_s3_to_snowflake' retrieved from /opt/airflow/dags/master_location_to_s3_to_snowflake.py
[2026-04-10T00:15:25.470+0000] {logging_mixin.py:188} INFO - [2026-04-10T00:15:25.470+0000] {dag.py:3036} INFO - Sync 1 DAGs
[2026-04-10T00:15:25.480+0000] {logging_mixin.py:188} INFO - [2026-04-10T00:15:25.480+0000] {dag.py:3823} INFO - Setting next_dagrun for master_location_to_s3_to_snowflake to 2027-01-01 00:00:00+00:00, run_after=2028-01-01 00:00:00+00:00
[2026-04-10T00:15:25.488+0000] {processor.py:183} INFO - Processing /opt/airflow/dags/master_location_to_s3_to_snowflake.py took 0.285 seconds
[2026-04-10T00:15:55.586+0000] {processor.py:161} INFO - Started process (PID=14830) to work on /opt/airflow/dags/master_location_to_s3_to_snowflake.py
[2026-04-10T00:15:55.588+0000] {processor.py:830} INFO - Processing file /opt/airflow/dags/master_location_to_s3_to_snowflake.py for tasks to queue
[2026-04-10T00:15:55.589+0000] {logging_mixin.py:188} INFO - [2026-04-10T00:15:55.588+0000] {dagbag.py:538} INFO - Filling up the DagBag from /opt/airflow/dags/master_location_to_s3_to_snowflake.py
[2026-04-10T00:15:55.946+0000] {processor.py:840} INFO - DAG(s) 'master_location_to_s3_to_snowflake' retrieved from /opt/airflow/dags/master_location_to_s3_to_snowflake.py
[2026-04-10T00:15:55.962+0000] {logging_mixin.py:188} INFO - [2026-04-10T00:15:55.961+0000] {dag.py:3036} INFO - Sync 1 DAGs
[2026-04-10T00:15:55.979+0000] {logging_mixin.py:188} INFO - [2026-04-10T00:15:55.978+0000] {dag.py:3823} INFO - Setting next_dagrun for master_location_to_s3_to_snowflake to 2027-01-01 00:00:00+00:00, run_after=2028-01-01 00:00:00+00:00
[2026-04-10T00:15:55.989+0000] {processor.py:183} INFO - Processing /opt/airflow/dags/master_location_to_s3_to_snowflake.py took 0.404 seconds
[2026-04-10T00:16:26.067+0000] {processor.py:161} INFO - Started process (PID=14910) to work on /opt/airflow/dags/master_location_to_s3_to_snowflake.py
[2026-04-10T00:16:26.069+0000] {processor.py:830} INFO - Processing file /opt/airflow/dags/master_location_to_s3_to_snowflake.py for tasks to queue
[2026-04-10T00:16:26.072+0000] {logging_mixin.py:188} INFO - [2026-04-10T00:16:26.072+0000] {dagbag.py:538} INFO - Filling up the DagBag from /opt/airflow/dags/master_location_to_s3_to_snowflake.py
[2026-04-10T00:16:26.346+0000] {processor.py:840} INFO - DAG(s) 'master_location_to_s3_to_snowflake' retrieved from /opt/airflow/dags/master_location_to_s3_to_snowflake.py
[2026-04-10T00:16:26.364+0000] {logging_mixin.py:188} INFO - [2026-04-10T00:16:26.362+0000] {dag.py:3036} INFO - Sync 1 DAGs
[2026-04-10T00:16:26.374+0000] {logging_mixin.py:188} INFO - [2026-04-10T00:16:26.373+0000] {dag.py:3823} INFO - Setting next_dagrun for master_location_to_s3_to_snowflake to 2027-01-01 00:00:00+00:00, run_after=2028-01-01 00:00:00+00:00
[2026-04-10T00:16:26.382+0000] {processor.py:183} INFO - Processing /opt/airflow/dags/master_location_to_s3_to_snowflake.py took 0.317 seconds
[2026-04-10T00:16:56.485+0000] {processor.py:161} INFO - Started process (PID=14990) to work on /opt/airflow/dags/master_location_to_s3_to_snowflake.py
[2026-04-10T00:16:56.486+0000] {processor.py:830} INFO - Processing file /opt/airflow/dags/master_location_to_s3_to_snowflake.py for tasks to queue
[2026-04-10T00:16:56.488+0000] {logging_mixin.py:188} INFO - [2026-04-10T00:16:56.488+0000] {dagbag.py:538} INFO - Filling up the DagBag from /opt/airflow/dags/master_location_to_s3_to_snowflake.py
[2026-04-10T00:16:56.724+0000] {processor.py:840} INFO - DAG(s) 'master_location_to_s3_to_snowflake' retrieved from /opt/airflow/dags/master_location_to_s3_to_snowflake.py
[2026-04-10T00:16:56.735+0000] {logging_mixin.py:188} INFO - [2026-04-10T00:16:56.735+0000] {dag.py:3036} INFO - Sync 1 DAGs
[2026-04-10T00:16:56.744+0000] {logging_mixin.py:188} INFO - [2026-04-10T00:16:56.744+0000] {dag.py:3823} INFO - Setting next_dagrun for master_location_to_s3_to_snowflake to 2027-01-01 00:00:00+00:00, run_after=2028-01-01 00:00:00+00:00
[2026-04-10T00:16:56.757+0000] {processor.py:183} INFO - Processing /opt/airflow/dags/master_location_to_s3_to_snowflake.py took 0.274 seconds
[2026-04-10T00:17:26.949+0000] {processor.py:161} INFO - Started process (PID=15070) to work on /opt/airflow/dags/master_location_to_s3_to_snowflake.py
[2026-04-10T00:17:26.950+0000] {processor.py:830} INFO - Processing file /opt/airflow/dags/master_location_to_s3_to_snowflake.py for tasks to queue
[2026-04-10T00:17:26.951+0000] {logging_mixin.py:188} INFO - [2026-04-10T00:17:26.951+0000] {dagbag.py:538} INFO - Filling up the DagBag from /opt/airflow/dags/master_location_to_s3_to_snowflake.py
[2026-04-10T00:17:27.124+0000] {processor.py:840} INFO - DAG(s) 'master_location_to_s3_to_snowflake' retrieved from /opt/airflow/dags/master_location_to_s3_to_snowflake.py
[2026-04-10T00:17:27.134+0000] {logging_mixin.py:188} INFO - [2026-04-10T00:17:27.134+0000] {dag.py:3036} INFO - Sync 1 DAGs
[2026-04-10T00:17:27.146+0000] {logging_mixin.py:188} INFO - [2026-04-10T00:17:27.146+0000] {dag.py:3823} INFO - Setting next_dagrun for master_location_to_s3_to_snowflake to 2027-01-01 00:00:00+00:00, run_after=2028-01-01 00:00:00+00:00
[2026-04-10T00:17:27.155+0000] {processor.py:183} INFO - Processing /opt/airflow/dags/master_location_to_s3_to_snowflake.py took 0.208 seconds
[2026-04-10T00:17:58.241+0000] {processor.py:161} INFO - Started process (PID=15150) to work on /opt/airflow/dags/master_location_to_s3_to_snowflake.py
[2026-04-10T00:17:58.241+0000] {processor.py:830} INFO - Processing file /opt/airflow/dags/master_location_to_s3_to_snowflake.py for tasks to queue
[2026-04-10T00:17:58.243+0000] {logging_mixin.py:188} INFO - [2026-04-10T00:17:58.242+0000] {dagbag.py:538} INFO - Filling up the DagBag from /opt/airflow/dags/master_location_to_s3_to_snowflake.py
[2026-04-10T00:17:58.430+0000] {processor.py:840} INFO - DAG(s) 'master_location_to_s3_to_snowflake' retrieved from /opt/airflow/dags/master_location_to_s3_to_snowflake.py
[2026-04-10T00:17:58.444+0000] {logging_mixin.py:188} INFO - [2026-04-10T00:17:58.443+0000] {dag.py:3036} INFO - Sync 1 DAGs
[2026-04-10T00:17:58.453+0000] {logging_mixin.py:188} INFO - [2026-04-10T00:17:58.453+0000] {dag.py:3823} INFO - Setting next_dagrun for master_location_to_s3_to_snowflake to 2027-01-01 00:00:00+00:00, run_after=2028-01-01 00:00:00+00:00
[2026-04-10T00:17:58.460+0000] {processor.py:183} INFO - Processing /opt/airflow/dags/master_location_to_s3_to_snowflake.py took 0.221 seconds
[2026-04-10T00:18:28.561+0000] {processor.py:161} INFO - Started process (PID=15230) to work on /opt/airflow/dags/master_location_to_s3_to_snowflake.py
[2026-04-10T00:18:28.563+0000] {processor.py:830} INFO - Processing file /opt/airflow/dags/master_location_to_s3_to_snowflake.py for tasks to queue
[2026-04-10T00:18:28.564+0000] {logging_mixin.py:188} INFO - [2026-04-10T00:18:28.564+0000] {dagbag.py:538} INFO - Filling up the DagBag from /opt/airflow/dags/master_location_to_s3_to_snowflake.py
[2026-04-10T00:18:28.757+0000] {processor.py:840} INFO - DAG(s) 'master_location_to_s3_to_snowflake' retrieved from /opt/airflow/dags/master_location_to_s3_to_snowflake.py
[2026-04-10T00:18:28.766+0000] {logging_mixin.py:188} INFO - [2026-04-10T00:18:28.766+0000] {dag.py:3036} INFO - Sync 1 DAGs
[2026-04-10T00:18:28.777+0000] {logging_mixin.py:188} INFO - [2026-04-10T00:18:28.777+0000] {dag.py:3823} INFO - Setting next_dagrun for master_location_to_s3_to_snowflake to 2027-01-01 00:00:00+00:00, run_after=2028-01-01 00:00:00+00:00
[2026-04-10T00:18:28.784+0000] {processor.py:183} INFO - Processing /opt/airflow/dags/master_location_to_s3_to_snowflake.py took 0.225 seconds
[2026-04-10T00:18:59.845+0000] {processor.py:161} INFO - Started process (PID=15310) to work on /opt/airflow/dags/master_location_to_s3_to_snowflake.py
[2026-04-10T00:18:59.847+0000] {processor.py:830} INFO - Processing file /opt/airflow/dags/master_location_to_s3_to_snowflake.py for tasks to queue
[2026-04-10T00:18:59.849+0000] {logging_mixin.py:188} INFO - [2026-04-10T00:18:59.849+0000] {dagbag.py:538} INFO - Filling up the DagBag from /opt/airflow/dags/master_location_to_s3_to_snowflake.py
[2026-04-10T00:19:00.053+0000] {processor.py:840} INFO - DAG(s) 'master_location_to_s3_to_snowflake' retrieved from /opt/airflow/dags/master_location_to_s3_to_snowflake.py
[2026-04-10T00:19:00.064+0000] {logging_mixin.py:188} INFO - [2026-04-10T00:19:00.064+0000] {dag.py:3036} INFO - Sync 1 DAGs
[2026-04-10T00:19:00.075+0000] {logging_mixin.py:188} INFO - [2026-04-10T00:19:00.075+0000] {dag.py:3823} INFO - Setting next_dagrun for master_location_to_s3_to_snowflake to 2027-01-01 00:00:00+00:00, run_after=2028-01-01 00:00:00+00:00
[2026-04-10T00:19:00.083+0000] {processor.py:183} INFO - Processing /opt/airflow/dags/master_location_to_s3_to_snowflake.py took 0.240 seconds
[2026-04-10T00:19:30.900+0000] {processor.py:161} INFO - Started process (PID=15390) to work on /opt/airflow/dags/master_location_to_s3_to_snowflake.py
[2026-04-10T00:19:30.900+0000] {processor.py:830} INFO - Processing file /opt/airflow/dags/master_location_to_s3_to_snowflake.py for tasks to queue
[2026-04-10T00:19:30.902+0000] {logging_mixin.py:188} INFO - [2026-04-10T00:19:30.902+0000] {dagbag.py:538} INFO - Filling up the DagBag from /opt/airflow/dags/master_location_to_s3_to_snowflake.py
[2026-04-10T00:19:31.094+0000] {processor.py:840} INFO - DAG(s) 'master_location_to_s3_to_snowflake' retrieved from /opt/airflow/dags/master_location_to_s3_to_snowflake.py
[2026-04-10T00:19:31.108+0000] {logging_mixin.py:188} INFO - [2026-04-10T00:19:31.108+0000] {dag.py:3036} INFO - Sync 1 DAGs
[2026-04-10T00:19:31.119+0000] {logging_mixin.py:188} INFO - [2026-04-10T00:19:31.119+0000] {dag.py:3823} INFO - Setting next_dagrun for master_location_to_s3_to_snowflake to 2027-01-01 00:00:00+00:00, run_after=2028-01-01 00:00:00+00:00
[2026-04-10T00:19:31.129+0000] {processor.py:183} INFO - Processing /opt/airflow/dags/master_location_to_s3_to_snowflake.py took 0.231 seconds
[2026-04-10T00:20:01.295+0000] {processor.py:161} INFO - Started process (PID=15470) to work on /opt/airflow/dags/master_location_to_s3_to_snowflake.py
[2026-04-10T00:20:01.296+0000] {processor.py:830} INFO - Processing file /opt/airflow/dags/master_location_to_s3_to_snowflake.py for tasks to queue
[2026-04-10T00:20:01.297+0000] {logging_mixin.py:188} INFO - [2026-04-10T00:20:01.297+0000] {dagbag.py:538} INFO - Filling up the DagBag from /opt/airflow/dags/master_location_to_s3_to_snowflake.py
[2026-04-10T00:20:01.500+0000] {processor.py:840} INFO - DAG(s) 'master_location_to_s3_to_snowflake' retrieved from /opt/airflow/dags/master_location_to_s3_to_snowflake.py
[2026-04-10T00:20:01.677+0000] {logging_mixin.py:188} INFO - [2026-04-10T00:20:01.677+0000] {dag.py:3036} INFO - Sync 1 DAGs
[2026-04-10T00:20:01.686+0000] {logging_mixin.py:188} INFO - [2026-04-10T00:20:01.686+0000] {dag.py:3823} INFO - Setting next_dagrun for master_location_to_s3_to_snowflake to 2027-01-01 00:00:00+00:00, run_after=2028-01-01 00:00:00+00:00
[2026-04-10T00:20:01.693+0000] {processor.py:183} INFO - Processing /opt/airflow/dags/master_location_to_s3_to_snowflake.py took 0.403 seconds
[2026-04-10T00:20:31.915+0000] {processor.py:161} INFO - Started process (PID=15550) to work on /opt/airflow/dags/master_location_to_s3_to_snowflake.py
[2026-04-10T00:20:31.917+0000] {processor.py:830} INFO - Processing file /opt/airflow/dags/master_location_to_s3_to_snowflake.py for tasks to queue
[2026-04-10T00:20:31.919+0000] {logging_mixin.py:188} INFO - [2026-04-10T00:20:31.918+0000] {dagbag.py:538} INFO - Filling up the DagBag from /opt/airflow/dags/master_location_to_s3_to_snowflake.py
[2026-04-10T00:20:32.171+0000] {processor.py:840} INFO - DAG(s) 'master_location_to_s3_to_snowflake' retrieved from /opt/airflow/dags/master_location_to_s3_to_snowflake.py
[2026-04-10T00:20:32.181+0000] {logging_mixin.py:188} INFO - [2026-04-10T00:20:32.181+0000] {dag.py:3036} INFO - Sync 1 DAGs
[2026-04-10T00:20:32.193+0000] {logging_mixin.py:188} INFO - [2026-04-10T00:20:32.192+0000] {dag.py:3823} INFO - Setting next_dagrun for master_location_to_s3_to_snowflake to 2027-01-01 00:00:00+00:00, run_after=2028-01-01 00:00:00+00:00
[2026-04-10T00:20:32.200+0000] {processor.py:183} INFO - Processing /opt/airflow/dags/master_location_to_s3_to_snowflake.py took 0.287 seconds
[2026-04-10T00:21:02.859+0000] {processor.py:161} INFO - Started process (PID=15631) to work on /opt/airflow/dags/master_location_to_s3_to_snowflake.py
[2026-04-10T00:21:02.860+0000] {processor.py:830} INFO - Processing file /opt/airflow/dags/master_location_to_s3_to_snowflake.py for tasks to queue
[2026-04-10T00:21:02.860+0000] {logging_mixin.py:188} INFO - [2026-04-10T00:21:02.860+0000] {dagbag.py:538} INFO - Filling up the DagBag from /opt/airflow/dags/master_location_to_s3_to_snowflake.py
[2026-04-10T00:21:03.122+0000] {processor.py:840} INFO - DAG(s) 'master_location_to_s3_to_snowflake' retrieved from /opt/airflow/dags/master_location_to_s3_to_snowflake.py
[2026-04-10T00:21:03.128+0000] {logging_mixin.py:188} INFO - [2026-04-10T00:21:03.128+0000] {dag.py:3036} INFO - Sync 1 DAGs
[2026-04-10T00:21:03.136+0000] {logging_mixin.py:188} INFO - [2026-04-10T00:21:03.135+0000] {dag.py:3823} INFO - Setting next_dagrun for master_location_to_s3_to_snowflake to 2027-01-01 00:00:00+00:00, run_after=2028-01-01 00:00:00+00:00
[2026-04-10T00:21:03.141+0000] {processor.py:183} INFO - Processing /opt/airflow/dags/master_location_to_s3_to_snowflake.py took 0.284 seconds
[2026-04-10T00:21:33.707+0000] {processor.py:161} INFO - Started process (PID=15711) to work on /opt/airflow/dags/master_location_to_s3_to_snowflake.py
[2026-04-10T00:21:33.708+0000] {processor.py:830} INFO - Processing file /opt/airflow/dags/master_location_to_s3_to_snowflake.py for tasks to queue
[2026-04-10T00:21:33.708+0000] {logging_mixin.py:188} INFO - [2026-04-10T00:21:33.708+0000] {dagbag.py:538} INFO - Filling up the DagBag from /opt/airflow/dags/master_location_to_s3_to_snowflake.py
[2026-04-10T00:21:33.956+0000] {processor.py:840} INFO - DAG(s) 'master_location_to_s3_to_snowflake' retrieved from /opt/airflow/dags/master_location_to_s3_to_snowflake.py
[2026-04-10T00:21:33.966+0000] {logging_mixin.py:188} INFO - [2026-04-10T00:21:33.966+0000] {dag.py:3036} INFO - Sync 1 DAGs
[2026-04-10T00:21:33.974+0000] {logging_mixin.py:188} INFO - [2026-04-10T00:21:33.973+0000] {dag.py:3823} INFO - Setting next_dagrun for master_location_to_s3_to_snowflake to 2027-01-01 00:00:00+00:00, run_after=2028-01-01 00:00:00+00:00
[2026-04-10T00:21:33.981+0000] {processor.py:183} INFO - Processing /opt/airflow/dags/master_location_to_s3_to_snowflake.py took 0.276 seconds
[2026-04-10T00:22:04.114+0000] {processor.py:161} INFO - Started process (PID=15790) to work on /opt/airflow/dags/master_location_to_s3_to_snowflake.py
[2026-04-10T00:22:04.117+0000] {processor.py:830} INFO - Processing file /opt/airflow/dags/master_location_to_s3_to_snowflake.py for tasks to queue
[2026-04-10T00:22:04.119+0000] {logging_mixin.py:188} INFO - [2026-04-10T00:22:04.119+0000] {dagbag.py:538} INFO - Filling up the DagBag from /opt/airflow/dags/master_location_to_s3_to_snowflake.py
[2026-04-10T00:22:04.357+0000] {processor.py:840} INFO - DAG(s) 'master_location_to_s3_to_snowflake' retrieved from /opt/airflow/dags/master_location_to_s3_to_snowflake.py
[2026-04-10T00:22:04.371+0000] {logging_mixin.py:188} INFO - [2026-04-10T00:22:04.371+0000] {dag.py:3036} INFO - Sync 1 DAGs
[2026-04-10T00:22:04.379+0000] {logging_mixin.py:188} INFO - [2026-04-10T00:22:04.379+0000] {dag.py:3823} INFO - Setting next_dagrun for master_location_to_s3_to_snowflake to 2027-01-01 00:00:00+00:00, run_after=2028-01-01 00:00:00+00:00
[2026-04-10T00:22:04.388+0000] {processor.py:183} INFO - Processing /opt/airflow/dags/master_location_to_s3_to_snowflake.py took 0.276 seconds
[2026-04-10T00:22:34.532+0000] {processor.py:161} INFO - Started process (PID=15870) to work on /opt/airflow/dags/master_location_to_s3_to_snowflake.py
[2026-04-10T00:22:34.533+0000] {processor.py:830} INFO - Processing file /opt/airflow/dags/master_location_to_s3_to_snowflake.py for tasks to queue
[2026-04-10T00:22:34.535+0000] {logging_mixin.py:188} INFO - [2026-04-10T00:22:34.535+0000] {dagbag.py:538} INFO - Filling up the DagBag from /opt/airflow/dags/master_location_to_s3_to_snowflake.py
[2026-04-10T00:22:34.787+0000] {processor.py:840} INFO - DAG(s) 'master_location_to_s3_to_snowflake' retrieved from /opt/airflow/dags/master_location_to_s3_to_snowflake.py
[2026-04-10T00:22:34.800+0000] {logging_mixin.py:188} INFO - [2026-04-10T00:22:34.800+0000] {dag.py:3036} INFO - Sync 1 DAGs
[2026-04-10T00:22:34.807+0000] {logging_mixin.py:188} INFO - [2026-04-10T00:22:34.807+0000] {dag.py:3823} INFO - Setting next_dagrun for master_location_to_s3_to_snowflake to 2027-01-01 00:00:00+00:00, run_after=2028-01-01 00:00:00+00:00
[2026-04-10T00:22:34.817+0000] {processor.py:183} INFO - Processing /opt/airflow/dags/master_location_to_s3_to_snowflake.py took 0.286 seconds
[2026-04-10T00:23:04.997+0000] {processor.py:161} INFO - Started process (PID=15950) to work on /opt/airflow/dags/master_location_to_s3_to_snowflake.py
[2026-04-10T00:23:04.998+0000] {processor.py:830} INFO - Processing file /opt/airflow/dags/master_location_to_s3_to_snowflake.py for tasks to queue
[2026-04-10T00:23:05.000+0000] {logging_mixin.py:188} INFO - [2026-04-10T00:23:05.000+0000] {dagbag.py:538} INFO - Filling up the DagBag from /opt/airflow/dags/master_location_to_s3_to_snowflake.py
[2026-04-10T00:23:05.234+0000] {processor.py:840} INFO - DAG(s) 'master_location_to_s3_to_snowflake' retrieved from /opt/airflow/dags/master_location_to_s3_to_snowflake.py
[2026-04-10T00:23:05.242+0000] {logging_mixin.py:188} INFO - [2026-04-10T00:23:05.241+0000] {dag.py:3036} INFO - Sync 1 DAGs
[2026-04-10T00:23:05.252+0000] {logging_mixin.py:188} INFO - [2026-04-10T00:23:05.252+0000] {dag.py:3823} INFO - Setting next_dagrun for master_location_to_s3_to_snowflake to 2027-01-01 00:00:00+00:00, run_after=2028-01-01 00:00:00+00:00
[2026-04-10T00:23:05.261+0000] {processor.py:183} INFO - Processing /opt/airflow/dags/master_location_to_s3_to_snowflake.py took 0.266 seconds
[2026-04-10T00:23:35.614+0000] {processor.py:161} INFO - Started process (PID=16030) to work on /opt/airflow/dags/master_location_to_s3_to_snowflake.py
[2026-04-10T00:23:35.615+0000] {processor.py:830} INFO - Processing file /opt/airflow/dags/master_location_to_s3_to_snowflake.py for tasks to queue
[2026-04-10T00:23:35.617+0000] {logging_mixin.py:188} INFO - [2026-04-10T00:23:35.617+0000] {dagbag.py:538} INFO - Filling up the DagBag from /opt/airflow/dags/master_location_to_s3_to_snowflake.py
[2026-04-10T00:23:35.871+0000] {processor.py:840} INFO - DAG(s) 'master_location_to_s3_to_snowflake' retrieved from /opt/airflow/dags/master_location_to_s3_to_snowflake.py
[2026-04-10T00:23:35.880+0000] {logging_mixin.py:188} INFO - [2026-04-10T00:23:35.880+0000] {dag.py:3036} INFO - Sync 1 DAGs
[2026-04-10T00:23:35.892+0000] {logging_mixin.py:188} INFO - [2026-04-10T00:23:35.891+0000] {dag.py:3823} INFO - Setting next_dagrun for master_location_to_s3_to_snowflake to 2027-01-01 00:00:00+00:00, run_after=2028-01-01 00:00:00+00:00
[2026-04-10T00:23:35.901+0000] {processor.py:183} INFO - Processing /opt/airflow/dags/master_location_to_s3_to_snowflake.py took 0.289 seconds
[2026-04-10T00:24:06.127+0000] {processor.py:161} INFO - Started process (PID=16110) to work on /opt/airflow/dags/master_location_to_s3_to_snowflake.py
[2026-04-10T00:24:06.127+0000] {processor.py:830} INFO - Processing file /opt/airflow/dags/master_location_to_s3_to_snowflake.py for tasks to queue
[2026-04-10T00:24:06.128+0000] {logging_mixin.py:188} INFO - [2026-04-10T00:24:06.128+0000] {dagbag.py:538} INFO - Filling up the DagBag from /opt/airflow/dags/master_location_to_s3_to_snowflake.py
[2026-04-10T00:24:06.363+0000] {processor.py:840} INFO - DAG(s) 'master_location_to_s3_to_snowflake' retrieved from /opt/airflow/dags/master_location_to_s3_to_snowflake.py
[2026-04-10T00:24:06.372+0000] {logging_mixin.py:188} INFO - [2026-04-10T00:24:06.372+0000] {dag.py:3036} INFO - Sync 1 DAGs
[2026-04-10T00:24:06.381+0000] {logging_mixin.py:188} INFO - [2026-04-10T00:24:06.381+0000] {dag.py:3823} INFO - Setting next_dagrun for master_location_to_s3_to_snowflake to 2027-01-01 00:00:00+00:00, run_after=2028-01-01 00:00:00+00:00
[2026-04-10T00:24:06.390+0000] {processor.py:183} INFO - Processing /opt/airflow/dags/master_location_to_s3_to_snowflake.py took 0.265 seconds
[2026-04-10T00:24:36.797+0000] {processor.py:161} INFO - Started process (PID=16190) to work on /opt/airflow/dags/master_location_to_s3_to_snowflake.py
[2026-04-10T00:24:36.799+0000] {processor.py:830} INFO - Processing file /opt/airflow/dags/master_location_to_s3_to_snowflake.py for tasks to queue
[2026-04-10T00:24:36.801+0000] {logging_mixin.py:188} INFO - [2026-04-10T00:24:36.801+0000] {dagbag.py:538} INFO - Filling up the DagBag from /opt/airflow/dags/master_location_to_s3_to_snowflake.py
[2026-04-10T00:24:36.968+0000] {processor.py:840} INFO - DAG(s) 'master_location_to_s3_to_snowflake' retrieved from /opt/airflow/dags/master_location_to_s3_to_snowflake.py
[2026-04-10T00:24:36.981+0000] {logging_mixin.py:188} INFO - [2026-04-10T00:24:36.981+0000] {dag.py:3036} INFO - Sync 1 DAGs
[2026-04-10T00:24:36.989+0000] {logging_mixin.py:188} INFO - [2026-04-10T00:24:36.989+0000] {dag.py:3823} INFO - Setting next_dagrun for master_location_to_s3_to_snowflake to 2027-01-01 00:00:00+00:00, run_after=2028-01-01 00:00:00+00:00
[2026-04-10T00:24:36.997+0000] {processor.py:183} INFO - Processing /opt/airflow/dags/master_location_to_s3_to_snowflake.py took 0.202 seconds
[2026-04-10T00:25:07.776+0000] {processor.py:161} INFO - Started process (PID=16270) to work on /opt/airflow/dags/master_location_to_s3_to_snowflake.py
[2026-04-10T00:25:07.776+0000] {processor.py:830} INFO - Processing file /opt/airflow/dags/master_location_to_s3_to_snowflake.py for tasks to queue
[2026-04-10T00:25:07.778+0000] {logging_mixin.py:188} INFO - [2026-04-10T00:25:07.778+0000] {dagbag.py:538} INFO - Filling up the DagBag from /opt/airflow/dags/master_location_to_s3_to_snowflake.py
[2026-04-10T00:25:07.939+0000] {processor.py:840} INFO - DAG(s) 'master_location_to_s3_to_snowflake' retrieved from /opt/airflow/dags/master_location_to_s3_to_snowflake.py
[2026-04-10T00:25:07.951+0000] {logging_mixin.py:188} INFO - [2026-04-10T00:25:07.950+0000] {dag.py:3036} INFO - Sync 1 DAGs
[2026-04-10T00:25:07.961+0000] {logging_mixin.py:188} INFO - [2026-04-10T00:25:07.961+0000] {dag.py:3823} INFO - Setting next_dagrun for master_location_to_s3_to_snowflake to 2027-01-01 00:00:00+00:00, run_after=2028-01-01 00:00:00+00:00
[2026-04-10T00:25:07.970+0000] {processor.py:183} INFO - Processing /opt/airflow/dags/master_location_to_s3_to_snowflake.py took 0.196 seconds
[2026-04-10T00:25:38.710+0000] {processor.py:161} INFO - Started process (PID=16350) to work on /opt/airflow/dags/master_location_to_s3_to_snowflake.py
[2026-04-10T00:25:38.711+0000] {processor.py:830} INFO - Processing file /opt/airflow/dags/master_location_to_s3_to_snowflake.py for tasks to queue
[2026-04-10T00:25:38.712+0000] {logging_mixin.py:188} INFO - [2026-04-10T00:25:38.712+0000] {dagbag.py:538} INFO - Filling up the DagBag from /opt/airflow/dags/master_location_to_s3_to_snowflake.py
[2026-04-10T00:25:38.877+0000] {processor.py:840} INFO - DAG(s) 'master_location_to_s3_to_snowflake' retrieved from /opt/airflow/dags/master_location_to_s3_to_snowflake.py
[2026-04-10T00:25:38.887+0000] {logging_mixin.py:188} INFO - [2026-04-10T00:25:38.887+0000] {dag.py:3036} INFO - Sync 1 DAGs
[2026-04-10T00:25:38.896+0000] {logging_mixin.py:188} INFO - [2026-04-10T00:25:38.896+0000] {dag.py:3823} INFO - Setting next_dagrun for master_location_to_s3_to_snowflake to 2027-01-01 00:00:00+00:00, run_after=2028-01-01 00:00:00+00:00
[2026-04-10T00:25:38.905+0000] {processor.py:183} INFO - Processing /opt/airflow/dags/master_location_to_s3_to_snowflake.py took 0.196 seconds
[2026-04-10T00:26:09.878+0000] {processor.py:161} INFO - Started process (PID=16429) to work on /opt/airflow/dags/master_location_to_s3_to_snowflake.py
[2026-04-10T00:26:09.880+0000] {processor.py:830} INFO - Processing file /opt/airflow/dags/master_location_to_s3_to_snowflake.py for tasks to queue
[2026-04-10T00:26:09.881+0000] {logging_mixin.py:188} INFO - [2026-04-10T00:26:09.881+0000] {dagbag.py:538} INFO - Filling up the DagBag from /opt/airflow/dags/master_location_to_s3_to_snowflake.py
[2026-04-10T00:26:10.053+0000] {processor.py:840} INFO - DAG(s) 'master_location_to_s3_to_snowflake' retrieved from /opt/airflow/dags/master_location_to_s3_to_snowflake.py
[2026-04-10T00:26:10.072+0000] {logging_mixin.py:188} INFO - [2026-04-10T00:26:10.071+0000] {dag.py:3036} INFO - Sync 1 DAGs
[2026-04-10T00:26:10.086+0000] {logging_mixin.py:188} INFO - [2026-04-10T00:26:10.086+0000] {dag.py:3823} INFO - Setting next_dagrun for master_location_to_s3_to_snowflake to 2027-01-01 00:00:00+00:00, run_after=2028-01-01 00:00:00+00:00
[2026-04-10T00:26:10.094+0000] {processor.py:183} INFO - Processing /opt/airflow/dags/master_location_to_s3_to_snowflake.py took 0.217 seconds
[2026-04-10T00:26:40.890+0000] {processor.py:161} INFO - Started process (PID=16509) to work on /opt/airflow/dags/master_location_to_s3_to_snowflake.py
[2026-04-10T00:26:40.891+0000] {processor.py:830} INFO - Processing file /opt/airflow/dags/master_location_to_s3_to_snowflake.py for tasks to queue
[2026-04-10T00:26:40.892+0000] {logging_mixin.py:188} INFO - [2026-04-10T00:26:40.892+0000] {dagbag.py:538} INFO - Filling up the DagBag from /opt/airflow/dags/master_location_to_s3_to_snowflake.py
[2026-04-10T00:26:41.057+0000] {processor.py:840} INFO - DAG(s) 'master_location_to_s3_to_snowflake' retrieved from /opt/airflow/dags/master_location_to_s3_to_snowflake.py
[2026-04-10T00:26:41.069+0000] {logging_mixin.py:188} INFO - [2026-04-10T00:26:41.069+0000] {dag.py:3036} INFO - Sync 1 DAGs
[2026-04-10T00:26:41.081+0000] {logging_mixin.py:188} INFO - [2026-04-10T00:26:41.081+0000] {dag.py:3823} INFO - Setting next_dagrun for master_location_to_s3_to_snowflake to 2027-01-01 00:00:00+00:00, run_after=2028-01-01 00:00:00+00:00
[2026-04-10T00:26:41.089+0000] {processor.py:183} INFO - Processing /opt/airflow/dags/master_location_to_s3_to_snowflake.py took 0.201 seconds
[2026-04-10T00:27:11.918+0000] {processor.py:161} INFO - Started process (PID=16594) to work on /opt/airflow/dags/master_location_to_s3_to_snowflake.py
[2026-04-10T00:27:11.918+0000] {processor.py:830} INFO - Processing file /opt/airflow/dags/master_location_to_s3_to_snowflake.py for tasks to queue
[2026-04-10T00:27:11.919+0000] {logging_mixin.py:188} INFO - [2026-04-10T00:27:11.919+0000] {dagbag.py:538} INFO - Filling up the DagBag from /opt/airflow/dags/master_location_to_s3_to_snowflake.py
[2026-04-10T00:27:12.088+0000] {processor.py:840} INFO - DAG(s) 'master_location_to_s3_to_snowflake' retrieved from /opt/airflow/dags/master_location_to_s3_to_snowflake.py
[2026-04-10T00:27:12.097+0000] {logging_mixin.py:188} INFO - [2026-04-10T00:27:12.096+0000] {dag.py:3036} INFO - Sync 1 DAGs
[2026-04-10T00:27:12.104+0000] {logging_mixin.py:188} INFO - [2026-04-10T00:27:12.104+0000] {dag.py:3823} INFO - Setting next_dagrun for master_location_to_s3_to_snowflake to 2027-01-01 00:00:00+00:00, run_after=2028-01-01 00:00:00+00:00
[2026-04-10T00:27:12.111+0000] {processor.py:183} INFO - Processing /opt/airflow/dags/master_location_to_s3_to_snowflake.py took 0.194 seconds
[2026-04-10T00:27:43.080+0000] {processor.py:161} INFO - Started process (PID=16673) to work on /opt/airflow/dags/master_location_to_s3_to_snowflake.py
[2026-04-10T00:27:43.084+0000] {processor.py:830} INFO - Processing file /opt/airflow/dags/master_location_to_s3_to_snowflake.py for tasks to queue
[2026-04-10T00:27:43.086+0000] {logging_mixin.py:188} INFO - [2026-04-10T00:27:43.086+0000] {dagbag.py:538} INFO - Filling up the DagBag from /opt/airflow/dags/master_location_to_s3_to_snowflake.py
[2026-04-10T00:27:43.267+0000] {processor.py:840} INFO - DAG(s) 'master_location_to_s3_to_snowflake' retrieved from /opt/airflow/dags/master_location_to_s3_to_snowflake.py
[2026-04-10T00:27:43.353+0000] {logging_mixin.py:188} INFO - [2026-04-10T00:27:43.353+0000] {dag.py:3036} INFO - Sync 1 DAGs
[2026-04-10T00:27:43.363+0000] {logging_mixin.py:188} INFO - [2026-04-10T00:27:43.363+0000] {dag.py:3823} INFO - Setting next_dagrun for master_location_to_s3_to_snowflake to 2027-01-01 00:00:00+00:00, run_after=2028-01-01 00:00:00+00:00
[2026-04-10T00:27:43.370+0000] {processor.py:183} INFO - Processing /opt/airflow/dags/master_location_to_s3_to_snowflake.py took 0.291 seconds
[2026-04-10T00:28:13.617+0000] {processor.py:161} INFO - Started process (PID=16753) to work on /opt/airflow/dags/master_location_to_s3_to_snowflake.py
[2026-04-10T00:28:13.620+0000] {processor.py:830} INFO - Processing file /opt/airflow/dags/master_location_to_s3_to_snowflake.py for tasks to queue
[2026-04-10T00:28:13.621+0000] {logging_mixin.py:188} INFO - [2026-04-10T00:28:13.621+0000] {dagbag.py:538} INFO - Filling up the DagBag from /opt/airflow/dags/master_location_to_s3_to_snowflake.py
[2026-04-10T00:28:13.873+0000] {processor.py:840} INFO - DAG(s) 'master_location_to_s3_to_snowflake' retrieved from /opt/airflow/dags/master_location_to_s3_to_snowflake.py
[2026-04-10T00:28:13.882+0000] {logging_mixin.py:188} INFO - [2026-04-10T00:28:13.882+0000] {dag.py:3036} INFO - Sync 1 DAGs
[2026-04-10T00:28:13.892+0000] {logging_mixin.py:188} INFO - [2026-04-10T00:28:13.892+0000] {dag.py:3823} INFO - Setting next_dagrun for master_location_to_s3_to_snowflake to 2027-01-01 00:00:00+00:00, run_after=2028-01-01 00:00:00+00:00
[2026-04-10T00:28:13.901+0000] {processor.py:183} INFO - Processing /opt/airflow/dags/master_location_to_s3_to_snowflake.py took 0.285 seconds
[2026-04-10T00:28:44.048+0000] {processor.py:161} INFO - Started process (PID=16833) to work on /opt/airflow/dags/master_location_to_s3_to_snowflake.py
[2026-04-10T00:28:44.050+0000] {processor.py:830} INFO - Processing file /opt/airflow/dags/master_location_to_s3_to_snowflake.py for tasks to queue
[2026-04-10T00:28:44.051+0000] {logging_mixin.py:188} INFO - [2026-04-10T00:28:44.051+0000] {dagbag.py:538} INFO - Filling up the DagBag from /opt/airflow/dags/master_location_to_s3_to_snowflake.py
[2026-04-10T00:28:44.287+0000] {processor.py:840} INFO - DAG(s) 'master_location_to_s3_to_snowflake' retrieved from /opt/airflow/dags/master_location_to_s3_to_snowflake.py
[2026-04-10T00:28:44.299+0000] {logging_mixin.py:188} INFO - [2026-04-10T00:28:44.298+0000] {dag.py:3036} INFO - Sync 1 DAGs
[2026-04-10T00:28:44.306+0000] {logging_mixin.py:188} INFO - [2026-04-10T00:28:44.306+0000] {dag.py:3823} INFO - Setting next_dagrun for master_location_to_s3_to_snowflake to 2027-01-01 00:00:00+00:00, run_after=2028-01-01 00:00:00+00:00
[2026-04-10T00:28:44.312+0000] {processor.py:183} INFO - Processing /opt/airflow/dags/master_location_to_s3_to_snowflake.py took 0.265 seconds
[2026-04-10T00:29:15.371+0000] {processor.py:161} INFO - Started process (PID=16913) to work on /opt/airflow/dags/master_location_to_s3_to_snowflake.py
[2026-04-10T00:29:15.371+0000] {processor.py:830} INFO - Processing file /opt/airflow/dags/master_location_to_s3_to_snowflake.py for tasks to queue
[2026-04-10T00:29:15.373+0000] {logging_mixin.py:188} INFO - [2026-04-10T00:29:15.373+0000] {dagbag.py:538} INFO - Filling up the DagBag from /opt/airflow/dags/master_location_to_s3_to_snowflake.py
[2026-04-10T00:29:15.615+0000] {processor.py:840} INFO - DAG(s) 'master_location_to_s3_to_snowflake' retrieved from /opt/airflow/dags/master_location_to_s3_to_snowflake.py
[2026-04-10T00:29:15.626+0000] {logging_mixin.py:188} INFO - [2026-04-10T00:29:15.626+0000] {dag.py:3036} INFO - Sync 1 DAGs
[2026-04-10T00:29:15.635+0000] {logging_mixin.py:188} INFO - [2026-04-10T00:29:15.634+0000] {dag.py:3823} INFO - Setting next_dagrun for master_location_to_s3_to_snowflake to 2027-01-01 00:00:00+00:00, run_after=2028-01-01 00:00:00+00:00
[2026-04-10T00:29:15.644+0000] {processor.py:183} INFO - Processing /opt/airflow/dags/master_location_to_s3_to_snowflake.py took 0.275 seconds
[2026-04-10T00:29:45.979+0000] {processor.py:161} INFO - Started process (PID=16993) to work on /opt/airflow/dags/master_location_to_s3_to_snowflake.py
[2026-04-10T00:29:45.980+0000] {processor.py:830} INFO - Processing file /opt/airflow/dags/master_location_to_s3_to_snowflake.py for tasks to queue
[2026-04-10T00:29:45.982+0000] {logging_mixin.py:188} INFO - [2026-04-10T00:29:45.982+0000] {dagbag.py:538} INFO - Filling up the DagBag from /opt/airflow/dags/master_location_to_s3_to_snowflake.py
[2026-04-10T00:29:46.213+0000] {processor.py:840} INFO - DAG(s) 'master_location_to_s3_to_snowflake' retrieved from /opt/airflow/dags/master_location_to_s3_to_snowflake.py
[2026-04-10T00:29:46.225+0000] {logging_mixin.py:188} INFO - [2026-04-10T00:29:46.225+0000] {dag.py:3036} INFO - Sync 1 DAGs
[2026-04-10T00:29:46.234+0000] {logging_mixin.py:188} INFO - [2026-04-10T00:29:46.234+0000] {dag.py:3823} INFO - Setting next_dagrun for master_location_to_s3_to_snowflake to 2027-01-01 00:00:00+00:00, run_after=2028-01-01 00:00:00+00:00
[2026-04-10T00:29:46.241+0000] {processor.py:183} INFO - Processing /opt/airflow/dags/master_location_to_s3_to_snowflake.py took 0.263 seconds
[2026-04-10T00:30:16.376+0000] {processor.py:161} INFO - Started process (PID=17073) to work on /opt/airflow/dags/master_location_to_s3_to_snowflake.py
[2026-04-10T00:30:16.377+0000] {processor.py:830} INFO - Processing file /opt/airflow/dags/master_location_to_s3_to_snowflake.py for tasks to queue
[2026-04-10T00:30:16.380+0000] {logging_mixin.py:188} INFO - [2026-04-10T00:30:16.380+0000] {dagbag.py:538} INFO - Filling up the DagBag from /opt/airflow/dags/master_location_to_s3_to_snowflake.py
[2026-04-10T00:30:16.646+0000] {processor.py:840} INFO - DAG(s) 'master_location_to_s3_to_snowflake' retrieved from /opt/airflow/dags/master_location_to_s3_to_snowflake.py
[2026-04-10T00:30:16.655+0000] {logging_mixin.py:188} INFO - [2026-04-10T00:30:16.655+0000] {dag.py:3036} INFO - Sync 1 DAGs
[2026-04-10T00:30:16.664+0000] {logging_mixin.py:188} INFO - [2026-04-10T00:30:16.664+0000] {dag.py:3823} INFO - Setting next_dagrun for master_location_to_s3_to_snowflake to 2027-01-01 00:00:00+00:00, run_after=2028-01-01 00:00:00+00:00
[2026-04-10T00:30:16.674+0000] {processor.py:183} INFO - Processing /opt/airflow/dags/master_location_to_s3_to_snowflake.py took 0.300 seconds
[2026-04-10T00:30:47.323+0000] {processor.py:161} INFO - Started process (PID=17153) to work on /opt/airflow/dags/master_location_to_s3_to_snowflake.py
[2026-04-10T00:30:47.324+0000] {processor.py:830} INFO - Processing file /opt/airflow/dags/master_location_to_s3_to_snowflake.py for tasks to queue
[2026-04-10T00:30:47.326+0000] {logging_mixin.py:188} INFO - [2026-04-10T00:30:47.326+0000] {dagbag.py:538} INFO - Filling up the DagBag from /opt/airflow/dags/master_location_to_s3_to_snowflake.py
[2026-04-10T00:30:47.607+0000] {processor.py:840} INFO - DAG(s) 'master_location_to_s3_to_snowflake' retrieved from /opt/airflow/dags/master_location_to_s3_to_snowflake.py
[2026-04-10T00:30:47.616+0000] {logging_mixin.py:188} INFO - [2026-04-10T00:30:47.616+0000] {dag.py:3036} INFO - Sync 1 DAGs
[2026-04-10T00:30:47.629+0000] {logging_mixin.py:188} INFO - [2026-04-10T00:30:47.628+0000] {dag.py:3823} INFO - Setting next_dagrun for master_location_to_s3_to_snowflake to 2027-01-01 00:00:00+00:00, run_after=2028-01-01 00:00:00+00:00
[2026-04-10T00:30:47.638+0000] {processor.py:183} INFO - Processing /opt/airflow/dags/master_location_to_s3_to_snowflake.py took 0.317 seconds
[2026-04-10T00:31:18.226+0000] {processor.py:161} INFO - Started process (PID=17233) to work on /opt/airflow/dags/master_location_to_s3_to_snowflake.py
[2026-04-10T00:31:18.227+0000] {processor.py:830} INFO - Processing file /opt/airflow/dags/master_location_to_s3_to_snowflake.py for tasks to queue
[2026-04-10T00:31:18.231+0000] {logging_mixin.py:188} INFO - [2026-04-10T00:31:18.231+0000] {dagbag.py:538} INFO - Filling up the DagBag from /opt/airflow/dags/master_location_to_s3_to_snowflake.py
[2026-04-10T00:31:18.491+0000] {processor.py:840} INFO - DAG(s) 'master_location_to_s3_to_snowflake' retrieved from /opt/airflow/dags/master_location_to_s3_to_snowflake.py
[2026-04-10T00:31:18.500+0000] {logging_mixin.py:188} INFO - [2026-04-10T00:31:18.500+0000] {dag.py:3036} INFO - Sync 1 DAGs
[2026-04-10T00:31:18.509+0000] {logging_mixin.py:188} INFO - [2026-04-10T00:31:18.509+0000] {dag.py:3823} INFO - Setting next_dagrun for master_location_to_s3_to_snowflake to 2027-01-01 00:00:00+00:00, run_after=2028-01-01 00:00:00+00:00
[2026-04-10T00:31:18.518+0000] {processor.py:183} INFO - Processing /opt/airflow/dags/master_location_to_s3_to_snowflake.py took 0.293 seconds
[2026-04-10T00:31:49.279+0000] {processor.py:161} INFO - Started process (PID=17313) to work on /opt/airflow/dags/master_location_to_s3_to_snowflake.py
[2026-04-10T00:31:49.279+0000] {processor.py:830} INFO - Processing file /opt/airflow/dags/master_location_to_s3_to_snowflake.py for tasks to queue
[2026-04-10T00:31:49.280+0000] {logging_mixin.py:188} INFO - [2026-04-10T00:31:49.280+0000] {dagbag.py:538} INFO - Filling up the DagBag from /opt/airflow/dags/master_location_to_s3_to_snowflake.py
[2026-04-10T00:31:49.556+0000] {processor.py:840} INFO - DAG(s) 'master_location_to_s3_to_snowflake' retrieved from /opt/airflow/dags/master_location_to_s3_to_snowflake.py
[2026-04-10T00:31:49.565+0000] {logging_mixin.py:188} INFO - [2026-04-10T00:31:49.565+0000] {dag.py:3036} INFO - Sync 1 DAGs
[2026-04-10T00:31:49.577+0000] {logging_mixin.py:188} INFO - [2026-04-10T00:31:49.576+0000] {dag.py:3823} INFO - Setting next_dagrun for master_location_to_s3_to_snowflake to 2027-01-01 00:00:00+00:00, run_after=2028-01-01 00:00:00+00:00
[2026-04-10T00:31:49.588+0000] {processor.py:183} INFO - Processing /opt/airflow/dags/master_location_to_s3_to_snowflake.py took 0.312 seconds
[2026-04-10T00:32:20.061+0000] {processor.py:161} INFO - Started process (PID=17393) to work on /opt/airflow/dags/master_location_to_s3_to_snowflake.py
[2026-04-10T00:32:20.062+0000] {processor.py:830} INFO - Processing file /opt/airflow/dags/master_location_to_s3_to_snowflake.py for tasks to queue
[2026-04-10T00:32:20.063+0000] {logging_mixin.py:188} INFO - [2026-04-10T00:32:20.063+0000] {dagbag.py:538} INFO - Filling up the DagBag from /opt/airflow/dags/master_location_to_s3_to_snowflake.py
[2026-04-10T00:32:20.248+0000] {processor.py:840} INFO - DAG(s) 'master_location_to_s3_to_snowflake' retrieved from /opt/airflow/dags/master_location_to_s3_to_snowflake.py
[2026-04-10T00:32:20.258+0000] {logging_mixin.py:188} INFO - [2026-04-10T00:32:20.258+0000] {dag.py:3036} INFO - Sync 1 DAGs
[2026-04-10T00:32:20.268+0000] {logging_mixin.py:188} INFO - [2026-04-10T00:32:20.267+0000] {dag.py:3823} INFO - Setting next_dagrun for master_location_to_s3_to_snowflake to 2027-01-01 00:00:00+00:00, run_after=2028-01-01 00:00:00+00:00
[2026-04-10T00:32:20.279+0000] {processor.py:183} INFO - Processing /opt/airflow/dags/master_location_to_s3_to_snowflake.py took 0.219 seconds
[2026-04-10T00:32:50.412+0000] {processor.py:161} INFO - Started process (PID=17473) to work on /opt/airflow/dags/master_location_to_s3_to_snowflake.py
[2026-04-10T00:32:50.413+0000] {processor.py:830} INFO - Processing file /opt/airflow/dags/master_location_to_s3_to_snowflake.py for tasks to queue
[2026-04-10T00:32:50.416+0000] {logging_mixin.py:188} INFO - [2026-04-10T00:32:50.416+0000] {dagbag.py:538} INFO - Filling up the DagBag from /opt/airflow/dags/master_location_to_s3_to_snowflake.py
[2026-04-10T00:32:50.590+0000] {processor.py:840} INFO - DAG(s) 'master_location_to_s3_to_snowflake' retrieved from /opt/airflow/dags/master_location_to_s3_to_snowflake.py
[2026-04-10T00:32:50.607+0000] {logging_mixin.py:188} INFO - [2026-04-10T00:32:50.607+0000] {dag.py:3036} INFO - Sync 1 DAGs
[2026-04-10T00:32:50.619+0000] {logging_mixin.py:188} INFO - [2026-04-10T00:32:50.619+0000] {dag.py:3823} INFO - Setting next_dagrun for master_location_to_s3_to_snowflake to 2027-01-01 00:00:00+00:00, run_after=2028-01-01 00:00:00+00:00
[2026-04-10T00:32:50.627+0000] {processor.py:183} INFO - Processing /opt/airflow/dags/master_location_to_s3_to_snowflake.py took 0.217 seconds
[2026-04-10T00:33:21.465+0000] {processor.py:161} INFO - Started process (PID=17554) to work on /opt/airflow/dags/master_location_to_s3_to_snowflake.py
[2026-04-10T00:33:21.466+0000] {processor.py:830} INFO - Processing file /opt/airflow/dags/master_location_to_s3_to_snowflake.py for tasks to queue
[2026-04-10T00:33:21.467+0000] {logging_mixin.py:188} INFO - [2026-04-10T00:33:21.466+0000] {dagbag.py:538} INFO - Filling up the DagBag from /opt/airflow/dags/master_location_to_s3_to_snowflake.py
[2026-04-10T00:33:21.630+0000] {processor.py:840} INFO - DAG(s) 'master_location_to_s3_to_snowflake' retrieved from /opt/airflow/dags/master_location_to_s3_to_snowflake.py
[2026-04-10T00:33:21.637+0000] {logging_mixin.py:188} INFO - [2026-04-10T00:33:21.637+0000] {dag.py:3036} INFO - Sync 1 DAGs
[2026-04-10T00:33:21.645+0000] {logging_mixin.py:188} INFO - [2026-04-10T00:33:21.645+0000] {dag.py:3823} INFO - Setting next_dagrun for master_location_to_s3_to_snowflake to 2027-01-01 00:00:00+00:00, run_after=2028-01-01 00:00:00+00:00
[2026-04-10T00:33:21.651+0000] {processor.py:183} INFO - Processing /opt/airflow/dags/master_location_to_s3_to_snowflake.py took 0.187 seconds
[2026-04-10T00:33:52.453+0000] {processor.py:161} INFO - Started process (PID=17633) to work on /opt/airflow/dags/master_location_to_s3_to_snowflake.py
[2026-04-10T00:33:52.454+0000] {processor.py:830} INFO - Processing file /opt/airflow/dags/master_location_to_s3_to_snowflake.py for tasks to queue
[2026-04-10T00:33:52.456+0000] {logging_mixin.py:188} INFO - [2026-04-10T00:33:52.456+0000] {dagbag.py:538} INFO - Filling up the DagBag from /opt/airflow/dags/master_location_to_s3_to_snowflake.py
[2026-04-10T00:33:52.621+0000] {processor.py:840} INFO - DAG(s) 'master_location_to_s3_to_snowflake' retrieved from /opt/airflow/dags/master_location_to_s3_to_snowflake.py
[2026-04-10T00:33:52.631+0000] {logging_mixin.py:188} INFO - [2026-04-10T00:33:52.631+0000] {dag.py:3036} INFO - Sync 1 DAGs
[2026-04-10T00:33:52.641+0000] {logging_mixin.py:188} INFO - [2026-04-10T00:33:52.640+0000] {dag.py:3823} INFO - Setting next_dagrun for master_location_to_s3_to_snowflake to 2027-01-01 00:00:00+00:00, run_after=2028-01-01 00:00:00+00:00
[2026-04-10T00:33:52.650+0000] {processor.py:183} INFO - Processing /opt/airflow/dags/master_location_to_s3_to_snowflake.py took 0.199 seconds
[2026-04-10T00:34:23.469+0000] {processor.py:161} INFO - Started process (PID=17714) to work on /opt/airflow/dags/master_location_to_s3_to_snowflake.py
[2026-04-10T00:34:23.469+0000] {processor.py:830} INFO - Processing file /opt/airflow/dags/master_location_to_s3_to_snowflake.py for tasks to queue
[2026-04-10T00:34:23.470+0000] {logging_mixin.py:188} INFO - [2026-04-10T00:34:23.469+0000] {dagbag.py:538} INFO - Filling up the DagBag from /opt/airflow/dags/master_location_to_s3_to_snowflake.py
[2026-04-10T00:34:23.641+0000] {processor.py:840} INFO - DAG(s) 'master_location_to_s3_to_snowflake' retrieved from /opt/airflow/dags/master_location_to_s3_to_snowflake.py
[2026-04-10T00:34:23.648+0000] {logging_mixin.py:188} INFO - [2026-04-10T00:34:23.648+0000] {dag.py:3036} INFO - Sync 1 DAGs
[2026-04-10T00:34:23.656+0000] {logging_mixin.py:188} INFO - [2026-04-10T00:34:23.656+0000] {dag.py:3823} INFO - Setting next_dagrun for master_location_to_s3_to_snowflake to 2027-01-01 00:00:00+00:00, run_after=2028-01-01 00:00:00+00:00
[2026-04-10T00:34:23.662+0000] {processor.py:183} INFO - Processing /opt/airflow/dags/master_location_to_s3_to_snowflake.py took 0.194 seconds
[2026-04-10T00:34:53.883+0000] {processor.py:161} INFO - Started process (PID=17793) to work on /opt/airflow/dags/master_location_to_s3_to_snowflake.py
[2026-04-10T00:34:53.886+0000] {processor.py:830} INFO - Processing file /opt/airflow/dags/master_location_to_s3_to_snowflake.py for tasks to queue
[2026-04-10T00:34:53.889+0000] {logging_mixin.py:188} INFO - [2026-04-10T00:34:53.889+0000] {dagbag.py:538} INFO - Filling up the DagBag from /opt/airflow/dags/master_location_to_s3_to_snowflake.py
[2026-04-10T00:34:54.056+0000] {processor.py:840} INFO - DAG(s) 'master_location_to_s3_to_snowflake' retrieved from /opt/airflow/dags/master_location_to_s3_to_snowflake.py
[2026-04-10T00:34:54.073+0000] {logging_mixin.py:188} INFO - [2026-04-10T00:34:54.073+0000] {dag.py:3036} INFO - Sync 1 DAGs
[2026-04-10T00:34:54.082+0000] {logging_mixin.py:188} INFO - [2026-04-10T00:34:54.082+0000] {dag.py:3823} INFO - Setting next_dagrun for master_location_to_s3_to_snowflake to 2027-01-01 00:00:00+00:00, run_after=2028-01-01 00:00:00+00:00
[2026-04-10T00:34:54.091+0000] {processor.py:183} INFO - Processing /opt/airflow/dags/master_location_to_s3_to_snowflake.py took 0.209 seconds
[2026-04-10T00:35:25.120+0000] {processor.py:161} INFO - Started process (PID=17874) to work on /opt/airflow/dags/master_location_to_s3_to_snowflake.py
[2026-04-10T00:35:25.121+0000] {processor.py:830} INFO - Processing file /opt/airflow/dags/master_location_to_s3_to_snowflake.py for tasks to queue
[2026-04-10T00:35:25.121+0000] {logging_mixin.py:188} INFO - [2026-04-10T00:35:25.121+0000] {dagbag.py:538} INFO - Filling up the DagBag from /opt/airflow/dags/master_location_to_s3_to_snowflake.py
[2026-04-10T00:35:25.322+0000] {processor.py:840} INFO - DAG(s) 'master_location_to_s3_to_snowflake' retrieved from /opt/airflow/dags/master_location_to_s3_to_snowflake.py
[2026-04-10T00:35:25.403+0000] {logging_mixin.py:188} INFO - [2026-04-10T00:35:25.403+0000] {dag.py:3036} INFO - Sync 1 DAGs
[2026-04-10T00:35:25.410+0000] {logging_mixin.py:188} INFO - [2026-04-10T00:35:25.410+0000] {dag.py:3823} INFO - Setting next_dagrun for master_location_to_s3_to_snowflake to 2027-01-01 00:00:00+00:00, run_after=2028-01-01 00:00:00+00:00
[2026-04-10T00:35:25.416+0000] {processor.py:183} INFO - Processing /opt/airflow/dags/master_location_to_s3_to_snowflake.py took 0.297 seconds
[2026-04-10T00:35:56.516+0000] {processor.py:161} INFO - Started process (PID=17954) to work on /opt/airflow/dags/master_location_to_s3_to_snowflake.py
[2026-04-10T00:35:56.516+0000] {processor.py:830} INFO - Processing file /opt/airflow/dags/master_location_to_s3_to_snowflake.py for tasks to queue
[2026-04-10T00:35:56.517+0000] {logging_mixin.py:188} INFO - [2026-04-10T00:35:56.517+0000] {dagbag.py:538} INFO - Filling up the DagBag from /opt/airflow/dags/master_location_to_s3_to_snowflake.py
[2026-04-10T00:35:56.738+0000] {processor.py:840} INFO - DAG(s) 'master_location_to_s3_to_snowflake' retrieved from /opt/airflow/dags/master_location_to_s3_to_snowflake.py
[2026-04-10T00:35:56.744+0000] {logging_mixin.py:188} INFO - [2026-04-10T00:35:56.744+0000] {dag.py:3036} INFO - Sync 1 DAGs
[2026-04-10T00:35:56.751+0000] {logging_mixin.py:188} INFO - [2026-04-10T00:35:56.751+0000] {dag.py:3823} INFO - Setting next_dagrun for master_location_to_s3_to_snowflake to 2027-01-01 00:00:00+00:00, run_after=2028-01-01 00:00:00+00:00
[2026-04-10T00:35:56.756+0000] {processor.py:183} INFO - Processing /opt/airflow/dags/master_location_to_s3_to_snowflake.py took 0.241 seconds
[2026-04-10T00:36:27.031+0000] {processor.py:161} INFO - Started process (PID=18034) to work on /opt/airflow/dags/master_location_to_s3_to_snowflake.py
[2026-04-10T00:36:27.032+0000] {processor.py:830} INFO - Processing file /opt/airflow/dags/master_location_to_s3_to_snowflake.py for tasks to queue
[2026-04-10T00:36:27.033+0000] {logging_mixin.py:188} INFO - [2026-04-10T00:36:27.032+0000] {dagbag.py:538} INFO - Filling up the DagBag from /opt/airflow/dags/master_location_to_s3_to_snowflake.py
[2026-04-10T00:36:27.253+0000] {processor.py:840} INFO - DAG(s) 'master_location_to_s3_to_snowflake' retrieved from /opt/airflow/dags/master_location_to_s3_to_snowflake.py
[2026-04-10T00:36:27.259+0000] {logging_mixin.py:188} INFO - [2026-04-10T00:36:27.259+0000] {dag.py:3036} INFO - Sync 1 DAGs
[2026-04-10T00:36:27.265+0000] {logging_mixin.py:188} INFO - [2026-04-10T00:36:27.265+0000] {dag.py:3823} INFO - Setting next_dagrun for master_location_to_s3_to_snowflake to 2027-01-01 00:00:00+00:00, run_after=2028-01-01 00:00:00+00:00
[2026-04-10T00:36:27.270+0000] {processor.py:183} INFO - Processing /opt/airflow/dags/master_location_to_s3_to_snowflake.py took 0.240 seconds
[2026-04-10T00:36:57.675+0000] {processor.py:161} INFO - Started process (PID=18113) to work on /opt/airflow/dags/master_location_to_s3_to_snowflake.py
[2026-04-10T00:36:57.676+0000] {processor.py:830} INFO - Processing file /opt/airflow/dags/master_location_to_s3_to_snowflake.py for tasks to queue
[2026-04-10T00:36:57.678+0000] {logging_mixin.py:188} INFO - [2026-04-10T00:36:57.678+0000] {dagbag.py:538} INFO - Filling up the DagBag from /opt/airflow/dags/master_location_to_s3_to_snowflake.py
[2026-04-10T00:36:57.934+0000] {processor.py:840} INFO - DAG(s) 'master_location_to_s3_to_snowflake' retrieved from /opt/airflow/dags/master_location_to_s3_to_snowflake.py
[2026-04-10T00:36:57.942+0000] {logging_mixin.py:188} INFO - [2026-04-10T00:36:57.942+0000] {dag.py:3036} INFO - Sync 1 DAGs
[2026-04-10T00:36:57.952+0000] {logging_mixin.py:188} INFO - [2026-04-10T00:36:57.952+0000] {dag.py:3823} INFO - Setting next_dagrun for master_location_to_s3_to_snowflake to 2027-01-01 00:00:00+00:00, run_after=2028-01-01 00:00:00+00:00
[2026-04-10T00:36:57.962+0000] {processor.py:183} INFO - Processing /opt/airflow/dags/master_location_to_s3_to_snowflake.py took 0.288 seconds
[2026-04-10T00:37:28.413+0000] {processor.py:161} INFO - Started process (PID=18194) to work on /opt/airflow/dags/master_location_to_s3_to_snowflake.py
[2026-04-10T00:37:28.414+0000] {processor.py:830} INFO - Processing file /opt/airflow/dags/master_location_to_s3_to_snowflake.py for tasks to queue
[2026-04-10T00:37:28.414+0000] {logging_mixin.py:188} INFO - [2026-04-10T00:37:28.414+0000] {dagbag.py:538} INFO - Filling up the DagBag from /opt/airflow/dags/master_location_to_s3_to_snowflake.py
[2026-04-10T00:37:28.649+0000] {processor.py:840} INFO - DAG(s) 'master_location_to_s3_to_snowflake' retrieved from /opt/airflow/dags/master_location_to_s3_to_snowflake.py
[2026-04-10T00:37:28.655+0000] {logging_mixin.py:188} INFO - [2026-04-10T00:37:28.655+0000] {dag.py:3036} INFO - Sync 1 DAGs
[2026-04-10T00:37:28.662+0000] {logging_mixin.py:188} INFO - [2026-04-10T00:37:28.662+0000] {dag.py:3823} INFO - Setting next_dagrun for master_location_to_s3_to_snowflake to 2027-01-01 00:00:00+00:00, run_after=2028-01-01 00:00:00+00:00
[2026-04-10T00:37:28.667+0000] {processor.py:183} INFO - Processing /opt/airflow/dags/master_location_to_s3_to_snowflake.py took 0.255 seconds
[2026-04-10T00:37:59.138+0000] {processor.py:161} INFO - Started process (PID=18274) to work on /opt/airflow/dags/master_location_to_s3_to_snowflake.py
[2026-04-10T00:37:59.140+0000] {processor.py:830} INFO - Processing file /opt/airflow/dags/master_location_to_s3_to_snowflake.py for tasks to queue
[2026-04-10T00:37:59.140+0000] {logging_mixin.py:188} INFO - [2026-04-10T00:37:59.140+0000] {dagbag.py:538} INFO - Filling up the DagBag from /opt/airflow/dags/master_location_to_s3_to_snowflake.py
[2026-04-10T00:37:59.526+0000] {processor.py:840} INFO - DAG(s) 'master_location_to_s3_to_snowflake' retrieved from /opt/airflow/dags/master_location_to_s3_to_snowflake.py
[2026-04-10T00:37:59.536+0000] {logging_mixin.py:188} INFO - [2026-04-10T00:37:59.536+0000] {dag.py:3036} INFO - Sync 1 DAGs
[2026-04-10T00:37:59.545+0000] {logging_mixin.py:188} INFO - [2026-04-10T00:37:59.545+0000] {dag.py:3823} INFO - Setting next_dagrun for master_location_to_s3_to_snowflake to 2027-01-01 00:00:00+00:00, run_after=2028-01-01 00:00:00+00:00
[2026-04-10T00:37:59.554+0000] {processor.py:183} INFO - Processing /opt/airflow/dags/master_location_to_s3_to_snowflake.py took 0.418 seconds
[2026-04-10T00:38:30.125+0000] {processor.py:161} INFO - Started process (PID=18354) to work on /opt/airflow/dags/master_location_to_s3_to_snowflake.py
[2026-04-10T00:38:30.126+0000] {processor.py:830} INFO - Processing file /opt/airflow/dags/master_location_to_s3_to_snowflake.py for tasks to queue
[2026-04-10T00:38:30.127+0000] {logging_mixin.py:188} INFO - [2026-04-10T00:38:30.126+0000] {dagbag.py:538} INFO - Filling up the DagBag from /opt/airflow/dags/master_location_to_s3_to_snowflake.py
[2026-04-10T00:38:30.375+0000] {processor.py:840} INFO - DAG(s) 'master_location_to_s3_to_snowflake' retrieved from /opt/airflow/dags/master_location_to_s3_to_snowflake.py
[2026-04-10T00:38:30.385+0000] {logging_mixin.py:188} INFO - [2026-04-10T00:38:30.385+0000] {dag.py:3036} INFO - Sync 1 DAGs
[2026-04-10T00:38:30.398+0000] {logging_mixin.py:188} INFO - [2026-04-10T00:38:30.398+0000] {dag.py:3823} INFO - Setting next_dagrun for master_location_to_s3_to_snowflake to 2027-01-01 00:00:00+00:00, run_after=2028-01-01 00:00:00+00:00
[2026-04-10T00:38:30.405+0000] {processor.py:183} INFO - Processing /opt/airflow/dags/master_location_to_s3_to_snowflake.py took 0.282 seconds
[2026-04-10T00:39:00.937+0000] {processor.py:161} INFO - Started process (PID=18434) to work on /opt/airflow/dags/master_location_to_s3_to_snowflake.py
[2026-04-10T00:39:00.937+0000] {processor.py:830} INFO - Processing file /opt/airflow/dags/master_location_to_s3_to_snowflake.py for tasks to queue
[2026-04-10T00:39:00.938+0000] {logging_mixin.py:188} INFO - [2026-04-10T00:39:00.938+0000] {dagbag.py:538} INFO - Filling up the DagBag from /opt/airflow/dags/master_location_to_s3_to_snowflake.py
[2026-04-10T00:39:01.159+0000] {processor.py:840} INFO - DAG(s) 'master_location_to_s3_to_snowflake' retrieved from /opt/airflow/dags/master_location_to_s3_to_snowflake.py
[2026-04-10T00:39:01.165+0000] {logging_mixin.py:188} INFO - [2026-04-10T00:39:01.165+0000] {dag.py:3036} INFO - Sync 1 DAGs
[2026-04-10T00:39:01.172+0000] {logging_mixin.py:188} INFO - [2026-04-10T00:39:01.172+0000] {dag.py:3823} INFO - Setting next_dagrun for master_location_to_s3_to_snowflake to 2027-01-01 00:00:00+00:00, run_after=2028-01-01 00:00:00+00:00
[2026-04-10T00:39:01.177+0000] {processor.py:183} INFO - Processing /opt/airflow/dags/master_location_to_s3_to_snowflake.py took 0.242 seconds
[2026-04-10T00:39:31.550+0000] {processor.py:161} INFO - Started process (PID=18514) to work on /opt/airflow/dags/master_location_to_s3_to_snowflake.py
[2026-04-10T00:39:31.551+0000] {processor.py:830} INFO - Processing file /opt/airflow/dags/master_location_to_s3_to_snowflake.py for tasks to queue
[2026-04-10T00:39:31.552+0000] {logging_mixin.py:188} INFO - [2026-04-10T00:39:31.552+0000] {dagbag.py:538} INFO - Filling up the DagBag from /opt/airflow/dags/master_location_to_s3_to_snowflake.py
[2026-04-10T00:39:31.790+0000] {processor.py:840} INFO - DAG(s) 'master_location_to_s3_to_snowflake' retrieved from /opt/airflow/dags/master_location_to_s3_to_snowflake.py
[2026-04-10T00:39:31.799+0000] {logging_mixin.py:188} INFO - [2026-04-10T00:39:31.799+0000] {dag.py:3036} INFO - Sync 1 DAGs
[2026-04-10T00:39:31.808+0000] {logging_mixin.py:188} INFO - [2026-04-10T00:39:31.808+0000] {dag.py:3823} INFO - Setting next_dagrun for master_location_to_s3_to_snowflake to 2027-01-01 00:00:00+00:00, run_after=2028-01-01 00:00:00+00:00
[2026-04-10T00:39:31.816+0000] {processor.py:183} INFO - Processing /opt/airflow/dags/master_location_to_s3_to_snowflake.py took 0.267 seconds
[2026-04-10T00:40:02.101+0000] {processor.py:161} INFO - Started process (PID=18594) to work on /opt/airflow/dags/master_location_to_s3_to_snowflake.py
[2026-04-10T00:40:02.101+0000] {processor.py:830} INFO - Processing file /opt/airflow/dags/master_location_to_s3_to_snowflake.py for tasks to queue
[2026-04-10T00:40:02.102+0000] {logging_mixin.py:188} INFO - [2026-04-10T00:40:02.102+0000] {dagbag.py:538} INFO - Filling up the DagBag from /opt/airflow/dags/master_location_to_s3_to_snowflake.py
[2026-04-10T00:40:02.287+0000] {processor.py:840} INFO - DAG(s) 'master_location_to_s3_to_snowflake' retrieved from /opt/airflow/dags/master_location_to_s3_to_snowflake.py
[2026-04-10T00:40:02.296+0000] {logging_mixin.py:188} INFO - [2026-04-10T00:40:02.296+0000] {dag.py:3036} INFO - Sync 1 DAGs
[2026-04-10T00:40:02.306+0000] {logging_mixin.py:188} INFO - [2026-04-10T00:40:02.306+0000] {dag.py:3823} INFO - Setting next_dagrun for master_location_to_s3_to_snowflake to 2027-01-01 00:00:00+00:00, run_after=2028-01-01 00:00:00+00:00
[2026-04-10T00:40:02.313+0000] {processor.py:183} INFO - Processing /opt/airflow/dags/master_location_to_s3_to_snowflake.py took 0.214 seconds
[2026-04-10T00:40:32.339+0000] {processor.py:161} INFO - Started process (PID=18674) to work on /opt/airflow/dags/master_location_to_s3_to_snowflake.py
[2026-04-10T00:40:32.340+0000] {processor.py:830} INFO - Processing file /opt/airflow/dags/master_location_to_s3_to_snowflake.py for tasks to queue
[2026-04-10T00:40:32.341+0000] {logging_mixin.py:188} INFO - [2026-04-10T00:40:32.341+0000] {dagbag.py:538} INFO - Filling up the DagBag from /opt/airflow/dags/master_location_to_s3_to_snowflake.py
[2026-04-10T00:40:32.544+0000] {processor.py:840} INFO - DAG(s) 'master_location_to_s3_to_snowflake' retrieved from /opt/airflow/dags/master_location_to_s3_to_snowflake.py
[2026-04-10T00:40:32.556+0000] {logging_mixin.py:188} INFO - [2026-04-10T00:40:32.556+0000] {dag.py:3036} INFO - Sync 1 DAGs
[2026-04-10T00:40:32.569+0000] {logging_mixin.py:188} INFO - [2026-04-10T00:40:32.568+0000] {dag.py:3823} INFO - Setting next_dagrun for master_location_to_s3_to_snowflake to 2027-01-01 00:00:00+00:00, run_after=2028-01-01 00:00:00+00:00
[2026-04-10T00:40:32.577+0000] {processor.py:183} INFO - Processing /opt/airflow/dags/master_location_to_s3_to_snowflake.py took 0.241 seconds
[2026-04-10T00:41:02.687+0000] {processor.py:161} INFO - Started process (PID=18753) to work on /opt/airflow/dags/master_location_to_s3_to_snowflake.py
[2026-04-10T00:41:02.688+0000] {processor.py:830} INFO - Processing file /opt/airflow/dags/master_location_to_s3_to_snowflake.py for tasks to queue
[2026-04-10T00:41:02.689+0000] {logging_mixin.py:188} INFO - [2026-04-10T00:41:02.689+0000] {dagbag.py:538} INFO - Filling up the DagBag from /opt/airflow/dags/master_location_to_s3_to_snowflake.py
[2026-04-10T00:41:02.861+0000] {processor.py:840} INFO - DAG(s) 'master_location_to_s3_to_snowflake' retrieved from /opt/airflow/dags/master_location_to_s3_to_snowflake.py
[2026-04-10T00:41:02.873+0000] {logging_mixin.py:188} INFO - [2026-04-10T00:41:02.873+0000] {dag.py:3036} INFO - Sync 1 DAGs
[2026-04-10T00:41:02.886+0000] {logging_mixin.py:188} INFO - [2026-04-10T00:41:02.886+0000] {dag.py:3823} INFO - Setting next_dagrun for master_location_to_s3_to_snowflake to 2027-01-01 00:00:00+00:00, run_after=2028-01-01 00:00:00+00:00
[2026-04-10T00:41:02.895+0000] {processor.py:183} INFO - Processing /opt/airflow/dags/master_location_to_s3_to_snowflake.py took 0.210 seconds
[2026-04-10T00:41:33.073+0000] {processor.py:161} INFO - Started process (PID=18833) to work on /opt/airflow/dags/master_location_to_s3_to_snowflake.py
[2026-04-10T00:41:33.074+0000] {processor.py:830} INFO - Processing file /opt/airflow/dags/master_location_to_s3_to_snowflake.py for tasks to queue
[2026-04-10T00:41:33.075+0000] {logging_mixin.py:188} INFO - [2026-04-10T00:41:33.075+0000] {dagbag.py:538} INFO - Filling up the DagBag from /opt/airflow/dags/master_location_to_s3_to_snowflake.py
[2026-04-10T00:41:33.257+0000] {processor.py:840} INFO - DAG(s) 'master_location_to_s3_to_snowflake' retrieved from /opt/airflow/dags/master_location_to_s3_to_snowflake.py
[2026-04-10T00:41:33.271+0000] {logging_mixin.py:188} INFO - [2026-04-10T00:41:33.271+0000] {dag.py:3036} INFO - Sync 1 DAGs
[2026-04-10T00:41:33.285+0000] {logging_mixin.py:188} INFO - [2026-04-10T00:41:33.285+0000] {dag.py:3823} INFO - Setting next_dagrun for master_location_to_s3_to_snowflake to 2027-01-01 00:00:00+00:00, run_after=2028-01-01 00:00:00+00:00
[2026-04-10T00:41:33.296+0000] {processor.py:183} INFO - Processing /opt/airflow/dags/master_location_to_s3_to_snowflake.py took 0.225 seconds
[2026-04-10T00:42:03.450+0000] {processor.py:161} INFO - Started process (PID=18913) to work on /opt/airflow/dags/master_location_to_s3_to_snowflake.py
[2026-04-10T00:42:03.452+0000] {processor.py:830} INFO - Processing file /opt/airflow/dags/master_location_to_s3_to_snowflake.py for tasks to queue
[2026-04-10T00:42:03.453+0000] {logging_mixin.py:188} INFO - [2026-04-10T00:42:03.453+0000] {dagbag.py:538} INFO - Filling up the DagBag from /opt/airflow/dags/master_location_to_s3_to_snowflake.py
[2026-04-10T00:42:03.620+0000] {processor.py:840} INFO - DAG(s) 'master_location_to_s3_to_snowflake' retrieved from /opt/airflow/dags/master_location_to_s3_to_snowflake.py
[2026-04-10T00:42:03.632+0000] {logging_mixin.py:188} INFO - [2026-04-10T00:42:03.631+0000] {dag.py:3036} INFO - Sync 1 DAGs
[2026-04-10T00:42:03.643+0000] {logging_mixin.py:188} INFO - [2026-04-10T00:42:03.643+0000] {dag.py:3823} INFO - Setting next_dagrun for master_location_to_s3_to_snowflake to 2027-01-01 00:00:00+00:00, run_after=2028-01-01 00:00:00+00:00
[2026-04-10T00:42:03.654+0000] {processor.py:183} INFO - Processing /opt/airflow/dags/master_location_to_s3_to_snowflake.py took 0.205 seconds
[2026-04-10T00:42:33.874+0000] {processor.py:161} INFO - Started process (PID=18993) to work on /opt/airflow/dags/master_location_to_s3_to_snowflake.py
[2026-04-10T00:42:33.876+0000] {processor.py:830} INFO - Processing file /opt/airflow/dags/master_location_to_s3_to_snowflake.py for tasks to queue
[2026-04-10T00:42:33.877+0000] {logging_mixin.py:188} INFO - [2026-04-10T00:42:33.877+0000] {dagbag.py:538} INFO - Filling up the DagBag from /opt/airflow/dags/master_location_to_s3_to_snowflake.py
[2026-04-10T00:42:34.046+0000] {processor.py:840} INFO - DAG(s) 'master_location_to_s3_to_snowflake' retrieved from /opt/airflow/dags/master_location_to_s3_to_snowflake.py
[2026-04-10T00:42:34.060+0000] {logging_mixin.py:188} INFO - [2026-04-10T00:42:34.060+0000] {dag.py:3036} INFO - Sync 1 DAGs
[2026-04-10T00:42:34.074+0000] {logging_mixin.py:188} INFO - [2026-04-10T00:42:34.074+0000] {dag.py:3823} INFO - Setting next_dagrun for master_location_to_s3_to_snowflake to 2027-01-01 00:00:00+00:00, run_after=2028-01-01 00:00:00+00:00
[2026-04-10T00:42:34.088+0000] {processor.py:183} INFO - Processing /opt/airflow/dags/master_location_to_s3_to_snowflake.py took 0.215 seconds
[2026-04-10T00:43:04.191+0000] {processor.py:161} INFO - Started process (PID=19073) to work on /opt/airflow/dags/master_location_to_s3_to_snowflake.py
[2026-04-10T00:43:04.192+0000] {processor.py:830} INFO - Processing file /opt/airflow/dags/master_location_to_s3_to_snowflake.py for tasks to queue
[2026-04-10T00:43:04.193+0000] {logging_mixin.py:188} INFO - [2026-04-10T00:43:04.193+0000] {dagbag.py:538} INFO - Filling up the DagBag from /opt/airflow/dags/master_location_to_s3_to_snowflake.py
[2026-04-10T00:43:04.368+0000] {processor.py:840} INFO - DAG(s) 'master_location_to_s3_to_snowflake' retrieved from /opt/airflow/dags/master_location_to_s3_to_snowflake.py
[2026-04-10T00:43:04.383+0000] {logging_mixin.py:188} INFO - [2026-04-10T00:43:04.382+0000] {dag.py:3036} INFO - Sync 1 DAGs
[2026-04-10T00:43:04.393+0000] {logging_mixin.py:188} INFO - [2026-04-10T00:43:04.393+0000] {dag.py:3823} INFO - Setting next_dagrun for master_location_to_s3_to_snowflake to 2027-01-01 00:00:00+00:00, run_after=2028-01-01 00:00:00+00:00
[2026-04-10T00:43:04.403+0000] {processor.py:183} INFO - Processing /opt/airflow/dags/master_location_to_s3_to_snowflake.py took 0.213 seconds
[2026-04-10T00:43:34.966+0000] {processor.py:161} INFO - Started process (PID=19153) to work on /opt/airflow/dags/master_location_to_s3_to_snowflake.py
[2026-04-10T00:43:34.967+0000] {processor.py:830} INFO - Processing file /opt/airflow/dags/master_location_to_s3_to_snowflake.py for tasks to queue
[2026-04-10T00:43:34.969+0000] {logging_mixin.py:188} INFO - [2026-04-10T00:43:34.969+0000] {dagbag.py:538} INFO - Filling up the DagBag from /opt/airflow/dags/master_location_to_s3_to_snowflake.py
[2026-04-10T00:43:35.148+0000] {processor.py:840} INFO - DAG(s) 'master_location_to_s3_to_snowflake' retrieved from /opt/airflow/dags/master_location_to_s3_to_snowflake.py
[2026-04-10T00:43:35.158+0000] {logging_mixin.py:188} INFO - [2026-04-10T00:43:35.158+0000] {dag.py:3036} INFO - Sync 1 DAGs
[2026-04-10T00:43:35.261+0000] {logging_mixin.py:188} INFO - [2026-04-10T00:43:35.260+0000] {dag.py:3823} INFO - Setting next_dagrun for master_location_to_s3_to_snowflake to 2027-01-01 00:00:00+00:00, run_after=2028-01-01 00:00:00+00:00
[2026-04-10T00:43:35.270+0000] {processor.py:183} INFO - Processing /opt/airflow/dags/master_location_to_s3_to_snowflake.py took 0.307 seconds
