[2026-04-10T00:00:12.092+0000] {processor.py:161} INFO - Started process (PID=12522) to work on /opt/airflow/dags/mbta_api_s3_snowflake.py
[2026-04-10T00:00:12.093+0000] {processor.py:830} INFO - Processing file /opt/airflow/dags/mbta_api_s3_snowflake.py for tasks to queue
[2026-04-10T00:00:12.093+0000] {logging_mixin.py:188} INFO - [2026-04-10T00:00:12.093+0000] {dagbag.py:538} INFO - Filling up the DagBag from /opt/airflow/dags/mbta_api_s3_snowflake.py
[2026-04-10T00:00:12.307+0000] {processor.py:840} INFO - DAG(s) 'mbta_api_to_s3_to_snowflake' retrieved from /opt/airflow/dags/mbta_api_s3_snowflake.py
[2026-04-10T00:00:12.313+0000] {logging_mixin.py:188} INFO - [2026-04-10T00:00:12.313+0000] {dag.py:3036} INFO - Sync 1 DAGs
[2026-04-10T00:00:12.319+0000] {logging_mixin.py:188} INFO - [2026-04-10T00:00:12.319+0000] {dag.py:3823} INFO - Setting next_dagrun for mbta_api_to_s3_to_snowflake to 2027-01-01 00:00:00+00:00, run_after=2028-01-01 00:00:00+00:00
[2026-04-10T00:00:12.324+0000] {processor.py:183} INFO - Processing /opt/airflow/dags/mbta_api_s3_snowflake.py took 0.233 seconds
[2026-04-10T00:00:42.531+0000] {processor.py:161} INFO - Started process (PID=12601) to work on /opt/airflow/dags/mbta_api_s3_snowflake.py
[2026-04-10T00:00:42.532+0000] {processor.py:830} INFO - Processing file /opt/airflow/dags/mbta_api_s3_snowflake.py for tasks to queue
[2026-04-10T00:00:42.532+0000] {logging_mixin.py:188} INFO - [2026-04-10T00:00:42.532+0000] {dagbag.py:538} INFO - Filling up the DagBag from /opt/airflow/dags/mbta_api_s3_snowflake.py
[2026-04-10T00:00:42.767+0000] {processor.py:840} INFO - DAG(s) 'mbta_api_to_s3_to_snowflake' retrieved from /opt/airflow/dags/mbta_api_s3_snowflake.py
[2026-04-10T00:00:42.776+0000] {logging_mixin.py:188} INFO - [2026-04-10T00:00:42.775+0000] {dag.py:3036} INFO - Sync 1 DAGs
[2026-04-10T00:00:42.784+0000] {logging_mixin.py:188} INFO - [2026-04-10T00:00:42.783+0000] {dag.py:3823} INFO - Setting next_dagrun for mbta_api_to_s3_to_snowflake to 2027-01-01 00:00:00+00:00, run_after=2028-01-01 00:00:00+00:00
[2026-04-10T00:00:42.789+0000] {processor.py:183} INFO - Processing /opt/airflow/dags/mbta_api_s3_snowflake.py took 0.259 seconds
[2026-04-10T00:01:13.124+0000] {processor.py:161} INFO - Started process (PID=12681) to work on /opt/airflow/dags/mbta_api_s3_snowflake.py
[2026-04-10T00:01:13.125+0000] {processor.py:830} INFO - Processing file /opt/airflow/dags/mbta_api_s3_snowflake.py for tasks to queue
[2026-04-10T00:01:13.125+0000] {logging_mixin.py:188} INFO - [2026-04-10T00:01:13.125+0000] {dagbag.py:538} INFO - Filling up the DagBag from /opt/airflow/dags/mbta_api_s3_snowflake.py
[2026-04-10T00:01:13.363+0000] {processor.py:840} INFO - DAG(s) 'mbta_api_to_s3_to_snowflake' retrieved from /opt/airflow/dags/mbta_api_s3_snowflake.py
[2026-04-10T00:01:13.374+0000] {logging_mixin.py:188} INFO - [2026-04-10T00:01:13.374+0000] {dag.py:3036} INFO - Sync 1 DAGs
[2026-04-10T00:01:13.382+0000] {logging_mixin.py:188} INFO - [2026-04-10T00:01:13.382+0000] {dag.py:3823} INFO - Setting next_dagrun for mbta_api_to_s3_to_snowflake to 2027-01-01 00:00:00+00:00, run_after=2028-01-01 00:00:00+00:00
[2026-04-10T00:01:13.388+0000] {processor.py:183} INFO - Processing /opt/airflow/dags/mbta_api_s3_snowflake.py took 0.265 seconds
[2026-04-10T00:01:43.434+0000] {processor.py:161} INFO - Started process (PID=12761) to work on /opt/airflow/dags/mbta_api_s3_snowflake.py
[2026-04-10T00:01:43.435+0000] {processor.py:830} INFO - Processing file /opt/airflow/dags/mbta_api_s3_snowflake.py for tasks to queue
[2026-04-10T00:01:43.436+0000] {logging_mixin.py:188} INFO - [2026-04-10T00:01:43.436+0000] {dagbag.py:538} INFO - Filling up the DagBag from /opt/airflow/dags/mbta_api_s3_snowflake.py
[2026-04-10T00:01:43.628+0000] {processor.py:840} INFO - DAG(s) 'mbta_api_to_s3_to_snowflake' retrieved from /opt/airflow/dags/mbta_api_s3_snowflake.py
[2026-04-10T00:01:43.638+0000] {logging_mixin.py:188} INFO - [2026-04-10T00:01:43.638+0000] {dag.py:3036} INFO - Sync 1 DAGs
[2026-04-10T00:01:43.646+0000] {logging_mixin.py:188} INFO - [2026-04-10T00:01:43.646+0000] {dag.py:3823} INFO - Setting next_dagrun for mbta_api_to_s3_to_snowflake to 2027-01-01 00:00:00+00:00, run_after=2028-01-01 00:00:00+00:00
[2026-04-10T00:01:43.651+0000] {processor.py:183} INFO - Processing /opt/airflow/dags/mbta_api_s3_snowflake.py took 0.218 seconds
[2026-04-10T00:02:13.877+0000] {processor.py:161} INFO - Started process (PID=12841) to work on /opt/airflow/dags/mbta_api_s3_snowflake.py
[2026-04-10T00:02:13.878+0000] {processor.py:830} INFO - Processing file /opt/airflow/dags/mbta_api_s3_snowflake.py for tasks to queue
[2026-04-10T00:02:13.879+0000] {logging_mixin.py:188} INFO - [2026-04-10T00:02:13.879+0000] {dagbag.py:538} INFO - Filling up the DagBag from /opt/airflow/dags/mbta_api_s3_snowflake.py
[2026-04-10T00:02:14.047+0000] {processor.py:840} INFO - DAG(s) 'mbta_api_to_s3_to_snowflake' retrieved from /opt/airflow/dags/mbta_api_s3_snowflake.py
[2026-04-10T00:02:14.060+0000] {logging_mixin.py:188} INFO - [2026-04-10T00:02:14.060+0000] {dag.py:3036} INFO - Sync 1 DAGs
[2026-04-10T00:02:14.075+0000] {logging_mixin.py:188} INFO - [2026-04-10T00:02:14.075+0000] {dag.py:3823} INFO - Setting next_dagrun for mbta_api_to_s3_to_snowflake to 2027-01-01 00:00:00+00:00, run_after=2028-01-01 00:00:00+00:00
[2026-04-10T00:02:14.085+0000] {processor.py:183} INFO - Processing /opt/airflow/dags/mbta_api_s3_snowflake.py took 0.210 seconds
[2026-04-10T00:02:44.246+0000] {processor.py:161} INFO - Started process (PID=12921) to work on /opt/airflow/dags/mbta_api_s3_snowflake.py
[2026-04-10T00:02:44.248+0000] {processor.py:830} INFO - Processing file /opt/airflow/dags/mbta_api_s3_snowflake.py for tasks to queue
[2026-04-10T00:02:44.250+0000] {logging_mixin.py:188} INFO - [2026-04-10T00:02:44.250+0000] {dagbag.py:538} INFO - Filling up the DagBag from /opt/airflow/dags/mbta_api_s3_snowflake.py
[2026-04-10T00:02:44.434+0000] {processor.py:840} INFO - DAG(s) 'mbta_api_to_s3_to_snowflake' retrieved from /opt/airflow/dags/mbta_api_s3_snowflake.py
[2026-04-10T00:02:44.447+0000] {logging_mixin.py:188} INFO - [2026-04-10T00:02:44.446+0000] {dag.py:3036} INFO - Sync 1 DAGs
[2026-04-10T00:02:44.458+0000] {logging_mixin.py:188} INFO - [2026-04-10T00:02:44.458+0000] {dag.py:3823} INFO - Setting next_dagrun for mbta_api_to_s3_to_snowflake to 2027-01-01 00:00:00+00:00, run_after=2028-01-01 00:00:00+00:00
[2026-04-10T00:02:44.466+0000] {processor.py:183} INFO - Processing /opt/airflow/dags/mbta_api_s3_snowflake.py took 0.222 seconds
[2026-04-10T00:03:14.712+0000] {processor.py:161} INFO - Started process (PID=13001) to work on /opt/airflow/dags/mbta_api_s3_snowflake.py
[2026-04-10T00:03:14.714+0000] {processor.py:830} INFO - Processing file /opt/airflow/dags/mbta_api_s3_snowflake.py for tasks to queue
[2026-04-10T00:03:14.715+0000] {logging_mixin.py:188} INFO - [2026-04-10T00:03:14.714+0000] {dagbag.py:538} INFO - Filling up the DagBag from /opt/airflow/dags/mbta_api_s3_snowflake.py
[2026-04-10T00:03:14.884+0000] {processor.py:840} INFO - DAG(s) 'mbta_api_to_s3_to_snowflake' retrieved from /opt/airflow/dags/mbta_api_s3_snowflake.py
[2026-04-10T00:03:14.898+0000] {logging_mixin.py:188} INFO - [2026-04-10T00:03:14.898+0000] {dag.py:3036} INFO - Sync 1 DAGs
[2026-04-10T00:03:14.911+0000] {logging_mixin.py:188} INFO - [2026-04-10T00:03:14.911+0000] {dag.py:3823} INFO - Setting next_dagrun for mbta_api_to_s3_to_snowflake to 2027-01-01 00:00:00+00:00, run_after=2028-01-01 00:00:00+00:00
[2026-04-10T00:03:14.918+0000] {processor.py:183} INFO - Processing /opt/airflow/dags/mbta_api_s3_snowflake.py took 0.208 seconds
[2026-04-10T00:03:45.770+0000] {processor.py:161} INFO - Started process (PID=13082) to work on /opt/airflow/dags/mbta_api_s3_snowflake.py
[2026-04-10T00:03:45.771+0000] {processor.py:830} INFO - Processing file /opt/airflow/dags/mbta_api_s3_snowflake.py for tasks to queue
[2026-04-10T00:03:45.772+0000] {logging_mixin.py:188} INFO - [2026-04-10T00:03:45.772+0000] {dagbag.py:538} INFO - Filling up the DagBag from /opt/airflow/dags/mbta_api_s3_snowflake.py
[2026-04-10T00:03:45.943+0000] {processor.py:840} INFO - DAG(s) 'mbta_api_to_s3_to_snowflake' retrieved from /opt/airflow/dags/mbta_api_s3_snowflake.py
[2026-04-10T00:03:45.955+0000] {logging_mixin.py:188} INFO - [2026-04-10T00:03:45.954+0000] {dag.py:3036} INFO - Sync 1 DAGs
[2026-04-10T00:03:45.964+0000] {logging_mixin.py:188} INFO - [2026-04-10T00:03:45.963+0000] {dag.py:3823} INFO - Setting next_dagrun for mbta_api_to_s3_to_snowflake to 2027-01-01 00:00:00+00:00, run_after=2028-01-01 00:00:00+00:00
[2026-04-10T00:03:46.035+0000] {processor.py:183} INFO - Processing /opt/airflow/dags/mbta_api_s3_snowflake.py took 0.266 seconds
[2026-04-10T00:04:16.839+0000] {processor.py:161} INFO - Started process (PID=13162) to work on /opt/airflow/dags/mbta_api_s3_snowflake.py
[2026-04-10T00:04:16.840+0000] {processor.py:830} INFO - Processing file /opt/airflow/dags/mbta_api_s3_snowflake.py for tasks to queue
[2026-04-10T00:04:16.841+0000] {logging_mixin.py:188} INFO - [2026-04-10T00:04:16.840+0000] {dagbag.py:538} INFO - Filling up the DagBag from /opt/airflow/dags/mbta_api_s3_snowflake.py
[2026-04-10T00:04:17.020+0000] {processor.py:840} INFO - DAG(s) 'mbta_api_to_s3_to_snowflake' retrieved from /opt/airflow/dags/mbta_api_s3_snowflake.py
[2026-04-10T00:04:17.031+0000] {logging_mixin.py:188} INFO - [2026-04-10T00:04:17.031+0000] {dag.py:3036} INFO - Sync 1 DAGs
[2026-04-10T00:04:17.039+0000] {logging_mixin.py:188} INFO - [2026-04-10T00:04:17.039+0000] {dag.py:3823} INFO - Setting next_dagrun for mbta_api_to_s3_to_snowflake to 2027-01-01 00:00:00+00:00, run_after=2028-01-01 00:00:00+00:00
[2026-04-10T00:04:17.045+0000] {processor.py:183} INFO - Processing /opt/airflow/dags/mbta_api_s3_snowflake.py took 0.208 seconds
[2026-04-10T00:04:48.031+0000] {processor.py:161} INFO - Started process (PID=13241) to work on /opt/airflow/dags/mbta_api_s3_snowflake.py
[2026-04-10T00:04:48.032+0000] {processor.py:830} INFO - Processing file /opt/airflow/dags/mbta_api_s3_snowflake.py for tasks to queue
[2026-04-10T00:04:48.034+0000] {logging_mixin.py:188} INFO - [2026-04-10T00:04:48.034+0000] {dagbag.py:538} INFO - Filling up the DagBag from /opt/airflow/dags/mbta_api_s3_snowflake.py
[2026-04-10T00:04:48.269+0000] {processor.py:840} INFO - DAG(s) 'mbta_api_to_s3_to_snowflake' retrieved from /opt/airflow/dags/mbta_api_s3_snowflake.py
[2026-04-10T00:04:48.280+0000] {logging_mixin.py:188} INFO - [2026-04-10T00:04:48.280+0000] {dag.py:3036} INFO - Sync 1 DAGs
[2026-04-10T00:04:48.287+0000] {logging_mixin.py:188} INFO - [2026-04-10T00:04:48.287+0000] {dag.py:3823} INFO - Setting next_dagrun for mbta_api_to_s3_to_snowflake to 2027-01-01 00:00:00+00:00, run_after=2028-01-01 00:00:00+00:00
[2026-04-10T00:04:48.294+0000] {processor.py:183} INFO - Processing /opt/airflow/dags/mbta_api_s3_snowflake.py took 0.264 seconds
[2026-04-10T00:05:18.392+0000] {processor.py:161} INFO - Started process (PID=13321) to work on /opt/airflow/dags/mbta_api_s3_snowflake.py
[2026-04-10T00:05:18.393+0000] {processor.py:830} INFO - Processing file /opt/airflow/dags/mbta_api_s3_snowflake.py for tasks to queue
[2026-04-10T00:05:18.395+0000] {logging_mixin.py:188} INFO - [2026-04-10T00:05:18.395+0000] {dagbag.py:538} INFO - Filling up the DagBag from /opt/airflow/dags/mbta_api_s3_snowflake.py
[2026-04-10T00:05:18.623+0000] {processor.py:840} INFO - DAG(s) 'mbta_api_to_s3_to_snowflake' retrieved from /opt/airflow/dags/mbta_api_s3_snowflake.py
[2026-04-10T00:05:18.633+0000] {logging_mixin.py:188} INFO - [2026-04-10T00:05:18.630+0000] {dag.py:3036} INFO - Sync 1 DAGs
[2026-04-10T00:05:18.642+0000] {logging_mixin.py:188} INFO - [2026-04-10T00:05:18.642+0000] {dag.py:3823} INFO - Setting next_dagrun for mbta_api_to_s3_to_snowflake to 2027-01-01 00:00:00+00:00, run_after=2028-01-01 00:00:00+00:00
[2026-04-10T00:05:18.652+0000] {processor.py:183} INFO - Processing /opt/airflow/dags/mbta_api_s3_snowflake.py took 0.262 seconds
[2026-04-10T00:05:48.952+0000] {processor.py:161} INFO - Started process (PID=13402) to work on /opt/airflow/dags/mbta_api_s3_snowflake.py
[2026-04-10T00:05:48.954+0000] {processor.py:830} INFO - Processing file /opt/airflow/dags/mbta_api_s3_snowflake.py for tasks to queue
[2026-04-10T00:05:48.955+0000] {logging_mixin.py:188} INFO - [2026-04-10T00:05:48.955+0000] {dagbag.py:538} INFO - Filling up the DagBag from /opt/airflow/dags/mbta_api_s3_snowflake.py
[2026-04-10T00:05:49.201+0000] {processor.py:840} INFO - DAG(s) 'mbta_api_to_s3_to_snowflake' retrieved from /opt/airflow/dags/mbta_api_s3_snowflake.py
[2026-04-10T00:05:49.210+0000] {logging_mixin.py:188} INFO - [2026-04-10T00:05:49.209+0000] {dag.py:3036} INFO - Sync 1 DAGs
[2026-04-10T00:05:49.216+0000] {logging_mixin.py:188} INFO - [2026-04-10T00:05:49.216+0000] {dag.py:3823} INFO - Setting next_dagrun for mbta_api_to_s3_to_snowflake to 2027-01-01 00:00:00+00:00, run_after=2028-01-01 00:00:00+00:00
[2026-04-10T00:05:49.224+0000] {processor.py:183} INFO - Processing /opt/airflow/dags/mbta_api_s3_snowflake.py took 0.274 seconds
[2026-04-10T00:06:19.431+0000] {processor.py:161} INFO - Started process (PID=13482) to work on /opt/airflow/dags/mbta_api_s3_snowflake.py
[2026-04-10T00:06:19.432+0000] {processor.py:830} INFO - Processing file /opt/airflow/dags/mbta_api_s3_snowflake.py for tasks to queue
[2026-04-10T00:06:19.434+0000] {logging_mixin.py:188} INFO - [2026-04-10T00:06:19.434+0000] {dagbag.py:538} INFO - Filling up the DagBag from /opt/airflow/dags/mbta_api_s3_snowflake.py
[2026-04-10T00:06:19.675+0000] {processor.py:840} INFO - DAG(s) 'mbta_api_to_s3_to_snowflake' retrieved from /opt/airflow/dags/mbta_api_s3_snowflake.py
[2026-04-10T00:06:19.685+0000] {logging_mixin.py:188} INFO - [2026-04-10T00:06:19.685+0000] {dag.py:3036} INFO - Sync 1 DAGs
[2026-04-10T00:06:19.693+0000] {logging_mixin.py:188} INFO - [2026-04-10T00:06:19.692+0000] {dag.py:3823} INFO - Setting next_dagrun for mbta_api_to_s3_to_snowflake to 2027-01-01 00:00:00+00:00, run_after=2028-01-01 00:00:00+00:00
[2026-04-10T00:06:19.698+0000] {processor.py:183} INFO - Processing /opt/airflow/dags/mbta_api_s3_snowflake.py took 0.268 seconds
[2026-04-10T00:06:49.904+0000] {processor.py:161} INFO - Started process (PID=13562) to work on /opt/airflow/dags/mbta_api_s3_snowflake.py
[2026-04-10T00:06:49.905+0000] {processor.py:830} INFO - Processing file /opt/airflow/dags/mbta_api_s3_snowflake.py for tasks to queue
[2026-04-10T00:06:49.906+0000] {logging_mixin.py:188} INFO - [2026-04-10T00:06:49.906+0000] {dagbag.py:538} INFO - Filling up the DagBag from /opt/airflow/dags/mbta_api_s3_snowflake.py
[2026-04-10T00:06:50.155+0000] {processor.py:840} INFO - DAG(s) 'mbta_api_to_s3_to_snowflake' retrieved from /opt/airflow/dags/mbta_api_s3_snowflake.py
[2026-04-10T00:06:50.163+0000] {logging_mixin.py:188} INFO - [2026-04-10T00:06:50.163+0000] {dag.py:3036} INFO - Sync 1 DAGs
[2026-04-10T00:06:50.171+0000] {logging_mixin.py:188} INFO - [2026-04-10T00:06:50.171+0000] {dag.py:3823} INFO - Setting next_dagrun for mbta_api_to_s3_to_snowflake to 2027-01-01 00:00:00+00:00, run_after=2028-01-01 00:00:00+00:00
[2026-04-10T00:06:50.177+0000] {processor.py:183} INFO - Processing /opt/airflow/dags/mbta_api_s3_snowflake.py took 0.274 seconds
[2026-04-10T00:07:20.353+0000] {processor.py:161} INFO - Started process (PID=13642) to work on /opt/airflow/dags/mbta_api_s3_snowflake.py
[2026-04-10T00:07:20.354+0000] {processor.py:830} INFO - Processing file /opt/airflow/dags/mbta_api_s3_snowflake.py for tasks to queue
[2026-04-10T00:07:20.356+0000] {logging_mixin.py:188} INFO - [2026-04-10T00:07:20.356+0000] {dagbag.py:538} INFO - Filling up the DagBag from /opt/airflow/dags/mbta_api_s3_snowflake.py
[2026-04-10T00:07:20.612+0000] {processor.py:840} INFO - DAG(s) 'mbta_api_to_s3_to_snowflake' retrieved from /opt/airflow/dags/mbta_api_s3_snowflake.py
[2026-04-10T00:07:20.623+0000] {logging_mixin.py:188} INFO - [2026-04-10T00:07:20.622+0000] {dag.py:3036} INFO - Sync 1 DAGs
[2026-04-10T00:07:20.632+0000] {logging_mixin.py:188} INFO - [2026-04-10T00:07:20.632+0000] {dag.py:3823} INFO - Setting next_dagrun for mbta_api_to_s3_to_snowflake to 2027-01-01 00:00:00+00:00, run_after=2028-01-01 00:00:00+00:00
[2026-04-10T00:07:20.638+0000] {processor.py:183} INFO - Processing /opt/airflow/dags/mbta_api_s3_snowflake.py took 0.286 seconds
[2026-04-10T00:07:50.790+0000] {processor.py:161} INFO - Started process (PID=13721) to work on /opt/airflow/dags/mbta_api_s3_snowflake.py
[2026-04-10T00:07:50.791+0000] {processor.py:830} INFO - Processing file /opt/airflow/dags/mbta_api_s3_snowflake.py for tasks to queue
[2026-04-10T00:07:50.791+0000] {logging_mixin.py:188} INFO - [2026-04-10T00:07:50.791+0000] {dagbag.py:538} INFO - Filling up the DagBag from /opt/airflow/dags/mbta_api_s3_snowflake.py
[2026-04-10T00:07:51.024+0000] {processor.py:840} INFO - DAG(s) 'mbta_api_to_s3_to_snowflake' retrieved from /opt/airflow/dags/mbta_api_s3_snowflake.py
[2026-04-10T00:07:51.030+0000] {logging_mixin.py:188} INFO - [2026-04-10T00:07:51.030+0000] {dag.py:3036} INFO - Sync 1 DAGs
[2026-04-10T00:07:51.038+0000] {logging_mixin.py:188} INFO - [2026-04-10T00:07:51.038+0000] {dag.py:3823} INFO - Setting next_dagrun for mbta_api_to_s3_to_snowflake to 2027-01-01 00:00:00+00:00, run_after=2028-01-01 00:00:00+00:00
[2026-04-10T00:07:51.048+0000] {processor.py:183} INFO - Processing /opt/airflow/dags/mbta_api_s3_snowflake.py took 0.259 seconds
[2026-04-10T00:08:21.230+0000] {processor.py:161} INFO - Started process (PID=13802) to work on /opt/airflow/dags/mbta_api_s3_snowflake.py
[2026-04-10T00:08:21.231+0000] {processor.py:830} INFO - Processing file /opt/airflow/dags/mbta_api_s3_snowflake.py for tasks to queue
[2026-04-10T00:08:21.232+0000] {logging_mixin.py:188} INFO - [2026-04-10T00:08:21.231+0000] {dagbag.py:538} INFO - Filling up the DagBag from /opt/airflow/dags/mbta_api_s3_snowflake.py
[2026-04-10T00:08:21.467+0000] {processor.py:840} INFO - DAG(s) 'mbta_api_to_s3_to_snowflake' retrieved from /opt/airflow/dags/mbta_api_s3_snowflake.py
[2026-04-10T00:08:21.475+0000] {logging_mixin.py:188} INFO - [2026-04-10T00:08:21.475+0000] {dag.py:3036} INFO - Sync 1 DAGs
[2026-04-10T00:08:21.484+0000] {logging_mixin.py:188} INFO - [2026-04-10T00:08:21.484+0000] {dag.py:3823} INFO - Setting next_dagrun for mbta_api_to_s3_to_snowflake to 2027-01-01 00:00:00+00:00, run_after=2028-01-01 00:00:00+00:00
[2026-04-10T00:08:21.496+0000] {processor.py:183} INFO - Processing /opt/airflow/dags/mbta_api_s3_snowflake.py took 0.267 seconds
[2026-04-10T00:08:52.000+0000] {processor.py:161} INFO - Started process (PID=13887) to work on /opt/airflow/dags/mbta_api_s3_snowflake.py
[2026-04-10T00:08:52.001+0000] {processor.py:830} INFO - Processing file /opt/airflow/dags/mbta_api_s3_snowflake.py for tasks to queue
[2026-04-10T00:08:52.002+0000] {logging_mixin.py:188} INFO - [2026-04-10T00:08:52.002+0000] {dagbag.py:538} INFO - Filling up the DagBag from /opt/airflow/dags/mbta_api_s3_snowflake.py
[2026-04-10T00:08:52.178+0000] {processor.py:840} INFO - DAG(s) 'mbta_api_to_s3_to_snowflake' retrieved from /opt/airflow/dags/mbta_api_s3_snowflake.py
[2026-04-10T00:08:52.185+0000] {logging_mixin.py:188} INFO - [2026-04-10T00:08:52.185+0000] {dag.py:3036} INFO - Sync 1 DAGs
[2026-04-10T00:08:52.195+0000] {logging_mixin.py:188} INFO - [2026-04-10T00:08:52.195+0000] {dag.py:3823} INFO - Setting next_dagrun for mbta_api_to_s3_to_snowflake to 2027-01-01 00:00:00+00:00, run_after=2028-01-01 00:00:00+00:00
[2026-04-10T00:08:52.205+0000] {processor.py:183} INFO - Processing /opt/airflow/dags/mbta_api_s3_snowflake.py took 0.206 seconds
[2026-04-10T00:09:22.990+0000] {processor.py:161} INFO - Started process (PID=13967) to work on /opt/airflow/dags/mbta_api_s3_snowflake.py
[2026-04-10T00:09:22.991+0000] {processor.py:830} INFO - Processing file /opt/airflow/dags/mbta_api_s3_snowflake.py for tasks to queue
[2026-04-10T00:09:22.992+0000] {logging_mixin.py:188} INFO - [2026-04-10T00:09:22.992+0000] {dagbag.py:538} INFO - Filling up the DagBag from /opt/airflow/dags/mbta_api_s3_snowflake.py
[2026-04-10T00:09:23.162+0000] {processor.py:840} INFO - DAG(s) 'mbta_api_to_s3_to_snowflake' retrieved from /opt/airflow/dags/mbta_api_s3_snowflake.py
[2026-04-10T00:09:23.170+0000] {logging_mixin.py:188} INFO - [2026-04-10T00:09:23.170+0000] {dag.py:3036} INFO - Sync 1 DAGs
[2026-04-10T00:09:23.178+0000] {logging_mixin.py:188} INFO - [2026-04-10T00:09:23.178+0000] {dag.py:3823} INFO - Setting next_dagrun for mbta_api_to_s3_to_snowflake to 2027-01-01 00:00:00+00:00, run_after=2028-01-01 00:00:00+00:00
[2026-04-10T00:09:23.188+0000] {processor.py:183} INFO - Processing /opt/airflow/dags/mbta_api_s3_snowflake.py took 0.200 seconds
[2026-04-10T00:09:53.824+0000] {processor.py:161} INFO - Started process (PID=14047) to work on /opt/airflow/dags/mbta_api_s3_snowflake.py
[2026-04-10T00:09:53.825+0000] {processor.py:830} INFO - Processing file /opt/airflow/dags/mbta_api_s3_snowflake.py for tasks to queue
[2026-04-10T00:09:53.825+0000] {logging_mixin.py:188} INFO - [2026-04-10T00:09:53.825+0000] {dagbag.py:538} INFO - Filling up the DagBag from /opt/airflow/dags/mbta_api_s3_snowflake.py
[2026-04-10T00:09:53.998+0000] {processor.py:840} INFO - DAG(s) 'mbta_api_to_s3_to_snowflake' retrieved from /opt/airflow/dags/mbta_api_s3_snowflake.py
[2026-04-10T00:09:54.008+0000] {logging_mixin.py:188} INFO - [2026-04-10T00:09:54.007+0000] {dag.py:3036} INFO - Sync 1 DAGs
[2026-04-10T00:09:54.018+0000] {logging_mixin.py:188} INFO - [2026-04-10T00:09:54.018+0000] {dag.py:3823} INFO - Setting next_dagrun for mbta_api_to_s3_to_snowflake to 2027-01-01 00:00:00+00:00, run_after=2028-01-01 00:00:00+00:00
[2026-04-10T00:09:54.025+0000] {processor.py:183} INFO - Processing /opt/airflow/dags/mbta_api_s3_snowflake.py took 0.202 seconds
[2026-04-10T00:10:24.824+0000] {processor.py:161} INFO - Started process (PID=14127) to work on /opt/airflow/dags/mbta_api_s3_snowflake.py
[2026-04-10T00:10:24.825+0000] {processor.py:830} INFO - Processing file /opt/airflow/dags/mbta_api_s3_snowflake.py for tasks to queue
[2026-04-10T00:10:24.826+0000] {logging_mixin.py:188} INFO - [2026-04-10T00:10:24.825+0000] {dagbag.py:538} INFO - Filling up the DagBag from /opt/airflow/dags/mbta_api_s3_snowflake.py
[2026-04-10T00:10:25.029+0000] {processor.py:840} INFO - DAG(s) 'mbta_api_to_s3_to_snowflake' retrieved from /opt/airflow/dags/mbta_api_s3_snowflake.py
[2026-04-10T00:10:25.039+0000] {logging_mixin.py:188} INFO - [2026-04-10T00:10:25.039+0000] {dag.py:3036} INFO - Sync 1 DAGs
[2026-04-10T00:10:25.049+0000] {logging_mixin.py:188} INFO - [2026-04-10T00:10:25.048+0000] {dag.py:3823} INFO - Setting next_dagrun for mbta_api_to_s3_to_snowflake to 2027-01-01 00:00:00+00:00, run_after=2028-01-01 00:00:00+00:00
[2026-04-10T00:10:25.056+0000] {processor.py:183} INFO - Processing /opt/airflow/dags/mbta_api_s3_snowflake.py took 0.233 seconds
[2026-04-10T00:10:55.992+0000] {processor.py:161} INFO - Started process (PID=14208) to work on /opt/airflow/dags/mbta_api_s3_snowflake.py
[2026-04-10T00:10:55.993+0000] {processor.py:830} INFO - Processing file /opt/airflow/dags/mbta_api_s3_snowflake.py for tasks to queue
[2026-04-10T00:10:55.993+0000] {logging_mixin.py:188} INFO - [2026-04-10T00:10:55.993+0000] {dagbag.py:538} INFO - Filling up the DagBag from /opt/airflow/dags/mbta_api_s3_snowflake.py
[2026-04-10T00:10:56.171+0000] {processor.py:840} INFO - DAG(s) 'mbta_api_to_s3_to_snowflake' retrieved from /opt/airflow/dags/mbta_api_s3_snowflake.py
[2026-04-10T00:10:56.182+0000] {logging_mixin.py:188} INFO - [2026-04-10T00:10:56.182+0000] {dag.py:3036} INFO - Sync 1 DAGs
[2026-04-10T00:10:56.190+0000] {logging_mixin.py:188} INFO - [2026-04-10T00:10:56.190+0000] {dag.py:3823} INFO - Setting next_dagrun for mbta_api_to_s3_to_snowflake to 2027-01-01 00:00:00+00:00, run_after=2028-01-01 00:00:00+00:00
[2026-04-10T00:10:56.196+0000] {processor.py:183} INFO - Processing /opt/airflow/dags/mbta_api_s3_snowflake.py took 0.206 seconds
[2026-04-10T00:11:26.847+0000] {processor.py:161} INFO - Started process (PID=14287) to work on /opt/airflow/dags/mbta_api_s3_snowflake.py
[2026-04-10T00:11:26.847+0000] {processor.py:830} INFO - Processing file /opt/airflow/dags/mbta_api_s3_snowflake.py for tasks to queue
[2026-04-10T00:11:26.848+0000] {logging_mixin.py:188} INFO - [2026-04-10T00:11:26.848+0000] {dagbag.py:538} INFO - Filling up the DagBag from /opt/airflow/dags/mbta_api_s3_snowflake.py
[2026-04-10T00:11:27.012+0000] {processor.py:840} INFO - DAG(s) 'mbta_api_to_s3_to_snowflake' retrieved from /opt/airflow/dags/mbta_api_s3_snowflake.py
[2026-04-10T00:11:27.021+0000] {logging_mixin.py:188} INFO - [2026-04-10T00:11:27.021+0000] {dag.py:3036} INFO - Sync 1 DAGs
[2026-04-10T00:11:27.030+0000] {logging_mixin.py:188} INFO - [2026-04-10T00:11:27.030+0000] {dag.py:3823} INFO - Setting next_dagrun for mbta_api_to_s3_to_snowflake to 2027-01-01 00:00:00+00:00, run_after=2028-01-01 00:00:00+00:00
[2026-04-10T00:11:27.108+0000] {processor.py:183} INFO - Processing /opt/airflow/dags/mbta_api_s3_snowflake.py took 0.262 seconds
[2026-04-10T00:11:57.891+0000] {processor.py:161} INFO - Started process (PID=14367) to work on /opt/airflow/dags/mbta_api_s3_snowflake.py
[2026-04-10T00:11:57.892+0000] {processor.py:830} INFO - Processing file /opt/airflow/dags/mbta_api_s3_snowflake.py for tasks to queue
[2026-04-10T00:11:57.893+0000] {logging_mixin.py:188} INFO - [2026-04-10T00:11:57.893+0000] {dagbag.py:538} INFO - Filling up the DagBag from /opt/airflow/dags/mbta_api_s3_snowflake.py
[2026-04-10T00:11:58.064+0000] {processor.py:840} INFO - DAG(s) 'mbta_api_to_s3_to_snowflake' retrieved from /opt/airflow/dags/mbta_api_s3_snowflake.py
[2026-04-10T00:11:58.078+0000] {logging_mixin.py:188} INFO - [2026-04-10T00:11:58.078+0000] {dag.py:3036} INFO - Sync 1 DAGs
[2026-04-10T00:11:58.086+0000] {logging_mixin.py:188} INFO - [2026-04-10T00:11:58.086+0000] {dag.py:3823} INFO - Setting next_dagrun for mbta_api_to_s3_to_snowflake to 2027-01-01 00:00:00+00:00, run_after=2028-01-01 00:00:00+00:00
[2026-04-10T00:11:58.093+0000] {processor.py:183} INFO - Processing /opt/airflow/dags/mbta_api_s3_snowflake.py took 0.203 seconds
[2026-04-10T00:12:29.618+0000] {processor.py:161} INFO - Started process (PID=14448) to work on /opt/airflow/dags/mbta_api_s3_snowflake.py
[2026-04-10T00:12:29.618+0000] {processor.py:830} INFO - Processing file /opt/airflow/dags/mbta_api_s3_snowflake.py for tasks to queue
[2026-04-10T00:12:29.619+0000] {logging_mixin.py:188} INFO - [2026-04-10T00:12:29.619+0000] {dagbag.py:538} INFO - Filling up the DagBag from /opt/airflow/dags/mbta_api_s3_snowflake.py
[2026-04-10T00:12:29.787+0000] {processor.py:840} INFO - DAG(s) 'mbta_api_to_s3_to_snowflake' retrieved from /opt/airflow/dags/mbta_api_s3_snowflake.py
[2026-04-10T00:12:29.795+0000] {logging_mixin.py:188} INFO - [2026-04-10T00:12:29.795+0000] {dag.py:3036} INFO - Sync 1 DAGs
[2026-04-10T00:12:29.865+0000] {logging_mixin.py:188} INFO - [2026-04-10T00:12:29.865+0000] {dag.py:3823} INFO - Setting next_dagrun for mbta_api_to_s3_to_snowflake to 2027-01-01 00:00:00+00:00, run_after=2028-01-01 00:00:00+00:00
[2026-04-10T00:12:29.870+0000] {processor.py:183} INFO - Processing /opt/airflow/dags/mbta_api_s3_snowflake.py took 0.254 seconds
[2026-04-10T00:13:00.003+0000] {processor.py:161} INFO - Started process (PID=14527) to work on /opt/airflow/dags/mbta_api_s3_snowflake.py
[2026-04-10T00:13:00.003+0000] {processor.py:830} INFO - Processing file /opt/airflow/dags/mbta_api_s3_snowflake.py for tasks to queue
[2026-04-10T00:13:00.004+0000] {logging_mixin.py:188} INFO - [2026-04-10T00:13:00.004+0000] {dagbag.py:538} INFO - Filling up the DagBag from /opt/airflow/dags/mbta_api_s3_snowflake.py
[2026-04-10T00:13:00.252+0000] {processor.py:840} INFO - DAG(s) 'mbta_api_to_s3_to_snowflake' retrieved from /opt/airflow/dags/mbta_api_s3_snowflake.py
[2026-04-10T00:13:00.263+0000] {logging_mixin.py:188} INFO - [2026-04-10T00:13:00.263+0000] {dag.py:3036} INFO - Sync 1 DAGs
[2026-04-10T00:13:00.272+0000] {logging_mixin.py:188} INFO - [2026-04-10T00:13:00.272+0000] {dag.py:3823} INFO - Setting next_dagrun for mbta_api_to_s3_to_snowflake to 2027-01-01 00:00:00+00:00, run_after=2028-01-01 00:00:00+00:00
[2026-04-10T00:13:00.278+0000] {processor.py:183} INFO - Processing /opt/airflow/dags/mbta_api_s3_snowflake.py took 0.277 seconds
[2026-04-10T00:13:30.469+0000] {processor.py:161} INFO - Started process (PID=14606) to work on /opt/airflow/dags/mbta_api_s3_snowflake.py
[2026-04-10T00:13:30.470+0000] {processor.py:830} INFO - Processing file /opt/airflow/dags/mbta_api_s3_snowflake.py for tasks to queue
[2026-04-10T00:13:30.471+0000] {logging_mixin.py:188} INFO - [2026-04-10T00:13:30.471+0000] {dagbag.py:538} INFO - Filling up the DagBag from /opt/airflow/dags/mbta_api_s3_snowflake.py
[2026-04-10T00:13:30.713+0000] {processor.py:840} INFO - DAG(s) 'mbta_api_to_s3_to_snowflake' retrieved from /opt/airflow/dags/mbta_api_s3_snowflake.py
[2026-04-10T00:13:30.725+0000] {logging_mixin.py:188} INFO - [2026-04-10T00:13:30.725+0000] {dag.py:3036} INFO - Sync 1 DAGs
[2026-04-10T00:13:30.734+0000] {logging_mixin.py:188} INFO - [2026-04-10T00:13:30.734+0000] {dag.py:3823} INFO - Setting next_dagrun for mbta_api_to_s3_to_snowflake to 2027-01-01 00:00:00+00:00, run_after=2028-01-01 00:00:00+00:00
[2026-04-10T00:13:30.740+0000] {processor.py:183} INFO - Processing /opt/airflow/dags/mbta_api_s3_snowflake.py took 0.273 seconds
[2026-04-10T00:14:55.628+0000] {processor.py:161} INFO - Started process (PID=14681) to work on /opt/airflow/dags/mbta_api_s3_snowflake.py
[2026-04-10T00:14:55.628+0000] {processor.py:830} INFO - Processing file /opt/airflow/dags/mbta_api_s3_snowflake.py for tasks to queue
[2026-04-10T00:14:55.629+0000] {logging_mixin.py:188} INFO - [2026-04-10T00:14:55.629+0000] {dagbag.py:538} INFO - Filling up the DagBag from /opt/airflow/dags/mbta_api_s3_snowflake.py
[2026-04-10T00:14:55.880+0000] {processor.py:840} INFO - DAG(s) 'mbta_api_to_s3_to_snowflake' retrieved from /opt/airflow/dags/mbta_api_s3_snowflake.py
[2026-04-10T00:14:55.889+0000] {logging_mixin.py:188} INFO - [2026-04-10T00:14:55.888+0000] {dag.py:3036} INFO - Sync 1 DAGs
[2026-04-10T00:14:55.896+0000] {logging_mixin.py:188} INFO - [2026-04-10T00:14:55.896+0000] {dag.py:3823} INFO - Setting next_dagrun for mbta_api_to_s3_to_snowflake to 2027-01-01 00:00:00+00:00, run_after=2028-01-01 00:00:00+00:00
[2026-04-10T00:14:55.902+0000] {processor.py:183} INFO - Processing /opt/airflow/dags/mbta_api_s3_snowflake.py took 0.275 seconds
[2026-04-10T00:15:26.069+0000] {processor.py:161} INFO - Started process (PID=14761) to work on /opt/airflow/dags/mbta_api_s3_snowflake.py
[2026-04-10T00:15:26.072+0000] {processor.py:830} INFO - Processing file /opt/airflow/dags/mbta_api_s3_snowflake.py for tasks to queue
[2026-04-10T00:15:26.073+0000] {logging_mixin.py:188} INFO - [2026-04-10T00:15:26.073+0000] {dagbag.py:538} INFO - Filling up the DagBag from /opt/airflow/dags/mbta_api_s3_snowflake.py
[2026-04-10T00:15:26.322+0000] {processor.py:840} INFO - DAG(s) 'mbta_api_to_s3_to_snowflake' retrieved from /opt/airflow/dags/mbta_api_s3_snowflake.py
[2026-04-10T00:15:26.333+0000] {logging_mixin.py:188} INFO - [2026-04-10T00:15:26.333+0000] {dag.py:3036} INFO - Sync 1 DAGs
[2026-04-10T00:15:26.343+0000] {logging_mixin.py:188} INFO - [2026-04-10T00:15:26.343+0000] {dag.py:3823} INFO - Setting next_dagrun for mbta_api_to_s3_to_snowflake to 2027-01-01 00:00:00+00:00, run_after=2028-01-01 00:00:00+00:00
[2026-04-10T00:15:26.349+0000] {processor.py:183} INFO - Processing /opt/airflow/dags/mbta_api_s3_snowflake.py took 0.282 seconds
[2026-04-10T00:15:57.068+0000] {processor.py:161} INFO - Started process (PID=14841) to work on /opt/airflow/dags/mbta_api_s3_snowflake.py
[2026-04-10T00:15:57.069+0000] {processor.py:830} INFO - Processing file /opt/airflow/dags/mbta_api_s3_snowflake.py for tasks to queue
[2026-04-10T00:15:57.070+0000] {logging_mixin.py:188} INFO - [2026-04-10T00:15:57.070+0000] {dagbag.py:538} INFO - Filling up the DagBag from /opt/airflow/dags/mbta_api_s3_snowflake.py
[2026-04-10T00:15:57.349+0000] {processor.py:840} INFO - DAG(s) 'mbta_api_to_s3_to_snowflake' retrieved from /opt/airflow/dags/mbta_api_s3_snowflake.py
[2026-04-10T00:15:57.356+0000] {logging_mixin.py:188} INFO - [2026-04-10T00:15:57.356+0000] {dag.py:3036} INFO - Sync 1 DAGs
[2026-04-10T00:15:57.364+0000] {logging_mixin.py:188} INFO - [2026-04-10T00:15:57.364+0000] {dag.py:3823} INFO - Setting next_dagrun for mbta_api_to_s3_to_snowflake to 2027-01-01 00:00:00+00:00, run_after=2028-01-01 00:00:00+00:00
[2026-04-10T00:15:57.369+0000] {processor.py:183} INFO - Processing /opt/airflow/dags/mbta_api_s3_snowflake.py took 0.303 seconds
[2026-04-10T00:16:28.003+0000] {processor.py:161} INFO - Started process (PID=14921) to work on /opt/airflow/dags/mbta_api_s3_snowflake.py
[2026-04-10T00:16:28.004+0000] {processor.py:830} INFO - Processing file /opt/airflow/dags/mbta_api_s3_snowflake.py for tasks to queue
[2026-04-10T00:16:28.005+0000] {logging_mixin.py:188} INFO - [2026-04-10T00:16:28.005+0000] {dagbag.py:538} INFO - Filling up the DagBag from /opt/airflow/dags/mbta_api_s3_snowflake.py
[2026-04-10T00:16:28.257+0000] {processor.py:840} INFO - DAG(s) 'mbta_api_to_s3_to_snowflake' retrieved from /opt/airflow/dags/mbta_api_s3_snowflake.py
[2026-04-10T00:16:28.267+0000] {logging_mixin.py:188} INFO - [2026-04-10T00:16:28.266+0000] {dag.py:3036} INFO - Sync 1 DAGs
[2026-04-10T00:16:28.274+0000] {logging_mixin.py:188} INFO - [2026-04-10T00:16:28.274+0000] {dag.py:3823} INFO - Setting next_dagrun for mbta_api_to_s3_to_snowflake to 2027-01-01 00:00:00+00:00, run_after=2028-01-01 00:00:00+00:00
[2026-04-10T00:16:28.280+0000] {processor.py:183} INFO - Processing /opt/airflow/dags/mbta_api_s3_snowflake.py took 0.279 seconds
[2026-04-10T00:16:58.451+0000] {processor.py:161} INFO - Started process (PID=15002) to work on /opt/airflow/dags/mbta_api_s3_snowflake.py
[2026-04-10T00:16:58.451+0000] {processor.py:830} INFO - Processing file /opt/airflow/dags/mbta_api_s3_snowflake.py for tasks to queue
[2026-04-10T00:16:58.453+0000] {logging_mixin.py:188} INFO - [2026-04-10T00:16:58.452+0000] {dagbag.py:538} INFO - Filling up the DagBag from /opt/airflow/dags/mbta_api_s3_snowflake.py
[2026-04-10T00:16:58.752+0000] {processor.py:840} INFO - DAG(s) 'mbta_api_to_s3_to_snowflake' retrieved from /opt/airflow/dags/mbta_api_s3_snowflake.py
[2026-04-10T00:16:58.762+0000] {logging_mixin.py:188} INFO - [2026-04-10T00:16:58.761+0000] {dag.py:3036} INFO - Sync 1 DAGs
[2026-04-10T00:16:58.774+0000] {logging_mixin.py:188} INFO - [2026-04-10T00:16:58.774+0000] {dag.py:3823} INFO - Setting next_dagrun for mbta_api_to_s3_to_snowflake to 2027-01-01 00:00:00+00:00, run_after=2028-01-01 00:00:00+00:00
[2026-04-10T00:16:58.785+0000] {processor.py:183} INFO - Processing /opt/airflow/dags/mbta_api_s3_snowflake.py took 0.336 seconds
[2026-04-10T00:17:28.892+0000] {processor.py:161} INFO - Started process (PID=15082) to work on /opt/airflow/dags/mbta_api_s3_snowflake.py
[2026-04-10T00:17:28.893+0000] {processor.py:830} INFO - Processing file /opt/airflow/dags/mbta_api_s3_snowflake.py for tasks to queue
[2026-04-10T00:17:28.894+0000] {logging_mixin.py:188} INFO - [2026-04-10T00:17:28.894+0000] {dagbag.py:538} INFO - Filling up the DagBag from /opt/airflow/dags/mbta_api_s3_snowflake.py
[2026-04-10T00:17:29.076+0000] {processor.py:840} INFO - DAG(s) 'mbta_api_to_s3_to_snowflake' retrieved from /opt/airflow/dags/mbta_api_s3_snowflake.py
[2026-04-10T00:17:29.087+0000] {logging_mixin.py:188} INFO - [2026-04-10T00:17:29.086+0000] {dag.py:3036} INFO - Sync 1 DAGs
[2026-04-10T00:17:29.094+0000] {logging_mixin.py:188} INFO - [2026-04-10T00:17:29.094+0000] {dag.py:3823} INFO - Setting next_dagrun for mbta_api_to_s3_to_snowflake to 2027-01-01 00:00:00+00:00, run_after=2028-01-01 00:00:00+00:00
[2026-04-10T00:17:29.100+0000] {processor.py:183} INFO - Processing /opt/airflow/dags/mbta_api_s3_snowflake.py took 0.210 seconds
[2026-04-10T00:17:59.990+0000] {processor.py:161} INFO - Started process (PID=15161) to work on /opt/airflow/dags/mbta_api_s3_snowflake.py
[2026-04-10T00:17:59.991+0000] {processor.py:830} INFO - Processing file /opt/airflow/dags/mbta_api_s3_snowflake.py for tasks to queue
[2026-04-10T00:17:59.992+0000] {logging_mixin.py:188} INFO - [2026-04-10T00:17:59.992+0000] {dagbag.py:538} INFO - Filling up the DagBag from /opt/airflow/dags/mbta_api_s3_snowflake.py
[2026-04-10T00:18:00.167+0000] {processor.py:840} INFO - DAG(s) 'mbta_api_to_s3_to_snowflake' retrieved from /opt/airflow/dags/mbta_api_s3_snowflake.py
[2026-04-10T00:18:00.176+0000] {logging_mixin.py:188} INFO - [2026-04-10T00:18:00.175+0000] {dag.py:3036} INFO - Sync 1 DAGs
[2026-04-10T00:18:00.185+0000] {logging_mixin.py:188} INFO - [2026-04-10T00:18:00.185+0000] {dag.py:3823} INFO - Setting next_dagrun for mbta_api_to_s3_to_snowflake to 2027-01-01 00:00:00+00:00, run_after=2028-01-01 00:00:00+00:00
[2026-04-10T00:18:00.191+0000] {processor.py:183} INFO - Processing /opt/airflow/dags/mbta_api_s3_snowflake.py took 0.203 seconds
[2026-04-10T00:18:30.291+0000] {processor.py:161} INFO - Started process (PID=15241) to work on /opt/airflow/dags/mbta_api_s3_snowflake.py
[2026-04-10T00:18:30.291+0000] {processor.py:830} INFO - Processing file /opt/airflow/dags/mbta_api_s3_snowflake.py for tasks to queue
[2026-04-10T00:18:30.292+0000] {logging_mixin.py:188} INFO - [2026-04-10T00:18:30.292+0000] {dagbag.py:538} INFO - Filling up the DagBag from /opt/airflow/dags/mbta_api_s3_snowflake.py
[2026-04-10T00:18:30.465+0000] {processor.py:840} INFO - DAG(s) 'mbta_api_to_s3_to_snowflake' retrieved from /opt/airflow/dags/mbta_api_s3_snowflake.py
[2026-04-10T00:18:30.474+0000] {logging_mixin.py:188} INFO - [2026-04-10T00:18:30.473+0000] {dag.py:3036} INFO - Sync 1 DAGs
[2026-04-10T00:18:30.481+0000] {logging_mixin.py:188} INFO - [2026-04-10T00:18:30.481+0000] {dag.py:3823} INFO - Setting next_dagrun for mbta_api_to_s3_to_snowflake to 2027-01-01 00:00:00+00:00, run_after=2028-01-01 00:00:00+00:00
[2026-04-10T00:18:30.487+0000] {processor.py:183} INFO - Processing /opt/airflow/dags/mbta_api_s3_snowflake.py took 0.197 seconds
[2026-04-10T00:19:00.526+0000] {processor.py:161} INFO - Started process (PID=15321) to work on /opt/airflow/dags/mbta_api_s3_snowflake.py
[2026-04-10T00:19:00.526+0000] {processor.py:830} INFO - Processing file /opt/airflow/dags/mbta_api_s3_snowflake.py for tasks to queue
[2026-04-10T00:19:00.527+0000] {logging_mixin.py:188} INFO - [2026-04-10T00:19:00.527+0000] {dagbag.py:538} INFO - Filling up the DagBag from /opt/airflow/dags/mbta_api_s3_snowflake.py
[2026-04-10T00:19:00.697+0000] {processor.py:840} INFO - DAG(s) 'mbta_api_to_s3_to_snowflake' retrieved from /opt/airflow/dags/mbta_api_s3_snowflake.py
[2026-04-10T00:19:00.705+0000] {logging_mixin.py:188} INFO - [2026-04-10T00:19:00.704+0000] {dag.py:3036} INFO - Sync 1 DAGs
[2026-04-10T00:19:00.712+0000] {logging_mixin.py:188} INFO - [2026-04-10T00:19:00.712+0000] {dag.py:3823} INFO - Setting next_dagrun for mbta_api_to_s3_to_snowflake to 2027-01-01 00:00:00+00:00, run_after=2028-01-01 00:00:00+00:00
[2026-04-10T00:19:00.717+0000] {processor.py:183} INFO - Processing /opt/airflow/dags/mbta_api_s3_snowflake.py took 0.193 seconds
[2026-04-10T00:19:31.650+0000] {processor.py:161} INFO - Started process (PID=15400) to work on /opt/airflow/dags/mbta_api_s3_snowflake.py
[2026-04-10T00:19:31.651+0000] {processor.py:830} INFO - Processing file /opt/airflow/dags/mbta_api_s3_snowflake.py for tasks to queue
[2026-04-10T00:19:31.651+0000] {logging_mixin.py:188} INFO - [2026-04-10T00:19:31.651+0000] {dagbag.py:538} INFO - Filling up the DagBag from /opt/airflow/dags/mbta_api_s3_snowflake.py
[2026-04-10T00:19:31.850+0000] {processor.py:840} INFO - DAG(s) 'mbta_api_to_s3_to_snowflake' retrieved from /opt/airflow/dags/mbta_api_s3_snowflake.py
[2026-04-10T00:19:31.859+0000] {logging_mixin.py:188} INFO - [2026-04-10T00:19:31.858+0000] {dag.py:3036} INFO - Sync 1 DAGs
[2026-04-10T00:19:31.946+0000] {logging_mixin.py:188} INFO - [2026-04-10T00:19:31.946+0000] {dag.py:3823} INFO - Setting next_dagrun for mbta_api_to_s3_to_snowflake to 2027-01-01 00:00:00+00:00, run_after=2028-01-01 00:00:00+00:00
[2026-04-10T00:19:31.953+0000] {processor.py:183} INFO - Processing /opt/airflow/dags/mbta_api_s3_snowflake.py took 0.304 seconds
[2026-04-10T00:20:02.229+0000] {processor.py:161} INFO - Started process (PID=15481) to work on /opt/airflow/dags/mbta_api_s3_snowflake.py
[2026-04-10T00:20:02.230+0000] {processor.py:830} INFO - Processing file /opt/airflow/dags/mbta_api_s3_snowflake.py for tasks to queue
[2026-04-10T00:20:02.231+0000] {logging_mixin.py:188} INFO - [2026-04-10T00:20:02.231+0000] {dagbag.py:538} INFO - Filling up the DagBag from /opt/airflow/dags/mbta_api_s3_snowflake.py
[2026-04-10T00:20:02.495+0000] {processor.py:840} INFO - DAG(s) 'mbta_api_to_s3_to_snowflake' retrieved from /opt/airflow/dags/mbta_api_s3_snowflake.py
[2026-04-10T00:20:02.506+0000] {logging_mixin.py:188} INFO - [2026-04-10T00:20:02.506+0000] {dag.py:3036} INFO - Sync 1 DAGs
[2026-04-10T00:20:02.513+0000] {logging_mixin.py:188} INFO - [2026-04-10T00:20:02.513+0000] {dag.py:3823} INFO - Setting next_dagrun for mbta_api_to_s3_to_snowflake to 2027-01-01 00:00:00+00:00, run_after=2028-01-01 00:00:00+00:00
[2026-04-10T00:20:02.519+0000] {processor.py:183} INFO - Processing /opt/airflow/dags/mbta_api_s3_snowflake.py took 0.292 seconds
[2026-04-10T00:20:33.064+0000] {processor.py:161} INFO - Started process (PID=15561) to work on /opt/airflow/dags/mbta_api_s3_snowflake.py
[2026-04-10T00:20:33.065+0000] {processor.py:830} INFO - Processing file /opt/airflow/dags/mbta_api_s3_snowflake.py for tasks to queue
[2026-04-10T00:20:33.066+0000] {logging_mixin.py:188} INFO - [2026-04-10T00:20:33.066+0000] {dagbag.py:538} INFO - Filling up the DagBag from /opt/airflow/dags/mbta_api_s3_snowflake.py
[2026-04-10T00:20:33.312+0000] {processor.py:840} INFO - DAG(s) 'mbta_api_to_s3_to_snowflake' retrieved from /opt/airflow/dags/mbta_api_s3_snowflake.py
[2026-04-10T00:20:33.325+0000] {logging_mixin.py:188} INFO - [2026-04-10T00:20:33.323+0000] {dag.py:3036} INFO - Sync 1 DAGs
[2026-04-10T00:20:33.332+0000] {logging_mixin.py:188} INFO - [2026-04-10T00:20:33.332+0000] {dag.py:3823} INFO - Setting next_dagrun for mbta_api_to_s3_to_snowflake to 2027-01-01 00:00:00+00:00, run_after=2028-01-01 00:00:00+00:00
[2026-04-10T00:20:33.338+0000] {processor.py:183} INFO - Processing /opt/airflow/dags/mbta_api_s3_snowflake.py took 0.275 seconds
[2026-04-10T00:21:03.747+0000] {processor.py:161} INFO - Started process (PID=15640) to work on /opt/airflow/dags/mbta_api_s3_snowflake.py
[2026-04-10T00:21:03.748+0000] {processor.py:830} INFO - Processing file /opt/airflow/dags/mbta_api_s3_snowflake.py for tasks to queue
[2026-04-10T00:21:03.749+0000] {logging_mixin.py:188} INFO - [2026-04-10T00:21:03.749+0000] {dagbag.py:538} INFO - Filling up the DagBag from /opt/airflow/dags/mbta_api_s3_snowflake.py
[2026-04-10T00:21:03.998+0000] {processor.py:840} INFO - DAG(s) 'mbta_api_to_s3_to_snowflake' retrieved from /opt/airflow/dags/mbta_api_s3_snowflake.py
[2026-04-10T00:21:04.005+0000] {logging_mixin.py:188} INFO - [2026-04-10T00:21:04.005+0000] {dag.py:3036} INFO - Sync 1 DAGs
[2026-04-10T00:21:04.014+0000] {logging_mixin.py:188} INFO - [2026-04-10T00:21:04.014+0000] {dag.py:3823} INFO - Setting next_dagrun for mbta_api_to_s3_to_snowflake to 2027-01-01 00:00:00+00:00, run_after=2028-01-01 00:00:00+00:00
[2026-04-10T00:21:04.020+0000] {processor.py:183} INFO - Processing /opt/airflow/dags/mbta_api_s3_snowflake.py took 0.274 seconds
[2026-04-10T00:21:34.527+0000] {processor.py:161} INFO - Started process (PID=15720) to work on /opt/airflow/dags/mbta_api_s3_snowflake.py
[2026-04-10T00:21:34.527+0000] {processor.py:830} INFO - Processing file /opt/airflow/dags/mbta_api_s3_snowflake.py for tasks to queue
[2026-04-10T00:21:34.528+0000] {logging_mixin.py:188} INFO - [2026-04-10T00:21:34.528+0000] {dagbag.py:538} INFO - Filling up the DagBag from /opt/airflow/dags/mbta_api_s3_snowflake.py
[2026-04-10T00:21:34.767+0000] {processor.py:840} INFO - DAG(s) 'mbta_api_to_s3_to_snowflake' retrieved from /opt/airflow/dags/mbta_api_s3_snowflake.py
[2026-04-10T00:21:34.780+0000] {logging_mixin.py:188} INFO - [2026-04-10T00:21:34.779+0000] {dag.py:3036} INFO - Sync 1 DAGs
[2026-04-10T00:21:34.788+0000] {logging_mixin.py:188} INFO - [2026-04-10T00:21:34.788+0000] {dag.py:3823} INFO - Setting next_dagrun for mbta_api_to_s3_to_snowflake to 2027-01-01 00:00:00+00:00, run_after=2028-01-01 00:00:00+00:00
[2026-04-10T00:21:34.794+0000] {processor.py:183} INFO - Processing /opt/airflow/dags/mbta_api_s3_snowflake.py took 0.269 seconds
[2026-04-10T00:22:04.963+0000] {processor.py:161} INFO - Started process (PID=15800) to work on /opt/airflow/dags/mbta_api_s3_snowflake.py
[2026-04-10T00:22:04.964+0000] {processor.py:830} INFO - Processing file /opt/airflow/dags/mbta_api_s3_snowflake.py for tasks to queue
[2026-04-10T00:22:04.966+0000] {logging_mixin.py:188} INFO - [2026-04-10T00:22:04.966+0000] {dagbag.py:538} INFO - Filling up the DagBag from /opt/airflow/dags/mbta_api_s3_snowflake.py
[2026-04-10T00:22:05.211+0000] {processor.py:840} INFO - DAG(s) 'mbta_api_to_s3_to_snowflake' retrieved from /opt/airflow/dags/mbta_api_s3_snowflake.py
[2026-04-10T00:22:05.223+0000] {logging_mixin.py:188} INFO - [2026-04-10T00:22:05.222+0000] {dag.py:3036} INFO - Sync 1 DAGs
[2026-04-10T00:22:05.231+0000] {logging_mixin.py:188} INFO - [2026-04-10T00:22:05.231+0000] {dag.py:3823} INFO - Setting next_dagrun for mbta_api_to_s3_to_snowflake to 2027-01-01 00:00:00+00:00, run_after=2028-01-01 00:00:00+00:00
[2026-04-10T00:22:05.237+0000] {processor.py:183} INFO - Processing /opt/airflow/dags/mbta_api_s3_snowflake.py took 0.275 seconds
[2026-04-10T00:22:35.407+0000] {processor.py:161} INFO - Started process (PID=15880) to work on /opt/airflow/dags/mbta_api_s3_snowflake.py
[2026-04-10T00:22:35.407+0000] {processor.py:830} INFO - Processing file /opt/airflow/dags/mbta_api_s3_snowflake.py for tasks to queue
[2026-04-10T00:22:35.408+0000] {logging_mixin.py:188} INFO - [2026-04-10T00:22:35.408+0000] {dagbag.py:538} INFO - Filling up the DagBag from /opt/airflow/dags/mbta_api_s3_snowflake.py
[2026-04-10T00:22:35.665+0000] {processor.py:840} INFO - DAG(s) 'mbta_api_to_s3_to_snowflake' retrieved from /opt/airflow/dags/mbta_api_s3_snowflake.py
[2026-04-10T00:22:35.671+0000] {logging_mixin.py:188} INFO - [2026-04-10T00:22:35.671+0000] {dag.py:3036} INFO - Sync 1 DAGs
[2026-04-10T00:22:35.681+0000] {logging_mixin.py:188} INFO - [2026-04-10T00:22:35.680+0000] {dag.py:3823} INFO - Setting next_dagrun for mbta_api_to_s3_to_snowflake to 2027-01-01 00:00:00+00:00, run_after=2028-01-01 00:00:00+00:00
[2026-04-10T00:22:35.689+0000] {processor.py:183} INFO - Processing /opt/airflow/dags/mbta_api_s3_snowflake.py took 0.284 seconds
[2026-04-10T00:23:05.872+0000] {processor.py:161} INFO - Started process (PID=15960) to work on /opt/airflow/dags/mbta_api_s3_snowflake.py
[2026-04-10T00:23:05.872+0000] {processor.py:830} INFO - Processing file /opt/airflow/dags/mbta_api_s3_snowflake.py for tasks to queue
[2026-04-10T00:23:05.874+0000] {logging_mixin.py:188} INFO - [2026-04-10T00:23:05.874+0000] {dagbag.py:538} INFO - Filling up the DagBag from /opt/airflow/dags/mbta_api_s3_snowflake.py
[2026-04-10T00:23:06.114+0000] {processor.py:840} INFO - DAG(s) 'mbta_api_to_s3_to_snowflake' retrieved from /opt/airflow/dags/mbta_api_s3_snowflake.py
[2026-04-10T00:23:06.126+0000] {logging_mixin.py:188} INFO - [2026-04-10T00:23:06.125+0000] {dag.py:3036} INFO - Sync 1 DAGs
[2026-04-10T00:23:06.134+0000] {logging_mixin.py:188} INFO - [2026-04-10T00:23:06.134+0000] {dag.py:3823} INFO - Setting next_dagrun for mbta_api_to_s3_to_snowflake to 2027-01-01 00:00:00+00:00, run_after=2028-01-01 00:00:00+00:00
[2026-04-10T00:23:06.144+0000] {processor.py:183} INFO - Processing /opt/airflow/dags/mbta_api_s3_snowflake.py took 0.274 seconds
[2026-04-10T00:23:36.502+0000] {processor.py:161} INFO - Started process (PID=16040) to work on /opt/airflow/dags/mbta_api_s3_snowflake.py
[2026-04-10T00:23:36.503+0000] {processor.py:830} INFO - Processing file /opt/airflow/dags/mbta_api_s3_snowflake.py for tasks to queue
[2026-04-10T00:23:36.504+0000] {logging_mixin.py:188} INFO - [2026-04-10T00:23:36.504+0000] {dagbag.py:538} INFO - Filling up the DagBag from /opt/airflow/dags/mbta_api_s3_snowflake.py
[2026-04-10T00:23:36.748+0000] {processor.py:840} INFO - DAG(s) 'mbta_api_to_s3_to_snowflake' retrieved from /opt/airflow/dags/mbta_api_s3_snowflake.py
[2026-04-10T00:23:36.758+0000] {logging_mixin.py:188} INFO - [2026-04-10T00:23:36.758+0000] {dag.py:3036} INFO - Sync 1 DAGs
[2026-04-10T00:23:36.766+0000] {logging_mixin.py:188} INFO - [2026-04-10T00:23:36.766+0000] {dag.py:3823} INFO - Setting next_dagrun for mbta_api_to_s3_to_snowflake to 2027-01-01 00:00:00+00:00, run_after=2028-01-01 00:00:00+00:00
[2026-04-10T00:23:36.774+0000] {processor.py:183} INFO - Processing /opt/airflow/dags/mbta_api_s3_snowflake.py took 0.273 seconds
[2026-04-10T00:24:06.992+0000] {processor.py:161} INFO - Started process (PID=16120) to work on /opt/airflow/dags/mbta_api_s3_snowflake.py
[2026-04-10T00:24:06.993+0000] {processor.py:830} INFO - Processing file /opt/airflow/dags/mbta_api_s3_snowflake.py for tasks to queue
[2026-04-10T00:24:06.994+0000] {logging_mixin.py:188} INFO - [2026-04-10T00:24:06.994+0000] {dagbag.py:538} INFO - Filling up the DagBag from /opt/airflow/dags/mbta_api_s3_snowflake.py
[2026-04-10T00:24:07.237+0000] {processor.py:840} INFO - DAG(s) 'mbta_api_to_s3_to_snowflake' retrieved from /opt/airflow/dags/mbta_api_s3_snowflake.py
[2026-04-10T00:24:07.248+0000] {logging_mixin.py:188} INFO - [2026-04-10T00:24:07.248+0000] {dag.py:3036} INFO - Sync 1 DAGs
[2026-04-10T00:24:07.256+0000] {logging_mixin.py:188} INFO - [2026-04-10T00:24:07.256+0000] {dag.py:3823} INFO - Setting next_dagrun for mbta_api_to_s3_to_snowflake to 2027-01-01 00:00:00+00:00, run_after=2028-01-01 00:00:00+00:00
[2026-04-10T00:24:07.265+0000] {processor.py:183} INFO - Processing /opt/airflow/dags/mbta_api_s3_snowflake.py took 0.274 seconds
[2026-04-10T00:24:37.441+0000] {processor.py:161} INFO - Started process (PID=16200) to work on /opt/airflow/dags/mbta_api_s3_snowflake.py
[2026-04-10T00:24:37.442+0000] {processor.py:830} INFO - Processing file /opt/airflow/dags/mbta_api_s3_snowflake.py for tasks to queue
[2026-04-10T00:24:37.442+0000] {logging_mixin.py:188} INFO - [2026-04-10T00:24:37.442+0000] {dagbag.py:538} INFO - Filling up the DagBag from /opt/airflow/dags/mbta_api_s3_snowflake.py
[2026-04-10T00:24:37.623+0000] {processor.py:840} INFO - DAG(s) 'mbta_api_to_s3_to_snowflake' retrieved from /opt/airflow/dags/mbta_api_s3_snowflake.py
[2026-04-10T00:24:37.632+0000] {logging_mixin.py:188} INFO - [2026-04-10T00:24:37.631+0000] {dag.py:3036} INFO - Sync 1 DAGs
[2026-04-10T00:24:37.640+0000] {logging_mixin.py:188} INFO - [2026-04-10T00:24:37.640+0000] {dag.py:3823} INFO - Setting next_dagrun for mbta_api_to_s3_to_snowflake to 2027-01-01 00:00:00+00:00, run_after=2028-01-01 00:00:00+00:00
[2026-04-10T00:24:37.647+0000] {processor.py:183} INFO - Processing /opt/airflow/dags/mbta_api_s3_snowflake.py took 0.207 seconds
[2026-04-10T00:25:08.425+0000] {processor.py:161} INFO - Started process (PID=16281) to work on /opt/airflow/dags/mbta_api_s3_snowflake.py
[2026-04-10T00:25:08.426+0000] {processor.py:830} INFO - Processing file /opt/airflow/dags/mbta_api_s3_snowflake.py for tasks to queue
[2026-04-10T00:25:08.426+0000] {logging_mixin.py:188} INFO - [2026-04-10T00:25:08.426+0000] {dagbag.py:538} INFO - Filling up the DagBag from /opt/airflow/dags/mbta_api_s3_snowflake.py
[2026-04-10T00:25:08.597+0000] {processor.py:840} INFO - DAG(s) 'mbta_api_to_s3_to_snowflake' retrieved from /opt/airflow/dags/mbta_api_s3_snowflake.py
[2026-04-10T00:25:08.605+0000] {logging_mixin.py:188} INFO - [2026-04-10T00:25:08.605+0000] {dag.py:3036} INFO - Sync 1 DAGs
[2026-04-10T00:25:08.613+0000] {logging_mixin.py:188} INFO - [2026-04-10T00:25:08.613+0000] {dag.py:3823} INFO - Setting next_dagrun for mbta_api_to_s3_to_snowflake to 2027-01-01 00:00:00+00:00, run_after=2028-01-01 00:00:00+00:00
[2026-04-10T00:25:08.621+0000] {processor.py:183} INFO - Processing /opt/airflow/dags/mbta_api_s3_snowflake.py took 0.197 seconds
[2026-04-10T00:25:39.426+0000] {processor.py:161} INFO - Started process (PID=16361) to work on /opt/airflow/dags/mbta_api_s3_snowflake.py
[2026-04-10T00:25:39.426+0000] {processor.py:830} INFO - Processing file /opt/airflow/dags/mbta_api_s3_snowflake.py for tasks to queue
[2026-04-10T00:25:39.427+0000] {logging_mixin.py:188} INFO - [2026-04-10T00:25:39.427+0000] {dagbag.py:538} INFO - Filling up the DagBag from /opt/airflow/dags/mbta_api_s3_snowflake.py
[2026-04-10T00:25:39.596+0000] {processor.py:840} INFO - DAG(s) 'mbta_api_to_s3_to_snowflake' retrieved from /opt/airflow/dags/mbta_api_s3_snowflake.py
[2026-04-10T00:25:39.604+0000] {logging_mixin.py:188} INFO - [2026-04-10T00:25:39.604+0000] {dag.py:3036} INFO - Sync 1 DAGs
[2026-04-10T00:25:39.613+0000] {logging_mixin.py:188} INFO - [2026-04-10T00:25:39.613+0000] {dag.py:3823} INFO - Setting next_dagrun for mbta_api_to_s3_to_snowflake to 2027-01-01 00:00:00+00:00, run_after=2028-01-01 00:00:00+00:00
[2026-04-10T00:25:39.622+0000] {processor.py:183} INFO - Processing /opt/airflow/dags/mbta_api_s3_snowflake.py took 0.197 seconds
[2026-04-10T00:26:10.550+0000] {processor.py:161} INFO - Started process (PID=16439) to work on /opt/airflow/dags/mbta_api_s3_snowflake.py
[2026-04-10T00:26:10.550+0000] {processor.py:830} INFO - Processing file /opt/airflow/dags/mbta_api_s3_snowflake.py for tasks to queue
[2026-04-10T00:26:10.551+0000] {logging_mixin.py:188} INFO - [2026-04-10T00:26:10.551+0000] {dagbag.py:538} INFO - Filling up the DagBag from /opt/airflow/dags/mbta_api_s3_snowflake.py
[2026-04-10T00:26:10.726+0000] {processor.py:840} INFO - DAG(s) 'mbta_api_to_s3_to_snowflake' retrieved from /opt/airflow/dags/mbta_api_s3_snowflake.py
[2026-04-10T00:26:10.735+0000] {logging_mixin.py:188} INFO - [2026-04-10T00:26:10.735+0000] {dag.py:3036} INFO - Sync 1 DAGs
[2026-04-10T00:26:10.744+0000] {logging_mixin.py:188} INFO - [2026-04-10T00:26:10.744+0000] {dag.py:3823} INFO - Setting next_dagrun for mbta_api_to_s3_to_snowflake to 2027-01-01 00:00:00+00:00, run_after=2028-01-01 00:00:00+00:00
[2026-04-10T00:26:10.753+0000] {processor.py:183} INFO - Processing /opt/airflow/dags/mbta_api_s3_snowflake.py took 0.205 seconds
[2026-04-10T00:26:41.604+0000] {processor.py:161} INFO - Started process (PID=16520) to work on /opt/airflow/dags/mbta_api_s3_snowflake.py
[2026-04-10T00:26:41.604+0000] {processor.py:830} INFO - Processing file /opt/airflow/dags/mbta_api_s3_snowflake.py for tasks to queue
[2026-04-10T00:26:41.605+0000] {logging_mixin.py:188} INFO - [2026-04-10T00:26:41.605+0000] {dagbag.py:538} INFO - Filling up the DagBag from /opt/airflow/dags/mbta_api_s3_snowflake.py
[2026-04-10T00:26:41.777+0000] {processor.py:840} INFO - DAG(s) 'mbta_api_to_s3_to_snowflake' retrieved from /opt/airflow/dags/mbta_api_s3_snowflake.py
[2026-04-10T00:26:41.786+0000] {logging_mixin.py:188} INFO - [2026-04-10T00:26:41.786+0000] {dag.py:3036} INFO - Sync 1 DAGs
[2026-04-10T00:26:41.795+0000] {logging_mixin.py:188} INFO - [2026-04-10T00:26:41.795+0000] {dag.py:3823} INFO - Setting next_dagrun for mbta_api_to_s3_to_snowflake to 2027-01-01 00:00:00+00:00, run_after=2028-01-01 00:00:00+00:00
[2026-04-10T00:26:41.805+0000] {processor.py:183} INFO - Processing /opt/airflow/dags/mbta_api_s3_snowflake.py took 0.203 seconds
[2026-04-10T00:27:12.496+0000] {processor.py:161} INFO - Started process (PID=16604) to work on /opt/airflow/dags/mbta_api_s3_snowflake.py
[2026-04-10T00:27:12.497+0000] {processor.py:830} INFO - Processing file /opt/airflow/dags/mbta_api_s3_snowflake.py for tasks to queue
[2026-04-10T00:27:12.498+0000] {logging_mixin.py:188} INFO - [2026-04-10T00:27:12.498+0000] {dagbag.py:538} INFO - Filling up the DagBag from /opt/airflow/dags/mbta_api_s3_snowflake.py
[2026-04-10T00:27:12.673+0000] {processor.py:840} INFO - DAG(s) 'mbta_api_to_s3_to_snowflake' retrieved from /opt/airflow/dags/mbta_api_s3_snowflake.py
[2026-04-10T00:27:12.683+0000] {logging_mixin.py:188} INFO - [2026-04-10T00:27:12.683+0000] {dag.py:3036} INFO - Sync 1 DAGs
[2026-04-10T00:27:12.768+0000] {logging_mixin.py:188} INFO - [2026-04-10T00:27:12.768+0000] {dag.py:3823} INFO - Setting next_dagrun for mbta_api_to_s3_to_snowflake to 2027-01-01 00:00:00+00:00, run_after=2028-01-01 00:00:00+00:00
[2026-04-10T00:27:12.774+0000] {processor.py:183} INFO - Processing /opt/airflow/dags/mbta_api_s3_snowflake.py took 0.279 seconds
[2026-04-10T00:27:43.979+0000] {processor.py:161} INFO - Started process (PID=16684) to work on /opt/airflow/dags/mbta_api_s3_snowflake.py
[2026-04-10T00:27:43.980+0000] {processor.py:830} INFO - Processing file /opt/airflow/dags/mbta_api_s3_snowflake.py for tasks to queue
[2026-04-10T00:27:43.981+0000] {logging_mixin.py:188} INFO - [2026-04-10T00:27:43.981+0000] {dagbag.py:538} INFO - Filling up the DagBag from /opt/airflow/dags/mbta_api_s3_snowflake.py
[2026-04-10T00:27:44.237+0000] {processor.py:840} INFO - DAG(s) 'mbta_api_to_s3_to_snowflake' retrieved from /opt/airflow/dags/mbta_api_s3_snowflake.py
[2026-04-10T00:27:44.246+0000] {logging_mixin.py:188} INFO - [2026-04-10T00:27:44.245+0000] {dag.py:3036} INFO - Sync 1 DAGs
[2026-04-10T00:27:44.253+0000] {logging_mixin.py:188} INFO - [2026-04-10T00:27:44.253+0000] {dag.py:3823} INFO - Setting next_dagrun for mbta_api_to_s3_to_snowflake to 2027-01-01 00:00:00+00:00, run_after=2028-01-01 00:00:00+00:00
[2026-04-10T00:27:44.261+0000] {processor.py:183} INFO - Processing /opt/airflow/dags/mbta_api_s3_snowflake.py took 0.283 seconds
[2026-04-10T00:28:14.594+0000] {processor.py:161} INFO - Started process (PID=16768) to work on /opt/airflow/dags/mbta_api_s3_snowflake.py
[2026-04-10T00:28:14.595+0000] {processor.py:830} INFO - Processing file /opt/airflow/dags/mbta_api_s3_snowflake.py for tasks to queue
[2026-04-10T00:28:14.596+0000] {logging_mixin.py:188} INFO - [2026-04-10T00:28:14.596+0000] {dagbag.py:538} INFO - Filling up the DagBag from /opt/airflow/dags/mbta_api_s3_snowflake.py
[2026-04-10T00:28:14.838+0000] {processor.py:840} INFO - DAG(s) 'mbta_api_to_s3_to_snowflake' retrieved from /opt/airflow/dags/mbta_api_s3_snowflake.py
[2026-04-10T00:28:14.847+0000] {logging_mixin.py:188} INFO - [2026-04-10T00:28:14.845+0000] {dag.py:3036} INFO - Sync 1 DAGs
[2026-04-10T00:28:14.857+0000] {logging_mixin.py:188} INFO - [2026-04-10T00:28:14.857+0000] {dag.py:3823} INFO - Setting next_dagrun for mbta_api_to_s3_to_snowflake to 2027-01-01 00:00:00+00:00, run_after=2028-01-01 00:00:00+00:00
[2026-04-10T00:28:14.865+0000] {processor.py:183} INFO - Processing /opt/airflow/dags/mbta_api_s3_snowflake.py took 0.272 seconds
[2026-04-10T00:28:44.973+0000] {processor.py:161} INFO - Started process (PID=16848) to work on /opt/airflow/dags/mbta_api_s3_snowflake.py
[2026-04-10T00:28:44.974+0000] {processor.py:830} INFO - Processing file /opt/airflow/dags/mbta_api_s3_snowflake.py for tasks to queue
[2026-04-10T00:28:44.975+0000] {logging_mixin.py:188} INFO - [2026-04-10T00:28:44.975+0000] {dagbag.py:538} INFO - Filling up the DagBag from /opt/airflow/dags/mbta_api_s3_snowflake.py
[2026-04-10T00:28:45.223+0000] {processor.py:840} INFO - DAG(s) 'mbta_api_to_s3_to_snowflake' retrieved from /opt/airflow/dags/mbta_api_s3_snowflake.py
[2026-04-10T00:28:45.231+0000] {logging_mixin.py:188} INFO - [2026-04-10T00:28:45.231+0000] {dag.py:3036} INFO - Sync 1 DAGs
[2026-04-10T00:28:45.239+0000] {logging_mixin.py:188} INFO - [2026-04-10T00:28:45.239+0000] {dag.py:3823} INFO - Setting next_dagrun for mbta_api_to_s3_to_snowflake to 2027-01-01 00:00:00+00:00, run_after=2028-01-01 00:00:00+00:00
[2026-04-10T00:28:45.244+0000] {processor.py:183} INFO - Processing /opt/airflow/dags/mbta_api_s3_snowflake.py took 0.273 seconds
[2026-04-10T00:29:16.470+0000] {processor.py:161} INFO - Started process (PID=16924) to work on /opt/airflow/dags/mbta_api_s3_snowflake.py
[2026-04-10T00:29:16.471+0000] {processor.py:830} INFO - Processing file /opt/airflow/dags/mbta_api_s3_snowflake.py for tasks to queue
[2026-04-10T00:29:16.471+0000] {logging_mixin.py:188} INFO - [2026-04-10T00:29:16.471+0000] {dagbag.py:538} INFO - Filling up the DagBag from /opt/airflow/dags/mbta_api_s3_snowflake.py
[2026-04-10T00:29:16.693+0000] {processor.py:840} INFO - DAG(s) 'mbta_api_to_s3_to_snowflake' retrieved from /opt/airflow/dags/mbta_api_s3_snowflake.py
[2026-04-10T00:29:16.699+0000] {logging_mixin.py:188} INFO - [2026-04-10T00:29:16.699+0000] {dag.py:3036} INFO - Sync 1 DAGs
[2026-04-10T00:29:16.705+0000] {logging_mixin.py:188} INFO - [2026-04-10T00:29:16.705+0000] {dag.py:3823} INFO - Setting next_dagrun for mbta_api_to_s3_to_snowflake to 2027-01-01 00:00:00+00:00, run_after=2028-01-01 00:00:00+00:00
[2026-04-10T00:29:16.711+0000] {processor.py:183} INFO - Processing /opt/airflow/dags/mbta_api_s3_snowflake.py took 0.242 seconds
[2026-04-10T00:29:46.797+0000] {processor.py:161} INFO - Started process (PID=17003) to work on /opt/airflow/dags/mbta_api_s3_snowflake.py
[2026-04-10T00:29:46.798+0000] {processor.py:830} INFO - Processing file /opt/airflow/dags/mbta_api_s3_snowflake.py for tasks to queue
[2026-04-10T00:29:46.798+0000] {logging_mixin.py:188} INFO - [2026-04-10T00:29:46.798+0000] {dagbag.py:538} INFO - Filling up the DagBag from /opt/airflow/dags/mbta_api_s3_snowflake.py
[2026-04-10T00:29:47.036+0000] {processor.py:840} INFO - DAG(s) 'mbta_api_to_s3_to_snowflake' retrieved from /opt/airflow/dags/mbta_api_s3_snowflake.py
[2026-04-10T00:29:47.043+0000] {logging_mixin.py:188} INFO - [2026-04-10T00:29:47.043+0000] {dag.py:3036} INFO - Sync 1 DAGs
[2026-04-10T00:29:47.051+0000] {logging_mixin.py:188} INFO - [2026-04-10T00:29:47.051+0000] {dag.py:3823} INFO - Setting next_dagrun for mbta_api_to_s3_to_snowflake to 2027-01-01 00:00:00+00:00, run_after=2028-01-01 00:00:00+00:00
[2026-04-10T00:29:47.056+0000] {processor.py:183} INFO - Processing /opt/airflow/dags/mbta_api_s3_snowflake.py took 0.260 seconds
[2026-04-10T00:30:17.314+0000] {processor.py:161} INFO - Started process (PID=17083) to work on /opt/airflow/dags/mbta_api_s3_snowflake.py
[2026-04-10T00:30:17.315+0000] {processor.py:830} INFO - Processing file /opt/airflow/dags/mbta_api_s3_snowflake.py for tasks to queue
[2026-04-10T00:30:17.316+0000] {logging_mixin.py:188} INFO - [2026-04-10T00:30:17.316+0000] {dagbag.py:538} INFO - Filling up the DagBag from /opt/airflow/dags/mbta_api_s3_snowflake.py
[2026-04-10T00:30:17.578+0000] {processor.py:840} INFO - DAG(s) 'mbta_api_to_s3_to_snowflake' retrieved from /opt/airflow/dags/mbta_api_s3_snowflake.py
[2026-04-10T00:30:17.587+0000] {logging_mixin.py:188} INFO - [2026-04-10T00:30:17.587+0000] {dag.py:3036} INFO - Sync 1 DAGs
[2026-04-10T00:30:17.595+0000] {logging_mixin.py:188} INFO - [2026-04-10T00:30:17.595+0000] {dag.py:3823} INFO - Setting next_dagrun for mbta_api_to_s3_to_snowflake to 2027-01-01 00:00:00+00:00, run_after=2028-01-01 00:00:00+00:00
[2026-04-10T00:30:17.608+0000] {processor.py:183} INFO - Processing /opt/airflow/dags/mbta_api_s3_snowflake.py took 0.295 seconds
[2026-04-10T00:30:48.284+0000] {processor.py:161} INFO - Started process (PID=17163) to work on /opt/airflow/dags/mbta_api_s3_snowflake.py
[2026-04-10T00:30:48.284+0000] {processor.py:830} INFO - Processing file /opt/airflow/dags/mbta_api_s3_snowflake.py for tasks to queue
[2026-04-10T00:30:48.285+0000] {logging_mixin.py:188} INFO - [2026-04-10T00:30:48.285+0000] {dagbag.py:538} INFO - Filling up the DagBag from /opt/airflow/dags/mbta_api_s3_snowflake.py
[2026-04-10T00:30:48.558+0000] {processor.py:840} INFO - DAG(s) 'mbta_api_to_s3_to_snowflake' retrieved from /opt/airflow/dags/mbta_api_s3_snowflake.py
[2026-04-10T00:30:48.565+0000] {logging_mixin.py:188} INFO - [2026-04-10T00:30:48.565+0000] {dag.py:3036} INFO - Sync 1 DAGs
[2026-04-10T00:30:48.574+0000] {logging_mixin.py:188} INFO - [2026-04-10T00:30:48.574+0000] {dag.py:3823} INFO - Setting next_dagrun for mbta_api_to_s3_to_snowflake to 2027-01-01 00:00:00+00:00, run_after=2028-01-01 00:00:00+00:00
[2026-04-10T00:30:48.587+0000] {processor.py:183} INFO - Processing /opt/airflow/dags/mbta_api_s3_snowflake.py took 0.306 seconds
[2026-04-10T00:31:19.201+0000] {processor.py:161} INFO - Started process (PID=17243) to work on /opt/airflow/dags/mbta_api_s3_snowflake.py
[2026-04-10T00:31:19.202+0000] {processor.py:830} INFO - Processing file /opt/airflow/dags/mbta_api_s3_snowflake.py for tasks to queue
[2026-04-10T00:31:19.203+0000] {logging_mixin.py:188} INFO - [2026-04-10T00:31:19.203+0000] {dagbag.py:538} INFO - Filling up the DagBag from /opt/airflow/dags/mbta_api_s3_snowflake.py
[2026-04-10T00:31:19.471+0000] {processor.py:840} INFO - DAG(s) 'mbta_api_to_s3_to_snowflake' retrieved from /opt/airflow/dags/mbta_api_s3_snowflake.py
[2026-04-10T00:31:19.480+0000] {logging_mixin.py:188} INFO - [2026-04-10T00:31:19.480+0000] {dag.py:3036} INFO - Sync 1 DAGs
[2026-04-10T00:31:19.494+0000] {logging_mixin.py:188} INFO - [2026-04-10T00:31:19.494+0000] {dag.py:3823} INFO - Setting next_dagrun for mbta_api_to_s3_to_snowflake to 2027-01-01 00:00:00+00:00, run_after=2028-01-01 00:00:00+00:00
[2026-04-10T00:31:19.504+0000] {processor.py:183} INFO - Processing /opt/airflow/dags/mbta_api_s3_snowflake.py took 0.304 seconds
[2026-04-10T00:31:50.409+0000] {processor.py:161} INFO - Started process (PID=17323) to work on /opt/airflow/dags/mbta_api_s3_snowflake.py
[2026-04-10T00:31:50.410+0000] {processor.py:830} INFO - Processing file /opt/airflow/dags/mbta_api_s3_snowflake.py for tasks to queue
[2026-04-10T00:31:50.411+0000] {logging_mixin.py:188} INFO - [2026-04-10T00:31:50.411+0000] {dagbag.py:538} INFO - Filling up the DagBag from /opt/airflow/dags/mbta_api_s3_snowflake.py
[2026-04-10T00:31:50.623+0000] {processor.py:840} INFO - DAG(s) 'mbta_api_to_s3_to_snowflake' retrieved from /opt/airflow/dags/mbta_api_s3_snowflake.py
[2026-04-10T00:31:50.635+0000] {logging_mixin.py:188} INFO - [2026-04-10T00:31:50.635+0000] {dag.py:3036} INFO - Sync 1 DAGs
[2026-04-10T00:31:50.645+0000] {logging_mixin.py:188} INFO - [2026-04-10T00:31:50.645+0000] {dag.py:3823} INFO - Setting next_dagrun for mbta_api_to_s3_to_snowflake to 2027-01-01 00:00:00+00:00, run_after=2028-01-01 00:00:00+00:00
[2026-04-10T00:31:50.657+0000] {processor.py:183} INFO - Processing /opt/airflow/dags/mbta_api_s3_snowflake.py took 0.249 seconds
[2026-04-10T00:32:20.819+0000] {processor.py:161} INFO - Started process (PID=17403) to work on /opt/airflow/dags/mbta_api_s3_snowflake.py
[2026-04-10T00:32:20.819+0000] {processor.py:830} INFO - Processing file /opt/airflow/dags/mbta_api_s3_snowflake.py for tasks to queue
[2026-04-10T00:32:20.820+0000] {logging_mixin.py:188} INFO - [2026-04-10T00:32:20.820+0000] {dagbag.py:538} INFO - Filling up the DagBag from /opt/airflow/dags/mbta_api_s3_snowflake.py
[2026-04-10T00:32:21.009+0000] {processor.py:840} INFO - DAG(s) 'mbta_api_to_s3_to_snowflake' retrieved from /opt/airflow/dags/mbta_api_s3_snowflake.py
[2026-04-10T00:32:21.018+0000] {logging_mixin.py:188} INFO - [2026-04-10T00:32:21.018+0000] {dag.py:3036} INFO - Sync 1 DAGs
[2026-04-10T00:32:21.029+0000] {logging_mixin.py:188} INFO - [2026-04-10T00:32:21.029+0000] {dag.py:3823} INFO - Setting next_dagrun for mbta_api_to_s3_to_snowflake to 2027-01-01 00:00:00+00:00, run_after=2028-01-01 00:00:00+00:00
[2026-04-10T00:32:21.040+0000] {processor.py:183} INFO - Processing /opt/airflow/dags/mbta_api_s3_snowflake.py took 0.223 seconds
[2026-04-10T00:32:51.078+0000] {processor.py:161} INFO - Started process (PID=17483) to work on /opt/airflow/dags/mbta_api_s3_snowflake.py
[2026-04-10T00:32:51.079+0000] {processor.py:830} INFO - Processing file /opt/airflow/dags/mbta_api_s3_snowflake.py for tasks to queue
[2026-04-10T00:32:51.080+0000] {logging_mixin.py:188} INFO - [2026-04-10T00:32:51.080+0000] {dagbag.py:538} INFO - Filling up the DagBag from /opt/airflow/dags/mbta_api_s3_snowflake.py
[2026-04-10T00:32:51.258+0000] {processor.py:840} INFO - DAG(s) 'mbta_api_to_s3_to_snowflake' retrieved from /opt/airflow/dags/mbta_api_s3_snowflake.py
[2026-04-10T00:32:51.271+0000] {logging_mixin.py:188} INFO - [2026-04-10T00:32:51.271+0000] {dag.py:3036} INFO - Sync 1 DAGs
[2026-04-10T00:32:51.280+0000] {logging_mixin.py:188} INFO - [2026-04-10T00:32:51.280+0000] {dag.py:3823} INFO - Setting next_dagrun for mbta_api_to_s3_to_snowflake to 2027-01-01 00:00:00+00:00, run_after=2028-01-01 00:00:00+00:00
[2026-04-10T00:32:51.286+0000] {processor.py:183} INFO - Processing /opt/airflow/dags/mbta_api_s3_snowflake.py took 0.210 seconds
[2026-04-10T00:33:22.094+0000] {processor.py:161} INFO - Started process (PID=17563) to work on /opt/airflow/dags/mbta_api_s3_snowflake.py
[2026-04-10T00:33:22.095+0000] {processor.py:830} INFO - Processing file /opt/airflow/dags/mbta_api_s3_snowflake.py for tasks to queue
[2026-04-10T00:33:22.096+0000] {logging_mixin.py:188} INFO - [2026-04-10T00:33:22.096+0000] {dagbag.py:538} INFO - Filling up the DagBag from /opt/airflow/dags/mbta_api_s3_snowflake.py
[2026-04-10T00:33:22.268+0000] {processor.py:840} INFO - DAG(s) 'mbta_api_to_s3_to_snowflake' retrieved from /opt/airflow/dags/mbta_api_s3_snowflake.py
[2026-04-10T00:33:22.278+0000] {logging_mixin.py:188} INFO - [2026-04-10T00:33:22.278+0000] {dag.py:3036} INFO - Sync 1 DAGs
[2026-04-10T00:33:22.287+0000] {logging_mixin.py:188} INFO - [2026-04-10T00:33:22.287+0000] {dag.py:3823} INFO - Setting next_dagrun for mbta_api_to_s3_to_snowflake to 2027-01-01 00:00:00+00:00, run_after=2028-01-01 00:00:00+00:00
[2026-04-10T00:33:22.302+0000] {processor.py:183} INFO - Processing /opt/airflow/dags/mbta_api_s3_snowflake.py took 0.209 seconds
[2026-04-10T00:33:53.109+0000] {processor.py:161} INFO - Started process (PID=17643) to work on /opt/airflow/dags/mbta_api_s3_snowflake.py
[2026-04-10T00:33:53.110+0000] {processor.py:830} INFO - Processing file /opt/airflow/dags/mbta_api_s3_snowflake.py for tasks to queue
[2026-04-10T00:33:53.111+0000] {logging_mixin.py:188} INFO - [2026-04-10T00:33:53.111+0000] {dagbag.py:538} INFO - Filling up the DagBag from /opt/airflow/dags/mbta_api_s3_snowflake.py
[2026-04-10T00:33:53.287+0000] {processor.py:840} INFO - DAG(s) 'mbta_api_to_s3_to_snowflake' retrieved from /opt/airflow/dags/mbta_api_s3_snowflake.py
[2026-04-10T00:33:53.297+0000] {logging_mixin.py:188} INFO - [2026-04-10T00:33:53.297+0000] {dag.py:3036} INFO - Sync 1 DAGs
[2026-04-10T00:33:53.306+0000] {logging_mixin.py:188} INFO - [2026-04-10T00:33:53.306+0000] {dag.py:3823} INFO - Setting next_dagrun for mbta_api_to_s3_to_snowflake to 2027-01-01 00:00:00+00:00, run_after=2028-01-01 00:00:00+00:00
[2026-04-10T00:33:53.314+0000] {processor.py:183} INFO - Processing /opt/airflow/dags/mbta_api_s3_snowflake.py took 0.206 seconds
[2026-04-10T00:34:24.222+0000] {processor.py:161} INFO - Started process (PID=17724) to work on /opt/airflow/dags/mbta_api_s3_snowflake.py
[2026-04-10T00:34:24.223+0000] {processor.py:830} INFO - Processing file /opt/airflow/dags/mbta_api_s3_snowflake.py for tasks to queue
[2026-04-10T00:34:24.224+0000] {logging_mixin.py:188} INFO - [2026-04-10T00:34:24.223+0000] {dagbag.py:538} INFO - Filling up the DagBag from /opt/airflow/dags/mbta_api_s3_snowflake.py
[2026-04-10T00:34:24.395+0000] {processor.py:840} INFO - DAG(s) 'mbta_api_to_s3_to_snowflake' retrieved from /opt/airflow/dags/mbta_api_s3_snowflake.py
[2026-04-10T00:34:24.405+0000] {logging_mixin.py:188} INFO - [2026-04-10T00:34:24.405+0000] {dag.py:3036} INFO - Sync 1 DAGs
[2026-04-10T00:34:24.413+0000] {logging_mixin.py:188} INFO - [2026-04-10T00:34:24.413+0000] {dag.py:3823} INFO - Setting next_dagrun for mbta_api_to_s3_to_snowflake to 2027-01-01 00:00:00+00:00, run_after=2028-01-01 00:00:00+00:00
[2026-04-10T00:34:24.419+0000] {processor.py:183} INFO - Processing /opt/airflow/dags/mbta_api_s3_snowflake.py took 0.197 seconds
[2026-04-10T00:34:54.558+0000] {processor.py:161} INFO - Started process (PID=17804) to work on /opt/airflow/dags/mbta_api_s3_snowflake.py
[2026-04-10T00:34:54.559+0000] {processor.py:830} INFO - Processing file /opt/airflow/dags/mbta_api_s3_snowflake.py for tasks to queue
[2026-04-10T00:34:54.561+0000] {logging_mixin.py:188} INFO - [2026-04-10T00:34:54.560+0000] {dagbag.py:538} INFO - Filling up the DagBag from /opt/airflow/dags/mbta_api_s3_snowflake.py
[2026-04-10T00:34:54.780+0000] {processor.py:840} INFO - DAG(s) 'mbta_api_to_s3_to_snowflake' retrieved from /opt/airflow/dags/mbta_api_s3_snowflake.py
[2026-04-10T00:34:54.791+0000] {logging_mixin.py:188} INFO - [2026-04-10T00:34:54.791+0000] {dag.py:3036} INFO - Sync 1 DAGs
[2026-04-10T00:34:54.875+0000] {logging_mixin.py:188} INFO - [2026-04-10T00:34:54.875+0000] {dag.py:3823} INFO - Setting next_dagrun for mbta_api_to_s3_to_snowflake to 2027-01-01 00:00:00+00:00, run_after=2028-01-01 00:00:00+00:00
[2026-04-10T00:34:54.882+0000] {processor.py:183} INFO - Processing /opt/airflow/dags/mbta_api_s3_snowflake.py took 0.325 seconds
[2026-04-10T00:35:25.871+0000] {processor.py:161} INFO - Started process (PID=17884) to work on /opt/airflow/dags/mbta_api_s3_snowflake.py
[2026-04-10T00:35:25.871+0000] {processor.py:830} INFO - Processing file /opt/airflow/dags/mbta_api_s3_snowflake.py for tasks to queue
[2026-04-10T00:35:25.872+0000] {logging_mixin.py:188} INFO - [2026-04-10T00:35:25.872+0000] {dagbag.py:538} INFO - Filling up the DagBag from /opt/airflow/dags/mbta_api_s3_snowflake.py
[2026-04-10T00:35:26.119+0000] {processor.py:840} INFO - DAG(s) 'mbta_api_to_s3_to_snowflake' retrieved from /opt/airflow/dags/mbta_api_s3_snowflake.py
[2026-04-10T00:35:26.127+0000] {logging_mixin.py:188} INFO - [2026-04-10T00:35:26.127+0000] {dag.py:3036} INFO - Sync 1 DAGs
[2026-04-10T00:35:26.137+0000] {logging_mixin.py:188} INFO - [2026-04-10T00:35:26.137+0000] {dag.py:3823} INFO - Setting next_dagrun for mbta_api_to_s3_to_snowflake to 2027-01-01 00:00:00+00:00, run_after=2028-01-01 00:00:00+00:00
[2026-04-10T00:35:26.150+0000] {processor.py:183} INFO - Processing /opt/airflow/dags/mbta_api_s3_snowflake.py took 0.281 seconds
[2026-04-10T00:35:57.336+0000] {processor.py:161} INFO - Started process (PID=17963) to work on /opt/airflow/dags/mbta_api_s3_snowflake.py
[2026-04-10T00:35:57.338+0000] {processor.py:830} INFO - Processing file /opt/airflow/dags/mbta_api_s3_snowflake.py for tasks to queue
[2026-04-10T00:35:57.339+0000] {logging_mixin.py:188} INFO - [2026-04-10T00:35:57.339+0000] {dagbag.py:538} INFO - Filling up the DagBag from /opt/airflow/dags/mbta_api_s3_snowflake.py
[2026-04-10T00:35:57.581+0000] {processor.py:840} INFO - DAG(s) 'mbta_api_to_s3_to_snowflake' retrieved from /opt/airflow/dags/mbta_api_s3_snowflake.py
[2026-04-10T00:35:57.591+0000] {logging_mixin.py:188} INFO - [2026-04-10T00:35:57.591+0000] {dag.py:3036} INFO - Sync 1 DAGs
[2026-04-10T00:35:57.601+0000] {logging_mixin.py:188} INFO - [2026-04-10T00:35:57.601+0000] {dag.py:3823} INFO - Setting next_dagrun for mbta_api_to_s3_to_snowflake to 2027-01-01 00:00:00+00:00, run_after=2028-01-01 00:00:00+00:00
[2026-04-10T00:35:57.609+0000] {processor.py:183} INFO - Processing /opt/airflow/dags/mbta_api_s3_snowflake.py took 0.274 seconds
[2026-04-10T00:36:27.850+0000] {processor.py:161} INFO - Started process (PID=18043) to work on /opt/airflow/dags/mbta_api_s3_snowflake.py
[2026-04-10T00:36:27.851+0000] {processor.py:830} INFO - Processing file /opt/airflow/dags/mbta_api_s3_snowflake.py for tasks to queue
[2026-04-10T00:36:27.852+0000] {logging_mixin.py:188} INFO - [2026-04-10T00:36:27.852+0000] {dagbag.py:538} INFO - Filling up the DagBag from /opt/airflow/dags/mbta_api_s3_snowflake.py
[2026-04-10T00:36:28.095+0000] {processor.py:840} INFO - DAG(s) 'mbta_api_to_s3_to_snowflake' retrieved from /opt/airflow/dags/mbta_api_s3_snowflake.py
[2026-04-10T00:36:28.104+0000] {logging_mixin.py:188} INFO - [2026-04-10T00:36:28.104+0000] {dag.py:3036} INFO - Sync 1 DAGs
[2026-04-10T00:36:28.112+0000] {logging_mixin.py:188} INFO - [2026-04-10T00:36:28.112+0000] {dag.py:3823} INFO - Setting next_dagrun for mbta_api_to_s3_to_snowflake to 2027-01-01 00:00:00+00:00, run_after=2028-01-01 00:00:00+00:00
[2026-04-10T00:36:28.121+0000] {processor.py:183} INFO - Processing /opt/airflow/dags/mbta_api_s3_snowflake.py took 0.272 seconds
[2026-04-10T00:36:58.593+0000] {processor.py:161} INFO - Started process (PID=18123) to work on /opt/airflow/dags/mbta_api_s3_snowflake.py
[2026-04-10T00:36:58.594+0000] {processor.py:830} INFO - Processing file /opt/airflow/dags/mbta_api_s3_snowflake.py for tasks to queue
[2026-04-10T00:36:58.595+0000] {logging_mixin.py:188} INFO - [2026-04-10T00:36:58.595+0000] {dagbag.py:538} INFO - Filling up the DagBag from /opt/airflow/dags/mbta_api_s3_snowflake.py
[2026-04-10T00:36:58.849+0000] {processor.py:840} INFO - DAG(s) 'mbta_api_to_s3_to_snowflake' retrieved from /opt/airflow/dags/mbta_api_s3_snowflake.py
[2026-04-10T00:36:58.858+0000] {logging_mixin.py:188} INFO - [2026-04-10T00:36:58.857+0000] {dag.py:3036} INFO - Sync 1 DAGs
[2026-04-10T00:36:58.868+0000] {logging_mixin.py:188} INFO - [2026-04-10T00:36:58.868+0000] {dag.py:3823} INFO - Setting next_dagrun for mbta_api_to_s3_to_snowflake to 2027-01-01 00:00:00+00:00, run_after=2028-01-01 00:00:00+00:00
[2026-04-10T00:36:58.881+0000] {processor.py:183} INFO - Processing /opt/airflow/dags/mbta_api_s3_snowflake.py took 0.289 seconds
[2026-04-10T00:37:29.248+0000] {processor.py:161} INFO - Started process (PID=18204) to work on /opt/airflow/dags/mbta_api_s3_snowflake.py
[2026-04-10T00:37:29.249+0000] {processor.py:830} INFO - Processing file /opt/airflow/dags/mbta_api_s3_snowflake.py for tasks to queue
[2026-04-10T00:37:29.250+0000] {logging_mixin.py:188} INFO - [2026-04-10T00:37:29.249+0000] {dagbag.py:538} INFO - Filling up the DagBag from /opt/airflow/dags/mbta_api_s3_snowflake.py
[2026-04-10T00:37:29.506+0000] {processor.py:840} INFO - DAG(s) 'mbta_api_to_s3_to_snowflake' retrieved from /opt/airflow/dags/mbta_api_s3_snowflake.py
[2026-04-10T00:37:29.514+0000] {logging_mixin.py:188} INFO - [2026-04-10T00:37:29.513+0000] {dag.py:3036} INFO - Sync 1 DAGs
[2026-04-10T00:37:29.521+0000] {logging_mixin.py:188} INFO - [2026-04-10T00:37:29.521+0000] {dag.py:3823} INFO - Setting next_dagrun for mbta_api_to_s3_to_snowflake to 2027-01-01 00:00:00+00:00, run_after=2028-01-01 00:00:00+00:00
[2026-04-10T00:37:29.527+0000] {processor.py:183} INFO - Processing /opt/airflow/dags/mbta_api_s3_snowflake.py took 0.281 seconds
[2026-04-10T00:38:00.172+0000] {processor.py:161} INFO - Started process (PID=18284) to work on /opt/airflow/dags/mbta_api_s3_snowflake.py
[2026-04-10T00:38:00.172+0000] {processor.py:830} INFO - Processing file /opt/airflow/dags/mbta_api_s3_snowflake.py for tasks to queue
[2026-04-10T00:38:00.173+0000] {logging_mixin.py:188} INFO - [2026-04-10T00:38:00.173+0000] {dagbag.py:538} INFO - Filling up the DagBag from /opt/airflow/dags/mbta_api_s3_snowflake.py
[2026-04-10T00:38:00.424+0000] {processor.py:840} INFO - DAG(s) 'mbta_api_to_s3_to_snowflake' retrieved from /opt/airflow/dags/mbta_api_s3_snowflake.py
[2026-04-10T00:38:00.431+0000] {logging_mixin.py:188} INFO - [2026-04-10T00:38:00.431+0000] {dag.py:3036} INFO - Sync 1 DAGs
[2026-04-10T00:38:00.439+0000] {logging_mixin.py:188} INFO - [2026-04-10T00:38:00.439+0000] {dag.py:3823} INFO - Setting next_dagrun for mbta_api_to_s3_to_snowflake to 2027-01-01 00:00:00+00:00, run_after=2028-01-01 00:00:00+00:00
[2026-04-10T00:38:00.445+0000] {processor.py:183} INFO - Processing /opt/airflow/dags/mbta_api_s3_snowflake.py took 0.274 seconds
[2026-04-10T00:38:30.979+0000] {processor.py:161} INFO - Started process (PID=18364) to work on /opt/airflow/dags/mbta_api_s3_snowflake.py
[2026-04-10T00:38:30.980+0000] {processor.py:830} INFO - Processing file /opt/airflow/dags/mbta_api_s3_snowflake.py for tasks to queue
[2026-04-10T00:38:30.980+0000] {logging_mixin.py:188} INFO - [2026-04-10T00:38:30.980+0000] {dagbag.py:538} INFO - Filling up the DagBag from /opt/airflow/dags/mbta_api_s3_snowflake.py
[2026-04-10T00:38:31.209+0000] {processor.py:840} INFO - DAG(s) 'mbta_api_to_s3_to_snowflake' retrieved from /opt/airflow/dags/mbta_api_s3_snowflake.py
[2026-04-10T00:38:31.216+0000] {logging_mixin.py:188} INFO - [2026-04-10T00:38:31.216+0000] {dag.py:3036} INFO - Sync 1 DAGs
[2026-04-10T00:38:31.222+0000] {logging_mixin.py:188} INFO - [2026-04-10T00:38:31.222+0000] {dag.py:3823} INFO - Setting next_dagrun for mbta_api_to_s3_to_snowflake to 2027-01-01 00:00:00+00:00, run_after=2028-01-01 00:00:00+00:00
[2026-04-10T00:38:31.227+0000] {processor.py:183} INFO - Processing /opt/airflow/dags/mbta_api_s3_snowflake.py took 0.249 seconds
[2026-04-10T00:39:01.758+0000] {processor.py:161} INFO - Started process (PID=18444) to work on /opt/airflow/dags/mbta_api_s3_snowflake.py
[2026-04-10T00:39:01.758+0000] {processor.py:830} INFO - Processing file /opt/airflow/dags/mbta_api_s3_snowflake.py for tasks to queue
[2026-04-10T00:39:01.759+0000] {logging_mixin.py:188} INFO - [2026-04-10T00:39:01.759+0000] {dagbag.py:538} INFO - Filling up the DagBag from /opt/airflow/dags/mbta_api_s3_snowflake.py
[2026-04-10T00:39:02.011+0000] {processor.py:840} INFO - DAG(s) 'mbta_api_to_s3_to_snowflake' retrieved from /opt/airflow/dags/mbta_api_s3_snowflake.py
[2026-04-10T00:39:02.019+0000] {logging_mixin.py:188} INFO - [2026-04-10T00:39:02.018+0000] {dag.py:3036} INFO - Sync 1 DAGs
[2026-04-10T00:39:02.031+0000] {logging_mixin.py:188} INFO - [2026-04-10T00:39:02.031+0000] {dag.py:3823} INFO - Setting next_dagrun for mbta_api_to_s3_to_snowflake to 2027-01-01 00:00:00+00:00, run_after=2028-01-01 00:00:00+00:00
[2026-04-10T00:39:02.040+0000] {processor.py:183} INFO - Processing /opt/airflow/dags/mbta_api_s3_snowflake.py took 0.285 seconds
[2026-04-10T00:39:32.374+0000] {processor.py:161} INFO - Started process (PID=18524) to work on /opt/airflow/dags/mbta_api_s3_snowflake.py
[2026-04-10T00:39:32.374+0000] {processor.py:830} INFO - Processing file /opt/airflow/dags/mbta_api_s3_snowflake.py for tasks to queue
[2026-04-10T00:39:32.375+0000] {logging_mixin.py:188} INFO - [2026-04-10T00:39:32.375+0000] {dagbag.py:538} INFO - Filling up the DagBag from /opt/airflow/dags/mbta_api_s3_snowflake.py
[2026-04-10T00:39:32.612+0000] {processor.py:840} INFO - DAG(s) 'mbta_api_to_s3_to_snowflake' retrieved from /opt/airflow/dags/mbta_api_s3_snowflake.py
[2026-04-10T00:39:32.620+0000] {logging_mixin.py:188} INFO - [2026-04-10T00:39:32.620+0000] {dag.py:3036} INFO - Sync 1 DAGs
[2026-04-10T00:39:32.629+0000] {logging_mixin.py:188} INFO - [2026-04-10T00:39:32.629+0000] {dag.py:3823} INFO - Setting next_dagrun for mbta_api_to_s3_to_snowflake to 2027-01-01 00:00:00+00:00, run_after=2028-01-01 00:00:00+00:00
[2026-04-10T00:39:32.635+0000] {processor.py:183} INFO - Processing /opt/airflow/dags/mbta_api_s3_snowflake.py took 0.262 seconds
[2026-04-10T00:40:02.754+0000] {processor.py:161} INFO - Started process (PID=18604) to work on /opt/airflow/dags/mbta_api_s3_snowflake.py
[2026-04-10T00:40:02.755+0000] {processor.py:830} INFO - Processing file /opt/airflow/dags/mbta_api_s3_snowflake.py for tasks to queue
[2026-04-10T00:40:02.756+0000] {logging_mixin.py:188} INFO - [2026-04-10T00:40:02.755+0000] {dagbag.py:538} INFO - Filling up the DagBag from /opt/airflow/dags/mbta_api_s3_snowflake.py
[2026-04-10T00:40:02.918+0000] {processor.py:840} INFO - DAG(s) 'mbta_api_to_s3_to_snowflake' retrieved from /opt/airflow/dags/mbta_api_s3_snowflake.py
[2026-04-10T00:40:02.926+0000] {logging_mixin.py:188} INFO - [2026-04-10T00:40:02.926+0000] {dag.py:3036} INFO - Sync 1 DAGs
[2026-04-10T00:40:02.933+0000] {logging_mixin.py:188} INFO - [2026-04-10T00:40:02.933+0000] {dag.py:3823} INFO - Setting next_dagrun for mbta_api_to_s3_to_snowflake to 2027-01-01 00:00:00+00:00, run_after=2028-01-01 00:00:00+00:00
[2026-04-10T00:40:02.939+0000] {processor.py:183} INFO - Processing /opt/airflow/dags/mbta_api_s3_snowflake.py took 0.186 seconds
[2026-04-10T00:40:33.104+0000] {processor.py:161} INFO - Started process (PID=18684) to work on /opt/airflow/dags/mbta_api_s3_snowflake.py
[2026-04-10T00:40:33.105+0000] {processor.py:830} INFO - Processing file /opt/airflow/dags/mbta_api_s3_snowflake.py for tasks to queue
[2026-04-10T00:40:33.106+0000] {logging_mixin.py:188} INFO - [2026-04-10T00:40:33.105+0000] {dagbag.py:538} INFO - Filling up the DagBag from /opt/airflow/dags/mbta_api_s3_snowflake.py
[2026-04-10T00:40:33.277+0000] {processor.py:840} INFO - DAG(s) 'mbta_api_to_s3_to_snowflake' retrieved from /opt/airflow/dags/mbta_api_s3_snowflake.py
[2026-04-10T00:40:33.284+0000] {logging_mixin.py:188} INFO - [2026-04-10T00:40:33.284+0000] {dag.py:3036} INFO - Sync 1 DAGs
[2026-04-10T00:40:33.292+0000] {logging_mixin.py:188} INFO - [2026-04-10T00:40:33.292+0000] {dag.py:3823} INFO - Setting next_dagrun for mbta_api_to_s3_to_snowflake to 2027-01-01 00:00:00+00:00, run_after=2028-01-01 00:00:00+00:00
[2026-04-10T00:40:33.297+0000] {processor.py:183} INFO - Processing /opt/airflow/dags/mbta_api_s3_snowflake.py took 0.195 seconds
[2026-04-10T00:41:03.544+0000] {processor.py:161} INFO - Started process (PID=18764) to work on /opt/airflow/dags/mbta_api_s3_snowflake.py
[2026-04-10T00:41:03.545+0000] {processor.py:830} INFO - Processing file /opt/airflow/dags/mbta_api_s3_snowflake.py for tasks to queue
[2026-04-10T00:41:03.545+0000] {logging_mixin.py:188} INFO - [2026-04-10T00:41:03.545+0000] {dagbag.py:538} INFO - Filling up the DagBag from /opt/airflow/dags/mbta_api_s3_snowflake.py
[2026-04-10T00:41:03.715+0000] {processor.py:840} INFO - DAG(s) 'mbta_api_to_s3_to_snowflake' retrieved from /opt/airflow/dags/mbta_api_s3_snowflake.py
[2026-04-10T00:41:03.728+0000] {logging_mixin.py:188} INFO - [2026-04-10T00:41:03.728+0000] {dag.py:3036} INFO - Sync 1 DAGs
[2026-04-10T00:41:03.740+0000] {logging_mixin.py:188} INFO - [2026-04-10T00:41:03.740+0000] {dag.py:3823} INFO - Setting next_dagrun for mbta_api_to_s3_to_snowflake to 2027-01-01 00:00:00+00:00, run_after=2028-01-01 00:00:00+00:00
[2026-04-10T00:41:03.748+0000] {processor.py:183} INFO - Processing /opt/airflow/dags/mbta_api_s3_snowflake.py took 0.205 seconds
[2026-04-10T00:41:33.968+0000] {processor.py:161} INFO - Started process (PID=18844) to work on /opt/airflow/dags/mbta_api_s3_snowflake.py
[2026-04-10T00:41:33.968+0000] {processor.py:830} INFO - Processing file /opt/airflow/dags/mbta_api_s3_snowflake.py for tasks to queue
[2026-04-10T00:41:33.969+0000] {logging_mixin.py:188} INFO - [2026-04-10T00:41:33.969+0000] {dagbag.py:538} INFO - Filling up the DagBag from /opt/airflow/dags/mbta_api_s3_snowflake.py
[2026-04-10T00:41:34.141+0000] {processor.py:840} INFO - DAG(s) 'mbta_api_to_s3_to_snowflake' retrieved from /opt/airflow/dags/mbta_api_s3_snowflake.py
[2026-04-10T00:41:34.150+0000] {logging_mixin.py:188} INFO - [2026-04-10T00:41:34.150+0000] {dag.py:3036} INFO - Sync 1 DAGs
[2026-04-10T00:41:34.158+0000] {logging_mixin.py:188} INFO - [2026-04-10T00:41:34.158+0000] {dag.py:3823} INFO - Setting next_dagrun for mbta_api_to_s3_to_snowflake to 2027-01-01 00:00:00+00:00, run_after=2028-01-01 00:00:00+00:00
[2026-04-10T00:41:34.164+0000] {processor.py:183} INFO - Processing /opt/airflow/dags/mbta_api_s3_snowflake.py took 0.198 seconds
[2026-04-10T00:42:04.439+0000] {processor.py:161} INFO - Started process (PID=18924) to work on /opt/airflow/dags/mbta_api_s3_snowflake.py
[2026-04-10T00:42:04.439+0000] {processor.py:830} INFO - Processing file /opt/airflow/dags/mbta_api_s3_snowflake.py for tasks to queue
[2026-04-10T00:42:04.441+0000] {logging_mixin.py:188} INFO - [2026-04-10T00:42:04.441+0000] {dagbag.py:538} INFO - Filling up the DagBag from /opt/airflow/dags/mbta_api_s3_snowflake.py
[2026-04-10T00:42:04.600+0000] {processor.py:840} INFO - DAG(s) 'mbta_api_to_s3_to_snowflake' retrieved from /opt/airflow/dags/mbta_api_s3_snowflake.py
[2026-04-10T00:42:04.608+0000] {logging_mixin.py:188} INFO - [2026-04-10T00:42:04.608+0000] {dag.py:3036} INFO - Sync 1 DAGs
[2026-04-10T00:42:04.616+0000] {logging_mixin.py:188} INFO - [2026-04-10T00:42:04.616+0000] {dag.py:3823} INFO - Setting next_dagrun for mbta_api_to_s3_to_snowflake to 2027-01-01 00:00:00+00:00, run_after=2028-01-01 00:00:00+00:00
[2026-04-10T00:42:04.622+0000] {processor.py:183} INFO - Processing /opt/airflow/dags/mbta_api_s3_snowflake.py took 0.184 seconds
[2026-04-10T00:42:34.729+0000] {processor.py:161} INFO - Started process (PID=19004) to work on /opt/airflow/dags/mbta_api_s3_snowflake.py
[2026-04-10T00:42:34.729+0000] {processor.py:830} INFO - Processing file /opt/airflow/dags/mbta_api_s3_snowflake.py for tasks to queue
[2026-04-10T00:42:34.730+0000] {logging_mixin.py:188} INFO - [2026-04-10T00:42:34.730+0000] {dagbag.py:538} INFO - Filling up the DagBag from /opt/airflow/dags/mbta_api_s3_snowflake.py
[2026-04-10T00:42:34.890+0000] {processor.py:840} INFO - DAG(s) 'mbta_api_to_s3_to_snowflake' retrieved from /opt/airflow/dags/mbta_api_s3_snowflake.py
[2026-04-10T00:42:34.897+0000] {logging_mixin.py:188} INFO - [2026-04-10T00:42:34.897+0000] {dag.py:3036} INFO - Sync 1 DAGs
[2026-04-10T00:42:34.971+0000] {logging_mixin.py:188} INFO - [2026-04-10T00:42:34.971+0000] {dag.py:3823} INFO - Setting next_dagrun for mbta_api_to_s3_to_snowflake to 2027-01-01 00:00:00+00:00, run_after=2028-01-01 00:00:00+00:00
[2026-04-10T00:42:34.978+0000] {processor.py:183} INFO - Processing /opt/airflow/dags/mbta_api_s3_snowflake.py took 0.250 seconds
[2026-04-10T00:43:05.194+0000] {processor.py:161} INFO - Started process (PID=19084) to work on /opt/airflow/dags/mbta_api_s3_snowflake.py
[2026-04-10T00:43:05.195+0000] {processor.py:830} INFO - Processing file /opt/airflow/dags/mbta_api_s3_snowflake.py for tasks to queue
[2026-04-10T00:43:05.195+0000] {logging_mixin.py:188} INFO - [2026-04-10T00:43:05.195+0000] {dagbag.py:538} INFO - Filling up the DagBag from /opt/airflow/dags/mbta_api_s3_snowflake.py
[2026-04-10T00:43:05.413+0000] {processor.py:840} INFO - DAG(s) 'mbta_api_to_s3_to_snowflake' retrieved from /opt/airflow/dags/mbta_api_s3_snowflake.py
[2026-04-10T00:43:05.420+0000] {logging_mixin.py:188} INFO - [2026-04-10T00:43:05.419+0000] {dag.py:3036} INFO - Sync 1 DAGs
[2026-04-10T00:43:05.426+0000] {logging_mixin.py:188} INFO - [2026-04-10T00:43:05.426+0000] {dag.py:3823} INFO - Setting next_dagrun for mbta_api_to_s3_to_snowflake to 2027-01-01 00:00:00+00:00, run_after=2028-01-01 00:00:00+00:00
[2026-04-10T00:43:05.431+0000] {processor.py:183} INFO - Processing /opt/airflow/dags/mbta_api_s3_snowflake.py took 0.239 seconds
[2026-04-10T00:43:35.841+0000] {processor.py:161} INFO - Started process (PID=19164) to work on /opt/airflow/dags/mbta_api_s3_snowflake.py
[2026-04-10T00:43:35.842+0000] {processor.py:830} INFO - Processing file /opt/airflow/dags/mbta_api_s3_snowflake.py for tasks to queue
[2026-04-10T00:43:35.843+0000] {logging_mixin.py:188} INFO - [2026-04-10T00:43:35.842+0000] {dagbag.py:538} INFO - Filling up the DagBag from /opt/airflow/dags/mbta_api_s3_snowflake.py
[2026-04-10T00:43:36.030+0000] {processor.py:840} INFO - DAG(s) 'mbta_api_to_s3_to_snowflake' retrieved from /opt/airflow/dags/mbta_api_s3_snowflake.py
[2026-04-10T00:43:36.040+0000] {logging_mixin.py:188} INFO - [2026-04-10T00:43:36.040+0000] {dag.py:3036} INFO - Sync 1 DAGs
[2026-04-10T00:43:36.132+0000] {logging_mixin.py:188} INFO - [2026-04-10T00:43:36.132+0000] {dag.py:3823} INFO - Setting next_dagrun for mbta_api_to_s3_to_snowflake to 2027-01-01 00:00:00+00:00, run_after=2028-01-01 00:00:00+00:00
[2026-04-10T00:43:36.140+0000] {processor.py:183} INFO - Processing /opt/airflow/dags/mbta_api_s3_snowflake.py took 0.301 seconds
