[2026-04-10T00:00:12.338+0000] {processor.py:161} INFO - Started process (PID=12524) to work on /opt/airflow/dags/schools_to_s3_to_snowflake.py
[2026-04-10T00:00:12.338+0000] {processor.py:830} INFO - Processing file /opt/airflow/dags/schools_to_s3_to_snowflake.py for tasks to queue
[2026-04-10T00:00:12.339+0000] {logging_mixin.py:188} INFO - [2026-04-10T00:00:12.339+0000] {dagbag.py:538} INFO - Filling up the DagBag from /opt/airflow/dags/schools_to_s3_to_snowflake.py
[2026-04-10T00:00:12.576+0000] {processor.py:840} INFO - DAG(s) 'schools_to_s3_to_snowflake' retrieved from /opt/airflow/dags/schools_to_s3_to_snowflake.py
[2026-04-10T00:00:12.583+0000] {logging_mixin.py:188} INFO - [2026-04-10T00:00:12.583+0000] {dag.py:3036} INFO - Sync 1 DAGs
[2026-04-10T00:00:12.595+0000] {logging_mixin.py:188} INFO - [2026-04-10T00:00:12.594+0000] {dag.py:3823} INFO - Setting next_dagrun for schools_to_s3_to_snowflake to 2026-09-01 00:00:00+00:00, run_after=2027-09-01 00:00:00+00:00
[2026-04-10T00:00:12.603+0000] {processor.py:183} INFO - Processing /opt/airflow/dags/schools_to_s3_to_snowflake.py took 0.267 seconds
[2026-04-10T00:00:42.790+0000] {processor.py:161} INFO - Started process (PID=12604) to work on /opt/airflow/dags/schools_to_s3_to_snowflake.py
[2026-04-10T00:00:42.791+0000] {processor.py:830} INFO - Processing file /opt/airflow/dags/schools_to_s3_to_snowflake.py for tasks to queue
[2026-04-10T00:00:42.792+0000] {logging_mixin.py:188} INFO - [2026-04-10T00:00:42.791+0000] {dagbag.py:538} INFO - Filling up the DagBag from /opt/airflow/dags/schools_to_s3_to_snowflake.py
[2026-04-10T00:00:43.033+0000] {processor.py:840} INFO - DAG(s) 'schools_to_s3_to_snowflake' retrieved from /opt/airflow/dags/schools_to_s3_to_snowflake.py
[2026-04-10T00:00:43.042+0000] {logging_mixin.py:188} INFO - [2026-04-10T00:00:43.042+0000] {dag.py:3036} INFO - Sync 1 DAGs
[2026-04-10T00:00:43.051+0000] {logging_mixin.py:188} INFO - [2026-04-10T00:00:43.051+0000] {dag.py:3823} INFO - Setting next_dagrun for schools_to_s3_to_snowflake to 2026-09-01 00:00:00+00:00, run_after=2027-09-01 00:00:00+00:00
[2026-04-10T00:00:43.065+0000] {processor.py:183} INFO - Processing /opt/airflow/dags/schools_to_s3_to_snowflake.py took 0.276 seconds
[2026-04-10T00:01:13.397+0000] {processor.py:161} INFO - Started process (PID=12684) to work on /opt/airflow/dags/schools_to_s3_to_snowflake.py
[2026-04-10T00:01:13.397+0000] {processor.py:830} INFO - Processing file /opt/airflow/dags/schools_to_s3_to_snowflake.py for tasks to queue
[2026-04-10T00:01:13.398+0000] {logging_mixin.py:188} INFO - [2026-04-10T00:01:13.398+0000] {dagbag.py:538} INFO - Filling up the DagBag from /opt/airflow/dags/schools_to_s3_to_snowflake.py
[2026-04-10T00:01:13.627+0000] {processor.py:840} INFO - DAG(s) 'schools_to_s3_to_snowflake' retrieved from /opt/airflow/dags/schools_to_s3_to_snowflake.py
[2026-04-10T00:01:13.633+0000] {logging_mixin.py:188} INFO - [2026-04-10T00:01:13.633+0000] {dag.py:3036} INFO - Sync 1 DAGs
[2026-04-10T00:01:13.640+0000] {logging_mixin.py:188} INFO - [2026-04-10T00:01:13.639+0000] {dag.py:3823} INFO - Setting next_dagrun for schools_to_s3_to_snowflake to 2026-09-01 00:00:00+00:00, run_after=2027-09-01 00:00:00+00:00
[2026-04-10T00:01:13.645+0000] {processor.py:183} INFO - Processing /opt/airflow/dags/schools_to_s3_to_snowflake.py took 0.250 seconds
[2026-04-10T00:01:43.662+0000] {processor.py:161} INFO - Started process (PID=12764) to work on /opt/airflow/dags/schools_to_s3_to_snowflake.py
[2026-04-10T00:01:43.663+0000] {processor.py:830} INFO - Processing file /opt/airflow/dags/schools_to_s3_to_snowflake.py for tasks to queue
[2026-04-10T00:01:43.663+0000] {logging_mixin.py:188} INFO - [2026-04-10T00:01:43.663+0000] {dagbag.py:538} INFO - Filling up the DagBag from /opt/airflow/dags/schools_to_s3_to_snowflake.py
[2026-04-10T00:01:43.834+0000] {processor.py:840} INFO - DAG(s) 'schools_to_s3_to_snowflake' retrieved from /opt/airflow/dags/schools_to_s3_to_snowflake.py
[2026-04-10T00:01:43.841+0000] {logging_mixin.py:188} INFO - [2026-04-10T00:01:43.841+0000] {dag.py:3036} INFO - Sync 1 DAGs
[2026-04-10T00:01:43.849+0000] {logging_mixin.py:188} INFO - [2026-04-10T00:01:43.849+0000] {dag.py:3823} INFO - Setting next_dagrun for schools_to_s3_to_snowflake to 2026-09-01 00:00:00+00:00, run_after=2027-09-01 00:00:00+00:00
[2026-04-10T00:01:43.854+0000] {processor.py:183} INFO - Processing /opt/airflow/dags/schools_to_s3_to_snowflake.py took 0.193 seconds
[2026-04-10T00:02:14.096+0000] {processor.py:161} INFO - Started process (PID=12844) to work on /opt/airflow/dags/schools_to_s3_to_snowflake.py
[2026-04-10T00:02:14.096+0000] {processor.py:830} INFO - Processing file /opt/airflow/dags/schools_to_s3_to_snowflake.py for tasks to queue
[2026-04-10T00:02:14.097+0000] {logging_mixin.py:188} INFO - [2026-04-10T00:02:14.097+0000] {dagbag.py:538} INFO - Filling up the DagBag from /opt/airflow/dags/schools_to_s3_to_snowflake.py
[2026-04-10T00:02:14.260+0000] {processor.py:840} INFO - DAG(s) 'schools_to_s3_to_snowflake' retrieved from /opt/airflow/dags/schools_to_s3_to_snowflake.py
[2026-04-10T00:02:14.268+0000] {logging_mixin.py:188} INFO - [2026-04-10T00:02:14.267+0000] {dag.py:3036} INFO - Sync 1 DAGs
[2026-04-10T00:02:14.276+0000] {logging_mixin.py:188} INFO - [2026-04-10T00:02:14.276+0000] {dag.py:3823} INFO - Setting next_dagrun for schools_to_s3_to_snowflake to 2026-09-01 00:00:00+00:00, run_after=2027-09-01 00:00:00+00:00
[2026-04-10T00:02:14.282+0000] {processor.py:183} INFO - Processing /opt/airflow/dags/schools_to_s3_to_snowflake.py took 0.188 seconds
[2026-04-10T00:02:44.476+0000] {processor.py:161} INFO - Started process (PID=12924) to work on /opt/airflow/dags/schools_to_s3_to_snowflake.py
[2026-04-10T00:02:44.476+0000] {processor.py:830} INFO - Processing file /opt/airflow/dags/schools_to_s3_to_snowflake.py for tasks to queue
[2026-04-10T00:02:44.477+0000] {logging_mixin.py:188} INFO - [2026-04-10T00:02:44.477+0000] {dagbag.py:538} INFO - Filling up the DagBag from /opt/airflow/dags/schools_to_s3_to_snowflake.py
[2026-04-10T00:02:44.655+0000] {processor.py:840} INFO - DAG(s) 'schools_to_s3_to_snowflake' retrieved from /opt/airflow/dags/schools_to_s3_to_snowflake.py
[2026-04-10T00:02:44.665+0000] {logging_mixin.py:188} INFO - [2026-04-10T00:02:44.664+0000] {dag.py:3036} INFO - Sync 1 DAGs
[2026-04-10T00:02:44.673+0000] {logging_mixin.py:188} INFO - [2026-04-10T00:02:44.673+0000] {dag.py:3823} INFO - Setting next_dagrun for schools_to_s3_to_snowflake to 2026-09-01 00:00:00+00:00, run_after=2027-09-01 00:00:00+00:00
[2026-04-10T00:02:44.679+0000] {processor.py:183} INFO - Processing /opt/airflow/dags/schools_to_s3_to_snowflake.py took 0.205 seconds
[2026-04-10T00:03:14.925+0000] {processor.py:161} INFO - Started process (PID=13004) to work on /opt/airflow/dags/schools_to_s3_to_snowflake.py
[2026-04-10T00:03:14.926+0000] {processor.py:830} INFO - Processing file /opt/airflow/dags/schools_to_s3_to_snowflake.py for tasks to queue
[2026-04-10T00:03:14.929+0000] {logging_mixin.py:188} INFO - [2026-04-10T00:03:14.929+0000] {dagbag.py:538} INFO - Filling up the DagBag from /opt/airflow/dags/schools_to_s3_to_snowflake.py
[2026-04-10T00:03:15.105+0000] {processor.py:840} INFO - DAG(s) 'schools_to_s3_to_snowflake' retrieved from /opt/airflow/dags/schools_to_s3_to_snowflake.py
[2026-04-10T00:03:15.117+0000] {logging_mixin.py:188} INFO - [2026-04-10T00:03:15.115+0000] {dag.py:3036} INFO - Sync 1 DAGs
[2026-04-10T00:03:15.127+0000] {logging_mixin.py:188} INFO - [2026-04-10T00:03:15.127+0000] {dag.py:3823} INFO - Setting next_dagrun for schools_to_s3_to_snowflake to 2026-09-01 00:00:00+00:00, run_after=2027-09-01 00:00:00+00:00
[2026-04-10T00:03:15.139+0000] {processor.py:183} INFO - Processing /opt/airflow/dags/schools_to_s3_to_snowflake.py took 0.216 seconds
[2026-04-10T00:03:45.862+0000] {processor.py:161} INFO - Started process (PID=13084) to work on /opt/airflow/dags/schools_to_s3_to_snowflake.py
[2026-04-10T00:03:45.862+0000] {processor.py:830} INFO - Processing file /opt/airflow/dags/schools_to_s3_to_snowflake.py for tasks to queue
[2026-04-10T00:03:45.863+0000] {logging_mixin.py:188} INFO - [2026-04-10T00:03:45.863+0000] {dagbag.py:538} INFO - Filling up the DagBag from /opt/airflow/dags/schools_to_s3_to_snowflake.py
[2026-04-10T00:03:46.035+0000] {processor.py:840} INFO - DAG(s) 'schools_to_s3_to_snowflake' retrieved from /opt/airflow/dags/schools_to_s3_to_snowflake.py
[2026-04-10T00:03:46.043+0000] {logging_mixin.py:188} INFO - [2026-04-10T00:03:46.043+0000] {dag.py:3036} INFO - Sync 1 DAGs
[2026-04-10T00:03:46.055+0000] {logging_mixin.py:188} INFO - [2026-04-10T00:03:46.055+0000] {dag.py:3823} INFO - Setting next_dagrun for schools_to_s3_to_snowflake to 2026-09-01 00:00:00+00:00, run_after=2027-09-01 00:00:00+00:00
[2026-04-10T00:03:46.068+0000] {processor.py:183} INFO - Processing /opt/airflow/dags/schools_to_s3_to_snowflake.py took 0.208 seconds
[2026-04-10T00:04:16.899+0000] {processor.py:161} INFO - Started process (PID=13164) to work on /opt/airflow/dags/schools_to_s3_to_snowflake.py
[2026-04-10T00:04:16.900+0000] {processor.py:830} INFO - Processing file /opt/airflow/dags/schools_to_s3_to_snowflake.py for tasks to queue
[2026-04-10T00:04:16.900+0000] {logging_mixin.py:188} INFO - [2026-04-10T00:04:16.900+0000] {dagbag.py:538} INFO - Filling up the DagBag from /opt/airflow/dags/schools_to_s3_to_snowflake.py
[2026-04-10T00:04:17.078+0000] {processor.py:840} INFO - DAG(s) 'schools_to_s3_to_snowflake' retrieved from /opt/airflow/dags/schools_to_s3_to_snowflake.py
[2026-04-10T00:04:17.089+0000] {logging_mixin.py:188} INFO - [2026-04-10T00:04:17.088+0000] {dag.py:3036} INFO - Sync 1 DAGs
[2026-04-10T00:04:17.096+0000] {logging_mixin.py:188} INFO - [2026-04-10T00:04:17.096+0000] {dag.py:3823} INFO - Setting next_dagrun for schools_to_s3_to_snowflake to 2026-09-01 00:00:00+00:00, run_after=2027-09-01 00:00:00+00:00
[2026-04-10T00:04:17.102+0000] {processor.py:183} INFO - Processing /opt/airflow/dags/schools_to_s3_to_snowflake.py took 0.205 seconds
[2026-04-10T00:04:48.303+0000] {processor.py:161} INFO - Started process (PID=13244) to work on /opt/airflow/dags/schools_to_s3_to_snowflake.py
[2026-04-10T00:04:48.305+0000] {processor.py:830} INFO - Processing file /opt/airflow/dags/schools_to_s3_to_snowflake.py for tasks to queue
[2026-04-10T00:04:48.306+0000] {logging_mixin.py:188} INFO - [2026-04-10T00:04:48.306+0000] {dagbag.py:538} INFO - Filling up the DagBag from /opt/airflow/dags/schools_to_s3_to_snowflake.py
[2026-04-10T00:04:48.547+0000] {processor.py:840} INFO - DAG(s) 'schools_to_s3_to_snowflake' retrieved from /opt/airflow/dags/schools_to_s3_to_snowflake.py
[2026-04-10T00:04:48.560+0000] {logging_mixin.py:188} INFO - [2026-04-10T00:04:48.559+0000] {dag.py:3036} INFO - Sync 1 DAGs
[2026-04-10T00:04:48.569+0000] {logging_mixin.py:188} INFO - [2026-04-10T00:04:48.569+0000] {dag.py:3823} INFO - Setting next_dagrun for schools_to_s3_to_snowflake to 2026-09-01 00:00:00+00:00, run_after=2027-09-01 00:00:00+00:00
[2026-04-10T00:04:48.575+0000] {processor.py:183} INFO - Processing /opt/airflow/dags/schools_to_s3_to_snowflake.py took 0.273 seconds
[2026-04-10T00:05:18.664+0000] {processor.py:161} INFO - Started process (PID=13324) to work on /opt/airflow/dags/schools_to_s3_to_snowflake.py
[2026-04-10T00:05:18.664+0000] {processor.py:830} INFO - Processing file /opt/airflow/dags/schools_to_s3_to_snowflake.py for tasks to queue
[2026-04-10T00:05:18.665+0000] {logging_mixin.py:188} INFO - [2026-04-10T00:05:18.665+0000] {dagbag.py:538} INFO - Filling up the DagBag from /opt/airflow/dags/schools_to_s3_to_snowflake.py
[2026-04-10T00:05:18.902+0000] {processor.py:840} INFO - DAG(s) 'schools_to_s3_to_snowflake' retrieved from /opt/airflow/dags/schools_to_s3_to_snowflake.py
[2026-04-10T00:05:18.911+0000] {logging_mixin.py:188} INFO - [2026-04-10T00:05:18.911+0000] {dag.py:3036} INFO - Sync 1 DAGs
[2026-04-10T00:05:18.920+0000] {logging_mixin.py:188} INFO - [2026-04-10T00:05:18.920+0000] {dag.py:3823} INFO - Setting next_dagrun for schools_to_s3_to_snowflake to 2026-09-01 00:00:00+00:00, run_after=2027-09-01 00:00:00+00:00
[2026-04-10T00:05:18.928+0000] {processor.py:183} INFO - Processing /opt/airflow/dags/schools_to_s3_to_snowflake.py took 0.265 seconds
[2026-04-10T00:05:48.980+0000] {processor.py:161} INFO - Started process (PID=13403) to work on /opt/airflow/dags/schools_to_s3_to_snowflake.py
[2026-04-10T00:05:48.980+0000] {processor.py:830} INFO - Processing file /opt/airflow/dags/schools_to_s3_to_snowflake.py for tasks to queue
[2026-04-10T00:05:48.981+0000] {logging_mixin.py:188} INFO - [2026-04-10T00:05:48.981+0000] {dagbag.py:538} INFO - Filling up the DagBag from /opt/airflow/dags/schools_to_s3_to_snowflake.py
[2026-04-10T00:05:49.220+0000] {processor.py:840} INFO - DAG(s) 'schools_to_s3_to_snowflake' retrieved from /opt/airflow/dags/schools_to_s3_to_snowflake.py
[2026-04-10T00:05:49.227+0000] {logging_mixin.py:188} INFO - [2026-04-10T00:05:49.227+0000] {dag.py:3036} INFO - Sync 1 DAGs
[2026-04-10T00:05:49.234+0000] {logging_mixin.py:188} INFO - [2026-04-10T00:05:49.234+0000] {dag.py:3823} INFO - Setting next_dagrun for schools_to_s3_to_snowflake to 2026-09-01 00:00:00+00:00, run_after=2027-09-01 00:00:00+00:00
[2026-04-10T00:05:49.245+0000] {processor.py:183} INFO - Processing /opt/airflow/dags/schools_to_s3_to_snowflake.py took 0.266 seconds
[2026-04-10T00:06:19.466+0000] {processor.py:161} INFO - Started process (PID=13483) to work on /opt/airflow/dags/schools_to_s3_to_snowflake.py
[2026-04-10T00:06:19.467+0000] {processor.py:830} INFO - Processing file /opt/airflow/dags/schools_to_s3_to_snowflake.py for tasks to queue
[2026-04-10T00:06:19.468+0000] {logging_mixin.py:188} INFO - [2026-04-10T00:06:19.468+0000] {dagbag.py:538} INFO - Filling up the DagBag from /opt/airflow/dags/schools_to_s3_to_snowflake.py
[2026-04-10T00:06:19.703+0000] {processor.py:840} INFO - DAG(s) 'schools_to_s3_to_snowflake' retrieved from /opt/airflow/dags/schools_to_s3_to_snowflake.py
[2026-04-10T00:06:19.710+0000] {logging_mixin.py:188} INFO - [2026-04-10T00:06:19.710+0000] {dag.py:3036} INFO - Sync 1 DAGs
[2026-04-10T00:06:19.718+0000] {logging_mixin.py:188} INFO - [2026-04-10T00:06:19.718+0000] {dag.py:3823} INFO - Setting next_dagrun for schools_to_s3_to_snowflake to 2026-09-01 00:00:00+00:00, run_after=2027-09-01 00:00:00+00:00
[2026-04-10T00:06:19.726+0000] {processor.py:183} INFO - Processing /opt/airflow/dags/schools_to_s3_to_snowflake.py took 0.261 seconds
[2026-04-10T00:06:49.929+0000] {processor.py:161} INFO - Started process (PID=13563) to work on /opt/airflow/dags/schools_to_s3_to_snowflake.py
[2026-04-10T00:06:49.930+0000] {processor.py:830} INFO - Processing file /opt/airflow/dags/schools_to_s3_to_snowflake.py for tasks to queue
[2026-04-10T00:06:49.931+0000] {logging_mixin.py:188} INFO - [2026-04-10T00:06:49.931+0000] {dagbag.py:538} INFO - Filling up the DagBag from /opt/airflow/dags/schools_to_s3_to_snowflake.py
[2026-04-10T00:06:50.182+0000] {processor.py:840} INFO - DAG(s) 'schools_to_s3_to_snowflake' retrieved from /opt/airflow/dags/schools_to_s3_to_snowflake.py
[2026-04-10T00:06:50.188+0000] {logging_mixin.py:188} INFO - [2026-04-10T00:06:50.187+0000] {dag.py:3036} INFO - Sync 1 DAGs
[2026-04-10T00:06:50.198+0000] {logging_mixin.py:188} INFO - [2026-04-10T00:06:50.198+0000] {dag.py:3823} INFO - Setting next_dagrun for schools_to_s3_to_snowflake to 2026-09-01 00:00:00+00:00, run_after=2027-09-01 00:00:00+00:00
[2026-04-10T00:06:50.205+0000] {processor.py:183} INFO - Processing /opt/airflow/dags/schools_to_s3_to_snowflake.py took 0.278 seconds
[2026-04-10T00:07:20.398+0000] {processor.py:161} INFO - Started process (PID=13643) to work on /opt/airflow/dags/schools_to_s3_to_snowflake.py
[2026-04-10T00:07:20.398+0000] {processor.py:830} INFO - Processing file /opt/airflow/dags/schools_to_s3_to_snowflake.py for tasks to queue
[2026-04-10T00:07:20.399+0000] {logging_mixin.py:188} INFO - [2026-04-10T00:07:20.399+0000] {dagbag.py:538} INFO - Filling up the DagBag from /opt/airflow/dags/schools_to_s3_to_snowflake.py
[2026-04-10T00:07:20.651+0000] {processor.py:840} INFO - DAG(s) 'schools_to_s3_to_snowflake' retrieved from /opt/airflow/dags/schools_to_s3_to_snowflake.py
[2026-04-10T00:07:20.659+0000] {logging_mixin.py:188} INFO - [2026-04-10T00:07:20.659+0000] {dag.py:3036} INFO - Sync 1 DAGs
[2026-04-10T00:07:20.666+0000] {logging_mixin.py:188} INFO - [2026-04-10T00:07:20.666+0000] {dag.py:3823} INFO - Setting next_dagrun for schools_to_s3_to_snowflake to 2026-09-01 00:00:00+00:00, run_after=2027-09-01 00:00:00+00:00
[2026-04-10T00:07:20.676+0000] {processor.py:183} INFO - Processing /opt/airflow/dags/schools_to_s3_to_snowflake.py took 0.280 seconds
[2026-04-10T00:07:51.039+0000] {processor.py:161} INFO - Started process (PID=13724) to work on /opt/airflow/dags/schools_to_s3_to_snowflake.py
[2026-04-10T00:07:51.039+0000] {processor.py:830} INFO - Processing file /opt/airflow/dags/schools_to_s3_to_snowflake.py for tasks to queue
[2026-04-10T00:07:51.041+0000] {logging_mixin.py:188} INFO - [2026-04-10T00:07:51.041+0000] {dagbag.py:538} INFO - Filling up the DagBag from /opt/airflow/dags/schools_to_s3_to_snowflake.py
[2026-04-10T00:07:51.294+0000] {processor.py:840} INFO - DAG(s) 'schools_to_s3_to_snowflake' retrieved from /opt/airflow/dags/schools_to_s3_to_snowflake.py
[2026-04-10T00:07:51.305+0000] {logging_mixin.py:188} INFO - [2026-04-10T00:07:51.305+0000] {dag.py:3036} INFO - Sync 1 DAGs
[2026-04-10T00:07:51.313+0000] {logging_mixin.py:188} INFO - [2026-04-10T00:07:51.313+0000] {dag.py:3823} INFO - Setting next_dagrun for schools_to_s3_to_snowflake to 2026-09-01 00:00:00+00:00, run_after=2027-09-01 00:00:00+00:00
[2026-04-10T00:07:51.319+0000] {processor.py:183} INFO - Processing /opt/airflow/dags/schools_to_s3_to_snowflake.py took 0.282 seconds
[2026-04-10T00:08:21.555+0000] {processor.py:161} INFO - Started process (PID=13807) to work on /opt/airflow/dags/schools_to_s3_to_snowflake.py
[2026-04-10T00:08:21.556+0000] {processor.py:830} INFO - Processing file /opt/airflow/dags/schools_to_s3_to_snowflake.py for tasks to queue
[2026-04-10T00:08:21.556+0000] {logging_mixin.py:188} INFO - [2026-04-10T00:08:21.556+0000] {dagbag.py:538} INFO - Filling up the DagBag from /opt/airflow/dags/schools_to_s3_to_snowflake.py
[2026-04-10T00:08:21.772+0000] {processor.py:840} INFO - DAG(s) 'schools_to_s3_to_snowflake' retrieved from /opt/airflow/dags/schools_to_s3_to_snowflake.py
[2026-04-10T00:08:21.778+0000] {logging_mixin.py:188} INFO - [2026-04-10T00:08:21.777+0000] {dag.py:3036} INFO - Sync 1 DAGs
[2026-04-10T00:08:21.784+0000] {logging_mixin.py:188} INFO - [2026-04-10T00:08:21.784+0000] {dag.py:3823} INFO - Setting next_dagrun for schools_to_s3_to_snowflake to 2026-09-01 00:00:00+00:00, run_after=2027-09-01 00:00:00+00:00
[2026-04-10T00:08:21.790+0000] {processor.py:183} INFO - Processing /opt/airflow/dags/schools_to_s3_to_snowflake.py took 0.236 seconds
[2026-04-10T00:08:52.263+0000] {processor.py:161} INFO - Started process (PID=13893) to work on /opt/airflow/dags/schools_to_s3_to_snowflake.py
[2026-04-10T00:08:52.263+0000] {processor.py:830} INFO - Processing file /opt/airflow/dags/schools_to_s3_to_snowflake.py for tasks to queue
[2026-04-10T00:08:52.264+0000] {logging_mixin.py:188} INFO - [2026-04-10T00:08:52.264+0000] {dagbag.py:538} INFO - Filling up the DagBag from /opt/airflow/dags/schools_to_s3_to_snowflake.py
[2026-04-10T00:08:52.425+0000] {processor.py:840} INFO - DAG(s) 'schools_to_s3_to_snowflake' retrieved from /opt/airflow/dags/schools_to_s3_to_snowflake.py
[2026-04-10T00:08:52.432+0000] {logging_mixin.py:188} INFO - [2026-04-10T00:08:52.432+0000] {dag.py:3036} INFO - Sync 1 DAGs
[2026-04-10T00:08:52.440+0000] {logging_mixin.py:188} INFO - [2026-04-10T00:08:52.439+0000] {dag.py:3823} INFO - Setting next_dagrun for schools_to_s3_to_snowflake to 2026-09-01 00:00:00+00:00, run_after=2027-09-01 00:00:00+00:00
[2026-04-10T00:08:52.445+0000] {processor.py:183} INFO - Processing /opt/airflow/dags/schools_to_s3_to_snowflake.py took 0.183 seconds
[2026-04-10T00:09:23.179+0000] {processor.py:161} INFO - Started process (PID=13970) to work on /opt/airflow/dags/schools_to_s3_to_snowflake.py
[2026-04-10T00:09:23.180+0000] {processor.py:830} INFO - Processing file /opt/airflow/dags/schools_to_s3_to_snowflake.py for tasks to queue
[2026-04-10T00:09:23.181+0000] {logging_mixin.py:188} INFO - [2026-04-10T00:09:23.181+0000] {dagbag.py:538} INFO - Filling up the DagBag from /opt/airflow/dags/schools_to_s3_to_snowflake.py
[2026-04-10T00:09:23.361+0000] {processor.py:840} INFO - DAG(s) 'schools_to_s3_to_snowflake' retrieved from /opt/airflow/dags/schools_to_s3_to_snowflake.py
[2026-04-10T00:09:23.368+0000] {logging_mixin.py:188} INFO - [2026-04-10T00:09:23.368+0000] {dag.py:3036} INFO - Sync 1 DAGs
[2026-04-10T00:09:23.377+0000] {logging_mixin.py:188} INFO - [2026-04-10T00:09:23.377+0000] {dag.py:3823} INFO - Setting next_dagrun for schools_to_s3_to_snowflake to 2026-09-01 00:00:00+00:00, run_after=2027-09-01 00:00:00+00:00
[2026-04-10T00:09:23.391+0000] {processor.py:183} INFO - Processing /opt/airflow/dags/schools_to_s3_to_snowflake.py took 0.213 seconds
[2026-04-10T00:09:54.026+0000] {processor.py:161} INFO - Started process (PID=14050) to work on /opt/airflow/dags/schools_to_s3_to_snowflake.py
[2026-04-10T00:09:54.026+0000] {processor.py:830} INFO - Processing file /opt/airflow/dags/schools_to_s3_to_snowflake.py for tasks to queue
[2026-04-10T00:09:54.027+0000] {logging_mixin.py:188} INFO - [2026-04-10T00:09:54.027+0000] {dagbag.py:538} INFO - Filling up the DagBag from /opt/airflow/dags/schools_to_s3_to_snowflake.py
[2026-04-10T00:09:54.199+0000] {processor.py:840} INFO - DAG(s) 'schools_to_s3_to_snowflake' retrieved from /opt/airflow/dags/schools_to_s3_to_snowflake.py
[2026-04-10T00:09:54.210+0000] {logging_mixin.py:188} INFO - [2026-04-10T00:09:54.210+0000] {dag.py:3036} INFO - Sync 1 DAGs
[2026-04-10T00:09:54.222+0000] {logging_mixin.py:188} INFO - [2026-04-10T00:09:54.222+0000] {dag.py:3823} INFO - Setting next_dagrun for schools_to_s3_to_snowflake to 2026-09-01 00:00:00+00:00, run_after=2027-09-01 00:00:00+00:00
[2026-04-10T00:09:54.231+0000] {processor.py:183} INFO - Processing /opt/airflow/dags/schools_to_s3_to_snowflake.py took 0.208 seconds
[2026-04-10T00:10:25.031+0000] {processor.py:161} INFO - Started process (PID=14130) to work on /opt/airflow/dags/schools_to_s3_to_snowflake.py
[2026-04-10T00:10:25.032+0000] {processor.py:830} INFO - Processing file /opt/airflow/dags/schools_to_s3_to_snowflake.py for tasks to queue
[2026-04-10T00:10:25.033+0000] {logging_mixin.py:188} INFO - [2026-04-10T00:10:25.033+0000] {dagbag.py:538} INFO - Filling up the DagBag from /opt/airflow/dags/schools_to_s3_to_snowflake.py
[2026-04-10T00:10:25.227+0000] {processor.py:840} INFO - DAG(s) 'schools_to_s3_to_snowflake' retrieved from /opt/airflow/dags/schools_to_s3_to_snowflake.py
[2026-04-10T00:10:25.239+0000] {logging_mixin.py:188} INFO - [2026-04-10T00:10:25.239+0000] {dag.py:3036} INFO - Sync 1 DAGs
[2026-04-10T00:10:25.249+0000] {logging_mixin.py:188} INFO - [2026-04-10T00:10:25.249+0000] {dag.py:3823} INFO - Setting next_dagrun for schools_to_s3_to_snowflake to 2026-09-01 00:00:00+00:00, run_after=2027-09-01 00:00:00+00:00
[2026-04-10T00:10:25.258+0000] {processor.py:183} INFO - Processing /opt/airflow/dags/schools_to_s3_to_snowflake.py took 0.228 seconds
[2026-04-10T00:10:56.098+0000] {processor.py:161} INFO - Started process (PID=14210) to work on /opt/airflow/dags/schools_to_s3_to_snowflake.py
[2026-04-10T00:10:56.098+0000] {processor.py:830} INFO - Processing file /opt/airflow/dags/schools_to_s3_to_snowflake.py for tasks to queue
[2026-04-10T00:10:56.099+0000] {logging_mixin.py:188} INFO - [2026-04-10T00:10:56.099+0000] {dagbag.py:538} INFO - Filling up the DagBag from /opt/airflow/dags/schools_to_s3_to_snowflake.py
[2026-04-10T00:10:56.278+0000] {processor.py:840} INFO - DAG(s) 'schools_to_s3_to_snowflake' retrieved from /opt/airflow/dags/schools_to_s3_to_snowflake.py
[2026-04-10T00:10:56.286+0000] {logging_mixin.py:188} INFO - [2026-04-10T00:10:56.286+0000] {dag.py:3036} INFO - Sync 1 DAGs
[2026-04-10T00:10:56.295+0000] {logging_mixin.py:188} INFO - [2026-04-10T00:10:56.294+0000] {dag.py:3823} INFO - Setting next_dagrun for schools_to_s3_to_snowflake to 2026-09-01 00:00:00+00:00, run_after=2027-09-01 00:00:00+00:00
[2026-04-10T00:10:56.301+0000] {processor.py:183} INFO - Processing /opt/airflow/dags/schools_to_s3_to_snowflake.py took 0.204 seconds
[2026-04-10T00:11:27.030+0000] {processor.py:161} INFO - Started process (PID=14290) to work on /opt/airflow/dags/schools_to_s3_to_snowflake.py
[2026-04-10T00:11:27.031+0000] {processor.py:830} INFO - Processing file /opt/airflow/dags/schools_to_s3_to_snowflake.py for tasks to queue
[2026-04-10T00:11:27.032+0000] {logging_mixin.py:188} INFO - [2026-04-10T00:11:27.032+0000] {dagbag.py:538} INFO - Filling up the DagBag from /opt/airflow/dags/schools_to_s3_to_snowflake.py
[2026-04-10T00:11:27.208+0000] {processor.py:840} INFO - DAG(s) 'schools_to_s3_to_snowflake' retrieved from /opt/airflow/dags/schools_to_s3_to_snowflake.py
[2026-04-10T00:11:27.222+0000] {logging_mixin.py:188} INFO - [2026-04-10T00:11:27.222+0000] {dag.py:3036} INFO - Sync 1 DAGs
[2026-04-10T00:11:27.296+0000] {logging_mixin.py:188} INFO - [2026-04-10T00:11:27.296+0000] {dag.py:3823} INFO - Setting next_dagrun for schools_to_s3_to_snowflake to 2026-09-01 00:00:00+00:00, run_after=2027-09-01 00:00:00+00:00
[2026-04-10T00:11:27.307+0000] {processor.py:183} INFO - Processing /opt/airflow/dags/schools_to_s3_to_snowflake.py took 0.278 seconds
[2026-04-10T00:11:58.105+0000] {processor.py:161} INFO - Started process (PID=14370) to work on /opt/airflow/dags/schools_to_s3_to_snowflake.py
[2026-04-10T00:11:58.106+0000] {processor.py:830} INFO - Processing file /opt/airflow/dags/schools_to_s3_to_snowflake.py for tasks to queue
[2026-04-10T00:11:58.106+0000] {logging_mixin.py:188} INFO - [2026-04-10T00:11:58.106+0000] {dagbag.py:538} INFO - Filling up the DagBag from /opt/airflow/dags/schools_to_s3_to_snowflake.py
[2026-04-10T00:11:58.288+0000] {processor.py:840} INFO - DAG(s) 'schools_to_s3_to_snowflake' retrieved from /opt/airflow/dags/schools_to_s3_to_snowflake.py
[2026-04-10T00:11:58.298+0000] {logging_mixin.py:188} INFO - [2026-04-10T00:11:58.298+0000] {dag.py:3036} INFO - Sync 1 DAGs
[2026-04-10T00:11:58.305+0000] {logging_mixin.py:188} INFO - [2026-04-10T00:11:58.305+0000] {dag.py:3823} INFO - Setting next_dagrun for schools_to_s3_to_snowflake to 2026-09-01 00:00:00+00:00, run_after=2027-09-01 00:00:00+00:00
[2026-04-10T00:11:58.386+0000] {processor.py:183} INFO - Processing /opt/airflow/dags/schools_to_s3_to_snowflake.py took 0.282 seconds
[2026-04-10T00:12:29.883+0000] {processor.py:161} INFO - Started process (PID=14450) to work on /opt/airflow/dags/schools_to_s3_to_snowflake.py
[2026-04-10T00:12:29.883+0000] {processor.py:830} INFO - Processing file /opt/airflow/dags/schools_to_s3_to_snowflake.py for tasks to queue
[2026-04-10T00:12:29.884+0000] {logging_mixin.py:188} INFO - [2026-04-10T00:12:29.884+0000] {dagbag.py:538} INFO - Filling up the DagBag from /opt/airflow/dags/schools_to_s3_to_snowflake.py
[2026-04-10T00:12:30.122+0000] {processor.py:840} INFO - DAG(s) 'schools_to_s3_to_snowflake' retrieved from /opt/airflow/dags/schools_to_s3_to_snowflake.py
[2026-04-10T00:12:30.129+0000] {logging_mixin.py:188} INFO - [2026-04-10T00:12:30.128+0000] {dag.py:3036} INFO - Sync 1 DAGs
[2026-04-10T00:12:30.138+0000] {logging_mixin.py:188} INFO - [2026-04-10T00:12:30.138+0000] {dag.py:3823} INFO - Setting next_dagrun for schools_to_s3_to_snowflake to 2026-09-01 00:00:00+00:00, run_after=2027-09-01 00:00:00+00:00
[2026-04-10T00:12:30.147+0000] {processor.py:183} INFO - Processing /opt/airflow/dags/schools_to_s3_to_snowflake.py took 0.266 seconds
[2026-04-10T00:13:00.281+0000] {processor.py:161} INFO - Started process (PID=14530) to work on /opt/airflow/dags/schools_to_s3_to_snowflake.py
[2026-04-10T00:13:00.281+0000] {processor.py:830} INFO - Processing file /opt/airflow/dags/schools_to_s3_to_snowflake.py for tasks to queue
[2026-04-10T00:13:00.282+0000] {logging_mixin.py:188} INFO - [2026-04-10T00:13:00.282+0000] {dagbag.py:538} INFO - Filling up the DagBag from /opt/airflow/dags/schools_to_s3_to_snowflake.py
[2026-04-10T00:13:00.526+0000] {processor.py:840} INFO - DAG(s) 'schools_to_s3_to_snowflake' retrieved from /opt/airflow/dags/schools_to_s3_to_snowflake.py
[2026-04-10T00:13:00.535+0000] {logging_mixin.py:188} INFO - [2026-04-10T00:13:00.535+0000] {dag.py:3036} INFO - Sync 1 DAGs
[2026-04-10T00:13:00.546+0000] {logging_mixin.py:188} INFO - [2026-04-10T00:13:00.546+0000] {dag.py:3823} INFO - Setting next_dagrun for schools_to_s3_to_snowflake to 2026-09-01 00:00:00+00:00, run_after=2027-09-01 00:00:00+00:00
[2026-04-10T00:13:00.555+0000] {processor.py:183} INFO - Processing /opt/airflow/dags/schools_to_s3_to_snowflake.py took 0.276 seconds
[2026-04-10T00:13:30.749+0000] {processor.py:161} INFO - Started process (PID=14609) to work on /opt/airflow/dags/schools_to_s3_to_snowflake.py
[2026-04-10T00:13:30.750+0000] {processor.py:830} INFO - Processing file /opt/airflow/dags/schools_to_s3_to_snowflake.py for tasks to queue
[2026-04-10T00:13:30.752+0000] {logging_mixin.py:188} INFO - [2026-04-10T00:13:30.752+0000] {dagbag.py:538} INFO - Filling up the DagBag from /opt/airflow/dags/schools_to_s3_to_snowflake.py
[2026-04-10T00:13:30.996+0000] {processor.py:840} INFO - DAG(s) 'schools_to_s3_to_snowflake' retrieved from /opt/airflow/dags/schools_to_s3_to_snowflake.py
[2026-04-10T00:13:31.007+0000] {logging_mixin.py:188} INFO - [2026-04-10T00:13:31.007+0000] {dag.py:3036} INFO - Sync 1 DAGs
[2026-04-10T00:13:31.015+0000] {logging_mixin.py:188} INFO - [2026-04-10T00:13:31.014+0000] {dag.py:3823} INFO - Setting next_dagrun for schools_to_s3_to_snowflake to 2026-09-01 00:00:00+00:00, run_after=2027-09-01 00:00:00+00:00
[2026-04-10T00:13:31.025+0000] {processor.py:183} INFO - Processing /opt/airflow/dags/schools_to_s3_to_snowflake.py took 0.277 seconds
[2026-04-10T00:14:55.701+0000] {processor.py:161} INFO - Started process (PID=14683) to work on /opt/airflow/dags/schools_to_s3_to_snowflake.py
[2026-04-10T00:14:55.702+0000] {processor.py:830} INFO - Processing file /opt/airflow/dags/schools_to_s3_to_snowflake.py for tasks to queue
[2026-04-10T00:14:55.703+0000] {logging_mixin.py:188} INFO - [2026-04-10T00:14:55.702+0000] {dagbag.py:538} INFO - Filling up the DagBag from /opt/airflow/dags/schools_to_s3_to_snowflake.py
[2026-04-10T00:14:55.940+0000] {processor.py:840} INFO - DAG(s) 'schools_to_s3_to_snowflake' retrieved from /opt/airflow/dags/schools_to_s3_to_snowflake.py
[2026-04-10T00:14:55.951+0000] {logging_mixin.py:188} INFO - [2026-04-10T00:14:55.951+0000] {dag.py:3036} INFO - Sync 1 DAGs
[2026-04-10T00:14:55.964+0000] {logging_mixin.py:188} INFO - [2026-04-10T00:14:55.964+0000] {dag.py:3823} INFO - Setting next_dagrun for schools_to_s3_to_snowflake to 2026-09-01 00:00:00+00:00, run_after=2027-09-01 00:00:00+00:00
[2026-04-10T00:14:55.973+0000] {processor.py:183} INFO - Processing /opt/airflow/dags/schools_to_s3_to_snowflake.py took 0.273 seconds
[2026-04-10T00:15:26.114+0000] {processor.py:161} INFO - Started process (PID=14763) to work on /opt/airflow/dags/schools_to_s3_to_snowflake.py
[2026-04-10T00:15:26.114+0000] {processor.py:830} INFO - Processing file /opt/airflow/dags/schools_to_s3_to_snowflake.py for tasks to queue
[2026-04-10T00:15:26.115+0000] {logging_mixin.py:188} INFO - [2026-04-10T00:15:26.115+0000] {dagbag.py:538} INFO - Filling up the DagBag from /opt/airflow/dags/schools_to_s3_to_snowflake.py
[2026-04-10T00:15:26.363+0000] {processor.py:840} INFO - DAG(s) 'schools_to_s3_to_snowflake' retrieved from /opt/airflow/dags/schools_to_s3_to_snowflake.py
[2026-04-10T00:15:26.373+0000] {logging_mixin.py:188} INFO - [2026-04-10T00:15:26.373+0000] {dag.py:3036} INFO - Sync 1 DAGs
[2026-04-10T00:15:26.382+0000] {logging_mixin.py:188} INFO - [2026-04-10T00:15:26.381+0000] {dag.py:3823} INFO - Setting next_dagrun for schools_to_s3_to_snowflake to 2026-09-01 00:00:00+00:00, run_after=2027-09-01 00:00:00+00:00
[2026-04-10T00:15:26.389+0000] {processor.py:183} INFO - Processing /opt/airflow/dags/schools_to_s3_to_snowflake.py took 0.277 seconds
[2026-04-10T00:15:57.382+0000] {processor.py:161} INFO - Started process (PID=14843) to work on /opt/airflow/dags/schools_to_s3_to_snowflake.py
[2026-04-10T00:15:57.384+0000] {processor.py:830} INFO - Processing file /opt/airflow/dags/schools_to_s3_to_snowflake.py for tasks to queue
[2026-04-10T00:15:57.385+0000] {logging_mixin.py:188} INFO - [2026-04-10T00:15:57.385+0000] {dagbag.py:538} INFO - Filling up the DagBag from /opt/airflow/dags/schools_to_s3_to_snowflake.py
[2026-04-10T00:15:57.682+0000] {processor.py:840} INFO - DAG(s) 'schools_to_s3_to_snowflake' retrieved from /opt/airflow/dags/schools_to_s3_to_snowflake.py
[2026-04-10T00:15:57.691+0000] {logging_mixin.py:188} INFO - [2026-04-10T00:15:57.691+0000] {dag.py:3036} INFO - Sync 1 DAGs
[2026-04-10T00:15:57.700+0000] {logging_mixin.py:188} INFO - [2026-04-10T00:15:57.700+0000] {dag.py:3823} INFO - Setting next_dagrun for schools_to_s3_to_snowflake to 2026-09-01 00:00:00+00:00, run_after=2027-09-01 00:00:00+00:00
[2026-04-10T00:15:57.712+0000] {processor.py:183} INFO - Processing /opt/airflow/dags/schools_to_s3_to_snowflake.py took 0.332 seconds
[2026-04-10T00:16:28.233+0000] {processor.py:161} INFO - Started process (PID=14929) to work on /opt/airflow/dags/schools_to_s3_to_snowflake.py
[2026-04-10T00:16:28.234+0000] {processor.py:830} INFO - Processing file /opt/airflow/dags/schools_to_s3_to_snowflake.py for tasks to queue
[2026-04-10T00:16:28.234+0000] {logging_mixin.py:188} INFO - [2026-04-10T00:16:28.234+0000] {dagbag.py:538} INFO - Filling up the DagBag from /opt/airflow/dags/schools_to_s3_to_snowflake.py
[2026-04-10T00:16:28.472+0000] {processor.py:840} INFO - DAG(s) 'schools_to_s3_to_snowflake' retrieved from /opt/airflow/dags/schools_to_s3_to_snowflake.py
[2026-04-10T00:16:28.485+0000] {logging_mixin.py:188} INFO - [2026-04-10T00:16:28.485+0000] {dag.py:3036} INFO - Sync 1 DAGs
[2026-04-10T00:16:28.492+0000] {logging_mixin.py:188} INFO - [2026-04-10T00:16:28.492+0000] {dag.py:3823} INFO - Setting next_dagrun for schools_to_s3_to_snowflake to 2026-09-01 00:00:00+00:00, run_after=2027-09-01 00:00:00+00:00
[2026-04-10T00:16:28.498+0000] {processor.py:183} INFO - Processing /opt/airflow/dags/schools_to_s3_to_snowflake.py took 0.266 seconds
[2026-04-10T00:16:58.797+0000] {processor.py:161} INFO - Started process (PID=15009) to work on /opt/airflow/dags/schools_to_s3_to_snowflake.py
[2026-04-10T00:16:58.797+0000] {processor.py:830} INFO - Processing file /opt/airflow/dags/schools_to_s3_to_snowflake.py for tasks to queue
[2026-04-10T00:16:58.798+0000] {logging_mixin.py:188} INFO - [2026-04-10T00:16:58.798+0000] {dagbag.py:538} INFO - Filling up the DagBag from /opt/airflow/dags/schools_to_s3_to_snowflake.py
[2026-04-10T00:16:58.968+0000] {processor.py:840} INFO - DAG(s) 'schools_to_s3_to_snowflake' retrieved from /opt/airflow/dags/schools_to_s3_to_snowflake.py
[2026-04-10T00:16:58.977+0000] {logging_mixin.py:188} INFO - [2026-04-10T00:16:58.977+0000] {dag.py:3036} INFO - Sync 1 DAGs
[2026-04-10T00:16:58.985+0000] {logging_mixin.py:188} INFO - [2026-04-10T00:16:58.985+0000] {dag.py:3823} INFO - Setting next_dagrun for schools_to_s3_to_snowflake to 2026-09-01 00:00:00+00:00, run_after=2027-09-01 00:00:00+00:00
[2026-04-10T00:16:58.992+0000] {processor.py:183} INFO - Processing /opt/airflow/dags/schools_to_s3_to_snowflake.py took 0.197 seconds
[2026-04-10T00:17:29.102+0000] {processor.py:161} INFO - Started process (PID=15089) to work on /opt/airflow/dags/schools_to_s3_to_snowflake.py
[2026-04-10T00:17:29.102+0000] {processor.py:830} INFO - Processing file /opt/airflow/dags/schools_to_s3_to_snowflake.py for tasks to queue
[2026-04-10T00:17:29.104+0000] {logging_mixin.py:188} INFO - [2026-04-10T00:17:29.103+0000] {dagbag.py:538} INFO - Filling up the DagBag from /opt/airflow/dags/schools_to_s3_to_snowflake.py
[2026-04-10T00:17:29.285+0000] {processor.py:840} INFO - DAG(s) 'schools_to_s3_to_snowflake' retrieved from /opt/airflow/dags/schools_to_s3_to_snowflake.py
[2026-04-10T00:17:29.295+0000] {logging_mixin.py:188} INFO - [2026-04-10T00:17:29.294+0000] {dag.py:3036} INFO - Sync 1 DAGs
[2026-04-10T00:17:29.304+0000] {logging_mixin.py:188} INFO - [2026-04-10T00:17:29.304+0000] {dag.py:3823} INFO - Setting next_dagrun for schools_to_s3_to_snowflake to 2026-09-01 00:00:00+00:00, run_after=2027-09-01 00:00:00+00:00
[2026-04-10T00:17:29.310+0000] {processor.py:183} INFO - Processing /opt/airflow/dags/schools_to_s3_to_snowflake.py took 0.210 seconds
[2026-04-10T00:18:00.203+0000] {processor.py:161} INFO - Started process (PID=15163) to work on /opt/airflow/dags/schools_to_s3_to_snowflake.py
[2026-04-10T00:18:00.204+0000] {processor.py:830} INFO - Processing file /opt/airflow/dags/schools_to_s3_to_snowflake.py for tasks to queue
[2026-04-10T00:18:00.205+0000] {logging_mixin.py:188} INFO - [2026-04-10T00:18:00.205+0000] {dagbag.py:538} INFO - Filling up the DagBag from /opt/airflow/dags/schools_to_s3_to_snowflake.py
[2026-04-10T00:18:00.392+0000] {processor.py:840} INFO - DAG(s) 'schools_to_s3_to_snowflake' retrieved from /opt/airflow/dags/schools_to_s3_to_snowflake.py
[2026-04-10T00:18:00.406+0000] {logging_mixin.py:188} INFO - [2026-04-10T00:18:00.406+0000] {dag.py:3036} INFO - Sync 1 DAGs
[2026-04-10T00:18:00.416+0000] {logging_mixin.py:188} INFO - [2026-04-10T00:18:00.416+0000] {dag.py:3823} INFO - Setting next_dagrun for schools_to_s3_to_snowflake to 2026-09-01 00:00:00+00:00, run_after=2027-09-01 00:00:00+00:00
[2026-04-10T00:18:00.425+0000] {processor.py:183} INFO - Processing /opt/airflow/dags/schools_to_s3_to_snowflake.py took 0.223 seconds
[2026-04-10T00:18:30.500+0000] {processor.py:161} INFO - Started process (PID=15243) to work on /opt/airflow/dags/schools_to_s3_to_snowflake.py
[2026-04-10T00:18:30.501+0000] {processor.py:830} INFO - Processing file /opt/airflow/dags/schools_to_s3_to_snowflake.py for tasks to queue
[2026-04-10T00:18:30.501+0000] {logging_mixin.py:188} INFO - [2026-04-10T00:18:30.501+0000] {dagbag.py:538} INFO - Filling up the DagBag from /opt/airflow/dags/schools_to_s3_to_snowflake.py
[2026-04-10T00:18:30.685+0000] {processor.py:840} INFO - DAG(s) 'schools_to_s3_to_snowflake' retrieved from /opt/airflow/dags/schools_to_s3_to_snowflake.py
[2026-04-10T00:18:30.697+0000] {logging_mixin.py:188} INFO - [2026-04-10T00:18:30.695+0000] {dag.py:3036} INFO - Sync 1 DAGs
[2026-04-10T00:18:30.707+0000] {logging_mixin.py:188} INFO - [2026-04-10T00:18:30.707+0000] {dag.py:3823} INFO - Setting next_dagrun for schools_to_s3_to_snowflake to 2026-09-01 00:00:00+00:00, run_after=2027-09-01 00:00:00+00:00
[2026-04-10T00:18:30.717+0000] {processor.py:183} INFO - Processing /opt/airflow/dags/schools_to_s3_to_snowflake.py took 0.218 seconds
[2026-04-10T00:19:00.728+0000] {processor.py:161} INFO - Started process (PID=15323) to work on /opt/airflow/dags/schools_to_s3_to_snowflake.py
[2026-04-10T00:19:00.729+0000] {processor.py:830} INFO - Processing file /opt/airflow/dags/schools_to_s3_to_snowflake.py for tasks to queue
[2026-04-10T00:19:00.729+0000] {logging_mixin.py:188} INFO - [2026-04-10T00:19:00.729+0000] {dagbag.py:538} INFO - Filling up the DagBag from /opt/airflow/dags/schools_to_s3_to_snowflake.py
[2026-04-10T00:19:00.891+0000] {processor.py:840} INFO - DAG(s) 'schools_to_s3_to_snowflake' retrieved from /opt/airflow/dags/schools_to_s3_to_snowflake.py
[2026-04-10T00:19:00.899+0000] {logging_mixin.py:188} INFO - [2026-04-10T00:19:00.898+0000] {dag.py:3036} INFO - Sync 1 DAGs
[2026-04-10T00:19:00.906+0000] {logging_mixin.py:188} INFO - [2026-04-10T00:19:00.906+0000] {dag.py:3823} INFO - Setting next_dagrun for schools_to_s3_to_snowflake to 2026-09-01 00:00:00+00:00, run_after=2027-09-01 00:00:00+00:00
[2026-04-10T00:19:00.911+0000] {processor.py:183} INFO - Processing /opt/airflow/dags/schools_to_s3_to_snowflake.py took 0.184 seconds
[2026-04-10T00:19:31.861+0000] {processor.py:161} INFO - Started process (PID=15403) to work on /opt/airflow/dags/schools_to_s3_to_snowflake.py
[2026-04-10T00:19:31.862+0000] {processor.py:830} INFO - Processing file /opt/airflow/dags/schools_to_s3_to_snowflake.py for tasks to queue
[2026-04-10T00:19:31.863+0000] {logging_mixin.py:188} INFO - [2026-04-10T00:19:31.863+0000] {dagbag.py:538} INFO - Filling up the DagBag from /opt/airflow/dags/schools_to_s3_to_snowflake.py
[2026-04-10T00:19:32.046+0000] {processor.py:840} INFO - DAG(s) 'schools_to_s3_to_snowflake' retrieved from /opt/airflow/dags/schools_to_s3_to_snowflake.py
[2026-04-10T00:19:32.056+0000] {logging_mixin.py:188} INFO - [2026-04-10T00:19:32.056+0000] {dag.py:3036} INFO - Sync 1 DAGs
[2026-04-10T00:19:32.133+0000] {logging_mixin.py:188} INFO - [2026-04-10T00:19:32.133+0000] {dag.py:3823} INFO - Setting next_dagrun for schools_to_s3_to_snowflake to 2026-09-01 00:00:00+00:00, run_after=2027-09-01 00:00:00+00:00
[2026-04-10T00:19:32.139+0000] {processor.py:183} INFO - Processing /opt/airflow/dags/schools_to_s3_to_snowflake.py took 0.280 seconds
[2026-04-10T00:20:02.368+0000] {processor.py:161} INFO - Started process (PID=15483) to work on /opt/airflow/dags/schools_to_s3_to_snowflake.py
[2026-04-10T00:20:02.369+0000] {processor.py:830} INFO - Processing file /opt/airflow/dags/schools_to_s3_to_snowflake.py for tasks to queue
[2026-04-10T00:20:02.370+0000] {logging_mixin.py:188} INFO - [2026-04-10T00:20:02.370+0000] {dagbag.py:538} INFO - Filling up the DagBag from /opt/airflow/dags/schools_to_s3_to_snowflake.py
[2026-04-10T00:20:02.637+0000] {processor.py:840} INFO - DAG(s) 'schools_to_s3_to_snowflake' retrieved from /opt/airflow/dags/schools_to_s3_to_snowflake.py
[2026-04-10T00:20:02.645+0000] {logging_mixin.py:188} INFO - [2026-04-10T00:20:02.645+0000] {dag.py:3036} INFO - Sync 1 DAGs
[2026-04-10T00:20:02.652+0000] {logging_mixin.py:188} INFO - [2026-04-10T00:20:02.652+0000] {dag.py:3823} INFO - Setting next_dagrun for schools_to_s3_to_snowflake to 2026-09-01 00:00:00+00:00, run_after=2027-09-01 00:00:00+00:00
[2026-04-10T00:20:02.659+0000] {processor.py:183} INFO - Processing /opt/airflow/dags/schools_to_s3_to_snowflake.py took 0.292 seconds
[2026-04-10T00:20:33.350+0000] {processor.py:161} INFO - Started process (PID=15563) to work on /opt/airflow/dags/schools_to_s3_to_snowflake.py
[2026-04-10T00:20:33.351+0000] {processor.py:830} INFO - Processing file /opt/airflow/dags/schools_to_s3_to_snowflake.py for tasks to queue
[2026-04-10T00:20:33.352+0000] {logging_mixin.py:188} INFO - [2026-04-10T00:20:33.352+0000] {dagbag.py:538} INFO - Filling up the DagBag from /opt/airflow/dags/schools_to_s3_to_snowflake.py
[2026-04-10T00:20:33.605+0000] {processor.py:840} INFO - DAG(s) 'schools_to_s3_to_snowflake' retrieved from /opt/airflow/dags/schools_to_s3_to_snowflake.py
[2026-04-10T00:20:33.615+0000] {logging_mixin.py:188} INFO - [2026-04-10T00:20:33.615+0000] {dag.py:3036} INFO - Sync 1 DAGs
[2026-04-10T00:20:33.622+0000] {logging_mixin.py:188} INFO - [2026-04-10T00:20:33.622+0000] {dag.py:3823} INFO - Setting next_dagrun for schools_to_s3_to_snowflake to 2026-09-01 00:00:00+00:00, run_after=2027-09-01 00:00:00+00:00
[2026-04-10T00:20:33.629+0000] {processor.py:183} INFO - Processing /opt/airflow/dags/schools_to_s3_to_snowflake.py took 0.280 seconds
[2026-04-10T00:21:04.033+0000] {processor.py:161} INFO - Started process (PID=15644) to work on /opt/airflow/dags/schools_to_s3_to_snowflake.py
[2026-04-10T00:21:04.033+0000] {processor.py:830} INFO - Processing file /opt/airflow/dags/schools_to_s3_to_snowflake.py for tasks to queue
[2026-04-10T00:21:04.034+0000] {logging_mixin.py:188} INFO - [2026-04-10T00:21:04.034+0000] {dagbag.py:538} INFO - Filling up the DagBag from /opt/airflow/dags/schools_to_s3_to_snowflake.py
[2026-04-10T00:21:04.255+0000] {processor.py:840} INFO - DAG(s) 'schools_to_s3_to_snowflake' retrieved from /opt/airflow/dags/schools_to_s3_to_snowflake.py
[2026-04-10T00:21:04.261+0000] {logging_mixin.py:188} INFO - [2026-04-10T00:21:04.261+0000] {dag.py:3036} INFO - Sync 1 DAGs
[2026-04-10T00:21:04.267+0000] {logging_mixin.py:188} INFO - [2026-04-10T00:21:04.267+0000] {dag.py:3823} INFO - Setting next_dagrun for schools_to_s3_to_snowflake to 2026-09-01 00:00:00+00:00, run_after=2027-09-01 00:00:00+00:00
[2026-04-10T00:21:04.273+0000] {processor.py:183} INFO - Processing /opt/airflow/dags/schools_to_s3_to_snowflake.py took 0.241 seconds
[2026-04-10T00:21:34.802+0000] {processor.py:161} INFO - Started process (PID=15723) to work on /opt/airflow/dags/schools_to_s3_to_snowflake.py
[2026-04-10T00:21:34.803+0000] {processor.py:830} INFO - Processing file /opt/airflow/dags/schools_to_s3_to_snowflake.py for tasks to queue
[2026-04-10T00:21:34.805+0000] {logging_mixin.py:188} INFO - [2026-04-10T00:21:34.804+0000] {dagbag.py:538} INFO - Filling up the DagBag from /opt/airflow/dags/schools_to_s3_to_snowflake.py
[2026-04-10T00:21:35.056+0000] {processor.py:840} INFO - DAG(s) 'schools_to_s3_to_snowflake' retrieved from /opt/airflow/dags/schools_to_s3_to_snowflake.py
[2026-04-10T00:21:35.066+0000] {logging_mixin.py:188} INFO - [2026-04-10T00:21:35.066+0000] {dag.py:3036} INFO - Sync 1 DAGs
[2026-04-10T00:21:35.076+0000] {logging_mixin.py:188} INFO - [2026-04-10T00:21:35.076+0000] {dag.py:3823} INFO - Setting next_dagrun for schools_to_s3_to_snowflake to 2026-09-01 00:00:00+00:00, run_after=2027-09-01 00:00:00+00:00
[2026-04-10T00:21:35.082+0000] {processor.py:183} INFO - Processing /opt/airflow/dags/schools_to_s3_to_snowflake.py took 0.282 seconds
[2026-04-10T00:22:05.312+0000] {processor.py:161} INFO - Started process (PID=15806) to work on /opt/airflow/dags/schools_to_s3_to_snowflake.py
[2026-04-10T00:22:05.312+0000] {processor.py:830} INFO - Processing file /opt/airflow/dags/schools_to_s3_to_snowflake.py for tasks to queue
[2026-04-10T00:22:05.314+0000] {logging_mixin.py:188} INFO - [2026-04-10T00:22:05.314+0000] {dagbag.py:538} INFO - Filling up the DagBag from /opt/airflow/dags/schools_to_s3_to_snowflake.py
[2026-04-10T00:22:05.587+0000] {processor.py:840} INFO - DAG(s) 'schools_to_s3_to_snowflake' retrieved from /opt/airflow/dags/schools_to_s3_to_snowflake.py
[2026-04-10T00:22:05.596+0000] {logging_mixin.py:188} INFO - [2026-04-10T00:22:05.594+0000] {dag.py:3036} INFO - Sync 1 DAGs
[2026-04-10T00:22:05.604+0000] {logging_mixin.py:188} INFO - [2026-04-10T00:22:05.604+0000] {dag.py:3823} INFO - Setting next_dagrun for schools_to_s3_to_snowflake to 2026-09-01 00:00:00+00:00, run_after=2027-09-01 00:00:00+00:00
[2026-04-10T00:22:05.615+0000] {processor.py:183} INFO - Processing /opt/airflow/dags/schools_to_s3_to_snowflake.py took 0.304 seconds
[2026-04-10T00:22:35.773+0000] {processor.py:161} INFO - Started process (PID=15886) to work on /opt/airflow/dags/schools_to_s3_to_snowflake.py
[2026-04-10T00:22:35.773+0000] {processor.py:830} INFO - Processing file /opt/airflow/dags/schools_to_s3_to_snowflake.py for tasks to queue
[2026-04-10T00:22:35.774+0000] {logging_mixin.py:188} INFO - [2026-04-10T00:22:35.774+0000] {dagbag.py:538} INFO - Filling up the DagBag from /opt/airflow/dags/schools_to_s3_to_snowflake.py
[2026-04-10T00:22:36.032+0000] {processor.py:840} INFO - DAG(s) 'schools_to_s3_to_snowflake' retrieved from /opt/airflow/dags/schools_to_s3_to_snowflake.py
[2026-04-10T00:22:36.039+0000] {logging_mixin.py:188} INFO - [2026-04-10T00:22:36.039+0000] {dag.py:3036} INFO - Sync 1 DAGs
[2026-04-10T00:22:36.048+0000] {logging_mixin.py:188} INFO - [2026-04-10T00:22:36.048+0000] {dag.py:3823} INFO - Setting next_dagrun for schools_to_s3_to_snowflake to 2026-09-01 00:00:00+00:00, run_after=2027-09-01 00:00:00+00:00
[2026-04-10T00:22:36.056+0000] {processor.py:183} INFO - Processing /opt/airflow/dags/schools_to_s3_to_snowflake.py took 0.285 seconds
[2026-04-10T00:23:06.213+0000] {processor.py:161} INFO - Started process (PID=15967) to work on /opt/airflow/dags/schools_to_s3_to_snowflake.py
[2026-04-10T00:23:06.214+0000] {processor.py:830} INFO - Processing file /opt/airflow/dags/schools_to_s3_to_snowflake.py for tasks to queue
[2026-04-10T00:23:06.215+0000] {logging_mixin.py:188} INFO - [2026-04-10T00:23:06.215+0000] {dagbag.py:538} INFO - Filling up the DagBag from /opt/airflow/dags/schools_to_s3_to_snowflake.py
[2026-04-10T00:23:06.475+0000] {processor.py:840} INFO - DAG(s) 'schools_to_s3_to_snowflake' retrieved from /opt/airflow/dags/schools_to_s3_to_snowflake.py
[2026-04-10T00:23:06.485+0000] {logging_mixin.py:188} INFO - [2026-04-10T00:23:06.485+0000] {dag.py:3036} INFO - Sync 1 DAGs
[2026-04-10T00:23:06.495+0000] {logging_mixin.py:188} INFO - [2026-04-10T00:23:06.495+0000] {dag.py:3823} INFO - Setting next_dagrun for schools_to_s3_to_snowflake to 2026-09-01 00:00:00+00:00, run_after=2027-09-01 00:00:00+00:00
[2026-04-10T00:23:06.504+0000] {processor.py:183} INFO - Processing /opt/airflow/dags/schools_to_s3_to_snowflake.py took 0.293 seconds
[2026-04-10T00:23:36.969+0000] {processor.py:161} INFO - Started process (PID=16052) to work on /opt/airflow/dags/schools_to_s3_to_snowflake.py
[2026-04-10T00:23:36.969+0000] {processor.py:830} INFO - Processing file /opt/airflow/dags/schools_to_s3_to_snowflake.py for tasks to queue
[2026-04-10T00:23:36.970+0000] {logging_mixin.py:188} INFO - [2026-04-10T00:23:36.970+0000] {dagbag.py:538} INFO - Filling up the DagBag from /opt/airflow/dags/schools_to_s3_to_snowflake.py
[2026-04-10T00:23:37.197+0000] {processor.py:840} INFO - DAG(s) 'schools_to_s3_to_snowflake' retrieved from /opt/airflow/dags/schools_to_s3_to_snowflake.py
[2026-04-10T00:23:37.203+0000] {logging_mixin.py:188} INFO - [2026-04-10T00:23:37.203+0000] {dag.py:3036} INFO - Sync 1 DAGs
[2026-04-10T00:23:37.209+0000] {logging_mixin.py:188} INFO - [2026-04-10T00:23:37.209+0000] {dag.py:3823} INFO - Setting next_dagrun for schools_to_s3_to_snowflake to 2026-09-01 00:00:00+00:00, run_after=2027-09-01 00:00:00+00:00
[2026-04-10T00:23:37.215+0000] {processor.py:183} INFO - Processing /opt/airflow/dags/schools_to_s3_to_snowflake.py took 0.247 seconds
[2026-04-10T00:24:07.554+0000] {processor.py:161} INFO - Started process (PID=16130) to work on /opt/airflow/dags/schools_to_s3_to_snowflake.py
[2026-04-10T00:24:07.555+0000] {processor.py:830} INFO - Processing file /opt/airflow/dags/schools_to_s3_to_snowflake.py for tasks to queue
[2026-04-10T00:24:07.556+0000] {logging_mixin.py:188} INFO - [2026-04-10T00:24:07.556+0000] {dagbag.py:538} INFO - Filling up the DagBag from /opt/airflow/dags/schools_to_s3_to_snowflake.py
[2026-04-10T00:24:07.805+0000] {processor.py:840} INFO - DAG(s) 'schools_to_s3_to_snowflake' retrieved from /opt/airflow/dags/schools_to_s3_to_snowflake.py
[2026-04-10T00:24:07.814+0000] {logging_mixin.py:188} INFO - [2026-04-10T00:24:07.814+0000] {dag.py:3036} INFO - Sync 1 DAGs
[2026-04-10T00:24:07.821+0000] {logging_mixin.py:188} INFO - [2026-04-10T00:24:07.821+0000] {dag.py:3823} INFO - Setting next_dagrun for schools_to_s3_to_snowflake to 2026-09-01 00:00:00+00:00, run_after=2027-09-01 00:00:00+00:00
[2026-04-10T00:24:07.827+0000] {processor.py:183} INFO - Processing /opt/airflow/dags/schools_to_s3_to_snowflake.py took 0.274 seconds
[2026-04-10T00:24:38.832+0000] {processor.py:161} INFO - Started process (PID=16210) to work on /opt/airflow/dags/schools_to_s3_to_snowflake.py
[2026-04-10T00:24:38.835+0000] {processor.py:830} INFO - Processing file /opt/airflow/dags/schools_to_s3_to_snowflake.py for tasks to queue
[2026-04-10T00:24:38.837+0000] {logging_mixin.py:188} INFO - [2026-04-10T00:24:38.837+0000] {dagbag.py:538} INFO - Filling up the DagBag from /opt/airflow/dags/schools_to_s3_to_snowflake.py
[2026-04-10T00:24:39.016+0000] {processor.py:840} INFO - DAG(s) 'schools_to_s3_to_snowflake' retrieved from /opt/airflow/dags/schools_to_s3_to_snowflake.py
[2026-04-10T00:24:39.026+0000] {logging_mixin.py:188} INFO - [2026-04-10T00:24:39.026+0000] {dag.py:3036} INFO - Sync 1 DAGs
[2026-04-10T00:24:39.039+0000] {logging_mixin.py:188} INFO - [2026-04-10T00:24:39.039+0000] {dag.py:3823} INFO - Setting next_dagrun for schools_to_s3_to_snowflake to 2026-09-01 00:00:00+00:00, run_after=2027-09-01 00:00:00+00:00
[2026-04-10T00:24:39.047+0000] {processor.py:183} INFO - Processing /opt/airflow/dags/schools_to_s3_to_snowflake.py took 0.219 seconds
[2026-04-10T00:25:09.783+0000] {processor.py:161} INFO - Started process (PID=16290) to work on /opt/airflow/dags/schools_to_s3_to_snowflake.py
[2026-04-10T00:25:09.784+0000] {processor.py:830} INFO - Processing file /opt/airflow/dags/schools_to_s3_to_snowflake.py for tasks to queue
[2026-04-10T00:25:09.787+0000] {logging_mixin.py:188} INFO - [2026-04-10T00:25:09.787+0000] {dagbag.py:538} INFO - Filling up the DagBag from /opt/airflow/dags/schools_to_s3_to_snowflake.py
[2026-04-10T00:25:09.968+0000] {processor.py:840} INFO - DAG(s) 'schools_to_s3_to_snowflake' retrieved from /opt/airflow/dags/schools_to_s3_to_snowflake.py
[2026-04-10T00:25:09.976+0000] {logging_mixin.py:188} INFO - [2026-04-10T00:25:09.976+0000] {dag.py:3036} INFO - Sync 1 DAGs
[2026-04-10T00:25:09.988+0000] {logging_mixin.py:188} INFO - [2026-04-10T00:25:09.988+0000] {dag.py:3823} INFO - Setting next_dagrun for schools_to_s3_to_snowflake to 2026-09-01 00:00:00+00:00, run_after=2027-09-01 00:00:00+00:00
[2026-04-10T00:25:09.997+0000] {processor.py:183} INFO - Processing /opt/airflow/dags/schools_to_s3_to_snowflake.py took 0.218 seconds
[2026-04-10T00:25:40.744+0000] {processor.py:161} INFO - Started process (PID=16370) to work on /opt/airflow/dags/schools_to_s3_to_snowflake.py
[2026-04-10T00:25:40.745+0000] {processor.py:830} INFO - Processing file /opt/airflow/dags/schools_to_s3_to_snowflake.py for tasks to queue
[2026-04-10T00:25:40.747+0000] {logging_mixin.py:188} INFO - [2026-04-10T00:25:40.747+0000] {dagbag.py:538} INFO - Filling up the DagBag from /opt/airflow/dags/schools_to_s3_to_snowflake.py
[2026-04-10T00:25:40.926+0000] {processor.py:840} INFO - DAG(s) 'schools_to_s3_to_snowflake' retrieved from /opt/airflow/dags/schools_to_s3_to_snowflake.py
[2026-04-10T00:25:40.936+0000] {logging_mixin.py:188} INFO - [2026-04-10T00:25:40.936+0000] {dag.py:3036} INFO - Sync 1 DAGs
[2026-04-10T00:25:40.944+0000] {logging_mixin.py:188} INFO - [2026-04-10T00:25:40.944+0000] {dag.py:3823} INFO - Setting next_dagrun for schools_to_s3_to_snowflake to 2026-09-01 00:00:00+00:00, run_after=2027-09-01 00:00:00+00:00
[2026-04-10T00:25:40.952+0000] {processor.py:183} INFO - Processing /opt/airflow/dags/schools_to_s3_to_snowflake.py took 0.213 seconds
[2026-04-10T00:26:11.952+0000] {processor.py:161} INFO - Started process (PID=16455) to work on /opt/airflow/dags/schools_to_s3_to_snowflake.py
[2026-04-10T00:26:11.954+0000] {processor.py:830} INFO - Processing file /opt/airflow/dags/schools_to_s3_to_snowflake.py for tasks to queue
[2026-04-10T00:26:11.958+0000] {logging_mixin.py:188} INFO - [2026-04-10T00:26:11.958+0000] {dagbag.py:538} INFO - Filling up the DagBag from /opt/airflow/dags/schools_to_s3_to_snowflake.py
[2026-04-10T00:26:12.138+0000] {processor.py:840} INFO - DAG(s) 'schools_to_s3_to_snowflake' retrieved from /opt/airflow/dags/schools_to_s3_to_snowflake.py
[2026-04-10T00:26:12.148+0000] {logging_mixin.py:188} INFO - [2026-04-10T00:26:12.147+0000] {dag.py:3036} INFO - Sync 1 DAGs
[2026-04-10T00:26:12.158+0000] {logging_mixin.py:188} INFO - [2026-04-10T00:26:12.158+0000] {dag.py:3823} INFO - Setting next_dagrun for schools_to_s3_to_snowflake to 2026-09-01 00:00:00+00:00, run_after=2027-09-01 00:00:00+00:00
[2026-04-10T00:26:12.168+0000] {processor.py:183} INFO - Processing /opt/airflow/dags/schools_to_s3_to_snowflake.py took 0.221 seconds
[2026-04-10T00:26:42.931+0000] {processor.py:161} INFO - Started process (PID=16534) to work on /opt/airflow/dags/schools_to_s3_to_snowflake.py
[2026-04-10T00:26:42.932+0000] {processor.py:830} INFO - Processing file /opt/airflow/dags/schools_to_s3_to_snowflake.py for tasks to queue
[2026-04-10T00:26:42.935+0000] {logging_mixin.py:188} INFO - [2026-04-10T00:26:42.934+0000] {dagbag.py:538} INFO - Filling up the DagBag from /opt/airflow/dags/schools_to_s3_to_snowflake.py
[2026-04-10T00:26:43.115+0000] {processor.py:840} INFO - DAG(s) 'schools_to_s3_to_snowflake' retrieved from /opt/airflow/dags/schools_to_s3_to_snowflake.py
[2026-04-10T00:26:43.124+0000] {logging_mixin.py:188} INFO - [2026-04-10T00:26:43.124+0000] {dag.py:3036} INFO - Sync 1 DAGs
[2026-04-10T00:26:43.134+0000] {logging_mixin.py:188} INFO - [2026-04-10T00:26:43.134+0000] {dag.py:3823} INFO - Setting next_dagrun for schools_to_s3_to_snowflake to 2026-09-01 00:00:00+00:00, run_after=2027-09-01 00:00:00+00:00
[2026-04-10T00:26:43.144+0000] {processor.py:183} INFO - Processing /opt/airflow/dags/schools_to_s3_to_snowflake.py took 0.217 seconds
[2026-04-10T00:27:13.892+0000] {processor.py:161} INFO - Started process (PID=16613) to work on /opt/airflow/dags/schools_to_s3_to_snowflake.py
[2026-04-10T00:27:13.894+0000] {processor.py:830} INFO - Processing file /opt/airflow/dags/schools_to_s3_to_snowflake.py for tasks to queue
[2026-04-10T00:27:13.897+0000] {logging_mixin.py:188} INFO - [2026-04-10T00:27:13.897+0000] {dagbag.py:538} INFO - Filling up the DagBag from /opt/airflow/dags/schools_to_s3_to_snowflake.py
[2026-04-10T00:27:14.072+0000] {processor.py:840} INFO - DAG(s) 'schools_to_s3_to_snowflake' retrieved from /opt/airflow/dags/schools_to_s3_to_snowflake.py
[2026-04-10T00:27:14.085+0000] {logging_mixin.py:188} INFO - [2026-04-10T00:27:14.084+0000] {dag.py:3036} INFO - Sync 1 DAGs
[2026-04-10T00:27:14.169+0000] {logging_mixin.py:188} INFO - [2026-04-10T00:27:14.169+0000] {dag.py:3823} INFO - Setting next_dagrun for schools_to_s3_to_snowflake to 2026-09-01 00:00:00+00:00, run_after=2027-09-01 00:00:00+00:00
[2026-04-10T00:27:14.178+0000] {processor.py:183} INFO - Processing /opt/airflow/dags/schools_to_s3_to_snowflake.py took 0.290 seconds
[2026-04-10T00:27:44.277+0000] {processor.py:161} INFO - Started process (PID=16693) to work on /opt/airflow/dags/schools_to_s3_to_snowflake.py
[2026-04-10T00:27:44.277+0000] {processor.py:830} INFO - Processing file /opt/airflow/dags/schools_to_s3_to_snowflake.py for tasks to queue
[2026-04-10T00:27:44.279+0000] {logging_mixin.py:188} INFO - [2026-04-10T00:27:44.278+0000] {dagbag.py:538} INFO - Filling up the DagBag from /opt/airflow/dags/schools_to_s3_to_snowflake.py
[2026-04-10T00:27:44.528+0000] {processor.py:840} INFO - DAG(s) 'schools_to_s3_to_snowflake' retrieved from /opt/airflow/dags/schools_to_s3_to_snowflake.py
[2026-04-10T00:27:44.537+0000] {logging_mixin.py:188} INFO - [2026-04-10T00:27:44.537+0000] {dag.py:3036} INFO - Sync 1 DAGs
[2026-04-10T00:27:44.547+0000] {logging_mixin.py:188} INFO - [2026-04-10T00:27:44.547+0000] {dag.py:3823} INFO - Setting next_dagrun for schools_to_s3_to_snowflake to 2026-09-01 00:00:00+00:00, run_after=2027-09-01 00:00:00+00:00
[2026-04-10T00:27:44.558+0000] {processor.py:183} INFO - Processing /opt/airflow/dags/schools_to_s3_to_snowflake.py took 0.283 seconds
[2026-04-10T00:28:14.595+0000] {processor.py:161} INFO - Started process (PID=16769) to work on /opt/airflow/dags/schools_to_s3_to_snowflake.py
[2026-04-10T00:28:14.596+0000] {processor.py:830} INFO - Processing file /opt/airflow/dags/schools_to_s3_to_snowflake.py for tasks to queue
[2026-04-10T00:28:14.597+0000] {logging_mixin.py:188} INFO - [2026-04-10T00:28:14.597+0000] {dagbag.py:538} INFO - Filling up the DagBag from /opt/airflow/dags/schools_to_s3_to_snowflake.py
[2026-04-10T00:28:14.839+0000] {processor.py:840} INFO - DAG(s) 'schools_to_s3_to_snowflake' retrieved from /opt/airflow/dags/schools_to_s3_to_snowflake.py
[2026-04-10T00:28:14.850+0000] {logging_mixin.py:188} INFO - [2026-04-10T00:28:14.850+0000] {dag.py:3036} INFO - Sync 1 DAGs
[2026-04-10T00:28:14.860+0000] {logging_mixin.py:188} INFO - [2026-04-10T00:28:14.860+0000] {dag.py:3823} INFO - Setting next_dagrun for schools_to_s3_to_snowflake to 2026-09-01 00:00:00+00:00, run_after=2027-09-01 00:00:00+00:00
[2026-04-10T00:28:14.867+0000] {processor.py:183} INFO - Processing /opt/airflow/dags/schools_to_s3_to_snowflake.py took 0.273 seconds
[2026-04-10T00:28:45.020+0000] {processor.py:161} INFO - Started process (PID=16850) to work on /opt/airflow/dags/schools_to_s3_to_snowflake.py
[2026-04-10T00:28:45.020+0000] {processor.py:830} INFO - Processing file /opt/airflow/dags/schools_to_s3_to_snowflake.py for tasks to queue
[2026-04-10T00:28:45.021+0000] {logging_mixin.py:188} INFO - [2026-04-10T00:28:45.021+0000] {dagbag.py:538} INFO - Filling up the DagBag from /opt/airflow/dags/schools_to_s3_to_snowflake.py
[2026-04-10T00:28:45.265+0000] {processor.py:840} INFO - DAG(s) 'schools_to_s3_to_snowflake' retrieved from /opt/airflow/dags/schools_to_s3_to_snowflake.py
[2026-04-10T00:28:45.272+0000] {logging_mixin.py:188} INFO - [2026-04-10T00:28:45.272+0000] {dag.py:3036} INFO - Sync 1 DAGs
[2026-04-10T00:28:45.279+0000] {logging_mixin.py:188} INFO - [2026-04-10T00:28:45.279+0000] {dag.py:3823} INFO - Setting next_dagrun for schools_to_s3_to_snowflake to 2026-09-01 00:00:00+00:00, run_after=2027-09-01 00:00:00+00:00
[2026-04-10T00:28:45.284+0000] {processor.py:183} INFO - Processing /opt/airflow/dags/schools_to_s3_to_snowflake.py took 0.266 seconds
[2026-04-10T00:29:16.723+0000] {processor.py:161} INFO - Started process (PID=16926) to work on /opt/airflow/dags/schools_to_s3_to_snowflake.py
[2026-04-10T00:29:16.723+0000] {processor.py:830} INFO - Processing file /opt/airflow/dags/schools_to_s3_to_snowflake.py for tasks to queue
[2026-04-10T00:29:16.724+0000] {logging_mixin.py:188} INFO - [2026-04-10T00:29:16.724+0000] {dagbag.py:538} INFO - Filling up the DagBag from /opt/airflow/dags/schools_to_s3_to_snowflake.py
[2026-04-10T00:29:16.962+0000] {processor.py:840} INFO - DAG(s) 'schools_to_s3_to_snowflake' retrieved from /opt/airflow/dags/schools_to_s3_to_snowflake.py
[2026-04-10T00:29:16.971+0000] {logging_mixin.py:188} INFO - [2026-04-10T00:29:16.970+0000] {dag.py:3036} INFO - Sync 1 DAGs
[2026-04-10T00:29:16.979+0000] {logging_mixin.py:188} INFO - [2026-04-10T00:29:16.979+0000] {dag.py:3823} INFO - Setting next_dagrun for schools_to_s3_to_snowflake to 2026-09-01 00:00:00+00:00, run_after=2027-09-01 00:00:00+00:00
[2026-04-10T00:29:16.989+0000] {processor.py:183} INFO - Processing /opt/airflow/dags/schools_to_s3_to_snowflake.py took 0.268 seconds
[2026-04-10T00:29:47.056+0000] {processor.py:161} INFO - Started process (PID=17006) to work on /opt/airflow/dags/schools_to_s3_to_snowflake.py
[2026-04-10T00:29:47.057+0000] {processor.py:830} INFO - Processing file /opt/airflow/dags/schools_to_s3_to_snowflake.py for tasks to queue
[2026-04-10T00:29:47.058+0000] {logging_mixin.py:188} INFO - [2026-04-10T00:29:47.057+0000] {dagbag.py:538} INFO - Filling up the DagBag from /opt/airflow/dags/schools_to_s3_to_snowflake.py
[2026-04-10T00:29:47.296+0000] {processor.py:840} INFO - DAG(s) 'schools_to_s3_to_snowflake' retrieved from /opt/airflow/dags/schools_to_s3_to_snowflake.py
[2026-04-10T00:29:47.304+0000] {logging_mixin.py:188} INFO - [2026-04-10T00:29:47.304+0000] {dag.py:3036} INFO - Sync 1 DAGs
[2026-04-10T00:29:47.311+0000] {logging_mixin.py:188} INFO - [2026-04-10T00:29:47.311+0000] {dag.py:3823} INFO - Setting next_dagrun for schools_to_s3_to_snowflake to 2026-09-01 00:00:00+00:00, run_after=2027-09-01 00:00:00+00:00
[2026-04-10T00:29:47.323+0000] {processor.py:183} INFO - Processing /opt/airflow/dags/schools_to_s3_to_snowflake.py took 0.268 seconds
[2026-04-10T00:30:17.598+0000] {processor.py:161} INFO - Started process (PID=17086) to work on /opt/airflow/dags/schools_to_s3_to_snowflake.py
[2026-04-10T00:30:17.599+0000] {processor.py:830} INFO - Processing file /opt/airflow/dags/schools_to_s3_to_snowflake.py for tasks to queue
[2026-04-10T00:30:17.601+0000] {logging_mixin.py:188} INFO - [2026-04-10T00:30:17.601+0000] {dagbag.py:538} INFO - Filling up the DagBag from /opt/airflow/dags/schools_to_s3_to_snowflake.py
[2026-04-10T00:30:17.873+0000] {processor.py:840} INFO - DAG(s) 'schools_to_s3_to_snowflake' retrieved from /opt/airflow/dags/schools_to_s3_to_snowflake.py
[2026-04-10T00:30:17.883+0000] {logging_mixin.py:188} INFO - [2026-04-10T00:30:17.883+0000] {dag.py:3036} INFO - Sync 1 DAGs
[2026-04-10T00:30:17.891+0000] {logging_mixin.py:188} INFO - [2026-04-10T00:30:17.891+0000] {dag.py:3823} INFO - Setting next_dagrun for schools_to_s3_to_snowflake to 2026-09-01 00:00:00+00:00, run_after=2027-09-01 00:00:00+00:00
[2026-04-10T00:30:17.903+0000] {processor.py:183} INFO - Processing /opt/airflow/dags/schools_to_s3_to_snowflake.py took 0.307 seconds
[2026-04-10T00:30:48.575+0000] {processor.py:161} INFO - Started process (PID=17166) to work on /opt/airflow/dags/schools_to_s3_to_snowflake.py
[2026-04-10T00:30:48.576+0000] {processor.py:830} INFO - Processing file /opt/airflow/dags/schools_to_s3_to_snowflake.py for tasks to queue
[2026-04-10T00:30:48.578+0000] {logging_mixin.py:188} INFO - [2026-04-10T00:30:48.578+0000] {dagbag.py:538} INFO - Filling up the DagBag from /opt/airflow/dags/schools_to_s3_to_snowflake.py
[2026-04-10T00:30:48.856+0000] {processor.py:840} INFO - DAG(s) 'schools_to_s3_to_snowflake' retrieved from /opt/airflow/dags/schools_to_s3_to_snowflake.py
[2026-04-10T00:30:48.867+0000] {logging_mixin.py:188} INFO - [2026-04-10T00:30:48.867+0000] {dag.py:3036} INFO - Sync 1 DAGs
[2026-04-10T00:30:48.875+0000] {logging_mixin.py:188} INFO - [2026-04-10T00:30:48.875+0000] {dag.py:3823} INFO - Setting next_dagrun for schools_to_s3_to_snowflake to 2026-09-01 00:00:00+00:00, run_after=2027-09-01 00:00:00+00:00
[2026-04-10T00:30:48.882+0000] {processor.py:183} INFO - Processing /opt/airflow/dags/schools_to_s3_to_snowflake.py took 0.308 seconds
[2026-04-10T00:31:19.485+0000] {processor.py:161} INFO - Started process (PID=17246) to work on /opt/airflow/dags/schools_to_s3_to_snowflake.py
[2026-04-10T00:31:19.486+0000] {processor.py:830} INFO - Processing file /opt/airflow/dags/schools_to_s3_to_snowflake.py for tasks to queue
[2026-04-10T00:31:19.488+0000] {logging_mixin.py:188} INFO - [2026-04-10T00:31:19.488+0000] {dagbag.py:538} INFO - Filling up the DagBag from /opt/airflow/dags/schools_to_s3_to_snowflake.py
[2026-04-10T00:31:19.762+0000] {processor.py:840} INFO - DAG(s) 'schools_to_s3_to_snowflake' retrieved from /opt/airflow/dags/schools_to_s3_to_snowflake.py
[2026-04-10T00:31:19.772+0000] {logging_mixin.py:188} INFO - [2026-04-10T00:31:19.772+0000] {dag.py:3036} INFO - Sync 1 DAGs
[2026-04-10T00:31:19.779+0000] {logging_mixin.py:188} INFO - [2026-04-10T00:31:19.779+0000] {dag.py:3823} INFO - Setting next_dagrun for schools_to_s3_to_snowflake to 2026-09-01 00:00:00+00:00, run_after=2027-09-01 00:00:00+00:00
[2026-04-10T00:31:19.787+0000] {processor.py:183} INFO - Processing /opt/airflow/dags/schools_to_s3_to_snowflake.py took 0.304 seconds
[2026-04-10T00:31:50.649+0000] {processor.py:161} INFO - Started process (PID=17326) to work on /opt/airflow/dags/schools_to_s3_to_snowflake.py
[2026-04-10T00:31:50.651+0000] {processor.py:830} INFO - Processing file /opt/airflow/dags/schools_to_s3_to_snowflake.py for tasks to queue
[2026-04-10T00:31:50.652+0000] {logging_mixin.py:188} INFO - [2026-04-10T00:31:50.652+0000] {dagbag.py:538} INFO - Filling up the DagBag from /opt/airflow/dags/schools_to_s3_to_snowflake.py
[2026-04-10T00:31:50.848+0000] {processor.py:840} INFO - DAG(s) 'schools_to_s3_to_snowflake' retrieved from /opt/airflow/dags/schools_to_s3_to_snowflake.py
[2026-04-10T00:31:50.858+0000] {logging_mixin.py:188} INFO - [2026-04-10T00:31:50.858+0000] {dag.py:3036} INFO - Sync 1 DAGs
[2026-04-10T00:31:50.867+0000] {logging_mixin.py:188} INFO - [2026-04-10T00:31:50.867+0000] {dag.py:3823} INFO - Setting next_dagrun for schools_to_s3_to_snowflake to 2026-09-01 00:00:00+00:00, run_after=2027-09-01 00:00:00+00:00
[2026-04-10T00:31:50.882+0000] {processor.py:183} INFO - Processing /opt/airflow/dags/schools_to_s3_to_snowflake.py took 0.235 seconds
[2026-04-10T00:32:21.024+0000] {processor.py:161} INFO - Started process (PID=17406) to work on /opt/airflow/dags/schools_to_s3_to_snowflake.py
[2026-04-10T00:32:21.025+0000] {processor.py:830} INFO - Processing file /opt/airflow/dags/schools_to_s3_to_snowflake.py for tasks to queue
[2026-04-10T00:32:21.026+0000] {logging_mixin.py:188} INFO - [2026-04-10T00:32:21.026+0000] {dagbag.py:538} INFO - Filling up the DagBag from /opt/airflow/dags/schools_to_s3_to_snowflake.py
[2026-04-10T00:32:21.219+0000] {processor.py:840} INFO - DAG(s) 'schools_to_s3_to_snowflake' retrieved from /opt/airflow/dags/schools_to_s3_to_snowflake.py
[2026-04-10T00:32:21.233+0000] {logging_mixin.py:188} INFO - [2026-04-10T00:32:21.233+0000] {dag.py:3036} INFO - Sync 1 DAGs
[2026-04-10T00:32:21.244+0000] {logging_mixin.py:188} INFO - [2026-04-10T00:32:21.243+0000] {dag.py:3823} INFO - Setting next_dagrun for schools_to_s3_to_snowflake to 2026-09-01 00:00:00+00:00, run_after=2027-09-01 00:00:00+00:00
[2026-04-10T00:32:21.257+0000] {processor.py:183} INFO - Processing /opt/airflow/dags/schools_to_s3_to_snowflake.py took 0.234 seconds
[2026-04-10T00:32:51.288+0000] {processor.py:161} INFO - Started process (PID=17486) to work on /opt/airflow/dags/schools_to_s3_to_snowflake.py
[2026-04-10T00:32:51.288+0000] {processor.py:830} INFO - Processing file /opt/airflow/dags/schools_to_s3_to_snowflake.py for tasks to queue
[2026-04-10T00:32:51.289+0000] {logging_mixin.py:188} INFO - [2026-04-10T00:32:51.289+0000] {dagbag.py:538} INFO - Filling up the DagBag from /opt/airflow/dags/schools_to_s3_to_snowflake.py
[2026-04-10T00:32:51.467+0000] {processor.py:840} INFO - DAG(s) 'schools_to_s3_to_snowflake' retrieved from /opt/airflow/dags/schools_to_s3_to_snowflake.py
[2026-04-10T00:32:51.476+0000] {logging_mixin.py:188} INFO - [2026-04-10T00:32:51.476+0000] {dag.py:3036} INFO - Sync 1 DAGs
[2026-04-10T00:32:51.486+0000] {logging_mixin.py:188} INFO - [2026-04-10T00:32:51.486+0000] {dag.py:3823} INFO - Setting next_dagrun for schools_to_s3_to_snowflake to 2026-09-01 00:00:00+00:00, run_after=2027-09-01 00:00:00+00:00
[2026-04-10T00:32:51.501+0000] {processor.py:183} INFO - Processing /opt/airflow/dags/schools_to_s3_to_snowflake.py took 0.214 seconds
[2026-04-10T00:33:22.287+0000] {processor.py:161} INFO - Started process (PID=17566) to work on /opt/airflow/dags/schools_to_s3_to_snowflake.py
[2026-04-10T00:33:22.288+0000] {processor.py:830} INFO - Processing file /opt/airflow/dags/schools_to_s3_to_snowflake.py for tasks to queue
[2026-04-10T00:33:22.289+0000] {logging_mixin.py:188} INFO - [2026-04-10T00:33:22.289+0000] {dagbag.py:538} INFO - Filling up the DagBag from /opt/airflow/dags/schools_to_s3_to_snowflake.py
[2026-04-10T00:33:22.462+0000] {processor.py:840} INFO - DAG(s) 'schools_to_s3_to_snowflake' retrieved from /opt/airflow/dags/schools_to_s3_to_snowflake.py
[2026-04-10T00:33:22.475+0000] {logging_mixin.py:188} INFO - [2026-04-10T00:33:22.475+0000] {dag.py:3036} INFO - Sync 1 DAGs
[2026-04-10T00:33:22.485+0000] {logging_mixin.py:188} INFO - [2026-04-10T00:33:22.485+0000] {dag.py:3823} INFO - Setting next_dagrun for schools_to_s3_to_snowflake to 2026-09-01 00:00:00+00:00, run_after=2027-09-01 00:00:00+00:00
[2026-04-10T00:33:22.491+0000] {processor.py:183} INFO - Processing /opt/airflow/dags/schools_to_s3_to_snowflake.py took 0.205 seconds
[2026-04-10T00:33:53.320+0000] {processor.py:161} INFO - Started process (PID=17646) to work on /opt/airflow/dags/schools_to_s3_to_snowflake.py
[2026-04-10T00:33:53.322+0000] {processor.py:830} INFO - Processing file /opt/airflow/dags/schools_to_s3_to_snowflake.py for tasks to queue
[2026-04-10T00:33:53.323+0000] {logging_mixin.py:188} INFO - [2026-04-10T00:33:53.323+0000] {dagbag.py:538} INFO - Filling up the DagBag from /opt/airflow/dags/schools_to_s3_to_snowflake.py
[2026-04-10T00:33:53.496+0000] {processor.py:840} INFO - DAG(s) 'schools_to_s3_to_snowflake' retrieved from /opt/airflow/dags/schools_to_s3_to_snowflake.py
[2026-04-10T00:33:53.505+0000] {logging_mixin.py:188} INFO - [2026-04-10T00:33:53.505+0000] {dag.py:3036} INFO - Sync 1 DAGs
[2026-04-10T00:33:53.516+0000] {logging_mixin.py:188} INFO - [2026-04-10T00:33:53.516+0000] {dag.py:3823} INFO - Setting next_dagrun for schools_to_s3_to_snowflake to 2026-09-01 00:00:00+00:00, run_after=2027-09-01 00:00:00+00:00
[2026-04-10T00:33:53.524+0000] {processor.py:183} INFO - Processing /opt/airflow/dags/schools_to_s3_to_snowflake.py took 0.205 seconds
[2026-04-10T00:34:24.295+0000] {processor.py:161} INFO - Started process (PID=17726) to work on /opt/airflow/dags/schools_to_s3_to_snowflake.py
[2026-04-10T00:34:24.296+0000] {processor.py:830} INFO - Processing file /opt/airflow/dags/schools_to_s3_to_snowflake.py for tasks to queue
[2026-04-10T00:34:24.297+0000] {logging_mixin.py:188} INFO - [2026-04-10T00:34:24.296+0000] {dagbag.py:538} INFO - Filling up the DagBag from /opt/airflow/dags/schools_to_s3_to_snowflake.py
[2026-04-10T00:34:24.470+0000] {processor.py:840} INFO - DAG(s) 'schools_to_s3_to_snowflake' retrieved from /opt/airflow/dags/schools_to_s3_to_snowflake.py
[2026-04-10T00:34:24.482+0000] {logging_mixin.py:188} INFO - [2026-04-10T00:34:24.482+0000] {dag.py:3036} INFO - Sync 1 DAGs
[2026-04-10T00:34:24.490+0000] {logging_mixin.py:188} INFO - [2026-04-10T00:34:24.490+0000] {dag.py:3823} INFO - Setting next_dagrun for schools_to_s3_to_snowflake to 2026-09-01 00:00:00+00:00, run_after=2027-09-01 00:00:00+00:00
[2026-04-10T00:34:24.496+0000] {processor.py:183} INFO - Processing /opt/airflow/dags/schools_to_s3_to_snowflake.py took 0.202 seconds
[2026-04-10T00:34:54.716+0000] {processor.py:161} INFO - Started process (PID=17806) to work on /opt/airflow/dags/schools_to_s3_to_snowflake.py
[2026-04-10T00:34:54.717+0000] {processor.py:830} INFO - Processing file /opt/airflow/dags/schools_to_s3_to_snowflake.py for tasks to queue
[2026-04-10T00:34:54.718+0000] {logging_mixin.py:188} INFO - [2026-04-10T00:34:54.718+0000] {dagbag.py:538} INFO - Filling up the DagBag from /opt/airflow/dags/schools_to_s3_to_snowflake.py
[2026-04-10T00:34:54.912+0000] {processor.py:840} INFO - DAG(s) 'schools_to_s3_to_snowflake' retrieved from /opt/airflow/dags/schools_to_s3_to_snowflake.py
[2026-04-10T00:34:54.921+0000] {logging_mixin.py:188} INFO - [2026-04-10T00:34:54.921+0000] {dag.py:3036} INFO - Sync 1 DAGs
[2026-04-10T00:34:55.004+0000] {logging_mixin.py:188} INFO - [2026-04-10T00:34:55.004+0000] {dag.py:3823} INFO - Setting next_dagrun for schools_to_s3_to_snowflake to 2026-09-01 00:00:00+00:00, run_after=2027-09-01 00:00:00+00:00
[2026-04-10T00:34:55.010+0000] {processor.py:183} INFO - Processing /opt/airflow/dags/schools_to_s3_to_snowflake.py took 0.295 seconds
[2026-04-10T00:35:26.048+0000] {processor.py:161} INFO - Started process (PID=17886) to work on /opt/airflow/dags/schools_to_s3_to_snowflake.py
[2026-04-10T00:35:26.049+0000] {processor.py:830} INFO - Processing file /opt/airflow/dags/schools_to_s3_to_snowflake.py for tasks to queue
[2026-04-10T00:35:26.050+0000] {logging_mixin.py:188} INFO - [2026-04-10T00:35:26.050+0000] {dagbag.py:538} INFO - Filling up the DagBag from /opt/airflow/dags/schools_to_s3_to_snowflake.py
[2026-04-10T00:35:26.307+0000] {processor.py:840} INFO - DAG(s) 'schools_to_s3_to_snowflake' retrieved from /opt/airflow/dags/schools_to_s3_to_snowflake.py
[2026-04-10T00:35:26.317+0000] {logging_mixin.py:188} INFO - [2026-04-10T00:35:26.317+0000] {dag.py:3036} INFO - Sync 1 DAGs
[2026-04-10T00:35:26.324+0000] {logging_mixin.py:188} INFO - [2026-04-10T00:35:26.324+0000] {dag.py:3823} INFO - Setting next_dagrun for schools_to_s3_to_snowflake to 2026-09-01 00:00:00+00:00, run_after=2027-09-01 00:00:00+00:00
[2026-04-10T00:35:26.330+0000] {processor.py:183} INFO - Processing /opt/airflow/dags/schools_to_s3_to_snowflake.py took 0.283 seconds
[2026-04-10T00:35:57.620+0000] {processor.py:161} INFO - Started process (PID=17966) to work on /opt/airflow/dags/schools_to_s3_to_snowflake.py
[2026-04-10T00:35:57.621+0000] {processor.py:830} INFO - Processing file /opt/airflow/dags/schools_to_s3_to_snowflake.py for tasks to queue
[2026-04-10T00:35:57.622+0000] {logging_mixin.py:188} INFO - [2026-04-10T00:35:57.621+0000] {dagbag.py:538} INFO - Filling up the DagBag from /opt/airflow/dags/schools_to_s3_to_snowflake.py
[2026-04-10T00:35:57.842+0000] {processor.py:840} INFO - DAG(s) 'schools_to_s3_to_snowflake' retrieved from /opt/airflow/dags/schools_to_s3_to_snowflake.py
[2026-04-10T00:35:57.847+0000] {logging_mixin.py:188} INFO - [2026-04-10T00:35:57.847+0000] {dag.py:3036} INFO - Sync 1 DAGs
[2026-04-10T00:35:57.854+0000] {logging_mixin.py:188} INFO - [2026-04-10T00:35:57.854+0000] {dag.py:3823} INFO - Setting next_dagrun for schools_to_s3_to_snowflake to 2026-09-01 00:00:00+00:00, run_after=2027-09-01 00:00:00+00:00
[2026-04-10T00:35:57.859+0000] {processor.py:183} INFO - Processing /opt/airflow/dags/schools_to_s3_to_snowflake.py took 0.240 seconds
[2026-04-10T00:36:28.133+0000] {processor.py:161} INFO - Started process (PID=18046) to work on /opt/airflow/dags/schools_to_s3_to_snowflake.py
[2026-04-10T00:36:28.134+0000] {processor.py:830} INFO - Processing file /opt/airflow/dags/schools_to_s3_to_snowflake.py for tasks to queue
[2026-04-10T00:36:28.135+0000] {logging_mixin.py:188} INFO - [2026-04-10T00:36:28.134+0000] {dagbag.py:538} INFO - Filling up the DagBag from /opt/airflow/dags/schools_to_s3_to_snowflake.py
[2026-04-10T00:36:28.352+0000] {processor.py:840} INFO - DAG(s) 'schools_to_s3_to_snowflake' retrieved from /opt/airflow/dags/schools_to_s3_to_snowflake.py
[2026-04-10T00:36:28.358+0000] {logging_mixin.py:188} INFO - [2026-04-10T00:36:28.358+0000] {dag.py:3036} INFO - Sync 1 DAGs
[2026-04-10T00:36:28.364+0000] {logging_mixin.py:188} INFO - [2026-04-10T00:36:28.364+0000] {dag.py:3823} INFO - Setting next_dagrun for schools_to_s3_to_snowflake to 2026-09-01 00:00:00+00:00, run_after=2027-09-01 00:00:00+00:00
[2026-04-10T00:36:28.369+0000] {processor.py:183} INFO - Processing /opt/airflow/dags/schools_to_s3_to_snowflake.py took 0.237 seconds
[2026-04-10T00:36:58.858+0000] {processor.py:161} INFO - Started process (PID=18126) to work on /opt/airflow/dags/schools_to_s3_to_snowflake.py
[2026-04-10T00:36:58.860+0000] {processor.py:830} INFO - Processing file /opt/airflow/dags/schools_to_s3_to_snowflake.py for tasks to queue
[2026-04-10T00:36:58.861+0000] {logging_mixin.py:188} INFO - [2026-04-10T00:36:58.861+0000] {dagbag.py:538} INFO - Filling up the DagBag from /opt/airflow/dags/schools_to_s3_to_snowflake.py
[2026-04-10T00:36:59.127+0000] {processor.py:840} INFO - DAG(s) 'schools_to_s3_to_snowflake' retrieved from /opt/airflow/dags/schools_to_s3_to_snowflake.py
[2026-04-10T00:36:59.136+0000] {logging_mixin.py:188} INFO - [2026-04-10T00:36:59.136+0000] {dag.py:3036} INFO - Sync 1 DAGs
[2026-04-10T00:36:59.145+0000] {logging_mixin.py:188} INFO - [2026-04-10T00:36:59.145+0000] {dag.py:3823} INFO - Setting next_dagrun for schools_to_s3_to_snowflake to 2026-09-01 00:00:00+00:00, run_after=2027-09-01 00:00:00+00:00
[2026-04-10T00:36:59.158+0000] {processor.py:183} INFO - Processing /opt/airflow/dags/schools_to_s3_to_snowflake.py took 0.301 seconds
[2026-04-10T00:37:29.401+0000] {processor.py:161} INFO - Started process (PID=18209) to work on /opt/airflow/dags/schools_to_s3_to_snowflake.py
[2026-04-10T00:37:29.402+0000] {processor.py:830} INFO - Processing file /opt/airflow/dags/schools_to_s3_to_snowflake.py for tasks to queue
[2026-04-10T00:37:29.402+0000] {logging_mixin.py:188} INFO - [2026-04-10T00:37:29.402+0000] {dagbag.py:538} INFO - Filling up the DagBag from /opt/airflow/dags/schools_to_s3_to_snowflake.py
[2026-04-10T00:37:29.646+0000] {processor.py:840} INFO - DAG(s) 'schools_to_s3_to_snowflake' retrieved from /opt/airflow/dags/schools_to_s3_to_snowflake.py
[2026-04-10T00:37:29.654+0000] {logging_mixin.py:188} INFO - [2026-04-10T00:37:29.654+0000] {dag.py:3036} INFO - Sync 1 DAGs
[2026-04-10T00:37:29.664+0000] {logging_mixin.py:188} INFO - [2026-04-10T00:37:29.663+0000] {dag.py:3823} INFO - Setting next_dagrun for schools_to_s3_to_snowflake to 2026-09-01 00:00:00+00:00, run_after=2027-09-01 00:00:00+00:00
[2026-04-10T00:37:29.673+0000] {processor.py:183} INFO - Processing /opt/airflow/dags/schools_to_s3_to_snowflake.py took 0.273 seconds
[2026-04-10T00:38:00.456+0000] {processor.py:161} INFO - Started process (PID=18286) to work on /opt/airflow/dags/schools_to_s3_to_snowflake.py
[2026-04-10T00:38:00.457+0000] {processor.py:830} INFO - Processing file /opt/airflow/dags/schools_to_s3_to_snowflake.py for tasks to queue
[2026-04-10T00:38:00.459+0000] {logging_mixin.py:188} INFO - [2026-04-10T00:38:00.459+0000] {dagbag.py:538} INFO - Filling up the DagBag from /opt/airflow/dags/schools_to_s3_to_snowflake.py
[2026-04-10T00:38:00.719+0000] {processor.py:840} INFO - DAG(s) 'schools_to_s3_to_snowflake' retrieved from /opt/airflow/dags/schools_to_s3_to_snowflake.py
[2026-04-10T00:38:00.728+0000] {logging_mixin.py:188} INFO - [2026-04-10T00:38:00.728+0000] {dag.py:3036} INFO - Sync 1 DAGs
[2026-04-10T00:38:00.736+0000] {logging_mixin.py:188} INFO - [2026-04-10T00:38:00.736+0000] {dag.py:3823} INFO - Setting next_dagrun for schools_to_s3_to_snowflake to 2026-09-01 00:00:00+00:00, run_after=2027-09-01 00:00:00+00:00
[2026-04-10T00:38:00.743+0000] {processor.py:183} INFO - Processing /opt/airflow/dags/schools_to_s3_to_snowflake.py took 0.288 seconds
[2026-04-10T00:38:31.416+0000] {processor.py:161} INFO - Started process (PID=18372) to work on /opt/airflow/dags/schools_to_s3_to_snowflake.py
[2026-04-10T00:38:31.417+0000] {processor.py:830} INFO - Processing file /opt/airflow/dags/schools_to_s3_to_snowflake.py for tasks to queue
[2026-04-10T00:38:31.418+0000] {logging_mixin.py:188} INFO - [2026-04-10T00:38:31.418+0000] {dagbag.py:538} INFO - Filling up the DagBag from /opt/airflow/dags/schools_to_s3_to_snowflake.py
[2026-04-10T00:38:31.650+0000] {processor.py:840} INFO - DAG(s) 'schools_to_s3_to_snowflake' retrieved from /opt/airflow/dags/schools_to_s3_to_snowflake.py
[2026-04-10T00:38:31.656+0000] {logging_mixin.py:188} INFO - [2026-04-10T00:38:31.656+0000] {dag.py:3036} INFO - Sync 1 DAGs
[2026-04-10T00:38:31.663+0000] {logging_mixin.py:188} INFO - [2026-04-10T00:38:31.663+0000] {dag.py:3823} INFO - Setting next_dagrun for schools_to_s3_to_snowflake to 2026-09-01 00:00:00+00:00, run_after=2027-09-01 00:00:00+00:00
[2026-04-10T00:38:31.668+0000] {processor.py:183} INFO - Processing /opt/airflow/dags/schools_to_s3_to_snowflake.py took 0.256 seconds
[2026-04-10T00:39:02.021+0000] {processor.py:161} INFO - Started process (PID=18452) to work on /opt/airflow/dags/schools_to_s3_to_snowflake.py
[2026-04-10T00:39:02.022+0000] {processor.py:830} INFO - Processing file /opt/airflow/dags/schools_to_s3_to_snowflake.py for tasks to queue
[2026-04-10T00:39:02.024+0000] {logging_mixin.py:188} INFO - [2026-04-10T00:39:02.024+0000] {dagbag.py:538} INFO - Filling up the DagBag from /opt/airflow/dags/schools_to_s3_to_snowflake.py
[2026-04-10T00:39:02.303+0000] {processor.py:840} INFO - DAG(s) 'schools_to_s3_to_snowflake' retrieved from /opt/airflow/dags/schools_to_s3_to_snowflake.py
[2026-04-10T00:39:02.310+0000] {logging_mixin.py:188} INFO - [2026-04-10T00:39:02.310+0000] {dag.py:3036} INFO - Sync 1 DAGs
[2026-04-10T00:39:02.317+0000] {logging_mixin.py:188} INFO - [2026-04-10T00:39:02.317+0000] {dag.py:3823} INFO - Setting next_dagrun for schools_to_s3_to_snowflake to 2026-09-01 00:00:00+00:00, run_after=2027-09-01 00:00:00+00:00
[2026-04-10T00:39:02.323+0000] {processor.py:183} INFO - Processing /opt/airflow/dags/schools_to_s3_to_snowflake.py took 0.304 seconds
[2026-04-10T00:39:32.889+0000] {processor.py:161} INFO - Started process (PID=18532) to work on /opt/airflow/dags/schools_to_s3_to_snowflake.py
[2026-04-10T00:39:32.889+0000] {processor.py:830} INFO - Processing file /opt/airflow/dags/schools_to_s3_to_snowflake.py for tasks to queue
[2026-04-10T00:39:32.890+0000] {logging_mixin.py:188} INFO - [2026-04-10T00:39:32.890+0000] {dagbag.py:538} INFO - Filling up the DagBag from /opt/airflow/dags/schools_to_s3_to_snowflake.py
[2026-04-10T00:39:33.126+0000] {processor.py:840} INFO - DAG(s) 'schools_to_s3_to_snowflake' retrieved from /opt/airflow/dags/schools_to_s3_to_snowflake.py
[2026-04-10T00:39:33.133+0000] {logging_mixin.py:188} INFO - [2026-04-10T00:39:33.133+0000] {dag.py:3036} INFO - Sync 1 DAGs
[2026-04-10T00:39:33.140+0000] {logging_mixin.py:188} INFO - [2026-04-10T00:39:33.140+0000] {dag.py:3823} INFO - Setting next_dagrun for schools_to_s3_to_snowflake to 2026-09-01 00:00:00+00:00, run_after=2027-09-01 00:00:00+00:00
[2026-04-10T00:39:33.145+0000] {processor.py:183} INFO - Processing /opt/airflow/dags/schools_to_s3_to_snowflake.py took 0.258 seconds
[2026-04-10T00:40:04.128+0000] {processor.py:161} INFO - Started process (PID=18612) to work on /opt/airflow/dags/schools_to_s3_to_snowflake.py
[2026-04-10T00:40:04.130+0000] {processor.py:830} INFO - Processing file /opt/airflow/dags/schools_to_s3_to_snowflake.py for tasks to queue
[2026-04-10T00:40:04.134+0000] {logging_mixin.py:188} INFO - [2026-04-10T00:40:04.132+0000] {dagbag.py:538} INFO - Filling up the DagBag from /opt/airflow/dags/schools_to_s3_to_snowflake.py
[2026-04-10T00:40:04.322+0000] {processor.py:840} INFO - DAG(s) 'schools_to_s3_to_snowflake' retrieved from /opt/airflow/dags/schools_to_s3_to_snowflake.py
[2026-04-10T00:40:04.333+0000] {logging_mixin.py:188} INFO - [2026-04-10T00:40:04.333+0000] {dag.py:3036} INFO - Sync 1 DAGs
[2026-04-10T00:40:04.345+0000] {logging_mixin.py:188} INFO - [2026-04-10T00:40:04.345+0000] {dag.py:3823} INFO - Setting next_dagrun for schools_to_s3_to_snowflake to 2026-09-01 00:00:00+00:00, run_after=2027-09-01 00:00:00+00:00
[2026-04-10T00:40:04.355+0000] {processor.py:183} INFO - Processing /opt/airflow/dags/schools_to_s3_to_snowflake.py took 0.231 seconds
[2026-04-10T00:40:34.510+0000] {processor.py:161} INFO - Started process (PID=18692) to work on /opt/airflow/dags/schools_to_s3_to_snowflake.py
[2026-04-10T00:40:34.512+0000] {processor.py:830} INFO - Processing file /opt/airflow/dags/schools_to_s3_to_snowflake.py for tasks to queue
[2026-04-10T00:40:34.517+0000] {logging_mixin.py:188} INFO - [2026-04-10T00:40:34.516+0000] {dagbag.py:538} INFO - Filling up the DagBag from /opt/airflow/dags/schools_to_s3_to_snowflake.py
[2026-04-10T00:40:34.720+0000] {processor.py:840} INFO - DAG(s) 'schools_to_s3_to_snowflake' retrieved from /opt/airflow/dags/schools_to_s3_to_snowflake.py
[2026-04-10T00:40:34.734+0000] {logging_mixin.py:188} INFO - [2026-04-10T00:40:34.734+0000] {dag.py:3036} INFO - Sync 1 DAGs
[2026-04-10T00:40:34.746+0000] {logging_mixin.py:188} INFO - [2026-04-10T00:40:34.746+0000] {dag.py:3823} INFO - Setting next_dagrun for schools_to_s3_to_snowflake to 2026-09-01 00:00:00+00:00, run_after=2027-09-01 00:00:00+00:00
[2026-04-10T00:40:34.757+0000] {processor.py:183} INFO - Processing /opt/airflow/dags/schools_to_s3_to_snowflake.py took 0.252 seconds
[2026-04-10T00:41:04.940+0000] {processor.py:161} INFO - Started process (PID=18772) to work on /opt/airflow/dags/schools_to_s3_to_snowflake.py
[2026-04-10T00:41:04.942+0000] {processor.py:830} INFO - Processing file /opt/airflow/dags/schools_to_s3_to_snowflake.py for tasks to queue
[2026-04-10T00:41:04.944+0000] {logging_mixin.py:188} INFO - [2026-04-10T00:41:04.944+0000] {dagbag.py:538} INFO - Filling up the DagBag from /opt/airflow/dags/schools_to_s3_to_snowflake.py
[2026-04-10T00:41:05.132+0000] {processor.py:840} INFO - DAG(s) 'schools_to_s3_to_snowflake' retrieved from /opt/airflow/dags/schools_to_s3_to_snowflake.py
[2026-04-10T00:41:05.144+0000] {logging_mixin.py:188} INFO - [2026-04-10T00:41:05.144+0000] {dag.py:3036} INFO - Sync 1 DAGs
[2026-04-10T00:41:05.155+0000] {logging_mixin.py:188} INFO - [2026-04-10T00:41:05.155+0000] {dag.py:3823} INFO - Setting next_dagrun for schools_to_s3_to_snowflake to 2026-09-01 00:00:00+00:00, run_after=2027-09-01 00:00:00+00:00
[2026-04-10T00:41:05.164+0000] {processor.py:183} INFO - Processing /opt/airflow/dags/schools_to_s3_to_snowflake.py took 0.229 seconds
[2026-04-10T00:41:35.377+0000] {processor.py:161} INFO - Started process (PID=18852) to work on /opt/airflow/dags/schools_to_s3_to_snowflake.py
[2026-04-10T00:41:35.379+0000] {processor.py:830} INFO - Processing file /opt/airflow/dags/schools_to_s3_to_snowflake.py for tasks to queue
[2026-04-10T00:41:35.382+0000] {logging_mixin.py:188} INFO - [2026-04-10T00:41:35.382+0000] {dagbag.py:538} INFO - Filling up the DagBag from /opt/airflow/dags/schools_to_s3_to_snowflake.py
[2026-04-10T00:41:35.578+0000] {processor.py:840} INFO - DAG(s) 'schools_to_s3_to_snowflake' retrieved from /opt/airflow/dags/schools_to_s3_to_snowflake.py
[2026-04-10T00:41:35.589+0000] {logging_mixin.py:188} INFO - [2026-04-10T00:41:35.589+0000] {dag.py:3036} INFO - Sync 1 DAGs
[2026-04-10T00:41:35.600+0000] {logging_mixin.py:188} INFO - [2026-04-10T00:41:35.600+0000] {dag.py:3823} INFO - Setting next_dagrun for schools_to_s3_to_snowflake to 2026-09-01 00:00:00+00:00, run_after=2027-09-01 00:00:00+00:00
[2026-04-10T00:41:35.610+0000] {processor.py:183} INFO - Processing /opt/airflow/dags/schools_to_s3_to_snowflake.py took 0.237 seconds
[2026-04-10T00:42:05.773+0000] {processor.py:161} INFO - Started process (PID=18932) to work on /opt/airflow/dags/schools_to_s3_to_snowflake.py
[2026-04-10T00:42:05.774+0000] {processor.py:830} INFO - Processing file /opt/airflow/dags/schools_to_s3_to_snowflake.py for tasks to queue
[2026-04-10T00:42:05.775+0000] {logging_mixin.py:188} INFO - [2026-04-10T00:42:05.775+0000] {dagbag.py:538} INFO - Filling up the DagBag from /opt/airflow/dags/schools_to_s3_to_snowflake.py
[2026-04-10T00:42:05.982+0000] {processor.py:840} INFO - DAG(s) 'schools_to_s3_to_snowflake' retrieved from /opt/airflow/dags/schools_to_s3_to_snowflake.py
[2026-04-10T00:42:05.991+0000] {logging_mixin.py:188} INFO - [2026-04-10T00:42:05.991+0000] {dag.py:3036} INFO - Sync 1 DAGs
[2026-04-10T00:42:06.001+0000] {logging_mixin.py:188} INFO - [2026-04-10T00:42:06.001+0000] {dag.py:3823} INFO - Setting next_dagrun for schools_to_s3_to_snowflake to 2026-09-01 00:00:00+00:00, run_after=2027-09-01 00:00:00+00:00
[2026-04-10T00:42:06.010+0000] {processor.py:183} INFO - Processing /opt/airflow/dags/schools_to_s3_to_snowflake.py took 0.238 seconds
[2026-04-10T00:42:36.126+0000] {processor.py:161} INFO - Started process (PID=19012) to work on /opt/airflow/dags/schools_to_s3_to_snowflake.py
[2026-04-10T00:42:36.126+0000] {processor.py:830} INFO - Processing file /opt/airflow/dags/schools_to_s3_to_snowflake.py for tasks to queue
[2026-04-10T00:42:36.127+0000] {logging_mixin.py:188} INFO - [2026-04-10T00:42:36.127+0000] {dagbag.py:538} INFO - Filling up the DagBag from /opt/airflow/dags/schools_to_s3_to_snowflake.py
[2026-04-10T00:42:36.314+0000] {processor.py:840} INFO - DAG(s) 'schools_to_s3_to_snowflake' retrieved from /opt/airflow/dags/schools_to_s3_to_snowflake.py
[2026-04-10T00:42:36.324+0000] {logging_mixin.py:188} INFO - [2026-04-10T00:42:36.324+0000] {dag.py:3036} INFO - Sync 1 DAGs
[2026-04-10T00:42:36.335+0000] {logging_mixin.py:188} INFO - [2026-04-10T00:42:36.335+0000] {dag.py:3823} INFO - Setting next_dagrun for schools_to_s3_to_snowflake to 2026-09-01 00:00:00+00:00, run_after=2027-09-01 00:00:00+00:00
[2026-04-10T00:42:36.350+0000] {processor.py:183} INFO - Processing /opt/airflow/dags/schools_to_s3_to_snowflake.py took 0.226 seconds
[2026-04-10T00:43:06.590+0000] {processor.py:161} INFO - Started process (PID=19092) to work on /opt/airflow/dags/schools_to_s3_to_snowflake.py
[2026-04-10T00:43:06.591+0000] {processor.py:830} INFO - Processing file /opt/airflow/dags/schools_to_s3_to_snowflake.py for tasks to queue
[2026-04-10T00:43:06.593+0000] {logging_mixin.py:188} INFO - [2026-04-10T00:43:06.593+0000] {dagbag.py:538} INFO - Filling up the DagBag from /opt/airflow/dags/schools_to_s3_to_snowflake.py
[2026-04-10T00:43:06.770+0000] {processor.py:840} INFO - DAG(s) 'schools_to_s3_to_snowflake' retrieved from /opt/airflow/dags/schools_to_s3_to_snowflake.py
[2026-04-10T00:43:06.779+0000] {logging_mixin.py:188} INFO - [2026-04-10T00:43:06.779+0000] {dag.py:3036} INFO - Sync 1 DAGs
[2026-04-10T00:43:06.870+0000] {logging_mixin.py:188} INFO - [2026-04-10T00:43:06.870+0000] {dag.py:3823} INFO - Setting next_dagrun for schools_to_s3_to_snowflake to 2026-09-01 00:00:00+00:00, run_after=2027-09-01 00:00:00+00:00
[2026-04-10T00:43:06.882+0000] {processor.py:183} INFO - Processing /opt/airflow/dags/schools_to_s3_to_snowflake.py took 0.296 seconds
[2026-04-10T00:43:37.182+0000] {processor.py:161} INFO - Started process (PID=19172) to work on /opt/airflow/dags/schools_to_s3_to_snowflake.py
[2026-04-10T00:43:37.184+0000] {processor.py:830} INFO - Processing file /opt/airflow/dags/schools_to_s3_to_snowflake.py for tasks to queue
[2026-04-10T00:43:37.186+0000] {logging_mixin.py:188} INFO - [2026-04-10T00:43:37.186+0000] {dagbag.py:538} INFO - Filling up the DagBag from /opt/airflow/dags/schools_to_s3_to_snowflake.py
[2026-04-10T00:43:37.433+0000] {processor.py:840} INFO - DAG(s) 'schools_to_s3_to_snowflake' retrieved from /opt/airflow/dags/schools_to_s3_to_snowflake.py
[2026-04-10T00:43:37.442+0000] {logging_mixin.py:188} INFO - [2026-04-10T00:43:37.440+0000] {dag.py:3036} INFO - Sync 1 DAGs
[2026-04-10T00:43:37.451+0000] {logging_mixin.py:188} INFO - [2026-04-10T00:43:37.451+0000] {dag.py:3823} INFO - Setting next_dagrun for schools_to_s3_to_snowflake to 2026-09-01 00:00:00+00:00, run_after=2027-09-01 00:00:00+00:00
[2026-04-10T00:43:37.460+0000] {processor.py:183} INFO - Processing /opt/airflow/dags/schools_to_s3_to_snowflake.py took 0.282 seconds
