[2026-04-10T00:00:11.814+0000] {processor.py:161} INFO - Started process (PID=12518) to work on /opt/airflow/dags/yelp_restaurants_to_s3_to_snowflake.py
[2026-04-10T00:00:11.815+0000] {processor.py:830} INFO - Processing file /opt/airflow/dags/yelp_restaurants_to_s3_to_snowflake.py for tasks to queue
[2026-04-10T00:00:11.816+0000] {logging_mixin.py:188} INFO - [2026-04-10T00:00:11.816+0000] {dagbag.py:538} INFO - Filling up the DagBag from /opt/airflow/dags/yelp_restaurants_to_s3_to_snowflake.py
[2026-04-10T00:00:12.051+0000] {processor.py:840} INFO - DAG(s) 'yelp_restaurants_to_s3_to_snowflake' retrieved from /opt/airflow/dags/yelp_restaurants_to_s3_to_snowflake.py
[2026-04-10T00:00:12.060+0000] {logging_mixin.py:188} INFO - [2026-04-10T00:00:12.059+0000] {dag.py:3036} INFO - Sync 1 DAGs
[2026-04-10T00:00:12.069+0000] {logging_mixin.py:188} INFO - [2026-04-10T00:00:12.068+0000] {dag.py:3823} INFO - Setting next_dagrun for yelp_restaurants_to_s3_to_snowflake to 2026-04-01 00:00:00+00:00, run_after=2026-07-01 00:00:00+00:00
[2026-04-10T00:00:12.079+0000] {processor.py:183} INFO - Processing /opt/airflow/dags/yelp_restaurants_to_s3_to_snowflake.py took 0.266 seconds
[2026-04-10T00:00:42.238+0000] {processor.py:161} INFO - Started process (PID=12597) to work on /opt/airflow/dags/yelp_restaurants_to_s3_to_snowflake.py
[2026-04-10T00:00:42.240+0000] {processor.py:830} INFO - Processing file /opt/airflow/dags/yelp_restaurants_to_s3_to_snowflake.py for tasks to queue
[2026-04-10T00:00:42.241+0000] {logging_mixin.py:188} INFO - [2026-04-10T00:00:42.241+0000] {dagbag.py:538} INFO - Filling up the DagBag from /opt/airflow/dags/yelp_restaurants_to_s3_to_snowflake.py
[2026-04-10T00:00:42.470+0000] {processor.py:840} INFO - DAG(s) 'yelp_restaurants_to_s3_to_snowflake' retrieved from /opt/airflow/dags/yelp_restaurants_to_s3_to_snowflake.py
[2026-04-10T00:00:42.476+0000] {logging_mixin.py:188} INFO - [2026-04-10T00:00:42.476+0000] {dag.py:3036} INFO - Sync 1 DAGs
[2026-04-10T00:00:42.484+0000] {logging_mixin.py:188} INFO - [2026-04-10T00:00:42.484+0000] {dag.py:3823} INFO - Setting next_dagrun for yelp_restaurants_to_s3_to_snowflake to 2026-04-01 00:00:00+00:00, run_after=2026-07-01 00:00:00+00:00
[2026-04-10T00:00:42.490+0000] {processor.py:183} INFO - Processing /opt/airflow/dags/yelp_restaurants_to_s3_to_snowflake.py took 0.253 seconds
[2026-04-10T00:01:12.812+0000] {processor.py:161} INFO - Started process (PID=12677) to work on /opt/airflow/dags/yelp_restaurants_to_s3_to_snowflake.py
[2026-04-10T00:01:12.814+0000] {processor.py:830} INFO - Processing file /opt/airflow/dags/yelp_restaurants_to_s3_to_snowflake.py for tasks to queue
[2026-04-10T00:01:12.815+0000] {logging_mixin.py:188} INFO - [2026-04-10T00:01:12.815+0000] {dagbag.py:538} INFO - Filling up the DagBag from /opt/airflow/dags/yelp_restaurants_to_s3_to_snowflake.py
[2026-04-10T00:01:13.064+0000] {processor.py:840} INFO - DAG(s) 'yelp_restaurants_to_s3_to_snowflake' retrieved from /opt/airflow/dags/yelp_restaurants_to_s3_to_snowflake.py
[2026-04-10T00:01:13.070+0000] {logging_mixin.py:188} INFO - [2026-04-10T00:01:13.070+0000] {dag.py:3036} INFO - Sync 1 DAGs
[2026-04-10T00:01:13.077+0000] {logging_mixin.py:188} INFO - [2026-04-10T00:01:13.077+0000] {dag.py:3823} INFO - Setting next_dagrun for yelp_restaurants_to_s3_to_snowflake to 2026-04-01 00:00:00+00:00, run_after=2026-07-01 00:00:00+00:00
[2026-04-10T00:01:13.087+0000] {processor.py:183} INFO - Processing /opt/airflow/dags/yelp_restaurants_to_s3_to_snowflake.py took 0.277 seconds
[2026-04-10T00:01:43.182+0000] {processor.py:161} INFO - Started process (PID=12757) to work on /opt/airflow/dags/yelp_restaurants_to_s3_to_snowflake.py
[2026-04-10T00:01:43.182+0000] {processor.py:830} INFO - Processing file /opt/airflow/dags/yelp_restaurants_to_s3_to_snowflake.py for tasks to queue
[2026-04-10T00:01:43.184+0000] {logging_mixin.py:188} INFO - [2026-04-10T00:01:43.184+0000] {dagbag.py:538} INFO - Filling up the DagBag from /opt/airflow/dags/yelp_restaurants_to_s3_to_snowflake.py
[2026-04-10T00:01:43.358+0000] {processor.py:840} INFO - DAG(s) 'yelp_restaurants_to_s3_to_snowflake' retrieved from /opt/airflow/dags/yelp_restaurants_to_s3_to_snowflake.py
[2026-04-10T00:01:43.378+0000] {logging_mixin.py:188} INFO - [2026-04-10T00:01:43.377+0000] {dag.py:3036} INFO - Sync 1 DAGs
[2026-04-10T00:01:43.388+0000] {logging_mixin.py:188} INFO - [2026-04-10T00:01:43.388+0000] {dag.py:3823} INFO - Setting next_dagrun for yelp_restaurants_to_s3_to_snowflake to 2026-04-01 00:00:00+00:00, run_after=2026-07-01 00:00:00+00:00
[2026-04-10T00:01:43.400+0000] {processor.py:183} INFO - Processing /opt/airflow/dags/yelp_restaurants_to_s3_to_snowflake.py took 0.220 seconds
[2026-04-10T00:02:13.425+0000] {processor.py:161} INFO - Started process (PID=12836) to work on /opt/airflow/dags/yelp_restaurants_to_s3_to_snowflake.py
[2026-04-10T00:02:13.425+0000] {processor.py:830} INFO - Processing file /opt/airflow/dags/yelp_restaurants_to_s3_to_snowflake.py for tasks to queue
[2026-04-10T00:02:13.426+0000] {logging_mixin.py:188} INFO - [2026-04-10T00:02:13.426+0000] {dagbag.py:538} INFO - Filling up the DagBag from /opt/airflow/dags/yelp_restaurants_to_s3_to_snowflake.py
[2026-04-10T00:02:13.600+0000] {processor.py:840} INFO - DAG(s) 'yelp_restaurants_to_s3_to_snowflake' retrieved from /opt/airflow/dags/yelp_restaurants_to_s3_to_snowflake.py
[2026-04-10T00:02:13.609+0000] {logging_mixin.py:188} INFO - [2026-04-10T00:02:13.609+0000] {dag.py:3036} INFO - Sync 1 DAGs
[2026-04-10T00:02:13.617+0000] {logging_mixin.py:188} INFO - [2026-04-10T00:02:13.617+0000] {dag.py:3823} INFO - Setting next_dagrun for yelp_restaurants_to_s3_to_snowflake to 2026-04-01 00:00:00+00:00, run_after=2026-07-01 00:00:00+00:00
[2026-04-10T00:02:13.623+0000] {processor.py:183} INFO - Processing /opt/airflow/dags/yelp_restaurants_to_s3_to_snowflake.py took 0.200 seconds
[2026-04-10T00:02:43.718+0000] {processor.py:161} INFO - Started process (PID=12916) to work on /opt/airflow/dags/yelp_restaurants_to_s3_to_snowflake.py
[2026-04-10T00:02:43.720+0000] {processor.py:830} INFO - Processing file /opt/airflow/dags/yelp_restaurants_to_s3_to_snowflake.py for tasks to queue
[2026-04-10T00:02:43.723+0000] {logging_mixin.py:188} INFO - [2026-04-10T00:02:43.723+0000] {dagbag.py:538} INFO - Filling up the DagBag from /opt/airflow/dags/yelp_restaurants_to_s3_to_snowflake.py
[2026-04-10T00:02:43.943+0000] {processor.py:840} INFO - DAG(s) 'yelp_restaurants_to_s3_to_snowflake' retrieved from /opt/airflow/dags/yelp_restaurants_to_s3_to_snowflake.py
[2026-04-10T00:02:43.958+0000] {logging_mixin.py:188} INFO - [2026-04-10T00:02:43.957+0000] {dag.py:3036} INFO - Sync 1 DAGs
[2026-04-10T00:02:43.971+0000] {logging_mixin.py:188} INFO - [2026-04-10T00:02:43.971+0000] {dag.py:3823} INFO - Setting next_dagrun for yelp_restaurants_to_s3_to_snowflake to 2026-04-01 00:00:00+00:00, run_after=2026-07-01 00:00:00+00:00
[2026-04-10T00:02:43.982+0000] {processor.py:183} INFO - Processing /opt/airflow/dags/yelp_restaurants_to_s3_to_snowflake.py took 0.267 seconds
[2026-04-10T00:03:14.164+0000] {processor.py:161} INFO - Started process (PID=12996) to work on /opt/airflow/dags/yelp_restaurants_to_s3_to_snowflake.py
[2026-04-10T00:03:14.165+0000] {processor.py:830} INFO - Processing file /opt/airflow/dags/yelp_restaurants_to_s3_to_snowflake.py for tasks to queue
[2026-04-10T00:03:14.166+0000] {logging_mixin.py:188} INFO - [2026-04-10T00:03:14.165+0000] {dagbag.py:538} INFO - Filling up the DagBag from /opt/airflow/dags/yelp_restaurants_to_s3_to_snowflake.py
[2026-04-10T00:03:14.340+0000] {processor.py:840} INFO - DAG(s) 'yelp_restaurants_to_s3_to_snowflake' retrieved from /opt/airflow/dags/yelp_restaurants_to_s3_to_snowflake.py
[2026-04-10T00:03:14.348+0000] {logging_mixin.py:188} INFO - [2026-04-10T00:03:14.348+0000] {dag.py:3036} INFO - Sync 1 DAGs
[2026-04-10T00:03:14.356+0000] {logging_mixin.py:188} INFO - [2026-04-10T00:03:14.356+0000] {dag.py:3823} INFO - Setting next_dagrun for yelp_restaurants_to_s3_to_snowflake to 2026-04-01 00:00:00+00:00, run_after=2026-07-01 00:00:00+00:00
[2026-04-10T00:03:14.362+0000] {processor.py:183} INFO - Processing /opt/airflow/dags/yelp_restaurants_to_s3_to_snowflake.py took 0.199 seconds
[2026-04-10T00:03:45.373+0000] {processor.py:161} INFO - Started process (PID=13076) to work on /opt/airflow/dags/yelp_restaurants_to_s3_to_snowflake.py
[2026-04-10T00:03:45.374+0000] {processor.py:830} INFO - Processing file /opt/airflow/dags/yelp_restaurants_to_s3_to_snowflake.py for tasks to queue
[2026-04-10T00:03:45.374+0000] {logging_mixin.py:188} INFO - [2026-04-10T00:03:45.374+0000] {dagbag.py:538} INFO - Filling up the DagBag from /opt/airflow/dags/yelp_restaurants_to_s3_to_snowflake.py
[2026-04-10T00:03:45.533+0000] {processor.py:840} INFO - DAG(s) 'yelp_restaurants_to_s3_to_snowflake' retrieved from /opt/airflow/dags/yelp_restaurants_to_s3_to_snowflake.py
[2026-04-10T00:03:45.540+0000] {logging_mixin.py:188} INFO - [2026-04-10T00:03:45.539+0000] {dag.py:3036} INFO - Sync 1 DAGs
[2026-04-10T00:03:45.547+0000] {logging_mixin.py:188} INFO - [2026-04-10T00:03:45.547+0000] {dag.py:3823} INFO - Setting next_dagrun for yelp_restaurants_to_s3_to_snowflake to 2026-04-01 00:00:00+00:00, run_after=2026-07-01 00:00:00+00:00
[2026-04-10T00:03:45.553+0000] {processor.py:183} INFO - Processing /opt/airflow/dags/yelp_restaurants_to_s3_to_snowflake.py took 0.181 seconds
[2026-04-10T00:04:16.387+0000] {processor.py:161} INFO - Started process (PID=13156) to work on /opt/airflow/dags/yelp_restaurants_to_s3_to_snowflake.py
[2026-04-10T00:04:16.388+0000] {processor.py:830} INFO - Processing file /opt/airflow/dags/yelp_restaurants_to_s3_to_snowflake.py for tasks to queue
[2026-04-10T00:04:16.388+0000] {logging_mixin.py:188} INFO - [2026-04-10T00:04:16.388+0000] {dagbag.py:538} INFO - Filling up the DagBag from /opt/airflow/dags/yelp_restaurants_to_s3_to_snowflake.py
[2026-04-10T00:04:16.564+0000] {processor.py:840} INFO - DAG(s) 'yelp_restaurants_to_s3_to_snowflake' retrieved from /opt/airflow/dags/yelp_restaurants_to_s3_to_snowflake.py
[2026-04-10T00:04:16.576+0000] {logging_mixin.py:188} INFO - [2026-04-10T00:04:16.576+0000] {dag.py:3036} INFO - Sync 1 DAGs
[2026-04-10T00:04:16.587+0000] {logging_mixin.py:188} INFO - [2026-04-10T00:04:16.587+0000] {dag.py:3823} INFO - Setting next_dagrun for yelp_restaurants_to_s3_to_snowflake to 2026-04-01 00:00:00+00:00, run_after=2026-07-01 00:00:00+00:00
[2026-04-10T00:04:16.595+0000] {processor.py:183} INFO - Processing /opt/airflow/dags/yelp_restaurants_to_s3_to_snowflake.py took 0.210 seconds
[2026-04-10T00:04:47.484+0000] {processor.py:161} INFO - Started process (PID=13235) to work on /opt/airflow/dags/yelp_restaurants_to_s3_to_snowflake.py
[2026-04-10T00:04:47.485+0000] {processor.py:830} INFO - Processing file /opt/airflow/dags/yelp_restaurants_to_s3_to_snowflake.py for tasks to queue
[2026-04-10T00:04:47.485+0000] {logging_mixin.py:188} INFO - [2026-04-10T00:04:47.485+0000] {dagbag.py:538} INFO - Filling up the DagBag from /opt/airflow/dags/yelp_restaurants_to_s3_to_snowflake.py
[2026-04-10T00:04:47.647+0000] {processor.py:840} INFO - DAG(s) 'yelp_restaurants_to_s3_to_snowflake' retrieved from /opt/airflow/dags/yelp_restaurants_to_s3_to_snowflake.py
[2026-04-10T00:04:47.732+0000] {logging_mixin.py:188} INFO - [2026-04-10T00:04:47.732+0000] {dag.py:3036} INFO - Sync 1 DAGs
[2026-04-10T00:04:47.742+0000] {logging_mixin.py:188} INFO - [2026-04-10T00:04:47.742+0000] {dag.py:3823} INFO - Setting next_dagrun for yelp_restaurants_to_s3_to_snowflake to 2026-04-01 00:00:00+00:00, run_after=2026-07-01 00:00:00+00:00
[2026-04-10T00:04:47.749+0000] {processor.py:183} INFO - Processing /opt/airflow/dags/yelp_restaurants_to_s3_to_snowflake.py took 0.267 seconds
[2026-04-10T00:05:17.834+0000] {processor.py:161} INFO - Started process (PID=13315) to work on /opt/airflow/dags/yelp_restaurants_to_s3_to_snowflake.py
[2026-04-10T00:05:17.836+0000] {processor.py:830} INFO - Processing file /opt/airflow/dags/yelp_restaurants_to_s3_to_snowflake.py for tasks to queue
[2026-04-10T00:05:17.837+0000] {logging_mixin.py:188} INFO - [2026-04-10T00:05:17.837+0000] {dagbag.py:538} INFO - Filling up the DagBag from /opt/airflow/dags/yelp_restaurants_to_s3_to_snowflake.py
[2026-04-10T00:05:18.077+0000] {processor.py:840} INFO - DAG(s) 'yelp_restaurants_to_s3_to_snowflake' retrieved from /opt/airflow/dags/yelp_restaurants_to_s3_to_snowflake.py
[2026-04-10T00:05:18.086+0000] {logging_mixin.py:188} INFO - [2026-04-10T00:05:18.086+0000] {dag.py:3036} INFO - Sync 1 DAGs
[2026-04-10T00:05:18.095+0000] {logging_mixin.py:188} INFO - [2026-04-10T00:05:18.095+0000] {dag.py:3823} INFO - Setting next_dagrun for yelp_restaurants_to_s3_to_snowflake to 2026-04-01 00:00:00+00:00, run_after=2026-07-01 00:00:00+00:00
[2026-04-10T00:05:18.102+0000] {processor.py:183} INFO - Processing /opt/airflow/dags/yelp_restaurants_to_s3_to_snowflake.py took 0.269 seconds
[2026-04-10T00:05:48.410+0000] {processor.py:161} INFO - Started process (PID=13396) to work on /opt/airflow/dags/yelp_restaurants_to_s3_to_snowflake.py
[2026-04-10T00:05:48.410+0000] {processor.py:830} INFO - Processing file /opt/airflow/dags/yelp_restaurants_to_s3_to_snowflake.py for tasks to queue
[2026-04-10T00:05:48.411+0000] {logging_mixin.py:188} INFO - [2026-04-10T00:05:48.411+0000] {dagbag.py:538} INFO - Filling up the DagBag from /opt/airflow/dags/yelp_restaurants_to_s3_to_snowflake.py
[2026-04-10T00:05:48.637+0000] {processor.py:840} INFO - DAG(s) 'yelp_restaurants_to_s3_to_snowflake' retrieved from /opt/airflow/dags/yelp_restaurants_to_s3_to_snowflake.py
[2026-04-10T00:05:48.643+0000] {logging_mixin.py:188} INFO - [2026-04-10T00:05:48.643+0000] {dag.py:3036} INFO - Sync 1 DAGs
[2026-04-10T00:05:48.650+0000] {logging_mixin.py:188} INFO - [2026-04-10T00:05:48.650+0000] {dag.py:3823} INFO - Setting next_dagrun for yelp_restaurants_to_s3_to_snowflake to 2026-04-01 00:00:00+00:00, run_after=2026-07-01 00:00:00+00:00
[2026-04-10T00:05:48.656+0000] {processor.py:183} INFO - Processing /opt/airflow/dags/yelp_restaurants_to_s3_to_snowflake.py took 0.247 seconds
[2026-04-10T00:06:18.911+0000] {processor.py:161} INFO - Started process (PID=13476) to work on /opt/airflow/dags/yelp_restaurants_to_s3_to_snowflake.py
[2026-04-10T00:06:18.911+0000] {processor.py:830} INFO - Processing file /opt/airflow/dags/yelp_restaurants_to_s3_to_snowflake.py for tasks to queue
[2026-04-10T00:06:18.912+0000] {logging_mixin.py:188} INFO - [2026-04-10T00:06:18.912+0000] {dagbag.py:538} INFO - Filling up the DagBag from /opt/airflow/dags/yelp_restaurants_to_s3_to_snowflake.py
[2026-04-10T00:06:19.131+0000] {processor.py:840} INFO - DAG(s) 'yelp_restaurants_to_s3_to_snowflake' retrieved from /opt/airflow/dags/yelp_restaurants_to_s3_to_snowflake.py
[2026-04-10T00:06:19.137+0000] {logging_mixin.py:188} INFO - [2026-04-10T00:06:19.136+0000] {dag.py:3036} INFO - Sync 1 DAGs
[2026-04-10T00:06:19.143+0000] {logging_mixin.py:188} INFO - [2026-04-10T00:06:19.143+0000] {dag.py:3823} INFO - Setting next_dagrun for yelp_restaurants_to_s3_to_snowflake to 2026-04-01 00:00:00+00:00, run_after=2026-07-01 00:00:00+00:00
[2026-04-10T00:06:19.148+0000] {processor.py:183} INFO - Processing /opt/airflow/dags/yelp_restaurants_to_s3_to_snowflake.py took 0.238 seconds
[2026-04-10T00:06:49.387+0000] {processor.py:161} INFO - Started process (PID=13556) to work on /opt/airflow/dags/yelp_restaurants_to_s3_to_snowflake.py
[2026-04-10T00:06:49.387+0000] {processor.py:830} INFO - Processing file /opt/airflow/dags/yelp_restaurants_to_s3_to_snowflake.py for tasks to queue
[2026-04-10T00:06:49.388+0000] {logging_mixin.py:188} INFO - [2026-04-10T00:06:49.387+0000] {dagbag.py:538} INFO - Filling up the DagBag from /opt/airflow/dags/yelp_restaurants_to_s3_to_snowflake.py
[2026-04-10T00:06:49.600+0000] {processor.py:840} INFO - DAG(s) 'yelp_restaurants_to_s3_to_snowflake' retrieved from /opt/airflow/dags/yelp_restaurants_to_s3_to_snowflake.py
[2026-04-10T00:06:49.606+0000] {logging_mixin.py:188} INFO - [2026-04-10T00:06:49.605+0000] {dag.py:3036} INFO - Sync 1 DAGs
[2026-04-10T00:06:49.612+0000] {logging_mixin.py:188} INFO - [2026-04-10T00:06:49.612+0000] {dag.py:3823} INFO - Setting next_dagrun for yelp_restaurants_to_s3_to_snowflake to 2026-04-01 00:00:00+00:00, run_after=2026-07-01 00:00:00+00:00
[2026-04-10T00:06:49.617+0000] {processor.py:183} INFO - Processing /opt/airflow/dags/yelp_restaurants_to_s3_to_snowflake.py took 0.232 seconds
[2026-04-10T00:07:19.819+0000] {processor.py:161} INFO - Started process (PID=13636) to work on /opt/airflow/dags/yelp_restaurants_to_s3_to_snowflake.py
[2026-04-10T00:07:19.820+0000] {processor.py:830} INFO - Processing file /opt/airflow/dags/yelp_restaurants_to_s3_to_snowflake.py for tasks to queue
[2026-04-10T00:07:19.820+0000] {logging_mixin.py:188} INFO - [2026-04-10T00:07:19.820+0000] {dagbag.py:538} INFO - Filling up the DagBag from /opt/airflow/dags/yelp_restaurants_to_s3_to_snowflake.py
[2026-04-10T00:07:20.039+0000] {processor.py:840} INFO - DAG(s) 'yelp_restaurants_to_s3_to_snowflake' retrieved from /opt/airflow/dags/yelp_restaurants_to_s3_to_snowflake.py
[2026-04-10T00:07:20.044+0000] {logging_mixin.py:188} INFO - [2026-04-10T00:07:20.044+0000] {dag.py:3036} INFO - Sync 1 DAGs
[2026-04-10T00:07:20.051+0000] {logging_mixin.py:188} INFO - [2026-04-10T00:07:20.050+0000] {dag.py:3823} INFO - Setting next_dagrun for yelp_restaurants_to_s3_to_snowflake to 2026-04-01 00:00:00+00:00, run_after=2026-07-01 00:00:00+00:00
[2026-04-10T00:07:20.055+0000] {processor.py:183} INFO - Processing /opt/airflow/dags/yelp_restaurants_to_s3_to_snowflake.py took 0.238 seconds
[2026-04-10T00:07:50.484+0000] {processor.py:161} INFO - Started process (PID=13717) to work on /opt/airflow/dags/yelp_restaurants_to_s3_to_snowflake.py
[2026-04-10T00:07:50.485+0000] {processor.py:830} INFO - Processing file /opt/airflow/dags/yelp_restaurants_to_s3_to_snowflake.py for tasks to queue
[2026-04-10T00:07:50.486+0000] {logging_mixin.py:188} INFO - [2026-04-10T00:07:50.486+0000] {dagbag.py:538} INFO - Filling up the DagBag from /opt/airflow/dags/yelp_restaurants_to_s3_to_snowflake.py
[2026-04-10T00:07:50.721+0000] {processor.py:840} INFO - DAG(s) 'yelp_restaurants_to_s3_to_snowflake' retrieved from /opt/airflow/dags/yelp_restaurants_to_s3_to_snowflake.py
[2026-04-10T00:07:50.732+0000] {logging_mixin.py:188} INFO - [2026-04-10T00:07:50.732+0000] {dag.py:3036} INFO - Sync 1 DAGs
[2026-04-10T00:07:50.739+0000] {logging_mixin.py:188} INFO - [2026-04-10T00:07:50.739+0000] {dag.py:3823} INFO - Setting next_dagrun for yelp_restaurants_to_s3_to_snowflake to 2026-04-01 00:00:00+00:00, run_after=2026-07-01 00:00:00+00:00
[2026-04-10T00:07:50.746+0000] {processor.py:183} INFO - Processing /opt/airflow/dags/yelp_restaurants_to_s3_to_snowflake.py took 0.263 seconds
[2026-04-10T00:08:20.923+0000] {processor.py:161} INFO - Started process (PID=13797) to work on /opt/airflow/dags/yelp_restaurants_to_s3_to_snowflake.py
[2026-04-10T00:08:20.925+0000] {processor.py:830} INFO - Processing file /opt/airflow/dags/yelp_restaurants_to_s3_to_snowflake.py for tasks to queue
[2026-04-10T00:08:20.926+0000] {logging_mixin.py:188} INFO - [2026-04-10T00:08:20.926+0000] {dagbag.py:538} INFO - Filling up the DagBag from /opt/airflow/dags/yelp_restaurants_to_s3_to_snowflake.py
[2026-04-10T00:08:21.159+0000] {processor.py:840} INFO - DAG(s) 'yelp_restaurants_to_s3_to_snowflake' retrieved from /opt/airflow/dags/yelp_restaurants_to_s3_to_snowflake.py
[2026-04-10T00:08:21.165+0000] {logging_mixin.py:188} INFO - [2026-04-10T00:08:21.165+0000] {dag.py:3036} INFO - Sync 1 DAGs
[2026-04-10T00:08:21.172+0000] {logging_mixin.py:188} INFO - [2026-04-10T00:08:21.172+0000] {dag.py:3823} INFO - Setting next_dagrun for yelp_restaurants_to_s3_to_snowflake to 2026-04-01 00:00:00+00:00, run_after=2026-07-01 00:00:00+00:00
[2026-04-10T00:08:21.178+0000] {processor.py:183} INFO - Processing /opt/airflow/dags/yelp_restaurants_to_s3_to_snowflake.py took 0.257 seconds
[2026-04-10T00:08:51.748+0000] {processor.py:161} INFO - Started process (PID=13883) to work on /opt/airflow/dags/yelp_restaurants_to_s3_to_snowflake.py
[2026-04-10T00:08:51.749+0000] {processor.py:830} INFO - Processing file /opt/airflow/dags/yelp_restaurants_to_s3_to_snowflake.py for tasks to queue
[2026-04-10T00:08:51.750+0000] {logging_mixin.py:188} INFO - [2026-04-10T00:08:51.750+0000] {dagbag.py:538} INFO - Filling up the DagBag from /opt/airflow/dags/yelp_restaurants_to_s3_to_snowflake.py
[2026-04-10T00:08:51.923+0000] {processor.py:840} INFO - DAG(s) 'yelp_restaurants_to_s3_to_snowflake' retrieved from /opt/airflow/dags/yelp_restaurants_to_s3_to_snowflake.py
[2026-04-10T00:08:51.935+0000] {logging_mixin.py:188} INFO - [2026-04-10T00:08:51.934+0000] {dag.py:3036} INFO - Sync 1 DAGs
[2026-04-10T00:08:51.946+0000] {logging_mixin.py:188} INFO - [2026-04-10T00:08:51.946+0000] {dag.py:3823} INFO - Setting next_dagrun for yelp_restaurants_to_s3_to_snowflake to 2026-04-01 00:00:00+00:00, run_after=2026-07-01 00:00:00+00:00
[2026-04-10T00:08:51.958+0000] {processor.py:183} INFO - Processing /opt/airflow/dags/yelp_restaurants_to_s3_to_snowflake.py took 0.211 seconds
[2026-04-10T00:09:22.757+0000] {processor.py:161} INFO - Started process (PID=13963) to work on /opt/airflow/dags/yelp_restaurants_to_s3_to_snowflake.py
[2026-04-10T00:09:22.758+0000] {processor.py:830} INFO - Processing file /opt/airflow/dags/yelp_restaurants_to_s3_to_snowflake.py for tasks to queue
[2026-04-10T00:09:22.760+0000] {logging_mixin.py:188} INFO - [2026-04-10T00:09:22.760+0000] {dagbag.py:538} INFO - Filling up the DagBag from /opt/airflow/dags/yelp_restaurants_to_s3_to_snowflake.py
[2026-04-10T00:09:22.928+0000] {processor.py:840} INFO - DAG(s) 'yelp_restaurants_to_s3_to_snowflake' retrieved from /opt/airflow/dags/yelp_restaurants_to_s3_to_snowflake.py
[2026-04-10T00:09:22.936+0000] {logging_mixin.py:188} INFO - [2026-04-10T00:09:22.935+0000] {dag.py:3036} INFO - Sync 1 DAGs
[2026-04-10T00:09:22.943+0000] {logging_mixin.py:188} INFO - [2026-04-10T00:09:22.943+0000] {dag.py:3823} INFO - Setting next_dagrun for yelp_restaurants_to_s3_to_snowflake to 2026-04-01 00:00:00+00:00, run_after=2026-07-01 00:00:00+00:00
[2026-04-10T00:09:22.954+0000] {processor.py:183} INFO - Processing /opt/airflow/dags/yelp_restaurants_to_s3_to_snowflake.py took 0.198 seconds
[2026-04-10T00:09:53.576+0000] {processor.py:161} INFO - Started process (PID=14043) to work on /opt/airflow/dags/yelp_restaurants_to_s3_to_snowflake.py
[2026-04-10T00:09:53.578+0000] {processor.py:830} INFO - Processing file /opt/airflow/dags/yelp_restaurants_to_s3_to_snowflake.py for tasks to queue
[2026-04-10T00:09:53.579+0000] {logging_mixin.py:188} INFO - [2026-04-10T00:09:53.579+0000] {dagbag.py:538} INFO - Filling up the DagBag from /opt/airflow/dags/yelp_restaurants_to_s3_to_snowflake.py
[2026-04-10T00:09:53.765+0000] {processor.py:840} INFO - DAG(s) 'yelp_restaurants_to_s3_to_snowflake' retrieved from /opt/airflow/dags/yelp_restaurants_to_s3_to_snowflake.py
[2026-04-10T00:09:53.773+0000] {logging_mixin.py:188} INFO - [2026-04-10T00:09:53.773+0000] {dag.py:3036} INFO - Sync 1 DAGs
[2026-04-10T00:09:53.781+0000] {logging_mixin.py:188} INFO - [2026-04-10T00:09:53.781+0000] {dag.py:3823} INFO - Setting next_dagrun for yelp_restaurants_to_s3_to_snowflake to 2026-04-01 00:00:00+00:00, run_after=2026-07-01 00:00:00+00:00
[2026-04-10T00:09:53.791+0000] {processor.py:183} INFO - Processing /opt/airflow/dags/yelp_restaurants_to_s3_to_snowflake.py took 0.218 seconds
[2026-04-10T00:10:24.566+0000] {processor.py:161} INFO - Started process (PID=14123) to work on /opt/airflow/dags/yelp_restaurants_to_s3_to_snowflake.py
[2026-04-10T00:10:24.566+0000] {processor.py:830} INFO - Processing file /opt/airflow/dags/yelp_restaurants_to_s3_to_snowflake.py for tasks to queue
[2026-04-10T00:10:24.568+0000] {logging_mixin.py:188} INFO - [2026-04-10T00:10:24.568+0000] {dagbag.py:538} INFO - Filling up the DagBag from /opt/airflow/dags/yelp_restaurants_to_s3_to_snowflake.py
[2026-04-10T00:10:24.735+0000] {processor.py:840} INFO - DAG(s) 'yelp_restaurants_to_s3_to_snowflake' retrieved from /opt/airflow/dags/yelp_restaurants_to_s3_to_snowflake.py
[2026-04-10T00:10:24.746+0000] {logging_mixin.py:188} INFO - [2026-04-10T00:10:24.745+0000] {dag.py:3036} INFO - Sync 1 DAGs
[2026-04-10T00:10:24.756+0000] {logging_mixin.py:188} INFO - [2026-04-10T00:10:24.756+0000] {dag.py:3823} INFO - Setting next_dagrun for yelp_restaurants_to_s3_to_snowflake to 2026-04-01 00:00:00+00:00, run_after=2026-07-01 00:00:00+00:00
[2026-04-10T00:10:24.765+0000] {processor.py:183} INFO - Processing /opt/airflow/dags/yelp_restaurants_to_s3_to_snowflake.py took 0.201 seconds
[2026-04-10T00:10:55.664+0000] {processor.py:161} INFO - Started process (PID=14203) to work on /opt/airflow/dags/yelp_restaurants_to_s3_to_snowflake.py
[2026-04-10T00:10:55.665+0000] {processor.py:830} INFO - Processing file /opt/airflow/dags/yelp_restaurants_to_s3_to_snowflake.py for tasks to queue
[2026-04-10T00:10:55.666+0000] {logging_mixin.py:188} INFO - [2026-04-10T00:10:55.666+0000] {dagbag.py:538} INFO - Filling up the DagBag from /opt/airflow/dags/yelp_restaurants_to_s3_to_snowflake.py
[2026-04-10T00:10:55.836+0000] {processor.py:840} INFO - DAG(s) 'yelp_restaurants_to_s3_to_snowflake' retrieved from /opt/airflow/dags/yelp_restaurants_to_s3_to_snowflake.py
[2026-04-10T00:10:55.847+0000] {logging_mixin.py:188} INFO - [2026-04-10T00:10:55.847+0000] {dag.py:3036} INFO - Sync 1 DAGs
[2026-04-10T00:10:55.855+0000] {logging_mixin.py:188} INFO - [2026-04-10T00:10:55.854+0000] {dag.py:3823} INFO - Setting next_dagrun for yelp_restaurants_to_s3_to_snowflake to 2026-04-01 00:00:00+00:00, run_after=2026-07-01 00:00:00+00:00
[2026-04-10T00:10:55.861+0000] {processor.py:183} INFO - Processing /opt/airflow/dags/yelp_restaurants_to_s3_to_snowflake.py took 0.198 seconds
[2026-04-10T00:11:26.609+0000] {processor.py:161} INFO - Started process (PID=14283) to work on /opt/airflow/dags/yelp_restaurants_to_s3_to_snowflake.py
[2026-04-10T00:11:26.610+0000] {processor.py:830} INFO - Processing file /opt/airflow/dags/yelp_restaurants_to_s3_to_snowflake.py for tasks to queue
[2026-04-10T00:11:26.611+0000] {logging_mixin.py:188} INFO - [2026-04-10T00:11:26.611+0000] {dagbag.py:538} INFO - Filling up the DagBag from /opt/airflow/dags/yelp_restaurants_to_s3_to_snowflake.py
[2026-04-10T00:11:26.780+0000] {processor.py:840} INFO - DAG(s) 'yelp_restaurants_to_s3_to_snowflake' retrieved from /opt/airflow/dags/yelp_restaurants_to_s3_to_snowflake.py
[2026-04-10T00:11:26.794+0000] {logging_mixin.py:188} INFO - [2026-04-10T00:11:26.793+0000] {dag.py:3036} INFO - Sync 1 DAGs
[2026-04-10T00:11:26.801+0000] {logging_mixin.py:188} INFO - [2026-04-10T00:11:26.801+0000] {dag.py:3823} INFO - Setting next_dagrun for yelp_restaurants_to_s3_to_snowflake to 2026-04-01 00:00:00+00:00, run_after=2026-07-01 00:00:00+00:00
[2026-04-10T00:11:26.808+0000] {processor.py:183} INFO - Processing /opt/airflow/dags/yelp_restaurants_to_s3_to_snowflake.py took 0.200 seconds
[2026-04-10T00:11:57.579+0000] {processor.py:161} INFO - Started process (PID=14363) to work on /opt/airflow/dags/yelp_restaurants_to_s3_to_snowflake.py
[2026-04-10T00:11:57.580+0000] {processor.py:830} INFO - Processing file /opt/airflow/dags/yelp_restaurants_to_s3_to_snowflake.py for tasks to queue
[2026-04-10T00:11:57.580+0000] {logging_mixin.py:188} INFO - [2026-04-10T00:11:57.580+0000] {dagbag.py:538} INFO - Filling up the DagBag from /opt/airflow/dags/yelp_restaurants_to_s3_to_snowflake.py
[2026-04-10T00:11:57.771+0000] {processor.py:840} INFO - DAG(s) 'yelp_restaurants_to_s3_to_snowflake' retrieved from /opt/airflow/dags/yelp_restaurants_to_s3_to_snowflake.py
[2026-04-10T00:11:57.780+0000] {logging_mixin.py:188} INFO - [2026-04-10T00:11:57.780+0000] {dag.py:3036} INFO - Sync 1 DAGs
[2026-04-10T00:11:57.866+0000] {logging_mixin.py:188} INFO - [2026-04-10T00:11:57.866+0000] {dag.py:3823} INFO - Setting next_dagrun for yelp_restaurants_to_s3_to_snowflake to 2026-04-01 00:00:00+00:00, run_after=2026-07-01 00:00:00+00:00
[2026-04-10T00:11:57.876+0000] {processor.py:183} INFO - Processing /opt/airflow/dags/yelp_restaurants_to_s3_to_snowflake.py took 0.298 seconds
[2026-04-10T00:12:29.328+0000] {processor.py:161} INFO - Started process (PID=14444) to work on /opt/airflow/dags/yelp_restaurants_to_s3_to_snowflake.py
[2026-04-10T00:12:29.329+0000] {processor.py:830} INFO - Processing file /opt/airflow/dags/yelp_restaurants_to_s3_to_snowflake.py for tasks to queue
[2026-04-10T00:12:29.330+0000] {logging_mixin.py:188} INFO - [2026-04-10T00:12:29.330+0000] {dagbag.py:538} INFO - Filling up the DagBag from /opt/airflow/dags/yelp_restaurants_to_s3_to_snowflake.py
[2026-04-10T00:12:29.578+0000] {processor.py:840} INFO - DAG(s) 'yelp_restaurants_to_s3_to_snowflake' retrieved from /opt/airflow/dags/yelp_restaurants_to_s3_to_snowflake.py
[2026-04-10T00:12:29.590+0000] {logging_mixin.py:188} INFO - [2026-04-10T00:12:29.589+0000] {dag.py:3036} INFO - Sync 1 DAGs
[2026-04-10T00:12:29.600+0000] {logging_mixin.py:188} INFO - [2026-04-10T00:12:29.600+0000] {dag.py:3823} INFO - Setting next_dagrun for yelp_restaurants_to_s3_to_snowflake to 2026-04-01 00:00:00+00:00, run_after=2026-07-01 00:00:00+00:00
[2026-04-10T00:12:29.607+0000] {processor.py:183} INFO - Processing /opt/airflow/dags/yelp_restaurants_to_s3_to_snowflake.py took 0.280 seconds
[2026-04-10T00:12:59.703+0000] {processor.py:161} INFO - Started process (PID=14523) to work on /opt/airflow/dags/yelp_restaurants_to_s3_to_snowflake.py
[2026-04-10T00:12:59.705+0000] {processor.py:830} INFO - Processing file /opt/airflow/dags/yelp_restaurants_to_s3_to_snowflake.py for tasks to queue
[2026-04-10T00:12:59.706+0000] {logging_mixin.py:188} INFO - [2026-04-10T00:12:59.706+0000] {dagbag.py:538} INFO - Filling up the DagBag from /opt/airflow/dags/yelp_restaurants_to_s3_to_snowflake.py
[2026-04-10T00:12:59.946+0000] {processor.py:840} INFO - DAG(s) 'yelp_restaurants_to_s3_to_snowflake' retrieved from /opt/airflow/dags/yelp_restaurants_to_s3_to_snowflake.py
[2026-04-10T00:12:59.954+0000] {logging_mixin.py:188} INFO - [2026-04-10T00:12:59.954+0000] {dag.py:3036} INFO - Sync 1 DAGs
[2026-04-10T00:12:59.961+0000] {logging_mixin.py:188} INFO - [2026-04-10T00:12:59.961+0000] {dag.py:3823} INFO - Setting next_dagrun for yelp_restaurants_to_s3_to_snowflake to 2026-04-01 00:00:00+00:00, run_after=2026-07-01 00:00:00+00:00
[2026-04-10T00:12:59.970+0000] {processor.py:183} INFO - Processing /opt/airflow/dags/yelp_restaurants_to_s3_to_snowflake.py took 0.269 seconds
[2026-04-10T00:13:30.181+0000] {processor.py:161} INFO - Started process (PID=14602) to work on /opt/airflow/dags/yelp_restaurants_to_s3_to_snowflake.py
[2026-04-10T00:13:30.181+0000] {processor.py:830} INFO - Processing file /opt/airflow/dags/yelp_restaurants_to_s3_to_snowflake.py for tasks to queue
[2026-04-10T00:13:30.182+0000] {logging_mixin.py:188} INFO - [2026-04-10T00:13:30.182+0000] {dagbag.py:538} INFO - Filling up the DagBag from /opt/airflow/dags/yelp_restaurants_to_s3_to_snowflake.py
[2026-04-10T00:13:30.426+0000] {processor.py:840} INFO - DAG(s) 'yelp_restaurants_to_s3_to_snowflake' retrieved from /opt/airflow/dags/yelp_restaurants_to_s3_to_snowflake.py
[2026-04-10T00:13:30.435+0000] {logging_mixin.py:188} INFO - [2026-04-10T00:13:30.435+0000] {dag.py:3036} INFO - Sync 1 DAGs
[2026-04-10T00:13:30.444+0000] {logging_mixin.py:188} INFO - [2026-04-10T00:13:30.444+0000] {dag.py:3823} INFO - Setting next_dagrun for yelp_restaurants_to_s3_to_snowflake to 2026-04-01 00:00:00+00:00, run_after=2026-07-01 00:00:00+00:00
[2026-04-10T00:13:30.450+0000] {processor.py:183} INFO - Processing /opt/airflow/dags/yelp_restaurants_to_s3_to_snowflake.py took 0.271 seconds
[2026-04-10T00:14:55.332+0000] {processor.py:161} INFO - Started process (PID=14677) to work on /opt/airflow/dags/yelp_restaurants_to_s3_to_snowflake.py
[2026-04-10T00:14:55.332+0000] {processor.py:830} INFO - Processing file /opt/airflow/dags/yelp_restaurants_to_s3_to_snowflake.py for tasks to queue
[2026-04-10T00:14:55.333+0000] {logging_mixin.py:188} INFO - [2026-04-10T00:14:55.333+0000] {dagbag.py:538} INFO - Filling up the DagBag from /opt/airflow/dags/yelp_restaurants_to_s3_to_snowflake.py
[2026-04-10T00:14:55.592+0000] {processor.py:840} INFO - DAG(s) 'yelp_restaurants_to_s3_to_snowflake' retrieved from /opt/airflow/dags/yelp_restaurants_to_s3_to_snowflake.py
[2026-04-10T00:14:55.600+0000] {logging_mixin.py:188} INFO - [2026-04-10T00:14:55.600+0000] {dag.py:3036} INFO - Sync 1 DAGs
[2026-04-10T00:14:55.608+0000] {logging_mixin.py:188} INFO - [2026-04-10T00:14:55.608+0000] {dag.py:3823} INFO - Setting next_dagrun for yelp_restaurants_to_s3_to_snowflake to 2026-04-01 00:00:00+00:00, run_after=2026-07-01 00:00:00+00:00
[2026-04-10T00:14:55.613+0000] {processor.py:183} INFO - Processing /opt/airflow/dags/yelp_restaurants_to_s3_to_snowflake.py took 0.283 seconds
[2026-04-10T00:15:25.782+0000] {processor.py:161} INFO - Started process (PID=14757) to work on /opt/airflow/dags/yelp_restaurants_to_s3_to_snowflake.py
[2026-04-10T00:15:25.783+0000] {processor.py:830} INFO - Processing file /opt/airflow/dags/yelp_restaurants_to_s3_to_snowflake.py for tasks to queue
[2026-04-10T00:15:25.784+0000] {logging_mixin.py:188} INFO - [2026-04-10T00:15:25.784+0000] {dagbag.py:538} INFO - Filling up the DagBag from /opt/airflow/dags/yelp_restaurants_to_s3_to_snowflake.py
[2026-04-10T00:15:26.028+0000] {processor.py:840} INFO - DAG(s) 'yelp_restaurants_to_s3_to_snowflake' retrieved from /opt/airflow/dags/yelp_restaurants_to_s3_to_snowflake.py
[2026-04-10T00:15:26.039+0000] {logging_mixin.py:188} INFO - [2026-04-10T00:15:26.039+0000] {dag.py:3036} INFO - Sync 1 DAGs
[2026-04-10T00:15:26.049+0000] {logging_mixin.py:188} INFO - [2026-04-10T00:15:26.049+0000] {dag.py:3823} INFO - Setting next_dagrun for yelp_restaurants_to_s3_to_snowflake to 2026-04-01 00:00:00+00:00, run_after=2026-07-01 00:00:00+00:00
[2026-04-10T00:15:26.055+0000] {processor.py:183} INFO - Processing /opt/airflow/dags/yelp_restaurants_to_s3_to_snowflake.py took 0.274 seconds
[2026-04-10T00:15:56.647+0000] {processor.py:161} INFO - Started process (PID=14837) to work on /opt/airflow/dags/yelp_restaurants_to_s3_to_snowflake.py
[2026-04-10T00:15:56.651+0000] {processor.py:830} INFO - Processing file /opt/airflow/dags/yelp_restaurants_to_s3_to_snowflake.py for tasks to queue
[2026-04-10T00:15:56.652+0000] {logging_mixin.py:188} INFO - [2026-04-10T00:15:56.652+0000] {dagbag.py:538} INFO - Filling up the DagBag from /opt/airflow/dags/yelp_restaurants_to_s3_to_snowflake.py
[2026-04-10T00:15:57.015+0000] {processor.py:840} INFO - DAG(s) 'yelp_restaurants_to_s3_to_snowflake' retrieved from /opt/airflow/dags/yelp_restaurants_to_s3_to_snowflake.py
[2026-04-10T00:15:57.027+0000] {logging_mixin.py:188} INFO - [2026-04-10T00:15:57.027+0000] {dag.py:3036} INFO - Sync 1 DAGs
[2026-04-10T00:15:57.040+0000] {logging_mixin.py:188} INFO - [2026-04-10T00:15:57.040+0000] {dag.py:3823} INFO - Setting next_dagrun for yelp_restaurants_to_s3_to_snowflake to 2026-04-01 00:00:00+00:00, run_after=2026-07-01 00:00:00+00:00
[2026-04-10T00:15:57.052+0000] {processor.py:183} INFO - Processing /opt/airflow/dags/yelp_restaurants_to_s3_to_snowflake.py took 0.407 seconds
[2026-04-10T00:16:27.704+0000] {processor.py:161} INFO - Started process (PID=14917) to work on /opt/airflow/dags/yelp_restaurants_to_s3_to_snowflake.py
[2026-04-10T00:16:27.707+0000] {processor.py:830} INFO - Processing file /opt/airflow/dags/yelp_restaurants_to_s3_to_snowflake.py for tasks to queue
[2026-04-10T00:16:27.709+0000] {logging_mixin.py:188} INFO - [2026-04-10T00:16:27.708+0000] {dagbag.py:538} INFO - Filling up the DagBag from /opt/airflow/dags/yelp_restaurants_to_s3_to_snowflake.py
[2026-04-10T00:16:27.956+0000] {processor.py:840} INFO - DAG(s) 'yelp_restaurants_to_s3_to_snowflake' retrieved from /opt/airflow/dags/yelp_restaurants_to_s3_to_snowflake.py
[2026-04-10T00:16:27.968+0000] {logging_mixin.py:188} INFO - [2026-04-10T00:16:27.968+0000] {dag.py:3036} INFO - Sync 1 DAGs
[2026-04-10T00:16:27.981+0000] {logging_mixin.py:188} INFO - [2026-04-10T00:16:27.981+0000] {dag.py:3823} INFO - Setting next_dagrun for yelp_restaurants_to_s3_to_snowflake to 2026-04-01 00:00:00+00:00, run_after=2026-07-01 00:00:00+00:00
[2026-04-10T00:16:27.990+0000] {processor.py:183} INFO - Processing /opt/airflow/dags/yelp_restaurants_to_s3_to_snowflake.py took 0.290 seconds
[2026-04-10T00:16:58.052+0000] {processor.py:161} INFO - Started process (PID=14997) to work on /opt/airflow/dags/yelp_restaurants_to_s3_to_snowflake.py
[2026-04-10T00:16:58.053+0000] {processor.py:830} INFO - Processing file /opt/airflow/dags/yelp_restaurants_to_s3_to_snowflake.py for tasks to queue
[2026-04-10T00:16:58.055+0000] {logging_mixin.py:188} INFO - [2026-04-10T00:16:58.055+0000] {dagbag.py:538} INFO - Filling up the DagBag from /opt/airflow/dags/yelp_restaurants_to_s3_to_snowflake.py
[2026-04-10T00:16:58.359+0000] {processor.py:840} INFO - DAG(s) 'yelp_restaurants_to_s3_to_snowflake' retrieved from /opt/airflow/dags/yelp_restaurants_to_s3_to_snowflake.py
[2026-04-10T00:16:58.374+0000] {logging_mixin.py:188} INFO - [2026-04-10T00:16:58.374+0000] {dag.py:3036} INFO - Sync 1 DAGs
[2026-04-10T00:16:58.391+0000] {logging_mixin.py:188} INFO - [2026-04-10T00:16:58.391+0000] {dag.py:3823} INFO - Setting next_dagrun for yelp_restaurants_to_s3_to_snowflake to 2026-04-01 00:00:00+00:00, run_after=2026-07-01 00:00:00+00:00
[2026-04-10T00:16:58.403+0000] {processor.py:183} INFO - Processing /opt/airflow/dags/yelp_restaurants_to_s3_to_snowflake.py took 0.354 seconds
[2026-04-10T00:17:28.604+0000] {processor.py:161} INFO - Started process (PID=15077) to work on /opt/airflow/dags/yelp_restaurants_to_s3_to_snowflake.py
[2026-04-10T00:17:28.606+0000] {processor.py:830} INFO - Processing file /opt/airflow/dags/yelp_restaurants_to_s3_to_snowflake.py for tasks to queue
[2026-04-10T00:17:28.609+0000] {logging_mixin.py:188} INFO - [2026-04-10T00:17:28.609+0000] {dagbag.py:538} INFO - Filling up the DagBag from /opt/airflow/dags/yelp_restaurants_to_s3_to_snowflake.py
[2026-04-10T00:17:28.820+0000] {processor.py:840} INFO - DAG(s) 'yelp_restaurants_to_s3_to_snowflake' retrieved from /opt/airflow/dags/yelp_restaurants_to_s3_to_snowflake.py
[2026-04-10T00:17:28.834+0000] {logging_mixin.py:188} INFO - [2026-04-10T00:17:28.834+0000] {dag.py:3036} INFO - Sync 1 DAGs
[2026-04-10T00:17:28.845+0000] {logging_mixin.py:188} INFO - [2026-04-10T00:17:28.845+0000] {dag.py:3823} INFO - Setting next_dagrun for yelp_restaurants_to_s3_to_snowflake to 2026-04-01 00:00:00+00:00, run_after=2026-07-01 00:00:00+00:00
[2026-04-10T00:17:28.854+0000] {processor.py:183} INFO - Processing /opt/airflow/dags/yelp_restaurants_to_s3_to_snowflake.py took 0.255 seconds
[2026-04-10T00:17:59.745+0000] {processor.py:161} INFO - Started process (PID=15157) to work on /opt/airflow/dags/yelp_restaurants_to_s3_to_snowflake.py
[2026-04-10T00:17:59.747+0000] {processor.py:830} INFO - Processing file /opt/airflow/dags/yelp_restaurants_to_s3_to_snowflake.py for tasks to queue
[2026-04-10T00:17:59.749+0000] {logging_mixin.py:188} INFO - [2026-04-10T00:17:59.749+0000] {dagbag.py:538} INFO - Filling up the DagBag from /opt/airflow/dags/yelp_restaurants_to_s3_to_snowflake.py
[2026-04-10T00:17:59.944+0000] {processor.py:840} INFO - DAG(s) 'yelp_restaurants_to_s3_to_snowflake' retrieved from /opt/airflow/dags/yelp_restaurants_to_s3_to_snowflake.py
[2026-04-10T00:17:59.957+0000] {logging_mixin.py:188} INFO - [2026-04-10T00:17:59.957+0000] {dag.py:3036} INFO - Sync 1 DAGs
[2026-04-10T00:17:59.968+0000] {logging_mixin.py:188} INFO - [2026-04-10T00:17:59.968+0000] {dag.py:3823} INFO - Setting next_dagrun for yelp_restaurants_to_s3_to_snowflake to 2026-04-01 00:00:00+00:00, run_after=2026-07-01 00:00:00+00:00
[2026-04-10T00:17:59.978+0000] {processor.py:183} INFO - Processing /opt/airflow/dags/yelp_restaurants_to_s3_to_snowflake.py took 0.235 seconds
[2026-04-10T00:18:30.048+0000] {processor.py:161} INFO - Started process (PID=15237) to work on /opt/airflow/dags/yelp_restaurants_to_s3_to_snowflake.py
[2026-04-10T00:18:30.050+0000] {processor.py:830} INFO - Processing file /opt/airflow/dags/yelp_restaurants_to_s3_to_snowflake.py for tasks to queue
[2026-04-10T00:18:30.052+0000] {logging_mixin.py:188} INFO - [2026-04-10T00:18:30.052+0000] {dagbag.py:538} INFO - Filling up the DagBag from /opt/airflow/dags/yelp_restaurants_to_s3_to_snowflake.py
[2026-04-10T00:18:30.249+0000] {processor.py:840} INFO - DAG(s) 'yelp_restaurants_to_s3_to_snowflake' retrieved from /opt/airflow/dags/yelp_restaurants_to_s3_to_snowflake.py
[2026-04-10T00:18:30.263+0000] {logging_mixin.py:188} INFO - [2026-04-10T00:18:30.263+0000] {dag.py:3036} INFO - Sync 1 DAGs
[2026-04-10T00:18:30.276+0000] {logging_mixin.py:188} INFO - [2026-04-10T00:18:30.276+0000] {dag.py:3823} INFO - Setting next_dagrun for yelp_restaurants_to_s3_to_snowflake to 2026-04-01 00:00:00+00:00, run_after=2026-07-01 00:00:00+00:00
[2026-04-10T00:18:30.284+0000] {processor.py:183} INFO - Processing /opt/airflow/dags/yelp_restaurants_to_s3_to_snowflake.py took 0.240 seconds
[2026-04-10T00:19:00.302+0000] {processor.py:161} INFO - Started process (PID=15317) to work on /opt/airflow/dags/yelp_restaurants_to_s3_to_snowflake.py
[2026-04-10T00:19:00.302+0000] {processor.py:830} INFO - Processing file /opt/airflow/dags/yelp_restaurants_to_s3_to_snowflake.py for tasks to queue
[2026-04-10T00:19:00.303+0000] {logging_mixin.py:188} INFO - [2026-04-10T00:19:00.303+0000] {dagbag.py:538} INFO - Filling up the DagBag from /opt/airflow/dags/yelp_restaurants_to_s3_to_snowflake.py
[2026-04-10T00:19:00.486+0000] {processor.py:840} INFO - DAG(s) 'yelp_restaurants_to_s3_to_snowflake' retrieved from /opt/airflow/dags/yelp_restaurants_to_s3_to_snowflake.py
[2026-04-10T00:19:00.498+0000] {logging_mixin.py:188} INFO - [2026-04-10T00:19:00.497+0000] {dag.py:3036} INFO - Sync 1 DAGs
[2026-04-10T00:19:00.505+0000] {logging_mixin.py:188} INFO - [2026-04-10T00:19:00.505+0000] {dag.py:3823} INFO - Setting next_dagrun for yelp_restaurants_to_s3_to_snowflake to 2026-04-01 00:00:00+00:00, run_after=2026-07-01 00:00:00+00:00
[2026-04-10T00:19:00.512+0000] {processor.py:183} INFO - Processing /opt/airflow/dags/yelp_restaurants_to_s3_to_snowflake.py took 0.212 seconds
[2026-04-10T00:19:31.370+0000] {processor.py:161} INFO - Started process (PID=15396) to work on /opt/airflow/dags/yelp_restaurants_to_s3_to_snowflake.py
[2026-04-10T00:19:31.372+0000] {processor.py:830} INFO - Processing file /opt/airflow/dags/yelp_restaurants_to_s3_to_snowflake.py for tasks to queue
[2026-04-10T00:19:31.376+0000] {logging_mixin.py:188} INFO - [2026-04-10T00:19:31.376+0000] {dagbag.py:538} INFO - Filling up the DagBag from /opt/airflow/dags/yelp_restaurants_to_s3_to_snowflake.py
[2026-04-10T00:19:31.574+0000] {processor.py:840} INFO - DAG(s) 'yelp_restaurants_to_s3_to_snowflake' retrieved from /opt/airflow/dags/yelp_restaurants_to_s3_to_snowflake.py
[2026-04-10T00:19:31.585+0000] {logging_mixin.py:188} INFO - [2026-04-10T00:19:31.585+0000] {dag.py:3036} INFO - Sync 1 DAGs
[2026-04-10T00:19:31.593+0000] {logging_mixin.py:188} INFO - [2026-04-10T00:19:31.593+0000] {dag.py:3823} INFO - Setting next_dagrun for yelp_restaurants_to_s3_to_snowflake to 2026-04-01 00:00:00+00:00, run_after=2026-07-01 00:00:00+00:00
[2026-04-10T00:19:31.600+0000] {processor.py:183} INFO - Processing /opt/airflow/dags/yelp_restaurants_to_s3_to_snowflake.py took 0.232 seconds
[2026-04-10T00:20:01.924+0000] {processor.py:161} INFO - Started process (PID=15477) to work on /opt/airflow/dags/yelp_restaurants_to_s3_to_snowflake.py
[2026-04-10T00:20:01.925+0000] {processor.py:830} INFO - Processing file /opt/airflow/dags/yelp_restaurants_to_s3_to_snowflake.py for tasks to queue
[2026-04-10T00:20:01.926+0000] {logging_mixin.py:188} INFO - [2026-04-10T00:20:01.926+0000] {dagbag.py:538} INFO - Filling up the DagBag from /opt/airflow/dags/yelp_restaurants_to_s3_to_snowflake.py
[2026-04-10T00:20:02.114+0000] {processor.py:840} INFO - DAG(s) 'yelp_restaurants_to_s3_to_snowflake' retrieved from /opt/airflow/dags/yelp_restaurants_to_s3_to_snowflake.py
[2026-04-10T00:20:02.125+0000] {logging_mixin.py:188} INFO - [2026-04-10T00:20:02.125+0000] {dag.py:3036} INFO - Sync 1 DAGs
[2026-04-10T00:20:02.206+0000] {logging_mixin.py:188} INFO - [2026-04-10T00:20:02.206+0000] {dag.py:3823} INFO - Setting next_dagrun for yelp_restaurants_to_s3_to_snowflake to 2026-04-01 00:00:00+00:00, run_after=2026-07-01 00:00:00+00:00
[2026-04-10T00:20:02.213+0000] {processor.py:183} INFO - Processing /opt/airflow/dags/yelp_restaurants_to_s3_to_snowflake.py took 0.290 seconds
[2026-04-10T00:20:32.774+0000] {processor.py:161} INFO - Started process (PID=15557) to work on /opt/airflow/dags/yelp_restaurants_to_s3_to_snowflake.py
[2026-04-10T00:20:32.775+0000] {processor.py:830} INFO - Processing file /opt/airflow/dags/yelp_restaurants_to_s3_to_snowflake.py for tasks to queue
[2026-04-10T00:20:32.776+0000] {logging_mixin.py:188} INFO - [2026-04-10T00:20:32.776+0000] {dagbag.py:538} INFO - Filling up the DagBag from /opt/airflow/dags/yelp_restaurants_to_s3_to_snowflake.py
[2026-04-10T00:20:33.023+0000] {processor.py:840} INFO - DAG(s) 'yelp_restaurants_to_s3_to_snowflake' retrieved from /opt/airflow/dags/yelp_restaurants_to_s3_to_snowflake.py
[2026-04-10T00:20:33.032+0000] {logging_mixin.py:188} INFO - [2026-04-10T00:20:33.030+0000] {dag.py:3036} INFO - Sync 1 DAGs
[2026-04-10T00:20:33.041+0000] {logging_mixin.py:188} INFO - [2026-04-10T00:20:33.041+0000] {dag.py:3823} INFO - Setting next_dagrun for yelp_restaurants_to_s3_to_snowflake to 2026-04-01 00:00:00+00:00, run_after=2026-07-01 00:00:00+00:00
[2026-04-10T00:20:33.051+0000] {processor.py:183} INFO - Processing /opt/airflow/dags/yelp_restaurants_to_s3_to_snowflake.py took 0.279 seconds
[2026-04-10T00:21:03.433+0000] {processor.py:161} INFO - Started process (PID=15636) to work on /opt/airflow/dags/yelp_restaurants_to_s3_to_snowflake.py
[2026-04-10T00:21:03.435+0000] {processor.py:830} INFO - Processing file /opt/airflow/dags/yelp_restaurants_to_s3_to_snowflake.py for tasks to queue
[2026-04-10T00:21:03.437+0000] {logging_mixin.py:188} INFO - [2026-04-10T00:21:03.437+0000] {dagbag.py:538} INFO - Filling up the DagBag from /opt/airflow/dags/yelp_restaurants_to_s3_to_snowflake.py
[2026-04-10T00:21:03.683+0000] {processor.py:840} INFO - DAG(s) 'yelp_restaurants_to_s3_to_snowflake' retrieved from /opt/airflow/dags/yelp_restaurants_to_s3_to_snowflake.py
[2026-04-10T00:21:03.689+0000] {logging_mixin.py:188} INFO - [2026-04-10T00:21:03.689+0000] {dag.py:3036} INFO - Sync 1 DAGs
[2026-04-10T00:21:03.696+0000] {logging_mixin.py:188} INFO - [2026-04-10T00:21:03.696+0000] {dag.py:3823} INFO - Setting next_dagrun for yelp_restaurants_to_s3_to_snowflake to 2026-04-01 00:00:00+00:00, run_after=2026-07-01 00:00:00+00:00
[2026-04-10T00:21:03.702+0000] {processor.py:183} INFO - Processing /opt/airflow/dags/yelp_restaurants_to_s3_to_snowflake.py took 0.271 seconds
[2026-04-10T00:21:34.271+0000] {processor.py:161} INFO - Started process (PID=15717) to work on /opt/airflow/dags/yelp_restaurants_to_s3_to_snowflake.py
[2026-04-10T00:21:34.272+0000] {processor.py:830} INFO - Processing file /opt/airflow/dags/yelp_restaurants_to_s3_to_snowflake.py for tasks to queue
[2026-04-10T00:21:34.272+0000] {logging_mixin.py:188} INFO - [2026-04-10T00:21:34.272+0000] {dagbag.py:538} INFO - Filling up the DagBag from /opt/airflow/dags/yelp_restaurants_to_s3_to_snowflake.py
[2026-04-10T00:21:34.491+0000] {processor.py:840} INFO - DAG(s) 'yelp_restaurants_to_s3_to_snowflake' retrieved from /opt/airflow/dags/yelp_restaurants_to_s3_to_snowflake.py
[2026-04-10T00:21:34.497+0000] {logging_mixin.py:188} INFO - [2026-04-10T00:21:34.497+0000] {dag.py:3036} INFO - Sync 1 DAGs
[2026-04-10T00:21:34.504+0000] {logging_mixin.py:188} INFO - [2026-04-10T00:21:34.504+0000] {dag.py:3823} INFO - Setting next_dagrun for yelp_restaurants_to_s3_to_snowflake to 2026-04-01 00:00:00+00:00, run_after=2026-07-01 00:00:00+00:00
[2026-04-10T00:21:34.509+0000] {processor.py:183} INFO - Processing /opt/airflow/dags/yelp_restaurants_to_s3_to_snowflake.py took 0.239 seconds
[2026-04-10T00:22:04.662+0000] {processor.py:161} INFO - Started process (PID=15796) to work on /opt/airflow/dags/yelp_restaurants_to_s3_to_snowflake.py
[2026-04-10T00:22:04.662+0000] {processor.py:830} INFO - Processing file /opt/airflow/dags/yelp_restaurants_to_s3_to_snowflake.py for tasks to queue
[2026-04-10T00:22:04.663+0000] {logging_mixin.py:188} INFO - [2026-04-10T00:22:04.663+0000] {dagbag.py:538} INFO - Filling up the DagBag from /opt/airflow/dags/yelp_restaurants_to_s3_to_snowflake.py
[2026-04-10T00:22:04.907+0000] {processor.py:840} INFO - DAG(s) 'yelp_restaurants_to_s3_to_snowflake' retrieved from /opt/airflow/dags/yelp_restaurants_to_s3_to_snowflake.py
[2026-04-10T00:22:04.913+0000] {logging_mixin.py:188} INFO - [2026-04-10T00:22:04.913+0000] {dag.py:3036} INFO - Sync 1 DAGs
[2026-04-10T00:22:04.920+0000] {logging_mixin.py:188} INFO - [2026-04-10T00:22:04.920+0000] {dag.py:3823} INFO - Setting next_dagrun for yelp_restaurants_to_s3_to_snowflake to 2026-04-01 00:00:00+00:00, run_after=2026-07-01 00:00:00+00:00
[2026-04-10T00:22:04.928+0000] {processor.py:183} INFO - Processing /opt/airflow/dags/yelp_restaurants_to_s3_to_snowflake.py took 0.268 seconds
[2026-04-10T00:22:35.087+0000] {processor.py:161} INFO - Started process (PID=15876) to work on /opt/airflow/dags/yelp_restaurants_to_s3_to_snowflake.py
[2026-04-10T00:22:35.087+0000] {processor.py:830} INFO - Processing file /opt/airflow/dags/yelp_restaurants_to_s3_to_snowflake.py for tasks to queue
[2026-04-10T00:22:35.089+0000] {logging_mixin.py:188} INFO - [2026-04-10T00:22:35.089+0000] {dagbag.py:538} INFO - Filling up the DagBag from /opt/airflow/dags/yelp_restaurants_to_s3_to_snowflake.py
[2026-04-10T00:22:35.331+0000] {processor.py:840} INFO - DAG(s) 'yelp_restaurants_to_s3_to_snowflake' retrieved from /opt/airflow/dags/yelp_restaurants_to_s3_to_snowflake.py
[2026-04-10T00:22:35.338+0000] {logging_mixin.py:188} INFO - [2026-04-10T00:22:35.338+0000] {dag.py:3036} INFO - Sync 1 DAGs
[2026-04-10T00:22:35.345+0000] {logging_mixin.py:188} INFO - [2026-04-10T00:22:35.345+0000] {dag.py:3823} INFO - Setting next_dagrun for yelp_restaurants_to_s3_to_snowflake to 2026-04-01 00:00:00+00:00, run_after=2026-07-01 00:00:00+00:00
[2026-04-10T00:22:35.351+0000] {processor.py:183} INFO - Processing /opt/airflow/dags/yelp_restaurants_to_s3_to_snowflake.py took 0.266 seconds
[2026-04-10T00:23:05.554+0000] {processor.py:161} INFO - Started process (PID=15956) to work on /opt/airflow/dags/yelp_restaurants_to_s3_to_snowflake.py
[2026-04-10T00:23:05.556+0000] {processor.py:830} INFO - Processing file /opt/airflow/dags/yelp_restaurants_to_s3_to_snowflake.py for tasks to queue
[2026-04-10T00:23:05.557+0000] {logging_mixin.py:188} INFO - [2026-04-10T00:23:05.557+0000] {dagbag.py:538} INFO - Filling up the DagBag from /opt/airflow/dags/yelp_restaurants_to_s3_to_snowflake.py
[2026-04-10T00:23:05.797+0000] {processor.py:840} INFO - DAG(s) 'yelp_restaurants_to_s3_to_snowflake' retrieved from /opt/airflow/dags/yelp_restaurants_to_s3_to_snowflake.py
[2026-04-10T00:23:05.803+0000] {logging_mixin.py:188} INFO - [2026-04-10T00:23:05.803+0000] {dag.py:3036} INFO - Sync 1 DAGs
[2026-04-10T00:23:05.811+0000] {logging_mixin.py:188} INFO - [2026-04-10T00:23:05.811+0000] {dag.py:3823} INFO - Setting next_dagrun for yelp_restaurants_to_s3_to_snowflake to 2026-04-01 00:00:00+00:00, run_after=2026-07-01 00:00:00+00:00
[2026-04-10T00:23:05.817+0000] {processor.py:183} INFO - Processing /opt/airflow/dags/yelp_restaurants_to_s3_to_snowflake.py took 0.264 seconds
[2026-04-10T00:23:36.173+0000] {processor.py:161} INFO - Started process (PID=16036) to work on /opt/airflow/dags/yelp_restaurants_to_s3_to_snowflake.py
[2026-04-10T00:23:36.174+0000] {processor.py:830} INFO - Processing file /opt/airflow/dags/yelp_restaurants_to_s3_to_snowflake.py for tasks to queue
[2026-04-10T00:23:36.175+0000] {logging_mixin.py:188} INFO - [2026-04-10T00:23:36.175+0000] {dagbag.py:538} INFO - Filling up the DagBag from /opt/airflow/dags/yelp_restaurants_to_s3_to_snowflake.py
[2026-04-10T00:23:36.419+0000] {processor.py:840} INFO - DAG(s) 'yelp_restaurants_to_s3_to_snowflake' retrieved from /opt/airflow/dags/yelp_restaurants_to_s3_to_snowflake.py
[2026-04-10T00:23:36.428+0000] {logging_mixin.py:188} INFO - [2026-04-10T00:23:36.428+0000] {dag.py:3036} INFO - Sync 1 DAGs
[2026-04-10T00:23:36.436+0000] {logging_mixin.py:188} INFO - [2026-04-10T00:23:36.436+0000] {dag.py:3823} INFO - Setting next_dagrun for yelp_restaurants_to_s3_to_snowflake to 2026-04-01 00:00:00+00:00, run_after=2026-07-01 00:00:00+00:00
[2026-04-10T00:23:36.442+0000] {processor.py:183} INFO - Processing /opt/airflow/dags/yelp_restaurants_to_s3_to_snowflake.py took 0.271 seconds
[2026-04-10T00:24:06.655+0000] {processor.py:161} INFO - Started process (PID=16116) to work on /opt/airflow/dags/yelp_restaurants_to_s3_to_snowflake.py
[2026-04-10T00:24:06.656+0000] {processor.py:830} INFO - Processing file /opt/airflow/dags/yelp_restaurants_to_s3_to_snowflake.py for tasks to queue
[2026-04-10T00:24:06.658+0000] {logging_mixin.py:188} INFO - [2026-04-10T00:24:06.658+0000] {dagbag.py:538} INFO - Filling up the DagBag from /opt/airflow/dags/yelp_restaurants_to_s3_to_snowflake.py
[2026-04-10T00:24:06.911+0000] {processor.py:840} INFO - DAG(s) 'yelp_restaurants_to_s3_to_snowflake' retrieved from /opt/airflow/dags/yelp_restaurants_to_s3_to_snowflake.py
[2026-04-10T00:24:06.919+0000] {logging_mixin.py:188} INFO - [2026-04-10T00:24:06.919+0000] {dag.py:3036} INFO - Sync 1 DAGs
[2026-04-10T00:24:06.927+0000] {logging_mixin.py:188} INFO - [2026-04-10T00:24:06.927+0000] {dag.py:3823} INFO - Setting next_dagrun for yelp_restaurants_to_s3_to_snowflake to 2026-04-01 00:00:00+00:00, run_after=2026-07-01 00:00:00+00:00
[2026-04-10T00:24:06.933+0000] {processor.py:183} INFO - Processing /opt/airflow/dags/yelp_restaurants_to_s3_to_snowflake.py took 0.280 seconds
[2026-04-10T00:24:37.197+0000] {processor.py:161} INFO - Started process (PID=16196) to work on /opt/airflow/dags/yelp_restaurants_to_s3_to_snowflake.py
[2026-04-10T00:24:37.198+0000] {processor.py:830} INFO - Processing file /opt/airflow/dags/yelp_restaurants_to_s3_to_snowflake.py for tasks to queue
[2026-04-10T00:24:37.199+0000] {logging_mixin.py:188} INFO - [2026-04-10T00:24:37.199+0000] {dagbag.py:538} INFO - Filling up the DagBag from /opt/airflow/dags/yelp_restaurants_to_s3_to_snowflake.py
[2026-04-10T00:24:37.370+0000] {processor.py:840} INFO - DAG(s) 'yelp_restaurants_to_s3_to_snowflake' retrieved from /opt/airflow/dags/yelp_restaurants_to_s3_to_snowflake.py
[2026-04-10T00:24:37.383+0000] {logging_mixin.py:188} INFO - [2026-04-10T00:24:37.383+0000] {dag.py:3036} INFO - Sync 1 DAGs
[2026-04-10T00:24:37.391+0000] {logging_mixin.py:188} INFO - [2026-04-10T00:24:37.391+0000] {dag.py:3823} INFO - Setting next_dagrun for yelp_restaurants_to_s3_to_snowflake to 2026-04-01 00:00:00+00:00, run_after=2026-07-01 00:00:00+00:00
[2026-04-10T00:24:37.397+0000] {processor.py:183} INFO - Processing /opt/airflow/dags/yelp_restaurants_to_s3_to_snowflake.py took 0.201 seconds
[2026-04-10T00:25:08.174+0000] {processor.py:161} INFO - Started process (PID=16276) to work on /opt/airflow/dags/yelp_restaurants_to_s3_to_snowflake.py
[2026-04-10T00:25:08.175+0000] {processor.py:830} INFO - Processing file /opt/airflow/dags/yelp_restaurants_to_s3_to_snowflake.py for tasks to queue
[2026-04-10T00:25:08.176+0000] {logging_mixin.py:188} INFO - [2026-04-10T00:25:08.176+0000] {dagbag.py:538} INFO - Filling up the DagBag from /opt/airflow/dags/yelp_restaurants_to_s3_to_snowflake.py
[2026-04-10T00:25:08.350+0000] {processor.py:840} INFO - DAG(s) 'yelp_restaurants_to_s3_to_snowflake' retrieved from /opt/airflow/dags/yelp_restaurants_to_s3_to_snowflake.py
[2026-04-10T00:25:08.357+0000] {logging_mixin.py:188} INFO - [2026-04-10T00:25:08.357+0000] {dag.py:3036} INFO - Sync 1 DAGs
[2026-04-10T00:25:08.365+0000] {logging_mixin.py:188} INFO - [2026-04-10T00:25:08.365+0000] {dag.py:3823} INFO - Setting next_dagrun for yelp_restaurants_to_s3_to_snowflake to 2026-04-01 00:00:00+00:00, run_after=2026-07-01 00:00:00+00:00
[2026-04-10T00:25:08.371+0000] {processor.py:183} INFO - Processing /opt/airflow/dags/yelp_restaurants_to_s3_to_snowflake.py took 0.198 seconds
[2026-04-10T00:25:39.106+0000] {processor.py:161} INFO - Started process (PID=16356) to work on /opt/airflow/dags/yelp_restaurants_to_s3_to_snowflake.py
[2026-04-10T00:25:39.107+0000] {processor.py:830} INFO - Processing file /opt/airflow/dags/yelp_restaurants_to_s3_to_snowflake.py for tasks to queue
[2026-04-10T00:25:39.108+0000] {logging_mixin.py:188} INFO - [2026-04-10T00:25:39.108+0000] {dagbag.py:538} INFO - Filling up the DagBag from /opt/airflow/dags/yelp_restaurants_to_s3_to_snowflake.py
[2026-04-10T00:25:39.277+0000] {processor.py:840} INFO - DAG(s) 'yelp_restaurants_to_s3_to_snowflake' retrieved from /opt/airflow/dags/yelp_restaurants_to_s3_to_snowflake.py
[2026-04-10T00:25:39.284+0000] {logging_mixin.py:188} INFO - [2026-04-10T00:25:39.284+0000] {dag.py:3036} INFO - Sync 1 DAGs
[2026-04-10T00:25:39.292+0000] {logging_mixin.py:188} INFO - [2026-04-10T00:25:39.292+0000] {dag.py:3823} INFO - Setting next_dagrun for yelp_restaurants_to_s3_to_snowflake to 2026-04-01 00:00:00+00:00, run_after=2026-07-01 00:00:00+00:00
[2026-04-10T00:25:39.302+0000] {processor.py:183} INFO - Processing /opt/airflow/dags/yelp_restaurants_to_s3_to_snowflake.py took 0.198 seconds
[2026-04-10T00:26:10.293+0000] {processor.py:161} INFO - Started process (PID=16435) to work on /opt/airflow/dags/yelp_restaurants_to_s3_to_snowflake.py
[2026-04-10T00:26:10.293+0000] {processor.py:830} INFO - Processing file /opt/airflow/dags/yelp_restaurants_to_s3_to_snowflake.py for tasks to queue
[2026-04-10T00:26:10.297+0000] {logging_mixin.py:188} INFO - [2026-04-10T00:26:10.296+0000] {dagbag.py:538} INFO - Filling up the DagBag from /opt/airflow/dags/yelp_restaurants_to_s3_to_snowflake.py
[2026-04-10T00:26:10.461+0000] {processor.py:840} INFO - DAG(s) 'yelp_restaurants_to_s3_to_snowflake' retrieved from /opt/airflow/dags/yelp_restaurants_to_s3_to_snowflake.py
[2026-04-10T00:26:10.479+0000] {logging_mixin.py:188} INFO - [2026-04-10T00:26:10.478+0000] {dag.py:3036} INFO - Sync 1 DAGs
[2026-04-10T00:26:10.491+0000] {logging_mixin.py:188} INFO - [2026-04-10T00:26:10.491+0000] {dag.py:3823} INFO - Setting next_dagrun for yelp_restaurants_to_s3_to_snowflake to 2026-04-01 00:00:00+00:00, run_after=2026-07-01 00:00:00+00:00
[2026-04-10T00:26:10.497+0000] {processor.py:183} INFO - Processing /opt/airflow/dags/yelp_restaurants_to_s3_to_snowflake.py took 0.206 seconds
[2026-04-10T00:26:41.286+0000] {processor.py:161} INFO - Started process (PID=16515) to work on /opt/airflow/dags/yelp_restaurants_to_s3_to_snowflake.py
[2026-04-10T00:26:41.287+0000] {processor.py:830} INFO - Processing file /opt/airflow/dags/yelp_restaurants_to_s3_to_snowflake.py for tasks to queue
[2026-04-10T00:26:41.288+0000] {logging_mixin.py:188} INFO - [2026-04-10T00:26:41.288+0000] {dagbag.py:538} INFO - Filling up the DagBag from /opt/airflow/dags/yelp_restaurants_to_s3_to_snowflake.py
[2026-04-10T00:26:41.461+0000] {processor.py:840} INFO - DAG(s) 'yelp_restaurants_to_s3_to_snowflake' retrieved from /opt/airflow/dags/yelp_restaurants_to_s3_to_snowflake.py
[2026-04-10T00:26:41.468+0000] {logging_mixin.py:188} INFO - [2026-04-10T00:26:41.468+0000] {dag.py:3036} INFO - Sync 1 DAGs
[2026-04-10T00:26:41.476+0000] {logging_mixin.py:188} INFO - [2026-04-10T00:26:41.476+0000] {dag.py:3823} INFO - Setting next_dagrun for yelp_restaurants_to_s3_to_snowflake to 2026-04-01 00:00:00+00:00, run_after=2026-07-01 00:00:00+00:00
[2026-04-10T00:26:41.483+0000] {processor.py:183} INFO - Processing /opt/airflow/dags/yelp_restaurants_to_s3_to_snowflake.py took 0.198 seconds
[2026-04-10T00:27:12.194+0000] {processor.py:161} INFO - Started process (PID=16600) to work on /opt/airflow/dags/yelp_restaurants_to_s3_to_snowflake.py
[2026-04-10T00:27:12.194+0000] {processor.py:830} INFO - Processing file /opt/airflow/dags/yelp_restaurants_to_s3_to_snowflake.py for tasks to queue
[2026-04-10T00:27:12.195+0000] {logging_mixin.py:188} INFO - [2026-04-10T00:27:12.195+0000] {dagbag.py:538} INFO - Filling up the DagBag from /opt/airflow/dags/yelp_restaurants_to_s3_to_snowflake.py
[2026-04-10T00:27:12.366+0000] {processor.py:840} INFO - DAG(s) 'yelp_restaurants_to_s3_to_snowflake' retrieved from /opt/airflow/dags/yelp_restaurants_to_s3_to_snowflake.py
[2026-04-10T00:27:12.461+0000] {logging_mixin.py:188} INFO - [2026-04-10T00:27:12.460+0000] {dag.py:3036} INFO - Sync 1 DAGs
[2026-04-10T00:27:12.471+0000] {logging_mixin.py:188} INFO - [2026-04-10T00:27:12.471+0000] {dag.py:3823} INFO - Setting next_dagrun for yelp_restaurants_to_s3_to_snowflake to 2026-04-01 00:00:00+00:00, run_after=2026-07-01 00:00:00+00:00
[2026-04-10T00:27:12.482+0000] {processor.py:183} INFO - Processing /opt/airflow/dags/yelp_restaurants_to_s3_to_snowflake.py took 0.289 seconds
[2026-04-10T00:27:43.689+0000] {processor.py:161} INFO - Started process (PID=16680) to work on /opt/airflow/dags/yelp_restaurants_to_s3_to_snowflake.py
[2026-04-10T00:27:43.689+0000] {processor.py:830} INFO - Processing file /opt/airflow/dags/yelp_restaurants_to_s3_to_snowflake.py for tasks to queue
[2026-04-10T00:27:43.690+0000] {logging_mixin.py:188} INFO - [2026-04-10T00:27:43.690+0000] {dagbag.py:538} INFO - Filling up the DagBag from /opt/airflow/dags/yelp_restaurants_to_s3_to_snowflake.py
[2026-04-10T00:27:43.936+0000] {processor.py:840} INFO - DAG(s) 'yelp_restaurants_to_s3_to_snowflake' retrieved from /opt/airflow/dags/yelp_restaurants_to_s3_to_snowflake.py
[2026-04-10T00:27:43.950+0000] {logging_mixin.py:188} INFO - [2026-04-10T00:27:43.949+0000] {dag.py:3036} INFO - Sync 1 DAGs
[2026-04-10T00:27:43.958+0000] {logging_mixin.py:188} INFO - [2026-04-10T00:27:43.958+0000] {dag.py:3823} INFO - Setting next_dagrun for yelp_restaurants_to_s3_to_snowflake to 2026-04-01 00:00:00+00:00, run_after=2026-07-01 00:00:00+00:00
[2026-04-10T00:27:43.964+0000] {processor.py:183} INFO - Processing /opt/airflow/dags/yelp_restaurants_to_s3_to_snowflake.py took 0.277 seconds
[2026-04-10T00:28:14.184+0000] {processor.py:161} INFO - Started process (PID=16760) to work on /opt/airflow/dags/yelp_restaurants_to_s3_to_snowflake.py
[2026-04-10T00:28:14.185+0000] {processor.py:830} INFO - Processing file /opt/airflow/dags/yelp_restaurants_to_s3_to_snowflake.py for tasks to queue
[2026-04-10T00:28:14.185+0000] {logging_mixin.py:188} INFO - [2026-04-10T00:28:14.185+0000] {dagbag.py:538} INFO - Filling up the DagBag from /opt/airflow/dags/yelp_restaurants_to_s3_to_snowflake.py
[2026-04-10T00:28:14.436+0000] {processor.py:840} INFO - DAG(s) 'yelp_restaurants_to_s3_to_snowflake' retrieved from /opt/airflow/dags/yelp_restaurants_to_s3_to_snowflake.py
[2026-04-10T00:28:14.443+0000] {logging_mixin.py:188} INFO - [2026-04-10T00:28:14.443+0000] {dag.py:3036} INFO - Sync 1 DAGs
[2026-04-10T00:28:14.450+0000] {logging_mixin.py:188} INFO - [2026-04-10T00:28:14.450+0000] {dag.py:3823} INFO - Setting next_dagrun for yelp_restaurants_to_s3_to_snowflake to 2026-04-01 00:00:00+00:00, run_after=2026-07-01 00:00:00+00:00
[2026-04-10T00:28:14.456+0000] {processor.py:183} INFO - Processing /opt/airflow/dags/yelp_restaurants_to_s3_to_snowflake.py took 0.274 seconds
[2026-04-10T00:28:44.605+0000] {processor.py:161} INFO - Started process (PID=16840) to work on /opt/airflow/dags/yelp_restaurants_to_s3_to_snowflake.py
[2026-04-10T00:28:44.606+0000] {processor.py:830} INFO - Processing file /opt/airflow/dags/yelp_restaurants_to_s3_to_snowflake.py for tasks to queue
[2026-04-10T00:28:44.608+0000] {logging_mixin.py:188} INFO - [2026-04-10T00:28:44.607+0000] {dagbag.py:538} INFO - Filling up the DagBag from /opt/airflow/dags/yelp_restaurants_to_s3_to_snowflake.py
[2026-04-10T00:28:44.858+0000] {processor.py:840} INFO - DAG(s) 'yelp_restaurants_to_s3_to_snowflake' retrieved from /opt/airflow/dags/yelp_restaurants_to_s3_to_snowflake.py
[2026-04-10T00:28:44.867+0000] {logging_mixin.py:188} INFO - [2026-04-10T00:28:44.867+0000] {dag.py:3036} INFO - Sync 1 DAGs
[2026-04-10T00:28:44.874+0000] {logging_mixin.py:188} INFO - [2026-04-10T00:28:44.874+0000] {dag.py:3823} INFO - Setting next_dagrun for yelp_restaurants_to_s3_to_snowflake to 2026-04-01 00:00:00+00:00, run_after=2026-07-01 00:00:00+00:00
[2026-04-10T00:28:44.879+0000] {processor.py:183} INFO - Processing /opt/airflow/dags/yelp_restaurants_to_s3_to_snowflake.py took 0.276 seconds
[2026-04-10T00:29:16.190+0000] {processor.py:161} INFO - Started process (PID=16920) to work on /opt/airflow/dags/yelp_restaurants_to_s3_to_snowflake.py
[2026-04-10T00:29:16.191+0000] {processor.py:830} INFO - Processing file /opt/airflow/dags/yelp_restaurants_to_s3_to_snowflake.py for tasks to queue
[2026-04-10T00:29:16.192+0000] {logging_mixin.py:188} INFO - [2026-04-10T00:29:16.192+0000] {dagbag.py:538} INFO - Filling up the DagBag from /opt/airflow/dags/yelp_restaurants_to_s3_to_snowflake.py
[2026-04-10T00:29:16.425+0000] {processor.py:840} INFO - DAG(s) 'yelp_restaurants_to_s3_to_snowflake' retrieved from /opt/airflow/dags/yelp_restaurants_to_s3_to_snowflake.py
[2026-04-10T00:29:16.434+0000] {logging_mixin.py:188} INFO - [2026-04-10T00:29:16.434+0000] {dag.py:3036} INFO - Sync 1 DAGs
[2026-04-10T00:29:16.442+0000] {logging_mixin.py:188} INFO - [2026-04-10T00:29:16.442+0000] {dag.py:3823} INFO - Setting next_dagrun for yelp_restaurants_to_s3_to_snowflake to 2026-04-01 00:00:00+00:00, run_after=2026-07-01 00:00:00+00:00
[2026-04-10T00:29:16.456+0000] {processor.py:183} INFO - Processing /opt/airflow/dags/yelp_restaurants_to_s3_to_snowflake.py took 0.267 seconds
[2026-04-10T00:29:46.496+0000] {processor.py:161} INFO - Started process (PID=16999) to work on /opt/airflow/dags/yelp_restaurants_to_s3_to_snowflake.py
[2026-04-10T00:29:46.497+0000] {processor.py:830} INFO - Processing file /opt/airflow/dags/yelp_restaurants_to_s3_to_snowflake.py for tasks to queue
[2026-04-10T00:29:46.498+0000] {logging_mixin.py:188} INFO - [2026-04-10T00:29:46.498+0000] {dagbag.py:538} INFO - Filling up the DagBag from /opt/airflow/dags/yelp_restaurants_to_s3_to_snowflake.py
[2026-04-10T00:29:46.736+0000] {processor.py:840} INFO - DAG(s) 'yelp_restaurants_to_s3_to_snowflake' retrieved from /opt/airflow/dags/yelp_restaurants_to_s3_to_snowflake.py
[2026-04-10T00:29:46.742+0000] {logging_mixin.py:188} INFO - [2026-04-10T00:29:46.742+0000] {dag.py:3036} INFO - Sync 1 DAGs
[2026-04-10T00:29:46.749+0000] {logging_mixin.py:188} INFO - [2026-04-10T00:29:46.749+0000] {dag.py:3823} INFO - Setting next_dagrun for yelp_restaurants_to_s3_to_snowflake to 2026-04-01 00:00:00+00:00, run_after=2026-07-01 00:00:00+00:00
[2026-04-10T00:29:46.755+0000] {processor.py:183} INFO - Processing /opt/airflow/dags/yelp_restaurants_to_s3_to_snowflake.py took 0.260 seconds
[2026-04-10T00:30:16.969+0000] {processor.py:161} INFO - Started process (PID=17079) to work on /opt/airflow/dags/yelp_restaurants_to_s3_to_snowflake.py
[2026-04-10T00:30:16.970+0000] {processor.py:830} INFO - Processing file /opt/airflow/dags/yelp_restaurants_to_s3_to_snowflake.py for tasks to queue
[2026-04-10T00:30:16.971+0000] {logging_mixin.py:188} INFO - [2026-04-10T00:30:16.971+0000] {dagbag.py:538} INFO - Filling up the DagBag from /opt/airflow/dags/yelp_restaurants_to_s3_to_snowflake.py
[2026-04-10T00:30:17.238+0000] {processor.py:840} INFO - DAG(s) 'yelp_restaurants_to_s3_to_snowflake' retrieved from /opt/airflow/dags/yelp_restaurants_to_s3_to_snowflake.py
[2026-04-10T00:30:17.250+0000] {logging_mixin.py:188} INFO - [2026-04-10T00:30:17.249+0000] {dag.py:3036} INFO - Sync 1 DAGs
[2026-04-10T00:30:17.257+0000] {logging_mixin.py:188} INFO - [2026-04-10T00:30:17.257+0000] {dag.py:3823} INFO - Setting next_dagrun for yelp_restaurants_to_s3_to_snowflake to 2026-04-01 00:00:00+00:00, run_after=2026-07-01 00:00:00+00:00
[2026-04-10T00:30:17.263+0000] {processor.py:183} INFO - Processing /opt/airflow/dags/yelp_restaurants_to_s3_to_snowflake.py took 0.296 seconds
[2026-04-10T00:30:47.934+0000] {processor.py:161} INFO - Started process (PID=17159) to work on /opt/airflow/dags/yelp_restaurants_to_s3_to_snowflake.py
[2026-04-10T00:30:47.937+0000] {processor.py:830} INFO - Processing file /opt/airflow/dags/yelp_restaurants_to_s3_to_snowflake.py for tasks to queue
[2026-04-10T00:30:47.938+0000] {logging_mixin.py:188} INFO - [2026-04-10T00:30:47.938+0000] {dagbag.py:538} INFO - Filling up the DagBag from /opt/airflow/dags/yelp_restaurants_to_s3_to_snowflake.py
[2026-04-10T00:30:48.199+0000] {processor.py:840} INFO - DAG(s) 'yelp_restaurants_to_s3_to_snowflake' retrieved from /opt/airflow/dags/yelp_restaurants_to_s3_to_snowflake.py
[2026-04-10T00:30:48.206+0000] {logging_mixin.py:188} INFO - [2026-04-10T00:30:48.206+0000] {dag.py:3036} INFO - Sync 1 DAGs
[2026-04-10T00:30:48.215+0000] {logging_mixin.py:188} INFO - [2026-04-10T00:30:48.215+0000] {dag.py:3823} INFO - Setting next_dagrun for yelp_restaurants_to_s3_to_snowflake to 2026-04-01 00:00:00+00:00, run_after=2026-07-01 00:00:00+00:00
[2026-04-10T00:30:48.223+0000] {processor.py:183} INFO - Processing /opt/airflow/dags/yelp_restaurants_to_s3_to_snowflake.py took 0.291 seconds
[2026-04-10T00:31:18.812+0000] {processor.py:161} INFO - Started process (PID=17239) to work on /opt/airflow/dags/yelp_restaurants_to_s3_to_snowflake.py
[2026-04-10T00:31:18.813+0000] {processor.py:830} INFO - Processing file /opt/airflow/dags/yelp_restaurants_to_s3_to_snowflake.py for tasks to queue
[2026-04-10T00:31:18.814+0000] {logging_mixin.py:188} INFO - [2026-04-10T00:31:18.814+0000] {dagbag.py:538} INFO - Filling up the DagBag from /opt/airflow/dags/yelp_restaurants_to_s3_to_snowflake.py
[2026-04-10T00:31:19.119+0000] {processor.py:840} INFO - DAG(s) 'yelp_restaurants_to_s3_to_snowflake' retrieved from /opt/airflow/dags/yelp_restaurants_to_s3_to_snowflake.py
[2026-04-10T00:31:19.129+0000] {logging_mixin.py:188} INFO - [2026-04-10T00:31:19.129+0000] {dag.py:3036} INFO - Sync 1 DAGs
[2026-04-10T00:31:19.139+0000] {logging_mixin.py:188} INFO - [2026-04-10T00:31:19.139+0000] {dag.py:3823} INFO - Setting next_dagrun for yelp_restaurants_to_s3_to_snowflake to 2026-04-01 00:00:00+00:00, run_after=2026-07-01 00:00:00+00:00
[2026-04-10T00:31:19.145+0000] {processor.py:183} INFO - Processing /opt/airflow/dags/yelp_restaurants_to_s3_to_snowflake.py took 0.334 seconds
[2026-04-10T00:31:49.928+0000] {processor.py:161} INFO - Started process (PID=17319) to work on /opt/airflow/dags/yelp_restaurants_to_s3_to_snowflake.py
[2026-04-10T00:31:49.929+0000] {processor.py:830} INFO - Processing file /opt/airflow/dags/yelp_restaurants_to_s3_to_snowflake.py for tasks to queue
[2026-04-10T00:31:49.930+0000] {logging_mixin.py:188} INFO - [2026-04-10T00:31:49.930+0000] {dagbag.py:538} INFO - Filling up the DagBag from /opt/airflow/dags/yelp_restaurants_to_s3_to_snowflake.py
[2026-04-10T00:31:50.250+0000] {processor.py:840} INFO - DAG(s) 'yelp_restaurants_to_s3_to_snowflake' retrieved from /opt/airflow/dags/yelp_restaurants_to_s3_to_snowflake.py
[2026-04-10T00:31:50.261+0000] {logging_mixin.py:188} INFO - [2026-04-10T00:31:50.261+0000] {dag.py:3036} INFO - Sync 1 DAGs
[2026-04-10T00:31:50.270+0000] {logging_mixin.py:188} INFO - [2026-04-10T00:31:50.270+0000] {dag.py:3823} INFO - Setting next_dagrun for yelp_restaurants_to_s3_to_snowflake to 2026-04-01 00:00:00+00:00, run_after=2026-07-01 00:00:00+00:00
[2026-04-10T00:31:50.276+0000] {processor.py:183} INFO - Processing /opt/airflow/dags/yelp_restaurants_to_s3_to_snowflake.py took 0.350 seconds
[2026-04-10T00:32:20.548+0000] {processor.py:161} INFO - Started process (PID=17399) to work on /opt/airflow/dags/yelp_restaurants_to_s3_to_snowflake.py
[2026-04-10T00:32:20.550+0000] {processor.py:830} INFO - Processing file /opt/airflow/dags/yelp_restaurants_to_s3_to_snowflake.py for tasks to queue
[2026-04-10T00:32:20.551+0000] {logging_mixin.py:188} INFO - [2026-04-10T00:32:20.551+0000] {dagbag.py:538} INFO - Filling up the DagBag from /opt/airflow/dags/yelp_restaurants_to_s3_to_snowflake.py
[2026-04-10T00:32:20.743+0000] {processor.py:840} INFO - DAG(s) 'yelp_restaurants_to_s3_to_snowflake' retrieved from /opt/airflow/dags/yelp_restaurants_to_s3_to_snowflake.py
[2026-04-10T00:32:20.752+0000] {logging_mixin.py:188} INFO - [2026-04-10T00:32:20.752+0000] {dag.py:3036} INFO - Sync 1 DAGs
[2026-04-10T00:32:20.762+0000] {logging_mixin.py:188} INFO - [2026-04-10T00:32:20.762+0000] {dag.py:3823} INFO - Setting next_dagrun for yelp_restaurants_to_s3_to_snowflake to 2026-04-01 00:00:00+00:00, run_after=2026-07-01 00:00:00+00:00
[2026-04-10T00:32:20.772+0000] {processor.py:183} INFO - Processing /opt/airflow/dags/yelp_restaurants_to_s3_to_snowflake.py took 0.226 seconds
[2026-04-10T00:32:50.830+0000] {processor.py:161} INFO - Started process (PID=17479) to work on /opt/airflow/dags/yelp_restaurants_to_s3_to_snowflake.py
[2026-04-10T00:32:50.832+0000] {processor.py:830} INFO - Processing file /opt/airflow/dags/yelp_restaurants_to_s3_to_snowflake.py for tasks to queue
[2026-04-10T00:32:50.834+0000] {logging_mixin.py:188} INFO - [2026-04-10T00:32:50.834+0000] {dagbag.py:538} INFO - Filling up the DagBag from /opt/airflow/dags/yelp_restaurants_to_s3_to_snowflake.py
[2026-04-10T00:32:51.008+0000] {processor.py:840} INFO - DAG(s) 'yelp_restaurants_to_s3_to_snowflake' retrieved from /opt/airflow/dags/yelp_restaurants_to_s3_to_snowflake.py
[2026-04-10T00:32:51.021+0000] {logging_mixin.py:188} INFO - [2026-04-10T00:32:51.021+0000] {dag.py:3036} INFO - Sync 1 DAGs
[2026-04-10T00:32:51.029+0000] {logging_mixin.py:188} INFO - [2026-04-10T00:32:51.029+0000] {dag.py:3823} INFO - Setting next_dagrun for yelp_restaurants_to_s3_to_snowflake to 2026-04-01 00:00:00+00:00, run_after=2026-07-01 00:00:00+00:00
[2026-04-10T00:32:51.037+0000] {processor.py:183} INFO - Processing /opt/airflow/dags/yelp_restaurants_to_s3_to_snowflake.py took 0.213 seconds
[2026-04-10T00:33:21.857+0000] {processor.py:161} INFO - Started process (PID=17559) to work on /opt/airflow/dags/yelp_restaurants_to_s3_to_snowflake.py
[2026-04-10T00:33:21.858+0000] {processor.py:830} INFO - Processing file /opt/airflow/dags/yelp_restaurants_to_s3_to_snowflake.py for tasks to queue
[2026-04-10T00:33:21.860+0000] {logging_mixin.py:188} INFO - [2026-04-10T00:33:21.860+0000] {dagbag.py:538} INFO - Filling up the DagBag from /opt/airflow/dags/yelp_restaurants_to_s3_to_snowflake.py
[2026-04-10T00:33:22.034+0000] {processor.py:840} INFO - DAG(s) 'yelp_restaurants_to_s3_to_snowflake' retrieved from /opt/airflow/dags/yelp_restaurants_to_s3_to_snowflake.py
[2026-04-10T00:33:22.042+0000] {logging_mixin.py:188} INFO - [2026-04-10T00:33:22.042+0000] {dag.py:3036} INFO - Sync 1 DAGs
[2026-04-10T00:33:22.050+0000] {logging_mixin.py:188} INFO - [2026-04-10T00:33:22.049+0000] {dag.py:3823} INFO - Setting next_dagrun for yelp_restaurants_to_s3_to_snowflake to 2026-04-01 00:00:00+00:00, run_after=2026-07-01 00:00:00+00:00
[2026-04-10T00:33:22.056+0000] {processor.py:183} INFO - Processing /opt/airflow/dags/yelp_restaurants_to_s3_to_snowflake.py took 0.200 seconds
[2026-04-10T00:33:52.853+0000] {processor.py:161} INFO - Started process (PID=17639) to work on /opt/airflow/dags/yelp_restaurants_to_s3_to_snowflake.py
[2026-04-10T00:33:52.853+0000] {processor.py:830} INFO - Processing file /opt/airflow/dags/yelp_restaurants_to_s3_to_snowflake.py for tasks to queue
[2026-04-10T00:33:52.856+0000] {logging_mixin.py:188} INFO - [2026-04-10T00:33:52.856+0000] {dagbag.py:538} INFO - Filling up the DagBag from /opt/airflow/dags/yelp_restaurants_to_s3_to_snowflake.py
[2026-04-10T00:33:53.043+0000] {processor.py:840} INFO - DAG(s) 'yelp_restaurants_to_s3_to_snowflake' retrieved from /opt/airflow/dags/yelp_restaurants_to_s3_to_snowflake.py
[2026-04-10T00:33:53.051+0000] {logging_mixin.py:188} INFO - [2026-04-10T00:33:53.051+0000] {dag.py:3036} INFO - Sync 1 DAGs
[2026-04-10T00:33:53.060+0000] {logging_mixin.py:188} INFO - [2026-04-10T00:33:53.060+0000] {dag.py:3823} INFO - Setting next_dagrun for yelp_restaurants_to_s3_to_snowflake to 2026-04-01 00:00:00+00:00, run_after=2026-07-01 00:00:00+00:00
[2026-04-10T00:33:53.072+0000] {processor.py:183} INFO - Processing /opt/airflow/dags/yelp_restaurants_to_s3_to_snowflake.py took 0.220 seconds
[2026-04-10T00:34:23.867+0000] {processor.py:161} INFO - Started process (PID=17719) to work on /opt/airflow/dags/yelp_restaurants_to_s3_to_snowflake.py
[2026-04-10T00:34:23.867+0000] {processor.py:830} INFO - Processing file /opt/airflow/dags/yelp_restaurants_to_s3_to_snowflake.py for tasks to queue
[2026-04-10T00:34:23.868+0000] {logging_mixin.py:188} INFO - [2026-04-10T00:34:23.868+0000] {dagbag.py:538} INFO - Filling up the DagBag from /opt/airflow/dags/yelp_restaurants_to_s3_to_snowflake.py
[2026-04-10T00:34:24.035+0000] {processor.py:840} INFO - DAG(s) 'yelp_restaurants_to_s3_to_snowflake' retrieved from /opt/airflow/dags/yelp_restaurants_to_s3_to_snowflake.py
[2026-04-10T00:34:24.043+0000] {logging_mixin.py:188} INFO - [2026-04-10T00:34:24.043+0000] {dag.py:3036} INFO - Sync 1 DAGs
[2026-04-10T00:34:24.050+0000] {logging_mixin.py:188} INFO - [2026-04-10T00:34:24.050+0000] {dag.py:3823} INFO - Setting next_dagrun for yelp_restaurants_to_s3_to_snowflake to 2026-04-01 00:00:00+00:00, run_after=2026-07-01 00:00:00+00:00
[2026-04-10T00:34:24.056+0000] {processor.py:183} INFO - Processing /opt/airflow/dags/yelp_restaurants_to_s3_to_snowflake.py took 0.191 seconds
[2026-04-10T00:34:54.108+0000] {processor.py:161} INFO - Started process (PID=17797) to work on /opt/airflow/dags/yelp_restaurants_to_s3_to_snowflake.py
[2026-04-10T00:34:54.109+0000] {processor.py:830} INFO - Processing file /opt/airflow/dags/yelp_restaurants_to_s3_to_snowflake.py for tasks to queue
[2026-04-10T00:34:54.110+0000] {logging_mixin.py:188} INFO - [2026-04-10T00:34:54.110+0000] {dagbag.py:538} INFO - Filling up the DagBag from /opt/airflow/dags/yelp_restaurants_to_s3_to_snowflake.py
[2026-04-10T00:34:54.299+0000] {processor.py:840} INFO - DAG(s) 'yelp_restaurants_to_s3_to_snowflake' retrieved from /opt/airflow/dags/yelp_restaurants_to_s3_to_snowflake.py
[2026-04-10T00:34:54.310+0000] {logging_mixin.py:188} INFO - [2026-04-10T00:34:54.310+0000] {dag.py:3036} INFO - Sync 1 DAGs
[2026-04-10T00:34:54.321+0000] {logging_mixin.py:188} INFO - [2026-04-10T00:34:54.321+0000] {dag.py:3823} INFO - Setting next_dagrun for yelp_restaurants_to_s3_to_snowflake to 2026-04-01 00:00:00+00:00, run_after=2026-07-01 00:00:00+00:00
[2026-04-10T00:34:54.327+0000] {processor.py:183} INFO - Processing /opt/airflow/dags/yelp_restaurants_to_s3_to_snowflake.py took 0.221 seconds
[2026-04-10T00:35:25.430+0000] {processor.py:161} INFO - Started process (PID=17878) to work on /opt/airflow/dags/yelp_restaurants_to_s3_to_snowflake.py
[2026-04-10T00:35:25.430+0000] {processor.py:830} INFO - Processing file /opt/airflow/dags/yelp_restaurants_to_s3_to_snowflake.py for tasks to queue
[2026-04-10T00:35:25.431+0000] {logging_mixin.py:188} INFO - [2026-04-10T00:35:25.431+0000] {dagbag.py:538} INFO - Filling up the DagBag from /opt/airflow/dags/yelp_restaurants_to_s3_to_snowflake.py
[2026-04-10T00:35:25.684+0000] {processor.py:840} INFO - DAG(s) 'yelp_restaurants_to_s3_to_snowflake' retrieved from /opt/airflow/dags/yelp_restaurants_to_s3_to_snowflake.py
[2026-04-10T00:35:25.696+0000] {logging_mixin.py:188} INFO - [2026-04-10T00:35:25.696+0000] {dag.py:3036} INFO - Sync 1 DAGs
[2026-04-10T00:35:25.703+0000] {logging_mixin.py:188} INFO - [2026-04-10T00:35:25.703+0000] {dag.py:3823} INFO - Setting next_dagrun for yelp_restaurants_to_s3_to_snowflake to 2026-04-01 00:00:00+00:00, run_after=2026-07-01 00:00:00+00:00
[2026-04-10T00:35:25.710+0000] {processor.py:183} INFO - Processing /opt/airflow/dags/yelp_restaurants_to_s3_to_snowflake.py took 0.281 seconds
[2026-04-10T00:35:56.772+0000] {processor.py:161} INFO - Started process (PID=17957) to work on /opt/airflow/dags/yelp_restaurants_to_s3_to_snowflake.py
[2026-04-10T00:35:56.772+0000] {processor.py:830} INFO - Processing file /opt/airflow/dags/yelp_restaurants_to_s3_to_snowflake.py for tasks to queue
[2026-04-10T00:35:56.773+0000] {logging_mixin.py:188} INFO - [2026-04-10T00:35:56.773+0000] {dagbag.py:538} INFO - Filling up the DagBag from /opt/airflow/dags/yelp_restaurants_to_s3_to_snowflake.py
[2026-04-10T00:35:57.014+0000] {processor.py:840} INFO - DAG(s) 'yelp_restaurants_to_s3_to_snowflake' retrieved from /opt/airflow/dags/yelp_restaurants_to_s3_to_snowflake.py
[2026-04-10T00:35:57.023+0000] {logging_mixin.py:188} INFO - [2026-04-10T00:35:57.023+0000] {dag.py:3036} INFO - Sync 1 DAGs
[2026-04-10T00:35:57.031+0000] {logging_mixin.py:188} INFO - [2026-04-10T00:35:57.031+0000] {dag.py:3823} INFO - Setting next_dagrun for yelp_restaurants_to_s3_to_snowflake to 2026-04-01 00:00:00+00:00, run_after=2026-07-01 00:00:00+00:00
[2026-04-10T00:35:57.039+0000] {processor.py:183} INFO - Processing /opt/airflow/dags/yelp_restaurants_to_s3_to_snowflake.py took 0.269 seconds
[2026-04-10T00:36:27.285+0000] {processor.py:161} INFO - Started process (PID=18037) to work on /opt/airflow/dags/yelp_restaurants_to_s3_to_snowflake.py
[2026-04-10T00:36:27.286+0000] {processor.py:830} INFO - Processing file /opt/airflow/dags/yelp_restaurants_to_s3_to_snowflake.py for tasks to queue
[2026-04-10T00:36:27.287+0000] {logging_mixin.py:188} INFO - [2026-04-10T00:36:27.287+0000] {dagbag.py:538} INFO - Filling up the DagBag from /opt/airflow/dags/yelp_restaurants_to_s3_to_snowflake.py
[2026-04-10T00:36:27.533+0000] {processor.py:840} INFO - DAG(s) 'yelp_restaurants_to_s3_to_snowflake' retrieved from /opt/airflow/dags/yelp_restaurants_to_s3_to_snowflake.py
[2026-04-10T00:36:27.546+0000] {logging_mixin.py:188} INFO - [2026-04-10T00:36:27.545+0000] {dag.py:3036} INFO - Sync 1 DAGs
[2026-04-10T00:36:27.554+0000] {logging_mixin.py:188} INFO - [2026-04-10T00:36:27.554+0000] {dag.py:3823} INFO - Setting next_dagrun for yelp_restaurants_to_s3_to_snowflake to 2026-04-01 00:00:00+00:00, run_after=2026-07-01 00:00:00+00:00
[2026-04-10T00:36:27.560+0000] {processor.py:183} INFO - Processing /opt/airflow/dags/yelp_restaurants_to_s3_to_snowflake.py took 0.277 seconds
[2026-04-10T00:36:58.251+0000] {processor.py:161} INFO - Started process (PID=18119) to work on /opt/airflow/dags/yelp_restaurants_to_s3_to_snowflake.py
[2026-04-10T00:36:58.254+0000] {processor.py:830} INFO - Processing file /opt/airflow/dags/yelp_restaurants_to_s3_to_snowflake.py for tasks to queue
[2026-04-10T00:36:58.254+0000] {logging_mixin.py:188} INFO - [2026-04-10T00:36:58.254+0000] {dagbag.py:538} INFO - Filling up the DagBag from /opt/airflow/dags/yelp_restaurants_to_s3_to_snowflake.py
[2026-04-10T00:36:58.512+0000] {processor.py:840} INFO - DAG(s) 'yelp_restaurants_to_s3_to_snowflake' retrieved from /opt/airflow/dags/yelp_restaurants_to_s3_to_snowflake.py
[2026-04-10T00:36:58.524+0000] {logging_mixin.py:188} INFO - [2026-04-10T00:36:58.523+0000] {dag.py:3036} INFO - Sync 1 DAGs
[2026-04-10T00:36:58.532+0000] {logging_mixin.py:188} INFO - [2026-04-10T00:36:58.532+0000] {dag.py:3823} INFO - Setting next_dagrun for yelp_restaurants_to_s3_to_snowflake to 2026-04-01 00:00:00+00:00, run_after=2026-07-01 00:00:00+00:00
[2026-04-10T00:36:58.538+0000] {processor.py:183} INFO - Processing /opt/airflow/dags/yelp_restaurants_to_s3_to_snowflake.py took 0.288 seconds
[2026-04-10T00:37:28.958+0000] {processor.py:161} INFO - Started process (PID=18200) to work on /opt/airflow/dags/yelp_restaurants_to_s3_to_snowflake.py
[2026-04-10T00:37:28.960+0000] {processor.py:830} INFO - Processing file /opt/airflow/dags/yelp_restaurants_to_s3_to_snowflake.py for tasks to queue
[2026-04-10T00:37:28.961+0000] {logging_mixin.py:188} INFO - [2026-04-10T00:37:28.961+0000] {dagbag.py:538} INFO - Filling up the DagBag from /opt/airflow/dags/yelp_restaurants_to_s3_to_snowflake.py
[2026-04-10T00:37:29.215+0000] {processor.py:840} INFO - DAG(s) 'yelp_restaurants_to_s3_to_snowflake' retrieved from /opt/airflow/dags/yelp_restaurants_to_s3_to_snowflake.py
[2026-04-10T00:37:29.222+0000] {logging_mixin.py:188} INFO - [2026-04-10T00:37:29.222+0000] {dag.py:3036} INFO - Sync 1 DAGs
[2026-04-10T00:37:29.229+0000] {logging_mixin.py:188} INFO - [2026-04-10T00:37:29.229+0000] {dag.py:3823} INFO - Setting next_dagrun for yelp_restaurants_to_s3_to_snowflake to 2026-04-01 00:00:00+00:00, run_after=2026-07-01 00:00:00+00:00
[2026-04-10T00:37:29.235+0000] {processor.py:183} INFO - Processing /opt/airflow/dags/yelp_restaurants_to_s3_to_snowflake.py took 0.278 seconds
[2026-04-10T00:37:59.883+0000] {processor.py:161} INFO - Started process (PID=18280) to work on /opt/airflow/dags/yelp_restaurants_to_s3_to_snowflake.py
[2026-04-10T00:37:59.884+0000] {processor.py:830} INFO - Processing file /opt/airflow/dags/yelp_restaurants_to_s3_to_snowflake.py for tasks to queue
[2026-04-10T00:37:59.884+0000] {logging_mixin.py:188} INFO - [2026-04-10T00:37:59.884+0000] {dagbag.py:538} INFO - Filling up the DagBag from /opt/airflow/dags/yelp_restaurants_to_s3_to_snowflake.py
[2026-04-10T00:38:00.128+0000] {processor.py:840} INFO - DAG(s) 'yelp_restaurants_to_s3_to_snowflake' retrieved from /opt/airflow/dags/yelp_restaurants_to_s3_to_snowflake.py
[2026-04-10T00:38:00.137+0000] {logging_mixin.py:188} INFO - [2026-04-10T00:38:00.137+0000] {dag.py:3036} INFO - Sync 1 DAGs
[2026-04-10T00:38:00.148+0000] {logging_mixin.py:188} INFO - [2026-04-10T00:38:00.148+0000] {dag.py:3823} INFO - Setting next_dagrun for yelp_restaurants_to_s3_to_snowflake to 2026-04-01 00:00:00+00:00, run_after=2026-07-01 00:00:00+00:00
[2026-04-10T00:38:00.157+0000] {processor.py:183} INFO - Processing /opt/airflow/dags/yelp_restaurants_to_s3_to_snowflake.py took 0.276 seconds
[2026-04-10T00:38:30.697+0000] {processor.py:161} INFO - Started process (PID=18360) to work on /opt/airflow/dags/yelp_restaurants_to_s3_to_snowflake.py
[2026-04-10T00:38:30.698+0000] {processor.py:830} INFO - Processing file /opt/airflow/dags/yelp_restaurants_to_s3_to_snowflake.py for tasks to queue
[2026-04-10T00:38:30.699+0000] {logging_mixin.py:188} INFO - [2026-04-10T00:38:30.698+0000] {dagbag.py:538} INFO - Filling up the DagBag from /opt/airflow/dags/yelp_restaurants_to_s3_to_snowflake.py
[2026-04-10T00:38:30.940+0000] {processor.py:840} INFO - DAG(s) 'yelp_restaurants_to_s3_to_snowflake' retrieved from /opt/airflow/dags/yelp_restaurants_to_s3_to_snowflake.py
[2026-04-10T00:38:30.947+0000] {logging_mixin.py:188} INFO - [2026-04-10T00:38:30.947+0000] {dag.py:3036} INFO - Sync 1 DAGs
[2026-04-10T00:38:30.955+0000] {logging_mixin.py:188} INFO - [2026-04-10T00:38:30.955+0000] {dag.py:3823} INFO - Setting next_dagrun for yelp_restaurants_to_s3_to_snowflake to 2026-04-01 00:00:00+00:00, run_after=2026-07-01 00:00:00+00:00
[2026-04-10T00:38:30.964+0000] {processor.py:183} INFO - Processing /opt/airflow/dags/yelp_restaurants_to_s3_to_snowflake.py took 0.269 seconds
[2026-04-10T00:39:01.464+0000] {processor.py:161} INFO - Started process (PID=18440) to work on /opt/airflow/dags/yelp_restaurants_to_s3_to_snowflake.py
[2026-04-10T00:39:01.464+0000] {processor.py:830} INFO - Processing file /opt/airflow/dags/yelp_restaurants_to_s3_to_snowflake.py for tasks to queue
[2026-04-10T00:39:01.465+0000] {logging_mixin.py:188} INFO - [2026-04-10T00:39:01.465+0000] {dagbag.py:538} INFO - Filling up the DagBag from /opt/airflow/dags/yelp_restaurants_to_s3_to_snowflake.py
[2026-04-10T00:39:01.718+0000] {processor.py:840} INFO - DAG(s) 'yelp_restaurants_to_s3_to_snowflake' retrieved from /opt/airflow/dags/yelp_restaurants_to_s3_to_snowflake.py
[2026-04-10T00:39:01.730+0000] {logging_mixin.py:188} INFO - [2026-04-10T00:39:01.730+0000] {dag.py:3036} INFO - Sync 1 DAGs
[2026-04-10T00:39:01.737+0000] {logging_mixin.py:188} INFO - [2026-04-10T00:39:01.737+0000] {dag.py:3823} INFO - Setting next_dagrun for yelp_restaurants_to_s3_to_snowflake to 2026-04-01 00:00:00+00:00, run_after=2026-07-01 00:00:00+00:00
[2026-04-10T00:39:01.743+0000] {processor.py:183} INFO - Processing /opt/airflow/dags/yelp_restaurants_to_s3_to_snowflake.py took 0.280 seconds
[2026-04-10T00:39:32.098+0000] {processor.py:161} INFO - Started process (PID=18520) to work on /opt/airflow/dags/yelp_restaurants_to_s3_to_snowflake.py
[2026-04-10T00:39:32.099+0000] {processor.py:830} INFO - Processing file /opt/airflow/dags/yelp_restaurants_to_s3_to_snowflake.py for tasks to queue
[2026-04-10T00:39:32.100+0000] {logging_mixin.py:188} INFO - [2026-04-10T00:39:32.100+0000] {dagbag.py:538} INFO - Filling up the DagBag from /opt/airflow/dags/yelp_restaurants_to_s3_to_snowflake.py
[2026-04-10T00:39:32.334+0000] {processor.py:840} INFO - DAG(s) 'yelp_restaurants_to_s3_to_snowflake' retrieved from /opt/airflow/dags/yelp_restaurants_to_s3_to_snowflake.py
[2026-04-10T00:39:32.344+0000] {logging_mixin.py:188} INFO - [2026-04-10T00:39:32.344+0000] {dag.py:3036} INFO - Sync 1 DAGs
[2026-04-10T00:39:32.352+0000] {logging_mixin.py:188} INFO - [2026-04-10T00:39:32.352+0000] {dag.py:3823} INFO - Setting next_dagrun for yelp_restaurants_to_s3_to_snowflake to 2026-04-01 00:00:00+00:00, run_after=2026-07-01 00:00:00+00:00
[2026-04-10T00:39:32.361+0000] {processor.py:183} INFO - Processing /opt/airflow/dags/yelp_restaurants_to_s3_to_snowflake.py took 0.264 seconds
[2026-04-10T00:40:02.541+0000] {processor.py:161} INFO - Started process (PID=18600) to work on /opt/airflow/dags/yelp_restaurants_to_s3_to_snowflake.py
[2026-04-10T00:40:02.542+0000] {processor.py:830} INFO - Processing file /opt/airflow/dags/yelp_restaurants_to_s3_to_snowflake.py for tasks to queue
[2026-04-10T00:40:02.543+0000] {logging_mixin.py:188} INFO - [2026-04-10T00:40:02.542+0000] {dagbag.py:538} INFO - Filling up the DagBag from /opt/airflow/dags/yelp_restaurants_to_s3_to_snowflake.py
[2026-04-10T00:40:02.711+0000] {processor.py:840} INFO - DAG(s) 'yelp_restaurants_to_s3_to_snowflake' retrieved from /opt/airflow/dags/yelp_restaurants_to_s3_to_snowflake.py
[2026-04-10T00:40:02.721+0000] {logging_mixin.py:188} INFO - [2026-04-10T00:40:02.721+0000] {dag.py:3036} INFO - Sync 1 DAGs
[2026-04-10T00:40:02.734+0000] {logging_mixin.py:188} INFO - [2026-04-10T00:40:02.734+0000] {dag.py:3823} INFO - Setting next_dagrun for yelp_restaurants_to_s3_to_snowflake to 2026-04-01 00:00:00+00:00, run_after=2026-07-01 00:00:00+00:00
[2026-04-10T00:40:02.743+0000] {processor.py:183} INFO - Processing /opt/airflow/dags/yelp_restaurants_to_s3_to_snowflake.py took 0.204 seconds
[2026-04-10T00:40:32.857+0000] {processor.py:161} INFO - Started process (PID=18680) to work on /opt/airflow/dags/yelp_restaurants_to_s3_to_snowflake.py
[2026-04-10T00:40:32.858+0000] {processor.py:830} INFO - Processing file /opt/airflow/dags/yelp_restaurants_to_s3_to_snowflake.py for tasks to queue
[2026-04-10T00:40:32.859+0000] {logging_mixin.py:188} INFO - [2026-04-10T00:40:32.859+0000] {dagbag.py:538} INFO - Filling up the DagBag from /opt/airflow/dags/yelp_restaurants_to_s3_to_snowflake.py
[2026-04-10T00:40:33.058+0000] {processor.py:840} INFO - DAG(s) 'yelp_restaurants_to_s3_to_snowflake' retrieved from /opt/airflow/dags/yelp_restaurants_to_s3_to_snowflake.py
[2026-04-10T00:40:33.068+0000] {logging_mixin.py:188} INFO - [2026-04-10T00:40:33.068+0000] {dag.py:3036} INFO - Sync 1 DAGs
[2026-04-10T00:40:33.077+0000] {logging_mixin.py:188} INFO - [2026-04-10T00:40:33.077+0000] {dag.py:3823} INFO - Setting next_dagrun for yelp_restaurants_to_s3_to_snowflake to 2026-04-01 00:00:00+00:00, run_after=2026-07-01 00:00:00+00:00
[2026-04-10T00:40:33.089+0000] {processor.py:183} INFO - Processing /opt/airflow/dags/yelp_restaurants_to_s3_to_snowflake.py took 0.234 seconds
[2026-04-10T00:41:03.320+0000] {processor.py:161} INFO - Started process (PID=18760) to work on /opt/airflow/dags/yelp_restaurants_to_s3_to_snowflake.py
[2026-04-10T00:41:03.321+0000] {processor.py:830} INFO - Processing file /opt/airflow/dags/yelp_restaurants_to_s3_to_snowflake.py for tasks to queue
[2026-04-10T00:41:03.322+0000] {logging_mixin.py:188} INFO - [2026-04-10T00:41:03.322+0000] {dagbag.py:538} INFO - Filling up the DagBag from /opt/airflow/dags/yelp_restaurants_to_s3_to_snowflake.py
[2026-04-10T00:41:03.500+0000] {processor.py:840} INFO - DAG(s) 'yelp_restaurants_to_s3_to_snowflake' retrieved from /opt/airflow/dags/yelp_restaurants_to_s3_to_snowflake.py
[2026-04-10T00:41:03.514+0000] {logging_mixin.py:188} INFO - [2026-04-10T00:41:03.513+0000] {dag.py:3036} INFO - Sync 1 DAGs
[2026-04-10T00:41:03.523+0000] {logging_mixin.py:188} INFO - [2026-04-10T00:41:03.523+0000] {dag.py:3823} INFO - Setting next_dagrun for yelp_restaurants_to_s3_to_snowflake to 2026-04-01 00:00:00+00:00, run_after=2026-07-01 00:00:00+00:00
[2026-04-10T00:41:03.531+0000] {processor.py:183} INFO - Processing /opt/airflow/dags/yelp_restaurants_to_s3_to_snowflake.py took 0.213 seconds
[2026-04-10T00:41:33.715+0000] {processor.py:161} INFO - Started process (PID=18840) to work on /opt/airflow/dags/yelp_restaurants_to_s3_to_snowflake.py
[2026-04-10T00:41:33.715+0000] {processor.py:830} INFO - Processing file /opt/airflow/dags/yelp_restaurants_to_s3_to_snowflake.py for tasks to queue
[2026-04-10T00:41:33.716+0000] {logging_mixin.py:188} INFO - [2026-04-10T00:41:33.716+0000] {dagbag.py:538} INFO - Filling up the DagBag from /opt/airflow/dags/yelp_restaurants_to_s3_to_snowflake.py
[2026-04-10T00:41:33.916+0000] {processor.py:840} INFO - DAG(s) 'yelp_restaurants_to_s3_to_snowflake' retrieved from /opt/airflow/dags/yelp_restaurants_to_s3_to_snowflake.py
[2026-04-10T00:41:33.928+0000] {logging_mixin.py:188} INFO - [2026-04-10T00:41:33.928+0000] {dag.py:3036} INFO - Sync 1 DAGs
[2026-04-10T00:41:33.942+0000] {logging_mixin.py:188} INFO - [2026-04-10T00:41:33.942+0000] {dag.py:3823} INFO - Setting next_dagrun for yelp_restaurants_to_s3_to_snowflake to 2026-04-01 00:00:00+00:00, run_after=2026-07-01 00:00:00+00:00
[2026-04-10T00:41:33.953+0000] {processor.py:183} INFO - Processing /opt/airflow/dags/yelp_restaurants_to_s3_to_snowflake.py took 0.241 seconds
[2026-04-10T00:42:04.219+0000] {processor.py:161} INFO - Started process (PID=18920) to work on /opt/airflow/dags/yelp_restaurants_to_s3_to_snowflake.py
[2026-04-10T00:42:04.220+0000] {processor.py:830} INFO - Processing file /opt/airflow/dags/yelp_restaurants_to_s3_to_snowflake.py for tasks to queue
[2026-04-10T00:42:04.221+0000] {logging_mixin.py:188} INFO - [2026-04-10T00:42:04.221+0000] {dagbag.py:538} INFO - Filling up the DagBag from /opt/airflow/dags/yelp_restaurants_to_s3_to_snowflake.py
[2026-04-10T00:42:04.397+0000] {processor.py:840} INFO - DAG(s) 'yelp_restaurants_to_s3_to_snowflake' retrieved from /opt/airflow/dags/yelp_restaurants_to_s3_to_snowflake.py
[2026-04-10T00:42:04.407+0000] {logging_mixin.py:188} INFO - [2026-04-10T00:42:04.407+0000] {dag.py:3036} INFO - Sync 1 DAGs
[2026-04-10T00:42:04.417+0000] {logging_mixin.py:188} INFO - [2026-04-10T00:42:04.417+0000] {dag.py:3823} INFO - Setting next_dagrun for yelp_restaurants_to_s3_to_snowflake to 2026-04-01 00:00:00+00:00, run_after=2026-07-01 00:00:00+00:00
[2026-04-10T00:42:04.427+0000] {processor.py:183} INFO - Processing /opt/airflow/dags/yelp_restaurants_to_s3_to_snowflake.py took 0.210 seconds
[2026-04-10T00:42:34.510+0000] {processor.py:161} INFO - Started process (PID=19000) to work on /opt/airflow/dags/yelp_restaurants_to_s3_to_snowflake.py
[2026-04-10T00:42:34.511+0000] {processor.py:830} INFO - Processing file /opt/airflow/dags/yelp_restaurants_to_s3_to_snowflake.py for tasks to queue
[2026-04-10T00:42:34.512+0000] {logging_mixin.py:188} INFO - [2026-04-10T00:42:34.511+0000] {dagbag.py:538} INFO - Filling up the DagBag from /opt/airflow/dags/yelp_restaurants_to_s3_to_snowflake.py
[2026-04-10T00:42:34.687+0000] {processor.py:840} INFO - DAG(s) 'yelp_restaurants_to_s3_to_snowflake' retrieved from /opt/airflow/dags/yelp_restaurants_to_s3_to_snowflake.py
[2026-04-10T00:42:34.701+0000] {logging_mixin.py:188} INFO - [2026-04-10T00:42:34.701+0000] {dag.py:3036} INFO - Sync 1 DAGs
[2026-04-10T00:42:34.712+0000] {logging_mixin.py:188} INFO - [2026-04-10T00:42:34.712+0000] {dag.py:3823} INFO - Setting next_dagrun for yelp_restaurants_to_s3_to_snowflake to 2026-04-01 00:00:00+00:00, run_after=2026-07-01 00:00:00+00:00
[2026-04-10T00:42:34.719+0000] {processor.py:183} INFO - Processing /opt/airflow/dags/yelp_restaurants_to_s3_to_snowflake.py took 0.211 seconds
[2026-04-10T00:43:04.907+0000] {processor.py:161} INFO - Started process (PID=19080) to work on /opt/airflow/dags/yelp_restaurants_to_s3_to_snowflake.py
[2026-04-10T00:43:04.908+0000] {processor.py:830} INFO - Processing file /opt/airflow/dags/yelp_restaurants_to_s3_to_snowflake.py for tasks to queue
[2026-04-10T00:43:04.909+0000] {logging_mixin.py:188} INFO - [2026-04-10T00:43:04.908+0000] {dagbag.py:538} INFO - Filling up the DagBag from /opt/airflow/dags/yelp_restaurants_to_s3_to_snowflake.py
[2026-04-10T00:43:05.074+0000] {processor.py:840} INFO - DAG(s) 'yelp_restaurants_to_s3_to_snowflake' retrieved from /opt/airflow/dags/yelp_restaurants_to_s3_to_snowflake.py
[2026-04-10T00:43:05.085+0000] {logging_mixin.py:188} INFO - [2026-04-10T00:43:05.085+0000] {dag.py:3036} INFO - Sync 1 DAGs
[2026-04-10T00:43:05.172+0000] {logging_mixin.py:188} INFO - [2026-04-10T00:43:05.172+0000] {dag.py:3823} INFO - Setting next_dagrun for yelp_restaurants_to_s3_to_snowflake to 2026-04-01 00:00:00+00:00, run_after=2026-07-01 00:00:00+00:00
[2026-04-10T00:43:05.182+0000] {processor.py:183} INFO - Processing /opt/airflow/dags/yelp_restaurants_to_s3_to_snowflake.py took 0.277 seconds
[2026-04-10T00:43:35.548+0000] {processor.py:161} INFO - Started process (PID=19160) to work on /opt/airflow/dags/yelp_restaurants_to_s3_to_snowflake.py
[2026-04-10T00:43:35.549+0000] {processor.py:830} INFO - Processing file /opt/airflow/dags/yelp_restaurants_to_s3_to_snowflake.py for tasks to queue
[2026-04-10T00:43:35.549+0000] {logging_mixin.py:188} INFO - [2026-04-10T00:43:35.549+0000] {dagbag.py:538} INFO - Filling up the DagBag from /opt/airflow/dags/yelp_restaurants_to_s3_to_snowflake.py
[2026-04-10T00:43:35.800+0000] {processor.py:840} INFO - DAG(s) 'yelp_restaurants_to_s3_to_snowflake' retrieved from /opt/airflow/dags/yelp_restaurants_to_s3_to_snowflake.py
[2026-04-10T00:43:35.812+0000] {logging_mixin.py:188} INFO - [2026-04-10T00:43:35.812+0000] {dag.py:3036} INFO - Sync 1 DAGs
[2026-04-10T00:43:35.819+0000] {logging_mixin.py:188} INFO - [2026-04-10T00:43:35.819+0000] {dag.py:3823} INFO - Setting next_dagrun for yelp_restaurants_to_s3_to_snowflake to 2026-04-01 00:00:00+00:00, run_after=2026-07-01 00:00:00+00:00
[2026-04-10T00:43:35.826+0000] {processor.py:183} INFO - Processing /opt/airflow/dags/yelp_restaurants_to_s3_to_snowflake.py took 0.279 seconds
