[2026-03-12T02:15:09.860+0000] {processor.py:161} INFO - Started process (PID=82) to work on /opt/airflow/dags/bluebikes_api_to_s3_to_snowflake.py
[2026-03-12T02:15:09.861+0000] {processor.py:830} INFO - Processing file /opt/airflow/dags/bluebikes_api_to_s3_to_snowflake.py for tasks to queue
[2026-03-12T02:15:09.861+0000] {logging_mixin.py:188} INFO - [2026-03-12T02:15:09.861+0000] {dagbag.py:538} INFO - Filling up the DagBag from /opt/airflow/dags/bluebikes_api_to_s3_to_snowflake.py
[2026-03-12T02:15:10.148+0000] {processor.py:840} INFO - DAG(s) 'bluebikes_api_to_s3_to_snowflake' retrieved from /opt/airflow/dags/bluebikes_api_to_s3_to_snowflake.py
[2026-03-12T02:15:10.194+0000] {logging_mixin.py:188} INFO - [2026-03-12T02:15:10.194+0000] {dag.py:3036} INFO - Sync 1 DAGs
[2026-03-12T02:15:10.206+0000] {logging_mixin.py:188} INFO - [2026-03-12T02:15:10.206+0000] {dag.py:3823} INFO - Setting next_dagrun for bluebikes_api_to_s3_to_snowflake to 2026-04-01 00:00:00+00:00, run_after=2026-07-01 00:00:00+00:00
[2026-03-12T02:15:10.214+0000] {processor.py:183} INFO - Processing /opt/airflow/dags/bluebikes_api_to_s3_to_snowflake.py took 0.355 seconds
[2026-03-12T02:15:40.298+0000] {processor.py:161} INFO - Started process (PID=157) to work on /opt/airflow/dags/bluebikes_api_to_s3_to_snowflake.py
[2026-03-12T02:15:40.299+0000] {processor.py:830} INFO - Processing file /opt/airflow/dags/bluebikes_api_to_s3_to_snowflake.py for tasks to queue
[2026-03-12T02:15:40.300+0000] {logging_mixin.py:188} INFO - [2026-03-12T02:15:40.300+0000] {dagbag.py:538} INFO - Filling up the DagBag from /opt/airflow/dags/bluebikes_api_to_s3_to_snowflake.py
[2026-03-12T02:15:40.592+0000] {processor.py:840} INFO - DAG(s) 'bluebikes_api_to_s3_to_snowflake' retrieved from /opt/airflow/dags/bluebikes_api_to_s3_to_snowflake.py
[2026-03-12T02:15:40.602+0000] {logging_mixin.py:188} INFO - [2026-03-12T02:15:40.602+0000] {dag.py:3036} INFO - Sync 1 DAGs
[2026-03-12T02:15:40.616+0000] {logging_mixin.py:188} INFO - [2026-03-12T02:15:40.616+0000] {dag.py:3823} INFO - Setting next_dagrun for bluebikes_api_to_s3_to_snowflake to 2026-04-01 00:00:00+00:00, run_after=2026-07-01 00:00:00+00:00
[2026-03-12T02:15:40.631+0000] {processor.py:183} INFO - Processing /opt/airflow/dags/bluebikes_api_to_s3_to_snowflake.py took 0.335 seconds
[2026-03-12T02:16:11.362+0000] {processor.py:161} INFO - Started process (PID=233) to work on /opt/airflow/dags/bluebikes_api_to_s3_to_snowflake.py
[2026-03-12T02:16:11.363+0000] {processor.py:830} INFO - Processing file /opt/airflow/dags/bluebikes_api_to_s3_to_snowflake.py for tasks to queue
[2026-03-12T02:16:11.363+0000] {logging_mixin.py:188} INFO - [2026-03-12T02:16:11.363+0000] {dagbag.py:538} INFO - Filling up the DagBag from /opt/airflow/dags/bluebikes_api_to_s3_to_snowflake.py
[2026-03-12T02:16:11.543+0000] {processor.py:840} INFO - DAG(s) 'bluebikes_api_to_s3_to_snowflake' retrieved from /opt/airflow/dags/bluebikes_api_to_s3_to_snowflake.py
[2026-03-12T02:16:11.553+0000] {logging_mixin.py:188} INFO - [2026-03-12T02:16:11.553+0000] {dag.py:3036} INFO - Sync 1 DAGs
[2026-03-12T02:16:11.564+0000] {logging_mixin.py:188} INFO - [2026-03-12T02:16:11.564+0000] {dag.py:3823} INFO - Setting next_dagrun for bluebikes_api_to_s3_to_snowflake to 2026-04-01 00:00:00+00:00, run_after=2026-07-01 00:00:00+00:00
[2026-03-12T02:16:11.580+0000] {processor.py:183} INFO - Processing /opt/airflow/dags/bluebikes_api_to_s3_to_snowflake.py took 0.220 seconds
[2026-03-12T02:16:42.189+0000] {processor.py:161} INFO - Started process (PID=309) to work on /opt/airflow/dags/bluebikes_api_to_s3_to_snowflake.py
[2026-03-12T02:16:42.190+0000] {processor.py:830} INFO - Processing file /opt/airflow/dags/bluebikes_api_to_s3_to_snowflake.py for tasks to queue
[2026-03-12T02:16:42.193+0000] {logging_mixin.py:188} INFO - [2026-03-12T02:16:42.191+0000] {dagbag.py:538} INFO - Filling up the DagBag from /opt/airflow/dags/bluebikes_api_to_s3_to_snowflake.py
[2026-03-12T02:16:42.424+0000] {processor.py:840} INFO - DAG(s) 'bluebikes_api_to_s3_to_snowflake' retrieved from /opt/airflow/dags/bluebikes_api_to_s3_to_snowflake.py
[2026-03-12T02:16:42.435+0000] {logging_mixin.py:188} INFO - [2026-03-12T02:16:42.434+0000] {dag.py:3036} INFO - Sync 1 DAGs
[2026-03-12T02:16:42.446+0000] {logging_mixin.py:188} INFO - [2026-03-12T02:16:42.445+0000] {dag.py:3823} INFO - Setting next_dagrun for bluebikes_api_to_s3_to_snowflake to 2026-04-01 00:00:00+00:00, run_after=2026-07-01 00:00:00+00:00
[2026-03-12T02:16:42.463+0000] {processor.py:183} INFO - Processing /opt/airflow/dags/bluebikes_api_to_s3_to_snowflake.py took 0.275 seconds
[2026-03-12T02:17:13.155+0000] {processor.py:161} INFO - Started process (PID=385) to work on /opt/airflow/dags/bluebikes_api_to_s3_to_snowflake.py
[2026-03-12T02:17:13.156+0000] {processor.py:830} INFO - Processing file /opt/airflow/dags/bluebikes_api_to_s3_to_snowflake.py for tasks to queue
[2026-03-12T02:17:13.158+0000] {logging_mixin.py:188} INFO - [2026-03-12T02:17:13.158+0000] {dagbag.py:538} INFO - Filling up the DagBag from /opt/airflow/dags/bluebikes_api_to_s3_to_snowflake.py
[2026-03-12T02:17:13.349+0000] {processor.py:840} INFO - DAG(s) 'bluebikes_api_to_s3_to_snowflake' retrieved from /opt/airflow/dags/bluebikes_api_to_s3_to_snowflake.py
[2026-03-12T02:17:13.357+0000] {logging_mixin.py:188} INFO - [2026-03-12T02:17:13.357+0000] {dag.py:3036} INFO - Sync 1 DAGs
[2026-03-12T02:17:13.368+0000] {logging_mixin.py:188} INFO - [2026-03-12T02:17:13.368+0000] {dag.py:3823} INFO - Setting next_dagrun for bluebikes_api_to_s3_to_snowflake to 2026-04-01 00:00:00+00:00, run_after=2026-07-01 00:00:00+00:00
[2026-03-12T02:17:13.384+0000] {processor.py:183} INFO - Processing /opt/airflow/dags/bluebikes_api_to_s3_to_snowflake.py took 0.231 seconds
[2026-03-12T02:17:43.627+0000] {processor.py:161} INFO - Started process (PID=462) to work on /opt/airflow/dags/bluebikes_api_to_s3_to_snowflake.py
[2026-03-12T02:17:43.627+0000] {processor.py:830} INFO - Processing file /opt/airflow/dags/bluebikes_api_to_s3_to_snowflake.py for tasks to queue
[2026-03-12T02:17:43.628+0000] {logging_mixin.py:188} INFO - [2026-03-12T02:17:43.628+0000] {dagbag.py:538} INFO - Filling up the DagBag from /opt/airflow/dags/bluebikes_api_to_s3_to_snowflake.py
[2026-03-12T02:17:43.811+0000] {processor.py:840} INFO - DAG(s) 'bluebikes_api_to_s3_to_snowflake' retrieved from /opt/airflow/dags/bluebikes_api_to_s3_to_snowflake.py
[2026-03-12T02:17:43.821+0000] {logging_mixin.py:188} INFO - [2026-03-12T02:17:43.821+0000] {dag.py:3036} INFO - Sync 1 DAGs
[2026-03-12T02:17:43.833+0000] {logging_mixin.py:188} INFO - [2026-03-12T02:17:43.833+0000] {dag.py:3823} INFO - Setting next_dagrun for bluebikes_api_to_s3_to_snowflake to 2026-04-01 00:00:00+00:00, run_after=2026-07-01 00:00:00+00:00
[2026-03-12T02:17:43.844+0000] {processor.py:183} INFO - Processing /opt/airflow/dags/bluebikes_api_to_s3_to_snowflake.py took 0.219 seconds
[2026-03-12T02:18:14.527+0000] {processor.py:161} INFO - Started process (PID=538) to work on /opt/airflow/dags/bluebikes_api_to_s3_to_snowflake.py
[2026-03-12T02:18:14.528+0000] {processor.py:830} INFO - Processing file /opt/airflow/dags/bluebikes_api_to_s3_to_snowflake.py for tasks to queue
[2026-03-12T02:18:14.528+0000] {logging_mixin.py:188} INFO - [2026-03-12T02:18:14.528+0000] {dagbag.py:538} INFO - Filling up the DagBag from /opt/airflow/dags/bluebikes_api_to_s3_to_snowflake.py
[2026-03-12T02:18:14.705+0000] {processor.py:840} INFO - DAG(s) 'bluebikes_api_to_s3_to_snowflake' retrieved from /opt/airflow/dags/bluebikes_api_to_s3_to_snowflake.py
[2026-03-12T02:18:14.715+0000] {logging_mixin.py:188} INFO - [2026-03-12T02:18:14.715+0000] {dag.py:3036} INFO - Sync 1 DAGs
[2026-03-12T02:18:14.725+0000] {logging_mixin.py:188} INFO - [2026-03-12T02:18:14.724+0000] {dag.py:3823} INFO - Setting next_dagrun for bluebikes_api_to_s3_to_snowflake to 2026-04-01 00:00:00+00:00, run_after=2026-07-01 00:00:00+00:00
[2026-03-12T02:18:14.730+0000] {processor.py:183} INFO - Processing /opt/airflow/dags/bluebikes_api_to_s3_to_snowflake.py took 0.205 seconds
[2026-03-12T02:18:45.458+0000] {processor.py:161} INFO - Started process (PID=614) to work on /opt/airflow/dags/bluebikes_api_to_s3_to_snowflake.py
[2026-03-12T02:18:45.459+0000] {processor.py:830} INFO - Processing file /opt/airflow/dags/bluebikes_api_to_s3_to_snowflake.py for tasks to queue
[2026-03-12T02:18:45.460+0000] {logging_mixin.py:188} INFO - [2026-03-12T02:18:45.460+0000] {dagbag.py:538} INFO - Filling up the DagBag from /opt/airflow/dags/bluebikes_api_to_s3_to_snowflake.py
[2026-03-12T02:18:45.655+0000] {processor.py:840} INFO - DAG(s) 'bluebikes_api_to_s3_to_snowflake' retrieved from /opt/airflow/dags/bluebikes_api_to_s3_to_snowflake.py
[2026-03-12T02:18:45.666+0000] {logging_mixin.py:188} INFO - [2026-03-12T02:18:45.666+0000] {dag.py:3036} INFO - Sync 1 DAGs
[2026-03-12T02:18:45.675+0000] {logging_mixin.py:188} INFO - [2026-03-12T02:18:45.675+0000] {dag.py:3823} INFO - Setting next_dagrun for bluebikes_api_to_s3_to_snowflake to 2026-04-01 00:00:00+00:00, run_after=2026-07-01 00:00:00+00:00
[2026-03-12T02:18:45.685+0000] {processor.py:183} INFO - Processing /opt/airflow/dags/bluebikes_api_to_s3_to_snowflake.py took 0.229 seconds
[2026-03-12T02:19:16.323+0000] {processor.py:161} INFO - Started process (PID=689) to work on /opt/airflow/dags/bluebikes_api_to_s3_to_snowflake.py
[2026-03-12T02:19:16.324+0000] {processor.py:830} INFO - Processing file /opt/airflow/dags/bluebikes_api_to_s3_to_snowflake.py for tasks to queue
[2026-03-12T02:19:16.324+0000] {logging_mixin.py:188} INFO - [2026-03-12T02:19:16.324+0000] {dagbag.py:538} INFO - Filling up the DagBag from /opt/airflow/dags/bluebikes_api_to_s3_to_snowflake.py
[2026-03-12T02:19:16.518+0000] {processor.py:840} INFO - DAG(s) 'bluebikes_api_to_s3_to_snowflake' retrieved from /opt/airflow/dags/bluebikes_api_to_s3_to_snowflake.py
[2026-03-12T02:19:16.528+0000] {logging_mixin.py:188} INFO - [2026-03-12T02:19:16.528+0000] {dag.py:3036} INFO - Sync 1 DAGs
[2026-03-12T02:19:16.540+0000] {logging_mixin.py:188} INFO - [2026-03-12T02:19:16.540+0000] {dag.py:3823} INFO - Setting next_dagrun for bluebikes_api_to_s3_to_snowflake to 2026-04-01 00:00:00+00:00, run_after=2026-07-01 00:00:00+00:00
[2026-03-12T02:19:16.549+0000] {processor.py:183} INFO - Processing /opt/airflow/dags/bluebikes_api_to_s3_to_snowflake.py took 0.227 seconds
[2026-03-12T02:19:47.704+0000] {processor.py:161} INFO - Started process (PID=768) to work on /opt/airflow/dags/bluebikes_api_to_s3_to_snowflake.py
[2026-03-12T02:19:47.705+0000] {processor.py:830} INFO - Processing file /opt/airflow/dags/bluebikes_api_to_s3_to_snowflake.py for tasks to queue
[2026-03-12T02:19:47.706+0000] {logging_mixin.py:188} INFO - [2026-03-12T02:19:47.706+0000] {dagbag.py:538} INFO - Filling up the DagBag from /opt/airflow/dags/bluebikes_api_to_s3_to_snowflake.py
[2026-03-12T02:19:47.915+0000] {processor.py:840} INFO - DAG(s) 'bluebikes_api_to_s3_to_snowflake' retrieved from /opt/airflow/dags/bluebikes_api_to_s3_to_snowflake.py
[2026-03-12T02:19:47.922+0000] {logging_mixin.py:188} INFO - [2026-03-12T02:19:47.922+0000] {dag.py:3036} INFO - Sync 1 DAGs
[2026-03-12T02:19:48.008+0000] {logging_mixin.py:188} INFO - [2026-03-12T02:19:48.007+0000] {dag.py:3823} INFO - Setting next_dagrun for bluebikes_api_to_s3_to_snowflake to 2026-04-01 00:00:00+00:00, run_after=2026-07-01 00:00:00+00:00
[2026-03-12T02:19:48.020+0000] {processor.py:183} INFO - Processing /opt/airflow/dags/bluebikes_api_to_s3_to_snowflake.py took 0.318 seconds
[2026-03-12T02:20:18.655+0000] {processor.py:161} INFO - Started process (PID=843) to work on /opt/airflow/dags/bluebikes_api_to_s3_to_snowflake.py
[2026-03-12T02:20:18.656+0000] {processor.py:830} INFO - Processing file /opt/airflow/dags/bluebikes_api_to_s3_to_snowflake.py for tasks to queue
[2026-03-12T02:20:18.656+0000] {logging_mixin.py:188} INFO - [2026-03-12T02:20:18.656+0000] {dagbag.py:538} INFO - Filling up the DagBag from /opt/airflow/dags/bluebikes_api_to_s3_to_snowflake.py
[2026-03-12T02:20:18.901+0000] {processor.py:840} INFO - DAG(s) 'bluebikes_api_to_s3_to_snowflake' retrieved from /opt/airflow/dags/bluebikes_api_to_s3_to_snowflake.py
[2026-03-12T02:20:18.908+0000] {logging_mixin.py:188} INFO - [2026-03-12T02:20:18.907+0000] {dag.py:3036} INFO - Sync 1 DAGs
[2026-03-12T02:20:18.917+0000] {logging_mixin.py:188} INFO - [2026-03-12T02:20:18.917+0000] {dag.py:3823} INFO - Setting next_dagrun for bluebikes_api_to_s3_to_snowflake to 2026-04-01 00:00:00+00:00, run_after=2026-07-01 00:00:00+00:00
[2026-03-12T02:20:18.924+0000] {processor.py:183} INFO - Processing /opt/airflow/dags/bluebikes_api_to_s3_to_snowflake.py took 0.271 seconds
[2026-03-12T02:20:50.566+0000] {processor.py:161} INFO - Started process (PID=920) to work on /opt/airflow/dags/bluebikes_api_to_s3_to_snowflake.py
[2026-03-12T02:20:50.567+0000] {processor.py:830} INFO - Processing file /opt/airflow/dags/bluebikes_api_to_s3_to_snowflake.py for tasks to queue
[2026-03-12T02:20:50.567+0000] {logging_mixin.py:188} INFO - [2026-03-12T02:20:50.567+0000] {dagbag.py:538} INFO - Filling up the DagBag from /opt/airflow/dags/bluebikes_api_to_s3_to_snowflake.py
[2026-03-12T02:20:50.921+0000] {processor.py:840} INFO - DAG(s) 'bluebikes_api_to_s3_to_snowflake' retrieved from /opt/airflow/dags/bluebikes_api_to_s3_to_snowflake.py
[2026-03-12T02:20:50.930+0000] {logging_mixin.py:188} INFO - [2026-03-12T02:20:50.930+0000] {dag.py:3036} INFO - Sync 1 DAGs
[2026-03-12T02:20:50.944+0000] {logging_mixin.py:188} INFO - [2026-03-12T02:20:50.944+0000] {dag.py:3823} INFO - Setting next_dagrun for bluebikes_api_to_s3_to_snowflake to 2026-04-01 00:00:00+00:00, run_after=2026-07-01 00:00:00+00:00
[2026-03-12T02:20:50.962+0000] {processor.py:183} INFO - Processing /opt/airflow/dags/bluebikes_api_to_s3_to_snowflake.py took 0.398 seconds
[2026-03-12T02:21:21.758+0000] {processor.py:161} INFO - Started process (PID=996) to work on /opt/airflow/dags/bluebikes_api_to_s3_to_snowflake.py
[2026-03-12T02:21:21.758+0000] {processor.py:830} INFO - Processing file /opt/airflow/dags/bluebikes_api_to_s3_to_snowflake.py for tasks to queue
[2026-03-12T02:21:21.759+0000] {logging_mixin.py:188} INFO - [2026-03-12T02:21:21.759+0000] {dagbag.py:538} INFO - Filling up the DagBag from /opt/airflow/dags/bluebikes_api_to_s3_to_snowflake.py
[2026-03-12T02:21:21.992+0000] {processor.py:840} INFO - DAG(s) 'bluebikes_api_to_s3_to_snowflake' retrieved from /opt/airflow/dags/bluebikes_api_to_s3_to_snowflake.py
[2026-03-12T02:21:21.999+0000] {logging_mixin.py:188} INFO - [2026-03-12T02:21:21.998+0000] {dag.py:3036} INFO - Sync 1 DAGs
[2026-03-12T02:21:22.006+0000] {logging_mixin.py:188} INFO - [2026-03-12T02:21:22.006+0000] {dag.py:3823} INFO - Setting next_dagrun for bluebikes_api_to_s3_to_snowflake to 2026-04-01 00:00:00+00:00, run_after=2026-07-01 00:00:00+00:00
[2026-03-12T02:21:22.012+0000] {processor.py:183} INFO - Processing /opt/airflow/dags/bluebikes_api_to_s3_to_snowflake.py took 0.256 seconds
[2026-03-12T02:21:52.255+0000] {processor.py:161} INFO - Started process (PID=1072) to work on /opt/airflow/dags/bluebikes_api_to_s3_to_snowflake.py
[2026-03-12T02:21:52.255+0000] {processor.py:830} INFO - Processing file /opt/airflow/dags/bluebikes_api_to_s3_to_snowflake.py for tasks to queue
[2026-03-12T02:21:52.256+0000] {logging_mixin.py:188} INFO - [2026-03-12T02:21:52.256+0000] {dagbag.py:538} INFO - Filling up the DagBag from /opt/airflow/dags/bluebikes_api_to_s3_to_snowflake.py
[2026-03-12T02:21:52.487+0000] {processor.py:840} INFO - DAG(s) 'bluebikes_api_to_s3_to_snowflake' retrieved from /opt/airflow/dags/bluebikes_api_to_s3_to_snowflake.py
[2026-03-12T02:21:52.494+0000] {logging_mixin.py:188} INFO - [2026-03-12T02:21:52.494+0000] {dag.py:3036} INFO - Sync 1 DAGs
[2026-03-12T02:21:52.502+0000] {logging_mixin.py:188} INFO - [2026-03-12T02:21:52.502+0000] {dag.py:3823} INFO - Setting next_dagrun for bluebikes_api_to_s3_to_snowflake to 2026-04-01 00:00:00+00:00, run_after=2026-07-01 00:00:00+00:00
[2026-03-12T02:21:52.508+0000] {processor.py:183} INFO - Processing /opt/airflow/dags/bluebikes_api_to_s3_to_snowflake.py took 0.255 seconds
[2026-03-12T02:22:22.635+0000] {processor.py:161} INFO - Started process (PID=1148) to work on /opt/airflow/dags/bluebikes_api_to_s3_to_snowflake.py
[2026-03-12T02:22:22.635+0000] {processor.py:830} INFO - Processing file /opt/airflow/dags/bluebikes_api_to_s3_to_snowflake.py for tasks to queue
[2026-03-12T02:22:22.636+0000] {logging_mixin.py:188} INFO - [2026-03-12T02:22:22.636+0000] {dagbag.py:538} INFO - Filling up the DagBag from /opt/airflow/dags/bluebikes_api_to_s3_to_snowflake.py
[2026-03-12T02:22:22.853+0000] {processor.py:840} INFO - DAG(s) 'bluebikes_api_to_s3_to_snowflake' retrieved from /opt/airflow/dags/bluebikes_api_to_s3_to_snowflake.py
[2026-03-12T02:22:22.859+0000] {logging_mixin.py:188} INFO - [2026-03-12T02:22:22.859+0000] {dag.py:3036} INFO - Sync 1 DAGs
[2026-03-12T02:22:22.866+0000] {logging_mixin.py:188} INFO - [2026-03-12T02:22:22.866+0000] {dag.py:3823} INFO - Setting next_dagrun for bluebikes_api_to_s3_to_snowflake to 2026-04-01 00:00:00+00:00, run_after=2026-07-01 00:00:00+00:00
[2026-03-12T02:22:22.871+0000] {processor.py:183} INFO - Processing /opt/airflow/dags/bluebikes_api_to_s3_to_snowflake.py took 0.238 seconds
[2026-03-12T02:22:53.878+0000] {processor.py:161} INFO - Started process (PID=1224) to work on /opt/airflow/dags/bluebikes_api_to_s3_to_snowflake.py
[2026-03-12T02:22:53.878+0000] {processor.py:830} INFO - Processing file /opt/airflow/dags/bluebikes_api_to_s3_to_snowflake.py for tasks to queue
[2026-03-12T02:22:53.879+0000] {logging_mixin.py:188} INFO - [2026-03-12T02:22:53.879+0000] {dagbag.py:538} INFO - Filling up the DagBag from /opt/airflow/dags/bluebikes_api_to_s3_to_snowflake.py
[2026-03-12T02:22:54.093+0000] {processor.py:840} INFO - DAG(s) 'bluebikes_api_to_s3_to_snowflake' retrieved from /opt/airflow/dags/bluebikes_api_to_s3_to_snowflake.py
[2026-03-12T02:22:54.099+0000] {logging_mixin.py:188} INFO - [2026-03-12T02:22:54.099+0000] {dag.py:3036} INFO - Sync 1 DAGs
[2026-03-12T02:22:54.105+0000] {logging_mixin.py:188} INFO - [2026-03-12T02:22:54.105+0000] {dag.py:3823} INFO - Setting next_dagrun for bluebikes_api_to_s3_to_snowflake to 2026-04-01 00:00:00+00:00, run_after=2026-07-01 00:00:00+00:00
[2026-03-12T02:22:54.110+0000] {processor.py:183} INFO - Processing /opt/airflow/dags/bluebikes_api_to_s3_to_snowflake.py took 0.234 seconds
[2026-03-12T02:23:24.992+0000] {processor.py:161} INFO - Started process (PID=1300) to work on /opt/airflow/dags/bluebikes_api_to_s3_to_snowflake.py
[2026-03-12T02:23:24.993+0000] {processor.py:830} INFO - Processing file /opt/airflow/dags/bluebikes_api_to_s3_to_snowflake.py for tasks to queue
[2026-03-12T02:23:24.993+0000] {logging_mixin.py:188} INFO - [2026-03-12T02:23:24.993+0000] {dagbag.py:538} INFO - Filling up the DagBag from /opt/airflow/dags/bluebikes_api_to_s3_to_snowflake.py
[2026-03-12T02:23:25.208+0000] {processor.py:840} INFO - DAG(s) 'bluebikes_api_to_s3_to_snowflake' retrieved from /opt/airflow/dags/bluebikes_api_to_s3_to_snowflake.py
[2026-03-12T02:23:25.215+0000] {logging_mixin.py:188} INFO - [2026-03-12T02:23:25.214+0000] {dag.py:3036} INFO - Sync 1 DAGs
[2026-03-12T02:23:25.221+0000] {logging_mixin.py:188} INFO - [2026-03-12T02:23:25.221+0000] {dag.py:3823} INFO - Setting next_dagrun for bluebikes_api_to_s3_to_snowflake to 2026-04-01 00:00:00+00:00, run_after=2026-07-01 00:00:00+00:00
[2026-03-12T02:23:25.226+0000] {processor.py:183} INFO - Processing /opt/airflow/dags/bluebikes_api_to_s3_to_snowflake.py took 0.235 seconds
[2026-03-12T02:23:56.203+0000] {processor.py:161} INFO - Started process (PID=1376) to work on /opt/airflow/dags/bluebikes_api_to_s3_to_snowflake.py
[2026-03-12T02:23:56.204+0000] {processor.py:830} INFO - Processing file /opt/airflow/dags/bluebikes_api_to_s3_to_snowflake.py for tasks to queue
[2026-03-12T02:23:56.205+0000] {logging_mixin.py:188} INFO - [2026-03-12T02:23:56.204+0000] {dagbag.py:538} INFO - Filling up the DagBag from /opt/airflow/dags/bluebikes_api_to_s3_to_snowflake.py
[2026-03-12T02:23:56.414+0000] {processor.py:840} INFO - DAG(s) 'bluebikes_api_to_s3_to_snowflake' retrieved from /opt/airflow/dags/bluebikes_api_to_s3_to_snowflake.py
[2026-03-12T02:23:56.420+0000] {logging_mixin.py:188} INFO - [2026-03-12T02:23:56.419+0000] {dag.py:3036} INFO - Sync 1 DAGs
[2026-03-12T02:23:56.426+0000] {logging_mixin.py:188} INFO - [2026-03-12T02:23:56.426+0000] {dag.py:3823} INFO - Setting next_dagrun for bluebikes_api_to_s3_to_snowflake to 2026-04-01 00:00:00+00:00, run_after=2026-07-01 00:00:00+00:00
[2026-03-12T02:23:56.431+0000] {processor.py:183} INFO - Processing /opt/airflow/dags/bluebikes_api_to_s3_to_snowflake.py took 0.229 seconds
[2026-03-12T02:24:26.789+0000] {processor.py:161} INFO - Started process (PID=1452) to work on /opt/airflow/dags/bluebikes_api_to_s3_to_snowflake.py
[2026-03-12T02:24:26.791+0000] {processor.py:830} INFO - Processing file /opt/airflow/dags/bluebikes_api_to_s3_to_snowflake.py for tasks to queue
[2026-03-12T02:24:26.792+0000] {logging_mixin.py:188} INFO - [2026-03-12T02:24:26.792+0000] {dagbag.py:538} INFO - Filling up the DagBag from /opt/airflow/dags/bluebikes_api_to_s3_to_snowflake.py
[2026-03-12T02:24:27.030+0000] {processor.py:840} INFO - DAG(s) 'bluebikes_api_to_s3_to_snowflake' retrieved from /opt/airflow/dags/bluebikes_api_to_s3_to_snowflake.py
[2026-03-12T02:24:27.037+0000] {logging_mixin.py:188} INFO - [2026-03-12T02:24:27.037+0000] {dag.py:3036} INFO - Sync 1 DAGs
[2026-03-12T02:24:27.045+0000] {logging_mixin.py:188} INFO - [2026-03-12T02:24:27.045+0000] {dag.py:3823} INFO - Setting next_dagrun for bluebikes_api_to_s3_to_snowflake to 2026-04-01 00:00:00+00:00, run_after=2026-07-01 00:00:00+00:00
[2026-03-12T02:24:27.051+0000] {processor.py:183} INFO - Processing /opt/airflow/dags/bluebikes_api_to_s3_to_snowflake.py took 0.264 seconds
[2026-03-12T02:24:57.525+0000] {processor.py:161} INFO - Started process (PID=1529) to work on /opt/airflow/dags/bluebikes_api_to_s3_to_snowflake.py
[2026-03-12T02:24:57.526+0000] {processor.py:830} INFO - Processing file /opt/airflow/dags/bluebikes_api_to_s3_to_snowflake.py for tasks to queue
[2026-03-12T02:24:57.527+0000] {logging_mixin.py:188} INFO - [2026-03-12T02:24:57.527+0000] {dagbag.py:538} INFO - Filling up the DagBag from /opt/airflow/dags/bluebikes_api_to_s3_to_snowflake.py
[2026-03-12T02:24:57.700+0000] {processor.py:840} INFO - DAG(s) 'bluebikes_api_to_s3_to_snowflake' retrieved from /opt/airflow/dags/bluebikes_api_to_s3_to_snowflake.py
[2026-03-12T02:24:57.712+0000] {logging_mixin.py:188} INFO - [2026-03-12T02:24:57.712+0000] {dag.py:3036} INFO - Sync 1 DAGs
[2026-03-12T02:24:57.723+0000] {logging_mixin.py:188} INFO - [2026-03-12T02:24:57.723+0000] {dag.py:3823} INFO - Setting next_dagrun for bluebikes_api_to_s3_to_snowflake to 2026-04-01 00:00:00+00:00, run_after=2026-07-01 00:00:00+00:00
[2026-03-12T02:24:57.731+0000] {processor.py:183} INFO - Processing /opt/airflow/dags/bluebikes_api_to_s3_to_snowflake.py took 0.207 seconds
[2026-03-12T02:25:28.306+0000] {processor.py:161} INFO - Started process (PID=1604) to work on /opt/airflow/dags/bluebikes_api_to_s3_to_snowflake.py
[2026-03-12T02:25:28.307+0000] {processor.py:830} INFO - Processing file /opt/airflow/dags/bluebikes_api_to_s3_to_snowflake.py for tasks to queue
[2026-03-12T02:25:28.309+0000] {logging_mixin.py:188} INFO - [2026-03-12T02:25:28.309+0000] {dagbag.py:538} INFO - Filling up the DagBag from /opt/airflow/dags/bluebikes_api_to_s3_to_snowflake.py
[2026-03-12T02:25:28.491+0000] {processor.py:840} INFO - DAG(s) 'bluebikes_api_to_s3_to_snowflake' retrieved from /opt/airflow/dags/bluebikes_api_to_s3_to_snowflake.py
[2026-03-12T02:25:28.499+0000] {logging_mixin.py:188} INFO - [2026-03-12T02:25:28.499+0000] {dag.py:3036} INFO - Sync 1 DAGs
[2026-03-12T02:25:28.511+0000] {logging_mixin.py:188} INFO - [2026-03-12T02:25:28.511+0000] {dag.py:3823} INFO - Setting next_dagrun for bluebikes_api_to_s3_to_snowflake to 2026-04-01 00:00:00+00:00, run_after=2026-07-01 00:00:00+00:00
[2026-03-12T02:25:28.517+0000] {processor.py:183} INFO - Processing /opt/airflow/dags/bluebikes_api_to_s3_to_snowflake.py took 0.212 seconds
[2026-03-12T02:25:58.966+0000] {processor.py:161} INFO - Started process (PID=1679) to work on /opt/airflow/dags/bluebikes_api_to_s3_to_snowflake.py
[2026-03-12T02:25:58.967+0000] {processor.py:830} INFO - Processing file /opt/airflow/dags/bluebikes_api_to_s3_to_snowflake.py for tasks to queue
[2026-03-12T02:25:58.968+0000] {logging_mixin.py:188} INFO - [2026-03-12T02:25:58.968+0000] {dagbag.py:538} INFO - Filling up the DagBag from /opt/airflow/dags/bluebikes_api_to_s3_to_snowflake.py
[2026-03-12T02:25:59.141+0000] {processor.py:840} INFO - DAG(s) 'bluebikes_api_to_s3_to_snowflake' retrieved from /opt/airflow/dags/bluebikes_api_to_s3_to_snowflake.py
[2026-03-12T02:25:59.149+0000] {logging_mixin.py:188} INFO - [2026-03-12T02:25:59.149+0000] {dag.py:3036} INFO - Sync 1 DAGs
[2026-03-12T02:25:59.158+0000] {logging_mixin.py:188} INFO - [2026-03-12T02:25:59.158+0000] {dag.py:3823} INFO - Setting next_dagrun for bluebikes_api_to_s3_to_snowflake to 2026-04-01 00:00:00+00:00, run_after=2026-07-01 00:00:00+00:00
[2026-03-12T02:25:59.167+0000] {processor.py:183} INFO - Processing /opt/airflow/dags/bluebikes_api_to_s3_to_snowflake.py took 0.202 seconds
[2026-03-12T02:26:29.768+0000] {processor.py:161} INFO - Started process (PID=1755) to work on /opt/airflow/dags/bluebikes_api_to_s3_to_snowflake.py
[2026-03-12T02:26:29.769+0000] {processor.py:830} INFO - Processing file /opt/airflow/dags/bluebikes_api_to_s3_to_snowflake.py for tasks to queue
[2026-03-12T02:26:29.769+0000] {logging_mixin.py:188} INFO - [2026-03-12T02:26:29.769+0000] {dagbag.py:538} INFO - Filling up the DagBag from /opt/airflow/dags/bluebikes_api_to_s3_to_snowflake.py
[2026-03-12T02:26:29.929+0000] {processor.py:840} INFO - DAG(s) 'bluebikes_api_to_s3_to_snowflake' retrieved from /opt/airflow/dags/bluebikes_api_to_s3_to_snowflake.py
[2026-03-12T02:26:29.938+0000] {logging_mixin.py:188} INFO - [2026-03-12T02:26:29.938+0000] {dag.py:3036} INFO - Sync 1 DAGs
[2026-03-12T02:26:29.947+0000] {logging_mixin.py:188} INFO - [2026-03-12T02:26:29.947+0000] {dag.py:3823} INFO - Setting next_dagrun for bluebikes_api_to_s3_to_snowflake to 2026-04-01 00:00:00+00:00, run_after=2026-07-01 00:00:00+00:00
[2026-03-12T02:26:29.956+0000] {processor.py:183} INFO - Processing /opt/airflow/dags/bluebikes_api_to_s3_to_snowflake.py took 0.189 seconds
[2026-03-12T02:27:00.564+0000] {processor.py:161} INFO - Started process (PID=1832) to work on /opt/airflow/dags/bluebikes_api_to_s3_to_snowflake.py
[2026-03-12T02:27:00.565+0000] {processor.py:830} INFO - Processing file /opt/airflow/dags/bluebikes_api_to_s3_to_snowflake.py for tasks to queue
[2026-03-12T02:27:00.566+0000] {logging_mixin.py:188} INFO - [2026-03-12T02:27:00.566+0000] {dagbag.py:538} INFO - Filling up the DagBag from /opt/airflow/dags/bluebikes_api_to_s3_to_snowflake.py
[2026-03-12T02:27:00.738+0000] {processor.py:840} INFO - DAG(s) 'bluebikes_api_to_s3_to_snowflake' retrieved from /opt/airflow/dags/bluebikes_api_to_s3_to_snowflake.py
[2026-03-12T02:27:00.747+0000] {logging_mixin.py:188} INFO - [2026-03-12T02:27:00.747+0000] {dag.py:3036} INFO - Sync 1 DAGs
[2026-03-12T02:27:00.756+0000] {logging_mixin.py:188} INFO - [2026-03-12T02:27:00.756+0000] {dag.py:3823} INFO - Setting next_dagrun for bluebikes_api_to_s3_to_snowflake to 2026-04-01 00:00:00+00:00, run_after=2026-07-01 00:00:00+00:00
[2026-03-12T02:27:00.766+0000] {processor.py:183} INFO - Processing /opt/airflow/dags/bluebikes_api_to_s3_to_snowflake.py took 0.204 seconds
[2026-03-12T02:27:31.351+0000] {processor.py:161} INFO - Started process (PID=1908) to work on /opt/airflow/dags/bluebikes_api_to_s3_to_snowflake.py
[2026-03-12T02:27:31.351+0000] {processor.py:830} INFO - Processing file /opt/airflow/dags/bluebikes_api_to_s3_to_snowflake.py for tasks to queue
[2026-03-12T02:27:31.352+0000] {logging_mixin.py:188} INFO - [2026-03-12T02:27:31.352+0000] {dagbag.py:538} INFO - Filling up the DagBag from /opt/airflow/dags/bluebikes_api_to_s3_to_snowflake.py
[2026-03-12T02:27:31.529+0000] {processor.py:840} INFO - DAG(s) 'bluebikes_api_to_s3_to_snowflake' retrieved from /opt/airflow/dags/bluebikes_api_to_s3_to_snowflake.py
[2026-03-12T02:27:31.540+0000] {logging_mixin.py:188} INFO - [2026-03-12T02:27:31.540+0000] {dag.py:3036} INFO - Sync 1 DAGs
[2026-03-12T02:27:31.551+0000] {logging_mixin.py:188} INFO - [2026-03-12T02:27:31.550+0000] {dag.py:3823} INFO - Setting next_dagrun for bluebikes_api_to_s3_to_snowflake to 2026-04-01 00:00:00+00:00, run_after=2026-07-01 00:00:00+00:00
[2026-03-12T02:27:31.557+0000] {processor.py:183} INFO - Processing /opt/airflow/dags/bluebikes_api_to_s3_to_snowflake.py took 0.207 seconds
[2026-03-12T02:28:02.066+0000] {processor.py:161} INFO - Started process (PID=1985) to work on /opt/airflow/dags/bluebikes_api_to_s3_to_snowflake.py
[2026-03-12T02:28:02.066+0000] {processor.py:830} INFO - Processing file /opt/airflow/dags/bluebikes_api_to_s3_to_snowflake.py for tasks to queue
[2026-03-12T02:28:02.067+0000] {logging_mixin.py:188} INFO - [2026-03-12T02:28:02.067+0000] {dagbag.py:538} INFO - Filling up the DagBag from /opt/airflow/dags/bluebikes_api_to_s3_to_snowflake.py
[2026-03-12T02:28:02.235+0000] {processor.py:840} INFO - DAG(s) 'bluebikes_api_to_s3_to_snowflake' retrieved from /opt/airflow/dags/bluebikes_api_to_s3_to_snowflake.py
[2026-03-12T02:28:02.245+0000] {logging_mixin.py:188} INFO - [2026-03-12T02:28:02.245+0000] {dag.py:3036} INFO - Sync 1 DAGs
[2026-03-12T02:28:02.256+0000] {logging_mixin.py:188} INFO - [2026-03-12T02:28:02.256+0000] {dag.py:3823} INFO - Setting next_dagrun for bluebikes_api_to_s3_to_snowflake to 2026-04-01 00:00:00+00:00, run_after=2026-07-01 00:00:00+00:00
[2026-03-12T02:28:02.340+0000] {processor.py:183} INFO - Processing /opt/airflow/dags/bluebikes_api_to_s3_to_snowflake.py took 0.276 seconds
[2026-03-12T02:28:32.734+0000] {processor.py:161} INFO - Started process (PID=2060) to work on /opt/airflow/dags/bluebikes_api_to_s3_to_snowflake.py
[2026-03-12T02:28:32.734+0000] {processor.py:830} INFO - Processing file /opt/airflow/dags/bluebikes_api_to_s3_to_snowflake.py for tasks to queue
[2026-03-12T02:28:32.735+0000] {logging_mixin.py:188} INFO - [2026-03-12T02:28:32.735+0000] {dagbag.py:538} INFO - Filling up the DagBag from /opt/airflow/dags/bluebikes_api_to_s3_to_snowflake.py
[2026-03-12T02:28:32.896+0000] {processor.py:840} INFO - DAG(s) 'bluebikes_api_to_s3_to_snowflake' retrieved from /opt/airflow/dags/bluebikes_api_to_s3_to_snowflake.py
[2026-03-12T02:28:32.905+0000] {logging_mixin.py:188} INFO - [2026-03-12T02:28:32.904+0000] {dag.py:3036} INFO - Sync 1 DAGs
[2026-03-12T02:28:32.985+0000] {logging_mixin.py:188} INFO - [2026-03-12T02:28:32.985+0000] {dag.py:3823} INFO - Setting next_dagrun for bluebikes_api_to_s3_to_snowflake to 2026-04-01 00:00:00+00:00, run_after=2026-07-01 00:00:00+00:00
[2026-03-12T02:28:32.994+0000] {processor.py:183} INFO - Processing /opt/airflow/dags/bluebikes_api_to_s3_to_snowflake.py took 0.261 seconds
[2026-03-12T02:29:03.789+0000] {processor.py:161} INFO - Started process (PID=2136) to work on /opt/airflow/dags/bluebikes_api_to_s3_to_snowflake.py
[2026-03-12T02:29:03.789+0000] {processor.py:830} INFO - Processing file /opt/airflow/dags/bluebikes_api_to_s3_to_snowflake.py for tasks to queue
[2026-03-12T02:29:03.790+0000] {logging_mixin.py:188} INFO - [2026-03-12T02:29:03.790+0000] {dagbag.py:538} INFO - Filling up the DagBag from /opt/airflow/dags/bluebikes_api_to_s3_to_snowflake.py
[2026-03-12T02:29:03.972+0000] {processor.py:840} INFO - DAG(s) 'bluebikes_api_to_s3_to_snowflake' retrieved from /opt/airflow/dags/bluebikes_api_to_s3_to_snowflake.py
[2026-03-12T02:29:03.980+0000] {logging_mixin.py:188} INFO - [2026-03-12T02:29:03.980+0000] {dag.py:3036} INFO - Sync 1 DAGs
[2026-03-12T02:29:04.063+0000] {logging_mixin.py:188} INFO - [2026-03-12T02:29:04.063+0000] {dag.py:3823} INFO - Setting next_dagrun for bluebikes_api_to_s3_to_snowflake to 2026-04-01 00:00:00+00:00, run_after=2026-07-01 00:00:00+00:00
[2026-03-12T02:29:04.072+0000] {processor.py:183} INFO - Processing /opt/airflow/dags/bluebikes_api_to_s3_to_snowflake.py took 0.286 seconds
[2026-03-12T02:29:34.877+0000] {processor.py:161} INFO - Started process (PID=2212) to work on /opt/airflow/dags/bluebikes_api_to_s3_to_snowflake.py
[2026-03-12T02:29:34.878+0000] {processor.py:830} INFO - Processing file /opt/airflow/dags/bluebikes_api_to_s3_to_snowflake.py for tasks to queue
[2026-03-12T02:29:34.879+0000] {logging_mixin.py:188} INFO - [2026-03-12T02:29:34.879+0000] {dagbag.py:538} INFO - Filling up the DagBag from /opt/airflow/dags/bluebikes_api_to_s3_to_snowflake.py
[2026-03-12T02:29:35.122+0000] {processor.py:840} INFO - DAG(s) 'bluebikes_api_to_s3_to_snowflake' retrieved from /opt/airflow/dags/bluebikes_api_to_s3_to_snowflake.py
[2026-03-12T02:29:35.132+0000] {logging_mixin.py:188} INFO - [2026-03-12T02:29:35.131+0000] {dag.py:3036} INFO - Sync 1 DAGs
[2026-03-12T02:29:35.140+0000] {logging_mixin.py:188} INFO - [2026-03-12T02:29:35.140+0000] {dag.py:3823} INFO - Setting next_dagrun for bluebikes_api_to_s3_to_snowflake to 2026-04-01 00:00:00+00:00, run_after=2026-07-01 00:00:00+00:00
[2026-03-12T02:29:35.149+0000] {processor.py:183} INFO - Processing /opt/airflow/dags/bluebikes_api_to_s3_to_snowflake.py took 0.273 seconds
[2026-03-12T02:30:05.848+0000] {processor.py:161} INFO - Started process (PID=2288) to work on /opt/airflow/dags/bluebikes_api_to_s3_to_snowflake.py
[2026-03-12T02:30:05.849+0000] {processor.py:830} INFO - Processing file /opt/airflow/dags/bluebikes_api_to_s3_to_snowflake.py for tasks to queue
[2026-03-12T02:30:05.849+0000] {logging_mixin.py:188} INFO - [2026-03-12T02:30:05.849+0000] {dagbag.py:538} INFO - Filling up the DagBag from /opt/airflow/dags/bluebikes_api_to_s3_to_snowflake.py
[2026-03-12T02:30:06.061+0000] {processor.py:840} INFO - DAG(s) 'bluebikes_api_to_s3_to_snowflake' retrieved from /opt/airflow/dags/bluebikes_api_to_s3_to_snowflake.py
[2026-03-12T02:30:06.067+0000] {logging_mixin.py:188} INFO - [2026-03-12T02:30:06.067+0000] {dag.py:3036} INFO - Sync 1 DAGs
[2026-03-12T02:30:06.073+0000] {logging_mixin.py:188} INFO - [2026-03-12T02:30:06.073+0000] {dag.py:3823} INFO - Setting next_dagrun for bluebikes_api_to_s3_to_snowflake to 2026-04-01 00:00:00+00:00, run_after=2026-07-01 00:00:00+00:00
[2026-03-12T02:30:06.078+0000] {processor.py:183} INFO - Processing /opt/airflow/dags/bluebikes_api_to_s3_to_snowflake.py took 0.231 seconds
[2026-03-12T02:30:36.901+0000] {processor.py:161} INFO - Started process (PID=2364) to work on /opt/airflow/dags/bluebikes_api_to_s3_to_snowflake.py
[2026-03-12T02:30:36.902+0000] {processor.py:830} INFO - Processing file /opt/airflow/dags/bluebikes_api_to_s3_to_snowflake.py for tasks to queue
[2026-03-12T02:30:36.903+0000] {logging_mixin.py:188} INFO - [2026-03-12T02:30:36.903+0000] {dagbag.py:538} INFO - Filling up the DagBag from /opt/airflow/dags/bluebikes_api_to_s3_to_snowflake.py
[2026-03-12T02:30:37.154+0000] {processor.py:840} INFO - DAG(s) 'bluebikes_api_to_s3_to_snowflake' retrieved from /opt/airflow/dags/bluebikes_api_to_s3_to_snowflake.py
[2026-03-12T02:30:37.164+0000] {logging_mixin.py:188} INFO - [2026-03-12T02:30:37.163+0000] {dag.py:3036} INFO - Sync 1 DAGs
[2026-03-12T02:30:37.173+0000] {logging_mixin.py:188} INFO - [2026-03-12T02:30:37.173+0000] {dag.py:3823} INFO - Setting next_dagrun for bluebikes_api_to_s3_to_snowflake to 2026-04-01 00:00:00+00:00, run_after=2026-07-01 00:00:00+00:00
[2026-03-12T02:30:37.181+0000] {processor.py:183} INFO - Processing /opt/airflow/dags/bluebikes_api_to_s3_to_snowflake.py took 0.281 seconds
[2026-03-12T02:31:07.900+0000] {processor.py:161} INFO - Started process (PID=2440) to work on /opt/airflow/dags/bluebikes_api_to_s3_to_snowflake.py
[2026-03-12T02:31:07.900+0000] {processor.py:830} INFO - Processing file /opt/airflow/dags/bluebikes_api_to_s3_to_snowflake.py for tasks to queue
[2026-03-12T02:31:07.901+0000] {logging_mixin.py:188} INFO - [2026-03-12T02:31:07.901+0000] {dagbag.py:538} INFO - Filling up the DagBag from /opt/airflow/dags/bluebikes_api_to_s3_to_snowflake.py
[2026-03-12T02:31:08.147+0000] {processor.py:840} INFO - DAG(s) 'bluebikes_api_to_s3_to_snowflake' retrieved from /opt/airflow/dags/bluebikes_api_to_s3_to_snowflake.py
[2026-03-12T02:31:08.155+0000] {logging_mixin.py:188} INFO - [2026-03-12T02:31:08.155+0000] {dag.py:3036} INFO - Sync 1 DAGs
[2026-03-12T02:31:08.165+0000] {logging_mixin.py:188} INFO - [2026-03-12T02:31:08.165+0000] {dag.py:3823} INFO - Setting next_dagrun for bluebikes_api_to_s3_to_snowflake to 2026-04-01 00:00:00+00:00, run_after=2026-07-01 00:00:00+00:00
[2026-03-12T02:31:08.173+0000] {processor.py:183} INFO - Processing /opt/airflow/dags/bluebikes_api_to_s3_to_snowflake.py took 0.275 seconds
[2026-03-12T02:31:38.823+0000] {processor.py:161} INFO - Started process (PID=2516) to work on /opt/airflow/dags/bluebikes_api_to_s3_to_snowflake.py
[2026-03-12T02:31:38.824+0000] {processor.py:830} INFO - Processing file /opt/airflow/dags/bluebikes_api_to_s3_to_snowflake.py for tasks to queue
[2026-03-12T02:31:38.826+0000] {logging_mixin.py:188} INFO - [2026-03-12T02:31:38.825+0000] {dagbag.py:538} INFO - Filling up the DagBag from /opt/airflow/dags/bluebikes_api_to_s3_to_snowflake.py
[2026-03-12T02:31:39.079+0000] {processor.py:840} INFO - DAG(s) 'bluebikes_api_to_s3_to_snowflake' retrieved from /opt/airflow/dags/bluebikes_api_to_s3_to_snowflake.py
[2026-03-12T02:31:39.088+0000] {logging_mixin.py:188} INFO - [2026-03-12T02:31:39.088+0000] {dag.py:3036} INFO - Sync 1 DAGs
[2026-03-12T02:31:39.099+0000] {logging_mixin.py:188} INFO - [2026-03-12T02:31:39.099+0000] {dag.py:3823} INFO - Setting next_dagrun for bluebikes_api_to_s3_to_snowflake to 2026-04-01 00:00:00+00:00, run_after=2026-07-01 00:00:00+00:00
[2026-03-12T02:31:39.108+0000] {processor.py:183} INFO - Processing /opt/airflow/dags/bluebikes_api_to_s3_to_snowflake.py took 0.286 seconds
[2026-03-12T02:32:09.895+0000] {processor.py:161} INFO - Started process (PID=2592) to work on /opt/airflow/dags/bluebikes_api_to_s3_to_snowflake.py
[2026-03-12T02:32:09.897+0000] {processor.py:830} INFO - Processing file /opt/airflow/dags/bluebikes_api_to_s3_to_snowflake.py for tasks to queue
[2026-03-12T02:32:09.898+0000] {logging_mixin.py:188} INFO - [2026-03-12T02:32:09.898+0000] {dagbag.py:538} INFO - Filling up the DagBag from /opt/airflow/dags/bluebikes_api_to_s3_to_snowflake.py
[2026-03-12T02:32:10.155+0000] {processor.py:840} INFO - DAG(s) 'bluebikes_api_to_s3_to_snowflake' retrieved from /opt/airflow/dags/bluebikes_api_to_s3_to_snowflake.py
[2026-03-12T02:32:10.161+0000] {logging_mixin.py:188} INFO - [2026-03-12T02:32:10.161+0000] {dag.py:3036} INFO - Sync 1 DAGs
[2026-03-12T02:32:10.171+0000] {logging_mixin.py:188} INFO - [2026-03-12T02:32:10.171+0000] {dag.py:3823} INFO - Setting next_dagrun for bluebikes_api_to_s3_to_snowflake to 2026-04-01 00:00:00+00:00, run_after=2026-07-01 00:00:00+00:00
[2026-03-12T02:32:10.183+0000] {processor.py:183} INFO - Processing /opt/airflow/dags/bluebikes_api_to_s3_to_snowflake.py took 0.290 seconds
[2026-03-12T02:32:41.501+0000] {processor.py:161} INFO - Started process (PID=2674) to work on /opt/airflow/dags/bluebikes_api_to_s3_to_snowflake.py
[2026-03-12T02:32:41.502+0000] {processor.py:830} INFO - Processing file /opt/airflow/dags/bluebikes_api_to_s3_to_snowflake.py for tasks to queue
[2026-03-12T02:32:41.510+0000] {logging_mixin.py:188} INFO - [2026-03-12T02:32:41.506+0000] {dagbag.py:538} INFO - Filling up the DagBag from /opt/airflow/dags/bluebikes_api_to_s3_to_snowflake.py
[2026-03-12T02:32:41.779+0000] {processor.py:840} INFO - DAG(s) 'bluebikes_api_to_s3_to_snowflake' retrieved from /opt/airflow/dags/bluebikes_api_to_s3_to_snowflake.py
[2026-03-12T02:32:41.787+0000] {logging_mixin.py:188} INFO - [2026-03-12T02:32:41.787+0000] {dag.py:3036} INFO - Sync 1 DAGs
[2026-03-12T02:32:41.796+0000] {logging_mixin.py:188} INFO - [2026-03-12T02:32:41.796+0000] {dag.py:3823} INFO - Setting next_dagrun for bluebikes_api_to_s3_to_snowflake to 2026-04-01 00:00:00+00:00, run_after=2026-07-01 00:00:00+00:00
[2026-03-12T02:32:41.805+0000] {processor.py:183} INFO - Processing /opt/airflow/dags/bluebikes_api_to_s3_to_snowflake.py took 0.305 seconds
[2026-03-12T02:33:12.296+0000] {processor.py:161} INFO - Started process (PID=2750) to work on /opt/airflow/dags/bluebikes_api_to_s3_to_snowflake.py
[2026-03-12T02:33:12.297+0000] {processor.py:830} INFO - Processing file /opt/airflow/dags/bluebikes_api_to_s3_to_snowflake.py for tasks to queue
[2026-03-12T02:33:12.298+0000] {logging_mixin.py:188} INFO - [2026-03-12T02:33:12.298+0000] {dagbag.py:538} INFO - Filling up the DagBag from /opt/airflow/dags/bluebikes_api_to_s3_to_snowflake.py
[2026-03-12T02:33:12.610+0000] {processor.py:840} INFO - DAG(s) 'bluebikes_api_to_s3_to_snowflake' retrieved from /opt/airflow/dags/bluebikes_api_to_s3_to_snowflake.py
[2026-03-12T02:33:12.621+0000] {logging_mixin.py:188} INFO - [2026-03-12T02:33:12.621+0000] {dag.py:3036} INFO - Sync 1 DAGs
[2026-03-12T02:33:12.632+0000] {logging_mixin.py:188} INFO - [2026-03-12T02:33:12.632+0000] {dag.py:3823} INFO - Setting next_dagrun for bluebikes_api_to_s3_to_snowflake to 2026-04-01 00:00:00+00:00, run_after=2026-07-01 00:00:00+00:00
[2026-03-12T02:33:12.647+0000] {processor.py:183} INFO - Processing /opt/airflow/dags/bluebikes_api_to_s3_to_snowflake.py took 0.353 seconds
[2026-03-12T02:33:43.061+0000] {processor.py:161} INFO - Started process (PID=2827) to work on /opt/airflow/dags/bluebikes_api_to_s3_to_snowflake.py
[2026-03-12T02:33:43.062+0000] {processor.py:830} INFO - Processing file /opt/airflow/dags/bluebikes_api_to_s3_to_snowflake.py for tasks to queue
[2026-03-12T02:33:43.063+0000] {logging_mixin.py:188} INFO - [2026-03-12T02:33:43.063+0000] {dagbag.py:538} INFO - Filling up the DagBag from /opt/airflow/dags/bluebikes_api_to_s3_to_snowflake.py
[2026-03-12T02:33:43.325+0000] {processor.py:840} INFO - DAG(s) 'bluebikes_api_to_s3_to_snowflake' retrieved from /opt/airflow/dags/bluebikes_api_to_s3_to_snowflake.py
[2026-03-12T02:33:43.333+0000] {logging_mixin.py:188} INFO - [2026-03-12T02:33:43.333+0000] {dag.py:3036} INFO - Sync 1 DAGs
[2026-03-12T02:33:43.343+0000] {logging_mixin.py:188} INFO - [2026-03-12T02:33:43.343+0000] {dag.py:3823} INFO - Setting next_dagrun for bluebikes_api_to_s3_to_snowflake to 2026-04-01 00:00:00+00:00, run_after=2026-07-01 00:00:00+00:00
[2026-03-12T02:33:43.354+0000] {processor.py:183} INFO - Processing /opt/airflow/dags/bluebikes_api_to_s3_to_snowflake.py took 0.294 seconds
[2026-03-12T02:34:13.577+0000] {processor.py:161} INFO - Started process (PID=2904) to work on /opt/airflow/dags/bluebikes_api_to_s3_to_snowflake.py
[2026-03-12T02:34:13.578+0000] {processor.py:830} INFO - Processing file /opt/airflow/dags/bluebikes_api_to_s3_to_snowflake.py for tasks to queue
[2026-03-12T02:34:13.579+0000] {logging_mixin.py:188} INFO - [2026-03-12T02:34:13.579+0000] {dagbag.py:538} INFO - Filling up the DagBag from /opt/airflow/dags/bluebikes_api_to_s3_to_snowflake.py
[2026-03-12T02:34:13.758+0000] {processor.py:840} INFO - DAG(s) 'bluebikes_api_to_s3_to_snowflake' retrieved from /opt/airflow/dags/bluebikes_api_to_s3_to_snowflake.py
[2026-03-12T02:34:13.764+0000] {logging_mixin.py:188} INFO - [2026-03-12T02:34:13.764+0000] {dag.py:3036} INFO - Sync 1 DAGs
[2026-03-12T02:34:13.772+0000] {logging_mixin.py:188} INFO - [2026-03-12T02:34:13.771+0000] {dag.py:3823} INFO - Setting next_dagrun for bluebikes_api_to_s3_to_snowflake to 2026-04-01 00:00:00+00:00, run_after=2026-07-01 00:00:00+00:00
[2026-03-12T02:34:13.777+0000] {processor.py:183} INFO - Processing /opt/airflow/dags/bluebikes_api_to_s3_to_snowflake.py took 0.202 seconds
[2026-03-12T02:34:44.322+0000] {processor.py:161} INFO - Started process (PID=2978) to work on /opt/airflow/dags/bluebikes_api_to_s3_to_snowflake.py
[2026-03-12T02:34:44.323+0000] {processor.py:830} INFO - Processing file /opt/airflow/dags/bluebikes_api_to_s3_to_snowflake.py for tasks to queue
[2026-03-12T02:34:44.324+0000] {logging_mixin.py:188} INFO - [2026-03-12T02:34:44.324+0000] {dagbag.py:538} INFO - Filling up the DagBag from /opt/airflow/dags/bluebikes_api_to_s3_to_snowflake.py
[2026-03-12T02:34:44.508+0000] {processor.py:840} INFO - DAG(s) 'bluebikes_api_to_s3_to_snowflake' retrieved from /opt/airflow/dags/bluebikes_api_to_s3_to_snowflake.py
[2026-03-12T02:34:44.515+0000] {logging_mixin.py:188} INFO - [2026-03-12T02:34:44.515+0000] {dag.py:3036} INFO - Sync 1 DAGs
[2026-03-12T02:34:44.522+0000] {logging_mixin.py:188} INFO - [2026-03-12T02:34:44.522+0000] {dag.py:3823} INFO - Setting next_dagrun for bluebikes_api_to_s3_to_snowflake to 2026-04-01 00:00:00+00:00, run_after=2026-07-01 00:00:00+00:00
[2026-03-12T02:34:44.528+0000] {processor.py:183} INFO - Processing /opt/airflow/dags/bluebikes_api_to_s3_to_snowflake.py took 0.208 seconds
[2026-03-12T02:35:15.053+0000] {processor.py:161} INFO - Started process (PID=3053) to work on /opt/airflow/dags/bluebikes_api_to_s3_to_snowflake.py
[2026-03-12T02:35:15.054+0000] {processor.py:830} INFO - Processing file /opt/airflow/dags/bluebikes_api_to_s3_to_snowflake.py for tasks to queue
[2026-03-12T02:35:15.055+0000] {logging_mixin.py:188} INFO - [2026-03-12T02:35:15.055+0000] {dagbag.py:538} INFO - Filling up the DagBag from /opt/airflow/dags/bluebikes_api_to_s3_to_snowflake.py
[2026-03-12T02:35:15.219+0000] {processor.py:840} INFO - DAG(s) 'bluebikes_api_to_s3_to_snowflake' retrieved from /opt/airflow/dags/bluebikes_api_to_s3_to_snowflake.py
[2026-03-12T02:35:15.232+0000] {logging_mixin.py:188} INFO - [2026-03-12T02:35:15.232+0000] {dag.py:3036} INFO - Sync 1 DAGs
[2026-03-12T02:35:15.242+0000] {logging_mixin.py:188} INFO - [2026-03-12T02:35:15.242+0000] {dag.py:3823} INFO - Setting next_dagrun for bluebikes_api_to_s3_to_snowflake to 2026-04-01 00:00:00+00:00, run_after=2026-07-01 00:00:00+00:00
[2026-03-12T02:35:15.250+0000] {processor.py:183} INFO - Processing /opt/airflow/dags/bluebikes_api_to_s3_to_snowflake.py took 0.198 seconds
[2026-03-12T02:35:45.948+0000] {processor.py:161} INFO - Started process (PID=3130) to work on /opt/airflow/dags/bluebikes_api_to_s3_to_snowflake.py
[2026-03-12T02:35:45.949+0000] {processor.py:830} INFO - Processing file /opt/airflow/dags/bluebikes_api_to_s3_to_snowflake.py for tasks to queue
[2026-03-12T02:35:45.951+0000] {logging_mixin.py:188} INFO - [2026-03-12T02:35:45.951+0000] {dagbag.py:538} INFO - Filling up the DagBag from /opt/airflow/dags/bluebikes_api_to_s3_to_snowflake.py
[2026-03-12T02:35:46.133+0000] {processor.py:840} INFO - DAG(s) 'bluebikes_api_to_s3_to_snowflake' retrieved from /opt/airflow/dags/bluebikes_api_to_s3_to_snowflake.py
[2026-03-12T02:35:46.142+0000] {logging_mixin.py:188} INFO - [2026-03-12T02:35:46.141+0000] {dag.py:3036} INFO - Sync 1 DAGs
[2026-03-12T02:35:46.150+0000] {logging_mixin.py:188} INFO - [2026-03-12T02:35:46.150+0000] {dag.py:3823} INFO - Setting next_dagrun for bluebikes_api_to_s3_to_snowflake to 2026-04-01 00:00:00+00:00, run_after=2026-07-01 00:00:00+00:00
[2026-03-12T02:35:46.156+0000] {processor.py:183} INFO - Processing /opt/airflow/dags/bluebikes_api_to_s3_to_snowflake.py took 0.210 seconds
[2026-03-12T02:36:16.724+0000] {processor.py:161} INFO - Started process (PID=3205) to work on /opt/airflow/dags/bluebikes_api_to_s3_to_snowflake.py
[2026-03-12T02:36:16.725+0000] {processor.py:830} INFO - Processing file /opt/airflow/dags/bluebikes_api_to_s3_to_snowflake.py for tasks to queue
[2026-03-12T02:36:16.727+0000] {logging_mixin.py:188} INFO - [2026-03-12T02:36:16.727+0000] {dagbag.py:538} INFO - Filling up the DagBag from /opt/airflow/dags/bluebikes_api_to_s3_to_snowflake.py
[2026-03-12T02:36:16.886+0000] {processor.py:840} INFO - DAG(s) 'bluebikes_api_to_s3_to_snowflake' retrieved from /opt/airflow/dags/bluebikes_api_to_s3_to_snowflake.py
[2026-03-12T02:36:16.895+0000] {logging_mixin.py:188} INFO - [2026-03-12T02:36:16.895+0000] {dag.py:3036} INFO - Sync 1 DAGs
[2026-03-12T02:36:16.905+0000] {logging_mixin.py:188} INFO - [2026-03-12T02:36:16.905+0000] {dag.py:3823} INFO - Setting next_dagrun for bluebikes_api_to_s3_to_snowflake to 2026-04-01 00:00:00+00:00, run_after=2026-07-01 00:00:00+00:00
[2026-03-12T02:36:16.914+0000] {processor.py:183} INFO - Processing /opt/airflow/dags/bluebikes_api_to_s3_to_snowflake.py took 0.192 seconds
[2026-03-12T02:36:47.315+0000] {processor.py:161} INFO - Started process (PID=3282) to work on /opt/airflow/dags/bluebikes_api_to_s3_to_snowflake.py
[2026-03-12T02:36:47.316+0000] {processor.py:830} INFO - Processing file /opt/airflow/dags/bluebikes_api_to_s3_to_snowflake.py for tasks to queue
[2026-03-12T02:36:47.317+0000] {logging_mixin.py:188} INFO - [2026-03-12T02:36:47.316+0000] {dagbag.py:538} INFO - Filling up the DagBag from /opt/airflow/dags/bluebikes_api_to_s3_to_snowflake.py
[2026-03-12T02:36:47.491+0000] {processor.py:840} INFO - DAG(s) 'bluebikes_api_to_s3_to_snowflake' retrieved from /opt/airflow/dags/bluebikes_api_to_s3_to_snowflake.py
[2026-03-12T02:36:47.499+0000] {logging_mixin.py:188} INFO - [2026-03-12T02:36:47.499+0000] {dag.py:3036} INFO - Sync 1 DAGs
[2026-03-12T02:36:47.508+0000] {logging_mixin.py:188} INFO - [2026-03-12T02:36:47.508+0000] {dag.py:3823} INFO - Setting next_dagrun for bluebikes_api_to_s3_to_snowflake to 2026-04-01 00:00:00+00:00, run_after=2026-07-01 00:00:00+00:00
[2026-03-12T02:36:47.518+0000] {processor.py:183} INFO - Processing /opt/airflow/dags/bluebikes_api_to_s3_to_snowflake.py took 0.204 seconds
[2026-03-12T02:37:18.058+0000] {processor.py:161} INFO - Started process (PID=3358) to work on /opt/airflow/dags/bluebikes_api_to_s3_to_snowflake.py
[2026-03-12T02:37:18.059+0000] {processor.py:830} INFO - Processing file /opt/airflow/dags/bluebikes_api_to_s3_to_snowflake.py for tasks to queue
[2026-03-12T02:37:18.059+0000] {logging_mixin.py:188} INFO - [2026-03-12T02:37:18.059+0000] {dagbag.py:538} INFO - Filling up the DagBag from /opt/airflow/dags/bluebikes_api_to_s3_to_snowflake.py
[2026-03-12T02:37:18.245+0000] {processor.py:840} INFO - DAG(s) 'bluebikes_api_to_s3_to_snowflake' retrieved from /opt/airflow/dags/bluebikes_api_to_s3_to_snowflake.py
[2026-03-12T02:37:18.255+0000] {logging_mixin.py:188} INFO - [2026-03-12T02:37:18.255+0000] {dag.py:3036} INFO - Sync 1 DAGs
[2026-03-12T02:37:18.337+0000] {logging_mixin.py:188} INFO - [2026-03-12T02:37:18.337+0000] {dag.py:3823} INFO - Setting next_dagrun for bluebikes_api_to_s3_to_snowflake to 2026-04-01 00:00:00+00:00, run_after=2026-07-01 00:00:00+00:00
[2026-03-12T02:37:18.344+0000] {processor.py:183} INFO - Processing /opt/airflow/dags/bluebikes_api_to_s3_to_snowflake.py took 0.288 seconds
[2026-03-12T02:37:48.994+0000] {processor.py:161} INFO - Started process (PID=3434) to work on /opt/airflow/dags/bluebikes_api_to_s3_to_snowflake.py
[2026-03-12T02:37:48.996+0000] {processor.py:830} INFO - Processing file /opt/airflow/dags/bluebikes_api_to_s3_to_snowflake.py for tasks to queue
[2026-03-12T02:37:48.996+0000] {logging_mixin.py:188} INFO - [2026-03-12T02:37:48.996+0000] {dagbag.py:538} INFO - Filling up the DagBag from /opt/airflow/dags/bluebikes_api_to_s3_to_snowflake.py
[2026-03-12T02:37:49.172+0000] {processor.py:840} INFO - DAG(s) 'bluebikes_api_to_s3_to_snowflake' retrieved from /opt/airflow/dags/bluebikes_api_to_s3_to_snowflake.py
[2026-03-12T02:37:49.184+0000] {logging_mixin.py:188} INFO - [2026-03-12T02:37:49.184+0000] {dag.py:3036} INFO - Sync 1 DAGs
[2026-03-12T02:37:49.266+0000] {logging_mixin.py:188} INFO - [2026-03-12T02:37:49.266+0000] {dag.py:3823} INFO - Setting next_dagrun for bluebikes_api_to_s3_to_snowflake to 2026-04-01 00:00:00+00:00, run_after=2026-07-01 00:00:00+00:00
[2026-03-12T02:37:49.273+0000] {processor.py:183} INFO - Processing /opt/airflow/dags/bluebikes_api_to_s3_to_snowflake.py took 0.281 seconds
[2026-03-12T02:38:19.472+0000] {processor.py:161} INFO - Started process (PID=3512) to work on /opt/airflow/dags/bluebikes_api_to_s3_to_snowflake.py
[2026-03-12T02:38:19.473+0000] {processor.py:830} INFO - Processing file /opt/airflow/dags/bluebikes_api_to_s3_to_snowflake.py for tasks to queue
[2026-03-12T02:38:19.474+0000] {logging_mixin.py:188} INFO - [2026-03-12T02:38:19.474+0000] {dagbag.py:538} INFO - Filling up the DagBag from /opt/airflow/dags/bluebikes_api_to_s3_to_snowflake.py
[2026-03-12T02:38:19.721+0000] {processor.py:840} INFO - DAG(s) 'bluebikes_api_to_s3_to_snowflake' retrieved from /opt/airflow/dags/bluebikes_api_to_s3_to_snowflake.py
[2026-03-12T02:38:19.728+0000] {logging_mixin.py:188} INFO - [2026-03-12T02:38:19.727+0000] {dag.py:3036} INFO - Sync 1 DAGs
[2026-03-12T02:38:19.736+0000] {logging_mixin.py:188} INFO - [2026-03-12T02:38:19.736+0000] {dag.py:3823} INFO - Setting next_dagrun for bluebikes_api_to_s3_to_snowflake to 2026-04-01 00:00:00+00:00, run_after=2026-07-01 00:00:00+00:00
[2026-03-12T02:38:19.742+0000] {processor.py:183} INFO - Processing /opt/airflow/dags/bluebikes_api_to_s3_to_snowflake.py took 0.271 seconds
[2026-03-12T02:38:50.408+0000] {processor.py:161} INFO - Started process (PID=3589) to work on /opt/airflow/dags/bluebikes_api_to_s3_to_snowflake.py
[2026-03-12T02:38:50.408+0000] {processor.py:830} INFO - Processing file /opt/airflow/dags/bluebikes_api_to_s3_to_snowflake.py for tasks to queue
[2026-03-12T02:38:50.409+0000] {logging_mixin.py:188} INFO - [2026-03-12T02:38:50.409+0000] {dagbag.py:538} INFO - Filling up the DagBag from /opt/airflow/dags/bluebikes_api_to_s3_to_snowflake.py
[2026-03-12T02:38:50.632+0000] {processor.py:840} INFO - DAG(s) 'bluebikes_api_to_s3_to_snowflake' retrieved from /opt/airflow/dags/bluebikes_api_to_s3_to_snowflake.py
[2026-03-12T02:38:50.638+0000] {logging_mixin.py:188} INFO - [2026-03-12T02:38:50.638+0000] {dag.py:3036} INFO - Sync 1 DAGs
[2026-03-12T02:38:50.644+0000] {logging_mixin.py:188} INFO - [2026-03-12T02:38:50.644+0000] {dag.py:3823} INFO - Setting next_dagrun for bluebikes_api_to_s3_to_snowflake to 2026-04-01 00:00:00+00:00, run_after=2026-07-01 00:00:00+00:00
[2026-03-12T02:38:50.650+0000] {processor.py:183} INFO - Processing /opt/airflow/dags/bluebikes_api_to_s3_to_snowflake.py took 0.243 seconds
[2026-03-12T02:39:20.713+0000] {processor.py:161} INFO - Started process (PID=3663) to work on /opt/airflow/dags/bluebikes_api_to_s3_to_snowflake.py
[2026-03-12T02:39:20.713+0000] {processor.py:830} INFO - Processing file /opt/airflow/dags/bluebikes_api_to_s3_to_snowflake.py for tasks to queue
[2026-03-12T02:39:20.714+0000] {logging_mixin.py:188} INFO - [2026-03-12T02:39:20.714+0000] {dagbag.py:538} INFO - Filling up the DagBag from /opt/airflow/dags/bluebikes_api_to_s3_to_snowflake.py
[2026-03-12T02:39:20.980+0000] {processor.py:840} INFO - DAG(s) 'bluebikes_api_to_s3_to_snowflake' retrieved from /opt/airflow/dags/bluebikes_api_to_s3_to_snowflake.py
[2026-03-12T02:39:20.990+0000] {logging_mixin.py:188} INFO - [2026-03-12T02:39:20.990+0000] {dag.py:3036} INFO - Sync 1 DAGs
[2026-03-12T02:39:20.997+0000] {logging_mixin.py:188} INFO - [2026-03-12T02:39:20.997+0000] {dag.py:3823} INFO - Setting next_dagrun for bluebikes_api_to_s3_to_snowflake to 2026-04-01 00:00:00+00:00, run_after=2026-07-01 00:00:00+00:00
[2026-03-12T02:39:21.009+0000] {processor.py:183} INFO - Processing /opt/airflow/dags/bluebikes_api_to_s3_to_snowflake.py took 0.298 seconds
[2026-03-12T02:39:51.606+0000] {processor.py:161} INFO - Started process (PID=3737) to work on /opt/airflow/dags/bluebikes_api_to_s3_to_snowflake.py
[2026-03-12T02:39:51.606+0000] {processor.py:830} INFO - Processing file /opt/airflow/dags/bluebikes_api_to_s3_to_snowflake.py for tasks to queue
[2026-03-12T02:39:51.607+0000] {logging_mixin.py:188} INFO - [2026-03-12T02:39:51.607+0000] {dagbag.py:538} INFO - Filling up the DagBag from /opt/airflow/dags/bluebikes_api_to_s3_to_snowflake.py
[2026-03-12T02:39:51.858+0000] {processor.py:840} INFO - DAG(s) 'bluebikes_api_to_s3_to_snowflake' retrieved from /opt/airflow/dags/bluebikes_api_to_s3_to_snowflake.py
[2026-03-12T02:39:51.866+0000] {logging_mixin.py:188} INFO - [2026-03-12T02:39:51.866+0000] {dag.py:3036} INFO - Sync 1 DAGs
[2026-03-12T02:39:51.874+0000] {logging_mixin.py:188} INFO - [2026-03-12T02:39:51.874+0000] {dag.py:3823} INFO - Setting next_dagrun for bluebikes_api_to_s3_to_snowflake to 2026-04-01 00:00:00+00:00, run_after=2026-07-01 00:00:00+00:00
[2026-03-12T02:39:51.884+0000] {processor.py:183} INFO - Processing /opt/airflow/dags/bluebikes_api_to_s3_to_snowflake.py took 0.280 seconds
[2026-03-12T02:40:22.847+0000] {processor.py:161} INFO - Started process (PID=3813) to work on /opt/airflow/dags/bluebikes_api_to_s3_to_snowflake.py
[2026-03-12T02:40:22.848+0000] {processor.py:830} INFO - Processing file /opt/airflow/dags/bluebikes_api_to_s3_to_snowflake.py for tasks to queue
[2026-03-12T02:40:22.850+0000] {logging_mixin.py:188} INFO - [2026-03-12T02:40:22.850+0000] {dagbag.py:538} INFO - Filling up the DagBag from /opt/airflow/dags/bluebikes_api_to_s3_to_snowflake.py
[2026-03-12T02:40:23.162+0000] {processor.py:840} INFO - DAG(s) 'bluebikes_api_to_s3_to_snowflake' retrieved from /opt/airflow/dags/bluebikes_api_to_s3_to_snowflake.py
[2026-03-12T02:40:23.173+0000] {logging_mixin.py:188} INFO - [2026-03-12T02:40:23.173+0000] {dag.py:3036} INFO - Sync 1 DAGs
[2026-03-12T02:40:23.182+0000] {logging_mixin.py:188} INFO - [2026-03-12T02:40:23.182+0000] {dag.py:3823} INFO - Setting next_dagrun for bluebikes_api_to_s3_to_snowflake to 2026-04-01 00:00:00+00:00, run_after=2026-07-01 00:00:00+00:00
[2026-03-12T02:40:23.189+0000] {processor.py:183} INFO - Processing /opt/airflow/dags/bluebikes_api_to_s3_to_snowflake.py took 0.344 seconds
[2026-03-12T02:40:53.968+0000] {processor.py:161} INFO - Started process (PID=3889) to work on /opt/airflow/dags/bluebikes_api_to_s3_to_snowflake.py
[2026-03-12T02:40:53.970+0000] {processor.py:830} INFO - Processing file /opt/airflow/dags/bluebikes_api_to_s3_to_snowflake.py for tasks to queue
[2026-03-12T02:40:53.971+0000] {logging_mixin.py:188} INFO - [2026-03-12T02:40:53.971+0000] {dagbag.py:538} INFO - Filling up the DagBag from /opt/airflow/dags/bluebikes_api_to_s3_to_snowflake.py
[2026-03-12T02:40:54.208+0000] {processor.py:840} INFO - DAG(s) 'bluebikes_api_to_s3_to_snowflake' retrieved from /opt/airflow/dags/bluebikes_api_to_s3_to_snowflake.py
[2026-03-12T02:40:54.219+0000] {logging_mixin.py:188} INFO - [2026-03-12T02:40:54.219+0000] {dag.py:3036} INFO - Sync 1 DAGs
[2026-03-12T02:40:54.231+0000] {logging_mixin.py:188} INFO - [2026-03-12T02:40:54.231+0000] {dag.py:3823} INFO - Setting next_dagrun for bluebikes_api_to_s3_to_snowflake to 2026-04-01 00:00:00+00:00, run_after=2026-07-01 00:00:00+00:00
[2026-03-12T02:40:54.239+0000] {processor.py:183} INFO - Processing /opt/airflow/dags/bluebikes_api_to_s3_to_snowflake.py took 0.273 seconds
[2026-03-12T02:41:24.804+0000] {processor.py:161} INFO - Started process (PID=3965) to work on /opt/airflow/dags/bluebikes_api_to_s3_to_snowflake.py
[2026-03-12T02:41:24.805+0000] {processor.py:830} INFO - Processing file /opt/airflow/dags/bluebikes_api_to_s3_to_snowflake.py for tasks to queue
[2026-03-12T02:41:24.805+0000] {logging_mixin.py:188} INFO - [2026-03-12T02:41:24.805+0000] {dagbag.py:538} INFO - Filling up the DagBag from /opt/airflow/dags/bluebikes_api_to_s3_to_snowflake.py
[2026-03-12T02:41:25.040+0000] {processor.py:840} INFO - DAG(s) 'bluebikes_api_to_s3_to_snowflake' retrieved from /opt/airflow/dags/bluebikes_api_to_s3_to_snowflake.py
[2026-03-12T02:41:25.050+0000] {logging_mixin.py:188} INFO - [2026-03-12T02:41:25.050+0000] {dag.py:3036} INFO - Sync 1 DAGs
[2026-03-12T02:41:25.058+0000] {logging_mixin.py:188} INFO - [2026-03-12T02:41:25.058+0000] {dag.py:3823} INFO - Setting next_dagrun for bluebikes_api_to_s3_to_snowflake to 2026-04-01 00:00:00+00:00, run_after=2026-07-01 00:00:00+00:00
[2026-03-12T02:41:25.066+0000] {processor.py:183} INFO - Processing /opt/airflow/dags/bluebikes_api_to_s3_to_snowflake.py took 0.264 seconds
[2026-03-12T02:41:55.575+0000] {processor.py:161} INFO - Started process (PID=4041) to work on /opt/airflow/dags/bluebikes_api_to_s3_to_snowflake.py
[2026-03-12T02:41:55.576+0000] {processor.py:830} INFO - Processing file /opt/airflow/dags/bluebikes_api_to_s3_to_snowflake.py for tasks to queue
[2026-03-12T02:41:55.577+0000] {logging_mixin.py:188} INFO - [2026-03-12T02:41:55.576+0000] {dagbag.py:538} INFO - Filling up the DagBag from /opt/airflow/dags/bluebikes_api_to_s3_to_snowflake.py
[2026-03-12T02:41:55.805+0000] {processor.py:840} INFO - DAG(s) 'bluebikes_api_to_s3_to_snowflake' retrieved from /opt/airflow/dags/bluebikes_api_to_s3_to_snowflake.py
[2026-03-12T02:41:55.816+0000] {logging_mixin.py:188} INFO - [2026-03-12T02:41:55.816+0000] {dag.py:3036} INFO - Sync 1 DAGs
[2026-03-12T02:41:55.829+0000] {logging_mixin.py:188} INFO - [2026-03-12T02:41:55.829+0000] {dag.py:3823} INFO - Setting next_dagrun for bluebikes_api_to_s3_to_snowflake to 2026-04-01 00:00:00+00:00, run_after=2026-07-01 00:00:00+00:00
[2026-03-12T02:41:55.837+0000] {processor.py:183} INFO - Processing /opt/airflow/dags/bluebikes_api_to_s3_to_snowflake.py took 0.263 seconds
[2026-03-12T02:42:26.326+0000] {processor.py:161} INFO - Started process (PID=4117) to work on /opt/airflow/dags/bluebikes_api_to_s3_to_snowflake.py
[2026-03-12T02:42:26.326+0000] {processor.py:830} INFO - Processing file /opt/airflow/dags/bluebikes_api_to_s3_to_snowflake.py for tasks to queue
[2026-03-12T02:42:26.330+0000] {logging_mixin.py:188} INFO - [2026-03-12T02:42:26.330+0000] {dagbag.py:538} INFO - Filling up the DagBag from /opt/airflow/dags/bluebikes_api_to_s3_to_snowflake.py
[2026-03-12T02:42:26.556+0000] {processor.py:840} INFO - DAG(s) 'bluebikes_api_to_s3_to_snowflake' retrieved from /opt/airflow/dags/bluebikes_api_to_s3_to_snowflake.py
[2026-03-12T02:42:26.562+0000] {logging_mixin.py:188} INFO - [2026-03-12T02:42:26.562+0000] {dag.py:3036} INFO - Sync 1 DAGs
[2026-03-12T02:42:26.570+0000] {logging_mixin.py:188} INFO - [2026-03-12T02:42:26.570+0000] {dag.py:3823} INFO - Setting next_dagrun for bluebikes_api_to_s3_to_snowflake to 2026-04-01 00:00:00+00:00, run_after=2026-07-01 00:00:00+00:00
[2026-03-12T02:42:26.577+0000] {processor.py:183} INFO - Processing /opt/airflow/dags/bluebikes_api_to_s3_to_snowflake.py took 0.253 seconds
[2026-03-12T02:42:56.896+0000] {processor.py:161} INFO - Started process (PID=4194) to work on /opt/airflow/dags/bluebikes_api_to_s3_to_snowflake.py
[2026-03-12T02:42:56.897+0000] {processor.py:830} INFO - Processing file /opt/airflow/dags/bluebikes_api_to_s3_to_snowflake.py for tasks to queue
[2026-03-12T02:42:56.900+0000] {logging_mixin.py:188} INFO - [2026-03-12T02:42:56.900+0000] {dagbag.py:538} INFO - Filling up the DagBag from /opt/airflow/dags/bluebikes_api_to_s3_to_snowflake.py
[2026-03-12T02:42:57.075+0000] {processor.py:840} INFO - DAG(s) 'bluebikes_api_to_s3_to_snowflake' retrieved from /opt/airflow/dags/bluebikes_api_to_s3_to_snowflake.py
[2026-03-12T02:42:57.083+0000] {logging_mixin.py:188} INFO - [2026-03-12T02:42:57.083+0000] {dag.py:3036} INFO - Sync 1 DAGs
[2026-03-12T02:42:57.092+0000] {logging_mixin.py:188} INFO - [2026-03-12T02:42:57.092+0000] {dag.py:3823} INFO - Setting next_dagrun for bluebikes_api_to_s3_to_snowflake to 2026-04-01 00:00:00+00:00, run_after=2026-07-01 00:00:00+00:00
[2026-03-12T02:42:57.104+0000] {processor.py:183} INFO - Processing /opt/airflow/dags/bluebikes_api_to_s3_to_snowflake.py took 0.210 seconds
[2026-03-12T02:43:27.270+0000] {processor.py:161} INFO - Started process (PID=4272) to work on /opt/airflow/dags/bluebikes_api_to_s3_to_snowflake.py
[2026-03-12T02:43:27.270+0000] {processor.py:830} INFO - Processing file /opt/airflow/dags/bluebikes_api_to_s3_to_snowflake.py for tasks to queue
[2026-03-12T02:43:27.271+0000] {logging_mixin.py:188} INFO - [2026-03-12T02:43:27.271+0000] {dagbag.py:538} INFO - Filling up the DagBag from /opt/airflow/dags/bluebikes_api_to_s3_to_snowflake.py
[2026-03-12T02:43:27.456+0000] {processor.py:840} INFO - DAG(s) 'bluebikes_api_to_s3_to_snowflake' retrieved from /opt/airflow/dags/bluebikes_api_to_s3_to_snowflake.py
[2026-03-12T02:43:27.467+0000] {logging_mixin.py:188} INFO - [2026-03-12T02:43:27.467+0000] {dag.py:3036} INFO - Sync 1 DAGs
[2026-03-12T02:43:27.478+0000] {logging_mixin.py:188} INFO - [2026-03-12T02:43:27.478+0000] {dag.py:3823} INFO - Setting next_dagrun for bluebikes_api_to_s3_to_snowflake to 2026-04-01 00:00:00+00:00, run_after=2026-07-01 00:00:00+00:00
[2026-03-12T02:43:27.487+0000] {processor.py:183} INFO - Processing /opt/airflow/dags/bluebikes_api_to_s3_to_snowflake.py took 0.219 seconds
[2026-03-12T02:43:57.772+0000] {processor.py:161} INFO - Started process (PID=4347) to work on /opt/airflow/dags/bluebikes_api_to_s3_to_snowflake.py
[2026-03-12T02:43:57.773+0000] {processor.py:830} INFO - Processing file /opt/airflow/dags/bluebikes_api_to_s3_to_snowflake.py for tasks to queue
[2026-03-12T02:43:57.773+0000] {logging_mixin.py:188} INFO - [2026-03-12T02:43:57.773+0000] {dagbag.py:538} INFO - Filling up the DagBag from /opt/airflow/dags/bluebikes_api_to_s3_to_snowflake.py
[2026-03-12T02:43:57.952+0000] {processor.py:840} INFO - DAG(s) 'bluebikes_api_to_s3_to_snowflake' retrieved from /opt/airflow/dags/bluebikes_api_to_s3_to_snowflake.py
[2026-03-12T02:43:57.962+0000] {logging_mixin.py:188} INFO - [2026-03-12T02:43:57.962+0000] {dag.py:3036} INFO - Sync 1 DAGs
[2026-03-12T02:43:57.971+0000] {logging_mixin.py:188} INFO - [2026-03-12T02:43:57.971+0000] {dag.py:3823} INFO - Setting next_dagrun for bluebikes_api_to_s3_to_snowflake to 2026-04-01 00:00:00+00:00, run_after=2026-07-01 00:00:00+00:00
[2026-03-12T02:43:57.980+0000] {processor.py:183} INFO - Processing /opt/airflow/dags/bluebikes_api_to_s3_to_snowflake.py took 0.210 seconds
[2026-03-12T02:44:28.021+0000] {processor.py:161} INFO - Started process (PID=4422) to work on /opt/airflow/dags/bluebikes_api_to_s3_to_snowflake.py
[2026-03-12T02:44:28.022+0000] {processor.py:830} INFO - Processing file /opt/airflow/dags/bluebikes_api_to_s3_to_snowflake.py for tasks to queue
[2026-03-12T02:44:28.025+0000] {logging_mixin.py:188} INFO - [2026-03-12T02:44:28.025+0000] {dagbag.py:538} INFO - Filling up the DagBag from /opt/airflow/dags/bluebikes_api_to_s3_to_snowflake.py
[2026-03-12T02:44:28.187+0000] {processor.py:840} INFO - DAG(s) 'bluebikes_api_to_s3_to_snowflake' retrieved from /opt/airflow/dags/bluebikes_api_to_s3_to_snowflake.py
[2026-03-12T02:44:28.197+0000] {logging_mixin.py:188} INFO - [2026-03-12T02:44:28.197+0000] {dag.py:3036} INFO - Sync 1 DAGs
[2026-03-12T02:44:28.205+0000] {logging_mixin.py:188} INFO - [2026-03-12T02:44:28.205+0000] {dag.py:3823} INFO - Setting next_dagrun for bluebikes_api_to_s3_to_snowflake to 2026-04-01 00:00:00+00:00, run_after=2026-07-01 00:00:00+00:00
[2026-03-12T02:44:28.214+0000] {processor.py:183} INFO - Processing /opt/airflow/dags/bluebikes_api_to_s3_to_snowflake.py took 0.194 seconds
[2026-03-12T02:44:58.518+0000] {processor.py:161} INFO - Started process (PID=4499) to work on /opt/airflow/dags/bluebikes_api_to_s3_to_snowflake.py
[2026-03-12T02:44:58.519+0000] {processor.py:830} INFO - Processing file /opt/airflow/dags/bluebikes_api_to_s3_to_snowflake.py for tasks to queue
[2026-03-12T02:44:58.520+0000] {logging_mixin.py:188} INFO - [2026-03-12T02:44:58.519+0000] {dagbag.py:538} INFO - Filling up the DagBag from /opt/airflow/dags/bluebikes_api_to_s3_to_snowflake.py
[2026-03-12T02:44:58.692+0000] {processor.py:840} INFO - DAG(s) 'bluebikes_api_to_s3_to_snowflake' retrieved from /opt/airflow/dags/bluebikes_api_to_s3_to_snowflake.py
[2026-03-12T02:44:58.700+0000] {logging_mixin.py:188} INFO - [2026-03-12T02:44:58.700+0000] {dag.py:3036} INFO - Sync 1 DAGs
[2026-03-12T02:44:58.709+0000] {logging_mixin.py:188} INFO - [2026-03-12T02:44:58.709+0000] {dag.py:3823} INFO - Setting next_dagrun for bluebikes_api_to_s3_to_snowflake to 2026-04-01 00:00:00+00:00, run_after=2026-07-01 00:00:00+00:00
[2026-03-12T02:44:58.720+0000] {processor.py:183} INFO - Processing /opt/airflow/dags/bluebikes_api_to_s3_to_snowflake.py took 0.206 seconds
[2026-03-12T02:45:28.905+0000] {processor.py:161} INFO - Started process (PID=4575) to work on /opt/airflow/dags/bluebikes_api_to_s3_to_snowflake.py
[2026-03-12T02:45:28.905+0000] {processor.py:830} INFO - Processing file /opt/airflow/dags/bluebikes_api_to_s3_to_snowflake.py for tasks to queue
[2026-03-12T02:45:28.906+0000] {logging_mixin.py:188} INFO - [2026-03-12T02:45:28.906+0000] {dagbag.py:538} INFO - Filling up the DagBag from /opt/airflow/dags/bluebikes_api_to_s3_to_snowflake.py
[2026-03-12T02:45:29.081+0000] {processor.py:840} INFO - DAG(s) 'bluebikes_api_to_s3_to_snowflake' retrieved from /opt/airflow/dags/bluebikes_api_to_s3_to_snowflake.py
[2026-03-12T02:45:29.090+0000] {logging_mixin.py:188} INFO - [2026-03-12T02:45:29.090+0000] {dag.py:3036} INFO - Sync 1 DAGs
[2026-03-12T02:45:29.098+0000] {logging_mixin.py:188} INFO - [2026-03-12T02:45:29.098+0000] {dag.py:3823} INFO - Setting next_dagrun for bluebikes_api_to_s3_to_snowflake to 2026-04-01 00:00:00+00:00, run_after=2026-07-01 00:00:00+00:00
[2026-03-12T02:45:29.105+0000] {processor.py:183} INFO - Processing /opt/airflow/dags/bluebikes_api_to_s3_to_snowflake.py took 0.202 seconds
[2026-03-12T02:45:59.429+0000] {processor.py:161} INFO - Started process (PID=4651) to work on /opt/airflow/dags/bluebikes_api_to_s3_to_snowflake.py
[2026-03-12T02:45:59.430+0000] {processor.py:830} INFO - Processing file /opt/airflow/dags/bluebikes_api_to_s3_to_snowflake.py for tasks to queue
[2026-03-12T02:45:59.431+0000] {logging_mixin.py:188} INFO - [2026-03-12T02:45:59.430+0000] {dagbag.py:538} INFO - Filling up the DagBag from /opt/airflow/dags/bluebikes_api_to_s3_to_snowflake.py
[2026-03-12T02:45:59.603+0000] {processor.py:840} INFO - DAG(s) 'bluebikes_api_to_s3_to_snowflake' retrieved from /opt/airflow/dags/bluebikes_api_to_s3_to_snowflake.py
[2026-03-12T02:45:59.611+0000] {logging_mixin.py:188} INFO - [2026-03-12T02:45:59.611+0000] {dag.py:3036} INFO - Sync 1 DAGs
[2026-03-12T02:45:59.620+0000] {logging_mixin.py:188} INFO - [2026-03-12T02:45:59.620+0000] {dag.py:3823} INFO - Setting next_dagrun for bluebikes_api_to_s3_to_snowflake to 2026-04-01 00:00:00+00:00, run_after=2026-07-01 00:00:00+00:00
[2026-03-12T02:45:59.630+0000] {processor.py:183} INFO - Processing /opt/airflow/dags/bluebikes_api_to_s3_to_snowflake.py took 0.202 seconds
[2026-03-12T02:46:30.136+0000] {processor.py:161} INFO - Started process (PID=4729) to work on /opt/airflow/dags/bluebikes_api_to_s3_to_snowflake.py
[2026-03-12T02:46:30.136+0000] {processor.py:830} INFO - Processing file /opt/airflow/dags/bluebikes_api_to_s3_to_snowflake.py for tasks to queue
[2026-03-12T02:46:30.137+0000] {logging_mixin.py:188} INFO - [2026-03-12T02:46:30.137+0000] {dagbag.py:538} INFO - Filling up the DagBag from /opt/airflow/dags/bluebikes_api_to_s3_to_snowflake.py
[2026-03-12T02:46:30.320+0000] {processor.py:840} INFO - DAG(s) 'bluebikes_api_to_s3_to_snowflake' retrieved from /opt/airflow/dags/bluebikes_api_to_s3_to_snowflake.py
[2026-03-12T02:46:30.332+0000] {logging_mixin.py:188} INFO - [2026-03-12T02:46:30.332+0000] {dag.py:3036} INFO - Sync 1 DAGs
[2026-03-12T02:46:30.341+0000] {logging_mixin.py:188} INFO - [2026-03-12T02:46:30.340+0000] {dag.py:3823} INFO - Setting next_dagrun for bluebikes_api_to_s3_to_snowflake to 2026-04-01 00:00:00+00:00, run_after=2026-07-01 00:00:00+00:00
[2026-03-12T02:46:30.421+0000] {processor.py:183} INFO - Processing /opt/airflow/dags/bluebikes_api_to_s3_to_snowflake.py took 0.287 seconds
[2026-03-12T02:47:00.751+0000] {processor.py:161} INFO - Started process (PID=4803) to work on /opt/airflow/dags/bluebikes_api_to_s3_to_snowflake.py
[2026-03-12T02:47:00.752+0000] {processor.py:830} INFO - Processing file /opt/airflow/dags/bluebikes_api_to_s3_to_snowflake.py for tasks to queue
[2026-03-12T02:47:00.753+0000] {logging_mixin.py:188} INFO - [2026-03-12T02:47:00.753+0000] {dagbag.py:538} INFO - Filling up the DagBag from /opt/airflow/dags/bluebikes_api_to_s3_to_snowflake.py
[2026-03-12T02:47:01.001+0000] {processor.py:840} INFO - DAG(s) 'bluebikes_api_to_s3_to_snowflake' retrieved from /opt/airflow/dags/bluebikes_api_to_s3_to_snowflake.py
[2026-03-12T02:47:01.009+0000] {logging_mixin.py:188} INFO - [2026-03-12T02:47:01.008+0000] {dag.py:3036} INFO - Sync 1 DAGs
[2026-03-12T02:47:01.016+0000] {logging_mixin.py:188} INFO - [2026-03-12T02:47:01.016+0000] {dag.py:3823} INFO - Setting next_dagrun for bluebikes_api_to_s3_to_snowflake to 2026-04-01 00:00:00+00:00, run_after=2026-07-01 00:00:00+00:00
[2026-03-12T02:47:01.022+0000] {processor.py:183} INFO - Processing /opt/airflow/dags/bluebikes_api_to_s3_to_snowflake.py took 0.272 seconds
[2026-03-12T02:47:31.630+0000] {processor.py:161} INFO - Started process (PID=4879) to work on /opt/airflow/dags/bluebikes_api_to_s3_to_snowflake.py
[2026-03-12T02:47:31.631+0000] {processor.py:830} INFO - Processing file /opt/airflow/dags/bluebikes_api_to_s3_to_snowflake.py for tasks to queue
[2026-03-12T02:47:31.632+0000] {logging_mixin.py:188} INFO - [2026-03-12T02:47:31.632+0000] {dagbag.py:538} INFO - Filling up the DagBag from /opt/airflow/dags/bluebikes_api_to_s3_to_snowflake.py
[2026-03-12T02:47:31.877+0000] {processor.py:840} INFO - DAG(s) 'bluebikes_api_to_s3_to_snowflake' retrieved from /opt/airflow/dags/bluebikes_api_to_s3_to_snowflake.py
[2026-03-12T02:47:31.887+0000] {logging_mixin.py:188} INFO - [2026-03-12T02:47:31.886+0000] {dag.py:3036} INFO - Sync 1 DAGs
[2026-03-12T02:47:31.896+0000] {logging_mixin.py:188} INFO - [2026-03-12T02:47:31.896+0000] {dag.py:3823} INFO - Setting next_dagrun for bluebikes_api_to_s3_to_snowflake to 2026-04-01 00:00:00+00:00, run_after=2026-07-01 00:00:00+00:00
[2026-03-12T02:47:31.902+0000] {processor.py:183} INFO - Processing /opt/airflow/dags/bluebikes_api_to_s3_to_snowflake.py took 0.273 seconds
[2026-03-12T02:48:02.057+0000] {processor.py:161} INFO - Started process (PID=4957) to work on /opt/airflow/dags/bluebikes_api_to_s3_to_snowflake.py
[2026-03-12T02:48:02.057+0000] {processor.py:830} INFO - Processing file /opt/airflow/dags/bluebikes_api_to_s3_to_snowflake.py for tasks to queue
[2026-03-12T02:48:02.059+0000] {logging_mixin.py:188} INFO - [2026-03-12T02:48:02.059+0000] {dagbag.py:538} INFO - Filling up the DagBag from /opt/airflow/dags/bluebikes_api_to_s3_to_snowflake.py
[2026-03-12T02:48:02.302+0000] {processor.py:840} INFO - DAG(s) 'bluebikes_api_to_s3_to_snowflake' retrieved from /opt/airflow/dags/bluebikes_api_to_s3_to_snowflake.py
[2026-03-12T02:48:02.315+0000] {logging_mixin.py:188} INFO - [2026-03-12T02:48:02.315+0000] {dag.py:3036} INFO - Sync 1 DAGs
[2026-03-12T02:48:02.324+0000] {logging_mixin.py:188} INFO - [2026-03-12T02:48:02.324+0000] {dag.py:3823} INFO - Setting next_dagrun for bluebikes_api_to_s3_to_snowflake to 2026-04-01 00:00:00+00:00, run_after=2026-07-01 00:00:00+00:00
[2026-03-12T02:48:02.332+0000] {processor.py:183} INFO - Processing /opt/airflow/dags/bluebikes_api_to_s3_to_snowflake.py took 0.277 seconds
[2026-03-12T02:48:33.222+0000] {processor.py:161} INFO - Started process (PID=5034) to work on /opt/airflow/dags/bluebikes_api_to_s3_to_snowflake.py
[2026-03-12T02:48:33.222+0000] {processor.py:830} INFO - Processing file /opt/airflow/dags/bluebikes_api_to_s3_to_snowflake.py for tasks to queue
[2026-03-12T02:48:33.223+0000] {logging_mixin.py:188} INFO - [2026-03-12T02:48:33.223+0000] {dagbag.py:538} INFO - Filling up the DagBag from /opt/airflow/dags/bluebikes_api_to_s3_to_snowflake.py
[2026-03-12T02:48:33.491+0000] {processor.py:840} INFO - DAG(s) 'bluebikes_api_to_s3_to_snowflake' retrieved from /opt/airflow/dags/bluebikes_api_to_s3_to_snowflake.py
[2026-03-12T02:48:33.497+0000] {logging_mixin.py:188} INFO - [2026-03-12T02:48:33.497+0000] {dag.py:3036} INFO - Sync 1 DAGs
[2026-03-12T02:48:33.505+0000] {logging_mixin.py:188} INFO - [2026-03-12T02:48:33.505+0000] {dag.py:3823} INFO - Setting next_dagrun for bluebikes_api_to_s3_to_snowflake to 2026-04-01 00:00:00+00:00, run_after=2026-07-01 00:00:00+00:00
[2026-03-12T02:48:33.511+0000] {processor.py:183} INFO - Processing /opt/airflow/dags/bluebikes_api_to_s3_to_snowflake.py took 0.291 seconds
[2026-03-12T02:49:04.128+0000] {processor.py:161} INFO - Started process (PID=5105) to work on /opt/airflow/dags/bluebikes_api_to_s3_to_snowflake.py
[2026-03-12T02:49:04.129+0000] {processor.py:830} INFO - Processing file /opt/airflow/dags/bluebikes_api_to_s3_to_snowflake.py for tasks to queue
[2026-03-12T02:49:04.130+0000] {logging_mixin.py:188} INFO - [2026-03-12T02:49:04.130+0000] {dagbag.py:538} INFO - Filling up the DagBag from /opt/airflow/dags/bluebikes_api_to_s3_to_snowflake.py
[2026-03-12T02:49:04.383+0000] {processor.py:840} INFO - DAG(s) 'bluebikes_api_to_s3_to_snowflake' retrieved from /opt/airflow/dags/bluebikes_api_to_s3_to_snowflake.py
[2026-03-12T02:49:04.391+0000] {logging_mixin.py:188} INFO - [2026-03-12T02:49:04.391+0000] {dag.py:3036} INFO - Sync 1 DAGs
[2026-03-12T02:49:04.404+0000] {logging_mixin.py:188} INFO - [2026-03-12T02:49:04.404+0000] {dag.py:3823} INFO - Setting next_dagrun for bluebikes_api_to_s3_to_snowflake to 2026-04-01 00:00:00+00:00, run_after=2026-07-01 00:00:00+00:00
[2026-03-12T02:49:04.413+0000] {processor.py:183} INFO - Processing /opt/airflow/dags/bluebikes_api_to_s3_to_snowflake.py took 0.287 seconds
[2026-03-12T02:49:34.676+0000] {processor.py:161} INFO - Started process (PID=5181) to work on /opt/airflow/dags/bluebikes_api_to_s3_to_snowflake.py
[2026-03-12T02:49:34.677+0000] {processor.py:830} INFO - Processing file /opt/airflow/dags/bluebikes_api_to_s3_to_snowflake.py for tasks to queue
[2026-03-12T02:49:34.679+0000] {logging_mixin.py:188} INFO - [2026-03-12T02:49:34.678+0000] {dagbag.py:538} INFO - Filling up the DagBag from /opt/airflow/dags/bluebikes_api_to_s3_to_snowflake.py
[2026-03-12T02:49:34.928+0000] {processor.py:840} INFO - DAG(s) 'bluebikes_api_to_s3_to_snowflake' retrieved from /opt/airflow/dags/bluebikes_api_to_s3_to_snowflake.py
[2026-03-12T02:49:34.937+0000] {logging_mixin.py:188} INFO - [2026-03-12T02:49:34.937+0000] {dag.py:3036} INFO - Sync 1 DAGs
[2026-03-12T02:49:34.949+0000] {logging_mixin.py:188} INFO - [2026-03-12T02:49:34.949+0000] {dag.py:3823} INFO - Setting next_dagrun for bluebikes_api_to_s3_to_snowflake to 2026-04-01 00:00:00+00:00, run_after=2026-07-01 00:00:00+00:00
[2026-03-12T02:49:34.959+0000] {processor.py:183} INFO - Processing /opt/airflow/dags/bluebikes_api_to_s3_to_snowflake.py took 0.285 seconds
