[2026-03-12T02:15:08.945+0000] {processor.py:161} INFO - Started process (PID=72) to work on /opt/airflow/dags/district_mapping_to_s3_to_snowflake.py
[2026-03-12T02:15:08.946+0000] {processor.py:830} INFO - Processing file /opt/airflow/dags/district_mapping_to_s3_to_snowflake.py for tasks to queue
[2026-03-12T02:15:08.947+0000] {logging_mixin.py:188} INFO - [2026-03-12T02:15:08.947+0000] {dagbag.py:538} INFO - Filling up the DagBag from /opt/airflow/dags/district_mapping_to_s3_to_snowflake.py
[2026-03-12T02:15:09.371+0000] {processor.py:840} INFO - DAG(s) 'district_mapping_to_s3_to_snowflake' retrieved from /opt/airflow/dags/district_mapping_to_s3_to_snowflake.py
[2026-03-12T02:15:09.421+0000] {logging_mixin.py:188} INFO - [2026-03-12T02:15:09.421+0000] {dag.py:3036} INFO - Sync 1 DAGs
[2026-03-12T02:15:09.434+0000] {logging_mixin.py:188} INFO - [2026-03-12T02:15:09.434+0000] {dag.py:3823} INFO - Setting next_dagrun for district_mapping_to_s3_to_snowflake to 2027-01-01 00:00:00+00:00, run_after=2028-01-01 00:00:00+00:00
[2026-03-12T02:15:09.455+0000] {processor.py:183} INFO - Processing /opt/airflow/dags/district_mapping_to_s3_to_snowflake.py took 0.511 seconds
[2026-03-12T02:15:39.608+0000] {processor.py:161} INFO - Started process (PID=148) to work on /opt/airflow/dags/district_mapping_to_s3_to_snowflake.py
[2026-03-12T02:15:39.609+0000] {processor.py:830} INFO - Processing file /opt/airflow/dags/district_mapping_to_s3_to_snowflake.py for tasks to queue
[2026-03-12T02:15:39.610+0000] {logging_mixin.py:188} INFO - [2026-03-12T02:15:39.610+0000] {dagbag.py:538} INFO - Filling up the DagBag from /opt/airflow/dags/district_mapping_to_s3_to_snowflake.py
[2026-03-12T02:15:39.878+0000] {processor.py:840} INFO - DAG(s) 'district_mapping_to_s3_to_snowflake' retrieved from /opt/airflow/dags/district_mapping_to_s3_to_snowflake.py
[2026-03-12T02:15:39.886+0000] {logging_mixin.py:188} INFO - [2026-03-12T02:15:39.885+0000] {dag.py:3036} INFO - Sync 1 DAGs
[2026-03-12T02:15:39.896+0000] {logging_mixin.py:188} INFO - [2026-03-12T02:15:39.896+0000] {dag.py:3823} INFO - Setting next_dagrun for district_mapping_to_s3_to_snowflake to 2027-01-01 00:00:00+00:00, run_after=2028-01-01 00:00:00+00:00
[2026-03-12T02:15:39.907+0000] {processor.py:183} INFO - Processing /opt/airflow/dags/district_mapping_to_s3_to_snowflake.py took 0.300 seconds
[2026-03-12T02:16:10.720+0000] {processor.py:161} INFO - Started process (PID=224) to work on /opt/airflow/dags/district_mapping_to_s3_to_snowflake.py
[2026-03-12T02:16:10.721+0000] {processor.py:830} INFO - Processing file /opt/airflow/dags/district_mapping_to_s3_to_snowflake.py for tasks to queue
[2026-03-12T02:16:10.722+0000] {logging_mixin.py:188} INFO - [2026-03-12T02:16:10.722+0000] {dagbag.py:538} INFO - Filling up the DagBag from /opt/airflow/dags/district_mapping_to_s3_to_snowflake.py
[2026-03-12T02:16:11.016+0000] {processor.py:840} INFO - DAG(s) 'district_mapping_to_s3_to_snowflake' retrieved from /opt/airflow/dags/district_mapping_to_s3_to_snowflake.py
[2026-03-12T02:16:11.023+0000] {logging_mixin.py:188} INFO - [2026-03-12T02:16:11.023+0000] {dag.py:3036} INFO - Sync 1 DAGs
[2026-03-12T02:16:11.031+0000] {logging_mixin.py:188} INFO - [2026-03-12T02:16:11.031+0000] {dag.py:3823} INFO - Setting next_dagrun for district_mapping_to_s3_to_snowflake to 2027-01-01 00:00:00+00:00, run_after=2028-01-01 00:00:00+00:00
[2026-03-12T02:16:11.037+0000] {processor.py:183} INFO - Processing /opt/airflow/dags/district_mapping_to_s3_to_snowflake.py took 0.318 seconds
[2026-03-12T02:16:41.721+0000] {processor.py:161} INFO - Started process (PID=300) to work on /opt/airflow/dags/district_mapping_to_s3_to_snowflake.py
[2026-03-12T02:16:41.722+0000] {processor.py:830} INFO - Processing file /opt/airflow/dags/district_mapping_to_s3_to_snowflake.py for tasks to queue
[2026-03-12T02:16:41.723+0000] {logging_mixin.py:188} INFO - [2026-03-12T02:16:41.723+0000] {dagbag.py:538} INFO - Filling up the DagBag from /opt/airflow/dags/district_mapping_to_s3_to_snowflake.py
[2026-03-12T02:16:41.926+0000] {processor.py:840} INFO - DAG(s) 'district_mapping_to_s3_to_snowflake' retrieved from /opt/airflow/dags/district_mapping_to_s3_to_snowflake.py
[2026-03-12T02:16:41.935+0000] {logging_mixin.py:188} INFO - [2026-03-12T02:16:41.935+0000] {dag.py:3036} INFO - Sync 1 DAGs
[2026-03-12T02:16:41.943+0000] {logging_mixin.py:188} INFO - [2026-03-12T02:16:41.943+0000] {dag.py:3823} INFO - Setting next_dagrun for district_mapping_to_s3_to_snowflake to 2027-01-01 00:00:00+00:00, run_after=2028-01-01 00:00:00+00:00
[2026-03-12T02:16:41.950+0000] {processor.py:183} INFO - Processing /opt/airflow/dags/district_mapping_to_s3_to_snowflake.py took 0.230 seconds
[2026-03-12T02:17:12.677+0000] {processor.py:161} INFO - Started process (PID=376) to work on /opt/airflow/dags/district_mapping_to_s3_to_snowflake.py
[2026-03-12T02:17:12.678+0000] {processor.py:830} INFO - Processing file /opt/airflow/dags/district_mapping_to_s3_to_snowflake.py for tasks to queue
[2026-03-12T02:17:12.679+0000] {logging_mixin.py:188} INFO - [2026-03-12T02:17:12.679+0000] {dagbag.py:538} INFO - Filling up the DagBag from /opt/airflow/dags/district_mapping_to_s3_to_snowflake.py
[2026-03-12T02:17:12.878+0000] {processor.py:840} INFO - DAG(s) 'district_mapping_to_s3_to_snowflake' retrieved from /opt/airflow/dags/district_mapping_to_s3_to_snowflake.py
[2026-03-12T02:17:12.886+0000] {logging_mixin.py:188} INFO - [2026-03-12T02:17:12.885+0000] {dag.py:3036} INFO - Sync 1 DAGs
[2026-03-12T02:17:12.895+0000] {logging_mixin.py:188} INFO - [2026-03-12T02:17:12.895+0000] {dag.py:3823} INFO - Setting next_dagrun for district_mapping_to_s3_to_snowflake to 2027-01-01 00:00:00+00:00, run_after=2028-01-01 00:00:00+00:00
[2026-03-12T02:17:12.902+0000] {processor.py:183} INFO - Processing /opt/airflow/dags/district_mapping_to_s3_to_snowflake.py took 0.226 seconds
[2026-03-12T02:17:43.073+0000] {processor.py:161} INFO - Started process (PID=452) to work on /opt/airflow/dags/district_mapping_to_s3_to_snowflake.py
[2026-03-12T02:17:43.074+0000] {processor.py:830} INFO - Processing file /opt/airflow/dags/district_mapping_to_s3_to_snowflake.py for tasks to queue
[2026-03-12T02:17:43.075+0000] {logging_mixin.py:188} INFO - [2026-03-12T02:17:43.075+0000] {dagbag.py:538} INFO - Filling up the DagBag from /opt/airflow/dags/district_mapping_to_s3_to_snowflake.py
[2026-03-12T02:17:43.313+0000] {processor.py:840} INFO - DAG(s) 'district_mapping_to_s3_to_snowflake' retrieved from /opt/airflow/dags/district_mapping_to_s3_to_snowflake.py
[2026-03-12T02:17:43.336+0000] {logging_mixin.py:188} INFO - [2026-03-12T02:17:43.336+0000] {dag.py:3036} INFO - Sync 1 DAGs
[2026-03-12T02:17:43.347+0000] {logging_mixin.py:188} INFO - [2026-03-12T02:17:43.347+0000] {dag.py:3823} INFO - Setting next_dagrun for district_mapping_to_s3_to_snowflake to 2027-01-01 00:00:00+00:00, run_after=2028-01-01 00:00:00+00:00
[2026-03-12T02:17:43.364+0000] {processor.py:183} INFO - Processing /opt/airflow/dags/district_mapping_to_s3_to_snowflake.py took 0.293 seconds
[2026-03-12T02:18:13.808+0000] {processor.py:161} INFO - Started process (PID=528) to work on /opt/airflow/dags/district_mapping_to_s3_to_snowflake.py
[2026-03-12T02:18:13.809+0000] {processor.py:830} INFO - Processing file /opt/airflow/dags/district_mapping_to_s3_to_snowflake.py for tasks to queue
[2026-03-12T02:18:13.810+0000] {logging_mixin.py:188} INFO - [2026-03-12T02:18:13.810+0000] {dagbag.py:538} INFO - Filling up the DagBag from /opt/airflow/dags/district_mapping_to_s3_to_snowflake.py
[2026-03-12T02:18:14.134+0000] {processor.py:840} INFO - DAG(s) 'district_mapping_to_s3_to_snowflake' retrieved from /opt/airflow/dags/district_mapping_to_s3_to_snowflake.py
[2026-03-12T02:18:14.153+0000] {logging_mixin.py:188} INFO - [2026-03-12T02:18:14.153+0000] {dag.py:3036} INFO - Sync 1 DAGs
[2026-03-12T02:18:14.284+0000] {logging_mixin.py:188} INFO - [2026-03-12T02:18:14.284+0000] {dag.py:3823} INFO - Setting next_dagrun for district_mapping_to_s3_to_snowflake to 2027-01-01 00:00:00+00:00, run_after=2028-01-01 00:00:00+00:00
[2026-03-12T02:18:14.292+0000] {processor.py:183} INFO - Processing /opt/airflow/dags/district_mapping_to_s3_to_snowflake.py took 0.485 seconds
[2026-03-12T02:18:44.965+0000] {processor.py:161} INFO - Started process (PID=606) to work on /opt/airflow/dags/district_mapping_to_s3_to_snowflake.py
[2026-03-12T02:18:44.966+0000] {processor.py:830} INFO - Processing file /opt/airflow/dags/district_mapping_to_s3_to_snowflake.py for tasks to queue
[2026-03-12T02:18:44.967+0000] {logging_mixin.py:188} INFO - [2026-03-12T02:18:44.967+0000] {dagbag.py:538} INFO - Filling up the DagBag from /opt/airflow/dags/district_mapping_to_s3_to_snowflake.py
[2026-03-12T02:18:45.181+0000] {processor.py:840} INFO - DAG(s) 'district_mapping_to_s3_to_snowflake' retrieved from /opt/airflow/dags/district_mapping_to_s3_to_snowflake.py
[2026-03-12T02:18:45.191+0000] {logging_mixin.py:188} INFO - [2026-03-12T02:18:45.191+0000] {dag.py:3036} INFO - Sync 1 DAGs
[2026-03-12T02:18:45.304+0000] {logging_mixin.py:188} INFO - [2026-03-12T02:18:45.303+0000] {dag.py:3823} INFO - Setting next_dagrun for district_mapping_to_s3_to_snowflake to 2027-01-01 00:00:00+00:00, run_after=2028-01-01 00:00:00+00:00
[2026-03-12T02:18:45.321+0000] {processor.py:183} INFO - Processing /opt/airflow/dags/district_mapping_to_s3_to_snowflake.py took 0.358 seconds
[2026-03-12T02:19:15.923+0000] {processor.py:161} INFO - Started process (PID=684) to work on /opt/airflow/dags/district_mapping_to_s3_to_snowflake.py
[2026-03-12T02:19:15.924+0000] {processor.py:830} INFO - Processing file /opt/airflow/dags/district_mapping_to_s3_to_snowflake.py for tasks to queue
[2026-03-12T02:19:15.925+0000] {logging_mixin.py:188} INFO - [2026-03-12T02:19:15.925+0000] {dagbag.py:538} INFO - Filling up the DagBag from /opt/airflow/dags/district_mapping_to_s3_to_snowflake.py
[2026-03-12T02:19:16.210+0000] {processor.py:840} INFO - DAG(s) 'district_mapping_to_s3_to_snowflake' retrieved from /opt/airflow/dags/district_mapping_to_s3_to_snowflake.py
[2026-03-12T02:19:16.220+0000] {logging_mixin.py:188} INFO - [2026-03-12T02:19:16.219+0000] {dag.py:3036} INFO - Sync 1 DAGs
[2026-03-12T02:19:16.230+0000] {logging_mixin.py:188} INFO - [2026-03-12T02:19:16.230+0000] {dag.py:3823} INFO - Setting next_dagrun for district_mapping_to_s3_to_snowflake to 2027-01-01 00:00:00+00:00, run_after=2028-01-01 00:00:00+00:00
[2026-03-12T02:19:16.244+0000] {processor.py:183} INFO - Processing /opt/airflow/dags/district_mapping_to_s3_to_snowflake.py took 0.321 seconds
[2026-03-12T02:19:46.913+0000] {processor.py:161} INFO - Started process (PID=756) to work on /opt/airflow/dags/district_mapping_to_s3_to_snowflake.py
[2026-03-12T02:19:46.914+0000] {processor.py:830} INFO - Processing file /opt/airflow/dags/district_mapping_to_s3_to_snowflake.py for tasks to queue
[2026-03-12T02:19:46.915+0000] {logging_mixin.py:188} INFO - [2026-03-12T02:19:46.914+0000] {dagbag.py:538} INFO - Filling up the DagBag from /opt/airflow/dags/district_mapping_to_s3_to_snowflake.py
[2026-03-12T02:19:47.195+0000] {processor.py:840} INFO - DAG(s) 'district_mapping_to_s3_to_snowflake' retrieved from /opt/airflow/dags/district_mapping_to_s3_to_snowflake.py
[2026-03-12T02:19:47.202+0000] {logging_mixin.py:188} INFO - [2026-03-12T02:19:47.201+0000] {dag.py:3036} INFO - Sync 1 DAGs
[2026-03-12T02:19:47.209+0000] {logging_mixin.py:188} INFO - [2026-03-12T02:19:47.209+0000] {dag.py:3823} INFO - Setting next_dagrun for district_mapping_to_s3_to_snowflake to 2027-01-01 00:00:00+00:00, run_after=2028-01-01 00:00:00+00:00
[2026-03-12T02:19:47.215+0000] {processor.py:183} INFO - Processing /opt/airflow/dags/district_mapping_to_s3_to_snowflake.py took 0.303 seconds
[2026-03-12T02:20:17.695+0000] {processor.py:161} INFO - Started process (PID=831) to work on /opt/airflow/dags/district_mapping_to_s3_to_snowflake.py
[2026-03-12T02:20:17.695+0000] {processor.py:830} INFO - Processing file /opt/airflow/dags/district_mapping_to_s3_to_snowflake.py for tasks to queue
[2026-03-12T02:20:17.696+0000] {logging_mixin.py:188} INFO - [2026-03-12T02:20:17.696+0000] {dagbag.py:538} INFO - Filling up the DagBag from /opt/airflow/dags/district_mapping_to_s3_to_snowflake.py
[2026-03-12T02:20:18.009+0000] {processor.py:840} INFO - DAG(s) 'district_mapping_to_s3_to_snowflake' retrieved from /opt/airflow/dags/district_mapping_to_s3_to_snowflake.py
[2026-03-12T02:20:18.015+0000] {logging_mixin.py:188} INFO - [2026-03-12T02:20:18.015+0000] {dag.py:3036} INFO - Sync 1 DAGs
[2026-03-12T02:20:18.022+0000] {logging_mixin.py:188} INFO - [2026-03-12T02:20:18.022+0000] {dag.py:3823} INFO - Setting next_dagrun for district_mapping_to_s3_to_snowflake to 2027-01-01 00:00:00+00:00, run_after=2028-01-01 00:00:00+00:00
[2026-03-12T02:20:18.028+0000] {processor.py:183} INFO - Processing /opt/airflow/dags/district_mapping_to_s3_to_snowflake.py took 0.334 seconds
[2026-03-12T02:20:49.013+0000] {processor.py:161} INFO - Started process (PID=908) to work on /opt/airflow/dags/district_mapping_to_s3_to_snowflake.py
[2026-03-12T02:20:49.013+0000] {processor.py:830} INFO - Processing file /opt/airflow/dags/district_mapping_to_s3_to_snowflake.py for tasks to queue
[2026-03-12T02:20:49.014+0000] {logging_mixin.py:188} INFO - [2026-03-12T02:20:49.014+0000] {dagbag.py:538} INFO - Filling up the DagBag from /opt/airflow/dags/district_mapping_to_s3_to_snowflake.py
[2026-03-12T02:20:49.274+0000] {processor.py:840} INFO - DAG(s) 'district_mapping_to_s3_to_snowflake' retrieved from /opt/airflow/dags/district_mapping_to_s3_to_snowflake.py
[2026-03-12T02:20:49.280+0000] {logging_mixin.py:188} INFO - [2026-03-12T02:20:49.280+0000] {dag.py:3036} INFO - Sync 1 DAGs
[2026-03-12T02:20:49.288+0000] {logging_mixin.py:188} INFO - [2026-03-12T02:20:49.287+0000] {dag.py:3823} INFO - Setting next_dagrun for district_mapping_to_s3_to_snowflake to 2027-01-01 00:00:00+00:00, run_after=2028-01-01 00:00:00+00:00
[2026-03-12T02:20:49.293+0000] {processor.py:183} INFO - Processing /opt/airflow/dags/district_mapping_to_s3_to_snowflake.py took 0.282 seconds
[2026-03-12T02:21:19.854+0000] {processor.py:161} INFO - Started process (PID=985) to work on /opt/airflow/dags/district_mapping_to_s3_to_snowflake.py
[2026-03-12T02:21:19.857+0000] {processor.py:830} INFO - Processing file /opt/airflow/dags/district_mapping_to_s3_to_snowflake.py for tasks to queue
[2026-03-12T02:21:19.858+0000] {logging_mixin.py:188} INFO - [2026-03-12T02:21:19.858+0000] {dagbag.py:538} INFO - Filling up the DagBag from /opt/airflow/dags/district_mapping_to_s3_to_snowflake.py
[2026-03-12T02:21:20.126+0000] {processor.py:840} INFO - DAG(s) 'district_mapping_to_s3_to_snowflake' retrieved from /opt/airflow/dags/district_mapping_to_s3_to_snowflake.py
[2026-03-12T02:21:20.135+0000] {logging_mixin.py:188} INFO - [2026-03-12T02:21:20.135+0000] {dag.py:3036} INFO - Sync 1 DAGs
[2026-03-12T02:21:20.142+0000] {logging_mixin.py:188} INFO - [2026-03-12T02:21:20.142+0000] {dag.py:3823} INFO - Setting next_dagrun for district_mapping_to_s3_to_snowflake to 2027-01-01 00:00:00+00:00, run_after=2028-01-01 00:00:00+00:00
[2026-03-12T02:21:20.148+0000] {processor.py:183} INFO - Processing /opt/airflow/dags/district_mapping_to_s3_to_snowflake.py took 0.295 seconds
[2026-03-12T02:21:50.379+0000] {processor.py:161} INFO - Started process (PID=1061) to work on /opt/airflow/dags/district_mapping_to_s3_to_snowflake.py
[2026-03-12T02:21:50.380+0000] {processor.py:830} INFO - Processing file /opt/airflow/dags/district_mapping_to_s3_to_snowflake.py for tasks to queue
[2026-03-12T02:21:50.381+0000] {logging_mixin.py:188} INFO - [2026-03-12T02:21:50.381+0000] {dagbag.py:538} INFO - Filling up the DagBag from /opt/airflow/dags/district_mapping_to_s3_to_snowflake.py
[2026-03-12T02:21:50.651+0000] {processor.py:840} INFO - DAG(s) 'district_mapping_to_s3_to_snowflake' retrieved from /opt/airflow/dags/district_mapping_to_s3_to_snowflake.py
[2026-03-12T02:21:50.658+0000] {logging_mixin.py:188} INFO - [2026-03-12T02:21:50.658+0000] {dag.py:3036} INFO - Sync 1 DAGs
[2026-03-12T02:21:50.668+0000] {logging_mixin.py:188} INFO - [2026-03-12T02:21:50.668+0000] {dag.py:3823} INFO - Setting next_dagrun for district_mapping_to_s3_to_snowflake to 2027-01-01 00:00:00+00:00, run_after=2028-01-01 00:00:00+00:00
[2026-03-12T02:21:50.680+0000] {processor.py:183} INFO - Processing /opt/airflow/dags/district_mapping_to_s3_to_snowflake.py took 0.302 seconds
[2026-03-12T02:22:20.737+0000] {processor.py:161} INFO - Started process (PID=1137) to work on /opt/airflow/dags/district_mapping_to_s3_to_snowflake.py
[2026-03-12T02:22:20.737+0000] {processor.py:830} INFO - Processing file /opt/airflow/dags/district_mapping_to_s3_to_snowflake.py for tasks to queue
[2026-03-12T02:22:20.738+0000] {logging_mixin.py:188} INFO - [2026-03-12T02:22:20.738+0000] {dagbag.py:538} INFO - Filling up the DagBag from /opt/airflow/dags/district_mapping_to_s3_to_snowflake.py
[2026-03-12T02:22:20.996+0000] {processor.py:840} INFO - DAG(s) 'district_mapping_to_s3_to_snowflake' retrieved from /opt/airflow/dags/district_mapping_to_s3_to_snowflake.py
[2026-03-12T02:22:21.005+0000] {logging_mixin.py:188} INFO - [2026-03-12T02:22:21.005+0000] {dag.py:3036} INFO - Sync 1 DAGs
[2026-03-12T02:22:21.017+0000] {logging_mixin.py:188} INFO - [2026-03-12T02:22:21.016+0000] {dag.py:3823} INFO - Setting next_dagrun for district_mapping_to_s3_to_snowflake to 2027-01-01 00:00:00+00:00, run_after=2028-01-01 00:00:00+00:00
[2026-03-12T02:22:21.032+0000] {processor.py:183} INFO - Processing /opt/airflow/dags/district_mapping_to_s3_to_snowflake.py took 0.297 seconds
[2026-03-12T02:22:51.995+0000] {processor.py:161} INFO - Started process (PID=1213) to work on /opt/airflow/dags/district_mapping_to_s3_to_snowflake.py
[2026-03-12T02:22:51.996+0000] {processor.py:830} INFO - Processing file /opt/airflow/dags/district_mapping_to_s3_to_snowflake.py for tasks to queue
[2026-03-12T02:22:51.997+0000] {logging_mixin.py:188} INFO - [2026-03-12T02:22:51.997+0000] {dagbag.py:538} INFO - Filling up the DagBag from /opt/airflow/dags/district_mapping_to_s3_to_snowflake.py
[2026-03-12T02:22:52.280+0000] {processor.py:840} INFO - DAG(s) 'district_mapping_to_s3_to_snowflake' retrieved from /opt/airflow/dags/district_mapping_to_s3_to_snowflake.py
[2026-03-12T02:22:52.292+0000] {logging_mixin.py:188} INFO - [2026-03-12T02:22:52.292+0000] {dag.py:3036} INFO - Sync 1 DAGs
[2026-03-12T02:22:52.299+0000] {logging_mixin.py:188} INFO - [2026-03-12T02:22:52.299+0000] {dag.py:3823} INFO - Setting next_dagrun for district_mapping_to_s3_to_snowflake to 2027-01-01 00:00:00+00:00, run_after=2028-01-01 00:00:00+00:00
[2026-03-12T02:22:52.305+0000] {processor.py:183} INFO - Processing /opt/airflow/dags/district_mapping_to_s3_to_snowflake.py took 0.311 seconds
[2026-03-12T02:23:23.116+0000] {processor.py:161} INFO - Started process (PID=1289) to work on /opt/airflow/dags/district_mapping_to_s3_to_snowflake.py
[2026-03-12T02:23:23.117+0000] {processor.py:830} INFO - Processing file /opt/airflow/dags/district_mapping_to_s3_to_snowflake.py for tasks to queue
[2026-03-12T02:23:23.118+0000] {logging_mixin.py:188} INFO - [2026-03-12T02:23:23.118+0000] {dagbag.py:538} INFO - Filling up the DagBag from /opt/airflow/dags/district_mapping_to_s3_to_snowflake.py
[2026-03-12T02:23:23.394+0000] {processor.py:840} INFO - DAG(s) 'district_mapping_to_s3_to_snowflake' retrieved from /opt/airflow/dags/district_mapping_to_s3_to_snowflake.py
[2026-03-12T02:23:23.404+0000] {logging_mixin.py:188} INFO - [2026-03-12T02:23:23.404+0000] {dag.py:3036} INFO - Sync 1 DAGs
[2026-03-12T02:23:23.418+0000] {logging_mixin.py:188} INFO - [2026-03-12T02:23:23.418+0000] {dag.py:3823} INFO - Setting next_dagrun for district_mapping_to_s3_to_snowflake to 2027-01-01 00:00:00+00:00, run_after=2028-01-01 00:00:00+00:00
[2026-03-12T02:23:23.426+0000] {processor.py:183} INFO - Processing /opt/airflow/dags/district_mapping_to_s3_to_snowflake.py took 0.312 seconds
[2026-03-12T02:23:54.367+0000] {processor.py:161} INFO - Started process (PID=1365) to work on /opt/airflow/dags/district_mapping_to_s3_to_snowflake.py
[2026-03-12T02:23:54.368+0000] {processor.py:830} INFO - Processing file /opt/airflow/dags/district_mapping_to_s3_to_snowflake.py for tasks to queue
[2026-03-12T02:23:54.369+0000] {logging_mixin.py:188} INFO - [2026-03-12T02:23:54.369+0000] {dagbag.py:538} INFO - Filling up the DagBag from /opt/airflow/dags/district_mapping_to_s3_to_snowflake.py
[2026-03-12T02:23:54.633+0000] {processor.py:840} INFO - DAG(s) 'district_mapping_to_s3_to_snowflake' retrieved from /opt/airflow/dags/district_mapping_to_s3_to_snowflake.py
[2026-03-12T02:23:54.642+0000] {logging_mixin.py:188} INFO - [2026-03-12T02:23:54.642+0000] {dag.py:3036} INFO - Sync 1 DAGs
[2026-03-12T02:23:54.650+0000] {logging_mixin.py:188} INFO - [2026-03-12T02:23:54.650+0000] {dag.py:3823} INFO - Setting next_dagrun for district_mapping_to_s3_to_snowflake to 2027-01-01 00:00:00+00:00, run_after=2028-01-01 00:00:00+00:00
[2026-03-12T02:23:54.655+0000] {processor.py:183} INFO - Processing /opt/airflow/dags/district_mapping_to_s3_to_snowflake.py took 0.289 seconds
[2026-03-12T02:24:25.693+0000] {processor.py:161} INFO - Started process (PID=1441) to work on /opt/airflow/dags/district_mapping_to_s3_to_snowflake.py
[2026-03-12T02:24:25.693+0000] {processor.py:830} INFO - Processing file /opt/airflow/dags/district_mapping_to_s3_to_snowflake.py for tasks to queue
[2026-03-12T02:24:25.694+0000] {logging_mixin.py:188} INFO - [2026-03-12T02:24:25.694+0000] {dagbag.py:538} INFO - Filling up the DagBag from /opt/airflow/dags/district_mapping_to_s3_to_snowflake.py
[2026-03-12T02:24:25.960+0000] {processor.py:840} INFO - DAG(s) 'district_mapping_to_s3_to_snowflake' retrieved from /opt/airflow/dags/district_mapping_to_s3_to_snowflake.py
[2026-03-12T02:24:25.971+0000] {logging_mixin.py:188} INFO - [2026-03-12T02:24:25.970+0000] {dag.py:3036} INFO - Sync 1 DAGs
[2026-03-12T02:24:25.980+0000] {logging_mixin.py:188} INFO - [2026-03-12T02:24:25.980+0000] {dag.py:3823} INFO - Setting next_dagrun for district_mapping_to_s3_to_snowflake to 2027-01-01 00:00:00+00:00, run_after=2028-01-01 00:00:00+00:00
[2026-03-12T02:24:25.990+0000] {processor.py:183} INFO - Processing /opt/airflow/dags/district_mapping_to_s3_to_snowflake.py took 0.299 seconds
[2026-03-12T02:24:56.592+0000] {processor.py:161} INFO - Started process (PID=1517) to work on /opt/airflow/dags/district_mapping_to_s3_to_snowflake.py
[2026-03-12T02:24:56.593+0000] {processor.py:830} INFO - Processing file /opt/airflow/dags/district_mapping_to_s3_to_snowflake.py for tasks to queue
[2026-03-12T02:24:56.594+0000] {logging_mixin.py:188} INFO - [2026-03-12T02:24:56.594+0000] {dagbag.py:538} INFO - Filling up the DagBag from /opt/airflow/dags/district_mapping_to_s3_to_snowflake.py
[2026-03-12T02:24:56.856+0000] {processor.py:840} INFO - DAG(s) 'district_mapping_to_s3_to_snowflake' retrieved from /opt/airflow/dags/district_mapping_to_s3_to_snowflake.py
[2026-03-12T02:24:56.869+0000] {logging_mixin.py:188} INFO - [2026-03-12T02:24:56.869+0000] {dag.py:3036} INFO - Sync 1 DAGs
[2026-03-12T02:24:56.878+0000] {logging_mixin.py:188} INFO - [2026-03-12T02:24:56.878+0000] {dag.py:3823} INFO - Setting next_dagrun for district_mapping_to_s3_to_snowflake to 2027-01-01 00:00:00+00:00, run_after=2028-01-01 00:00:00+00:00
[2026-03-12T02:24:56.885+0000] {processor.py:183} INFO - Processing /opt/airflow/dags/district_mapping_to_s3_to_snowflake.py took 0.294 seconds
[2026-03-12T02:25:27.652+0000] {processor.py:161} INFO - Started process (PID=1593) to work on /opt/airflow/dags/district_mapping_to_s3_to_snowflake.py
[2026-03-12T02:25:27.653+0000] {processor.py:830} INFO - Processing file /opt/airflow/dags/district_mapping_to_s3_to_snowflake.py for tasks to queue
[2026-03-12T02:25:27.655+0000] {logging_mixin.py:188} INFO - [2026-03-12T02:25:27.655+0000] {dagbag.py:538} INFO - Filling up the DagBag from /opt/airflow/dags/district_mapping_to_s3_to_snowflake.py
[2026-03-12T02:25:27.870+0000] {processor.py:840} INFO - DAG(s) 'district_mapping_to_s3_to_snowflake' retrieved from /opt/airflow/dags/district_mapping_to_s3_to_snowflake.py
[2026-03-12T02:25:27.879+0000] {logging_mixin.py:188} INFO - [2026-03-12T02:25:27.879+0000] {dag.py:3036} INFO - Sync 1 DAGs
[2026-03-12T02:25:27.887+0000] {logging_mixin.py:188} INFO - [2026-03-12T02:25:27.887+0000] {dag.py:3823} INFO - Setting next_dagrun for district_mapping_to_s3_to_snowflake to 2027-01-01 00:00:00+00:00, run_after=2028-01-01 00:00:00+00:00
[2026-03-12T02:25:27.893+0000] {processor.py:183} INFO - Processing /opt/airflow/dags/district_mapping_to_s3_to_snowflake.py took 0.243 seconds
[2026-03-12T02:25:58.528+0000] {processor.py:161} INFO - Started process (PID=1670) to work on /opt/airflow/dags/district_mapping_to_s3_to_snowflake.py
[2026-03-12T02:25:58.529+0000] {processor.py:830} INFO - Processing file /opt/airflow/dags/district_mapping_to_s3_to_snowflake.py for tasks to queue
[2026-03-12T02:25:58.530+0000] {logging_mixin.py:188} INFO - [2026-03-12T02:25:58.530+0000] {dagbag.py:538} INFO - Filling up the DagBag from /opt/airflow/dags/district_mapping_to_s3_to_snowflake.py
[2026-03-12T02:25:58.727+0000] {processor.py:840} INFO - DAG(s) 'district_mapping_to_s3_to_snowflake' retrieved from /opt/airflow/dags/district_mapping_to_s3_to_snowflake.py
[2026-03-12T02:25:58.738+0000] {logging_mixin.py:188} INFO - [2026-03-12T02:25:58.738+0000] {dag.py:3036} INFO - Sync 1 DAGs
[2026-03-12T02:25:58.747+0000] {logging_mixin.py:188} INFO - [2026-03-12T02:25:58.747+0000] {dag.py:3823} INFO - Setting next_dagrun for district_mapping_to_s3_to_snowflake to 2027-01-01 00:00:00+00:00, run_after=2028-01-01 00:00:00+00:00
[2026-03-12T02:25:58.753+0000] {processor.py:183} INFO - Processing /opt/airflow/dags/district_mapping_to_s3_to_snowflake.py took 0.227 seconds
[2026-03-12T02:26:29.305+0000] {processor.py:161} INFO - Started process (PID=1746) to work on /opt/airflow/dags/district_mapping_to_s3_to_snowflake.py
[2026-03-12T02:26:29.306+0000] {processor.py:830} INFO - Processing file /opt/airflow/dags/district_mapping_to_s3_to_snowflake.py for tasks to queue
[2026-03-12T02:26:29.307+0000] {logging_mixin.py:188} INFO - [2026-03-12T02:26:29.307+0000] {dagbag.py:538} INFO - Filling up the DagBag from /opt/airflow/dags/district_mapping_to_s3_to_snowflake.py
[2026-03-12T02:26:29.510+0000] {processor.py:840} INFO - DAG(s) 'district_mapping_to_s3_to_snowflake' retrieved from /opt/airflow/dags/district_mapping_to_s3_to_snowflake.py
[2026-03-12T02:26:29.519+0000] {logging_mixin.py:188} INFO - [2026-03-12T02:26:29.519+0000] {dag.py:3036} INFO - Sync 1 DAGs
[2026-03-12T02:26:29.527+0000] {logging_mixin.py:188} INFO - [2026-03-12T02:26:29.527+0000] {dag.py:3823} INFO - Setting next_dagrun for district_mapping_to_s3_to_snowflake to 2027-01-01 00:00:00+00:00, run_after=2028-01-01 00:00:00+00:00
[2026-03-12T02:26:29.537+0000] {processor.py:183} INFO - Processing /opt/airflow/dags/district_mapping_to_s3_to_snowflake.py took 0.234 seconds
[2026-03-12T02:27:00.009+0000] {processor.py:161} INFO - Started process (PID=1822) to work on /opt/airflow/dags/district_mapping_to_s3_to_snowflake.py
[2026-03-12T02:27:00.010+0000] {processor.py:830} INFO - Processing file /opt/airflow/dags/district_mapping_to_s3_to_snowflake.py for tasks to queue
[2026-03-12T02:27:00.011+0000] {logging_mixin.py:188} INFO - [2026-03-12T02:27:00.011+0000] {dagbag.py:538} INFO - Filling up the DagBag from /opt/airflow/dags/district_mapping_to_s3_to_snowflake.py
[2026-03-12T02:27:00.202+0000] {processor.py:840} INFO - DAG(s) 'district_mapping_to_s3_to_snowflake' retrieved from /opt/airflow/dags/district_mapping_to_s3_to_snowflake.py
[2026-03-12T02:27:00.210+0000] {logging_mixin.py:188} INFO - [2026-03-12T02:27:00.209+0000] {dag.py:3036} INFO - Sync 1 DAGs
[2026-03-12T02:27:00.318+0000] {logging_mixin.py:188} INFO - [2026-03-12T02:27:00.318+0000] {dag.py:3823} INFO - Setting next_dagrun for district_mapping_to_s3_to_snowflake to 2027-01-01 00:00:00+00:00, run_after=2028-01-01 00:00:00+00:00
[2026-03-12T02:27:00.332+0000] {processor.py:183} INFO - Processing /opt/airflow/dags/district_mapping_to_s3_to_snowflake.py took 0.324 seconds
[2026-03-12T02:27:30.822+0000] {processor.py:161} INFO - Started process (PID=1898) to work on /opt/airflow/dags/district_mapping_to_s3_to_snowflake.py
[2026-03-12T02:27:30.823+0000] {processor.py:830} INFO - Processing file /opt/airflow/dags/district_mapping_to_s3_to_snowflake.py for tasks to queue
[2026-03-12T02:27:30.824+0000] {logging_mixin.py:188} INFO - [2026-03-12T02:27:30.824+0000] {dagbag.py:538} INFO - Filling up the DagBag from /opt/airflow/dags/district_mapping_to_s3_to_snowflake.py
[2026-03-12T02:27:31.030+0000] {processor.py:840} INFO - DAG(s) 'district_mapping_to_s3_to_snowflake' retrieved from /opt/airflow/dags/district_mapping_to_s3_to_snowflake.py
[2026-03-12T02:27:31.038+0000] {logging_mixin.py:188} INFO - [2026-03-12T02:27:31.038+0000] {dag.py:3036} INFO - Sync 1 DAGs
[2026-03-12T02:27:31.114+0000] {logging_mixin.py:188} INFO - [2026-03-12T02:27:31.114+0000] {dag.py:3823} INFO - Setting next_dagrun for district_mapping_to_s3_to_snowflake to 2027-01-01 00:00:00+00:00, run_after=2028-01-01 00:00:00+00:00
[2026-03-12T02:27:31.128+0000] {processor.py:183} INFO - Processing /opt/airflow/dags/district_mapping_to_s3_to_snowflake.py took 0.307 seconds
[2026-03-12T02:28:01.520+0000] {processor.py:161} INFO - Started process (PID=1974) to work on /opt/airflow/dags/district_mapping_to_s3_to_snowflake.py
[2026-03-12T02:28:01.521+0000] {processor.py:830} INFO - Processing file /opt/airflow/dags/district_mapping_to_s3_to_snowflake.py for tasks to queue
[2026-03-12T02:28:01.522+0000] {logging_mixin.py:188} INFO - [2026-03-12T02:28:01.522+0000] {dagbag.py:538} INFO - Filling up the DagBag from /opt/airflow/dags/district_mapping_to_s3_to_snowflake.py
[2026-03-12T02:28:01.716+0000] {processor.py:840} INFO - DAG(s) 'district_mapping_to_s3_to_snowflake' retrieved from /opt/airflow/dags/district_mapping_to_s3_to_snowflake.py
[2026-03-12T02:28:01.812+0000] {logging_mixin.py:188} INFO - [2026-03-12T02:28:01.812+0000] {dag.py:3036} INFO - Sync 1 DAGs
[2026-03-12T02:28:01.820+0000] {logging_mixin.py:188} INFO - [2026-03-12T02:28:01.820+0000] {dag.py:3823} INFO - Setting next_dagrun for district_mapping_to_s3_to_snowflake to 2027-01-01 00:00:00+00:00, run_after=2028-01-01 00:00:00+00:00
[2026-03-12T02:28:01.826+0000] {processor.py:183} INFO - Processing /opt/airflow/dags/district_mapping_to_s3_to_snowflake.py took 0.307 seconds
[2026-03-12T02:28:32.127+0000] {processor.py:161} INFO - Started process (PID=2050) to work on /opt/airflow/dags/district_mapping_to_s3_to_snowflake.py
[2026-03-12T02:28:32.127+0000] {processor.py:830} INFO - Processing file /opt/airflow/dags/district_mapping_to_s3_to_snowflake.py for tasks to queue
[2026-03-12T02:28:32.128+0000] {logging_mixin.py:188} INFO - [2026-03-12T02:28:32.128+0000] {dagbag.py:538} INFO - Filling up the DagBag from /opt/airflow/dags/district_mapping_to_s3_to_snowflake.py
[2026-03-12T02:28:32.394+0000] {processor.py:840} INFO - DAG(s) 'district_mapping_to_s3_to_snowflake' retrieved from /opt/airflow/dags/district_mapping_to_s3_to_snowflake.py
[2026-03-12T02:28:32.403+0000] {logging_mixin.py:188} INFO - [2026-03-12T02:28:32.403+0000] {dag.py:3036} INFO - Sync 1 DAGs
[2026-03-12T02:28:32.410+0000] {logging_mixin.py:188} INFO - [2026-03-12T02:28:32.410+0000] {dag.py:3823} INFO - Setting next_dagrun for district_mapping_to_s3_to_snowflake to 2027-01-01 00:00:00+00:00, run_after=2028-01-01 00:00:00+00:00
[2026-03-12T02:28:32.416+0000] {processor.py:183} INFO - Processing /opt/airflow/dags/district_mapping_to_s3_to_snowflake.py took 0.291 seconds
[2026-03-12T02:29:03.045+0000] {processor.py:161} INFO - Started process (PID=2125) to work on /opt/airflow/dags/district_mapping_to_s3_to_snowflake.py
[2026-03-12T02:29:03.046+0000] {processor.py:830} INFO - Processing file /opt/airflow/dags/district_mapping_to_s3_to_snowflake.py for tasks to queue
[2026-03-12T02:29:03.048+0000] {logging_mixin.py:188} INFO - [2026-03-12T02:29:03.047+0000] {dagbag.py:538} INFO - Filling up the DagBag from /opt/airflow/dags/district_mapping_to_s3_to_snowflake.py
[2026-03-12T02:29:03.312+0000] {processor.py:840} INFO - DAG(s) 'district_mapping_to_s3_to_snowflake' retrieved from /opt/airflow/dags/district_mapping_to_s3_to_snowflake.py
[2026-03-12T02:29:03.320+0000] {logging_mixin.py:188} INFO - [2026-03-12T02:29:03.320+0000] {dag.py:3036} INFO - Sync 1 DAGs
[2026-03-12T02:29:03.327+0000] {logging_mixin.py:188} INFO - [2026-03-12T02:29:03.327+0000] {dag.py:3823} INFO - Setting next_dagrun for district_mapping_to_s3_to_snowflake to 2027-01-01 00:00:00+00:00, run_after=2028-01-01 00:00:00+00:00
[2026-03-12T02:29:03.333+0000] {processor.py:183} INFO - Processing /opt/airflow/dags/district_mapping_to_s3_to_snowflake.py took 0.289 seconds
[2026-03-12T02:29:34.038+0000] {processor.py:161} INFO - Started process (PID=2201) to work on /opt/airflow/dags/district_mapping_to_s3_to_snowflake.py
[2026-03-12T02:29:34.039+0000] {processor.py:830} INFO - Processing file /opt/airflow/dags/district_mapping_to_s3_to_snowflake.py for tasks to queue
[2026-03-12T02:29:34.040+0000] {logging_mixin.py:188} INFO - [2026-03-12T02:29:34.040+0000] {dagbag.py:538} INFO - Filling up the DagBag from /opt/airflow/dags/district_mapping_to_s3_to_snowflake.py
[2026-03-12T02:29:34.297+0000] {processor.py:840} INFO - DAG(s) 'district_mapping_to_s3_to_snowflake' retrieved from /opt/airflow/dags/district_mapping_to_s3_to_snowflake.py
[2026-03-12T02:29:34.306+0000] {logging_mixin.py:188} INFO - [2026-03-12T02:29:34.306+0000] {dag.py:3036} INFO - Sync 1 DAGs
[2026-03-12T02:29:34.316+0000] {logging_mixin.py:188} INFO - [2026-03-12T02:29:34.316+0000] {dag.py:3823} INFO - Setting next_dagrun for district_mapping_to_s3_to_snowflake to 2027-01-01 00:00:00+00:00, run_after=2028-01-01 00:00:00+00:00
[2026-03-12T02:29:34.321+0000] {processor.py:183} INFO - Processing /opt/airflow/dags/district_mapping_to_s3_to_snowflake.py took 0.285 seconds
[2026-03-12T02:30:05.018+0000] {processor.py:161} INFO - Started process (PID=2278) to work on /opt/airflow/dags/district_mapping_to_s3_to_snowflake.py
[2026-03-12T02:30:05.018+0000] {processor.py:830} INFO - Processing file /opt/airflow/dags/district_mapping_to_s3_to_snowflake.py for tasks to queue
[2026-03-12T02:30:05.019+0000] {logging_mixin.py:188} INFO - [2026-03-12T02:30:05.019+0000] {dagbag.py:538} INFO - Filling up the DagBag from /opt/airflow/dags/district_mapping_to_s3_to_snowflake.py
[2026-03-12T02:30:05.259+0000] {processor.py:840} INFO - DAG(s) 'district_mapping_to_s3_to_snowflake' retrieved from /opt/airflow/dags/district_mapping_to_s3_to_snowflake.py
[2026-03-12T02:30:05.264+0000] {logging_mixin.py:188} INFO - [2026-03-12T02:30:05.264+0000] {dag.py:3036} INFO - Sync 1 DAGs
[2026-03-12T02:30:05.271+0000] {logging_mixin.py:188} INFO - [2026-03-12T02:30:05.270+0000] {dag.py:3823} INFO - Setting next_dagrun for district_mapping_to_s3_to_snowflake to 2027-01-01 00:00:00+00:00, run_after=2028-01-01 00:00:00+00:00
[2026-03-12T02:30:05.276+0000] {processor.py:183} INFO - Processing /opt/airflow/dags/district_mapping_to_s3_to_snowflake.py took 0.260 seconds
[2026-03-12T02:30:36.089+0000] {processor.py:161} INFO - Started process (PID=2354) to work on /opt/airflow/dags/district_mapping_to_s3_to_snowflake.py
[2026-03-12T02:30:36.090+0000] {processor.py:830} INFO - Processing file /opt/airflow/dags/district_mapping_to_s3_to_snowflake.py for tasks to queue
[2026-03-12T02:30:36.091+0000] {logging_mixin.py:188} INFO - [2026-03-12T02:30:36.091+0000] {dagbag.py:538} INFO - Filling up the DagBag from /opt/airflow/dags/district_mapping_to_s3_to_snowflake.py
[2026-03-12T02:30:36.350+0000] {processor.py:840} INFO - DAG(s) 'district_mapping_to_s3_to_snowflake' retrieved from /opt/airflow/dags/district_mapping_to_s3_to_snowflake.py
[2026-03-12T02:30:36.359+0000] {logging_mixin.py:188} INFO - [2026-03-12T02:30:36.358+0000] {dag.py:3036} INFO - Sync 1 DAGs
[2026-03-12T02:30:36.367+0000] {logging_mixin.py:188} INFO - [2026-03-12T02:30:36.367+0000] {dag.py:3823} INFO - Setting next_dagrun for district_mapping_to_s3_to_snowflake to 2027-01-01 00:00:00+00:00, run_after=2028-01-01 00:00:00+00:00
[2026-03-12T02:30:36.374+0000] {processor.py:183} INFO - Processing /opt/airflow/dags/district_mapping_to_s3_to_snowflake.py took 0.286 seconds
[2026-03-12T02:31:07.053+0000] {processor.py:161} INFO - Started process (PID=2429) to work on /opt/airflow/dags/district_mapping_to_s3_to_snowflake.py
[2026-03-12T02:31:07.055+0000] {processor.py:830} INFO - Processing file /opt/airflow/dags/district_mapping_to_s3_to_snowflake.py for tasks to queue
[2026-03-12T02:31:07.056+0000] {logging_mixin.py:188} INFO - [2026-03-12T02:31:07.055+0000] {dagbag.py:538} INFO - Filling up the DagBag from /opt/airflow/dags/district_mapping_to_s3_to_snowflake.py
[2026-03-12T02:31:07.324+0000] {processor.py:840} INFO - DAG(s) 'district_mapping_to_s3_to_snowflake' retrieved from /opt/airflow/dags/district_mapping_to_s3_to_snowflake.py
[2026-03-12T02:31:07.330+0000] {logging_mixin.py:188} INFO - [2026-03-12T02:31:07.330+0000] {dag.py:3036} INFO - Sync 1 DAGs
[2026-03-12T02:31:07.343+0000] {logging_mixin.py:188} INFO - [2026-03-12T02:31:07.343+0000] {dag.py:3823} INFO - Setting next_dagrun for district_mapping_to_s3_to_snowflake to 2027-01-01 00:00:00+00:00, run_after=2028-01-01 00:00:00+00:00
[2026-03-12T02:31:07.350+0000] {processor.py:183} INFO - Processing /opt/airflow/dags/district_mapping_to_s3_to_snowflake.py took 0.298 seconds
[2026-03-12T02:31:38.019+0000] {processor.py:161} INFO - Started process (PID=2505) to work on /opt/airflow/dags/district_mapping_to_s3_to_snowflake.py
[2026-03-12T02:31:38.020+0000] {processor.py:830} INFO - Processing file /opt/airflow/dags/district_mapping_to_s3_to_snowflake.py for tasks to queue
[2026-03-12T02:31:38.022+0000] {logging_mixin.py:188} INFO - [2026-03-12T02:31:38.021+0000] {dagbag.py:538} INFO - Filling up the DagBag from /opt/airflow/dags/district_mapping_to_s3_to_snowflake.py
[2026-03-12T02:31:38.279+0000] {processor.py:840} INFO - DAG(s) 'district_mapping_to_s3_to_snowflake' retrieved from /opt/airflow/dags/district_mapping_to_s3_to_snowflake.py
[2026-03-12T02:31:38.291+0000] {logging_mixin.py:188} INFO - [2026-03-12T02:31:38.291+0000] {dag.py:3036} INFO - Sync 1 DAGs
[2026-03-12T02:31:38.299+0000] {logging_mixin.py:188} INFO - [2026-03-12T02:31:38.299+0000] {dag.py:3823} INFO - Setting next_dagrun for district_mapping_to_s3_to_snowflake to 2027-01-01 00:00:00+00:00, run_after=2028-01-01 00:00:00+00:00
[2026-03-12T02:31:38.304+0000] {processor.py:183} INFO - Processing /opt/airflow/dags/district_mapping_to_s3_to_snowflake.py took 0.286 seconds
[2026-03-12T02:32:09.048+0000] {processor.py:161} INFO - Started process (PID=2581) to work on /opt/airflow/dags/district_mapping_to_s3_to_snowflake.py
[2026-03-12T02:32:09.049+0000] {processor.py:830} INFO - Processing file /opt/airflow/dags/district_mapping_to_s3_to_snowflake.py for tasks to queue
[2026-03-12T02:32:09.050+0000] {logging_mixin.py:188} INFO - [2026-03-12T02:32:09.050+0000] {dagbag.py:538} INFO - Filling up the DagBag from /opt/airflow/dags/district_mapping_to_s3_to_snowflake.py
[2026-03-12T02:32:09.323+0000] {processor.py:840} INFO - DAG(s) 'district_mapping_to_s3_to_snowflake' retrieved from /opt/airflow/dags/district_mapping_to_s3_to_snowflake.py
[2026-03-12T02:32:09.332+0000] {logging_mixin.py:188} INFO - [2026-03-12T02:32:09.332+0000] {dag.py:3036} INFO - Sync 1 DAGs
[2026-03-12T02:32:09.339+0000] {logging_mixin.py:188} INFO - [2026-03-12T02:32:09.339+0000] {dag.py:3823} INFO - Setting next_dagrun for district_mapping_to_s3_to_snowflake to 2027-01-01 00:00:00+00:00, run_after=2028-01-01 00:00:00+00:00
[2026-03-12T02:32:09.345+0000] {processor.py:183} INFO - Processing /opt/airflow/dags/district_mapping_to_s3_to_snowflake.py took 0.299 seconds
[2026-03-12T02:32:40.611+0000] {processor.py:161} INFO - Started process (PID=2663) to work on /opt/airflow/dags/district_mapping_to_s3_to_snowflake.py
[2026-03-12T02:32:40.612+0000] {processor.py:830} INFO - Processing file /opt/airflow/dags/district_mapping_to_s3_to_snowflake.py for tasks to queue
[2026-03-12T02:32:40.613+0000] {logging_mixin.py:188} INFO - [2026-03-12T02:32:40.613+0000] {dagbag.py:538} INFO - Filling up the DagBag from /opt/airflow/dags/district_mapping_to_s3_to_snowflake.py
[2026-03-12T02:32:40.906+0000] {processor.py:840} INFO - DAG(s) 'district_mapping_to_s3_to_snowflake' retrieved from /opt/airflow/dags/district_mapping_to_s3_to_snowflake.py
[2026-03-12T02:32:40.913+0000] {logging_mixin.py:188} INFO - [2026-03-12T02:32:40.913+0000] {dag.py:3036} INFO - Sync 1 DAGs
[2026-03-12T02:32:40.926+0000] {logging_mixin.py:188} INFO - [2026-03-12T02:32:40.926+0000] {dag.py:3823} INFO - Setting next_dagrun for district_mapping_to_s3_to_snowflake to 2027-01-01 00:00:00+00:00, run_after=2028-01-01 00:00:00+00:00
[2026-03-12T02:32:40.937+0000] {processor.py:183} INFO - Processing /opt/airflow/dags/district_mapping_to_s3_to_snowflake.py took 0.327 seconds
[2026-03-12T02:33:11.361+0000] {processor.py:161} INFO - Started process (PID=2739) to work on /opt/airflow/dags/district_mapping_to_s3_to_snowflake.py
[2026-03-12T02:33:11.362+0000] {processor.py:830} INFO - Processing file /opt/airflow/dags/district_mapping_to_s3_to_snowflake.py for tasks to queue
[2026-03-12T02:33:11.364+0000] {logging_mixin.py:188} INFO - [2026-03-12T02:33:11.364+0000] {dagbag.py:538} INFO - Filling up the DagBag from /opt/airflow/dags/district_mapping_to_s3_to_snowflake.py
[2026-03-12T02:33:11.649+0000] {processor.py:840} INFO - DAG(s) 'district_mapping_to_s3_to_snowflake' retrieved from /opt/airflow/dags/district_mapping_to_s3_to_snowflake.py
[2026-03-12T02:33:11.655+0000] {logging_mixin.py:188} INFO - [2026-03-12T02:33:11.655+0000] {dag.py:3036} INFO - Sync 1 DAGs
[2026-03-12T02:33:11.665+0000] {logging_mixin.py:188} INFO - [2026-03-12T02:33:11.665+0000] {dag.py:3823} INFO - Setting next_dagrun for district_mapping_to_s3_to_snowflake to 2027-01-01 00:00:00+00:00, run_after=2028-01-01 00:00:00+00:00
[2026-03-12T02:33:11.674+0000] {processor.py:183} INFO - Processing /opt/airflow/dags/district_mapping_to_s3_to_snowflake.py took 0.315 seconds
[2026-03-12T02:33:42.093+0000] {processor.py:161} INFO - Started process (PID=2815) to work on /opt/airflow/dags/district_mapping_to_s3_to_snowflake.py
[2026-03-12T02:33:42.094+0000] {processor.py:830} INFO - Processing file /opt/airflow/dags/district_mapping_to_s3_to_snowflake.py for tasks to queue
[2026-03-12T02:33:42.095+0000] {logging_mixin.py:188} INFO - [2026-03-12T02:33:42.094+0000] {dagbag.py:538} INFO - Filling up the DagBag from /opt/airflow/dags/district_mapping_to_s3_to_snowflake.py
[2026-03-12T02:33:42.377+0000] {processor.py:840} INFO - DAG(s) 'district_mapping_to_s3_to_snowflake' retrieved from /opt/airflow/dags/district_mapping_to_s3_to_snowflake.py
[2026-03-12T02:33:42.385+0000] {logging_mixin.py:188} INFO - [2026-03-12T02:33:42.385+0000] {dag.py:3036} INFO - Sync 1 DAGs
[2026-03-12T02:33:42.393+0000] {logging_mixin.py:188} INFO - [2026-03-12T02:33:42.393+0000] {dag.py:3823} INFO - Setting next_dagrun for district_mapping_to_s3_to_snowflake to 2027-01-01 00:00:00+00:00, run_after=2028-01-01 00:00:00+00:00
[2026-03-12T02:33:42.398+0000] {processor.py:183} INFO - Processing /opt/airflow/dags/district_mapping_to_s3_to_snowflake.py took 0.307 seconds
[2026-03-12T02:34:12.855+0000] {processor.py:161} INFO - Started process (PID=2891) to work on /opt/airflow/dags/district_mapping_to_s3_to_snowflake.py
[2026-03-12T02:34:12.856+0000] {processor.py:830} INFO - Processing file /opt/airflow/dags/district_mapping_to_s3_to_snowflake.py for tasks to queue
[2026-03-12T02:34:12.857+0000] {logging_mixin.py:188} INFO - [2026-03-12T02:34:12.857+0000] {dagbag.py:538} INFO - Filling up the DagBag from /opt/airflow/dags/district_mapping_to_s3_to_snowflake.py
[2026-03-12T02:34:13.068+0000] {processor.py:840} INFO - DAG(s) 'district_mapping_to_s3_to_snowflake' retrieved from /opt/airflow/dags/district_mapping_to_s3_to_snowflake.py
[2026-03-12T02:34:13.075+0000] {logging_mixin.py:188} INFO - [2026-03-12T02:34:13.075+0000] {dag.py:3036} INFO - Sync 1 DAGs
[2026-03-12T02:34:13.085+0000] {logging_mixin.py:188} INFO - [2026-03-12T02:34:13.085+0000] {dag.py:3823} INFO - Setting next_dagrun for district_mapping_to_s3_to_snowflake to 2027-01-01 00:00:00+00:00, run_after=2028-01-01 00:00:00+00:00
[2026-03-12T02:34:13.091+0000] {processor.py:183} INFO - Processing /opt/airflow/dags/district_mapping_to_s3_to_snowflake.py took 0.237 seconds
[2026-03-12T02:34:43.651+0000] {processor.py:161} INFO - Started process (PID=2968) to work on /opt/airflow/dags/district_mapping_to_s3_to_snowflake.py
[2026-03-12T02:34:43.652+0000] {processor.py:830} INFO - Processing file /opt/airflow/dags/district_mapping_to_s3_to_snowflake.py for tasks to queue
[2026-03-12T02:34:43.653+0000] {logging_mixin.py:188} INFO - [2026-03-12T02:34:43.652+0000] {dagbag.py:538} INFO - Filling up the DagBag from /opt/airflow/dags/district_mapping_to_s3_to_snowflake.py
[2026-03-12T02:34:43.838+0000] {processor.py:840} INFO - DAG(s) 'district_mapping_to_s3_to_snowflake' retrieved from /opt/airflow/dags/district_mapping_to_s3_to_snowflake.py
[2026-03-12T02:34:43.845+0000] {logging_mixin.py:188} INFO - [2026-03-12T02:34:43.845+0000] {dag.py:3036} INFO - Sync 1 DAGs
[2026-03-12T02:34:43.853+0000] {logging_mixin.py:188} INFO - [2026-03-12T02:34:43.853+0000] {dag.py:3823} INFO - Setting next_dagrun for district_mapping_to_s3_to_snowflake to 2027-01-01 00:00:00+00:00, run_after=2028-01-01 00:00:00+00:00
[2026-03-12T02:34:43.859+0000] {processor.py:183} INFO - Processing /opt/airflow/dags/district_mapping_to_s3_to_snowflake.py took 0.210 seconds
[2026-03-12T02:35:14.412+0000] {processor.py:161} INFO - Started process (PID=3044) to work on /opt/airflow/dags/district_mapping_to_s3_to_snowflake.py
[2026-03-12T02:35:14.413+0000] {processor.py:830} INFO - Processing file /opt/airflow/dags/district_mapping_to_s3_to_snowflake.py for tasks to queue
[2026-03-12T02:35:14.414+0000] {logging_mixin.py:188} INFO - [2026-03-12T02:35:14.414+0000] {dagbag.py:538} INFO - Filling up the DagBag from /opt/airflow/dags/district_mapping_to_s3_to_snowflake.py
[2026-03-12T02:35:14.604+0000] {processor.py:840} INFO - DAG(s) 'district_mapping_to_s3_to_snowflake' retrieved from /opt/airflow/dags/district_mapping_to_s3_to_snowflake.py
[2026-03-12T02:35:14.612+0000] {logging_mixin.py:188} INFO - [2026-03-12T02:35:14.611+0000] {dag.py:3036} INFO - Sync 1 DAGs
[2026-03-12T02:35:14.619+0000] {logging_mixin.py:188} INFO - [2026-03-12T02:35:14.618+0000] {dag.py:3823} INFO - Setting next_dagrun for district_mapping_to_s3_to_snowflake to 2027-01-01 00:00:00+00:00, run_after=2028-01-01 00:00:00+00:00
[2026-03-12T02:35:14.624+0000] {processor.py:183} INFO - Processing /opt/airflow/dags/district_mapping_to_s3_to_snowflake.py took 0.213 seconds
[2026-03-12T02:35:45.288+0000] {processor.py:161} INFO - Started process (PID=3120) to work on /opt/airflow/dags/district_mapping_to_s3_to_snowflake.py
[2026-03-12T02:35:45.289+0000] {processor.py:830} INFO - Processing file /opt/airflow/dags/district_mapping_to_s3_to_snowflake.py for tasks to queue
[2026-03-12T02:35:45.289+0000] {logging_mixin.py:188} INFO - [2026-03-12T02:35:45.289+0000] {dagbag.py:538} INFO - Filling up the DagBag from /opt/airflow/dags/district_mapping_to_s3_to_snowflake.py
[2026-03-12T02:35:45.478+0000] {processor.py:840} INFO - DAG(s) 'district_mapping_to_s3_to_snowflake' retrieved from /opt/airflow/dags/district_mapping_to_s3_to_snowflake.py
[2026-03-12T02:35:45.485+0000] {logging_mixin.py:188} INFO - [2026-03-12T02:35:45.485+0000] {dag.py:3036} INFO - Sync 1 DAGs
[2026-03-12T02:35:45.492+0000] {logging_mixin.py:188} INFO - [2026-03-12T02:35:45.492+0000] {dag.py:3823} INFO - Setting next_dagrun for district_mapping_to_s3_to_snowflake to 2027-01-01 00:00:00+00:00, run_after=2028-01-01 00:00:00+00:00
[2026-03-12T02:35:45.498+0000] {processor.py:183} INFO - Processing /opt/airflow/dags/district_mapping_to_s3_to_snowflake.py took 0.211 seconds
[2026-03-12T02:36:16.105+0000] {processor.py:161} INFO - Started process (PID=3196) to work on /opt/airflow/dags/district_mapping_to_s3_to_snowflake.py
[2026-03-12T02:36:16.106+0000] {processor.py:830} INFO - Processing file /opt/airflow/dags/district_mapping_to_s3_to_snowflake.py for tasks to queue
[2026-03-12T02:36:16.106+0000] {logging_mixin.py:188} INFO - [2026-03-12T02:36:16.106+0000] {dagbag.py:538} INFO - Filling up the DagBag from /opt/airflow/dags/district_mapping_to_s3_to_snowflake.py
[2026-03-12T02:36:16.287+0000] {processor.py:840} INFO - DAG(s) 'district_mapping_to_s3_to_snowflake' retrieved from /opt/airflow/dags/district_mapping_to_s3_to_snowflake.py
[2026-03-12T02:36:16.294+0000] {logging_mixin.py:188} INFO - [2026-03-12T02:36:16.293+0000] {dag.py:3036} INFO - Sync 1 DAGs
[2026-03-12T02:36:16.300+0000] {logging_mixin.py:188} INFO - [2026-03-12T02:36:16.300+0000] {dag.py:3823} INFO - Setting next_dagrun for district_mapping_to_s3_to_snowflake to 2027-01-01 00:00:00+00:00, run_after=2028-01-01 00:00:00+00:00
[2026-03-12T02:36:16.306+0000] {processor.py:183} INFO - Processing /opt/airflow/dags/district_mapping_to_s3_to_snowflake.py took 0.202 seconds
[2026-03-12T02:36:46.671+0000] {processor.py:161} INFO - Started process (PID=3271) to work on /opt/airflow/dags/district_mapping_to_s3_to_snowflake.py
[2026-03-12T02:36:46.672+0000] {processor.py:830} INFO - Processing file /opt/airflow/dags/district_mapping_to_s3_to_snowflake.py for tasks to queue
[2026-03-12T02:36:46.673+0000] {logging_mixin.py:188} INFO - [2026-03-12T02:36:46.673+0000] {dagbag.py:538} INFO - Filling up the DagBag from /opt/airflow/dags/district_mapping_to_s3_to_snowflake.py
[2026-03-12T02:36:46.978+0000] {processor.py:840} INFO - DAG(s) 'district_mapping_to_s3_to_snowflake' retrieved from /opt/airflow/dags/district_mapping_to_s3_to_snowflake.py
[2026-03-12T02:36:46.987+0000] {logging_mixin.py:188} INFO - [2026-03-12T02:36:46.987+0000] {dag.py:3036} INFO - Sync 1 DAGs
[2026-03-12T02:36:46.995+0000] {logging_mixin.py:188} INFO - [2026-03-12T02:36:46.995+0000] {dag.py:3823} INFO - Setting next_dagrun for district_mapping_to_s3_to_snowflake to 2027-01-01 00:00:00+00:00, run_after=2028-01-01 00:00:00+00:00
[2026-03-12T02:36:47.001+0000] {processor.py:183} INFO - Processing /opt/airflow/dags/district_mapping_to_s3_to_snowflake.py took 0.332 seconds
[2026-03-12T02:37:17.365+0000] {processor.py:161} INFO - Started process (PID=3348) to work on /opt/airflow/dags/district_mapping_to_s3_to_snowflake.py
[2026-03-12T02:37:17.366+0000] {processor.py:830} INFO - Processing file /opt/airflow/dags/district_mapping_to_s3_to_snowflake.py for tasks to queue
[2026-03-12T02:37:17.366+0000] {logging_mixin.py:188} INFO - [2026-03-12T02:37:17.366+0000] {dagbag.py:538} INFO - Filling up the DagBag from /opt/airflow/dags/district_mapping_to_s3_to_snowflake.py
[2026-03-12T02:37:17.766+0000] {processor.py:840} INFO - DAG(s) 'district_mapping_to_s3_to_snowflake' retrieved from /opt/airflow/dags/district_mapping_to_s3_to_snowflake.py
[2026-03-12T02:37:17.778+0000] {logging_mixin.py:188} INFO - [2026-03-12T02:37:17.778+0000] {dag.py:3036} INFO - Sync 1 DAGs
[2026-03-12T02:37:17.788+0000] {logging_mixin.py:188} INFO - [2026-03-12T02:37:17.788+0000] {dag.py:3823} INFO - Setting next_dagrun for district_mapping_to_s3_to_snowflake to 2027-01-01 00:00:00+00:00, run_after=2028-01-01 00:00:00+00:00
[2026-03-12T02:37:17.795+0000] {processor.py:183} INFO - Processing /opt/airflow/dags/district_mapping_to_s3_to_snowflake.py took 0.432 seconds
[2026-03-12T02:37:48.414+0000] {processor.py:161} INFO - Started process (PID=3426) to work on /opt/airflow/dags/district_mapping_to_s3_to_snowflake.py
[2026-03-12T02:37:48.415+0000] {processor.py:830} INFO - Processing file /opt/airflow/dags/district_mapping_to_s3_to_snowflake.py for tasks to queue
[2026-03-12T02:37:48.416+0000] {logging_mixin.py:188} INFO - [2026-03-12T02:37:48.415+0000] {dagbag.py:538} INFO - Filling up the DagBag from /opt/airflow/dags/district_mapping_to_s3_to_snowflake.py
[2026-03-12T02:37:48.696+0000] {processor.py:840} INFO - DAG(s) 'district_mapping_to_s3_to_snowflake' retrieved from /opt/airflow/dags/district_mapping_to_s3_to_snowflake.py
[2026-03-12T02:37:48.705+0000] {logging_mixin.py:188} INFO - [2026-03-12T02:37:48.704+0000] {dag.py:3036} INFO - Sync 1 DAGs
[2026-03-12T02:37:48.714+0000] {logging_mixin.py:188} INFO - [2026-03-12T02:37:48.714+0000] {dag.py:3823} INFO - Setting next_dagrun for district_mapping_to_s3_to_snowflake to 2027-01-01 00:00:00+00:00, run_after=2028-01-01 00:00:00+00:00
[2026-03-12T02:37:48.725+0000] {processor.py:183} INFO - Processing /opt/airflow/dags/district_mapping_to_s3_to_snowflake.py took 0.312 seconds
[2026-03-12T02:38:18.827+0000] {processor.py:161} INFO - Started process (PID=3502) to work on /opt/airflow/dags/district_mapping_to_s3_to_snowflake.py
[2026-03-12T02:38:18.828+0000] {processor.py:830} INFO - Processing file /opt/airflow/dags/district_mapping_to_s3_to_snowflake.py for tasks to queue
[2026-03-12T02:38:18.829+0000] {logging_mixin.py:188} INFO - [2026-03-12T02:38:18.829+0000] {dagbag.py:538} INFO - Filling up the DagBag from /opt/airflow/dags/district_mapping_to_s3_to_snowflake.py
[2026-03-12T02:38:19.102+0000] {processor.py:840} INFO - DAG(s) 'district_mapping_to_s3_to_snowflake' retrieved from /opt/airflow/dags/district_mapping_to_s3_to_snowflake.py
[2026-03-12T02:38:19.110+0000] {logging_mixin.py:188} INFO - [2026-03-12T02:38:19.110+0000] {dag.py:3036} INFO - Sync 1 DAGs
[2026-03-12T02:38:19.120+0000] {logging_mixin.py:188} INFO - [2026-03-12T02:38:19.120+0000] {dag.py:3823} INFO - Setting next_dagrun for district_mapping_to_s3_to_snowflake to 2027-01-01 00:00:00+00:00, run_after=2028-01-01 00:00:00+00:00
[2026-03-12T02:38:19.132+0000] {processor.py:183} INFO - Processing /opt/airflow/dags/district_mapping_to_s3_to_snowflake.py took 0.307 seconds
[2026-03-12T02:38:49.536+0000] {processor.py:161} INFO - Started process (PID=3578) to work on /opt/airflow/dags/district_mapping_to_s3_to_snowflake.py
[2026-03-12T02:38:49.537+0000] {processor.py:830} INFO - Processing file /opt/airflow/dags/district_mapping_to_s3_to_snowflake.py for tasks to queue
[2026-03-12T02:38:49.537+0000] {logging_mixin.py:188} INFO - [2026-03-12T02:38:49.537+0000] {dagbag.py:538} INFO - Filling up the DagBag from /opt/airflow/dags/district_mapping_to_s3_to_snowflake.py
[2026-03-12T02:38:49.777+0000] {processor.py:840} INFO - DAG(s) 'district_mapping_to_s3_to_snowflake' retrieved from /opt/airflow/dags/district_mapping_to_s3_to_snowflake.py
[2026-03-12T02:38:49.783+0000] {logging_mixin.py:188} INFO - [2026-03-12T02:38:49.783+0000] {dag.py:3036} INFO - Sync 1 DAGs
[2026-03-12T02:38:49.790+0000] {logging_mixin.py:188} INFO - [2026-03-12T02:38:49.789+0000] {dag.py:3823} INFO - Setting next_dagrun for district_mapping_to_s3_to_snowflake to 2027-01-01 00:00:00+00:00, run_after=2028-01-01 00:00:00+00:00
[2026-03-12T02:38:49.795+0000] {processor.py:183} INFO - Processing /opt/airflow/dags/district_mapping_to_s3_to_snowflake.py took 0.260 seconds
[2026-03-12T02:39:20.103+0000] {processor.py:161} INFO - Started process (PID=3652) to work on /opt/airflow/dags/district_mapping_to_s3_to_snowflake.py
[2026-03-12T02:39:20.104+0000] {processor.py:830} INFO - Processing file /opt/airflow/dags/district_mapping_to_s3_to_snowflake.py for tasks to queue
[2026-03-12T02:39:20.105+0000] {logging_mixin.py:188} INFO - [2026-03-12T02:39:20.105+0000] {dagbag.py:538} INFO - Filling up the DagBag from /opt/airflow/dags/district_mapping_to_s3_to_snowflake.py
[2026-03-12T02:39:20.367+0000] {processor.py:840} INFO - DAG(s) 'district_mapping_to_s3_to_snowflake' retrieved from /opt/airflow/dags/district_mapping_to_s3_to_snowflake.py
[2026-03-12T02:39:20.373+0000] {logging_mixin.py:188} INFO - [2026-03-12T02:39:20.373+0000] {dag.py:3036} INFO - Sync 1 DAGs
[2026-03-12T02:39:20.380+0000] {logging_mixin.py:188} INFO - [2026-03-12T02:39:20.380+0000] {dag.py:3823} INFO - Setting next_dagrun for district_mapping_to_s3_to_snowflake to 2027-01-01 00:00:00+00:00, run_after=2028-01-01 00:00:00+00:00
[2026-03-12T02:39:20.393+0000] {processor.py:183} INFO - Processing /opt/airflow/dags/district_mapping_to_s3_to_snowflake.py took 0.291 seconds
[2026-03-12T02:39:51.003+0000] {processor.py:161} INFO - Started process (PID=3728) to work on /opt/airflow/dags/district_mapping_to_s3_to_snowflake.py
[2026-03-12T02:39:51.004+0000] {processor.py:830} INFO - Processing file /opt/airflow/dags/district_mapping_to_s3_to_snowflake.py for tasks to queue
[2026-03-12T02:39:51.005+0000] {logging_mixin.py:188} INFO - [2026-03-12T02:39:51.005+0000] {dagbag.py:538} INFO - Filling up the DagBag from /opt/airflow/dags/district_mapping_to_s3_to_snowflake.py
[2026-03-12T02:39:51.282+0000] {processor.py:840} INFO - DAG(s) 'district_mapping_to_s3_to_snowflake' retrieved from /opt/airflow/dags/district_mapping_to_s3_to_snowflake.py
[2026-03-12T02:39:51.289+0000] {logging_mixin.py:188} INFO - [2026-03-12T02:39:51.289+0000] {dag.py:3036} INFO - Sync 1 DAGs
[2026-03-12T02:39:51.299+0000] {logging_mixin.py:188} INFO - [2026-03-12T02:39:51.299+0000] {dag.py:3823} INFO - Setting next_dagrun for district_mapping_to_s3_to_snowflake to 2027-01-01 00:00:00+00:00, run_after=2028-01-01 00:00:00+00:00
[2026-03-12T02:39:51.310+0000] {processor.py:183} INFO - Processing /opt/airflow/dags/district_mapping_to_s3_to_snowflake.py took 0.308 seconds
[2026-03-12T02:40:22.131+0000] {processor.py:161} INFO - Started process (PID=3804) to work on /opt/airflow/dags/district_mapping_to_s3_to_snowflake.py
[2026-03-12T02:40:22.133+0000] {processor.py:830} INFO - Processing file /opt/airflow/dags/district_mapping_to_s3_to_snowflake.py for tasks to queue
[2026-03-12T02:40:22.133+0000] {logging_mixin.py:188} INFO - [2026-03-12T02:40:22.133+0000] {dagbag.py:538} INFO - Filling up the DagBag from /opt/airflow/dags/district_mapping_to_s3_to_snowflake.py
[2026-03-12T02:40:22.432+0000] {processor.py:840} INFO - DAG(s) 'district_mapping_to_s3_to_snowflake' retrieved from /opt/airflow/dags/district_mapping_to_s3_to_snowflake.py
[2026-03-12T02:40:22.439+0000] {logging_mixin.py:188} INFO - [2026-03-12T02:40:22.439+0000] {dag.py:3036} INFO - Sync 1 DAGs
[2026-03-12T02:40:22.450+0000] {logging_mixin.py:188} INFO - [2026-03-12T02:40:22.449+0000] {dag.py:3823} INFO - Setting next_dagrun for district_mapping_to_s3_to_snowflake to 2027-01-01 00:00:00+00:00, run_after=2028-01-01 00:00:00+00:00
[2026-03-12T02:40:22.463+0000] {processor.py:183} INFO - Processing /opt/airflow/dags/district_mapping_to_s3_to_snowflake.py took 0.333 seconds
[2026-03-12T02:40:53.243+0000] {processor.py:161} INFO - Started process (PID=3880) to work on /opt/airflow/dags/district_mapping_to_s3_to_snowflake.py
[2026-03-12T02:40:53.246+0000] {processor.py:830} INFO - Processing file /opt/airflow/dags/district_mapping_to_s3_to_snowflake.py for tasks to queue
[2026-03-12T02:40:53.251+0000] {logging_mixin.py:188} INFO - [2026-03-12T02:40:53.250+0000] {dagbag.py:538} INFO - Filling up the DagBag from /opt/airflow/dags/district_mapping_to_s3_to_snowflake.py
[2026-03-12T02:40:53.602+0000] {processor.py:840} INFO - DAG(s) 'district_mapping_to_s3_to_snowflake' retrieved from /opt/airflow/dags/district_mapping_to_s3_to_snowflake.py
[2026-03-12T02:40:53.614+0000] {logging_mixin.py:188} INFO - [2026-03-12T02:40:53.613+0000] {dag.py:3036} INFO - Sync 1 DAGs
[2026-03-12T02:40:53.626+0000] {logging_mixin.py:188} INFO - [2026-03-12T02:40:53.626+0000] {dag.py:3823} INFO - Setting next_dagrun for district_mapping_to_s3_to_snowflake to 2027-01-01 00:00:00+00:00, run_after=2028-01-01 00:00:00+00:00
[2026-03-12T02:40:53.642+0000] {processor.py:183} INFO - Processing /opt/airflow/dags/district_mapping_to_s3_to_snowflake.py took 0.406 seconds
[2026-03-12T02:41:24.192+0000] {processor.py:161} INFO - Started process (PID=3956) to work on /opt/airflow/dags/district_mapping_to_s3_to_snowflake.py
[2026-03-12T02:41:24.194+0000] {processor.py:830} INFO - Processing file /opt/airflow/dags/district_mapping_to_s3_to_snowflake.py for tasks to queue
[2026-03-12T02:41:24.197+0000] {logging_mixin.py:188} INFO - [2026-03-12T02:41:24.197+0000] {dagbag.py:538} INFO - Filling up the DagBag from /opt/airflow/dags/district_mapping_to_s3_to_snowflake.py
[2026-03-12T02:41:24.498+0000] {processor.py:840} INFO - DAG(s) 'district_mapping_to_s3_to_snowflake' retrieved from /opt/airflow/dags/district_mapping_to_s3_to_snowflake.py
[2026-03-12T02:41:24.504+0000] {logging_mixin.py:188} INFO - [2026-03-12T02:41:24.504+0000] {dag.py:3036} INFO - Sync 1 DAGs
[2026-03-12T02:41:24.511+0000] {logging_mixin.py:188} INFO - [2026-03-12T02:41:24.511+0000] {dag.py:3823} INFO - Setting next_dagrun for district_mapping_to_s3_to_snowflake to 2027-01-01 00:00:00+00:00, run_after=2028-01-01 00:00:00+00:00
[2026-03-12T02:41:24.517+0000] {processor.py:183} INFO - Processing /opt/airflow/dags/district_mapping_to_s3_to_snowflake.py took 0.330 seconds
[2026-03-12T02:41:54.980+0000] {processor.py:161} INFO - Started process (PID=4032) to work on /opt/airflow/dags/district_mapping_to_s3_to_snowflake.py
[2026-03-12T02:41:54.982+0000] {processor.py:830} INFO - Processing file /opt/airflow/dags/district_mapping_to_s3_to_snowflake.py for tasks to queue
[2026-03-12T02:41:54.984+0000] {logging_mixin.py:188} INFO - [2026-03-12T02:41:54.984+0000] {dagbag.py:538} INFO - Filling up the DagBag from /opt/airflow/dags/district_mapping_to_s3_to_snowflake.py
[2026-03-12T02:41:55.262+0000] {processor.py:840} INFO - DAG(s) 'district_mapping_to_s3_to_snowflake' retrieved from /opt/airflow/dags/district_mapping_to_s3_to_snowflake.py
[2026-03-12T02:41:55.268+0000] {logging_mixin.py:188} INFO - [2026-03-12T02:41:55.268+0000] {dag.py:3036} INFO - Sync 1 DAGs
[2026-03-12T02:41:55.280+0000] {logging_mixin.py:188} INFO - [2026-03-12T02:41:55.280+0000] {dag.py:3823} INFO - Setting next_dagrun for district_mapping_to_s3_to_snowflake to 2027-01-01 00:00:00+00:00, run_after=2028-01-01 00:00:00+00:00
[2026-03-12T02:41:55.290+0000] {processor.py:183} INFO - Processing /opt/airflow/dags/district_mapping_to_s3_to_snowflake.py took 0.315 seconds
[2026-03-12T02:42:25.719+0000] {processor.py:161} INFO - Started process (PID=4108) to work on /opt/airflow/dags/district_mapping_to_s3_to_snowflake.py
[2026-03-12T02:42:25.721+0000] {processor.py:830} INFO - Processing file /opt/airflow/dags/district_mapping_to_s3_to_snowflake.py for tasks to queue
[2026-03-12T02:42:25.724+0000] {logging_mixin.py:188} INFO - [2026-03-12T02:42:25.723+0000] {dagbag.py:538} INFO - Filling up the DagBag from /opt/airflow/dags/district_mapping_to_s3_to_snowflake.py
[2026-03-12T02:42:25.997+0000] {processor.py:840} INFO - DAG(s) 'district_mapping_to_s3_to_snowflake' retrieved from /opt/airflow/dags/district_mapping_to_s3_to_snowflake.py
[2026-03-12T02:42:26.003+0000] {logging_mixin.py:188} INFO - [2026-03-12T02:42:26.003+0000] {dag.py:3036} INFO - Sync 1 DAGs
[2026-03-12T02:42:26.014+0000] {logging_mixin.py:188} INFO - [2026-03-12T02:42:26.014+0000] {dag.py:3823} INFO - Setting next_dagrun for district_mapping_to_s3_to_snowflake to 2027-01-01 00:00:00+00:00, run_after=2028-01-01 00:00:00+00:00
[2026-03-12T02:42:26.024+0000] {processor.py:183} INFO - Processing /opt/airflow/dags/district_mapping_to_s3_to_snowflake.py took 0.309 seconds
[2026-03-12T02:42:56.091+0000] {processor.py:161} INFO - Started process (PID=4184) to work on /opt/airflow/dags/district_mapping_to_s3_to_snowflake.py
[2026-03-12T02:42:56.094+0000] {processor.py:830} INFO - Processing file /opt/airflow/dags/district_mapping_to_s3_to_snowflake.py for tasks to queue
[2026-03-12T02:42:56.096+0000] {logging_mixin.py:188} INFO - [2026-03-12T02:42:56.096+0000] {dagbag.py:538} INFO - Filling up the DagBag from /opt/airflow/dags/district_mapping_to_s3_to_snowflake.py
[2026-03-12T02:42:56.366+0000] {processor.py:840} INFO - DAG(s) 'district_mapping_to_s3_to_snowflake' retrieved from /opt/airflow/dags/district_mapping_to_s3_to_snowflake.py
[2026-03-12T02:42:56.373+0000] {logging_mixin.py:188} INFO - [2026-03-12T02:42:56.373+0000] {dag.py:3036} INFO - Sync 1 DAGs
[2026-03-12T02:42:56.383+0000] {logging_mixin.py:188} INFO - [2026-03-12T02:42:56.383+0000] {dag.py:3823} INFO - Setting next_dagrun for district_mapping_to_s3_to_snowflake to 2027-01-01 00:00:00+00:00, run_after=2028-01-01 00:00:00+00:00
[2026-03-12T02:42:56.394+0000] {processor.py:183} INFO - Processing /opt/airflow/dags/district_mapping_to_s3_to_snowflake.py took 0.307 seconds
[2026-03-12T02:43:26.698+0000] {processor.py:161} INFO - Started process (PID=4260) to work on /opt/airflow/dags/district_mapping_to_s3_to_snowflake.py
[2026-03-12T02:43:26.705+0000] {processor.py:830} INFO - Processing file /opt/airflow/dags/district_mapping_to_s3_to_snowflake.py for tasks to queue
[2026-03-12T02:43:26.708+0000] {logging_mixin.py:188} INFO - [2026-03-12T02:43:26.708+0000] {dagbag.py:538} INFO - Filling up the DagBag from /opt/airflow/dags/district_mapping_to_s3_to_snowflake.py
[2026-03-12T02:43:26.932+0000] {processor.py:840} INFO - DAG(s) 'district_mapping_to_s3_to_snowflake' retrieved from /opt/airflow/dags/district_mapping_to_s3_to_snowflake.py
[2026-03-12T02:43:26.943+0000] {logging_mixin.py:188} INFO - [2026-03-12T02:43:26.943+0000] {dag.py:3036} INFO - Sync 1 DAGs
[2026-03-12T02:43:26.954+0000] {logging_mixin.py:188} INFO - [2026-03-12T02:43:26.954+0000] {dag.py:3823} INFO - Setting next_dagrun for district_mapping_to_s3_to_snowflake to 2027-01-01 00:00:00+00:00, run_after=2028-01-01 00:00:00+00:00
[2026-03-12T02:43:26.966+0000] {processor.py:183} INFO - Processing /opt/airflow/dags/district_mapping_to_s3_to_snowflake.py took 0.273 seconds
[2026-03-12T02:43:57.122+0000] {processor.py:161} INFO - Started process (PID=4336) to work on /opt/airflow/dags/district_mapping_to_s3_to_snowflake.py
[2026-03-12T02:43:57.123+0000] {processor.py:830} INFO - Processing file /opt/airflow/dags/district_mapping_to_s3_to_snowflake.py for tasks to queue
[2026-03-12T02:43:57.125+0000] {logging_mixin.py:188} INFO - [2026-03-12T02:43:57.125+0000] {dagbag.py:538} INFO - Filling up the DagBag from /opt/airflow/dags/district_mapping_to_s3_to_snowflake.py
[2026-03-12T02:43:57.332+0000] {processor.py:840} INFO - DAG(s) 'district_mapping_to_s3_to_snowflake' retrieved from /opt/airflow/dags/district_mapping_to_s3_to_snowflake.py
[2026-03-12T02:43:57.340+0000] {logging_mixin.py:188} INFO - [2026-03-12T02:43:57.340+0000] {dag.py:3036} INFO - Sync 1 DAGs
[2026-03-12T02:43:57.352+0000] {logging_mixin.py:188} INFO - [2026-03-12T02:43:57.352+0000] {dag.py:3823} INFO - Setting next_dagrun for district_mapping_to_s3_to_snowflake to 2027-01-01 00:00:00+00:00, run_after=2028-01-01 00:00:00+00:00
[2026-03-12T02:43:57.358+0000] {processor.py:183} INFO - Processing /opt/airflow/dags/district_mapping_to_s3_to_snowflake.py took 0.241 seconds
[2026-03-12T02:44:27.528+0000] {processor.py:161} INFO - Started process (PID=4412) to work on /opt/airflow/dags/district_mapping_to_s3_to_snowflake.py
[2026-03-12T02:44:27.530+0000] {processor.py:830} INFO - Processing file /opt/airflow/dags/district_mapping_to_s3_to_snowflake.py for tasks to queue
[2026-03-12T02:44:27.532+0000] {logging_mixin.py:188} INFO - [2026-03-12T02:44:27.532+0000] {dagbag.py:538} INFO - Filling up the DagBag from /opt/airflow/dags/district_mapping_to_s3_to_snowflake.py
[2026-03-12T02:44:27.755+0000] {processor.py:840} INFO - DAG(s) 'district_mapping_to_s3_to_snowflake' retrieved from /opt/airflow/dags/district_mapping_to_s3_to_snowflake.py
[2026-03-12T02:44:27.765+0000] {logging_mixin.py:188} INFO - [2026-03-12T02:44:27.765+0000] {dag.py:3036} INFO - Sync 1 DAGs
[2026-03-12T02:44:27.775+0000] {logging_mixin.py:188} INFO - [2026-03-12T02:44:27.774+0000] {dag.py:3823} INFO - Setting next_dagrun for district_mapping_to_s3_to_snowflake to 2027-01-01 00:00:00+00:00, run_after=2028-01-01 00:00:00+00:00
[2026-03-12T02:44:27.781+0000] {processor.py:183} INFO - Processing /opt/airflow/dags/district_mapping_to_s3_to_snowflake.py took 0.257 seconds
[2026-03-12T02:44:57.905+0000] {processor.py:161} INFO - Started process (PID=4488) to work on /opt/airflow/dags/district_mapping_to_s3_to_snowflake.py
[2026-03-12T02:44:57.906+0000] {processor.py:830} INFO - Processing file /opt/airflow/dags/district_mapping_to_s3_to_snowflake.py for tasks to queue
[2026-03-12T02:44:57.908+0000] {logging_mixin.py:188} INFO - [2026-03-12T02:44:57.908+0000] {dagbag.py:538} INFO - Filling up the DagBag from /opt/airflow/dags/district_mapping_to_s3_to_snowflake.py
[2026-03-12T02:44:58.120+0000] {processor.py:840} INFO - DAG(s) 'district_mapping_to_s3_to_snowflake' retrieved from /opt/airflow/dags/district_mapping_to_s3_to_snowflake.py
[2026-03-12T02:44:58.131+0000] {logging_mixin.py:188} INFO - [2026-03-12T02:44:58.130+0000] {dag.py:3036} INFO - Sync 1 DAGs
[2026-03-12T02:44:58.247+0000] {logging_mixin.py:188} INFO - [2026-03-12T02:44:58.247+0000] {dag.py:3823} INFO - Setting next_dagrun for district_mapping_to_s3_to_snowflake to 2027-01-01 00:00:00+00:00, run_after=2028-01-01 00:00:00+00:00
[2026-03-12T02:44:58.258+0000] {processor.py:183} INFO - Processing /opt/airflow/dags/district_mapping_to_s3_to_snowflake.py took 0.358 seconds
[2026-03-12T02:45:28.351+0000] {processor.py:161} INFO - Started process (PID=4564) to work on /opt/airflow/dags/district_mapping_to_s3_to_snowflake.py
[2026-03-12T02:45:28.353+0000] {processor.py:830} INFO - Processing file /opt/airflow/dags/district_mapping_to_s3_to_snowflake.py for tasks to queue
[2026-03-12T02:45:28.356+0000] {logging_mixin.py:188} INFO - [2026-03-12T02:45:28.356+0000] {dagbag.py:538} INFO - Filling up the DagBag from /opt/airflow/dags/district_mapping_to_s3_to_snowflake.py
[2026-03-12T02:45:28.650+0000] {processor.py:840} INFO - DAG(s) 'district_mapping_to_s3_to_snowflake' retrieved from /opt/airflow/dags/district_mapping_to_s3_to_snowflake.py
[2026-03-12T02:45:28.661+0000] {logging_mixin.py:188} INFO - [2026-03-12T02:45:28.661+0000] {dag.py:3036} INFO - Sync 1 DAGs
[2026-03-12T02:45:28.669+0000] {logging_mixin.py:188} INFO - [2026-03-12T02:45:28.669+0000] {dag.py:3823} INFO - Setting next_dagrun for district_mapping_to_s3_to_snowflake to 2027-01-01 00:00:00+00:00, run_after=2028-01-01 00:00:00+00:00
[2026-03-12T02:45:28.675+0000] {processor.py:183} INFO - Processing /opt/airflow/dags/district_mapping_to_s3_to_snowflake.py took 0.328 seconds
[2026-03-12T02:45:58.852+0000] {processor.py:161} INFO - Started process (PID=4640) to work on /opt/airflow/dags/district_mapping_to_s3_to_snowflake.py
[2026-03-12T02:45:58.854+0000] {processor.py:830} INFO - Processing file /opt/airflow/dags/district_mapping_to_s3_to_snowflake.py for tasks to queue
[2026-03-12T02:45:58.856+0000] {logging_mixin.py:188} INFO - [2026-03-12T02:45:58.856+0000] {dagbag.py:538} INFO - Filling up the DagBag from /opt/airflow/dags/district_mapping_to_s3_to_snowflake.py
[2026-03-12T02:45:59.163+0000] {processor.py:840} INFO - DAG(s) 'district_mapping_to_s3_to_snowflake' retrieved from /opt/airflow/dags/district_mapping_to_s3_to_snowflake.py
[2026-03-12T02:45:59.170+0000] {logging_mixin.py:188} INFO - [2026-03-12T02:45:59.170+0000] {dag.py:3036} INFO - Sync 1 DAGs
[2026-03-12T02:45:59.178+0000] {logging_mixin.py:188} INFO - [2026-03-12T02:45:59.178+0000] {dag.py:3823} INFO - Setting next_dagrun for district_mapping_to_s3_to_snowflake to 2027-01-01 00:00:00+00:00, run_after=2028-01-01 00:00:00+00:00
[2026-03-12T02:45:59.183+0000] {processor.py:183} INFO - Processing /opt/airflow/dags/district_mapping_to_s3_to_snowflake.py took 0.336 seconds
[2026-03-12T02:46:29.272+0000] {processor.py:161} INFO - Started process (PID=4716) to work on /opt/airflow/dags/district_mapping_to_s3_to_snowflake.py
[2026-03-12T02:46:29.275+0000] {processor.py:830} INFO - Processing file /opt/airflow/dags/district_mapping_to_s3_to_snowflake.py for tasks to queue
[2026-03-12T02:46:29.277+0000] {logging_mixin.py:188} INFO - [2026-03-12T02:46:29.277+0000] {dagbag.py:538} INFO - Filling up the DagBag from /opt/airflow/dags/district_mapping_to_s3_to_snowflake.py
[2026-03-12T02:46:29.578+0000] {processor.py:840} INFO - DAG(s) 'district_mapping_to_s3_to_snowflake' retrieved from /opt/airflow/dags/district_mapping_to_s3_to_snowflake.py
[2026-03-12T02:46:29.584+0000] {logging_mixin.py:188} INFO - [2026-03-12T02:46:29.584+0000] {dag.py:3036} INFO - Sync 1 DAGs
[2026-03-12T02:46:29.594+0000] {logging_mixin.py:188} INFO - [2026-03-12T02:46:29.594+0000] {dag.py:3823} INFO - Setting next_dagrun for district_mapping_to_s3_to_snowflake to 2027-01-01 00:00:00+00:00, run_after=2028-01-01 00:00:00+00:00
[2026-03-12T02:46:29.602+0000] {processor.py:183} INFO - Processing /opt/airflow/dags/district_mapping_to_s3_to_snowflake.py took 0.335 seconds
[2026-03-12T02:47:00.081+0000] {processor.py:161} INFO - Started process (PID=4792) to work on /opt/airflow/dags/district_mapping_to_s3_to_snowflake.py
[2026-03-12T02:47:00.083+0000] {processor.py:830} INFO - Processing file /opt/airflow/dags/district_mapping_to_s3_to_snowflake.py for tasks to queue
[2026-03-12T02:47:00.086+0000] {logging_mixin.py:188} INFO - [2026-03-12T02:47:00.086+0000] {dagbag.py:538} INFO - Filling up the DagBag from /opt/airflow/dags/district_mapping_to_s3_to_snowflake.py
[2026-03-12T02:47:00.380+0000] {processor.py:840} INFO - DAG(s) 'district_mapping_to_s3_to_snowflake' retrieved from /opt/airflow/dags/district_mapping_to_s3_to_snowflake.py
[2026-03-12T02:47:00.390+0000] {logging_mixin.py:188} INFO - [2026-03-12T02:47:00.389+0000] {dag.py:3036} INFO - Sync 1 DAGs
[2026-03-12T02:47:00.400+0000] {logging_mixin.py:188} INFO - [2026-03-12T02:47:00.400+0000] {dag.py:3823} INFO - Setting next_dagrun for district_mapping_to_s3_to_snowflake to 2027-01-01 00:00:00+00:00, run_after=2028-01-01 00:00:00+00:00
[2026-03-12T02:47:00.412+0000] {processor.py:183} INFO - Processing /opt/airflow/dags/district_mapping_to_s3_to_snowflake.py took 0.336 seconds
[2026-03-12T02:47:30.791+0000] {processor.py:161} INFO - Started process (PID=4868) to work on /opt/airflow/dags/district_mapping_to_s3_to_snowflake.py
[2026-03-12T02:47:30.794+0000] {processor.py:830} INFO - Processing file /opt/airflow/dags/district_mapping_to_s3_to_snowflake.py for tasks to queue
[2026-03-12T02:47:30.796+0000] {logging_mixin.py:188} INFO - [2026-03-12T02:47:30.795+0000] {dagbag.py:538} INFO - Filling up the DagBag from /opt/airflow/dags/district_mapping_to_s3_to_snowflake.py
[2026-03-12T02:47:31.071+0000] {processor.py:840} INFO - DAG(s) 'district_mapping_to_s3_to_snowflake' retrieved from /opt/airflow/dags/district_mapping_to_s3_to_snowflake.py
[2026-03-12T02:47:31.078+0000] {logging_mixin.py:188} INFO - [2026-03-12T02:47:31.078+0000] {dag.py:3036} INFO - Sync 1 DAGs
[2026-03-12T02:47:31.089+0000] {logging_mixin.py:188} INFO - [2026-03-12T02:47:31.089+0000] {dag.py:3823} INFO - Setting next_dagrun for district_mapping_to_s3_to_snowflake to 2027-01-01 00:00:00+00:00, run_after=2028-01-01 00:00:00+00:00
[2026-03-12T02:47:31.095+0000] {processor.py:183} INFO - Processing /opt/airflow/dags/district_mapping_to_s3_to_snowflake.py took 0.310 seconds
[2026-03-12T02:48:01.109+0000] {processor.py:161} INFO - Started process (PID=4944) to work on /opt/airflow/dags/district_mapping_to_s3_to_snowflake.py
[2026-03-12T02:48:01.110+0000] {processor.py:830} INFO - Processing file /opt/airflow/dags/district_mapping_to_s3_to_snowflake.py for tasks to queue
[2026-03-12T02:48:01.110+0000] {logging_mixin.py:188} INFO - [2026-03-12T02:48:01.110+0000] {dagbag.py:538} INFO - Filling up the DagBag from /opt/airflow/dags/district_mapping_to_s3_to_snowflake.py
[2026-03-12T02:48:01.425+0000] {processor.py:840} INFO - DAG(s) 'district_mapping_to_s3_to_snowflake' retrieved from /opt/airflow/dags/district_mapping_to_s3_to_snowflake.py
[2026-03-12T02:48:01.434+0000] {logging_mixin.py:188} INFO - [2026-03-12T02:48:01.434+0000] {dag.py:3036} INFO - Sync 1 DAGs
[2026-03-12T02:48:01.444+0000] {logging_mixin.py:188} INFO - [2026-03-12T02:48:01.444+0000] {dag.py:3823} INFO - Setting next_dagrun for district_mapping_to_s3_to_snowflake to 2027-01-01 00:00:00+00:00, run_after=2028-01-01 00:00:00+00:00
[2026-03-12T02:48:01.454+0000] {processor.py:183} INFO - Processing /opt/airflow/dags/district_mapping_to_s3_to_snowflake.py took 0.347 seconds
[2026-03-12T02:48:32.150+0000] {processor.py:161} INFO - Started process (PID=5020) to work on /opt/airflow/dags/district_mapping_to_s3_to_snowflake.py
[2026-03-12T02:48:32.151+0000] {processor.py:830} INFO - Processing file /opt/airflow/dags/district_mapping_to_s3_to_snowflake.py for tasks to queue
[2026-03-12T02:48:32.152+0000] {logging_mixin.py:188} INFO - [2026-03-12T02:48:32.152+0000] {dagbag.py:538} INFO - Filling up the DagBag from /opt/airflow/dags/district_mapping_to_s3_to_snowflake.py
[2026-03-12T02:48:32.467+0000] {processor.py:840} INFO - DAG(s) 'district_mapping_to_s3_to_snowflake' retrieved from /opt/airflow/dags/district_mapping_to_s3_to_snowflake.py
[2026-03-12T02:48:32.474+0000] {logging_mixin.py:188} INFO - [2026-03-12T02:48:32.474+0000] {dag.py:3036} INFO - Sync 1 DAGs
[2026-03-12T02:48:32.481+0000] {logging_mixin.py:188} INFO - [2026-03-12T02:48:32.481+0000] {dag.py:3823} INFO - Setting next_dagrun for district_mapping_to_s3_to_snowflake to 2027-01-01 00:00:00+00:00, run_after=2028-01-01 00:00:00+00:00
[2026-03-12T02:48:32.487+0000] {processor.py:183} INFO - Processing /opt/airflow/dags/district_mapping_to_s3_to_snowflake.py took 0.339 seconds
[2026-03-12T02:49:03.091+0000] {processor.py:161} INFO - Started process (PID=5096) to work on /opt/airflow/dags/district_mapping_to_s3_to_snowflake.py
[2026-03-12T02:49:03.092+0000] {processor.py:830} INFO - Processing file /opt/airflow/dags/district_mapping_to_s3_to_snowflake.py for tasks to queue
[2026-03-12T02:49:03.094+0000] {logging_mixin.py:188} INFO - [2026-03-12T02:49:03.094+0000] {dagbag.py:538} INFO - Filling up the DagBag from /opt/airflow/dags/district_mapping_to_s3_to_snowflake.py
[2026-03-12T02:49:03.487+0000] {processor.py:840} INFO - DAG(s) 'district_mapping_to_s3_to_snowflake' retrieved from /opt/airflow/dags/district_mapping_to_s3_to_snowflake.py
[2026-03-12T02:49:03.497+0000] {logging_mixin.py:188} INFO - [2026-03-12T02:49:03.497+0000] {dag.py:3036} INFO - Sync 1 DAGs
[2026-03-12T02:49:03.506+0000] {logging_mixin.py:188} INFO - [2026-03-12T02:49:03.506+0000] {dag.py:3823} INFO - Setting next_dagrun for district_mapping_to_s3_to_snowflake to 2027-01-01 00:00:00+00:00, run_after=2028-01-01 00:00:00+00:00
[2026-03-12T02:49:03.518+0000] {processor.py:183} INFO - Processing /opt/airflow/dags/district_mapping_to_s3_to_snowflake.py took 0.433 seconds
[2026-03-12T02:49:33.772+0000] {processor.py:161} INFO - Started process (PID=5172) to work on /opt/airflow/dags/district_mapping_to_s3_to_snowflake.py
[2026-03-12T02:49:33.776+0000] {processor.py:830} INFO - Processing file /opt/airflow/dags/district_mapping_to_s3_to_snowflake.py for tasks to queue
[2026-03-12T02:49:33.778+0000] {logging_mixin.py:188} INFO - [2026-03-12T02:49:33.777+0000] {dagbag.py:538} INFO - Filling up the DagBag from /opt/airflow/dags/district_mapping_to_s3_to_snowflake.py
[2026-03-12T02:49:34.104+0000] {processor.py:840} INFO - DAG(s) 'district_mapping_to_s3_to_snowflake' retrieved from /opt/airflow/dags/district_mapping_to_s3_to_snowflake.py
[2026-03-12T02:49:34.117+0000] {logging_mixin.py:188} INFO - [2026-03-12T02:49:34.116+0000] {dag.py:3036} INFO - Sync 1 DAGs
[2026-03-12T02:49:34.125+0000] {logging_mixin.py:188} INFO - [2026-03-12T02:49:34.125+0000] {dag.py:3823} INFO - Setting next_dagrun for district_mapping_to_s3_to_snowflake to 2027-01-01 00:00:00+00:00, run_after=2028-01-01 00:00:00+00:00
[2026-03-12T02:49:34.134+0000] {processor.py:183} INFO - Processing /opt/airflow/dags/district_mapping_to_s3_to_snowflake.py took 0.365 seconds
