[2026-03-12T02:15:09.393+0000] {processor.py:161} INFO - Started process (PID=76) to work on /opt/airflow/dags/housing_api_to_s3_to_snowflake.py
[2026-03-12T02:15:09.394+0000] {processor.py:830} INFO - Processing file /opt/airflow/dags/housing_api_to_s3_to_snowflake.py for tasks to queue
[2026-03-12T02:15:09.395+0000] {logging_mixin.py:188} INFO - [2026-03-12T02:15:09.395+0000] {dagbag.py:538} INFO - Filling up the DagBag from /opt/airflow/dags/housing_api_to_s3_to_snowflake.py
[2026-03-12T02:15:09.708+0000] {processor.py:840} INFO - DAG(s) 'housing_api_to_s3_to_snowflake' retrieved from /opt/airflow/dags/housing_api_to_s3_to_snowflake.py
[2026-03-12T02:15:09.758+0000] {logging_mixin.py:188} INFO - [2026-03-12T02:15:09.757+0000] {dag.py:3036} INFO - Sync 1 DAGs
[2026-03-12T02:15:09.766+0000] {logging_mixin.py:188} INFO - [2026-03-12T02:15:09.766+0000] {dag.py:3823} INFO - Setting next_dagrun for housing_api_to_s3_to_snowflake to 2026-07-01 00:00:00+00:00, run_after=2027-07-01 00:00:00+00:00
[2026-03-12T02:15:09.778+0000] {processor.py:183} INFO - Processing /opt/airflow/dags/housing_api_to_s3_to_snowflake.py took 0.386 seconds
[2026-03-12T02:15:39.888+0000] {processor.py:161} INFO - Started process (PID=152) to work on /opt/airflow/dags/housing_api_to_s3_to_snowflake.py
[2026-03-12T02:15:39.889+0000] {processor.py:830} INFO - Processing file /opt/airflow/dags/housing_api_to_s3_to_snowflake.py for tasks to queue
[2026-03-12T02:15:39.890+0000] {logging_mixin.py:188} INFO - [2026-03-12T02:15:39.890+0000] {dagbag.py:538} INFO - Filling up the DagBag from /opt/airflow/dags/housing_api_to_s3_to_snowflake.py
[2026-03-12T02:15:40.193+0000] {processor.py:840} INFO - DAG(s) 'housing_api_to_s3_to_snowflake' retrieved from /opt/airflow/dags/housing_api_to_s3_to_snowflake.py
[2026-03-12T02:15:40.210+0000] {logging_mixin.py:188} INFO - [2026-03-12T02:15:40.210+0000] {dag.py:3036} INFO - Sync 1 DAGs
[2026-03-12T02:15:40.220+0000] {logging_mixin.py:188} INFO - [2026-03-12T02:15:40.220+0000] {dag.py:3823} INFO - Setting next_dagrun for housing_api_to_s3_to_snowflake to 2026-07-01 00:00:00+00:00, run_after=2027-07-01 00:00:00+00:00
[2026-03-12T02:15:40.231+0000] {processor.py:183} INFO - Processing /opt/airflow/dags/housing_api_to_s3_to_snowflake.py took 0.345 seconds
[2026-03-12T02:16:11.023+0000] {processor.py:161} INFO - Started process (PID=228) to work on /opt/airflow/dags/housing_api_to_s3_to_snowflake.py
[2026-03-12T02:16:11.025+0000] {processor.py:830} INFO - Processing file /opt/airflow/dags/housing_api_to_s3_to_snowflake.py for tasks to queue
[2026-03-12T02:16:11.026+0000] {logging_mixin.py:188} INFO - [2026-03-12T02:16:11.026+0000] {dagbag.py:538} INFO - Filling up the DagBag from /opt/airflow/dags/housing_api_to_s3_to_snowflake.py
[2026-03-12T02:16:11.282+0000] {processor.py:840} INFO - DAG(s) 'housing_api_to_s3_to_snowflake' retrieved from /opt/airflow/dags/housing_api_to_s3_to_snowflake.py
[2026-03-12T02:16:11.295+0000] {logging_mixin.py:188} INFO - [2026-03-12T02:16:11.295+0000] {dag.py:3036} INFO - Sync 1 DAGs
[2026-03-12T02:16:11.308+0000] {logging_mixin.py:188} INFO - [2026-03-12T02:16:11.308+0000] {dag.py:3823} INFO - Setting next_dagrun for housing_api_to_s3_to_snowflake to 2026-07-01 00:00:00+00:00, run_after=2027-07-01 00:00:00+00:00
[2026-03-12T02:16:11.315+0000] {processor.py:183} INFO - Processing /opt/airflow/dags/housing_api_to_s3_to_snowflake.py took 0.293 seconds
[2026-03-12T02:16:41.932+0000] {processor.py:161} INFO - Started process (PID=304) to work on /opt/airflow/dags/housing_api_to_s3_to_snowflake.py
[2026-03-12T02:16:41.932+0000] {processor.py:830} INFO - Processing file /opt/airflow/dags/housing_api_to_s3_to_snowflake.py for tasks to queue
[2026-03-12T02:16:41.933+0000] {logging_mixin.py:188} INFO - [2026-03-12T02:16:41.933+0000] {dagbag.py:538} INFO - Filling up the DagBag from /opt/airflow/dags/housing_api_to_s3_to_snowflake.py
[2026-03-12T02:16:42.111+0000] {processor.py:840} INFO - DAG(s) 'housing_api_to_s3_to_snowflake' retrieved from /opt/airflow/dags/housing_api_to_s3_to_snowflake.py
[2026-03-12T02:16:42.124+0000] {logging_mixin.py:188} INFO - [2026-03-12T02:16:42.124+0000] {dag.py:3036} INFO - Sync 1 DAGs
[2026-03-12T02:16:42.136+0000] {logging_mixin.py:188} INFO - [2026-03-12T02:16:42.136+0000] {dag.py:3823} INFO - Setting next_dagrun for housing_api_to_s3_to_snowflake to 2026-07-01 00:00:00+00:00, run_after=2027-07-01 00:00:00+00:00
[2026-03-12T02:16:42.142+0000] {processor.py:183} INFO - Processing /opt/airflow/dags/housing_api_to_s3_to_snowflake.py took 0.212 seconds
[2026-03-12T02:17:12.886+0000] {processor.py:161} INFO - Started process (PID=380) to work on /opt/airflow/dags/housing_api_to_s3_to_snowflake.py
[2026-03-12T02:17:12.888+0000] {processor.py:830} INFO - Processing file /opt/airflow/dags/housing_api_to_s3_to_snowflake.py for tasks to queue
[2026-03-12T02:17:12.889+0000] {logging_mixin.py:188} INFO - [2026-03-12T02:17:12.889+0000] {dagbag.py:538} INFO - Filling up the DagBag from /opt/airflow/dags/housing_api_to_s3_to_snowflake.py
[2026-03-12T02:17:13.065+0000] {processor.py:840} INFO - DAG(s) 'housing_api_to_s3_to_snowflake' retrieved from /opt/airflow/dags/housing_api_to_s3_to_snowflake.py
[2026-03-12T02:17:13.076+0000] {logging_mixin.py:188} INFO - [2026-03-12T02:17:13.075+0000] {dag.py:3036} INFO - Sync 1 DAGs
[2026-03-12T02:17:13.083+0000] {logging_mixin.py:188} INFO - [2026-03-12T02:17:13.083+0000] {dag.py:3823} INFO - Setting next_dagrun for housing_api_to_s3_to_snowflake to 2026-07-01 00:00:00+00:00, run_after=2027-07-01 00:00:00+00:00
[2026-03-12T02:17:13.094+0000] {processor.py:183} INFO - Processing /opt/airflow/dags/housing_api_to_s3_to_snowflake.py took 0.210 seconds
[2026-03-12T02:17:43.342+0000] {processor.py:161} INFO - Started process (PID=456) to work on /opt/airflow/dags/housing_api_to_s3_to_snowflake.py
[2026-03-12T02:17:43.343+0000] {processor.py:830} INFO - Processing file /opt/airflow/dags/housing_api_to_s3_to_snowflake.py for tasks to queue
[2026-03-12T02:17:43.345+0000] {logging_mixin.py:188} INFO - [2026-03-12T02:17:43.345+0000] {dagbag.py:538} INFO - Filling up the DagBag from /opt/airflow/dags/housing_api_to_s3_to_snowflake.py
[2026-03-12T02:17:43.531+0000] {processor.py:840} INFO - DAG(s) 'housing_api_to_s3_to_snowflake' retrieved from /opt/airflow/dags/housing_api_to_s3_to_snowflake.py
[2026-03-12T02:17:43.542+0000] {logging_mixin.py:188} INFO - [2026-03-12T02:17:43.541+0000] {dag.py:3036} INFO - Sync 1 DAGs
[2026-03-12T02:17:43.551+0000] {logging_mixin.py:188} INFO - [2026-03-12T02:17:43.551+0000] {dag.py:3823} INFO - Setting next_dagrun for housing_api_to_s3_to_snowflake to 2026-07-01 00:00:00+00:00, run_after=2027-07-01 00:00:00+00:00
[2026-03-12T02:17:43.560+0000] {processor.py:183} INFO - Processing /opt/airflow/dags/housing_api_to_s3_to_snowflake.py took 0.220 seconds
[2026-03-12T02:18:14.177+0000] {processor.py:161} INFO - Started process (PID=532) to work on /opt/airflow/dags/housing_api_to_s3_to_snowflake.py
[2026-03-12T02:18:14.179+0000] {processor.py:830} INFO - Processing file /opt/airflow/dags/housing_api_to_s3_to_snowflake.py for tasks to queue
[2026-03-12T02:18:14.181+0000] {logging_mixin.py:188} INFO - [2026-03-12T02:18:14.181+0000] {dagbag.py:538} INFO - Filling up the DagBag from /opt/airflow/dags/housing_api_to_s3_to_snowflake.py
[2026-03-12T02:18:14.394+0000] {processor.py:840} INFO - DAG(s) 'housing_api_to_s3_to_snowflake' retrieved from /opt/airflow/dags/housing_api_to_s3_to_snowflake.py
[2026-03-12T02:18:14.405+0000] {logging_mixin.py:188} INFO - [2026-03-12T02:18:14.405+0000] {dag.py:3036} INFO - Sync 1 DAGs
[2026-03-12T02:18:14.412+0000] {logging_mixin.py:188} INFO - [2026-03-12T02:18:14.412+0000] {dag.py:3823} INFO - Setting next_dagrun for housing_api_to_s3_to_snowflake to 2026-07-01 00:00:00+00:00, run_after=2027-07-01 00:00:00+00:00
[2026-03-12T02:18:14.419+0000] {processor.py:183} INFO - Processing /opt/airflow/dags/housing_api_to_s3_to_snowflake.py took 0.244 seconds
[2026-03-12T02:18:44.969+0000] {processor.py:161} INFO - Started process (PID=607) to work on /opt/airflow/dags/housing_api_to_s3_to_snowflake.py
[2026-03-12T02:18:44.971+0000] {processor.py:830} INFO - Processing file /opt/airflow/dags/housing_api_to_s3_to_snowflake.py for tasks to queue
[2026-03-12T02:18:44.975+0000] {logging_mixin.py:188} INFO - [2026-03-12T02:18:44.974+0000] {dagbag.py:538} INFO - Filling up the DagBag from /opt/airflow/dags/housing_api_to_s3_to_snowflake.py
[2026-03-12T02:18:45.160+0000] {processor.py:840} INFO - DAG(s) 'housing_api_to_s3_to_snowflake' retrieved from /opt/airflow/dags/housing_api_to_s3_to_snowflake.py
[2026-03-12T02:18:45.168+0000] {logging_mixin.py:188} INFO - [2026-03-12T02:18:45.168+0000] {dag.py:3036} INFO - Sync 1 DAGs
[2026-03-12T02:18:45.178+0000] {logging_mixin.py:188} INFO - [2026-03-12T02:18:45.178+0000] {dag.py:3823} INFO - Setting next_dagrun for housing_api_to_s3_to_snowflake to 2026-07-01 00:00:00+00:00, run_after=2027-07-01 00:00:00+00:00
[2026-03-12T02:18:45.190+0000] {processor.py:183} INFO - Processing /opt/airflow/dags/housing_api_to_s3_to_snowflake.py took 0.223 seconds
[2026-03-12T02:19:15.836+0000] {processor.py:161} INFO - Started process (PID=682) to work on /opt/airflow/dags/housing_api_to_s3_to_snowflake.py
[2026-03-12T02:19:15.837+0000] {processor.py:830} INFO - Processing file /opt/airflow/dags/housing_api_to_s3_to_snowflake.py for tasks to queue
[2026-03-12T02:19:15.838+0000] {logging_mixin.py:188} INFO - [2026-03-12T02:19:15.838+0000] {dagbag.py:538} INFO - Filling up the DagBag from /opt/airflow/dags/housing_api_to_s3_to_snowflake.py
[2026-03-12T02:19:16.012+0000] {processor.py:840} INFO - DAG(s) 'housing_api_to_s3_to_snowflake' retrieved from /opt/airflow/dags/housing_api_to_s3_to_snowflake.py
[2026-03-12T02:19:16.025+0000] {logging_mixin.py:188} INFO - [2026-03-12T02:19:16.025+0000] {dag.py:3036} INFO - Sync 1 DAGs
[2026-03-12T02:19:16.033+0000] {logging_mixin.py:188} INFO - [2026-03-12T02:19:16.032+0000] {dag.py:3823} INFO - Setting next_dagrun for housing_api_to_s3_to_snowflake to 2026-07-01 00:00:00+00:00, run_after=2027-07-01 00:00:00+00:00
[2026-03-12T02:19:16.038+0000] {processor.py:183} INFO - Processing /opt/airflow/dags/housing_api_to_s3_to_snowflake.py took 0.204 seconds
[2026-03-12T02:19:47.195+0000] {processor.py:161} INFO - Started process (PID=760) to work on /opt/airflow/dags/housing_api_to_s3_to_snowflake.py
[2026-03-12T02:19:47.196+0000] {processor.py:830} INFO - Processing file /opt/airflow/dags/housing_api_to_s3_to_snowflake.py for tasks to queue
[2026-03-12T02:19:47.197+0000] {logging_mixin.py:188} INFO - [2026-03-12T02:19:47.196+0000] {dagbag.py:538} INFO - Filling up the DagBag from /opt/airflow/dags/housing_api_to_s3_to_snowflake.py
[2026-03-12T02:19:47.369+0000] {processor.py:840} INFO - DAG(s) 'housing_api_to_s3_to_snowflake' retrieved from /opt/airflow/dags/housing_api_to_s3_to_snowflake.py
[2026-03-12T02:19:47.376+0000] {logging_mixin.py:188} INFO - [2026-03-12T02:19:47.376+0000] {dag.py:3036} INFO - Sync 1 DAGs
[2026-03-12T02:19:47.473+0000] {logging_mixin.py:188} INFO - [2026-03-12T02:19:47.473+0000] {dag.py:3823} INFO - Setting next_dagrun for housing_api_to_s3_to_snowflake to 2026-07-01 00:00:00+00:00, run_after=2027-07-01 00:00:00+00:00
[2026-03-12T02:19:47.480+0000] {processor.py:183} INFO - Processing /opt/airflow/dags/housing_api_to_s3_to_snowflake.py took 0.287 seconds
[2026-03-12T02:20:18.320+0000] {processor.py:161} INFO - Started process (PID=838) to work on /opt/airflow/dags/housing_api_to_s3_to_snowflake.py
[2026-03-12T02:20:18.321+0000] {processor.py:830} INFO - Processing file /opt/airflow/dags/housing_api_to_s3_to_snowflake.py for tasks to queue
[2026-03-12T02:20:18.322+0000] {logging_mixin.py:188} INFO - [2026-03-12T02:20:18.322+0000] {dagbag.py:538} INFO - Filling up the DagBag from /opt/airflow/dags/housing_api_to_s3_to_snowflake.py
[2026-03-12T02:20:18.587+0000] {processor.py:840} INFO - DAG(s) 'housing_api_to_s3_to_snowflake' retrieved from /opt/airflow/dags/housing_api_to_s3_to_snowflake.py
[2026-03-12T02:20:18.594+0000] {logging_mixin.py:188} INFO - [2026-03-12T02:20:18.594+0000] {dag.py:3036} INFO - Sync 1 DAGs
[2026-03-12T02:20:18.601+0000] {logging_mixin.py:188} INFO - [2026-03-12T02:20:18.601+0000] {dag.py:3823} INFO - Setting next_dagrun for housing_api_to_s3_to_snowflake to 2026-07-01 00:00:00+00:00, run_after=2027-07-01 00:00:00+00:00
[2026-03-12T02:20:18.608+0000] {processor.py:183} INFO - Processing /opt/airflow/dags/housing_api_to_s3_to_snowflake.py took 0.289 seconds
[2026-03-12T02:20:49.684+0000] {processor.py:161} INFO - Started process (PID=914) to work on /opt/airflow/dags/housing_api_to_s3_to_snowflake.py
[2026-03-12T02:20:49.685+0000] {processor.py:830} INFO - Processing file /opt/airflow/dags/housing_api_to_s3_to_snowflake.py for tasks to queue
[2026-03-12T02:20:49.686+0000] {logging_mixin.py:188} INFO - [2026-03-12T02:20:49.686+0000] {dagbag.py:538} INFO - Filling up the DagBag from /opt/airflow/dags/housing_api_to_s3_to_snowflake.py
[2026-03-12T02:20:50.095+0000] {processor.py:840} INFO - DAG(s) 'housing_api_to_s3_to_snowflake' retrieved from /opt/airflow/dags/housing_api_to_s3_to_snowflake.py
[2026-03-12T02:20:50.105+0000] {logging_mixin.py:188} INFO - [2026-03-12T02:20:50.105+0000] {dag.py:3036} INFO - Sync 1 DAGs
[2026-03-12T02:20:50.116+0000] {logging_mixin.py:188} INFO - [2026-03-12T02:20:50.116+0000] {dag.py:3823} INFO - Setting next_dagrun for housing_api_to_s3_to_snowflake to 2026-07-01 00:00:00+00:00, run_after=2027-07-01 00:00:00+00:00
[2026-03-12T02:20:50.125+0000] {processor.py:183} INFO - Processing /opt/airflow/dags/housing_api_to_s3_to_snowflake.py took 0.444 seconds
[2026-03-12T02:21:20.161+0000] {processor.py:161} INFO - Started process (PID=989) to work on /opt/airflow/dags/housing_api_to_s3_to_snowflake.py
[2026-03-12T02:21:20.162+0000] {processor.py:830} INFO - Processing file /opt/airflow/dags/housing_api_to_s3_to_snowflake.py for tasks to queue
[2026-03-12T02:21:20.163+0000] {logging_mixin.py:188} INFO - [2026-03-12T02:21:20.163+0000] {dagbag.py:538} INFO - Filling up the DagBag from /opt/airflow/dags/housing_api_to_s3_to_snowflake.py
[2026-03-12T02:21:20.415+0000] {processor.py:840} INFO - DAG(s) 'housing_api_to_s3_to_snowflake' retrieved from /opt/airflow/dags/housing_api_to_s3_to_snowflake.py
[2026-03-12T02:21:20.421+0000] {logging_mixin.py:188} INFO - [2026-03-12T02:21:20.420+0000] {dag.py:3036} INFO - Sync 1 DAGs
[2026-03-12T02:21:20.427+0000] {logging_mixin.py:188} INFO - [2026-03-12T02:21:20.427+0000] {dag.py:3823} INFO - Setting next_dagrun for housing_api_to_s3_to_snowflake to 2026-07-01 00:00:00+00:00, run_after=2027-07-01 00:00:00+00:00
[2026-03-12T02:21:20.432+0000] {processor.py:183} INFO - Processing /opt/airflow/dags/housing_api_to_s3_to_snowflake.py took 0.273 seconds
[2026-03-12T02:21:50.696+0000] {processor.py:161} INFO - Started process (PID=1065) to work on /opt/airflow/dags/housing_api_to_s3_to_snowflake.py
[2026-03-12T02:21:50.697+0000] {processor.py:830} INFO - Processing file /opt/airflow/dags/housing_api_to_s3_to_snowflake.py for tasks to queue
[2026-03-12T02:21:50.698+0000] {logging_mixin.py:188} INFO - [2026-03-12T02:21:50.698+0000] {dagbag.py:538} INFO - Filling up the DagBag from /opt/airflow/dags/housing_api_to_s3_to_snowflake.py
[2026-03-12T02:21:50.972+0000] {processor.py:840} INFO - DAG(s) 'housing_api_to_s3_to_snowflake' retrieved from /opt/airflow/dags/housing_api_to_s3_to_snowflake.py
[2026-03-12T02:21:50.977+0000] {logging_mixin.py:188} INFO - [2026-03-12T02:21:50.977+0000] {dag.py:3036} INFO - Sync 1 DAGs
[2026-03-12T02:21:50.985+0000] {logging_mixin.py:188} INFO - [2026-03-12T02:21:50.985+0000] {dag.py:3823} INFO - Setting next_dagrun for housing_api_to_s3_to_snowflake to 2026-07-01 00:00:00+00:00, run_after=2027-07-01 00:00:00+00:00
[2026-03-12T02:21:50.990+0000] {processor.py:183} INFO - Processing /opt/airflow/dags/housing_api_to_s3_to_snowflake.py took 0.295 seconds
[2026-03-12T02:22:21.045+0000] {processor.py:161} INFO - Started process (PID=1141) to work on /opt/airflow/dags/housing_api_to_s3_to_snowflake.py
[2026-03-12T02:22:21.045+0000] {processor.py:830} INFO - Processing file /opt/airflow/dags/housing_api_to_s3_to_snowflake.py for tasks to queue
[2026-03-12T02:22:21.046+0000] {logging_mixin.py:188} INFO - [2026-03-12T02:22:21.046+0000] {dagbag.py:538} INFO - Filling up the DagBag from /opt/airflow/dags/housing_api_to_s3_to_snowflake.py
[2026-03-12T02:22:21.283+0000] {processor.py:840} INFO - DAG(s) 'housing_api_to_s3_to_snowflake' retrieved from /opt/airflow/dags/housing_api_to_s3_to_snowflake.py
[2026-03-12T02:22:21.288+0000] {logging_mixin.py:188} INFO - [2026-03-12T02:22:21.288+0000] {dag.py:3036} INFO - Sync 1 DAGs
[2026-03-12T02:22:21.295+0000] {logging_mixin.py:188} INFO - [2026-03-12T02:22:21.295+0000] {dag.py:3823} INFO - Setting next_dagrun for housing_api_to_s3_to_snowflake to 2026-07-01 00:00:00+00:00, run_after=2027-07-01 00:00:00+00:00
[2026-03-12T02:22:21.300+0000] {processor.py:183} INFO - Processing /opt/airflow/dags/housing_api_to_s3_to_snowflake.py took 0.257 seconds
[2026-03-12T02:22:52.317+0000] {processor.py:161} INFO - Started process (PID=1218) to work on /opt/airflow/dags/housing_api_to_s3_to_snowflake.py
[2026-03-12T02:22:52.317+0000] {processor.py:830} INFO - Processing file /opt/airflow/dags/housing_api_to_s3_to_snowflake.py for tasks to queue
[2026-03-12T02:22:52.318+0000] {logging_mixin.py:188} INFO - [2026-03-12T02:22:52.318+0000] {dagbag.py:538} INFO - Filling up the DagBag from /opt/airflow/dags/housing_api_to_s3_to_snowflake.py
[2026-03-12T02:22:52.579+0000] {processor.py:840} INFO - DAG(s) 'housing_api_to_s3_to_snowflake' retrieved from /opt/airflow/dags/housing_api_to_s3_to_snowflake.py
[2026-03-12T02:22:52.586+0000] {logging_mixin.py:188} INFO - [2026-03-12T02:22:52.585+0000] {dag.py:3036} INFO - Sync 1 DAGs
[2026-03-12T02:22:52.592+0000] {logging_mixin.py:188} INFO - [2026-03-12T02:22:52.592+0000] {dag.py:3823} INFO - Setting next_dagrun for housing_api_to_s3_to_snowflake to 2026-07-01 00:00:00+00:00, run_after=2027-07-01 00:00:00+00:00
[2026-03-12T02:22:52.597+0000] {processor.py:183} INFO - Processing /opt/airflow/dags/housing_api_to_s3_to_snowflake.py took 0.281 seconds
[2026-03-12T02:23:23.438+0000] {processor.py:161} INFO - Started process (PID=1294) to work on /opt/airflow/dags/housing_api_to_s3_to_snowflake.py
[2026-03-12T02:23:23.439+0000] {processor.py:830} INFO - Processing file /opt/airflow/dags/housing_api_to_s3_to_snowflake.py for tasks to queue
[2026-03-12T02:23:23.439+0000] {logging_mixin.py:188} INFO - [2026-03-12T02:23:23.439+0000] {dagbag.py:538} INFO - Filling up the DagBag from /opt/airflow/dags/housing_api_to_s3_to_snowflake.py
[2026-03-12T02:23:23.685+0000] {processor.py:840} INFO - DAG(s) 'housing_api_to_s3_to_snowflake' retrieved from /opt/airflow/dags/housing_api_to_s3_to_snowflake.py
[2026-03-12T02:23:23.692+0000] {logging_mixin.py:188} INFO - [2026-03-12T02:23:23.692+0000] {dag.py:3036} INFO - Sync 1 DAGs
[2026-03-12T02:23:23.698+0000] {logging_mixin.py:188} INFO - [2026-03-12T02:23:23.698+0000] {dag.py:3823} INFO - Setting next_dagrun for housing_api_to_s3_to_snowflake to 2026-07-01 00:00:00+00:00, run_after=2027-07-01 00:00:00+00:00
[2026-03-12T02:23:23.703+0000] {processor.py:183} INFO - Processing /opt/airflow/dags/housing_api_to_s3_to_snowflake.py took 0.266 seconds
[2026-03-12T02:23:54.668+0000] {processor.py:161} INFO - Started process (PID=1370) to work on /opt/airflow/dags/housing_api_to_s3_to_snowflake.py
[2026-03-12T02:23:54.668+0000] {processor.py:830} INFO - Processing file /opt/airflow/dags/housing_api_to_s3_to_snowflake.py for tasks to queue
[2026-03-12T02:23:54.669+0000] {logging_mixin.py:188} INFO - [2026-03-12T02:23:54.669+0000] {dagbag.py:538} INFO - Filling up the DagBag from /opt/airflow/dags/housing_api_to_s3_to_snowflake.py
[2026-03-12T02:23:54.897+0000] {processor.py:840} INFO - DAG(s) 'housing_api_to_s3_to_snowflake' retrieved from /opt/airflow/dags/housing_api_to_s3_to_snowflake.py
[2026-03-12T02:23:54.902+0000] {logging_mixin.py:188} INFO - [2026-03-12T02:23:54.902+0000] {dag.py:3036} INFO - Sync 1 DAGs
[2026-03-12T02:23:54.909+0000] {logging_mixin.py:188} INFO - [2026-03-12T02:23:54.909+0000] {dag.py:3823} INFO - Setting next_dagrun for housing_api_to_s3_to_snowflake to 2026-07-01 00:00:00+00:00, run_after=2027-07-01 00:00:00+00:00
[2026-03-12T02:23:54.914+0000] {processor.py:183} INFO - Processing /opt/airflow/dags/housing_api_to_s3_to_snowflake.py took 0.248 seconds
[2026-03-12T02:24:26.005+0000] {processor.py:161} INFO - Started process (PID=1445) to work on /opt/airflow/dags/housing_api_to_s3_to_snowflake.py
[2026-03-12T02:24:26.005+0000] {processor.py:830} INFO - Processing file /opt/airflow/dags/housing_api_to_s3_to_snowflake.py for tasks to queue
[2026-03-12T02:24:26.006+0000] {logging_mixin.py:188} INFO - [2026-03-12T02:24:26.006+0000] {dagbag.py:538} INFO - Filling up the DagBag from /opt/airflow/dags/housing_api_to_s3_to_snowflake.py
[2026-03-12T02:24:26.265+0000] {processor.py:840} INFO - DAG(s) 'housing_api_to_s3_to_snowflake' retrieved from /opt/airflow/dags/housing_api_to_s3_to_snowflake.py
[2026-03-12T02:24:26.271+0000] {logging_mixin.py:188} INFO - [2026-03-12T02:24:26.271+0000] {dag.py:3036} INFO - Sync 1 DAGs
[2026-03-12T02:24:26.281+0000] {logging_mixin.py:188} INFO - [2026-03-12T02:24:26.281+0000] {dag.py:3823} INFO - Setting next_dagrun for housing_api_to_s3_to_snowflake to 2026-07-01 00:00:00+00:00, run_after=2027-07-01 00:00:00+00:00
[2026-03-12T02:24:26.287+0000] {processor.py:183} INFO - Processing /opt/airflow/dags/housing_api_to_s3_to_snowflake.py took 0.284 seconds
[2026-03-12T02:24:57.100+0000] {processor.py:161} INFO - Started process (PID=1522) to work on /opt/airflow/dags/housing_api_to_s3_to_snowflake.py
[2026-03-12T02:24:57.101+0000] {processor.py:830} INFO - Processing file /opt/airflow/dags/housing_api_to_s3_to_snowflake.py for tasks to queue
[2026-03-12T02:24:57.102+0000] {logging_mixin.py:188} INFO - [2026-03-12T02:24:57.102+0000] {dagbag.py:538} INFO - Filling up the DagBag from /opt/airflow/dags/housing_api_to_s3_to_snowflake.py
[2026-03-12T02:24:57.273+0000] {processor.py:840} INFO - DAG(s) 'housing_api_to_s3_to_snowflake' retrieved from /opt/airflow/dags/housing_api_to_s3_to_snowflake.py
[2026-03-12T02:24:57.283+0000] {logging_mixin.py:188} INFO - [2026-03-12T02:24:57.283+0000] {dag.py:3036} INFO - Sync 1 DAGs
[2026-03-12T02:24:57.293+0000] {logging_mixin.py:188} INFO - [2026-03-12T02:24:57.293+0000] {dag.py:3823} INFO - Setting next_dagrun for housing_api_to_s3_to_snowflake to 2026-07-01 00:00:00+00:00, run_after=2027-07-01 00:00:00+00:00
[2026-03-12T02:24:57.301+0000] {processor.py:183} INFO - Processing /opt/airflow/dags/housing_api_to_s3_to_snowflake.py took 0.202 seconds
[2026-03-12T02:25:27.905+0000] {processor.py:161} INFO - Started process (PID=1598) to work on /opt/airflow/dags/housing_api_to_s3_to_snowflake.py
[2026-03-12T02:25:27.906+0000] {processor.py:830} INFO - Processing file /opt/airflow/dags/housing_api_to_s3_to_snowflake.py for tasks to queue
[2026-03-12T02:25:27.908+0000] {logging_mixin.py:188} INFO - [2026-03-12T02:25:27.907+0000] {dagbag.py:538} INFO - Filling up the DagBag from /opt/airflow/dags/housing_api_to_s3_to_snowflake.py
[2026-03-12T02:25:28.080+0000] {processor.py:840} INFO - DAG(s) 'housing_api_to_s3_to_snowflake' retrieved from /opt/airflow/dags/housing_api_to_s3_to_snowflake.py
[2026-03-12T02:25:28.088+0000] {logging_mixin.py:188} INFO - [2026-03-12T02:25:28.088+0000] {dag.py:3036} INFO - Sync 1 DAGs
[2026-03-12T02:25:28.099+0000] {logging_mixin.py:188} INFO - [2026-03-12T02:25:28.099+0000] {dag.py:3823} INFO - Setting next_dagrun for housing_api_to_s3_to_snowflake to 2026-07-01 00:00:00+00:00, run_after=2027-07-01 00:00:00+00:00
[2026-03-12T02:25:28.109+0000] {processor.py:183} INFO - Processing /opt/airflow/dags/housing_api_to_s3_to_snowflake.py took 0.205 seconds
[2026-03-12T02:25:58.732+0000] {processor.py:161} INFO - Started process (PID=1674) to work on /opt/airflow/dags/housing_api_to_s3_to_snowflake.py
[2026-03-12T02:25:58.733+0000] {processor.py:830} INFO - Processing file /opt/airflow/dags/housing_api_to_s3_to_snowflake.py for tasks to queue
[2026-03-12T02:25:58.735+0000] {logging_mixin.py:188} INFO - [2026-03-12T02:25:58.735+0000] {dagbag.py:538} INFO - Filling up the DagBag from /opt/airflow/dags/housing_api_to_s3_to_snowflake.py
[2026-03-12T02:25:58.901+0000] {processor.py:840} INFO - DAG(s) 'housing_api_to_s3_to_snowflake' retrieved from /opt/airflow/dags/housing_api_to_s3_to_snowflake.py
[2026-03-12T02:25:58.911+0000] {logging_mixin.py:188} INFO - [2026-03-12T02:25:58.911+0000] {dag.py:3036} INFO - Sync 1 DAGs
[2026-03-12T02:25:58.919+0000] {logging_mixin.py:188} INFO - [2026-03-12T02:25:58.919+0000] {dag.py:3823} INFO - Setting next_dagrun for housing_api_to_s3_to_snowflake to 2026-07-01 00:00:00+00:00, run_after=2027-07-01 00:00:00+00:00
[2026-03-12T02:25:58.924+0000] {processor.py:183} INFO - Processing /opt/airflow/dags/housing_api_to_s3_to_snowflake.py took 0.194 seconds
[2026-03-12T02:26:29.528+0000] {processor.py:161} INFO - Started process (PID=1750) to work on /opt/airflow/dags/housing_api_to_s3_to_snowflake.py
[2026-03-12T02:26:29.529+0000] {processor.py:830} INFO - Processing file /opt/airflow/dags/housing_api_to_s3_to_snowflake.py for tasks to queue
[2026-03-12T02:26:29.530+0000] {logging_mixin.py:188} INFO - [2026-03-12T02:26:29.530+0000] {dagbag.py:538} INFO - Filling up the DagBag from /opt/airflow/dags/housing_api_to_s3_to_snowflake.py
[2026-03-12T02:26:29.706+0000] {processor.py:840} INFO - DAG(s) 'housing_api_to_s3_to_snowflake' retrieved from /opt/airflow/dags/housing_api_to_s3_to_snowflake.py
[2026-03-12T02:26:29.717+0000] {logging_mixin.py:188} INFO - [2026-03-12T02:26:29.717+0000] {dag.py:3036} INFO - Sync 1 DAGs
[2026-03-12T02:26:29.727+0000] {logging_mixin.py:188} INFO - [2026-03-12T02:26:29.727+0000] {dag.py:3823} INFO - Setting next_dagrun for housing_api_to_s3_to_snowflake to 2026-07-01 00:00:00+00:00, run_after=2027-07-01 00:00:00+00:00
[2026-03-12T02:26:29.740+0000] {processor.py:183} INFO - Processing /opt/airflow/dags/housing_api_to_s3_to_snowflake.py took 0.214 seconds
[2026-03-12T02:27:00.211+0000] {processor.py:161} INFO - Started process (PID=1826) to work on /opt/airflow/dags/housing_api_to_s3_to_snowflake.py
[2026-03-12T02:27:00.213+0000] {processor.py:830} INFO - Processing file /opt/airflow/dags/housing_api_to_s3_to_snowflake.py for tasks to queue
[2026-03-12T02:27:00.213+0000] {logging_mixin.py:188} INFO - [2026-03-12T02:27:00.213+0000] {dagbag.py:538} INFO - Filling up the DagBag from /opt/airflow/dags/housing_api_to_s3_to_snowflake.py
[2026-03-12T02:27:00.399+0000] {processor.py:840} INFO - DAG(s) 'housing_api_to_s3_to_snowflake' retrieved from /opt/airflow/dags/housing_api_to_s3_to_snowflake.py
[2026-03-12T02:27:00.408+0000] {logging_mixin.py:188} INFO - [2026-03-12T02:27:00.408+0000] {dag.py:3036} INFO - Sync 1 DAGs
[2026-03-12T02:27:00.416+0000] {logging_mixin.py:188} INFO - [2026-03-12T02:27:00.416+0000] {dag.py:3823} INFO - Setting next_dagrun for housing_api_to_s3_to_snowflake to 2026-07-01 00:00:00+00:00, run_after=2027-07-01 00:00:00+00:00
[2026-03-12T02:27:00.422+0000] {processor.py:183} INFO - Processing /opt/airflow/dags/housing_api_to_s3_to_snowflake.py took 0.212 seconds
[2026-03-12T02:27:31.048+0000] {processor.py:161} INFO - Started process (PID=1902) to work on /opt/airflow/dags/housing_api_to_s3_to_snowflake.py
[2026-03-12T02:27:31.048+0000] {processor.py:830} INFO - Processing file /opt/airflow/dags/housing_api_to_s3_to_snowflake.py for tasks to queue
[2026-03-12T02:27:31.049+0000] {logging_mixin.py:188} INFO - [2026-03-12T02:27:31.049+0000] {dagbag.py:538} INFO - Filling up the DagBag from /opt/airflow/dags/housing_api_to_s3_to_snowflake.py
[2026-03-12T02:27:31.230+0000] {processor.py:840} INFO - DAG(s) 'housing_api_to_s3_to_snowflake' retrieved from /opt/airflow/dags/housing_api_to_s3_to_snowflake.py
[2026-03-12T02:27:31.241+0000] {logging_mixin.py:188} INFO - [2026-03-12T02:27:31.241+0000] {dag.py:3036} INFO - Sync 1 DAGs
[2026-03-12T02:27:31.249+0000] {logging_mixin.py:188} INFO - [2026-03-12T02:27:31.249+0000] {dag.py:3823} INFO - Setting next_dagrun for housing_api_to_s3_to_snowflake to 2026-07-01 00:00:00+00:00, run_after=2027-07-01 00:00:00+00:00
[2026-03-12T02:27:31.255+0000] {processor.py:183} INFO - Processing /opt/airflow/dags/housing_api_to_s3_to_snowflake.py took 0.209 seconds
[2026-03-12T02:28:01.742+0000] {processor.py:161} INFO - Started process (PID=1978) to work on /opt/airflow/dags/housing_api_to_s3_to_snowflake.py
[2026-03-12T02:28:01.743+0000] {processor.py:830} INFO - Processing file /opt/airflow/dags/housing_api_to_s3_to_snowflake.py for tasks to queue
[2026-03-12T02:28:01.743+0000] {logging_mixin.py:188} INFO - [2026-03-12T02:28:01.743+0000] {dagbag.py:538} INFO - Filling up the DagBag from /opt/airflow/dags/housing_api_to_s3_to_snowflake.py
[2026-03-12T02:28:01.919+0000] {processor.py:840} INFO - DAG(s) 'housing_api_to_s3_to_snowflake' retrieved from /opt/airflow/dags/housing_api_to_s3_to_snowflake.py
[2026-03-12T02:28:01.930+0000] {logging_mixin.py:188} INFO - [2026-03-12T02:28:01.929+0000] {dag.py:3036} INFO - Sync 1 DAGs
[2026-03-12T02:28:01.937+0000] {logging_mixin.py:188} INFO - [2026-03-12T02:28:01.937+0000] {dag.py:3823} INFO - Setting next_dagrun for housing_api_to_s3_to_snowflake to 2026-07-01 00:00:00+00:00, run_after=2027-07-01 00:00:00+00:00
[2026-03-12T02:28:01.943+0000] {processor.py:183} INFO - Processing /opt/airflow/dags/housing_api_to_s3_to_snowflake.py took 0.203 seconds
[2026-03-12T02:28:32.429+0000] {processor.py:161} INFO - Started process (PID=2054) to work on /opt/airflow/dags/housing_api_to_s3_to_snowflake.py
[2026-03-12T02:28:32.430+0000] {processor.py:830} INFO - Processing file /opt/airflow/dags/housing_api_to_s3_to_snowflake.py for tasks to queue
[2026-03-12T02:28:32.431+0000] {logging_mixin.py:188} INFO - [2026-03-12T02:28:32.430+0000] {dagbag.py:538} INFO - Filling up the DagBag from /opt/airflow/dags/housing_api_to_s3_to_snowflake.py
[2026-03-12T02:28:32.613+0000] {processor.py:840} INFO - DAG(s) 'housing_api_to_s3_to_snowflake' retrieved from /opt/airflow/dags/housing_api_to_s3_to_snowflake.py
[2026-03-12T02:28:32.623+0000] {logging_mixin.py:188} INFO - [2026-03-12T02:28:32.623+0000] {dag.py:3036} INFO - Sync 1 DAGs
[2026-03-12T02:28:32.711+0000] {logging_mixin.py:188} INFO - [2026-03-12T02:28:32.711+0000] {dag.py:3823} INFO - Setting next_dagrun for housing_api_to_s3_to_snowflake to 2026-07-01 00:00:00+00:00, run_after=2027-07-01 00:00:00+00:00
[2026-03-12T02:28:32.720+0000] {processor.py:183} INFO - Processing /opt/airflow/dags/housing_api_to_s3_to_snowflake.py took 0.292 seconds
[2026-03-12T02:29:03.344+0000] {processor.py:161} INFO - Started process (PID=2130) to work on /opt/airflow/dags/housing_api_to_s3_to_snowflake.py
[2026-03-12T02:29:03.345+0000] {processor.py:830} INFO - Processing file /opt/airflow/dags/housing_api_to_s3_to_snowflake.py for tasks to queue
[2026-03-12T02:29:03.346+0000] {logging_mixin.py:188} INFO - [2026-03-12T02:29:03.346+0000] {dagbag.py:538} INFO - Filling up the DagBag from /opt/airflow/dags/housing_api_to_s3_to_snowflake.py
[2026-03-12T02:29:03.515+0000] {processor.py:840} INFO - DAG(s) 'housing_api_to_s3_to_snowflake' retrieved from /opt/airflow/dags/housing_api_to_s3_to_snowflake.py
[2026-03-12T02:29:03.525+0000] {logging_mixin.py:188} INFO - [2026-03-12T02:29:03.525+0000] {dag.py:3036} INFO - Sync 1 DAGs
[2026-03-12T02:29:03.598+0000] {logging_mixin.py:188} INFO - [2026-03-12T02:29:03.598+0000] {dag.py:3823} INFO - Setting next_dagrun for housing_api_to_s3_to_snowflake to 2026-07-01 00:00:00+00:00, run_after=2027-07-01 00:00:00+00:00
[2026-03-12T02:29:03.604+0000] {processor.py:183} INFO - Processing /opt/airflow/dags/housing_api_to_s3_to_snowflake.py took 0.261 seconds
[2026-03-12T02:29:34.334+0000] {processor.py:161} INFO - Started process (PID=2205) to work on /opt/airflow/dags/housing_api_to_s3_to_snowflake.py
[2026-03-12T02:29:34.335+0000] {processor.py:830} INFO - Processing file /opt/airflow/dags/housing_api_to_s3_to_snowflake.py for tasks to queue
[2026-03-12T02:29:34.336+0000] {logging_mixin.py:188} INFO - [2026-03-12T02:29:34.336+0000] {dagbag.py:538} INFO - Filling up the DagBag from /opt/airflow/dags/housing_api_to_s3_to_snowflake.py
[2026-03-12T02:29:34.499+0000] {processor.py:840} INFO - DAG(s) 'housing_api_to_s3_to_snowflake' retrieved from /opt/airflow/dags/housing_api_to_s3_to_snowflake.py
[2026-03-12T02:29:34.578+0000] {logging_mixin.py:188} INFO - [2026-03-12T02:29:34.578+0000] {dag.py:3036} INFO - Sync 1 DAGs
[2026-03-12T02:29:34.585+0000] {logging_mixin.py:188} INFO - [2026-03-12T02:29:34.585+0000] {dag.py:3823} INFO - Setting next_dagrun for housing_api_to_s3_to_snowflake to 2026-07-01 00:00:00+00:00, run_after=2027-07-01 00:00:00+00:00
[2026-03-12T02:29:34.595+0000] {processor.py:183} INFO - Processing /opt/airflow/dags/housing_api_to_s3_to_snowflake.py took 0.263 seconds
[2026-03-12T02:30:05.291+0000] {processor.py:161} INFO - Started process (PID=2281) to work on /opt/airflow/dags/housing_api_to_s3_to_snowflake.py
[2026-03-12T02:30:05.292+0000] {processor.py:830} INFO - Processing file /opt/airflow/dags/housing_api_to_s3_to_snowflake.py for tasks to queue
[2026-03-12T02:30:05.293+0000] {logging_mixin.py:188} INFO - [2026-03-12T02:30:05.293+0000] {dagbag.py:538} INFO - Filling up the DagBag from /opt/airflow/dags/housing_api_to_s3_to_snowflake.py
[2026-03-12T02:30:05.534+0000] {processor.py:840} INFO - DAG(s) 'housing_api_to_s3_to_snowflake' retrieved from /opt/airflow/dags/housing_api_to_s3_to_snowflake.py
[2026-03-12T02:30:05.545+0000] {logging_mixin.py:188} INFO - [2026-03-12T02:30:05.545+0000] {dag.py:3036} INFO - Sync 1 DAGs
[2026-03-12T02:30:05.552+0000] {logging_mixin.py:188} INFO - [2026-03-12T02:30:05.552+0000] {dag.py:3823} INFO - Setting next_dagrun for housing_api_to_s3_to_snowflake to 2026-07-01 00:00:00+00:00, run_after=2027-07-01 00:00:00+00:00
[2026-03-12T02:30:05.559+0000] {processor.py:183} INFO - Processing /opt/airflow/dags/housing_api_to_s3_to_snowflake.py took 0.270 seconds
[2026-03-12T02:30:36.380+0000] {processor.py:161} INFO - Started process (PID=2358) to work on /opt/airflow/dags/housing_api_to_s3_to_snowflake.py
[2026-03-12T02:30:36.380+0000] {processor.py:830} INFO - Processing file /opt/airflow/dags/housing_api_to_s3_to_snowflake.py for tasks to queue
[2026-03-12T02:30:36.384+0000] {logging_mixin.py:188} INFO - [2026-03-12T02:30:36.384+0000] {dagbag.py:538} INFO - Filling up the DagBag from /opt/airflow/dags/housing_api_to_s3_to_snowflake.py
[2026-03-12T02:30:36.618+0000] {processor.py:840} INFO - DAG(s) 'housing_api_to_s3_to_snowflake' retrieved from /opt/airflow/dags/housing_api_to_s3_to_snowflake.py
[2026-03-12T02:30:36.626+0000] {logging_mixin.py:188} INFO - [2026-03-12T02:30:36.626+0000] {dag.py:3036} INFO - Sync 1 DAGs
[2026-03-12T02:30:36.635+0000] {logging_mixin.py:188} INFO - [2026-03-12T02:30:36.635+0000] {dag.py:3823} INFO - Setting next_dagrun for housing_api_to_s3_to_snowflake to 2026-07-01 00:00:00+00:00, run_after=2027-07-01 00:00:00+00:00
[2026-03-12T02:30:36.644+0000] {processor.py:183} INFO - Processing /opt/airflow/dags/housing_api_to_s3_to_snowflake.py took 0.265 seconds
[2026-03-12T02:31:07.363+0000] {processor.py:161} INFO - Started process (PID=2433) to work on /opt/airflow/dags/housing_api_to_s3_to_snowflake.py
[2026-03-12T02:31:07.363+0000] {processor.py:830} INFO - Processing file /opt/airflow/dags/housing_api_to_s3_to_snowflake.py for tasks to queue
[2026-03-12T02:31:07.364+0000] {logging_mixin.py:188} INFO - [2026-03-12T02:31:07.364+0000] {dagbag.py:538} INFO - Filling up the DagBag from /opt/airflow/dags/housing_api_to_s3_to_snowflake.py
[2026-03-12T02:31:07.609+0000] {processor.py:840} INFO - DAG(s) 'housing_api_to_s3_to_snowflake' retrieved from /opt/airflow/dags/housing_api_to_s3_to_snowflake.py
[2026-03-12T02:31:07.618+0000] {logging_mixin.py:188} INFO - [2026-03-12T02:31:07.618+0000] {dag.py:3036} INFO - Sync 1 DAGs
[2026-03-12T02:31:07.628+0000] {logging_mixin.py:188} INFO - [2026-03-12T02:31:07.627+0000] {dag.py:3823} INFO - Setting next_dagrun for housing_api_to_s3_to_snowflake to 2026-07-01 00:00:00+00:00, run_after=2027-07-01 00:00:00+00:00
[2026-03-12T02:31:07.633+0000] {processor.py:183} INFO - Processing /opt/airflow/dags/housing_api_to_s3_to_snowflake.py took 0.272 seconds
[2026-03-12T02:31:38.316+0000] {processor.py:161} INFO - Started process (PID=2510) to work on /opt/airflow/dags/housing_api_to_s3_to_snowflake.py
[2026-03-12T02:31:38.317+0000] {processor.py:830} INFO - Processing file /opt/airflow/dags/housing_api_to_s3_to_snowflake.py for tasks to queue
[2026-03-12T02:31:38.318+0000] {logging_mixin.py:188} INFO - [2026-03-12T02:31:38.318+0000] {dagbag.py:538} INFO - Filling up the DagBag from /opt/airflow/dags/housing_api_to_s3_to_snowflake.py
[2026-03-12T02:31:38.549+0000] {processor.py:840} INFO - DAG(s) 'housing_api_to_s3_to_snowflake' retrieved from /opt/airflow/dags/housing_api_to_s3_to_snowflake.py
[2026-03-12T02:31:38.555+0000] {logging_mixin.py:188} INFO - [2026-03-12T02:31:38.555+0000] {dag.py:3036} INFO - Sync 1 DAGs
[2026-03-12T02:31:38.564+0000] {logging_mixin.py:188} INFO - [2026-03-12T02:31:38.564+0000] {dag.py:3823} INFO - Setting next_dagrun for housing_api_to_s3_to_snowflake to 2026-07-01 00:00:00+00:00, run_after=2027-07-01 00:00:00+00:00
[2026-03-12T02:31:38.570+0000] {processor.py:183} INFO - Processing /opt/airflow/dags/housing_api_to_s3_to_snowflake.py took 0.255 seconds
[2026-03-12T02:32:09.358+0000] {processor.py:161} INFO - Started process (PID=2586) to work on /opt/airflow/dags/housing_api_to_s3_to_snowflake.py
[2026-03-12T02:32:09.359+0000] {processor.py:830} INFO - Processing file /opt/airflow/dags/housing_api_to_s3_to_snowflake.py for tasks to queue
[2026-03-12T02:32:09.360+0000] {logging_mixin.py:188} INFO - [2026-03-12T02:32:09.359+0000] {dagbag.py:538} INFO - Filling up the DagBag from /opt/airflow/dags/housing_api_to_s3_to_snowflake.py
[2026-03-12T02:32:09.601+0000] {processor.py:840} INFO - DAG(s) 'housing_api_to_s3_to_snowflake' retrieved from /opt/airflow/dags/housing_api_to_s3_to_snowflake.py
[2026-03-12T02:32:09.610+0000] {logging_mixin.py:188} INFO - [2026-03-12T02:32:09.610+0000] {dag.py:3036} INFO - Sync 1 DAGs
[2026-03-12T02:32:09.618+0000] {logging_mixin.py:188} INFO - [2026-03-12T02:32:09.618+0000] {dag.py:3823} INFO - Setting next_dagrun for housing_api_to_s3_to_snowflake to 2026-07-01 00:00:00+00:00, run_after=2027-07-01 00:00:00+00:00
[2026-03-12T02:32:09.623+0000] {processor.py:183} INFO - Processing /opt/airflow/dags/housing_api_to_s3_to_snowflake.py took 0.267 seconds
[2026-03-12T02:32:40.953+0000] {processor.py:161} INFO - Started process (PID=2667) to work on /opt/airflow/dags/housing_api_to_s3_to_snowflake.py
[2026-03-12T02:32:40.955+0000] {processor.py:830} INFO - Processing file /opt/airflow/dags/housing_api_to_s3_to_snowflake.py for tasks to queue
[2026-03-12T02:32:40.956+0000] {logging_mixin.py:188} INFO - [2026-03-12T02:32:40.956+0000] {dagbag.py:538} INFO - Filling up the DagBag from /opt/airflow/dags/housing_api_to_s3_to_snowflake.py
[2026-03-12T02:32:41.211+0000] {processor.py:840} INFO - DAG(s) 'housing_api_to_s3_to_snowflake' retrieved from /opt/airflow/dags/housing_api_to_s3_to_snowflake.py
[2026-03-12T02:32:41.218+0000] {logging_mixin.py:188} INFO - [2026-03-12T02:32:41.217+0000] {dag.py:3036} INFO - Sync 1 DAGs
[2026-03-12T02:32:41.229+0000] {logging_mixin.py:188} INFO - [2026-03-12T02:32:41.229+0000] {dag.py:3823} INFO - Setting next_dagrun for housing_api_to_s3_to_snowflake to 2026-07-01 00:00:00+00:00, run_after=2027-07-01 00:00:00+00:00
[2026-03-12T02:32:41.236+0000] {processor.py:183} INFO - Processing /opt/airflow/dags/housing_api_to_s3_to_snowflake.py took 0.285 seconds
[2026-03-12T02:33:11.689+0000] {processor.py:161} INFO - Started process (PID=2743) to work on /opt/airflow/dags/housing_api_to_s3_to_snowflake.py
[2026-03-12T02:33:11.689+0000] {processor.py:830} INFO - Processing file /opt/airflow/dags/housing_api_to_s3_to_snowflake.py for tasks to queue
[2026-03-12T02:33:11.690+0000] {logging_mixin.py:188} INFO - [2026-03-12T02:33:11.690+0000] {dagbag.py:538} INFO - Filling up the DagBag from /opt/airflow/dags/housing_api_to_s3_to_snowflake.py
[2026-03-12T02:33:11.983+0000] {processor.py:840} INFO - DAG(s) 'housing_api_to_s3_to_snowflake' retrieved from /opt/airflow/dags/housing_api_to_s3_to_snowflake.py
[2026-03-12T02:33:11.992+0000] {logging_mixin.py:188} INFO - [2026-03-12T02:33:11.992+0000] {dag.py:3036} INFO - Sync 1 DAGs
[2026-03-12T02:33:12.002+0000] {logging_mixin.py:188} INFO - [2026-03-12T02:33:12.002+0000] {dag.py:3823} INFO - Setting next_dagrun for housing_api_to_s3_to_snowflake to 2026-07-01 00:00:00+00:00, run_after=2027-07-01 00:00:00+00:00
[2026-03-12T02:33:12.009+0000] {processor.py:183} INFO - Processing /opt/airflow/dags/housing_api_to_s3_to_snowflake.py took 0.323 seconds
[2026-03-12T02:33:42.412+0000] {processor.py:161} INFO - Started process (PID=2820) to work on /opt/airflow/dags/housing_api_to_s3_to_snowflake.py
[2026-03-12T02:33:42.413+0000] {processor.py:830} INFO - Processing file /opt/airflow/dags/housing_api_to_s3_to_snowflake.py for tasks to queue
[2026-03-12T02:33:42.413+0000] {logging_mixin.py:188} INFO - [2026-03-12T02:33:42.413+0000] {dagbag.py:538} INFO - Filling up the DagBag from /opt/airflow/dags/housing_api_to_s3_to_snowflake.py
[2026-03-12T02:33:42.665+0000] {processor.py:840} INFO - DAG(s) 'housing_api_to_s3_to_snowflake' retrieved from /opt/airflow/dags/housing_api_to_s3_to_snowflake.py
[2026-03-12T02:33:42.673+0000] {logging_mixin.py:188} INFO - [2026-03-12T02:33:42.673+0000] {dag.py:3036} INFO - Sync 1 DAGs
[2026-03-12T02:33:42.682+0000] {logging_mixin.py:188} INFO - [2026-03-12T02:33:42.682+0000] {dag.py:3823} INFO - Setting next_dagrun for housing_api_to_s3_to_snowflake to 2026-07-01 00:00:00+00:00, run_after=2027-07-01 00:00:00+00:00
[2026-03-12T02:33:42.703+0000] {processor.py:183} INFO - Processing /opt/airflow/dags/housing_api_to_s3_to_snowflake.py took 0.293 seconds
[2026-03-12T02:34:13.103+0000] {processor.py:161} INFO - Started process (PID=2896) to work on /opt/airflow/dags/housing_api_to_s3_to_snowflake.py
[2026-03-12T02:34:13.104+0000] {processor.py:830} INFO - Processing file /opt/airflow/dags/housing_api_to_s3_to_snowflake.py for tasks to queue
[2026-03-12T02:34:13.105+0000] {logging_mixin.py:188} INFO - [2026-03-12T02:34:13.105+0000] {dagbag.py:538} INFO - Filling up the DagBag from /opt/airflow/dags/housing_api_to_s3_to_snowflake.py
[2026-03-12T02:34:13.285+0000] {processor.py:840} INFO - DAG(s) 'housing_api_to_s3_to_snowflake' retrieved from /opt/airflow/dags/housing_api_to_s3_to_snowflake.py
[2026-03-12T02:34:13.295+0000] {logging_mixin.py:188} INFO - [2026-03-12T02:34:13.294+0000] {dag.py:3036} INFO - Sync 1 DAGs
[2026-03-12T02:34:13.304+0000] {logging_mixin.py:188} INFO - [2026-03-12T02:34:13.304+0000] {dag.py:3823} INFO - Setting next_dagrun for housing_api_to_s3_to_snowflake to 2026-07-01 00:00:00+00:00, run_after=2027-07-01 00:00:00+00:00
[2026-03-12T02:34:13.310+0000] {processor.py:183} INFO - Processing /opt/airflow/dags/housing_api_to_s3_to_snowflake.py took 0.208 seconds
[2026-03-12T02:34:43.874+0000] {processor.py:161} INFO - Started process (PID=2971) to work on /opt/airflow/dags/housing_api_to_s3_to_snowflake.py
[2026-03-12T02:34:43.875+0000] {processor.py:830} INFO - Processing file /opt/airflow/dags/housing_api_to_s3_to_snowflake.py for tasks to queue
[2026-03-12T02:34:43.875+0000] {logging_mixin.py:188} INFO - [2026-03-12T02:34:43.875+0000] {dagbag.py:538} INFO - Filling up the DagBag from /opt/airflow/dags/housing_api_to_s3_to_snowflake.py
[2026-03-12T02:34:44.058+0000] {processor.py:840} INFO - DAG(s) 'housing_api_to_s3_to_snowflake' retrieved from /opt/airflow/dags/housing_api_to_s3_to_snowflake.py
[2026-03-12T02:34:44.067+0000] {logging_mixin.py:188} INFO - [2026-03-12T02:34:44.067+0000] {dag.py:3036} INFO - Sync 1 DAGs
[2026-03-12T02:34:44.079+0000] {logging_mixin.py:188} INFO - [2026-03-12T02:34:44.079+0000] {dag.py:3823} INFO - Setting next_dagrun for housing_api_to_s3_to_snowflake to 2026-07-01 00:00:00+00:00, run_after=2027-07-01 00:00:00+00:00
[2026-03-12T02:34:44.086+0000] {processor.py:183} INFO - Processing /opt/airflow/dags/housing_api_to_s3_to_snowflake.py took 0.214 seconds
[2026-03-12T02:35:14.638+0000] {processor.py:161} INFO - Started process (PID=3047) to work on /opt/airflow/dags/housing_api_to_s3_to_snowflake.py
[2026-03-12T02:35:14.639+0000] {processor.py:830} INFO - Processing file /opt/airflow/dags/housing_api_to_s3_to_snowflake.py for tasks to queue
[2026-03-12T02:35:14.641+0000] {logging_mixin.py:188} INFO - [2026-03-12T02:35:14.641+0000] {dagbag.py:538} INFO - Filling up the DagBag from /opt/airflow/dags/housing_api_to_s3_to_snowflake.py
[2026-03-12T02:35:14.817+0000] {processor.py:840} INFO - DAG(s) 'housing_api_to_s3_to_snowflake' retrieved from /opt/airflow/dags/housing_api_to_s3_to_snowflake.py
[2026-03-12T02:35:14.834+0000] {logging_mixin.py:188} INFO - [2026-03-12T02:35:14.833+0000] {dag.py:3036} INFO - Sync 1 DAGs
[2026-03-12T02:35:14.843+0000] {logging_mixin.py:188} INFO - [2026-03-12T02:35:14.843+0000] {dag.py:3823} INFO - Setting next_dagrun for housing_api_to_s3_to_snowflake to 2026-07-01 00:00:00+00:00, run_after=2027-07-01 00:00:00+00:00
[2026-03-12T02:35:14.853+0000] {processor.py:183} INFO - Processing /opt/airflow/dags/housing_api_to_s3_to_snowflake.py took 0.216 seconds
[2026-03-12T02:35:45.512+0000] {processor.py:161} INFO - Started process (PID=3123) to work on /opt/airflow/dags/housing_api_to_s3_to_snowflake.py
[2026-03-12T02:35:45.512+0000] {processor.py:830} INFO - Processing file /opt/airflow/dags/housing_api_to_s3_to_snowflake.py for tasks to queue
[2026-03-12T02:35:45.513+0000] {logging_mixin.py:188} INFO - [2026-03-12T02:35:45.513+0000] {dagbag.py:538} INFO - Filling up the DagBag from /opt/airflow/dags/housing_api_to_s3_to_snowflake.py
[2026-03-12T02:35:45.703+0000] {processor.py:840} INFO - DAG(s) 'housing_api_to_s3_to_snowflake' retrieved from /opt/airflow/dags/housing_api_to_s3_to_snowflake.py
[2026-03-12T02:35:45.713+0000] {logging_mixin.py:188} INFO - [2026-03-12T02:35:45.712+0000] {dag.py:3036} INFO - Sync 1 DAGs
[2026-03-12T02:35:45.723+0000] {logging_mixin.py:188} INFO - [2026-03-12T02:35:45.723+0000] {dag.py:3823} INFO - Setting next_dagrun for housing_api_to_s3_to_snowflake to 2026-07-01 00:00:00+00:00, run_after=2027-07-01 00:00:00+00:00
[2026-03-12T02:35:45.733+0000] {processor.py:183} INFO - Processing /opt/airflow/dags/housing_api_to_s3_to_snowflake.py took 0.223 seconds
[2026-03-12T02:36:16.320+0000] {processor.py:161} INFO - Started process (PID=3199) to work on /opt/airflow/dags/housing_api_to_s3_to_snowflake.py
[2026-03-12T02:36:16.321+0000] {processor.py:830} INFO - Processing file /opt/airflow/dags/housing_api_to_s3_to_snowflake.py for tasks to queue
[2026-03-12T02:36:16.322+0000] {logging_mixin.py:188} INFO - [2026-03-12T02:36:16.322+0000] {dagbag.py:538} INFO - Filling up the DagBag from /opt/airflow/dags/housing_api_to_s3_to_snowflake.py
[2026-03-12T02:36:16.485+0000] {processor.py:840} INFO - DAG(s) 'housing_api_to_s3_to_snowflake' retrieved from /opt/airflow/dags/housing_api_to_s3_to_snowflake.py
[2026-03-12T02:36:16.497+0000] {logging_mixin.py:188} INFO - [2026-03-12T02:36:16.497+0000] {dag.py:3036} INFO - Sync 1 DAGs
[2026-03-12T02:36:16.510+0000] {logging_mixin.py:188} INFO - [2026-03-12T02:36:16.510+0000] {dag.py:3823} INFO - Setting next_dagrun for housing_api_to_s3_to_snowflake to 2026-07-01 00:00:00+00:00, run_after=2027-07-01 00:00:00+00:00
[2026-03-12T02:36:16.518+0000] {processor.py:183} INFO - Processing /opt/airflow/dags/housing_api_to_s3_to_snowflake.py took 0.200 seconds
[2026-03-12T02:36:47.014+0000] {processor.py:161} INFO - Started process (PID=3276) to work on /opt/airflow/dags/housing_api_to_s3_to_snowflake.py
[2026-03-12T02:36:47.015+0000] {processor.py:830} INFO - Processing file /opt/airflow/dags/housing_api_to_s3_to_snowflake.py for tasks to queue
[2026-03-12T02:36:47.016+0000] {logging_mixin.py:188} INFO - [2026-03-12T02:36:47.016+0000] {dagbag.py:538} INFO - Filling up the DagBag from /opt/airflow/dags/housing_api_to_s3_to_snowflake.py
[2026-03-12T02:36:47.209+0000] {processor.py:840} INFO - DAG(s) 'housing_api_to_s3_to_snowflake' retrieved from /opt/airflow/dags/housing_api_to_s3_to_snowflake.py
[2026-03-12T02:36:47.226+0000] {logging_mixin.py:188} INFO - [2026-03-12T02:36:47.226+0000] {dag.py:3036} INFO - Sync 1 DAGs
[2026-03-12T02:36:47.236+0000] {logging_mixin.py:188} INFO - [2026-03-12T02:36:47.236+0000] {dag.py:3823} INFO - Setting next_dagrun for housing_api_to_s3_to_snowflake to 2026-07-01 00:00:00+00:00, run_after=2027-07-01 00:00:00+00:00
[2026-03-12T02:36:47.251+0000] {processor.py:183} INFO - Processing /opt/airflow/dags/housing_api_to_s3_to_snowflake.py took 0.238 seconds
[2026-03-12T02:37:17.566+0000] {processor.py:161} INFO - Started process (PID=3352) to work on /opt/airflow/dags/housing_api_to_s3_to_snowflake.py
[2026-03-12T02:37:17.567+0000] {processor.py:830} INFO - Processing file /opt/airflow/dags/housing_api_to_s3_to_snowflake.py for tasks to queue
[2026-03-12T02:37:17.568+0000] {logging_mixin.py:188} INFO - [2026-03-12T02:37:17.567+0000] {dagbag.py:538} INFO - Filling up the DagBag from /opt/airflow/dags/housing_api_to_s3_to_snowflake.py
[2026-03-12T02:37:17.887+0000] {processor.py:840} INFO - DAG(s) 'housing_api_to_s3_to_snowflake' retrieved from /opt/airflow/dags/housing_api_to_s3_to_snowflake.py
[2026-03-12T02:37:17.901+0000] {logging_mixin.py:188} INFO - [2026-03-12T02:37:17.900+0000] {dag.py:3036} INFO - Sync 1 DAGs
[2026-03-12T02:37:17.911+0000] {logging_mixin.py:188} INFO - [2026-03-12T02:37:17.911+0000] {dag.py:3823} INFO - Setting next_dagrun for housing_api_to_s3_to_snowflake to 2026-07-01 00:00:00+00:00, run_after=2027-07-01 00:00:00+00:00
[2026-03-12T02:37:17.922+0000] {processor.py:183} INFO - Processing /opt/airflow/dags/housing_api_to_s3_to_snowflake.py took 0.357 seconds
[2026-03-12T02:37:48.417+0000] {processor.py:161} INFO - Started process (PID=3427) to work on /opt/airflow/dags/housing_api_to_s3_to_snowflake.py
[2026-03-12T02:37:48.418+0000] {processor.py:830} INFO - Processing file /opt/airflow/dags/housing_api_to_s3_to_snowflake.py for tasks to queue
[2026-03-12T02:37:48.419+0000] {logging_mixin.py:188} INFO - [2026-03-12T02:37:48.419+0000] {dagbag.py:538} INFO - Filling up the DagBag from /opt/airflow/dags/housing_api_to_s3_to_snowflake.py
[2026-03-12T02:37:48.589+0000] {processor.py:840} INFO - DAG(s) 'housing_api_to_s3_to_snowflake' retrieved from /opt/airflow/dags/housing_api_to_s3_to_snowflake.py
[2026-03-12T02:37:48.666+0000] {logging_mixin.py:188} INFO - [2026-03-12T02:37:48.666+0000] {dag.py:3036} INFO - Sync 1 DAGs
[2026-03-12T02:37:48.677+0000] {logging_mixin.py:188} INFO - [2026-03-12T02:37:48.677+0000] {dag.py:3823} INFO - Setting next_dagrun for housing_api_to_s3_to_snowflake to 2026-07-01 00:00:00+00:00, run_after=2027-07-01 00:00:00+00:00
[2026-03-12T02:37:48.688+0000] {processor.py:183} INFO - Processing /opt/airflow/dags/housing_api_to_s3_to_snowflake.py took 0.272 seconds
[2026-03-12T02:38:18.830+0000] {processor.py:161} INFO - Started process (PID=3503) to work on /opt/airflow/dags/housing_api_to_s3_to_snowflake.py
[2026-03-12T02:38:18.831+0000] {processor.py:830} INFO - Processing file /opt/airflow/dags/housing_api_to_s3_to_snowflake.py for tasks to queue
[2026-03-12T02:38:18.833+0000] {logging_mixin.py:188} INFO - [2026-03-12T02:38:18.832+0000] {dagbag.py:538} INFO - Filling up the DagBag from /opt/airflow/dags/housing_api_to_s3_to_snowflake.py
[2026-03-12T02:38:19.071+0000] {processor.py:840} INFO - DAG(s) 'housing_api_to_s3_to_snowflake' retrieved from /opt/airflow/dags/housing_api_to_s3_to_snowflake.py
[2026-03-12T02:38:19.082+0000] {logging_mixin.py:188} INFO - [2026-03-12T02:38:19.081+0000] {dag.py:3036} INFO - Sync 1 DAGs
[2026-03-12T02:38:19.088+0000] {logging_mixin.py:188} INFO - [2026-03-12T02:38:19.088+0000] {dag.py:3823} INFO - Setting next_dagrun for housing_api_to_s3_to_snowflake to 2026-07-01 00:00:00+00:00, run_after=2027-07-01 00:00:00+00:00
[2026-03-12T02:38:19.094+0000] {processor.py:183} INFO - Processing /opt/airflow/dags/housing_api_to_s3_to_snowflake.py took 0.265 seconds
[2026-03-12T02:38:49.807+0000] {processor.py:161} INFO - Started process (PID=3580) to work on /opt/airflow/dags/housing_api_to_s3_to_snowflake.py
[2026-03-12T02:38:49.807+0000] {processor.py:830} INFO - Processing file /opt/airflow/dags/housing_api_to_s3_to_snowflake.py for tasks to queue
[2026-03-12T02:38:49.809+0000] {logging_mixin.py:188} INFO - [2026-03-12T02:38:49.809+0000] {dagbag.py:538} INFO - Filling up the DagBag from /opt/airflow/dags/housing_api_to_s3_to_snowflake.py
[2026-03-12T02:38:50.043+0000] {processor.py:840} INFO - DAG(s) 'housing_api_to_s3_to_snowflake' retrieved from /opt/airflow/dags/housing_api_to_s3_to_snowflake.py
[2026-03-12T02:38:50.055+0000] {logging_mixin.py:188} INFO - [2026-03-12T02:38:50.054+0000] {dag.py:3036} INFO - Sync 1 DAGs
[2026-03-12T02:38:50.064+0000] {logging_mixin.py:188} INFO - [2026-03-12T02:38:50.064+0000] {dag.py:3823} INFO - Setting next_dagrun for housing_api_to_s3_to_snowflake to 2026-07-01 00:00:00+00:00, run_after=2027-07-01 00:00:00+00:00
[2026-03-12T02:38:50.072+0000] {processor.py:183} INFO - Processing /opt/airflow/dags/housing_api_to_s3_to_snowflake.py took 0.267 seconds
[2026-03-12T02:39:20.381+0000] {processor.py:161} INFO - Started process (PID=3656) to work on /opt/airflow/dags/housing_api_to_s3_to_snowflake.py
[2026-03-12T02:39:20.381+0000] {processor.py:830} INFO - Processing file /opt/airflow/dags/housing_api_to_s3_to_snowflake.py for tasks to queue
[2026-03-12T02:39:20.383+0000] {logging_mixin.py:188} INFO - [2026-03-12T02:39:20.383+0000] {dagbag.py:538} INFO - Filling up the DagBag from /opt/airflow/dags/housing_api_to_s3_to_snowflake.py
[2026-03-12T02:39:20.627+0000] {processor.py:840} INFO - DAG(s) 'housing_api_to_s3_to_snowflake' retrieved from /opt/airflow/dags/housing_api_to_s3_to_snowflake.py
[2026-03-12T02:39:20.638+0000] {logging_mixin.py:188} INFO - [2026-03-12T02:39:20.638+0000] {dag.py:3036} INFO - Sync 1 DAGs
[2026-03-12T02:39:20.645+0000] {logging_mixin.py:188} INFO - [2026-03-12T02:39:20.645+0000] {dag.py:3823} INFO - Setting next_dagrun for housing_api_to_s3_to_snowflake to 2026-07-01 00:00:00+00:00, run_after=2027-07-01 00:00:00+00:00
[2026-03-12T02:39:20.654+0000] {processor.py:183} INFO - Processing /opt/airflow/dags/housing_api_to_s3_to_snowflake.py took 0.274 seconds
[2026-03-12T02:39:51.295+0000] {processor.py:161} INFO - Started process (PID=3732) to work on /opt/airflow/dags/housing_api_to_s3_to_snowflake.py
[2026-03-12T02:39:51.296+0000] {processor.py:830} INFO - Processing file /opt/airflow/dags/housing_api_to_s3_to_snowflake.py for tasks to queue
[2026-03-12T02:39:51.297+0000] {logging_mixin.py:188} INFO - [2026-03-12T02:39:51.297+0000] {dagbag.py:538} INFO - Filling up the DagBag from /opt/airflow/dags/housing_api_to_s3_to_snowflake.py
[2026-03-12T02:39:51.549+0000] {processor.py:840} INFO - DAG(s) 'housing_api_to_s3_to_snowflake' retrieved from /opt/airflow/dags/housing_api_to_s3_to_snowflake.py
[2026-03-12T02:39:51.559+0000] {logging_mixin.py:188} INFO - [2026-03-12T02:39:51.559+0000] {dag.py:3036} INFO - Sync 1 DAGs
[2026-03-12T02:39:51.566+0000] {logging_mixin.py:188} INFO - [2026-03-12T02:39:51.565+0000] {dag.py:3823} INFO - Setting next_dagrun for housing_api_to_s3_to_snowflake to 2026-07-01 00:00:00+00:00, run_after=2027-07-01 00:00:00+00:00
[2026-03-12T02:39:51.576+0000] {processor.py:183} INFO - Processing /opt/airflow/dags/housing_api_to_s3_to_snowflake.py took 0.282 seconds
[2026-03-12T02:40:22.448+0000] {processor.py:161} INFO - Started process (PID=3808) to work on /opt/airflow/dags/housing_api_to_s3_to_snowflake.py
[2026-03-12T02:40:22.449+0000] {processor.py:830} INFO - Processing file /opt/airflow/dags/housing_api_to_s3_to_snowflake.py for tasks to queue
[2026-03-12T02:40:22.449+0000] {logging_mixin.py:188} INFO - [2026-03-12T02:40:22.449+0000] {dagbag.py:538} INFO - Filling up the DagBag from /opt/airflow/dags/housing_api_to_s3_to_snowflake.py
[2026-03-12T02:40:22.727+0000] {processor.py:840} INFO - DAG(s) 'housing_api_to_s3_to_snowflake' retrieved from /opt/airflow/dags/housing_api_to_s3_to_snowflake.py
[2026-03-12T02:40:22.761+0000] {logging_mixin.py:188} INFO - [2026-03-12T02:40:22.760+0000] {dag.py:3036} INFO - Sync 1 DAGs
[2026-03-12T02:40:22.782+0000] {logging_mixin.py:188} INFO - [2026-03-12T02:40:22.781+0000] {dag.py:3823} INFO - Setting next_dagrun for housing_api_to_s3_to_snowflake to 2026-07-01 00:00:00+00:00, run_after=2027-07-01 00:00:00+00:00
[2026-03-12T02:40:22.792+0000] {processor.py:183} INFO - Processing /opt/airflow/dags/housing_api_to_s3_to_snowflake.py took 0.345 seconds
[2026-03-12T02:40:53.628+0000] {processor.py:161} INFO - Started process (PID=3884) to work on /opt/airflow/dags/housing_api_to_s3_to_snowflake.py
[2026-03-12T02:40:53.629+0000] {processor.py:830} INFO - Processing file /opt/airflow/dags/housing_api_to_s3_to_snowflake.py for tasks to queue
[2026-03-12T02:40:53.631+0000] {logging_mixin.py:188} INFO - [2026-03-12T02:40:53.631+0000] {dagbag.py:538} INFO - Filling up the DagBag from /opt/airflow/dags/housing_api_to_s3_to_snowflake.py
[2026-03-12T02:40:53.909+0000] {processor.py:840} INFO - DAG(s) 'housing_api_to_s3_to_snowflake' retrieved from /opt/airflow/dags/housing_api_to_s3_to_snowflake.py
[2026-03-12T02:40:53.918+0000] {logging_mixin.py:188} INFO - [2026-03-12T02:40:53.917+0000] {dag.py:3036} INFO - Sync 1 DAGs
[2026-03-12T02:40:53.927+0000] {logging_mixin.py:188} INFO - [2026-03-12T02:40:53.927+0000] {dag.py:3823} INFO - Setting next_dagrun for housing_api_to_s3_to_snowflake to 2026-07-01 00:00:00+00:00, run_after=2027-07-01 00:00:00+00:00
[2026-03-12T02:40:53.941+0000] {processor.py:183} INFO - Processing /opt/airflow/dags/housing_api_to_s3_to_snowflake.py took 0.314 seconds
[2026-03-12T02:41:24.500+0000] {processor.py:161} INFO - Started process (PID=3960) to work on /opt/airflow/dags/housing_api_to_s3_to_snowflake.py
[2026-03-12T02:41:24.500+0000] {processor.py:830} INFO - Processing file /opt/airflow/dags/housing_api_to_s3_to_snowflake.py for tasks to queue
[2026-03-12T02:41:24.501+0000] {logging_mixin.py:188} INFO - [2026-03-12T02:41:24.501+0000] {dagbag.py:538} INFO - Filling up the DagBag from /opt/airflow/dags/housing_api_to_s3_to_snowflake.py
[2026-03-12T02:41:24.745+0000] {processor.py:840} INFO - DAG(s) 'housing_api_to_s3_to_snowflake' retrieved from /opt/airflow/dags/housing_api_to_s3_to_snowflake.py
[2026-03-12T02:41:24.758+0000] {logging_mixin.py:188} INFO - [2026-03-12T02:41:24.758+0000] {dag.py:3036} INFO - Sync 1 DAGs
[2026-03-12T02:41:24.767+0000] {logging_mixin.py:188} INFO - [2026-03-12T02:41:24.767+0000] {dag.py:3823} INFO - Setting next_dagrun for housing_api_to_s3_to_snowflake to 2026-07-01 00:00:00+00:00, run_after=2027-07-01 00:00:00+00:00
[2026-03-12T02:41:24.777+0000] {processor.py:183} INFO - Processing /opt/airflow/dags/housing_api_to_s3_to_snowflake.py took 0.279 seconds
[2026-03-12T02:41:55.269+0000] {processor.py:161} INFO - Started process (PID=4036) to work on /opt/airflow/dags/housing_api_to_s3_to_snowflake.py
[2026-03-12T02:41:55.270+0000] {processor.py:830} INFO - Processing file /opt/airflow/dags/housing_api_to_s3_to_snowflake.py for tasks to queue
[2026-03-12T02:41:55.271+0000] {logging_mixin.py:188} INFO - [2026-03-12T02:41:55.271+0000] {dagbag.py:538} INFO - Filling up the DagBag from /opt/airflow/dags/housing_api_to_s3_to_snowflake.py
[2026-03-12T02:41:55.521+0000] {processor.py:840} INFO - DAG(s) 'housing_api_to_s3_to_snowflake' retrieved from /opt/airflow/dags/housing_api_to_s3_to_snowflake.py
[2026-03-12T02:41:55.532+0000] {logging_mixin.py:188} INFO - [2026-03-12T02:41:55.532+0000] {dag.py:3036} INFO - Sync 1 DAGs
[2026-03-12T02:41:55.539+0000] {logging_mixin.py:188} INFO - [2026-03-12T02:41:55.539+0000] {dag.py:3823} INFO - Setting next_dagrun for housing_api_to_s3_to_snowflake to 2026-07-01 00:00:00+00:00, run_after=2027-07-01 00:00:00+00:00
[2026-03-12T02:41:55.552+0000] {processor.py:183} INFO - Processing /opt/airflow/dags/housing_api_to_s3_to_snowflake.py took 0.285 seconds
[2026-03-12T02:42:26.001+0000] {processor.py:161} INFO - Started process (PID=4112) to work on /opt/airflow/dags/housing_api_to_s3_to_snowflake.py
[2026-03-12T02:42:26.003+0000] {processor.py:830} INFO - Processing file /opt/airflow/dags/housing_api_to_s3_to_snowflake.py for tasks to queue
[2026-03-12T02:42:26.005+0000] {logging_mixin.py:188} INFO - [2026-03-12T02:42:26.005+0000] {dagbag.py:538} INFO - Filling up the DagBag from /opt/airflow/dags/housing_api_to_s3_to_snowflake.py
[2026-03-12T02:42:26.254+0000] {processor.py:840} INFO - DAG(s) 'housing_api_to_s3_to_snowflake' retrieved from /opt/airflow/dags/housing_api_to_s3_to_snowflake.py
[2026-03-12T02:42:26.262+0000] {logging_mixin.py:188} INFO - [2026-03-12T02:42:26.262+0000] {dag.py:3036} INFO - Sync 1 DAGs
[2026-03-12T02:42:26.269+0000] {logging_mixin.py:188} INFO - [2026-03-12T02:42:26.269+0000] {dag.py:3823} INFO - Setting next_dagrun for housing_api_to_s3_to_snowflake to 2026-07-01 00:00:00+00:00, run_after=2027-07-01 00:00:00+00:00
[2026-03-12T02:42:26.275+0000] {processor.py:183} INFO - Processing /opt/airflow/dags/housing_api_to_s3_to_snowflake.py took 0.276 seconds
[2026-03-12T02:42:56.374+0000] {processor.py:161} INFO - Started process (PID=4188) to work on /opt/airflow/dags/housing_api_to_s3_to_snowflake.py
[2026-03-12T02:42:56.376+0000] {processor.py:830} INFO - Processing file /opt/airflow/dags/housing_api_to_s3_to_snowflake.py for tasks to queue
[2026-03-12T02:42:56.376+0000] {logging_mixin.py:188} INFO - [2026-03-12T02:42:56.376+0000] {dagbag.py:538} INFO - Filling up the DagBag from /opt/airflow/dags/housing_api_to_s3_to_snowflake.py
[2026-03-12T02:42:56.611+0000] {processor.py:840} INFO - DAG(s) 'housing_api_to_s3_to_snowflake' retrieved from /opt/airflow/dags/housing_api_to_s3_to_snowflake.py
[2026-03-12T02:42:56.620+0000] {logging_mixin.py:188} INFO - [2026-03-12T02:42:56.620+0000] {dag.py:3036} INFO - Sync 1 DAGs
[2026-03-12T02:42:56.626+0000] {logging_mixin.py:188} INFO - [2026-03-12T02:42:56.626+0000] {dag.py:3823} INFO - Setting next_dagrun for housing_api_to_s3_to_snowflake to 2026-07-01 00:00:00+00:00, run_after=2027-07-01 00:00:00+00:00
[2026-03-12T02:42:56.632+0000] {processor.py:183} INFO - Processing /opt/airflow/dags/housing_api_to_s3_to_snowflake.py took 0.260 seconds
[2026-03-12T02:43:26.955+0000] {processor.py:161} INFO - Started process (PID=4264) to work on /opt/airflow/dags/housing_api_to_s3_to_snowflake.py
[2026-03-12T02:43:26.957+0000] {processor.py:830} INFO - Processing file /opt/airflow/dags/housing_api_to_s3_to_snowflake.py for tasks to queue
[2026-03-12T02:43:26.959+0000] {logging_mixin.py:188} INFO - [2026-03-12T02:43:26.959+0000] {dagbag.py:538} INFO - Filling up the DagBag from /opt/airflow/dags/housing_api_to_s3_to_snowflake.py
[2026-03-12T02:43:27.129+0000] {processor.py:840} INFO - DAG(s) 'housing_api_to_s3_to_snowflake' retrieved from /opt/airflow/dags/housing_api_to_s3_to_snowflake.py
[2026-03-12T02:43:27.139+0000] {logging_mixin.py:188} INFO - [2026-03-12T02:43:27.139+0000] {dag.py:3036} INFO - Sync 1 DAGs
[2026-03-12T02:43:27.149+0000] {logging_mixin.py:188} INFO - [2026-03-12T02:43:27.149+0000] {dag.py:3823} INFO - Setting next_dagrun for housing_api_to_s3_to_snowflake to 2026-07-01 00:00:00+00:00, run_after=2027-07-01 00:00:00+00:00
[2026-03-12T02:43:27.155+0000] {processor.py:183} INFO - Processing /opt/airflow/dags/housing_api_to_s3_to_snowflake.py took 0.201 seconds
[2026-03-12T02:43:57.336+0000] {processor.py:161} INFO - Started process (PID=4340) to work on /opt/airflow/dags/housing_api_to_s3_to_snowflake.py
[2026-03-12T02:43:57.339+0000] {processor.py:830} INFO - Processing file /opt/airflow/dags/housing_api_to_s3_to_snowflake.py for tasks to queue
[2026-03-12T02:43:57.341+0000] {logging_mixin.py:188} INFO - [2026-03-12T02:43:57.341+0000] {dagbag.py:538} INFO - Filling up the DagBag from /opt/airflow/dags/housing_api_to_s3_to_snowflake.py
[2026-03-12T02:43:57.511+0000] {processor.py:840} INFO - DAG(s) 'housing_api_to_s3_to_snowflake' retrieved from /opt/airflow/dags/housing_api_to_s3_to_snowflake.py
[2026-03-12T02:43:57.522+0000] {logging_mixin.py:188} INFO - [2026-03-12T02:43:57.521+0000] {dag.py:3036} INFO - Sync 1 DAGs
[2026-03-12T02:43:57.529+0000] {logging_mixin.py:188} INFO - [2026-03-12T02:43:57.529+0000] {dag.py:3823} INFO - Setting next_dagrun for housing_api_to_s3_to_snowflake to 2026-07-01 00:00:00+00:00, run_after=2027-07-01 00:00:00+00:00
[2026-03-12T02:43:57.535+0000] {processor.py:183} INFO - Processing /opt/airflow/dags/housing_api_to_s3_to_snowflake.py took 0.200 seconds
[2026-03-12T02:44:27.764+0000] {processor.py:161} INFO - Started process (PID=4416) to work on /opt/airflow/dags/housing_api_to_s3_to_snowflake.py
[2026-03-12T02:44:27.764+0000] {processor.py:830} INFO - Processing file /opt/airflow/dags/housing_api_to_s3_to_snowflake.py for tasks to queue
[2026-03-12T02:44:27.766+0000] {logging_mixin.py:188} INFO - [2026-03-12T02:44:27.765+0000] {dagbag.py:538} INFO - Filling up the DagBag from /opt/airflow/dags/housing_api_to_s3_to_snowflake.py
[2026-03-12T02:44:27.950+0000] {processor.py:840} INFO - DAG(s) 'housing_api_to_s3_to_snowflake' retrieved from /opt/airflow/dags/housing_api_to_s3_to_snowflake.py
[2026-03-12T02:44:27.961+0000] {logging_mixin.py:188} INFO - [2026-03-12T02:44:27.961+0000] {dag.py:3036} INFO - Sync 1 DAGs
[2026-03-12T02:44:27.970+0000] {logging_mixin.py:188} INFO - [2026-03-12T02:44:27.970+0000] {dag.py:3823} INFO - Setting next_dagrun for housing_api_to_s3_to_snowflake to 2026-07-01 00:00:00+00:00, run_after=2027-07-01 00:00:00+00:00
[2026-03-12T02:44:27.978+0000] {processor.py:183} INFO - Processing /opt/airflow/dags/housing_api_to_s3_to_snowflake.py took 0.216 seconds
[2026-03-12T02:44:58.154+0000] {processor.py:161} INFO - Started process (PID=4492) to work on /opt/airflow/dags/housing_api_to_s3_to_snowflake.py
[2026-03-12T02:44:58.155+0000] {processor.py:830} INFO - Processing file /opt/airflow/dags/housing_api_to_s3_to_snowflake.py for tasks to queue
[2026-03-12T02:44:58.156+0000] {logging_mixin.py:188} INFO - [2026-03-12T02:44:58.156+0000] {dagbag.py:538} INFO - Filling up the DagBag from /opt/airflow/dags/housing_api_to_s3_to_snowflake.py
[2026-03-12T02:44:58.356+0000] {processor.py:840} INFO - DAG(s) 'housing_api_to_s3_to_snowflake' retrieved from /opt/airflow/dags/housing_api_to_s3_to_snowflake.py
[2026-03-12T02:44:58.369+0000] {logging_mixin.py:188} INFO - [2026-03-12T02:44:58.369+0000] {dag.py:3036} INFO - Sync 1 DAGs
[2026-03-12T02:44:58.380+0000] {logging_mixin.py:188} INFO - [2026-03-12T02:44:58.380+0000] {dag.py:3823} INFO - Setting next_dagrun for housing_api_to_s3_to_snowflake to 2026-07-01 00:00:00+00:00, run_after=2027-07-01 00:00:00+00:00
[2026-03-12T02:44:58.389+0000] {processor.py:183} INFO - Processing /opt/airflow/dags/housing_api_to_s3_to_snowflake.py took 0.237 seconds
[2026-03-12T02:45:28.582+0000] {processor.py:161} INFO - Started process (PID=4568) to work on /opt/airflow/dags/housing_api_to_s3_to_snowflake.py
[2026-03-12T02:45:28.583+0000] {processor.py:830} INFO - Processing file /opt/airflow/dags/housing_api_to_s3_to_snowflake.py for tasks to queue
[2026-03-12T02:45:28.584+0000] {logging_mixin.py:188} INFO - [2026-03-12T02:45:28.584+0000] {dagbag.py:538} INFO - Filling up the DagBag from /opt/airflow/dags/housing_api_to_s3_to_snowflake.py
[2026-03-12T02:45:28.768+0000] {processor.py:840} INFO - DAG(s) 'housing_api_to_s3_to_snowflake' retrieved from /opt/airflow/dags/housing_api_to_s3_to_snowflake.py
[2026-03-12T02:45:28.779+0000] {logging_mixin.py:188} INFO - [2026-03-12T02:45:28.779+0000] {dag.py:3036} INFO - Sync 1 DAGs
[2026-03-12T02:45:28.789+0000] {logging_mixin.py:188} INFO - [2026-03-12T02:45:28.789+0000] {dag.py:3823} INFO - Setting next_dagrun for housing_api_to_s3_to_snowflake to 2026-07-01 00:00:00+00:00, run_after=2027-07-01 00:00:00+00:00
[2026-03-12T02:45:28.796+0000] {processor.py:183} INFO - Processing /opt/airflow/dags/housing_api_to_s3_to_snowflake.py took 0.215 seconds
[2026-03-12T02:45:59.079+0000] {processor.py:161} INFO - Started process (PID=4644) to work on /opt/airflow/dags/housing_api_to_s3_to_snowflake.py
[2026-03-12T02:45:59.079+0000] {processor.py:830} INFO - Processing file /opt/airflow/dags/housing_api_to_s3_to_snowflake.py for tasks to queue
[2026-03-12T02:45:59.080+0000] {logging_mixin.py:188} INFO - [2026-03-12T02:45:59.080+0000] {dagbag.py:538} INFO - Filling up the DagBag from /opt/airflow/dags/housing_api_to_s3_to_snowflake.py
[2026-03-12T02:45:59.261+0000] {processor.py:840} INFO - DAG(s) 'housing_api_to_s3_to_snowflake' retrieved from /opt/airflow/dags/housing_api_to_s3_to_snowflake.py
[2026-03-12T02:45:59.272+0000] {logging_mixin.py:188} INFO - [2026-03-12T02:45:59.272+0000] {dag.py:3036} INFO - Sync 1 DAGs
[2026-03-12T02:45:59.280+0000] {logging_mixin.py:188} INFO - [2026-03-12T02:45:59.280+0000] {dag.py:3823} INFO - Setting next_dagrun for housing_api_to_s3_to_snowflake to 2026-07-01 00:00:00+00:00, run_after=2027-07-01 00:00:00+00:00
[2026-03-12T02:45:59.286+0000] {processor.py:183} INFO - Processing /opt/airflow/dags/housing_api_to_s3_to_snowflake.py took 0.209 seconds
[2026-03-12T02:46:29.617+0000] {processor.py:161} INFO - Started process (PID=4721) to work on /opt/airflow/dags/housing_api_to_s3_to_snowflake.py
[2026-03-12T02:46:29.618+0000] {processor.py:830} INFO - Processing file /opt/airflow/dags/housing_api_to_s3_to_snowflake.py for tasks to queue
[2026-03-12T02:46:29.619+0000] {logging_mixin.py:188} INFO - [2026-03-12T02:46:29.619+0000] {dagbag.py:538} INFO - Filling up the DagBag from /opt/airflow/dags/housing_api_to_s3_to_snowflake.py
[2026-03-12T02:46:29.784+0000] {processor.py:840} INFO - DAG(s) 'housing_api_to_s3_to_snowflake' retrieved from /opt/airflow/dags/housing_api_to_s3_to_snowflake.py
[2026-03-12T02:46:29.792+0000] {logging_mixin.py:188} INFO - [2026-03-12T02:46:29.792+0000] {dag.py:3036} INFO - Sync 1 DAGs
[2026-03-12T02:46:29.862+0000] {logging_mixin.py:188} INFO - [2026-03-12T02:46:29.861+0000] {dag.py:3823} INFO - Setting next_dagrun for housing_api_to_s3_to_snowflake to 2026-07-01 00:00:00+00:00, run_after=2027-07-01 00:00:00+00:00
[2026-03-12T02:46:29.867+0000] {processor.py:183} INFO - Processing /opt/airflow/dags/housing_api_to_s3_to_snowflake.py took 0.251 seconds
[2026-03-12T02:47:00.387+0000] {processor.py:161} INFO - Started process (PID=4796) to work on /opt/airflow/dags/housing_api_to_s3_to_snowflake.py
[2026-03-12T02:47:00.388+0000] {processor.py:830} INFO - Processing file /opt/airflow/dags/housing_api_to_s3_to_snowflake.py for tasks to queue
[2026-03-12T02:47:00.389+0000] {logging_mixin.py:188} INFO - [2026-03-12T02:47:00.389+0000] {dagbag.py:538} INFO - Filling up the DagBag from /opt/airflow/dags/housing_api_to_s3_to_snowflake.py
[2026-03-12T02:47:00.563+0000] {processor.py:840} INFO - DAG(s) 'housing_api_to_s3_to_snowflake' retrieved from /opt/airflow/dags/housing_api_to_s3_to_snowflake.py
[2026-03-12T02:47:00.575+0000] {logging_mixin.py:188} INFO - [2026-03-12T02:47:00.575+0000] {dag.py:3036} INFO - Sync 1 DAGs
[2026-03-12T02:47:00.656+0000] {logging_mixin.py:188} INFO - [2026-03-12T02:47:00.656+0000] {dag.py:3823} INFO - Setting next_dagrun for housing_api_to_s3_to_snowflake to 2026-07-01 00:00:00+00:00, run_after=2027-07-01 00:00:00+00:00
[2026-03-12T02:47:00.665+0000] {processor.py:183} INFO - Processing /opt/airflow/dags/housing_api_to_s3_to_snowflake.py took 0.280 seconds
[2026-03-12T02:47:31.079+0000] {processor.py:161} INFO - Started process (PID=4872) to work on /opt/airflow/dags/housing_api_to_s3_to_snowflake.py
[2026-03-12T02:47:31.081+0000] {processor.py:830} INFO - Processing file /opt/airflow/dags/housing_api_to_s3_to_snowflake.py for tasks to queue
[2026-03-12T02:47:31.082+0000] {logging_mixin.py:188} INFO - [2026-03-12T02:47:31.081+0000] {dagbag.py:538} INFO - Filling up the DagBag from /opt/airflow/dags/housing_api_to_s3_to_snowflake.py
[2026-03-12T02:47:31.322+0000] {processor.py:840} INFO - DAG(s) 'housing_api_to_s3_to_snowflake' retrieved from /opt/airflow/dags/housing_api_to_s3_to_snowflake.py
[2026-03-12T02:47:31.333+0000] {logging_mixin.py:188} INFO - [2026-03-12T02:47:31.333+0000] {dag.py:3036} INFO - Sync 1 DAGs
[2026-03-12T02:47:31.341+0000] {logging_mixin.py:188} INFO - [2026-03-12T02:47:31.341+0000] {dag.py:3823} INFO - Setting next_dagrun for housing_api_to_s3_to_snowflake to 2026-07-01 00:00:00+00:00, run_after=2027-07-01 00:00:00+00:00
[2026-03-12T02:47:31.346+0000] {processor.py:183} INFO - Processing /opt/airflow/dags/housing_api_to_s3_to_snowflake.py took 0.269 seconds
[2026-03-12T02:48:01.431+0000] {processor.py:161} INFO - Started process (PID=4948) to work on /opt/airflow/dags/housing_api_to_s3_to_snowflake.py
[2026-03-12T02:48:01.433+0000] {processor.py:830} INFO - Processing file /opt/airflow/dags/housing_api_to_s3_to_snowflake.py for tasks to queue
[2026-03-12T02:48:01.434+0000] {logging_mixin.py:188} INFO - [2026-03-12T02:48:01.433+0000] {dagbag.py:538} INFO - Filling up the DagBag from /opt/airflow/dags/housing_api_to_s3_to_snowflake.py
[2026-03-12T02:48:01.685+0000] {processor.py:840} INFO - DAG(s) 'housing_api_to_s3_to_snowflake' retrieved from /opt/airflow/dags/housing_api_to_s3_to_snowflake.py
[2026-03-12T02:48:01.696+0000] {logging_mixin.py:188} INFO - [2026-03-12T02:48:01.695+0000] {dag.py:3036} INFO - Sync 1 DAGs
[2026-03-12T02:48:01.703+0000] {logging_mixin.py:188} INFO - [2026-03-12T02:48:01.703+0000] {dag.py:3823} INFO - Setting next_dagrun for housing_api_to_s3_to_snowflake to 2026-07-01 00:00:00+00:00, run_after=2027-07-01 00:00:00+00:00
[2026-03-12T02:48:01.709+0000] {processor.py:183} INFO - Processing /opt/airflow/dags/housing_api_to_s3_to_snowflake.py took 0.280 seconds
[2026-03-12T02:48:32.467+0000] {processor.py:161} INFO - Started process (PID=5024) to work on /opt/airflow/dags/housing_api_to_s3_to_snowflake.py
[2026-03-12T02:48:32.468+0000] {processor.py:830} INFO - Processing file /opt/airflow/dags/housing_api_to_s3_to_snowflake.py for tasks to queue
[2026-03-12T02:48:32.469+0000] {logging_mixin.py:188} INFO - [2026-03-12T02:48:32.469+0000] {dagbag.py:538} INFO - Filling up the DagBag from /opt/airflow/dags/housing_api_to_s3_to_snowflake.py
[2026-03-12T02:48:32.753+0000] {processor.py:840} INFO - DAG(s) 'housing_api_to_s3_to_snowflake' retrieved from /opt/airflow/dags/housing_api_to_s3_to_snowflake.py
[2026-03-12T02:48:32.778+0000] {logging_mixin.py:188} INFO - [2026-03-12T02:48:32.777+0000] {dag.py:3036} INFO - Sync 1 DAGs
[2026-03-12T02:48:32.790+0000] {logging_mixin.py:188} INFO - [2026-03-12T02:48:32.790+0000] {dag.py:3823} INFO - Setting next_dagrun for housing_api_to_s3_to_snowflake to 2026-07-01 00:00:00+00:00, run_after=2027-07-01 00:00:00+00:00
[2026-03-12T02:48:32.799+0000] {processor.py:183} INFO - Processing /opt/airflow/dags/housing_api_to_s3_to_snowflake.py took 0.333 seconds
[2026-03-12T02:49:03.533+0000] {processor.py:161} INFO - Started process (PID=5100) to work on /opt/airflow/dags/housing_api_to_s3_to_snowflake.py
[2026-03-12T02:49:03.534+0000] {processor.py:830} INFO - Processing file /opt/airflow/dags/housing_api_to_s3_to_snowflake.py for tasks to queue
[2026-03-12T02:49:03.535+0000] {logging_mixin.py:188} INFO - [2026-03-12T02:49:03.534+0000] {dagbag.py:538} INFO - Filling up the DagBag from /opt/airflow/dags/housing_api_to_s3_to_snowflake.py
[2026-03-12T02:49:03.829+0000] {processor.py:840} INFO - DAG(s) 'housing_api_to_s3_to_snowflake' retrieved from /opt/airflow/dags/housing_api_to_s3_to_snowflake.py
[2026-03-12T02:49:03.838+0000] {logging_mixin.py:188} INFO - [2026-03-12T02:49:03.837+0000] {dag.py:3036} INFO - Sync 1 DAGs
[2026-03-12T02:49:03.845+0000] {logging_mixin.py:188} INFO - [2026-03-12T02:49:03.845+0000] {dag.py:3823} INFO - Setting next_dagrun for housing_api_to_s3_to_snowflake to 2026-07-01 00:00:00+00:00, run_after=2027-07-01 00:00:00+00:00
[2026-03-12T02:49:03.850+0000] {processor.py:183} INFO - Processing /opt/airflow/dags/housing_api_to_s3_to_snowflake.py took 0.319 seconds
[2026-03-12T02:49:34.148+0000] {processor.py:161} INFO - Started process (PID=5176) to work on /opt/airflow/dags/housing_api_to_s3_to_snowflake.py
[2026-03-12T02:49:34.149+0000] {processor.py:830} INFO - Processing file /opt/airflow/dags/housing_api_to_s3_to_snowflake.py for tasks to queue
[2026-03-12T02:49:34.149+0000] {logging_mixin.py:188} INFO - [2026-03-12T02:49:34.149+0000] {dagbag.py:538} INFO - Filling up the DagBag from /opt/airflow/dags/housing_api_to_s3_to_snowflake.py
[2026-03-12T02:49:34.372+0000] {processor.py:840} INFO - DAG(s) 'housing_api_to_s3_to_snowflake' retrieved from /opt/airflow/dags/housing_api_to_s3_to_snowflake.py
[2026-03-12T02:49:34.377+0000] {logging_mixin.py:188} INFO - [2026-03-12T02:49:34.377+0000] {dag.py:3036} INFO - Sync 1 DAGs
[2026-03-12T02:49:34.384+0000] {logging_mixin.py:188} INFO - [2026-03-12T02:49:34.384+0000] {dag.py:3823} INFO - Setting next_dagrun for housing_api_to_s3_to_snowflake to 2026-07-01 00:00:00+00:00, run_after=2027-07-01 00:00:00+00:00
[2026-03-12T02:49:34.389+0000] {processor.py:183} INFO - Processing /opt/airflow/dags/housing_api_to_s3_to_snowflake.py took 0.242 seconds
