[2026-03-12T02:15:09.470+0000] {processor.py:161} INFO - Started process (PID=78) to work on /opt/airflow/dags/mbta_api_s3_snowflake.py
[2026-03-12T02:15:09.471+0000] {processor.py:830} INFO - Processing file /opt/airflow/dags/mbta_api_s3_snowflake.py for tasks to queue
[2026-03-12T02:15:09.472+0000] {logging_mixin.py:188} INFO - [2026-03-12T02:15:09.472+0000] {dagbag.py:538} INFO - Filling up the DagBag from /opt/airflow/dags/mbta_api_s3_snowflake.py
[2026-03-12T02:15:09.771+0000] {processor.py:840} INFO - DAG(s) 'mbta_api_to_s3_to_snowflake' retrieved from /opt/airflow/dags/mbta_api_s3_snowflake.py
[2026-03-12T02:15:09.818+0000] {logging_mixin.py:188} INFO - [2026-03-12T02:15:09.818+0000] {dag.py:3036} INFO - Sync 1 DAGs
[2026-03-12T02:15:09.828+0000] {logging_mixin.py:188} INFO - [2026-03-12T02:15:09.828+0000] {dag.py:3823} INFO - Setting next_dagrun for mbta_api_to_s3_to_snowflake to 2027-01-01 00:00:00+00:00, run_after=2028-01-01 00:00:00+00:00
[2026-03-12T02:15:09.843+0000] {processor.py:183} INFO - Processing /opt/airflow/dags/mbta_api_s3_snowflake.py took 0.375 seconds
[2026-03-12T02:15:39.923+0000] {processor.py:161} INFO - Started process (PID=153) to work on /opt/airflow/dags/mbta_api_s3_snowflake.py
[2026-03-12T02:15:39.924+0000] {processor.py:830} INFO - Processing file /opt/airflow/dags/mbta_api_s3_snowflake.py for tasks to queue
[2026-03-12T02:15:39.925+0000] {logging_mixin.py:188} INFO - [2026-03-12T02:15:39.924+0000] {dagbag.py:538} INFO - Filling up the DagBag from /opt/airflow/dags/mbta_api_s3_snowflake.py
[2026-03-12T02:15:40.241+0000] {processor.py:840} INFO - DAG(s) 'mbta_api_to_s3_to_snowflake' retrieved from /opt/airflow/dags/mbta_api_s3_snowflake.py
[2026-03-12T02:15:40.254+0000] {logging_mixin.py:188} INFO - [2026-03-12T02:15:40.254+0000] {dag.py:3036} INFO - Sync 1 DAGs
[2026-03-12T02:15:40.275+0000] {logging_mixin.py:188} INFO - [2026-03-12T02:15:40.274+0000] {dag.py:3823} INFO - Setting next_dagrun for mbta_api_to_s3_to_snowflake to 2027-01-01 00:00:00+00:00, run_after=2028-01-01 00:00:00+00:00
[2026-03-12T02:15:40.282+0000] {processor.py:183} INFO - Processing /opt/airflow/dags/mbta_api_s3_snowflake.py took 0.361 seconds
[2026-03-12T02:16:11.125+0000] {processor.py:161} INFO - Started process (PID=229) to work on /opt/airflow/dags/mbta_api_s3_snowflake.py
[2026-03-12T02:16:11.126+0000] {processor.py:830} INFO - Processing file /opt/airflow/dags/mbta_api_s3_snowflake.py for tasks to queue
[2026-03-12T02:16:11.127+0000] {logging_mixin.py:188} INFO - [2026-03-12T02:16:11.127+0000] {dagbag.py:538} INFO - Filling up the DagBag from /opt/airflow/dags/mbta_api_s3_snowflake.py
[2026-03-12T02:16:11.320+0000] {processor.py:840} INFO - DAG(s) 'mbta_api_to_s3_to_snowflake' retrieved from /opt/airflow/dags/mbta_api_s3_snowflake.py
[2026-03-12T02:16:11.331+0000] {logging_mixin.py:188} INFO - [2026-03-12T02:16:11.331+0000] {dag.py:3036} INFO - Sync 1 DAGs
[2026-03-12T02:16:11.344+0000] {logging_mixin.py:188} INFO - [2026-03-12T02:16:11.344+0000] {dag.py:3823} INFO - Setting next_dagrun for mbta_api_to_s3_to_snowflake to 2027-01-01 00:00:00+00:00, run_after=2028-01-01 00:00:00+00:00
[2026-03-12T02:16:11.351+0000] {processor.py:183} INFO - Processing /opt/airflow/dags/mbta_api_s3_snowflake.py took 0.227 seconds
[2026-03-12T02:16:41.963+0000] {processor.py:161} INFO - Started process (PID=305) to work on /opt/airflow/dags/mbta_api_s3_snowflake.py
[2026-03-12T02:16:41.963+0000] {processor.py:830} INFO - Processing file /opt/airflow/dags/mbta_api_s3_snowflake.py for tasks to queue
[2026-03-12T02:16:41.964+0000] {logging_mixin.py:188} INFO - [2026-03-12T02:16:41.964+0000] {dagbag.py:538} INFO - Filling up the DagBag from /opt/airflow/dags/mbta_api_s3_snowflake.py
[2026-03-12T02:16:42.143+0000] {processor.py:840} INFO - DAG(s) 'mbta_api_to_s3_to_snowflake' retrieved from /opt/airflow/dags/mbta_api_s3_snowflake.py
[2026-03-12T02:16:42.153+0000] {logging_mixin.py:188} INFO - [2026-03-12T02:16:42.153+0000] {dag.py:3036} INFO - Sync 1 DAGs
[2026-03-12T02:16:42.164+0000] {logging_mixin.py:188} INFO - [2026-03-12T02:16:42.164+0000] {dag.py:3823} INFO - Setting next_dagrun for mbta_api_to_s3_to_snowflake to 2027-01-01 00:00:00+00:00, run_after=2028-01-01 00:00:00+00:00
[2026-03-12T02:16:42.174+0000] {processor.py:183} INFO - Processing /opt/airflow/dags/mbta_api_s3_snowflake.py took 0.213 seconds
[2026-03-12T02:17:12.915+0000] {processor.py:161} INFO - Started process (PID=381) to work on /opt/airflow/dags/mbta_api_s3_snowflake.py
[2026-03-12T02:17:12.916+0000] {processor.py:830} INFO - Processing file /opt/airflow/dags/mbta_api_s3_snowflake.py for tasks to queue
[2026-03-12T02:17:12.917+0000] {logging_mixin.py:188} INFO - [2026-03-12T02:17:12.916+0000] {dagbag.py:538} INFO - Filling up the DagBag from /opt/airflow/dags/mbta_api_s3_snowflake.py
[2026-03-12T02:17:13.089+0000] {processor.py:840} INFO - DAG(s) 'mbta_api_to_s3_to_snowflake' retrieved from /opt/airflow/dags/mbta_api_s3_snowflake.py
[2026-03-12T02:17:13.101+0000] {logging_mixin.py:188} INFO - [2026-03-12T02:17:13.101+0000] {dag.py:3036} INFO - Sync 1 DAGs
[2026-03-12T02:17:13.124+0000] {logging_mixin.py:188} INFO - [2026-03-12T02:17:13.124+0000] {dag.py:3823} INFO - Setting next_dagrun for mbta_api_to_s3_to_snowflake to 2027-01-01 00:00:00+00:00, run_after=2028-01-01 00:00:00+00:00
[2026-03-12T02:17:13.140+0000] {processor.py:183} INFO - Processing /opt/airflow/dags/mbta_api_s3_snowflake.py took 0.226 seconds
[2026-03-12T02:17:43.379+0000] {processor.py:161} INFO - Started process (PID=457) to work on /opt/airflow/dags/mbta_api_s3_snowflake.py
[2026-03-12T02:17:43.379+0000] {processor.py:830} INFO - Processing file /opt/airflow/dags/mbta_api_s3_snowflake.py for tasks to queue
[2026-03-12T02:17:43.380+0000] {logging_mixin.py:188} INFO - [2026-03-12T02:17:43.380+0000] {dagbag.py:538} INFO - Filling up the DagBag from /opt/airflow/dags/mbta_api_s3_snowflake.py
[2026-03-12T02:17:43.573+0000] {processor.py:840} INFO - DAG(s) 'mbta_api_to_s3_to_snowflake' retrieved from /opt/airflow/dags/mbta_api_s3_snowflake.py
[2026-03-12T02:17:43.582+0000] {logging_mixin.py:188} INFO - [2026-03-12T02:17:43.582+0000] {dag.py:3036} INFO - Sync 1 DAGs
[2026-03-12T02:17:43.593+0000] {logging_mixin.py:188} INFO - [2026-03-12T02:17:43.593+0000] {dag.py:3823} INFO - Setting next_dagrun for mbta_api_to_s3_to_snowflake to 2027-01-01 00:00:00+00:00, run_after=2028-01-01 00:00:00+00:00
[2026-03-12T02:17:43.608+0000] {processor.py:183} INFO - Processing /opt/airflow/dags/mbta_api_s3_snowflake.py took 0.231 seconds
[2026-03-12T02:18:14.306+0000] {processor.py:161} INFO - Started process (PID=534) to work on /opt/airflow/dags/mbta_api_s3_snowflake.py
[2026-03-12T02:18:14.307+0000] {processor.py:830} INFO - Processing file /opt/airflow/dags/mbta_api_s3_snowflake.py for tasks to queue
[2026-03-12T02:18:14.308+0000] {logging_mixin.py:188} INFO - [2026-03-12T02:18:14.308+0000] {dagbag.py:538} INFO - Filling up the DagBag from /opt/airflow/dags/mbta_api_s3_snowflake.py
[2026-03-12T02:18:14.489+0000] {processor.py:840} INFO - DAG(s) 'mbta_api_to_s3_to_snowflake' retrieved from /opt/airflow/dags/mbta_api_s3_snowflake.py
[2026-03-12T02:18:14.500+0000] {logging_mixin.py:188} INFO - [2026-03-12T02:18:14.500+0000] {dag.py:3036} INFO - Sync 1 DAGs
[2026-03-12T02:18:14.510+0000] {logging_mixin.py:188} INFO - [2026-03-12T02:18:14.510+0000] {dag.py:3823} INFO - Setting next_dagrun for mbta_api_to_s3_to_snowflake to 2027-01-01 00:00:00+00:00, run_after=2028-01-01 00:00:00+00:00
[2026-03-12T02:18:14.516+0000] {processor.py:183} INFO - Processing /opt/airflow/dags/mbta_api_s3_snowflake.py took 0.211 seconds
[2026-03-12T02:18:45.209+0000] {processor.py:161} INFO - Started process (PID=610) to work on /opt/airflow/dags/mbta_api_s3_snowflake.py
[2026-03-12T02:18:45.210+0000] {processor.py:830} INFO - Processing file /opt/airflow/dags/mbta_api_s3_snowflake.py for tasks to queue
[2026-03-12T02:18:45.211+0000] {logging_mixin.py:188} INFO - [2026-03-12T02:18:45.210+0000] {dagbag.py:538} INFO - Filling up the DagBag from /opt/airflow/dags/mbta_api_s3_snowflake.py
[2026-03-12T02:18:45.419+0000] {processor.py:840} INFO - DAG(s) 'mbta_api_to_s3_to_snowflake' retrieved from /opt/airflow/dags/mbta_api_s3_snowflake.py
[2026-03-12T02:18:45.432+0000] {logging_mixin.py:188} INFO - [2026-03-12T02:18:45.432+0000] {dag.py:3036} INFO - Sync 1 DAGs
[2026-03-12T02:18:45.440+0000] {logging_mixin.py:188} INFO - [2026-03-12T02:18:45.440+0000] {dag.py:3823} INFO - Setting next_dagrun for mbta_api_to_s3_to_snowflake to 2027-01-01 00:00:00+00:00, run_after=2028-01-01 00:00:00+00:00
[2026-03-12T02:18:45.447+0000] {processor.py:183} INFO - Processing /opt/airflow/dags/mbta_api_s3_snowflake.py took 0.241 seconds
[2026-03-12T02:19:16.050+0000] {processor.py:161} INFO - Started process (PID=686) to work on /opt/airflow/dags/mbta_api_s3_snowflake.py
[2026-03-12T02:19:16.051+0000] {processor.py:830} INFO - Processing file /opt/airflow/dags/mbta_api_s3_snowflake.py for tasks to queue
[2026-03-12T02:19:16.052+0000] {logging_mixin.py:188} INFO - [2026-03-12T02:19:16.052+0000] {dagbag.py:538} INFO - Filling up the DagBag from /opt/airflow/dags/mbta_api_s3_snowflake.py
[2026-03-12T02:19:16.254+0000] {processor.py:840} INFO - DAG(s) 'mbta_api_to_s3_to_snowflake' retrieved from /opt/airflow/dags/mbta_api_s3_snowflake.py
[2026-03-12T02:19:16.285+0000] {logging_mixin.py:188} INFO - [2026-03-12T02:19:16.284+0000] {dag.py:3036} INFO - Sync 1 DAGs
[2026-03-12T02:19:16.299+0000] {logging_mixin.py:188} INFO - [2026-03-12T02:19:16.299+0000] {dag.py:3823} INFO - Setting next_dagrun for mbta_api_to_s3_to_snowflake to 2027-01-01 00:00:00+00:00, run_after=2028-01-01 00:00:00+00:00
[2026-03-12T02:19:16.307+0000] {processor.py:183} INFO - Processing /opt/airflow/dags/mbta_api_s3_snowflake.py took 0.258 seconds
[2026-03-12T02:19:47.494+0000] {processor.py:161} INFO - Started process (PID=764) to work on /opt/airflow/dags/mbta_api_s3_snowflake.py
[2026-03-12T02:19:47.495+0000] {processor.py:830} INFO - Processing file /opt/airflow/dags/mbta_api_s3_snowflake.py for tasks to queue
[2026-03-12T02:19:47.496+0000] {logging_mixin.py:188} INFO - [2026-03-12T02:19:47.496+0000] {dagbag.py:538} INFO - Filling up the DagBag from /opt/airflow/dags/mbta_api_s3_snowflake.py
[2026-03-12T02:19:47.669+0000] {processor.py:840} INFO - DAG(s) 'mbta_api_to_s3_to_snowflake' retrieved from /opt/airflow/dags/mbta_api_s3_snowflake.py
[2026-03-12T02:19:47.677+0000] {logging_mixin.py:188} INFO - [2026-03-12T02:19:47.677+0000] {dag.py:3036} INFO - Sync 1 DAGs
[2026-03-12T02:19:47.685+0000] {logging_mixin.py:188} INFO - [2026-03-12T02:19:47.685+0000] {dag.py:3823} INFO - Setting next_dagrun for mbta_api_to_s3_to_snowflake to 2027-01-01 00:00:00+00:00, run_after=2028-01-01 00:00:00+00:00
[2026-03-12T02:19:47.691+0000] {processor.py:183} INFO - Processing /opt/airflow/dags/mbta_api_s3_snowflake.py took 0.199 seconds
[2026-03-12T02:20:18.366+0000] {processor.py:161} INFO - Started process (PID=840) to work on /opt/airflow/dags/mbta_api_s3_snowflake.py
[2026-03-12T02:20:18.367+0000] {processor.py:830} INFO - Processing file /opt/airflow/dags/mbta_api_s3_snowflake.py for tasks to queue
[2026-03-12T02:20:18.368+0000] {logging_mixin.py:188} INFO - [2026-03-12T02:20:18.368+0000] {dagbag.py:538} INFO - Filling up the DagBag from /opt/airflow/dags/mbta_api_s3_snowflake.py
[2026-03-12T02:20:18.621+0000] {processor.py:840} INFO - DAG(s) 'mbta_api_to_s3_to_snowflake' retrieved from /opt/airflow/dags/mbta_api_s3_snowflake.py
[2026-03-12T02:20:18.628+0000] {logging_mixin.py:188} INFO - [2026-03-12T02:20:18.628+0000] {dag.py:3036} INFO - Sync 1 DAGs
[2026-03-12T02:20:18.636+0000] {logging_mixin.py:188} INFO - [2026-03-12T02:20:18.636+0000] {dag.py:3823} INFO - Setting next_dagrun for mbta_api_to_s3_to_snowflake to 2027-01-01 00:00:00+00:00, run_after=2028-01-01 00:00:00+00:00
[2026-03-12T02:20:18.641+0000] {processor.py:183} INFO - Processing /opt/airflow/dags/mbta_api_s3_snowflake.py took 0.276 seconds
[2026-03-12T02:20:50.143+0000] {processor.py:161} INFO - Started process (PID=916) to work on /opt/airflow/dags/mbta_api_s3_snowflake.py
[2026-03-12T02:20:50.145+0000] {processor.py:830} INFO - Processing file /opt/airflow/dags/mbta_api_s3_snowflake.py for tasks to queue
[2026-03-12T02:20:50.146+0000] {logging_mixin.py:188} INFO - [2026-03-12T02:20:50.146+0000] {dagbag.py:538} INFO - Filling up the DagBag from /opt/airflow/dags/mbta_api_s3_snowflake.py
[2026-03-12T02:20:50.507+0000] {processor.py:840} INFO - DAG(s) 'mbta_api_to_s3_to_snowflake' retrieved from /opt/airflow/dags/mbta_api_s3_snowflake.py
[2026-03-12T02:20:50.521+0000] {logging_mixin.py:188} INFO - [2026-03-12T02:20:50.521+0000] {dag.py:3036} INFO - Sync 1 DAGs
[2026-03-12T02:20:50.539+0000] {logging_mixin.py:188} INFO - [2026-03-12T02:20:50.539+0000] {dag.py:3823} INFO - Setting next_dagrun for mbta_api_to_s3_to_snowflake to 2027-01-01 00:00:00+00:00, run_after=2028-01-01 00:00:00+00:00
[2026-03-12T02:20:50.552+0000] {processor.py:183} INFO - Processing /opt/airflow/dags/mbta_api_s3_snowflake.py took 0.410 seconds
[2026-03-12T02:21:21.443+0000] {processor.py:161} INFO - Started process (PID=992) to work on /opt/airflow/dags/mbta_api_s3_snowflake.py
[2026-03-12T02:21:21.447+0000] {processor.py:830} INFO - Processing file /opt/airflow/dags/mbta_api_s3_snowflake.py for tasks to queue
[2026-03-12T02:21:21.451+0000] {logging_mixin.py:188} INFO - [2026-03-12T02:21:21.451+0000] {dagbag.py:538} INFO - Filling up the DagBag from /opt/airflow/dags/mbta_api_s3_snowflake.py
[2026-03-12T02:21:21.718+0000] {processor.py:840} INFO - DAG(s) 'mbta_api_to_s3_to_snowflake' retrieved from /opt/airflow/dags/mbta_api_s3_snowflake.py
[2026-03-12T02:21:21.728+0000] {logging_mixin.py:188} INFO - [2026-03-12T02:21:21.728+0000] {dag.py:3036} INFO - Sync 1 DAGs
[2026-03-12T02:21:21.738+0000] {logging_mixin.py:188} INFO - [2026-03-12T02:21:21.738+0000] {dag.py:3823} INFO - Setting next_dagrun for mbta_api_to_s3_to_snowflake to 2027-01-01 00:00:00+00:00, run_after=2028-01-01 00:00:00+00:00
[2026-03-12T02:21:21.746+0000] {processor.py:183} INFO - Processing /opt/airflow/dags/mbta_api_s3_snowflake.py took 0.307 seconds
[2026-03-12T02:21:51.981+0000] {processor.py:161} INFO - Started process (PID=1068) to work on /opt/airflow/dags/mbta_api_s3_snowflake.py
[2026-03-12T02:21:51.982+0000] {processor.py:830} INFO - Processing file /opt/airflow/dags/mbta_api_s3_snowflake.py for tasks to queue
[2026-03-12T02:21:51.984+0000] {logging_mixin.py:188} INFO - [2026-03-12T02:21:51.983+0000] {dagbag.py:538} INFO - Filling up the DagBag from /opt/airflow/dags/mbta_api_s3_snowflake.py
[2026-03-12T02:21:52.221+0000] {processor.py:840} INFO - DAG(s) 'mbta_api_to_s3_to_snowflake' retrieved from /opt/airflow/dags/mbta_api_s3_snowflake.py
[2026-03-12T02:21:52.228+0000] {logging_mixin.py:188} INFO - [2026-03-12T02:21:52.228+0000] {dag.py:3036} INFO - Sync 1 DAGs
[2026-03-12T02:21:52.235+0000] {logging_mixin.py:188} INFO - [2026-03-12T02:21:52.235+0000] {dag.py:3823} INFO - Setting next_dagrun for mbta_api_to_s3_to_snowflake to 2027-01-01 00:00:00+00:00, run_after=2028-01-01 00:00:00+00:00
[2026-03-12T02:21:52.243+0000] {processor.py:183} INFO - Processing /opt/airflow/dags/mbta_api_s3_snowflake.py took 0.264 seconds
[2026-03-12T02:22:22.316+0000] {processor.py:161} INFO - Started process (PID=1144) to work on /opt/airflow/dags/mbta_api_s3_snowflake.py
[2026-03-12T02:22:22.318+0000] {processor.py:830} INFO - Processing file /opt/airflow/dags/mbta_api_s3_snowflake.py for tasks to queue
[2026-03-12T02:22:22.321+0000] {logging_mixin.py:188} INFO - [2026-03-12T02:22:22.320+0000] {dagbag.py:538} INFO - Filling up the DagBag from /opt/airflow/dags/mbta_api_s3_snowflake.py
[2026-03-12T02:22:22.597+0000] {processor.py:840} INFO - DAG(s) 'mbta_api_to_s3_to_snowflake' retrieved from /opt/airflow/dags/mbta_api_s3_snowflake.py
[2026-03-12T02:22:22.605+0000] {logging_mixin.py:188} INFO - [2026-03-12T02:22:22.605+0000] {dag.py:3036} INFO - Sync 1 DAGs
[2026-03-12T02:22:22.614+0000] {logging_mixin.py:188} INFO - [2026-03-12T02:22:22.614+0000] {dag.py:3823} INFO - Setting next_dagrun for mbta_api_to_s3_to_snowflake to 2027-01-01 00:00:00+00:00, run_after=2028-01-01 00:00:00+00:00
[2026-03-12T02:22:22.622+0000] {processor.py:183} INFO - Processing /opt/airflow/dags/mbta_api_s3_snowflake.py took 0.310 seconds
[2026-03-12T02:22:53.592+0000] {processor.py:161} INFO - Started process (PID=1220) to work on /opt/airflow/dags/mbta_api_s3_snowflake.py
[2026-03-12T02:22:53.595+0000] {processor.py:830} INFO - Processing file /opt/airflow/dags/mbta_api_s3_snowflake.py for tasks to queue
[2026-03-12T02:22:53.597+0000] {logging_mixin.py:188} INFO - [2026-03-12T02:22:53.596+0000] {dagbag.py:538} INFO - Filling up the DagBag from /opt/airflow/dags/mbta_api_s3_snowflake.py
[2026-03-12T02:22:53.840+0000] {processor.py:840} INFO - DAG(s) 'mbta_api_to_s3_to_snowflake' retrieved from /opt/airflow/dags/mbta_api_s3_snowflake.py
[2026-03-12T02:22:53.848+0000] {logging_mixin.py:188} INFO - [2026-03-12T02:22:53.848+0000] {dag.py:3036} INFO - Sync 1 DAGs
[2026-03-12T02:22:53.858+0000] {logging_mixin.py:188} INFO - [2026-03-12T02:22:53.857+0000] {dag.py:3823} INFO - Setting next_dagrun for mbta_api_to_s3_to_snowflake to 2027-01-01 00:00:00+00:00, run_after=2028-01-01 00:00:00+00:00
[2026-03-12T02:22:53.867+0000] {processor.py:183} INFO - Processing /opt/airflow/dags/mbta_api_s3_snowflake.py took 0.279 seconds
[2026-03-12T02:23:24.693+0000] {processor.py:161} INFO - Started process (PID=1296) to work on /opt/airflow/dags/mbta_api_s3_snowflake.py
[2026-03-12T02:23:24.695+0000] {processor.py:830} INFO - Processing file /opt/airflow/dags/mbta_api_s3_snowflake.py for tasks to queue
[2026-03-12T02:23:24.696+0000] {logging_mixin.py:188} INFO - [2026-03-12T02:23:24.696+0000] {dagbag.py:538} INFO - Filling up the DagBag from /opt/airflow/dags/mbta_api_s3_snowflake.py
[2026-03-12T02:23:24.954+0000] {processor.py:840} INFO - DAG(s) 'mbta_api_to_s3_to_snowflake' retrieved from /opt/airflow/dags/mbta_api_s3_snowflake.py
[2026-03-12T02:23:24.966+0000] {logging_mixin.py:188} INFO - [2026-03-12T02:23:24.966+0000] {dag.py:3036} INFO - Sync 1 DAGs
[2026-03-12T02:23:24.977+0000] {logging_mixin.py:188} INFO - [2026-03-12T02:23:24.977+0000] {dag.py:3823} INFO - Setting next_dagrun for mbta_api_to_s3_to_snowflake to 2027-01-01 00:00:00+00:00, run_after=2028-01-01 00:00:00+00:00
[2026-03-12T02:23:24.984+0000] {processor.py:183} INFO - Processing /opt/airflow/dags/mbta_api_s3_snowflake.py took 0.293 seconds
[2026-03-12T02:23:55.924+0000] {processor.py:161} INFO - Started process (PID=1372) to work on /opt/airflow/dags/mbta_api_s3_snowflake.py
[2026-03-12T02:23:55.926+0000] {processor.py:830} INFO - Processing file /opt/airflow/dags/mbta_api_s3_snowflake.py for tasks to queue
[2026-03-12T02:23:55.929+0000] {logging_mixin.py:188} INFO - [2026-03-12T02:23:55.928+0000] {dagbag.py:538} INFO - Filling up the DagBag from /opt/airflow/dags/mbta_api_s3_snowflake.py
[2026-03-12T02:23:56.168+0000] {processor.py:840} INFO - DAG(s) 'mbta_api_to_s3_to_snowflake' retrieved from /opt/airflow/dags/mbta_api_s3_snowflake.py
[2026-03-12T02:23:56.177+0000] {logging_mixin.py:188} INFO - [2026-03-12T02:23:56.177+0000] {dag.py:3036} INFO - Sync 1 DAGs
[2026-03-12T02:23:56.186+0000] {logging_mixin.py:188} INFO - [2026-03-12T02:23:56.186+0000] {dag.py:3823} INFO - Setting next_dagrun for mbta_api_to_s3_to_snowflake to 2027-01-01 00:00:00+00:00, run_after=2028-01-01 00:00:00+00:00
[2026-03-12T02:23:56.194+0000] {processor.py:183} INFO - Processing /opt/airflow/dags/mbta_api_s3_snowflake.py took 0.274 seconds
[2026-03-12T02:24:26.298+0000] {processor.py:161} INFO - Started process (PID=1448) to work on /opt/airflow/dags/mbta_api_s3_snowflake.py
[2026-03-12T02:24:26.299+0000] {processor.py:830} INFO - Processing file /opt/airflow/dags/mbta_api_s3_snowflake.py for tasks to queue
[2026-03-12T02:24:26.299+0000] {logging_mixin.py:188} INFO - [2026-03-12T02:24:26.299+0000] {dagbag.py:538} INFO - Filling up the DagBag from /opt/airflow/dags/mbta_api_s3_snowflake.py
[2026-03-12T02:24:26.517+0000] {processor.py:840} INFO - DAG(s) 'mbta_api_to_s3_to_snowflake' retrieved from /opt/airflow/dags/mbta_api_s3_snowflake.py
[2026-03-12T02:24:26.523+0000] {logging_mixin.py:188} INFO - [2026-03-12T02:24:26.523+0000] {dag.py:3036} INFO - Sync 1 DAGs
[2026-03-12T02:24:26.529+0000] {logging_mixin.py:188} INFO - [2026-03-12T02:24:26.529+0000] {dag.py:3823} INFO - Setting next_dagrun for mbta_api_to_s3_to_snowflake to 2027-01-01 00:00:00+00:00, run_after=2028-01-01 00:00:00+00:00
[2026-03-12T02:24:26.535+0000] {processor.py:183} INFO - Processing /opt/airflow/dags/mbta_api_s3_snowflake.py took 0.238 seconds
[2026-03-12T02:24:57.106+0000] {processor.py:161} INFO - Started process (PID=1523) to work on /opt/airflow/dags/mbta_api_s3_snowflake.py
[2026-03-12T02:24:57.107+0000] {processor.py:830} INFO - Processing file /opt/airflow/dags/mbta_api_s3_snowflake.py for tasks to queue
[2026-03-12T02:24:57.108+0000] {logging_mixin.py:188} INFO - [2026-03-12T02:24:57.108+0000] {dagbag.py:538} INFO - Filling up the DagBag from /opt/airflow/dags/mbta_api_s3_snowflake.py
[2026-03-12T02:24:57.273+0000] {processor.py:840} INFO - DAG(s) 'mbta_api_to_s3_to_snowflake' retrieved from /opt/airflow/dags/mbta_api_s3_snowflake.py
[2026-03-12T02:24:57.285+0000] {logging_mixin.py:188} INFO - [2026-03-12T02:24:57.285+0000] {dag.py:3036} INFO - Sync 1 DAGs
[2026-03-12T02:24:57.293+0000] {logging_mixin.py:188} INFO - [2026-03-12T02:24:57.293+0000] {dag.py:3823} INFO - Setting next_dagrun for mbta_api_to_s3_to_snowflake to 2027-01-01 00:00:00+00:00, run_after=2028-01-01 00:00:00+00:00
[2026-03-12T02:24:57.302+0000] {processor.py:183} INFO - Processing /opt/airflow/dags/mbta_api_s3_snowflake.py took 0.198 seconds
[2026-03-12T02:25:28.090+0000] {processor.py:161} INFO - Started process (PID=1600) to work on /opt/airflow/dags/mbta_api_s3_snowflake.py
[2026-03-12T02:25:28.092+0000] {processor.py:830} INFO - Processing file /opt/airflow/dags/mbta_api_s3_snowflake.py for tasks to queue
[2026-03-12T02:25:28.092+0000] {logging_mixin.py:188} INFO - [2026-03-12T02:25:28.092+0000] {dagbag.py:538} INFO - Filling up the DagBag from /opt/airflow/dags/mbta_api_s3_snowflake.py
[2026-03-12T02:25:28.265+0000] {processor.py:840} INFO - DAG(s) 'mbta_api_to_s3_to_snowflake' retrieved from /opt/airflow/dags/mbta_api_s3_snowflake.py
[2026-03-12T02:25:28.275+0000] {logging_mixin.py:188} INFO - [2026-03-12T02:25:28.275+0000] {dag.py:3036} INFO - Sync 1 DAGs
[2026-03-12T02:25:28.284+0000] {logging_mixin.py:188} INFO - [2026-03-12T02:25:28.284+0000] {dag.py:3823} INFO - Setting next_dagrun for mbta_api_to_s3_to_snowflake to 2027-01-01 00:00:00+00:00, run_after=2028-01-01 00:00:00+00:00
[2026-03-12T02:25:28.292+0000] {processor.py:183} INFO - Processing /opt/airflow/dags/mbta_api_s3_snowflake.py took 0.203 seconds
[2026-03-12T02:25:58.766+0000] {processor.py:161} INFO - Started process (PID=1675) to work on /opt/airflow/dags/mbta_api_s3_snowflake.py
[2026-03-12T02:25:58.767+0000] {processor.py:830} INFO - Processing file /opt/airflow/dags/mbta_api_s3_snowflake.py for tasks to queue
[2026-03-12T02:25:58.767+0000] {logging_mixin.py:188} INFO - [2026-03-12T02:25:58.767+0000] {dagbag.py:538} INFO - Filling up the DagBag from /opt/airflow/dags/mbta_api_s3_snowflake.py
[2026-03-12T02:25:58.934+0000] {processor.py:840} INFO - DAG(s) 'mbta_api_to_s3_to_snowflake' retrieved from /opt/airflow/dags/mbta_api_s3_snowflake.py
[2026-03-12T02:25:58.942+0000] {logging_mixin.py:188} INFO - [2026-03-12T02:25:58.941+0000] {dag.py:3036} INFO - Sync 1 DAGs
[2026-03-12T02:25:58.950+0000] {logging_mixin.py:188} INFO - [2026-03-12T02:25:58.950+0000] {dag.py:3823} INFO - Setting next_dagrun for mbta_api_to_s3_to_snowflake to 2027-01-01 00:00:00+00:00, run_after=2028-01-01 00:00:00+00:00
[2026-03-12T02:25:58.956+0000] {processor.py:183} INFO - Processing /opt/airflow/dags/mbta_api_s3_snowflake.py took 0.192 seconds
[2026-03-12T02:26:29.554+0000] {processor.py:161} INFO - Started process (PID=1751) to work on /opt/airflow/dags/mbta_api_s3_snowflake.py
[2026-03-12T02:26:29.555+0000] {processor.py:830} INFO - Processing file /opt/airflow/dags/mbta_api_s3_snowflake.py for tasks to queue
[2026-03-12T02:26:29.555+0000] {logging_mixin.py:188} INFO - [2026-03-12T02:26:29.555+0000] {dagbag.py:538} INFO - Filling up the DagBag from /opt/airflow/dags/mbta_api_s3_snowflake.py
[2026-03-12T02:26:29.726+0000] {processor.py:840} INFO - DAG(s) 'mbta_api_to_s3_to_snowflake' retrieved from /opt/airflow/dags/mbta_api_s3_snowflake.py
[2026-03-12T02:26:29.736+0000] {logging_mixin.py:188} INFO - [2026-03-12T02:26:29.735+0000] {dag.py:3036} INFO - Sync 1 DAGs
[2026-03-12T02:26:29.746+0000] {logging_mixin.py:188} INFO - [2026-03-12T02:26:29.746+0000] {dag.py:3823} INFO - Setting next_dagrun for mbta_api_to_s3_to_snowflake to 2027-01-01 00:00:00+00:00, run_after=2028-01-01 00:00:00+00:00
[2026-03-12T02:26:29.755+0000] {processor.py:183} INFO - Processing /opt/airflow/dags/mbta_api_s3_snowflake.py took 0.203 seconds
[2026-03-12T02:27:00.347+0000] {processor.py:161} INFO - Started process (PID=1828) to work on /opt/airflow/dags/mbta_api_s3_snowflake.py
[2026-03-12T02:27:00.348+0000] {processor.py:830} INFO - Processing file /opt/airflow/dags/mbta_api_s3_snowflake.py for tasks to queue
[2026-03-12T02:27:00.349+0000] {logging_mixin.py:188} INFO - [2026-03-12T02:27:00.349+0000] {dagbag.py:538} INFO - Filling up the DagBag from /opt/airflow/dags/mbta_api_s3_snowflake.py
[2026-03-12T02:27:00.527+0000] {processor.py:840} INFO - DAG(s) 'mbta_api_to_s3_to_snowflake' retrieved from /opt/airflow/dags/mbta_api_s3_snowflake.py
[2026-03-12T02:27:00.539+0000] {logging_mixin.py:188} INFO - [2026-03-12T02:27:00.538+0000] {dag.py:3036} INFO - Sync 1 DAGs
[2026-03-12T02:27:00.547+0000] {logging_mixin.py:188} INFO - [2026-03-12T02:27:00.547+0000] {dag.py:3823} INFO - Setting next_dagrun for mbta_api_to_s3_to_snowflake to 2027-01-01 00:00:00+00:00, run_after=2028-01-01 00:00:00+00:00
[2026-03-12T02:27:00.553+0000] {processor.py:183} INFO - Processing /opt/airflow/dags/mbta_api_s3_snowflake.py took 0.207 seconds
[2026-03-12T02:27:31.143+0000] {processor.py:161} INFO - Started process (PID=1904) to work on /opt/airflow/dags/mbta_api_s3_snowflake.py
[2026-03-12T02:27:31.144+0000] {processor.py:830} INFO - Processing file /opt/airflow/dags/mbta_api_s3_snowflake.py for tasks to queue
[2026-03-12T02:27:31.148+0000] {logging_mixin.py:188} INFO - [2026-03-12T02:27:31.148+0000] {dagbag.py:538} INFO - Filling up the DagBag from /opt/airflow/dags/mbta_api_s3_snowflake.py
[2026-03-12T02:27:31.316+0000] {processor.py:840} INFO - DAG(s) 'mbta_api_to_s3_to_snowflake' retrieved from /opt/airflow/dags/mbta_api_s3_snowflake.py
[2026-03-12T02:27:31.327+0000] {logging_mixin.py:188} INFO - [2026-03-12T02:27:31.326+0000] {dag.py:3036} INFO - Sync 1 DAGs
[2026-03-12T02:27:31.334+0000] {logging_mixin.py:188} INFO - [2026-03-12T02:27:31.334+0000] {dag.py:3823} INFO - Setting next_dagrun for mbta_api_to_s3_to_snowflake to 2027-01-01 00:00:00+00:00, run_after=2028-01-01 00:00:00+00:00
[2026-03-12T02:27:31.340+0000] {processor.py:183} INFO - Processing /opt/airflow/dags/mbta_api_s3_snowflake.py took 0.198 seconds
[2026-03-12T02:28:01.839+0000] {processor.py:161} INFO - Started process (PID=1980) to work on /opt/airflow/dags/mbta_api_s3_snowflake.py
[2026-03-12T02:28:01.839+0000] {processor.py:830} INFO - Processing file /opt/airflow/dags/mbta_api_s3_snowflake.py for tasks to queue
[2026-03-12T02:28:01.840+0000] {logging_mixin.py:188} INFO - [2026-03-12T02:28:01.840+0000] {dagbag.py:538} INFO - Filling up the DagBag from /opt/airflow/dags/mbta_api_s3_snowflake.py
[2026-03-12T02:28:02.007+0000] {processor.py:840} INFO - DAG(s) 'mbta_api_to_s3_to_snowflake' retrieved from /opt/airflow/dags/mbta_api_s3_snowflake.py
[2026-03-12T02:28:02.017+0000] {logging_mixin.py:188} INFO - [2026-03-12T02:28:02.017+0000] {dag.py:3036} INFO - Sync 1 DAGs
[2026-03-12T02:28:02.028+0000] {logging_mixin.py:188} INFO - [2026-03-12T02:28:02.028+0000] {dag.py:3823} INFO - Setting next_dagrun for mbta_api_to_s3_to_snowflake to 2027-01-01 00:00:00+00:00, run_after=2028-01-01 00:00:00+00:00
[2026-03-12T02:28:02.034+0000] {processor.py:183} INFO - Processing /opt/airflow/dags/mbta_api_s3_snowflake.py took 0.196 seconds
[2026-03-12T02:28:32.466+0000] {processor.py:161} INFO - Started process (PID=2055) to work on /opt/airflow/dags/mbta_api_s3_snowflake.py
[2026-03-12T02:28:32.468+0000] {processor.py:830} INFO - Processing file /opt/airflow/dags/mbta_api_s3_snowflake.py for tasks to queue
[2026-03-12T02:28:32.469+0000] {logging_mixin.py:188} INFO - [2026-03-12T02:28:32.469+0000] {dagbag.py:538} INFO - Filling up the DagBag from /opt/airflow/dags/mbta_api_s3_snowflake.py
[2026-03-12T02:28:32.651+0000] {processor.py:840} INFO - DAG(s) 'mbta_api_to_s3_to_snowflake' retrieved from /opt/airflow/dags/mbta_api_s3_snowflake.py
[2026-03-12T02:28:32.664+0000] {logging_mixin.py:188} INFO - [2026-03-12T02:28:32.664+0000] {dag.py:3036} INFO - Sync 1 DAGs
[2026-03-12T02:28:32.673+0000] {logging_mixin.py:188} INFO - [2026-03-12T02:28:32.673+0000] {dag.py:3823} INFO - Setting next_dagrun for mbta_api_to_s3_to_snowflake to 2027-01-01 00:00:00+00:00, run_after=2028-01-01 00:00:00+00:00
[2026-03-12T02:28:32.680+0000] {processor.py:183} INFO - Processing /opt/airflow/dags/mbta_api_s3_snowflake.py took 0.215 seconds
[2026-03-12T02:29:03.512+0000] {processor.py:161} INFO - Started process (PID=2132) to work on /opt/airflow/dags/mbta_api_s3_snowflake.py
[2026-03-12T02:29:03.513+0000] {processor.py:830} INFO - Processing file /opt/airflow/dags/mbta_api_s3_snowflake.py for tasks to queue
[2026-03-12T02:29:03.514+0000] {logging_mixin.py:188} INFO - [2026-03-12T02:29:03.514+0000] {dagbag.py:538} INFO - Filling up the DagBag from /opt/airflow/dags/mbta_api_s3_snowflake.py
[2026-03-12T02:29:03.754+0000] {processor.py:840} INFO - DAG(s) 'mbta_api_to_s3_to_snowflake' retrieved from /opt/airflow/dags/mbta_api_s3_snowflake.py
[2026-03-12T02:29:03.763+0000] {logging_mixin.py:188} INFO - [2026-03-12T02:29:03.763+0000] {dag.py:3036} INFO - Sync 1 DAGs
[2026-03-12T02:29:03.770+0000] {logging_mixin.py:188} INFO - [2026-03-12T02:29:03.770+0000] {dag.py:3823} INFO - Setting next_dagrun for mbta_api_to_s3_to_snowflake to 2027-01-01 00:00:00+00:00, run_after=2028-01-01 00:00:00+00:00
[2026-03-12T02:29:03.776+0000] {processor.py:183} INFO - Processing /opt/airflow/dags/mbta_api_s3_snowflake.py took 0.265 seconds
[2026-03-12T02:29:34.587+0000] {processor.py:161} INFO - Started process (PID=2208) to work on /opt/airflow/dags/mbta_api_s3_snowflake.py
[2026-03-12T02:29:34.588+0000] {processor.py:830} INFO - Processing file /opt/airflow/dags/mbta_api_s3_snowflake.py for tasks to queue
[2026-03-12T02:29:34.589+0000] {logging_mixin.py:188} INFO - [2026-03-12T02:29:34.589+0000] {dagbag.py:538} INFO - Filling up the DagBag from /opt/airflow/dags/mbta_api_s3_snowflake.py
[2026-03-12T02:29:34.836+0000] {processor.py:840} INFO - DAG(s) 'mbta_api_to_s3_to_snowflake' retrieved from /opt/airflow/dags/mbta_api_s3_snowflake.py
[2026-03-12T02:29:34.844+0000] {logging_mixin.py:188} INFO - [2026-03-12T02:29:34.844+0000] {dag.py:3036} INFO - Sync 1 DAGs
[2026-03-12T02:29:34.851+0000] {logging_mixin.py:188} INFO - [2026-03-12T02:29:34.851+0000] {dag.py:3823} INFO - Setting next_dagrun for mbta_api_to_s3_to_snowflake to 2027-01-01 00:00:00+00:00, run_after=2028-01-01 00:00:00+00:00
[2026-03-12T02:29:34.863+0000] {processor.py:183} INFO - Processing /opt/airflow/dags/mbta_api_s3_snowflake.py took 0.278 seconds
[2026-03-12T02:30:05.571+0000] {processor.py:161} INFO - Started process (PID=2284) to work on /opt/airflow/dags/mbta_api_s3_snowflake.py
[2026-03-12T02:30:05.572+0000] {processor.py:830} INFO - Processing file /opt/airflow/dags/mbta_api_s3_snowflake.py for tasks to queue
[2026-03-12T02:30:05.573+0000] {logging_mixin.py:188} INFO - [2026-03-12T02:30:05.573+0000] {dagbag.py:538} INFO - Filling up the DagBag from /opt/airflow/dags/mbta_api_s3_snowflake.py
[2026-03-12T02:30:05.809+0000] {processor.py:840} INFO - DAG(s) 'mbta_api_to_s3_to_snowflake' retrieved from /opt/airflow/dags/mbta_api_s3_snowflake.py
[2026-03-12T02:30:05.817+0000] {logging_mixin.py:188} INFO - [2026-03-12T02:30:05.817+0000] {dag.py:3036} INFO - Sync 1 DAGs
[2026-03-12T02:30:05.827+0000] {logging_mixin.py:188} INFO - [2026-03-12T02:30:05.827+0000] {dag.py:3823} INFO - Setting next_dagrun for mbta_api_to_s3_to_snowflake to 2027-01-01 00:00:00+00:00, run_after=2028-01-01 00:00:00+00:00
[2026-03-12T02:30:05.837+0000] {processor.py:183} INFO - Processing /opt/airflow/dags/mbta_api_s3_snowflake.py took 0.267 seconds
[2026-03-12T02:30:36.388+0000] {processor.py:161} INFO - Started process (PID=2359) to work on /opt/airflow/dags/mbta_api_s3_snowflake.py
[2026-03-12T02:30:36.389+0000] {processor.py:830} INFO - Processing file /opt/airflow/dags/mbta_api_s3_snowflake.py for tasks to queue
[2026-03-12T02:30:36.390+0000] {logging_mixin.py:188} INFO - [2026-03-12T02:30:36.390+0000] {dagbag.py:538} INFO - Filling up the DagBag from /opt/airflow/dags/mbta_api_s3_snowflake.py
[2026-03-12T02:30:36.621+0000] {processor.py:840} INFO - DAG(s) 'mbta_api_to_s3_to_snowflake' retrieved from /opt/airflow/dags/mbta_api_s3_snowflake.py
[2026-03-12T02:30:36.631+0000] {logging_mixin.py:188} INFO - [2026-03-12T02:30:36.630+0000] {dag.py:3036} INFO - Sync 1 DAGs
[2026-03-12T02:30:36.641+0000] {logging_mixin.py:188} INFO - [2026-03-12T02:30:36.641+0000] {dag.py:3823} INFO - Setting next_dagrun for mbta_api_to_s3_to_snowflake to 2027-01-01 00:00:00+00:00, run_after=2028-01-01 00:00:00+00:00
[2026-03-12T02:30:36.648+0000] {processor.py:183} INFO - Processing /opt/airflow/dags/mbta_api_s3_snowflake.py took 0.261 seconds
[2026-03-12T02:31:07.606+0000] {processor.py:161} INFO - Started process (PID=2436) to work on /opt/airflow/dags/mbta_api_s3_snowflake.py
[2026-03-12T02:31:07.607+0000] {processor.py:830} INFO - Processing file /opt/airflow/dags/mbta_api_s3_snowflake.py for tasks to queue
[2026-03-12T02:31:07.608+0000] {logging_mixin.py:188} INFO - [2026-03-12T02:31:07.607+0000] {dagbag.py:538} INFO - Filling up the DagBag from /opt/airflow/dags/mbta_api_s3_snowflake.py
[2026-03-12T02:31:07.865+0000] {processor.py:840} INFO - DAG(s) 'mbta_api_to_s3_to_snowflake' retrieved from /opt/airflow/dags/mbta_api_s3_snowflake.py
[2026-03-12T02:31:07.875+0000] {logging_mixin.py:188} INFO - [2026-03-12T02:31:07.875+0000] {dag.py:3036} INFO - Sync 1 DAGs
[2026-03-12T02:31:07.882+0000] {logging_mixin.py:188} INFO - [2026-03-12T02:31:07.882+0000] {dag.py:3823} INFO - Setting next_dagrun for mbta_api_to_s3_to_snowflake to 2027-01-01 00:00:00+00:00, run_after=2028-01-01 00:00:00+00:00
[2026-03-12T02:31:07.888+0000] {processor.py:183} INFO - Processing /opt/airflow/dags/mbta_api_s3_snowflake.py took 0.283 seconds
[2026-03-12T02:31:38.552+0000] {processor.py:161} INFO - Started process (PID=2512) to work on /opt/airflow/dags/mbta_api_s3_snowflake.py
[2026-03-12T02:31:38.555+0000] {processor.py:830} INFO - Processing file /opt/airflow/dags/mbta_api_s3_snowflake.py for tasks to queue
[2026-03-12T02:31:38.555+0000] {logging_mixin.py:188} INFO - [2026-03-12T02:31:38.555+0000] {dagbag.py:538} INFO - Filling up the DagBag from /opt/airflow/dags/mbta_api_s3_snowflake.py
[2026-03-12T02:31:38.790+0000] {processor.py:840} INFO - DAG(s) 'mbta_api_to_s3_to_snowflake' retrieved from /opt/airflow/dags/mbta_api_s3_snowflake.py
[2026-03-12T02:31:38.797+0000] {logging_mixin.py:188} INFO - [2026-03-12T02:31:38.797+0000] {dag.py:3036} INFO - Sync 1 DAGs
[2026-03-12T02:31:38.804+0000] {logging_mixin.py:188} INFO - [2026-03-12T02:31:38.804+0000] {dag.py:3823} INFO - Setting next_dagrun for mbta_api_to_s3_to_snowflake to 2027-01-01 00:00:00+00:00, run_after=2028-01-01 00:00:00+00:00
[2026-03-12T02:31:38.810+0000] {processor.py:183} INFO - Processing /opt/airflow/dags/mbta_api_s3_snowflake.py took 0.260 seconds
[2026-03-12T02:32:09.600+0000] {processor.py:161} INFO - Started process (PID=2588) to work on /opt/airflow/dags/mbta_api_s3_snowflake.py
[2026-03-12T02:32:09.601+0000] {processor.py:830} INFO - Processing file /opt/airflow/dags/mbta_api_s3_snowflake.py for tasks to queue
[2026-03-12T02:32:09.602+0000] {logging_mixin.py:188} INFO - [2026-03-12T02:32:09.601+0000] {dagbag.py:538} INFO - Filling up the DagBag from /opt/airflow/dags/mbta_api_s3_snowflake.py
[2026-03-12T02:32:09.858+0000] {processor.py:840} INFO - DAG(s) 'mbta_api_to_s3_to_snowflake' retrieved from /opt/airflow/dags/mbta_api_s3_snowflake.py
[2026-03-12T02:32:09.868+0000] {logging_mixin.py:188} INFO - [2026-03-12T02:32:09.868+0000] {dag.py:3036} INFO - Sync 1 DAGs
[2026-03-12T02:32:09.875+0000] {logging_mixin.py:188} INFO - [2026-03-12T02:32:09.874+0000] {dag.py:3823} INFO - Setting next_dagrun for mbta_api_to_s3_to_snowflake to 2027-01-01 00:00:00+00:00, run_after=2028-01-01 00:00:00+00:00
[2026-03-12T02:32:09.881+0000] {processor.py:183} INFO - Processing /opt/airflow/dags/mbta_api_s3_snowflake.py took 0.282 seconds
[2026-03-12T02:32:41.219+0000] {processor.py:161} INFO - Started process (PID=2670) to work on /opt/airflow/dags/mbta_api_s3_snowflake.py
[2026-03-12T02:32:41.220+0000] {processor.py:830} INFO - Processing file /opt/airflow/dags/mbta_api_s3_snowflake.py for tasks to queue
[2026-03-12T02:32:41.221+0000] {logging_mixin.py:188} INFO - [2026-03-12T02:32:41.221+0000] {dagbag.py:538} INFO - Filling up the DagBag from /opt/airflow/dags/mbta_api_s3_snowflake.py
[2026-03-12T02:32:41.464+0000] {processor.py:840} INFO - DAG(s) 'mbta_api_to_s3_to_snowflake' retrieved from /opt/airflow/dags/mbta_api_s3_snowflake.py
[2026-03-12T02:32:41.473+0000] {logging_mixin.py:188} INFO - [2026-03-12T02:32:41.473+0000] {dag.py:3036} INFO - Sync 1 DAGs
[2026-03-12T02:32:41.480+0000] {logging_mixin.py:188} INFO - [2026-03-12T02:32:41.480+0000] {dag.py:3823} INFO - Setting next_dagrun for mbta_api_to_s3_to_snowflake to 2027-01-01 00:00:00+00:00, run_after=2028-01-01 00:00:00+00:00
[2026-03-12T02:32:41.486+0000] {processor.py:183} INFO - Processing /opt/airflow/dags/mbta_api_s3_snowflake.py took 0.269 seconds
[2026-03-12T02:33:11.987+0000] {processor.py:161} INFO - Started process (PID=2746) to work on /opt/airflow/dags/mbta_api_s3_snowflake.py
[2026-03-12T02:33:11.988+0000] {processor.py:830} INFO - Processing file /opt/airflow/dags/mbta_api_s3_snowflake.py for tasks to queue
[2026-03-12T02:33:11.988+0000] {logging_mixin.py:188} INFO - [2026-03-12T02:33:11.988+0000] {dagbag.py:538} INFO - Filling up the DagBag from /opt/airflow/dags/mbta_api_s3_snowflake.py
[2026-03-12T02:33:12.254+0000] {processor.py:840} INFO - DAG(s) 'mbta_api_to_s3_to_snowflake' retrieved from /opt/airflow/dags/mbta_api_s3_snowflake.py
[2026-03-12T02:33:12.267+0000] {logging_mixin.py:188} INFO - [2026-03-12T02:33:12.266+0000] {dag.py:3036} INFO - Sync 1 DAGs
[2026-03-12T02:33:12.275+0000] {logging_mixin.py:188} INFO - [2026-03-12T02:33:12.275+0000] {dag.py:3823} INFO - Setting next_dagrun for mbta_api_to_s3_to_snowflake to 2027-01-01 00:00:00+00:00, run_after=2028-01-01 00:00:00+00:00
[2026-03-12T02:33:12.282+0000] {processor.py:183} INFO - Processing /opt/airflow/dags/mbta_api_s3_snowflake.py took 0.297 seconds
[2026-03-12T02:33:42.664+0000] {processor.py:161} INFO - Started process (PID=2822) to work on /opt/airflow/dags/mbta_api_s3_snowflake.py
[2026-03-12T02:33:42.665+0000] {processor.py:830} INFO - Processing file /opt/airflow/dags/mbta_api_s3_snowflake.py for tasks to queue
[2026-03-12T02:33:42.667+0000] {logging_mixin.py:188} INFO - [2026-03-12T02:33:42.666+0000] {dagbag.py:538} INFO - Filling up the DagBag from /opt/airflow/dags/mbta_api_s3_snowflake.py
[2026-03-12T02:33:42.998+0000] {processor.py:840} INFO - DAG(s) 'mbta_api_to_s3_to_snowflake' retrieved from /opt/airflow/dags/mbta_api_s3_snowflake.py
[2026-03-12T02:33:43.008+0000] {logging_mixin.py:188} INFO - [2026-03-12T02:33:43.007+0000] {dag.py:3036} INFO - Sync 1 DAGs
[2026-03-12T02:33:43.016+0000] {logging_mixin.py:188} INFO - [2026-03-12T02:33:43.016+0000] {dag.py:3823} INFO - Setting next_dagrun for mbta_api_to_s3_to_snowflake to 2027-01-01 00:00:00+00:00, run_after=2028-01-01 00:00:00+00:00
[2026-03-12T02:33:43.022+0000] {processor.py:183} INFO - Processing /opt/airflow/dags/mbta_api_s3_snowflake.py took 0.359 seconds
[2026-03-12T02:34:13.276+0000] {processor.py:161} INFO - Started process (PID=2898) to work on /opt/airflow/dags/mbta_api_s3_snowflake.py
[2026-03-12T02:34:13.277+0000] {processor.py:830} INFO - Processing file /opt/airflow/dags/mbta_api_s3_snowflake.py for tasks to queue
[2026-03-12T02:34:13.278+0000] {logging_mixin.py:188} INFO - [2026-03-12T02:34:13.278+0000] {dagbag.py:538} INFO - Filling up the DagBag from /opt/airflow/dags/mbta_api_s3_snowflake.py
[2026-03-12T02:34:13.451+0000] {processor.py:840} INFO - DAG(s) 'mbta_api_to_s3_to_snowflake' retrieved from /opt/airflow/dags/mbta_api_s3_snowflake.py
[2026-03-12T02:34:13.465+0000] {logging_mixin.py:188} INFO - [2026-03-12T02:34:13.465+0000] {dag.py:3036} INFO - Sync 1 DAGs
[2026-03-12T02:34:13.487+0000] {logging_mixin.py:188} INFO - [2026-03-12T02:34:13.487+0000] {dag.py:3823} INFO - Setting next_dagrun for mbta_api_to_s3_to_snowflake to 2027-01-01 00:00:00+00:00, run_after=2028-01-01 00:00:00+00:00
[2026-03-12T02:34:13.499+0000] {processor.py:183} INFO - Processing /opt/airflow/dags/mbta_api_s3_snowflake.py took 0.224 seconds
[2026-03-12T02:34:44.090+0000] {processor.py:161} INFO - Started process (PID=2974) to work on /opt/airflow/dags/mbta_api_s3_snowflake.py
[2026-03-12T02:34:44.091+0000] {processor.py:830} INFO - Processing file /opt/airflow/dags/mbta_api_s3_snowflake.py for tasks to queue
[2026-03-12T02:34:44.093+0000] {logging_mixin.py:188} INFO - [2026-03-12T02:34:44.092+0000] {dagbag.py:538} INFO - Filling up the DagBag from /opt/airflow/dags/mbta_api_s3_snowflake.py
[2026-03-12T02:34:44.286+0000] {processor.py:840} INFO - DAG(s) 'mbta_api_to_s3_to_snowflake' retrieved from /opt/airflow/dags/mbta_api_s3_snowflake.py
[2026-03-12T02:34:44.295+0000] {logging_mixin.py:188} INFO - [2026-03-12T02:34:44.295+0000] {dag.py:3036} INFO - Sync 1 DAGs
[2026-03-12T02:34:44.304+0000] {logging_mixin.py:188} INFO - [2026-03-12T02:34:44.304+0000] {dag.py:3823} INFO - Setting next_dagrun for mbta_api_to_s3_to_snowflake to 2027-01-01 00:00:00+00:00, run_after=2028-01-01 00:00:00+00:00
[2026-03-12T02:34:44.310+0000] {processor.py:183} INFO - Processing /opt/airflow/dags/mbta_api_s3_snowflake.py took 0.222 seconds
[2026-03-12T02:35:14.864+0000] {processor.py:161} INFO - Started process (PID=3050) to work on /opt/airflow/dags/mbta_api_s3_snowflake.py
[2026-03-12T02:35:14.864+0000] {processor.py:830} INFO - Processing file /opt/airflow/dags/mbta_api_s3_snowflake.py for tasks to queue
[2026-03-12T02:35:14.865+0000] {logging_mixin.py:188} INFO - [2026-03-12T02:35:14.865+0000] {dagbag.py:538} INFO - Filling up the DagBag from /opt/airflow/dags/mbta_api_s3_snowflake.py
[2026-03-12T02:35:15.021+0000] {processor.py:840} INFO - DAG(s) 'mbta_api_to_s3_to_snowflake' retrieved from /opt/airflow/dags/mbta_api_s3_snowflake.py
[2026-03-12T02:35:15.028+0000] {logging_mixin.py:188} INFO - [2026-03-12T02:35:15.028+0000] {dag.py:3036} INFO - Sync 1 DAGs
[2026-03-12T02:35:15.035+0000] {logging_mixin.py:188} INFO - [2026-03-12T02:35:15.035+0000] {dag.py:3823} INFO - Setting next_dagrun for mbta_api_to_s3_to_snowflake to 2027-01-01 00:00:00+00:00, run_after=2028-01-01 00:00:00+00:00
[2026-03-12T02:35:15.041+0000] {processor.py:183} INFO - Processing /opt/airflow/dags/mbta_api_s3_snowflake.py took 0.178 seconds
[2026-03-12T02:35:45.726+0000] {processor.py:161} INFO - Started process (PID=3126) to work on /opt/airflow/dags/mbta_api_s3_snowflake.py
[2026-03-12T02:35:45.727+0000] {processor.py:830} INFO - Processing file /opt/airflow/dags/mbta_api_s3_snowflake.py for tasks to queue
[2026-03-12T02:35:45.728+0000] {logging_mixin.py:188} INFO - [2026-03-12T02:35:45.728+0000] {dagbag.py:538} INFO - Filling up the DagBag from /opt/airflow/dags/mbta_api_s3_snowflake.py
[2026-03-12T02:35:45.904+0000] {processor.py:840} INFO - DAG(s) 'mbta_api_to_s3_to_snowflake' retrieved from /opt/airflow/dags/mbta_api_s3_snowflake.py
[2026-03-12T02:35:45.914+0000] {logging_mixin.py:188} INFO - [2026-03-12T02:35:45.914+0000] {dag.py:3036} INFO - Sync 1 DAGs
[2026-03-12T02:35:45.922+0000] {logging_mixin.py:188} INFO - [2026-03-12T02:35:45.922+0000] {dag.py:3823} INFO - Setting next_dagrun for mbta_api_to_s3_to_snowflake to 2027-01-01 00:00:00+00:00, run_after=2028-01-01 00:00:00+00:00
[2026-03-12T02:35:45.934+0000] {processor.py:183} INFO - Processing /opt/airflow/dags/mbta_api_s3_snowflake.py took 0.210 seconds
[2026-03-12T02:36:16.530+0000] {processor.py:161} INFO - Started process (PID=3202) to work on /opt/airflow/dags/mbta_api_s3_snowflake.py
[2026-03-12T02:36:16.530+0000] {processor.py:830} INFO - Processing file /opt/airflow/dags/mbta_api_s3_snowflake.py for tasks to queue
[2026-03-12T02:36:16.531+0000] {logging_mixin.py:188} INFO - [2026-03-12T02:36:16.531+0000] {dagbag.py:538} INFO - Filling up the DagBag from /opt/airflow/dags/mbta_api_s3_snowflake.py
[2026-03-12T02:36:16.689+0000] {processor.py:840} INFO - DAG(s) 'mbta_api_to_s3_to_snowflake' retrieved from /opt/airflow/dags/mbta_api_s3_snowflake.py
[2026-03-12T02:36:16.697+0000] {logging_mixin.py:188} INFO - [2026-03-12T02:36:16.697+0000] {dag.py:3036} INFO - Sync 1 DAGs
[2026-03-12T02:36:16.705+0000] {logging_mixin.py:188} INFO - [2026-03-12T02:36:16.705+0000] {dag.py:3823} INFO - Setting next_dagrun for mbta_api_to_s3_to_snowflake to 2027-01-01 00:00:00+00:00, run_after=2028-01-01 00:00:00+00:00
[2026-03-12T02:36:16.710+0000] {processor.py:183} INFO - Processing /opt/airflow/dags/mbta_api_s3_snowflake.py took 0.182 seconds
[2026-03-12T02:36:47.083+0000] {processor.py:161} INFO - Started process (PID=3278) to work on /opt/airflow/dags/mbta_api_s3_snowflake.py
[2026-03-12T02:36:47.084+0000] {processor.py:830} INFO - Processing file /opt/airflow/dags/mbta_api_s3_snowflake.py for tasks to queue
[2026-03-12T02:36:47.085+0000] {logging_mixin.py:188} INFO - [2026-03-12T02:36:47.085+0000] {dagbag.py:538} INFO - Filling up the DagBag from /opt/airflow/dags/mbta_api_s3_snowflake.py
[2026-03-12T02:36:47.277+0000] {processor.py:840} INFO - DAG(s) 'mbta_api_to_s3_to_snowflake' retrieved from /opt/airflow/dags/mbta_api_s3_snowflake.py
[2026-03-12T02:36:47.289+0000] {logging_mixin.py:188} INFO - [2026-03-12T02:36:47.289+0000] {dag.py:3036} INFO - Sync 1 DAGs
[2026-03-12T02:36:47.297+0000] {logging_mixin.py:188} INFO - [2026-03-12T02:36:47.297+0000] {dag.py:3823} INFO - Setting next_dagrun for mbta_api_to_s3_to_snowflake to 2027-01-01 00:00:00+00:00, run_after=2028-01-01 00:00:00+00:00
[2026-03-12T02:36:47.304+0000] {processor.py:183} INFO - Processing /opt/airflow/dags/mbta_api_s3_snowflake.py took 0.222 seconds
[2026-03-12T02:37:17.814+0000] {processor.py:161} INFO - Started process (PID=3354) to work on /opt/airflow/dags/mbta_api_s3_snowflake.py
[2026-03-12T02:37:17.815+0000] {processor.py:830} INFO - Processing file /opt/airflow/dags/mbta_api_s3_snowflake.py for tasks to queue
[2026-03-12T02:37:17.815+0000] {logging_mixin.py:188} INFO - [2026-03-12T02:37:17.815+0000] {dagbag.py:538} INFO - Filling up the DagBag from /opt/airflow/dags/mbta_api_s3_snowflake.py
[2026-03-12T02:37:18.021+0000] {processor.py:840} INFO - DAG(s) 'mbta_api_to_s3_to_snowflake' retrieved from /opt/airflow/dags/mbta_api_s3_snowflake.py
[2026-03-12T02:37:18.031+0000] {logging_mixin.py:188} INFO - [2026-03-12T02:37:18.031+0000] {dag.py:3036} INFO - Sync 1 DAGs
[2026-03-12T02:37:18.040+0000] {logging_mixin.py:188} INFO - [2026-03-12T02:37:18.040+0000] {dag.py:3823} INFO - Setting next_dagrun for mbta_api_to_s3_to_snowflake to 2027-01-01 00:00:00+00:00, run_after=2028-01-01 00:00:00+00:00
[2026-03-12T02:37:18.047+0000] {processor.py:183} INFO - Processing /opt/airflow/dags/mbta_api_s3_snowflake.py took 0.235 seconds
[2026-03-12T02:37:48.701+0000] {processor.py:161} INFO - Started process (PID=3430) to work on /opt/airflow/dags/mbta_api_s3_snowflake.py
[2026-03-12T02:37:48.703+0000] {processor.py:830} INFO - Processing file /opt/airflow/dags/mbta_api_s3_snowflake.py for tasks to queue
[2026-03-12T02:37:48.705+0000] {logging_mixin.py:188} INFO - [2026-03-12T02:37:48.704+0000] {dagbag.py:538} INFO - Filling up the DagBag from /opt/airflow/dags/mbta_api_s3_snowflake.py
[2026-03-12T02:37:48.960+0000] {processor.py:840} INFO - DAG(s) 'mbta_api_to_s3_to_snowflake' retrieved from /opt/airflow/dags/mbta_api_s3_snowflake.py
[2026-03-12T02:37:48.966+0000] {logging_mixin.py:188} INFO - [2026-03-12T02:37:48.966+0000] {dag.py:3036} INFO - Sync 1 DAGs
[2026-03-12T02:37:48.974+0000] {logging_mixin.py:188} INFO - [2026-03-12T02:37:48.974+0000] {dag.py:3823} INFO - Setting next_dagrun for mbta_api_to_s3_to_snowflake to 2027-01-01 00:00:00+00:00, run_after=2028-01-01 00:00:00+00:00
[2026-03-12T02:37:48.981+0000] {processor.py:183} INFO - Processing /opt/airflow/dags/mbta_api_s3_snowflake.py took 0.281 seconds
[2026-03-12T02:38:19.107+0000] {processor.py:161} INFO - Started process (PID=3506) to work on /opt/airflow/dags/mbta_api_s3_snowflake.py
[2026-03-12T02:38:19.110+0000] {processor.py:830} INFO - Processing file /opt/airflow/dags/mbta_api_s3_snowflake.py for tasks to queue
[2026-03-12T02:38:19.111+0000] {logging_mixin.py:188} INFO - [2026-03-12T02:38:19.110+0000] {dagbag.py:538} INFO - Filling up the DagBag from /opt/airflow/dags/mbta_api_s3_snowflake.py
[2026-03-12T02:38:19.370+0000] {processor.py:840} INFO - DAG(s) 'mbta_api_to_s3_to_snowflake' retrieved from /opt/airflow/dags/mbta_api_s3_snowflake.py
[2026-03-12T02:38:19.380+0000] {logging_mixin.py:188} INFO - [2026-03-12T02:38:19.380+0000] {dag.py:3036} INFO - Sync 1 DAGs
[2026-03-12T02:38:19.388+0000] {logging_mixin.py:188} INFO - [2026-03-12T02:38:19.388+0000] {dag.py:3823} INFO - Setting next_dagrun for mbta_api_to_s3_to_snowflake to 2027-01-01 00:00:00+00:00, run_after=2028-01-01 00:00:00+00:00
[2026-03-12T02:38:19.396+0000] {processor.py:183} INFO - Processing /opt/airflow/dags/mbta_api_s3_snowflake.py took 0.290 seconds
[2026-03-12T02:38:49.811+0000] {processor.py:161} INFO - Started process (PID=3581) to work on /opt/airflow/dags/mbta_api_s3_snowflake.py
[2026-03-12T02:38:49.812+0000] {processor.py:830} INFO - Processing file /opt/airflow/dags/mbta_api_s3_snowflake.py for tasks to queue
[2026-03-12T02:38:49.814+0000] {logging_mixin.py:188} INFO - [2026-03-12T02:38:49.814+0000] {dagbag.py:538} INFO - Filling up the DagBag from /opt/airflow/dags/mbta_api_s3_snowflake.py
[2026-03-12T02:38:50.046+0000] {processor.py:840} INFO - DAG(s) 'mbta_api_to_s3_to_snowflake' retrieved from /opt/airflow/dags/mbta_api_s3_snowflake.py
[2026-03-12T02:38:50.055+0000] {logging_mixin.py:188} INFO - [2026-03-12T02:38:50.055+0000] {dag.py:3036} INFO - Sync 1 DAGs
[2026-03-12T02:38:50.063+0000] {logging_mixin.py:188} INFO - [2026-03-12T02:38:50.063+0000] {dag.py:3823} INFO - Setting next_dagrun for mbta_api_to_s3_to_snowflake to 2027-01-01 00:00:00+00:00, run_after=2028-01-01 00:00:00+00:00
[2026-03-12T02:38:50.072+0000] {processor.py:183} INFO - Processing /opt/airflow/dags/mbta_api_s3_snowflake.py took 0.263 seconds
[2026-03-12T02:39:20.409+0000] {processor.py:161} INFO - Started process (PID=3657) to work on /opt/airflow/dags/mbta_api_s3_snowflake.py
[2026-03-12T02:39:20.410+0000] {processor.py:830} INFO - Processing file /opt/airflow/dags/mbta_api_s3_snowflake.py for tasks to queue
[2026-03-12T02:39:20.410+0000] {logging_mixin.py:188} INFO - [2026-03-12T02:39:20.410+0000] {dagbag.py:538} INFO - Filling up the DagBag from /opt/airflow/dags/mbta_api_s3_snowflake.py
[2026-03-12T02:39:20.646+0000] {processor.py:840} INFO - DAG(s) 'mbta_api_to_s3_to_snowflake' retrieved from /opt/airflow/dags/mbta_api_s3_snowflake.py
[2026-03-12T02:39:20.654+0000] {logging_mixin.py:188} INFO - [2026-03-12T02:39:20.654+0000] {dag.py:3036} INFO - Sync 1 DAGs
[2026-03-12T02:39:20.662+0000] {logging_mixin.py:188} INFO - [2026-03-12T02:39:20.662+0000] {dag.py:3823} INFO - Setting next_dagrun for mbta_api_to_s3_to_snowflake to 2027-01-01 00:00:00+00:00, run_after=2028-01-01 00:00:00+00:00
[2026-03-12T02:39:20.671+0000] {processor.py:183} INFO - Processing /opt/airflow/dags/mbta_api_s3_snowflake.py took 0.264 seconds
[2026-03-12T02:39:51.326+0000] {processor.py:161} INFO - Started process (PID=3733) to work on /opt/airflow/dags/mbta_api_s3_snowflake.py
[2026-03-12T02:39:51.327+0000] {processor.py:830} INFO - Processing file /opt/airflow/dags/mbta_api_s3_snowflake.py for tasks to queue
[2026-03-12T02:39:51.328+0000] {logging_mixin.py:188} INFO - [2026-03-12T02:39:51.328+0000] {dagbag.py:538} INFO - Filling up the DagBag from /opt/airflow/dags/mbta_api_s3_snowflake.py
[2026-03-12T02:39:51.566+0000] {processor.py:840} INFO - DAG(s) 'mbta_api_to_s3_to_snowflake' retrieved from /opt/airflow/dags/mbta_api_s3_snowflake.py
[2026-03-12T02:39:51.575+0000] {logging_mixin.py:188} INFO - [2026-03-12T02:39:51.575+0000] {dag.py:3036} INFO - Sync 1 DAGs
[2026-03-12T02:39:51.584+0000] {logging_mixin.py:188} INFO - [2026-03-12T02:39:51.584+0000] {dag.py:3823} INFO - Setting next_dagrun for mbta_api_to_s3_to_snowflake to 2027-01-01 00:00:00+00:00, run_after=2028-01-01 00:00:00+00:00
[2026-03-12T02:39:51.591+0000] {processor.py:183} INFO - Processing /opt/airflow/dags/mbta_api_s3_snowflake.py took 0.266 seconds
[2026-03-12T02:40:22.482+0000] {processor.py:161} INFO - Started process (PID=3809) to work on /opt/airflow/dags/mbta_api_s3_snowflake.py
[2026-03-12T02:40:22.483+0000] {processor.py:830} INFO - Processing file /opt/airflow/dags/mbta_api_s3_snowflake.py for tasks to queue
[2026-03-12T02:40:22.483+0000] {logging_mixin.py:188} INFO - [2026-03-12T02:40:22.483+0000] {dagbag.py:538} INFO - Filling up the DagBag from /opt/airflow/dags/mbta_api_s3_snowflake.py
[2026-03-12T02:40:22.790+0000] {processor.py:840} INFO - DAG(s) 'mbta_api_to_s3_to_snowflake' retrieved from /opt/airflow/dags/mbta_api_s3_snowflake.py
[2026-03-12T02:40:22.804+0000] {logging_mixin.py:188} INFO - [2026-03-12T02:40:22.803+0000] {dag.py:3036} INFO - Sync 1 DAGs
[2026-03-12T02:40:22.814+0000] {logging_mixin.py:188} INFO - [2026-03-12T02:40:22.814+0000] {dag.py:3823} INFO - Setting next_dagrun for mbta_api_to_s3_to_snowflake to 2027-01-01 00:00:00+00:00, run_after=2028-01-01 00:00:00+00:00
[2026-03-12T02:40:22.827+0000] {processor.py:183} INFO - Processing /opt/airflow/dags/mbta_api_s3_snowflake.py took 0.347 seconds
[2026-03-12T02:40:53.663+0000] {processor.py:161} INFO - Started process (PID=3885) to work on /opt/airflow/dags/mbta_api_s3_snowflake.py
[2026-03-12T02:40:53.664+0000] {processor.py:830} INFO - Processing file /opt/airflow/dags/mbta_api_s3_snowflake.py for tasks to queue
[2026-03-12T02:40:53.665+0000] {logging_mixin.py:188} INFO - [2026-03-12T02:40:53.665+0000] {dagbag.py:538} INFO - Filling up the DagBag from /opt/airflow/dags/mbta_api_s3_snowflake.py
[2026-03-12T02:40:53.919+0000] {processor.py:840} INFO - DAG(s) 'mbta_api_to_s3_to_snowflake' retrieved from /opt/airflow/dags/mbta_api_s3_snowflake.py
[2026-03-12T02:40:53.933+0000] {logging_mixin.py:188} INFO - [2026-03-12T02:40:53.932+0000] {dag.py:3036} INFO - Sync 1 DAGs
[2026-03-12T02:40:53.940+0000] {logging_mixin.py:188} INFO - [2026-03-12T02:40:53.940+0000] {dag.py:3823} INFO - Setting next_dagrun for mbta_api_to_s3_to_snowflake to 2027-01-01 00:00:00+00:00, run_after=2028-01-01 00:00:00+00:00
[2026-03-12T02:40:53.947+0000] {processor.py:183} INFO - Processing /opt/airflow/dags/mbta_api_s3_snowflake.py took 0.287 seconds
[2026-03-12T02:41:24.530+0000] {processor.py:161} INFO - Started process (PID=3961) to work on /opt/airflow/dags/mbta_api_s3_snowflake.py
[2026-03-12T02:41:24.531+0000] {processor.py:830} INFO - Processing file /opt/airflow/dags/mbta_api_s3_snowflake.py for tasks to queue
[2026-03-12T02:41:24.531+0000] {logging_mixin.py:188} INFO - [2026-03-12T02:41:24.531+0000] {dagbag.py:538} INFO - Filling up the DagBag from /opt/airflow/dags/mbta_api_s3_snowflake.py
[2026-03-12T02:41:24.765+0000] {processor.py:840} INFO - DAG(s) 'mbta_api_to_s3_to_snowflake' retrieved from /opt/airflow/dags/mbta_api_s3_snowflake.py
[2026-03-12T02:41:24.774+0000] {logging_mixin.py:188} INFO - [2026-03-12T02:41:24.774+0000] {dag.py:3036} INFO - Sync 1 DAGs
[2026-03-12T02:41:24.782+0000] {logging_mixin.py:188} INFO - [2026-03-12T02:41:24.782+0000] {dag.py:3823} INFO - Setting next_dagrun for mbta_api_to_s3_to_snowflake to 2027-01-01 00:00:00+00:00, run_after=2028-01-01 00:00:00+00:00
[2026-03-12T02:41:24.788+0000] {processor.py:183} INFO - Processing /opt/airflow/dags/mbta_api_s3_snowflake.py took 0.260 seconds
[2026-03-12T02:41:55.305+0000] {processor.py:161} INFO - Started process (PID=4037) to work on /opt/airflow/dags/mbta_api_s3_snowflake.py
[2026-03-12T02:41:55.305+0000] {processor.py:830} INFO - Processing file /opt/airflow/dags/mbta_api_s3_snowflake.py for tasks to queue
[2026-03-12T02:41:55.306+0000] {logging_mixin.py:188} INFO - [2026-03-12T02:41:55.306+0000] {dagbag.py:538} INFO - Filling up the DagBag from /opt/airflow/dags/mbta_api_s3_snowflake.py
[2026-03-12T02:41:55.539+0000] {processor.py:840} INFO - DAG(s) 'mbta_api_to_s3_to_snowflake' retrieved from /opt/airflow/dags/mbta_api_s3_snowflake.py
[2026-03-12T02:41:55.549+0000] {logging_mixin.py:188} INFO - [2026-03-12T02:41:55.548+0000] {dag.py:3036} INFO - Sync 1 DAGs
[2026-03-12T02:41:55.557+0000] {logging_mixin.py:188} INFO - [2026-03-12T02:41:55.557+0000] {dag.py:3823} INFO - Setting next_dagrun for mbta_api_to_s3_to_snowflake to 2027-01-01 00:00:00+00:00, run_after=2028-01-01 00:00:00+00:00
[2026-03-12T02:41:55.563+0000] {processor.py:183} INFO - Processing /opt/airflow/dags/mbta_api_s3_snowflake.py took 0.259 seconds
[2026-03-12T02:42:26.040+0000] {processor.py:161} INFO - Started process (PID=4113) to work on /opt/airflow/dags/mbta_api_s3_snowflake.py
[2026-03-12T02:42:26.041+0000] {processor.py:830} INFO - Processing file /opt/airflow/dags/mbta_api_s3_snowflake.py for tasks to queue
[2026-03-12T02:42:26.042+0000] {logging_mixin.py:188} INFO - [2026-03-12T02:42:26.042+0000] {dagbag.py:538} INFO - Filling up the DagBag from /opt/airflow/dags/mbta_api_s3_snowflake.py
[2026-03-12T02:42:26.282+0000] {processor.py:840} INFO - DAG(s) 'mbta_api_to_s3_to_snowflake' retrieved from /opt/airflow/dags/mbta_api_s3_snowflake.py
[2026-03-12T02:42:26.289+0000] {logging_mixin.py:188} INFO - [2026-03-12T02:42:26.288+0000] {dag.py:3036} INFO - Sync 1 DAGs
[2026-03-12T02:42:26.299+0000] {logging_mixin.py:188} INFO - [2026-03-12T02:42:26.299+0000] {dag.py:3823} INFO - Setting next_dagrun for mbta_api_to_s3_to_snowflake to 2027-01-01 00:00:00+00:00, run_after=2028-01-01 00:00:00+00:00
[2026-03-12T02:42:26.311+0000] {processor.py:183} INFO - Processing /opt/airflow/dags/mbta_api_s3_snowflake.py took 0.272 seconds
[2026-03-12T02:42:56.410+0000] {processor.py:161} INFO - Started process (PID=4189) to work on /opt/airflow/dags/mbta_api_s3_snowflake.py
[2026-03-12T02:42:56.411+0000] {processor.py:830} INFO - Processing file /opt/airflow/dags/mbta_api_s3_snowflake.py for tasks to queue
[2026-03-12T02:42:56.412+0000] {logging_mixin.py:188} INFO - [2026-03-12T02:42:56.412+0000] {dagbag.py:538} INFO - Filling up the DagBag from /opt/airflow/dags/mbta_api_s3_snowflake.py
[2026-03-12T02:42:56.642+0000] {processor.py:840} INFO - DAG(s) 'mbta_api_to_s3_to_snowflake' retrieved from /opt/airflow/dags/mbta_api_s3_snowflake.py
[2026-03-12T02:42:56.652+0000] {logging_mixin.py:188} INFO - [2026-03-12T02:42:56.652+0000] {dag.py:3036} INFO - Sync 1 DAGs
[2026-03-12T02:42:56.661+0000] {logging_mixin.py:188} INFO - [2026-03-12T02:42:56.661+0000] {dag.py:3823} INFO - Setting next_dagrun for mbta_api_to_s3_to_snowflake to 2027-01-01 00:00:00+00:00, run_after=2028-01-01 00:00:00+00:00
[2026-03-12T02:42:56.667+0000] {processor.py:183} INFO - Processing /opt/airflow/dags/mbta_api_s3_snowflake.py took 0.259 seconds
[2026-03-12T02:43:26.984+0000] {processor.py:161} INFO - Started process (PID=4265) to work on /opt/airflow/dags/mbta_api_s3_snowflake.py
[2026-03-12T02:43:26.985+0000] {processor.py:830} INFO - Processing file /opt/airflow/dags/mbta_api_s3_snowflake.py for tasks to queue
[2026-03-12T02:43:26.986+0000] {logging_mixin.py:188} INFO - [2026-03-12T02:43:26.985+0000] {dagbag.py:538} INFO - Filling up the DagBag from /opt/airflow/dags/mbta_api_s3_snowflake.py
[2026-03-12T02:43:27.158+0000] {processor.py:840} INFO - DAG(s) 'mbta_api_to_s3_to_snowflake' retrieved from /opt/airflow/dags/mbta_api_s3_snowflake.py
[2026-03-12T02:43:27.165+0000] {logging_mixin.py:188} INFO - [2026-03-12T02:43:27.165+0000] {dag.py:3036} INFO - Sync 1 DAGs
[2026-03-12T02:43:27.176+0000] {logging_mixin.py:188} INFO - [2026-03-12T02:43:27.176+0000] {dag.py:3823} INFO - Setting next_dagrun for mbta_api_to_s3_to_snowflake to 2027-01-01 00:00:00+00:00, run_after=2028-01-01 00:00:00+00:00
[2026-03-12T02:43:27.187+0000] {processor.py:183} INFO - Processing /opt/airflow/dags/mbta_api_s3_snowflake.py took 0.204 seconds
[2026-03-12T02:43:57.370+0000] {processor.py:161} INFO - Started process (PID=4341) to work on /opt/airflow/dags/mbta_api_s3_snowflake.py
[2026-03-12T02:43:57.371+0000] {processor.py:830} INFO - Processing file /opt/airflow/dags/mbta_api_s3_snowflake.py for tasks to queue
[2026-03-12T02:43:57.372+0000] {logging_mixin.py:188} INFO - [2026-03-12T02:43:57.372+0000] {dagbag.py:538} INFO - Filling up the DagBag from /opt/airflow/dags/mbta_api_s3_snowflake.py
[2026-03-12T02:43:57.537+0000] {processor.py:840} INFO - DAG(s) 'mbta_api_to_s3_to_snowflake' retrieved from /opt/airflow/dags/mbta_api_s3_snowflake.py
[2026-03-12T02:43:57.545+0000] {logging_mixin.py:188} INFO - [2026-03-12T02:43:57.545+0000] {dag.py:3036} INFO - Sync 1 DAGs
[2026-03-12T02:43:57.556+0000] {logging_mixin.py:188} INFO - [2026-03-12T02:43:57.556+0000] {dag.py:3823} INFO - Setting next_dagrun for mbta_api_to_s3_to_snowflake to 2027-01-01 00:00:00+00:00, run_after=2028-01-01 00:00:00+00:00
[2026-03-12T02:43:57.566+0000] {processor.py:183} INFO - Processing /opt/airflow/dags/mbta_api_s3_snowflake.py took 0.197 seconds
[2026-03-12T02:44:27.796+0000] {processor.py:161} INFO - Started process (PID=4417) to work on /opt/airflow/dags/mbta_api_s3_snowflake.py
[2026-03-12T02:44:27.796+0000] {processor.py:830} INFO - Processing file /opt/airflow/dags/mbta_api_s3_snowflake.py for tasks to queue
[2026-03-12T02:44:27.797+0000] {logging_mixin.py:188} INFO - [2026-03-12T02:44:27.797+0000] {dagbag.py:538} INFO - Filling up the DagBag from /opt/airflow/dags/mbta_api_s3_snowflake.py
[2026-03-12T02:44:27.974+0000] {processor.py:840} INFO - DAG(s) 'mbta_api_to_s3_to_snowflake' retrieved from /opt/airflow/dags/mbta_api_s3_snowflake.py
[2026-03-12T02:44:27.983+0000] {logging_mixin.py:188} INFO - [2026-03-12T02:44:27.983+0000] {dag.py:3036} INFO - Sync 1 DAGs
[2026-03-12T02:44:27.992+0000] {logging_mixin.py:188} INFO - [2026-03-12T02:44:27.991+0000] {dag.py:3823} INFO - Setting next_dagrun for mbta_api_to_s3_to_snowflake to 2027-01-01 00:00:00+00:00, run_after=2028-01-01 00:00:00+00:00
[2026-03-12T02:44:28.000+0000] {processor.py:183} INFO - Processing /opt/airflow/dags/mbta_api_s3_snowflake.py took 0.206 seconds
[2026-03-12T02:44:58.279+0000] {processor.py:161} INFO - Started process (PID=4494) to work on /opt/airflow/dags/mbta_api_s3_snowflake.py
[2026-03-12T02:44:58.280+0000] {processor.py:830} INFO - Processing file /opt/airflow/dags/mbta_api_s3_snowflake.py for tasks to queue
[2026-03-12T02:44:58.282+0000] {logging_mixin.py:188} INFO - [2026-03-12T02:44:58.282+0000] {dagbag.py:538} INFO - Filling up the DagBag from /opt/airflow/dags/mbta_api_s3_snowflake.py
[2026-03-12T02:44:58.468+0000] {processor.py:840} INFO - DAG(s) 'mbta_api_to_s3_to_snowflake' retrieved from /opt/airflow/dags/mbta_api_s3_snowflake.py
[2026-03-12T02:44:58.479+0000] {logging_mixin.py:188} INFO - [2026-03-12T02:44:58.479+0000] {dag.py:3036} INFO - Sync 1 DAGs
[2026-03-12T02:44:58.490+0000] {logging_mixin.py:188} INFO - [2026-03-12T02:44:58.490+0000] {dag.py:3823} INFO - Setting next_dagrun for mbta_api_to_s3_to_snowflake to 2027-01-01 00:00:00+00:00, run_after=2028-01-01 00:00:00+00:00
[2026-03-12T02:44:58.501+0000] {processor.py:183} INFO - Processing /opt/airflow/dags/mbta_api_s3_snowflake.py took 0.224 seconds
[2026-03-12T02:45:28.690+0000] {processor.py:161} INFO - Started process (PID=4570) to work on /opt/airflow/dags/mbta_api_s3_snowflake.py
[2026-03-12T02:45:28.690+0000] {processor.py:830} INFO - Processing file /opt/airflow/dags/mbta_api_s3_snowflake.py for tasks to queue
[2026-03-12T02:45:28.691+0000] {logging_mixin.py:188} INFO - [2026-03-12T02:45:28.691+0000] {dagbag.py:538} INFO - Filling up the DagBag from /opt/airflow/dags/mbta_api_s3_snowflake.py
[2026-03-12T02:45:28.866+0000] {processor.py:840} INFO - DAG(s) 'mbta_api_to_s3_to_snowflake' retrieved from /opt/airflow/dags/mbta_api_s3_snowflake.py
[2026-03-12T02:45:28.879+0000] {logging_mixin.py:188} INFO - [2026-03-12T02:45:28.879+0000] {dag.py:3036} INFO - Sync 1 DAGs
[2026-03-12T02:45:28.888+0000] {logging_mixin.py:188} INFO - [2026-03-12T02:45:28.887+0000] {dag.py:3823} INFO - Setting next_dagrun for mbta_api_to_s3_to_snowflake to 2027-01-01 00:00:00+00:00, run_after=2028-01-01 00:00:00+00:00
[2026-03-12T02:45:28.894+0000] {processor.py:183} INFO - Processing /opt/airflow/dags/mbta_api_s3_snowflake.py took 0.205 seconds
[2026-03-12T02:45:59.217+0000] {processor.py:161} INFO - Started process (PID=4647) to work on /opt/airflow/dags/mbta_api_s3_snowflake.py
[2026-03-12T02:45:59.218+0000] {processor.py:830} INFO - Processing file /opt/airflow/dags/mbta_api_s3_snowflake.py for tasks to queue
[2026-03-12T02:45:59.218+0000] {logging_mixin.py:188} INFO - [2026-03-12T02:45:59.218+0000] {dagbag.py:538} INFO - Filling up the DagBag from /opt/airflow/dags/mbta_api_s3_snowflake.py
[2026-03-12T02:45:59.389+0000] {processor.py:840} INFO - DAG(s) 'mbta_api_to_s3_to_snowflake' retrieved from /opt/airflow/dags/mbta_api_s3_snowflake.py
[2026-03-12T02:45:59.403+0000] {logging_mixin.py:188} INFO - [2026-03-12T02:45:59.403+0000] {dag.py:3036} INFO - Sync 1 DAGs
[2026-03-12T02:45:59.411+0000] {logging_mixin.py:188} INFO - [2026-03-12T02:45:59.411+0000] {dag.py:3823} INFO - Setting next_dagrun for mbta_api_to_s3_to_snowflake to 2027-01-01 00:00:00+00:00, run_after=2028-01-01 00:00:00+00:00
[2026-03-12T02:45:59.417+0000] {processor.py:183} INFO - Processing /opt/airflow/dags/mbta_api_s3_snowflake.py took 0.202 seconds
[2026-03-12T02:46:29.879+0000] {processor.py:161} INFO - Started process (PID=4723) to work on /opt/airflow/dags/mbta_api_s3_snowflake.py
[2026-03-12T02:46:29.880+0000] {processor.py:830} INFO - Processing file /opt/airflow/dags/mbta_api_s3_snowflake.py for tasks to queue
[2026-03-12T02:46:29.880+0000] {logging_mixin.py:188} INFO - [2026-03-12T02:46:29.880+0000] {dagbag.py:538} INFO - Filling up the DagBag from /opt/airflow/dags/mbta_api_s3_snowflake.py
[2026-03-12T02:46:30.042+0000] {processor.py:840} INFO - DAG(s) 'mbta_api_to_s3_to_snowflake' retrieved from /opt/airflow/dags/mbta_api_s3_snowflake.py
[2026-03-12T02:46:30.055+0000] {logging_mixin.py:188} INFO - [2026-03-12T02:46:30.055+0000] {dag.py:3036} INFO - Sync 1 DAGs
[2026-03-12T02:46:30.064+0000] {logging_mixin.py:188} INFO - [2026-03-12T02:46:30.063+0000] {dag.py:3823} INFO - Setting next_dagrun for mbta_api_to_s3_to_snowflake to 2027-01-01 00:00:00+00:00, run_after=2028-01-01 00:00:00+00:00
[2026-03-12T02:46:30.074+0000] {processor.py:183} INFO - Processing /opt/airflow/dags/mbta_api_s3_snowflake.py took 0.196 seconds
[2026-03-12T02:47:00.450+0000] {processor.py:161} INFO - Started process (PID=4799) to work on /opt/airflow/dags/mbta_api_s3_snowflake.py
[2026-03-12T02:47:00.451+0000] {processor.py:830} INFO - Processing file /opt/airflow/dags/mbta_api_s3_snowflake.py for tasks to queue
[2026-03-12T02:47:00.452+0000] {logging_mixin.py:188} INFO - [2026-03-12T02:47:00.452+0000] {dagbag.py:538} INFO - Filling up the DagBag from /opt/airflow/dags/mbta_api_s3_snowflake.py
[2026-03-12T02:47:00.703+0000] {processor.py:840} INFO - DAG(s) 'mbta_api_to_s3_to_snowflake' retrieved from /opt/airflow/dags/mbta_api_s3_snowflake.py
[2026-03-12T02:47:00.715+0000] {logging_mixin.py:188} INFO - [2026-03-12T02:47:00.715+0000] {dag.py:3036} INFO - Sync 1 DAGs
[2026-03-12T02:47:00.725+0000] {logging_mixin.py:188} INFO - [2026-03-12T02:47:00.725+0000] {dag.py:3823} INFO - Setting next_dagrun for mbta_api_to_s3_to_snowflake to 2027-01-01 00:00:00+00:00, run_after=2028-01-01 00:00:00+00:00
[2026-03-12T02:47:00.738+0000] {processor.py:183} INFO - Processing /opt/airflow/dags/mbta_api_s3_snowflake.py took 0.289 seconds
[2026-03-12T02:47:31.109+0000] {processor.py:161} INFO - Started process (PID=4873) to work on /opt/airflow/dags/mbta_api_s3_snowflake.py
[2026-03-12T02:47:31.109+0000] {processor.py:830} INFO - Processing file /opt/airflow/dags/mbta_api_s3_snowflake.py for tasks to queue
[2026-03-12T02:47:31.110+0000] {logging_mixin.py:188} INFO - [2026-03-12T02:47:31.110+0000] {dagbag.py:538} INFO - Filling up the DagBag from /opt/airflow/dags/mbta_api_s3_snowflake.py
[2026-03-12T02:47:31.346+0000] {processor.py:840} INFO - DAG(s) 'mbta_api_to_s3_to_snowflake' retrieved from /opt/airflow/dags/mbta_api_s3_snowflake.py
[2026-03-12T02:47:31.353+0000] {logging_mixin.py:188} INFO - [2026-03-12T02:47:31.352+0000] {dag.py:3036} INFO - Sync 1 DAGs
[2026-03-12T02:47:31.359+0000] {logging_mixin.py:188} INFO - [2026-03-12T02:47:31.359+0000] {dag.py:3823} INFO - Setting next_dagrun for mbta_api_to_s3_to_snowflake to 2027-01-01 00:00:00+00:00, run_after=2028-01-01 00:00:00+00:00
[2026-03-12T02:47:31.366+0000] {processor.py:183} INFO - Processing /opt/airflow/dags/mbta_api_s3_snowflake.py took 0.259 seconds
[2026-03-12T02:48:01.468+0000] {processor.py:161} INFO - Started process (PID=4949) to work on /opt/airflow/dags/mbta_api_s3_snowflake.py
[2026-03-12T02:48:01.469+0000] {processor.py:830} INFO - Processing file /opt/airflow/dags/mbta_api_s3_snowflake.py for tasks to queue
[2026-03-12T02:48:01.469+0000] {logging_mixin.py:188} INFO - [2026-03-12T02:48:01.469+0000] {dagbag.py:538} INFO - Filling up the DagBag from /opt/airflow/dags/mbta_api_s3_snowflake.py
[2026-03-12T02:48:01.715+0000] {processor.py:840} INFO - DAG(s) 'mbta_api_to_s3_to_snowflake' retrieved from /opt/airflow/dags/mbta_api_s3_snowflake.py
[2026-03-12T02:48:01.722+0000] {logging_mixin.py:188} INFO - [2026-03-12T02:48:01.722+0000] {dag.py:3036} INFO - Sync 1 DAGs
[2026-03-12T02:48:01.731+0000] {logging_mixin.py:188} INFO - [2026-03-12T02:48:01.731+0000] {dag.py:3823} INFO - Setting next_dagrun for mbta_api_to_s3_to_snowflake to 2027-01-01 00:00:00+00:00, run_after=2028-01-01 00:00:00+00:00
[2026-03-12T02:48:01.739+0000] {processor.py:183} INFO - Processing /opt/airflow/dags/mbta_api_s3_snowflake.py took 0.272 seconds
[2026-03-12T02:48:32.500+0000] {processor.py:161} INFO - Started process (PID=5025) to work on /opt/airflow/dags/mbta_api_s3_snowflake.py
[2026-03-12T02:48:32.501+0000] {processor.py:830} INFO - Processing file /opt/airflow/dags/mbta_api_s3_snowflake.py for tasks to queue
[2026-03-12T02:48:32.501+0000] {logging_mixin.py:188} INFO - [2026-03-12T02:48:32.501+0000] {dagbag.py:538} INFO - Filling up the DagBag from /opt/airflow/dags/mbta_api_s3_snowflake.py
[2026-03-12T02:48:32.770+0000] {processor.py:840} INFO - DAG(s) 'mbta_api_to_s3_to_snowflake' retrieved from /opt/airflow/dags/mbta_api_s3_snowflake.py
[2026-03-12T02:48:32.783+0000] {logging_mixin.py:188} INFO - [2026-03-12T02:48:32.783+0000] {dag.py:3036} INFO - Sync 1 DAGs
[2026-03-12T02:48:32.797+0000] {logging_mixin.py:188} INFO - [2026-03-12T02:48:32.796+0000] {dag.py:3823} INFO - Setting next_dagrun for mbta_api_to_s3_to_snowflake to 2027-01-01 00:00:00+00:00, run_after=2028-01-01 00:00:00+00:00
[2026-03-12T02:48:32.806+0000] {processor.py:183} INFO - Processing /opt/airflow/dags/mbta_api_s3_snowflake.py took 0.308 seconds
[2026-03-12T02:49:03.865+0000] {processor.py:161} INFO - Started process (PID=5102) to work on /opt/airflow/dags/mbta_api_s3_snowflake.py
[2026-03-12T02:49:03.866+0000] {processor.py:830} INFO - Processing file /opt/airflow/dags/mbta_api_s3_snowflake.py for tasks to queue
[2026-03-12T02:49:03.867+0000] {logging_mixin.py:188} INFO - [2026-03-12T02:49:03.867+0000] {dagbag.py:538} INFO - Filling up the DagBag from /opt/airflow/dags/mbta_api_s3_snowflake.py
[2026-03-12T02:49:04.092+0000] {processor.py:840} INFO - DAG(s) 'mbta_api_to_s3_to_snowflake' retrieved from /opt/airflow/dags/mbta_api_s3_snowflake.py
[2026-03-12T02:49:04.098+0000] {logging_mixin.py:188} INFO - [2026-03-12T02:49:04.098+0000] {dag.py:3036} INFO - Sync 1 DAGs
[2026-03-12T02:49:04.105+0000] {logging_mixin.py:188} INFO - [2026-03-12T02:49:04.105+0000] {dag.py:3823} INFO - Setting next_dagrun for mbta_api_to_s3_to_snowflake to 2027-01-01 00:00:00+00:00, run_after=2028-01-01 00:00:00+00:00
[2026-03-12T02:49:04.112+0000] {processor.py:183} INFO - Processing /opt/airflow/dags/mbta_api_s3_snowflake.py took 0.248 seconds
[2026-03-12T02:49:34.403+0000] {processor.py:161} INFO - Started process (PID=5178) to work on /opt/airflow/dags/mbta_api_s3_snowflake.py
[2026-03-12T02:49:34.403+0000] {processor.py:830} INFO - Processing file /opt/airflow/dags/mbta_api_s3_snowflake.py for tasks to queue
[2026-03-12T02:49:34.404+0000] {logging_mixin.py:188} INFO - [2026-03-12T02:49:34.404+0000] {dagbag.py:538} INFO - Filling up the DagBag from /opt/airflow/dags/mbta_api_s3_snowflake.py
[2026-03-12T02:49:34.640+0000] {processor.py:840} INFO - DAG(s) 'mbta_api_to_s3_to_snowflake' retrieved from /opt/airflow/dags/mbta_api_s3_snowflake.py
[2026-03-12T02:49:34.648+0000] {logging_mixin.py:188} INFO - [2026-03-12T02:49:34.647+0000] {dag.py:3036} INFO - Sync 1 DAGs
[2026-03-12T02:49:34.655+0000] {logging_mixin.py:188} INFO - [2026-03-12T02:49:34.655+0000] {dag.py:3823} INFO - Setting next_dagrun for mbta_api_to_s3_to_snowflake to 2027-01-01 00:00:00+00:00, run_after=2028-01-01 00:00:00+00:00
[2026-03-12T02:49:34.660+0000] {processor.py:183} INFO - Processing /opt/airflow/dags/mbta_api_s3_snowflake.py took 0.259 seconds
