[2026-03-12T02:15:09.798+0000] {processor.py:161} INFO - Started process (PID=80) to work on /opt/airflow/dags/schools_to_s3_to_snowflake.py
[2026-03-12T02:15:09.799+0000] {processor.py:830} INFO - Processing file /opt/airflow/dags/schools_to_s3_to_snowflake.py for tasks to queue
[2026-03-12T02:15:09.800+0000] {logging_mixin.py:188} INFO - [2026-03-12T02:15:09.800+0000] {dagbag.py:538} INFO - Filling up the DagBag from /opt/airflow/dags/schools_to_s3_to_snowflake.py
[2026-03-12T02:15:10.091+0000] {processor.py:840} INFO - DAG(s) 'schools_to_s3_to_snowflake' retrieved from /opt/airflow/dags/schools_to_s3_to_snowflake.py
[2026-03-12T02:15:10.131+0000] {logging_mixin.py:188} INFO - [2026-03-12T02:15:10.131+0000] {dag.py:3036} INFO - Sync 1 DAGs
[2026-03-12T02:15:10.138+0000] {logging_mixin.py:188} INFO - [2026-03-12T02:15:10.138+0000] {dag.py:3823} INFO - Setting next_dagrun for schools_to_s3_to_snowflake to 2026-09-01 00:00:00+00:00, run_after=2027-09-01 00:00:00+00:00
[2026-03-12T02:15:10.144+0000] {processor.py:183} INFO - Processing /opt/airflow/dags/schools_to_s3_to_snowflake.py took 0.348 seconds
[2026-03-12T02:15:40.254+0000] {processor.py:161} INFO - Started process (PID=156) to work on /opt/airflow/dags/schools_to_s3_to_snowflake.py
[2026-03-12T02:15:40.255+0000] {processor.py:830} INFO - Processing file /opt/airflow/dags/schools_to_s3_to_snowflake.py for tasks to queue
[2026-03-12T02:15:40.258+0000] {logging_mixin.py:188} INFO - [2026-03-12T02:15:40.257+0000] {dagbag.py:538} INFO - Filling up the DagBag from /opt/airflow/dags/schools_to_s3_to_snowflake.py
[2026-03-12T02:15:40.553+0000] {processor.py:840} INFO - DAG(s) 'schools_to_s3_to_snowflake' retrieved from /opt/airflow/dags/schools_to_s3_to_snowflake.py
[2026-03-12T02:15:40.566+0000] {logging_mixin.py:188} INFO - [2026-03-12T02:15:40.566+0000] {dag.py:3036} INFO - Sync 1 DAGs
[2026-03-12T02:15:40.579+0000] {logging_mixin.py:188} INFO - [2026-03-12T02:15:40.579+0000] {dag.py:3823} INFO - Setting next_dagrun for schools_to_s3_to_snowflake to 2026-09-01 00:00:00+00:00, run_after=2027-09-01 00:00:00+00:00
[2026-03-12T02:15:40.593+0000] {processor.py:183} INFO - Processing /opt/airflow/dags/schools_to_s3_to_snowflake.py took 0.342 seconds
[2026-03-12T02:16:11.331+0000] {processor.py:161} INFO - Started process (PID=232) to work on /opt/airflow/dags/schools_to_s3_to_snowflake.py
[2026-03-12T02:16:11.331+0000] {processor.py:830} INFO - Processing file /opt/airflow/dags/schools_to_s3_to_snowflake.py for tasks to queue
[2026-03-12T02:16:11.333+0000] {logging_mixin.py:188} INFO - [2026-03-12T02:16:11.333+0000] {dagbag.py:538} INFO - Filling up the DagBag from /opt/airflow/dags/schools_to_s3_to_snowflake.py
[2026-03-12T02:16:11.514+0000] {processor.py:840} INFO - DAG(s) 'schools_to_s3_to_snowflake' retrieved from /opt/airflow/dags/schools_to_s3_to_snowflake.py
[2026-03-12T02:16:11.527+0000] {logging_mixin.py:188} INFO - [2026-03-12T02:16:11.527+0000] {dag.py:3036} INFO - Sync 1 DAGs
[2026-03-12T02:16:11.536+0000] {logging_mixin.py:188} INFO - [2026-03-12T02:16:11.536+0000] {dag.py:3823} INFO - Setting next_dagrun for schools_to_s3_to_snowflake to 2026-09-01 00:00:00+00:00, run_after=2027-09-01 00:00:00+00:00
[2026-03-12T02:16:11.546+0000] {processor.py:183} INFO - Processing /opt/airflow/dags/schools_to_s3_to_snowflake.py took 0.216 seconds
[2026-03-12T02:16:42.156+0000] {processor.py:161} INFO - Started process (PID=308) to work on /opt/airflow/dags/schools_to_s3_to_snowflake.py
[2026-03-12T02:16:42.157+0000] {processor.py:830} INFO - Processing file /opt/airflow/dags/schools_to_s3_to_snowflake.py for tasks to queue
[2026-03-12T02:16:42.161+0000] {logging_mixin.py:188} INFO - [2026-03-12T02:16:42.161+0000] {dagbag.py:538} INFO - Filling up the DagBag from /opt/airflow/dags/schools_to_s3_to_snowflake.py
[2026-03-12T02:16:42.396+0000] {processor.py:840} INFO - DAG(s) 'schools_to_s3_to_snowflake' retrieved from /opt/airflow/dags/schools_to_s3_to_snowflake.py
[2026-03-12T02:16:42.408+0000] {logging_mixin.py:188} INFO - [2026-03-12T02:16:42.408+0000] {dag.py:3036} INFO - Sync 1 DAGs
[2026-03-12T02:16:42.418+0000] {logging_mixin.py:188} INFO - [2026-03-12T02:16:42.418+0000] {dag.py:3823} INFO - Setting next_dagrun for schools_to_s3_to_snowflake to 2026-09-01 00:00:00+00:00, run_after=2027-09-01 00:00:00+00:00
[2026-03-12T02:16:42.427+0000] {processor.py:183} INFO - Processing /opt/airflow/dags/schools_to_s3_to_snowflake.py took 0.273 seconds
[2026-03-12T02:17:13.113+0000] {processor.py:161} INFO - Started process (PID=384) to work on /opt/airflow/dags/schools_to_s3_to_snowflake.py
[2026-03-12T02:17:13.115+0000] {processor.py:830} INFO - Processing file /opt/airflow/dags/schools_to_s3_to_snowflake.py for tasks to queue
[2026-03-12T02:17:13.117+0000] {logging_mixin.py:188} INFO - [2026-03-12T02:17:13.117+0000] {dagbag.py:538} INFO - Filling up the DagBag from /opt/airflow/dags/schools_to_s3_to_snowflake.py
[2026-03-12T02:17:13.316+0000] {processor.py:840} INFO - DAG(s) 'schools_to_s3_to_snowflake' retrieved from /opt/airflow/dags/schools_to_s3_to_snowflake.py
[2026-03-12T02:17:13.327+0000] {logging_mixin.py:188} INFO - [2026-03-12T02:17:13.326+0000] {dag.py:3036} INFO - Sync 1 DAGs
[2026-03-12T02:17:13.336+0000] {logging_mixin.py:188} INFO - [2026-03-12T02:17:13.336+0000] {dag.py:3823} INFO - Setting next_dagrun for schools_to_s3_to_snowflake to 2026-09-01 00:00:00+00:00, run_after=2027-09-01 00:00:00+00:00
[2026-03-12T02:17:13.343+0000] {processor.py:183} INFO - Processing /opt/airflow/dags/schools_to_s3_to_snowflake.py took 0.232 seconds
[2026-03-12T02:17:43.576+0000] {processor.py:161} INFO - Started process (PID=460) to work on /opt/airflow/dags/schools_to_s3_to_snowflake.py
[2026-03-12T02:17:43.577+0000] {processor.py:830} INFO - Processing file /opt/airflow/dags/schools_to_s3_to_snowflake.py for tasks to queue
[2026-03-12T02:17:43.578+0000] {logging_mixin.py:188} INFO - [2026-03-12T02:17:43.578+0000] {dagbag.py:538} INFO - Filling up the DagBag from /opt/airflow/dags/schools_to_s3_to_snowflake.py
[2026-03-12T02:17:43.776+0000] {processor.py:840} INFO - DAG(s) 'schools_to_s3_to_snowflake' retrieved from /opt/airflow/dags/schools_to_s3_to_snowflake.py
[2026-03-12T02:17:43.786+0000] {logging_mixin.py:188} INFO - [2026-03-12T02:17:43.785+0000] {dag.py:3036} INFO - Sync 1 DAGs
[2026-03-12T02:17:43.798+0000] {logging_mixin.py:188} INFO - [2026-03-12T02:17:43.797+0000] {dag.py:3823} INFO - Setting next_dagrun for schools_to_s3_to_snowflake to 2026-09-01 00:00:00+00:00, run_after=2027-09-01 00:00:00+00:00
[2026-03-12T02:17:43.804+0000] {processor.py:183} INFO - Processing /opt/airflow/dags/schools_to_s3_to_snowflake.py took 0.230 seconds
[2026-03-12T02:18:14.430+0000] {processor.py:161} INFO - Started process (PID=536) to work on /opt/airflow/dags/schools_to_s3_to_snowflake.py
[2026-03-12T02:18:14.431+0000] {processor.py:830} INFO - Processing file /opt/airflow/dags/schools_to_s3_to_snowflake.py for tasks to queue
[2026-03-12T02:18:14.432+0000] {logging_mixin.py:188} INFO - [2026-03-12T02:18:14.432+0000] {dagbag.py:538} INFO - Filling up the DagBag from /opt/airflow/dags/schools_to_s3_to_snowflake.py
[2026-03-12T02:18:14.620+0000] {processor.py:840} INFO - DAG(s) 'schools_to_s3_to_snowflake' retrieved from /opt/airflow/dags/schools_to_s3_to_snowflake.py
[2026-03-12T02:18:14.631+0000] {logging_mixin.py:188} INFO - [2026-03-12T02:18:14.631+0000] {dag.py:3036} INFO - Sync 1 DAGs
[2026-03-12T02:18:14.638+0000] {logging_mixin.py:188} INFO - [2026-03-12T02:18:14.638+0000] {dag.py:3823} INFO - Setting next_dagrun for schools_to_s3_to_snowflake to 2026-09-01 00:00:00+00:00, run_after=2027-09-01 00:00:00+00:00
[2026-03-12T02:18:14.644+0000] {processor.py:183} INFO - Processing /opt/airflow/dags/schools_to_s3_to_snowflake.py took 0.216 seconds
[2026-03-12T02:18:45.337+0000] {processor.py:161} INFO - Started process (PID=612) to work on /opt/airflow/dags/schools_to_s3_to_snowflake.py
[2026-03-12T02:18:45.338+0000] {processor.py:830} INFO - Processing file /opt/airflow/dags/schools_to_s3_to_snowflake.py for tasks to queue
[2026-03-12T02:18:45.339+0000] {logging_mixin.py:188} INFO - [2026-03-12T02:18:45.339+0000] {dagbag.py:538} INFO - Filling up the DagBag from /opt/airflow/dags/schools_to_s3_to_snowflake.py
[2026-03-12T02:18:45.527+0000] {processor.py:840} INFO - DAG(s) 'schools_to_s3_to_snowflake' retrieved from /opt/airflow/dags/schools_to_s3_to_snowflake.py
[2026-03-12T02:18:45.539+0000] {logging_mixin.py:188} INFO - [2026-03-12T02:18:45.538+0000] {dag.py:3036} INFO - Sync 1 DAGs
[2026-03-12T02:18:45.548+0000] {logging_mixin.py:188} INFO - [2026-03-12T02:18:45.548+0000] {dag.py:3823} INFO - Setting next_dagrun for schools_to_s3_to_snowflake to 2026-09-01 00:00:00+00:00, run_after=2027-09-01 00:00:00+00:00
[2026-03-12T02:18:45.555+0000] {processor.py:183} INFO - Processing /opt/airflow/dags/schools_to_s3_to_snowflake.py took 0.219 seconds
[2026-03-12T02:19:16.283+0000] {processor.py:161} INFO - Started process (PID=688) to work on /opt/airflow/dags/schools_to_s3_to_snowflake.py
[2026-03-12T02:19:16.285+0000] {processor.py:830} INFO - Processing file /opt/airflow/dags/schools_to_s3_to_snowflake.py for tasks to queue
[2026-03-12T02:19:16.287+0000] {logging_mixin.py:188} INFO - [2026-03-12T02:19:16.287+0000] {dagbag.py:538} INFO - Filling up the DagBag from /opt/airflow/dags/schools_to_s3_to_snowflake.py
[2026-03-12T02:19:16.488+0000] {processor.py:840} INFO - DAG(s) 'schools_to_s3_to_snowflake' retrieved from /opt/airflow/dags/schools_to_s3_to_snowflake.py
[2026-03-12T02:19:16.502+0000] {logging_mixin.py:188} INFO - [2026-03-12T02:19:16.502+0000] {dag.py:3036} INFO - Sync 1 DAGs
[2026-03-12T02:19:16.512+0000] {logging_mixin.py:188} INFO - [2026-03-12T02:19:16.512+0000] {dag.py:3823} INFO - Setting next_dagrun for schools_to_s3_to_snowflake to 2026-09-01 00:00:00+00:00, run_after=2027-09-01 00:00:00+00:00
[2026-03-12T02:19:16.520+0000] {processor.py:183} INFO - Processing /opt/airflow/dags/schools_to_s3_to_snowflake.py took 0.243 seconds
[2026-03-12T02:19:47.528+0000] {processor.py:161} INFO - Started process (PID=765) to work on /opt/airflow/dags/schools_to_s3_to_snowflake.py
[2026-03-12T02:19:47.528+0000] {processor.py:830} INFO - Processing file /opt/airflow/dags/schools_to_s3_to_snowflake.py for tasks to queue
[2026-03-12T02:19:47.529+0000] {logging_mixin.py:188} INFO - [2026-03-12T02:19:47.529+0000] {dagbag.py:538} INFO - Filling up the DagBag from /opt/airflow/dags/schools_to_s3_to_snowflake.py
[2026-03-12T02:19:47.705+0000] {processor.py:840} INFO - DAG(s) 'schools_to_s3_to_snowflake' retrieved from /opt/airflow/dags/schools_to_s3_to_snowflake.py
[2026-03-12T02:19:47.716+0000] {logging_mixin.py:188} INFO - [2026-03-12T02:19:47.716+0000] {dag.py:3036} INFO - Sync 1 DAGs
[2026-03-12T02:19:47.818+0000] {logging_mixin.py:188} INFO - [2026-03-12T02:19:47.818+0000] {dag.py:3823} INFO - Setting next_dagrun for schools_to_s3_to_snowflake to 2026-09-01 00:00:00+00:00, run_after=2027-09-01 00:00:00+00:00
[2026-03-12T02:19:47.824+0000] {processor.py:183} INFO - Processing /opt/airflow/dags/schools_to_s3_to_snowflake.py took 0.298 seconds
[2026-03-12T02:20:18.620+0000] {processor.py:161} INFO - Started process (PID=842) to work on /opt/airflow/dags/schools_to_s3_to_snowflake.py
[2026-03-12T02:20:18.621+0000] {processor.py:830} INFO - Processing file /opt/airflow/dags/schools_to_s3_to_snowflake.py for tasks to queue
[2026-03-12T02:20:18.622+0000] {logging_mixin.py:188} INFO - [2026-03-12T02:20:18.622+0000] {dagbag.py:538} INFO - Filling up the DagBag from /opt/airflow/dags/schools_to_s3_to_snowflake.py
[2026-03-12T02:20:18.871+0000] {processor.py:840} INFO - DAG(s) 'schools_to_s3_to_snowflake' retrieved from /opt/airflow/dags/schools_to_s3_to_snowflake.py
[2026-03-12T02:20:18.878+0000] {logging_mixin.py:188} INFO - [2026-03-12T02:20:18.877+0000] {dag.py:3036} INFO - Sync 1 DAGs
[2026-03-12T02:20:18.886+0000] {logging_mixin.py:188} INFO - [2026-03-12T02:20:18.886+0000] {dag.py:3823} INFO - Setting next_dagrun for schools_to_s3_to_snowflake to 2026-09-01 00:00:00+00:00, run_after=2027-09-01 00:00:00+00:00
[2026-03-12T02:20:18.892+0000] {processor.py:183} INFO - Processing /opt/airflow/dags/schools_to_s3_to_snowflake.py took 0.273 seconds
[2026-03-12T02:20:50.148+0000] {processor.py:161} INFO - Started process (PID=917) to work on /opt/airflow/dags/schools_to_s3_to_snowflake.py
[2026-03-12T02:20:50.150+0000] {processor.py:830} INFO - Processing file /opt/airflow/dags/schools_to_s3_to_snowflake.py for tasks to queue
[2026-03-12T02:20:50.152+0000] {logging_mixin.py:188} INFO - [2026-03-12T02:20:50.152+0000] {dagbag.py:538} INFO - Filling up the DagBag from /opt/airflow/dags/schools_to_s3_to_snowflake.py
[2026-03-12T02:20:50.518+0000] {processor.py:840} INFO - DAG(s) 'schools_to_s3_to_snowflake' retrieved from /opt/airflow/dags/schools_to_s3_to_snowflake.py
[2026-03-12T02:20:50.532+0000] {logging_mixin.py:188} INFO - [2026-03-12T02:20:50.532+0000] {dag.py:3036} INFO - Sync 1 DAGs
[2026-03-12T02:20:50.546+0000] {logging_mixin.py:188} INFO - [2026-03-12T02:20:50.546+0000] {dag.py:3823} INFO - Setting next_dagrun for schools_to_s3_to_snowflake to 2026-09-01 00:00:00+00:00, run_after=2027-09-01 00:00:00+00:00
[2026-03-12T02:20:50.555+0000] {processor.py:183} INFO - Processing /opt/airflow/dags/schools_to_s3_to_snowflake.py took 0.409 seconds
[2026-03-12T02:21:21.451+0000] {processor.py:161} INFO - Started process (PID=993) to work on /opt/airflow/dags/schools_to_s3_to_snowflake.py
[2026-03-12T02:21:21.453+0000] {processor.py:830} INFO - Processing file /opt/airflow/dags/schools_to_s3_to_snowflake.py for tasks to queue
[2026-03-12T02:21:21.454+0000] {logging_mixin.py:188} INFO - [2026-03-12T02:21:21.454+0000] {dagbag.py:538} INFO - Filling up the DagBag from /opt/airflow/dags/schools_to_s3_to_snowflake.py
[2026-03-12T02:21:21.719+0000] {processor.py:840} INFO - DAG(s) 'schools_to_s3_to_snowflake' retrieved from /opt/airflow/dags/schools_to_s3_to_snowflake.py
[2026-03-12T02:21:21.729+0000] {logging_mixin.py:188} INFO - [2026-03-12T02:21:21.729+0000] {dag.py:3036} INFO - Sync 1 DAGs
[2026-03-12T02:21:21.739+0000] {logging_mixin.py:188} INFO - [2026-03-12T02:21:21.739+0000] {dag.py:3823} INFO - Setting next_dagrun for schools_to_s3_to_snowflake to 2026-09-01 00:00:00+00:00, run_after=2027-09-01 00:00:00+00:00
[2026-03-12T02:21:21.747+0000] {processor.py:183} INFO - Processing /opt/airflow/dags/schools_to_s3_to_snowflake.py took 0.299 seconds
[2026-03-12T02:21:51.985+0000] {processor.py:161} INFO - Started process (PID=1069) to work on /opt/airflow/dags/schools_to_s3_to_snowflake.py
[2026-03-12T02:21:51.988+0000] {processor.py:830} INFO - Processing file /opt/airflow/dags/schools_to_s3_to_snowflake.py for tasks to queue
[2026-03-12T02:21:51.989+0000] {logging_mixin.py:188} INFO - [2026-03-12T02:21:51.989+0000] {dagbag.py:538} INFO - Filling up the DagBag from /opt/airflow/dags/schools_to_s3_to_snowflake.py
[2026-03-12T02:21:52.221+0000] {processor.py:840} INFO - DAG(s) 'schools_to_s3_to_snowflake' retrieved from /opt/airflow/dags/schools_to_s3_to_snowflake.py
[2026-03-12T02:21:52.231+0000] {logging_mixin.py:188} INFO - [2026-03-12T02:21:52.231+0000] {dag.py:3036} INFO - Sync 1 DAGs
[2026-03-12T02:21:52.240+0000] {logging_mixin.py:188} INFO - [2026-03-12T02:21:52.240+0000] {dag.py:3823} INFO - Setting next_dagrun for schools_to_s3_to_snowflake to 2026-09-01 00:00:00+00:00, run_after=2027-09-01 00:00:00+00:00
[2026-03-12T02:21:52.247+0000] {processor.py:183} INFO - Processing /opt/airflow/dags/schools_to_s3_to_snowflake.py took 0.264 seconds
[2026-03-12T02:22:22.324+0000] {processor.py:161} INFO - Started process (PID=1145) to work on /opt/airflow/dags/schools_to_s3_to_snowflake.py
[2026-03-12T02:22:22.326+0000] {processor.py:830} INFO - Processing file /opt/airflow/dags/schools_to_s3_to_snowflake.py for tasks to queue
[2026-03-12T02:22:22.330+0000] {logging_mixin.py:188} INFO - [2026-03-12T02:22:22.330+0000] {dagbag.py:538} INFO - Filling up the DagBag from /opt/airflow/dags/schools_to_s3_to_snowflake.py
[2026-03-12T02:22:22.598+0000] {processor.py:840} INFO - DAG(s) 'schools_to_s3_to_snowflake' retrieved from /opt/airflow/dags/schools_to_s3_to_snowflake.py
[2026-03-12T02:22:22.605+0000] {logging_mixin.py:188} INFO - [2026-03-12T02:22:22.605+0000] {dag.py:3036} INFO - Sync 1 DAGs
[2026-03-12T02:22:22.618+0000] {logging_mixin.py:188} INFO - [2026-03-12T02:22:22.618+0000] {dag.py:3823} INFO - Setting next_dagrun for schools_to_s3_to_snowflake to 2026-09-01 00:00:00+00:00, run_after=2027-09-01 00:00:00+00:00
[2026-03-12T02:22:22.625+0000] {processor.py:183} INFO - Processing /opt/airflow/dags/schools_to_s3_to_snowflake.py took 0.304 seconds
[2026-03-12T02:22:53.600+0000] {processor.py:161} INFO - Started process (PID=1221) to work on /opt/airflow/dags/schools_to_s3_to_snowflake.py
[2026-03-12T02:22:53.602+0000] {processor.py:830} INFO - Processing file /opt/airflow/dags/schools_to_s3_to_snowflake.py for tasks to queue
[2026-03-12T02:22:53.605+0000] {logging_mixin.py:188} INFO - [2026-03-12T02:22:53.604+0000] {dagbag.py:538} INFO - Filling up the DagBag from /opt/airflow/dags/schools_to_s3_to_snowflake.py
[2026-03-12T02:22:53.840+0000] {processor.py:840} INFO - DAG(s) 'schools_to_s3_to_snowflake' retrieved from /opt/airflow/dags/schools_to_s3_to_snowflake.py
[2026-03-12T02:22:53.851+0000] {logging_mixin.py:188} INFO - [2026-03-12T02:22:53.851+0000] {dag.py:3036} INFO - Sync 1 DAGs
[2026-03-12T02:22:53.859+0000] {logging_mixin.py:188} INFO - [2026-03-12T02:22:53.859+0000] {dag.py:3823} INFO - Setting next_dagrun for schools_to_s3_to_snowflake to 2026-09-01 00:00:00+00:00, run_after=2027-09-01 00:00:00+00:00
[2026-03-12T02:22:53.867+0000] {processor.py:183} INFO - Processing /opt/airflow/dags/schools_to_s3_to_snowflake.py took 0.270 seconds
[2026-03-12T02:23:24.698+0000] {processor.py:161} INFO - Started process (PID=1297) to work on /opt/airflow/dags/schools_to_s3_to_snowflake.py
[2026-03-12T02:23:24.701+0000] {processor.py:830} INFO - Processing file /opt/airflow/dags/schools_to_s3_to_snowflake.py for tasks to queue
[2026-03-12T02:23:24.702+0000] {logging_mixin.py:188} INFO - [2026-03-12T02:23:24.702+0000] {dagbag.py:538} INFO - Filling up the DagBag from /opt/airflow/dags/schools_to_s3_to_snowflake.py
[2026-03-12T02:23:24.955+0000] {processor.py:840} INFO - DAG(s) 'schools_to_s3_to_snowflake' retrieved from /opt/airflow/dags/schools_to_s3_to_snowflake.py
[2026-03-12T02:23:24.962+0000] {logging_mixin.py:188} INFO - [2026-03-12T02:23:24.961+0000] {dag.py:3036} INFO - Sync 1 DAGs
[2026-03-12T02:23:24.971+0000] {logging_mixin.py:188} INFO - [2026-03-12T02:23:24.971+0000] {dag.py:3823} INFO - Setting next_dagrun for schools_to_s3_to_snowflake to 2026-09-01 00:00:00+00:00, run_after=2027-09-01 00:00:00+00:00
[2026-03-12T02:23:24.981+0000] {processor.py:183} INFO - Processing /opt/airflow/dags/schools_to_s3_to_snowflake.py took 0.285 seconds
[2026-03-12T02:23:55.931+0000] {processor.py:161} INFO - Started process (PID=1373) to work on /opt/airflow/dags/schools_to_s3_to_snowflake.py
[2026-03-12T02:23:55.933+0000] {processor.py:830} INFO - Processing file /opt/airflow/dags/schools_to_s3_to_snowflake.py for tasks to queue
[2026-03-12T02:23:55.938+0000] {logging_mixin.py:188} INFO - [2026-03-12T02:23:55.938+0000] {dagbag.py:538} INFO - Filling up the DagBag from /opt/airflow/dags/schools_to_s3_to_snowflake.py
[2026-03-12T02:23:56.168+0000] {processor.py:840} INFO - DAG(s) 'schools_to_s3_to_snowflake' retrieved from /opt/airflow/dags/schools_to_s3_to_snowflake.py
[2026-03-12T02:23:56.176+0000] {logging_mixin.py:188} INFO - [2026-03-12T02:23:56.174+0000] {dag.py:3036} INFO - Sync 1 DAGs
[2026-03-12T02:23:56.184+0000] {logging_mixin.py:188} INFO - [2026-03-12T02:23:56.184+0000] {dag.py:3823} INFO - Setting next_dagrun for schools_to_s3_to_snowflake to 2026-09-01 00:00:00+00:00, run_after=2027-09-01 00:00:00+00:00
[2026-03-12T02:23:56.192+0000] {processor.py:183} INFO - Processing /opt/airflow/dags/schools_to_s3_to_snowflake.py took 0.264 seconds
[2026-03-12T02:24:26.546+0000] {processor.py:161} INFO - Started process (PID=1450) to work on /opt/airflow/dags/schools_to_s3_to_snowflake.py
[2026-03-12T02:24:26.546+0000] {processor.py:830} INFO - Processing file /opt/airflow/dags/schools_to_s3_to_snowflake.py for tasks to queue
[2026-03-12T02:24:26.547+0000] {logging_mixin.py:188} INFO - [2026-03-12T02:24:26.547+0000] {dagbag.py:538} INFO - Filling up the DagBag from /opt/airflow/dags/schools_to_s3_to_snowflake.py
[2026-03-12T02:24:26.761+0000] {processor.py:840} INFO - DAG(s) 'schools_to_s3_to_snowflake' retrieved from /opt/airflow/dags/schools_to_s3_to_snowflake.py
[2026-03-12T02:24:26.767+0000] {logging_mixin.py:188} INFO - [2026-03-12T02:24:26.767+0000] {dag.py:3036} INFO - Sync 1 DAGs
[2026-03-12T02:24:26.773+0000] {logging_mixin.py:188} INFO - [2026-03-12T02:24:26.773+0000] {dag.py:3823} INFO - Setting next_dagrun for schools_to_s3_to_snowflake to 2026-09-01 00:00:00+00:00, run_after=2027-09-01 00:00:00+00:00
[2026-03-12T02:24:26.778+0000] {processor.py:183} INFO - Processing /opt/airflow/dags/schools_to_s3_to_snowflake.py took 0.234 seconds
[2026-03-12T02:24:57.312+0000] {processor.py:161} INFO - Started process (PID=1526) to work on /opt/airflow/dags/schools_to_s3_to_snowflake.py
[2026-03-12T02:24:57.312+0000] {processor.py:830} INFO - Processing file /opt/airflow/dags/schools_to_s3_to_snowflake.py for tasks to queue
[2026-03-12T02:24:57.313+0000] {logging_mixin.py:188} INFO - [2026-03-12T02:24:57.313+0000] {dagbag.py:538} INFO - Filling up the DagBag from /opt/airflow/dags/schools_to_s3_to_snowflake.py
[2026-03-12T02:24:57.475+0000] {processor.py:840} INFO - DAG(s) 'schools_to_s3_to_snowflake' retrieved from /opt/airflow/dags/schools_to_s3_to_snowflake.py
[2026-03-12T02:24:57.482+0000] {logging_mixin.py:188} INFO - [2026-03-12T02:24:57.482+0000] {dag.py:3036} INFO - Sync 1 DAGs
[2026-03-12T02:24:57.489+0000] {logging_mixin.py:188} INFO - [2026-03-12T02:24:57.489+0000] {dag.py:3823} INFO - Setting next_dagrun for schools_to_s3_to_snowflake to 2026-09-01 00:00:00+00:00, run_after=2027-09-01 00:00:00+00:00
[2026-03-12T02:24:57.495+0000] {processor.py:183} INFO - Processing /opt/airflow/dags/schools_to_s3_to_snowflake.py took 0.185 seconds
[2026-03-12T02:25:28.123+0000] {processor.py:161} INFO - Started process (PID=1601) to work on /opt/airflow/dags/schools_to_s3_to_snowflake.py
[2026-03-12T02:25:28.124+0000] {processor.py:830} INFO - Processing file /opt/airflow/dags/schools_to_s3_to_snowflake.py for tasks to queue
[2026-03-12T02:25:28.124+0000] {logging_mixin.py:188} INFO - [2026-03-12T02:25:28.124+0000] {dagbag.py:538} INFO - Filling up the DagBag from /opt/airflow/dags/schools_to_s3_to_snowflake.py
[2026-03-12T02:25:28.289+0000] {processor.py:840} INFO - DAG(s) 'schools_to_s3_to_snowflake' retrieved from /opt/airflow/dags/schools_to_s3_to_snowflake.py
[2026-03-12T02:25:28.298+0000] {logging_mixin.py:188} INFO - [2026-03-12T02:25:28.297+0000] {dag.py:3036} INFO - Sync 1 DAGs
[2026-03-12T02:25:28.309+0000] {logging_mixin.py:188} INFO - [2026-03-12T02:25:28.309+0000] {dag.py:3823} INFO - Setting next_dagrun for schools_to_s3_to_snowflake to 2026-09-01 00:00:00+00:00, run_after=2027-09-01 00:00:00+00:00
[2026-03-12T02:25:28.315+0000] {processor.py:183} INFO - Processing /opt/airflow/dags/schools_to_s3_to_snowflake.py took 0.193 seconds
[2026-03-12T02:25:58.935+0000] {processor.py:161} INFO - Started process (PID=1678) to work on /opt/airflow/dags/schools_to_s3_to_snowflake.py
[2026-03-12T02:25:58.936+0000] {processor.py:830} INFO - Processing file /opt/airflow/dags/schools_to_s3_to_snowflake.py for tasks to queue
[2026-03-12T02:25:58.937+0000] {logging_mixin.py:188} INFO - [2026-03-12T02:25:58.937+0000] {dagbag.py:538} INFO - Filling up the DagBag from /opt/airflow/dags/schools_to_s3_to_snowflake.py
[2026-03-12T02:25:59.106+0000] {processor.py:840} INFO - DAG(s) 'schools_to_s3_to_snowflake' retrieved from /opt/airflow/dags/schools_to_s3_to_snowflake.py
[2026-03-12T02:25:59.119+0000] {logging_mixin.py:188} INFO - [2026-03-12T02:25:59.119+0000] {dag.py:3036} INFO - Sync 1 DAGs
[2026-03-12T02:25:59.128+0000] {logging_mixin.py:188} INFO - [2026-03-12T02:25:59.127+0000] {dag.py:3823} INFO - Setting next_dagrun for schools_to_s3_to_snowflake to 2026-09-01 00:00:00+00:00, run_after=2027-09-01 00:00:00+00:00
[2026-03-12T02:25:59.134+0000] {processor.py:183} INFO - Processing /opt/airflow/dags/schools_to_s3_to_snowflake.py took 0.200 seconds
[2026-03-12T02:26:29.753+0000] {processor.py:161} INFO - Started process (PID=1754) to work on /opt/airflow/dags/schools_to_s3_to_snowflake.py
[2026-03-12T02:26:29.754+0000] {processor.py:830} INFO - Processing file /opt/airflow/dags/schools_to_s3_to_snowflake.py for tasks to queue
[2026-03-12T02:26:29.754+0000] {logging_mixin.py:188} INFO - [2026-03-12T02:26:29.754+0000] {dagbag.py:538} INFO - Filling up the DagBag from /opt/airflow/dags/schools_to_s3_to_snowflake.py
[2026-03-12T02:26:29.923+0000] {processor.py:840} INFO - DAG(s) 'schools_to_s3_to_snowflake' retrieved from /opt/airflow/dags/schools_to_s3_to_snowflake.py
[2026-03-12T02:26:29.934+0000] {logging_mixin.py:188} INFO - [2026-03-12T02:26:29.934+0000] {dag.py:3036} INFO - Sync 1 DAGs
[2026-03-12T02:26:29.946+0000] {logging_mixin.py:188} INFO - [2026-03-12T02:26:29.946+0000] {dag.py:3823} INFO - Setting next_dagrun for schools_to_s3_to_snowflake to 2026-09-01 00:00:00+00:00, run_after=2027-09-01 00:00:00+00:00
[2026-03-12T02:26:29.956+0000] {processor.py:183} INFO - Processing /opt/airflow/dags/schools_to_s3_to_snowflake.py took 0.204 seconds
[2026-03-12T02:27:00.432+0000] {processor.py:161} INFO - Started process (PID=1830) to work on /opt/airflow/dags/schools_to_s3_to_snowflake.py
[2026-03-12T02:27:00.433+0000] {processor.py:830} INFO - Processing file /opt/airflow/dags/schools_to_s3_to_snowflake.py for tasks to queue
[2026-03-12T02:27:00.434+0000] {logging_mixin.py:188} INFO - [2026-03-12T02:27:00.434+0000] {dagbag.py:538} INFO - Filling up the DagBag from /opt/airflow/dags/schools_to_s3_to_snowflake.py
[2026-03-12T02:27:00.617+0000] {processor.py:840} INFO - DAG(s) 'schools_to_s3_to_snowflake' retrieved from /opt/airflow/dags/schools_to_s3_to_snowflake.py
[2026-03-12T02:27:00.627+0000] {logging_mixin.py:188} INFO - [2026-03-12T02:27:00.627+0000] {dag.py:3036} INFO - Sync 1 DAGs
[2026-03-12T02:27:00.635+0000] {logging_mixin.py:188} INFO - [2026-03-12T02:27:00.635+0000] {dag.py:3823} INFO - Setting next_dagrun for schools_to_s3_to_snowflake to 2026-09-01 00:00:00+00:00, run_after=2027-09-01 00:00:00+00:00
[2026-03-12T02:27:00.641+0000] {processor.py:183} INFO - Processing /opt/airflow/dags/schools_to_s3_to_snowflake.py took 0.210 seconds
[2026-03-12T02:27:31.266+0000] {processor.py:161} INFO - Started process (PID=1906) to work on /opt/airflow/dags/schools_to_s3_to_snowflake.py
[2026-03-12T02:27:31.267+0000] {processor.py:830} INFO - Processing file /opt/airflow/dags/schools_to_s3_to_snowflake.py for tasks to queue
[2026-03-12T02:27:31.267+0000] {logging_mixin.py:188} INFO - [2026-03-12T02:27:31.267+0000] {dagbag.py:538} INFO - Filling up the DagBag from /opt/airflow/dags/schools_to_s3_to_snowflake.py
[2026-03-12T02:27:31.444+0000] {processor.py:840} INFO - DAG(s) 'schools_to_s3_to_snowflake' retrieved from /opt/airflow/dags/schools_to_s3_to_snowflake.py
[2026-03-12T02:27:31.455+0000] {logging_mixin.py:188} INFO - [2026-03-12T02:27:31.454+0000] {dag.py:3036} INFO - Sync 1 DAGs
[2026-03-12T02:27:31.462+0000] {logging_mixin.py:188} INFO - [2026-03-12T02:27:31.462+0000] {dag.py:3823} INFO - Setting next_dagrun for schools_to_s3_to_snowflake to 2026-09-01 00:00:00+00:00, run_after=2027-09-01 00:00:00+00:00
[2026-03-12T02:27:31.468+0000] {processor.py:183} INFO - Processing /opt/airflow/dags/schools_to_s3_to_snowflake.py took 0.204 seconds
[2026-03-12T02:28:01.954+0000] {processor.py:161} INFO - Started process (PID=1982) to work on /opt/airflow/dags/schools_to_s3_to_snowflake.py
[2026-03-12T02:28:01.954+0000] {processor.py:830} INFO - Processing file /opt/airflow/dags/schools_to_s3_to_snowflake.py for tasks to queue
[2026-03-12T02:28:01.955+0000] {logging_mixin.py:188} INFO - [2026-03-12T02:28:01.955+0000] {dagbag.py:538} INFO - Filling up the DagBag from /opt/airflow/dags/schools_to_s3_to_snowflake.py
[2026-03-12T02:28:02.130+0000] {processor.py:840} INFO - DAG(s) 'schools_to_s3_to_snowflake' retrieved from /opt/airflow/dags/schools_to_s3_to_snowflake.py
[2026-03-12T02:28:02.143+0000] {logging_mixin.py:188} INFO - [2026-03-12T02:28:02.143+0000] {dag.py:3036} INFO - Sync 1 DAGs
[2026-03-12T02:28:02.151+0000] {logging_mixin.py:188} INFO - [2026-03-12T02:28:02.151+0000] {dag.py:3823} INFO - Setting next_dagrun for schools_to_s3_to_snowflake to 2026-09-01 00:00:00+00:00, run_after=2027-09-01 00:00:00+00:00
[2026-03-12T02:28:02.221+0000] {processor.py:183} INFO - Processing /opt/airflow/dags/schools_to_s3_to_snowflake.py took 0.268 seconds
[2026-03-12T02:28:32.720+0000] {processor.py:161} INFO - Started process (PID=2059) to work on /opt/airflow/dags/schools_to_s3_to_snowflake.py
[2026-03-12T02:28:32.720+0000] {processor.py:830} INFO - Processing file /opt/airflow/dags/schools_to_s3_to_snowflake.py for tasks to queue
[2026-03-12T02:28:32.721+0000] {logging_mixin.py:188} INFO - [2026-03-12T02:28:32.721+0000] {dagbag.py:538} INFO - Filling up the DagBag from /opt/airflow/dags/schools_to_s3_to_snowflake.py
[2026-03-12T02:28:32.890+0000] {processor.py:840} INFO - DAG(s) 'schools_to_s3_to_snowflake' retrieved from /opt/airflow/dags/schools_to_s3_to_snowflake.py
[2026-03-12T02:28:32.900+0000] {logging_mixin.py:188} INFO - [2026-03-12T02:28:32.900+0000] {dag.py:3036} INFO - Sync 1 DAGs
[2026-03-12T02:28:32.913+0000] {logging_mixin.py:188} INFO - [2026-03-12T02:28:32.913+0000] {dag.py:3823} INFO - Setting next_dagrun for schools_to_s3_to_snowflake to 2026-09-01 00:00:00+00:00, run_after=2027-09-01 00:00:00+00:00
[2026-03-12T02:28:32.992+0000] {processor.py:183} INFO - Processing /opt/airflow/dags/schools_to_s3_to_snowflake.py took 0.274 seconds
[2026-03-12T02:29:03.616+0000] {processor.py:161} INFO - Started process (PID=2134) to work on /opt/airflow/dags/schools_to_s3_to_snowflake.py
[2026-03-12T02:29:03.617+0000] {processor.py:830} INFO - Processing file /opt/airflow/dags/schools_to_s3_to_snowflake.py for tasks to queue
[2026-03-12T02:29:03.618+0000] {logging_mixin.py:188} INFO - [2026-03-12T02:29:03.618+0000] {dagbag.py:538} INFO - Filling up the DagBag from /opt/airflow/dags/schools_to_s3_to_snowflake.py
[2026-03-12T02:29:03.855+0000] {processor.py:840} INFO - DAG(s) 'schools_to_s3_to_snowflake' retrieved from /opt/airflow/dags/schools_to_s3_to_snowflake.py
[2026-03-12T02:29:03.865+0000] {logging_mixin.py:188} INFO - [2026-03-12T02:29:03.865+0000] {dag.py:3036} INFO - Sync 1 DAGs
[2026-03-12T02:29:03.872+0000] {logging_mixin.py:188} INFO - [2026-03-12T02:29:03.872+0000] {dag.py:3823} INFO - Setting next_dagrun for schools_to_s3_to_snowflake to 2026-09-01 00:00:00+00:00, run_after=2027-09-01 00:00:00+00:00
[2026-03-12T02:29:03.880+0000] {processor.py:183} INFO - Processing /opt/airflow/dags/schools_to_s3_to_snowflake.py took 0.265 seconds
[2026-03-12T02:29:34.609+0000] {processor.py:161} INFO - Started process (PID=2209) to work on /opt/airflow/dags/schools_to_s3_to_snowflake.py
[2026-03-12T02:29:34.611+0000] {processor.py:830} INFO - Processing file /opt/airflow/dags/schools_to_s3_to_snowflake.py for tasks to queue
[2026-03-12T02:29:34.612+0000] {logging_mixin.py:188} INFO - [2026-03-12T02:29:34.611+0000] {dagbag.py:538} INFO - Filling up the DagBag from /opt/airflow/dags/schools_to_s3_to_snowflake.py
[2026-03-12T02:29:34.849+0000] {processor.py:840} INFO - DAG(s) 'schools_to_s3_to_snowflake' retrieved from /opt/airflow/dags/schools_to_s3_to_snowflake.py
[2026-03-12T02:29:34.857+0000] {logging_mixin.py:188} INFO - [2026-03-12T02:29:34.857+0000] {dag.py:3036} INFO - Sync 1 DAGs
[2026-03-12T02:29:34.867+0000] {logging_mixin.py:188} INFO - [2026-03-12T02:29:34.867+0000] {dag.py:3823} INFO - Setting next_dagrun for schools_to_s3_to_snowflake to 2026-09-01 00:00:00+00:00, run_after=2027-09-01 00:00:00+00:00
[2026-03-12T02:29:34.874+0000] {processor.py:183} INFO - Processing /opt/airflow/dags/schools_to_s3_to_snowflake.py took 0.266 seconds
[2026-03-12T02:30:05.574+0000] {processor.py:161} INFO - Started process (PID=2285) to work on /opt/airflow/dags/schools_to_s3_to_snowflake.py
[2026-03-12T02:30:05.575+0000] {processor.py:830} INFO - Processing file /opt/airflow/dags/schools_to_s3_to_snowflake.py for tasks to queue
[2026-03-12T02:30:05.577+0000] {logging_mixin.py:188} INFO - [2026-03-12T02:30:05.577+0000] {dagbag.py:538} INFO - Filling up the DagBag from /opt/airflow/dags/schools_to_s3_to_snowflake.py
[2026-03-12T02:30:05.811+0000] {processor.py:840} INFO - DAG(s) 'schools_to_s3_to_snowflake' retrieved from /opt/airflow/dags/schools_to_s3_to_snowflake.py
[2026-03-12T02:30:05.819+0000] {logging_mixin.py:188} INFO - [2026-03-12T02:30:05.819+0000] {dag.py:3036} INFO - Sync 1 DAGs
[2026-03-12T02:30:05.829+0000] {logging_mixin.py:188} INFO - [2026-03-12T02:30:05.829+0000] {dag.py:3823} INFO - Setting next_dagrun for schools_to_s3_to_snowflake to 2026-09-01 00:00:00+00:00, run_after=2027-09-01 00:00:00+00:00
[2026-03-12T02:30:05.837+0000] {processor.py:183} INFO - Processing /opt/airflow/dags/schools_to_s3_to_snowflake.py took 0.265 seconds
[2026-03-12T02:30:36.656+0000] {processor.py:161} INFO - Started process (PID=2362) to work on /opt/airflow/dags/schools_to_s3_to_snowflake.py
[2026-03-12T02:30:36.656+0000] {processor.py:830} INFO - Processing file /opt/airflow/dags/schools_to_s3_to_snowflake.py for tasks to queue
[2026-03-12T02:30:36.657+0000] {logging_mixin.py:188} INFO - [2026-03-12T02:30:36.657+0000] {dagbag.py:538} INFO - Filling up the DagBag from /opt/airflow/dags/schools_to_s3_to_snowflake.py
[2026-03-12T02:30:36.872+0000] {processor.py:840} INFO - DAG(s) 'schools_to_s3_to_snowflake' retrieved from /opt/airflow/dags/schools_to_s3_to_snowflake.py
[2026-03-12T02:30:36.878+0000] {logging_mixin.py:188} INFO - [2026-03-12T02:30:36.878+0000] {dag.py:3036} INFO - Sync 1 DAGs
[2026-03-12T02:30:36.884+0000] {logging_mixin.py:188} INFO - [2026-03-12T02:30:36.884+0000] {dag.py:3823} INFO - Setting next_dagrun for schools_to_s3_to_snowflake to 2026-09-01 00:00:00+00:00, run_after=2027-09-01 00:00:00+00:00
[2026-03-12T02:30:36.890+0000] {processor.py:183} INFO - Processing /opt/airflow/dags/schools_to_s3_to_snowflake.py took 0.235 seconds
[2026-03-12T02:31:07.645+0000] {processor.py:161} INFO - Started process (PID=2437) to work on /opt/airflow/dags/schools_to_s3_to_snowflake.py
[2026-03-12T02:31:07.647+0000] {processor.py:830} INFO - Processing file /opt/airflow/dags/schools_to_s3_to_snowflake.py for tasks to queue
[2026-03-12T02:31:07.649+0000] {logging_mixin.py:188} INFO - [2026-03-12T02:31:07.648+0000] {dagbag.py:538} INFO - Filling up the DagBag from /opt/airflow/dags/schools_to_s3_to_snowflake.py
[2026-03-12T02:31:07.898+0000] {processor.py:840} INFO - DAG(s) 'schools_to_s3_to_snowflake' retrieved from /opt/airflow/dags/schools_to_s3_to_snowflake.py
[2026-03-12T02:31:07.904+0000] {logging_mixin.py:188} INFO - [2026-03-12T02:31:07.904+0000] {dag.py:3036} INFO - Sync 1 DAGs
[2026-03-12T02:31:07.912+0000] {logging_mixin.py:188} INFO - [2026-03-12T02:31:07.912+0000] {dag.py:3823} INFO - Setting next_dagrun for schools_to_s3_to_snowflake to 2026-09-01 00:00:00+00:00, run_after=2027-09-01 00:00:00+00:00
[2026-03-12T02:31:07.917+0000] {processor.py:183} INFO - Processing /opt/airflow/dags/schools_to_s3_to_snowflake.py took 0.274 seconds
[2026-03-12T02:31:38.582+0000] {processor.py:161} INFO - Started process (PID=2513) to work on /opt/airflow/dags/schools_to_s3_to_snowflake.py
[2026-03-12T02:31:38.583+0000] {processor.py:830} INFO - Processing file /opt/airflow/dags/schools_to_s3_to_snowflake.py for tasks to queue
[2026-03-12T02:31:38.584+0000] {logging_mixin.py:188} INFO - [2026-03-12T02:31:38.584+0000] {dagbag.py:538} INFO - Filling up the DagBag from /opt/airflow/dags/schools_to_s3_to_snowflake.py
[2026-03-12T02:31:38.816+0000] {processor.py:840} INFO - DAG(s) 'schools_to_s3_to_snowflake' retrieved from /opt/airflow/dags/schools_to_s3_to_snowflake.py
[2026-03-12T02:31:38.823+0000] {logging_mixin.py:188} INFO - [2026-03-12T02:31:38.822+0000] {dag.py:3036} INFO - Sync 1 DAGs
[2026-03-12T02:31:38.831+0000] {logging_mixin.py:188} INFO - [2026-03-12T02:31:38.831+0000] {dag.py:3823} INFO - Setting next_dagrun for schools_to_s3_to_snowflake to 2026-09-01 00:00:00+00:00, run_after=2027-09-01 00:00:00+00:00
[2026-03-12T02:31:38.843+0000] {processor.py:183} INFO - Processing /opt/airflow/dags/schools_to_s3_to_snowflake.py took 0.262 seconds
[2026-03-12T02:32:09.636+0000] {processor.py:161} INFO - Started process (PID=2589) to work on /opt/airflow/dags/schools_to_s3_to_snowflake.py
[2026-03-12T02:32:09.637+0000] {processor.py:830} INFO - Processing file /opt/airflow/dags/schools_to_s3_to_snowflake.py for tasks to queue
[2026-03-12T02:32:09.640+0000] {logging_mixin.py:188} INFO - [2026-03-12T02:32:09.639+0000] {dagbag.py:538} INFO - Filling up the DagBag from /opt/airflow/dags/schools_to_s3_to_snowflake.py
[2026-03-12T02:32:09.888+0000] {processor.py:840} INFO - DAG(s) 'schools_to_s3_to_snowflake' retrieved from /opt/airflow/dags/schools_to_s3_to_snowflake.py
[2026-03-12T02:32:09.895+0000] {logging_mixin.py:188} INFO - [2026-03-12T02:32:09.894+0000] {dag.py:3036} INFO - Sync 1 DAGs
[2026-03-12T02:32:09.906+0000] {logging_mixin.py:188} INFO - [2026-03-12T02:32:09.906+0000] {dag.py:3823} INFO - Setting next_dagrun for schools_to_s3_to_snowflake to 2026-09-01 00:00:00+00:00, run_after=2027-09-01 00:00:00+00:00
[2026-03-12T02:32:09.919+0000] {processor.py:183} INFO - Processing /opt/airflow/dags/schools_to_s3_to_snowflake.py took 0.285 seconds
[2026-03-12T02:32:41.248+0000] {processor.py:161} INFO - Started process (PID=2671) to work on /opt/airflow/dags/schools_to_s3_to_snowflake.py
[2026-03-12T02:32:41.249+0000] {processor.py:830} INFO - Processing file /opt/airflow/dags/schools_to_s3_to_snowflake.py for tasks to queue
[2026-03-12T02:32:41.250+0000] {logging_mixin.py:188} INFO - [2026-03-12T02:32:41.250+0000] {dagbag.py:538} INFO - Filling up the DagBag from /opt/airflow/dags/schools_to_s3_to_snowflake.py
[2026-03-12T02:32:41.488+0000] {processor.py:840} INFO - DAG(s) 'schools_to_s3_to_snowflake' retrieved from /opt/airflow/dags/schools_to_s3_to_snowflake.py
[2026-03-12T02:32:41.499+0000] {logging_mixin.py:188} INFO - [2026-03-12T02:32:41.498+0000] {dag.py:3036} INFO - Sync 1 DAGs
[2026-03-12T02:32:41.517+0000] {logging_mixin.py:188} INFO - [2026-03-12T02:32:41.517+0000] {dag.py:3823} INFO - Setting next_dagrun for schools_to_s3_to_snowflake to 2026-09-01 00:00:00+00:00, run_after=2027-09-01 00:00:00+00:00
[2026-03-12T02:32:41.537+0000] {processor.py:183} INFO - Processing /opt/airflow/dags/schools_to_s3_to_snowflake.py took 0.290 seconds
[2026-03-12T02:33:12.026+0000] {processor.py:161} INFO - Started process (PID=2747) to work on /opt/airflow/dags/schools_to_s3_to_snowflake.py
[2026-03-12T02:33:12.027+0000] {processor.py:830} INFO - Processing file /opt/airflow/dags/schools_to_s3_to_snowflake.py for tasks to queue
[2026-03-12T02:33:12.029+0000] {logging_mixin.py:188} INFO - [2026-03-12T02:33:12.028+0000] {dagbag.py:538} INFO - Filling up the DagBag from /opt/airflow/dags/schools_to_s3_to_snowflake.py
[2026-03-12T02:33:12.296+0000] {processor.py:840} INFO - DAG(s) 'schools_to_s3_to_snowflake' retrieved from /opt/airflow/dags/schools_to_s3_to_snowflake.py
[2026-03-12T02:33:12.304+0000] {logging_mixin.py:188} INFO - [2026-03-12T02:33:12.304+0000] {dag.py:3036} INFO - Sync 1 DAGs
[2026-03-12T02:33:12.314+0000] {logging_mixin.py:188} INFO - [2026-03-12T02:33:12.314+0000] {dag.py:3823} INFO - Setting next_dagrun for schools_to_s3_to_snowflake to 2026-09-01 00:00:00+00:00, run_after=2027-09-01 00:00:00+00:00
[2026-03-12T02:33:12.322+0000] {processor.py:183} INFO - Processing /opt/airflow/dags/schools_to_s3_to_snowflake.py took 0.299 seconds
[2026-03-12T02:33:42.736+0000] {processor.py:161} INFO - Started process (PID=2823) to work on /opt/airflow/dags/schools_to_s3_to_snowflake.py
[2026-03-12T02:33:42.737+0000] {processor.py:830} INFO - Processing file /opt/airflow/dags/schools_to_s3_to_snowflake.py for tasks to queue
[2026-03-12T02:33:42.739+0000] {logging_mixin.py:188} INFO - [2026-03-12T02:33:42.739+0000] {dagbag.py:538} INFO - Filling up the DagBag from /opt/airflow/dags/schools_to_s3_to_snowflake.py
[2026-03-12T02:33:43.048+0000] {processor.py:840} INFO - DAG(s) 'schools_to_s3_to_snowflake' retrieved from /opt/airflow/dags/schools_to_s3_to_snowflake.py
[2026-03-12T02:33:43.060+0000] {logging_mixin.py:188} INFO - [2026-03-12T02:33:43.059+0000] {dag.py:3036} INFO - Sync 1 DAGs
[2026-03-12T02:33:43.069+0000] {logging_mixin.py:188} INFO - [2026-03-12T02:33:43.069+0000] {dag.py:3823} INFO - Setting next_dagrun for schools_to_s3_to_snowflake to 2026-09-01 00:00:00+00:00, run_after=2027-09-01 00:00:00+00:00
[2026-03-12T02:33:43.079+0000] {processor.py:183} INFO - Processing /opt/airflow/dags/schools_to_s3_to_snowflake.py took 0.346 seconds
[2026-03-12T02:34:13.321+0000] {processor.py:161} INFO - Started process (PID=2900) to work on /opt/airflow/dags/schools_to_s3_to_snowflake.py
[2026-03-12T02:34:13.322+0000] {processor.py:830} INFO - Processing file /opt/airflow/dags/schools_to_s3_to_snowflake.py for tasks to queue
[2026-03-12T02:34:13.322+0000] {logging_mixin.py:188} INFO - [2026-03-12T02:34:13.322+0000] {dagbag.py:538} INFO - Filling up the DagBag from /opt/airflow/dags/schools_to_s3_to_snowflake.py
[2026-03-12T02:34:13.535+0000] {processor.py:840} INFO - DAG(s) 'schools_to_s3_to_snowflake' retrieved from /opt/airflow/dags/schools_to_s3_to_snowflake.py
[2026-03-12T02:34:13.545+0000] {logging_mixin.py:188} INFO - [2026-03-12T02:34:13.545+0000] {dag.py:3036} INFO - Sync 1 DAGs
[2026-03-12T02:34:13.555+0000] {logging_mixin.py:188} INFO - [2026-03-12T02:34:13.555+0000] {dag.py:3823} INFO - Setting next_dagrun for schools_to_s3_to_snowflake to 2026-09-01 00:00:00+00:00, run_after=2027-09-01 00:00:00+00:00
[2026-03-12T02:34:13.563+0000] {processor.py:183} INFO - Processing /opt/airflow/dags/schools_to_s3_to_snowflake.py took 0.243 seconds
[2026-03-12T02:34:44.098+0000] {processor.py:161} INFO - Started process (PID=2975) to work on /opt/airflow/dags/schools_to_s3_to_snowflake.py
[2026-03-12T02:34:44.098+0000] {processor.py:830} INFO - Processing file /opt/airflow/dags/schools_to_s3_to_snowflake.py for tasks to queue
[2026-03-12T02:34:44.099+0000] {logging_mixin.py:188} INFO - [2026-03-12T02:34:44.099+0000] {dagbag.py:538} INFO - Filling up the DagBag from /opt/airflow/dags/schools_to_s3_to_snowflake.py
[2026-03-12T02:34:44.290+0000] {processor.py:840} INFO - DAG(s) 'schools_to_s3_to_snowflake' retrieved from /opt/airflow/dags/schools_to_s3_to_snowflake.py
[2026-03-12T02:34:44.298+0000] {logging_mixin.py:188} INFO - [2026-03-12T02:34:44.298+0000] {dag.py:3036} INFO - Sync 1 DAGs
[2026-03-12T02:34:44.307+0000] {logging_mixin.py:188} INFO - [2026-03-12T02:34:44.307+0000] {dag.py:3823} INFO - Setting next_dagrun for schools_to_s3_to_snowflake to 2026-09-01 00:00:00+00:00, run_after=2027-09-01 00:00:00+00:00
[2026-03-12T02:34:44.314+0000] {processor.py:183} INFO - Processing /opt/airflow/dags/schools_to_s3_to_snowflake.py took 0.217 seconds
[2026-03-12T02:35:15.050+0000] {processor.py:161} INFO - Started process (PID=3052) to work on /opt/airflow/dags/schools_to_s3_to_snowflake.py
[2026-03-12T02:35:15.051+0000] {processor.py:830} INFO - Processing file /opt/airflow/dags/schools_to_s3_to_snowflake.py for tasks to queue
[2026-03-12T02:35:15.052+0000] {logging_mixin.py:188} INFO - [2026-03-12T02:35:15.052+0000] {dagbag.py:538} INFO - Filling up the DagBag from /opt/airflow/dags/schools_to_s3_to_snowflake.py
[2026-03-12T02:35:15.218+0000] {processor.py:840} INFO - DAG(s) 'schools_to_s3_to_snowflake' retrieved from /opt/airflow/dags/schools_to_s3_to_snowflake.py
[2026-03-12T02:35:15.226+0000] {logging_mixin.py:188} INFO - [2026-03-12T02:35:15.225+0000] {dag.py:3036} INFO - Sync 1 DAGs
[2026-03-12T02:35:15.236+0000] {logging_mixin.py:188} INFO - [2026-03-12T02:35:15.236+0000] {dag.py:3823} INFO - Setting next_dagrun for schools_to_s3_to_snowflake to 2026-09-01 00:00:00+00:00, run_after=2027-09-01 00:00:00+00:00
[2026-03-12T02:35:15.247+0000] {processor.py:183} INFO - Processing /opt/airflow/dags/schools_to_s3_to_snowflake.py took 0.199 seconds
[2026-03-12T02:35:45.746+0000] {processor.py:161} INFO - Started process (PID=3127) to work on /opt/airflow/dags/schools_to_s3_to_snowflake.py
[2026-03-12T02:35:45.746+0000] {processor.py:830} INFO - Processing file /opt/airflow/dags/schools_to_s3_to_snowflake.py for tasks to queue
[2026-03-12T02:35:45.747+0000] {logging_mixin.py:188} INFO - [2026-03-12T02:35:45.747+0000] {dagbag.py:538} INFO - Filling up the DagBag from /opt/airflow/dags/schools_to_s3_to_snowflake.py
[2026-03-12T02:35:45.924+0000] {processor.py:840} INFO - DAG(s) 'schools_to_s3_to_snowflake' retrieved from /opt/airflow/dags/schools_to_s3_to_snowflake.py
[2026-03-12T02:35:45.936+0000] {logging_mixin.py:188} INFO - [2026-03-12T02:35:45.936+0000] {dag.py:3036} INFO - Sync 1 DAGs
[2026-03-12T02:35:45.947+0000] {logging_mixin.py:188} INFO - [2026-03-12T02:35:45.947+0000] {dag.py:3823} INFO - Setting next_dagrun for schools_to_s3_to_snowflake to 2026-09-01 00:00:00+00:00, run_after=2027-09-01 00:00:00+00:00
[2026-03-12T02:35:45.960+0000] {processor.py:183} INFO - Processing /opt/airflow/dags/schools_to_s3_to_snowflake.py took 0.215 seconds
[2026-03-12T02:36:16.721+0000] {processor.py:161} INFO - Started process (PID=3204) to work on /opt/airflow/dags/schools_to_s3_to_snowflake.py
[2026-03-12T02:36:16.721+0000] {processor.py:830} INFO - Processing file /opt/airflow/dags/schools_to_s3_to_snowflake.py for tasks to queue
[2026-03-12T02:36:16.722+0000] {logging_mixin.py:188} INFO - [2026-03-12T02:36:16.722+0000] {dagbag.py:538} INFO - Filling up the DagBag from /opt/airflow/dags/schools_to_s3_to_snowflake.py
[2026-03-12T02:36:16.887+0000] {processor.py:840} INFO - DAG(s) 'schools_to_s3_to_snowflake' retrieved from /opt/airflow/dags/schools_to_s3_to_snowflake.py
[2026-03-12T02:36:16.897+0000] {logging_mixin.py:188} INFO - [2026-03-12T02:36:16.897+0000] {dag.py:3036} INFO - Sync 1 DAGs
[2026-03-12T02:36:16.907+0000] {logging_mixin.py:188} INFO - [2026-03-12T02:36:16.907+0000] {dag.py:3823} INFO - Setting next_dagrun for schools_to_s3_to_snowflake to 2026-09-01 00:00:00+00:00, run_after=2027-09-01 00:00:00+00:00
[2026-03-12T02:36:16.916+0000] {processor.py:183} INFO - Processing /opt/airflow/dags/schools_to_s3_to_snowflake.py took 0.197 seconds
[2026-03-12T02:36:47.266+0000] {processor.py:161} INFO - Started process (PID=3280) to work on /opt/airflow/dags/schools_to_s3_to_snowflake.py
[2026-03-12T02:36:47.267+0000] {processor.py:830} INFO - Processing file /opt/airflow/dags/schools_to_s3_to_snowflake.py for tasks to queue
[2026-03-12T02:36:47.267+0000] {logging_mixin.py:188} INFO - [2026-03-12T02:36:47.267+0000] {dagbag.py:538} INFO - Filling up the DagBag from /opt/airflow/dags/schools_to_s3_to_snowflake.py
[2026-03-12T02:36:47.444+0000] {processor.py:840} INFO - DAG(s) 'schools_to_s3_to_snowflake' retrieved from /opt/airflow/dags/schools_to_s3_to_snowflake.py
[2026-03-12T02:36:47.456+0000] {logging_mixin.py:188} INFO - [2026-03-12T02:36:47.456+0000] {dag.py:3036} INFO - Sync 1 DAGs
[2026-03-12T02:36:47.464+0000] {logging_mixin.py:188} INFO - [2026-03-12T02:36:47.464+0000] {dag.py:3823} INFO - Setting next_dagrun for schools_to_s3_to_snowflake to 2026-09-01 00:00:00+00:00, run_after=2027-09-01 00:00:00+00:00
[2026-03-12T02:36:47.470+0000] {processor.py:183} INFO - Processing /opt/airflow/dags/schools_to_s3_to_snowflake.py took 0.206 seconds
[2026-03-12T02:37:17.934+0000] {processor.py:161} INFO - Started process (PID=3356) to work on /opt/airflow/dags/schools_to_s3_to_snowflake.py
[2026-03-12T02:37:17.935+0000] {processor.py:830} INFO - Processing file /opt/airflow/dags/schools_to_s3_to_snowflake.py for tasks to queue
[2026-03-12T02:37:17.936+0000] {logging_mixin.py:188} INFO - [2026-03-12T02:37:17.935+0000] {dagbag.py:538} INFO - Filling up the DagBag from /opt/airflow/dags/schools_to_s3_to_snowflake.py
[2026-03-12T02:37:18.122+0000] {processor.py:840} INFO - DAG(s) 'schools_to_s3_to_snowflake' retrieved from /opt/airflow/dags/schools_to_s3_to_snowflake.py
[2026-03-12T02:37:18.132+0000] {logging_mixin.py:188} INFO - [2026-03-12T02:37:18.132+0000] {dag.py:3036} INFO - Sync 1 DAGs
[2026-03-12T02:37:18.214+0000] {logging_mixin.py:188} INFO - [2026-03-12T02:37:18.214+0000] {dag.py:3823} INFO - Setting next_dagrun for schools_to_s3_to_snowflake to 2026-09-01 00:00:00+00:00, run_after=2027-09-01 00:00:00+00:00
[2026-03-12T02:37:18.221+0000] {processor.py:183} INFO - Processing /opt/airflow/dags/schools_to_s3_to_snowflake.py took 0.288 seconds
[2026-03-12T02:37:48.740+0000] {processor.py:161} INFO - Started process (PID=3431) to work on /opt/airflow/dags/schools_to_s3_to_snowflake.py
[2026-03-12T02:37:48.741+0000] {processor.py:830} INFO - Processing file /opt/airflow/dags/schools_to_s3_to_snowflake.py for tasks to queue
[2026-03-12T02:37:48.742+0000] {logging_mixin.py:188} INFO - [2026-03-12T02:37:48.742+0000] {dagbag.py:538} INFO - Filling up the DagBag from /opt/airflow/dags/schools_to_s3_to_snowflake.py
[2026-03-12T02:37:48.990+0000] {processor.py:840} INFO - DAG(s) 'schools_to_s3_to_snowflake' retrieved from /opt/airflow/dags/schools_to_s3_to_snowflake.py
[2026-03-12T02:37:48.998+0000] {logging_mixin.py:188} INFO - [2026-03-12T02:37:48.997+0000] {dag.py:3036} INFO - Sync 1 DAGs
[2026-03-12T02:37:49.008+0000] {logging_mixin.py:188} INFO - [2026-03-12T02:37:49.007+0000] {dag.py:3823} INFO - Setting next_dagrun for schools_to_s3_to_snowflake to 2026-09-01 00:00:00+00:00, run_after=2027-09-01 00:00:00+00:00
[2026-03-12T02:37:49.013+0000] {processor.py:183} INFO - Processing /opt/airflow/dags/schools_to_s3_to_snowflake.py took 0.275 seconds
[2026-03-12T02:38:19.149+0000] {processor.py:161} INFO - Started process (PID=3507) to work on /opt/airflow/dags/schools_to_s3_to_snowflake.py
[2026-03-12T02:38:19.150+0000] {processor.py:830} INFO - Processing file /opt/airflow/dags/schools_to_s3_to_snowflake.py for tasks to queue
[2026-03-12T02:38:19.153+0000] {logging_mixin.py:188} INFO - [2026-03-12T02:38:19.153+0000] {dagbag.py:538} INFO - Filling up the DagBag from /opt/airflow/dags/schools_to_s3_to_snowflake.py
[2026-03-12T02:38:19.391+0000] {processor.py:840} INFO - DAG(s) 'schools_to_s3_to_snowflake' retrieved from /opt/airflow/dags/schools_to_s3_to_snowflake.py
[2026-03-12T02:38:19.398+0000] {logging_mixin.py:188} INFO - [2026-03-12T02:38:19.398+0000] {dag.py:3036} INFO - Sync 1 DAGs
[2026-03-12T02:38:19.405+0000] {logging_mixin.py:188} INFO - [2026-03-12T02:38:19.405+0000] {dag.py:3823} INFO - Setting next_dagrun for schools_to_s3_to_snowflake to 2026-09-01 00:00:00+00:00, run_after=2027-09-01 00:00:00+00:00
[2026-03-12T02:38:19.415+0000] {processor.py:183} INFO - Processing /opt/airflow/dags/schools_to_s3_to_snowflake.py took 0.268 seconds
[2026-03-12T02:38:50.084+0000] {processor.py:161} INFO - Started process (PID=3584) to work on /opt/airflow/dags/schools_to_s3_to_snowflake.py
[2026-03-12T02:38:50.084+0000] {processor.py:830} INFO - Processing file /opt/airflow/dags/schools_to_s3_to_snowflake.py for tasks to queue
[2026-03-12T02:38:50.085+0000] {logging_mixin.py:188} INFO - [2026-03-12T02:38:50.085+0000] {dagbag.py:538} INFO - Filling up the DagBag from /opt/airflow/dags/schools_to_s3_to_snowflake.py
[2026-03-12T02:38:50.306+0000] {processor.py:840} INFO - DAG(s) 'schools_to_s3_to_snowflake' retrieved from /opt/airflow/dags/schools_to_s3_to_snowflake.py
[2026-03-12T02:38:50.312+0000] {logging_mixin.py:188} INFO - [2026-03-12T02:38:50.312+0000] {dag.py:3036} INFO - Sync 1 DAGs
[2026-03-12T02:38:50.318+0000] {logging_mixin.py:188} INFO - [2026-03-12T02:38:50.318+0000] {dag.py:3823} INFO - Setting next_dagrun for schools_to_s3_to_snowflake to 2026-09-01 00:00:00+00:00, run_after=2027-09-01 00:00:00+00:00
[2026-03-12T02:38:50.323+0000] {processor.py:183} INFO - Processing /opt/airflow/dags/schools_to_s3_to_snowflake.py took 0.241 seconds
[2026-03-12T02:39:20.666+0000] {processor.py:161} INFO - Started process (PID=3660) to work on /opt/airflow/dags/schools_to_s3_to_snowflake.py
[2026-03-12T02:39:20.667+0000] {processor.py:830} INFO - Processing file /opt/airflow/dags/schools_to_s3_to_snowflake.py for tasks to queue
[2026-03-12T02:39:20.668+0000] {logging_mixin.py:188} INFO - [2026-03-12T02:39:20.668+0000] {dagbag.py:538} INFO - Filling up the DagBag from /opt/airflow/dags/schools_to_s3_to_snowflake.py
[2026-03-12T02:39:20.934+0000] {processor.py:840} INFO - DAG(s) 'schools_to_s3_to_snowflake' retrieved from /opt/airflow/dags/schools_to_s3_to_snowflake.py
[2026-03-12T02:39:20.945+0000] {logging_mixin.py:188} INFO - [2026-03-12T02:39:20.945+0000] {dag.py:3036} INFO - Sync 1 DAGs
[2026-03-12T02:39:20.955+0000] {logging_mixin.py:188} INFO - [2026-03-12T02:39:20.955+0000] {dag.py:3823} INFO - Setting next_dagrun for schools_to_s3_to_snowflake to 2026-09-01 00:00:00+00:00, run_after=2027-09-01 00:00:00+00:00
[2026-03-12T02:39:20.966+0000] {processor.py:183} INFO - Processing /opt/airflow/dags/schools_to_s3_to_snowflake.py took 0.301 seconds
[2026-03-12T02:39:51.589+0000] {processor.py:161} INFO - Started process (PID=3736) to work on /opt/airflow/dags/schools_to_s3_to_snowflake.py
[2026-03-12T02:39:51.590+0000] {processor.py:830} INFO - Processing file /opt/airflow/dags/schools_to_s3_to_snowflake.py for tasks to queue
[2026-03-12T02:39:51.591+0000] {logging_mixin.py:188} INFO - [2026-03-12T02:39:51.591+0000] {dagbag.py:538} INFO - Filling up the DagBag from /opt/airflow/dags/schools_to_s3_to_snowflake.py
[2026-03-12T02:39:51.839+0000] {processor.py:840} INFO - DAG(s) 'schools_to_s3_to_snowflake' retrieved from /opt/airflow/dags/schools_to_s3_to_snowflake.py
[2026-03-12T02:39:51.849+0000] {logging_mixin.py:188} INFO - [2026-03-12T02:39:51.849+0000] {dag.py:3036} INFO - Sync 1 DAGs
[2026-03-12T02:39:51.856+0000] {logging_mixin.py:188} INFO - [2026-03-12T02:39:51.856+0000] {dag.py:3823} INFO - Setting next_dagrun for schools_to_s3_to_snowflake to 2026-09-01 00:00:00+00:00, run_after=2027-09-01 00:00:00+00:00
[2026-03-12T02:39:51.866+0000] {processor.py:183} INFO - Processing /opt/airflow/dags/schools_to_s3_to_snowflake.py took 0.278 seconds
[2026-03-12T02:40:22.815+0000] {processor.py:161} INFO - Started process (PID=3812) to work on /opt/airflow/dags/schools_to_s3_to_snowflake.py
[2026-03-12T02:40:22.816+0000] {processor.py:830} INFO - Processing file /opt/airflow/dags/schools_to_s3_to_snowflake.py for tasks to queue
[2026-03-12T02:40:22.817+0000] {logging_mixin.py:188} INFO - [2026-03-12T02:40:22.817+0000] {dagbag.py:538} INFO - Filling up the DagBag from /opt/airflow/dags/schools_to_s3_to_snowflake.py
[2026-03-12T02:40:23.148+0000] {processor.py:840} INFO - DAG(s) 'schools_to_s3_to_snowflake' retrieved from /opt/airflow/dags/schools_to_s3_to_snowflake.py
[2026-03-12T02:40:23.157+0000] {logging_mixin.py:188} INFO - [2026-03-12T02:40:23.156+0000] {dag.py:3036} INFO - Sync 1 DAGs
[2026-03-12T02:40:23.167+0000] {logging_mixin.py:188} INFO - [2026-03-12T02:40:23.166+0000] {dag.py:3823} INFO - Setting next_dagrun for schools_to_s3_to_snowflake to 2026-09-01 00:00:00+00:00, run_after=2027-09-01 00:00:00+00:00
[2026-03-12T02:40:23.182+0000] {processor.py:183} INFO - Processing /opt/airflow/dags/schools_to_s3_to_snowflake.py took 0.369 seconds
[2026-03-12T02:40:53.954+0000] {processor.py:161} INFO - Started process (PID=3888) to work on /opt/airflow/dags/schools_to_s3_to_snowflake.py
[2026-03-12T02:40:53.955+0000] {processor.py:830} INFO - Processing file /opt/airflow/dags/schools_to_s3_to_snowflake.py for tasks to queue
[2026-03-12T02:40:53.959+0000] {logging_mixin.py:188} INFO - [2026-03-12T02:40:53.958+0000] {dagbag.py:538} INFO - Filling up the DagBag from /opt/airflow/dags/schools_to_s3_to_snowflake.py
[2026-03-12T02:40:54.208+0000] {processor.py:840} INFO - DAG(s) 'schools_to_s3_to_snowflake' retrieved from /opt/airflow/dags/schools_to_s3_to_snowflake.py
[2026-03-12T02:40:54.217+0000] {logging_mixin.py:188} INFO - [2026-03-12T02:40:54.217+0000] {dag.py:3036} INFO - Sync 1 DAGs
[2026-03-12T02:40:54.227+0000] {logging_mixin.py:188} INFO - [2026-03-12T02:40:54.227+0000] {dag.py:3823} INFO - Setting next_dagrun for schools_to_s3_to_snowflake to 2026-09-01 00:00:00+00:00, run_after=2027-09-01 00:00:00+00:00
[2026-03-12T02:40:54.236+0000] {processor.py:183} INFO - Processing /opt/airflow/dags/schools_to_s3_to_snowflake.py took 0.284 seconds
[2026-03-12T02:41:24.791+0000] {processor.py:161} INFO - Started process (PID=3964) to work on /opt/airflow/dags/schools_to_s3_to_snowflake.py
[2026-03-12T02:41:24.792+0000] {processor.py:830} INFO - Processing file /opt/airflow/dags/schools_to_s3_to_snowflake.py for tasks to queue
[2026-03-12T02:41:24.793+0000] {logging_mixin.py:188} INFO - [2026-03-12T02:41:24.793+0000] {dagbag.py:538} INFO - Filling up the DagBag from /opt/airflow/dags/schools_to_s3_to_snowflake.py
[2026-03-12T02:41:25.030+0000] {processor.py:840} INFO - DAG(s) 'schools_to_s3_to_snowflake' retrieved from /opt/airflow/dags/schools_to_s3_to_snowflake.py
[2026-03-12T02:41:25.040+0000] {logging_mixin.py:188} INFO - [2026-03-12T02:41:25.040+0000] {dag.py:3036} INFO - Sync 1 DAGs
[2026-03-12T02:41:25.049+0000] {logging_mixin.py:188} INFO - [2026-03-12T02:41:25.049+0000] {dag.py:3823} INFO - Setting next_dagrun for schools_to_s3_to_snowflake to 2026-09-01 00:00:00+00:00, run_after=2027-09-01 00:00:00+00:00
[2026-03-12T02:41:25.061+0000] {processor.py:183} INFO - Processing /opt/airflow/dags/schools_to_s3_to_snowflake.py took 0.271 seconds
[2026-03-12T02:41:55.564+0000] {processor.py:161} INFO - Started process (PID=4040) to work on /opt/airflow/dags/schools_to_s3_to_snowflake.py
[2026-03-12T02:41:55.565+0000] {processor.py:830} INFO - Processing file /opt/airflow/dags/schools_to_s3_to_snowflake.py for tasks to queue
[2026-03-12T02:41:55.566+0000] {logging_mixin.py:188} INFO - [2026-03-12T02:41:55.566+0000] {dagbag.py:538} INFO - Filling up the DagBag from /opt/airflow/dags/schools_to_s3_to_snowflake.py
[2026-03-12T02:41:55.800+0000] {processor.py:840} INFO - DAG(s) 'schools_to_s3_to_snowflake' retrieved from /opt/airflow/dags/schools_to_s3_to_snowflake.py
[2026-03-12T02:41:55.808+0000] {logging_mixin.py:188} INFO - [2026-03-12T02:41:55.808+0000] {dag.py:3036} INFO - Sync 1 DAGs
[2026-03-12T02:41:55.818+0000] {logging_mixin.py:188} INFO - [2026-03-12T02:41:55.818+0000] {dag.py:3823} INFO - Setting next_dagrun for schools_to_s3_to_snowflake to 2026-09-01 00:00:00+00:00, run_after=2027-09-01 00:00:00+00:00
[2026-03-12T02:41:55.831+0000] {processor.py:183} INFO - Processing /opt/airflow/dags/schools_to_s3_to_snowflake.py took 0.268 seconds
[2026-03-12T02:42:26.289+0000] {processor.py:161} INFO - Started process (PID=4116) to work on /opt/airflow/dags/schools_to_s3_to_snowflake.py
[2026-03-12T02:42:26.291+0000] {processor.py:830} INFO - Processing file /opt/airflow/dags/schools_to_s3_to_snowflake.py for tasks to queue
[2026-03-12T02:42:26.292+0000] {logging_mixin.py:188} INFO - [2026-03-12T02:42:26.292+0000] {dagbag.py:538} INFO - Filling up the DagBag from /opt/airflow/dags/schools_to_s3_to_snowflake.py
[2026-03-12T02:42:26.535+0000] {processor.py:840} INFO - DAG(s) 'schools_to_s3_to_snowflake' retrieved from /opt/airflow/dags/schools_to_s3_to_snowflake.py
[2026-03-12T02:42:26.544+0000] {logging_mixin.py:188} INFO - [2026-03-12T02:42:26.543+0000] {dag.py:3036} INFO - Sync 1 DAGs
[2026-03-12T02:42:26.551+0000] {logging_mixin.py:188} INFO - [2026-03-12T02:42:26.551+0000] {dag.py:3823} INFO - Setting next_dagrun for schools_to_s3_to_snowflake to 2026-09-01 00:00:00+00:00, run_after=2027-09-01 00:00:00+00:00
[2026-03-12T02:42:26.557+0000] {processor.py:183} INFO - Processing /opt/airflow/dags/schools_to_s3_to_snowflake.py took 0.270 seconds
[2026-03-12T02:42:56.703+0000] {processor.py:161} INFO - Started process (PID=4192) to work on /opt/airflow/dags/schools_to_s3_to_snowflake.py
[2026-03-12T02:42:56.703+0000] {processor.py:830} INFO - Processing file /opt/airflow/dags/schools_to_s3_to_snowflake.py for tasks to queue
[2026-03-12T02:42:56.704+0000] {logging_mixin.py:188} INFO - [2026-03-12T02:42:56.704+0000] {dagbag.py:538} INFO - Filling up the DagBag from /opt/airflow/dags/schools_to_s3_to_snowflake.py
[2026-03-12T02:42:56.865+0000] {processor.py:840} INFO - DAG(s) 'schools_to_s3_to_snowflake' retrieved from /opt/airflow/dags/schools_to_s3_to_snowflake.py
[2026-03-12T02:42:56.873+0000] {logging_mixin.py:188} INFO - [2026-03-12T02:42:56.873+0000] {dag.py:3036} INFO - Sync 1 DAGs
[2026-03-12T02:42:56.880+0000] {logging_mixin.py:188} INFO - [2026-03-12T02:42:56.880+0000] {dag.py:3823} INFO - Setting next_dagrun for schools_to_s3_to_snowflake to 2026-09-01 00:00:00+00:00, run_after=2027-09-01 00:00:00+00:00
[2026-03-12T02:42:56.886+0000] {processor.py:183} INFO - Processing /opt/airflow/dags/schools_to_s3_to_snowflake.py took 0.184 seconds
[2026-03-12T02:43:27.167+0000] {processor.py:161} INFO - Started process (PID=4268) to work on /opt/airflow/dags/schools_to_s3_to_snowflake.py
[2026-03-12T02:43:27.169+0000] {processor.py:830} INFO - Processing file /opt/airflow/dags/schools_to_s3_to_snowflake.py for tasks to queue
[2026-03-12T02:43:27.170+0000] {logging_mixin.py:188} INFO - [2026-03-12T02:43:27.170+0000] {dagbag.py:538} INFO - Filling up the DagBag from /opt/airflow/dags/schools_to_s3_to_snowflake.py
[2026-03-12T02:43:27.349+0000] {processor.py:840} INFO - DAG(s) 'schools_to_s3_to_snowflake' retrieved from /opt/airflow/dags/schools_to_s3_to_snowflake.py
[2026-03-12T02:43:27.361+0000] {logging_mixin.py:188} INFO - [2026-03-12T02:43:27.360+0000] {dag.py:3036} INFO - Sync 1 DAGs
[2026-03-12T02:43:27.373+0000] {logging_mixin.py:188} INFO - [2026-03-12T02:43:27.372+0000] {dag.py:3823} INFO - Setting next_dagrun for schools_to_s3_to_snowflake to 2026-09-01 00:00:00+00:00, run_after=2027-09-01 00:00:00+00:00
[2026-03-12T02:43:27.389+0000] {processor.py:183} INFO - Processing /opt/airflow/dags/schools_to_s3_to_snowflake.py took 0.223 seconds
[2026-03-12T02:43:57.575+0000] {processor.py:161} INFO - Started process (PID=4345) to work on /opt/airflow/dags/schools_to_s3_to_snowflake.py
[2026-03-12T02:43:57.575+0000] {processor.py:830} INFO - Processing file /opt/airflow/dags/schools_to_s3_to_snowflake.py for tasks to queue
[2026-03-12T02:43:57.576+0000] {logging_mixin.py:188} INFO - [2026-03-12T02:43:57.576+0000] {dagbag.py:538} INFO - Filling up the DagBag from /opt/airflow/dags/schools_to_s3_to_snowflake.py
[2026-03-12T02:43:57.741+0000] {processor.py:840} INFO - DAG(s) 'schools_to_s3_to_snowflake' retrieved from /opt/airflow/dags/schools_to_s3_to_snowflake.py
[2026-03-12T02:43:57.749+0000] {logging_mixin.py:188} INFO - [2026-03-12T02:43:57.749+0000] {dag.py:3036} INFO - Sync 1 DAGs
[2026-03-12T02:43:57.756+0000] {logging_mixin.py:188} INFO - [2026-03-12T02:43:57.756+0000] {dag.py:3823} INFO - Setting next_dagrun for schools_to_s3_to_snowflake to 2026-09-01 00:00:00+00:00, run_after=2027-09-01 00:00:00+00:00
[2026-03-12T02:43:57.762+0000] {processor.py:183} INFO - Processing /opt/airflow/dags/schools_to_s3_to_snowflake.py took 0.188 seconds
[2026-03-12T02:44:28.013+0000] {processor.py:161} INFO - Started process (PID=4421) to work on /opt/airflow/dags/schools_to_s3_to_snowflake.py
[2026-03-12T02:44:28.014+0000] {processor.py:830} INFO - Processing file /opt/airflow/dags/schools_to_s3_to_snowflake.py for tasks to queue
[2026-03-12T02:44:28.015+0000] {logging_mixin.py:188} INFO - [2026-03-12T02:44:28.015+0000] {dagbag.py:538} INFO - Filling up the DagBag from /opt/airflow/dags/schools_to_s3_to_snowflake.py
[2026-03-12T02:44:28.186+0000] {processor.py:840} INFO - DAG(s) 'schools_to_s3_to_snowflake' retrieved from /opt/airflow/dags/schools_to_s3_to_snowflake.py
[2026-03-12T02:44:28.198+0000] {logging_mixin.py:188} INFO - [2026-03-12T02:44:28.198+0000] {dag.py:3036} INFO - Sync 1 DAGs
[2026-03-12T02:44:28.207+0000] {logging_mixin.py:188} INFO - [2026-03-12T02:44:28.207+0000] {dag.py:3823} INFO - Setting next_dagrun for schools_to_s3_to_snowflake to 2026-09-01 00:00:00+00:00, run_after=2027-09-01 00:00:00+00:00
[2026-03-12T02:44:28.215+0000] {processor.py:183} INFO - Processing /opt/airflow/dags/schools_to_s3_to_snowflake.py took 0.204 seconds
[2026-03-12T02:44:58.425+0000] {processor.py:161} INFO - Started process (PID=4497) to work on /opt/airflow/dags/schools_to_s3_to_snowflake.py
[2026-03-12T02:44:58.425+0000] {processor.py:830} INFO - Processing file /opt/airflow/dags/schools_to_s3_to_snowflake.py for tasks to queue
[2026-03-12T02:44:58.426+0000] {logging_mixin.py:188} INFO - [2026-03-12T02:44:58.426+0000] {dagbag.py:538} INFO - Filling up the DagBag from /opt/airflow/dags/schools_to_s3_to_snowflake.py
[2026-03-12T02:44:58.613+0000] {processor.py:840} INFO - DAG(s) 'schools_to_s3_to_snowflake' retrieved from /opt/airflow/dags/schools_to_s3_to_snowflake.py
[2026-03-12T02:44:58.625+0000] {logging_mixin.py:188} INFO - [2026-03-12T02:44:58.624+0000] {dag.py:3036} INFO - Sync 1 DAGs
[2026-03-12T02:44:58.632+0000] {logging_mixin.py:188} INFO - [2026-03-12T02:44:58.632+0000] {dag.py:3823} INFO - Setting next_dagrun for schools_to_s3_to_snowflake to 2026-09-01 00:00:00+00:00, run_after=2027-09-01 00:00:00+00:00
[2026-03-12T02:44:58.638+0000] {processor.py:183} INFO - Processing /opt/airflow/dags/schools_to_s3_to_snowflake.py took 0.215 seconds
[2026-03-12T02:45:28.828+0000] {processor.py:161} INFO - Started process (PID=4573) to work on /opt/airflow/dags/schools_to_s3_to_snowflake.py
[2026-03-12T02:45:28.828+0000] {processor.py:830} INFO - Processing file /opt/airflow/dags/schools_to_s3_to_snowflake.py for tasks to queue
[2026-03-12T02:45:28.829+0000] {logging_mixin.py:188} INFO - [2026-03-12T02:45:28.829+0000] {dagbag.py:538} INFO - Filling up the DagBag from /opt/airflow/dags/schools_to_s3_to_snowflake.py
[2026-03-12T02:45:29.005+0000] {processor.py:840} INFO - DAG(s) 'schools_to_s3_to_snowflake' retrieved from /opt/airflow/dags/schools_to_s3_to_snowflake.py
[2026-03-12T02:45:29.020+0000] {logging_mixin.py:188} INFO - [2026-03-12T02:45:29.020+0000] {dag.py:3036} INFO - Sync 1 DAGs
[2026-03-12T02:45:29.030+0000] {logging_mixin.py:188} INFO - [2026-03-12T02:45:29.030+0000] {dag.py:3823} INFO - Setting next_dagrun for schools_to_s3_to_snowflake to 2026-09-01 00:00:00+00:00, run_after=2027-09-01 00:00:00+00:00
[2026-03-12T02:45:29.035+0000] {processor.py:183} INFO - Processing /opt/airflow/dags/schools_to_s3_to_snowflake.py took 0.209 seconds
[2026-03-12T02:45:59.297+0000] {processor.py:161} INFO - Started process (PID=4649) to work on /opt/airflow/dags/schools_to_s3_to_snowflake.py
[2026-03-12T02:45:59.298+0000] {processor.py:830} INFO - Processing file /opt/airflow/dags/schools_to_s3_to_snowflake.py for tasks to queue
[2026-03-12T02:45:59.299+0000] {logging_mixin.py:188} INFO - [2026-03-12T02:45:59.298+0000] {dagbag.py:538} INFO - Filling up the DagBag from /opt/airflow/dags/schools_to_s3_to_snowflake.py
[2026-03-12T02:45:59.470+0000] {processor.py:840} INFO - DAG(s) 'schools_to_s3_to_snowflake' retrieved from /opt/airflow/dags/schools_to_s3_to_snowflake.py
[2026-03-12T02:45:59.483+0000] {logging_mixin.py:188} INFO - [2026-03-12T02:45:59.483+0000] {dag.py:3036} INFO - Sync 1 DAGs
[2026-03-12T02:45:59.490+0000] {logging_mixin.py:188} INFO - [2026-03-12T02:45:59.490+0000] {dag.py:3823} INFO - Setting next_dagrun for schools_to_s3_to_snowflake to 2026-09-01 00:00:00+00:00, run_after=2027-09-01 00:00:00+00:00
[2026-03-12T02:45:59.497+0000] {processor.py:183} INFO - Processing /opt/airflow/dags/schools_to_s3_to_snowflake.py took 0.201 seconds
[2026-03-12T02:46:29.882+0000] {processor.py:161} INFO - Started process (PID=4724) to work on /opt/airflow/dags/schools_to_s3_to_snowflake.py
[2026-03-12T02:46:29.883+0000] {processor.py:830} INFO - Processing file /opt/airflow/dags/schools_to_s3_to_snowflake.py for tasks to queue
[2026-03-12T02:46:29.884+0000] {logging_mixin.py:188} INFO - [2026-03-12T02:46:29.884+0000] {dagbag.py:538} INFO - Filling up the DagBag from /opt/airflow/dags/schools_to_s3_to_snowflake.py
[2026-03-12T02:46:30.053+0000] {processor.py:840} INFO - DAG(s) 'schools_to_s3_to_snowflake' retrieved from /opt/airflow/dags/schools_to_s3_to_snowflake.py
[2026-03-12T02:46:30.062+0000] {logging_mixin.py:188} INFO - [2026-03-12T02:46:30.062+0000] {dag.py:3036} INFO - Sync 1 DAGs
[2026-03-12T02:46:30.072+0000] {logging_mixin.py:188} INFO - [2026-03-12T02:46:30.072+0000] {dag.py:3823} INFO - Setting next_dagrun for schools_to_s3_to_snowflake to 2026-09-01 00:00:00+00:00, run_after=2027-09-01 00:00:00+00:00
[2026-03-12T02:46:30.079+0000] {processor.py:183} INFO - Processing /opt/airflow/dags/schools_to_s3_to_snowflake.py took 0.199 seconds
[2026-03-12T02:47:00.679+0000] {processor.py:161} INFO - Started process (PID=4801) to work on /opt/airflow/dags/schools_to_s3_to_snowflake.py
[2026-03-12T02:47:00.680+0000] {processor.py:830} INFO - Processing file /opt/airflow/dags/schools_to_s3_to_snowflake.py for tasks to queue
[2026-03-12T02:47:00.681+0000] {logging_mixin.py:188} INFO - [2026-03-12T02:47:00.680+0000] {dagbag.py:538} INFO - Filling up the DagBag from /opt/airflow/dags/schools_to_s3_to_snowflake.py
[2026-03-12T02:47:00.924+0000] {processor.py:840} INFO - DAG(s) 'schools_to_s3_to_snowflake' retrieved from /opt/airflow/dags/schools_to_s3_to_snowflake.py
[2026-03-12T02:47:00.933+0000] {logging_mixin.py:188} INFO - [2026-03-12T02:47:00.933+0000] {dag.py:3036} INFO - Sync 1 DAGs
[2026-03-12T02:47:00.942+0000] {logging_mixin.py:188} INFO - [2026-03-12T02:47:00.941+0000] {dag.py:3823} INFO - Setting next_dagrun for schools_to_s3_to_snowflake to 2026-09-01 00:00:00+00:00, run_after=2027-09-01 00:00:00+00:00
[2026-03-12T02:47:00.950+0000] {processor.py:183} INFO - Processing /opt/airflow/dags/schools_to_s3_to_snowflake.py took 0.272 seconds
[2026-03-12T02:47:31.380+0000] {processor.py:161} INFO - Started process (PID=4877) to work on /opt/airflow/dags/schools_to_s3_to_snowflake.py
[2026-03-12T02:47:31.381+0000] {processor.py:830} INFO - Processing file /opt/airflow/dags/schools_to_s3_to_snowflake.py for tasks to queue
[2026-03-12T02:47:31.381+0000] {logging_mixin.py:188} INFO - [2026-03-12T02:47:31.381+0000] {dagbag.py:538} INFO - Filling up the DagBag from /opt/airflow/dags/schools_to_s3_to_snowflake.py
[2026-03-12T02:47:31.601+0000] {processor.py:840} INFO - DAG(s) 'schools_to_s3_to_snowflake' retrieved from /opt/airflow/dags/schools_to_s3_to_snowflake.py
[2026-03-12T02:47:31.607+0000] {logging_mixin.py:188} INFO - [2026-03-12T02:47:31.607+0000] {dag.py:3036} INFO - Sync 1 DAGs
[2026-03-12T02:47:31.613+0000] {logging_mixin.py:188} INFO - [2026-03-12T02:47:31.613+0000] {dag.py:3823} INFO - Setting next_dagrun for schools_to_s3_to_snowflake to 2026-09-01 00:00:00+00:00, run_after=2027-09-01 00:00:00+00:00
[2026-03-12T02:47:31.618+0000] {processor.py:183} INFO - Processing /opt/airflow/dags/schools_to_s3_to_snowflake.py took 0.240 seconds
[2026-03-12T02:48:01.751+0000] {processor.py:161} INFO - Started process (PID=4953) to work on /opt/airflow/dags/schools_to_s3_to_snowflake.py
[2026-03-12T02:48:01.751+0000] {processor.py:830} INFO - Processing file /opt/airflow/dags/schools_to_s3_to_snowflake.py for tasks to queue
[2026-03-12T02:48:01.752+0000] {logging_mixin.py:188} INFO - [2026-03-12T02:48:01.752+0000] {dagbag.py:538} INFO - Filling up the DagBag from /opt/airflow/dags/schools_to_s3_to_snowflake.py
[2026-03-12T02:48:01.978+0000] {processor.py:840} INFO - DAG(s) 'schools_to_s3_to_snowflake' retrieved from /opt/airflow/dags/schools_to_s3_to_snowflake.py
[2026-03-12T02:48:01.984+0000] {logging_mixin.py:188} INFO - [2026-03-12T02:48:01.984+0000] {dag.py:3036} INFO - Sync 1 DAGs
[2026-03-12T02:48:01.991+0000] {logging_mixin.py:188} INFO - [2026-03-12T02:48:01.991+0000] {dag.py:3823} INFO - Setting next_dagrun for schools_to_s3_to_snowflake to 2026-09-01 00:00:00+00:00, run_after=2027-09-01 00:00:00+00:00
[2026-03-12T02:48:01.996+0000] {processor.py:183} INFO - Processing /opt/airflow/dags/schools_to_s3_to_snowflake.py took 0.247 seconds
[2026-03-12T02:48:32.818+0000] {processor.py:161} INFO - Started process (PID=5028) to work on /opt/airflow/dags/schools_to_s3_to_snowflake.py
[2026-03-12T02:48:32.819+0000] {processor.py:830} INFO - Processing file /opt/airflow/dags/schools_to_s3_to_snowflake.py for tasks to queue
[2026-03-12T02:48:32.820+0000] {logging_mixin.py:188} INFO - [2026-03-12T02:48:32.820+0000] {dagbag.py:538} INFO - Filling up the DagBag from /opt/airflow/dags/schools_to_s3_to_snowflake.py
[2026-03-12T02:48:33.064+0000] {processor.py:840} INFO - DAG(s) 'schools_to_s3_to_snowflake' retrieved from /opt/airflow/dags/schools_to_s3_to_snowflake.py
[2026-03-12T02:48:33.074+0000] {logging_mixin.py:188} INFO - [2026-03-12T02:48:33.073+0000] {dag.py:3036} INFO - Sync 1 DAGs
[2026-03-12T02:48:33.095+0000] {logging_mixin.py:188} INFO - [2026-03-12T02:48:33.095+0000] {dag.py:3823} INFO - Setting next_dagrun for schools_to_s3_to_snowflake to 2026-09-01 00:00:00+00:00, run_after=2027-09-01 00:00:00+00:00
[2026-03-12T02:48:33.101+0000] {processor.py:183} INFO - Processing /opt/airflow/dags/schools_to_s3_to_snowflake.py took 0.285 seconds
[2026-03-12T02:49:04.124+0000] {processor.py:161} INFO - Started process (PID=5104) to work on /opt/airflow/dags/schools_to_s3_to_snowflake.py
[2026-03-12T02:49:04.125+0000] {processor.py:830} INFO - Processing file /opt/airflow/dags/schools_to_s3_to_snowflake.py for tasks to queue
[2026-03-12T02:49:04.126+0000] {logging_mixin.py:188} INFO - [2026-03-12T02:49:04.126+0000] {dagbag.py:538} INFO - Filling up the DagBag from /opt/airflow/dags/schools_to_s3_to_snowflake.py
[2026-03-12T02:49:04.387+0000] {processor.py:840} INFO - DAG(s) 'schools_to_s3_to_snowflake' retrieved from /opt/airflow/dags/schools_to_s3_to_snowflake.py
[2026-03-12T02:49:04.396+0000] {logging_mixin.py:188} INFO - [2026-03-12T02:49:04.396+0000] {dag.py:3036} INFO - Sync 1 DAGs
[2026-03-12T02:49:04.406+0000] {logging_mixin.py:188} INFO - [2026-03-12T02:49:04.406+0000] {dag.py:3823} INFO - Setting next_dagrun for schools_to_s3_to_snowflake to 2026-09-01 00:00:00+00:00, run_after=2027-09-01 00:00:00+00:00
[2026-03-12T02:49:04.415+0000] {processor.py:183} INFO - Processing /opt/airflow/dags/schools_to_s3_to_snowflake.py took 0.292 seconds
[2026-03-12T02:49:34.672+0000] {processor.py:161} INFO - Started process (PID=5180) to work on /opt/airflow/dags/schools_to_s3_to_snowflake.py
[2026-03-12T02:49:34.673+0000] {processor.py:830} INFO - Processing file /opt/airflow/dags/schools_to_s3_to_snowflake.py for tasks to queue
[2026-03-12T02:49:34.674+0000] {logging_mixin.py:188} INFO - [2026-03-12T02:49:34.674+0000] {dagbag.py:538} INFO - Filling up the DagBag from /opt/airflow/dags/schools_to_s3_to_snowflake.py
[2026-03-12T02:49:34.930+0000] {processor.py:840} INFO - DAG(s) 'schools_to_s3_to_snowflake' retrieved from /opt/airflow/dags/schools_to_s3_to_snowflake.py
[2026-03-12T02:49:34.938+0000] {logging_mixin.py:188} INFO - [2026-03-12T02:49:34.938+0000] {dag.py:3036} INFO - Sync 1 DAGs
[2026-03-12T02:49:34.949+0000] {logging_mixin.py:188} INFO - [2026-03-12T02:49:34.949+0000] {dag.py:3823} INFO - Setting next_dagrun for schools_to_s3_to_snowflake to 2026-09-01 00:00:00+00:00, run_after=2027-09-01 00:00:00+00:00
[2026-03-12T02:49:34.959+0000] {processor.py:183} INFO - Processing /opt/airflow/dags/schools_to_s3_to_snowflake.py took 0.289 seconds
