[2026-02-20T02:49:43.592+0000] {taskinstance.py:1956} INFO - Dependencies all met for dep_context=non-requeueable deps ti=<TaskInstance: housing_api_to_s3_to_snowflake.load_to_snowflake manual__2026-02-20T02:49:06.673545+00:00 [queued]>
[2026-02-20T02:49:43.594+0000] {taskinstance.py:1956} INFO - Dependencies all met for dep_context=requeueable deps ti=<TaskInstance: housing_api_to_s3_to_snowflake.load_to_snowflake manual__2026-02-20T02:49:06.673545+00:00 [queued]>
[2026-02-20T02:49:43.594+0000] {taskinstance.py:2170} INFO - Starting attempt 1 of 2
[2026-02-20T02:49:43.599+0000] {taskinstance.py:2191} INFO - Executing <Task(PythonOperator): load_to_snowflake> on 2026-02-20 02:49:06.673545+00:00
[2026-02-20T02:49:43.601+0000] {standard_task_runner.py:60} INFO - Started process 3773 to run task
[2026-02-20T02:49:43.603+0000] {standard_task_runner.py:87} INFO - Running: ['***', 'tasks', 'run', 'housing_api_to_s3_to_snowflake', 'load_to_snowflake', 'manual__2026-02-20T02:49:06.673545+00:00', '--job-id', '171', '--raw', '--subdir', 'DAGS_FOLDER/housing_api_ro_s3_to_snowflake.py', '--cfg-path', '/tmp/tmps_1ipu9m']
[2026-02-20T02:49:43.604+0000] {standard_task_runner.py:88} INFO - Job 171: Subtask load_to_snowflake
[2026-02-20T02:49:43.623+0000] {task_command.py:423} INFO - Running <TaskInstance: housing_api_to_s3_to_snowflake.load_to_snowflake manual__2026-02-20T02:49:06.673545+00:00 [running]> on host 6f9247237071
[2026-02-20T02:49:43.649+0000] {taskinstance.py:2480} INFO - Exporting env vars: AIRFLOW_CTX_DAG_OWNER='***' AIRFLOW_CTX_DAG_ID='housing_api_to_s3_to_snowflake' AIRFLOW_CTX_TASK_ID='load_to_snowflake' AIRFLOW_CTX_EXECUTION_DATE='2026-02-20T02:49:06.673545+00:00' AIRFLOW_CTX_TRY_NUMBER='1' AIRFLOW_CTX_DAG_RUN_ID='manual__2026-02-20T02:49:06.673545+00:00'
[2026-02-20T02:49:43.657+0000] {base.py:83} INFO - Using connection ID 'aws_default' for task execution.
[2026-02-20T02:49:43.657+0000] {connection.py:370} INFO - Snowflake Connector for Python Version: 3.6.0, Python Version: 3.8.18, Platform: Linux-6.12.67-linuxkit-aarch64-with-glibc2.34
[2026-02-20T02:49:43.657+0000] {connection.py:1171} INFO - This connection is in OCSP Fail Open Mode. TLS Certificates would be checked for validity and revocation status. Any other Certificate Revocation related exceptions or OCSP Responder failures would be disregarded in favor of connectivity.
[2026-02-20T02:49:43.657+0000] {connection.py:1181} INFO - THIS CONNECTION IS IN INSECURE MODE. IT MEANS THE CERTIFICATE WILL BE VALIDATED BUT THE CERTIFICATE REVOCATION STATUS WILL NOT BE CHECKED.
[2026-02-20T02:49:43.892+0000] {ssl_wrap_socket.py:100} INFO - THIS CONNECTION IS IN INSECURE MODE. IT MEANS THE CERTIFICATE WILL BE VALIDATED BUT THE CERTIFICATE REVOCATION STATUS WILL NOT BE CHECKED.
[2026-02-20T02:49:44.252+0000] {logging_mixin.py:188} INFO - Setting schema to STAGE...
[2026-02-20T02:49:44.253+0000] {cursor.py:1028} INFO - query: [USE SCHEMA NEIGHBOURWISE_DOMAINS.STAGE]
[2026-02-20T02:49:44.442+0000] {cursor.py:1041} INFO - query execution done
[2026-02-20T02:49:44.444+0000] {cursor.py:1205} INFO - Number of results in first chunk: 1
[2026-02-20T02:49:44.444+0000] {logging_mixin.py:188} INFO - Creating temporary staging table...
[2026-02-20T02:49:44.445+0000] {cursor.py:1028} INFO - query: [CREATE OR REPLACE TEMPORARY TABLE HOUSING_TEMP LIKE NEIGHBOURWISE_DOMAINS.STAGE....]
[2026-02-20T02:49:44.984+0000] {cursor.py:1041} INFO - query execution done
[2026-02-20T02:49:44.985+0000] {cursor.py:1205} INFO - Number of results in first chunk: 1
[2026-02-20T02:49:44.985+0000] {logging_mixin.py:188} INFO - Loading data from s3://neighborwise-ai-s3-bucket/housing/housing_20260220T024906.csv into temp table
[2026-02-20T02:49:44.986+0000] {cursor.py:1028} INFO - query: [COPY INTO HOUSING_TEMP (_ID, PID, CM_ID, GIS_ID, ST_NUM, ST_NUM2, ST_NAME, UNIT_...]
[2026-02-20T02:50:43.511+0000] {cursor.py:1041} INFO - query execution done
[2026-02-20T02:50:43.514+0000] {cursor.py:1205} INFO - Number of results in first chunk: 1
[2026-02-20T02:50:43.514+0000] {cursor.py:1028} INFO - query: [SELECT COUNT(*) FROM HOUSING_TEMP]
[2026-02-20T02:50:43.996+0000] {cursor.py:1041} INFO - query execution done
[2026-02-20T02:50:43.997+0000] {cursor.py:1205} INFO - Number of results in first chunk: 1
[2026-02-20T02:50:43.999+0000] {logging_mixin.py:188} INFO - Records loaded into HOUSING_TEMP: 0
[2026-02-20T02:50:44.000+0000] {cursor.py:1028} INFO - query: [SELECT * FROM HOUSING_TEMP LIMIT 5]
[2026-02-20T02:50:44.336+0000] {cursor.py:1041} INFO - query execution done
[2026-02-20T02:50:44.338+0000] {cursor.py:1205} INFO - Number of results in first chunk: 0
[2026-02-20T02:50:44.339+0000] {logging_mixin.py:188} INFO - Sample from HOUSING_TEMP: []
[2026-02-20T02:50:44.339+0000] {logging_mixin.py:188} INFO - Truncating main table for full reload...
[2026-02-20T02:50:44.339+0000] {cursor.py:1028} INFO - query: [TRUNCATE TABLE STG_BOSTON_HOUSING]
[2026-02-20T02:50:44.806+0000] {cursor.py:1041} INFO - query execution done
[2026-02-20T02:50:44.807+0000] {cursor.py:1205} INFO - Number of results in first chunk: 1
[2026-02-20T02:50:44.808+0000] {logging_mixin.py:188} INFO - Inserting housing records into main table...
[2026-02-20T02:50:44.808+0000] {cursor.py:1028} INFO - query: [INSERT INTO STG_BOSTON_HOUSING SELECT * FROM HOUSING_TEMP;]
[2026-02-20T02:50:45.437+0000] {cursor.py:1041} INFO - query execution done
[2026-02-20T02:50:45.438+0000] {cursor.py:1028} INFO - query: [SELECT COUNT(*) FROM NEIGHBOURWISE_DOMAINS.STAGE.STG_BOSTON_HOUSING]
[2026-02-20T02:50:45.644+0000] {cursor.py:1041} INFO - query execution done
[2026-02-20T02:50:45.644+0000] {cursor.py:1205} INFO - Number of results in first chunk: 1
[2026-02-20T02:50:45.645+0000] {logging_mixin.py:188} INFO - Total housing records in table: 0
[2026-02-20T02:50:45.645+0000] {connection.py:718} INFO - closed
[2026-02-20T02:50:45.756+0000] {connection.py:724} INFO - No async queries seem to be running, deleting session
[2026-02-20T02:50:45.899+0000] {python.py:201} INFO - Done. Returned value was: {'status': 'success', 'total_records': 0}
[2026-02-20T02:50:45.928+0000] {taskinstance.py:1138} INFO - Marking task as SUCCESS. dag_id=housing_api_to_s3_to_snowflake, task_id=load_to_snowflake, execution_date=20260220T024906, start_date=20260220T024943, end_date=20260220T025045
[2026-02-20T02:50:45.982+0000] {local_task_job_runner.py:234} INFO - Task exited with return code 0
[2026-02-20T02:50:45.997+0000] {taskinstance.py:3280} INFO - 0 downstream tasks scheduled from follow-on schedule check
