[2026-02-17T23:30:33.633+0000] {processor.py:161} INFO - Started process (PID=61) to work on /opt/airflow/dags/boston_api_to_s3.py
[2026-02-17T23:30:33.634+0000] {processor.py:830} INFO - Processing file /opt/airflow/dags/boston_api_to_s3.py for tasks to queue
[2026-02-17T23:30:33.638+0000] {logging_mixin.py:188} INFO - [2026-02-17T23:30:33.638+0000] {dagbag.py:538} INFO - Filling up the DagBag from /opt/airflow/dags/boston_api_to_s3.py
[2026-02-17T23:30:33.655+0000] {processor.py:840} INFO - DAG(s) 'boston_api_to_s3' retrieved from /opt/airflow/dags/boston_api_to_s3.py
[2026-02-17T23:30:33.851+0000] {logging_mixin.py:188} INFO - [2026-02-17T23:30:33.851+0000] {override.py:1769} INFO - Created Permission View: can delete on DAG:boston_api_to_s3
[2026-02-17T23:30:33.863+0000] {logging_mixin.py:188} INFO - [2026-02-17T23:30:33.862+0000] {override.py:1769} INFO - Created Permission View: can read on DAG:boston_api_to_s3
[2026-02-17T23:30:33.871+0000] {logging_mixin.py:188} INFO - [2026-02-17T23:30:33.870+0000] {override.py:1769} INFO - Created Permission View: can edit on DAG:boston_api_to_s3
[2026-02-17T23:30:33.871+0000] {logging_mixin.py:188} INFO - [2026-02-17T23:30:33.871+0000] {dag.py:3036} INFO - Sync 1 DAGs
[2026-02-17T23:30:33.881+0000] {logging_mixin.py:188} INFO - [2026-02-17T23:30:33.881+0000] {dag.py:3058} INFO - Creating ORM DAG for boston_api_to_s3
[2026-02-17T23:30:33.881+0000] {logging_mixin.py:188} INFO - [2026-02-17T23:30:33.881+0000] {dag.py:3823} INFO - Setting next_dagrun for boston_api_to_s3 to None, run_after=None
[2026-02-17T23:30:33.908+0000] {processor.py:183} INFO - Processing /opt/airflow/dags/boston_api_to_s3.py took 0.278 seconds
[2026-02-17T23:31:04.000+0000] {processor.py:161} INFO - Started process (PID=119) to work on /opt/airflow/dags/boston_api_to_s3.py
[2026-02-17T23:31:04.001+0000] {processor.py:830} INFO - Processing file /opt/airflow/dags/boston_api_to_s3.py for tasks to queue
[2026-02-17T23:31:04.002+0000] {logging_mixin.py:188} INFO - [2026-02-17T23:31:04.002+0000] {dagbag.py:538} INFO - Filling up the DagBag from /opt/airflow/dags/boston_api_to_s3.py
[2026-02-17T23:31:04.007+0000] {processor.py:840} INFO - DAG(s) 'boston_api_to_s3' retrieved from /opt/airflow/dags/boston_api_to_s3.py
[2026-02-17T23:31:04.021+0000] {logging_mixin.py:188} INFO - [2026-02-17T23:31:04.021+0000] {dag.py:3036} INFO - Sync 1 DAGs
[2026-02-17T23:31:04.028+0000] {logging_mixin.py:188} INFO - [2026-02-17T23:31:04.028+0000] {dag.py:3823} INFO - Setting next_dagrun for boston_api_to_s3 to None, run_after=None
[2026-02-17T23:31:04.041+0000] {processor.py:183} INFO - Processing /opt/airflow/dags/boston_api_to_s3.py took 0.043 seconds
[2026-02-17T23:31:34.218+0000] {processor.py:161} INFO - Started process (PID=173) to work on /opt/airflow/dags/boston_api_to_s3.py
[2026-02-17T23:31:34.221+0000] {processor.py:830} INFO - Processing file /opt/airflow/dags/boston_api_to_s3.py for tasks to queue
[2026-02-17T23:31:34.225+0000] {logging_mixin.py:188} INFO - [2026-02-17T23:31:34.225+0000] {dagbag.py:538} INFO - Filling up the DagBag from /opt/airflow/dags/boston_api_to_s3.py
[2026-02-17T23:31:34.235+0000] {processor.py:840} INFO - DAG(s) 'boston_api_to_s3' retrieved from /opt/airflow/dags/boston_api_to_s3.py
[2026-02-17T23:31:34.258+0000] {logging_mixin.py:188} INFO - [2026-02-17T23:31:34.257+0000] {dag.py:3036} INFO - Sync 1 DAGs
[2026-02-17T23:31:34.267+0000] {logging_mixin.py:188} INFO - [2026-02-17T23:31:34.267+0000] {dag.py:3823} INFO - Setting next_dagrun for boston_api_to_s3 to None, run_after=None
[2026-02-17T23:31:34.278+0000] {processor.py:183} INFO - Processing /opt/airflow/dags/boston_api_to_s3.py took 0.069 seconds
[2026-02-17T23:32:04.805+0000] {processor.py:161} INFO - Started process (PID=235) to work on /opt/airflow/dags/boston_api_to_s3.py
[2026-02-17T23:32:04.808+0000] {processor.py:830} INFO - Processing file /opt/airflow/dags/boston_api_to_s3.py for tasks to queue
[2026-02-17T23:32:04.812+0000] {logging_mixin.py:188} INFO - [2026-02-17T23:32:04.812+0000] {dagbag.py:538} INFO - Filling up the DagBag from /opt/airflow/dags/boston_api_to_s3.py
[2026-02-17T23:32:04.823+0000] {processor.py:840} INFO - DAG(s) 'boston_api_to_s3' retrieved from /opt/airflow/dags/boston_api_to_s3.py
[2026-02-17T23:32:04.851+0000] {logging_mixin.py:188} INFO - [2026-02-17T23:32:04.851+0000] {dag.py:3036} INFO - Sync 1 DAGs
[2026-02-17T23:32:04.858+0000] {logging_mixin.py:188} INFO - [2026-02-17T23:32:04.858+0000] {dag.py:3823} INFO - Setting next_dagrun for boston_api_to_s3 to None, run_after=None
[2026-02-17T23:32:04.865+0000] {processor.py:183} INFO - Processing /opt/airflow/dags/boston_api_to_s3.py took 0.065 seconds
[2026-02-17T23:32:35.295+0000] {processor.py:161} INFO - Started process (PID=291) to work on /opt/airflow/dags/boston_api_to_s3.py
[2026-02-17T23:32:35.298+0000] {processor.py:830} INFO - Processing file /opt/airflow/dags/boston_api_to_s3.py for tasks to queue
[2026-02-17T23:32:35.300+0000] {logging_mixin.py:188} INFO - [2026-02-17T23:32:35.300+0000] {dagbag.py:538} INFO - Filling up the DagBag from /opt/airflow/dags/boston_api_to_s3.py
[2026-02-17T23:32:35.311+0000] {processor.py:840} INFO - DAG(s) 'boston_api_to_s3' retrieved from /opt/airflow/dags/boston_api_to_s3.py
[2026-02-17T23:32:35.335+0000] {logging_mixin.py:188} INFO - [2026-02-17T23:32:35.334+0000] {dag.py:3036} INFO - Sync 1 DAGs
[2026-02-17T23:32:35.343+0000] {logging_mixin.py:188} INFO - [2026-02-17T23:32:35.343+0000] {dag.py:3823} INFO - Setting next_dagrun for boston_api_to_s3 to None, run_after=None
[2026-02-17T23:32:35.353+0000] {processor.py:183} INFO - Processing /opt/airflow/dags/boston_api_to_s3.py took 0.065 seconds
[2026-02-17T23:33:05.930+0000] {processor.py:161} INFO - Started process (PID=347) to work on /opt/airflow/dags/boston_api_to_s3.py
[2026-02-17T23:33:05.932+0000] {processor.py:830} INFO - Processing file /opt/airflow/dags/boston_api_to_s3.py for tasks to queue
[2026-02-17T23:33:05.935+0000] {logging_mixin.py:188} INFO - [2026-02-17T23:33:05.934+0000] {dagbag.py:538} INFO - Filling up the DagBag from /opt/airflow/dags/boston_api_to_s3.py
[2026-02-17T23:33:05.944+0000] {processor.py:840} INFO - DAG(s) 'boston_api_to_s3' retrieved from /opt/airflow/dags/boston_api_to_s3.py
[2026-02-17T23:33:05.964+0000] {logging_mixin.py:188} INFO - [2026-02-17T23:33:05.964+0000] {dag.py:3036} INFO - Sync 1 DAGs
[2026-02-17T23:33:05.974+0000] {logging_mixin.py:188} INFO - [2026-02-17T23:33:05.974+0000] {dag.py:3823} INFO - Setting next_dagrun for boston_api_to_s3 to None, run_after=None
[2026-02-17T23:33:05.987+0000] {processor.py:183} INFO - Processing /opt/airflow/dags/boston_api_to_s3.py took 0.078 seconds
[2026-02-17T23:33:36.528+0000] {processor.py:161} INFO - Started process (PID=403) to work on /opt/airflow/dags/boston_api_to_s3.py
[2026-02-17T23:33:36.530+0000] {processor.py:830} INFO - Processing file /opt/airflow/dags/boston_api_to_s3.py for tasks to queue
[2026-02-17T23:33:36.536+0000] {logging_mixin.py:188} INFO - [2026-02-17T23:33:36.536+0000] {dagbag.py:538} INFO - Filling up the DagBag from /opt/airflow/dags/boston_api_to_s3.py
[2026-02-17T23:33:36.546+0000] {processor.py:840} INFO - DAG(s) 'boston_api_to_s3' retrieved from /opt/airflow/dags/boston_api_to_s3.py
[2026-02-17T23:33:36.574+0000] {logging_mixin.py:188} INFO - [2026-02-17T23:33:36.573+0000] {dag.py:3036} INFO - Sync 1 DAGs
[2026-02-17T23:33:36.584+0000] {logging_mixin.py:188} INFO - [2026-02-17T23:33:36.584+0000] {dag.py:3823} INFO - Setting next_dagrun for boston_api_to_s3 to None, run_after=None
[2026-02-17T23:33:36.599+0000] {processor.py:183} INFO - Processing /opt/airflow/dags/boston_api_to_s3.py took 0.080 seconds
[2026-02-17T23:34:07.047+0000] {processor.py:161} INFO - Started process (PID=459) to work on /opt/airflow/dags/boston_api_to_s3.py
[2026-02-17T23:34:07.049+0000] {processor.py:830} INFO - Processing file /opt/airflow/dags/boston_api_to_s3.py for tasks to queue
[2026-02-17T23:34:07.052+0000] {logging_mixin.py:188} INFO - [2026-02-17T23:34:07.052+0000] {dagbag.py:538} INFO - Filling up the DagBag from /opt/airflow/dags/boston_api_to_s3.py
[2026-02-17T23:34:07.060+0000] {processor.py:840} INFO - DAG(s) 'boston_api_to_s3' retrieved from /opt/airflow/dags/boston_api_to_s3.py
[2026-02-17T23:34:07.087+0000] {logging_mixin.py:188} INFO - [2026-02-17T23:34:07.087+0000] {dag.py:3036} INFO - Sync 1 DAGs
[2026-02-17T23:34:07.095+0000] {logging_mixin.py:188} INFO - [2026-02-17T23:34:07.095+0000] {dag.py:3823} INFO - Setting next_dagrun for boston_api_to_s3 to None, run_after=None
[2026-02-17T23:34:07.106+0000] {processor.py:183} INFO - Processing /opt/airflow/dags/boston_api_to_s3.py took 0.070 seconds
[2026-02-17T23:34:37.525+0000] {processor.py:161} INFO - Started process (PID=515) to work on /opt/airflow/dags/boston_api_to_s3.py
[2026-02-17T23:34:37.527+0000] {processor.py:830} INFO - Processing file /opt/airflow/dags/boston_api_to_s3.py for tasks to queue
[2026-02-17T23:34:37.530+0000] {logging_mixin.py:188} INFO - [2026-02-17T23:34:37.529+0000] {dagbag.py:538} INFO - Filling up the DagBag from /opt/airflow/dags/boston_api_to_s3.py
[2026-02-17T23:34:37.538+0000] {processor.py:840} INFO - DAG(s) 'boston_api_to_s3' retrieved from /opt/airflow/dags/boston_api_to_s3.py
[2026-02-17T23:34:37.560+0000] {logging_mixin.py:188} INFO - [2026-02-17T23:34:37.560+0000] {dag.py:3036} INFO - Sync 1 DAGs
[2026-02-17T23:34:37.572+0000] {logging_mixin.py:188} INFO - [2026-02-17T23:34:37.572+0000] {dag.py:3823} INFO - Setting next_dagrun for boston_api_to_s3 to None, run_after=None
[2026-02-17T23:34:37.594+0000] {processor.py:183} INFO - Processing /opt/airflow/dags/boston_api_to_s3.py took 0.075 seconds
[2026-02-17T23:35:08.097+0000] {processor.py:161} INFO - Started process (PID=571) to work on /opt/airflow/dags/boston_api_to_s3.py
[2026-02-17T23:35:08.099+0000] {processor.py:830} INFO - Processing file /opt/airflow/dags/boston_api_to_s3.py for tasks to queue
[2026-02-17T23:35:08.105+0000] {logging_mixin.py:188} INFO - [2026-02-17T23:35:08.103+0000] {dagbag.py:538} INFO - Filling up the DagBag from /opt/airflow/dags/boston_api_to_s3.py
[2026-02-17T23:35:08.116+0000] {processor.py:840} INFO - DAG(s) 'boston_api_to_s3' retrieved from /opt/airflow/dags/boston_api_to_s3.py
[2026-02-17T23:35:08.157+0000] {logging_mixin.py:188} INFO - [2026-02-17T23:35:08.156+0000] {dag.py:3036} INFO - Sync 1 DAGs
[2026-02-17T23:35:08.166+0000] {logging_mixin.py:188} INFO - [2026-02-17T23:35:08.166+0000] {dag.py:3823} INFO - Setting next_dagrun for boston_api_to_s3 to None, run_after=None
[2026-02-17T23:35:08.174+0000] {processor.py:183} INFO - Processing /opt/airflow/dags/boston_api_to_s3.py took 0.085 seconds
[2026-02-17T23:35:38.673+0000] {processor.py:161} INFO - Started process (PID=627) to work on /opt/airflow/dags/boston_api_to_s3.py
[2026-02-17T23:35:38.676+0000] {processor.py:830} INFO - Processing file /opt/airflow/dags/boston_api_to_s3.py for tasks to queue
[2026-02-17T23:35:38.679+0000] {logging_mixin.py:188} INFO - [2026-02-17T23:35:38.678+0000] {dagbag.py:538} INFO - Filling up the DagBag from /opt/airflow/dags/boston_api_to_s3.py
[2026-02-17T23:35:38.690+0000] {processor.py:840} INFO - DAG(s) 'boston_api_to_s3' retrieved from /opt/airflow/dags/boston_api_to_s3.py
[2026-02-17T23:35:38.711+0000] {logging_mixin.py:188} INFO - [2026-02-17T23:35:38.711+0000] {dag.py:3036} INFO - Sync 1 DAGs
[2026-02-17T23:35:38.720+0000] {logging_mixin.py:188} INFO - [2026-02-17T23:35:38.720+0000] {dag.py:3823} INFO - Setting next_dagrun for boston_api_to_s3 to None, run_after=None
[2026-02-17T23:35:38.737+0000] {processor.py:183} INFO - Processing /opt/airflow/dags/boston_api_to_s3.py took 0.072 seconds
[2026-02-17T23:36:09.211+0000] {processor.py:161} INFO - Started process (PID=683) to work on /opt/airflow/dags/boston_api_to_s3.py
[2026-02-17T23:36:09.215+0000] {processor.py:830} INFO - Processing file /opt/airflow/dags/boston_api_to_s3.py for tasks to queue
[2026-02-17T23:36:09.218+0000] {logging_mixin.py:188} INFO - [2026-02-17T23:36:09.218+0000] {dagbag.py:538} INFO - Filling up the DagBag from /opt/airflow/dags/boston_api_to_s3.py
[2026-02-17T23:36:09.229+0000] {processor.py:840} INFO - DAG(s) 'boston_api_to_s3' retrieved from /opt/airflow/dags/boston_api_to_s3.py
[2026-02-17T23:36:09.257+0000] {logging_mixin.py:188} INFO - [2026-02-17T23:36:09.257+0000] {dag.py:3036} INFO - Sync 1 DAGs
[2026-02-17T23:36:09.263+0000] {logging_mixin.py:188} INFO - [2026-02-17T23:36:09.263+0000] {dag.py:3823} INFO - Setting next_dagrun for boston_api_to_s3 to None, run_after=None
[2026-02-17T23:36:09.272+0000] {processor.py:183} INFO - Processing /opt/airflow/dags/boston_api_to_s3.py took 0.065 seconds
[2026-02-17T23:36:40.037+0000] {processor.py:161} INFO - Started process (PID=739) to work on /opt/airflow/dags/boston_api_to_s3.py
[2026-02-17T23:36:40.041+0000] {processor.py:830} INFO - Processing file /opt/airflow/dags/boston_api_to_s3.py for tasks to queue
[2026-02-17T23:36:40.045+0000] {logging_mixin.py:188} INFO - [2026-02-17T23:36:40.044+0000] {dagbag.py:538} INFO - Filling up the DagBag from /opt/airflow/dags/boston_api_to_s3.py
[2026-02-17T23:36:40.059+0000] {processor.py:840} INFO - DAG(s) 'boston_api_to_s3' retrieved from /opt/airflow/dags/boston_api_to_s3.py
[2026-02-17T23:36:40.084+0000] {logging_mixin.py:188} INFO - [2026-02-17T23:36:40.084+0000] {dag.py:3036} INFO - Sync 1 DAGs
[2026-02-17T23:36:40.094+0000] {logging_mixin.py:188} INFO - [2026-02-17T23:36:40.094+0000] {dag.py:3823} INFO - Setting next_dagrun for boston_api_to_s3 to None, run_after=None
[2026-02-17T23:36:40.102+0000] {processor.py:183} INFO - Processing /opt/airflow/dags/boston_api_to_s3.py took 0.071 seconds
[2026-02-17T23:37:10.651+0000] {processor.py:161} INFO - Started process (PID=795) to work on /opt/airflow/dags/boston_api_to_s3.py
[2026-02-17T23:37:10.654+0000] {processor.py:830} INFO - Processing file /opt/airflow/dags/boston_api_to_s3.py for tasks to queue
[2026-02-17T23:37:10.659+0000] {logging_mixin.py:188} INFO - [2026-02-17T23:37:10.659+0000] {dagbag.py:538} INFO - Filling up the DagBag from /opt/airflow/dags/boston_api_to_s3.py
[2026-02-17T23:37:10.672+0000] {processor.py:840} INFO - DAG(s) 'boston_api_to_s3' retrieved from /opt/airflow/dags/boston_api_to_s3.py
[2026-02-17T23:37:10.693+0000] {logging_mixin.py:188} INFO - [2026-02-17T23:37:10.693+0000] {dag.py:3036} INFO - Sync 1 DAGs
[2026-02-17T23:37:10.701+0000] {logging_mixin.py:188} INFO - [2026-02-17T23:37:10.701+0000] {dag.py:3823} INFO - Setting next_dagrun for boston_api_to_s3 to None, run_after=None
[2026-02-17T23:37:10.722+0000] {processor.py:183} INFO - Processing /opt/airflow/dags/boston_api_to_s3.py took 0.082 seconds
[2026-02-17T23:37:41.215+0000] {processor.py:161} INFO - Started process (PID=851) to work on /opt/airflow/dags/boston_api_to_s3.py
[2026-02-17T23:37:41.219+0000] {processor.py:830} INFO - Processing file /opt/airflow/dags/boston_api_to_s3.py for tasks to queue
[2026-02-17T23:37:41.226+0000] {logging_mixin.py:188} INFO - [2026-02-17T23:37:41.226+0000] {dagbag.py:538} INFO - Filling up the DagBag from /opt/airflow/dags/boston_api_to_s3.py
[2026-02-17T23:37:41.230+0000] {processor.py:840} INFO - DAG(s) 'boston_api_to_s3' retrieved from /opt/airflow/dags/boston_api_to_s3.py
[2026-02-17T23:37:41.254+0000] {logging_mixin.py:188} INFO - [2026-02-17T23:37:41.254+0000] {dag.py:3036} INFO - Sync 1 DAGs
[2026-02-17T23:37:41.263+0000] {logging_mixin.py:188} INFO - [2026-02-17T23:37:41.262+0000] {dag.py:3823} INFO - Setting next_dagrun for boston_api_to_s3 to None, run_after=None
[2026-02-17T23:37:41.271+0000] {processor.py:183} INFO - Processing /opt/airflow/dags/boston_api_to_s3.py took 0.076 seconds
[2026-02-17T23:38:11.780+0000] {processor.py:161} INFO - Started process (PID=907) to work on /opt/airflow/dags/boston_api_to_s3.py
[2026-02-17T23:38:11.783+0000] {processor.py:830} INFO - Processing file /opt/airflow/dags/boston_api_to_s3.py for tasks to queue
[2026-02-17T23:38:11.785+0000] {logging_mixin.py:188} INFO - [2026-02-17T23:38:11.785+0000] {dagbag.py:538} INFO - Filling up the DagBag from /opt/airflow/dags/boston_api_to_s3.py
[2026-02-17T23:38:11.794+0000] {processor.py:840} INFO - DAG(s) 'boston_api_to_s3' retrieved from /opt/airflow/dags/boston_api_to_s3.py
[2026-02-17T23:38:11.814+0000] {logging_mixin.py:188} INFO - [2026-02-17T23:38:11.814+0000] {dag.py:3036} INFO - Sync 1 DAGs
[2026-02-17T23:38:11.828+0000] {logging_mixin.py:188} INFO - [2026-02-17T23:38:11.827+0000] {dag.py:3823} INFO - Setting next_dagrun for boston_api_to_s3 to None, run_after=None
[2026-02-17T23:38:11.837+0000] {processor.py:183} INFO - Processing /opt/airflow/dags/boston_api_to_s3.py took 0.067 seconds
[2026-02-17T23:38:42.491+0000] {processor.py:161} INFO - Started process (PID=963) to work on /opt/airflow/dags/boston_api_to_s3.py
[2026-02-17T23:38:42.496+0000] {processor.py:830} INFO - Processing file /opt/airflow/dags/boston_api_to_s3.py for tasks to queue
[2026-02-17T23:38:42.501+0000] {logging_mixin.py:188} INFO - [2026-02-17T23:38:42.501+0000] {dagbag.py:538} INFO - Filling up the DagBag from /opt/airflow/dags/boston_api_to_s3.py
[2026-02-17T23:38:42.516+0000] {processor.py:840} INFO - DAG(s) 'boston_api_to_s3' retrieved from /opt/airflow/dags/boston_api_to_s3.py
[2026-02-17T23:38:42.535+0000] {logging_mixin.py:188} INFO - [2026-02-17T23:38:42.535+0000] {dag.py:3036} INFO - Sync 1 DAGs
[2026-02-17T23:38:42.547+0000] {logging_mixin.py:188} INFO - [2026-02-17T23:38:42.547+0000] {dag.py:3823} INFO - Setting next_dagrun for boston_api_to_s3 to None, run_after=None
[2026-02-17T23:38:42.557+0000] {processor.py:183} INFO - Processing /opt/airflow/dags/boston_api_to_s3.py took 0.076 seconds
[2026-02-17T23:39:13.168+0000] {processor.py:161} INFO - Started process (PID=1019) to work on /opt/airflow/dags/boston_api_to_s3.py
[2026-02-17T23:39:13.170+0000] {processor.py:830} INFO - Processing file /opt/airflow/dags/boston_api_to_s3.py for tasks to queue
[2026-02-17T23:39:13.173+0000] {logging_mixin.py:188} INFO - [2026-02-17T23:39:13.173+0000] {dagbag.py:538} INFO - Filling up the DagBag from /opt/airflow/dags/boston_api_to_s3.py
[2026-02-17T23:39:13.185+0000] {processor.py:840} INFO - DAG(s) 'boston_api_to_s3' retrieved from /opt/airflow/dags/boston_api_to_s3.py
[2026-02-17T23:39:13.208+0000] {logging_mixin.py:188} INFO - [2026-02-17T23:39:13.208+0000] {dag.py:3036} INFO - Sync 1 DAGs
[2026-02-17T23:39:13.216+0000] {logging_mixin.py:188} INFO - [2026-02-17T23:39:13.216+0000] {dag.py:3823} INFO - Setting next_dagrun for boston_api_to_s3 to None, run_after=None
[2026-02-17T23:39:13.224+0000] {processor.py:183} INFO - Processing /opt/airflow/dags/boston_api_to_s3.py took 0.062 seconds
[2026-02-17T23:39:43.828+0000] {processor.py:161} INFO - Started process (PID=1075) to work on /opt/airflow/dags/boston_api_to_s3.py
[2026-02-17T23:39:43.832+0000] {processor.py:830} INFO - Processing file /opt/airflow/dags/boston_api_to_s3.py for tasks to queue
[2026-02-17T23:39:43.833+0000] {logging_mixin.py:188} INFO - [2026-02-17T23:39:43.833+0000] {dagbag.py:538} INFO - Filling up the DagBag from /opt/airflow/dags/boston_api_to_s3.py
[2026-02-17T23:39:43.843+0000] {processor.py:840} INFO - DAG(s) 'boston_api_to_s3' retrieved from /opt/airflow/dags/boston_api_to_s3.py
[2026-02-17T23:39:43.863+0000] {logging_mixin.py:188} INFO - [2026-02-17T23:39:43.863+0000] {dag.py:3036} INFO - Sync 1 DAGs
[2026-02-17T23:39:43.869+0000] {logging_mixin.py:188} INFO - [2026-02-17T23:39:43.868+0000] {dag.py:3823} INFO - Setting next_dagrun for boston_api_to_s3 to None, run_after=None
[2026-02-17T23:39:43.876+0000] {processor.py:183} INFO - Processing /opt/airflow/dags/boston_api_to_s3.py took 0.052 seconds
[2026-02-17T23:40:14.323+0000] {processor.py:161} INFO - Started process (PID=1131) to work on /opt/airflow/dags/boston_api_to_s3.py
[2026-02-17T23:40:14.325+0000] {processor.py:830} INFO - Processing file /opt/airflow/dags/boston_api_to_s3.py for tasks to queue
[2026-02-17T23:40:14.329+0000] {logging_mixin.py:188} INFO - [2026-02-17T23:40:14.328+0000] {dagbag.py:538} INFO - Filling up the DagBag from /opt/airflow/dags/boston_api_to_s3.py
[2026-02-17T23:40:14.348+0000] {processor.py:840} INFO - DAG(s) 'boston_api_to_s3' retrieved from /opt/airflow/dags/boston_api_to_s3.py
[2026-02-17T23:40:14.380+0000] {logging_mixin.py:188} INFO - [2026-02-17T23:40:14.379+0000] {dag.py:3036} INFO - Sync 1 DAGs
[2026-02-17T23:40:14.392+0000] {logging_mixin.py:188} INFO - [2026-02-17T23:40:14.392+0000] {dag.py:3823} INFO - Setting next_dagrun for boston_api_to_s3 to None, run_after=None
[2026-02-17T23:40:14.402+0000] {processor.py:183} INFO - Processing /opt/airflow/dags/boston_api_to_s3.py took 0.088 seconds
[2026-02-17T23:40:45.188+0000] {processor.py:161} INFO - Started process (PID=1187) to work on /opt/airflow/dags/boston_api_to_s3.py
[2026-02-17T23:40:45.190+0000] {processor.py:830} INFO - Processing file /opt/airflow/dags/boston_api_to_s3.py for tasks to queue
[2026-02-17T23:40:45.194+0000] {logging_mixin.py:188} INFO - [2026-02-17T23:40:45.194+0000] {dagbag.py:538} INFO - Filling up the DagBag from /opt/airflow/dags/boston_api_to_s3.py
[2026-02-17T23:40:45.208+0000] {processor.py:840} INFO - DAG(s) 'boston_api_to_s3' retrieved from /opt/airflow/dags/boston_api_to_s3.py
[2026-02-17T23:40:45.228+0000] {logging_mixin.py:188} INFO - [2026-02-17T23:40:45.227+0000] {dag.py:3036} INFO - Sync 1 DAGs
[2026-02-17T23:40:45.238+0000] {logging_mixin.py:188} INFO - [2026-02-17T23:40:45.238+0000] {dag.py:3823} INFO - Setting next_dagrun for boston_api_to_s3 to None, run_after=None
[2026-02-17T23:40:45.246+0000] {processor.py:183} INFO - Processing /opt/airflow/dags/boston_api_to_s3.py took 0.065 seconds
[2026-02-17T23:41:15.883+0000] {processor.py:161} INFO - Started process (PID=1243) to work on /opt/airflow/dags/boston_api_to_s3.py
[2026-02-17T23:41:15.885+0000] {processor.py:830} INFO - Processing file /opt/airflow/dags/boston_api_to_s3.py for tasks to queue
[2026-02-17T23:41:15.891+0000] {logging_mixin.py:188} INFO - [2026-02-17T23:41:15.890+0000] {dagbag.py:538} INFO - Filling up the DagBag from /opt/airflow/dags/boston_api_to_s3.py
[2026-02-17T23:41:15.912+0000] {processor.py:840} INFO - DAG(s) 'boston_api_to_s3' retrieved from /opt/airflow/dags/boston_api_to_s3.py
[2026-02-17T23:41:16.059+0000] {logging_mixin.py:188} INFO - [2026-02-17T23:41:16.059+0000] {dag.py:3036} INFO - Sync 1 DAGs
[2026-02-17T23:41:16.078+0000] {logging_mixin.py:188} INFO - [2026-02-17T23:41:16.078+0000] {dag.py:3823} INFO - Setting next_dagrun for boston_api_to_s3 to None, run_after=None
[2026-02-17T23:41:16.094+0000] {processor.py:183} INFO - Processing /opt/airflow/dags/boston_api_to_s3.py took 0.225 seconds
[2026-02-17T23:41:46.389+0000] {processor.py:161} INFO - Started process (PID=1299) to work on /opt/airflow/dags/boston_api_to_s3.py
[2026-02-17T23:41:46.393+0000] {processor.py:830} INFO - Processing file /opt/airflow/dags/boston_api_to_s3.py for tasks to queue
[2026-02-17T23:41:46.400+0000] {logging_mixin.py:188} INFO - [2026-02-17T23:41:46.400+0000] {dagbag.py:538} INFO - Filling up the DagBag from /opt/airflow/dags/boston_api_to_s3.py
[2026-02-17T23:41:46.418+0000] {processor.py:840} INFO - DAG(s) 'boston_api_to_s3' retrieved from /opt/airflow/dags/boston_api_to_s3.py
[2026-02-17T23:41:46.436+0000] {logging_mixin.py:188} INFO - [2026-02-17T23:41:46.436+0000] {dag.py:3036} INFO - Sync 1 DAGs
[2026-02-17T23:41:46.446+0000] {logging_mixin.py:188} INFO - [2026-02-17T23:41:46.446+0000] {dag.py:3823} INFO - Setting next_dagrun for boston_api_to_s3 to None, run_after=None
[2026-02-17T23:41:46.465+0000] {processor.py:183} INFO - Processing /opt/airflow/dags/boston_api_to_s3.py took 0.087 seconds
[2026-02-17T23:42:16.613+0000] {processor.py:161} INFO - Started process (PID=1355) to work on /opt/airflow/dags/boston_api_to_s3.py
[2026-02-17T23:42:16.615+0000] {processor.py:830} INFO - Processing file /opt/airflow/dags/boston_api_to_s3.py for tasks to queue
[2026-02-17T23:42:16.619+0000] {logging_mixin.py:188} INFO - [2026-02-17T23:42:16.618+0000] {dagbag.py:538} INFO - Filling up the DagBag from /opt/airflow/dags/boston_api_to_s3.py
[2026-02-17T23:42:16.630+0000] {processor.py:840} INFO - DAG(s) 'boston_api_to_s3' retrieved from /opt/airflow/dags/boston_api_to_s3.py
[2026-02-17T23:42:16.651+0000] {logging_mixin.py:188} INFO - [2026-02-17T23:42:16.651+0000] {dag.py:3036} INFO - Sync 1 DAGs
[2026-02-17T23:42:16.658+0000] {logging_mixin.py:188} INFO - [2026-02-17T23:42:16.658+0000] {dag.py:3823} INFO - Setting next_dagrun for boston_api_to_s3 to None, run_after=None
[2026-02-17T23:42:16.666+0000] {processor.py:183} INFO - Processing /opt/airflow/dags/boston_api_to_s3.py took 0.060 seconds
[2026-02-17T23:42:46.956+0000] {processor.py:161} INFO - Started process (PID=1411) to work on /opt/airflow/dags/boston_api_to_s3.py
[2026-02-17T23:42:46.957+0000] {processor.py:830} INFO - Processing file /opt/airflow/dags/boston_api_to_s3.py for tasks to queue
[2026-02-17T23:42:46.961+0000] {logging_mixin.py:188} INFO - [2026-02-17T23:42:46.960+0000] {dagbag.py:538} INFO - Filling up the DagBag from /opt/airflow/dags/boston_api_to_s3.py
[2026-02-17T23:42:46.974+0000] {processor.py:840} INFO - DAG(s) 'boston_api_to_s3' retrieved from /opt/airflow/dags/boston_api_to_s3.py
[2026-02-17T23:42:46.997+0000] {logging_mixin.py:188} INFO - [2026-02-17T23:42:46.997+0000] {dag.py:3036} INFO - Sync 1 DAGs
[2026-02-17T23:42:47.005+0000] {logging_mixin.py:188} INFO - [2026-02-17T23:42:47.004+0000] {dag.py:3823} INFO - Setting next_dagrun for boston_api_to_s3 to None, run_after=None
[2026-02-17T23:42:47.011+0000] {processor.py:183} INFO - Processing /opt/airflow/dags/boston_api_to_s3.py took 0.063 seconds
[2026-02-17T23:43:17.908+0000] {processor.py:161} INFO - Started process (PID=1467) to work on /opt/airflow/dags/boston_api_to_s3.py
[2026-02-17T23:43:17.912+0000] {processor.py:830} INFO - Processing file /opt/airflow/dags/boston_api_to_s3.py for tasks to queue
[2026-02-17T23:43:17.922+0000] {logging_mixin.py:188} INFO - [2026-02-17T23:43:17.920+0000] {dagbag.py:538} INFO - Filling up the DagBag from /opt/airflow/dags/boston_api_to_s3.py
[2026-02-17T23:43:17.935+0000] {processor.py:840} INFO - DAG(s) 'boston_api_to_s3' retrieved from /opt/airflow/dags/boston_api_to_s3.py
[2026-02-17T23:43:17.962+0000] {logging_mixin.py:188} INFO - [2026-02-17T23:43:17.962+0000] {dag.py:3036} INFO - Sync 1 DAGs
[2026-02-17T23:43:17.975+0000] {logging_mixin.py:188} INFO - [2026-02-17T23:43:17.975+0000] {dag.py:3823} INFO - Setting next_dagrun for boston_api_to_s3 to None, run_after=None
[2026-02-17T23:43:17.985+0000] {processor.py:183} INFO - Processing /opt/airflow/dags/boston_api_to_s3.py took 0.088 seconds
[2026-02-17T23:43:48.615+0000] {processor.py:161} INFO - Started process (PID=1523) to work on /opt/airflow/dags/boston_api_to_s3.py
[2026-02-17T23:43:48.616+0000] {processor.py:830} INFO - Processing file /opt/airflow/dags/boston_api_to_s3.py for tasks to queue
[2026-02-17T23:43:48.619+0000] {logging_mixin.py:188} INFO - [2026-02-17T23:43:48.618+0000] {dagbag.py:538} INFO - Filling up the DagBag from /opt/airflow/dags/boston_api_to_s3.py
[2026-02-17T23:43:48.626+0000] {processor.py:840} INFO - DAG(s) 'boston_api_to_s3' retrieved from /opt/airflow/dags/boston_api_to_s3.py
[2026-02-17T23:43:48.648+0000] {logging_mixin.py:188} INFO - [2026-02-17T23:43:48.648+0000] {dag.py:3036} INFO - Sync 1 DAGs
[2026-02-17T23:43:48.656+0000] {logging_mixin.py:188} INFO - [2026-02-17T23:43:48.656+0000] {dag.py:3823} INFO - Setting next_dagrun for boston_api_to_s3 to None, run_after=None
[2026-02-17T23:43:48.663+0000] {processor.py:183} INFO - Processing /opt/airflow/dags/boston_api_to_s3.py took 0.053 seconds
[2026-02-17T23:44:19.031+0000] {processor.py:161} INFO - Started process (PID=1579) to work on /opt/airflow/dags/boston_api_to_s3.py
[2026-02-17T23:44:19.032+0000] {processor.py:830} INFO - Processing file /opt/airflow/dags/boston_api_to_s3.py for tasks to queue
[2026-02-17T23:44:19.036+0000] {logging_mixin.py:188} INFO - [2026-02-17T23:44:19.035+0000] {dagbag.py:538} INFO - Filling up the DagBag from /opt/airflow/dags/boston_api_to_s3.py
[2026-02-17T23:44:19.045+0000] {processor.py:840} INFO - DAG(s) 'boston_api_to_s3' retrieved from /opt/airflow/dags/boston_api_to_s3.py
[2026-02-17T23:44:19.068+0000] {logging_mixin.py:188} INFO - [2026-02-17T23:44:19.068+0000] {dag.py:3036} INFO - Sync 1 DAGs
[2026-02-17T23:44:19.079+0000] {logging_mixin.py:188} INFO - [2026-02-17T23:44:19.078+0000] {dag.py:3823} INFO - Setting next_dagrun for boston_api_to_s3 to None, run_after=None
[2026-02-17T23:44:19.088+0000] {processor.py:183} INFO - Processing /opt/airflow/dags/boston_api_to_s3.py took 0.062 seconds
[2026-02-17T23:44:49.689+0000] {processor.py:161} INFO - Started process (PID=1635) to work on /opt/airflow/dags/boston_api_to_s3.py
[2026-02-17T23:44:49.691+0000] {processor.py:830} INFO - Processing file /opt/airflow/dags/boston_api_to_s3.py for tasks to queue
[2026-02-17T23:44:49.694+0000] {logging_mixin.py:188} INFO - [2026-02-17T23:44:49.694+0000] {dagbag.py:538} INFO - Filling up the DagBag from /opt/airflow/dags/boston_api_to_s3.py
[2026-02-17T23:44:49.702+0000] {processor.py:840} INFO - DAG(s) 'boston_api_to_s3' retrieved from /opt/airflow/dags/boston_api_to_s3.py
[2026-02-17T23:44:49.720+0000] {logging_mixin.py:188} INFO - [2026-02-17T23:44:49.720+0000] {dag.py:3036} INFO - Sync 1 DAGs
[2026-02-17T23:44:49.731+0000] {logging_mixin.py:188} INFO - [2026-02-17T23:44:49.731+0000] {dag.py:3823} INFO - Setting next_dagrun for boston_api_to_s3 to None, run_after=None
[2026-02-17T23:44:49.746+0000] {processor.py:183} INFO - Processing /opt/airflow/dags/boston_api_to_s3.py took 0.063 seconds
[2026-02-17T23:45:20.231+0000] {processor.py:161} INFO - Started process (PID=1691) to work on /opt/airflow/dags/boston_api_to_s3.py
[2026-02-17T23:45:20.232+0000] {processor.py:830} INFO - Processing file /opt/airflow/dags/boston_api_to_s3.py for tasks to queue
[2026-02-17T23:45:20.234+0000] {logging_mixin.py:188} INFO - [2026-02-17T23:45:20.234+0000] {dagbag.py:538} INFO - Filling up the DagBag from /opt/airflow/dags/boston_api_to_s3.py
[2026-02-17T23:45:20.243+0000] {processor.py:840} INFO - DAG(s) 'boston_api_to_s3' retrieved from /opt/airflow/dags/boston_api_to_s3.py
[2026-02-17T23:45:20.270+0000] {logging_mixin.py:188} INFO - [2026-02-17T23:45:20.270+0000] {dag.py:3036} INFO - Sync 1 DAGs
[2026-02-17T23:45:20.282+0000] {logging_mixin.py:188} INFO - [2026-02-17T23:45:20.282+0000] {dag.py:3823} INFO - Setting next_dagrun for boston_api_to_s3 to None, run_after=None
[2026-02-17T23:45:20.289+0000] {processor.py:183} INFO - Processing /opt/airflow/dags/boston_api_to_s3.py took 0.063 seconds
[2026-02-17T23:45:50.794+0000] {processor.py:161} INFO - Started process (PID=1747) to work on /opt/airflow/dags/boston_api_to_s3.py
[2026-02-17T23:45:50.795+0000] {processor.py:830} INFO - Processing file /opt/airflow/dags/boston_api_to_s3.py for tasks to queue
[2026-02-17T23:45:50.797+0000] {logging_mixin.py:188} INFO - [2026-02-17T23:45:50.797+0000] {dagbag.py:538} INFO - Filling up the DagBag from /opt/airflow/dags/boston_api_to_s3.py
[2026-02-17T23:45:50.803+0000] {processor.py:840} INFO - DAG(s) 'boston_api_to_s3' retrieved from /opt/airflow/dags/boston_api_to_s3.py
[2026-02-17T23:45:50.816+0000] {logging_mixin.py:188} INFO - [2026-02-17T23:45:50.816+0000] {dag.py:3036} INFO - Sync 1 DAGs
[2026-02-17T23:45:50.827+0000] {logging_mixin.py:188} INFO - [2026-02-17T23:45:50.827+0000] {dag.py:3823} INFO - Setting next_dagrun for boston_api_to_s3 to None, run_after=None
[2026-02-17T23:45:50.834+0000] {processor.py:183} INFO - Processing /opt/airflow/dags/boston_api_to_s3.py took 0.045 seconds
[2026-02-17T23:46:21.226+0000] {processor.py:161} INFO - Started process (PID=1803) to work on /opt/airflow/dags/boston_api_to_s3.py
[2026-02-17T23:46:21.228+0000] {processor.py:830} INFO - Processing file /opt/airflow/dags/boston_api_to_s3.py for tasks to queue
[2026-02-17T23:46:21.236+0000] {logging_mixin.py:188} INFO - [2026-02-17T23:46:21.235+0000] {dagbag.py:538} INFO - Filling up the DagBag from /opt/airflow/dags/boston_api_to_s3.py
[2026-02-17T23:46:21.247+0000] {processor.py:840} INFO - DAG(s) 'boston_api_to_s3' retrieved from /opt/airflow/dags/boston_api_to_s3.py
[2026-02-17T23:46:21.266+0000] {logging_mixin.py:188} INFO - [2026-02-17T23:46:21.266+0000] {dag.py:3036} INFO - Sync 1 DAGs
[2026-02-17T23:46:21.275+0000] {logging_mixin.py:188} INFO - [2026-02-17T23:46:21.275+0000] {dag.py:3823} INFO - Setting next_dagrun for boston_api_to_s3 to None, run_after=None
[2026-02-17T23:46:21.294+0000] {processor.py:183} INFO - Processing /opt/airflow/dags/boston_api_to_s3.py took 0.078 seconds
[2026-02-17T23:46:51.809+0000] {processor.py:161} INFO - Started process (PID=1859) to work on /opt/airflow/dags/boston_api_to_s3.py
[2026-02-17T23:46:51.812+0000] {processor.py:830} INFO - Processing file /opt/airflow/dags/boston_api_to_s3.py for tasks to queue
[2026-02-17T23:46:51.816+0000] {logging_mixin.py:188} INFO - [2026-02-17T23:46:51.815+0000] {dagbag.py:538} INFO - Filling up the DagBag from /opt/airflow/dags/boston_api_to_s3.py
[2026-02-17T23:46:51.835+0000] {processor.py:840} INFO - DAG(s) 'boston_api_to_s3' retrieved from /opt/airflow/dags/boston_api_to_s3.py
[2026-02-17T23:46:51.861+0000] {logging_mixin.py:188} INFO - [2026-02-17T23:46:51.861+0000] {dag.py:3036} INFO - Sync 1 DAGs
[2026-02-17T23:46:51.870+0000] {logging_mixin.py:188} INFO - [2026-02-17T23:46:51.869+0000] {dag.py:3823} INFO - Setting next_dagrun for boston_api_to_s3 to None, run_after=None
[2026-02-17T23:46:51.880+0000] {processor.py:183} INFO - Processing /opt/airflow/dags/boston_api_to_s3.py took 0.078 seconds
[2026-02-17T23:47:22.341+0000] {processor.py:161} INFO - Started process (PID=1915) to work on /opt/airflow/dags/boston_api_to_s3.py
[2026-02-17T23:47:22.342+0000] {processor.py:830} INFO - Processing file /opt/airflow/dags/boston_api_to_s3.py for tasks to queue
[2026-02-17T23:47:22.344+0000] {logging_mixin.py:188} INFO - [2026-02-17T23:47:22.344+0000] {dagbag.py:538} INFO - Filling up the DagBag from /opt/airflow/dags/boston_api_to_s3.py
[2026-02-17T23:47:22.351+0000] {processor.py:840} INFO - DAG(s) 'boston_api_to_s3' retrieved from /opt/airflow/dags/boston_api_to_s3.py
[2026-02-17T23:47:22.412+0000] {logging_mixin.py:188} INFO - [2026-02-17T23:47:22.412+0000] {dag.py:3036} INFO - Sync 1 DAGs
[2026-02-17T23:47:22.417+0000] {logging_mixin.py:188} INFO - [2026-02-17T23:47:22.416+0000] {dag.py:3823} INFO - Setting next_dagrun for boston_api_to_s3 to None, run_after=None
[2026-02-17T23:47:22.426+0000] {processor.py:183} INFO - Processing /opt/airflow/dags/boston_api_to_s3.py took 0.088 seconds
[2026-02-17T23:47:52.883+0000] {processor.py:161} INFO - Started process (PID=1971) to work on /opt/airflow/dags/boston_api_to_s3.py
[2026-02-17T23:47:52.886+0000] {processor.py:830} INFO - Processing file /opt/airflow/dags/boston_api_to_s3.py for tasks to queue
[2026-02-17T23:47:52.897+0000] {logging_mixin.py:188} INFO - [2026-02-17T23:47:52.894+0000] {dagbag.py:538} INFO - Filling up the DagBag from /opt/airflow/dags/boston_api_to_s3.py
[2026-02-17T23:47:52.908+0000] {processor.py:840} INFO - DAG(s) 'boston_api_to_s3' retrieved from /opt/airflow/dags/boston_api_to_s3.py
[2026-02-17T23:47:52.931+0000] {logging_mixin.py:188} INFO - [2026-02-17T23:47:52.931+0000] {dag.py:3036} INFO - Sync 1 DAGs
[2026-02-17T23:47:52.941+0000] {logging_mixin.py:188} INFO - [2026-02-17T23:47:52.941+0000] {dag.py:3823} INFO - Setting next_dagrun for boston_api_to_s3 to None, run_after=None
[2026-02-17T23:47:52.950+0000] {processor.py:183} INFO - Processing /opt/airflow/dags/boston_api_to_s3.py took 0.081 seconds
[2026-02-17T23:48:23.181+0000] {processor.py:161} INFO - Started process (PID=2027) to work on /opt/airflow/dags/boston_api_to_s3.py
[2026-02-17T23:48:23.183+0000] {processor.py:830} INFO - Processing file /opt/airflow/dags/boston_api_to_s3.py for tasks to queue
[2026-02-17T23:48:23.194+0000] {logging_mixin.py:188} INFO - [2026-02-17T23:48:23.193+0000] {dagbag.py:538} INFO - Filling up the DagBag from /opt/airflow/dags/boston_api_to_s3.py
[2026-02-17T23:48:23.209+0000] {processor.py:840} INFO - DAG(s) 'boston_api_to_s3' retrieved from /opt/airflow/dags/boston_api_to_s3.py
[2026-02-17T23:48:23.235+0000] {logging_mixin.py:188} INFO - [2026-02-17T23:48:23.235+0000] {dag.py:3036} INFO - Sync 1 DAGs
[2026-02-17T23:48:23.248+0000] {logging_mixin.py:188} INFO - [2026-02-17T23:48:23.248+0000] {dag.py:3823} INFO - Setting next_dagrun for boston_api_to_s3 to None, run_after=None
[2026-02-17T23:48:23.257+0000] {processor.py:183} INFO - Processing /opt/airflow/dags/boston_api_to_s3.py took 0.084 seconds
[2026-02-17T23:48:31.629+0000] {processor.py:161} INFO - Started process (PID=2077) to work on /opt/airflow/dags/boston_api_to_s3.py
[2026-02-17T23:48:31.630+0000] {processor.py:830} INFO - Processing file /opt/airflow/dags/boston_api_to_s3.py for tasks to queue
[2026-02-17T23:48:31.633+0000] {logging_mixin.py:188} INFO - [2026-02-17T23:48:31.632+0000] {dagbag.py:538} INFO - Filling up the DagBag from /opt/airflow/dags/boston_api_to_s3.py
[2026-02-17T23:48:31.644+0000] {processor.py:840} INFO - DAG(s) 'boston_api_to_s3' retrieved from /opt/airflow/dags/boston_api_to_s3.py
[2026-02-17T23:48:31.663+0000] {logging_mixin.py:188} INFO - [2026-02-17T23:48:31.662+0000] {dag.py:3036} INFO - Sync 1 DAGs
[2026-02-17T23:48:31.669+0000] {logging_mixin.py:188} INFO - [2026-02-17T23:48:31.669+0000] {dag.py:3823} INFO - Setting next_dagrun for boston_api_to_s3 to None, run_after=None
[2026-02-17T23:48:31.677+0000] {processor.py:183} INFO - Processing /opt/airflow/dags/boston_api_to_s3.py took 0.054 seconds
[2026-02-17T23:49:02.142+0000] {processor.py:161} INFO - Started process (PID=2133) to work on /opt/airflow/dags/boston_api_to_s3.py
[2026-02-17T23:49:02.143+0000] {processor.py:830} INFO - Processing file /opt/airflow/dags/boston_api_to_s3.py for tasks to queue
[2026-02-17T23:49:02.145+0000] {logging_mixin.py:188} INFO - [2026-02-17T23:49:02.145+0000] {dagbag.py:538} INFO - Filling up the DagBag from /opt/airflow/dags/boston_api_to_s3.py
[2026-02-17T23:49:02.150+0000] {processor.py:840} INFO - DAG(s) 'boston_api_to_s3' retrieved from /opt/airflow/dags/boston_api_to_s3.py
[2026-02-17T23:49:02.165+0000] {logging_mixin.py:188} INFO - [2026-02-17T23:49:02.165+0000] {dag.py:3036} INFO - Sync 1 DAGs
[2026-02-17T23:49:02.172+0000] {logging_mixin.py:188} INFO - [2026-02-17T23:49:02.172+0000] {dag.py:3823} INFO - Setting next_dagrun for boston_api_to_s3 to None, run_after=None
[2026-02-17T23:49:02.179+0000] {processor.py:183} INFO - Processing /opt/airflow/dags/boston_api_to_s3.py took 0.040 seconds
[2026-02-17T23:49:32.595+0000] {processor.py:161} INFO - Started process (PID=2188) to work on /opt/airflow/dags/boston_api_to_s3.py
[2026-02-17T23:49:32.599+0000] {processor.py:830} INFO - Processing file /opt/airflow/dags/boston_api_to_s3.py for tasks to queue
[2026-02-17T23:49:32.602+0000] {logging_mixin.py:188} INFO - [2026-02-17T23:49:32.602+0000] {dagbag.py:538} INFO - Filling up the DagBag from /opt/airflow/dags/boston_api_to_s3.py
[2026-02-17T23:49:32.615+0000] {processor.py:840} INFO - DAG(s) 'boston_api_to_s3' retrieved from /opt/airflow/dags/boston_api_to_s3.py
[2026-02-17T23:49:32.640+0000] {logging_mixin.py:188} INFO - [2026-02-17T23:49:32.640+0000] {dag.py:3036} INFO - Sync 1 DAGs
[2026-02-17T23:49:32.648+0000] {logging_mixin.py:188} INFO - [2026-02-17T23:49:32.648+0000] {dag.py:3823} INFO - Setting next_dagrun for boston_api_to_s3 to None, run_after=None
[2026-02-17T23:49:32.656+0000] {processor.py:183} INFO - Processing /opt/airflow/dags/boston_api_to_s3.py took 0.067 seconds
[2026-02-17T23:50:03.114+0000] {processor.py:161} INFO - Started process (PID=2244) to work on /opt/airflow/dags/boston_api_to_s3.py
[2026-02-17T23:50:03.116+0000] {processor.py:830} INFO - Processing file /opt/airflow/dags/boston_api_to_s3.py for tasks to queue
[2026-02-17T23:50:03.118+0000] {logging_mixin.py:188} INFO - [2026-02-17T23:50:03.118+0000] {dagbag.py:538} INFO - Filling up the DagBag from /opt/airflow/dags/boston_api_to_s3.py
[2026-02-17T23:50:03.125+0000] {processor.py:840} INFO - DAG(s) 'boston_api_to_s3' retrieved from /opt/airflow/dags/boston_api_to_s3.py
[2026-02-17T23:50:03.143+0000] {logging_mixin.py:188} INFO - [2026-02-17T23:50:03.143+0000] {dag.py:3036} INFO - Sync 1 DAGs
[2026-02-17T23:50:03.151+0000] {logging_mixin.py:188} INFO - [2026-02-17T23:50:03.150+0000] {dag.py:3823} INFO - Setting next_dagrun for boston_api_to_s3 to None, run_after=None
[2026-02-17T23:50:03.158+0000] {processor.py:183} INFO - Processing /opt/airflow/dags/boston_api_to_s3.py took 0.053 seconds
[2026-02-17T23:50:33.793+0000] {processor.py:161} INFO - Started process (PID=2300) to work on /opt/airflow/dags/boston_api_to_s3.py
[2026-02-17T23:50:33.794+0000] {processor.py:830} INFO - Processing file /opt/airflow/dags/boston_api_to_s3.py for tasks to queue
[2026-02-17T23:50:33.796+0000] {logging_mixin.py:188} INFO - [2026-02-17T23:50:33.796+0000] {dagbag.py:538} INFO - Filling up the DagBag from /opt/airflow/dags/boston_api_to_s3.py
[2026-02-17T23:50:33.802+0000] {processor.py:840} INFO - DAG(s) 'boston_api_to_s3' retrieved from /opt/airflow/dags/boston_api_to_s3.py
[2026-02-17T23:50:33.816+0000] {logging_mixin.py:188} INFO - [2026-02-17T23:50:33.816+0000] {dag.py:3036} INFO - Sync 1 DAGs
[2026-02-17T23:50:33.823+0000] {logging_mixin.py:188} INFO - [2026-02-17T23:50:33.822+0000] {dag.py:3823} INFO - Setting next_dagrun for boston_api_to_s3 to None, run_after=None
[2026-02-17T23:50:33.830+0000] {processor.py:183} INFO - Processing /opt/airflow/dags/boston_api_to_s3.py took 0.042 seconds
[2026-02-17T23:51:04.441+0000] {processor.py:161} INFO - Started process (PID=2356) to work on /opt/airflow/dags/boston_api_to_s3.py
[2026-02-17T23:51:04.442+0000] {processor.py:830} INFO - Processing file /opt/airflow/dags/boston_api_to_s3.py for tasks to queue
[2026-02-17T23:51:04.443+0000] {logging_mixin.py:188} INFO - [2026-02-17T23:51:04.443+0000] {dagbag.py:538} INFO - Filling up the DagBag from /opt/airflow/dags/boston_api_to_s3.py
[2026-02-17T23:51:04.451+0000] {processor.py:840} INFO - DAG(s) 'boston_api_to_s3' retrieved from /opt/airflow/dags/boston_api_to_s3.py
[2026-02-17T23:51:04.461+0000] {logging_mixin.py:188} INFO - [2026-02-17T23:51:04.461+0000] {dag.py:3036} INFO - Sync 1 DAGs
[2026-02-17T23:51:04.467+0000] {logging_mixin.py:188} INFO - [2026-02-17T23:51:04.466+0000] {dag.py:3823} INFO - Setting next_dagrun for boston_api_to_s3 to None, run_after=None
[2026-02-17T23:51:04.474+0000] {processor.py:183} INFO - Processing /opt/airflow/dags/boston_api_to_s3.py took 0.035 seconds
[2026-02-17T23:51:34.980+0000] {processor.py:161} INFO - Started process (PID=2412) to work on /opt/airflow/dags/boston_api_to_s3.py
[2026-02-17T23:51:34.983+0000] {processor.py:830} INFO - Processing file /opt/airflow/dags/boston_api_to_s3.py for tasks to queue
[2026-02-17T23:51:34.985+0000] {logging_mixin.py:188} INFO - [2026-02-17T23:51:34.984+0000] {dagbag.py:538} INFO - Filling up the DagBag from /opt/airflow/dags/boston_api_to_s3.py
[2026-02-17T23:51:34.991+0000] {processor.py:840} INFO - DAG(s) 'boston_api_to_s3' retrieved from /opt/airflow/dags/boston_api_to_s3.py
[2026-02-17T23:51:35.008+0000] {logging_mixin.py:188} INFO - [2026-02-17T23:51:35.008+0000] {dag.py:3036} INFO - Sync 1 DAGs
[2026-02-17T23:51:35.016+0000] {logging_mixin.py:188} INFO - [2026-02-17T23:51:35.015+0000] {dag.py:3823} INFO - Setting next_dagrun for boston_api_to_s3 to None, run_after=None
[2026-02-17T23:51:35.023+0000] {processor.py:183} INFO - Processing /opt/airflow/dags/boston_api_to_s3.py took 0.049 seconds
[2026-02-17T23:52:05.509+0000] {processor.py:161} INFO - Started process (PID=2468) to work on /opt/airflow/dags/boston_api_to_s3.py
[2026-02-17T23:52:05.510+0000] {processor.py:830} INFO - Processing file /opt/airflow/dags/boston_api_to_s3.py for tasks to queue
[2026-02-17T23:52:05.512+0000] {logging_mixin.py:188} INFO - [2026-02-17T23:52:05.511+0000] {dagbag.py:538} INFO - Filling up the DagBag from /opt/airflow/dags/boston_api_to_s3.py
[2026-02-17T23:52:05.517+0000] {processor.py:840} INFO - DAG(s) 'boston_api_to_s3' retrieved from /opt/airflow/dags/boston_api_to_s3.py
[2026-02-17T23:52:05.531+0000] {logging_mixin.py:188} INFO - [2026-02-17T23:52:05.530+0000] {dag.py:3036} INFO - Sync 1 DAGs
[2026-02-17T23:52:05.537+0000] {logging_mixin.py:188} INFO - [2026-02-17T23:52:05.537+0000] {dag.py:3823} INFO - Setting next_dagrun for boston_api_to_s3 to None, run_after=None
[2026-02-17T23:52:05.545+0000] {processor.py:183} INFO - Processing /opt/airflow/dags/boston_api_to_s3.py took 0.040 seconds
[2026-02-17T23:52:36.090+0000] {processor.py:161} INFO - Started process (PID=2524) to work on /opt/airflow/dags/boston_api_to_s3.py
[2026-02-17T23:52:36.093+0000] {processor.py:830} INFO - Processing file /opt/airflow/dags/boston_api_to_s3.py for tasks to queue
[2026-02-17T23:52:36.095+0000] {logging_mixin.py:188} INFO - [2026-02-17T23:52:36.094+0000] {dagbag.py:538} INFO - Filling up the DagBag from /opt/airflow/dags/boston_api_to_s3.py
[2026-02-17T23:52:36.105+0000] {processor.py:840} INFO - DAG(s) 'boston_api_to_s3' retrieved from /opt/airflow/dags/boston_api_to_s3.py
[2026-02-17T23:52:36.129+0000] {logging_mixin.py:188} INFO - [2026-02-17T23:52:36.128+0000] {dag.py:3036} INFO - Sync 1 DAGs
[2026-02-17T23:52:36.142+0000] {logging_mixin.py:188} INFO - [2026-02-17T23:52:36.141+0000] {dag.py:3823} INFO - Setting next_dagrun for boston_api_to_s3 to None, run_after=None
[2026-02-17T23:52:36.155+0000] {processor.py:183} INFO - Processing /opt/airflow/dags/boston_api_to_s3.py took 0.069 seconds
[2026-02-17T23:53:06.793+0000] {processor.py:161} INFO - Started process (PID=2580) to work on /opt/airflow/dags/boston_api_to_s3.py
[2026-02-17T23:53:06.795+0000] {processor.py:830} INFO - Processing file /opt/airflow/dags/boston_api_to_s3.py for tasks to queue
[2026-02-17T23:53:06.796+0000] {logging_mixin.py:188} INFO - [2026-02-17T23:53:06.796+0000] {dagbag.py:538} INFO - Filling up the DagBag from /opt/airflow/dags/boston_api_to_s3.py
[2026-02-17T23:53:06.800+0000] {processor.py:840} INFO - DAG(s) 'boston_api_to_s3' retrieved from /opt/airflow/dags/boston_api_to_s3.py
[2026-02-17T23:53:06.812+0000] {logging_mixin.py:188} INFO - [2026-02-17T23:53:06.812+0000] {dag.py:3036} INFO - Sync 1 DAGs
[2026-02-17T23:53:06.820+0000] {logging_mixin.py:188} INFO - [2026-02-17T23:53:06.820+0000] {dag.py:3823} INFO - Setting next_dagrun for boston_api_to_s3 to None, run_after=None
[2026-02-17T23:53:06.828+0000] {processor.py:183} INFO - Processing /opt/airflow/dags/boston_api_to_s3.py took 0.038 seconds
[2026-02-17T23:53:37.403+0000] {processor.py:161} INFO - Started process (PID=2636) to work on /opt/airflow/dags/boston_api_to_s3.py
[2026-02-17T23:53:37.405+0000] {processor.py:830} INFO - Processing file /opt/airflow/dags/boston_api_to_s3.py for tasks to queue
[2026-02-17T23:53:37.407+0000] {logging_mixin.py:188} INFO - [2026-02-17T23:53:37.406+0000] {dagbag.py:538} INFO - Filling up the DagBag from /opt/airflow/dags/boston_api_to_s3.py
[2026-02-17T23:53:37.413+0000] {processor.py:840} INFO - DAG(s) 'boston_api_to_s3' retrieved from /opt/airflow/dags/boston_api_to_s3.py
[2026-02-17T23:53:37.428+0000] {logging_mixin.py:188} INFO - [2026-02-17T23:53:37.428+0000] {dag.py:3036} INFO - Sync 1 DAGs
[2026-02-17T23:53:37.436+0000] {logging_mixin.py:188} INFO - [2026-02-17T23:53:37.436+0000] {dag.py:3823} INFO - Setting next_dagrun for boston_api_to_s3 to None, run_after=None
[2026-02-17T23:53:37.443+0000] {processor.py:183} INFO - Processing /opt/airflow/dags/boston_api_to_s3.py took 0.045 seconds
[2026-02-17T23:54:07.907+0000] {processor.py:161} INFO - Started process (PID=2692) to work on /opt/airflow/dags/boston_api_to_s3.py
[2026-02-17T23:54:07.909+0000] {processor.py:830} INFO - Processing file /opt/airflow/dags/boston_api_to_s3.py for tasks to queue
[2026-02-17T23:54:07.913+0000] {logging_mixin.py:188} INFO - [2026-02-17T23:54:07.912+0000] {dagbag.py:538} INFO - Filling up the DagBag from /opt/airflow/dags/boston_api_to_s3.py
[2026-02-17T23:54:07.923+0000] {processor.py:840} INFO - DAG(s) 'boston_api_to_s3' retrieved from /opt/airflow/dags/boston_api_to_s3.py
[2026-02-17T23:54:07.953+0000] {logging_mixin.py:188} INFO - [2026-02-17T23:54:07.953+0000] {dag.py:3036} INFO - Sync 1 DAGs
[2026-02-17T23:54:07.961+0000] {logging_mixin.py:188} INFO - [2026-02-17T23:54:07.960+0000] {dag.py:3823} INFO - Setting next_dagrun for boston_api_to_s3 to None, run_after=None
[2026-02-17T23:54:07.969+0000] {processor.py:183} INFO - Processing /opt/airflow/dags/boston_api_to_s3.py took 0.068 seconds
[2026-02-17T23:54:38.340+0000] {processor.py:161} INFO - Started process (PID=2754) to work on /opt/airflow/dags/boston_api_to_s3.py
[2026-02-17T23:54:38.340+0000] {processor.py:830} INFO - Processing file /opt/airflow/dags/boston_api_to_s3.py for tasks to queue
[2026-02-17T23:54:38.342+0000] {logging_mixin.py:188} INFO - [2026-02-17T23:54:38.342+0000] {dagbag.py:538} INFO - Filling up the DagBag from /opt/airflow/dags/boston_api_to_s3.py
[2026-02-17T23:54:38.348+0000] {processor.py:840} INFO - DAG(s) 'boston_api_to_s3' retrieved from /opt/airflow/dags/boston_api_to_s3.py
[2026-02-17T23:54:38.362+0000] {logging_mixin.py:188} INFO - [2026-02-17T23:54:38.362+0000] {dag.py:3036} INFO - Sync 1 DAGs
[2026-02-17T23:54:38.368+0000] {logging_mixin.py:188} INFO - [2026-02-17T23:54:38.368+0000] {dag.py:3823} INFO - Setting next_dagrun for boston_api_to_s3 to None, run_after=None
[2026-02-17T23:54:38.375+0000] {processor.py:183} INFO - Processing /opt/airflow/dags/boston_api_to_s3.py took 0.039 seconds
[2026-02-17T23:55:08.962+0000] {processor.py:161} INFO - Started process (PID=2810) to work on /opt/airflow/dags/boston_api_to_s3.py
[2026-02-17T23:55:08.965+0000] {processor.py:830} INFO - Processing file /opt/airflow/dags/boston_api_to_s3.py for tasks to queue
[2026-02-17T23:55:08.969+0000] {logging_mixin.py:188} INFO - [2026-02-17T23:55:08.969+0000] {dagbag.py:538} INFO - Filling up the DagBag from /opt/airflow/dags/boston_api_to_s3.py
[2026-02-17T23:55:08.979+0000] {processor.py:840} INFO - DAG(s) 'boston_api_to_s3' retrieved from /opt/airflow/dags/boston_api_to_s3.py
[2026-02-17T23:55:09.005+0000] {logging_mixin.py:188} INFO - [2026-02-17T23:55:09.005+0000] {dag.py:3036} INFO - Sync 1 DAGs
[2026-02-17T23:55:09.014+0000] {logging_mixin.py:188} INFO - [2026-02-17T23:55:09.014+0000] {dag.py:3823} INFO - Setting next_dagrun for boston_api_to_s3 to None, run_after=None
[2026-02-17T23:55:09.024+0000] {processor.py:183} INFO - Processing /opt/airflow/dags/boston_api_to_s3.py took 0.068 seconds
[2026-02-17T23:55:39.714+0000] {processor.py:161} INFO - Started process (PID=2866) to work on /opt/airflow/dags/boston_api_to_s3.py
[2026-02-17T23:55:39.716+0000] {processor.py:830} INFO - Processing file /opt/airflow/dags/boston_api_to_s3.py for tasks to queue
[2026-02-17T23:55:39.717+0000] {logging_mixin.py:188} INFO - [2026-02-17T23:55:39.717+0000] {dagbag.py:538} INFO - Filling up the DagBag from /opt/airflow/dags/boston_api_to_s3.py
[2026-02-17T23:55:39.725+0000] {processor.py:840} INFO - DAG(s) 'boston_api_to_s3' retrieved from /opt/airflow/dags/boston_api_to_s3.py
[2026-02-17T23:55:39.748+0000] {logging_mixin.py:188} INFO - [2026-02-17T23:55:39.748+0000] {dag.py:3036} INFO - Sync 1 DAGs
[2026-02-17T23:55:39.755+0000] {logging_mixin.py:188} INFO - [2026-02-17T23:55:39.755+0000] {dag.py:3823} INFO - Setting next_dagrun for boston_api_to_s3 to None, run_after=None
[2026-02-17T23:55:39.764+0000] {processor.py:183} INFO - Processing /opt/airflow/dags/boston_api_to_s3.py took 0.052 seconds
[2026-02-17T23:56:10.444+0000] {processor.py:161} INFO - Started process (PID=2922) to work on /opt/airflow/dags/boston_api_to_s3.py
[2026-02-17T23:56:10.445+0000] {processor.py:830} INFO - Processing file /opt/airflow/dags/boston_api_to_s3.py for tasks to queue
[2026-02-17T23:56:10.447+0000] {logging_mixin.py:188} INFO - [2026-02-17T23:56:10.447+0000] {dagbag.py:538} INFO - Filling up the DagBag from /opt/airflow/dags/boston_api_to_s3.py
[2026-02-17T23:56:10.453+0000] {processor.py:840} INFO - DAG(s) 'boston_api_to_s3' retrieved from /opt/airflow/dags/boston_api_to_s3.py
[2026-02-17T23:56:10.468+0000] {logging_mixin.py:188} INFO - [2026-02-17T23:56:10.468+0000] {dag.py:3036} INFO - Sync 1 DAGs
[2026-02-17T23:56:10.476+0000] {logging_mixin.py:188} INFO - [2026-02-17T23:56:10.476+0000] {dag.py:3823} INFO - Setting next_dagrun for boston_api_to_s3 to None, run_after=None
[2026-02-17T23:56:10.483+0000] {processor.py:183} INFO - Processing /opt/airflow/dags/boston_api_to_s3.py took 0.043 seconds
[2026-02-17T23:56:40.888+0000] {processor.py:161} INFO - Started process (PID=2978) to work on /opt/airflow/dags/boston_api_to_s3.py
[2026-02-17T23:56:40.890+0000] {processor.py:830} INFO - Processing file /opt/airflow/dags/boston_api_to_s3.py for tasks to queue
[2026-02-17T23:56:40.893+0000] {logging_mixin.py:188} INFO - [2026-02-17T23:56:40.892+0000] {dagbag.py:538} INFO - Filling up the DagBag from /opt/airflow/dags/boston_api_to_s3.py
[2026-02-17T23:56:40.900+0000] {processor.py:840} INFO - DAG(s) 'boston_api_to_s3' retrieved from /opt/airflow/dags/boston_api_to_s3.py
[2026-02-17T23:56:40.916+0000] {logging_mixin.py:188} INFO - [2026-02-17T23:56:40.916+0000] {dag.py:3036} INFO - Sync 1 DAGs
[2026-02-17T23:56:40.924+0000] {logging_mixin.py:188} INFO - [2026-02-17T23:56:40.924+0000] {dag.py:3823} INFO - Setting next_dagrun for boston_api_to_s3 to None, run_after=None
[2026-02-17T23:56:40.933+0000] {processor.py:183} INFO - Processing /opt/airflow/dags/boston_api_to_s3.py took 0.049 seconds
[2026-02-17T23:57:11.620+0000] {processor.py:161} INFO - Started process (PID=3033) to work on /opt/airflow/dags/boston_api_to_s3.py
[2026-02-17T23:57:11.623+0000] {processor.py:830} INFO - Processing file /opt/airflow/dags/boston_api_to_s3.py for tasks to queue
[2026-02-17T23:57:11.626+0000] {logging_mixin.py:188} INFO - [2026-02-17T23:57:11.626+0000] {dagbag.py:538} INFO - Filling up the DagBag from /opt/airflow/dags/boston_api_to_s3.py
[2026-02-17T23:57:11.635+0000] {processor.py:840} INFO - DAG(s) 'boston_api_to_s3' retrieved from /opt/airflow/dags/boston_api_to_s3.py
[2026-02-17T23:57:11.654+0000] {logging_mixin.py:188} INFO - [2026-02-17T23:57:11.654+0000] {dag.py:3036} INFO - Sync 1 DAGs
[2026-02-17T23:57:11.661+0000] {logging_mixin.py:188} INFO - [2026-02-17T23:57:11.661+0000] {dag.py:3823} INFO - Setting next_dagrun for boston_api_to_s3 to None, run_after=None
[2026-02-17T23:57:11.670+0000] {processor.py:183} INFO - Processing /opt/airflow/dags/boston_api_to_s3.py took 0.056 seconds
[2026-02-17T23:57:42.082+0000] {processor.py:161} INFO - Started process (PID=3089) to work on /opt/airflow/dags/boston_api_to_s3.py
[2026-02-17T23:57:42.084+0000] {processor.py:830} INFO - Processing file /opt/airflow/dags/boston_api_to_s3.py for tasks to queue
[2026-02-17T23:57:42.087+0000] {logging_mixin.py:188} INFO - [2026-02-17T23:57:42.086+0000] {dagbag.py:538} INFO - Filling up the DagBag from /opt/airflow/dags/boston_api_to_s3.py
[2026-02-17T23:57:42.094+0000] {processor.py:840} INFO - DAG(s) 'boston_api_to_s3' retrieved from /opt/airflow/dags/boston_api_to_s3.py
[2026-02-17T23:57:42.109+0000] {logging_mixin.py:188} INFO - [2026-02-17T23:57:42.109+0000] {dag.py:3036} INFO - Sync 1 DAGs
[2026-02-17T23:57:42.116+0000] {logging_mixin.py:188} INFO - [2026-02-17T23:57:42.116+0000] {dag.py:3823} INFO - Setting next_dagrun for boston_api_to_s3 to None, run_after=None
[2026-02-17T23:57:42.123+0000] {processor.py:183} INFO - Processing /opt/airflow/dags/boston_api_to_s3.py took 0.046 seconds
[2026-02-17T23:58:12.514+0000] {processor.py:161} INFO - Started process (PID=3145) to work on /opt/airflow/dags/boston_api_to_s3.py
[2026-02-17T23:58:12.515+0000] {processor.py:830} INFO - Processing file /opt/airflow/dags/boston_api_to_s3.py for tasks to queue
[2026-02-17T23:58:12.516+0000] {logging_mixin.py:188} INFO - [2026-02-17T23:58:12.516+0000] {dagbag.py:538} INFO - Filling up the DagBag from /opt/airflow/dags/boston_api_to_s3.py
[2026-02-17T23:58:12.520+0000] {processor.py:840} INFO - DAG(s) 'boston_api_to_s3' retrieved from /opt/airflow/dags/boston_api_to_s3.py
[2026-02-17T23:58:12.533+0000] {logging_mixin.py:188} INFO - [2026-02-17T23:58:12.532+0000] {dag.py:3036} INFO - Sync 1 DAGs
[2026-02-17T23:58:12.538+0000] {logging_mixin.py:188} INFO - [2026-02-17T23:58:12.538+0000] {dag.py:3823} INFO - Setting next_dagrun for boston_api_to_s3 to None, run_after=None
[2026-02-17T23:58:12.546+0000] {processor.py:183} INFO - Processing /opt/airflow/dags/boston_api_to_s3.py took 0.034 seconds
[2026-02-17T23:58:42.996+0000] {processor.py:161} INFO - Started process (PID=3201) to work on /opt/airflow/dags/boston_api_to_s3.py
[2026-02-17T23:58:42.998+0000] {processor.py:830} INFO - Processing file /opt/airflow/dags/boston_api_to_s3.py for tasks to queue
[2026-02-17T23:58:43.000+0000] {logging_mixin.py:188} INFO - [2026-02-17T23:58:43.000+0000] {dagbag.py:538} INFO - Filling up the DagBag from /opt/airflow/dags/boston_api_to_s3.py
[2026-02-17T23:58:43.006+0000] {processor.py:840} INFO - DAG(s) 'boston_api_to_s3' retrieved from /opt/airflow/dags/boston_api_to_s3.py
[2026-02-17T23:58:43.021+0000] {logging_mixin.py:188} INFO - [2026-02-17T23:58:43.021+0000] {dag.py:3036} INFO - Sync 1 DAGs
[2026-02-17T23:58:43.027+0000] {logging_mixin.py:188} INFO - [2026-02-17T23:58:43.027+0000] {dag.py:3823} INFO - Setting next_dagrun for boston_api_to_s3 to None, run_after=None
[2026-02-17T23:58:43.034+0000] {processor.py:183} INFO - Processing /opt/airflow/dags/boston_api_to_s3.py took 0.043 seconds
[2026-02-17T23:59:13.520+0000] {processor.py:161} INFO - Started process (PID=3257) to work on /opt/airflow/dags/boston_api_to_s3.py
[2026-02-17T23:59:13.522+0000] {processor.py:830} INFO - Processing file /opt/airflow/dags/boston_api_to_s3.py for tasks to queue
[2026-02-17T23:59:13.524+0000] {logging_mixin.py:188} INFO - [2026-02-17T23:59:13.524+0000] {dagbag.py:538} INFO - Filling up the DagBag from /opt/airflow/dags/boston_api_to_s3.py
[2026-02-17T23:59:13.530+0000] {processor.py:840} INFO - DAG(s) 'boston_api_to_s3' retrieved from /opt/airflow/dags/boston_api_to_s3.py
[2026-02-17T23:59:13.547+0000] {logging_mixin.py:188} INFO - [2026-02-17T23:59:13.547+0000] {dag.py:3036} INFO - Sync 1 DAGs
[2026-02-17T23:59:13.556+0000] {logging_mixin.py:188} INFO - [2026-02-17T23:59:13.556+0000] {dag.py:3823} INFO - Setting next_dagrun for boston_api_to_s3 to None, run_after=None
[2026-02-17T23:59:13.563+0000] {processor.py:183} INFO - Processing /opt/airflow/dags/boston_api_to_s3.py took 0.048 seconds
[2026-02-17T23:59:44.009+0000] {processor.py:161} INFO - Started process (PID=3313) to work on /opt/airflow/dags/boston_api_to_s3.py
[2026-02-17T23:59:44.010+0000] {processor.py:830} INFO - Processing file /opt/airflow/dags/boston_api_to_s3.py for tasks to queue
[2026-02-17T23:59:44.011+0000] {logging_mixin.py:188} INFO - [2026-02-17T23:59:44.011+0000] {dagbag.py:538} INFO - Filling up the DagBag from /opt/airflow/dags/boston_api_to_s3.py
[2026-02-17T23:59:44.015+0000] {processor.py:840} INFO - DAG(s) 'boston_api_to_s3' retrieved from /opt/airflow/dags/boston_api_to_s3.py
[2026-02-17T23:59:44.024+0000] {logging_mixin.py:188} INFO - [2026-02-17T23:59:44.024+0000] {dag.py:3036} INFO - Sync 1 DAGs
[2026-02-17T23:59:44.029+0000] {logging_mixin.py:188} INFO - [2026-02-17T23:59:44.029+0000] {dag.py:3823} INFO - Setting next_dagrun for boston_api_to_s3 to None, run_after=None
[2026-02-17T23:59:44.035+0000] {processor.py:183} INFO - Processing /opt/airflow/dags/boston_api_to_s3.py took 0.030 seconds
