[2026-02-20T03:08:17.973+0000] {taskinstance.py:1956} INFO - Dependencies all met for dep_context=non-requeueable deps ti=<TaskInstance: housing_api_to_s3_to_snowflake.load_to_snowflake manual__2026-02-20T03:02:34.400985+00:00 [queued]>
[2026-02-20T03:08:17.976+0000] {taskinstance.py:1956} INFO - Dependencies all met for dep_context=requeueable deps ti=<TaskInstance: housing_api_to_s3_to_snowflake.load_to_snowflake manual__2026-02-20T03:02:34.400985+00:00 [queued]>
[2026-02-20T03:08:17.976+0000] {taskinstance.py:2170} INFO - Starting attempt 2 of 2
[2026-02-20T03:08:17.981+0000] {taskinstance.py:2191} INFO - Executing <Task(PythonOperator): load_to_snowflake> on 2026-02-20 03:02:34.400985+00:00
[2026-02-20T03:08:17.984+0000] {standard_task_runner.py:60} INFO - Started process 4180 to run task
[2026-02-20T03:08:17.990+0000] {standard_task_runner.py:87} INFO - Running: ['***', 'tasks', 'run', 'housing_api_to_s3_to_snowflake', 'load_to_snowflake', 'manual__2026-02-20T03:02:34.400985+00:00', '--job-id', '193', '--raw', '--subdir', 'DAGS_FOLDER/housing_api_ro_s3_to_snowflake.py', '--cfg-path', '/tmp/tmpia930g_3']
[2026-02-20T03:08:17.993+0000] {standard_task_runner.py:88} INFO - Job 193: Subtask load_to_snowflake
[2026-02-20T03:08:18.017+0000] {task_command.py:423} INFO - Running <TaskInstance: housing_api_to_s3_to_snowflake.load_to_snowflake manual__2026-02-20T03:02:34.400985+00:00 [running]> on host 6f9247237071
[2026-02-20T03:08:18.054+0000] {taskinstance.py:2480} INFO - Exporting env vars: AIRFLOW_CTX_DAG_OWNER='***' AIRFLOW_CTX_DAG_ID='housing_api_to_s3_to_snowflake' AIRFLOW_CTX_TASK_ID='load_to_snowflake' AIRFLOW_CTX_EXECUTION_DATE='2026-02-20T03:02:34.400985+00:00' AIRFLOW_CTX_TRY_NUMBER='2' AIRFLOW_CTX_DAG_RUN_ID='manual__2026-02-20T03:02:34.400985+00:00'
[2026-02-20T03:08:18.068+0000] {base.py:83} INFO - Using connection ID 'aws_default' for task execution.
[2026-02-20T03:08:18.069+0000] {connection.py:370} INFO - Snowflake Connector for Python Version: 3.6.0, Python Version: 3.8.18, Platform: Linux-6.12.67-linuxkit-aarch64-with-glibc2.34
[2026-02-20T03:08:18.069+0000] {connection.py:1171} INFO - This connection is in OCSP Fail Open Mode. TLS Certificates would be checked for validity and revocation status. Any other Certificate Revocation related exceptions or OCSP Responder failures would be disregarded in favor of connectivity.
[2026-02-20T03:08:18.069+0000] {connection.py:1181} INFO - THIS CONNECTION IS IN INSECURE MODE. IT MEANS THE CERTIFICATE WILL BE VALIDATED BUT THE CERTIFICATE REVOCATION STATUS WILL NOT BE CHECKED.
[2026-02-20T03:08:18.359+0000] {ssl_wrap_socket.py:100} INFO - THIS CONNECTION IS IN INSECURE MODE. IT MEANS THE CERTIFICATE WILL BE VALIDATED BUT THE CERTIFICATE REVOCATION STATUS WILL NOT BE CHECKED.
[2026-02-20T03:08:18.788+0000] {logging_mixin.py:188} INFO - Setting schema to STAGE...
[2026-02-20T03:08:18.788+0000] {cursor.py:1028} INFO - query: [USE SCHEMA NEIGHBOURWISE_DOMAINS.STAGE]
[2026-02-20T03:08:19.022+0000] {cursor.py:1041} INFO - query execution done
[2026-02-20T03:08:19.022+0000] {cursor.py:1205} INFO - Number of results in first chunk: 1
[2026-02-20T03:08:19.023+0000] {logging_mixin.py:188} INFO - Creating temporary staging table...
[2026-02-20T03:08:19.023+0000] {cursor.py:1028} INFO - query: [CREATE OR REPLACE TEMPORARY TABLE HOUSING_TEMP LIKE NEIGHBOURWISE_DOMAINS.STAGE....]
[2026-02-20T03:08:20.271+0000] {cursor.py:1041} INFO - query execution done
[2026-02-20T03:08:20.272+0000] {cursor.py:1205} INFO - Number of results in first chunk: 1
[2026-02-20T03:08:20.272+0000] {logging_mixin.py:188} INFO - Loading data from s3://neighborwise-ai-s3-bucket/housing/housing_20260220T030234.csv into temp table
[2026-02-20T03:08:20.273+0000] {cursor.py:1028} INFO - query: [COPY INTO HOUSING_TEMP FROM 's3://neighborwise-ai-s3-bucket/housing/housing_2026...]
[2026-02-20T03:08:22.803+0000] {cursor.py:1041} INFO - query execution done
[2026-02-20T03:08:22.827+0000] {logging_mixin.py:188} INFO - Error loading data: 100074 (54000): 01c287bc-0307-d5c0-001a-e443002636e2: User character length limit (10) exceeded by string 'SWITZERLAND'
  File 'housing/housing_20260220T030234.csv', line 41574, character 186
  Row 41573, column "HOUSING_TEMP"["MAIL_STATE":22]
  If you would like to continue loading when an error is encountered, use other values such as 'SKIP_FILE' or 'CONTINUE' for the ON_ERROR option. For more information on loading options, please run 'info loading_data' in a SQL client.
[2026-02-20T03:08:22.828+0000] {connection.py:718} INFO - closed
[2026-02-20T03:08:22.955+0000] {connection.py:724} INFO - No async queries seem to be running, deleting session
[2026-02-20T03:08:23.185+0000] {taskinstance.py:2698} ERROR - Task failed with exception
Traceback (most recent call last):
  File "/home/airflow/.local/lib/python3.8/site-packages/airflow/models/taskinstance.py", line 433, in _execute_task
    result = execute_callable(context=context, **execute_callable_kwargs)
  File "/home/airflow/.local/lib/python3.8/site-packages/airflow/operators/python.py", line 199, in execute
    return_value = self.execute_callable()
  File "/home/airflow/.local/lib/python3.8/site-packages/airflow/operators/python.py", line 216, in execute_callable
    return self.python_callable(*self.op_args, **self.op_kwargs)
  File "/opt/airflow/dags/housing_api_ro_s3_to_snowflake.py", line 284, in load_s3_to_snowflake
    cursor.execute(copy_sql)
  File "/home/airflow/.local/lib/python3.8/site-packages/snowflake/connector/cursor.py", line 1132, in execute
    Error.errorhandler_wrapper(self.connection, self, error_class, errvalue)
  File "/home/airflow/.local/lib/python3.8/site-packages/snowflake/connector/errors.py", line 290, in errorhandler_wrapper
    handed_over = Error.hand_to_other_handler(
  File "/home/airflow/.local/lib/python3.8/site-packages/snowflake/connector/errors.py", line 345, in hand_to_other_handler
    cursor.errorhandler(connection, cursor, error_class, error_value)
  File "/home/airflow/.local/lib/python3.8/site-packages/snowflake/connector/errors.py", line 221, in default_errorhandler
    raise error_class(
snowflake.connector.errors.ProgrammingError: 100074 (54000): 01c287bc-0307-d5c0-001a-e443002636e2: User character length limit (10) exceeded by string 'SWITZERLAND'
  File 'housing/housing_20260220T030234.csv', line 41574, character 186
  Row 41573, column "HOUSING_TEMP"["MAIL_STATE":22]
  If you would like to continue loading when an error is encountered, use other values such as 'SKIP_FILE' or 'CONTINUE' for the ON_ERROR option. For more information on loading options, please run 'info loading_data' in a SQL client.
[2026-02-20T03:08:23.197+0000] {taskinstance.py:1138} INFO - Marking task as FAILED. dag_id=housing_api_to_s3_to_snowflake, task_id=load_to_snowflake, execution_date=20260220T030234, start_date=20260220T030817, end_date=20260220T030823
[2026-02-20T03:08:23.214+0000] {standard_task_runner.py:107} ERROR - Failed to execute job 193 for task load_to_snowflake (100074 (54000): 01c287bc-0307-d5c0-001a-e443002636e2: User character length limit (10) exceeded by string 'SWITZERLAND'
  File 'housing/housing_20260220T030234.csv', line 41574, character 186
  Row 41573, column "HOUSING_TEMP"["MAIL_STATE":22]
  If you would like to continue loading when an error is encountered, use other values such as 'SKIP_FILE' or 'CONTINUE' for the ON_ERROR option. For more information on loading options, please run 'info loading_data' in a SQL client.; 4180)
[2026-02-20T03:08:23.274+0000] {local_task_job_runner.py:234} INFO - Task exited with return code 1
[2026-02-20T03:08:23.292+0000] {taskinstance.py:3280} INFO - 0 downstream tasks scheduled from follow-on schedule check
