[2026-03-17T16:15:10.252+0000] {taskinstance.py:1956} INFO - Dependencies all met for dep_context=non-requeueable deps ti=<TaskInstance: somerville_crime_to_s3_to_snowflake.fetch_and_convert manual__2026-03-17T16:15:08.807401+00:00 [queued]>
[2026-03-17T16:15:10.255+0000] {taskinstance.py:1956} INFO - Dependencies all met for dep_context=requeueable deps ti=<TaskInstance: somerville_crime_to_s3_to_snowflake.fetch_and_convert manual__2026-03-17T16:15:08.807401+00:00 [queued]>
[2026-03-17T16:15:10.255+0000] {taskinstance.py:2170} INFO - Starting attempt 1 of 2
[2026-03-17T16:15:10.258+0000] {taskinstance.py:2191} INFO - Executing <Task(PythonOperator): fetch_and_convert> on 2026-03-17 16:15:08.807401+00:00
[2026-03-17T16:15:10.262+0000] {standard_task_runner.py:60} INFO - Started process 168 to run task
[2026-03-17T16:15:10.264+0000] {standard_task_runner.py:87} INFO - Running: ['***', 'tasks', 'run', 'somerville_crime_to_s3_to_snowflake', 'fetch_and_convert', 'manual__2026-03-17T16:15:08.807401+00:00', '--job-id', '347', '--raw', '--subdir', 'DAGS_FOLDER/somerville_api_to_s3_to_snowflake.py', '--cfg-path', '/tmp/tmplq6uk7yr']
[2026-03-17T16:15:10.264+0000] {standard_task_runner.py:88} INFO - Job 347: Subtask fetch_and_convert
[2026-03-17T16:15:10.283+0000] {task_command.py:423} INFO - Running <TaskInstance: somerville_crime_to_s3_to_snowflake.fetch_and_convert manual__2026-03-17T16:15:08.807401+00:00 [running]> on host 19d83aa9a1d3
[2026-03-17T16:15:10.306+0000] {taskinstance.py:2480} INFO - Exporting env vars: AIRFLOW_CTX_DAG_OWNER='***' AIRFLOW_CTX_DAG_ID='somerville_crime_to_s3_to_snowflake' AIRFLOW_CTX_TASK_ID='fetch_and_convert' AIRFLOW_CTX_EXECUTION_DATE='2026-03-17T16:15:08.807401+00:00' AIRFLOW_CTX_TRY_NUMBER='1' AIRFLOW_CTX_DAG_RUN_ID='manual__2026-03-17T16:15:08.807401+00:00'
[2026-03-17T16:15:10.310+0000] {logging_mixin.py:188} INFO - Fetching Somerville crime data from Socrata API
[2026-03-17T16:15:10.310+0000] {logging_mixin.py:188} INFO -   Fetching records 0 to 10000...
[2026-03-17T16:15:14.883+0000] {logging_mixin.py:188} INFO -   Fetched 10000 records. Total so far: 10000
[2026-03-17T16:15:14.884+0000] {logging_mixin.py:188} INFO -   Fetching records 10000 to 20000...
[2026-03-17T16:15:28.541+0000] {logging_mixin.py:188} INFO -   Fetched 10000 records. Total so far: 20000
[2026-03-17T16:15:28.543+0000] {logging_mixin.py:188} INFO -   Fetching records 20000 to 30000...
[2026-03-17T16:15:29.109+0000] {logging_mixin.py:188} INFO -   Fetched 2043 records. Total so far: 22043
[2026-03-17T16:15:29.110+0000] {logging_mixin.py:188} INFO -   Reached last page
[2026-03-17T16:15:29.110+0000] {logging_mixin.py:188} INFO - Finished fetching. Total records: 22043
[2026-03-17T16:15:29.151+0000] {logging_mixin.py:188} INFO - CSV saved to /opt/***/somerville_crime_20260317T161508.csv (22043 rows)
[2026-03-17T16:15:29.168+0000] {python.py:201} INFO - Done. Returned value was: {'csv_path': '/opt/***/somerville_crime_20260317T161508.csv', 'record_count': 22043}
[2026-03-17T16:15:29.174+0000] {taskinstance.py:1138} INFO - Marking task as SUCCESS. dag_id=somerville_crime_to_s3_to_snowflake, task_id=fetch_and_convert, execution_date=20260317T161508, start_date=20260317T161510, end_date=20260317T161529
[2026-03-17T16:15:29.201+0000] {local_task_job_runner.py:234} INFO - Task exited with return code 0
[2026-03-17T16:15:29.211+0000] {taskinstance.py:3280} INFO - 1 downstream tasks scheduled from follow-on schedule check
