[2026-02-26T19:00:48.825+0000] {taskinstance.py:1956} INFO - Dependencies all met for dep_context=non-requeueable deps ti=<TaskInstance: district_mapping_to_s3_to_snowflake.scrape_and_convert manual__2026-02-26T19:00:47.304940+00:00 [queued]>
[2026-02-26T19:00:48.827+0000] {taskinstance.py:1956} INFO - Dependencies all met for dep_context=requeueable deps ti=<TaskInstance: district_mapping_to_s3_to_snowflake.scrape_and_convert manual__2026-02-26T19:00:47.304940+00:00 [queued]>
[2026-02-26T19:00:48.827+0000] {taskinstance.py:2170} INFO - Starting attempt 1 of 2
[2026-02-26T19:00:48.832+0000] {taskinstance.py:2191} INFO - Executing <Task(PythonOperator): scrape_and_convert> on 2026-02-26 19:00:47.304940+00:00
[2026-02-26T19:00:48.835+0000] {standard_task_runner.py:60} INFO - Started process 540 to run task
[2026-02-26T19:00:48.837+0000] {standard_task_runner.py:87} INFO - Running: ['***', 'tasks', 'run', 'district_mapping_to_s3_to_snowflake', 'scrape_and_convert', 'manual__2026-02-26T19:00:47.304940+00:00', '--job-id', '232', '--raw', '--subdir', 'DAGS_FOLDER/district_mapping_to_s3_to_snowflake.py', '--cfg-path', '/tmp/tmpub33ohjt']
[2026-02-26T19:00:48.837+0000] {standard_task_runner.py:88} INFO - Job 232: Subtask scrape_and_convert
[2026-02-26T19:00:48.863+0000] {task_command.py:423} INFO - Running <TaskInstance: district_mapping_to_s3_to_snowflake.scrape_and_convert manual__2026-02-26T19:00:47.304940+00:00 [running]> on host 8d716cccb09b
[2026-02-26T19:00:48.888+0000] {taskinstance.py:2480} INFO - Exporting env vars: AIRFLOW_CTX_DAG_OWNER='***' AIRFLOW_CTX_DAG_ID='district_mapping_to_s3_to_snowflake' AIRFLOW_CTX_TASK_ID='scrape_and_convert' AIRFLOW_CTX_EXECUTION_DATE='2026-02-26T19:00:47.304940+00:00' AIRFLOW_CTX_TRY_NUMBER='1' AIRFLOW_CTX_DAG_RUN_ID='manual__2026-02-26T19:00:47.304940+00:00'
[2026-02-26T19:00:48.889+0000] {logging_mixin.py:188} INFO - Scraping BPD districts from https://police.boston.gov/districts/
[2026-02-26T19:00:49.018+0000] {logging_mixin.py:188} INFO - === RAW SCRAPED DATA ===
[2026-02-26T19:00:49.018+0000] {logging_mixin.py:188} INFO - Total raw records before dedup: 24
[2026-02-26T19:00:49.018+0000] {logging_mixin.py:188} INFO -   A1 -> DOWNTOWN
[2026-02-26T19:00:49.018+0000] {logging_mixin.py:188} INFO -   A15 -> CHARLESTOWN
[2026-02-26T19:00:49.018+0000] {logging_mixin.py:188} INFO -   A7 -> EAST BOSTON
[2026-02-26T19:00:49.018+0000] {logging_mixin.py:188} INFO -   B2 -> ROXBURY
[2026-02-26T19:00:49.018+0000] {logging_mixin.py:188} INFO -   B3 -> MATTAPAN
[2026-02-26T19:00:49.018+0000] {logging_mixin.py:188} INFO -   C6 -> SOUTH BOSTON
[2026-02-26T19:00:49.019+0000] {logging_mixin.py:188} INFO -   C11 -> DORCHESTER
[2026-02-26T19:00:49.019+0000] {logging_mixin.py:188} INFO -   D4 -> SOUTH END
[2026-02-26T19:00:49.019+0000] {logging_mixin.py:188} INFO -   D14 -> BRIGHTON
[2026-02-26T19:00:49.019+0000] {logging_mixin.py:188} INFO -   E5 -> WEST ROXBURY
[2026-02-26T19:00:49.019+0000] {logging_mixin.py:188} INFO -   E13 -> JAMAICA PLAIN
[2026-02-26T19:00:49.019+0000] {logging_mixin.py:188} INFO -   E18 -> HYDE PARK
[2026-02-26T19:00:49.019+0000] {logging_mixin.py:188} INFO -   A1 -> DOWNTOWN
[2026-02-26T19:00:49.019+0000] {logging_mixin.py:188} INFO -   A15 -> CHARLESTOWN
[2026-02-26T19:00:49.019+0000] {logging_mixin.py:188} INFO -   A7 -> EAST BOSTON
[2026-02-26T19:00:49.019+0000] {logging_mixin.py:188} INFO -   B2 -> ROXBURY
[2026-02-26T19:00:49.019+0000] {logging_mixin.py:188} INFO -   B3 -> MATTAPAN
[2026-02-26T19:00:49.019+0000] {logging_mixin.py:188} INFO -   C6 -> SOUTH BOSTON
[2026-02-26T19:00:49.019+0000] {logging_mixin.py:188} INFO -   C11 -> DORCHESTER
[2026-02-26T19:00:49.020+0000] {logging_mixin.py:188} INFO -   D4 -> SOUTH END
[2026-02-26T19:00:49.020+0000] {logging_mixin.py:188} INFO -   D14 -> BRIGHTON
[2026-02-26T19:00:49.020+0000] {logging_mixin.py:188} INFO -   E5 -> WEST ROXBURY
[2026-02-26T19:00:49.020+0000] {logging_mixin.py:188} INFO -   E13 -> JAMAICA PLAIN
[2026-02-26T19:00:49.020+0000] {logging_mixin.py:188} INFO -   E18 -> HYDE PARK
[2026-02-26T19:00:49.020+0000] {logging_mixin.py:188} INFO - === DEDUPLICATED DATA ===
[2026-02-26T19:00:49.020+0000] {logging_mixin.py:188} INFO - Total unique records after dedup: 12
[2026-02-26T19:00:49.020+0000] {logging_mixin.py:188} INFO -   A1 -> DOWNTOWN
[2026-02-26T19:00:49.020+0000] {logging_mixin.py:188} INFO -   A15 -> CHARLESTOWN
[2026-02-26T19:00:49.020+0000] {logging_mixin.py:188} INFO -   A7 -> EAST BOSTON
[2026-02-26T19:00:49.020+0000] {logging_mixin.py:188} INFO -   B2 -> ROXBURY
[2026-02-26T19:00:49.020+0000] {logging_mixin.py:188} INFO -   B3 -> MATTAPAN
[2026-02-26T19:00:49.020+0000] {logging_mixin.py:188} INFO -   C6 -> SOUTH BOSTON
[2026-02-26T19:00:49.021+0000] {logging_mixin.py:188} INFO -   C11 -> DORCHESTER
[2026-02-26T19:00:49.021+0000] {logging_mixin.py:188} INFO -   D4 -> SOUTH END
[2026-02-26T19:00:49.021+0000] {logging_mixin.py:188} INFO -   D14 -> BRIGHTON
[2026-02-26T19:00:49.021+0000] {logging_mixin.py:188} INFO -   E5 -> WEST ROXBURY
[2026-02-26T19:00:49.021+0000] {logging_mixin.py:188} INFO -   E13 -> JAMAICA PLAIN
[2026-02-26T19:00:49.021+0000] {logging_mixin.py:188} INFO -   E18 -> HYDE PARK
[2026-02-26T19:00:49.021+0000] {logging_mixin.py:188} INFO - CSV saved to /opt/***/district_mapping_20260226T190047.csv with 12 records
[2026-02-26T19:00:49.030+0000] {python.py:201} INFO - Done. Returned value was: {'csv_path': '/opt/***/district_mapping_20260226T190047.csv', 'record_count': 12}
[2026-02-26T19:00:49.035+0000] {taskinstance.py:1138} INFO - Marking task as SUCCESS. dag_id=district_mapping_to_s3_to_snowflake, task_id=scrape_and_convert, execution_date=20260226T190047, start_date=20260226T190048, end_date=20260226T190049
[2026-02-26T19:00:49.060+0000] {local_task_job_runner.py:234} INFO - Task exited with return code 0
[2026-02-26T19:00:49.070+0000] {taskinstance.py:3280} INFO - 1 downstream tasks scheduled from follow-on schedule check
