[2026-02-27T22:52:33.726+0000] {processor.py:161} INFO - Started process (PID=67) to work on /opt/airflow/dags/schools_geocoded_s3_to_snowflake.py
[2026-02-27T22:52:33.731+0000] {processor.py:830} INFO - Processing file /opt/airflow/dags/schools_geocoded_s3_to_snowflake.py for tasks to queue
[2026-02-27T22:52:33.734+0000] {logging_mixin.py:188} INFO - [2026-02-27T22:52:33.734+0000] {dagbag.py:538} INFO - Filling up the DagBag from /opt/airflow/dags/schools_geocoded_s3_to_snowflake.py
[2026-02-27T22:52:35.213+0000] {processor.py:840} INFO - DAG(s) 'schools_geocoded_to_s3_to_snowflake' retrieved from /opt/airflow/dags/schools_geocoded_s3_to_snowflake.py
[2026-02-27T22:52:35.390+0000] {logging_mixin.py:188} INFO - [2026-02-27T22:52:35.390+0000] {override.py:1769} INFO - Created Permission View: can edit on DAG:schools_geocoded_to_s3_to_snowflake
[2026-02-27T22:52:35.401+0000] {logging_mixin.py:188} INFO - [2026-02-27T22:52:35.400+0000] {override.py:1769} INFO - Created Permission View: can delete on DAG:schools_geocoded_to_s3_to_snowflake
[2026-02-27T22:52:35.406+0000] {logging_mixin.py:188} INFO - [2026-02-27T22:52:35.405+0000] {override.py:1769} INFO - Created Permission View: can read on DAG:schools_geocoded_to_s3_to_snowflake
[2026-02-27T22:52:35.407+0000] {logging_mixin.py:188} INFO - [2026-02-27T22:52:35.407+0000] {dag.py:3036} INFO - Sync 1 DAGs
[2026-02-27T22:52:35.416+0000] {logging_mixin.py:188} INFO - [2026-02-27T22:52:35.415+0000] {dag.py:3058} INFO - Creating ORM DAG for schools_geocoded_to_s3_to_snowflake
[2026-02-27T22:52:35.416+0000] {logging_mixin.py:188} INFO - [2026-02-27T22:52:35.416+0000] {dag.py:3823} INFO - Setting next_dagrun for schools_geocoded_to_s3_to_snowflake to None, run_after=None
[2026-02-27T22:52:35.429+0000] {processor.py:183} INFO - Processing /opt/airflow/dags/schools_geocoded_s3_to_snowflake.py took 1.712 seconds
[2026-02-27T22:53:05.487+0000] {processor.py:161} INFO - Started process (PID=141) to work on /opt/airflow/dags/schools_geocoded_s3_to_snowflake.py
[2026-02-27T22:53:05.491+0000] {processor.py:830} INFO - Processing file /opt/airflow/dags/schools_geocoded_s3_to_snowflake.py for tasks to queue
[2026-02-27T22:53:05.493+0000] {logging_mixin.py:188} INFO - [2026-02-27T22:53:05.493+0000] {dagbag.py:538} INFO - Filling up the DagBag from /opt/airflow/dags/schools_geocoded_s3_to_snowflake.py
[2026-02-27T22:53:06.182+0000] {processor.py:840} INFO - DAG(s) 'schools_geocoded_to_s3_to_snowflake' retrieved from /opt/airflow/dags/schools_geocoded_s3_to_snowflake.py
[2026-02-27T22:53:06.197+0000] {logging_mixin.py:188} INFO - [2026-02-27T22:53:06.196+0000] {dag.py:3036} INFO - Sync 1 DAGs
[2026-02-27T22:53:06.204+0000] {logging_mixin.py:188} INFO - [2026-02-27T22:53:06.204+0000] {dag.py:3823} INFO - Setting next_dagrun for schools_geocoded_to_s3_to_snowflake to None, run_after=None
[2026-02-27T22:53:06.221+0000] {processor.py:183} INFO - Processing /opt/airflow/dags/schools_geocoded_s3_to_snowflake.py took 0.743 seconds
[2026-02-27T22:53:36.329+0000] {processor.py:161} INFO - Started process (PID=221) to work on /opt/airflow/dags/schools_geocoded_s3_to_snowflake.py
[2026-02-27T22:53:36.330+0000] {processor.py:830} INFO - Processing file /opt/airflow/dags/schools_geocoded_s3_to_snowflake.py for tasks to queue
[2026-02-27T22:53:36.332+0000] {logging_mixin.py:188} INFO - [2026-02-27T22:53:36.332+0000] {dagbag.py:538} INFO - Filling up the DagBag from /opt/airflow/dags/schools_geocoded_s3_to_snowflake.py
[2026-02-27T22:53:36.642+0000] {processor.py:840} INFO - DAG(s) 'schools_geocoded_to_s3_to_snowflake' retrieved from /opt/airflow/dags/schools_geocoded_s3_to_snowflake.py
[2026-02-27T22:53:36.651+0000] {logging_mixin.py:188} INFO - [2026-02-27T22:53:36.651+0000] {dag.py:3036} INFO - Sync 1 DAGs
[2026-02-27T22:53:36.655+0000] {logging_mixin.py:188} INFO - [2026-02-27T22:53:36.655+0000] {dag.py:3823} INFO - Setting next_dagrun for schools_geocoded_to_s3_to_snowflake to None, run_after=None
[2026-02-27T22:53:36.663+0000] {processor.py:183} INFO - Processing /opt/airflow/dags/schools_geocoded_s3_to_snowflake.py took 0.337 seconds
[2026-02-27T22:54:06.836+0000] {processor.py:161} INFO - Started process (PID=295) to work on /opt/airflow/dags/schools_geocoded_s3_to_snowflake.py
[2026-02-27T22:54:06.843+0000] {processor.py:830} INFO - Processing file /opt/airflow/dags/schools_geocoded_s3_to_snowflake.py for tasks to queue
[2026-02-27T22:54:06.853+0000] {logging_mixin.py:188} INFO - [2026-02-27T22:54:06.852+0000] {dagbag.py:538} INFO - Filling up the DagBag from /opt/airflow/dags/schools_geocoded_s3_to_snowflake.py
[2026-02-27T22:54:07.279+0000] {processor.py:840} INFO - DAG(s) 'schools_geocoded_to_s3_to_snowflake' retrieved from /opt/airflow/dags/schools_geocoded_s3_to_snowflake.py
[2026-02-27T22:54:07.294+0000] {logging_mixin.py:188} INFO - [2026-02-27T22:54:07.294+0000] {dag.py:3036} INFO - Sync 1 DAGs
[2026-02-27T22:54:07.300+0000] {logging_mixin.py:188} INFO - [2026-02-27T22:54:07.300+0000] {dag.py:3823} INFO - Setting next_dagrun for schools_geocoded_to_s3_to_snowflake to None, run_after=None
[2026-02-27T22:54:07.308+0000] {processor.py:183} INFO - Processing /opt/airflow/dags/schools_geocoded_s3_to_snowflake.py took 0.481 seconds
[2026-02-27T22:54:30.024+0000] {processor.py:161} INFO - Started process (PID=363) to work on /opt/airflow/dags/schools_geocoded_s3_to_snowflake.py
[2026-02-27T22:54:30.025+0000] {processor.py:830} INFO - Processing file /opt/airflow/dags/schools_geocoded_s3_to_snowflake.py for tasks to queue
[2026-02-27T22:54:30.032+0000] {logging_mixin.py:188} INFO - [2026-02-27T22:54:30.030+0000] {dagbag.py:538} INFO - Filling up the DagBag from /opt/airflow/dags/schools_geocoded_s3_to_snowflake.py
[2026-02-27T22:54:30.277+0000] {processor.py:840} INFO - DAG(s) 'schools_geocoded_to_s3_to_snowflake' retrieved from /opt/airflow/dags/schools_geocoded_s3_to_snowflake.py
[2026-02-27T22:54:30.294+0000] {logging_mixin.py:188} INFO - [2026-02-27T22:54:30.294+0000] {dag.py:3036} INFO - Sync 1 DAGs
[2026-02-27T22:54:30.301+0000] {logging_mixin.py:188} INFO - [2026-02-27T22:54:30.301+0000] {dag.py:3823} INFO - Setting next_dagrun for schools_geocoded_to_s3_to_snowflake to None, run_after=None
[2026-02-27T22:54:30.310+0000] {processor.py:183} INFO - Processing /opt/airflow/dags/schools_geocoded_s3_to_snowflake.py took 0.291 seconds
[2026-02-27T22:55:00.703+0000] {processor.py:161} INFO - Started process (PID=437) to work on /opt/airflow/dags/schools_geocoded_s3_to_snowflake.py
[2026-02-27T22:55:00.704+0000] {processor.py:830} INFO - Processing file /opt/airflow/dags/schools_geocoded_s3_to_snowflake.py for tasks to queue
[2026-02-27T22:55:00.706+0000] {logging_mixin.py:188} INFO - [2026-02-27T22:55:00.706+0000] {dagbag.py:538} INFO - Filling up the DagBag from /opt/airflow/dags/schools_geocoded_s3_to_snowflake.py
[2026-02-27T22:55:00.981+0000] {processor.py:840} INFO - DAG(s) 'schools_geocoded_to_s3_to_snowflake' retrieved from /opt/airflow/dags/schools_geocoded_s3_to_snowflake.py
[2026-02-27T22:55:00.992+0000] {logging_mixin.py:188} INFO - [2026-02-27T22:55:00.992+0000] {dag.py:3036} INFO - Sync 1 DAGs
[2026-02-27T22:55:01.001+0000] {logging_mixin.py:188} INFO - [2026-02-27T22:55:01.001+0000] {dag.py:3823} INFO - Setting next_dagrun for schools_geocoded_to_s3_to_snowflake to None, run_after=None
[2026-02-27T22:55:01.008+0000] {processor.py:183} INFO - Processing /opt/airflow/dags/schools_geocoded_s3_to_snowflake.py took 0.308 seconds
[2026-02-27T22:55:31.501+0000] {processor.py:161} INFO - Started process (PID=511) to work on /opt/airflow/dags/schools_geocoded_s3_to_snowflake.py
[2026-02-27T22:55:31.503+0000] {processor.py:830} INFO - Processing file /opt/airflow/dags/schools_geocoded_s3_to_snowflake.py for tasks to queue
[2026-02-27T22:55:31.506+0000] {logging_mixin.py:188} INFO - [2026-02-27T22:55:31.506+0000] {dagbag.py:538} INFO - Filling up the DagBag from /opt/airflow/dags/schools_geocoded_s3_to_snowflake.py
[2026-02-27T22:55:31.750+0000] {processor.py:840} INFO - DAG(s) 'schools_geocoded_to_s3_to_snowflake' retrieved from /opt/airflow/dags/schools_geocoded_s3_to_snowflake.py
[2026-02-27T22:55:31.763+0000] {logging_mixin.py:188} INFO - [2026-02-27T22:55:31.763+0000] {dag.py:3036} INFO - Sync 1 DAGs
[2026-02-27T22:55:31.769+0000] {logging_mixin.py:188} INFO - [2026-02-27T22:55:31.769+0000] {dag.py:3823} INFO - Setting next_dagrun for schools_geocoded_to_s3_to_snowflake to None, run_after=None
[2026-02-27T22:55:31.776+0000] {processor.py:183} INFO - Processing /opt/airflow/dags/schools_geocoded_s3_to_snowflake.py took 0.290 seconds
[2026-02-27T22:56:02.255+0000] {processor.py:161} INFO - Started process (PID=585) to work on /opt/airflow/dags/schools_geocoded_s3_to_snowflake.py
[2026-02-27T22:56:02.257+0000] {processor.py:830} INFO - Processing file /opt/airflow/dags/schools_geocoded_s3_to_snowflake.py for tasks to queue
[2026-02-27T22:56:02.259+0000] {logging_mixin.py:188} INFO - [2026-02-27T22:56:02.259+0000] {dagbag.py:538} INFO - Filling up the DagBag from /opt/airflow/dags/schools_geocoded_s3_to_snowflake.py
[2026-02-27T22:56:02.501+0000] {processor.py:840} INFO - DAG(s) 'schools_geocoded_to_s3_to_snowflake' retrieved from /opt/airflow/dags/schools_geocoded_s3_to_snowflake.py
[2026-02-27T22:56:02.512+0000] {logging_mixin.py:188} INFO - [2026-02-27T22:56:02.511+0000] {dag.py:3036} INFO - Sync 1 DAGs
[2026-02-27T22:56:02.518+0000] {logging_mixin.py:188} INFO - [2026-02-27T22:56:02.518+0000] {dag.py:3823} INFO - Setting next_dagrun for schools_geocoded_to_s3_to_snowflake to None, run_after=None
[2026-02-27T22:56:02.525+0000] {processor.py:183} INFO - Processing /opt/airflow/dags/schools_geocoded_s3_to_snowflake.py took 0.274 seconds
[2026-02-27T22:56:32.583+0000] {processor.py:161} INFO - Started process (PID=659) to work on /opt/airflow/dags/schools_geocoded_s3_to_snowflake.py
[2026-02-27T22:56:32.585+0000] {processor.py:830} INFO - Processing file /opt/airflow/dags/schools_geocoded_s3_to_snowflake.py for tasks to queue
[2026-02-27T22:56:32.586+0000] {logging_mixin.py:188} INFO - [2026-02-27T22:56:32.586+0000] {dagbag.py:538} INFO - Filling up the DagBag from /opt/airflow/dags/schools_geocoded_s3_to_snowflake.py
[2026-02-27T22:56:32.751+0000] {processor.py:840} INFO - DAG(s) 'schools_geocoded_to_s3_to_snowflake' retrieved from /opt/airflow/dags/schools_geocoded_s3_to_snowflake.py
[2026-02-27T22:56:32.758+0000] {logging_mixin.py:188} INFO - [2026-02-27T22:56:32.758+0000] {dag.py:3036} INFO - Sync 1 DAGs
[2026-02-27T22:56:32.762+0000] {logging_mixin.py:188} INFO - [2026-02-27T22:56:32.762+0000] {dag.py:3823} INFO - Setting next_dagrun for schools_geocoded_to_s3_to_snowflake to None, run_after=None
[2026-02-27T22:56:32.768+0000] {processor.py:183} INFO - Processing /opt/airflow/dags/schools_geocoded_s3_to_snowflake.py took 0.188 seconds
[2026-02-27T22:57:03.101+0000] {processor.py:161} INFO - Started process (PID=733) to work on /opt/airflow/dags/schools_geocoded_s3_to_snowflake.py
[2026-02-27T22:57:03.102+0000] {processor.py:830} INFO - Processing file /opt/airflow/dags/schools_geocoded_s3_to_snowflake.py for tasks to queue
[2026-02-27T22:57:03.106+0000] {logging_mixin.py:188} INFO - [2026-02-27T22:57:03.105+0000] {dagbag.py:538} INFO - Filling up the DagBag from /opt/airflow/dags/schools_geocoded_s3_to_snowflake.py
[2026-02-27T22:57:03.347+0000] {processor.py:840} INFO - DAG(s) 'schools_geocoded_to_s3_to_snowflake' retrieved from /opt/airflow/dags/schools_geocoded_s3_to_snowflake.py
[2026-02-27T22:57:03.360+0000] {logging_mixin.py:188} INFO - [2026-02-27T22:57:03.360+0000] {dag.py:3036} INFO - Sync 1 DAGs
[2026-02-27T22:57:03.369+0000] {logging_mixin.py:188} INFO - [2026-02-27T22:57:03.369+0000] {dag.py:3823} INFO - Setting next_dagrun for schools_geocoded_to_s3_to_snowflake to None, run_after=None
[2026-02-27T22:57:03.376+0000] {processor.py:183} INFO - Processing /opt/airflow/dags/schools_geocoded_s3_to_snowflake.py took 0.281 seconds
[2026-02-27T22:57:33.935+0000] {processor.py:161} INFO - Started process (PID=807) to work on /opt/airflow/dags/schools_geocoded_s3_to_snowflake.py
[2026-02-27T22:57:33.935+0000] {processor.py:830} INFO - Processing file /opt/airflow/dags/schools_geocoded_s3_to_snowflake.py for tasks to queue
[2026-02-27T22:57:33.937+0000] {logging_mixin.py:188} INFO - [2026-02-27T22:57:33.937+0000] {dagbag.py:538} INFO - Filling up the DagBag from /opt/airflow/dags/schools_geocoded_s3_to_snowflake.py
[2026-02-27T22:57:34.107+0000] {processor.py:840} INFO - DAG(s) 'schools_geocoded_to_s3_to_snowflake' retrieved from /opt/airflow/dags/schools_geocoded_s3_to_snowflake.py
[2026-02-27T22:57:34.114+0000] {logging_mixin.py:188} INFO - [2026-02-27T22:57:34.114+0000] {dag.py:3036} INFO - Sync 1 DAGs
[2026-02-27T22:57:34.120+0000] {logging_mixin.py:188} INFO - [2026-02-27T22:57:34.120+0000] {dag.py:3823} INFO - Setting next_dagrun for schools_geocoded_to_s3_to_snowflake to None, run_after=None
[2026-02-27T22:57:34.126+0000] {processor.py:183} INFO - Processing /opt/airflow/dags/schools_geocoded_s3_to_snowflake.py took 0.192 seconds
[2026-02-27T22:58:04.507+0000] {processor.py:161} INFO - Started process (PID=881) to work on /opt/airflow/dags/schools_geocoded_s3_to_snowflake.py
[2026-02-27T22:58:04.508+0000] {processor.py:830} INFO - Processing file /opt/airflow/dags/schools_geocoded_s3_to_snowflake.py for tasks to queue
[2026-02-27T22:58:04.509+0000] {logging_mixin.py:188} INFO - [2026-02-27T22:58:04.509+0000] {dagbag.py:538} INFO - Filling up the DagBag from /opt/airflow/dags/schools_geocoded_s3_to_snowflake.py
[2026-02-27T22:58:04.741+0000] {processor.py:840} INFO - DAG(s) 'schools_geocoded_to_s3_to_snowflake' retrieved from /opt/airflow/dags/schools_geocoded_s3_to_snowflake.py
[2026-02-27T22:58:04.756+0000] {logging_mixin.py:188} INFO - [2026-02-27T22:58:04.755+0000] {dag.py:3036} INFO - Sync 1 DAGs
[2026-02-27T22:58:04.763+0000] {logging_mixin.py:188} INFO - [2026-02-27T22:58:04.763+0000] {dag.py:3823} INFO - Setting next_dagrun for schools_geocoded_to_s3_to_snowflake to None, run_after=None
[2026-02-27T22:58:04.771+0000] {processor.py:183} INFO - Processing /opt/airflow/dags/schools_geocoded_s3_to_snowflake.py took 0.267 seconds
[2026-02-27T22:58:35.383+0000] {processor.py:161} INFO - Started process (PID=955) to work on /opt/airflow/dags/schools_geocoded_s3_to_snowflake.py
[2026-02-27T22:58:35.385+0000] {processor.py:830} INFO - Processing file /opt/airflow/dags/schools_geocoded_s3_to_snowflake.py for tasks to queue
[2026-02-27T22:58:35.388+0000] {logging_mixin.py:188} INFO - [2026-02-27T22:58:35.388+0000] {dagbag.py:538} INFO - Filling up the DagBag from /opt/airflow/dags/schools_geocoded_s3_to_snowflake.py
[2026-02-27T22:58:35.578+0000] {processor.py:840} INFO - DAG(s) 'schools_geocoded_to_s3_to_snowflake' retrieved from /opt/airflow/dags/schools_geocoded_s3_to_snowflake.py
[2026-02-27T22:58:35.707+0000] {logging_mixin.py:188} INFO - [2026-02-27T22:58:35.707+0000] {dag.py:3036} INFO - Sync 1 DAGs
[2026-02-27T22:58:35.712+0000] {logging_mixin.py:188} INFO - [2026-02-27T22:58:35.712+0000] {dag.py:3823} INFO - Setting next_dagrun for schools_geocoded_to_s3_to_snowflake to None, run_after=None
[2026-02-27T22:58:35.719+0000] {processor.py:183} INFO - Processing /opt/airflow/dags/schools_geocoded_s3_to_snowflake.py took 0.341 seconds
