[2026-02-18T02:25:22.083+0000] {taskinstance.py:1956} INFO - Dependencies all met for dep_context=non-requeueable deps ti=<TaskInstance: boston_api_to_s3_to_snowflake.create_snowflake_table manual__2026-02-18T02:25:16.042749+00:00 [queued]>
[2026-02-18T02:25:22.086+0000] {taskinstance.py:1956} INFO - Dependencies all met for dep_context=requeueable deps ti=<TaskInstance: boston_api_to_s3_to_snowflake.create_snowflake_table manual__2026-02-18T02:25:16.042749+00:00 [queued]>
[2026-02-18T02:25:22.086+0000] {taskinstance.py:2170} INFO - Starting attempt 1 of 2
[2026-02-18T02:25:22.089+0000] {taskinstance.py:2191} INFO - Executing <Task(PythonOperator): create_snowflake_table> on 2026-02-18 02:25:16.042749+00:00
[2026-02-18T02:25:22.092+0000] {standard_task_runner.py:60} INFO - Started process 194 to run task
[2026-02-18T02:25:22.094+0000] {standard_task_runner.py:87} INFO - Running: ['***', 'tasks', 'run', 'boston_api_to_s3_to_snowflake', 'create_snowflake_table', 'manual__2026-02-18T02:25:16.042749+00:00', '--job-id', '40', '--raw', '--subdir', 'DAGS_FOLDER/boston_api_to_s3.py', '--cfg-path', '/tmp/tmpvybop1mw']
[2026-02-18T02:25:22.095+0000] {standard_task_runner.py:88} INFO - Job 40: Subtask create_snowflake_table
[2026-02-18T02:25:22.116+0000] {task_command.py:423} INFO - Running <TaskInstance: boston_api_to_s3_to_snowflake.create_snowflake_table manual__2026-02-18T02:25:16.042749+00:00 [running]> on host 0469b07bdd65
[2026-02-18T02:25:22.136+0000] {taskinstance.py:2480} INFO - Exporting env vars: AIRFLOW_CTX_DAG_OWNER='***' AIRFLOW_CTX_DAG_ID='boston_api_to_s3_to_snowflake' AIRFLOW_CTX_TASK_ID='create_snowflake_table' AIRFLOW_CTX_EXECUTION_DATE='2026-02-18T02:25:16.042749+00:00' AIRFLOW_CTX_TRY_NUMBER='1' AIRFLOW_CTX_DAG_RUN_ID='manual__2026-02-18T02:25:16.042749+00:00'
[2026-02-18T02:25:22.137+0000] {connection.py:370} INFO - Snowflake Connector for Python Version: 3.6.0, Python Version: 3.8.18, Platform: Linux-6.12.67-linuxkit-aarch64-with-glibc2.34
[2026-02-18T02:25:22.137+0000] {connection.py:1171} INFO - This connection is in OCSP Fail Open Mode. TLS Certificates would be checked for validity and revocation status. Any other Certificate Revocation related exceptions or OCSP Responder failures would be disregarded in favor of connectivity.
[2026-02-18T02:25:22.138+0000] {connection.py:1181} INFO - THIS CONNECTION IS IN INSECURE MODE. IT MEANS THE CERTIFICATE WILL BE VALIDATED BUT THE CERTIFICATE REVOCATION STATUS WILL NOT BE CHECKED.
[2026-02-18T02:25:22.412+0000] {ssl_wrap_socket.py:100} INFO - THIS CONNECTION IS IN INSECURE MODE. IT MEANS THE CERTIFICATE WILL BE VALIDATED BUT THE CERTIFICATE REVOCATION STATUS WILL NOT BE CHECKED.
[2026-02-18T02:25:22.978+0000] {logging_mixin.py:188} INFO - Creating Snowflake table BOSTON_CRIME_DATA
[2026-02-18T02:25:22.979+0000] {cursor.py:1028} INFO - query: [CREATE TABLE IF NOT EXISTS NEIGHBOURWISE_DOMAINS.STAGE.BOSTON_CRIME_DATA ( _ID N...]
[2026-02-18T02:25:23.709+0000] {cursor.py:1041} INFO - query execution done
[2026-02-18T02:25:23.710+0000] {cursor.py:1205} INFO - Number of results in first chunk: 1
[2026-02-18T02:25:23.710+0000] {logging_mixin.py:188} INFO - Table BOSTON_CRIME_DATA created or already exists
[2026-02-18T02:25:23.711+0000] {connection.py:718} INFO - closed
[2026-02-18T02:25:23.882+0000] {connection.py:724} INFO - No async queries seem to be running, deleting session
[2026-02-18T02:25:24.058+0000] {python.py:201} INFO - Done. Returned value was: Table ready
[2026-02-18T02:25:24.066+0000] {taskinstance.py:1138} INFO - Marking task as SUCCESS. dag_id=boston_api_to_s3_to_snowflake, task_id=create_snowflake_table, execution_date=20260218T022516, start_date=20260218T022522, end_date=20260218T022524
[2026-02-18T02:25:24.085+0000] {local_task_job_runner.py:234} INFO - Task exited with return code 0
[2026-02-18T02:25:24.094+0000] {taskinstance.py:3280} INFO - 1 downstream tasks scheduled from follow-on schedule check
