[2026-03-18T15:59:53.324+0000] {taskinstance.py:1956} INFO - Dependencies all met for dep_context=non-requeueable deps ti=<TaskInstance: somerville_crime_to_s3_to_snowflake.load_to_snowflake manual__2026-03-18T15:59:30.575010+00:00 [queued]>
[2026-03-18T15:59:53.326+0000] {taskinstance.py:1956} INFO - Dependencies all met for dep_context=requeueable deps ti=<TaskInstance: somerville_crime_to_s3_to_snowflake.load_to_snowflake manual__2026-03-18T15:59:30.575010+00:00 [queued]>
[2026-03-18T15:59:53.327+0000] {taskinstance.py:2170} INFO - Starting attempt 1 of 2
[2026-03-18T15:59:53.331+0000] {taskinstance.py:2191} INFO - Executing <Task(PythonOperator): load_to_snowflake> on 2026-03-18 15:59:30.575010+00:00
[2026-03-18T15:59:53.333+0000] {standard_task_runner.py:60} INFO - Started process 2180 to run task
[2026-03-18T15:59:53.335+0000] {standard_task_runner.py:87} INFO - Running: ['***', 'tasks', 'run', 'somerville_crime_to_s3_to_snowflake', 'load_to_snowflake', 'manual__2026-03-18T15:59:30.575010+00:00', '--job-id', '360', '--raw', '--subdir', 'DAGS_FOLDER/somerville_api_to_s3_to_snowflake.py', '--cfg-path', '/tmp/tmp9vocylq8']
[2026-03-18T15:59:53.335+0000] {standard_task_runner.py:88} INFO - Job 360: Subtask load_to_snowflake
[2026-03-18T15:59:53.351+0000] {task_command.py:423} INFO - Running <TaskInstance: somerville_crime_to_s3_to_snowflake.load_to_snowflake manual__2026-03-18T15:59:30.575010+00:00 [running]> on host 19d83aa9a1d3
[2026-03-18T15:59:53.376+0000] {taskinstance.py:2480} INFO - Exporting env vars: AIRFLOW_CTX_DAG_OWNER='***' AIRFLOW_CTX_DAG_ID='somerville_crime_to_s3_to_snowflake' AIRFLOW_CTX_TASK_ID='load_to_snowflake' AIRFLOW_CTX_EXECUTION_DATE='2026-03-18T15:59:30.575010+00:00' AIRFLOW_CTX_TRY_NUMBER='1' AIRFLOW_CTX_DAG_RUN_ID='manual__2026-03-18T15:59:30.575010+00:00'
[2026-03-18T15:59:53.384+0000] {base.py:83} INFO - Using connection ID 'aws_default' for task execution.
[2026-03-18T15:59:53.385+0000] {connection.py:370} INFO - Snowflake Connector for Python Version: 3.6.0, Python Version: 3.8.18, Platform: Linux-6.12.67-linuxkit-aarch64-with-glibc2.34
[2026-03-18T15:59:53.385+0000] {connection.py:1171} INFO - This connection is in OCSP Fail Open Mode. TLS Certificates would be checked for validity and revocation status. Any other Certificate Revocation related exceptions or OCSP Responder failures would be disregarded in favor of connectivity.
[2026-03-18T15:59:53.385+0000] {connection.py:1181} INFO - THIS CONNECTION IS IN INSECURE MODE. IT MEANS THE CERTIFICATE WILL BE VALIDATED BUT THE CERTIFICATE REVOCATION STATUS WILL NOT BE CHECKED.
[2026-03-18T15:59:53.609+0000] {ssl_wrap_socket.py:100} INFO - THIS CONNECTION IS IN INSECURE MODE. IT MEANS THE CERTIFICATE WILL BE VALIDATED BUT THE CERTIFICATE REVOCATION STATUS WILL NOT BE CHECKED.
[2026-03-18T15:59:53.939+0000] {logging_mixin.py:188} INFO - Truncating STG_SOMERVILLE_CRIME before fresh load
[2026-03-18T15:59:53.939+0000] {cursor.py:1028} INFO - query: [TRUNCATE TABLE NEIGHBOURWISE_DOMAINS.STAGE.STG_SOMERVILLE_CRIME]
[2026-03-18T15:59:54.591+0000] {cursor.py:1041} INFO - query execution done
[2026-03-18T15:59:54.592+0000] {cursor.py:1205} INFO - Number of results in first chunk: 1
[2026-03-18T15:59:54.593+0000] {logging_mixin.py:188} INFO - Loading data from s3://neighborwise-ai-s3-bucket/crime-safety/somerville_crime_20260318T155930.csv to Snowflake
[2026-03-18T15:59:54.594+0000] {cursor.py:1028} INFO - query: [COPY INTO NEIGHBOURWISE_DOMAINS.STAGE.STG_SOMERVILLE_CRIME (INCIDENT_NUMBER, DAY...]
[2026-03-18T15:59:57.529+0000] {cursor.py:1041} INFO - query execution done
[2026-03-18T15:59:57.531+0000] {cursor.py:1205} INFO - Number of results in first chunk: 1
[2026-03-18T15:59:57.532+0000] {cursor.py:1028} INFO - query: [SELECT COUNT(*) FROM NEIGHBOURWISE_DOMAINS.STAGE.STG_SOMERVILLE_CRIME]
[2026-03-18T15:59:57.761+0000] {cursor.py:1041} INFO - query execution done
[2026-03-18T15:59:57.763+0000] {cursor.py:1205} INFO - Number of results in first chunk: 1
[2026-03-18T15:59:57.764+0000] {logging_mixin.py:188} INFO - Total records in STG_SOMERVILLE_CRIME: 22051
[2026-03-18T15:59:57.765+0000] {connection.py:718} INFO - closed
[2026-03-18T15:59:57.901+0000] {connection.py:724} INFO - No async queries seem to be running, deleting session
[2026-03-18T15:59:58.068+0000] {python.py:201} INFO - Done. Returned value was: {'status': 'success', 'records_loaded': 22051}
[2026-03-18T15:59:58.095+0000] {taskinstance.py:1138} INFO - Marking task as SUCCESS. dag_id=somerville_crime_to_s3_to_snowflake, task_id=load_to_snowflake, execution_date=20260318T155930, start_date=20260318T155953, end_date=20260318T155958
[2026-03-18T15:59:58.126+0000] {local_task_job_runner.py:234} INFO - Task exited with return code 0
[2026-03-18T15:59:58.141+0000] {taskinstance.py:3280} INFO - 0 downstream tasks scheduled from follow-on schedule check
