[2026-04-09T22:40:44.398+0000] {taskinstance.py:1956} INFO - Dependencies all met for dep_context=non-requeueable deps ti=<TaskInstance: boston_api_to_s3_to_snowflake.fetch_and_convert scheduled__2026-03-29T00:00:00+00:00 [queued]>
[2026-04-09T22:40:44.405+0000] {taskinstance.py:1956} INFO - Dependencies all met for dep_context=requeueable deps ti=<TaskInstance: boston_api_to_s3_to_snowflake.fetch_and_convert scheduled__2026-03-29T00:00:00+00:00 [queued]>
[2026-04-09T22:40:44.409+0000] {taskinstance.py:2170} INFO - Starting attempt 1 of 2
[2026-04-09T22:40:44.420+0000] {taskinstance.py:2191} INFO - Executing <Task(PythonOperator): fetch_and_convert> on 2026-03-29 00:00:00+00:00
[2026-04-09T22:40:44.426+0000] {standard_task_runner.py:60} INFO - Started process 96 to run task
[2026-04-09T22:40:44.429+0000] {standard_task_runner.py:87} INFO - Running: ['***', 'tasks', 'run', 'boston_api_to_s3_to_snowflake', 'fetch_and_convert', 'scheduled__2026-03-29T00:00:00+00:00', '--job-id', '372', '--raw', '--subdir', 'DAGS_FOLDER/boston_api_to_s3.py', '--cfg-path', '/tmp/tmpyejz9gnb']
[2026-04-09T22:40:44.431+0000] {standard_task_runner.py:88} INFO - Job 372: Subtask fetch_and_convert
[2026-04-09T22:40:44.475+0000] {task_command.py:423} INFO - Running <TaskInstance: boston_api_to_s3_to_snowflake.fetch_and_convert scheduled__2026-03-29T00:00:00+00:00 [running]> on host fc1f5ec42310
[2026-04-09T22:40:44.534+0000] {taskinstance.py:2480} INFO - Exporting env vars: AIRFLOW_CTX_DAG_OWNER='***' AIRFLOW_CTX_DAG_ID='boston_api_to_s3_to_snowflake' AIRFLOW_CTX_TASK_ID='fetch_and_convert' AIRFLOW_CTX_EXECUTION_DATE='2026-03-29T00:00:00+00:00' AIRFLOW_CTX_TRY_NUMBER='1' AIRFLOW_CTX_DAG_RUN_ID='scheduled__2026-03-29T00:00:00+00:00'
[2026-04-09T22:40:44.538+0000] {logging_mixin.py:188} INFO - Fetching ALL data from https://data.boston.gov/api/3/action/datastore_search?resource_id=b973d8cb-eeb2-4e7e-99da-c92938efc9c0 with pagination
[2026-04-09T22:40:44.540+0000] {logging_mixin.py:188} INFO - Fetching records 0 to 10000...
[2026-04-09T22:40:45.959+0000] {logging_mixin.py:188} INFO - Fetched 10000 records. Total so far: 10000
[2026-04-09T22:40:45.959+0000] {logging_mixin.py:188} INFO - Fetching records 10000 to 20000...
[2026-04-09T22:40:46.428+0000] {logging_mixin.py:188} INFO - Fetched 10000 records. Total so far: 20000
[2026-04-09T22:40:46.429+0000] {logging_mixin.py:188} INFO - Fetching records 20000 to 30000...
[2026-04-09T22:40:46.912+0000] {logging_mixin.py:188} INFO - Fetched 10000 records. Total so far: 30000
[2026-04-09T22:40:46.913+0000] {logging_mixin.py:188} INFO - Fetching records 30000 to 40000...
[2026-04-09T22:40:47.344+0000] {logging_mixin.py:188} INFO - Fetched 10000 records. Total so far: 40000
[2026-04-09T22:40:47.344+0000] {logging_mixin.py:188} INFO - Fetching records 40000 to 50000...
[2026-04-09T22:40:47.808+0000] {logging_mixin.py:188} INFO - Fetched 10000 records. Total so far: 50000
[2026-04-09T22:40:47.808+0000] {logging_mixin.py:188} INFO - Fetching records 50000 to 60000...
[2026-04-09T22:40:48.261+0000] {logging_mixin.py:188} INFO - Fetched 10000 records. Total so far: 60000
[2026-04-09T22:40:48.261+0000] {logging_mixin.py:188} INFO - Fetching records 60000 to 70000...
[2026-04-09T22:40:48.725+0000] {logging_mixin.py:188} INFO - Fetched 10000 records. Total so far: 70000
[2026-04-09T22:40:48.725+0000] {logging_mixin.py:188} INFO - Fetching records 70000 to 80000...
[2026-04-09T22:40:49.199+0000] {logging_mixin.py:188} INFO - Fetched 10000 records. Total so far: 80000
[2026-04-09T22:40:49.201+0000] {logging_mixin.py:188} INFO - Fetching records 80000 to 90000...
[2026-04-09T22:40:49.638+0000] {logging_mixin.py:188} INFO - Fetched 10000 records. Total so far: 90000
[2026-04-09T22:40:49.639+0000] {logging_mixin.py:188} INFO - Fetching records 90000 to 100000...
[2026-04-09T22:40:50.115+0000] {logging_mixin.py:188} INFO - Fetched 10000 records. Total so far: 100000
[2026-04-09T22:40:50.115+0000] {logging_mixin.py:188} INFO - Fetching records 100000 to 110000...
[2026-04-09T22:40:50.629+0000] {logging_mixin.py:188} INFO - Fetched 10000 records. Total so far: 110000
[2026-04-09T22:40:50.630+0000] {logging_mixin.py:188} INFO - Fetching records 110000 to 120000...
[2026-04-09T22:40:51.111+0000] {logging_mixin.py:188} INFO - Fetched 10000 records. Total so far: 120000
[2026-04-09T22:40:51.113+0000] {logging_mixin.py:188} INFO - Fetching records 120000 to 130000...
[2026-04-09T22:40:51.612+0000] {logging_mixin.py:188} INFO - Fetched 10000 records. Total so far: 130000
[2026-04-09T22:40:51.612+0000] {logging_mixin.py:188} INFO - Fetching records 130000 to 140000...
[2026-04-09T22:40:52.120+0000] {logging_mixin.py:188} INFO - Fetched 10000 records. Total so far: 140000
[2026-04-09T22:40:52.122+0000] {logging_mixin.py:188} INFO - Fetching records 140000 to 150000...
[2026-04-09T22:40:52.629+0000] {logging_mixin.py:188} INFO - Fetched 10000 records. Total so far: 150000
[2026-04-09T22:40:52.631+0000] {logging_mixin.py:188} INFO - Fetching records 150000 to 160000...
[2026-04-09T22:40:53.163+0000] {logging_mixin.py:188} INFO - Fetched 10000 records. Total so far: 160000
[2026-04-09T22:40:53.165+0000] {logging_mixin.py:188} INFO - Fetching records 160000 to 170000...
[2026-04-09T22:40:53.669+0000] {logging_mixin.py:188} INFO - Fetched 10000 records. Total so far: 170000
[2026-04-09T22:40:53.669+0000] {logging_mixin.py:188} INFO - Fetching records 170000 to 180000...
[2026-04-09T22:40:54.258+0000] {logging_mixin.py:188} INFO - Fetched 10000 records. Total so far: 180000
[2026-04-09T22:40:54.258+0000] {logging_mixin.py:188} INFO - Fetching records 180000 to 190000...
[2026-04-09T22:40:54.752+0000] {logging_mixin.py:188} INFO - Fetched 10000 records. Total so far: 190000
[2026-04-09T22:40:54.753+0000] {logging_mixin.py:188} INFO - Fetching records 190000 to 200000...
[2026-04-09T22:40:55.269+0000] {logging_mixin.py:188} INFO - Fetched 10000 records. Total so far: 200000
[2026-04-09T22:40:55.269+0000] {logging_mixin.py:188} INFO - Fetching records 200000 to 210000...
[2026-04-09T22:40:55.826+0000] {logging_mixin.py:188} INFO - Fetched 10000 records. Total so far: 210000
[2026-04-09T22:40:55.828+0000] {logging_mixin.py:188} INFO - Fetching records 210000 to 220000...
[2026-04-09T22:40:56.400+0000] {logging_mixin.py:188} INFO - Fetched 10000 records. Total so far: 220000
[2026-04-09T22:40:56.401+0000] {logging_mixin.py:188} INFO - Fetching records 220000 to 230000...
[2026-04-09T22:40:57.097+0000] {logging_mixin.py:188} INFO - Fetched 10000 records. Total so far: 230000
[2026-04-09T22:40:57.097+0000] {logging_mixin.py:188} INFO - Fetching records 230000 to 240000...
[2026-04-09T22:40:57.605+0000] {logging_mixin.py:188} INFO - Fetched 10000 records. Total so far: 240000
[2026-04-09T22:40:57.605+0000] {logging_mixin.py:188} INFO - Fetching records 240000 to 250000...
[2026-04-09T22:40:58.147+0000] {logging_mixin.py:188} INFO - Fetched 10000 records. Total so far: 250000
[2026-04-09T22:40:58.149+0000] {logging_mixin.py:188} INFO - Fetching records 250000 to 260000...
[2026-04-09T22:40:58.637+0000] {logging_mixin.py:188} INFO - Fetched 7954 records. Total so far: 257954
[2026-04-09T22:40:58.639+0000] {logging_mixin.py:188} INFO - Reached last page
[2026-04-09T22:40:58.639+0000] {logging_mixin.py:188} INFO - Finished fetching. Total records: 257954
[2026-04-09T22:40:58.639+0000] {logging_mixin.py:188} INFO - Saving JSON to /opt/***/boston_crime_20260329T000000.json
[2026-04-09T22:41:01.737+0000] {logging_mixin.py:188} INFO - Converting 257954 records to CSV
[2026-04-09T22:41:02.897+0000] {logging_mixin.py:188} INFO - CSV saved to /opt/***/boston_crime_20260329T000000.csv
[2026-04-09T22:41:03.091+0000] {python.py:201} INFO - Done. Returned value was: {'csv_path': '/opt/***/boston_crime_20260329T000000.csv', 'json_path': '/opt/***/boston_crime_20260329T000000.json', 'record_count': 257954}
[2026-04-09T22:41:03.102+0000] {taskinstance.py:1138} INFO - Marking task as SUCCESS. dag_id=boston_api_to_s3_to_snowflake, task_id=fetch_and_convert, execution_date=20260329T000000, start_date=20260409T224044, end_date=20260409T224103
[2026-04-09T22:41:03.154+0000] {local_task_job_runner.py:234} INFO - Task exited with return code 0
[2026-04-09T22:41:03.187+0000] {taskinstance.py:3280} INFO - 1 downstream tasks scheduled from follow-on schedule check
