[2026-02-26T19:00:52.586+0000] {taskinstance.py:1956} INFO - Dependencies all met for dep_context=non-requeueable deps ti=<TaskInstance: district_mapping_to_s3_to_snowflake.create_snowflake_table manual__2026-02-26T19:00:47.304940+00:00 [queued]>
[2026-02-26T19:00:52.589+0000] {taskinstance.py:1956} INFO - Dependencies all met for dep_context=requeueable deps ti=<TaskInstance: district_mapping_to_s3_to_snowflake.create_snowflake_table manual__2026-02-26T19:00:47.304940+00:00 [queued]>
[2026-02-26T19:00:52.589+0000] {taskinstance.py:2170} INFO - Starting attempt 1 of 2
[2026-02-26T19:00:52.593+0000] {taskinstance.py:2191} INFO - Executing <Task(PythonOperator): create_snowflake_table> on 2026-02-26 19:00:47.304940+00:00
[2026-02-26T19:00:52.596+0000] {standard_task_runner.py:60} INFO - Started process 548 to run task
[2026-02-26T19:00:52.598+0000] {standard_task_runner.py:87} INFO - Running: ['***', 'tasks', 'run', 'district_mapping_to_s3_to_snowflake', 'create_snowflake_table', 'manual__2026-02-26T19:00:47.304940+00:00', '--job-id', '234', '--raw', '--subdir', 'DAGS_FOLDER/district_mapping_to_s3_to_snowflake.py', '--cfg-path', '/tmp/tmpd_rycolb']
[2026-02-26T19:00:52.598+0000] {standard_task_runner.py:88} INFO - Job 234: Subtask create_snowflake_table
[2026-02-26T19:00:52.613+0000] {task_command.py:423} INFO - Running <TaskInstance: district_mapping_to_s3_to_snowflake.create_snowflake_table manual__2026-02-26T19:00:47.304940+00:00 [running]> on host 8d716cccb09b
[2026-02-26T19:00:52.634+0000] {taskinstance.py:2480} INFO - Exporting env vars: AIRFLOW_CTX_DAG_OWNER='***' AIRFLOW_CTX_DAG_ID='district_mapping_to_s3_to_snowflake' AIRFLOW_CTX_TASK_ID='create_snowflake_table' AIRFLOW_CTX_EXECUTION_DATE='2026-02-26T19:00:47.304940+00:00' AIRFLOW_CTX_TRY_NUMBER='1' AIRFLOW_CTX_DAG_RUN_ID='manual__2026-02-26T19:00:47.304940+00:00'
[2026-02-26T19:00:52.635+0000] {connection.py:370} INFO - Snowflake Connector for Python Version: 3.6.0, Python Version: 3.8.18, Platform: Linux-6.12.67-linuxkit-aarch64-with-glibc2.34
[2026-02-26T19:00:52.636+0000] {connection.py:1171} INFO - This connection is in OCSP Fail Open Mode. TLS Certificates would be checked for validity and revocation status. Any other Certificate Revocation related exceptions or OCSP Responder failures would be disregarded in favor of connectivity.
[2026-02-26T19:00:52.636+0000] {connection.py:1181} INFO - THIS CONNECTION IS IN INSECURE MODE. IT MEANS THE CERTIFICATE WILL BE VALIDATED BUT THE CERTIFICATE REVOCATION STATUS WILL NOT BE CHECKED.
[2026-02-26T19:00:53.013+0000] {ssl_wrap_socket.py:100} INFO - THIS CONNECTION IS IN INSECURE MODE. IT MEANS THE CERTIFICATE WILL BE VALIDATED BUT THE CERTIFICATE REVOCATION STATUS WILL NOT BE CHECKED.
[2026-02-26T19:00:53.613+0000] {logging_mixin.py:188} INFO - Creating Snowflake table STG_DISTRICT_MAPPING
[2026-02-26T19:00:53.613+0000] {cursor.py:1028} INFO - query: [CREATE TABLE IF NOT EXISTS NEIGHBOURWISE_DOMAINS.STAGE.STG_DISTRICT_MAPPING ( DI...]
[2026-02-26T19:00:54.879+0000] {cursor.py:1041} INFO - query execution done
[2026-02-26T19:00:54.880+0000] {cursor.py:1205} INFO - Number of results in first chunk: 1
[2026-02-26T19:00:54.880+0000] {logging_mixin.py:188} INFO - Table STG_DISTRICT_MAPPING created or already exists
[2026-02-26T19:00:54.880+0000] {connection.py:718} INFO - closed
[2026-02-26T19:00:55.099+0000] {connection.py:724} INFO - No async queries seem to be running, deleting session
[2026-02-26T19:00:55.354+0000] {python.py:201} INFO - Done. Returned value was: Table ready
[2026-02-26T19:00:55.380+0000] {taskinstance.py:1138} INFO - Marking task as SUCCESS. dag_id=district_mapping_to_s3_to_snowflake, task_id=create_snowflake_table, execution_date=20260226T190047, start_date=20260226T190052, end_date=20260226T190055
[2026-02-26T19:00:55.428+0000] {local_task_job_runner.py:234} INFO - Task exited with return code 0
[2026-02-26T19:00:55.440+0000] {taskinstance.py:3280} INFO - 1 downstream tasks scheduled from follow-on schedule check
