[2026-04-09T22:41:13.930+0000] {taskinstance.py:1956} INFO - Dependencies all met for dep_context=non-requeueable deps ti=<TaskInstance: cambridge_crime_to_s3_to_snowflake.load_to_snowflake scheduled__2026-03-29T00:00:00+00:00 [queued]>
[2026-04-09T22:41:13.936+0000] {taskinstance.py:1956} INFO - Dependencies all met for dep_context=requeueable deps ti=<TaskInstance: cambridge_crime_to_s3_to_snowflake.load_to_snowflake scheduled__2026-03-29T00:00:00+00:00 [queued]>
[2026-04-09T22:41:13.937+0000] {taskinstance.py:2170} INFO - Starting attempt 1 of 2
[2026-04-09T22:41:13.944+0000] {taskinstance.py:2191} INFO - Executing <Task(PythonOperator): load_to_snowflake> on 2026-03-29 00:00:00+00:00
[2026-04-09T22:41:13.948+0000] {standard_task_runner.py:60} INFO - Started process 192 to run task
[2026-04-09T22:41:13.952+0000] {standard_task_runner.py:87} INFO - Running: ['***', 'tasks', 'run', 'cambridge_crime_to_s3_to_snowflake', 'load_to_snowflake', 'scheduled__2026-03-29T00:00:00+00:00', '--job-id', '393', '--raw', '--subdir', 'DAGS_FOLDER/cambridge_api_to_s3_to_snowflake.py', '--cfg-path', '/tmp/tmp8tsvm83f']
[2026-04-09T22:41:13.953+0000] {standard_task_runner.py:88} INFO - Job 393: Subtask load_to_snowflake
[2026-04-09T22:41:13.993+0000] {task_command.py:423} INFO - Running <TaskInstance: cambridge_crime_to_s3_to_snowflake.load_to_snowflake scheduled__2026-03-29T00:00:00+00:00 [running]> on host fc1f5ec42310
[2026-04-09T22:41:14.043+0000] {taskinstance.py:2480} INFO - Exporting env vars: AIRFLOW_CTX_DAG_OWNER='***' AIRFLOW_CTX_DAG_ID='cambridge_crime_to_s3_to_snowflake' AIRFLOW_CTX_TASK_ID='load_to_snowflake' AIRFLOW_CTX_EXECUTION_DATE='2026-03-29T00:00:00+00:00' AIRFLOW_CTX_TRY_NUMBER='1' AIRFLOW_CTX_DAG_RUN_ID='scheduled__2026-03-29T00:00:00+00:00'
[2026-04-09T22:41:14.062+0000] {base.py:83} INFO - Using connection ID 'aws_default' for task execution.
[2026-04-09T22:41:14.062+0000] {connection.py:370} INFO - Snowflake Connector for Python Version: 3.6.0, Python Version: 3.8.18, Platform: Linux-6.12.67-linuxkit-aarch64-with-glibc2.34
[2026-04-09T22:41:14.063+0000] {connection.py:1171} INFO - This connection is in OCSP Fail Open Mode. TLS Certificates would be checked for validity and revocation status. Any other Certificate Revocation related exceptions or OCSP Responder failures would be disregarded in favor of connectivity.
[2026-04-09T22:41:14.063+0000] {connection.py:1181} INFO - THIS CONNECTION IS IN INSECURE MODE. IT MEANS THE CERTIFICATE WILL BE VALIDATED BUT THE CERTIFICATE REVOCATION STATUS WILL NOT BE CHECKED.
[2026-04-09T22:41:14.285+0000] {ssl_wrap_socket.py:100} INFO - THIS CONNECTION IS IN INSECURE MODE. IT MEANS THE CERTIFICATE WILL BE VALIDATED BUT THE CERTIFICATE REVOCATION STATUS WILL NOT BE CHECKED.
[2026-04-09T22:41:14.521+0000] {cursor.py:1028} INFO - query: [TRUNCATE TABLE NEIGHBOURWISE_DOMAINS.STAGE.STG_CAMBRIDGE_CRIME]
[2026-04-09T22:41:15.231+0000] {cursor.py:1041} INFO - query execution done
[2026-04-09T22:41:15.232+0000] {cursor.py:1205} INFO - Number of results in first chunk: 1
[2026-04-09T22:41:15.232+0000] {logging_mixin.py:188} INFO - Table truncated
[2026-04-09T22:41:15.232+0000] {cursor.py:1028} INFO - query: [COPY INTO NEIGHBOURWISE_DOMAINS.STAGE.STG_CAMBRIDGE_CRIME (FILE_NUMBER, DATE_OF_...]
[2026-04-09T22:41:18.079+0000] {cursor.py:1041} INFO - query execution done
[2026-04-09T22:41:18.080+0000] {cursor.py:1205} INFO - Number of results in first chunk: 1
[2026-04-09T22:41:18.081+0000] {cursor.py:1028} INFO - query: [SELECT COUNT(*) FROM NEIGHBOURWISE_DOMAINS.STAGE.STG_CAMBRIDGE_CRIME]
[2026-04-09T22:41:18.363+0000] {cursor.py:1041} INFO - query execution done
[2026-04-09T22:41:18.364+0000] {cursor.py:1205} INFO - Number of results in first chunk: 1
[2026-04-09T22:41:18.366+0000] {logging_mixin.py:188} INFO - Total records in STG_CAMBRIDGE_CRIME: 218,428
[2026-04-09T22:41:18.367+0000] {connection.py:718} INFO - closed
[2026-04-09T22:41:18.472+0000] {connection.py:724} INFO - No async queries seem to be running, deleting session
[2026-04-09T22:41:18.591+0000] {python.py:201} INFO - Done. Returned value was: {'status': 'success', 'records_loaded': 218428}
[2026-04-09T22:41:18.613+0000] {taskinstance.py:1138} INFO - Marking task as SUCCESS. dag_id=cambridge_crime_to_s3_to_snowflake, task_id=load_to_snowflake, execution_date=20260329T000000, start_date=20260409T224113, end_date=20260409T224118
[2026-04-09T22:41:18.651+0000] {local_task_job_runner.py:234} INFO - Task exited with return code 0
[2026-04-09T22:41:18.667+0000] {taskinstance.py:3280} INFO - 0 downstream tasks scheduled from follow-on schedule check
