[2026-04-09T22:48:16.618+0000] {taskinstance.py:1956} INFO - Dependencies all met for dep_context=non-requeueable deps ti=<TaskInstance: cambridge_crime_to_s3_to_snowflake.create_snowflake_table manual__2026-04-09T22:47:37.969523+00:00 [queued]>
[2026-04-09T22:48:16.621+0000] {taskinstance.py:1956} INFO - Dependencies all met for dep_context=requeueable deps ti=<TaskInstance: cambridge_crime_to_s3_to_snowflake.create_snowflake_table manual__2026-04-09T22:47:37.969523+00:00 [queued]>
[2026-04-09T22:48:16.621+0000] {taskinstance.py:2170} INFO - Starting attempt 1 of 2
[2026-04-09T22:48:16.624+0000] {taskinstance.py:2191} INFO - Executing <Task(PythonOperator): create_snowflake_table> on 2026-04-09 22:47:37.969523+00:00
[2026-04-09T22:48:16.627+0000] {standard_task_runner.py:60} INFO - Started process 340 to run task
[2026-04-09T22:48:16.628+0000] {standard_task_runner.py:87} INFO - Running: ['***', 'tasks', 'run', 'cambridge_crime_to_s3_to_snowflake', 'create_snowflake_table', 'manual__2026-04-09T22:47:37.969523+00:00', '--job-id', '401', '--raw', '--subdir', 'DAGS_FOLDER/cambridge_api_to_s3_to_snowflake.py', '--cfg-path', '/tmp/tmpcw9nq4dc']
[2026-04-09T22:48:16.629+0000] {standard_task_runner.py:88} INFO - Job 401: Subtask create_snowflake_table
[2026-04-09T22:48:16.643+0000] {task_command.py:423} INFO - Running <TaskInstance: cambridge_crime_to_s3_to_snowflake.create_snowflake_table manual__2026-04-09T22:47:37.969523+00:00 [running]> on host fc1f5ec42310
[2026-04-09T22:48:16.667+0000] {taskinstance.py:2480} INFO - Exporting env vars: AIRFLOW_CTX_DAG_OWNER='***' AIRFLOW_CTX_DAG_ID='cambridge_crime_to_s3_to_snowflake' AIRFLOW_CTX_TASK_ID='create_snowflake_table' AIRFLOW_CTX_EXECUTION_DATE='2026-04-09T22:47:37.969523+00:00' AIRFLOW_CTX_TRY_NUMBER='1' AIRFLOW_CTX_DAG_RUN_ID='manual__2026-04-09T22:47:37.969523+00:00'
[2026-04-09T22:48:16.668+0000] {connection.py:370} INFO - Snowflake Connector for Python Version: 3.6.0, Python Version: 3.8.18, Platform: Linux-6.12.67-linuxkit-aarch64-with-glibc2.34
[2026-04-09T22:48:16.668+0000] {connection.py:1171} INFO - This connection is in OCSP Fail Open Mode. TLS Certificates would be checked for validity and revocation status. Any other Certificate Revocation related exceptions or OCSP Responder failures would be disregarded in favor of connectivity.
[2026-04-09T22:48:16.668+0000] {connection.py:1181} INFO - THIS CONNECTION IS IN INSECURE MODE. IT MEANS THE CERTIFICATE WILL BE VALIDATED BUT THE CERTIFICATE REVOCATION STATUS WILL NOT BE CHECKED.
[2026-04-09T22:48:16.936+0000] {ssl_wrap_socket.py:100} INFO - THIS CONNECTION IS IN INSECURE MODE. IT MEANS THE CERTIFICATE WILL BE VALIDATED BUT THE CERTIFICATE REVOCATION STATUS WILL NOT BE CHECKED.
[2026-04-09T22:48:17.176+0000] {cursor.py:1028} INFO - query: [CREATE TABLE IF NOT EXISTS NEIGHBOURWISE_DOMAINS.STAGE.STG_CAMBRIDGE_CRIME ( FIL...]
[2026-04-09T22:48:17.347+0000] {cursor.py:1041} INFO - query execution done
[2026-04-09T22:48:17.348+0000] {cursor.py:1205} INFO - Number of results in first chunk: 1
[2026-04-09T22:48:17.348+0000] {logging_mixin.py:188} INFO - Table STG_CAMBRIDGE_CRIME created or already exists
[2026-04-09T22:48:17.349+0000] {connection.py:718} INFO - closed
[2026-04-09T22:48:17.457+0000] {connection.py:724} INFO - No async queries seem to be running, deleting session
[2026-04-09T22:48:17.641+0000] {python.py:201} INFO - Done. Returned value was: None
[2026-04-09T22:48:17.655+0000] {taskinstance.py:1138} INFO - Marking task as SUCCESS. dag_id=cambridge_crime_to_s3_to_snowflake, task_id=create_snowflake_table, execution_date=20260409T224737, start_date=20260409T224816, end_date=20260409T224817
[2026-04-09T22:48:17.677+0000] {local_task_job_runner.py:234} INFO - Task exited with return code 0
[2026-04-09T22:48:17.688+0000] {taskinstance.py:3280} INFO - 1 downstream tasks scheduled from follow-on schedule check
