[2026-02-18T21:59:21.554+0000] {taskinstance.py:1956} INFO - Dependencies all met for dep_context=non-requeueable deps ti=<TaskInstance: boston_api_to_s3_to_snowflake.fetch_and_convert manual__2026-02-18T21:59:20.092815+00:00 [queued]>
[2026-02-18T21:59:21.557+0000] {taskinstance.py:1956} INFO - Dependencies all met for dep_context=requeueable deps ti=<TaskInstance: boston_api_to_s3_to_snowflake.fetch_and_convert manual__2026-02-18T21:59:20.092815+00:00 [queued]>
[2026-02-18T21:59:21.557+0000] {taskinstance.py:2170} INFO - Starting attempt 1 of 2
[2026-02-18T21:59:21.562+0000] {taskinstance.py:2191} INFO - Executing <Task(PythonOperator): fetch_and_convert> on 2026-02-18 21:59:20.092815+00:00
[2026-02-18T21:59:21.564+0000] {standard_task_runner.py:60} INFO - Started process 390 to run task
[2026-02-18T21:59:21.566+0000] {standard_task_runner.py:87} INFO - Running: ['***', 'tasks', 'run', 'boston_api_to_s3_to_snowflake', 'fetch_and_convert', 'manual__2026-02-18T21:59:20.092815+00:00', '--job-id', '63', '--raw', '--subdir', 'DAGS_FOLDER/boston_api_to_s3.py', '--cfg-path', '/tmp/tmpdn6y_y7i']
[2026-02-18T21:59:21.567+0000] {standard_task_runner.py:88} INFO - Job 63: Subtask fetch_and_convert
[2026-02-18T21:59:21.587+0000] {task_command.py:423} INFO - Running <TaskInstance: boston_api_to_s3_to_snowflake.fetch_and_convert manual__2026-02-18T21:59:20.092815+00:00 [running]> on host db4844796944
[2026-02-18T21:59:21.614+0000] {taskinstance.py:2480} INFO - Exporting env vars: AIRFLOW_CTX_DAG_OWNER='***' AIRFLOW_CTX_DAG_ID='boston_api_to_s3_to_snowflake' AIRFLOW_CTX_TASK_ID='fetch_and_convert' AIRFLOW_CTX_EXECUTION_DATE='2026-02-18T21:59:20.092815+00:00' AIRFLOW_CTX_TRY_NUMBER='1' AIRFLOW_CTX_DAG_RUN_ID='manual__2026-02-18T21:59:20.092815+00:00'
[2026-02-18T21:59:21.619+0000] {logging_mixin.py:188} INFO - Fetching ALL data from https://data.boston.gov/api/3/action/datastore_search?resource_id=b973d8cb-eeb2-4e7e-99da-c92938efc9c0 with pagination
[2026-02-18T21:59:21.620+0000] {logging_mixin.py:188} INFO - Fetching records 0 to 10000...
[2026-02-18T21:59:24.499+0000] {logging_mixin.py:188} INFO - Fetched 10000 records. Total so far: 10000
[2026-02-18T21:59:24.500+0000] {logging_mixin.py:188} INFO - Fetching records 10000 to 20000...
[2026-02-18T21:59:25.003+0000] {logging_mixin.py:188} INFO - Fetched 10000 records. Total so far: 20000
[2026-02-18T21:59:25.004+0000] {logging_mixin.py:188} INFO - Fetching records 20000 to 30000...
[2026-02-18T21:59:25.431+0000] {logging_mixin.py:188} INFO - Fetched 10000 records. Total so far: 30000
[2026-02-18T21:59:25.431+0000] {logging_mixin.py:188} INFO - Fetching records 30000 to 40000...
[2026-02-18T21:59:25.885+0000] {logging_mixin.py:188} INFO - Fetched 10000 records. Total so far: 40000
[2026-02-18T21:59:25.885+0000] {logging_mixin.py:188} INFO - Fetching records 40000 to 50000...
[2026-02-18T21:59:26.292+0000] {logging_mixin.py:188} INFO - Fetched 10000 records. Total so far: 50000
[2026-02-18T21:59:26.293+0000] {logging_mixin.py:188} INFO - Fetching records 50000 to 60000...
[2026-02-18T21:59:26.775+0000] {logging_mixin.py:188} INFO - Fetched 10000 records. Total so far: 60000
[2026-02-18T21:59:26.776+0000] {logging_mixin.py:188} INFO - Fetching records 60000 to 70000...
[2026-02-18T21:59:27.216+0000] {logging_mixin.py:188} INFO - Fetched 10000 records. Total so far: 70000
[2026-02-18T21:59:27.217+0000] {logging_mixin.py:188} INFO - Fetching records 70000 to 80000...
[2026-02-18T21:59:27.666+0000] {logging_mixin.py:188} INFO - Fetched 10000 records. Total so far: 80000
[2026-02-18T21:59:27.666+0000] {logging_mixin.py:188} INFO - Fetching records 80000 to 90000...
[2026-02-18T21:59:28.235+0000] {logging_mixin.py:188} INFO - Fetched 10000 records. Total so far: 90000
[2026-02-18T21:59:28.235+0000] {logging_mixin.py:188} INFO - Fetching records 90000 to 100000...
[2026-02-18T21:59:28.657+0000] {logging_mixin.py:188} INFO - Fetched 10000 records. Total so far: 100000
[2026-02-18T21:59:28.657+0000] {logging_mixin.py:188} INFO - Fetching records 100000 to 110000...
[2026-02-18T21:59:29.108+0000] {logging_mixin.py:188} INFO - Fetched 10000 records. Total so far: 110000
[2026-02-18T21:59:29.109+0000] {logging_mixin.py:188} INFO - Fetching records 110000 to 120000...
[2026-02-18T21:59:29.556+0000] {logging_mixin.py:188} INFO - Fetched 10000 records. Total so far: 120000
[2026-02-18T21:59:29.556+0000] {logging_mixin.py:188} INFO - Fetching records 120000 to 130000...
[2026-02-18T21:59:30.020+0000] {logging_mixin.py:188} INFO - Fetched 10000 records. Total so far: 130000
[2026-02-18T21:59:30.021+0000] {logging_mixin.py:188} INFO - Fetching records 130000 to 140000...
[2026-02-18T21:59:30.451+0000] {logging_mixin.py:188} INFO - Fetched 10000 records. Total so far: 140000
[2026-02-18T21:59:30.451+0000] {logging_mixin.py:188} INFO - Fetching records 140000 to 150000...
[2026-02-18T21:59:30.909+0000] {logging_mixin.py:188} INFO - Fetched 10000 records. Total so far: 150000
[2026-02-18T21:59:30.909+0000] {logging_mixin.py:188} INFO - Fetching records 150000 to 160000...
[2026-02-18T21:59:31.368+0000] {logging_mixin.py:188} INFO - Fetched 10000 records. Total so far: 160000
[2026-02-18T21:59:31.369+0000] {logging_mixin.py:188} INFO - Fetching records 160000 to 170000...
[2026-02-18T21:59:31.943+0000] {logging_mixin.py:188} INFO - Fetched 10000 records. Total so far: 170000
[2026-02-18T21:59:31.943+0000] {logging_mixin.py:188} INFO - Fetching records 170000 to 180000...
[2026-02-18T21:59:32.401+0000] {logging_mixin.py:188} INFO - Fetched 10000 records. Total so far: 180000
[2026-02-18T21:59:32.401+0000] {logging_mixin.py:188} INFO - Fetching records 180000 to 190000...
[2026-02-18T21:59:32.904+0000] {logging_mixin.py:188} INFO - Fetched 10000 records. Total so far: 190000
[2026-02-18T21:59:32.905+0000] {logging_mixin.py:188} INFO - Fetching records 190000 to 200000...
[2026-02-18T21:59:33.393+0000] {logging_mixin.py:188} INFO - Fetched 10000 records. Total so far: 200000
[2026-02-18T21:59:33.394+0000] {logging_mixin.py:188} INFO - Fetching records 200000 to 210000...
[2026-02-18T21:59:33.863+0000] {logging_mixin.py:188} INFO - Fetched 10000 records. Total so far: 210000
[2026-02-18T21:59:33.864+0000] {logging_mixin.py:188} INFO - Fetching records 210000 to 220000...
[2026-02-18T21:59:34.352+0000] {logging_mixin.py:188} INFO - Fetched 10000 records. Total so far: 220000
[2026-02-18T21:59:34.352+0000] {logging_mixin.py:188} INFO - Fetching records 220000 to 230000...
[2026-02-18T21:59:34.899+0000] {logging_mixin.py:188} INFO - Fetched 10000 records. Total so far: 230000
[2026-02-18T21:59:34.899+0000] {logging_mixin.py:188} INFO - Fetching records 230000 to 240000...
[2026-02-18T21:59:35.376+0000] {logging_mixin.py:188} INFO - Fetched 10000 records. Total so far: 240000
[2026-02-18T21:59:35.376+0000] {logging_mixin.py:188} INFO - Fetching records 240000 to 250000...
[2026-02-18T21:59:35.870+0000] {logging_mixin.py:188} INFO - Fetched 7834 records. Total so far: 247834
[2026-02-18T21:59:35.870+0000] {logging_mixin.py:188} INFO - Reached last page
[2026-02-18T21:59:35.870+0000] {logging_mixin.py:188} INFO - Finished fetching. Total records: 247834
[2026-02-18T21:59:35.871+0000] {logging_mixin.py:188} INFO - Saving JSON to /opt/***/boston_crime_20260218T215920.json
[2026-02-18T21:59:38.048+0000] {logging_mixin.py:188} INFO - Converting 247834 records to CSV
[2026-02-18T21:59:38.817+0000] {logging_mixin.py:188} INFO - CSV saved to /opt/***/boston_crime_20260218T215920.csv
[2026-02-18T21:59:38.818+0000] {logging_mixin.py:188} INFO - JSON and CSV files saved in ***-project directory
[2026-02-18T21:59:38.872+0000] {python.py:201} INFO - Done. Returned value was: {'csv_path': '/opt/***/boston_crime_20260218T215920.csv', 'json_path': '/opt/***/boston_crime_20260218T215920.json', 'record_count': 247834}
[2026-02-18T21:59:38.879+0000] {taskinstance.py:1138} INFO - Marking task as SUCCESS. dag_id=boston_api_to_s3_to_snowflake, task_id=fetch_and_convert, execution_date=20260218T215920, start_date=20260218T215921, end_date=20260218T215938
[2026-02-18T21:59:38.911+0000] {local_task_job_runner.py:234} INFO - Task exited with return code 0
[2026-02-18T21:59:38.922+0000] {taskinstance.py:3280} INFO - 1 downstream tasks scheduled from follow-on schedule check
