[2026-03-18T15:59:31.773+0000] {taskinstance.py:1956} INFO - Dependencies all met for dep_context=non-requeueable deps ti=<TaskInstance: somerville_crime_to_s3_to_snowflake.fetch_and_convert manual__2026-03-18T15:59:30.575010+00:00 [queued]>
[2026-03-18T15:59:31.775+0000] {taskinstance.py:1956} INFO - Dependencies all met for dep_context=requeueable deps ti=<TaskInstance: somerville_crime_to_s3_to_snowflake.fetch_and_convert manual__2026-03-18T15:59:30.575010+00:00 [queued]>
[2026-03-18T15:59:31.776+0000] {taskinstance.py:2170} INFO - Starting attempt 1 of 2
[2026-03-18T15:59:31.780+0000] {taskinstance.py:2191} INFO - Executing <Task(PythonOperator): fetch_and_convert> on 2026-03-18 15:59:30.575010+00:00
[2026-03-18T15:59:31.783+0000] {standard_task_runner.py:60} INFO - Started process 2169 to run task
[2026-03-18T15:59:31.786+0000] {standard_task_runner.py:87} INFO - Running: ['***', 'tasks', 'run', 'somerville_crime_to_s3_to_snowflake', 'fetch_and_convert', 'manual__2026-03-18T15:59:30.575010+00:00', '--job-id', '357', '--raw', '--subdir', 'DAGS_FOLDER/somerville_api_to_s3_to_snowflake.py', '--cfg-path', '/tmp/tmpo7_1lzbt']
[2026-03-18T15:59:31.786+0000] {standard_task_runner.py:88} INFO - Job 357: Subtask fetch_and_convert
[2026-03-18T15:59:31.812+0000] {task_command.py:423} INFO - Running <TaskInstance: somerville_crime_to_s3_to_snowflake.fetch_and_convert manual__2026-03-18T15:59:30.575010+00:00 [running]> on host 19d83aa9a1d3
[2026-03-18T15:59:31.837+0000] {taskinstance.py:2480} INFO - Exporting env vars: AIRFLOW_CTX_DAG_OWNER='***' AIRFLOW_CTX_DAG_ID='somerville_crime_to_s3_to_snowflake' AIRFLOW_CTX_TASK_ID='fetch_and_convert' AIRFLOW_CTX_EXECUTION_DATE='2026-03-18T15:59:30.575010+00:00' AIRFLOW_CTX_TRY_NUMBER='1' AIRFLOW_CTX_DAG_RUN_ID='manual__2026-03-18T15:59:30.575010+00:00'
[2026-03-18T15:59:31.840+0000] {logging_mixin.py:188} INFO - Fetching Somerville crime data from Socrata API
[2026-03-18T15:59:31.840+0000] {logging_mixin.py:188} INFO -   Fetching records 0 to 10000...
[2026-03-18T15:59:41.923+0000] {logging_mixin.py:188} INFO -   Fetched 10000 records. Total so far: 10000
[2026-03-18T15:59:41.923+0000] {logging_mixin.py:188} INFO -   Fetching records 10000 to 20000...
[2026-03-18T15:59:45.459+0000] {logging_mixin.py:188} INFO -   Fetched 10000 records. Total so far: 20000
[2026-03-18T15:59:45.460+0000] {logging_mixin.py:188} INFO -   Fetching records 20000 to 30000...
[2026-03-18T15:59:45.798+0000] {logging_mixin.py:188} INFO -   Fetched 2051 records. Total so far: 22051
[2026-03-18T15:59:45.798+0000] {logging_mixin.py:188} INFO -   Reached last page
[2026-03-18T15:59:45.798+0000] {logging_mixin.py:188} INFO - Finished fetching. Total records: 22051
[2026-03-18T15:59:45.910+0000] {logging_mixin.py:188} INFO - CSV saved to /opt/***/somerville_crime_20260318T155930.csv (22051 rows)
[2026-03-18T15:59:45.925+0000] {python.py:201} INFO - Done. Returned value was: {'csv_path': '/opt/***/somerville_crime_20260318T155930.csv', 'record_count': 22051}
[2026-03-18T15:59:45.931+0000] {taskinstance.py:1138} INFO - Marking task as SUCCESS. dag_id=somerville_crime_to_s3_to_snowflake, task_id=fetch_and_convert, execution_date=20260318T155930, start_date=20260318T155931, end_date=20260318T155945
[2026-03-18T15:59:45.971+0000] {local_task_job_runner.py:234} INFO - Task exited with return code 0
[2026-03-18T15:59:45.982+0000] {taskinstance.py:3280} INFO - 1 downstream tasks scheduled from follow-on schedule check
