[2026-02-20T02:29:39.186+0000] {taskinstance.py:1956} INFO - Dependencies all met for dep_context=non-requeueable deps ti=<TaskInstance: housing_api_to_s3_to_snowflake.fetch_and_convert manual__2026-02-20T02:24:30.704458+00:00 [queued]>
[2026-02-20T02:29:39.190+0000] {taskinstance.py:1956} INFO - Dependencies all met for dep_context=requeueable deps ti=<TaskInstance: housing_api_to_s3_to_snowflake.fetch_and_convert manual__2026-02-20T02:24:30.704458+00:00 [queued]>
[2026-02-20T02:29:39.190+0000] {taskinstance.py:2170} INFO - Starting attempt 2 of 2
[2026-02-20T02:29:39.195+0000] {taskinstance.py:2191} INFO - Executing <Task(PythonOperator): fetch_and_convert> on 2026-02-20 02:24:30.704458+00:00
[2026-02-20T02:29:39.198+0000] {standard_task_runner.py:60} INFO - Started process 3266 to run task
[2026-02-20T02:29:39.199+0000] {standard_task_runner.py:87} INFO - Running: ['***', 'tasks', 'run', 'housing_api_to_s3_to_snowflake', 'fetch_and_convert', 'manual__2026-02-20T02:24:30.704458+00:00', '--job-id', '135', '--raw', '--subdir', 'DAGS_FOLDER/housing_api_ro_s3_to_snowflake.py', '--cfg-path', '/tmp/tmpgcz83e1x']
[2026-02-20T02:29:39.200+0000] {standard_task_runner.py:88} INFO - Job 135: Subtask fetch_and_convert
[2026-02-20T02:29:39.219+0000] {task_command.py:423} INFO - Running <TaskInstance: housing_api_to_s3_to_snowflake.fetch_and_convert manual__2026-02-20T02:24:30.704458+00:00 [running]> on host 6f9247237071
[2026-02-20T02:29:39.250+0000] {taskinstance.py:2480} INFO - Exporting env vars: AIRFLOW_CTX_DAG_OWNER='***' AIRFLOW_CTX_DAG_ID='housing_api_to_s3_to_snowflake' AIRFLOW_CTX_TASK_ID='fetch_and_convert' AIRFLOW_CTX_EXECUTION_DATE='2026-02-20T02:24:30.704458+00:00' AIRFLOW_CTX_TRY_NUMBER='2' AIRFLOW_CTX_DAG_RUN_ID='manual__2026-02-20T02:24:30.704458+00:00'
[2026-02-20T02:29:39.255+0000] {logging_mixin.py:188} INFO - Fetching ALL housing data from https://data.boston.gov/api/3/action/datastore_search?resource_id=ee73430d-96c0-423e-ad21-c4cfb54c8961 with pagination
[2026-02-20T02:29:39.256+0000] {logging_mixin.py:188} INFO - Fetching records 0 to 10000...
[2026-02-20T02:29:40.066+0000] {logging_mixin.py:188} INFO - Fetched 10000 records. Total so far: 10000
[2026-02-20T02:29:40.067+0000] {logging_mixin.py:188} INFO - Fetching records 10000 to 20000...
[2026-02-20T02:29:40.888+0000] {logging_mixin.py:188} INFO - Fetched 10000 records. Total so far: 20000
[2026-02-20T02:29:40.888+0000] {logging_mixin.py:188} INFO - Fetching records 20000 to 30000...
[2026-02-20T02:29:41.678+0000] {logging_mixin.py:188} INFO - Fetched 10000 records. Total so far: 30000
[2026-02-20T02:29:41.678+0000] {logging_mixin.py:188} INFO - Fetching records 30000 to 40000...
[2026-02-20T02:29:42.421+0000] {logging_mixin.py:188} INFO - Fetched 10000 records. Total so far: 40000
[2026-02-20T02:29:42.421+0000] {logging_mixin.py:188} INFO - Fetching records 40000 to 50000...
[2026-02-20T02:29:43.267+0000] {logging_mixin.py:188} INFO - Fetched 10000 records. Total so far: 50000
[2026-02-20T02:29:43.267+0000] {logging_mixin.py:188} INFO - Fetching records 50000 to 60000...
[2026-02-20T02:29:44.385+0000] {logging_mixin.py:188} INFO - Fetched 10000 records. Total so far: 60000
[2026-02-20T02:29:44.385+0000] {logging_mixin.py:188} INFO - Fetching records 60000 to 70000...
[2026-02-20T02:29:45.154+0000] {logging_mixin.py:188} INFO - Fetched 10000 records. Total so far: 70000
[2026-02-20T02:29:45.155+0000] {logging_mixin.py:188} INFO - Fetching records 70000 to 80000...
[2026-02-20T02:29:45.959+0000] {logging_mixin.py:188} INFO - Fetched 10000 records. Total so far: 80000
[2026-02-20T02:29:45.960+0000] {logging_mixin.py:188} INFO - Fetching records 80000 to 90000...
[2026-02-20T02:29:46.809+0000] {logging_mixin.py:188} INFO - Fetched 10000 records. Total so far: 90000
[2026-02-20T02:29:46.809+0000] {logging_mixin.py:188} INFO - Fetching records 90000 to 100000...
[2026-02-20T02:29:47.635+0000] {logging_mixin.py:188} INFO - Fetched 10000 records. Total so far: 100000
[2026-02-20T02:29:47.635+0000] {logging_mixin.py:188} INFO - Fetching records 100000 to 110000...
[2026-02-20T02:29:48.477+0000] {logging_mixin.py:188} INFO - Fetched 10000 records. Total so far: 110000
[2026-02-20T02:29:48.477+0000] {logging_mixin.py:188} INFO - Fetching records 110000 to 120000...
[2026-02-20T02:29:49.367+0000] {logging_mixin.py:188} INFO - Fetched 10000 records. Total so far: 120000
[2026-02-20T02:29:49.367+0000] {logging_mixin.py:188} INFO - Fetching records 120000 to 130000...
[2026-02-20T02:29:50.212+0000] {logging_mixin.py:188} INFO - Fetched 10000 records. Total so far: 130000
[2026-02-20T02:29:50.212+0000] {logging_mixin.py:188} INFO - Fetching records 130000 to 140000...
[2026-02-20T02:29:51.088+0000] {logging_mixin.py:188} INFO - Fetched 10000 records. Total so far: 140000
[2026-02-20T02:29:51.088+0000] {logging_mixin.py:188} INFO - Fetching records 140000 to 150000...
[2026-02-20T02:29:52.016+0000] {logging_mixin.py:188} INFO - Fetched 10000 records. Total so far: 150000
[2026-02-20T02:29:52.016+0000] {logging_mixin.py:188} INFO - Fetching records 150000 to 160000...
[2026-02-20T02:29:52.965+0000] {logging_mixin.py:188} INFO - Fetched 10000 records. Total so far: 160000
[2026-02-20T02:29:52.965+0000] {logging_mixin.py:188} INFO - Fetching records 160000 to 170000...
[2026-02-20T02:29:54.183+0000] {logging_mixin.py:188} INFO - Fetched 10000 records. Total so far: 170000
[2026-02-20T02:29:54.183+0000] {logging_mixin.py:188} INFO - Fetching records 170000 to 180000...
[2026-02-20T02:29:55.348+0000] {logging_mixin.py:188} INFO - Fetched 10000 records. Total so far: 180000
[2026-02-20T02:29:55.348+0000] {logging_mixin.py:188} INFO - Fetching records 180000 to 190000...
[2026-02-20T02:29:55.965+0000] {logging_mixin.py:188} INFO - Fetched 4552 records. Total so far: 184552
[2026-02-20T02:29:55.965+0000] {logging_mixin.py:188} INFO - Reached last page
[2026-02-20T02:29:55.965+0000] {logging_mixin.py:188} INFO - Finished fetching. Total records: 184552
[2026-02-20T02:29:55.965+0000] {logging_mixin.py:188} INFO - Saving JSON to /opt/***/housing_20260220T022430.json
[2026-02-20T02:30:02.923+0000] {logging_mixin.py:188} INFO - Converting 184552 records to CSV
[2026-02-20T02:30:02.924+0000] {logging_mixin.py:188} INFO - CSV columns: ['_id', 'PID', 'CM_ID', 'GIS_ID', 'ST_NUM', 'ST_NUM2', 'ST_NAME', 'UNIT_NUM', 'CITY', 'ZIP_CODE', 'BLDG_SEQ', 'NUM_BLDGS', 'LUC', 'LU', 'LU_DESC', 'BLDG_TYPE', 'OWN_OCC', 'OWNER', 'MAIL_ADDRESSEE', 'MAIL_STREET_ADDRESS', 'MAIL_CITY', 'MAIL_STATE', 'MAIL_ZIP_CODE', 'RES_FLOOR', 'CD_FLOOR', 'RES_UNITS', 'COM_UNITS', 'RC_UNITS', 'LAND_SF', 'GROSS_AREA', 'LIVING_AREA', 'LAND_VALUE', 'BLDG_VALUE', 'SFYI_VALUE', 'TOTAL_VALUE', 'GROSS_TAX', 'YR_BUILT', 'YR_REMODEL', 'STRUCTURE_CLASS', 'ROOF_STRUCTURE', 'ROOF_COVER', 'INT_WALL', 'EXT_FNISHED', 'INT_COND', 'EXT_COND', 'OVERALL_COND', 'BED_RMS', 'FULL_BTH', 'HLF_BTH', 'KITCHENS', 'TT_RMS', 'BDRM_COND', 'BTHRM_STYLE1', 'BTHRM_STYLE2', 'BTHRM_STYLE3', 'KITCHEN_TYPE', 'KITCHEN_STYLE1', 'KITCHEN_STYLE2', 'KITCHEN_STYLE3', 'HEAT_TYPE', 'HEAT_SYSTEM', 'AC_TYPE', 'FIREPLACES', 'ORIENTATION', 'NUM_PARKING', 'PROP_VIEW', 'CORNER_UNIT']
[2026-02-20T02:30:05.738+0000] {logging_mixin.py:188} INFO - CSV saved to /opt/***/housing_20260220T022430.csv
[2026-02-20T02:30:05.744+0000] {logging_mixin.py:188} INFO - JSON and CSV files saved in ***-project directory
[2026-02-20T02:30:06.180+0000] {python.py:201} INFO - Done. Returned value was: {'csv_path': '/opt/***/housing_20260220T022430.csv', 'json_path': '/opt/***/housing_20260220T022430.json', 'record_count': 184552}
[2026-02-20T02:30:06.197+0000] {taskinstance.py:1138} INFO - Marking task as SUCCESS. dag_id=housing_api_to_s3_to_snowflake, task_id=fetch_and_convert, execution_date=20260220T022430, start_date=20260220T022939, end_date=20260220T023006
[2026-02-20T02:30:06.250+0000] {local_task_job_runner.py:234} INFO - Task exited with return code 0
[2026-02-20T02:30:06.281+0000] {taskinstance.py:3280} INFO - 1 downstream tasks scheduled from follow-on schedule check
