[2026-03-01T00:00:01.877+0000] {taskinstance.py:1956} INFO - Dependencies all met for dep_context=non-requeueable deps ti=<TaskInstance: boston_api_to_s3_to_snowflake.fetch_and_convert scheduled__2026-02-22T00:00:00+00:00 [queued]>
[2026-03-01T00:00:01.879+0000] {taskinstance.py:1956} INFO - Dependencies all met for dep_context=requeueable deps ti=<TaskInstance: boston_api_to_s3_to_snowflake.fetch_and_convert scheduled__2026-02-22T00:00:00+00:00 [queued]>
[2026-03-01T00:00:01.879+0000] {taskinstance.py:2170} INFO - Starting attempt 1 of 2
[2026-03-01T00:00:01.884+0000] {taskinstance.py:2191} INFO - Executing <Task(PythonOperator): fetch_and_convert> on 2026-02-22 00:00:00+00:00
[2026-03-01T00:00:01.888+0000] {standard_task_runner.py:60} INFO - Started process 1372 to run task
[2026-03-01T00:00:01.890+0000] {standard_task_runner.py:87} INFO - Running: ['***', 'tasks', 'run', 'boston_api_to_s3_to_snowflake', 'fetch_and_convert', 'scheduled__2026-02-22T00:00:00+00:00', '--job-id', '297', '--raw', '--subdir', 'DAGS_FOLDER/boston_api_to_s3.py', '--cfg-path', '/tmp/tmptxfxkdhd']
[2026-03-01T00:00:01.890+0000] {standard_task_runner.py:88} INFO - Job 297: Subtask fetch_and_convert
[2026-03-01T00:00:01.912+0000] {task_command.py:423} INFO - Running <TaskInstance: boston_api_to_s3_to_snowflake.fetch_and_convert scheduled__2026-02-22T00:00:00+00:00 [running]> on host 749c95c62225
[2026-03-01T00:00:01.948+0000] {taskinstance.py:2480} INFO - Exporting env vars: AIRFLOW_CTX_DAG_OWNER='***' AIRFLOW_CTX_DAG_ID='boston_api_to_s3_to_snowflake' AIRFLOW_CTX_TASK_ID='fetch_and_convert' AIRFLOW_CTX_EXECUTION_DATE='2026-02-22T00:00:00+00:00' AIRFLOW_CTX_TRY_NUMBER='1' AIRFLOW_CTX_DAG_RUN_ID='scheduled__2026-02-22T00:00:00+00:00'
[2026-03-01T00:00:01.951+0000] {logging_mixin.py:188} INFO - Fetching ALL data from https://data.boston.gov/api/3/action/datastore_search?resource_id=b973d8cb-eeb2-4e7e-99da-c92938efc9c0 with pagination
[2026-03-01T00:00:01.951+0000] {logging_mixin.py:188} INFO - Fetching records 0 to 10000...
[2026-03-01T00:00:02.797+0000] {logging_mixin.py:188} INFO - Fetched 10000 records. Total so far: 10000
[2026-03-01T00:00:02.797+0000] {logging_mixin.py:188} INFO - Fetching records 10000 to 20000...
[2026-03-01T00:00:03.299+0000] {logging_mixin.py:188} INFO - Fetched 10000 records. Total so far: 20000
[2026-03-01T00:00:03.299+0000] {logging_mixin.py:188} INFO - Fetching records 20000 to 30000...
[2026-03-01T00:00:03.849+0000] {logging_mixin.py:188} INFO - Fetched 10000 records. Total so far: 30000
[2026-03-01T00:00:03.849+0000] {logging_mixin.py:188} INFO - Fetching records 30000 to 40000...
[2026-03-01T00:00:04.501+0000] {logging_mixin.py:188} INFO - Fetched 10000 records. Total so far: 40000
[2026-03-01T00:00:04.502+0000] {logging_mixin.py:188} INFO - Fetching records 40000 to 50000...
[2026-03-01T00:00:05.073+0000] {logging_mixin.py:188} INFO - Fetched 10000 records. Total so far: 50000
[2026-03-01T00:00:05.073+0000] {logging_mixin.py:188} INFO - Fetching records 50000 to 60000...
[2026-03-01T00:00:05.541+0000] {logging_mixin.py:188} INFO - Fetched 10000 records. Total so far: 60000
[2026-03-01T00:00:05.541+0000] {logging_mixin.py:188} INFO - Fetching records 60000 to 70000...
[2026-03-01T00:00:06.083+0000] {logging_mixin.py:188} INFO - Fetched 10000 records. Total so far: 70000
[2026-03-01T00:00:06.084+0000] {logging_mixin.py:188} INFO - Fetching records 70000 to 80000...
[2026-03-01T00:00:06.547+0000] {logging_mixin.py:188} INFO - Fetched 10000 records. Total so far: 80000
[2026-03-01T00:00:06.548+0000] {logging_mixin.py:188} INFO - Fetching records 80000 to 90000...
[2026-03-01T00:00:06.982+0000] {logging_mixin.py:188} INFO - Fetched 10000 records. Total so far: 90000
[2026-03-01T00:00:06.982+0000] {logging_mixin.py:188} INFO - Fetching records 90000 to 100000...
[2026-03-01T00:00:07.556+0000] {logging_mixin.py:188} INFO - Fetched 10000 records. Total so far: 100000
[2026-03-01T00:00:07.557+0000] {logging_mixin.py:188} INFO - Fetching records 100000 to 110000...
[2026-03-01T00:00:08.028+0000] {logging_mixin.py:188} INFO - Fetched 10000 records. Total so far: 110000
[2026-03-01T00:00:08.028+0000] {logging_mixin.py:188} INFO - Fetching records 110000 to 120000...
[2026-03-01T00:00:08.518+0000] {logging_mixin.py:188} INFO - Fetched 10000 records. Total so far: 120000
[2026-03-01T00:00:08.518+0000] {logging_mixin.py:188} INFO - Fetching records 120000 to 130000...
[2026-03-01T00:00:09.022+0000] {logging_mixin.py:188} INFO - Fetched 10000 records. Total so far: 130000
[2026-03-01T00:00:09.022+0000] {logging_mixin.py:188} INFO - Fetching records 130000 to 140000...
[2026-03-01T00:00:09.486+0000] {logging_mixin.py:188} INFO - Fetched 10000 records. Total so far: 140000
[2026-03-01T00:00:09.486+0000] {logging_mixin.py:188} INFO - Fetching records 140000 to 150000...
[2026-03-01T00:00:10.058+0000] {logging_mixin.py:188} INFO - Fetched 10000 records. Total so far: 150000
[2026-03-01T00:00:10.058+0000] {logging_mixin.py:188} INFO - Fetching records 150000 to 160000...
[2026-03-01T00:00:10.661+0000] {logging_mixin.py:188} INFO - Fetched 10000 records. Total so far: 160000
[2026-03-01T00:00:10.661+0000] {logging_mixin.py:188} INFO - Fetching records 160000 to 170000...
[2026-03-01T00:00:11.191+0000] {logging_mixin.py:188} INFO - Fetched 10000 records. Total so far: 170000
[2026-03-01T00:00:11.192+0000] {logging_mixin.py:188} INFO - Fetching records 170000 to 180000...
[2026-03-01T00:00:11.768+0000] {logging_mixin.py:188} INFO - Fetched 10000 records. Total so far: 180000
[2026-03-01T00:00:11.769+0000] {logging_mixin.py:188} INFO - Fetching records 180000 to 190000...
[2026-03-01T00:00:12.289+0000] {logging_mixin.py:188} INFO - Fetched 10000 records. Total so far: 190000
[2026-03-01T00:00:12.290+0000] {logging_mixin.py:188} INFO - Fetching records 190000 to 200000...
[2026-03-01T00:00:12.804+0000] {logging_mixin.py:188} INFO - Fetched 10000 records. Total so far: 200000
[2026-03-01T00:00:12.804+0000] {logging_mixin.py:188} INFO - Fetching records 200000 to 210000...
[2026-03-01T00:00:13.326+0000] {logging_mixin.py:188} INFO - Fetched 10000 records. Total so far: 210000
[2026-03-01T00:00:13.326+0000] {logging_mixin.py:188} INFO - Fetching records 210000 to 220000...
[2026-03-01T00:00:13.831+0000] {logging_mixin.py:188} INFO - Fetched 10000 records. Total so far: 220000
[2026-03-01T00:00:13.831+0000] {logging_mixin.py:188} INFO - Fetching records 220000 to 230000...
[2026-03-01T00:00:14.423+0000] {logging_mixin.py:188} INFO - Fetched 10000 records. Total so far: 230000
[2026-03-01T00:00:14.424+0000] {logging_mixin.py:188} INFO - Fetching records 230000 to 240000...
[2026-03-01T00:00:14.948+0000] {logging_mixin.py:188} INFO - Fetched 10000 records. Total so far: 240000
[2026-03-01T00:00:14.948+0000] {logging_mixin.py:188} INFO - Fetching records 240000 to 250000...
[2026-03-01T00:00:15.463+0000] {logging_mixin.py:188} INFO - Fetched 9146 records. Total so far: 249146
[2026-03-01T00:00:15.463+0000] {logging_mixin.py:188} INFO - Reached last page
[2026-03-01T00:00:15.463+0000] {logging_mixin.py:188} INFO - Finished fetching. Total records: 249146
[2026-03-01T00:00:15.463+0000] {logging_mixin.py:188} INFO - Saving JSON to /opt/***/boston_crime_20260222T000000.json
[2026-03-01T00:00:17.431+0000] {logging_mixin.py:188} INFO - Converting 249146 records to CSV
[2026-03-01T00:00:18.160+0000] {logging_mixin.py:188} INFO - CSV saved to /opt/***/boston_crime_20260222T000000.csv
[2026-03-01T00:00:18.160+0000] {logging_mixin.py:188} INFO - JSON and CSV files saved in ***-project directory
[2026-03-01T00:00:18.206+0000] {python.py:201} INFO - Done. Returned value was: {'csv_path': '/opt/***/boston_crime_20260222T000000.csv', 'json_path': '/opt/***/boston_crime_20260222T000000.json', 'record_count': 249146}
[2026-03-01T00:00:18.212+0000] {taskinstance.py:1138} INFO - Marking task as SUCCESS. dag_id=boston_api_to_s3_to_snowflake, task_id=fetch_and_convert, execution_date=20260222T000000, start_date=20260301T000001, end_date=20260301T000018
[2026-03-01T00:00:18.257+0000] {local_task_job_runner.py:234} INFO - Task exited with return code 0
[2026-03-01T00:00:18.266+0000] {taskinstance.py:3280} INFO - 1 downstream tasks scheduled from follow-on schedule check
