[2026-02-26T22:53:19.943+0000] {taskinstance.py:1956} INFO - Dependencies all met for dep_context=non-requeueable deps ti=<TaskInstance: master_location_to_s3_to_snowflake.fetch_and_convert manual__2026-02-26T22:53:18.600732+00:00 [queued]>
[2026-02-26T22:53:19.946+0000] {taskinstance.py:1956} INFO - Dependencies all met for dep_context=requeueable deps ti=<TaskInstance: master_location_to_s3_to_snowflake.fetch_and_convert manual__2026-02-26T22:53:18.600732+00:00 [queued]>
[2026-02-26T22:53:19.946+0000] {taskinstance.py:2170} INFO - Starting attempt 1 of 2
[2026-02-26T22:53:19.950+0000] {taskinstance.py:2191} INFO - Executing <Task(PythonOperator): fetch_and_convert> on 2026-02-26 22:53:18.600732+00:00
[2026-02-26T22:53:19.953+0000] {standard_task_runner.py:60} INFO - Started process 1746 to run task
[2026-02-26T22:53:19.955+0000] {standard_task_runner.py:87} INFO - Running: ['***', 'tasks', 'run', 'master_location_to_s3_to_snowflake', 'fetch_and_convert', 'manual__2026-02-26T22:53:18.600732+00:00', '--job-id', '267', '--raw', '--subdir', 'DAGS_FOLDER/master_location_to_s3_to_snowflake.py', '--cfg-path', '/tmp/tmpxnup_sha']
[2026-02-26T22:53:19.955+0000] {standard_task_runner.py:88} INFO - Job 267: Subtask fetch_and_convert
[2026-02-26T22:53:19.975+0000] {task_command.py:423} INFO - Running <TaskInstance: master_location_to_s3_to_snowflake.fetch_and_convert manual__2026-02-26T22:53:18.600732+00:00 [running]> on host 3c05600bc10c
[2026-02-26T22:53:20.003+0000] {taskinstance.py:2480} INFO - Exporting env vars: AIRFLOW_CTX_DAG_OWNER='***' AIRFLOW_CTX_DAG_ID='master_location_to_s3_to_snowflake' AIRFLOW_CTX_TASK_ID='fetch_and_convert' AIRFLOW_CTX_EXECUTION_DATE='2026-02-26T22:53:18.600732+00:00' AIRFLOW_CTX_TRY_NUMBER='1' AIRFLOW_CTX_DAG_RUN_ID='manual__2026-02-26T22:53:18.600732+00:00'
[2026-02-26T22:53:20.011+0000] {logging_mixin.py:188} INFO - Fetching Boston neighborhood GeoJSON from https://data.boston.gov/dataset/bf1a7b50-4c72-4637-b0fa-11d632e3aff1/resource/e5849875-a6f6-4c9c-9d8a-5048b0fbd03e/download/boston_neighborhood_boundaries.geojson
[2026-02-26T22:53:21.769+0000] {logging_mixin.py:188} INFO -   Boston - ROSLINDALE: (42.282515, -71.126662)
[2026-02-26T22:53:21.771+0000] {logging_mixin.py:188} INFO -   Boston - JAMAICA PLAIN: (42.307761, -71.115096)
[2026-02-26T22:53:21.771+0000] {logging_mixin.py:188} INFO -   Boston - MISSION HILL: (42.331733, -71.102606)
[2026-02-26T22:53:21.771+0000] {logging_mixin.py:188} INFO -   Boston - LONGWOOD: (42.3386, -71.105102)
[2026-02-26T22:53:21.772+0000] {logging_mixin.py:188} INFO -   Boston - BAY VILLAGE: (42.349095, -71.069031)
[2026-02-26T22:53:21.772+0000] {logging_mixin.py:188} INFO -   Boston - LEATHER DISTRICT: (42.350974, -71.057828)
[2026-02-26T22:53:21.772+0000] {logging_mixin.py:188} INFO -   Boston - CHINATOWN: (42.349019, -71.061661)
[2026-02-26T22:53:21.773+0000] {logging_mixin.py:188} INFO -   Boston - NORTH END: (42.365456, -71.053857)
[2026-02-26T22:53:21.773+0000] {logging_mixin.py:188} INFO -   Boston - ROXBURY: (42.31851, -71.086643)
[2026-02-26T22:53:21.773+0000] {logging_mixin.py:188} INFO -   Boston - SOUTH END: (42.341342, -71.071369)
[2026-02-26T22:53:21.774+0000] {logging_mixin.py:188} INFO -   Boston - BACK BAY: (42.349852, -71.080535)
[2026-02-26T22:53:21.894+0000] {logging_mixin.py:188} INFO -   Boston - EAST BOSTON: (42.37267, -71.015695)
[2026-02-26T22:53:21.895+0000] {logging_mixin.py:188} INFO -   Boston - CHARLESTOWN: (42.379301, -71.063766)
[2026-02-26T22:53:21.895+0000] {logging_mixin.py:188} INFO -   Boston - WEST END: (42.36466, -71.06559)
[2026-02-26T22:53:21.895+0000] {logging_mixin.py:188} INFO -   Boston - BEACON HILL: (42.357041, -71.068262)
[2026-02-26T22:53:21.896+0000] {logging_mixin.py:188} INFO -   Boston - DOWNTOWN: (42.355585, -71.05765)
[2026-02-26T22:53:21.896+0000] {logging_mixin.py:188} INFO -   Boston - FENWAY: (42.344758, -71.096114)
[2026-02-26T22:53:21.897+0000] {logging_mixin.py:188} INFO -   Boston - BRIGHTON: (42.348348, -71.154935)
[2026-02-26T22:53:21.897+0000] {logging_mixin.py:188} INFO -   Boston - WEST ROXBURY: (42.280634, -71.160026)
[2026-02-26T22:53:21.897+0000] {logging_mixin.py:188} INFO -   Boston - HYDE PARK: (42.255026, -71.126298)
[2026-02-26T22:53:21.898+0000] {logging_mixin.py:188} INFO -   Boston - MATTAPAN: (42.276996, -71.091446)
[2026-02-26T22:53:21.899+0000] {logging_mixin.py:188} INFO -   Boston - DORCHESTER: (42.298454, -71.063456)
[2026-02-26T22:53:21.899+0000] {logging_mixin.py:188} INFO -   Boston - SOUTH BOSTON WATERFRONT: (42.346408, -71.041726)
[2026-02-26T22:53:21.900+0000] {logging_mixin.py:188} INFO -   Boston - SOUTH BOSTON: (42.3349, -71.044643)
[2026-02-26T22:53:21.901+0000] {logging_mixin.py:188} INFO -   Boston - ALLSTON: (42.358397, -71.128562)
[2026-02-26T22:53:21.901+0000] {logging_mixin.py:188} INFO -   Boston - HARBOR ISLANDS: (42.327932, -70.968775)
[2026-02-26T22:53:21.901+0000] {logging_mixin.py:188} INFO - Boston: 26 neighborhoods loaded
[2026-02-26T22:53:21.901+0000] {logging_mixin.py:188} INFO - 
Fetching Cambridge neighborhood GeoJSON from https://raw.githubusercontent.com/cambridgegis/cambridgegis_data_boundary/main/CDD_Neighborhoods/BOUNDARY_CDDNeighborhoods.geojson
[2026-02-26T22:53:22.025+0000] {logging_mixin.py:188} INFO -   Cambridge - THE PORT: (42.365754, -71.096823)
[2026-02-26T22:53:22.026+0000] {logging_mixin.py:188} INFO -   Cambridge - NEIGHBORHOOD NINE: (42.385157, -71.128291)
[2026-02-26T22:53:22.026+0000] {logging_mixin.py:188} INFO -   Cambridge - WELLINGTON-HARRINGTON: (42.371027, -71.093036)
[2026-02-26T22:53:22.027+0000] {logging_mixin.py:188} INFO -   Cambridge - MID-CAMBRIDGE: (42.372506, -71.108359)
[2026-02-26T22:53:22.027+0000] {logging_mixin.py:188} INFO -   Cambridge - NORTH CAMBRIDGE: (42.395315, -71.13607)
[2026-02-26T22:53:22.028+0000] {logging_mixin.py:188} INFO -   Cambridge - CAMBRIDGE HIGHLANDS: (42.390044, -71.149909)
[2026-02-26T22:53:22.028+0000] {logging_mixin.py:188} INFO -   Cambridge - STRAWBERRY HILL: (42.38067, -71.152822)
[2026-02-26T22:53:22.028+0000] {logging_mixin.py:188} INFO -   Cambridge - WEST CAMBRIDGE: (42.376682, -71.136168)
[2026-02-26T22:53:22.029+0000] {logging_mixin.py:188} INFO -   Cambridge - RIVERSIDE: (42.367352, -71.114047)
[2026-02-26T22:53:22.029+0000] {logging_mixin.py:188} INFO -   Cambridge - CAMBRIDGEPORT: (42.359186, -71.107799)
[2026-02-26T22:53:22.030+0000] {logging_mixin.py:188} INFO -   Cambridge - AREA 2/MIT: (42.357979, -71.091379)
[2026-02-26T22:53:22.030+0000] {logging_mixin.py:188} INFO -   Cambridge - EAST CAMBRIDGE: (42.368232, -71.079074)
[2026-02-26T22:53:22.030+0000] {logging_mixin.py:188} INFO -   Cambridge - BALDWIN: (42.380721, -71.115351)
[2026-02-26T22:53:22.031+0000] {logging_mixin.py:188} INFO - Cambridge: 13 neighborhoods loaded
[2026-02-26T22:53:22.031+0000] {logging_mixin.py:188} INFO - 
Adding 12 Greater Boston cities
[2026-02-26T22:53:22.031+0000] {logging_mixin.py:188} INFO -   SOMERVILLE: (42.3876, -71.0995)
[2026-02-26T22:53:22.032+0000] {logging_mixin.py:188} INFO -   ARLINGTON: (42.4154, -71.1565)
[2026-02-26T22:53:22.033+0000] {logging_mixin.py:188} INFO -   BROOKLINE: (42.3318, -71.1212)
[2026-02-26T22:53:22.033+0000] {logging_mixin.py:188} INFO -   NEWTON: (42.337, -71.2092)
[2026-02-26T22:53:22.034+0000] {logging_mixin.py:188} INFO -   WATERTOWN: (42.3654, -71.182)
[2026-02-26T22:53:22.034+0000] {logging_mixin.py:188} INFO -   MEDFORD: (42.4184, -71.1062)
[2026-02-26T22:53:22.034+0000] {logging_mixin.py:188} INFO -   MALDEN: (42.4251, -71.0662)
[2026-02-26T22:53:22.034+0000] {logging_mixin.py:188} INFO -   REVERE: (42.4084, -71.012)
[2026-02-26T22:53:22.034+0000] {logging_mixin.py:188} INFO -   CHELSEA: (42.3918, -71.0328)
[2026-02-26T22:53:22.034+0000] {logging_mixin.py:188} INFO -   EVERETT: (42.4084, -71.0537)
[2026-02-26T22:53:22.034+0000] {logging_mixin.py:188} INFO -   SALEM: (42.5195, -70.8967)
[2026-02-26T22:53:22.034+0000] {logging_mixin.py:188} INFO -   QUINCY: (42.2529, -71.0023)
[2026-02-26T22:53:22.034+0000] {logging_mixin.py:188} INFO - 
Total records: 51
[2026-02-26T22:53:22.035+0000] {logging_mixin.py:188} INFO - CSV saved to /opt/***/master_location_20260226T225318.csv
[2026-02-26T22:53:22.047+0000] {python.py:201} INFO - Done. Returned value was: {'csv_path': '/opt/***/master_location_20260226T225318.csv', 'record_count': 51}
[2026-02-26T22:53:22.053+0000] {taskinstance.py:1138} INFO - Marking task as SUCCESS. dag_id=master_location_to_s3_to_snowflake, task_id=fetch_and_convert, execution_date=20260226T225318, start_date=20260226T225319, end_date=20260226T225322
[2026-02-26T22:53:22.085+0000] {local_task_job_runner.py:234} INFO - Task exited with return code 0
[2026-02-26T22:53:22.096+0000] {taskinstance.py:3280} INFO - 1 downstream tasks scheduled from follow-on schedule check
