[2026-02-19T23:53:30.552+0000] {taskinstance.py:1956} INFO - Dependencies all met for dep_context=non-requeueable deps ti=<TaskInstance: schools_to_s3_to_snowflake.extract_and_convert manual__2026-02-19T23:53:29.278475+00:00 [queued]>
[2026-02-19T23:53:30.555+0000] {taskinstance.py:1956} INFO - Dependencies all met for dep_context=requeueable deps ti=<TaskInstance: schools_to_s3_to_snowflake.extract_and_convert manual__2026-02-19T23:53:29.278475+00:00 [queued]>
[2026-02-19T23:53:30.555+0000] {taskinstance.py:2170} INFO - Starting attempt 1 of 2
[2026-02-19T23:53:30.559+0000] {taskinstance.py:2191} INFO - Executing <Task(PythonOperator): extract_and_convert> on 2026-02-19 23:53:29.278475+00:00
[2026-02-19T23:53:30.562+0000] {standard_task_runner.py:60} INFO - Started process 1017 to run task
[2026-02-19T23:53:30.563+0000] {standard_task_runner.py:87} INFO - Running: ['***', 'tasks', 'run', 'schools_to_s3_to_snowflake', 'extract_and_convert', 'manual__2026-02-19T23:53:29.278475+00:00', '--job-id', '117', '--raw', '--subdir', 'DAGS_FOLDER/schools_to_s3_to_snowflake.py', '--cfg-path', '/tmp/tmp7f7csmpb']
[2026-02-19T23:53:30.564+0000] {standard_task_runner.py:88} INFO - Job 117: Subtask extract_and_convert
[2026-02-19T23:53:30.581+0000] {task_command.py:423} INFO - Running <TaskInstance: schools_to_s3_to_snowflake.extract_and_convert manual__2026-02-19T23:53:29.278475+00:00 [running]> on host 6f9247237071
[2026-02-19T23:53:30.606+0000] {taskinstance.py:2480} INFO - Exporting env vars: AIRFLOW_CTX_DAG_OWNER='***' AIRFLOW_CTX_DAG_ID='schools_to_s3_to_snowflake' AIRFLOW_CTX_TASK_ID='extract_and_convert' AIRFLOW_CTX_EXECUTION_DATE='2026-02-19T23:53:29.278475+00:00' AIRFLOW_CTX_TRY_NUMBER='1' AIRFLOW_CTX_DAG_RUN_ID='manual__2026-02-19T23:53:29.278475+00:00'
[2026-02-19T23:53:30.607+0000] {logging_mixin.py:188} INFO - Extracting shapefile from /opt/***/dags/schools.zip
[2026-02-19T23:53:30.614+0000] {logging_mixin.py:188} INFO - Found DBF file: SCHOOLS_PT.dbf in /opt/***/schools_extracted/Schools
[2026-02-19T23:53:30.614+0000] {logging_mixin.py:188} INFO - All files extracted: ['SCHOOLS_PT.shp.xml', 'SCHOOLS_PT.prj', 'SCHOOLS_PT.sbn', 'SCHOOLS_PT.shp', 'SCHOOLS_PT.shx', 'SCHOOLS_PT.cpg', 'SCHOOLS_PT.dbf', 'SCHOOLS_PT.sbx', 'Schools.lyr']
[2026-02-19T23:53:30.614+0000] {logging_mixin.py:188} INFO - Reading DBF file: /opt/***/schools_extracted/Schools/SCHOOLS_PT.dbf
[2026-02-19T23:53:30.638+0000] {logging_mixin.py:188} INFO - Found 2448 school records
[2026-02-19T23:53:30.638+0000] {logging_mixin.py:188} INFO - Converting to CSV: /opt/***/schools_pt_20260219T235329.csv
[2026-02-19T23:53:30.645+0000] {logging_mixin.py:188} INFO - CSV saved to /opt/***/schools_pt_20260219T235329.csv
[2026-02-19T23:53:30.645+0000] {logging_mixin.py:188} INFO - Columns: ['SCHID', 'NAME', 'ADDRESS', 'TOWN_MAIL', 'TOWN', 'ZIPCODE', 'PHONE', 'GRADES', 'TYPE', 'TYPE_DESC', 'DIST_NAME', 'DIST_CODE', 'MA_ADDR_ID', 'TYPE_DESC2']
[2026-02-19T23:53:30.653+0000] {python.py:201} INFO - Done. Returned value was: {'csv_path': '/opt/***/schools_pt_20260219T235329.csv', 'record_count': 2448}
[2026-02-19T23:53:30.658+0000] {taskinstance.py:1138} INFO - Marking task as SUCCESS. dag_id=schools_to_s3_to_snowflake, task_id=extract_and_convert, execution_date=20260219T235329, start_date=20260219T235330, end_date=20260219T235330
[2026-02-19T23:53:30.705+0000] {local_task_job_runner.py:234} INFO - Task exited with return code 0
[2026-02-19T23:53:30.715+0000] {taskinstance.py:3280} INFO - 1 downstream tasks scheduled from follow-on schedule check
