[2026-02-20T02:53:06.636+0000] {taskinstance.py:1956} INFO - Dependencies all met for dep_context=non-requeueable deps ti=<TaskInstance: housing_api_to_s3_to_snowflake.fetch_and_convert manual__2026-02-20T02:53:05.229613+00:00 [queued]>
[2026-02-20T02:53:06.638+0000] {taskinstance.py:1956} INFO - Dependencies all met for dep_context=requeueable deps ti=<TaskInstance: housing_api_to_s3_to_snowflake.fetch_and_convert manual__2026-02-20T02:53:05.229613+00:00 [queued]>
[2026-02-20T02:53:06.639+0000] {taskinstance.py:2170} INFO - Starting attempt 1 of 2
[2026-02-20T02:53:06.643+0000] {taskinstance.py:2191} INFO - Executing <Task(PythonOperator): fetch_and_convert> on 2026-02-20 02:53:05.229613+00:00
[2026-02-20T02:53:06.647+0000] {standard_task_runner.py:60} INFO - Started process 3824 to run task
[2026-02-20T02:53:06.649+0000] {standard_task_runner.py:87} INFO - Running: ['***', 'tasks', 'run', 'housing_api_to_s3_to_snowflake', 'fetch_and_convert', 'manual__2026-02-20T02:53:05.229613+00:00', '--job-id', '172', '--raw', '--subdir', 'DAGS_FOLDER/housing_api_ro_s3_to_snowflake.py', '--cfg-path', '/tmp/tmpzoi1gfun']
[2026-02-20T02:53:06.650+0000] {standard_task_runner.py:88} INFO - Job 172: Subtask fetch_and_convert
[2026-02-20T02:53:06.677+0000] {task_command.py:423} INFO - Running <TaskInstance: housing_api_to_s3_to_snowflake.fetch_and_convert manual__2026-02-20T02:53:05.229613+00:00 [running]> on host 6f9247237071
[2026-02-20T02:53:06.706+0000] {taskinstance.py:2480} INFO - Exporting env vars: AIRFLOW_CTX_DAG_OWNER='***' AIRFLOW_CTX_DAG_ID='housing_api_to_s3_to_snowflake' AIRFLOW_CTX_TASK_ID='fetch_and_convert' AIRFLOW_CTX_EXECUTION_DATE='2026-02-20T02:53:05.229613+00:00' AIRFLOW_CTX_TRY_NUMBER='1' AIRFLOW_CTX_DAG_RUN_ID='manual__2026-02-20T02:53:05.229613+00:00'
[2026-02-20T02:53:06.711+0000] {logging_mixin.py:188} INFO - Fetching ALL housing data from https://data.boston.gov/api/3/action/datastore_search?resource_id=ee73430d-96c0-423e-ad21-c4cfb54c8961 with pagination
[2026-02-20T02:53:06.711+0000] {logging_mixin.py:188} INFO - Fetching records 0 to 10000...
[2026-02-20T02:53:07.582+0000] {logging_mixin.py:188} INFO - Fetched 10000 records. Total so far: 10000
[2026-02-20T02:53:07.582+0000] {logging_mixin.py:188} INFO - Fetching records 10000 to 20000...
[2026-02-20T02:53:08.562+0000] {logging_mixin.py:188} INFO - Fetched 10000 records. Total so far: 20000
[2026-02-20T02:53:08.562+0000] {logging_mixin.py:188} INFO - Fetching records 20000 to 30000...
[2026-02-20T02:53:09.410+0000] {logging_mixin.py:188} INFO - Fetched 10000 records. Total so far: 30000
[2026-02-20T02:53:09.410+0000] {logging_mixin.py:188} INFO - Fetching records 30000 to 40000...
[2026-02-20T02:53:10.117+0000] {logging_mixin.py:188} INFO - Fetched 10000 records. Total so far: 40000
[2026-02-20T02:53:10.117+0000] {logging_mixin.py:188} INFO - Fetching records 40000 to 50000...
[2026-02-20T02:53:10.871+0000] {logging_mixin.py:188} INFO - Fetched 10000 records. Total so far: 50000
[2026-02-20T02:53:10.871+0000] {logging_mixin.py:188} INFO - Fetching records 50000 to 60000...
[2026-02-20T02:53:11.966+0000] {logging_mixin.py:188} INFO - Fetched 10000 records. Total so far: 60000
[2026-02-20T02:53:11.972+0000] {logging_mixin.py:188} INFO - Fetching records 60000 to 70000...
[2026-02-20T02:53:12.738+0000] {logging_mixin.py:188} INFO - Fetched 10000 records. Total so far: 70000
[2026-02-20T02:53:12.738+0000] {logging_mixin.py:188} INFO - Fetching records 70000 to 80000...
[2026-02-20T02:53:13.625+0000] {logging_mixin.py:188} INFO - Fetched 10000 records. Total so far: 80000
[2026-02-20T02:53:13.626+0000] {logging_mixin.py:188} INFO - Fetching records 80000 to 90000...
[2026-02-20T02:53:14.424+0000] {logging_mixin.py:188} INFO - Fetched 10000 records. Total so far: 90000
[2026-02-20T02:53:14.424+0000] {logging_mixin.py:188} INFO - Fetching records 90000 to 100000...
[2026-02-20T02:53:15.228+0000] {logging_mixin.py:188} INFO - Fetched 10000 records. Total so far: 100000
[2026-02-20T02:53:15.229+0000] {logging_mixin.py:188} INFO - Fetching records 100000 to 110000...
[2026-02-20T02:53:16.050+0000] {logging_mixin.py:188} INFO - Fetched 10000 records. Total so far: 110000
[2026-02-20T02:53:16.050+0000] {logging_mixin.py:188} INFO - Fetching records 110000 to 120000...
[2026-02-20T02:53:16.868+0000] {logging_mixin.py:188} INFO - Fetched 10000 records. Total so far: 120000
[2026-02-20T02:53:16.868+0000] {logging_mixin.py:188} INFO - Fetching records 120000 to 130000...
[2026-02-20T02:53:17.694+0000] {logging_mixin.py:188} INFO - Fetched 10000 records. Total so far: 130000
[2026-02-20T02:53:17.694+0000] {logging_mixin.py:188} INFO - Fetching records 130000 to 140000...
[2026-02-20T02:53:18.645+0000] {logging_mixin.py:188} INFO - Fetched 10000 records. Total so far: 140000
[2026-02-20T02:53:18.646+0000] {logging_mixin.py:188} INFO - Fetching records 140000 to 150000...
[2026-02-20T02:53:19.551+0000] {logging_mixin.py:188} INFO - Fetched 10000 records. Total so far: 150000
[2026-02-20T02:53:19.552+0000] {logging_mixin.py:188} INFO - Fetching records 150000 to 160000...
[2026-02-20T02:53:20.555+0000] {logging_mixin.py:188} INFO - Fetched 10000 records. Total so far: 160000
[2026-02-20T02:53:20.555+0000] {logging_mixin.py:188} INFO - Fetching records 160000 to 170000...
[2026-02-20T02:53:21.499+0000] {logging_mixin.py:188} INFO - Fetched 10000 records. Total so far: 170000
[2026-02-20T02:53:21.499+0000] {logging_mixin.py:188} INFO - Fetching records 170000 to 180000...
[2026-02-20T02:53:22.415+0000] {logging_mixin.py:188} INFO - Fetched 10000 records. Total so far: 180000
[2026-02-20T02:53:22.416+0000] {logging_mixin.py:188} INFO - Fetching records 180000 to 190000...
[2026-02-20T02:53:23.001+0000] {logging_mixin.py:188} INFO - Fetched 4552 records. Total so far: 184552
[2026-02-20T02:53:23.001+0000] {logging_mixin.py:188} INFO - Reached last page
[2026-02-20T02:53:23.001+0000] {logging_mixin.py:188} INFO - Finished fetching. Total records: 184552
[2026-02-20T02:53:23.001+0000] {logging_mixin.py:188} INFO - Saving JSON to /opt/***/housing_20260220T025305.json
[2026-02-20T02:53:28.921+0000] {logging_mixin.py:188} INFO - Converting 184552 records to CSV
[2026-02-20T02:53:30.565+0000] {logging_mixin.py:188} INFO - CSV saved to /opt/***/housing_20260220T025305.csv
[2026-02-20T02:53:30.565+0000] {logging_mixin.py:188} INFO - JSON and CSV files saved in ***-project directory
[2026-02-20T02:53:30.705+0000] {python.py:201} INFO - Done. Returned value was: {'csv_path': '/opt/***/housing_20260220T025305.csv', 'json_path': '/opt/***/housing_20260220T025305.json', 'record_count': 184552}
[2026-02-20T02:53:30.712+0000] {taskinstance.py:1138} INFO - Marking task as SUCCESS. dag_id=housing_api_to_s3_to_snowflake, task_id=fetch_and_convert, execution_date=20260220T025305, start_date=20260220T025306, end_date=20260220T025330
[2026-02-20T02:53:30.740+0000] {local_task_job_runner.py:234} INFO - Task exited with return code 0
[2026-02-20T02:53:30.755+0000] {taskinstance.py:3280} INFO - 1 downstream tasks scheduled from follow-on schedule check
